IQ-TREE multicore version 2.2.2.7 COVID-edition for Linux 64-bit built Jun  7 2023
Developed by Bui Quang Minh, James Barbetti, Nguyen Lam Tung,
Olga Chernomor, Heiko Schmidt, Dominik Schrempf, Michael Woodhams, Ly Trong Nhan.

Host:    hpc-node03 (AVX2, FMA3, 1007 GB RAM)
Command: iqtree -s AlignedReadsInWindow_PositionsExcised_4690_to_4940.fasta -pre IQTREE_bestTree.InWindow_4690_to_4940 -m GTR+F+R6 -nt 2
Seed:    332581 (Using SPRNG - Scalable Parallel Random Number Generator)
Time:    Tue Jul 25 12:11:39 2023
Kernel:  AVX+FMA - 2 threads (2 CPU cores detected)

Reading alignment file AlignedReadsInWindow_PositionsExcised_4690_to_4940.fasta ... Fasta format detected
Reading fasta file: done in 0.00331354 secs using 85.32% CPU
Alignment most likely contains DNA/RNA sequences
Constructing alignment: done in 0.00176684 secs using 155% CPU
Alignment has 446 sequences with 279 columns, 217 distinct patterns
107 parsimony-informative, 90 singleton sites, 82 constant sites
                                                            Gap/Ambiguity  Composition  p-value
Analyzing sequences: done in 0.00026543 secs using 1113% CPU
   1  200724_20-08518_HIV10-02405_FL24_S14_L000_read_1_count_157   13.26%    passed     98.70%
   2  200724_20-08518_HIV10-02405_FL24_S14_L000_read_2_count_13    13.26%    passed     96.82%
   3  200724_20-08518_HIV10-02405_FL24_S14_L000_read_3_count_9     13.26%    passed     97.18%
   4  200724_20-08518_HIV10-02405_FL24_S14_L000_read_4_count_8     13.26%    passed     96.82%
   5  200724_20-08518_HIV10-02405_FL24_S14_L000_read_5_count_7     13.26%    passed     96.82%
   6  200724_20-08518_HIV10-02405_FL24_S14_L000_read_6_count_7     13.26%    passed     97.18%
   7  200724_20-08518_HIV10-02405_FL24_S14_L000_read_7_count_6     13.26%    passed     92.36%
   8  200724_20-08518_HIV10-02405_FL24_S14_L000_read_8_count_6     13.26%    passed     97.18%
   9  200724_20-08518_HIV10-02405_FL24_S14_L000_read_9_count_5     13.26%    passed     99.24%
  10  200724_20-08518_HIV10-02405_FL24_S14_L000_read_10_count_4    13.26%    passed     96.82%
  11  200724_20-08518_HIV10-02405_FL24_S14_L000_read_11_count_3    13.26%    passed     90.20%
  12  200724_20-08518_HIV10-02405_FL24_S14_L000_read_12_count_3    13.26%    passed     97.24%
  13  200724_20-08518_HIV10-02405_FL24_S14_L000_read_13_count_3    13.26%    passed     98.88%
  14  200724_20-08518_HIV10-02405_FL24_S14_L000_read_14_count_3    13.26%    passed     97.18%
  15  200724_20-08518_HIV10-02405_FL24_S14_L000_read_15_count_2    13.26%    passed     96.82%
  16  200724_20-08518_HIV10-02405_FL24_S14_L000_read_16_count_2    13.26%    passed     99.24%
  17  200724_20-08518_HIV10-02405_FL24_S14_L000_read_17_count_2    13.26%    passed     90.20%
  18  200724_20-08518_HIV10-02405_FL24_S14_L000_read_18_count_2    13.26%    passed     99.24%
  19  200724_20-08518_HIV10-02405_FL24_S14_L000_read_19_count_1    13.26%    passed     91.77%
  20  200724_20-08518_HIV10-02405_FL24_S14_L000_read_20_count_1    13.26%    passed     98.70%
  21  200724_20-08518_HIV10-02405_FL24_S14_L000_read_21_count_1    13.26%    passed     94.98%
  22  200724_20-08518_HIV10-02405_FL24_S14_L000_read_22_count_1    13.26%    passed     97.24%
  23  200724_20-08518_HIV10-02405_FL24_S14_L000_read_23_count_1    12.90%    passed     92.58%
  24  200724_20-08518_HIV10-02405_FL24_S14_L000_read_24_count_1    13.26%    passed     97.24%
  25  200724_20-08518_HIV10-02405_FL24_S14_L000_read_25_count_1    13.62%    passed     98.16%
  26  200724_20-08518_HIV10-02405_FL24_S14_L000_read_26_count_1    13.26%    passed     99.24%
  27  200724_20-08518_HIV10-02405_FL24_S14_L000_read_27_count_1    13.26%    passed     98.90%
  28  200724_20-08518_HIV10-02405_FL24_S14_L000_read_28_count_1    13.26%    passed     98.90%
  29  200724_20-08518_HIV10-02405_FL24_S14_L000_read_29_count_1    13.26%    passed     86.66%
  30  200724_20-08518_HIV10-02405_FL24_S14_L000_read_30_count_1    13.26%    passed     97.16%
  31  200724_20-08518_HIV10-02405_FL24_S14_L000_read_31_count_1    13.26%    passed     98.90%
  32  200724_20-08518_HIV10-02405_FL24_S14_L000_read_32_count_1    13.62%    passed     98.16%
  33  200724_20-08518_HIV10-02405_FL24_S14_L000_read_33_count_1    13.26%    passed     96.82%
  34  200724_20-08518_HIV10-02405_FL24_S14_L000_read_34_count_1    13.26%    passed     99.24%
  35  200724_20-08518_HIV10-02405_FL24_S14_L000_read_35_count_1    13.26%    passed     98.70%
  36  200724_20-08518_HIV10-02405_FL24_S14_L000_read_36_count_1    13.26%    passed     98.88%
  37  200724_20-08518_HIV10-02405_FL24_S14_L000_read_37_count_1    13.26%    passed     94.19%
  38  200724_20-08518_HIV10-02405_FL24_S14_L000_read_38_count_1    13.26%    passed     98.88%
  39  200724_20-08518_HIV10-02405_FL24_S14_L000_read_39_count_1    13.26%    passed     97.18%
  40  200724_20-08518_HIV10-02405_FL24_S14_L000_read_40_count_1    13.26%    passed     91.77%
  41  200724_20-08518_HIV10-02405_FL24_S14_L000_read_41_count_1    13.26%    passed     99.24%
  42  200724_20-08518_HIV10-02405_FL24_S14_L000_read_42_count_1    13.26%    passed     97.18%
  43  200724_20-08518_HIV10-02405_FL24_S14_L000_read_43_count_1    13.62%    passed     97.22%
  44  200724_20-08518_HIV10-02405_FL24_S14_L000_read_44_count_1    13.26%    passed     99.24%
  45  200724_20-08518_HIV10-02405_FL24_S14_L000_read_45_count_1    13.26%    passed     99.24%
  46  200724_20-08518_HIV10-02405_FL24_S14_L000_read_46_count_1    13.26%    passed     96.82%
  47  200724_20-08518_HIV10-02405_FL24_S14_L000_read_47_count_1    13.26%    passed     94.19%
  48  200724_20-08518_HIV10-02405_FL24_S14_L000_read_48_count_1    13.26%    passed     97.40%
  49  200724_20-08518_HIV10-02405_FL24_S14_L000_read_49_count_1    13.26%    passed     97.18%
  50  200724_20-08518_HIV10-02405_FL24_S14_L000_read_50_count_1    13.26%    passed     96.82%
  51  200724_20-08518_HIV10-02405_FL24_S14_L000_read_51_count_1    13.26%    passed     99.92%
  52  200724_20-08518_HIV10-02405_FL24_S14_L000_read_52_count_1    13.26%    passed     97.24%
  53  200724_20-08518_HIV10-02405_FL24_S14_L000_read_53_count_1    13.26%    passed     99.24%
  54  200724_20-08518_HIV10-02405_FL24_S14_L000_read_54_count_1    13.26%    passed     99.24%
  55  200724_20-08518_HIV10-02405_FL24_S14_L000_read_55_count_1    13.26%    passed     96.82%
  56  200724_20-08518_HIV10-02405_FL24_S14_L000_read_56_count_1    13.26%    passed     97.24%
  57  200724_20-08518_HIV10-02405_FL24_S14_L000_read_57_count_1    13.26%    passed     98.15%
  58  200724_20-08518_HIV10-02405_FL24_S14_L000_read_58_count_1    13.26%    passed     97.24%
  59  200724_20-08518_HIV10-02405_FL24_S14_L000_read_59_count_1    13.26%    passed     94.19%
  60  200724_20-08518_HIV10-02405_FL24_S14_L000_read_60_count_1    13.26%    passed     94.47%
  61  200724_20-08518_HIV10-02405_FL24_S14_L000_read_61_count_1    13.26%    passed     97.24%
  62  200724_20-08518_HIV10-02405_FL24_S14_L000_read_62_count_1    13.26%    passed     97.40%
  63  200724_20-08518_HIV10-02405_FL24_S14_L000_read_63_count_1    13.26%    passed     93.27%
  64  200724_20-08518_HIV10-02405_FL24_S14_L000_read_64_count_1    13.26%    passed     94.98%
  65  200724_20-08518_HIV10-02405_FL24_S14_L000_read_65_count_1    13.26%    passed     96.15%
  66  200724_20-08518_HIV10-02405_FL24_S14_L000_read_66_count_1    13.26%    passed     99.76%
  67  200724_20-08518_HIV10-02405_FL24_S14_L000_read_67_count_1    13.26%    passed     98.70%
  68  200724_20-08518_HIV10-02405_FL24_S14_L000_read_68_count_1    13.26%    passed     84.80%
  69  200724_20-08518_HIV10-02405_FL24_S14_L000_read_69_count_1    13.26%    passed     98.05%
  70  200724_20-08518_HIV10-02405_FL24_S14_L000_read_70_count_1    13.26%    passed     97.54%
  71  200724_20-08518_HIV10-02405_FL24_S14_L000_read_71_count_1    13.62%    passed     99.24%
  72  200724_20-08518_HIV10-02405_FL24_S14_L000_read_72_count_1    13.26%    passed     97.18%
  73  200724_20-08518_HIV10-02405_FL24_S14_L000_read_73_count_1    13.62%    passed     92.26%
  74  200724_20-08518_HIV10-02405_FL24_S14_L000_read_74_count_1    13.26%    passed     96.82%
  75  200724_20-08518_HIV10-02405_FL24_S14_L000_read_75_count_1    13.26%    passed     94.19%
  76  200724_20-08518_HIV10-02405_FL24_S14_L000_read_76_count_1    13.26%    passed     98.94%
  77  200724_20-08518_HIV10-02405_FL24_S14_L000_read_77_count_1    13.26%    passed     98.88%
  78  200709_20-07994_HIV07-01067_FL21_S1_L000_read_1_count_444    13.26%    passed     99.97%
  79  200709_20-07994_HIV07-01067_FL21_S1_L000_read_2_count_92     13.26%    passed     99.78%
  80  200709_20-07994_HIV07-01067_FL21_S1_L000_read_3_count_5      13.26%    passed     99.49%
  81  200709_20-07994_HIV07-01067_FL21_S1_L000_read_4_count_3      13.26%    passed     99.49%
  82  200709_20-07994_HIV07-01067_FL21_S1_L000_read_5_count_2      13.62%    passed     99.67%
  83  200709_20-07994_HIV07-01067_FL21_S1_L000_read_6_count_2      13.26%    passed     99.92%
  84  200709_20-07994_HIV07-01067_FL21_S1_L000_read_7_count_2      13.26%    passed     99.99%
  85  200709_20-07994_HIV07-01067_FL21_S1_L000_read_8_count_2      13.26%    passed     99.49%
  86  200709_20-07994_HIV07-01067_FL21_S1_L000_read_9_count_2      13.26%    passed     99.49%
  87  200709_20-07994_HIV07-01067_FL21_S1_L000_read_10_count_2     13.26%    passed     99.76%
  88  200709_20-07994_HIV07-01067_FL21_S1_L000_read_11_count_2     13.26%    passed     99.38%
  89  200709_20-07994_HIV07-01067_FL21_S1_L000_read_12_count_1     13.26%    passed     99.49%
  90  200709_20-07994_HIV07-01067_FL21_S1_L000_read_13_count_1     13.26%    passed     99.76%
  91  200709_20-07994_HIV07-01067_FL21_S1_L000_read_14_count_1     13.26%    passed     99.86%
  92  200709_20-07994_HIV07-01067_FL21_S1_L000_read_15_count_1     13.26%    passed     99.99%
  93  200709_20-07994_HIV07-01067_FL21_S1_L000_read_16_count_1     13.26%    passed     99.86%
  94  200709_20-07994_HIV07-01067_FL21_S1_L000_read_17_count_1     13.26%    passed     99.76%
  95  200709_20-07994_HIV07-01067_FL21_S1_L000_read_18_count_1     13.26%    passed     99.70%
  96  200709_20-07994_HIV07-01067_FL21_S1_L000_read_19_count_1     13.26%    passed     99.48%
  97  200709_20-07994_HIV07-01067_FL21_S1_L000_read_20_count_1     13.26%    passed     99.76%
  98  200709_20-07994_HIV07-01067_FL21_S1_L000_read_21_count_1     13.26%    passed     99.67%
  99  200709_20-07994_HIV07-01067_FL21_S1_L000_read_22_count_1     13.26%    passed     99.49%
 100  200709_20-07994_HIV07-01067_FL21_S1_L000_read_23_count_1     13.26%    passed     97.95%
 101  200709_20-07994_HIV07-01067_FL21_S1_L000_read_24_count_1     13.26%    passed     99.37%
 102  200709_20-07994_HIV07-01067_FL21_S1_L000_read_25_count_1     13.26%    passed     99.92%
 103  200709_20-07994_HIV07-01067_FL21_S1_L000_read_26_count_1     13.26%    passed     99.99%
 104  200709_20-07994_HIV07-01067_FL21_S1_L000_read_27_count_1     13.26%    passed     99.78%
 105  200709_20-07994_HIV07-01067_FL21_S1_L000_read_28_count_1     13.26%    passed     99.99%
 106  200709_20-07994_HIV07-01067_FL21_S1_L000_read_29_count_1     13.26%    passed     99.49%
 107  200709_20-07994_HIV07-01067_FL21_S1_L000_read_30_count_1     13.26%    passed     99.78%
 108  200709_20-07994_HIV07-01067_FL21_S1_L000_read_31_count_1     13.26%    passed     99.99%
 109  200709_20-07994_HIV07-01067_FL21_S1_L000_read_32_count_1     13.26%    passed     99.76%
 110  200709_20-07994_HIV07-01067_FL21_S1_L000_read_33_count_1     13.26%    passed     99.99%
 111  200709_20-07994_HIV07-01067_FL21_S1_L000_read_34_count_1     13.26%    passed     99.76%
 112  200709_20-07994_HIV07-01067_FL21_S1_L000_read_35_count_1     13.26%    passed     99.78%
 113  200709_20-07994_HIV07-01067_FL21_S1_L000_read_36_count_1     13.26%    passed     99.99%
 114  200709_20-07994_HIV07-01067_FL21_S1_L000_read_37_count_1     13.26%    passed     99.97%
 115  200709_20-07994_HIV07-01067_FL21_S1_L000_read_38_count_1     13.26%    passed     99.92%
 116  200709_20-07994_HIV07-01067_FL21_S1_L000_read_39_count_1     13.26%    passed     99.92%
 117  200709_20-07994_HIV07-01067_FL21_S1_L000_read_40_count_1     13.26%    passed     99.86%
 118  200709_20-07994_HIV07-01067_FL21_S1_L000_read_41_count_1     13.26%    passed     99.78%
 119  200709_20-07994_HIV07-01067_FL21_S1_L000_read_42_count_1     13.26%    passed     99.38%
 120  200709_20-07994_HIV07-01067_FL21_S1_L000_read_43_count_1     13.26%    passed     99.78%
 121  200709_20-07994_HIV07-01067_FL21_S1_L000_read_44_count_1     13.26%    passed     99.38%
 122  200709_20-07994_HIV07-01067_FL21_S1_L000_read_45_count_1     13.26%    passed     98.88%
 123  200709_20-07994_HIV07-01067_FL21_S1_L000_read_46_count_1     13.26%    passed     97.95%
 124  200709_20-07994_HIV07-01067_FL21_S1_L000_read_47_count_1     13.62%    passed     99.99%
 125  200709_20-07994_HIV07-01067_FL21_S1_L000_read_48_count_1     13.26%    passed     99.99%
 126  200709_20-07994_HIV07-01067_FL21_S1_L000_read_49_count_1     13.62%    passed     99.99%
 127  200709_20-07994_HIV07-01067_FL21_S1_L000_read_50_count_1     13.26%    passed     99.86%
 128  200709_20-07994_HIV07-01067_FL21_S1_L000_read_51_count_1     13.26%    passed     99.97%
 129  200709_20-07994_HIV07-01067_FL21_S1_L000_read_52_count_1     13.26%    passed     99.99%
 130  200709_20-07994_HIV07-01067_FL21_S1_L000_read_53_count_1     13.26%    passed     99.99%
 131  200709_20-07994_HIV07-01067_FL21_S1_L000_read_54_count_1     13.26%    passed     99.78%
 132  200709_20-07994_HIV07-01067_FL21_S1_L000_read_55_count_1     13.26%    passed     99.76%
 133  200709_20-07994_HIV07-01067_FL21_S1_L000_read_56_count_1     13.26%    passed     99.80%
 134  200709_20-07994_HIV07-01067_FL21_S1_L000_read_57_count_1     13.26%    passed     99.49%
 135  200709_20-07994_HIV07-01067_FL21_S1_L000_read_58_count_1     13.26%    passed     99.78%
 136  200709_20-07994_HIV07-01067_FL21_S1_L000_read_59_count_1     13.26%    passed     99.76%
 137  200709_20-07994_HIV07-01067_FL21_S1_L000_read_60_count_1     13.26%    passed     99.43%
 138  200709_20-07994_HIV07-01067_FL21_S1_L000_read_61_count_1     13.26%    passed     99.48%
 139  200709_20-07994_HIV07-01067_FL21_S1_L000_read_62_count_1     13.26%    passed     99.92%
 140  200709_20-07994_HIV07-01067_FL21_S1_L000_read_63_count_1     13.26%    passed     99.49%
 141  200709_20-07994_HIV07-01067_FL21_S1_L000_read_64_count_1     13.26%    passed     99.48%
 142  200709_20-07994_HIV07-01067_FL21_S1_L000_read_65_count_1     13.26%    passed     99.99%
 143  200709_20-07994_HIV07-01067_FL21_S1_L000_read_66_count_1     13.26%    passed     99.97%
 144  200709_20-07994_HIV07-01067_FL21_S1_L000_read_67_count_1     13.26%    passed     99.49%
 145  200709_20-07994_HIV07-01067_FL21_S1_L000_read_68_count_1     13.26%    passed     99.97%
 146  200709_20-07994_HIV07-01067_FL21_S1_L000_read_69_count_1     13.26%    passed     99.49%
 147  200709_20-07994_HIV07-01067_FL21_S1_L000_read_70_count_1     13.26%    passed     99.99%
 148  200709_20-07994_HIV07-01067_FL21_S1_L000_read_71_count_1     13.26%    passed     99.76%
 149  200709_20-07994_HIV07-01067_FL21_S1_L000_read_72_count_1     13.26%    passed     99.49%
 150  200709_20-07994_HIV07-01067_FL21_S1_L000_read_73_count_1     13.26%    passed     99.99%
 151  200709_20-07994_HIV07-01067_FL21_S1_L000_read_74_count_1     13.26%    passed     99.76%
 152  200709_20-07994_HIV07-01067_FL21_S1_L000_read_75_count_1     13.26%    passed     98.44%
 153  200709_20-07994_HIV07-01067_FL21_S1_L000_read_76_count_1     13.26%    passed     99.49%
 154  200709_20-07994_HIV07-01067_FL21_S1_L000_read_77_count_1     13.26%    passed     99.92%
 155  200709_20-07994_HIV07-01067_FL21_S1_L000_read_78_count_1     13.26%    passed     99.76%
 156  200709_20-07994_HIV07-01067_FL21_S1_L000_read_79_count_1     13.26%    passed     99.38%
 157  200709_20-07994_HIV07-01067_FL21_S1_L000_read_80_count_1     13.62%    passed     99.99%
 158  200709_20-07994_HIV07-01067_FL21_S1_L000_read_81_count_1     13.26%    passed     99.99%
 159  200709_20-07994_HIV07-01067_FL21_S1_L000_read_82_count_1     13.26%    passed     99.43%
 160  200709_20-07994_HIV07-01067_FL21_S1_L000_read_83_count_1     13.26%    passed     98.44%
 161  200709_20-07994_HIV07-01067_FL21_S1_L000_read_84_count_1     13.26%    passed     99.43%
 162  200709_20-07994_HIV07-01067_FL21_S1_L000_read_85_count_1     13.26%    passed     97.95%
 163  200709_20-07994_HIV07-01067_FL21_S1_L000_read_86_count_1     13.26%    passed     99.86%
 164  200709_20-07994_HIV07-01067_FL21_S1_L000_read_87_count_1     13.26%    passed     98.60%
 165  200709_20-07994_HIV07-01067_FL21_S1_L000_read_88_count_1     13.26%    passed     99.99%
 166  200709_20-07994_HIV07-01067_FL21_S1_L000_read_89_count_1     13.26%    passed     99.76%
 167  200709_20-07994_HIV07-01067_FL21_S1_L000_read_90_count_1     13.26%    passed     99.67%
 168  200709_20-07994_HIV07-01067_FL21_S1_L000_read_91_count_1     13.26%    passed     99.39%
 169  200709_20-07994_HIV07-01067_FL21_S1_L000_read_92_count_1     13.26%    passed     99.99%
 170  200709_20-07994_HIV07-01067_FL21_S1_L000_read_93_count_1     13.26%    passed     99.76%
 171  200709_20-07994_HIV07-01067_FL21_S1_L000_read_94_count_1     13.26%    passed     99.76%
 172  200709_20-07994_HIV07-01067_FL21_S1_L000_read_95_count_1     12.90%    passed     99.99%
 173  200709_20-07994_HIV07-01067_FL21_S1_L000_read_96_count_1     13.26%    passed     99.76%
 174  200709_20-07994_HIV07-01067_FL21_S1_L000_read_97_count_1     13.26%    passed     99.99%
 175  200709_20-07994_HIV07-01067_FL21_S1_L000_read_98_count_1     13.26%    passed     99.76%
 176  200709_20-07994_HIV07-01067_FL21_S1_L000_read_99_count_1     13.26%    passed     99.43%
 177  200709_20-07994_HIV07-01067_FL21_S1_L000_read_100_count_1    13.26%    passed     99.97%
 178  200709_20-07994_HIV07-01067_FL21_S1_L000_read_101_count_1     2.51%    passed     98.44%
 179  200709_20-07994_HIV07-01067_FL21_S1_L000_read_102_count_1    13.26%    passed     99.39%
 180  200709_20-07994_HIV07-01067_FL21_S1_L000_read_103_count_1    13.26%    passed     94.44%
 181  200709_20-07994_HIV07-01067_FL21_S1_L000_read_104_count_1    13.26%    passed     99.99%
 182  200709_20-07994_HIV07-01067_FL21_S1_L000_read_105_count_1    13.26%    passed     99.67%
 183  200709_20-07994_HIV07-01067_FL21_S1_L000_read_106_count_1    13.26%    passed     99.49%
 184  200709_20-07994_HIV07-01067_FL21_S1_L000_read_107_count_1    12.90%    passed     99.11%
 185  200709_20-07994_HIV07-01067_FL21_S1_L000_read_108_count_1    13.26%    passed     99.76%
 186  200709_20-07994_HIV07-01067_FL21_S1_L000_read_109_count_1    13.26%    passed     99.99%
 187  200709_20-07994_HIV07-01067_FL21_S1_L000_read_110_count_1    13.26%    passed     99.49%
 188  200709_20-07994_HIV07-01067_FL21_S1_L000_read_111_count_1    13.26%    passed     99.48%
 189  200703_20-07825_HIV09-00618_FL18_S6_L000_read_1_count_363    13.26%    passed     99.65%
 190  200703_20-07825_HIV09-00618_FL18_S6_L000_read_2_count_3      13.26%    passed     99.32%
 191  200703_20-07825_HIV09-00618_FL18_S6_L000_read_3_count_2      13.26%    passed     99.99%
 192  200703_20-07825_HIV09-00618_FL18_S6_L000_read_4_count_2      13.26%    passed     99.32%
 193  200703_20-07825_HIV09-00618_FL18_S6_L000_read_5_count_2      13.26%    passed     99.32%
 194  200703_20-07825_HIV09-00618_FL18_S6_L000_read_6_count_1      13.26%    passed     98.37%
 195  200703_20-07825_HIV09-00618_FL18_S6_L000_read_7_count_1      13.26%    passed     98.91%
 196  200703_20-07825_HIV09-00618_FL18_S6_L000_read_8_count_1      13.26%    passed     99.40%
 197  200703_20-07825_HIV09-00618_FL18_S6_L000_read_9_count_1      12.90%    passed     98.93%
 198  200703_20-07825_HIV09-00618_FL18_S6_L000_read_10_count_1     13.26%    passed     98.37%
 199  200703_20-07825_HIV09-00618_FL18_S6_L000_read_11_count_1     13.26%    passed     99.70%
 200  200703_20-07825_HIV09-00618_FL18_S6_L000_read_12_count_1     13.26%    passed     98.37%
 201  200703_20-07825_HIV09-00618_FL18_S6_L000_read_13_count_1     13.26%    passed     98.37%
 202  200703_20-07825_HIV09-00618_FL18_S6_L000_read_14_count_1     13.26%    passed     98.70%
 203  200703_20-07825_HIV09-00618_FL18_S6_L000_read_15_count_1     13.26%    passed     98.37%
 204  200703_20-07825_HIV09-00618_FL18_S6_L000_read_16_count_1     13.26%    passed     99.80%
 205  200703_20-07825_HIV09-00618_FL18_S6_L000_read_17_count_1     13.26%    passed     99.97%
 206  200703_20-07825_HIV09-00618_FL18_S6_L000_read_18_count_1     13.26%    passed     98.37%
 207  200703_20-07825_HIV09-00618_FL18_S6_L000_read_19_count_1     13.26%    passed     99.32%
 208  200703_20-07825_HIV09-00618_FL18_S6_L000_read_20_count_1     13.26%    passed     98.37%
 209  200703_20-07825_HIV09-00618_FL18_S6_L000_read_21_count_1     13.26%    passed     99.67%
 210  200703_20-07825_HIV09-00618_FL18_S6_L000_read_22_count_1     13.26%    passed     99.99%
 211  200703_20-07825_HIV09-00618_FL18_S6_L000_read_23_count_1     13.26%    passed     99.70%
 212  200703_20-07825_HIV09-00618_FL18_S6_L000_read_24_count_1     13.26%    passed     98.37%
 213  200703_20-07825_HIV09-00618_FL18_S6_L000_read_25_count_1     13.26%    passed     99.32%
 214  200703_20-07825_HIV09-00618_FL18_S6_L000_read_26_count_1     13.26%    passed     98.37%
 215  200703_20-07825_HIV09-00618_FL18_S6_L000_read_27_count_1     13.26%    passed     98.91%
 216  200703_20-07825_HIV09-00618_FL18_S6_L000_read_28_count_1     13.26%    passed     99.32%
 217  200703_20-07825_HIV09-00618_FL18_S6_L000_read_29_count_1     13.26%    passed     99.99%
 218  200703_20-07825_HIV09-00618_FL18_S6_L000_read_30_count_1     13.26%    passed     98.37%
 219  200703_20-07825_HIV09-00618_FL18_S6_L000_read_31_count_1     13.26%    passed     99.32%
 220  200703_20-07825_HIV09-00618_FL18_S6_L000_read_32_count_1     13.26%    passed     98.37%
 221  200703_20-07825_HIV09-00618_FL18_S6_L000_read_33_count_1     13.26%    passed     98.37%
 222  200703_20-07825_HIV09-00618_FL18_S6_L000_read_34_count_1     13.26%    passed     99.32%
 223  200703_20-07825_HIV09-00618_FL18_S6_L000_read_35_count_1     13.26%    passed     98.37%
 224  200703_20-07825_HIV09-00618_FL18_S6_L000_read_36_count_1     13.26%    passed     99.04%
 225  200703_20-07825_HIV09-00618_FL18_S6_L000_read_37_count_1     13.26%    passed     98.34%
 226  200703_20-07825_HIV09-00618_FL18_S6_L000_read_38_count_1     13.26%    passed     98.37%
 227  200703_20-07825_HIV09-00618_FL18_S6_L000_read_39_count_1     13.26%    passed     98.91%
 228  200703_20-07825_HIV09-00618_FL18_S6_L000_read_40_count_1     13.26%    passed     99.70%
 229  200703_20-07825_HIV09-00618_FL18_S6_L000_read_41_count_1     13.26%    passed     99.04%
 230  200703_20-07825_HIV09-00618_FL18_S6_L000_read_42_count_1     13.26%    passed     92.65%
 231  200703_20-07825_HIV09-00618_FL18_S6_L000_read_43_count_1     13.26%    passed     98.37%
 232  200703_20-07825_HIV09-00618_FL18_S6_L000_read_44_count_1     13.26%    passed     98.37%
 233  200703_20-07825_HIV09-00618_FL18_S6_L000_read_45_count_1     13.26%    passed     98.37%
 234  200703_20-07825_HIV09-00618_FL18_S6_L000_read_46_count_1     13.26%    passed     99.67%
 235  200703_20-07825_HIV09-00618_FL18_S6_L000_read_47_count_1     13.26%    passed     98.37%
 236  200703_20-07825_HIV09-00618_FL18_S6_L000_read_48_count_1     13.26%    passed     98.70%
 237  200703_20-07825_HIV09-00618_FL18_S6_L000_read_49_count_1     13.26%    passed     98.70%
 238  200703_20-07825_HIV09-00618_FL18_S6_L000_read_50_count_1     13.26%    passed     98.37%
 239  200703_20-07825_HIV09-00618_FL18_S6_L000_read_51_count_1     13.62%    passed     99.33%
 240  200703_20-07825_HIV09-00618_FL18_S6_L000_read_52_count_1     13.26%    passed     98.37%
 241  200703_20-07825_HIV09-00618_FL18_S6_L000_read_53_count_1     13.26%    passed     98.70%
 242  200703_20-07825_HIV09-00618_FL18_S6_L000_read_54_count_1     13.26%    passed     99.67%
 243  200703_20-07825_HIV09-00618_FL18_S6_L000_read_55_count_1     16.49%    passed     95.37%
 244  200703_20-07825_HIV09-00618_FL18_S6_L000_read_56_count_1     13.26%    passed     99.70%
 245  200703_20-07825_HIV09-00618_FL18_S6_L000_read_57_count_1     13.26%    passed     98.37%
 246  200703_20-07825_HIV09-00618_FL18_S6_L000_read_58_count_1     13.26%    passed     97.55%
 247  200703_20-07825_HIV09-00618_FL18_S6_L000_read_59_count_1     13.62%    passed     97.57%
 248  200703_20-07825_HIV09-00618_FL18_S6_L000_read_60_count_1     13.26%    passed     99.40%
 249  200703_20-07825_HIV09-00618_FL18_S6_L000_read_61_count_1     13.26%    passed     99.32%
 250  200703_20-07825_HIV09-00618_FL18_S6_L000_read_62_count_1     13.26%    passed     99.99%
 251  200814_20-09728_HIV09-02843_FL30_S2_L000_read_1_count_274    13.26%    passed     95.90%
 252  200814_20-09728_HIV09-02843_FL30_S2_L000_read_2_count_21     13.26%    passed     96.81%
 253  200814_20-09728_HIV09-02843_FL30_S2_L000_read_3_count_16     13.26%    passed     93.81%
 254  200814_20-09728_HIV09-02843_FL30_S2_L000_read_4_count_12     13.26%    passed     93.81%
 255  200814_20-09728_HIV09-02843_FL30_S2_L000_read_5_count_12     13.26%    passed     98.82%
 256  200814_20-09728_HIV09-02843_FL30_S2_L000_read_6_count_11     13.26%    passed     96.81%
 257  200814_20-09728_HIV09-02843_FL30_S2_L000_read_7_count_10     13.26%    passed     99.43%
 258  200814_20-09728_HIV09-02843_FL30_S2_L000_read_8_count_9      13.26%    passed     96.81%
 259  200814_20-09728_HIV09-02843_FL30_S2_L000_read_9_count_7      13.26%    passed     96.81%
 260  200814_20-09728_HIV09-02843_FL30_S2_L000_read_10_count_7     13.26%    passed     96.81%
 261  200814_20-09728_HIV09-02843_FL30_S2_L000_read_11_count_7     13.26%    passed     96.81%
 262  200814_20-09728_HIV09-02843_FL30_S2_L000_read_12_count_5     13.26%    passed     93.81%
 263  200814_20-09728_HIV09-02843_FL30_S2_L000_read_13_count_5     13.26%    passed     96.81%
 264  200814_20-09728_HIV09-02843_FL30_S2_L000_read_14_count_3     13.26%    passed     98.82%
 265  200814_20-09728_HIV09-02843_FL30_S2_L000_read_15_count_3     12.54%    passed     89.22%
 266  200814_20-09728_HIV09-02843_FL30_S2_L000_read_16_count_2     13.26%    passed     93.81%
 267  200814_20-09728_HIV09-02843_FL30_S2_L000_read_17_count_2     13.26%    passed     93.81%
 268  200814_20-09728_HIV09-02843_FL30_S2_L000_read_18_count_2     13.26%    passed     98.82%
 269  200814_20-09728_HIV09-02843_FL30_S2_L000_read_19_count_1     13.26%    passed     95.90%
 270  200814_20-09728_HIV09-02843_FL30_S2_L000_read_20_count_1     13.26%    passed     97.21%
 271  200814_20-09728_HIV09-02843_FL30_S2_L000_read_21_count_1     13.26%    passed     94.25%
 272  200814_20-09728_HIV09-02843_FL30_S2_L000_read_22_count_1     13.26%    passed     95.90%
 273  200814_20-09728_HIV09-02843_FL30_S2_L000_read_23_count_1     13.26%    passed     98.24%
 274  200814_20-09728_HIV09-02843_FL30_S2_L000_read_24_count_1     13.26%    passed     95.97%
 275  200814_20-09728_HIV09-02843_FL30_S2_L000_read_25_count_1     13.26%    passed     97.00%
 276  200814_20-09728_HIV09-02843_FL30_S2_L000_read_26_count_1     13.26%    passed     96.81%
 277  200814_20-09728_HIV09-02843_FL30_S2_L000_read_27_count_1     13.26%    passed     95.97%
 278  200814_20-09728_HIV09-02843_FL30_S2_L000_read_28_count_1     13.26%    passed     94.49%
 279  200814_20-09728_HIV09-02843_FL30_S2_L000_read_29_count_1     13.26%    passed     97.14%
 280  200814_20-09728_HIV09-02843_FL30_S2_L000_read_30_count_1     13.26%    passed     99.43%
 281  200814_20-09728_HIV09-02843_FL30_S2_L000_read_31_count_1     13.26%    passed     98.91%
 282  200814_20-09728_HIV09-02843_FL30_S2_L000_read_32_count_1     13.26%    passed     99.43%
 283  200814_20-09728_HIV09-02843_FL30_S2_L000_read_33_count_1     13.26%    passed     96.81%
 284  200814_20-09728_HIV09-02843_FL30_S2_L000_read_34_count_1     13.26%    passed     93.81%
 285  200814_20-09728_HIV09-02843_FL30_S2_L000_read_35_count_1     14.34%    passed     90.45%
 286  200814_20-09728_HIV09-02843_FL30_S2_L000_read_36_count_1     13.26%    passed     96.81%
 287  200814_20-09728_HIV09-02843_FL30_S2_L000_read_37_count_1     13.26%    passed     97.50%
 288  200814_20-09728_HIV09-02843_FL30_S2_L000_read_38_count_1     13.62%    passed     92.55%
 289  200814_20-09728_HIV09-02843_FL30_S2_L000_read_39_count_1     13.26%    passed     98.82%
 290  200814_20-09728_HIV09-02843_FL30_S2_L000_read_40_count_1     13.26%    passed     95.97%
 291  200814_20-09728_HIV09-02843_FL30_S2_L000_read_41_count_1     13.26%    passed     98.24%
 292  200814_20-09728_HIV09-02843_FL30_S2_L000_read_42_count_1     13.26%    passed     97.21%
 293  200814_20-09728_HIV09-02843_FL30_S2_L000_read_43_count_1     13.26%    passed     92.82%
 294  200814_20-09728_HIV09-02843_FL30_S2_L000_read_44_count_1     13.26%    passed     93.81%
 295  200814_20-09728_HIV09-02843_FL30_S2_L000_read_45_count_1     13.26%    passed     92.87%
 296  200814_20-09728_HIV09-02843_FL30_S2_L000_read_46_count_1     13.26%    passed     90.10%
 297  200814_20-09728_HIV09-02843_FL30_S2_L000_read_47_count_1     13.26%    passed     94.52%
 298  200814_20-09728_HIV09-02843_FL30_S2_L000_read_48_count_1     13.26%    passed     98.82%
 299  200814_20-09728_HIV09-02843_FL30_S2_L000_read_49_count_1     13.26%    passed     92.87%
 300  200814_20-09728_HIV09-02843_FL30_S2_L000_read_50_count_1     13.26%    passed     95.90%
 301  200814_20-09728_HIV09-02843_FL30_S2_L000_read_51_count_1     13.62%    passed     97.27%
 302  200814_20-09728_HIV09-02843_FL30_S2_L000_read_52_count_1     13.26%    passed     97.50%
 303  200814_20-09728_HIV09-02843_FL30_S2_L000_read_53_count_1     13.26%    passed     93.81%
 304  200814_20-09728_HIV09-02843_FL30_S2_L000_read_54_count_1     13.26%    passed     95.97%
 305  200814_20-09728_HIV09-02843_FL30_S2_L000_read_55_count_1     13.26%    passed     96.81%
 306  200814_20-09728_HIV09-02843_FL30_S2_L000_read_56_count_1     13.26%    passed     99.43%
 307  200814_20-09728_HIV09-02843_FL30_S2_L000_read_57_count_1     13.26%    passed     90.97%
 308  200814_20-09728_HIV09-02843_FL30_S2_L000_read_58_count_1     13.26%    passed     94.25%
 309  200814_20-09728_HIV09-02843_FL30_S2_L000_read_59_count_1     13.26%    passed     96.81%
 310  200814_20-09728_HIV09-02843_FL30_S2_L000_read_60_count_1     13.26%    passed     90.32%
 311  200814_20-09728_HIV09-02843_FL30_S2_L000_read_61_count_1     13.26%    passed     89.92%
 312  200814_20-09728_HIV09-02843_FL30_S2_L000_read_62_count_1     13.26%    passed     94.25%
 313  200814_20-09728_HIV09-02843_FL30_S2_L000_read_63_count_1     13.26%    passed     98.82%
 314  200814_20-09728_HIV09-02843_FL30_S2_L000_read_64_count_1     13.62%    passed     97.27%
 315  200814_20-09728_HIV09-02843_FL30_S2_L000_read_65_count_1     13.26%    passed     97.14%
 316  200814_20-09728_HIV09-02843_FL30_S2_L000_read_66_count_1     13.26%    passed     94.83%
 317  200724_20-08522_HIV11-02415_FL24_S18_L000_read_1_count_343   13.26%    passed     99.86%
 318  200724_20-08522_HIV11-02415_FL24_S18_L000_read_2_count_32    13.26%    passed     99.49%
 319  200724_20-08522_HIV11-02415_FL24_S18_L000_read_3_count_16    13.26%    passed     99.49%
 320  200724_20-08522_HIV11-02415_FL24_S18_L000_read_4_count_11    13.26%    passed     98.86%
 321  200724_20-08522_HIV11-02415_FL24_S18_L000_read_5_count_6     13.26%    passed     99.49%
 322  200724_20-08522_HIV11-02415_FL24_S18_L000_read_6_count_5     13.26%    passed     99.49%
 323  200724_20-08522_HIV11-02415_FL24_S18_L000_read_7_count_4     13.26%    passed     99.43%
 324  200724_20-08522_HIV11-02415_FL24_S18_L000_read_8_count_4     13.26%    passed     99.49%
 325  200724_20-08522_HIV11-02415_FL24_S18_L000_read_9_count_4     13.26%    passed     98.23%
 326  200724_20-08522_HIV11-02415_FL24_S18_L000_read_10_count_3    13.26%    passed     99.76%
 327  200724_20-08522_HIV11-02415_FL24_S18_L000_read_11_count_3    13.26%    passed     98.80%
 328  200724_20-08522_HIV11-02415_FL24_S18_L000_read_12_count_3    13.26%    passed     99.49%
 329  200724_20-08522_HIV11-02415_FL24_S18_L000_read_13_count_3    13.26%    passed     99.49%
 330  200724_20-08522_HIV11-02415_FL24_S18_L000_read_14_count_2    13.26%    passed     98.86%
 331  200724_20-08522_HIV11-02415_FL24_S18_L000_read_15_count_2    13.26%    passed     99.49%
 332  200724_20-08522_HIV11-02415_FL24_S18_L000_read_16_count_2    13.26%    passed     99.76%
 333  200724_20-08522_HIV11-02415_FL24_S18_L000_read_17_count_2    13.26%    passed     99.76%
 334  200724_20-08522_HIV11-02415_FL24_S18_L000_read_18_count_2    13.26%    passed     99.76%
 335  200724_20-08522_HIV11-02415_FL24_S18_L000_read_19_count_2    13.26%    passed     98.86%
 336  200724_20-08522_HIV11-02415_FL24_S18_L000_read_20_count_2    13.26%    passed     99.32%
 337  200724_20-08522_HIV11-02415_FL24_S18_L000_read_21_count_2    13.26%    passed     99.43%
 338  200724_20-08522_HIV11-02415_FL24_S18_L000_read_22_count_2    13.26%    passed     99.78%
 339  200724_20-08522_HIV11-02415_FL24_S18_L000_read_23_count_2    13.26%    passed     99.49%
 340  200724_20-08522_HIV11-02415_FL24_S18_L000_read_24_count_2    13.26%    passed     99.43%
 341  200724_20-08522_HIV11-02415_FL24_S18_L000_read_25_count_2    13.26%    passed     99.78%
 342  200724_20-08522_HIV11-02415_FL24_S18_L000_read_26_count_1    13.26%    passed     99.76%
 343  200724_20-08522_HIV11-02415_FL24_S18_L000_read_27_count_1    13.26%    passed     99.86%
 344  200724_20-08522_HIV11-02415_FL24_S18_L000_read_28_count_1    13.62%    passed     99.54%
 345  200724_20-08522_HIV11-02415_FL24_S18_L000_read_29_count_1    22.22%    passed     80.31%
 346  200724_20-08522_HIV11-02415_FL24_S18_L000_read_30_count_1    13.26%    passed     98.80%
 347  200724_20-08522_HIV11-02415_FL24_S18_L000_read_31_count_1    13.26%    passed     98.23%
 348  200724_20-08522_HIV11-02415_FL24_S18_L000_read_32_count_1    13.26%    passed     99.49%
 349  200724_20-08522_HIV11-02415_FL24_S18_L000_read_33_count_1    13.26%    passed     98.34%
 350  200724_20-08522_HIV11-02415_FL24_S18_L000_read_34_count_1    13.26%    passed     98.07%
 351  200724_20-08522_HIV11-02415_FL24_S18_L000_read_35_count_1    13.26%    passed     99.76%
 352  200724_20-08522_HIV11-02415_FL24_S18_L000_read_36_count_1    13.26%    passed     97.89%
 353  200724_20-08522_HIV11-02415_FL24_S18_L000_read_37_count_1    13.62%    passed     99.54%
 354  200724_20-08522_HIV11-02415_FL24_S18_L000_read_38_count_1    13.26%    passed     99.80%
 355  200724_20-08522_HIV11-02415_FL24_S18_L000_read_39_count_1    13.62%    passed     99.54%
 356  200724_20-08522_HIV11-02415_FL24_S18_L000_read_40_count_1    13.26%    passed     99.76%
 357  200724_20-08522_HIV11-02415_FL24_S18_L000_read_41_count_1    13.26%    passed     99.80%
 358  200724_20-08522_HIV11-02415_FL24_S18_L000_read_42_count_1    13.26%    passed     99.76%
 359  200724_20-08522_HIV11-02415_FL24_S18_L000_read_43_count_1    13.26%    passed     98.23%
 360  200724_20-08522_HIV11-02415_FL24_S18_L000_read_44_count_1    13.26%    passed     99.76%
 361  200724_20-08522_HIV11-02415_FL24_S18_L000_read_45_count_1    13.26%    passed     99.86%
 362  200724_20-08522_HIV11-02415_FL24_S18_L000_read_46_count_1    13.26%    passed     99.97%
 363  200724_20-08522_HIV11-02415_FL24_S18_L000_read_47_count_1    13.26%    passed     99.43%
 364  200724_20-08522_HIV11-02415_FL24_S18_L000_read_48_count_1    13.26%    passed     95.74%
 365  200724_20-08522_HIV11-02415_FL24_S18_L000_read_49_count_1    13.26%    passed     97.22%
 366  200724_20-08522_HIV11-02415_FL24_S18_L000_read_50_count_1    13.26%    passed     96.88%
 367  200724_20-08522_HIV11-02415_FL24_S18_L000_read_51_count_1    13.26%    passed     99.49%
 368  200724_20-08522_HIV11-02415_FL24_S18_L000_read_52_count_1    13.26%    passed     98.80%
 369  200724_20-08522_HIV11-02415_FL24_S18_L000_read_53_count_1    13.26%    passed     98.80%
 370  200724_20-08522_HIV11-02415_FL24_S18_L000_read_54_count_1    13.26%    passed     99.76%
 371  200724_20-08522_HIV11-02415_FL24_S18_L000_read_55_count_1    13.26%    passed     98.14%
 372  200724_20-08522_HIV11-02415_FL24_S18_L000_read_56_count_1    13.26%    passed     99.86%
 373  200724_20-08522_HIV11-02415_FL24_S18_L000_read_57_count_1    13.26%    passed     99.78%
 374  200724_20-08522_HIV11-02415_FL24_S18_L000_read_58_count_1    13.26%    passed     98.86%
 375  200724_20-08522_HIV11-02415_FL24_S18_L000_read_59_count_1    13.26%    passed     99.76%
 376  200724_20-08522_HIV11-02415_FL24_S18_L000_read_60_count_1    13.26%    passed     99.76%
 377  200724_20-08522_HIV11-02415_FL24_S18_L000_read_61_count_1    13.62%    passed     99.72%
 378  200724_20-08522_HIV11-02415_FL24_S18_L000_read_62_count_1    13.26%    passed     99.76%
 379  200724_20-08522_HIV11-02415_FL24_S18_L000_read_63_count_1    13.26%    passed     98.23%
 380  200724_20-08522_HIV11-02415_FL24_S18_L000_read_64_count_1    13.62%    passed     98.68%
 381  200724_20-08522_HIV11-02415_FL24_S18_L000_read_65_count_1    13.26%    passed     99.97%
 382  200724_20-08522_HIV11-02415_FL24_S18_L000_read_66_count_1    13.26%    passed     96.88%
 383  200724_20-08522_HIV11-02415_FL24_S18_L000_read_67_count_1    13.26%    passed     99.80%
 384  200724_20-08522_HIV11-02415_FL24_S18_L000_read_68_count_1    13.26%    passed     99.80%
 385  200724_20-08522_HIV11-02415_FL24_S18_L000_read_69_count_1    13.26%    passed     99.76%
 386  200724_20-08522_HIV11-02415_FL24_S18_L000_read_70_count_1    13.26%    passed     99.49%
 387  200724_20-08522_HIV11-02415_FL24_S18_L000_read_71_count_1    13.26%    passed     99.78%
 388  200724_20-08522_HIV11-02415_FL24_S18_L000_read_72_count_1    13.26%    passed     98.80%
 389  200724_20-08522_HIV11-02415_FL24_S18_L000_read_73_count_1    13.26%    passed     98.47%
 390  200724_20-08522_HIV11-02415_FL24_S18_L000_read_74_count_1    13.26%    passed     99.49%
 391  200724_20-08522_HIV11-02415_FL24_S18_L000_read_75_count_1    13.26%    passed     99.43%
 392  200724_20-08522_HIV11-02415_FL24_S18_L000_read_76_count_1    13.26%    passed     99.76%
 393  200724_20-08522_HIV11-02415_FL24_S18_L000_read_77_count_1    13.26%    passed     99.76%
 394  200724_20-08522_HIV11-02415_FL24_S18_L000_read_78_count_1    13.26%    passed     99.38%
 395  200724_20-08522_HIV11-02415_FL24_S18_L000_read_79_count_1    13.26%    passed     99.76%
 396  200724_20-08522_HIV11-02415_FL24_S18_L000_read_80_count_1    13.26%    passed     99.76%
 397  200724_20-08522_HIV11-02415_FL24_S18_L000_read_81_count_1    13.26%    passed     99.76%
 398  200724_20-08522_HIV11-02415_FL24_S18_L000_read_82_count_1    13.26%    passed     98.86%
 399  200724_20-08522_HIV11-02415_FL24_S18_L000_read_83_count_1    13.26%    passed     95.53%
 400  200724_20-08522_HIV11-02415_FL24_S18_L000_read_84_count_1    13.26%    passed     99.43%
 401  200724_20-08522_HIV11-02415_FL24_S18_L000_read_85_count_1    13.26%    passed     99.76%
 402  200724_20-08522_HIV11-02415_FL24_S18_L000_read_86_count_1    13.26%    passed     99.78%
 403  200724_20-08522_HIV11-02415_FL24_S18_L000_read_87_count_1    13.26%    passed     98.36%
 404  200724_20-08522_HIV11-02415_FL24_S18_L000_read_88_count_1    13.26%    passed     99.76%
 405  200724_20-08522_HIV11-02415_FL24_S18_L000_read_89_count_1    13.26%    passed     99.97%
 406  200724_20-08522_HIV11-02415_FL24_S18_L000_read_90_count_1    13.26%    passed     98.23%
 407  200724_20-08522_HIV11-02415_FL24_S18_L000_read_91_count_1    13.26%    passed     99.76%
 408  200724_20-08522_HIV11-02415_FL24_S18_L000_read_92_count_1    13.26%    passed     98.27%
 409  200724_20-08522_HIV11-02415_FL24_S18_L000_read_93_count_1    12.90%    passed     99.91%
 410  200724_20-08522_HIV11-02415_FL24_S18_L000_read_94_count_1    12.90%    passed     99.88%
 411  200724_20-08522_HIV11-02415_FL24_S18_L000_read_95_count_1    13.26%    passed     99.76%
 412  200724_20-08522_HIV11-02415_FL24_S18_L000_read_96_count_1    13.26%    passed     99.76%
 413  200724_20-08522_HIV11-02415_FL24_S18_L000_read_97_count_1    13.26%    passed     98.69%
 414  200724_20-08522_HIV11-02415_FL24_S18_L000_read_98_count_1    13.26%    passed     99.43%
 415  200724_20-08522_HIV11-02415_FL24_S18_L000_read_99_count_1    13.26%    passed     95.59%
 416  200724_20-08522_HIV11-02415_FL24_S18_L000_read_100_count_1   12.90%    passed     99.88%
 417  200724_20-08522_HIV11-02415_FL24_S18_L000_read_101_count_1   13.26%    passed     99.80%
 418  200724_20-08522_HIV11-02415_FL24_S18_L000_read_102_count_1   13.26%    passed     96.88%
 419  200724_20-08522_HIV11-02415_FL24_S18_L000_read_103_count_1   13.26%    passed     99.97%
 420  200724_20-08522_HIV11-02415_FL24_S18_L000_read_104_count_1   13.26%    passed     99.80%
 421  200724_20-08522_HIV11-02415_FL24_S18_L000_read_105_count_1   13.26%    passed     99.78%
 422  200724_20-08522_HIV11-02415_FL24_S18_L000_read_106_count_1   13.26%    passed     99.80%
 423  200724_20-08522_HIV11-02415_FL24_S18_L000_read_107_count_1   13.26%    passed     98.80%
 424  200724_20-08522_HIV11-02415_FL24_S18_L000_read_108_count_1   20.79%    passed     89.47%
 425  200724_20-08522_HIV11-02415_FL24_S18_L000_read_109_count_1   13.26%    passed     98.80%
 426  200724_20-08522_HIV11-02415_FL24_S18_L000_read_110_count_1   13.26%    passed     97.74%
 427  200724_20-08522_HIV11-02415_FL24_S18_L000_read_111_count_1   13.26%    passed     99.13%
 428  200724_20-08522_HIV11-02415_FL24_S18_L000_read_112_count_1   16.49%    passed     98.28%
 429  200724_20-08522_HIV11-02415_FL24_S18_L000_read_113_count_1   13.26%    passed     99.80%
 430  200724_20-08522_HIV11-02415_FL24_S18_L000_read_114_count_1   13.26%    passed     98.80%
 431  200724_20-08522_HIV11-02415_FL24_S18_L000_read_115_count_1   13.26%    passed     99.49%
 432  200724_20-08522_HIV11-02415_FL24_S18_L000_read_116_count_1   13.26%    passed     99.86%
 433  200724_20-08522_HIV11-02415_FL24_S18_L000_read_117_count_1   13.26%    passed     99.76%
 434  200724_20-08522_HIV11-02415_FL24_S18_L000_read_118_count_1   13.26%    passed     98.86%
 435  200724_20-08522_HIV11-02415_FL24_S18_L000_read_119_count_1   13.26%    passed     99.86%
 436  200724_20-08522_HIV11-02415_FL24_S18_L000_read_120_count_1   13.62%    passed     98.68%
 437  200724_20-08522_HIV11-02415_FL24_S18_L000_read_121_count_1   13.26%    passed     99.76%
 438  200724_20-08522_HIV11-02415_FL24_S18_L000_read_122_count_1   13.26%    passed     99.38%
 439  200724_20-08522_HIV11-02415_FL24_S18_L000_read_123_count_1   13.26%    passed     98.47%
 440  200724_20-08522_HIV11-02415_FL24_S18_L000_read_124_count_1   13.26%    passed     97.22%
 441  200724_20-08522_HIV11-02415_FL24_S18_L000_read_125_count_1   13.26%    passed     99.17%
 442  200724_20-08522_HIV11-02415_FL24_S18_L000_read_126_count_1   13.26%    passed     98.23%
 443  200724_20-08522_HIV11-02415_FL24_S18_L000_read_127_count_1   13.26%    passed     98.23%
 444  200724_20-08522_HIV11-02415_FL24_S18_L000_read_128_count_1   13.26%    passed     94.84%
 445  B.FR.83.HXB2_LAI_IIIB_BRU.K03455                             13.26%    passed     99.97%
 446  C.BW.00.00BW07621.AF443088                                   13.26%    passed     97.18%
****  TOTAL                                                        13.30%  0 sequences failed composition chi2 test (p-value<5%; df=3)
Checking for duplicate sequences: done in 0.000917387 secs using 268.4% CPU

Create initial parsimony tree by phylogenetic likelihood library (PLL)... 0.033 seconds

NOTE: 19 MB RAM (0 GB) is required!
Estimate model parameters (epsilon = 0.100)
1. Initial log-likelihood: -4018.413
2. Current log-likelihood: -3898.518
3. Current log-likelihood: -3898.256
Optimal log-likelihood: -3898.249
Rate parameters:  A-C: 0.54502  A-G: 1.15348  A-T: 0.25363  C-G: 0.20023  C-T: 1.76022  G-T: 1.00000
Base frequencies:  A: 0.448  C: 0.133  G: 0.226  T: 0.193
Site proportion and rates:  (0.098,0.245) (0.149,0.530) (0.188,0.700) (0.210,0.861) (0.204,1.152) (0.151,2.316)
Parameters optimization took 3 rounds (2.158 sec)
Wrote distance file to... 
Computing ML distances based on estimated model parameters...
Calculating distance matrix: done in 0.654673 secs using 200% CPU
Computing ML distances took 0.655430 sec (of wall-clock time) 1.309942 sec (of CPU time)
Setting up auxiliary I and S matrices: done in 0.0103444 secs using 98.06% CPU
Constructing RapidNJ tree: done in 0.160317 secs using 137.8% CPU
Computing RapidNJ tree took 0.170815 sec (of wall-clock time) 0.231133 sec (of CPU time)
Log-likelihood of RapidNJ tree: -3891.072
--------------------------------------------------------------------
|             INITIALIZING CANDIDATE TREE SET                      |
--------------------------------------------------------------------
Generating 98 parsimony trees... 3.853 second
Computing log-likelihood of 98 initial trees ... 3.955 seconds
Current best score: -3885.207

Do NNI search on 20 best initial trees
Optimizing NNI: done in 0.543092 secs using 198.7% CPU
Estimate model parameters (epsilon = 0.100)
BETTER TREE FOUND at iteration 1: -3881.102
Optimizing NNI: done in 0.547939 secs using 197.1% CPU
Optimizing NNI: done in 0.53883 secs using 197.2% CPU
Optimizing NNI: done in 0.203403 secs using 198.3% CPU
Optimizing NNI: done in 0.570591 secs using 197.4% CPU
Optimizing NNI: done in 0.544187 secs using 197% CPU
Optimizing NNI: done in 0.436199 secs using 198.1% CPU
Optimizing NNI: done in 0.713969 secs using 199.2% CPU
Optimizing NNI: done in 0.425262 secs using 197.8% CPU
Optimizing NNI: done in 0.711752 secs using 196.7% CPU
Iteration 10 / LogL: -3889.243 / Time: 0h:0m:18s
Optimizing NNI: done in 0.666337 secs using 196.6% CPU
Optimizing NNI: done in 0.671236 secs using 199.5% CPU
Optimizing NNI: done in 0.71834 secs using 196.9% CPU
Optimizing NNI: done in 0.520995 secs using 198.3% CPU
Optimizing NNI: done in 0.43912 secs using 197.5% CPU
Optimizing NNI: done in 0.433456 secs using 199.7% CPU
Optimizing NNI: done in 0.427117 secs using 195.5% CPU
Optimizing NNI: done in 0.608639 secs using 199.9% CPU
Optimizing NNI: done in 0.730116 secs using 197.5% CPU
Optimizing NNI: done in 0.244826 secs using 198% CPU
Iteration 20 / LogL: -3896.021 / Time: 0h:0m:23s
Finish initializing candidate tree set (20)
Current best tree score: -3881.102 / CPU time: 20.509
Number of iterations: 20
--------------------------------------------------------------------
|               OPTIMIZING CANDIDATE TREE SET                      |
--------------------------------------------------------------------
Optimizing NNI: done in 1.32166 secs using 197.1% CPU
Optimizing NNI: done in 0.694436 secs using 197.9% CPU
Optimizing NNI: done in 0.726562 secs using 198% CPU
Optimizing NNI: done in 0.85589 secs using 196.3% CPU
Optimizing NNI: done in 0.684902 secs using 198.7% CPU
Optimizing NNI: done in 1.04345 secs using 196.6% CPU
Estimate model parameters (epsilon = 0.100)
BETTER TREE FOUND at iteration 26: -3878.685
Optimizing NNI: done in 1.12052 secs using 198.5% CPU
Optimizing NNI: done in 0.545405 secs using 197.5% CPU
Optimizing NNI: done in 0.669861 secs using 200.3% CPU
Optimizing NNI: done in 1.38457 secs using 197.4% CPU
Iteration 30 / LogL: -3882.708 / Time: 0h:0m:34s (0h:1m:53s left)
Optimizing NNI: done in 0.694645 secs using 197.9% CPU
Optimizing NNI: done in 0.943441 secs using 197.5% CPU
Optimizing NNI: done in 0.795557 secs using 197.5% CPU
Optimizing NNI: done in 0.97431 secs using 198.1% CPU
Optimizing NNI: done in 1.053 secs using 197.6% CPU
Optimizing NNI: done in 1.06028 secs using 198.1% CPU
Optimizing NNI: done in 1.19834 secs using 198.1% CPU
Optimizing NNI: done in 0.780855 secs using 198.3% CPU
Optimizing NNI: done in 0.959393 secs using 197.1% CPU
Optimizing NNI: done in 1.15229 secs using 197.5% CPU
Iteration 40 / LogL: -3892.452 / Time: 0h:0m:44s (0h:1m:37s left)
Optimizing NNI: done in 0.935489 secs using 197.5% CPU
Optimizing NNI: done in 0.791154 secs using 196.1% CPU
Optimizing NNI: done in 0.721243 secs using 198.7% CPU
Optimizing NNI: done in 0.939653 secs using 197.5% CPU
Optimizing NNI: done in 0.913867 secs using 199.4% CPU
Optimizing NNI: done in 0.559764 secs using 197.9% CPU
Optimizing NNI: done in 0.896836 secs using 196.8% CPU
Optimizing NNI: done in 1.06213 secs using 197.5% CPU
Optimizing NNI: done in 0.671727 secs using 197.1% CPU
Optimizing NNI: done in 0.822305 secs using 198.3% CPU
Iteration 50 / LogL: -3888.793 / Time: 0h:0m:52s (0h:1m:21s left)
Optimizing NNI: done in 0.947528 secs using 197.1% CPU
Optimizing NNI: done in 1.23119 secs using 197.5% CPU
Optimizing NNI: done in 1.08762 secs using 197.4% CPU
Optimizing NNI: done in 0.822626 secs using 199.2% CPU
Optimizing NNI: done in 0.717114 secs using 197% CPU
Optimizing NNI: done in 0.767638 secs using 195.9% CPU
Optimizing NNI: done in 0.924156 secs using 197.4% CPU
Optimizing NNI: done in 0.691326 secs using 198.4% CPU
Optimizing NNI: done in 1.32545 secs using 197.5% CPU
Estimate model parameters (epsilon = 0.100)
BETTER TREE FOUND at iteration 59: -3878.161
Optimizing NNI: done in 1.04634 secs using 196.3% CPU
Iteration 60 / LogL: -3879.944 / Time: 0h:1m:3s (0h:1m:46s left)
Optimizing NNI: done in 0.968115 secs using 196.3% CPU
Optimizing NNI: done in 1.06874 secs using 198.4% CPU
Estimate model parameters (epsilon = 0.100)
BETTER TREE FOUND at iteration 62: -3877.276
Optimizing NNI: done in 0.794767 secs using 198.1% CPU
Optimizing NNI: done in 0.82102 secs using 198.4% CPU
Optimizing NNI: done in 0.569268 secs using 199.1% CPU
Optimizing NNI: done in 0.688797 secs using 197.6% CPU
Optimizing NNI: done in 0.973004 secs using 197.8% CPU
Optimizing NNI: done in 0.890172 secs using 199.3% CPU
Optimizing NNI: done in 1.03113 secs using 198.9% CPU
Optimizing NNI: done in 1.00672 secs using 197.7% CPU
Iteration 70 / LogL: -3881.427 / Time: 0h:1m:13s (0h:1m:37s left)
Optimizing NNI: done in 0.864317 secs using 197.6% CPU
Optimizing NNI: done in 1.04732 secs using 196.6% CPU
Optimizing NNI: done in 0.682106 secs using 198.5% CPU
Optimizing NNI: done in 0.722479 secs using 198% CPU
Optimizing NNI: done in 1.22706 secs using 199.4% CPU
Optimizing NNI: done in 0.726188 secs using 198% CPU
Optimizing NNI: done in 0.847184 secs using 196.8% CPU
Optimizing NNI: done in 1.00875 secs using 197.5% CPU
Optimizing NNI: done in 1.1453 secs using 197.4% CPU
Optimizing NNI: done in 0.850699 secs using 198.3% CPU
Iteration 80 / LogL: -3887.635 / Time: 0h:1m:22s (0h:1m:25s left)
Optimizing NNI: done in 0.831376 secs using 199.1% CPU
Optimizing NNI: done in 0.923346 secs using 197.5% CPU
Optimizing NNI: done in 0.87743 secs using 198% CPU
Optimizing NNI: done in 0.935112 secs using 198.8% CPU
Optimizing NNI: done in 1.0365 secs using 197.2% CPU
Optimizing NNI: done in 0.725599 secs using 197.6% CPU
Optimizing NNI: done in 0.88034 secs using 199.5% CPU
Optimizing NNI: done in 0.876957 secs using 197.6% CPU
Optimizing NNI: done in 0.894868 secs using 196.5% CPU
Optimizing NNI: done in 1.02674 secs using 197.8% CPU
Iteration 90 / LogL: -3884.438 / Time: 0h:1m:32s (0h:1m:14s left)
Optimizing NNI: done in 0.866653 secs using 199.2% CPU
Optimizing NNI: done in 0.835675 secs using 196.2% CPU
Optimizing NNI: done in 0.605085 secs using 196.5% CPU
Optimizing NNI: done in 0.880867 secs using 198.5% CPU
Optimizing NNI: done in 0.73759 secs using 198.2% CPU
Optimizing NNI: done in 1.12371 secs using 198.2% CPU
Optimizing NNI: done in 0.86889 secs using 199% CPU
Optimizing NNI: done in 0.85205 secs using 197.6% CPU
Optimizing NNI: done in 0.861557 secs using 197.9% CPU
Optimizing NNI: done in 0.856316 secs using 197.6% CPU
Iteration 100 / LogL: -3880.022 / Time: 0h:1m:40s (0h:1m:3s left)
Optimizing NNI: done in 1.14989 secs using 196.7% CPU
Optimizing NNI: done in 0.857523 secs using 197% CPU
Optimizing NNI: done in 0.869956 secs using 197% CPU
Optimizing NNI: done in 0.849862 secs using 198.4% CPU
Optimizing NNI: done in 0.736569 secs using 197.7% CPU
Optimizing NNI: done in 0.855827 secs using 196.7% CPU
Optimizing NNI: done in 0.890254 secs using 199.3% CPU
Optimizing NNI: done in 0.795103 secs using 198.6% CPU
Optimizing NNI: done in 1.04029 secs using 198.4% CPU
Optimizing NNI: done in 1.05252 secs using 195.4% CPU
Iteration 110 / LogL: -3887.075 / Time: 0h:1m:50s (0h:0m:52s left)
Optimizing NNI: done in 0.834829 secs using 195.8% CPU
Optimizing NNI: done in 0.950525 secs using 198.5% CPU
Optimizing NNI: done in 0.786289 secs using 198.7% CPU
Optimizing NNI: done in 1.14365 secs using 197.9% CPU
Optimizing NNI: done in 0.564234 secs using 199.2% CPU
Optimizing NNI: done in 1.19139 secs using 198.4% CPU
BETTER TREE FOUND at iteration 116: -3877.273
Optimizing NNI: done in 0.793877 secs using 197.8% CPU
Optimizing NNI: done in 0.859685 secs using 197.2% CPU
Optimizing NNI: done in 0.85871 secs using 198.3% CPU
Optimizing NNI: done in 0.851536 secs using 197.2% CPU
Iteration 120 / LogL: -3886.170 / Time: 0h:1m:59s (0h:1m:36s left)
Optimizing NNI: done in 0.944599 secs using 197.4% CPU
Optimizing NNI: done in 1.03266 secs using 197.6% CPU
Optimizing NNI: done in 0.931942 secs using 198.7% CPU
Optimizing NNI: done in 0.797585 secs using 197.3% CPU
Optimizing NNI: done in 0.832814 secs using 198.9% CPU
Optimizing NNI: done in 0.985117 secs using 198.3% CPU
Optimizing NNI: done in 1.01774 secs using 198.6% CPU
Optimizing NNI: done in 0.873777 secs using 198.9% CPU
Optimizing NNI: done in 0.949436 secs using 197.7% CPU
Optimizing NNI: done in 0.841558 secs using 197.9% CPU
Iteration 130 / LogL: -3902.745 / Time: 0h:2m:9s (0h:1m:25s left)
Optimizing NNI: done in 1.02689 secs using 198.5% CPU
Optimizing NNI: done in 0.682801 secs using 198.4% CPU
Optimizing NNI: done in 0.69141 secs using 196% CPU
Optimizing NNI: done in 0.861835 secs using 197% CPU
Optimizing NNI: done in 0.83449 secs using 197.3% CPU
Optimizing NNI: done in 0.981302 secs using 199% CPU
Optimizing NNI: done in 0.90797 secs using 197.8% CPU
Optimizing NNI: done in 0.8691 secs using 199.9% CPU
Optimizing NNI: done in 0.838158 secs using 197.8% CPU
Optimizing NNI: done in 0.68354 secs using 198.3% CPU
Iteration 140 / LogL: -3892.069 / Time: 0h:2m:17s (0h:1m:15s left)
Optimizing NNI: done in 0.942801 secs using 198.4% CPU
Optimizing NNI: done in 1.0622 secs using 197.9% CPU
Optimizing NNI: done in 0.87529 secs using 197.8% CPU
Optimizing NNI: done in 0.700839 secs using 198.2% CPU
Optimizing NNI: done in 1.00537 secs using 197.5% CPU
Optimizing NNI: done in 0.69858 secs using 199.6% CPU
Optimizing NNI: done in 0.911023 secs using 197.9% CPU
Optimizing NNI: done in 0.668885 secs using 198.7% CPU
Optimizing NNI: done in 1.07026 secs using 198.3% CPU
Optimizing NNI: done in 0.774256 secs using 196.6% CPU
Iteration 150 / LogL: -3877.280 / Time: 0h:2m:26s (0h:1m:4s left)
Optimizing NNI: done in 1.05767 secs using 198.7% CPU
Optimizing NNI: done in 0.966026 secs using 196.9% CPU
Optimizing NNI: done in 0.805366 secs using 197.3% CPU
Optimizing NNI: done in 0.794224 secs using 196.2% CPU
Optimizing NNI: done in 0.704132 secs using 197.1% CPU
Optimizing NNI: done in 0.833196 secs using 196.5% CPU
Optimizing NNI: done in 0.6807 secs using 196.4% CPU
Optimizing NNI: done in 0.943214 secs using 197.5% CPU
Optimizing NNI: done in 0.803277 secs using 199.1% CPU
Optimizing NNI: done in 0.85217 secs using 197.2% CPU
Iteration 160 / LogL: -3894.994 / Time: 0h:2m:35s (0h:0m:54s left)
Optimizing NNI: done in 0.702503 secs using 196.8% CPU
Optimizing NNI: done in 0.79031 secs using 199.2% CPU
Optimizing NNI: done in 0.716332 secs using 197.2% CPU
Optimizing NNI: done in 0.649735 secs using 196.7% CPU
Optimizing NNI: done in 0.959559 secs using 195.9% CPU
Optimizing NNI: done in 0.957578 secs using 196.9% CPU
Optimizing NNI: done in 0.825126 secs using 195% CPU
Optimizing NNI: done in 0.930647 secs using 197.6% CPU
Optimizing NNI: done in 0.72384 secs using 197.3% CPU
Optimizing NNI: done in 0.901623 secs using 199.4% CPU
Iteration 170 / LogL: -3882.492 / Time: 0h:2m:43s (0h:0m:44s left)
Optimizing NNI: done in 1.01985 secs using 197.3% CPU
Optimizing NNI: done in 0.813301 secs using 197.4% CPU
Optimizing NNI: done in 0.69495 secs using 199% CPU
Optimizing NNI: done in 1.03202 secs using 198.4% CPU
Optimizing NNI: done in 0.688192 secs using 194.7% CPU
Optimizing NNI: done in 1.04813 secs using 197.3% CPU
Optimizing NNI: done in 0.916638 secs using 197.3% CPU
Optimizing NNI: done in 0.956048 secs using 197.5% CPU
Optimizing NNI: done in 0.622016 secs using 199% CPU
Optimizing NNI: done in 0.991652 secs using 197.2% CPU
Iteration 180 / LogL: -3887.811 / Time: 0h:2m:53s (0h:0m:34s left)
Optimizing NNI: done in 0.701429 secs using 197.5% CPU
Optimizing NNI: done in 0.904124 secs using 198.7% CPU
Optimizing NNI: done in 0.797708 secs using 196.3% CPU
Optimizing NNI: done in 0.720819 secs using 197.1% CPU
Optimizing NNI: done in 0.68423 secs using 195.9% CPU
Optimizing NNI: done in 1.24131 secs using 198% CPU
Optimizing NNI: done in 0.666648 secs using 197.2% CPU
Optimizing NNI: done in 0.9538 secs using 197.3% CPU
Optimizing NNI: done in 1.05189 secs using 198.5% CPU
Optimizing NNI: done in 0.586063 secs using 196.2% CPU
Iteration 190 / LogL: -3887.122 / Time: 0h:3m:1s (0h:0m:24s left)
Optimizing NNI: done in 0.747595 secs using 197.4% CPU
Optimizing NNI: done in 0.952885 secs using 197.8% CPU
Optimizing NNI: done in 0.714379 secs using 199.1% CPU
Optimizing NNI: done in 0.950823 secs using 199.3% CPU
Optimizing NNI: done in 0.678759 secs using 197.8% CPU
Optimizing NNI: done in 0.780089 secs using 199% CPU
Optimizing NNI: done in 0.781096 secs using 198.3% CPU
Optimizing NNI: done in 0.833581 secs using 198.8% CPU
Optimizing NNI: done in 1.09974 secs using 196.7% CPU
Optimizing NNI: done in 0.816636 secs using 198% CPU
Iteration 200 / LogL: -3889.703 / Time: 0h:3m:10s (0h:0m:15s left)
Optimizing NNI: done in 1.0274 secs using 198.5% CPU
Optimizing NNI: done in 0.58608 secs using 198.3% CPU
Optimizing NNI: done in 0.716387 secs using 199.4% CPU
Optimizing NNI: done in 0.877069 secs using 198.5% CPU
Optimizing NNI: done in 0.789225 secs using 196.3% CPU
Optimizing NNI: done in 0.689282 secs using 199.2% CPU
Optimizing NNI: done in 0.807267 secs using 198.6% CPU
Optimizing NNI: done in 0.700633 secs using 198.2% CPU
Optimizing NNI: done in 0.899335 secs using 197% CPU
Optimizing NNI: done in 0.94023 secs using 199.1% CPU
Iteration 210 / LogL: -3888.244 / Time: 0h:3m:18s (0h:0m:5s left)
Optimizing NNI: done in 0.976529 secs using 199.5% CPU
Optimizing NNI: done in 0.97435 secs using 197.3% CPU
Optimizing NNI: done in 0.963141 secs using 198% CPU
Optimizing NNI: done in 1.10709 secs using 197.5% CPU
Optimizing NNI: done in 1.04695 secs using 194% CPU
Optimizing NNI: done in 0.933254 secs using 199.9% CPU
Optimizing NNI: done in 0.898891 secs using 197% CPU
TREE SEARCH COMPLETED AFTER 217 ITERATIONS / Time: 0h:3m:25s

--------------------------------------------------------------------
|                    FINALIZING TREE SEARCH                        |
--------------------------------------------------------------------
Performs final model parameters optimization
Estimate model parameters (epsilon = 0.010)
1. Initial log-likelihood: -3877.273
2. Current log-likelihood: -3877.248
3. Current log-likelihood: -3877.227
4. Current log-likelihood: -3877.211
5. Current log-likelihood: -3877.198
6. Current log-likelihood: -3877.187
Optimal log-likelihood: -3877.179
Rate parameters:  A-C: 0.55896  A-G: 1.15294  A-T: 0.22950  C-G: 0.15846  C-T: 1.69780  G-T: 1.00000
Base frequencies:  A: 0.448  C: 0.133  G: 0.226  T: 0.193
Site proportion and rates:  (0.079,0.266) (0.137,0.613) (0.175,0.653) (0.190,0.687) (0.161,0.814) (0.257,2.016)
Parameters optimization took 6 rounds (3.040 sec)
BEST SCORE FOUND : -3877.179
Total tree length: 2.134

Total number of iterations: 217
CPU time used for tree search: 392.993 sec (0h:6m:32s)
Wall-clock time used for tree search: 202.508 sec (0h:3m:22s)
Total CPU time used: 405.372 sec (0h:6m:45s)
Total wall-clock time used: 208.853 sec (0h:3m:28s)

Analysis results written to: 
  IQ-TREE report:                IQTREE_bestTree.InWindow_4690_to_4940.iqtree
  Maximum-likelihood tree:       IQTREE_bestTree.InWindow_4690_to_4940.treefile
  Likelihood distances:          IQTREE_bestTree.InWindow_4690_to_4940.mldist
  Screen log file:               IQTREE_bestTree.InWindow_4690_to_4940.log

Date and Time: Tue Jul 25 12:15:08 2023
