IQ-TREE multicore version 2.2.2.7 COVID-edition for Linux 64-bit built Jun  7 2023
Developed by Bui Quang Minh, James Barbetti, Nguyen Lam Tung,
Olga Chernomor, Heiko Schmidt, Dominik Schrempf, Michael Woodhams, Ly Trong Nhan.

Host:    hpc-node03 (AVX2, FMA3, 1007 GB RAM)
Command: iqtree -s AlignedReadsInWindow_PositionsExcised_4760_to_5010.fasta -pre IQTREE_bestTree.InWindow_4760_to_5010 -m GTR+F+R6 -nt 2
Seed:    451345 (Using SPRNG - Scalable Parallel Random Number Generator)
Time:    Tue Jul 25 12:14:14 2023
Kernel:  AVX+FMA - 2 threads (2 CPU cores detected)

Reading alignment file AlignedReadsInWindow_PositionsExcised_4760_to_5010.fasta ... Fasta format detected
Reading fasta file: done in 0.00221875 secs using 75.54% CPU
Alignment most likely contains DNA/RNA sequences
Constructing alignment: done in 0.00106541 secs using 99.87% CPU
Alignment has 267 sequences with 272 columns, 172 distinct patterns
61 parsimony-informative, 96 singleton sites, 115 constant sites
                                                            Gap/Ambiguity  Composition  p-value
Analyzing sequences: done in 0.000163277 secs using 1352% CPU
   1  200724_20-08518_HIV10-02405_FL24_S14_L000_read_1_count_117    9.93%    passed     98.71%
   2  200724_20-08518_HIV10-02405_FL24_S14_L000_read_2_count_8      9.93%    passed     97.29%
   3  200724_20-08518_HIV10-02405_FL24_S14_L000_read_3_count_5      9.93%    passed     97.79%
   4  200724_20-08518_HIV10-02405_FL24_S14_L000_read_4_count_4      9.93%    passed     97.79%
   5  200724_20-08518_HIV10-02405_FL24_S14_L000_read_5_count_3      9.93%    passed     99.75%
   6  200724_20-08518_HIV10-02405_FL24_S14_L000_read_6_count_2      9.93%    passed     97.29%
   7  200724_20-08518_HIV10-02405_FL24_S14_L000_read_7_count_2      9.93%    passed     98.71%
   8  200724_20-08518_HIV10-02405_FL24_S14_L000_read_8_count_1      9.93%    passed     92.27%
   9  200724_20-08518_HIV10-02405_FL24_S14_L000_read_9_count_1      9.93%    passed     98.82%
  10  200724_20-08518_HIV10-02405_FL24_S14_L000_read_10_count_1     9.93%    passed     97.79%
  11  200724_20-08518_HIV10-02405_FL24_S14_L000_read_11_count_1     9.93%    passed     96.20%
  12  200724_20-08518_HIV10-02405_FL24_S14_L000_read_12_count_1     9.93%    passed     92.68%
  13  200724_20-08518_HIV10-02405_FL24_S14_L000_read_13_count_1    10.29%    passed     99.19%
  14  200724_20-08518_HIV10-02405_FL24_S14_L000_read_14_count_1     9.93%    passed     99.02%
  15  200724_20-08518_HIV10-02405_FL24_S14_L000_read_15_count_1     9.93%    passed     96.78%
  16  200724_20-08518_HIV10-02405_FL24_S14_L000_read_16_count_1     9.93%    passed     99.24%
  17  200724_20-08518_HIV10-02405_FL24_S14_L000_read_17_count_1     9.93%    passed     99.33%
  18  200724_20-08518_HIV10-02405_FL24_S14_L000_read_18_count_1     9.93%    passed     97.29%
  19  200724_20-08518_HIV10-02405_FL24_S14_L000_read_19_count_1     9.93%    passed     99.24%
  20  200724_20-08518_HIV10-02405_FL24_S14_L000_read_20_count_1     9.93%    passed     98.71%
  21  200724_20-08518_HIV10-02405_FL24_S14_L000_read_21_count_1     9.93%    passed     96.70%
  22  200724_20-08518_HIV10-02405_FL24_S14_L000_read_22_count_1     9.93%    passed     96.70%
  23  200724_20-08518_HIV10-02405_FL24_S14_L000_read_23_count_1     9.93%    passed     96.99%
  24  200724_20-08518_HIV10-02405_FL24_S14_L000_read_24_count_1     9.93%    passed     97.79%
  25  200724_20-08518_HIV10-02405_FL24_S14_L000_read_25_count_1     9.93%    passed     81.85%
  26  200724_20-08518_HIV10-02405_FL24_S14_L000_read_26_count_1     9.93%    passed     98.82%
  27  200724_20-08518_HIV10-02405_FL24_S14_L000_read_27_count_1     9.93%    passed     97.79%
  28  200724_20-08518_HIV10-02405_FL24_S14_L000_read_28_count_1     9.93%    passed     98.71%
  29  200724_20-08518_HIV10-02405_FL24_S14_L000_read_29_count_1     9.93%    passed     99.65%
  30  200724_20-08518_HIV10-02405_FL24_S14_L000_read_30_count_1     9.93%    passed     98.82%
  31  200724_20-08518_HIV10-02405_FL24_S14_L000_read_31_count_1    10.29%    passed     99.06%
  32  200724_20-08518_HIV10-02405_FL24_S14_L000_read_32_count_1     9.93%    passed     96.70%
  33  200724_20-08518_HIV10-02405_FL24_S14_L000_read_33_count_1     9.93%    passed     94.11%
  34  200724_20-08518_HIV10-02405_FL24_S14_L000_read_34_count_1     9.93%    passed     97.79%
  35  200724_20-08518_HIV10-02405_FL24_S14_L000_read_35_count_1     9.93%    passed     98.57%
  36  200724_20-08518_HIV10-02405_FL24_S14_L000_read_36_count_1     9.93%    passed     97.26%
  37  200724_20-08518_HIV10-02405_FL24_S14_L000_read_37_count_1     9.93%    passed     99.33%
  38  200724_20-08518_HIV10-02405_FL24_S14_L000_read_38_count_1    10.29%    passed     99.19%
  39  200724_20-08518_HIV10-02405_FL24_S14_L000_read_39_count_1     9.93%    passed     98.82%
  40  200724_20-08518_HIV10-02405_FL24_S14_L000_read_40_count_1     9.93%    passed     99.75%
  41  200724_20-08518_HIV10-02405_FL24_S14_L000_read_41_count_1     9.93%    passed     97.42%
  42  200724_20-08518_HIV10-02405_FL24_S14_L000_read_42_count_1     9.56%    passed     98.41%
  43  200724_20-08518_HIV10-02405_FL24_S14_L000_read_43_count_1     9.93%    passed     99.33%
  44  200724_20-08518_HIV10-02405_FL24_S14_L000_read_44_count_1     9.93%    passed     98.71%
  45  200724_20-08518_HIV10-02405_FL24_S14_L000_read_45_count_1     9.93%    passed     98.82%
  46  200724_20-08518_HIV10-02405_FL24_S14_L000_read_46_count_1     9.93%    passed     99.24%
  47  200709_20-07994_HIV07-01067_FL21_S1_L000_read_1_count_292     9.93%    passed     98.80%
  48  200709_20-07994_HIV07-01067_FL21_S1_L000_read_2_count_49      9.93%    passed     98.03%
  49  200709_20-07994_HIV07-01067_FL21_S1_L000_read_3_count_19      9.93%    passed     99.72%
  50  200709_20-07994_HIV07-01067_FL21_S1_L000_read_4_count_2       9.93%    passed     97.65%
  51  200709_20-07994_HIV07-01067_FL21_S1_L000_read_5_count_2       9.93%    passed     99.09%
  52  200709_20-07994_HIV07-01067_FL21_S1_L000_read_6_count_2       9.93%    passed     98.94%
  53  200709_20-07994_HIV07-01067_FL21_S1_L000_read_7_count_2       9.93%    passed     98.03%
  54  200709_20-07994_HIV07-01067_FL21_S1_L000_read_8_count_1       9.93%    passed     99.23%
  55  200709_20-07994_HIV07-01067_FL21_S1_L000_read_9_count_1       9.93%    passed     99.81%
  56  200709_20-07994_HIV07-01067_FL21_S1_L000_read_10_count_1      9.56%    passed     98.39%
  57  200709_20-07994_HIV07-01067_FL21_S1_L000_read_11_count_1      9.93%    passed     99.81%
  58  200709_20-07994_HIV07-01067_FL21_S1_L000_read_12_count_1      9.93%    passed     98.09%
  59  200709_20-07994_HIV07-01067_FL21_S1_L000_read_13_count_1      9.93%    passed     99.09%
  60  200709_20-07994_HIV07-01067_FL21_S1_L000_read_14_count_1      9.93%    passed     98.03%
  61  200709_20-07994_HIV07-01067_FL21_S1_L000_read_15_count_1      9.93%    passed     97.65%
  62  200709_20-07994_HIV07-01067_FL21_S1_L000_read_16_count_1      9.93%    passed     98.68%
  63  200709_20-07994_HIV07-01067_FL21_S1_L000_read_17_count_1      9.93%    passed     99.23%
  64  200709_20-07994_HIV07-01067_FL21_S1_L000_read_18_count_1      9.93%    passed     99.81%
  65  200709_20-07994_HIV07-01067_FL21_S1_L000_read_19_count_1      9.93%    passed     99.09%
  66  200709_20-07994_HIV07-01067_FL21_S1_L000_read_20_count_1      9.93%    passed     98.68%
  67  200709_20-07994_HIV07-01067_FL21_S1_L000_read_21_count_1      9.93%    passed     99.09%
  68  200709_20-07994_HIV07-01067_FL21_S1_L000_read_22_count_1      9.93%    passed     95.65%
  69  200709_20-07994_HIV07-01067_FL21_S1_L000_read_23_count_1     10.29%    passed     98.01%
  70  200709_20-07994_HIV07-01067_FL21_S1_L000_read_24_count_1      9.93%    passed     99.09%
  71  200709_20-07994_HIV07-01067_FL21_S1_L000_read_25_count_1      9.93%    passed     98.03%
  72  200709_20-07994_HIV07-01067_FL21_S1_L000_read_26_count_1      9.93%    passed     96.17%
  73  200709_20-07994_HIV07-01067_FL21_S1_L000_read_27_count_1      9.93%    passed     99.81%
  74  200709_20-07994_HIV07-01067_FL21_S1_L000_read_28_count_1      9.93%    passed     99.09%
  75  200709_20-07994_HIV07-01067_FL21_S1_L000_read_29_count_1     10.29%    passed     98.67%
  76  200709_20-07994_HIV07-01067_FL21_S1_L000_read_30_count_1      9.93%    passed     99.09%
  77  200709_20-07994_HIV07-01067_FL21_S1_L000_read_31_count_1      9.93%    passed     99.09%
  78  200709_20-07994_HIV07-01067_FL21_S1_L000_read_32_count_1     15.44%    passed     87.73%
  79  200709_20-07994_HIV07-01067_FL21_S1_L000_read_33_count_1      9.93%    passed     99.09%
  80  200709_20-07994_HIV07-01067_FL21_S1_L000_read_34_count_1      9.93%    passed     99.81%
  81  200709_20-07994_HIV07-01067_FL21_S1_L000_read_35_count_1     10.29%    passed     98.24%
  82  200709_20-07994_HIV07-01067_FL21_S1_L000_read_36_count_1      9.93%    passed     98.03%
  83  200709_20-07994_HIV07-01067_FL21_S1_L000_read_37_count_1      9.93%    passed     99.81%
  84  200709_20-07994_HIV07-01067_FL21_S1_L000_read_38_count_1      9.93%    passed     99.09%
  85  200709_20-07994_HIV07-01067_FL21_S1_L000_read_39_count_1      9.93%    passed     99.72%
  86  200709_20-07994_HIV07-01067_FL21_S1_L000_read_40_count_1      9.93%    passed     95.53%
  87  200709_20-07994_HIV07-01067_FL21_S1_L000_read_41_count_1      9.93%    passed     99.09%
  88  200709_20-07994_HIV07-01067_FL21_S1_L000_read_42_count_1      9.93%    passed     97.65%
  89  200709_20-07994_HIV07-01067_FL21_S1_L000_read_43_count_1      9.93%    passed     98.68%
  90  200709_20-07994_HIV07-01067_FL21_S1_L000_read_44_count_1      9.93%    passed     99.09%
  91  200709_20-07994_HIV07-01067_FL21_S1_L000_read_45_count_1      9.93%    passed     99.12%
  92  200709_20-07994_HIV07-01067_FL21_S1_L000_read_46_count_1      9.93%    passed     98.73%
  93  200709_20-07994_HIV07-01067_FL21_S1_L000_read_47_count_1      9.93%    passed     98.03%
  94  200709_20-07994_HIV07-01067_FL21_S1_L000_read_48_count_1      9.93%    passed     96.17%
  95  200709_20-07994_HIV07-01067_FL21_S1_L000_read_49_count_1      9.93%    passed     96.93%
  96  200709_20-07994_HIV07-01067_FL21_S1_L000_read_50_count_1      9.93%    passed     99.12%
  97  200709_20-07994_HIV07-01067_FL21_S1_L000_read_51_count_1      9.93%    passed     99.09%
  98  200709_20-07994_HIV07-01067_FL21_S1_L000_read_52_count_1      9.93%    passed     95.53%
  99  200709_20-07994_HIV07-01067_FL21_S1_L000_read_53_count_1      9.93%    passed     99.72%
 100  200709_20-07994_HIV07-01067_FL21_S1_L000_read_54_count_1      9.93%    passed     97.65%
 101  200709_20-07994_HIV07-01067_FL21_S1_L000_read_55_count_1      1.47%    passed     93.44%
 102  200709_20-07994_HIV07-01067_FL21_S1_L000_read_56_count_1      9.93%    passed     98.68%
 103  200709_20-07994_HIV07-01067_FL21_S1_L000_read_57_count_1      9.93%    passed     99.09%
 104  200703_20-07825_HIV09-00618_FL18_S6_L000_read_1_count_188     9.93%    passed     99.62%
 105  200703_20-07825_HIV09-00618_FL18_S6_L000_read_2_count_2       9.93%    passed     99.97%
 106  200703_20-07825_HIV09-00618_FL18_S6_L000_read_3_count_1       9.93%    passed     98.35%
 107  200703_20-07825_HIV09-00618_FL18_S6_L000_read_4_count_1       9.93%    passed     98.35%
 108  200703_20-07825_HIV09-00618_FL18_S6_L000_read_5_count_1      10.29%    passed     99.86%
 109  200703_20-07825_HIV09-00618_FL18_S6_L000_read_6_count_1       9.93%    passed     99.26%
 110  200703_20-07825_HIV09-00618_FL18_S6_L000_read_7_count_1       9.93%    passed     98.35%
 111  200703_20-07825_HIV09-00618_FL18_S6_L000_read_8_count_1       9.93%    passed     99.76%
 112  200703_20-07825_HIV09-00618_FL18_S6_L000_read_9_count_1       9.93%    passed     98.73%
 113  200703_20-07825_HIV09-00618_FL18_S6_L000_read_10_count_1      9.93%    passed     99.69%
 114  200703_20-07825_HIV09-00618_FL18_S6_L000_read_11_count_1      9.93%    passed     98.84%
 115  200703_20-07825_HIV09-00618_FL18_S6_L000_read_12_count_1      9.93%    passed     95.67%
 116  200703_20-07825_HIV09-00618_FL18_S6_L000_read_13_count_1      9.93%    passed     99.76%
 117  200703_20-07825_HIV09-00618_FL18_S6_L000_read_14_count_1      9.93%    passed     98.47%
 118  200703_20-07825_HIV09-00618_FL18_S6_L000_read_15_count_1      9.93%    passed     98.83%
 119  200703_20-07825_HIV09-00618_FL18_S6_L000_read_16_count_1      9.93%    passed     97.01%
 120  200703_20-07825_HIV09-00618_FL18_S6_L000_read_17_count_1      9.93%    passed     98.35%
 121  200703_20-07825_HIV09-00618_FL18_S6_L000_read_18_count_1      9.93%    passed     98.83%
 122  200703_20-07825_HIV09-00618_FL18_S6_L000_read_19_count_1      9.93%    passed     98.35%
 123  200703_20-07825_HIV09-00618_FL18_S6_L000_read_20_count_1      9.93%    passed     99.97%
 124  200703_20-07825_HIV09-00618_FL18_S6_L000_read_21_count_1     10.29%    passed     99.86%
 125  200703_20-07825_HIV09-00618_FL18_S6_L000_read_22_count_1      9.93%    passed     99.26%
 126  200703_20-07825_HIV09-00618_FL18_S6_L000_read_23_count_1      9.93%    passed     98.83%
 127  200703_20-07825_HIV09-00618_FL18_S6_L000_read_24_count_1      9.93%    passed     98.93%
 128  200703_20-07825_HIV09-00618_FL18_S6_L000_read_25_count_1      9.93%    passed     90.17%
 129  200703_20-07825_HIV09-00618_FL18_S6_L000_read_26_count_1      9.93%    passed     98.84%
 130  200703_20-07825_HIV09-00618_FL18_S6_L000_read_27_count_1      9.56%    passed     99.85%
 131  200703_20-07825_HIV09-00618_FL18_S6_L000_read_28_count_1      9.93%    passed     98.35%
 132  200703_20-07825_HIV09-00618_FL18_S6_L000_read_29_count_1      9.93%    passed     98.84%
 133  200703_20-07825_HIV09-00618_FL18_S6_L000_read_30_count_1      9.93%    passed     99.97%
 134  200703_20-07825_HIV09-00618_FL18_S6_L000_read_31_count_1      9.93%    passed     98.83%
 135  200814_20-09728_HIV09-02843_FL30_S2_L000_read_1_count_173     9.93%    passed     89.01%
 136  200814_20-09728_HIV09-02843_FL30_S2_L000_read_2_count_9       9.93%    passed     89.70%
 137  200814_20-09728_HIV09-02843_FL30_S2_L000_read_3_count_6       9.93%    passed     87.07%
 138  200814_20-09728_HIV09-02843_FL30_S2_L000_read_4_count_6       9.93%    passed     89.70%
 139  200814_20-09728_HIV09-02843_FL30_S2_L000_read_5_count_5       9.93%    passed     89.70%
 140  200814_20-09728_HIV09-02843_FL30_S2_L000_read_6_count_4       9.93%    passed     95.97%
 141  200814_20-09728_HIV09-02843_FL30_S2_L000_read_7_count_4       9.93%    passed     95.39%
 142  200814_20-09728_HIV09-02843_FL30_S2_L000_read_8_count_4       9.93%    passed     92.66%
 143  200814_20-09728_HIV09-02843_FL30_S2_L000_read_9_count_3       9.93%    passed     89.01%
 144  200814_20-09728_HIV09-02843_FL30_S2_L000_read_10_count_2      9.93%    passed     95.39%
 145  200814_20-09728_HIV09-02843_FL30_S2_L000_read_11_count_1      9.93%    passed     95.97%
 146  200814_20-09728_HIV09-02843_FL30_S2_L000_read_12_count_1      9.93%    passed     90.14%
 147  200814_20-09728_HIV09-02843_FL30_S2_L000_read_13_count_1      9.93%    passed     92.66%
 148  200814_20-09728_HIV09-02843_FL30_S2_L000_read_14_count_1      9.93%    passed     90.14%
 149  200814_20-09728_HIV09-02843_FL30_S2_L000_read_15_count_1      9.93%    passed     87.07%
 150  200814_20-09728_HIV09-02843_FL30_S2_L000_read_16_count_1      9.93%    passed     91.58%
 151  200814_20-09728_HIV09-02843_FL30_S2_L000_read_17_count_1      9.93%    passed     94.56%
 152  200814_20-09728_HIV09-02843_FL30_S2_L000_read_18_count_1      9.93%    passed     84.90%
 153  200814_20-09728_HIV09-02843_FL30_S2_L000_read_19_count_1      9.93%    passed     95.39%
 154  200814_20-09728_HIV09-02843_FL30_S2_L000_read_20_count_1      9.93%    passed     87.07%
 155  200814_20-09728_HIV09-02843_FL30_S2_L000_read_21_count_1      9.93%    passed     90.14%
 156  200814_20-09728_HIV09-02843_FL30_S2_L000_read_22_count_1      9.93%    passed     89.70%
 157  200814_20-09728_HIV09-02843_FL30_S2_L000_read_23_count_1      9.93%    passed     91.58%
 158  200814_20-09728_HIV09-02843_FL30_S2_L000_read_24_count_1      9.93%    passed     95.39%
 159  200814_20-09728_HIV09-02843_FL30_S2_L000_read_25_count_1      9.93%    passed     89.70%
 160  200814_20-09728_HIV09-02843_FL30_S2_L000_read_26_count_1      9.93%    passed     92.66%
 161  200814_20-09728_HIV09-02843_FL30_S2_L000_read_27_count_1      9.93%    passed     89.01%
 162  200814_20-09728_HIV09-02843_FL30_S2_L000_read_28_count_1      9.93%    passed     95.39%
 163  200814_20-09728_HIV09-02843_FL30_S2_L000_read_29_count_1      9.93%    passed     86.08%
 164  200814_20-09728_HIV09-02843_FL30_S2_L000_read_30_count_1      9.93%    passed     86.08%
 165  200814_20-09728_HIV09-02843_FL30_S2_L000_read_31_count_1      9.93%    passed     87.07%
 166  200814_20-09728_HIV09-02843_FL30_S2_L000_read_32_count_1      9.93%    passed     86.08%
 167  200814_20-09728_HIV09-02843_FL30_S2_L000_read_33_count_1      9.93%    passed     91.58%
 168  200814_20-09728_HIV09-02843_FL30_S2_L000_read_34_count_1      9.93%    passed     91.58%
 169  200814_20-09728_HIV09-02843_FL30_S2_L000_read_35_count_1      9.93%    passed     86.08%
 170  200814_20-09728_HIV09-02843_FL30_S2_L000_read_36_count_1      9.93%    passed     89.70%
 171  200814_20-09728_HIV09-02843_FL30_S2_L000_read_37_count_1      9.93%    passed     90.14%
 172  200814_20-09728_HIV09-02843_FL30_S2_L000_read_38_count_1      9.93%    passed     95.39%
 173  200814_20-09728_HIV09-02843_FL30_S2_L000_read_39_count_1      9.93%    passed     95.39%
 174  200814_20-09728_HIV09-02843_FL30_S2_L000_read_40_count_1      9.93%    passed     87.07%
 175  200814_20-09728_HIV09-02843_FL30_S2_L000_read_41_count_1      9.93%    passed     79.54%
 176  200724_20-08522_HIV11-02415_FL24_S18_L000_read_1_count_236    9.93%    passed     97.81%
 177  200724_20-08522_HIV11-02415_FL24_S18_L000_read_2_count_27     9.93%    passed     97.18%
 178  200724_20-08522_HIV11-02415_FL24_S18_L000_read_3_count_8      9.93%    passed     93.50%
 179  200724_20-08522_HIV11-02415_FL24_S18_L000_read_4_count_6      9.93%    passed     97.18%
 180  200724_20-08522_HIV11-02415_FL24_S18_L000_read_5_count_5      9.93%    passed     99.39%
 181  200724_20-08522_HIV11-02415_FL24_S18_L000_read_6_count_4      9.93%    passed     97.69%
 182  200724_20-08522_HIV11-02415_FL24_S18_L000_read_7_count_4      9.93%    passed     97.69%
 183  200724_20-08522_HIV11-02415_FL24_S18_L000_read_8_count_2      9.93%    passed     98.68%
 184  200724_20-08522_HIV11-02415_FL24_S18_L000_read_9_count_2      9.93%    passed     95.51%
 185  200724_20-08522_HIV11-02415_FL24_S18_L000_read_10_count_2     9.93%    passed     97.18%
 186  200724_20-08522_HIV11-02415_FL24_S18_L000_read_11_count_2     9.93%    passed     97.69%
 187  200724_20-08522_HIV11-02415_FL24_S18_L000_read_12_count_2     9.93%    passed     97.56%
 188  200724_20-08522_HIV11-02415_FL24_S18_L000_read_13_count_2     9.93%    passed     99.39%
 189  200724_20-08522_HIV11-02415_FL24_S18_L000_read_14_count_2     9.93%    passed     97.56%
 190  200724_20-08522_HIV11-02415_FL24_S18_L000_read_15_count_2     9.93%    passed     99.52%
 191  200724_20-08522_HIV11-02415_FL24_S18_L000_read_16_count_2     9.93%    passed     99.52%
 192  200724_20-08522_HIV11-02415_FL24_S18_L000_read_17_count_1     9.93%    passed     93.50%
 193  200724_20-08522_HIV11-02415_FL24_S18_L000_read_18_count_1     9.93%    passed     97.38%
 194  200724_20-08522_HIV11-02415_FL24_S18_L000_read_19_count_1     9.93%    passed     95.51%
 195  200724_20-08522_HIV11-02415_FL24_S18_L000_read_20_count_1     9.93%    passed     96.97%
 196  200724_20-08522_HIV11-02415_FL24_S18_L000_read_21_count_1     9.93%    passed     97.56%
 197  200724_20-08522_HIV11-02415_FL24_S18_L000_read_22_count_1     9.93%    passed     93.50%
 198  200724_20-08522_HIV11-02415_FL24_S18_L000_read_23_count_1     9.93%    passed     93.50%
 199  200724_20-08522_HIV11-02415_FL24_S18_L000_read_24_count_1     9.93%    passed     97.18%
 200  200724_20-08522_HIV11-02415_FL24_S18_L000_read_25_count_1     9.93%    passed     97.18%
 201  200724_20-08522_HIV11-02415_FL24_S18_L000_read_26_count_1    17.65%    passed     90.06%
 202  200724_20-08522_HIV11-02415_FL24_S18_L000_read_27_count_1     9.93%    passed     96.97%
 203  200724_20-08522_HIV11-02415_FL24_S18_L000_read_28_count_1     9.93%    passed     99.39%
 204  200724_20-08522_HIV11-02415_FL24_S18_L000_read_29_count_1     9.93%    passed     93.50%
 205  200724_20-08522_HIV11-02415_FL24_S18_L000_read_30_count_1     9.93%    passed     97.81%
 206  200724_20-08522_HIV11-02415_FL24_S18_L000_read_31_count_1     9.93%    passed     99.09%
 207  200724_20-08522_HIV11-02415_FL24_S18_L000_read_32_count_1     9.93%    passed     96.97%
 208  200724_20-08522_HIV11-02415_FL24_S18_L000_read_33_count_1     9.93%    passed     93.83%
 209  200724_20-08522_HIV11-02415_FL24_S18_L000_read_34_count_1     9.93%    passed     97.69%
 210  200724_20-08522_HIV11-02415_FL24_S18_L000_read_35_count_1     9.93%    passed     99.52%
 211  200724_20-08522_HIV11-02415_FL24_S18_L000_read_36_count_1     9.93%    passed     96.97%
 212  200724_20-08522_HIV11-02415_FL24_S18_L000_read_37_count_1     9.93%    passed     96.08%
 213  200724_20-08522_HIV11-02415_FL24_S18_L000_read_38_count_1     9.93%    passed     97.38%
 214  200724_20-08522_HIV11-02415_FL24_S18_L000_read_39_count_1     9.93%    passed     93.18%
 215  200724_20-08522_HIV11-02415_FL24_S18_L000_read_40_count_1     9.93%    passed     95.51%
 216  200724_20-08522_HIV11-02415_FL24_S18_L000_read_41_count_1     9.93%    passed     96.97%
 217  200724_20-08522_HIV11-02415_FL24_S18_L000_read_42_count_1     9.93%    passed     97.38%
 218  200724_20-08522_HIV11-02415_FL24_S18_L000_read_43_count_1     9.93%    passed     99.52%
 219  200724_20-08522_HIV11-02415_FL24_S18_L000_read_44_count_1     9.93%    passed     97.38%
 220  200724_20-08522_HIV11-02415_FL24_S18_L000_read_45_count_1     9.93%    passed     94.22%
 221  200724_20-08522_HIV11-02415_FL24_S18_L000_read_46_count_1     9.93%    passed     95.51%
 222  200724_20-08522_HIV11-02415_FL24_S18_L000_read_47_count_1     9.93%    passed     87.39%
 223  200724_20-08522_HIV11-02415_FL24_S18_L000_read_48_count_1     9.93%    passed     96.08%
 224  200724_20-08522_HIV11-02415_FL24_S18_L000_read_49_count_1     9.56%    passed     98.02%
 225  200724_20-08522_HIV11-02415_FL24_S18_L000_read_50_count_1     9.93%    passed     97.69%
 226  200724_20-08522_HIV11-02415_FL24_S18_L000_read_51_count_1     9.93%    passed     97.18%
 227  200724_20-08522_HIV11-02415_FL24_S18_L000_read_52_count_1     9.93%    passed     96.90%
 228  200724_20-08522_HIV11-02415_FL24_S18_L000_read_53_count_1     9.93%    passed     97.56%
 229  200724_20-08522_HIV11-02415_FL24_S18_L000_read_54_count_1     9.93%    passed     93.18%
 230  200724_20-08522_HIV11-02415_FL24_S18_L000_read_55_count_1     9.93%    passed     97.18%
 231  200724_20-08522_HIV11-02415_FL24_S18_L000_read_56_count_1     9.93%    passed     97.56%
 232  200724_20-08522_HIV11-02415_FL24_S18_L000_read_57_count_1     9.93%    passed     95.51%
 233  200724_20-08522_HIV11-02415_FL24_S18_L000_read_58_count_1     9.93%    passed     97.56%
 234  200724_20-08522_HIV11-02415_FL24_S18_L000_read_59_count_1     9.93%    passed     93.50%
 235  200724_20-08522_HIV11-02415_FL24_S18_L000_read_60_count_1     9.93%    passed     97.56%
 236  200724_20-08522_HIV11-02415_FL24_S18_L000_read_61_count_1     9.93%    passed     94.22%
 237  200724_20-08522_HIV11-02415_FL24_S18_L000_read_62_count_1     9.93%    passed     93.83%
 238  200724_20-08522_HIV11-02415_FL24_S18_L000_read_63_count_1     9.93%    passed     97.18%
 239  200724_20-08522_HIV11-02415_FL24_S18_L000_read_64_count_1     9.93%    passed     93.68%
 240  200724_20-08522_HIV11-02415_FL24_S18_L000_read_65_count_1     9.93%    passed     91.52%
 241  200724_20-08522_HIV11-02415_FL24_S18_L000_read_66_count_1     9.93%    passed     93.50%
 242  200724_20-08522_HIV11-02415_FL24_S18_L000_read_67_count_1     9.93%    passed     96.97%
 243  200724_20-08522_HIV11-02415_FL24_S18_L000_read_68_count_1     9.93%    passed     95.51%
 244  200724_20-08522_HIV11-02415_FL24_S18_L000_read_69_count_1     9.93%    passed     99.52%
 245  200724_20-08522_HIV11-02415_FL24_S18_L000_read_70_count_1     9.93%    passed     97.18%
 246  200724_20-08522_HIV11-02415_FL24_S18_L000_read_71_count_1     9.93%    passed     99.52%
 247  200724_20-08522_HIV11-02415_FL24_S18_L000_read_72_count_1     9.93%    passed     93.50%
 248  200724_20-08522_HIV11-02415_FL24_S18_L000_read_73_count_1     9.93%    passed     99.39%
 249  200724_20-08522_HIV11-02415_FL24_S18_L000_read_74_count_1     9.93%    passed     94.22%
 250  200724_20-08522_HIV11-02415_FL24_S18_L000_read_75_count_1     9.56%    passed     97.96%
 251  200724_20-08522_HIV11-02415_FL24_S18_L000_read_76_count_1     9.93%    passed     99.09%
 252  200724_20-08522_HIV11-02415_FL24_S18_L000_read_77_count_1     9.93%    passed     96.90%
 253  200724_20-08522_HIV11-02415_FL24_S18_L000_read_78_count_1     9.93%    passed     86.03%
 254  200724_20-08522_HIV11-02415_FL24_S18_L000_read_79_count_1     9.93%    passed     93.50%
 255  200724_20-08522_HIV11-02415_FL24_S18_L000_read_80_count_1     9.93%    passed     97.81%
 256  200724_20-08522_HIV11-02415_FL24_S18_L000_read_81_count_1     9.93%    passed     97.38%
 257  200724_20-08522_HIV11-02415_FL24_S18_L000_read_82_count_1     9.93%    passed     93.50%
 258  200724_20-08522_HIV11-02415_FL24_S18_L000_read_83_count_1     9.56%    passed     98.02%
 259  200724_20-08522_HIV11-02415_FL24_S18_L000_read_84_count_1     9.93%    passed     97.69%
 260  200724_20-08522_HIV11-02415_FL24_S18_L000_read_85_count_1     9.93%    passed     99.52%
 261  200724_20-08522_HIV11-02415_FL24_S18_L000_read_86_count_1     9.93%    passed     92.29%
 262  200724_20-08522_HIV11-02415_FL24_S18_L000_read_87_count_1    10.29%    passed     96.88%
 263  200724_20-08522_HIV11-02415_FL24_S18_L000_read_88_count_1     9.93%    passed     99.09%
 264  200724_20-08522_HIV11-02415_FL24_S18_L000_read_89_count_1     9.93%    passed     88.07%
 265  200724_20-08522_HIV11-02415_FL24_S18_L000_read_90_count_1     9.93%    passed     97.56%
 266  B.FR.83.HXB2_LAI_IIIB_BRU.K03455                              9.93%    passed     99.39%
 267  C.BW.00.00BW07621.AF443088                                    9.93%    passed     99.76%
****  TOTAL                                                         9.95%  0 sequences failed composition chi2 test (p-value<5%; df=3)
Checking for duplicate sequences: done in 0.000455688 secs using 421.3% CPU

Create initial parsimony tree by phylogenetic likelihood library (PLL)... 0.014 seconds

NOTE: 9 MB RAM (0 GB) is required!
WARNING: Number of threads seems too high for short alignments. Use -T AUTO to determine best number of threads.
Estimate model parameters (epsilon = 0.100)
1. Initial log-likelihood: -2641.366
2. Current log-likelihood: -2584.507
3. Current log-likelihood: -2583.757
4. Current log-likelihood: -2583.591
5. Current log-likelihood: -2583.428
6. Current log-likelihood: -2583.253
7. Current log-likelihood: -2583.062
8. Current log-likelihood: -2582.862
9. Current log-likelihood: -2582.668
10. Current log-likelihood: -2582.513
Optimal log-likelihood: -2582.418
Rate parameters:  A-C: 0.70895  A-G: 0.98084  A-T: 0.36439  C-G: 0.20852  C-T: 2.16267  G-T: 1.00000
Base frequencies:  A: 0.427  C: 0.137  G: 0.240  T: 0.195
Site proportion and rates:  (0.165,0.157) (0.158,0.440) (0.192,1.021) (0.224,1.233) (0.230,1.308) (0.031,4.247)
Parameters optimization took 10 rounds (2.933 sec)
Wrote distance file to... 
Computing ML distances based on estimated model parameters...
Calculating distance matrix: done in 0.339473 secs using 199.6% CPU
Computing ML distances took 0.339947 sec (of wall-clock time) 0.677840 sec (of CPU time)
Setting up auxiliary I and S matrices: done in 0.0255515 secs using 186.4% CPU
Constructing RapidNJ tree: done in 0.0477981 secs using 44.36% CPU
Computing RapidNJ tree took 0.073503 sec (of wall-clock time) 0.068897 sec (of CPU time)
Log-likelihood of RapidNJ tree: -2578.250
--------------------------------------------------------------------
|             INITIALIZING CANDIDATE TREE SET                      |
--------------------------------------------------------------------
Generating 98 parsimony trees... 1.618 second
Computing log-likelihood of 98 initial trees ... 1.762 seconds
Current best score: -2575.078

Do NNI search on 20 best initial trees
Optimizing NNI: done in 0.186472 secs using 194.4% CPU
Estimate model parameters (epsilon = 0.100)
BETTER TREE FOUND at iteration 1: -2573.821
Optimizing NNI: done in 0.173832 secs using 198.9% CPU
Estimate model parameters (epsilon = 0.100)
BETTER TREE FOUND at iteration 2: -2573.633
Optimizing NNI: done in 0.125387 secs using 198.9% CPU
Optimizing NNI: done in 0.183034 secs using 200.5% CPU
Estimate model parameters (epsilon = 0.100)
BETTER TREE FOUND at iteration 4: -2571.211
Optimizing NNI: done in 0.229728 secs using 197.4% CPU
Estimate model parameters (epsilon = 0.100)
BETTER TREE FOUND at iteration 5: -2570.939
Optimizing NNI: done in 0.12279 secs using 197.7% CPU
Optimizing NNI: done in 0.291568 secs using 196% CPU
Optimizing NNI: done in 0.18396 secs using 197.8% CPU
Optimizing NNI: done in 0.235907 secs using 198.3% CPU
Optimizing NNI: done in 0.182796 secs using 198.5% CPU
Iteration 10 / LogL: -2576.512 / Time: 0h:0m:10s
Optimizing NNI: done in 0.18837 secs using 193.4% CPU
Optimizing NNI: done in 0.279755 secs using 190.1% CPU
Optimizing NNI: done in 0.283501 secs using 197.4% CPU
Optimizing NNI: done in 0.179007 secs using 198.3% CPU
Optimizing NNI: done in 0.12825 secs using 196.7% CPU
Optimizing NNI: done in 0.366185 secs using 199.4% CPU
Estimate model parameters (epsilon = 0.100)
BETTER TREE FOUND at iteration 16: -2562.622
Optimizing NNI: done in 0.234931 secs using 198.7% CPU
Optimizing NNI: done in 0.180479 secs using 195.3% CPU
Optimizing NNI: done in 0.18298 secs using 196.2% CPU
Optimizing NNI: done in 0.23017 secs using 197.3% CPU
Iteration 20 / LogL: -2576.475 / Time: 0h:0m:13s
Finish initializing candidate tree set (20)
Current best tree score: -2562.622 / CPU time: 10.432
Number of iterations: 20
--------------------------------------------------------------------
|               OPTIMIZING CANDIDATE TREE SET                      |
--------------------------------------------------------------------
Optimizing NNI: done in 0.325325 secs using 198.3% CPU
Optimizing NNI: done in 0.367022 secs using 199.9% CPU
Optimizing NNI: done in 0.366615 secs using 196.8% CPU
Optimizing NNI: done in 0.465407 secs using 196.2% CPU
Optimizing NNI: done in 0.402989 secs using 196.1% CPU
Optimizing NNI: done in 0.480062 secs using 197.3% CPU
Optimizing NNI: done in 0.330642 secs using 194.4% CPU
Optimizing NNI: done in 0.36831 secs using 197.7% CPU
Optimizing NNI: done in 0.419989 secs using 197.1% CPU
Optimizing NNI: done in 0.393312 secs using 198.6% CPU
Iteration 30 / LogL: -2570.740 / Time: 0h:0m:17s (0h:0m:53s left)
Optimizing NNI: done in 0.310088 secs using 194.2% CPU
Optimizing NNI: done in 0.404267 secs using 196% CPU
Optimizing NNI: done in 0.191102 secs using 199.9% CPU
Optimizing NNI: done in 0.249909 secs using 197% CPU
Optimizing NNI: done in 0.437022 secs using 195% CPU
Optimizing NNI: done in 0.351431 secs using 196.7% CPU
Optimizing NNI: done in 0.421877 secs using 193.8% CPU
Optimizing NNI: done in 0.41964 secs using 195.3% CPU
Optimizing NNI: done in 0.247861 secs using 196.5% CPU
Optimizing NNI: done in 0.301076 secs using 198.3% CPU
Iteration 40 / LogL: -2579.712 / Time: 0h:0m:21s (0h:0m:41s left)
Optimizing NNI: done in 0.495009 secs using 195.4% CPU
Optimizing NNI: done in 0.404481 secs using 197.8% CPU
Optimizing NNI: done in 0.292052 secs using 195.9% CPU
Optimizing NNI: done in 0.241324 secs using 199.4% CPU
Optimizing NNI: done in 0.549324 secs using 193.2% CPU
Optimizing NNI: done in 0.395462 secs using 192% CPU
Optimizing NNI: done in 0.179592 secs using 198% CPU
Optimizing NNI: done in 0.355153 secs using 200.2% CPU
Optimizing NNI: done in 0.383424 secs using 197% CPU
Optimizing NNI: done in 0.244858 secs using 198% CPU
Iteration 50 / LogL: -2562.863 / Time: 0h:0m:25s (0h:0m:33s left)
Optimizing NNI: done in 0.372122 secs using 196.7% CPU
Optimizing NNI: done in 0.354461 secs using 195.9% CPU
Optimizing NNI: done in 0.313316 secs using 198.3% CPU
Optimizing NNI: done in 0.449103 secs using 195.3% CPU
Optimizing NNI: done in 0.245711 secs using 193.9% CPU
Optimizing NNI: done in 0.30309 secs using 197.7% CPU
Optimizing NNI: done in 0.430328 secs using 196.6% CPU
Optimizing NNI: done in 0.382907 secs using 199.1% CPU
Optimizing NNI: done in 0.348835 secs using 197.5% CPU
Optimizing NNI: done in 0.371538 secs using 199% CPU
Iteration 60 / LogL: -2564.244 / Time: 0h:0m:28s (0h:0m:27s left)
Optimizing NNI: done in 0.469783 secs using 193.7% CPU
Optimizing NNI: done in 0.193932 secs using 196.9% CPU
Optimizing NNI: done in 0.304336 secs using 195.8% CPU
Optimizing NNI: done in 0.245336 secs using 199% CPU
Optimizing NNI: done in 0.235494 secs using 196.8% CPU
Optimizing NNI: done in 0.32274 secs using 197.6% CPU
Optimizing NNI: done in 0.377635 secs using 196.4% CPU
Optimizing NNI: done in 0.295726 secs using 195.8% CPU
Optimizing NNI: done in 0.305056 secs using 198.3% CPU
Optimizing NNI: done in 0.380548 secs using 199.6% CPU
Iteration 70 / LogL: -2562.863 / Time: 0h:0m:32s (0h:0m:21s left)
Optimizing NNI: done in 0.334298 secs using 196.9% CPU
Optimizing NNI: done in 0.279244 secs using 198.8% CPU
Optimizing NNI: done in 0.435922 secs using 199.1% CPU
Optimizing NNI: done in 0.435384 secs using 194.6% CPU
Optimizing NNI: done in 0.309893 secs using 199.1% CPU
Optimizing NNI: done in 0.479373 secs using 198.2% CPU
Optimizing NNI: done in 0.433891 secs using 199.3% CPU
Optimizing NNI: done in 0.30336 secs using 195.9% CPU
Optimizing NNI: done in 0.305321 secs using 198.3% CPU
Optimizing NNI: done in 0.252906 secs using 199.6% CPU
Iteration 80 / LogL: -2562.862 / Time: 0h:0m:35s (0h:0m:16s left)
Optimizing NNI: done in 0.339746 secs using 197.7% CPU
Optimizing NNI: done in 0.362194 secs using 198.3% CPU
Optimizing NNI: done in 0.389928 secs using 200.2% CPU
Optimizing NNI: done in 0.358365 secs using 199.3% CPU
Optimizing NNI: done in 0.385819 secs using 193.3% CPU
Optimizing NNI: done in 0.314439 secs using 198% CPU
Optimizing NNI: done in 0.382557 secs using 194.1% CPU
Optimizing NNI: done in 0.348844 secs using 197.5% CPU
Optimizing NNI: done in 0.412387 secs using 192.9% CPU
Optimizing NNI: done in 0.346093 secs using 197.1% CPU
Iteration 90 / LogL: -2579.645 / Time: 0h:0m:39s (0h:0m:11s left)
Optimizing NNI: done in 0.33855 secs using 196.7% CPU
Optimizing NNI: done in 0.248381 secs using 191.8% CPU
Optimizing NNI: done in 0.357898 secs using 199.3% CPU
Optimizing NNI: done in 0.304503 secs using 199.8% CPU
Optimizing NNI: done in 0.30816 secs using 194.7% CPU
Optimizing NNI: done in 0.300766 secs using 198.1% CPU
Optimizing NNI: done in 0.415049 secs using 196.4% CPU
Optimizing NNI: done in 0.238455 secs using 193.9% CPU
Optimizing NNI: done in 0.405225 secs using 196.5% CPU
Optimizing NNI: done in 0.283838 secs using 194.4% CPU
Iteration 100 / LogL: -2578.714 / Time: 0h:0m:42s (0h:0m:6s left)
Optimizing NNI: done in 0.297844 secs using 197.9% CPU
Optimizing NNI: done in 0.31019 secs using 195.4% CPU
Optimizing NNI: done in 0.369832 secs using 190.9% CPU
BETTER TREE FOUND at iteration 103: -2562.619
Optimizing NNI: done in 0.365955 secs using 199.3% CPU
Optimizing NNI: done in 0.391187 secs using 194.1% CPU
Optimizing NNI: done in 0.298404 secs using 196.3% CPU
Optimizing NNI: done in 0.280641 secs using 194.1% CPU
Optimizing NNI: done in 0.297626 secs using 192.7% CPU
Optimizing NNI: done in 0.338476 secs using 196.9% CPU
BETTER TREE FOUND at iteration 109: -2562.615
Optimizing NNI: done in 0.459781 secs using 196.5% CPU
BETTER TREE FOUND at iteration 110: -2562.613
Iteration 110 / LogL: -2562.613 / Time: 0h:0m:46s (0h:0m:42s left)
Optimizing NNI: done in 0.296288 secs using 197.2% CPU
Optimizing NNI: done in 0.29228 secs using 198.5% CPU
Optimizing NNI: done in 0.29035 secs using 200.1% CPU
Optimizing NNI: done in 0.29252 secs using 198.4% CPU
Optimizing NNI: done in 0.307346 secs using 197.1% CPU
Optimizing NNI: done in 0.482394 secs using 194.2% CPU
Optimizing NNI: done in 0.241549 secs using 195.9% CPU
Optimizing NNI: done in 0.394754 secs using 193.2% CPU
Optimizing NNI: done in 0.311569 secs using 198.8% CPU
Optimizing NNI: done in 0.384001 secs using 199% CPU
Iteration 120 / LogL: -2562.617 / Time: 0h:0m:49s (0h:0m:37s left)
Optimizing NNI: done in 0.386374 secs using 195% CPU
Optimizing NNI: done in 0.468637 secs using 198.8% CPU
Optimizing NNI: done in 0.329379 secs using 195.9% CPU
Optimizing NNI: done in 0.573767 secs using 196.7% CPU
Optimizing NNI: done in 0.306958 secs using 200.3% CPU
Optimizing NNI: done in 0.390732 secs using 197.3% CPU
Optimizing NNI: done in 0.295613 secs using 197.4% CPU
Optimizing NNI: done in 0.234016 secs using 199.1% CPU
Optimizing NNI: done in 0.400006 secs using 199% CPU
Optimizing NNI: done in 0.346451 secs using 198.1% CPU
Estimate model parameters (epsilon = 0.100)
BETTER TREE FOUND at iteration 130: -2562.249
Iteration 130 / LogL: -2562.249 / Time: 0h:0m:54s (0h:0m:41s left)
Optimizing NNI: done in 0.346806 secs using 198% CPU
Estimate model parameters (epsilon = 0.100)
BETTER TREE FOUND at iteration 131: -2561.993
Optimizing NNI: done in 0.363205 secs using 196.9% CPU
Optimizing NNI: done in 0.299821 secs using 194.7% CPU
Optimizing NNI: done in 0.407354 secs using 196.2% CPU
Optimizing NNI: done in 0.300756 secs using 198.4% CPU
Optimizing NNI: done in 0.295734 secs using 198.7% CPU
Optimizing NNI: done in 0.235255 secs using 200.2% CPU
Optimizing NNI: done in 0.238908 secs using 197.1% CPU
Optimizing NNI: done in 0.390845 secs using 198.2% CPU
Optimizing NNI: done in 0.44688 secs using 194.9% CPU
Iteration 140 / LogL: -2563.520 / Time: 0h:0m:57s (0h:0m:37s left)
Optimizing NNI: done in 0.294649 secs using 199.1% CPU
Optimizing NNI: done in 0.400034 secs using 196% CPU
Optimizing NNI: done in 0.292241 secs using 195.8% CPU
Optimizing NNI: done in 0.460086 secs using 195.5% CPU
Optimizing NNI: done in 0.244112 secs using 198.2% CPU
Optimizing NNI: done in 0.478167 secs using 195.2% CPU
Optimizing NNI: done in 0.399099 secs using 198.2% CPU
BETTER TREE FOUND at iteration 147: -2561.992
Optimizing NNI: done in 0.290679 secs using 199.1% CPU
Optimizing NNI: done in 0.301567 secs using 198.1% CPU
Optimizing NNI: done in 0.294231 secs using 198.8% CPU
Iteration 150 / LogL: -2566.194 / Time: 0h:1m:1s (0h:0m:39s left)
Optimizing NNI: done in 0.269331 secs using 198% CPU
Optimizing NNI: done in 0.288753 secs using 194.2% CPU
Optimizing NNI: done in 0.182952 secs using 196% CPU
Optimizing NNI: done in 0.390956 secs using 197.2% CPU
Optimizing NNI: done in 0.350381 secs using 197% CPU
Optimizing NNI: done in 0.300984 secs using 198.3% CPU
Optimizing NNI: done in 0.56655 secs using 196.7% CPU
Optimizing NNI: done in 0.236661 secs using 196.3% CPU
Optimizing NNI: done in 0.321772 secs using 198.1% CPU
BETTER TREE FOUND at iteration 159: -2561.992
Optimizing NNI: done in 0.278482 secs using 196.2% CPU
Iteration 160 / LogL: -2565.117 / Time: 0h:1m:4s (0h:0m:40s left)
Optimizing NNI: done in 0.311027 secs using 195.1% CPU
Optimizing NNI: done in 0.243988 secs using 193.5% CPU
Optimizing NNI: done in 0.31606 secs using 193.7% CPU
Optimizing NNI: done in 0.301521 secs using 200.8% CPU
Optimizing NNI: done in 0.346549 secs using 195.8% CPU
Optimizing NNI: done in 0.403574 secs using 195.1% CPU
Optimizing NNI: done in 0.239033 secs using 198.7% CPU
Optimizing NNI: done in 0.34586 secs using 199.5% CPU
Optimizing NNI: done in 0.381253 secs using 195.3% CPU
Optimizing NNI: done in 0.301626 secs using 195.5% CPU
Iteration 170 / LogL: -2571.388 / Time: 0h:1m:8s (0h:0m:35s left)
Optimizing NNI: done in 0.296136 secs using 194.5% CPU
Optimizing NNI: done in 0.423811 secs using 195.1% CPU
Optimizing NNI: done in 0.314406 secs using 198.8% CPU
Optimizing NNI: done in 0.314156 secs using 199.2% CPU
Optimizing NNI: done in 0.357779 secs using 197.3% CPU
Optimizing NNI: done in 0.486432 secs using 195.9% CPU
Optimizing NNI: done in 0.399839 secs using 197.7% CPU
Optimizing NNI: done in 0.300356 secs using 195.9% CPU
Optimizing NNI: done in 0.382252 secs using 194.1% CPU
BETTER TREE FOUND at iteration 179: -2561.990
Optimizing NNI: done in 0.308438 secs using 194.6% CPU
Iteration 180 / LogL: -2563.711 / Time: 0h:1m:11s (0h:0m:39s left)
Optimizing NNI: done in 0.365347 secs using 196% CPU
Optimizing NNI: done in 0.308317 secs using 194.7% CPU
Optimizing NNI: done in 0.422992 secs using 193.6% CPU
Optimizing NNI: done in 0.391577 secs using 195% CPU
Optimizing NNI: done in 0.397271 secs using 191.5% CPU
Optimizing NNI: done in 0.349662 secs using 191.4% CPU
Optimizing NNI: done in 0.334647 secs using 188.2% CPU
Optimizing NNI: done in 0.309255 secs using 196.9% CPU
Optimizing NNI: done in 0.260057 secs using 196.9% CPU
Optimizing NNI: done in 0.40011 secs using 191.9% CPU
Iteration 190 / LogL: -2566.217 / Time: 0h:1m:15s (0h:0m:35s left)
Optimizing NNI: done in 0.324628 secs using 188.5% CPU
Optimizing NNI: done in 0.494263 secs using 191.2% CPU
Optimizing NNI: done in 0.329676 secs using 192.1% CPU
Optimizing NNI: done in 0.277666 secs using 189.2% CPU
Optimizing NNI: done in 0.318995 secs using 192.7% CPU
Optimizing NNI: done in 0.485095 secs using 190.6% CPU
Optimizing NNI: done in 0.320166 secs using 196.2% CPU
Optimizing NNI: done in 0.391309 secs using 192% CPU
Optimizing NNI: done in 0.311317 secs using 200% CPU
Optimizing NNI: done in 0.431422 secs using 193.6% CPU
Iteration 200 / LogL: -2564.012 / Time: 0h:1m:19s (0h:0m:31s left)
Optimizing NNI: done in 0.344794 secs using 187% CPU
Optimizing NNI: done in 0.359777 secs using 188.7% CPU
Optimizing NNI: done in 0.283223 secs using 191.7% CPU
Optimizing NNI: done in 0.282763 secs using 184.8% CPU
Optimizing NNI: done in 0.407236 secs using 190.1% CPU
Optimizing NNI: done in 0.351048 secs using 187.6% CPU
Optimizing NNI: done in 0.335079 secs using 187.1% CPU
Optimizing NNI: done in 0.354946 secs using 189% CPU
Optimizing NNI: done in 0.545364 secs using 186.5% CPU
Optimizing NNI: done in 0.382647 secs using 199.3% CPU
Iteration 210 / LogL: -2563.852 / Time: 0h:1m:23s (0h:0m:27s left)
Optimizing NNI: done in 0.3819 secs using 195.3% CPU
Optimizing NNI: done in 0.394797 secs using 194.2% CPU
Optimizing NNI: done in 0.39842 secs using 194.3% CPU
Optimizing NNI: done in 0.516984 secs using 196.5% CPU
Optimizing NNI: done in 0.263411 secs using 190.7% CPU
Optimizing NNI: done in 0.316369 secs using 197.2% CPU
Optimizing NNI: done in 0.394301 secs using 192.3% CPU
Optimizing NNI: done in 0.319482 secs using 191.4% CPU
Optimizing NNI: done in 0.393653 secs using 197.3% CPU
Optimizing NNI: done in 0.593574 secs using 192.9% CPU
Iteration 220 / LogL: -2562.942 / Time: 0h:1m:27s (0h:0m:23s left)
Optimizing NNI: done in 0.258393 secs using 196% CPU
Optimizing NNI: done in 0.366022 secs using 200.5% CPU
Optimizing NNI: done in 0.321742 secs using 194.5% CPU
Optimizing NNI: done in 0.415032 secs using 195.4% CPU
Optimizing NNI: done in 0.429345 secs using 197.8% CPU
Optimizing NNI: done in 0.314603 secs using 196.6% CPU
Optimizing NNI: done in 0.263138 secs using 197.3% CPU
Optimizing NNI: done in 0.346365 secs using 194.7% CPU
Optimizing NNI: done in 0.32236 secs using 195.5% CPU
Optimizing NNI: done in 0.315786 secs using 200.1% CPU
Iteration 230 / LogL: -2561.992 / Time: 0h:1m:30s (0h:0m:19s left)
Optimizing NNI: done in 0.553339 secs using 196.1% CPU
Optimizing NNI: done in 0.317703 secs using 193.2% CPU
Optimizing NNI: done in 0.26728 secs using 197.3% CPU
Optimizing NNI: done in 0.373591 secs using 196.3% CPU
Optimizing NNI: done in 0.392313 secs using 197.6% CPU
Optimizing NNI: done in 0.4229 secs using 196.5% CPU
Optimizing NNI: done in 0.4049 secs using 197.8% CPU
Optimizing NNI: done in 0.396001 secs using 197% CPU
Optimizing NNI: done in 0.303758 secs using 196.1% CPU
Optimizing NNI: done in 0.318248 secs using 199.3% CPU
Iteration 240 / LogL: -2586.178 / Time: 0h:1m:34s (0h:0m:15s left)
Optimizing NNI: done in 0.377439 secs using 196.4% CPU
Optimizing NNI: done in 0.256237 secs using 198.4% CPU
Optimizing NNI: done in 0.314014 secs using 193% CPU
Optimizing NNI: done in 0.320571 secs using 197.3% CPU
Optimizing NNI: done in 0.32369 secs using 198.6% CPU
Optimizing NNI: done in 0.354376 secs using 190.3% CPU
Optimizing NNI: done in 0.357009 secs using 194.1% CPU
Optimizing NNI: done in 0.311788 secs using 197.3% CPU
Optimizing NNI: done in 0.463703 secs using 197.5% CPU
Optimizing NNI: done in 0.382239 secs using 197.3% CPU
Iteration 250 / LogL: -2570.693 / Time: 0h:1m:38s (0h:0m:11s left)
Optimizing NNI: done in 0.36215 secs using 199.4% CPU
Optimizing NNI: done in 0.376257 secs using 197.4% CPU
Optimizing NNI: done in 0.32357 secs using 195.2% CPU
Optimizing NNI: done in 0.25899 secs using 197.3% CPU
Optimizing NNI: done in 0.43446 secs using 198.5% CPU
Optimizing NNI: done in 0.338188 secs using 198.2% CPU
Optimizing NNI: done in 0.419787 secs using 199.1% CPU
Optimizing NNI: done in 0.390992 secs using 197.2% CPU
Optimizing NNI: done in 0.435783 secs using 197.2% CPU
Optimizing NNI: done in 0.473313 secs using 198.9% CPU
Iteration 260 / LogL: -2563.710 / Time: 0h:1m:42s (0h:0m:7s left)
Optimizing NNI: done in 0.26688 secs using 198.8% CPU
Optimizing NNI: done in 0.320222 secs using 194.8% CPU
Optimizing NNI: done in 0.319159 secs using 191.5% CPU
Optimizing NNI: done in 0.429537 secs using 193.1% CPU
Optimizing NNI: done in 0.399695 secs using 196.1% CPU
Optimizing NNI: done in 0.156203 secs using 199.8% CPU
Optimizing NNI: done in 0.401463 secs using 197.5% CPU
Optimizing NNI: done in 0.428018 secs using 197.2% CPU
Optimizing NNI: done in 0.257283 secs using 199% CPU
Optimizing NNI: done in 0.288627 secs using 195.5% CPU
Iteration 270 / LogL: -2565.116 / Time: 0h:1m:45s (0h:0m:3s left)
Optimizing NNI: done in 0.310609 secs using 192.7% CPU
Optimizing NNI: done in 0.431089 secs using 194.6% CPU
Optimizing NNI: done in 0.358496 secs using 199.3% CPU
Optimizing NNI: done in 0.253989 secs using 197.6% CPU
Optimizing NNI: done in 0.370205 secs using 200.3% CPU
Optimizing NNI: done in 0.260623 secs using 199.5% CPU
Optimizing NNI: done in 0.314916 secs using 194% CPU
Optimizing NNI: done in 0.262564 secs using 192.9% CPU
Optimizing NNI: done in 0.303322 secs using 192.3% CPU
Optimizing NNI: done in 0.253298 secs using 196.3% CPU
Iteration 280 / LogL: -2561.992 / Time: 0h:1m:48s (0h:0m:-1s left)
TREE SEARCH COMPLETED AFTER 280 ITERATIONS / Time: 0h:1m:48s

--------------------------------------------------------------------
|                    FINALIZING TREE SEARCH                        |
--------------------------------------------------------------------
Performs final model parameters optimization
Estimate model parameters (epsilon = 0.010)
1. Initial log-likelihood: -2561.990
Optimal log-likelihood: -2561.988
Rate parameters:  A-C: 0.90207  A-G: 1.09428  A-T: 0.33219  C-G: 0.22966  C-T: 2.58634  G-T: 1.00000
Base frequencies:  A: 0.427  C: 0.137  G: 0.240  T: 0.195
Site proportion and rates:  (0.178,0.167) (0.161,0.409) (0.192,1.114) (0.226,1.316) (0.232,1.368) (0.010,7.640)
Parameters optimization took 1 rounds (0.340 sec)
BEST SCORE FOUND : -2561.988
Total tree length: 1.328

Total number of iterations: 280
CPU time used for tree search: 204.098 sec (0h:3m:24s)
Wall-clock time used for tree search: 105.269 sec (0h:1m:45s)
Total CPU time used: 211.595 sec (0h:3m:31s)
Total wall-clock time used: 109.104 sec (0h:1m:49s)

Analysis results written to: 
  IQ-TREE report:                IQTREE_bestTree.InWindow_4760_to_5010.iqtree
  Maximum-likelihood tree:       IQTREE_bestTree.InWindow_4760_to_5010.treefile
  Likelihood distances:          IQTREE_bestTree.InWindow_4760_to_5010.mldist
  Screen log file:               IQTREE_bestTree.InWindow_4760_to_5010.log

Date and Time: Tue Jul 25 12:16:03 2023
