IQ-TREE multicore version 2.2.2.7 COVID-edition for Linux 64-bit built Jun  7 2023
Developed by Bui Quang Minh, James Barbetti, Nguyen Lam Tung,
Olga Chernomor, Heiko Schmidt, Dominik Schrempf, Michael Woodhams, Ly Trong Nhan.

Host:    hpc-node03 (AVX2, FMA3, 1007 GB RAM)
Command: iqtree -s AlignedReadsInWindow_PositionsExcised_4810_to_5060.fasta -pre IQTREE_bestTree.InWindow_4810_to_5060 -m GTR+F+R6 -nt 4
Seed:    378219 (Using SPRNG - Scalable Parallel Random Number Generator)
Time:    Sun Jul 23 04:28:23 2023
Kernel:  AVX+FMA - 4 threads (4 CPU cores detected)

Reading alignment file AlignedReadsInWindow_PositionsExcised_4810_to_5060.fasta ... Fasta format detected
Reading fasta file: done in 0.00350407 secs using 73.23% CPU
Alignment most likely contains DNA/RNA sequences
Constructing alignment: done in 0.00158209 secs using 86.59% CPU
Alignment has 452 sequences with 249 columns, 218 distinct patterns
117 parsimony-informative, 93 singleton sites, 39 constant sites
                                                            Gap/Ambiguity  Composition  p-value
Analyzing sequences: done in 0.00755678 secs using 302.6% CPU
   1  200724_20-08522_HIV11-02415_FL24_S18_L000_read_1_count_208    1.61%    passed     97.85%
   2  200724_20-08522_HIV11-02415_FL24_S18_L000_read_2_count_32     1.61%    passed     97.41%
   3  200724_20-08522_HIV11-02415_FL24_S18_L000_read_3_count_24     1.61%    passed     97.86%
   4  200724_20-08522_HIV11-02415_FL24_S18_L000_read_4_count_15     1.61%    passed     93.41%
   5  200724_20-08522_HIV11-02415_FL24_S18_L000_read_5_count_10     1.61%    passed     97.41%
   6  200724_20-08522_HIV11-02415_FL24_S18_L000_read_6_count_6      1.61%    passed     97.41%
   7  200724_20-08522_HIV11-02415_FL24_S18_L000_read_7_count_5      1.61%    passed     97.86%
   8  200724_20-08522_HIV11-02415_FL24_S18_L000_read_8_count_4      1.61%    passed     97.73%
   9  200724_20-08522_HIV11-02415_FL24_S18_L000_read_9_count_3      1.61%    passed     97.41%
  10  200724_20-08522_HIV11-02415_FL24_S18_L000_read_10_count_3     1.61%    passed     92.82%
  11  200724_20-08522_HIV11-02415_FL24_S18_L000_read_11_count_3     1.61%    passed     93.41%
  12  200724_20-08522_HIV11-02415_FL24_S18_L000_read_12_count_3     1.61%    passed     99.61%
  13  200724_20-08522_HIV11-02415_FL24_S18_L000_read_13_count_3     1.61%    passed     98.86%
  14  200724_20-08522_HIV11-02415_FL24_S18_L000_read_14_count_3     1.61%    passed     93.41%
  15  200724_20-08522_HIV11-02415_FL24_S18_L000_read_15_count_2     1.61%    passed     92.84%
  16  200724_20-08522_HIV11-02415_FL24_S18_L000_read_16_count_2     1.61%    passed     97.40%
  17  200724_20-08522_HIV11-02415_FL24_S18_L000_read_17_count_2     1.61%    passed     99.41%
  18  200724_20-08522_HIV11-02415_FL24_S18_L000_read_18_count_2     1.61%    passed     97.86%
  19  200724_20-08522_HIV11-02415_FL24_S18_L000_read_19_count_2     1.61%    passed     99.41%
  20  200724_20-08522_HIV11-02415_FL24_S18_L000_read_20_count_2     1.61%    passed     93.41%
  21  200724_20-08522_HIV11-02415_FL24_S18_L000_read_21_count_2     1.61%    passed     97.41%
  22  200724_20-08522_HIV11-02415_FL24_S18_L000_read_22_count_2     1.61%    passed     95.98%
  23  200724_20-08522_HIV11-02415_FL24_S18_L000_read_23_count_2     1.61%    passed     97.73%
  24  200724_20-08522_HIV11-02415_FL24_S18_L000_read_24_count_1     1.61%    passed     97.40%
  25  200724_20-08522_HIV11-02415_FL24_S18_L000_read_25_count_1     1.61%    passed     94.31%
  26  200724_20-08522_HIV11-02415_FL24_S18_L000_read_26_count_1     1.61%    passed     97.40%
  27  200724_20-08522_HIV11-02415_FL24_S18_L000_read_27_count_1     1.61%    passed     97.40%
  28  200724_20-08522_HIV11-02415_FL24_S18_L000_read_28_count_1     1.61%    passed     94.31%
  29  200724_20-08522_HIV11-02415_FL24_S18_L000_read_29_count_1     1.61%    passed     97.41%
  30  200724_20-08522_HIV11-02415_FL24_S18_L000_read_30_count_1     1.61%    passed     93.41%
  31  200724_20-08522_HIV11-02415_FL24_S18_L000_read_31_count_1     1.61%    passed     97.10%
  32  200724_20-08522_HIV11-02415_FL24_S18_L000_read_32_count_1     1.61%    passed     96.80%
  33  200724_20-08522_HIV11-02415_FL24_S18_L000_read_33_count_1     1.61%    passed     97.41%
  34  200724_20-08522_HIV11-02415_FL24_S18_L000_read_34_count_1     1.61%    passed     97.40%
  35  200724_20-08522_HIV11-02415_FL24_S18_L000_read_35_count_1     1.61%    passed     95.98%
  36  200724_20-08522_HIV11-02415_FL24_S18_L000_read_36_count_1     1.61%    passed     97.85%
  37  200724_20-08522_HIV11-02415_FL24_S18_L000_read_37_count_1     1.61%    passed     99.41%
  38  200724_20-08522_HIV11-02415_FL24_S18_L000_read_38_count_1     1.61%    passed     94.31%
  39  200724_20-08522_HIV11-02415_FL24_S18_L000_read_39_count_1     1.61%    passed     94.45%
  40  200724_20-08522_HIV11-02415_FL24_S18_L000_read_40_count_1     1.61%    passed     92.84%
  41  200724_20-08522_HIV11-02415_FL24_S18_L000_read_41_count_1     1.61%    passed     97.41%
  42  200724_20-08522_HIV11-02415_FL24_S18_L000_read_42_count_1     1.61%    passed     97.41%
  43  200724_20-08522_HIV11-02415_FL24_S18_L000_read_43_count_1     1.61%    passed     99.33%
  44  200724_20-08522_HIV11-02415_FL24_S18_L000_read_44_count_1     1.61%    passed     93.41%
  45  200724_20-08522_HIV11-02415_FL24_S18_L000_read_45_count_1     1.61%    passed     97.85%
  46  200724_20-08522_HIV11-02415_FL24_S18_L000_read_46_count_1     1.61%    passed     94.31%
  47  200724_20-08522_HIV11-02415_FL24_S18_L000_read_47_count_1     2.01%    passed     97.38%
  48  200724_20-08522_HIV11-02415_FL24_S18_L000_read_48_count_1     1.61%    passed     93.41%
  49  200724_20-08522_HIV11-02415_FL24_S18_L000_read_49_count_1     1.61%    passed     97.40%
  50  200724_20-08522_HIV11-02415_FL24_S18_L000_read_50_count_1     1.61%    passed     97.86%
  51  200724_20-08522_HIV11-02415_FL24_S18_L000_read_51_count_1     1.61%    passed     99.41%
  52  200724_20-08522_HIV11-02415_FL24_S18_L000_read_52_count_1     1.61%    passed     93.41%
  53  200724_20-08522_HIV11-02415_FL24_S18_L000_read_53_count_1     1.61%    passed     94.31%
  54  200724_20-08522_HIV11-02415_FL24_S18_L000_read_54_count_1     1.61%    passed     97.86%
  55  200724_20-08522_HIV11-02415_FL24_S18_L000_read_55_count_1     1.61%    passed     97.40%
  56  200724_20-08522_HIV11-02415_FL24_S18_L000_read_56_count_1     1.61%    passed     83.18%
  57  200724_20-08522_HIV11-02415_FL24_S18_L000_read_57_count_1     1.61%    passed     93.94%
  58  200724_20-08522_HIV11-02415_FL24_S18_L000_read_58_count_1     1.61%    passed     94.14%
  59  200724_20-08522_HIV11-02415_FL24_S18_L000_read_59_count_1     1.61%    passed     96.64%
  60  200724_20-08522_HIV11-02415_FL24_S18_L000_read_60_count_1     1.61%    passed     99.32%
  61  200724_20-08522_HIV11-02415_FL24_S18_L000_read_61_count_1     1.61%    passed     95.94%
  62  200724_20-08522_HIV11-02415_FL24_S18_L000_read_62_count_1     1.61%    passed     99.41%
  63  200724_20-08522_HIV11-02415_FL24_S18_L000_read_63_count_1     1.61%    passed     92.82%
  64  200724_20-08522_HIV11-02415_FL24_S18_L000_read_64_count_1     1.61%    passed     99.61%
  65  200724_20-08522_HIV11-02415_FL24_S18_L000_read_65_count_1     1.61%    passed     94.02%
  66  200724_20-08522_HIV11-02415_FL24_S18_L000_read_66_count_1     1.61%    passed     76.57%
  67  200724_20-08522_HIV11-02415_FL24_S18_L000_read_67_count_1     1.61%    passed     96.80%
  68  200724_20-08522_HIV11-02415_FL24_S18_L000_read_68_count_1     1.61%    passed     92.84%
  69  200724_20-08522_HIV11-02415_FL24_S18_L000_read_69_count_1     1.61%    passed     95.98%
  70  200724_20-08522_HIV11-02415_FL24_S18_L000_read_70_count_1     1.61%    passed     97.41%
  71  200724_20-08522_HIV11-02415_FL24_S18_L000_read_71_count_1     1.61%    passed     94.31%
  72  200724_20-08522_HIV11-02415_FL24_S18_L000_read_72_count_1     1.61%    passed     94.14%
  73  200724_20-08522_HIV11-02415_FL24_S18_L000_read_73_count_1     1.61%    passed     96.80%
  74  200724_20-08522_HIV11-02415_FL24_S18_L000_read_74_count_1     1.61%    passed     97.73%
  75  200724_20-08522_HIV11-02415_FL24_S18_L000_read_75_count_1     2.01%    passed     96.75%
  76  200724_20-08522_HIV11-02415_FL24_S18_L000_read_76_count_1     1.61%    passed     97.85%
  77  200724_20-08522_HIV11-02415_FL24_S18_L000_read_77_count_1     1.61%    passed     97.41%
  78  200724_20-08522_HIV11-02415_FL24_S18_L000_read_78_count_1     1.61%    passed     97.73%
  79  200724_20-08522_HIV11-02415_FL24_S18_L000_read_79_count_1     1.61%    passed     96.64%
  80  200724_20-08522_HIV11-02415_FL24_S18_L000_read_80_count_1     1.61%    passed     97.40%
  81  200724_20-08522_HIV11-02415_FL24_S18_L000_read_81_count_1     1.61%    passed     93.41%
  82  200724_20-08522_HIV11-02415_FL24_S18_L000_read_82_count_1     1.61%    passed     97.41%
  83  200724_20-08522_HIV11-02415_FL24_S18_L000_read_83_count_1     1.61%    passed     97.40%
  84  200724_20-08522_HIV11-02415_FL24_S18_L000_read_84_count_1     1.61%    passed     97.85%
  85  200724_20-08522_HIV11-02415_FL24_S18_L000_read_85_count_1     1.61%    passed     97.40%
  86  200724_20-08522_HIV11-02415_FL24_S18_L000_read_86_count_1     1.61%    passed     99.41%
  87  200724_20-08522_HIV11-02415_FL24_S18_L000_read_87_count_1     1.61%    passed     97.40%
  88  200724_20-08522_HIV11-02415_FL24_S18_L000_read_88_count_1     1.61%    passed     97.40%
  89  200724_20-08522_HIV11-02415_FL24_S18_L000_read_89_count_1     1.61%    passed     97.85%
  90  200724_20-08522_HIV11-02415_FL24_S18_L000_read_90_count_1     1.61%    passed     97.40%
  91  200724_20-08522_HIV11-02415_FL24_S18_L000_read_91_count_1     1.61%    passed     97.85%
  92  200724_20-08522_HIV11-02415_FL24_S18_L000_read_92_count_1     1.61%    passed     97.73%
  93  200724_20-08522_HIV11-02415_FL24_S18_L000_read_93_count_1     1.61%    passed     97.40%
  94  200724_20-08522_HIV11-02415_FL24_S18_L000_read_94_count_1     1.61%    passed     93.41%
  95  200724_20-08522_HIV11-02415_FL24_S18_L000_read_95_count_1     1.61%    passed     97.40%
  96  200724_20-08522_HIV11-02415_FL24_S18_L000_read_96_count_1     1.61%    passed     97.40%
  97  200724_20-08522_HIV11-02415_FL24_S18_L000_read_97_count_1     1.61%    passed     94.14%
  98  200724_20-08522_HIV11-02415_FL24_S18_L000_read_98_count_1     1.61%    passed     95.47%
  99  200724_20-08522_HIV11-02415_FL24_S18_L000_read_99_count_1     1.61%    passed     97.40%
 100  200724_20-08522_HIV11-02415_FL24_S18_L000_read_100_count_1    1.61%    passed     92.82%
 101  200724_20-08522_HIV11-02415_FL24_S18_L000_read_101_count_1    1.61%    passed     99.61%
 102  200724_20-08522_HIV11-02415_FL24_S18_L000_read_102_count_1    1.61%    passed     96.64%
 103  200724_20-08522_HIV11-02415_FL24_S18_L000_read_103_count_1    1.61%    passed     97.10%
 104  200724_20-08522_HIV11-02415_FL24_S18_L000_read_104_count_1    1.61%    passed     97.35%
 105  200724_20-08522_HIV11-02415_FL24_S18_L000_read_105_count_1    1.61%    passed     94.14%
 106  200724_20-08522_HIV11-02415_FL24_S18_L000_read_106_count_1    1.61%    passed     95.47%
 107  200724_20-08522_HIV11-02415_FL24_S18_L000_read_107_count_1    1.61%    passed     97.41%
 108  200724_20-08522_HIV11-02415_FL24_S18_L000_read_108_count_1    1.61%    passed     93.41%
 109  200724_20-08522_HIV11-02415_FL24_S18_L000_read_109_count_1    1.61%    passed     91.14%
 110  200724_20-08522_HIV11-02415_FL24_S18_L000_read_110_count_1    1.61%    passed     95.98%
 111  200724_20-08522_HIV11-02415_FL24_S18_L000_read_111_count_1    1.61%    passed     97.40%
 112  200724_20-08522_HIV11-02415_FL24_S18_L000_read_112_count_1    1.61%    passed     93.41%
 113  200724_20-08522_HIV11-02415_FL24_S18_L000_read_113_count_1    1.61%    passed     93.41%
 114  200724_20-08522_HIV11-02415_FL24_S18_L000_read_114_count_1    1.61%    passed     97.41%
 115  200724_20-08522_HIV11-02415_FL24_S18_L000_read_115_count_1    1.61%    passed     96.67%
 116  200724_20-08522_HIV11-02415_FL24_S18_L000_read_116_count_1    1.61%    passed     97.40%
 117  200724_20-08522_HIV11-02415_FL24_S18_L000_read_117_count_1    1.61%    passed     99.61%
 118  200724_20-08522_HIV11-02415_FL24_S18_L000_read_118_count_1    1.61%    passed     94.31%
 119  200724_20-08522_HIV11-02415_FL24_S18_L000_read_119_count_1    1.61%    passed     92.84%
 120  200724_20-08522_HIV11-02415_FL24_S18_L000_read_120_count_1    1.61%    passed     94.14%
 121  200724_20-08522_HIV11-02415_FL24_S18_L000_read_121_count_1    1.61%    passed     99.41%
 122  200724_20-08522_HIV11-02415_FL24_S18_L000_read_122_count_1    1.61%    passed     96.85%
 123  200724_20-08522_HIV11-02415_FL24_S18_L000_read_123_count_1    1.61%    passed     97.40%
 124  200724_20-08522_HIV11-02415_FL24_S18_L000_read_124_count_1    2.01%    passed     93.46%
 125  200724_20-08522_HIV11-02415_FL24_S18_L000_read_125_count_1    1.61%    passed     98.86%
 126  200724_20-08522_HIV11-02415_FL24_S18_L000_read_126_count_1    1.61%    passed     99.61%
 127  200724_20-08522_HIV11-02415_FL24_S18_L000_read_127_count_1    1.61%    passed     97.40%
 128  200724_20-08522_HIV11-02415_FL24_S18_L000_read_128_count_1    1.61%    passed     99.41%
 129  200724_20-08522_HIV11-02415_FL24_S18_L000_read_129_count_1    1.61%    passed     93.94%
 130  200724_20-08522_HIV11-02415_FL24_S18_L000_read_130_count_1    1.61%    passed     99.61%
 131  200724_20-08522_HIV11-02415_FL24_S18_L000_read_131_count_1    1.61%    passed     99.41%
 132  200724_20-08522_HIV11-02415_FL24_S18_L000_read_132_count_1    1.61%    passed     92.82%
 133  200724_20-08522_HIV11-02415_FL24_S18_L000_read_133_count_1    1.61%    passed     94.31%
 134  200724_20-08522_HIV11-02415_FL24_S18_L000_read_134_count_1    1.61%    passed     96.64%
 135  200724_20-08522_HIV11-02415_FL24_S18_L000_read_135_count_1    1.61%    passed     97.10%
 136  200724_20-08522_HIV11-02415_FL24_S18_L000_read_136_count_1    1.61%    passed     93.41%
 137  200724_20-08522_HIV11-02415_FL24_S18_L000_read_137_count_1    1.61%    passed     97.40%
 138  200724_20-08522_HIV11-02415_FL24_S18_L000_read_138_count_1    1.61%    passed     92.82%
 139  200709_20-07994_HIV07-01067_FL21_S1_L000_read_1_count_396     1.61%    passed     98.97%
 140  200709_20-07994_HIV07-01067_FL21_S1_L000_read_2_count_109     1.61%    passed     95.88%
 141  200709_20-07994_HIV07-01067_FL21_S1_L000_read_3_count_31      1.61%    passed     99.83%
 142  200709_20-07994_HIV07-01067_FL21_S1_L000_read_4_count_5       1.61%    passed     96.06%
 143  200709_20-07994_HIV07-01067_FL21_S1_L000_read_5_count_3       1.61%    passed     99.83%
 144  200709_20-07994_HIV07-01067_FL21_S1_L000_read_6_count_2       1.61%    passed     99.42%
 145  200709_20-07994_HIV07-01067_FL21_S1_L000_read_7_count_2       1.61%    passed     95.88%
 146  200709_20-07994_HIV07-01067_FL21_S1_L000_read_8_count_2       1.61%    passed     99.09%
 147  200709_20-07994_HIV07-01067_FL21_S1_L000_read_9_count_2       1.61%    passed     99.09%
 148  200709_20-07994_HIV07-01067_FL21_S1_L000_read_10_count_2      1.61%    passed     99.09%
 149  200709_20-07994_HIV07-01067_FL21_S1_L000_read_11_count_2      1.61%    passed     99.09%
 150  200709_20-07994_HIV07-01067_FL21_S1_L000_read_12_count_2      1.61%    passed     99.86%
 151  200709_20-07994_HIV07-01067_FL21_S1_L000_read_13_count_2      1.61%    passed     99.09%
 152  200709_20-07994_HIV07-01067_FL21_S1_L000_read_14_count_2      1.61%    passed     99.09%
 153  200709_20-07994_HIV07-01067_FL21_S1_L000_read_15_count_2      1.61%    passed     99.09%
 154  200709_20-07994_HIV07-01067_FL21_S1_L000_read_16_count_2      1.61%    passed     99.09%
 155  200709_20-07994_HIV07-01067_FL21_S1_L000_read_17_count_1      1.61%    passed     99.86%
 156  200709_20-07994_HIV07-01067_FL21_S1_L000_read_18_count_1      1.61%    passed     98.97%
 157  200709_20-07994_HIV07-01067_FL21_S1_L000_read_19_count_1      1.61%    passed     85.48%
 158  200709_20-07994_HIV07-01067_FL21_S1_L000_read_20_count_1      1.61%    passed     99.87%
 159  200709_20-07994_HIV07-01067_FL21_S1_L000_read_21_count_1      1.61%    passed     98.31%
 160  200709_20-07994_HIV07-01067_FL21_S1_L000_read_22_count_1      1.61%    passed     99.09%
 161  200709_20-07994_HIV07-01067_FL21_S1_L000_read_23_count_1      1.61%    passed     96.06%
 162  200709_20-07994_HIV07-01067_FL21_S1_L000_read_24_count_1      1.61%    passed     98.31%
 163  200709_20-07994_HIV07-01067_FL21_S1_L000_read_25_count_1      1.61%    passed     99.09%
 164  200709_20-07994_HIV07-01067_FL21_S1_L000_read_26_count_1      1.61%    passed     98.97%
 165  200709_20-07994_HIV07-01067_FL21_S1_L000_read_27_count_1      1.61%    passed     99.15%
 166  200709_20-07994_HIV07-01067_FL21_S1_L000_read_28_count_1      1.61%    passed     99.83%
 167  200709_20-07994_HIV07-01067_FL21_S1_L000_read_29_count_1      1.61%    passed     95.88%
 168  200709_20-07994_HIV07-01067_FL21_S1_L000_read_30_count_1      1.61%    passed     99.09%
 169  200709_20-07994_HIV07-01067_FL21_S1_L000_read_31_count_1      1.61%    passed     99.42%
 170  200709_20-07994_HIV07-01067_FL21_S1_L000_read_32_count_1      1.61%    passed     98.31%
 171  200709_20-07994_HIV07-01067_FL21_S1_L000_read_33_count_1      1.61%    passed     96.06%
 172  200709_20-07994_HIV07-01067_FL21_S1_L000_read_34_count_1      1.61%    passed     99.09%
 173  200709_20-07994_HIV07-01067_FL21_S1_L000_read_35_count_1      1.61%    passed     95.88%
 174  200709_20-07994_HIV07-01067_FL21_S1_L000_read_36_count_1      1.61%    passed     99.09%
 175  200709_20-07994_HIV07-01067_FL21_S1_L000_read_37_count_1      1.20%    passed     99.77%
 176  200709_20-07994_HIV07-01067_FL21_S1_L000_read_38_count_1      1.61%    passed     94.64%
 177  200709_20-07994_HIV07-01067_FL21_S1_L000_read_39_count_1      1.61%    passed     98.06%
 178  200709_20-07994_HIV07-01067_FL21_S1_L000_read_40_count_1      1.61%    passed     98.06%
 179  200709_20-07994_HIV07-01067_FL21_S1_L000_read_41_count_1      1.61%    passed     98.06%
 180  200709_20-07994_HIV07-01067_FL21_S1_L000_read_42_count_1      1.61%    passed     99.83%
 181  200709_20-07994_HIV07-01067_FL21_S1_L000_read_43_count_1      1.61%    passed     96.06%
 182  200709_20-07994_HIV07-01067_FL21_S1_L000_read_44_count_1      1.61%    passed     99.86%
 183  200709_20-07994_HIV07-01067_FL21_S1_L000_read_45_count_1      1.61%    passed     99.83%
 184  200709_20-07994_HIV07-01067_FL21_S1_L000_read_46_count_1      1.61%    passed     89.70%
 185  200709_20-07994_HIV07-01067_FL21_S1_L000_read_47_count_1      1.61%    passed     99.09%
 186  200709_20-07994_HIV07-01067_FL21_S1_L000_read_48_count_1      1.61%    passed     98.31%
 187  200709_20-07994_HIV07-01067_FL21_S1_L000_read_49_count_1      1.61%    passed     99.09%
 188  200709_20-07994_HIV07-01067_FL21_S1_L000_read_50_count_1      1.61%    passed     99.09%
 189  200709_20-07994_HIV07-01067_FL21_S1_L000_read_51_count_1      1.61%    passed     99.09%
 190  200709_20-07994_HIV07-01067_FL21_S1_L000_read_52_count_1      1.61%    passed     95.88%
 191  200709_20-07994_HIV07-01067_FL21_S1_L000_read_53_count_1      1.61%    passed     98.06%
 192  200709_20-07994_HIV07-01067_FL21_S1_L000_read_54_count_1      1.61%    passed     99.09%
 193  200709_20-07994_HIV07-01067_FL21_S1_L000_read_55_count_1      1.61%    passed     99.09%
 194  200709_20-07994_HIV07-01067_FL21_S1_L000_read_56_count_1      1.61%    passed     94.64%
 195  200709_20-07994_HIV07-01067_FL21_S1_L000_read_57_count_1      1.61%    passed     98.06%
 196  200709_20-07994_HIV07-01067_FL21_S1_L000_read_58_count_1      1.61%    passed     99.76%
 197  200709_20-07994_HIV07-01067_FL21_S1_L000_read_59_count_1      1.61%    passed     99.76%
 198  200709_20-07994_HIV07-01067_FL21_S1_L000_read_60_count_1      1.61%    passed     99.09%
 199  200709_20-07994_HIV07-01067_FL21_S1_L000_read_61_count_1      1.61%    passed     99.42%
 200  200709_20-07994_HIV07-01067_FL21_S1_L000_read_62_count_1      1.61%    passed     98.31%
 201  200709_20-07994_HIV07-01067_FL21_S1_L000_read_63_count_1      1.61%    passed     99.26%
 202  200709_20-07994_HIV07-01067_FL21_S1_L000_read_64_count_1      1.61%    passed     99.09%
 203  200709_20-07994_HIV07-01067_FL21_S1_L000_read_65_count_1      2.01%    passed     99.17%
 204  200709_20-07994_HIV07-01067_FL21_S1_L000_read_66_count_1      1.61%    passed     98.31%
 205  200709_20-07994_HIV07-01067_FL21_S1_L000_read_67_count_1      1.61%    passed     99.86%
 206  200709_20-07994_HIV07-01067_FL21_S1_L000_read_68_count_1      1.61%    passed     99.09%
 207  200709_20-07994_HIV07-01067_FL21_S1_L000_read_69_count_1      1.61%    passed     99.76%
 208  200709_20-07994_HIV07-01067_FL21_S1_L000_read_70_count_1      1.61%    passed     99.83%
 209  200709_20-07994_HIV07-01067_FL21_S1_L000_read_71_count_1      1.61%    passed     99.09%
 210  200709_20-07994_HIV07-01067_FL21_S1_L000_read_72_count_1      1.61%    passed     99.15%
 211  200709_20-07994_HIV07-01067_FL21_S1_L000_read_73_count_1      1.61%    passed     99.42%
 212  200709_20-07994_HIV07-01067_FL21_S1_L000_read_74_count_1      1.61%    passed     99.09%
 213  200709_20-07994_HIV07-01067_FL21_S1_L000_read_75_count_1      1.61%    passed     99.86%
 214  200709_20-07994_HIV07-01067_FL21_S1_L000_read_76_count_1      1.61%    passed     99.42%
 215  200709_20-07994_HIV07-01067_FL21_S1_L000_read_77_count_1      1.61%    passed     94.11%
 216  200709_20-07994_HIV07-01067_FL21_S1_L000_read_78_count_1      1.61%    passed     96.06%
 217  200709_20-07994_HIV07-01067_FL21_S1_L000_read_79_count_1      1.61%    passed     98.97%
 218  200709_20-07994_HIV07-01067_FL21_S1_L000_read_80_count_1      1.61%    passed     99.09%
 219  200709_20-07994_HIV07-01067_FL21_S1_L000_read_81_count_1      1.20%    passed     98.19%
 220  200709_20-07994_HIV07-01067_FL21_S1_L000_read_82_count_1      1.61%    passed     99.09%
 221  200709_20-07994_HIV07-01067_FL21_S1_L000_read_83_count_1      1.61%    passed     99.09%
 222  200709_20-07994_HIV07-01067_FL21_S1_L000_read_84_count_1      1.61%    passed     96.03%
 223  200709_20-07994_HIV07-01067_FL21_S1_L000_read_85_count_1      1.61%    passed     94.64%
 224  200709_20-07994_HIV07-01067_FL21_S1_L000_read_86_count_1      0.80%    passed     96.37%
 225  200709_20-07994_HIV07-01067_FL21_S1_L000_read_87_count_1      1.61%    passed     98.06%
 226  200709_20-07994_HIV07-01067_FL21_S1_L000_read_88_count_1      1.61%    passed     99.09%
 227  200709_20-07994_HIV07-01067_FL21_S1_L000_read_89_count_1      1.61%    passed     98.06%
 228  200709_20-07994_HIV07-01067_FL21_S1_L000_read_90_count_1      1.61%    passed     99.11%
 229  200709_20-07994_HIV07-01067_FL21_S1_L000_read_91_count_1      1.61%    passed     98.31%
 230  200709_20-07994_HIV07-01067_FL21_S1_L000_read_92_count_1      1.61%    passed     99.09%
 231  200709_20-07994_HIV07-01067_FL21_S1_L000_read_93_count_1      1.61%    passed     99.86%
 232  200709_20-07994_HIV07-01067_FL21_S1_L000_read_94_count_1      1.61%    passed     98.31%
 233  200709_20-07994_HIV07-01067_FL21_S1_L000_read_95_count_1      1.61%    passed     99.99%
 234  200709_20-07994_HIV07-01067_FL21_S1_L000_read_96_count_1      1.61%    passed     96.52%
 235  200709_20-07994_HIV07-01067_FL21_S1_L000_read_97_count_1      1.61%    passed     98.31%
 236  200709_20-07994_HIV07-01067_FL21_S1_L000_read_98_count_1      1.61%    passed     98.06%
 237  200709_20-07994_HIV07-01067_FL21_S1_L000_read_99_count_1      1.61%    passed     98.78%
 238  200709_20-07994_HIV07-01067_FL21_S1_L000_read_100_count_1     1.61%    passed     99.87%
 239  200709_20-07994_HIV07-01067_FL21_S1_L000_read_101_count_1     1.61%    passed     94.11%
 240  200709_20-07994_HIV07-01067_FL21_S1_L000_read_102_count_1     1.61%    passed     96.41%
 241  200709_20-07994_HIV07-01067_FL21_S1_L000_read_103_count_1     1.61%    passed     98.31%
 242  200709_20-07994_HIV07-01067_FL21_S1_L000_read_104_count_1     1.61%    passed     89.70%
 243  200709_20-07994_HIV07-01067_FL21_S1_L000_read_105_count_1     1.61%    passed     99.76%
 244  200709_20-07994_HIV07-01067_FL21_S1_L000_read_106_count_1     1.61%    passed     99.99%
 245  200709_20-07994_HIV07-01067_FL21_S1_L000_read_107_count_1     1.61%    passed     99.09%
 246  200709_20-07994_HIV07-01067_FL21_S1_L000_read_108_count_1     1.61%    passed     99.15%
 247  200703_20-07825_HIV09-00618_FL18_S6_L000_read_1_count_267     1.61%    passed     99.95%
 248  200703_20-07825_HIV09-00618_FL18_S6_L000_read_2_count_9       1.61%    passed     99.99%
 249  200703_20-07825_HIV09-00618_FL18_S6_L000_read_3_count_3       1.61%    passed     99.99%
 250  200703_20-07825_HIV09-00618_FL18_S6_L000_read_4_count_3       1.61%    passed     99.31%
 251  200703_20-07825_HIV09-00618_FL18_S6_L000_read_5_count_3       1.61%    passed     99.43%
 252  200703_20-07825_HIV09-00618_FL18_S6_L000_read_6_count_2       1.61%    passed     99.76%
 253  200703_20-07825_HIV09-00618_FL18_S6_L000_read_7_count_2       1.61%    passed     99.31%
 254  200703_20-07825_HIV09-00618_FL18_S6_L000_read_8_count_2       1.61%    passed     99.43%
 255  200703_20-07825_HIV09-00618_FL18_S6_L000_read_9_count_2       1.61%    passed     99.43%
 256  200703_20-07825_HIV09-00618_FL18_S6_L000_read_10_count_2      1.61%    passed     99.31%
 257  200703_20-07825_HIV09-00618_FL18_S6_L000_read_11_count_2      1.61%    passed     99.43%
 258  200703_20-07825_HIV09-00618_FL18_S6_L000_read_12_count_2      1.61%    passed     99.43%
 259  200703_20-07825_HIV09-00618_FL18_S6_L000_read_13_count_2      1.61%    passed     99.43%
 260  200703_20-07825_HIV09-00618_FL18_S6_L000_read_14_count_1      1.61%    passed     99.31%
 261  200703_20-07825_HIV09-00618_FL18_S6_L000_read_15_count_1      1.61%    passed     99.43%
 262  200703_20-07825_HIV09-00618_FL18_S6_L000_read_16_count_1      1.61%    passed     99.43%
 263  200703_20-07825_HIV09-00618_FL18_S6_L000_read_17_count_1      1.61%    passed     99.31%
 264  200703_20-07825_HIV09-00618_FL18_S6_L000_read_18_count_1      1.61%    passed     99.43%
 265  200703_20-07825_HIV09-00618_FL18_S6_L000_read_19_count_1      1.61%    passed     99.31%
 266  200703_20-07825_HIV09-00618_FL18_S6_L000_read_20_count_1      1.61%    passed     99.64%
 267  200703_20-07825_HIV09-00618_FL18_S6_L000_read_21_count_1      1.61%    passed     99.42%
 268  200703_20-07825_HIV09-00618_FL18_S6_L000_read_22_count_1      1.61%    passed     99.32%
 269  200703_20-07825_HIV09-00618_FL18_S6_L000_read_23_count_1      1.61%    passed     99.42%
 270  200703_20-07825_HIV09-00618_FL18_S6_L000_read_24_count_1      1.61%    passed     99.43%
 271  200703_20-07825_HIV09-00618_FL18_S6_L000_read_25_count_1      1.61%    passed     97.83%
 272  200703_20-07825_HIV09-00618_FL18_S6_L000_read_26_count_1      1.61%    passed     99.43%
 273  200703_20-07825_HIV09-00618_FL18_S6_L000_read_27_count_1      1.61%    passed     99.32%
 274  200703_20-07825_HIV09-00618_FL18_S6_L000_read_28_count_1      1.61%    passed     99.87%
 275  200703_20-07825_HIV09-00618_FL18_S6_L000_read_29_count_1      1.61%    passed     99.83%
 276  200703_20-07825_HIV09-00618_FL18_S6_L000_read_30_count_1      1.61%    passed     99.43%
 277  200703_20-07825_HIV09-00618_FL18_S6_L000_read_31_count_1      1.61%    passed     99.76%
 278  200703_20-07825_HIV09-00618_FL18_S6_L000_read_32_count_1      1.61%    passed     97.83%
 279  200703_20-07825_HIV09-00618_FL18_S6_L000_read_33_count_1      1.61%    passed     99.43%
 280  200703_20-07825_HIV09-00618_FL18_S6_L000_read_34_count_1      1.61%    passed     90.94%
 281  200703_20-07825_HIV09-00618_FL18_S6_L000_read_35_count_1      1.61%    passed     97.83%
 282  200703_20-07825_HIV09-00618_FL18_S6_L000_read_36_count_1      1.61%    passed     99.43%
 283  200703_20-07825_HIV09-00618_FL18_S6_L000_read_37_count_1      1.61%    passed     99.11%
 284  200703_20-07825_HIV09-00618_FL18_S6_L000_read_38_count_1      1.61%    passed     99.43%
 285  200703_20-07825_HIV09-00618_FL18_S6_L000_read_39_count_1      1.61%    passed     99.43%
 286  200703_20-07825_HIV09-00618_FL18_S6_L000_read_40_count_1      1.61%    passed     99.31%
 287  200703_20-07825_HIV09-00618_FL18_S6_L000_read_41_count_1      1.61%    passed     99.95%
 288  200703_20-07825_HIV09-00618_FL18_S6_L000_read_42_count_1      2.01%    passed     99.82%
 289  200703_20-07825_HIV09-00618_FL18_S6_L000_read_43_count_1      1.61%    passed     99.31%
 290  200703_20-07825_HIV09-00618_FL18_S6_L000_read_44_count_1      1.61%    passed     99.43%
 291  200703_20-07825_HIV09-00618_FL18_S6_L000_read_45_count_1      1.61%    passed     98.49%
 292  200703_20-07825_HIV09-00618_FL18_S6_L000_read_46_count_1      1.61%    passed     99.43%
 293  200703_20-07825_HIV09-00618_FL18_S6_L000_read_47_count_1      1.61%    passed     99.95%
 294  200703_20-07825_HIV09-00618_FL18_S6_L000_read_48_count_1      1.61%    passed     99.43%
 295  200703_20-07825_HIV09-00618_FL18_S6_L000_read_49_count_1      1.61%    passed     99.43%
 296  200703_20-07825_HIV09-00618_FL18_S6_L000_read_50_count_1      1.61%    passed     99.43%
 297  200703_20-07825_HIV09-00618_FL18_S6_L000_read_51_count_1      1.61%    passed     99.43%
 298  200703_20-07825_HIV09-00618_FL18_S6_L000_read_52_count_1      1.61%    passed     99.43%
 299  200703_20-07825_HIV09-00618_FL18_S6_L000_read_53_count_1      1.61%    passed     99.64%
 300  200703_20-07825_HIV09-00618_FL18_S6_L000_read_54_count_1      1.61%    passed     98.49%
 301  200703_20-07825_HIV09-00618_FL18_S6_L000_read_55_count_1      1.61%    passed     99.31%
 302  200703_20-07825_HIV09-00618_FL18_S6_L000_read_56_count_1      1.61%    passed     99.99%
 303  200703_20-07825_HIV09-00618_FL18_S6_L000_read_57_count_1      1.61%    passed     98.18%
 304  200703_20-07825_HIV09-00618_FL18_S6_L000_read_58_count_1      1.61%    passed     99.64%
 305  200703_20-07825_HIV09-00618_FL18_S6_L000_read_59_count_1      1.61%    passed     99.61%
 306  200703_20-07825_HIV09-00618_FL18_S6_L000_read_60_count_1      1.61%    passed     99.32%
 307  200703_20-07825_HIV09-00618_FL18_S6_L000_read_61_count_1      1.61%    passed     99.99%
 308  200814_20-09728_HIV09-02843_FL30_S2_L000_read_1_count_392     1.61%    passed     95.88%
 309  200814_20-09728_HIV09-02843_FL30_S2_L000_read_2_count_4       1.61%    passed     96.06%
 310  200814_20-09728_HIV09-02843_FL30_S2_L000_read_3_count_4       1.61%    passed     96.06%
 311  200814_20-09728_HIV09-02843_FL30_S2_L000_read_4_count_3       1.61%    passed     94.64%
 312  200814_20-09728_HIV09-02843_FL30_S2_L000_read_5_count_2       1.61%    passed     96.06%
 313  200814_20-09728_HIV09-02843_FL30_S2_L000_read_6_count_2       1.61%    passed     96.06%
 314  200814_20-09728_HIV09-02843_FL30_S2_L000_read_7_count_2       1.61%    passed     96.06%
 315  200814_20-09728_HIV09-02843_FL30_S2_L000_read_8_count_2       1.61%    passed     94.64%
 316  200814_20-09728_HIV09-02843_FL30_S2_L000_read_9_count_2       1.61%    passed     96.06%
 317  200814_20-09728_HIV09-02843_FL30_S2_L000_read_10_count_2      1.61%    passed     96.41%
 318  200814_20-09728_HIV09-02843_FL30_S2_L000_read_11_count_1      1.61%    passed     98.31%
 319  200814_20-09728_HIV09-02843_FL30_S2_L000_read_12_count_1      1.61%    passed     89.44%
 320  200814_20-09728_HIV09-02843_FL30_S2_L000_read_13_count_1      1.61%    passed     91.92%
 321  200814_20-09728_HIV09-02843_FL30_S2_L000_read_14_count_1      1.61%    passed     96.06%
 322  200814_20-09728_HIV09-02843_FL30_S2_L000_read_15_count_1      1.61%    passed     98.97%
 323  200814_20-09728_HIV09-02843_FL30_S2_L000_read_16_count_1      1.61%    passed     91.92%
 324  200814_20-09728_HIV09-02843_FL30_S2_L000_read_17_count_1      1.61%    passed     98.97%
 325  200814_20-09728_HIV09-02843_FL30_S2_L000_read_18_count_1      1.61%    passed     98.97%
 326  200814_20-09728_HIV09-02843_FL30_S2_L000_read_19_count_1      1.61%    passed     96.06%
 327  200814_20-09728_HIV09-02843_FL30_S2_L000_read_20_count_1      1.61%    passed     96.06%
 328  200814_20-09728_HIV09-02843_FL30_S2_L000_read_21_count_1      1.61%    passed     98.97%
 329  200814_20-09728_HIV09-02843_FL30_S2_L000_read_22_count_1      1.61%    passed     94.64%
 330  200814_20-09728_HIV09-02843_FL30_S2_L000_read_23_count_1      1.61%    passed     96.06%
 331  200814_20-09728_HIV09-02843_FL30_S2_L000_read_24_count_1      1.61%    passed     96.06%
 332  200814_20-09728_HIV09-02843_FL30_S2_L000_read_25_count_1      1.61%    passed     95.88%
 333  200814_20-09728_HIV09-02843_FL30_S2_L000_read_26_count_1      1.61%    passed     94.64%
 334  200814_20-09728_HIV09-02843_FL30_S2_L000_read_27_count_1      1.61%    passed     94.64%
 335  200814_20-09728_HIV09-02843_FL30_S2_L000_read_28_count_1      1.61%    passed     98.97%
 336  200814_20-09728_HIV09-02843_FL30_S2_L000_read_29_count_1      1.61%    passed     98.31%
 337  200814_20-09728_HIV09-02843_FL30_S2_L000_read_30_count_1      1.61%    passed     96.92%
 338  200814_20-09728_HIV09-02843_FL30_S2_L000_read_31_count_1      1.61%    passed     96.06%
 339  200814_20-09728_HIV09-02843_FL30_S2_L000_read_32_count_1      1.61%    passed     98.31%
 340  200814_20-09728_HIV09-02843_FL30_S2_L000_read_33_count_1      1.61%    passed     96.06%
 341  200814_20-09728_HIV09-02843_FL30_S2_L000_read_34_count_1      1.61%    passed     94.64%
 342  200814_20-09728_HIV09-02843_FL30_S2_L000_read_35_count_1      1.61%    passed     94.11%
 343  200814_20-09728_HIV09-02843_FL30_S2_L000_read_36_count_1      1.61%    passed     94.11%
 344  200814_20-09728_HIV09-02843_FL30_S2_L000_read_37_count_1      1.61%    passed     96.06%
 345  200814_20-09728_HIV09-02843_FL30_S2_L000_read_38_count_1      1.61%    passed     99.26%
 346  200814_20-09728_HIV09-02843_FL30_S2_L000_read_39_count_1      1.61%    passed     98.97%
 347  200814_20-09728_HIV09-02843_FL30_S2_L000_read_40_count_1      1.61%    passed     94.11%
 348  200814_20-09728_HIV09-02843_FL30_S2_L000_read_41_count_1      1.61%    passed     91.30%
 349  200814_20-09728_HIV09-02843_FL30_S2_L000_read_42_count_1      1.61%    passed     98.97%
 350  200814_20-09728_HIV09-02843_FL30_S2_L000_read_43_count_1      1.61%    passed     96.92%
 351  200814_20-09728_HIV09-02843_FL30_S2_L000_read_44_count_1      1.61%    passed     94.64%
 352  200814_20-09728_HIV09-02843_FL30_S2_L000_read_45_count_1      1.61%    passed     98.31%
 353  200814_20-09728_HIV09-02843_FL30_S2_L000_read_46_count_1      1.61%    passed     96.06%
 354  200814_20-09728_HIV09-02843_FL30_S2_L000_read_47_count_1      1.61%    passed     95.21%
 355  200814_20-09728_HIV09-02843_FL30_S2_L000_read_48_count_1      1.61%    passed     96.06%
 356  200814_20-09728_HIV09-02843_FL30_S2_L000_read_49_count_1      1.61%    passed     93.92%
 357  200814_20-09728_HIV09-02843_FL30_S2_L000_read_50_count_1      1.61%    passed     96.06%
 358  200814_20-09728_HIV09-02843_FL30_S2_L000_read_51_count_1      1.61%    passed     98.06%
 359  200814_20-09728_HIV09-02843_FL30_S2_L000_read_52_count_1      1.61%    passed     91.30%
 360  200814_20-09728_HIV09-02843_FL30_S2_L000_read_53_count_1      1.61%    passed     96.06%
 361  200814_20-09728_HIV09-02843_FL30_S2_L000_read_54_count_1      1.61%    passed     96.06%
 362  200814_20-09728_HIV09-02843_FL30_S2_L000_read_55_count_1      1.61%    passed     94.11%
 363  200814_20-09728_HIV09-02843_FL30_S2_L000_read_56_count_1      1.61%    passed     96.06%
 364  200814_20-09728_HIV09-02843_FL30_S2_L000_read_57_count_1      1.61%    passed     94.11%
 365  200814_20-09728_HIV09-02843_FL30_S2_L000_read_58_count_1      1.61%    passed     93.17%
 366  200814_20-09728_HIV09-02843_FL30_S2_L000_read_59_count_1      1.61%    passed     96.06%
 367  200814_20-09728_HIV09-02843_FL30_S2_L000_read_60_count_1      1.61%    passed     96.06%
 368  200814_20-09728_HIV09-02843_FL30_S2_L000_read_61_count_1      1.61%    passed     96.06%
 369  200814_20-09728_HIV09-02843_FL30_S2_L000_read_62_count_1      1.61%    passed     98.31%
 370  200814_20-09728_HIV09-02843_FL30_S2_L000_read_63_count_1      1.61%    passed     98.31%
 371  200814_20-09728_HIV09-02843_FL30_S2_L000_read_64_count_1      1.61%    passed     98.31%
 372  200814_20-09728_HIV09-02843_FL30_S2_L000_read_65_count_1      1.61%    passed     96.06%
 373  200814_20-09728_HIV09-02843_FL30_S2_L000_read_66_count_1      1.61%    passed     98.31%
 374  200814_20-09728_HIV09-02843_FL30_S2_L000_read_67_count_1      2.01%    passed     96.17%
 375  200814_20-09728_HIV09-02843_FL30_S2_L000_read_68_count_1      1.61%    passed     98.31%
 376  200814_20-09728_HIV09-02843_FL30_S2_L000_read_69_count_1      1.61%    passed     94.64%
 377  200814_20-09728_HIV09-02843_FL30_S2_L000_read_70_count_1      1.61%    passed     91.30%
 378  200814_20-09728_HIV09-02843_FL30_S2_L000_read_71_count_1      1.61%    passed     96.06%
 379  200814_20-09728_HIV09-02843_FL30_S2_L000_read_72_count_1      1.61%    passed     96.06%
 380  200814_20-09728_HIV09-02843_FL30_S2_L000_read_73_count_1      1.61%    passed     94.64%
 381  200814_20-09728_HIV09-02843_FL30_S2_L000_read_74_count_1      1.61%    passed     96.92%
 382  200814_20-09728_HIV09-02843_FL30_S2_L000_read_75_count_1      1.61%    passed     91.35%
 383  200814_20-09728_HIV09-02843_FL30_S2_L000_read_76_count_1      1.61%    passed     98.31%
 384  200814_20-09728_HIV09-02843_FL30_S2_L000_read_77_count_1      1.61%    passed     96.06%
 385  200814_20-09728_HIV09-02843_FL30_S2_L000_read_78_count_1      1.61%    passed     96.06%
 386  200814_20-09728_HIV09-02843_FL30_S2_L000_read_79_count_1      1.61%    passed     94.11%
 387  200724_20-08518_HIV10-02405_FL24_S14_L000_read_1_count_164    1.61%    passed     99.63%
 388  200724_20-08518_HIV10-02405_FL24_S14_L000_read_2_count_10     1.61%    passed     99.34%
 389  200724_20-08518_HIV10-02405_FL24_S14_L000_read_3_count_6      1.61%    passed     98.99%
 390  200724_20-08518_HIV10-02405_FL24_S14_L000_read_4_count_5      1.61%    passed     98.99%
 391  200724_20-08518_HIV10-02405_FL24_S14_L000_read_5_count_4      1.61%    passed     99.34%
 392  200724_20-08518_HIV10-02405_FL24_S14_L000_read_6_count_4      1.61%    passed     98.99%
 393  200724_20-08518_HIV10-02405_FL24_S14_L000_read_7_count_3      1.61%    passed     99.83%
 394  200724_20-08518_HIV10-02405_FL24_S14_L000_read_8_count_3      1.61%    passed     99.34%
 395  200724_20-08518_HIV10-02405_FL24_S14_L000_read_9_count_2      1.61%    passed     98.62%
 396  200724_20-08518_HIV10-02405_FL24_S14_L000_read_10_count_2     1.61%    passed     99.75%
 397  200724_20-08518_HIV10-02405_FL24_S14_L000_read_11_count_2     1.61%    passed     98.62%
 398  200724_20-08518_HIV10-02405_FL24_S14_L000_read_12_count_2     1.61%    passed     99.37%
 399  200724_20-08518_HIV10-02405_FL24_S14_L000_read_13_count_2     1.61%    passed     98.99%
 400  200724_20-08518_HIV10-02405_FL24_S14_L000_read_14_count_2     1.61%    passed     98.32%
 401  200724_20-08518_HIV10-02405_FL24_S14_L000_read_15_count_1     1.61%    passed     99.83%
 402  200724_20-08518_HIV10-02405_FL24_S14_L000_read_16_count_1     1.61%    passed     99.37%
 403  200724_20-08518_HIV10-02405_FL24_S14_L000_read_17_count_1     1.61%    passed     99.92%
 404  200724_20-08518_HIV10-02405_FL24_S14_L000_read_18_count_1     1.61%    passed     98.42%
 405  200724_20-08518_HIV10-02405_FL24_S14_L000_read_19_count_1     1.61%    passed     99.37%
 406  200724_20-08518_HIV10-02405_FL24_S14_L000_read_20_count_1     1.61%    passed     99.63%
 407  200724_20-08518_HIV10-02405_FL24_S14_L000_read_21_count_1     1.61%    passed     98.42%
 408  200724_20-08518_HIV10-02405_FL24_S14_L000_read_22_count_1     1.61%    passed     99.42%
 409  200724_20-08518_HIV10-02405_FL24_S14_L000_read_23_count_1     1.61%    passed     98.42%
 410  200724_20-08518_HIV10-02405_FL24_S14_L000_read_24_count_1     1.61%    passed     99.83%
 411  200724_20-08518_HIV10-02405_FL24_S14_L000_read_25_count_1     1.61%    passed     98.65%
 412  200724_20-08518_HIV10-02405_FL24_S14_L000_read_26_count_1     1.61%    passed     99.92%
 413  200724_20-08518_HIV10-02405_FL24_S14_L000_read_27_count_1     1.61%    passed     99.37%
 414  200724_20-08518_HIV10-02405_FL24_S14_L000_read_28_count_1     1.61%    passed     98.99%
 415  200724_20-08518_HIV10-02405_FL24_S14_L000_read_29_count_1     1.20%    passed     99.36%
 416  200724_20-08518_HIV10-02405_FL24_S14_L000_read_30_count_1     1.61%    passed     99.34%
 417  200724_20-08518_HIV10-02405_FL24_S14_L000_read_31_count_1     1.61%    passed     99.86%
 418  200724_20-08518_HIV10-02405_FL24_S14_L000_read_32_count_1     1.61%    passed     98.25%
 419  200724_20-08518_HIV10-02405_FL24_S14_L000_read_33_count_1     1.61%    passed     99.37%
 420  200724_20-08518_HIV10-02405_FL24_S14_L000_read_34_count_1     1.61%    passed     99.42%
 421  200724_20-08518_HIV10-02405_FL24_S14_L000_read_35_count_1     1.61%    passed     98.99%
 422  200724_20-08518_HIV10-02405_FL24_S14_L000_read_36_count_1     1.61%    passed     99.34%
 423  200724_20-08518_HIV10-02405_FL24_S14_L000_read_37_count_1     1.61%    passed     98.62%
 424  200724_20-08518_HIV10-02405_FL24_S14_L000_read_38_count_1     1.61%    passed     99.34%
 425  200724_20-08518_HIV10-02405_FL24_S14_L000_read_39_count_1     1.61%    passed     98.38%
 426  200724_20-08518_HIV10-02405_FL24_S14_L000_read_40_count_1     1.61%    passed     98.65%
 427  200724_20-08518_HIV10-02405_FL24_S14_L000_read_41_count_1     1.61%    passed     99.37%
 428  200724_20-08518_HIV10-02405_FL24_S14_L000_read_42_count_1     1.61%    passed     95.94%
 429  200724_20-08518_HIV10-02405_FL24_S14_L000_read_43_count_1     1.61%    passed     99.42%
 430  200724_20-08518_HIV10-02405_FL24_S14_L000_read_44_count_1     1.61%    passed     97.40%
 431  200724_20-08518_HIV10-02405_FL24_S14_L000_read_45_count_1     1.61%    passed     99.92%
 432  200724_20-08518_HIV10-02405_FL24_S14_L000_read_46_count_1     1.61%    passed     99.33%
 433  200724_20-08518_HIV10-02405_FL24_S14_L000_read_47_count_1     1.61%    passed     98.62%
 434  200724_20-08518_HIV10-02405_FL24_S14_L000_read_48_count_1     1.61%    passed     99.92%
 435  200724_20-08518_HIV10-02405_FL24_S14_L000_read_49_count_1     1.61%    passed     98.62%
 436  200724_20-08518_HIV10-02405_FL24_S14_L000_read_50_count_1     1.61%    passed     99.75%
 437  200724_20-08518_HIV10-02405_FL24_S14_L000_read_51_count_1     1.61%    passed     99.83%
 438  200724_20-08518_HIV10-02405_FL24_S14_L000_read_52_count_1     1.61%    passed     99.37%
 439  200724_20-08518_HIV10-02405_FL24_S14_L000_read_53_count_1     1.61%    passed     99.15%
 440  200724_20-08518_HIV10-02405_FL24_S14_L000_read_54_count_1     2.01%    passed     99.78%
 441  200724_20-08518_HIV10-02405_FL24_S14_L000_read_55_count_1     1.61%    passed     94.65%
 442  200724_20-08518_HIV10-02405_FL24_S14_L000_read_56_count_1     1.61%    passed     98.42%
 443  200724_20-08518_HIV10-02405_FL24_S14_L000_read_57_count_1     1.61%    passed     99.75%
 444  200724_20-08518_HIV10-02405_FL24_S14_L000_read_58_count_1     1.61%    passed     99.92%
 445  200724_20-08518_HIV10-02405_FL24_S14_L000_read_59_count_1     1.61%    passed     98.99%
 446  200724_20-08518_HIV10-02405_FL24_S14_L000_read_60_count_1     1.61%    passed     98.32%
 447  200724_20-08518_HIV10-02405_FL24_S14_L000_read_61_count_1     1.61%    passed     98.62%
 448  200724_20-08518_HIV10-02405_FL24_S14_L000_read_62_count_1     1.61%    passed     99.37%
 449  200724_20-08518_HIV10-02405_FL24_S14_L000_read_63_count_1     1.61%    passed     99.37%
 450  200724_20-08518_HIV10-02405_FL24_S14_L000_read_64_count_1     1.61%    passed     98.50%
 451  B.FR.83.HXB2_LAI_IIIB_BRU.K03455                              1.61%    passed     98.86%
 452  C.BW.00.00BW07621.AF443088                                    1.61%    passed     93.27%
****  TOTAL                                                         1.61%  0 sequences failed composition chi2 test (p-value<5%; df=3)
Checking for duplicate sequences: done in 0.000971557 secs using 325.7% CPU

Create initial parsimony tree by phylogenetic likelihood library (PLL)... 0.049 seconds

NOTE: 19 MB RAM (0 GB) is required!
WARNING: Number of threads seems too high for short alignments. Use -T AUTO to determine best number of threads.
Estimate model parameters (epsilon = 0.100)
1. Initial log-likelihood: -4173.747
2. Current log-likelihood: -4048.484
3. Current log-likelihood: -4047.869
Optimal log-likelihood: -4047.778
Rate parameters:  A-C: 2.26292  A-G: 3.98265  A-T: 1.18706  C-G: 0.47008  C-T: 6.00723  G-T: 1.00000
Base frequencies:  A: 0.440  C: 0.137  G: 0.230  T: 0.192
Site proportion and rates:  (0.093,0.407) (0.157,0.481) (0.190,0.578) (0.197,0.844) (0.205,1.416) (0.158,2.025)
Parameters optimization took 3 rounds (1.817 sec)
Wrote distance file to... 
Computing ML distances based on estimated model parameters...
Calculating distance matrix: done in 0.36723 secs using 399.7% CPU
Computing ML distances took 0.367771 sec (of wall-clock time) 1.468379 sec (of CPU time)
Setting up auxiliary I and S matrices: done in 0.0140685 secs using 103% CPU
Constructing RapidNJ tree: done in 0.723713 secs using 101.6% CPU
Computing RapidNJ tree took 0.737909 sec (of wall-clock time) 0.749681 sec (of CPU time)
Log-likelihood of RapidNJ tree: -4017.761
--------------------------------------------------------------------
|             INITIALIZING CANDIDATE TREE SET                      |
--------------------------------------------------------------------
Generating 98 parsimony trees... 4.293 second
Computing log-likelihood of 98 initial trees ... 3.977 seconds
Current best score: -4017.761

Do NNI search on 20 best initial trees
Optimizing NNI: done in 0.573459 secs using 393.5% CPU
Estimate model parameters (epsilon = 0.100)
BETTER TREE FOUND at iteration 1: -3998.377
Optimizing NNI: done in 0.423481 secs using 394.7% CPU
Optimizing NNI: done in 0.500176 secs using 400.7% CPU
Optimizing NNI: done in 0.409038 secs using 396.3% CPU
Optimizing NNI: done in 0.5961 secs using 395.9% CPU
Optimizing NNI: done in 0.432577 secs using 397.7% CPU
Optimizing NNI: done in 0.530377 secs using 394.9% CPU
Optimizing NNI: done in 0.631005 secs using 369.6% CPU
Optimizing NNI: done in 0.445171 secs using 398.3% CPU
Optimizing NNI: done in 0.483562 secs using 397.8% CPU
Iteration 10 / LogL: -4026.939 / Time: 0h:0m:19s
Optimizing NNI: done in 0.397671 secs using 399.7% CPU
Optimizing NNI: done in 0.781138 secs using 394.4% CPU
Optimizing NNI: done in 0.535424 secs using 396.6% CPU
Optimizing NNI: done in 0.390362 secs using 393% CPU
Optimizing NNI: done in 0.492059 secs using 394.3% CPU
Optimizing NNI: done in 0.365025 secs using 391.5% CPU
Optimizing NNI: done in 0.268428 secs using 396.5% CPU
Optimizing NNI: done in 0.389723 secs using 391.5% CPU
Optimizing NNI: done in 0.529261 secs using 373.9% CPU
Optimizing NNI: done in 0.347436 secs using 385.9% CPU
Iteration 20 / LogL: -4033.559 / Time: 0h:0m:24s
Finish initializing candidate tree set (20)
Current best tree score: -3998.377 / CPU time: 21.009
Number of iterations: 20
--------------------------------------------------------------------
|               OPTIMIZING CANDIDATE TREE SET                      |
--------------------------------------------------------------------
Optimizing NNI: done in 0.497391 secs using 398.9% CPU
Optimizing NNI: done in 0.827667 secs using 395.6% CPU
Optimizing NNI: done in 0.788852 secs using 395.6% CPU
Optimizing NNI: done in 0.875022 secs using 398% CPU
Optimizing NNI: done in 0.519141 secs using 392.8% CPU
Optimizing NNI: done in 0.632672 secs using 396.5% CPU
Optimizing NNI: done in 0.900017 secs using 384.3% CPU
Optimizing NNI: done in 0.790577 secs using 394.7% CPU
Optimizing NNI: done in 0.602809 secs using 398.6% CPU
Optimizing NNI: done in 0.579305 secs using 394.2% CPU
Iteration 30 / LogL: -4011.733 / Time: 0h:0m:31s (0h:1m:17s left)
Optimizing NNI: done in 0.51839 secs using 396.3% CPU
Optimizing NNI: done in 0.800822 secs using 395.1% CPU
Estimate model parameters (epsilon = 0.100)
BETTER TREE FOUND at iteration 32: -3996.412
Optimizing NNI: done in 0.573217 secs using 395.8% CPU
Optimizing NNI: done in 0.67727 secs using 377.6% CPU
Optimizing NNI: done in 0.827178 secs using 398.8% CPU
Optimizing NNI: done in 0.536394 secs using 394.6% CPU
Optimizing NNI: done in 0.619761 secs using 393.7% CPU
Optimizing NNI: done in 0.501311 secs using 395.2% CPU
Optimizing NNI: done in 0.647457 secs using 394.7% CPU
Optimizing NNI: done in 0.683888 secs using 397.1% CPU
Iteration 40 / LogL: -4002.039 / Time: 0h:0m:38s (0h:1m:31s left)
Optimizing NNI: done in 0.630187 secs using 392% CPU
Optimizing NNI: done in 0.758967 secs using 377.4% CPU
Optimizing NNI: done in 0.673146 secs using 397.1% CPU
Optimizing NNI: done in 0.649486 secs using 394.4% CPU
Optimizing NNI: done in 0.649162 secs using 393.9% CPU
Optimizing NNI: done in 0.653985 secs using 395.4% CPU
Optimizing NNI: done in 0.6782 secs using 394.9% CPU
Optimizing NNI: done in 0.58502 secs using 395.9% CPU
Optimizing NNI: done in 0.674609 secs using 394.7% CPU
Optimizing NNI: done in 1.04794 secs using 381.4% CPU
Iteration 50 / LogL: -3998.533 / Time: 0h:0m:46s (0h:1m:17s left)
Optimizing NNI: done in 0.590389 secs using 392% CPU
Optimizing NNI: done in 0.686093 secs using 398.4% CPU
Optimizing NNI: done in 0.66875 secs using 395.5% CPU
Optimizing NNI: done in 0.765282 secs using 394.1% CPU
Optimizing NNI: done in 0.769331 secs using 394.8% CPU
Optimizing NNI: done in 0.846865 secs using 394.7% CPU
Optimizing NNI: done in 0.700461 secs using 370.8% CPU
Optimizing NNI: done in 0.539015 secs using 391.7% CPU
Optimizing NNI: done in 0.533729 secs using 396% CPU
Optimizing NNI: done in 0.527856 secs using 391.7% CPU
Iteration 60 / LogL: -4002.454 / Time: 0h:0m:53s (0h:1m:4s left)
Optimizing NNI: done in 0.543519 secs using 395.8% CPU
Optimizing NNI: done in 0.642369 secs using 392.7% CPU
Optimizing NNI: done in 0.632912 secs using 397% CPU
Optimizing NNI: done in 0.59914 secs using 395.1% CPU
Optimizing NNI: done in 0.718129 secs using 399.1% CPU
Optimizing NNI: done in 0.561086 secs using 383% CPU
Optimizing NNI: done in 0.909475 secs using 395.6% CPU
Optimizing NNI: done in 0.522288 secs using 391% CPU
Optimizing NNI: done in 0.624284 secs using 392.2% CPU
Optimizing NNI: done in 0.635939 secs using 395.5% CPU
Iteration 70 / LogL: -4000.309 / Time: 0h:0m:59s (0h:0m:53s left)
Optimizing NNI: done in 0.693026 secs using 397.8% CPU
Optimizing NNI: done in 0.593686 secs using 393.7% CPU
Optimizing NNI: done in 0.913239 secs using 383.8% CPU
Optimizing NNI: done in 0.532304 secs using 392.2% CPU
Optimizing NNI: done in 0.827357 secs using 396.4% CPU
Optimizing NNI: done in 0.541194 secs using 397.7% CPU
Optimizing NNI: done in 0.638113 secs using 397.1% CPU
Optimizing NNI: done in 0.631382 secs using 397.1% CPU
Optimizing NNI: done in 0.986972 secs using 395.9% CPU
Optimizing NNI: done in 0.906676 secs using 379% CPU
Iteration 80 / LogL: -4019.652 / Time: 0h:1m:7s (0h:0m:44s left)
Optimizing NNI: done in 0.63441 secs using 395.7% CPU
Optimizing NNI: done in 0.730817 secs using 396.1% CPU
Optimizing NNI: done in 0.864637 secs using 397.5% CPU
Optimizing NNI: done in 0.67328 secs using 396.2% CPU
Optimizing NNI: done in 0.599239 secs using 398.4% CPU
Optimizing NNI: done in 0.76473 secs using 394.5% CPU
Optimizing NNI: done in 0.914398 secs using 382.7% CPU
Optimizing NNI: done in 0.665467 secs using 398.6% CPU
Optimizing NNI: done in 0.79413 secs using 398.2% CPU
Optimizing NNI: done in 0.529605 secs using 394.5% CPU
Iteration 90 / LogL: -4006.373 / Time: 0h:1m:14s (0h:0m:35s left)
Optimizing NNI: done in 0.6971 secs using 399.5% CPU
Optimizing NNI: done in 0.526514 secs using 394.7% CPU
Optimizing NNI: done in 0.715146 secs using 398.1% CPU
Optimizing NNI: done in 0.558283 secs using 393.8% CPU
Optimizing NNI: done in 0.795391 secs using 373.9% CPU
Optimizing NNI: done in 0.817926 secs using 396.6% CPU
Optimizing NNI: done in 0.589808 secs using 395.7% CPU
Optimizing NNI: done in 0.717715 secs using 395.7% CPU
Optimizing NNI: done in 0.791507 secs using 396.1% CPU
Optimizing NNI: done in 0.678012 secs using 397.3% CPU
Iteration 100 / LogL: -4004.933 / Time: 0h:1m:22s (0h:0m:26s left)
Optimizing NNI: done in 0.608777 secs using 391.7% CPU
Optimizing NNI: done in 0.853314 secs using 382.3% CPU
Optimizing NNI: done in 0.54435 secs using 394.8% CPU
Optimizing NNI: done in 0.511358 secs using 394.9% CPU
Optimizing NNI: done in 0.702583 secs using 396% CPU
Optimizing NNI: done in 0.534422 secs using 399.4% CPU
Optimizing NNI: done in 0.605228 secs using 390.8% CPU
Optimizing NNI: done in 0.609253 secs using 394.1% CPU
Optimizing NNI: done in 0.704812 secs using 396.2% CPU
Optimizing NNI: done in 0.90571 secs using 377.7% CPU
Iteration 110 / LogL: -4019.439 / Time: 0h:1m:29s (0h:0m:17s left)
Optimizing NNI: done in 0.492936 secs using 396.2% CPU
Optimizing NNI: done in 0.845585 secs using 395.2% CPU
Optimizing NNI: done in 0.502857 secs using 392.7% CPU
Optimizing NNI: done in 0.542978 secs using 396.2% CPU
Optimizing NNI: done in 0.606779 secs using 396% CPU
Optimizing NNI: done in 0.56303 secs using 395.5% CPU
Optimizing NNI: done in 0.605288 secs using 392.1% CPU
Optimizing NNI: done in 0.601687 secs using 395.8% CPU
Optimizing NNI: done in 0.859404 secs using 379.5% CPU
Optimizing NNI: done in 0.828563 secs using 393.9% CPU
Iteration 120 / LogL: -4003.485 / Time: 0h:1m:35s (0h:0m:9s left)
Optimizing NNI: done in 0.884593 secs using 394.8% CPU
Optimizing NNI: done in 0.698016 secs using 396.8% CPU
Optimizing NNI: done in 0.67963 secs using 394.2% CPU
Optimizing NNI: done in 0.638543 secs using 397.5% CPU
Optimizing NNI: done in 0.817106 secs using 396.9% CPU
Optimizing NNI: done in 0.849374 secs using 384.3% CPU
Optimizing NNI: done in 0.661777 secs using 394.3% CPU
Optimizing NNI: done in 0.682798 secs using 392.9% CPU
Optimizing NNI: done in 0.537346 secs using 393.3% CPU
Optimizing NNI: done in 0.705855 secs using 393% CPU
Iteration 130 / LogL: -4008.747 / Time: 0h:1m:43s (0h:0m:1s left)
Optimizing NNI: done in 0.558235 secs using 398.6% CPU
Optimizing NNI: done in 0.7812 secs using 395.4% CPU
Optimizing NNI: done in 0.922296 secs using 379.2% CPU
TREE SEARCH COMPLETED AFTER 133 ITERATIONS / Time: 0h:1m:45s

--------------------------------------------------------------------
|                    FINALIZING TREE SEARCH                        |
--------------------------------------------------------------------
Performs final model parameters optimization
Estimate model parameters (epsilon = 0.010)
1. Initial log-likelihood: -3996.412
Optimal log-likelihood: -3996.406
Rate parameters:  A-C: 1.97310  A-G: 3.23037  A-T: 0.67436  C-G: 0.36263  C-T: 4.86704  G-T: 1.00000
Base frequencies:  A: 0.440  C: 0.137  G: 0.230  T: 0.192
Site proportion and rates:  (0.096,0.520) (0.165,0.533) (0.200,0.552) (0.194,0.705) (0.205,1.466) (0.140,2.244)
Parameters optimization took 1 rounds (0.440 sec)
BEST SCORE FOUND : -3996.406
Total tree length: 2.215

Total number of iterations: 133
CPU time used for tree search: 382.150 sec (0h:6m:22s)
Wall-clock time used for tree search: 102.389 sec (0h:1m:42s)
Total CPU time used: 394.256 sec (0h:6m:34s)
Total wall-clock time used: 106.146 sec (0h:1m:46s)

Analysis results written to: 
  IQ-TREE report:                IQTREE_bestTree.InWindow_4810_to_5060.iqtree
  Maximum-likelihood tree:       IQTREE_bestTree.InWindow_4810_to_5060.treefile
  Likelihood distances:          IQTREE_bestTree.InWindow_4810_to_5060.mldist
  Screen log file:               IQTREE_bestTree.InWindow_4810_to_5060.log

Date and Time: Sun Jul 23 04:30:09 2023
