IQ-TREE multicore version 2.2.2.7 COVID-edition for Linux 64-bit built Jun  7 2023
Developed by Bui Quang Minh, James Barbetti, Nguyen Lam Tung,
Olga Chernomor, Heiko Schmidt, Dominik Schrempf, Michael Woodhams, Ly Trong Nhan.

Host:    hpc-node03 (AVX2, FMA3, 1007 GB RAM)
Command: iqtree -s AlignedReadsInWindow_PositionsExcised_4840_to_5090.fasta -pre IQTREE_bestTree.InWindow_4840_to_5090 -m GTR+F+R6 -nt 4
Seed:    462875 (Using SPRNG - Scalable Parallel Random Number Generator)
Time:    Sun Jul 23 04:29:03 2023
Kernel:  AVX+FMA - 4 threads (4 CPU cores detected)

Reading alignment file AlignedReadsInWindow_PositionsExcised_4840_to_5090.fasta ... Fasta format detected
Reading fasta file: done in 0.00748643 secs using 37.6% CPU
Alignment most likely contains DNA/RNA sequences
Constructing alignment: done in 0.00232138 secs using 317.8% CPU
Alignment has 738 sequences with 247 columns, 235 distinct patterns
166 parsimony-informative, 58 singleton sites, 23 constant sites
                                                            Gap/Ambiguity  Composition  p-value
Analyzing sequences: done in 0.014704 secs using 294.9% CPU
   1  200724_20-08522_HIV11-02415_FL24_S18_L000_read_1_count_577    2.02%    passed     97.55%
   2  200724_20-08522_HIV11-02415_FL24_S18_L000_read_2_count_45     2.02%    passed     97.65%
   3  200724_20-08522_HIV11-02415_FL24_S18_L000_read_3_count_37     2.02%    passed     92.84%
   4  200724_20-08522_HIV11-02415_FL24_S18_L000_read_4_count_31     2.02%    passed     96.75%
   5  200724_20-08522_HIV11-02415_FL24_S18_L000_read_5_count_27     2.02%    passed     96.75%
   6  200724_20-08522_HIV11-02415_FL24_S18_L000_read_6_count_12     2.02%    passed     97.65%
   7  200724_20-08522_HIV11-02415_FL24_S18_L000_read_7_count_7      2.02%    passed     96.75%
   8  200724_20-08522_HIV11-02415_FL24_S18_L000_read_8_count_6      2.02%    passed     96.75%
   9  200724_20-08522_HIV11-02415_FL24_S18_L000_read_9_count_6      2.02%    passed     92.84%
  10  200724_20-08522_HIV11-02415_FL24_S18_L000_read_10_count_6     2.02%    passed     99.20%
  11  200724_20-08522_HIV11-02415_FL24_S18_L000_read_11_count_5     2.02%    passed     97.42%
  12  200724_20-08522_HIV11-02415_FL24_S18_L000_read_12_count_5     2.02%    passed     92.84%
  13  200724_20-08522_HIV11-02415_FL24_S18_L000_read_13_count_4     2.02%    passed     97.20%
  14  200724_20-08522_HIV11-02415_FL24_S18_L000_read_14_count_4     2.02%    passed     97.42%
  15  200724_20-08522_HIV11-02415_FL24_S18_L000_read_15_count_3     2.02%    passed     83.78%
  16  200724_20-08522_HIV11-02415_FL24_S18_L000_read_16_count_3     2.02%    passed     97.42%
  17  200724_20-08522_HIV11-02415_FL24_S18_L000_read_17_count_3     2.02%    passed     92.84%
  18  200724_20-08522_HIV11-02415_FL24_S18_L000_read_18_count_3     2.02%    passed     97.65%
  19  200724_20-08522_HIV11-02415_FL24_S18_L000_read_19_count_3     2.02%    passed     92.84%
  20  200724_20-08522_HIV11-02415_FL24_S18_L000_read_20_count_2     2.02%    passed     97.42%
  21  200724_20-08522_HIV11-02415_FL24_S18_L000_read_21_count_2     2.02%    passed     97.42%
  22  200724_20-08522_HIV11-02415_FL24_S18_L000_read_22_count_2     2.02%    passed     97.42%
  23  200724_20-08522_HIV11-02415_FL24_S18_L000_read_23_count_2     2.02%    passed     92.84%
  24  200724_20-08522_HIV11-02415_FL24_S18_L000_read_24_count_2     2.02%    passed     99.49%
  25  200724_20-08522_HIV11-02415_FL24_S18_L000_read_25_count_2     2.02%    passed     96.75%
  26  200724_20-08522_HIV11-02415_FL24_S18_L000_read_26_count_2     2.02%    passed     96.75%
  27  200724_20-08522_HIV11-02415_FL24_S18_L000_read_27_count_2     2.02%    passed     91.83%
  28  200724_20-08522_HIV11-02415_FL24_S18_L000_read_28_count_2     2.02%    passed     99.20%
  29  200724_20-08522_HIV11-02415_FL24_S18_L000_read_29_count_2     2.02%    passed     98.95%
  30  200724_20-08522_HIV11-02415_FL24_S18_L000_read_30_count_2     2.02%    passed     92.68%
  31  200724_20-08522_HIV11-02415_FL24_S18_L000_read_31_count_2     2.02%    passed     92.84%
  32  200724_20-08522_HIV11-02415_FL24_S18_L000_read_32_count_2     2.02%    passed     97.42%
  33  200724_20-08522_HIV11-02415_FL24_S18_L000_read_33_count_2     2.02%    passed     97.42%
  34  200724_20-08522_HIV11-02415_FL24_S18_L000_read_34_count_2     2.02%    passed     97.20%
  35  200724_20-08522_HIV11-02415_FL24_S18_L000_read_35_count_2     2.02%    passed     97.42%
  36  200724_20-08522_HIV11-02415_FL24_S18_L000_read_36_count_2     2.02%    passed     93.85%
  37  200724_20-08522_HIV11-02415_FL24_S18_L000_read_37_count_2     2.02%    passed     97.42%
  38  200724_20-08522_HIV11-02415_FL24_S18_L000_read_38_count_2     2.02%    passed     96.59%
  39  200724_20-08522_HIV11-02415_FL24_S18_L000_read_39_count_2     2.02%    passed     96.37%
  40  200724_20-08522_HIV11-02415_FL24_S18_L000_read_40_count_2     2.02%    passed     96.37%
  41  200724_20-08522_HIV11-02415_FL24_S18_L000_read_41_count_2     2.02%    passed     99.20%
  42  200724_20-08522_HIV11-02415_FL24_S18_L000_read_42_count_2     2.02%    passed     96.59%
  43  200724_20-08522_HIV11-02415_FL24_S18_L000_read_43_count_2     2.02%    passed     97.55%
  44  200724_20-08522_HIV11-02415_FL24_S18_L000_read_44_count_2     2.02%    passed     97.42%
  45  200724_20-08522_HIV11-02415_FL24_S18_L000_read_45_count_1     2.02%    passed     97.20%
  46  200724_20-08522_HIV11-02415_FL24_S18_L000_read_46_count_1     2.02%    passed     93.28%
  47  200724_20-08522_HIV11-02415_FL24_S18_L000_read_47_count_1     2.02%    passed     84.88%
  48  200724_20-08522_HIV11-02415_FL24_S18_L000_read_48_count_1     2.02%    passed     99.20%
  49  200724_20-08522_HIV11-02415_FL24_S18_L000_read_49_count_1     2.02%    passed     92.84%
  50  200724_20-08522_HIV11-02415_FL24_S18_L000_read_50_count_1     2.02%    passed     99.49%
  51  200724_20-08522_HIV11-02415_FL24_S18_L000_read_51_count_1     2.02%    passed     97.42%
  52  200724_20-08522_HIV11-02415_FL24_S18_L000_read_52_count_1     2.02%    passed     92.84%
  53  200724_20-08522_HIV11-02415_FL24_S18_L000_read_53_count_1     2.02%    passed     92.84%
  54  200724_20-08522_HIV11-02415_FL24_S18_L000_read_54_count_1     2.02%    passed     97.42%
  55  200724_20-08522_HIV11-02415_FL24_S18_L000_read_55_count_1     2.02%    passed     97.42%
  56  200724_20-08522_HIV11-02415_FL24_S18_L000_read_56_count_1     2.02%    passed     93.85%
  57  200724_20-08522_HIV11-02415_FL24_S18_L000_read_57_count_1     2.02%    passed     93.29%
  58  200724_20-08522_HIV11-02415_FL24_S18_L000_read_58_count_1     2.02%    passed     95.11%
  59  200724_20-08522_HIV11-02415_FL24_S18_L000_read_59_count_1     2.02%    passed     97.65%
  60  200724_20-08522_HIV11-02415_FL24_S18_L000_read_60_count_1     2.02%    passed     93.85%
  61  200724_20-08522_HIV11-02415_FL24_S18_L000_read_61_count_1     2.02%    passed     92.84%
  62  200724_20-08522_HIV11-02415_FL24_S18_L000_read_62_count_1     2.43%    passed     93.09%
  63  200724_20-08522_HIV11-02415_FL24_S18_L000_read_63_count_1     2.02%    passed     92.84%
  64  200724_20-08522_HIV11-02415_FL24_S18_L000_read_64_count_1     2.02%    passed     93.85%
  65  200724_20-08522_HIV11-02415_FL24_S18_L000_read_65_count_1     2.02%    passed     97.20%
  66  200724_20-08522_HIV11-02415_FL24_S18_L000_read_66_count_1     2.02%    passed     95.75%
  67  200724_20-08522_HIV11-02415_FL24_S18_L000_read_67_count_1     2.02%    passed     97.55%
  68  200724_20-08522_HIV11-02415_FL24_S18_L000_read_68_count_1     2.02%    passed     97.20%
  69  200724_20-08522_HIV11-02415_FL24_S18_L000_read_69_count_1     2.02%    passed     97.55%
  70  200724_20-08522_HIV11-02415_FL24_S18_L000_read_70_count_1     2.02%    passed     99.20%
  71  200724_20-08522_HIV11-02415_FL24_S18_L000_read_71_count_1     2.02%    passed     96.35%
  72  200724_20-08522_HIV11-02415_FL24_S18_L000_read_72_count_1     2.02%    passed     97.55%
  73  200724_20-08522_HIV11-02415_FL24_S18_L000_read_73_count_1     2.02%    passed     92.84%
  74  200724_20-08522_HIV11-02415_FL24_S18_L000_read_74_count_1     2.02%    passed     92.84%
  75  200724_20-08522_HIV11-02415_FL24_S18_L000_read_75_count_1     2.02%    passed     96.59%
  76  200724_20-08522_HIV11-02415_FL24_S18_L000_read_76_count_1     2.02%    passed     98.32%
  77  200724_20-08522_HIV11-02415_FL24_S18_L000_read_77_count_1     2.02%    passed     93.85%
  78  200724_20-08522_HIV11-02415_FL24_S18_L000_read_78_count_1     2.02%    passed     94.86%
  79  200724_20-08522_HIV11-02415_FL24_S18_L000_read_79_count_1     2.02%    passed     97.42%
  80  200724_20-08522_HIV11-02415_FL24_S18_L000_read_80_count_1     2.02%    passed     87.01%
  81  200724_20-08522_HIV11-02415_FL24_S18_L000_read_81_count_1     2.02%    passed     95.82%
  82  200724_20-08522_HIV11-02415_FL24_S18_L000_read_82_count_1     2.02%    passed     97.20%
  83  200724_20-08522_HIV11-02415_FL24_S18_L000_read_83_count_1     2.02%    passed     93.85%
  84  200724_20-08522_HIV11-02415_FL24_S18_L000_read_84_count_1     2.02%    passed     93.28%
  85  200724_20-08522_HIV11-02415_FL24_S18_L000_read_85_count_1     2.02%    passed     93.85%
  86  200724_20-08522_HIV11-02415_FL24_S18_L000_read_86_count_1     2.02%    passed     97.42%
  87  200724_20-08522_HIV11-02415_FL24_S18_L000_read_87_count_1     2.02%    passed     97.42%
  88  200724_20-08522_HIV11-02415_FL24_S18_L000_read_88_count_1     2.02%    passed     97.20%
  89  200724_20-08522_HIV11-02415_FL24_S18_L000_read_89_count_1     2.02%    passed     93.85%
  90  200724_20-08522_HIV11-02415_FL24_S18_L000_read_90_count_1     2.02%    passed     91.83%
  91  200724_20-08522_HIV11-02415_FL24_S18_L000_read_91_count_1     2.02%    passed     96.75%
  92  200724_20-08522_HIV11-02415_FL24_S18_L000_read_92_count_1     2.02%    passed     84.88%
  93  200724_20-08522_HIV11-02415_FL24_S18_L000_read_93_count_1     2.02%    passed     96.75%
  94  200724_20-08522_HIV11-02415_FL24_S18_L000_read_94_count_1     2.02%    passed     99.20%
  95  200724_20-08522_HIV11-02415_FL24_S18_L000_read_95_count_1     2.02%    passed     97.65%
  96  200724_20-08522_HIV11-02415_FL24_S18_L000_read_96_count_1     2.02%    passed     96.35%
  97  200724_20-08522_HIV11-02415_FL24_S18_L000_read_97_count_1     2.02%    passed     97.65%
  98  200724_20-08522_HIV11-02415_FL24_S18_L000_read_98_count_1     2.02%    passed     97.42%
  99  200724_20-08522_HIV11-02415_FL24_S18_L000_read_99_count_1     2.02%    passed     99.49%
 100  200724_20-08522_HIV11-02415_FL24_S18_L000_read_100_count_1    2.02%    passed     96.75%
 101  200724_20-08522_HIV11-02415_FL24_S18_L000_read_101_count_1    2.02%    passed     93.85%
 102  200724_20-08522_HIV11-02415_FL24_S18_L000_read_102_count_1    2.02%    passed     99.20%
 103  200724_20-08522_HIV11-02415_FL24_S18_L000_read_103_count_1    2.02%    passed     96.37%
 104  200724_20-08522_HIV11-02415_FL24_S18_L000_read_104_count_1    2.02%    passed     98.32%
 105  200724_20-08522_HIV11-02415_FL24_S18_L000_read_105_count_1    2.02%    passed     97.42%
 106  200724_20-08522_HIV11-02415_FL24_S18_L000_read_106_count_1    2.02%    passed     97.55%
 107  200724_20-08522_HIV11-02415_FL24_S18_L000_read_107_count_1    2.02%    passed     93.57%
 108  200724_20-08522_HIV11-02415_FL24_S18_L000_read_108_count_1    2.02%    passed     92.68%
 109  200724_20-08522_HIV11-02415_FL24_S18_L000_read_109_count_1    2.02%    passed     91.54%
 110  200724_20-08522_HIV11-02415_FL24_S18_L000_read_110_count_1    2.02%    passed     97.20%
 111  200724_20-08522_HIV11-02415_FL24_S18_L000_read_111_count_1    2.02%    passed     96.75%
 112  200724_20-08522_HIV11-02415_FL24_S18_L000_read_112_count_1    2.02%    passed     96.75%
 113  200724_20-08522_HIV11-02415_FL24_S18_L000_read_113_count_1    2.02%    passed     97.20%
 114  200724_20-08522_HIV11-02415_FL24_S18_L000_read_114_count_1    2.02%    passed     96.35%
 115  200724_20-08522_HIV11-02415_FL24_S18_L000_read_115_count_1    2.83%    passed     99.18%
 116  200724_20-08522_HIV11-02415_FL24_S18_L000_read_116_count_1    2.02%    passed     93.29%
 117  200724_20-08522_HIV11-02415_FL24_S18_L000_read_117_count_1    2.02%    passed     96.37%
 118  200724_20-08522_HIV11-02415_FL24_S18_L000_read_118_count_1    2.02%    passed     91.63%
 119  200724_20-08522_HIV11-02415_FL24_S18_L000_read_119_count_1    2.02%    passed     96.75%
 120  200724_20-08522_HIV11-02415_FL24_S18_L000_read_120_count_1    2.02%    passed     96.35%
 121  200724_20-08522_HIV11-02415_FL24_S18_L000_read_121_count_1    2.02%    passed     97.42%
 122  200724_20-08522_HIV11-02415_FL24_S18_L000_read_122_count_1    2.02%    passed     99.49%
 123  200724_20-08522_HIV11-02415_FL24_S18_L000_read_123_count_1    2.02%    passed     92.84%
 124  200724_20-08522_HIV11-02415_FL24_S18_L000_read_124_count_1    2.02%    passed     93.28%
 125  200724_20-08522_HIV11-02415_FL24_S18_L000_read_125_count_1    2.02%    passed     97.20%
 126  200724_20-08522_HIV11-02415_FL24_S18_L000_read_126_count_1    2.02%    passed     97.42%
 127  200724_20-08522_HIV11-02415_FL24_S18_L000_read_127_count_1    2.02%    passed     96.37%
 128  200724_20-08522_HIV11-02415_FL24_S18_L000_read_128_count_1    2.02%    passed     98.32%
 129  200724_20-08522_HIV11-02415_FL24_S18_L000_read_129_count_1    2.02%    passed     97.65%
 130  200724_20-08522_HIV11-02415_FL24_S18_L000_read_130_count_1    2.02%    passed     94.86%
 131  200724_20-08522_HIV11-02415_FL24_S18_L000_read_131_count_1    2.02%    passed     92.68%
 132  200724_20-08522_HIV11-02415_FL24_S18_L000_read_132_count_1    2.02%    passed     97.42%
 133  200724_20-08522_HIV11-02415_FL24_S18_L000_read_133_count_1    2.02%    passed     90.43%
 134  200724_20-08522_HIV11-02415_FL24_S18_L000_read_134_count_1    2.02%    passed     97.42%
 135  200724_20-08522_HIV11-02415_FL24_S18_L000_read_135_count_1    2.02%    passed     98.95%
 136  200724_20-08522_HIV11-02415_FL24_S18_L000_read_136_count_1    2.02%    passed     99.20%
 137  200724_20-08522_HIV11-02415_FL24_S18_L000_read_137_count_1    2.02%    passed     97.42%
 138  200724_20-08522_HIV11-02415_FL24_S18_L000_read_138_count_1    2.02%    passed     96.75%
 139  200724_20-08522_HIV11-02415_FL24_S18_L000_read_139_count_1    2.02%    passed     99.34%
 140  200724_20-08522_HIV11-02415_FL24_S18_L000_read_140_count_1    2.02%    passed     96.59%
 141  200724_20-08522_HIV11-02415_FL24_S18_L000_read_141_count_1    2.02%    passed     99.49%
 142  200724_20-08522_HIV11-02415_FL24_S18_L000_read_142_count_1    2.02%    passed     96.35%
 143  200724_20-08522_HIV11-02415_FL24_S18_L000_read_143_count_1    2.02%    passed     99.49%
 144  200724_20-08522_HIV11-02415_FL24_S18_L000_read_144_count_1    2.02%    passed     87.68%
 145  200724_20-08522_HIV11-02415_FL24_S18_L000_read_145_count_1    2.02%    passed     97.42%
 146  200724_20-08522_HIV11-02415_FL24_S18_L000_read_146_count_1    2.43%    passed     96.82%
 147  200724_20-08522_HIV11-02415_FL24_S18_L000_read_147_count_1    2.02%    passed     92.84%
 148  200724_20-08522_HIV11-02415_FL24_S18_L000_read_148_count_1    2.02%    passed     99.57%
 149  200724_20-08522_HIV11-02415_FL24_S18_L000_read_149_count_1    2.02%    passed     92.84%
 150  200724_20-08522_HIV11-02415_FL24_S18_L000_read_150_count_1    2.02%    passed     93.85%
 151  200724_20-08522_HIV11-02415_FL24_S18_L000_read_151_count_1    2.02%    passed     97.42%
 152  200724_20-08522_HIV11-02415_FL24_S18_L000_read_152_count_1    2.02%    passed     97.20%
 153  200724_20-08522_HIV11-02415_FL24_S18_L000_read_153_count_1    2.02%    passed     97.42%
 154  200724_20-08522_HIV11-02415_FL24_S18_L000_read_154_count_1    2.02%    passed     96.75%
 155  200724_20-08522_HIV11-02415_FL24_S18_L000_read_155_count_1    2.02%    passed     99.34%
 156  200724_20-08522_HIV11-02415_FL24_S18_L000_read_156_count_1    2.02%    passed     97.65%
 157  200724_20-08522_HIV11-02415_FL24_S18_L000_read_157_count_1    2.02%    passed     93.85%
 158  200724_20-08522_HIV11-02415_FL24_S18_L000_read_158_count_1    2.02%    passed     97.20%
 159  200724_20-08522_HIV11-02415_FL24_S18_L000_read_159_count_1    2.02%    passed     93.84%
 160  200724_20-08522_HIV11-02415_FL24_S18_L000_read_160_count_1    2.02%    passed     97.20%
 161  200724_20-08522_HIV11-02415_FL24_S18_L000_read_161_count_1    2.02%    passed     97.42%
 162  200724_20-08522_HIV11-02415_FL24_S18_L000_read_162_count_1    2.02%    passed     93.28%
 163  200724_20-08522_HIV11-02415_FL24_S18_L000_read_163_count_1    2.02%    passed     93.57%
 164  200724_20-08522_HIV11-02415_FL24_S18_L000_read_164_count_1    2.02%    passed     99.20%
 165  200724_20-08522_HIV11-02415_FL24_S18_L000_read_165_count_1    2.02%    passed     99.49%
 166  200724_20-08522_HIV11-02415_FL24_S18_L000_read_166_count_1    2.02%    passed     96.35%
 167  200724_20-08522_HIV11-02415_FL24_S18_L000_read_167_count_1    2.02%    passed     99.49%
 168  200724_20-08522_HIV11-02415_FL24_S18_L000_read_168_count_1    2.02%    passed     96.58%
 169  200724_20-08522_HIV11-02415_FL24_S18_L000_read_169_count_1    2.02%    passed     96.59%
 170  200724_20-08522_HIV11-02415_FL24_S18_L000_read_170_count_1    2.02%    passed     99.34%
 171  200724_20-08522_HIV11-02415_FL24_S18_L000_read_171_count_1    2.02%    passed     97.42%
 172  200724_20-08522_HIV11-02415_FL24_S18_L000_read_172_count_1    2.02%    passed     99.34%
 173  200724_20-08522_HIV11-02415_FL24_S18_L000_read_173_count_1    2.02%    passed     94.86%
 174  200724_20-08522_HIV11-02415_FL24_S18_L000_read_174_count_1    2.02%    passed     97.42%
 175  200724_20-08522_HIV11-02415_FL24_S18_L000_read_175_count_1    2.02%    passed     97.20%
 176  200724_20-08522_HIV11-02415_FL24_S18_L000_read_176_count_1    2.02%    passed     99.49%
 177  200724_20-08522_HIV11-02415_FL24_S18_L000_read_177_count_1    2.02%    passed     97.55%
 178  200724_20-08522_HIV11-02415_FL24_S18_L000_read_178_count_1    2.02%    passed     92.84%
 179  200724_20-08522_HIV11-02415_FL24_S18_L000_read_179_count_1    2.02%    passed     93.85%
 180  200724_20-08522_HIV11-02415_FL24_S18_L000_read_180_count_1    2.02%    passed     97.42%
 181  200724_20-08522_HIV11-02415_FL24_S18_L000_read_181_count_1    2.02%    passed     99.34%
 182  200724_20-08522_HIV11-02415_FL24_S18_L000_read_182_count_1    2.02%    passed     97.20%
 183  200724_20-08522_HIV11-02415_FL24_S18_L000_read_183_count_1    2.02%    passed     97.42%
 184  200724_20-08522_HIV11-02415_FL24_S18_L000_read_184_count_1    2.02%    passed     99.20%
 185  200724_20-08522_HIV11-02415_FL24_S18_L000_read_185_count_1    2.02%    passed     97.42%
 186  200724_20-08522_HIV11-02415_FL24_S18_L000_read_186_count_1    2.02%    passed     84.88%
 187  200724_20-08522_HIV11-02415_FL24_S18_L000_read_187_count_1    2.02%    passed     97.20%
 188  200724_20-08522_HIV11-02415_FL24_S18_L000_read_188_count_1    2.02%    passed     97.55%
 189  200724_20-08522_HIV11-02415_FL24_S18_L000_read_189_count_1    2.02%    passed     92.84%
 190  200724_20-08522_HIV11-02415_FL24_S18_L000_read_190_count_1    2.02%    passed     87.51%
 191  200724_20-08522_HIV11-02415_FL24_S18_L000_read_191_count_1    2.02%    passed     96.75%
 192  200724_20-08522_HIV11-02415_FL24_S18_L000_read_192_count_1    2.02%    passed     99.49%
 193  200724_20-08522_HIV11-02415_FL24_S18_L000_read_193_count_1    2.02%    passed     96.75%
 194  200724_20-08522_HIV11-02415_FL24_S18_L000_read_194_count_1    2.02%    passed     99.41%
 195  200724_20-08522_HIV11-02415_FL24_S18_L000_read_195_count_1    2.02%    passed     97.42%
 196  200724_20-08522_HIV11-02415_FL24_S18_L000_read_196_count_1    2.43%    passed     96.44%
 197  200724_20-08522_HIV11-02415_FL24_S18_L000_read_197_count_1    2.02%    passed     95.82%
 198  200724_20-08522_HIV11-02415_FL24_S18_L000_read_198_count_1    2.02%    passed     96.59%
 199  200724_20-08522_HIV11-02415_FL24_S18_L000_read_199_count_1    2.02%    passed     97.42%
 200  200724_20-08522_HIV11-02415_FL24_S18_L000_read_200_count_1    2.02%    passed     93.29%
 201  200724_20-08522_HIV11-02415_FL24_S18_L000_read_201_count_1    2.02%    passed     99.20%
 202  200724_20-08522_HIV11-02415_FL24_S18_L000_read_202_count_1    2.02%    passed     93.85%
 203  200724_20-08522_HIV11-02415_FL24_S18_L000_read_203_count_1    2.02%    passed     97.55%
 204  200724_20-08522_HIV11-02415_FL24_S18_L000_read_204_count_1    2.02%    passed     97.42%
 205  200724_20-08522_HIV11-02415_FL24_S18_L000_read_205_count_1    2.02%    passed     97.42%
 206  200724_20-08522_HIV11-02415_FL24_S18_L000_read_206_count_1    2.02%    passed     99.20%
 207  200724_20-08522_HIV11-02415_FL24_S18_L000_read_207_count_1    2.02%    passed     96.37%
 208  200709_20-07994_HIV07-01067_FL21_S1_L000_read_1_count_648     2.02%    passed     98.77%
 209  200709_20-07994_HIV07-01067_FL21_S1_L000_read_2_count_177     2.02%    passed     95.62%
 210  200709_20-07994_HIV07-01067_FL21_S1_L000_read_3_count_58      2.02%    passed     99.77%
 211  200709_20-07994_HIV07-01067_FL21_S1_L000_read_4_count_10      2.02%    passed     96.22%
 212  200709_20-07994_HIV07-01067_FL21_S1_L000_read_5_count_4       2.02%    passed     99.77%
 213  200709_20-07994_HIV07-01067_FL21_S1_L000_read_6_count_3       2.02%    passed     97.48%
 214  200709_20-07994_HIV07-01067_FL21_S1_L000_read_7_count_3       2.02%    passed     99.18%
 215  200709_20-07994_HIV07-01067_FL21_S1_L000_read_8_count_2       2.02%    passed     99.18%
 216  200709_20-07994_HIV07-01067_FL21_S1_L000_read_9_count_2       2.02%    passed     99.18%
 217  200709_20-07994_HIV07-01067_FL21_S1_L000_read_10_count_2      2.02%    passed     99.18%
 218  200709_20-07994_HIV07-01067_FL21_S1_L000_read_11_count_2      2.02%    passed     99.18%
 219  200709_20-07994_HIV07-01067_FL21_S1_L000_read_12_count_2      2.02%    passed     99.73%
 220  200709_20-07994_HIV07-01067_FL21_S1_L000_read_13_count_2      2.02%    passed     99.18%
 221  200709_20-07994_HIV07-01067_FL21_S1_L000_read_14_count_2      2.02%    passed     99.18%
 222  200709_20-07994_HIV07-01067_FL21_S1_L000_read_15_count_2      2.02%    passed     99.18%
 223  200709_20-07994_HIV07-01067_FL21_S1_L000_read_16_count_2      2.02%    passed     97.48%
 224  200709_20-07994_HIV07-01067_FL21_S1_L000_read_17_count_2      2.02%    passed     99.13%
 225  200709_20-07994_HIV07-01067_FL21_S1_L000_read_18_count_2      2.02%    passed     99.18%
 226  200709_20-07994_HIV07-01067_FL21_S1_L000_read_19_count_2      2.02%    passed     99.18%
 227  200709_20-07994_HIV07-01067_FL21_S1_L000_read_20_count_2      2.02%    passed     97.48%
 228  200709_20-07994_HIV07-01067_FL21_S1_L000_read_21_count_2      2.02%    passed     99.18%
 229  200709_20-07994_HIV07-01067_FL21_S1_L000_read_22_count_2      2.02%    passed     97.48%
 230  200709_20-07994_HIV07-01067_FL21_S1_L000_read_23_count_2      2.02%    passed     98.23%
 231  200709_20-07994_HIV07-01067_FL21_S1_L000_read_24_count_2      2.02%    passed     98.77%
 232  200709_20-07994_HIV07-01067_FL21_S1_L000_read_25_count_2      2.02%    passed     99.18%
 233  200709_20-07994_HIV07-01067_FL21_S1_L000_read_26_count_2      2.02%    passed     99.18%
 234  200709_20-07994_HIV07-01067_FL21_S1_L000_read_27_count_2      2.02%    passed     95.62%
 235  200709_20-07994_HIV07-01067_FL21_S1_L000_read_28_count_2      2.02%    passed     99.73%
 236  200709_20-07994_HIV07-01067_FL21_S1_L000_read_29_count_2      2.02%    passed     99.18%
 237  200709_20-07994_HIV07-01067_FL21_S1_L000_read_30_count_2      2.02%    passed     99.18%
 238  200709_20-07994_HIV07-01067_FL21_S1_L000_read_31_count_2      2.02%    passed     99.18%
 239  200709_20-07994_HIV07-01067_FL21_S1_L000_read_32_count_2      2.02%    passed     97.48%
 240  200709_20-07994_HIV07-01067_FL21_S1_L000_read_33_count_2      2.02%    passed     99.08%
 241  200709_20-07994_HIV07-01067_FL21_S1_L000_read_34_count_1      2.02%    passed     99.77%
 242  200709_20-07994_HIV07-01067_FL21_S1_L000_read_35_count_1      2.02%    passed     98.77%
 243  200709_20-07994_HIV07-01067_FL21_S1_L000_read_36_count_1      2.02%    passed     93.92%
 244  200709_20-07994_HIV07-01067_FL21_S1_L000_read_37_count_1      2.02%    passed     99.77%
 245  200709_20-07994_HIV07-01067_FL21_S1_L000_read_38_count_1      2.02%    passed     95.97%
 246  200709_20-07994_HIV07-01067_FL21_S1_L000_read_39_count_1      2.02%    passed     99.73%
 247  200709_20-07994_HIV07-01067_FL21_S1_L000_read_40_count_1      2.02%    passed     98.23%
 248  200709_20-07994_HIV07-01067_FL21_S1_L000_read_41_count_1      2.02%    passed     99.18%
 249  200709_20-07994_HIV07-01067_FL21_S1_L000_read_42_count_1      2.02%    passed     95.81%
 250  200709_20-07994_HIV07-01067_FL21_S1_L000_read_43_count_1      2.02%    passed     99.86%
 251  200709_20-07994_HIV07-01067_FL21_S1_L000_read_44_count_1      2.02%    passed     99.18%
 252  200709_20-07994_HIV07-01067_FL21_S1_L000_read_45_count_1      2.02%    passed     99.86%
 253  200709_20-07994_HIV07-01067_FL21_S1_L000_read_46_count_1      2.02%    passed     94.04%
 254  200709_20-07994_HIV07-01067_FL21_S1_L000_read_47_count_1      2.02%    passed     99.18%
 255  200709_20-07994_HIV07-01067_FL21_S1_L000_read_48_count_1      2.02%    passed     96.22%
 256  200709_20-07994_HIV07-01067_FL21_S1_L000_read_49_count_1      2.02%    passed     98.77%
 257  200709_20-07994_HIV07-01067_FL21_S1_L000_read_50_count_1      2.02%    passed     98.23%
 258  200709_20-07994_HIV07-01067_FL21_S1_L000_read_51_count_1      2.02%    passed     98.77%
 259  200709_20-07994_HIV07-01067_FL21_S1_L000_read_52_count_1      2.02%    passed     99.18%
 260  200709_20-07994_HIV07-01067_FL21_S1_L000_read_53_count_1      2.02%    passed     99.77%
 261  200709_20-07994_HIV07-01067_FL21_S1_L000_read_54_count_1      2.02%    passed     97.17%
 262  200709_20-07994_HIV07-01067_FL21_S1_L000_read_55_count_1      2.02%    passed     95.62%
 263  200709_20-07994_HIV07-01067_FL21_S1_L000_read_56_count_1      2.02%    passed     99.18%
 264  200709_20-07994_HIV07-01067_FL21_S1_L000_read_57_count_1      2.02%    passed     99.73%
 265  200709_20-07994_HIV07-01067_FL21_S1_L000_read_58_count_1      2.02%    passed     99.86%
 266  200709_20-07994_HIV07-01067_FL21_S1_L000_read_59_count_1      2.02%    passed     97.17%
 267  200709_20-07994_HIV07-01067_FL21_S1_L000_read_60_count_1      2.02%    passed     98.77%
 268  200709_20-07994_HIV07-01067_FL21_S1_L000_read_61_count_1      2.02%    passed     99.18%
 269  200709_20-07994_HIV07-01067_FL21_S1_L000_read_62_count_1      2.02%    passed     96.49%
 270  200709_20-07994_HIV07-01067_FL21_S1_L000_read_63_count_1      2.02%    passed     99.86%
 271  200709_20-07994_HIV07-01067_FL21_S1_L000_read_64_count_1      2.02%    passed     99.73%
 272  200709_20-07994_HIV07-01067_FL21_S1_L000_read_65_count_1      2.43%    passed     99.09%
 273  200709_20-07994_HIV07-01067_FL21_S1_L000_read_66_count_1      2.02%    passed     99.86%
 274  200709_20-07994_HIV07-01067_FL21_S1_L000_read_67_count_1      2.02%    passed     99.18%
 275  200709_20-07994_HIV07-01067_FL21_S1_L000_read_68_count_1      2.02%    passed     99.08%
 276  200709_20-07994_HIV07-01067_FL21_S1_L000_read_69_count_1      2.02%    passed     99.86%
 277  200709_20-07994_HIV07-01067_FL21_S1_L000_read_70_count_1      2.02%    passed     97.17%
 278  200709_20-07994_HIV07-01067_FL21_S1_L000_read_71_count_1      2.02%    passed     99.18%
 279  200709_20-07994_HIV07-01067_FL21_S1_L000_read_72_count_1      2.02%    passed     99.18%
 280  200709_20-07994_HIV07-01067_FL21_S1_L000_read_73_count_1      2.02%    passed     99.18%
 281  200709_20-07994_HIV07-01067_FL21_S1_L000_read_74_count_1      2.02%    passed     99.18%
 282  200709_20-07994_HIV07-01067_FL21_S1_L000_read_75_count_1      2.02%    passed     99.18%
 283  200709_20-07994_HIV07-01067_FL21_S1_L000_read_76_count_1      2.02%    passed     99.49%
 284  200709_20-07994_HIV07-01067_FL21_S1_L000_read_77_count_1      1.62%    passed     99.62%
 285  200709_20-07994_HIV07-01067_FL21_S1_L000_read_78_count_1      2.02%    passed     94.04%
 286  200709_20-07994_HIV07-01067_FL21_S1_L000_read_79_count_1      2.02%    passed     99.73%
 287  200709_20-07994_HIV07-01067_FL21_S1_L000_read_80_count_1      2.02%    passed     98.23%
 288  200709_20-07994_HIV07-01067_FL21_S1_L000_read_81_count_1      2.02%    passed     98.23%
 289  200709_20-07994_HIV07-01067_FL21_S1_L000_read_82_count_1      2.02%    passed     98.23%
 290  200709_20-07994_HIV07-01067_FL21_S1_L000_read_83_count_1      2.02%    passed     96.45%
 291  200709_20-07994_HIV07-01067_FL21_S1_L000_read_84_count_1      2.02%    passed     99.86%
 292  200709_20-07994_HIV07-01067_FL21_S1_L000_read_85_count_1      1.62%    passed     97.99%
 293  200709_20-07994_HIV07-01067_FL21_S1_L000_read_86_count_1      2.02%    passed     93.92%
 294  200709_20-07994_HIV07-01067_FL21_S1_L000_read_87_count_1      2.02%    passed     99.18%
 295  200709_20-07994_HIV07-01067_FL21_S1_L000_read_88_count_1      2.02%    passed     99.83%
 296  200709_20-07994_HIV07-01067_FL21_S1_L000_read_89_count_1      2.02%    passed     99.18%
 297  200709_20-07994_HIV07-01067_FL21_S1_L000_read_90_count_1      2.02%    passed     99.18%
 298  200709_20-07994_HIV07-01067_FL21_S1_L000_read_91_count_1      2.02%    passed     98.77%
 299  200709_20-07994_HIV07-01067_FL21_S1_L000_read_92_count_1      2.02%    passed     98.23%
 300  200709_20-07994_HIV07-01067_FL21_S1_L000_read_93_count_1      2.02%    passed     93.92%
 301  200709_20-07994_HIV07-01067_FL21_S1_L000_read_94_count_1      2.02%    passed     96.22%
 302  200709_20-07994_HIV07-01067_FL21_S1_L000_read_95_count_1      2.02%    passed     99.18%
 303  200709_20-07994_HIV07-01067_FL21_S1_L000_read_96_count_1      2.02%    passed     96.22%
 304  200709_20-07994_HIV07-01067_FL21_S1_L000_read_97_count_1      2.02%    passed     99.13%
 305  200709_20-07994_HIV07-01067_FL21_S1_L000_read_98_count_1      2.02%    passed     99.73%
 306  200709_20-07994_HIV07-01067_FL21_S1_L000_read_99_count_1      2.02%    passed     96.22%
 307  200709_20-07994_HIV07-01067_FL21_S1_L000_read_100_count_1     2.02%    passed     93.92%
 308  200709_20-07994_HIV07-01067_FL21_S1_L000_read_101_count_1     2.02%    passed     99.18%
 309  200709_20-07994_HIV07-01067_FL21_S1_L000_read_102_count_1     1.21%    passed     95.31%
 310  200709_20-07994_HIV07-01067_FL21_S1_L000_read_103_count_1     2.02%    passed     99.77%
 311  200709_20-07994_HIV07-01067_FL21_S1_L000_read_104_count_1     2.02%    passed     99.73%
 312  200709_20-07994_HIV07-01067_FL21_S1_L000_read_105_count_1     2.02%    passed     99.73%
 313  200709_20-07994_HIV07-01067_FL21_S1_L000_read_106_count_1     2.02%    passed     98.45%
 314  200709_20-07994_HIV07-01067_FL21_S1_L000_read_107_count_1     2.02%    passed     96.99%
 315  200709_20-07994_HIV07-01067_FL21_S1_L000_read_108_count_1     2.02%    passed     98.77%
 316  200709_20-07994_HIV07-01067_FL21_S1_L000_read_109_count_1     2.02%    passed     96.22%
 317  200709_20-07994_HIV07-01067_FL21_S1_L000_read_110_count_1     2.02%    passed     99.18%
 318  200709_20-07994_HIV07-01067_FL21_S1_L000_read_111_count_1     2.02%    passed     98.23%
 319  200709_20-07994_HIV07-01067_FL21_S1_L000_read_112_count_1     2.02%    passed     98.77%
 320  200709_20-07994_HIV07-01067_FL21_S1_L000_read_113_count_1     2.02%    passed     99.95%
 321  200709_20-07994_HIV07-01067_FL21_S1_L000_read_114_count_1     2.02%    passed     99.13%
 322  200709_20-07994_HIV07-01067_FL21_S1_L000_read_115_count_1     2.02%    passed     98.23%
 323  200709_20-07994_HIV07-01067_FL21_S1_L000_read_116_count_1     2.43%    passed     99.91%
 324  200709_20-07994_HIV07-01067_FL21_S1_L000_read_117_count_1     2.02%    passed     99.18%
 325  200709_20-07994_HIV07-01067_FL21_S1_L000_read_118_count_1     2.02%    passed     99.73%
 326  200709_20-07994_HIV07-01067_FL21_S1_L000_read_119_count_1     2.02%    passed     95.81%
 327  200709_20-07994_HIV07-01067_FL21_S1_L000_read_120_count_1     2.02%    passed     95.97%
 328  200709_20-07994_HIV07-01067_FL21_S1_L000_read_121_count_1     2.02%    passed     93.92%
 329  200709_20-07994_HIV07-01067_FL21_S1_L000_read_122_count_1     2.02%    passed     99.77%
 330  200709_20-07994_HIV07-01067_FL21_S1_L000_read_123_count_1     2.02%    passed     95.62%
 331  200709_20-07994_HIV07-01067_FL21_S1_L000_read_124_count_1     2.02%    passed     98.23%
 332  200709_20-07994_HIV07-01067_FL21_S1_L000_read_125_count_1     2.02%    passed     99.77%
 333  200709_20-07994_HIV07-01067_FL21_S1_L000_read_126_count_1     2.02%    passed     99.77%
 334  200709_20-07994_HIV07-01067_FL21_S1_L000_read_127_count_1     2.02%    passed     99.13%
 335  200709_20-07994_HIV07-01067_FL21_S1_L000_read_128_count_1     2.02%    passed     99.18%
 336  200709_20-07994_HIV07-01067_FL21_S1_L000_read_129_count_1     2.02%    passed     99.73%
 337  200709_20-07994_HIV07-01067_FL21_S1_L000_read_130_count_1     2.02%    passed     96.22%
 338  200709_20-07994_HIV07-01067_FL21_S1_L000_read_131_count_1     2.43%    passed     98.17%
 339  200709_20-07994_HIV07-01067_FL21_S1_L000_read_132_count_1     2.02%    passed     96.22%
 340  200709_20-07994_HIV07-01067_FL21_S1_L000_read_133_count_1     2.02%    passed     99.83%
 341  200709_20-07994_HIV07-01067_FL21_S1_L000_read_134_count_1     2.02%    passed     98.23%
 342  200709_20-07994_HIV07-01067_FL21_S1_L000_read_135_count_1     2.02%    passed     98.77%
 343  200709_20-07994_HIV07-01067_FL21_S1_L000_read_136_count_1     2.02%    passed     97.48%
 344  200709_20-07994_HIV07-01067_FL21_S1_L000_read_137_count_1     2.02%    passed     98.90%
 345  200709_20-07994_HIV07-01067_FL21_S1_L000_read_138_count_1     2.02%    passed     98.23%
 346  200709_20-07994_HIV07-01067_FL21_S1_L000_read_139_count_1     2.02%    passed     97.48%
 347  200709_20-07994_HIV07-01067_FL21_S1_L000_read_140_count_1     2.02%    passed     99.86%
 348  200709_20-07994_HIV07-01067_FL21_S1_L000_read_141_count_1     2.02%    passed     99.18%
 349  200709_20-07994_HIV07-01067_FL21_S1_L000_read_142_count_1     2.02%    passed     99.18%
 350  200709_20-07994_HIV07-01067_FL21_S1_L000_read_143_count_1     2.02%    passed     99.08%
 351  200709_20-07994_HIV07-01067_FL21_S1_L000_read_144_count_1     2.02%    passed     98.45%
 352  200709_20-07994_HIV07-01067_FL21_S1_L000_read_145_count_1     2.02%    passed     99.18%
 353  200709_20-07994_HIV07-01067_FL21_S1_L000_read_146_count_1     2.02%    passed     99.08%
 354  200709_20-07994_HIV07-01067_FL21_S1_L000_read_147_count_1     2.02%    passed     95.72%
 355  200709_20-07994_HIV07-01067_FL21_S1_L000_read_148_count_1     2.02%    passed     96.91%
 356  200709_20-07994_HIV07-01067_FL21_S1_L000_read_149_count_1     2.02%    passed     99.93%
 357  200709_20-07994_HIV07-01067_FL21_S1_L000_read_150_count_1     2.02%    passed     99.18%
 358  200709_20-07994_HIV07-01067_FL21_S1_L000_read_151_count_1     2.02%    passed     99.18%
 359  200709_20-07994_HIV07-01067_FL21_S1_L000_read_152_count_1     2.02%    passed     98.45%
 360  200709_20-07994_HIV07-01067_FL21_S1_L000_read_153_count_1     2.02%    passed     95.62%
 361  200709_20-07994_HIV07-01067_FL21_S1_L000_read_154_count_1     2.02%    passed     99.86%
 362  200709_20-07994_HIV07-01067_FL21_S1_L000_read_155_count_1     2.02%    passed     97.57%
 363  200709_20-07994_HIV07-01067_FL21_S1_L000_read_156_count_1     2.02%    passed     97.48%
 364  200709_20-07994_HIV07-01067_FL21_S1_L000_read_157_count_1     2.02%    passed     99.13%
 365  200709_20-07994_HIV07-01067_FL21_S1_L000_read_158_count_1     2.02%    passed     99.18%
 366  200709_20-07994_HIV07-01067_FL21_S1_L000_read_159_count_1     2.02%    passed     97.48%
 367  200709_20-07994_HIV07-01067_FL21_S1_L000_read_160_count_1     2.02%    passed     96.22%
 368  200709_20-07994_HIV07-01067_FL21_S1_L000_read_161_count_1     2.02%    passed     99.08%
 369  200709_20-07994_HIV07-01067_FL21_S1_L000_read_162_count_1     2.02%    passed     99.73%
 370  200709_20-07994_HIV07-01067_FL21_S1_L000_read_163_count_1     6.48%    passed     99.07%
 371  200709_20-07994_HIV07-01067_FL21_S1_L000_read_164_count_1     2.02%    passed     98.77%
 372  200709_20-07994_HIV07-01067_FL21_S1_L000_read_165_count_1     2.02%    passed     98.23%
 373  200709_20-07994_HIV07-01067_FL21_S1_L000_read_166_count_1     2.02%    passed     99.73%
 374  200709_20-07994_HIV07-01067_FL21_S1_L000_read_167_count_1     2.02%    passed     99.18%
 375  200709_20-07994_HIV07-01067_FL21_S1_L000_read_168_count_1     2.02%    passed     98.45%
 376  200709_20-07994_HIV07-01067_FL21_S1_L000_read_169_count_1     2.02%    passed     99.13%
 377  200709_20-07994_HIV07-01067_FL21_S1_L000_read_170_count_1     2.02%    passed     99.04%
 378  200709_20-07994_HIV07-01067_FL21_S1_L000_read_171_count_1     2.02%    passed     98.23%
 379  200709_20-07994_HIV07-01067_FL21_S1_L000_read_172_count_1     2.02%    passed     99.73%
 380  200709_20-07994_HIV07-01067_FL21_S1_L000_read_173_count_1     2.02%    passed     99.18%
 381  200709_20-07994_HIV07-01067_FL21_S1_L000_read_174_count_1     2.02%    passed     98.23%
 382  200709_20-07994_HIV07-01067_FL21_S1_L000_read_175_count_1     2.02%    passed     95.62%
 383  200703_20-07825_HIV09-00618_FL18_S6_L000_read_1_count_615     2.02%    passed     99.98%
 384  200703_20-07825_HIV09-00618_FL18_S6_L000_read_2_count_16      2.02%    passed     99.93%
 385  200703_20-07825_HIV09-00618_FL18_S6_L000_read_3_count_5       2.02%    passed     99.72%
 386  200703_20-07825_HIV09-00618_FL18_S6_L000_read_4_count_3       2.02%    passed     99.34%
 387  200703_20-07825_HIV09-00618_FL18_S6_L000_read_5_count_3       2.02%    passed     99.34%
 388  200703_20-07825_HIV09-00618_FL18_S6_L000_read_6_count_3       2.02%    passed     99.34%
 389  200703_20-07825_HIV09-00618_FL18_S6_L000_read_7_count_3       2.02%    passed     99.34%
 390  200703_20-07825_HIV09-00618_FL18_S6_L000_read_8_count_3       2.02%    passed     99.72%
 391  200703_20-07825_HIV09-00618_FL18_S6_L000_read_9_count_2       2.02%    passed     99.72%
 392  200703_20-07825_HIV09-00618_FL18_S6_L000_read_10_count_2      2.02%    passed     99.72%
 393  200703_20-07825_HIV09-00618_FL18_S6_L000_read_11_count_2      2.02%    passed     99.72%
 394  200703_20-07825_HIV09-00618_FL18_S6_L000_read_12_count_2      2.02%    passed     99.72%
 395  200703_20-07825_HIV09-00618_FL18_S6_L000_read_13_count_2      2.02%    passed     99.86%
 396  200703_20-07825_HIV09-00618_FL18_S6_L000_read_14_count_2      2.02%    passed     99.72%
 397  200703_20-07825_HIV09-00618_FL18_S6_L000_read_15_count_2      2.02%    passed     99.72%
 398  200703_20-07825_HIV09-00618_FL18_S6_L000_read_16_count_2      2.02%    passed     99.72%
 399  200703_20-07825_HIV09-00618_FL18_S6_L000_read_17_count_2      2.02%    passed     99.93%
 400  200703_20-07825_HIV09-00618_FL18_S6_L000_read_18_count_2      2.02%    passed     99.72%
 401  200703_20-07825_HIV09-00618_FL18_S6_L000_read_19_count_2      2.02%    passed     99.72%
 402  200703_20-07825_HIV09-00618_FL18_S6_L000_read_20_count_2      2.02%    passed     99.86%
 403  200703_20-07825_HIV09-00618_FL18_S6_L000_read_21_count_2      2.02%    passed     99.86%
 404  200703_20-07825_HIV09-00618_FL18_S6_L000_read_22_count_2      2.02%    passed     99.72%
 405  200703_20-07825_HIV09-00618_FL18_S6_L000_read_23_count_2      2.02%    passed     99.93%
 406  200703_20-07825_HIV09-00618_FL18_S6_L000_read_24_count_2      2.02%    passed     99.34%
 407  200703_20-07825_HIV09-00618_FL18_S6_L000_read_25_count_2      2.02%    passed     99.72%
 408  200703_20-07825_HIV09-00618_FL18_S6_L000_read_26_count_2      2.02%    passed     99.72%
 409  200703_20-07825_HIV09-00618_FL18_S6_L000_read_27_count_1      2.02%    passed     99.72%
 410  200703_20-07825_HIV09-00618_FL18_S6_L000_read_28_count_1      2.02%    passed     99.77%
 411  200703_20-07825_HIV09-00618_FL18_S6_L000_read_29_count_1      2.02%    passed     99.95%
 412  200703_20-07825_HIV09-00618_FL18_S6_L000_read_30_count_1      2.02%    passed     99.34%
 413  200703_20-07825_HIV09-00618_FL18_S6_L000_read_31_count_1      2.02%    passed     99.72%
 414  200703_20-07825_HIV09-00618_FL18_S6_L000_read_32_count_1      2.02%    passed     98.61%
 415  200703_20-07825_HIV09-00618_FL18_S6_L000_read_33_count_1      2.02%    passed     98.83%
 416  200703_20-07825_HIV09-00618_FL18_S6_L000_read_34_count_1      2.02%    passed     99.41%
 417  200703_20-07825_HIV09-00618_FL18_S6_L000_read_35_count_1      2.02%    passed     99.49%
 418  200703_20-07825_HIV09-00618_FL18_S6_L000_read_36_count_1      2.02%    passed     99.77%
 419  200703_20-07825_HIV09-00618_FL18_S6_L000_read_37_count_1      2.02%    passed     98.61%
 420  200703_20-07825_HIV09-00618_FL18_S6_L000_read_38_count_1      2.02%    passed     99.34%
 421  200703_20-07825_HIV09-00618_FL18_S6_L000_read_39_count_1      2.43%    passed     99.95%
 422  200703_20-07825_HIV09-00618_FL18_S6_L000_read_40_count_1      2.02%    passed     99.41%
 423  200703_20-07825_HIV09-00618_FL18_S6_L000_read_41_count_1      2.02%    passed     99.34%
 424  200703_20-07825_HIV09-00618_FL18_S6_L000_read_42_count_1      2.02%    passed     99.72%
 425  200703_20-07825_HIV09-00618_FL18_S6_L000_read_43_count_1      2.02%    passed     99.36%
 426  200703_20-07825_HIV09-00618_FL18_S6_L000_read_44_count_1      2.02%    passed     99.72%
 427  200703_20-07825_HIV09-00618_FL18_S6_L000_read_45_count_1      2.02%    passed     99.77%
 428  200703_20-07825_HIV09-00618_FL18_S6_L000_read_46_count_1      2.02%    passed     99.93%
 429  200703_20-07825_HIV09-00618_FL18_S6_L000_read_47_count_1      2.02%    passed     99.93%
 430  200703_20-07825_HIV09-00618_FL18_S6_L000_read_48_count_1      2.02%    passed     99.72%
 431  200703_20-07825_HIV09-00618_FL18_S6_L000_read_49_count_1      2.02%    passed     98.61%
 432  200703_20-07825_HIV09-00618_FL18_S6_L000_read_50_count_1      2.02%    passed     99.72%
 433  200703_20-07825_HIV09-00618_FL18_S6_L000_read_51_count_1      2.02%    passed     99.84%
 434  200703_20-07825_HIV09-00618_FL18_S6_L000_read_52_count_1      2.02%    passed     99.93%
 435  200703_20-07825_HIV09-00618_FL18_S6_L000_read_53_count_1      2.02%    passed     99.41%
 436  200703_20-07825_HIV09-00618_FL18_S6_L000_read_54_count_1      2.02%    passed     99.72%
 437  200703_20-07825_HIV09-00618_FL18_S6_L000_read_55_count_1      2.02%    passed     99.72%
 438  200703_20-07825_HIV09-00618_FL18_S6_L000_read_56_count_1      2.02%    passed     99.98%
 439  200703_20-07825_HIV09-00618_FL18_S6_L000_read_57_count_1      2.02%    passed     99.77%
 440  200703_20-07825_HIV09-00618_FL18_S6_L000_read_58_count_1      2.02%    passed     97.77%
 441  200703_20-07825_HIV09-00618_FL18_S6_L000_read_59_count_1      2.02%    passed     99.72%
 442  200703_20-07825_HIV09-00618_FL18_S6_L000_read_60_count_1      2.02%    passed     99.49%
 443  200703_20-07825_HIV09-00618_FL18_S6_L000_read_61_count_1      2.02%    passed     99.40%
 444  200703_20-07825_HIV09-00618_FL18_S6_L000_read_62_count_1      2.02%    passed     99.49%
 445  200703_20-07825_HIV09-00618_FL18_S6_L000_read_63_count_1      2.02%    passed     99.49%
 446  200703_20-07825_HIV09-00618_FL18_S6_L000_read_64_count_1      2.02%    passed     99.20%
 447  200703_20-07825_HIV09-00618_FL18_S6_L000_read_65_count_1      2.02%    passed     99.84%
 448  200703_20-07825_HIV09-00618_FL18_S6_L000_read_66_count_1      2.02%    passed     99.49%
 449  200703_20-07825_HIV09-00618_FL18_S6_L000_read_67_count_1      2.43%    passed     99.88%
 450  200703_20-07825_HIV09-00618_FL18_S6_L000_read_68_count_1      2.02%    passed     99.84%
 451  200703_20-07825_HIV09-00618_FL18_S6_L000_read_69_count_1      2.02%    passed     99.72%
 452  200703_20-07825_HIV09-00618_FL18_S6_L000_read_70_count_1      2.43%    passed     99.95%
 453  200703_20-07825_HIV09-00618_FL18_S6_L000_read_71_count_1      2.02%    passed     99.72%
 454  200703_20-07825_HIV09-00618_FL18_S6_L000_read_72_count_1      2.02%    passed     99.59%
 455  200703_20-07825_HIV09-00618_FL18_S6_L000_read_73_count_1      2.43%    passed     99.95%
 456  200703_20-07825_HIV09-00618_FL18_S6_L000_read_74_count_1      2.02%    passed     99.72%
 457  200703_20-07825_HIV09-00618_FL18_S6_L000_read_75_count_1      2.43%    passed     99.91%
 458  200703_20-07825_HIV09-00618_FL18_S6_L000_read_76_count_1      2.02%    passed     99.72%
 459  200703_20-07825_HIV09-00618_FL18_S6_L000_read_77_count_1      2.02%    passed     99.72%
 460  200703_20-07825_HIV09-00618_FL18_S6_L000_read_78_count_1      2.02%    passed     99.72%
 461  200703_20-07825_HIV09-00618_FL18_S6_L000_read_79_count_1      2.02%    passed     98.83%
 462  200703_20-07825_HIV09-00618_FL18_S6_L000_read_80_count_1      2.43%    passed     99.74%
 463  200703_20-07825_HIV09-00618_FL18_S6_L000_read_81_count_1      2.02%    passed     99.66%
 464  200703_20-07825_HIV09-00618_FL18_S6_L000_read_82_count_1      2.43%    passed     99.95%
 465  200703_20-07825_HIV09-00618_FL18_S6_L000_read_83_count_1      2.02%    passed     99.41%
 466  200703_20-07825_HIV09-00618_FL18_S6_L000_read_84_count_1      2.43%    passed     97.79%
 467  200703_20-07825_HIV09-00618_FL18_S6_L000_read_85_count_1      2.43%    passed     99.91%
 468  200703_20-07825_HIV09-00618_FL18_S6_L000_read_86_count_1      2.02%    passed     99.72%
 469  200703_20-07825_HIV09-00618_FL18_S6_L000_read_87_count_1      2.02%    passed     99.72%
 470  200703_20-07825_HIV09-00618_FL18_S6_L000_read_88_count_1      2.02%    passed     99.34%
 471  200703_20-07825_HIV09-00618_FL18_S6_L000_read_89_count_1      2.02%    passed     99.83%
 472  200703_20-07825_HIV09-00618_FL18_S6_L000_read_90_count_1      2.02%    passed     99.72%
 473  200703_20-07825_HIV09-00618_FL18_S6_L000_read_91_count_1      2.02%    passed     99.98%
 474  200703_20-07825_HIV09-00618_FL18_S6_L000_read_92_count_1      2.02%    passed     99.72%
 475  200703_20-07825_HIV09-00618_FL18_S6_L000_read_93_count_1      2.02%    passed     99.72%
 476  200703_20-07825_HIV09-00618_FL18_S6_L000_read_94_count_1      2.02%    passed     99.72%
 477  200703_20-07825_HIV09-00618_FL18_S6_L000_read_95_count_1      2.02%    passed     96.59%
 478  200703_20-07825_HIV09-00618_FL18_S6_L000_read_96_count_1      2.02%    passed     96.15%
 479  200703_20-07825_HIV09-00618_FL18_S6_L000_read_97_count_1      2.02%    passed     99.77%
 480  200703_20-07825_HIV09-00618_FL18_S6_L000_read_98_count_1      2.02%    passed     99.72%
 481  200703_20-07825_HIV09-00618_FL18_S6_L000_read_99_count_1      2.02%    passed     99.86%
 482  200703_20-07825_HIV09-00618_FL18_S6_L000_read_100_count_1     2.43%    passed     99.91%
 483  200703_20-07825_HIV09-00618_FL18_S6_L000_read_101_count_1     2.02%    passed     99.84%
 484  200703_20-07825_HIV09-00618_FL18_S6_L000_read_102_count_1     2.02%    passed     99.93%
 485  200703_20-07825_HIV09-00618_FL18_S6_L000_read_103_count_1     2.02%    passed     99.98%
 486  200703_20-07825_HIV09-00618_FL18_S6_L000_read_104_count_1     2.02%    passed     99.72%
 487  200703_20-07825_HIV09-00618_FL18_S6_L000_read_105_count_1     2.02%    passed     99.84%
 488  200703_20-07825_HIV09-00618_FL18_S6_L000_read_106_count_1     2.02%    passed     99.34%
 489  200703_20-07825_HIV09-00618_FL18_S6_L000_read_107_count_1     2.02%    passed     99.95%
 490  200703_20-07825_HIV09-00618_FL18_S6_L000_read_108_count_1     2.02%    passed     99.41%
 491  200703_20-07825_HIV09-00618_FL18_S6_L000_read_109_count_1     2.02%    passed     99.86%
 492  200703_20-07825_HIV09-00618_FL18_S6_L000_read_110_count_1     2.02%    passed     99.49%
 493  200703_20-07825_HIV09-00618_FL18_S6_L000_read_111_count_1     2.02%    passed     99.83%
 494  200703_20-07825_HIV09-00618_FL18_S6_L000_read_112_count_1     2.43%    passed     99.88%
 495  200703_20-07825_HIV09-00618_FL18_S6_L000_read_113_count_1     2.02%    passed     99.77%
 496  200703_20-07825_HIV09-00618_FL18_S6_L000_read_114_count_1     2.02%    passed     99.34%
 497  200703_20-07825_HIV09-00618_FL18_S6_L000_read_115_count_1     2.43%    passed     99.91%
 498  200703_20-07825_HIV09-00618_FL18_S6_L000_read_116_count_1     2.02%    passed     99.34%
 499  200703_20-07825_HIV09-00618_FL18_S6_L000_read_117_count_1     2.02%    passed     99.77%
 500  200814_20-09728_HIV09-02843_FL30_S2_L000_read_1_count_806     2.02%    passed     95.62%
 501  200814_20-09728_HIV09-02843_FL30_S2_L000_read_2_count_40      2.02%    passed     93.92%
 502  200814_20-09728_HIV09-02843_FL30_S2_L000_read_3_count_5       2.02%    passed     96.22%
 503  200814_20-09728_HIV09-02843_FL30_S2_L000_read_4_count_5       2.02%    passed     93.92%
 504  200814_20-09728_HIV09-02843_FL30_S2_L000_read_5_count_3       2.02%    passed     96.22%
 505  200814_20-09728_HIV09-02843_FL30_S2_L000_read_6_count_3       2.02%    passed     96.22%
 506  200814_20-09728_HIV09-02843_FL30_S2_L000_read_7_count_3       2.02%    passed     96.22%
 507  200814_20-09728_HIV09-02843_FL30_S2_L000_read_8_count_2       2.02%    passed     96.22%
 508  200814_20-09728_HIV09-02843_FL30_S2_L000_read_9_count_2       2.02%    passed     96.22%
 509  200814_20-09728_HIV09-02843_FL30_S2_L000_read_10_count_2      2.02%    passed     96.22%
 510  200814_20-09728_HIV09-02843_FL30_S2_L000_read_11_count_2      2.02%    passed     96.22%
 511  200814_20-09728_HIV09-02843_FL30_S2_L000_read_12_count_2      2.02%    passed     96.22%
 512  200814_20-09728_HIV09-02843_FL30_S2_L000_read_13_count_2      2.02%    passed     96.22%
 513  200814_20-09728_HIV09-02843_FL30_S2_L000_read_14_count_2      2.02%    passed     98.23%
 514  200814_20-09728_HIV09-02843_FL30_S2_L000_read_15_count_2      2.02%    passed     96.22%
 515  200814_20-09728_HIV09-02843_FL30_S2_L000_read_16_count_2      2.02%    passed     96.22%
 516  200814_20-09728_HIV09-02843_FL30_S2_L000_read_17_count_2      2.02%    passed     98.23%
 517  200814_20-09728_HIV09-02843_FL30_S2_L000_read_18_count_2      2.02%    passed     98.23%
 518  200814_20-09728_HIV09-02843_FL30_S2_L000_read_19_count_2      2.02%    passed     96.22%
 519  200814_20-09728_HIV09-02843_FL30_S2_L000_read_20_count_2      2.02%    passed     96.22%
 520  200814_20-09728_HIV09-02843_FL30_S2_L000_read_21_count_2      2.02%    passed     96.22%
 521  200814_20-09728_HIV09-02843_FL30_S2_L000_read_22_count_2      2.02%    passed     96.22%
 522  200814_20-09728_HIV09-02843_FL30_S2_L000_read_23_count_2      2.02%    passed     96.22%
 523  200814_20-09728_HIV09-02843_FL30_S2_L000_read_24_count_2      2.02%    passed     96.22%
 524  200814_20-09728_HIV09-02843_FL30_S2_L000_read_25_count_1      2.02%    passed     95.62%
 525  200814_20-09728_HIV09-02843_FL30_S2_L000_read_26_count_1      2.02%    passed     98.23%
 526  200814_20-09728_HIV09-02843_FL30_S2_L000_read_27_count_1      2.02%    passed     98.23%
 527  200814_20-09728_HIV09-02843_FL30_S2_L000_read_28_count_1      2.02%    passed     94.29%
 528  200814_20-09728_HIV09-02843_FL30_S2_L000_read_29_count_1      2.02%    passed     96.22%
 529  200814_20-09728_HIV09-02843_FL30_S2_L000_read_30_count_1      2.02%    passed     94.04%
 530  200814_20-09728_HIV09-02843_FL30_S2_L000_read_31_count_1      2.02%    passed     98.23%
 531  200814_20-09728_HIV09-02843_FL30_S2_L000_read_32_count_1      2.02%    passed     98.45%
 532  200814_20-09728_HIV09-02843_FL30_S2_L000_read_33_count_1      2.02%    passed     97.48%
 533  200814_20-09728_HIV09-02843_FL30_S2_L000_read_34_count_1      2.02%    passed     96.22%
 534  200814_20-09728_HIV09-02843_FL30_S2_L000_read_35_count_1      2.02%    passed     93.92%
 535  200814_20-09728_HIV09-02843_FL30_S2_L000_read_36_count_1      2.02%    passed     91.89%
 536  200814_20-09728_HIV09-02843_FL30_S2_L000_read_37_count_1      2.02%    passed     95.62%
 537  200814_20-09728_HIV09-02843_FL30_S2_L000_read_38_count_1      2.02%    passed     98.77%
 538  200814_20-09728_HIV09-02843_FL30_S2_L000_read_39_count_1      2.02%    passed     98.23%
 539  200814_20-09728_HIV09-02843_FL30_S2_L000_read_40_count_1      2.02%    passed     94.04%
 540  200814_20-09728_HIV09-02843_FL30_S2_L000_read_41_count_1      2.02%    passed     98.23%
 541  200814_20-09728_HIV09-02843_FL30_S2_L000_read_42_count_1      2.02%    passed     96.91%
 542  200814_20-09728_HIV09-02843_FL30_S2_L000_read_43_count_1      2.02%    passed     90.76%
 543  200814_20-09728_HIV09-02843_FL30_S2_L000_read_44_count_1      2.02%    passed     96.22%
 544  200814_20-09728_HIV09-02843_FL30_S2_L000_read_45_count_1      2.02%    passed     96.22%
 545  200814_20-09728_HIV09-02843_FL30_S2_L000_read_46_count_1      2.02%    passed     95.97%
 546  200814_20-09728_HIV09-02843_FL30_S2_L000_read_47_count_1      2.02%    passed     97.17%
 547  200814_20-09728_HIV09-02843_FL30_S2_L000_read_48_count_1      2.02%    passed     96.22%
 548  200814_20-09728_HIV09-02843_FL30_S2_L000_read_49_count_1      2.02%    passed     95.62%
 549  200814_20-09728_HIV09-02843_FL30_S2_L000_read_50_count_1      2.02%    passed     99.18%
 550  200814_20-09728_HIV09-02843_FL30_S2_L000_read_51_count_1      2.43%    passed     96.07%
 551  200814_20-09728_HIV09-02843_FL30_S2_L000_read_52_count_1      2.02%    passed     96.22%
 552  200814_20-09728_HIV09-02843_FL30_S2_L000_read_53_count_1      2.02%    passed     95.97%
 553  200814_20-09728_HIV09-02843_FL30_S2_L000_read_54_count_1      2.02%    passed     92.65%
 554  200814_20-09728_HIV09-02843_FL30_S2_L000_read_55_count_1      2.02%    passed     95.97%
 555  200814_20-09728_HIV09-02843_FL30_S2_L000_read_56_count_1      2.02%    passed     97.17%
 556  200814_20-09728_HIV09-02843_FL30_S2_L000_read_57_count_1      2.02%    passed     96.22%
 557  200814_20-09728_HIV09-02843_FL30_S2_L000_read_58_count_1      2.02%    passed     95.62%
 558  200814_20-09728_HIV09-02843_FL30_S2_L000_read_59_count_1      2.02%    passed     91.89%
 559  200814_20-09728_HIV09-02843_FL30_S2_L000_read_60_count_1      2.02%    passed     95.97%
 560  200814_20-09728_HIV09-02843_FL30_S2_L000_read_61_count_1      2.02%    passed     92.65%
 561  200814_20-09728_HIV09-02843_FL30_S2_L000_read_62_count_1      2.02%    passed     93.92%
 562  200814_20-09728_HIV09-02843_FL30_S2_L000_read_63_count_1      2.02%    passed     96.22%
 563  200814_20-09728_HIV09-02843_FL30_S2_L000_read_64_count_1      2.02%    passed     96.22%
 564  200814_20-09728_HIV09-02843_FL30_S2_L000_read_65_count_1      2.02%    passed     98.77%
 565  200814_20-09728_HIV09-02843_FL30_S2_L000_read_66_count_1      2.02%    passed     96.22%
 566  200814_20-09728_HIV09-02843_FL30_S2_L000_read_67_count_1      2.02%    passed     91.89%
 567  200814_20-09728_HIV09-02843_FL30_S2_L000_read_68_count_1      2.02%    passed     94.04%
 568  200814_20-09728_HIV09-02843_FL30_S2_L000_read_69_count_1      2.02%    passed     96.22%
 569  200814_20-09728_HIV09-02843_FL30_S2_L000_read_70_count_1      2.02%    passed     93.43%
 570  200814_20-09728_HIV09-02843_FL30_S2_L000_read_71_count_1      2.02%    passed     90.76%
 571  200814_20-09728_HIV09-02843_FL30_S2_L000_read_72_count_1      2.02%    passed     95.62%
 572  200814_20-09728_HIV09-02843_FL30_S2_L000_read_73_count_1      2.02%    passed     94.04%
 573  200814_20-09728_HIV09-02843_FL30_S2_L000_read_74_count_1      2.02%    passed     98.77%
 574  200814_20-09728_HIV09-02843_FL30_S2_L000_read_75_count_1      2.02%    passed     95.97%
 575  200814_20-09728_HIV09-02843_FL30_S2_L000_read_76_count_1      2.02%    passed     96.22%
 576  200814_20-09728_HIV09-02843_FL30_S2_L000_read_77_count_1      2.02%    passed     96.22%
 577  200814_20-09728_HIV09-02843_FL30_S2_L000_read_78_count_1      2.02%    passed     94.04%
 578  200814_20-09728_HIV09-02843_FL30_S2_L000_read_79_count_1      2.02%    passed     95.97%
 579  200814_20-09728_HIV09-02843_FL30_S2_L000_read_80_count_1      2.02%    passed     97.48%
 580  200814_20-09728_HIV09-02843_FL30_S2_L000_read_81_count_1      2.02%    passed     96.91%
 581  200814_20-09728_HIV09-02843_FL30_S2_L000_read_82_count_1      2.02%    passed     98.23%
 582  200814_20-09728_HIV09-02843_FL30_S2_L000_read_83_count_1      2.02%    passed     98.77%
 583  200814_20-09728_HIV09-02843_FL30_S2_L000_read_84_count_1      2.02%    passed     98.23%
 584  200814_20-09728_HIV09-02843_FL30_S2_L000_read_85_count_1      2.02%    passed     98.23%
 585  200814_20-09728_HIV09-02843_FL30_S2_L000_read_86_count_1      2.02%    passed     96.22%
 586  200814_20-09728_HIV09-02843_FL30_S2_L000_read_87_count_1      2.02%    passed     92.29%
 587  200814_20-09728_HIV09-02843_FL30_S2_L000_read_88_count_1      2.02%    passed     96.22%
 588  200814_20-09728_HIV09-02843_FL30_S2_L000_read_89_count_1      2.02%    passed     88.36%
 589  200814_20-09728_HIV09-02843_FL30_S2_L000_read_90_count_1      2.02%    passed     95.81%
 590  200814_20-09728_HIV09-02843_FL30_S2_L000_read_91_count_1      2.02%    passed     94.04%
 591  200814_20-09728_HIV09-02843_FL30_S2_L000_read_92_count_1      2.02%    passed     98.77%
 592  200814_20-09728_HIV09-02843_FL30_S2_L000_read_93_count_1      2.02%    passed     98.77%
 593  200814_20-09728_HIV09-02843_FL30_S2_L000_read_94_count_1      2.02%    passed     88.36%
 594  200814_20-09728_HIV09-02843_FL30_S2_L000_read_95_count_1      2.02%    passed     93.92%
 595  200814_20-09728_HIV09-02843_FL30_S2_L000_read_96_count_1      2.02%    passed     95.97%
 596  200814_20-09728_HIV09-02843_FL30_S2_L000_read_97_count_1      2.02%    passed     98.23%
 597  200814_20-09728_HIV09-02843_FL30_S2_L000_read_98_count_1      2.02%    passed     99.18%
 598  200814_20-09728_HIV09-02843_FL30_S2_L000_read_99_count_1      2.02%    passed     96.22%
 599  200814_20-09728_HIV09-02843_FL30_S2_L000_read_100_count_1     2.02%    passed     96.22%
 600  200814_20-09728_HIV09-02843_FL30_S2_L000_read_101_count_1     2.02%    passed     98.77%
 601  200814_20-09728_HIV09-02843_FL30_S2_L000_read_102_count_1     2.02%    passed     90.76%
 602  200814_20-09728_HIV09-02843_FL30_S2_L000_read_103_count_1     2.02%    passed     93.92%
 603  200814_20-09728_HIV09-02843_FL30_S2_L000_read_104_count_1     2.02%    passed     96.22%
 604  200814_20-09728_HIV09-02843_FL30_S2_L000_read_105_count_1     2.02%    passed     98.77%
 605  200814_20-09728_HIV09-02843_FL30_S2_L000_read_106_count_1     1.62%    passed     95.94%
 606  200814_20-09728_HIV09-02843_FL30_S2_L000_read_107_count_1     2.02%    passed     95.97%
 607  200814_20-09728_HIV09-02843_FL30_S2_L000_read_108_count_1     2.02%    passed     93.92%
 608  200814_20-09728_HIV09-02843_FL30_S2_L000_read_109_count_1     2.02%    passed     98.41%
 609  200814_20-09728_HIV09-02843_FL30_S2_L000_read_110_count_1     2.02%    passed     94.04%
 610  200814_20-09728_HIV09-02843_FL30_S2_L000_read_111_count_1     2.43%    passed     94.79%
 611  200814_20-09728_HIV09-02843_FL30_S2_L000_read_112_count_1     2.02%    passed     94.04%
 612  200814_20-09728_HIV09-02843_FL30_S2_L000_read_113_count_1     2.02%    passed     98.77%
 613  200814_20-09728_HIV09-02843_FL30_S2_L000_read_114_count_1     2.02%    passed     95.81%
 614  200814_20-09728_HIV09-02843_FL30_S2_L000_read_115_count_1     2.02%    passed     98.23%
 615  200814_20-09728_HIV09-02843_FL30_S2_L000_read_116_count_1     2.02%    passed     93.92%
 616  200814_20-09728_HIV09-02843_FL30_S2_L000_read_117_count_1     2.02%    passed     93.92%
 617  200814_20-09728_HIV09-02843_FL30_S2_L000_read_118_count_1     2.02%    passed     90.76%
 618  200814_20-09728_HIV09-02843_FL30_S2_L000_read_119_count_1     2.02%    passed     96.22%
 619  200814_20-09728_HIV09-02843_FL30_S2_L000_read_120_count_1     2.02%    passed     90.92%
 620  200814_20-09728_HIV09-02843_FL30_S2_L000_read_121_count_1     2.02%    passed     96.22%
 621  200814_20-09728_HIV09-02843_FL30_S2_L000_read_122_count_1     2.02%    passed     99.18%
 622  200724_20-08518_HIV10-02405_FL24_S14_L000_read_1_count_362    2.02%    passed     98.95%
 623  200724_20-08518_HIV10-02405_FL24_S14_L000_read_2_count_26     2.02%    passed     99.59%
 624  200724_20-08518_HIV10-02405_FL24_S14_L000_read_3_count_17     2.02%    passed     98.10%
 625  200724_20-08518_HIV10-02405_FL24_S14_L000_read_4_count_9      2.02%    passed     99.59%
 626  200724_20-08518_HIV10-02405_FL24_S14_L000_read_5_count_9      2.02%    passed     98.10%
 627  200724_20-08518_HIV10-02405_FL24_S14_L000_read_6_count_8      2.02%    passed     98.79%
 628  200724_20-08518_HIV10-02405_FL24_S14_L000_read_7_count_6      2.02%    passed     99.59%
 629  200724_20-08518_HIV10-02405_FL24_S14_L000_read_8_count_6      2.02%    passed     99.59%
 630  200724_20-08518_HIV10-02405_FL24_S14_L000_read_9_count_6      2.02%    passed     99.59%
 631  200724_20-08518_HIV10-02405_FL24_S14_L000_read_10_count_5     2.02%    passed     98.10%
 632  200724_20-08518_HIV10-02405_FL24_S14_L000_read_11_count_4     2.02%    passed     97.29%
 633  200724_20-08518_HIV10-02405_FL24_S14_L000_read_12_count_3     2.02%    passed     97.29%
 634  200724_20-08518_HIV10-02405_FL24_S14_L000_read_13_count_3     2.02%    passed     97.29%
 635  200724_20-08518_HIV10-02405_FL24_S14_L000_read_14_count_3     2.02%    passed     99.03%
 636  200724_20-08518_HIV10-02405_FL24_S14_L000_read_15_count_2     2.02%    passed     98.79%
 637  200724_20-08518_HIV10-02405_FL24_S14_L000_read_16_count_2     2.02%    passed     98.90%
 638  200724_20-08518_HIV10-02405_FL24_S14_L000_read_17_count_2     2.02%    passed     99.59%
 639  200724_20-08518_HIV10-02405_FL24_S14_L000_read_18_count_2     2.02%    passed     96.23%
 640  200724_20-08518_HIV10-02405_FL24_S14_L000_read_19_count_2     2.02%    passed     98.90%
 641  200724_20-08518_HIV10-02405_FL24_S14_L000_read_20_count_2     2.02%    passed     97.29%
 642  200724_20-08518_HIV10-02405_FL24_S14_L000_read_21_count_2     2.02%    passed     97.29%
 643  200724_20-08518_HIV10-02405_FL24_S14_L000_read_22_count_2     2.02%    passed     98.90%
 644  200724_20-08518_HIV10-02405_FL24_S14_L000_read_23_count_2     2.02%    passed     97.29%
 645  200724_20-08518_HIV10-02405_FL24_S14_L000_read_24_count_2     2.02%    passed     99.66%
 646  200724_20-08518_HIV10-02405_FL24_S14_L000_read_25_count_2     2.02%    passed     94.20%
 647  200724_20-08518_HIV10-02405_FL24_S14_L000_read_26_count_1     2.02%    passed     99.03%
 648  200724_20-08518_HIV10-02405_FL24_S14_L000_read_27_count_1     2.02%    passed     97.29%
 649  200724_20-08518_HIV10-02405_FL24_S14_L000_read_28_count_1     2.02%    passed     98.79%
 650  200724_20-08518_HIV10-02405_FL24_S14_L000_read_29_count_1     2.02%    passed     96.23%
 651  200724_20-08518_HIV10-02405_FL24_S14_L000_read_30_count_1     2.02%    passed     98.95%
 652  200724_20-08518_HIV10-02405_FL24_S14_L000_read_31_count_1     2.02%    passed     98.79%
 653  200724_20-08518_HIV10-02405_FL24_S14_L000_read_32_count_1     2.02%    passed     98.10%
 654  200724_20-08518_HIV10-02405_FL24_S14_L000_read_33_count_1     2.02%    passed     99.66%
 655  200724_20-08518_HIV10-02405_FL24_S14_L000_read_34_count_1     2.02%    passed     99.59%
 656  200724_20-08518_HIV10-02405_FL24_S14_L000_read_35_count_1     2.02%    passed     99.03%
 657  200724_20-08518_HIV10-02405_FL24_S14_L000_read_36_count_1     2.02%    passed     96.90%
 658  200724_20-08518_HIV10-02405_FL24_S14_L000_read_37_count_1     2.02%    passed     97.29%
 659  200724_20-08518_HIV10-02405_FL24_S14_L000_read_38_count_1     2.02%    passed     97.29%
 660  200724_20-08518_HIV10-02405_FL24_S14_L000_read_39_count_1     2.02%    passed     99.03%
 661  200724_20-08518_HIV10-02405_FL24_S14_L000_read_40_count_1     2.02%    passed     96.23%
 662  200724_20-08518_HIV10-02405_FL24_S14_L000_read_41_count_1     2.02%    passed     99.81%
 663  200724_20-08518_HIV10-02405_FL24_S14_L000_read_42_count_1     2.02%    passed     99.61%
 664  200724_20-08518_HIV10-02405_FL24_S14_L000_read_43_count_1     2.02%    passed     98.10%
 665  200724_20-08518_HIV10-02405_FL24_S14_L000_read_44_count_1     2.02%    passed     97.29%
 666  200724_20-08518_HIV10-02405_FL24_S14_L000_read_45_count_1     2.02%    passed     97.98%
 667  200724_20-08518_HIV10-02405_FL24_S14_L000_read_46_count_1     2.02%    passed     99.61%
 668  200724_20-08518_HIV10-02405_FL24_S14_L000_read_47_count_1     2.02%    passed     98.79%
 669  200724_20-08518_HIV10-02405_FL24_S14_L000_read_48_count_1     2.02%    passed     98.34%
 670  200724_20-08518_HIV10-02405_FL24_S14_L000_read_49_count_1     2.02%    passed     97.29%
 671  200724_20-08518_HIV10-02405_FL24_S14_L000_read_50_count_1     2.02%    passed     94.20%
 672  200724_20-08518_HIV10-02405_FL24_S14_L000_read_51_count_1     2.02%    passed     92.44%
 673  200724_20-08518_HIV10-02405_FL24_S14_L000_read_52_count_1     2.02%    passed     97.29%
 674  200724_20-08518_HIV10-02405_FL24_S14_L000_read_53_count_1     2.02%    passed     99.59%
 675  200724_20-08518_HIV10-02405_FL24_S14_L000_read_54_count_1     2.02%    passed     97.29%
 676  200724_20-08518_HIV10-02405_FL24_S14_L000_read_55_count_1     2.02%    passed     98.52%
 677  200724_20-08518_HIV10-02405_FL24_S14_L000_read_56_count_1     2.02%    passed     97.29%
 678  200724_20-08518_HIV10-02405_FL24_S14_L000_read_57_count_1     2.02%    passed     96.41%
 679  200724_20-08518_HIV10-02405_FL24_S14_L000_read_58_count_1     2.02%    passed     98.34%
 680  200724_20-08518_HIV10-02405_FL24_S14_L000_read_59_count_1     2.02%    passed     97.98%
 681  200724_20-08518_HIV10-02405_FL24_S14_L000_read_60_count_1     2.02%    passed     99.03%
 682  200724_20-08518_HIV10-02405_FL24_S14_L000_read_61_count_1     2.02%    passed     98.95%
 683  200724_20-08518_HIV10-02405_FL24_S14_L000_read_62_count_1     2.02%    passed     94.43%
 684  200724_20-08518_HIV10-02405_FL24_S14_L000_read_63_count_1     2.02%    passed     97.29%
 685  200724_20-08518_HIV10-02405_FL24_S14_L000_read_64_count_1     2.02%    passed     98.10%
 686  200724_20-08518_HIV10-02405_FL24_S14_L000_read_65_count_1     2.02%    passed     99.66%
 687  200724_20-08518_HIV10-02405_FL24_S14_L000_read_66_count_1     2.02%    passed     97.29%
 688  200724_20-08518_HIV10-02405_FL24_S14_L000_read_67_count_1     2.02%    passed     95.22%
 689  200724_20-08518_HIV10-02405_FL24_S14_L000_read_68_count_1     2.02%    passed     97.29%
 690  200724_20-08518_HIV10-02405_FL24_S14_L000_read_69_count_1     2.02%    passed     99.86%
 691  200724_20-08518_HIV10-02405_FL24_S14_L000_read_70_count_1     2.02%    passed     97.29%
 692  200724_20-08518_HIV10-02405_FL24_S14_L000_read_71_count_1     2.02%    passed     99.03%
 693  200724_20-08518_HIV10-02405_FL24_S14_L000_read_72_count_1     2.02%    passed     61.31%
 694  200724_20-08518_HIV10-02405_FL24_S14_L000_read_73_count_1     2.02%    passed     99.81%
 695  200724_20-08518_HIV10-02405_FL24_S14_L000_read_74_count_1     2.02%    passed     99.04%
 696  200724_20-08518_HIV10-02405_FL24_S14_L000_read_75_count_1     2.02%    passed     96.75%
 697  200724_20-08518_HIV10-02405_FL24_S14_L000_read_76_count_1     2.02%    passed     97.29%
 698  200724_20-08518_HIV10-02405_FL24_S14_L000_read_77_count_1     2.02%    passed     96.29%
 699  200724_20-08518_HIV10-02405_FL24_S14_L000_read_78_count_1     2.02%    passed     99.81%
 700  200724_20-08518_HIV10-02405_FL24_S14_L000_read_79_count_1     2.02%    passed     94.20%
 701  200724_20-08518_HIV10-02405_FL24_S14_L000_read_80_count_1     2.43%    passed     98.75%
 702  200724_20-08518_HIV10-02405_FL24_S14_L000_read_81_count_1     2.02%    passed     98.10%
 703  200724_20-08518_HIV10-02405_FL24_S14_L000_read_82_count_1     2.02%    passed     99.03%
 704  200724_20-08518_HIV10-02405_FL24_S14_L000_read_83_count_1     2.02%    passed     99.59%
 705  200724_20-08518_HIV10-02405_FL24_S14_L000_read_84_count_1     2.02%    passed     99.03%
 706  200724_20-08518_HIV10-02405_FL24_S14_L000_read_85_count_1     2.02%    passed     98.90%
 707  200724_20-08518_HIV10-02405_FL24_S14_L000_read_86_count_1     2.02%    passed     98.90%
 708  200724_20-08518_HIV10-02405_FL24_S14_L000_read_87_count_1     2.02%    passed     99.66%
 709  200724_20-08518_HIV10-02405_FL24_S14_L000_read_88_count_1     2.02%    passed     96.75%
 710  200724_20-08518_HIV10-02405_FL24_S14_L000_read_89_count_1     2.02%    passed     98.79%
 711  200724_20-08518_HIV10-02405_FL24_S14_L000_read_90_count_1     2.02%    passed     96.44%
 712  200724_20-08518_HIV10-02405_FL24_S14_L000_read_91_count_1     2.02%    passed     99.59%
 713  200724_20-08518_HIV10-02405_FL24_S14_L000_read_92_count_1     2.02%    passed     97.29%
 714  200724_20-08518_HIV10-02405_FL24_S14_L000_read_93_count_1     2.02%    passed     97.42%
 715  200724_20-08518_HIV10-02405_FL24_S14_L000_read_94_count_1     2.02%    passed     98.14%
 716  200724_20-08518_HIV10-02405_FL24_S14_L000_read_95_count_1     2.02%    passed     97.98%
 717  200724_20-08518_HIV10-02405_FL24_S14_L000_read_96_count_1     2.02%    passed     96.44%
 718  200724_20-08518_HIV10-02405_FL24_S14_L000_read_97_count_1     2.02%    passed     97.29%
 719  200724_20-08518_HIV10-02405_FL24_S14_L000_read_98_count_1     2.02%    passed     98.95%
 720  200724_20-08518_HIV10-02405_FL24_S14_L000_read_99_count_1     2.02%    passed     98.90%
 721  200724_20-08518_HIV10-02405_FL24_S14_L000_read_100_count_1    2.02%    passed     99.03%
 722  200724_20-08518_HIV10-02405_FL24_S14_L000_read_101_count_1    2.02%    passed     97.29%
 723  200724_20-08518_HIV10-02405_FL24_S14_L000_read_102_count_1    2.02%    passed     99.81%
 724  200724_20-08518_HIV10-02405_FL24_S14_L000_read_103_count_1    2.02%    passed     99.61%
 725  200724_20-08518_HIV10-02405_FL24_S14_L000_read_104_count_1    2.02%    passed     97.98%
 726  200724_20-08518_HIV10-02405_FL24_S14_L000_read_105_count_1    2.02%    passed     99.66%
 727  200724_20-08518_HIV10-02405_FL24_S14_L000_read_106_count_1    2.02%    passed     97.98%
 728  200724_20-08518_HIV10-02405_FL24_S14_L000_read_107_count_1    2.02%    passed     97.29%
 729  200724_20-08518_HIV10-02405_FL24_S14_L000_read_108_count_1    2.02%    passed     97.29%
 730  200724_20-08518_HIV10-02405_FL24_S14_L000_read_109_count_1    1.62%    passed     99.00%
 731  200724_20-08518_HIV10-02405_FL24_S14_L000_read_110_count_1    2.02%    passed     98.10%
 732  200724_20-08518_HIV10-02405_FL24_S14_L000_read_111_count_1    2.02%    passed     97.06%
 733  200724_20-08518_HIV10-02405_FL24_S14_L000_read_112_count_1    2.02%    passed     99.59%
 734  200724_20-08518_HIV10-02405_FL24_S14_L000_read_113_count_1    2.02%    passed     97.29%
 735  200724_20-08518_HIV10-02405_FL24_S14_L000_read_114_count_1    2.02%    passed     97.38%
 736  200724_20-08518_HIV10-02405_FL24_S14_L000_read_115_count_1    2.02%    passed     98.10%
 737  B.FR.83.HXB2_LAI_IIIB_BRU.K03455                              2.02%    passed     98.32%
 738  C.BW.00.00BW07621.AF443088                                    2.02%    passed     91.56%
****  TOTAL                                                         2.04%  0 sequences failed composition chi2 test (p-value<5%; df=3)
Checking for duplicate sequences: done in 0.00231734 secs using 339% CPU

Create initial parsimony tree by phylogenetic likelihood library (PLL)... 0.101 seconds

NOTE: 34 MB RAM (0 GB) is required!
WARNING: Number of threads seems too high for short alignments. Use -T AUTO to determine best number of threads.
Estimate model parameters (epsilon = 0.100)
1. Initial log-likelihood: -6347.404
2. Current log-likelihood: -6175.677
3. Current log-likelihood: -6174.890
Optimal log-likelihood: -6174.858
Rate parameters:  A-C: 1.97634  A-G: 3.24533  A-T: 1.09776  C-G: 0.44326  C-T: 5.13041  G-T: 1.00000
Base frequencies:  A: 0.423  C: 0.135  G: 0.243  T: 0.199
Site proportion and rates:  (0.070,0.324) (0.146,0.450) (0.195,0.600) (0.216,0.851) (0.214,1.315) (0.158,2.082)
Parameters optimization took 3 rounds (3.055 sec)
Wrote distance file to... 
Computing ML distances based on estimated model parameters...
Calculating distance matrix: done in 0.86306 secs using 383.3% CPU
Computing ML distances took 0.865036 sec (of wall-clock time) 3.310332 sec (of CPU time)
Setting up auxiliary I and S matrices: done in 0.0286994 secs using 213% CPU
Constructing RapidNJ tree: done in 1.31181 secs using 113% CPU
Computing RapidNJ tree took 1.340648 sec (of wall-clock time) 1.543391 sec (of CPU time)
Log-likelihood of RapidNJ tree: -6133.906
--------------------------------------------------------------------
|             INITIALIZING CANDIDATE TREE SET                      |
--------------------------------------------------------------------
Generating 98 parsimony trees... 10.906 second
Computing log-likelihood of 98 initial trees ... 7.750 seconds
Current best score: -6133.906

Do NNI search on 20 best initial trees
Optimizing NNI: done in 0.698508 secs using 397.2% CPU
Estimate model parameters (epsilon = 0.100)
BETTER TREE FOUND at iteration 1: -6115.013
Optimizing NNI: done in 0.798192 secs using 393.6% CPU
Optimizing NNI: done in 0.91513 secs using 394% CPU
Optimizing NNI: done in 1.06538 secs using 379.7% CPU
Optimizing NNI: done in 0.942364 secs using 394.1% CPU
Optimizing NNI: done in 0.79824 secs using 394.1% CPU
Optimizing NNI: done in 0.811062 secs using 393.6% CPU
Optimizing NNI: done in 1.34838 secs using 393.9% CPU
Optimizing NNI: done in 0.655459 secs using 389.9% CPU
Optimizing NNI: done in 1.48127 secs using 383.3% CPU
Iteration 10 / LogL: -6162.254 / Time: 0h:0m:39s
Optimizing NNI: done in 0.992362 secs using 393.7% CPU
Optimizing NNI: done in 0.89457 secs using 392.1% CPU
Optimizing NNI: done in 0.625586 secs using 388.4% CPU
Optimizing NNI: done in 0.969192 secs using 392.3% CPU
Optimizing NNI: done in 1.22008 secs using 379.1% CPU
Optimizing NNI: done in 0.924106 secs using 392.8% CPU
Optimizing NNI: done in 0.839385 secs using 394% CPU
Optimizing NNI: done in 1.26654 secs using 392.8% CPU
Optimizing NNI: done in 1.50195 secs using 393.2% CPU
Optimizing NNI: done in 0.972592 secs using 379% CPU
Iteration 20 / LogL: -6170.640 / Time: 0h:0m:50s
Finish initializing candidate tree set (20)
Current best tree score: -6115.013 / CPU time: 44.119
Number of iterations: 20
--------------------------------------------------------------------
|               OPTIMIZING CANDIDATE TREE SET                      |
--------------------------------------------------------------------
Optimizing NNI: done in 1.41769 secs using 392% CPU
Optimizing NNI: done in 1.11845 secs using 389.8% CPU
Optimizing NNI: done in 1.5898 secs using 393.4% CPU
Optimizing NNI: done in 1.57047 secs using 383.4% CPU
Optimizing NNI: done in 1.54716 secs using 392.9% CPU
Optimizing NNI: done in 1.21231 secs using 389.8% CPU
Optimizing NNI: done in 1.49117 secs using 387.5% CPU
Optimizing NNI: done in 1.47282 secs using 393.2% CPU
Optimizing NNI: done in 1.01491 secs using 394% CPU
Optimizing NNI: done in 1.53633 secs using 394.9% CPU
Iteration 30 / LogL: -6124.376 / Time: 0h:1m:5s (0h:2m:38s left)
Optimizing NNI: done in 1.32081 secs using 381% CPU
Optimizing NNI: done in 1.68048 secs using 394.3% CPU
Optimizing NNI: done in 0.95863 secs using 392.4% CPU
Optimizing NNI: done in 1.12411 secs using 396.3% CPU
Optimizing NNI: done in 1.51363 secs using 383.1% CPU
Optimizing NNI: done in 1.2731 secs using 392.9% CPU
Optimizing NNI: done in 1.58886 secs using 394.9% CPU
Optimizing NNI: done in 1.34447 secs using 394.4% CPU
Optimizing NNI: done in 1.33709 secs using 381.4% CPU
Optimizing NNI: done in 1.45685 secs using 393.4% CPU
Iteration 40 / LogL: -6131.939 / Time: 0h:1m:19s (0h:2m:4s left)
Optimizing NNI: done in 1.68657 secs using 395.3% CPU
Optimizing NNI: done in 1.68421 secs using 385.9% CPU
Optimizing NNI: done in 1.52114 secs using 394.3% CPU
Optimizing NNI: done in 1.15959 secs using 394.8% CPU
Optimizing NNI: done in 1.31194 secs using 392.7% CPU
Optimizing NNI: done in 1.19782 secs using 379.7% CPU
Optimizing NNI: done in 1.65258 secs using 394.9% CPU
Optimizing NNI: done in 1.50528 secs using 394.5% CPU
Optimizing NNI: done in 1.72181 secs using 387.5% CPU
Optimizing NNI: done in 1.25266 secs using 389.7% CPU
Iteration 50 / LogL: -6134.964 / Time: 0h:1m:35s (0h:1m:38s left)
Optimizing NNI: done in 1.42107 secs using 393.6% CPU
Optimizing NNI: done in 1.20894 secs using 395.4% CPU
Optimizing NNI: done in 1.56751 secs using 382.6% CPU
Optimizing NNI: done in 1.31214 secs using 391.2% CPU
Optimizing NNI: done in 1.40197 secs using 394.3% CPU
Optimizing NNI: done in 1.30501 secs using 393.2% CPU
Optimizing NNI: done in 1.50898 secs using 383.2% CPU
Optimizing NNI: done in 1.29204 secs using 392.9% CPU
Optimizing NNI: done in 1.55386 secs using 393.3% CPU
Optimizing NNI: done in 1.55992 secs using 386.6% CPU
Iteration 60 / LogL: -6121.555 / Time: 0h:1m:50s (0h:1m:16s left)
Optimizing NNI: done in 1.27496 secs using 393.6% CPU
Optimizing NNI: done in 1.51335 secs using 395.4% CPU
Optimizing NNI: done in 1.54249 secs using 394.3% CPU
Optimizing NNI: done in 1.49315 secs using 382.3% CPU
Optimizing NNI: done in 1.43166 secs using 395% CPU
Optimizing NNI: done in 1.32425 secs using 394.6% CPU
Optimizing NNI: done in 1.79243 secs using 387.2% CPU
Optimizing NNI: done in 0.967939 secs using 391% CPU
Optimizing NNI: done in 1.29414 secs using 392.5% CPU
Optimizing NNI: done in 1.2903 secs using 391.7% CPU
Iteration 70 / LogL: -6120.817 / Time: 0h:2m:4s (0h:0m:56s left)
Optimizing NNI: done in 1.23611 secs using 385.1% CPU
Optimizing NNI: done in 1.60409 secs using 393.9% CPU
Optimizing NNI: done in 1.58227 secs using 394.1% CPU
Optimizing NNI: done in 1.21261 secs using 393.7% CPU
Optimizing NNI: done in 1.66317 secs using 383.3% CPU
Optimizing NNI: done in 1.52366 secs using 393.5% CPU
Optimizing NNI: done in 1.65276 secs using 395.1% CPU
Optimizing NNI: done in 1.15934 secs using 378.7% CPU
Optimizing NNI: done in 1.32608 secs using 393.2% CPU
Optimizing NNI: done in 1.51149 secs using 392.6% CPU
Iteration 80 / LogL: -6119.708 / Time: 0h:2m:20s (0h:0m:37s left)
Optimizing NNI: done in 1.22527 secs using 391.7% CPU
Optimizing NNI: done in 1.72434 secs using 383.7% CPU
Optimizing NNI: done in 1.30115 secs using 394.9% CPU
Optimizing NNI: done in 1.29334 secs using 396% CPU
Optimizing NNI: done in 1.21593 secs using 393.6% CPU
Optimizing NNI: done in 1.41866 secs using 383.3% CPU
Optimizing NNI: done in 1.39775 secs using 392.8% CPU
Optimizing NNI: done in 1.92381 secs using 394.1% CPU
Estimate model parameters (epsilon = 0.100)
BETTER TREE FOUND at iteration 88: -6112.469
Optimizing NNI: done in 1.59601 secs using 394.2% CPU
Optimizing NNI: done in 1.36502 secs using 395.5% CPU
Iteration 90 / LogL: -6116.785 / Time: 0h:2m:36s (0h:2m:52s left)
Optimizing NNI: done in 1.13795 secs using 394.1% CPU
Optimizing NNI: done in 1.73011 secs using 385.3% CPU
Optimizing NNI: done in 1.60229 secs using 393.3% CPU
Optimizing NNI: done in 0.899345 secs using 392.6% CPU
Optimizing NNI: done in 1.66255 secs using 393.3% CPU
Optimizing NNI: done in 1.24764 secs using 393.5% CPU
Optimizing NNI: done in 1.61302 secs using 392.2% CPU
Optimizing NNI: done in 1.44727 secs using 391.7% CPU
Optimizing NNI: done in 1.66249 secs using 386.8% CPU
Optimizing NNI: done in 1.48657 secs using 393.8% CPU
Iteration 100 / LogL: -6117.727 / Time: 0h:2m:51s (0h:2m:32s left)
Optimizing NNI: done in 1.32697 secs using 392.7% CPU
Optimizing NNI: done in 1.24209 secs using 390.6% CPU
Optimizing NNI: done in 1.71298 secs using 389.1% CPU
Optimizing NNI: done in 1.354 secs using 391.9% CPU
Optimizing NNI: done in 1.20752 secs using 394.7% CPU
Optimizing NNI: done in 1.2696 secs using 383.1% CPU
Optimizing NNI: done in 1.25118 secs using 396% CPU
Optimizing NNI: done in 1.34269 secs using 392.8% CPU
Optimizing NNI: done in 0.953978 secs using 394.4% CPU
Optimizing NNI: done in 1.55273 secs using 384.7% CPU
Iteration 110 / LogL: -6115.560 / Time: 0h:3m:6s (0h:2m:13s left)
Optimizing NNI: done in 1.49782 secs using 394% CPU
Optimizing NNI: done in 1.18335 secs using 393.9% CPU
Optimizing NNI: done in 1.4227 secs using 393.9% CPU
Optimizing NNI: done in 1.31016 secs using 382.5% CPU
Optimizing NNI: done in 1.47343 secs using 392.5% CPU
Optimizing NNI: done in 1.5132 secs using 394.2% CPU
Optimizing NNI: done in 1.38506 secs using 393.4% CPU
Optimizing NNI: done in 1.78799 secs using 385.7% CPU
Optimizing NNI: done in 1.38226 secs using 391.7% CPU
Optimizing NNI: done in 1.29594 secs using 393.1% CPU
Iteration 120 / LogL: -6129.891 / Time: 0h:3m:21s (0h:1m:54s left)
Optimizing NNI: done in 1.48043 secs using 380.3% CPU
Optimizing NNI: done in 1.1214 secs using 395% CPU
Optimizing NNI: done in 1.29926 secs using 393.5% CPU
Optimizing NNI: done in 1.85392 secs using 394.9% CPU
Optimizing NNI: done in 1.84106 secs using 386.3% CPU
Optimizing NNI: done in 1.46811 secs using 393.9% CPU
Optimizing NNI: done in 1.32072 secs using 393.5% CPU
Optimizing NNI: done in 1.48814 secs using 383.5% CPU
Optimizing NNI: done in 1.37196 secs using 392.2% CPU
Optimizing NNI: done in 1.51702 secs using 392.6% CPU
Iteration 130 / LogL: -6126.012 / Time: 0h:3m:36s (0h:1m:37s left)
Optimizing NNI: done in 2.12924 secs using 385% CPU
Optimizing NNI: done in 1.26384 secs using 393.5% CPU
Optimizing NNI: done in 1.12614 secs using 392.9% CPU
Optimizing NNI: done in 1.25406 secs using 392.9% CPU
Optimizing NNI: done in 1.89719 secs using 385.5% CPU
Optimizing NNI: done in 1.2898 secs using 393.6% CPU
Optimizing NNI: done in 1.35671 secs using 393.8% CPU
Optimizing NNI: done in 1.12704 secs using 391.6% CPU
Optimizing NNI: done in 1.66612 secs using 385.6% CPU
Optimizing NNI: done in 1.39492 secs using 394% CPU
Iteration 140 / LogL: -6114.236 / Time: 0h:3m:52s (0h:1m:20s left)
Optimizing NNI: done in 1.30028 secs using 393% CPU
Optimizing NNI: done in 1.16321 secs using 393% CPU
Optimizing NNI: done in 1.28659 secs using 380.7% CPU
Optimizing NNI: done in 1.29214 secs using 394.4% CPU
Optimizing NNI: done in 1.52722 secs using 392.5% CPU
Estimate model parameters (epsilon = 0.100)
BETTER TREE FOUND at iteration 145: -6111.669
Optimizing NNI: done in 1.28202 secs using 394.9% CPU
Optimizing NNI: done in 1.56491 secs using 393.9% CPU
Optimizing NNI: done in 1.17428 secs using 394.1% CPU
Optimizing NNI: done in 1.32719 secs using 383.4% CPU
Optimizing NNI: done in 1.14856 secs using 394.8% CPU
Iteration 150 / LogL: -6127.430 / Time: 0h:4m:7s (0h:2m:37s left)
Optimizing NNI: done in 1.25143 secs using 396% CPU
Optimizing NNI: done in 1.16763 secs using 392.8% CPU
Optimizing NNI: done in 1.77434 secs using 384.3% CPU
Optimizing NNI: done in 1.44662 secs using 394.8% CPU
Optimizing NNI: done in 1.20447 secs using 390.9% CPU
Optimizing NNI: done in 1.27241 secs using 392.3% CPU
Optimizing NNI: done in 1.58944 secs using 385.2% CPU
Optimizing NNI: done in 1.40433 secs using 393.5% CPU
Optimizing NNI: done in 1.3253 secs using 392% CPU
Optimizing NNI: done in 1.06291 secs using 393.7% CPU
Iteration 160 / LogL: -6120.970 / Time: 0h:4m:22s (0h:2m:20s left)
Optimizing NNI: done in 1.26574 secs using 379.5% CPU
Optimizing NNI: done in 1.12582 secs using 393.4% CPU
Optimizing NNI: done in 1.29668 secs using 393.5% CPU
Optimizing NNI: done in 1.02547 secs using 394.2% CPU
Optimizing NNI: done in 1.06858 secs using 380.5% CPU
Optimizing NNI: done in 1.7711 secs using 392.2% CPU
Optimizing NNI: done in 1.31864 secs using 392.2% CPU
Optimizing NNI: done in 1.22873 secs using 394.3% CPU
Optimizing NNI: done in 1.37541 secs using 381.8% CPU
Optimizing NNI: done in 1.35177 secs using 393.5% CPU
Iteration 170 / LogL: -6151.553 / Time: 0h:4m:35s (0h:2m:2s left)
Optimizing NNI: done in 1.5554 secs using 393.7% CPU
Optimizing NNI: done in 1.5402 secs using 385.8% CPU
Optimizing NNI: done in 1.28492 secs using 392.6% CPU
Optimizing NNI: done in 1.3618 secs using 393.3% CPU
Optimizing NNI: done in 1.30122 secs using 395% CPU
Optimizing NNI: done in 1.35843 secs using 381.7% CPU
Optimizing NNI: done in 1.16384 secs using 393.9% CPU
Optimizing NNI: done in 1.48447 secs using 395.7% CPU
Optimizing NNI: done in 1.4311 secs using 393.5% CPU
Optimizing NNI: done in 1.25241 secs using 381.1% CPU
Iteration 180 / LogL: -6118.683 / Time: 0h:4m:50s (0h:1m:45s left)
Optimizing NNI: done in 1.20347 secs using 394.2% CPU
Optimizing NNI: done in 1.33742 secs using 394.4% CPU
Optimizing NNI: done in 1.53772 secs using 394% CPU
Optimizing NNI: done in 1.62126 secs using 384.4% CPU
Optimizing NNI: done in 1.24066 secs using 395.8% CPU
Optimizing NNI: done in 1.61549 secs using 395.2% CPU
Optimizing NNI: done in 1.73694 secs using 386.2% CPU
Optimizing NNI: done in 1.60942 secs using 395% CPU
Optimizing NNI: done in 1.25968 secs using 390.5% CPU
Optimizing NNI: done in 1.25594 secs using 393.1% CPU
Iteration 190 / LogL: -6127.576 / Time: 0h:5m:5s (0h:1m:28s left)
Optimizing NNI: done in 1.64325 secs using 385.3% CPU
Optimizing NNI: done in 1.64084 secs using 394.5% CPU
Optimizing NNI: done in 1.65832 secs using 394.7% CPU
Optimizing NNI: done in 1.28468 secs using 382.7% CPU
Optimizing NNI: done in 1.1222 secs using 395.3% CPU
Optimizing NNI: done in 1.29257 secs using 392.5% CPU
Optimizing NNI: done in 1.29534 secs using 393.8% CPU
Optimizing NNI: done in 1.62144 secs using 384.2% CPU
Optimizing NNI: done in 1.60957 secs using 394.9% CPU
Optimizing NNI: done in 1.18227 secs using 393.7% CPU
Iteration 200 / LogL: -6125.716 / Time: 0h:5m:20s (0h:1m:12s left)
Optimizing NNI: done in 1.33254 secs using 394.9% CPU
Optimizing NNI: done in 1.46313 secs using 383.1% CPU
Optimizing NNI: done in 1.20419 secs using 393.2% CPU
Optimizing NNI: done in 1.01827 secs using 391.7% CPU
Optimizing NNI: done in 1.14722 secs using 392.2% CPU
Optimizing NNI: done in 1.33441 secs using 384% CPU
Optimizing NNI: done in 1.35986 secs using 395.3% CPU
Optimizing NNI: done in 1.15669 secs using 393.3% CPU
Optimizing NNI: done in 1.4307 secs using 394.9% CPU
Optimizing NNI: done in 1.38897 secs using 382% CPU
Estimate model parameters (epsilon = 0.100)
BETTER TREE FOUND at iteration 210: -6110.785
Iteration 210 / LogL: -6110.785 / Time: 0h:5m:35s (0h:2m:40s left)
Optimizing NNI: done in 0.971985 secs using 395.1% CPU
Optimizing NNI: done in 1.12788 secs using 395.6% CPU
Optimizing NNI: done in 1.14866 secs using 391.7% CPU
Optimizing NNI: done in 1.22276 secs using 382.5% CPU
Optimizing NNI: done in 1.41332 secs using 392% CPU
Optimizing NNI: done in 0.969363 secs using 393.8% CPU
Optimizing NNI: done in 1.54402 secs using 392.8% CPU
Optimizing NNI: done in 1.54709 secs using 383.4% CPU
Optimizing NNI: done in 1.41346 secs using 390.9% CPU
Optimizing NNI: done in 1.24297 secs using 393.3% CPU
Iteration 220 / LogL: -6128.464 / Time: 0h:5m:48s (0h:2m:23s left)
Optimizing NNI: done in 0.987493 secs using 394.3% CPU
Optimizing NNI: done in 1.03537 secs using 392.2% CPU
Optimizing NNI: done in 1.38147 secs using 394.7% CPU
Optimizing NNI: done in 1.31301 secs using 394.8% CPU
Optimizing NNI: done in 1.48274 secs using 385.4% CPU
Optimizing NNI: done in 1.34995 secs using 395.1% CPU
Optimizing NNI: done in 1.31926 secs using 393.9% CPU
Optimizing NNI: done in 1.30052 secs using 394.6% CPU
Optimizing NNI: done in 1.35969 secs using 380.9% CPU
Optimizing NNI: done in 1.40771 secs using 393.6% CPU
Iteration 230 / LogL: -6112.658 / Time: 0h:6m:2s (0h:2m:6s left)
Optimizing NNI: done in 1.42716 secs using 394.9% CPU
Optimizing NNI: done in 1.10839 secs using 391.8% CPU
Optimizing NNI: done in 1.13067 secs using 380.7% CPU
Optimizing NNI: done in 1.64947 secs using 392.7% CPU
Optimizing NNI: done in 1.43979 secs using 393% CPU
Optimizing NNI: done in 1.34105 secs using 393.5% CPU
Optimizing NNI: done in 1.73716 secs using 386.1% CPU
Optimizing NNI: done in 1.33254 secs using 396.3% CPU
Optimizing NNI: done in 1.17033 secs using 395.1% CPU
Optimizing NNI: done in 1.26848 secs using 381.7% CPU
Iteration 240 / LogL: -6120.629 / Time: 0h:6m:17s (0h:1m:50s left)
Optimizing NNI: done in 1.20623 secs using 393.2% CPU
Optimizing NNI: done in 1.29243 secs using 391.8% CPU
Optimizing NNI: done in 1.39054 secs using 392.3% CPU
Optimizing NNI: done in 1.30797 secs using 382.9% CPU
Optimizing NNI: done in 1.2711 secs using 394.3% CPU
Optimizing NNI: done in 1.4352 secs using 393.8% CPU
Optimizing NNI: done in 1.03752 secs using 393.6% CPU
Optimizing NNI: done in 1.64175 secs using 382.5% CPU
Optimizing NNI: done in 0.977294 secs using 392.1% CPU
Optimizing NNI: done in 1.7932 secs using 395.1% CPU
Iteration 250 / LogL: -6128.159 / Time: 0h:6m:31s (0h:1m:34s left)
Optimizing NNI: done in 1.17754 secs using 394.3% CPU
Optimizing NNI: done in 1.53328 secs using 385.7% CPU
Optimizing NNI: done in 1.33493 secs using 393.1% CPU
Optimizing NNI: done in 1.11262 secs using 393.4% CPU
Optimizing NNI: done in 1.25199 secs using 392.7% CPU
Optimizing NNI: done in 1.65688 secs using 382.9% CPU
Optimizing NNI: done in 1.21461 secs using 390.8% CPU
Optimizing NNI: done in 1.35064 secs using 393.9% CPU
Optimizing NNI: done in 1.62248 secs using 385.3% CPU
Optimizing NNI: done in 1.41955 secs using 392.7% CPU
Iteration 260 / LogL: -6123.145 / Time: 0h:6m:45s (0h:1m:18s left)
Optimizing NNI: done in 1.52801 secs using 394.3% CPU
Optimizing NNI: done in 1.58938 secs using 393.4% CPU
Optimizing NNI: done in 1.41882 secs using 383.4% CPU
Optimizing NNI: done in 1.53711 secs using 393.5% CPU
Optimizing NNI: done in 1.26704 secs using 396.1% CPU
Optimizing NNI: done in 1.13133 secs using 392.1% CPU
Optimizing NNI: done in 1.27468 secs using 388.7% CPU
Optimizing NNI: done in 1.31953 secs using 392.2% CPU
Optimizing NNI: done in 1.31525 secs using 392.6% CPU
Optimizing NNI: done in 1.46883 secs using 384.6% CPU
Iteration 270 / LogL: -6116.731 / Time: 0h:7m:0s (0h:1m:2s left)
Optimizing NNI: done in 1.27481 secs using 390.8% CPU
Optimizing NNI: done in 1.50295 secs using 394.6% CPU
Optimizing NNI: done in 1.0566 secs using 393.5% CPU
Optimizing NNI: done in 1.15975 secs using 384.4% CPU
Optimizing NNI: done in 1.14971 secs using 395.4% CPU
Optimizing NNI: done in 1.52927 secs using 393.6% CPU
Optimizing NNI: done in 1.33087 secs using 393% CPU
Optimizing NNI: done in 1.42461 secs using 381.2% CPU
Optimizing NNI: done in 1.27581 secs using 396.5% CPU
Optimizing NNI: done in 1.65097 secs using 394.2% CPU
Iteration 280 / LogL: -6110.923 / Time: 0h:7m:14s (0h:0m:46s left)
Optimizing NNI: done in 1.2815 secs using 396.6% CPU
Optimizing NNI: done in 1.34394 secs using 382.8% CPU
Optimizing NNI: done in 1.14933 secs using 393% CPU
Optimizing NNI: done in 1.29752 secs using 394.2% CPU
Optimizing NNI: done in 1.14445 secs using 393.7% CPU
Optimizing NNI: done in 1.43735 secs using 383.3% CPU
Optimizing NNI: done in 1.00772 secs using 392.6% CPU
Optimizing NNI: done in 1.19742 secs using 393.5% CPU
Optimizing NNI: done in 1.36791 secs using 391.9% CPU
Optimizing NNI: done in 1.22327 secs using 381% CPU
Iteration 290 / LogL: -6133.585 / Time: 0h:7m:28s (0h:0m:30s left)
Optimizing NNI: done in 1.24741 secs using 394.6% CPU
Optimizing NNI: done in 1.4895 secs using 395.1% CPU
Optimizing NNI: done in 1.43737 secs using 392.1% CPU
Optimizing NNI: done in 1.58496 secs using 382.7% CPU
Optimizing NNI: done in 1.68202 secs using 394.4% CPU
Optimizing NNI: done in 1.39094 secs using 395% CPU
Optimizing NNI: done in 1.62515 secs using 383.4% CPU
Optimizing NNI: done in 1.16955 secs using 394.6% CPU
Optimizing NNI: done in 1.45404 secs using 396.2% CPU
Optimizing NNI: done in 1.21503 secs using 393.9% CPU
Iteration 300 / LogL: -6120.090 / Time: 0h:7m:43s (0h:0m:15s left)
Optimizing NNI: done in 1.72775 secs using 384.8% CPU
Optimizing NNI: done in 1.52657 secs using 395.6% CPU
Optimizing NNI: done in 1.06398 secs using 390.8% CPU
Optimizing NNI: done in 1.14422 secs using 393.2% CPU
Optimizing NNI: done in 1.21691 secs using 379.5% CPU
Optimizing NNI: done in 1.22466 secs using 391.1% CPU
Optimizing NNI: done in 1.07683 secs using 394.2% CPU
Optimizing NNI: done in 1.19315 secs using 395.5% CPU
Optimizing NNI: done in 1.17718 secs using 385.3% CPU
Optimizing NNI: done in 1.51537 secs using 394.8% CPU
Iteration 310 / LogL: -6127.387 / Time: 0h:7m:56s (0h:0m:0s left)
Optimizing NNI: done in 1.37713 secs using 393% CPU
TREE SEARCH COMPLETED AFTER 311 ITERATIONS / Time: 0h:7m:58s

--------------------------------------------------------------------
|                    FINALIZING TREE SEARCH                        |
--------------------------------------------------------------------
Performs final model parameters optimization
Estimate model parameters (epsilon = 0.010)
1. Initial log-likelihood: -6110.785
2. Current log-likelihood: -6110.745
3. Current log-likelihood: -6110.699
4. Current log-likelihood: -6110.648
5. Current log-likelihood: -6110.588
6. Current log-likelihood: -6110.516
7. Current log-likelihood: -6110.424
8. Current log-likelihood: -6110.299
9. Current log-likelihood: -6110.110
10. Current log-likelihood: -6109.782
11. Current log-likelihood: -6109.343
12. Current log-likelihood: -6109.290
Optimal log-likelihood: -6109.288
Rate parameters:  A-C: 1.79245  A-G: 2.74116  A-T: 0.63604  C-G: 0.34589  C-T: 4.47285  G-T: 1.00000
Base frequencies:  A: 0.423  C: 0.135  G: 0.243  T: 0.199
Site proportion and rates:  (0.082,0.459) (0.174,0.479) (0.222,0.530) (0.200,0.896) (0.317,1.757) (0.005,5.086)
Parameters optimization took 12 rounds (8.678 sec)
BEST SCORE FOUND : -6109.288
Total tree length: 3.544

Total number of iterations: 311
CPU time used for tree search: 1753.118 sec (0h:29m:13s)
Wall-clock time used for tree search: 472.198 sec (0h:7m:52s)
Total CPU time used: 1806.228 sec (0h:30m:6s)
Total wall-clock time used: 486.970 sec (0h:8m:6s)

Analysis results written to: 
  IQ-TREE report:                IQTREE_bestTree.InWindow_4840_to_5090.iqtree
  Maximum-likelihood tree:       IQTREE_bestTree.InWindow_4840_to_5090.treefile
  Likelihood distances:          IQTREE_bestTree.InWindow_4840_to_5090.mldist
  Screen log file:               IQTREE_bestTree.InWindow_4840_to_5090.log

Date and Time: Sun Jul 23 04:37:10 2023
