IQ-TREE multicore version 2.2.2.7 COVID-edition for Linux 64-bit built Jun  7 2023
Developed by Bui Quang Minh, James Barbetti, Nguyen Lam Tung,
Olga Chernomor, Heiko Schmidt, Dominik Schrempf, Michael Woodhams, Ly Trong Nhan.

Host:    hpc-node03 (AVX2, FMA3, 1007 GB RAM)
Command: iqtree -s AlignedReadsInWindow_PositionsExcised_4720_to_4970.fasta -pre IQTREE_bestTree.InWindow_4720_to_4970 -m GTR+F+R6 -nt 4
Seed:    249184 (Using SPRNG - Scalable Parallel Random Number Generator)
Time:    Sun Jul 23 04:25:13 2023
Kernel:  AVX+FMA - 4 threads (4 CPU cores detected)

Reading alignment file AlignedReadsInWindow_PositionsExcised_4720_to_4970.fasta ... Fasta format detected
Reading fasta file: done in 0.00489867 secs using 90.29% CPU
Alignment most likely contains DNA/RNA sequences
Constructing alignment: done in 0.0016941 secs using 280.9% CPU
Alignment has 452 sequences with 281 columns, 219 distinct patterns
114 parsimony-informative, 86 singleton sites, 81 constant sites
                                                            Gap/Ambiguity  Composition  p-value
Analyzing sequences: done in 0.00687645 secs using 300.3% CPU
   1  200724_20-08522_HIV11-02415_FL24_S18_L000_read_1_count_356   12.81%    passed     99.38%
   2  200724_20-08522_HIV11-02415_FL24_S18_L000_read_2_count_36    12.81%    passed     99.10%
   3  200724_20-08522_HIV11-02415_FL24_S18_L000_read_3_count_19    12.81%    passed     99.10%
   4  200724_20-08522_HIV11-02415_FL24_S18_L000_read_4_count_10    12.81%    passed     97.15%
   5  200724_20-08522_HIV11-02415_FL24_S18_L000_read_5_count_5     12.81%    passed     99.02%
   6  200724_20-08522_HIV11-02415_FL24_S18_L000_read_6_count_5     12.81%    passed     99.10%
   7  200724_20-08522_HIV11-02415_FL24_S18_L000_read_7_count_4     12.81%    passed     99.10%
   8  200724_20-08522_HIV11-02415_FL24_S18_L000_read_8_count_4     12.81%    passed     99.02%
   9  200724_20-08522_HIV11-02415_FL24_S18_L000_read_9_count_3     12.81%    passed     99.10%
  10  200724_20-08522_HIV11-02415_FL24_S18_L000_read_10_count_2    12.81%    passed     97.38%
  11  200724_20-08522_HIV11-02415_FL24_S18_L000_read_11_count_2    12.81%    passed     99.88%
  12  200724_20-08522_HIV11-02415_FL24_S18_L000_read_12_count_2    12.81%    passed     99.88%
  13  200724_20-08522_HIV11-02415_FL24_S18_L000_read_13_count_2    12.81%    passed     99.02%
  14  200724_20-08522_HIV11-02415_FL24_S18_L000_read_14_count_2    12.81%    passed     99.02%
  15  200724_20-08522_HIV11-02415_FL24_S18_L000_read_15_count_2    12.81%    passed     98.85%
  16  200724_20-08522_HIV11-02415_FL24_S18_L000_read_16_count_2    12.81%    passed     97.15%
  17  200724_20-08522_HIV11-02415_FL24_S18_L000_read_17_count_2    12.81%    passed     99.88%
  18  200724_20-08522_HIV11-02415_FL24_S18_L000_read_18_count_2    12.81%    passed     97.15%
  19  200724_20-08522_HIV11-02415_FL24_S18_L000_read_19_count_2    12.81%    passed     99.02%
  20  200724_20-08522_HIV11-02415_FL24_S18_L000_read_20_count_2    12.81%    passed     99.02%
  21  200724_20-08522_HIV11-02415_FL24_S18_L000_read_21_count_2    12.81%    passed     99.02%
  22  200724_20-08522_HIV11-02415_FL24_S18_L000_read_22_count_2    12.81%    passed     98.96%
  23  200724_20-08522_HIV11-02415_FL24_S18_L000_read_23_count_2    12.81%    passed     99.10%
  24  200724_20-08522_HIV11-02415_FL24_S18_L000_read_24_count_1    12.81%    passed     97.38%
  25  200724_20-08522_HIV11-02415_FL24_S18_L000_read_25_count_1    12.81%    passed     99.02%
  26  200724_20-08522_HIV11-02415_FL24_S18_L000_read_26_count_1    12.81%    passed     98.38%
  27  200724_20-08522_HIV11-02415_FL24_S18_L000_read_27_count_1    12.81%    passed     96.73%
  28  200724_20-08522_HIV11-02415_FL24_S18_L000_read_28_count_1    12.81%    passed     99.70%
  29  200724_20-08522_HIV11-02415_FL24_S18_L000_read_29_count_1    12.81%    passed     99.70%
  30  200724_20-08522_HIV11-02415_FL24_S18_L000_read_30_count_1    12.81%    passed     97.26%
  31  200724_20-08522_HIV11-02415_FL24_S18_L000_read_31_count_1    12.81%    passed     97.38%
  32  200724_20-08522_HIV11-02415_FL24_S18_L000_read_32_count_1    12.81%    passed     97.26%
  33  200724_20-08522_HIV11-02415_FL24_S18_L000_read_33_count_1    12.81%    passed     97.15%
  34  200724_20-08522_HIV11-02415_FL24_S18_L000_read_34_count_1    12.81%    passed     97.38%
  35  200724_20-08522_HIV11-02415_FL24_S18_L000_read_35_count_1    12.81%    passed     98.96%
  36  200724_20-08522_HIV11-02415_FL24_S18_L000_read_36_count_1    12.81%    passed     98.85%
  37  200724_20-08522_HIV11-02415_FL24_S18_L000_read_37_count_1    12.81%    passed     99.02%
  38  200724_20-08522_HIV11-02415_FL24_S18_L000_read_38_count_1    12.81%    passed     92.16%
  39  200724_20-08522_HIV11-02415_FL24_S18_L000_read_39_count_1    12.81%    passed     98.98%
  40  200724_20-08522_HIV11-02415_FL24_S18_L000_read_40_count_1    12.81%    passed     98.02%
  41  200724_20-08522_HIV11-02415_FL24_S18_L000_read_41_count_1    12.81%    passed     98.96%
  42  200724_20-08522_HIV11-02415_FL24_S18_L000_read_42_count_1    12.81%    passed     98.02%
  43  200724_20-08522_HIV11-02415_FL24_S18_L000_read_43_count_1    12.81%    passed     98.96%
  44  200724_20-08522_HIV11-02415_FL24_S18_L000_read_44_count_1    12.81%    passed     99.02%
  45  200724_20-08522_HIV11-02415_FL24_S18_L000_read_45_count_1    12.81%    passed     99.10%
  46  200724_20-08522_HIV11-02415_FL24_S18_L000_read_46_count_1    12.81%    passed     99.02%
  47  200724_20-08522_HIV11-02415_FL24_S18_L000_read_47_count_1    12.81%    passed     99.02%
  48  200724_20-08522_HIV11-02415_FL24_S18_L000_read_48_count_1    12.81%    passed     98.98%
  49  200724_20-08522_HIV11-02415_FL24_S18_L000_read_49_count_1    12.81%    passed     99.02%
  50  200724_20-08522_HIV11-02415_FL24_S18_L000_read_50_count_1    12.81%    passed     97.38%
  51  200724_20-08522_HIV11-02415_FL24_S18_L000_read_51_count_1    12.81%    passed     98.02%
  52  200724_20-08522_HIV11-02415_FL24_S18_L000_read_52_count_1    12.81%    passed     98.51%
  53  200724_20-08522_HIV11-02415_FL24_S18_L000_read_53_count_1    12.81%    passed     92.16%
  54  200724_20-08522_HIV11-02415_FL24_S18_L000_read_54_count_1    12.81%    passed     97.92%
  55  200724_20-08522_HIV11-02415_FL24_S18_L000_read_55_count_1    13.17%    passed     99.12%
  56  200724_20-08522_HIV11-02415_FL24_S18_L000_read_56_count_1    20.28%    passed     87.76%
  57  200724_20-08522_HIV11-02415_FL24_S18_L000_read_57_count_1    12.81%    passed     99.91%
  58  200724_20-08522_HIV11-02415_FL24_S18_L000_read_58_count_1    12.81%    passed     96.63%
  59  200724_20-08522_HIV11-02415_FL24_S18_L000_read_59_count_1    12.81%    passed     95.75%
  60  200724_20-08522_HIV11-02415_FL24_S18_L000_read_60_count_1    13.17%    passed     96.75%
  61  200724_20-08522_HIV11-02415_FL24_S18_L000_read_61_count_1    12.81%    passed     99.94%
  62  200724_20-08522_HIV11-02415_FL24_S18_L000_read_62_count_1    12.81%    passed     93.40%
  63  200724_20-08522_HIV11-02415_FL24_S18_L000_read_63_count_1    12.81%    passed     97.38%
  64  200724_20-08522_HIV11-02415_FL24_S18_L000_read_64_count_1    12.81%    passed     96.52%
  65  200724_20-08522_HIV11-02415_FL24_S18_L000_read_65_count_1    12.81%    passed     97.15%
  66  200724_20-08522_HIV11-02415_FL24_S18_L000_read_66_count_1    12.81%    passed     98.85%
  67  200724_20-08522_HIV11-02415_FL24_S18_L000_read_67_count_1    12.81%    passed     99.10%
  68  200724_20-08522_HIV11-02415_FL24_S18_L000_read_68_count_1    13.17%    passed     99.68%
  69  200724_20-08522_HIV11-02415_FL24_S18_L000_read_69_count_1    12.81%    passed     98.85%
  70  200724_20-08522_HIV11-02415_FL24_S18_L000_read_70_count_1    12.81%    passed     99.88%
  71  200724_20-08522_HIV11-02415_FL24_S18_L000_read_71_count_1    12.81%    passed     99.70%
  72  200724_20-08522_HIV11-02415_FL24_S18_L000_read_72_count_1    12.81%    passed     98.02%
  73  200724_20-08522_HIV11-02415_FL24_S18_L000_read_73_count_1    12.81%    passed     97.15%
  74  200724_20-08522_HIV11-02415_FL24_S18_L000_read_74_count_1    12.81%    passed     99.02%
  75  200724_20-08522_HIV11-02415_FL24_S18_L000_read_75_count_1    12.81%    passed     98.02%
  76  200724_20-08522_HIV11-02415_FL24_S18_L000_read_76_count_1    12.81%    passed     97.38%
  77  200724_20-08522_HIV11-02415_FL24_S18_L000_read_77_count_1    12.81%    passed     99.88%
  78  200724_20-08522_HIV11-02415_FL24_S18_L000_read_78_count_1    12.81%    passed     98.96%
  79  200724_20-08522_HIV11-02415_FL24_S18_L000_read_79_count_1    12.81%    passed     98.85%
  80  200724_20-08522_HIV11-02415_FL24_S18_L000_read_80_count_1    12.81%    passed     99.38%
  81  200724_20-08522_HIV11-02415_FL24_S18_L000_read_81_count_1    12.81%    passed     98.98%
  82  200724_20-08522_HIV11-02415_FL24_S18_L000_read_82_count_1    16.01%    passed     95.06%
  83  200724_20-08522_HIV11-02415_FL24_S18_L000_read_83_count_1    12.81%    passed     99.10%
  84  200724_20-08522_HIV11-02415_FL24_S18_L000_read_84_count_1    12.81%    passed     98.98%
  85  200724_20-08522_HIV11-02415_FL24_S18_L000_read_85_count_1    12.81%    passed     99.02%
  86  200724_20-08522_HIV11-02415_FL24_S18_L000_read_86_count_1    12.81%    passed     98.85%
  87  200724_20-08522_HIV11-02415_FL24_S18_L000_read_87_count_1    12.81%    passed     99.02%
  88  200724_20-08522_HIV11-02415_FL24_S18_L000_read_88_count_1    13.17%    passed     99.06%
  89  200724_20-08522_HIV11-02415_FL24_S18_L000_read_89_count_1    12.81%    passed     98.96%
  90  200724_20-08522_HIV11-02415_FL24_S18_L000_read_90_count_1    12.81%    passed     99.02%
  91  200724_20-08522_HIV11-02415_FL24_S18_L000_read_91_count_1    12.81%    passed     99.10%
  92  200724_20-08522_HIV11-02415_FL24_S18_L000_read_92_count_1    12.81%    passed     98.98%
  93  200724_20-08522_HIV11-02415_FL24_S18_L000_read_93_count_1    12.81%    passed     97.15%
  94  200724_20-08522_HIV11-02415_FL24_S18_L000_read_94_count_1    12.81%    passed     98.85%
  95  200724_20-08522_HIV11-02415_FL24_S18_L000_read_95_count_1    12.81%    passed     99.88%
  96  200724_20-08522_HIV11-02415_FL24_S18_L000_read_96_count_1    12.81%    passed     97.15%
  97  200724_20-08522_HIV11-02415_FL24_S18_L000_read_97_count_1    12.81%    passed     98.98%
  98  200724_20-08522_HIV11-02415_FL24_S18_L000_read_98_count_1    12.81%    passed     99.02%
  99  200724_20-08522_HIV11-02415_FL24_S18_L000_read_99_count_1    12.81%    passed     95.74%
 100  200724_20-08522_HIV11-02415_FL24_S18_L000_read_100_count_1   12.81%    passed     99.02%
 101  200724_20-08522_HIV11-02415_FL24_S18_L000_read_101_count_1   13.17%    passed     99.06%
 102  200724_20-08522_HIV11-02415_FL24_S18_L000_read_102_count_1   12.81%    passed     96.30%
 103  200724_20-08522_HIV11-02415_FL24_S18_L000_read_103_count_1   12.81%    passed     98.15%
 104  200724_20-08522_HIV11-02415_FL24_S18_L000_read_104_count_1   13.17%    passed     96.75%
 105  200724_20-08522_HIV11-02415_FL24_S18_L000_read_105_count_1   12.81%    passed     97.15%
 106  200724_20-08522_HIV11-02415_FL24_S18_L000_read_106_count_1   12.81%    passed     99.02%
 107  200724_20-08522_HIV11-02415_FL24_S18_L000_read_107_count_1   12.46%    passed     99.49%
 108  200724_20-08522_HIV11-02415_FL24_S18_L000_read_108_count_1   12.81%    passed     97.15%
 109  200724_20-08522_HIV11-02415_FL24_S18_L000_read_109_count_1   12.81%    passed     99.02%
 110  200724_20-08522_HIV11-02415_FL24_S18_L000_read_110_count_1   12.81%    passed     96.30%
 111  200724_20-08522_HIV11-02415_FL24_S18_L000_read_111_count_1   12.81%    passed     99.02%
 112  200724_20-08522_HIV11-02415_FL24_S18_L000_read_112_count_1   13.17%    passed     99.06%
 113  200724_20-08522_HIV11-02415_FL24_S18_L000_read_113_count_1   12.81%    passed     99.02%
 114  200724_20-08522_HIV11-02415_FL24_S18_L000_read_114_count_1   12.81%    passed     96.73%
 115  200724_20-08522_HIV11-02415_FL24_S18_L000_read_115_count_1   12.81%    passed     99.02%
 116  200724_20-08522_HIV11-02415_FL24_S18_L000_read_116_count_1   12.81%    passed     99.02%
 117  200724_20-08522_HIV11-02415_FL24_S18_L000_read_117_count_1   12.81%    passed     96.30%
 118  200724_20-08522_HIV11-02415_FL24_S18_L000_read_118_count_1   12.81%    passed     99.02%
 119  200724_20-08522_HIV11-02415_FL24_S18_L000_read_119_count_1   12.81%    passed     99.02%
 120  200724_20-08522_HIV11-02415_FL24_S18_L000_read_120_count_1   12.81%    passed     97.92%
 121  200724_20-08522_HIV11-02415_FL24_S18_L000_read_121_count_1   12.81%    passed     96.63%
 122  200724_20-08522_HIV11-02415_FL24_S18_L000_read_122_count_1   12.46%    passed     99.49%
 123  200724_20-08522_HIV11-02415_FL24_S18_L000_read_123_count_1   12.81%    passed     99.38%
 124  200724_20-08522_HIV11-02415_FL24_S18_L000_read_124_count_1   12.81%    passed     99.02%
 125  200724_20-08522_HIV11-02415_FL24_S18_L000_read_125_count_1   12.81%    passed     96.78%
 126  200724_20-08522_HIV11-02415_FL24_S18_L000_read_126_count_1   12.81%    passed     97.38%
 127  200724_20-08522_HIV11-02415_FL24_S18_L000_read_127_count_1   12.81%    passed     99.02%
 128  200724_20-08522_HIV11-02415_FL24_S18_L000_read_128_count_1   12.81%    passed     95.55%
 129  200724_20-08522_HIV11-02415_FL24_S18_L000_read_129_count_1   12.81%    passed     97.15%
 130  200724_20-08522_HIV11-02415_FL24_S18_L000_read_130_count_1   12.81%    passed     96.73%
 131  200724_20-08522_HIV11-02415_FL24_S18_L000_read_131_count_1   12.81%    passed     99.88%
 132  200724_20-08522_HIV11-02415_FL24_S18_L000_read_132_count_1   12.46%    passed     99.38%
 133  200724_20-08522_HIV11-02415_FL24_S18_L000_read_133_count_1   12.81%    passed     99.94%
 134  200724_20-08522_HIV11-02415_FL24_S18_L000_read_134_count_1   12.81%    passed     97.89%
 135  200724_20-08522_HIV11-02415_FL24_S18_L000_read_135_count_1   12.81%    passed     99.02%
 136  200724_20-08522_HIV11-02415_FL24_S18_L000_read_136_count_1   12.81%    passed     98.85%
 137  200724_20-08522_HIV11-02415_FL24_S18_L000_read_137_count_1   12.81%    passed     97.38%
 138  200724_20-08522_HIV11-02415_FL24_S18_L000_read_138_count_1   12.81%    passed     99.02%
 139  200724_20-08522_HIV11-02415_FL24_S18_L000_read_139_count_1   12.81%    passed     98.98%
 140  200724_20-08522_HIV11-02415_FL24_S18_L000_read_140_count_1   12.81%    passed     99.10%
 141  200724_20-08522_HIV11-02415_FL24_S18_L000_read_141_count_1   12.81%    passed     98.96%
 142  200724_20-08522_HIV11-02415_FL24_S18_L000_read_142_count_1   12.81%    passed     99.94%
 143  200724_20-08522_HIV11-02415_FL24_S18_L000_read_143_count_1   12.81%    passed     97.38%
 144  200709_20-07994_HIV07-01067_FL21_S1_L000_read_1_count_513    12.81%    passed     99.47%
 145  200709_20-07994_HIV07-01067_FL21_S1_L000_read_2_count_97     12.81%    passed     99.06%
 146  200709_20-07994_HIV07-01067_FL21_S1_L000_read_3_count_6      12.81%    passed     98.71%
 147  200709_20-07994_HIV07-01067_FL21_S1_L000_read_4_count_3      12.81%    passed     99.57%
 148  200709_20-07994_HIV07-01067_FL21_S1_L000_read_5_count_2      12.81%    passed     98.71%
 149  200709_20-07994_HIV07-01067_FL21_S1_L000_read_6_count_2      12.81%    passed     98.71%
 150  200709_20-07994_HIV07-01067_FL21_S1_L000_read_7_count_2      13.17%    passed     99.03%
 151  200709_20-07994_HIV07-01067_FL21_S1_L000_read_8_count_2      12.81%    passed     99.91%
 152  200709_20-07994_HIV07-01067_FL21_S1_L000_read_9_count_2      12.81%    passed     99.57%
 153  200709_20-07994_HIV07-01067_FL21_S1_L000_read_10_count_2     12.81%    passed     99.48%
 154  200709_20-07994_HIV07-01067_FL21_S1_L000_read_11_count_2     12.81%    passed     98.71%
 155  200709_20-07994_HIV07-01067_FL21_S1_L000_read_12_count_2     12.81%    passed     99.57%
 156  200709_20-07994_HIV07-01067_FL21_S1_L000_read_13_count_2     12.81%    passed     98.71%
 157  200709_20-07994_HIV07-01067_FL21_S1_L000_read_14_count_2     12.81%    passed     99.57%
 158  200709_20-07994_HIV07-01067_FL21_S1_L000_read_15_count_2     12.81%    passed     98.71%
 159  200709_20-07994_HIV07-01067_FL21_S1_L000_read_16_count_1     12.81%    passed     99.57%
 160  200709_20-07994_HIV07-01067_FL21_S1_L000_read_17_count_1     12.81%    passed     99.47%
 161  200709_20-07994_HIV07-01067_FL21_S1_L000_read_18_count_1     12.81%    passed     97.53%
 162  200709_20-07994_HIV07-01067_FL21_S1_L000_read_19_count_1     12.81%    passed     98.48%
 163  200709_20-07994_HIV07-01067_FL21_S1_L000_read_20_count_1     12.81%    passed     98.71%
 164  200709_20-07994_HIV07-01067_FL21_S1_L000_read_21_count_1     12.81%    passed     99.57%
 165  200709_20-07994_HIV07-01067_FL21_S1_L000_read_22_count_1     12.81%    passed     96.27%
 166  200709_20-07994_HIV07-01067_FL21_S1_L000_read_23_count_1     12.81%    passed     99.15%
 167  200709_20-07994_HIV07-01067_FL21_S1_L000_read_24_count_1     13.17%    passed     99.03%
 168  200709_20-07994_HIV07-01067_FL21_S1_L000_read_25_count_1     12.81%    passed     97.53%
 169  200709_20-07994_HIV07-01067_FL21_S1_L000_read_26_count_1     12.81%    passed     99.57%
 170  200709_20-07994_HIV07-01067_FL21_S1_L000_read_27_count_1     12.81%    passed     98.93%
 171  200709_20-07994_HIV07-01067_FL21_S1_L000_read_28_count_1     12.81%    passed     99.91%
 172  200709_20-07994_HIV07-01067_FL21_S1_L000_read_29_count_1     12.81%    passed     99.57%
 173  200709_20-07994_HIV07-01067_FL21_S1_L000_read_30_count_1     12.81%    passed     97.64%
 174  200709_20-07994_HIV07-01067_FL21_S1_L000_read_31_count_1     12.81%    passed     99.57%
 175  200709_20-07994_HIV07-01067_FL21_S1_L000_read_32_count_1     12.81%    passed     98.71%
 176  200709_20-07994_HIV07-01067_FL21_S1_L000_read_33_count_1     12.81%    passed     99.57%
 177  200709_20-07994_HIV07-01067_FL21_S1_L000_read_34_count_1     12.81%    passed     99.57%
 178  200709_20-07994_HIV07-01067_FL21_S1_L000_read_35_count_1     12.81%    passed     99.91%
 179  200709_20-07994_HIV07-01067_FL21_S1_L000_read_36_count_1     12.81%    passed     99.57%
 180  200709_20-07994_HIV07-01067_FL21_S1_L000_read_37_count_1     12.46%    passed     99.48%
 181  200709_20-07994_HIV07-01067_FL21_S1_L000_read_38_count_1     12.81%    passed     99.21%
 182  200709_20-07994_HIV07-01067_FL21_S1_L000_read_39_count_1     12.81%    passed     99.91%
 183  200709_20-07994_HIV07-01067_FL21_S1_L000_read_40_count_1     12.81%    passed     97.64%
 184  200709_20-07994_HIV07-01067_FL21_S1_L000_read_41_count_1     12.81%    passed     99.57%
 185  200709_20-07994_HIV07-01067_FL21_S1_L000_read_42_count_1     12.81%    passed     99.06%
 186  200709_20-07994_HIV07-01067_FL21_S1_L000_read_43_count_1     12.81%    passed     96.87%
 187  200709_20-07994_HIV07-01067_FL21_S1_L000_read_44_count_1     12.81%    passed     98.10%
 188  200709_20-07994_HIV07-01067_FL21_S1_L000_read_45_count_1     12.81%    passed     98.93%
 189  200709_20-07994_HIV07-01067_FL21_S1_L000_read_46_count_1     12.81%    passed     99.15%
 190  200709_20-07994_HIV07-01067_FL21_S1_L000_read_47_count_1     12.81%    passed     97.65%
 191  200709_20-07994_HIV07-01067_FL21_S1_L000_read_48_count_1     12.81%    passed     99.57%
 192  200709_20-07994_HIV07-01067_FL21_S1_L000_read_49_count_1     12.81%    passed     99.96%
 193  200709_20-07994_HIV07-01067_FL21_S1_L000_read_50_count_1     12.81%    passed     99.57%
 194  200709_20-07994_HIV07-01067_FL21_S1_L000_read_51_count_1     12.81%    passed     99.57%
 195  200709_20-07994_HIV07-01067_FL21_S1_L000_read_52_count_1     12.81%    passed     97.64%
 196  200709_20-07994_HIV07-01067_FL21_S1_L000_read_53_count_1     13.17%    passed     99.64%
 197  200709_20-07994_HIV07-01067_FL21_S1_L000_read_54_count_1     12.81%    passed     97.62%
 198  200709_20-07994_HIV07-01067_FL21_S1_L000_read_55_count_1     12.81%    passed     99.06%
 199  200709_20-07994_HIV07-01067_FL21_S1_L000_read_56_count_1     12.81%    passed     95.95%
 200  200709_20-07994_HIV07-01067_FL21_S1_L000_read_57_count_1     12.81%    passed     99.15%
 201  200709_20-07994_HIV07-01067_FL21_S1_L000_read_58_count_1     12.81%    passed     99.91%
 202  200709_20-07994_HIV07-01067_FL21_S1_L000_read_59_count_1     12.81%    passed     99.48%
 203  200709_20-07994_HIV07-01067_FL21_S1_L000_read_60_count_1     12.81%    passed     94.74%
 204  200709_20-07994_HIV07-01067_FL21_S1_L000_read_61_count_1     12.81%    passed     99.95%
 205  200709_20-07994_HIV07-01067_FL21_S1_L000_read_62_count_1     12.81%    passed     99.57%
 206  200709_20-07994_HIV07-01067_FL21_S1_L000_read_63_count_1     12.81%    passed     99.47%
 207  200709_20-07994_HIV07-01067_FL21_S1_L000_read_64_count_1     12.81%    passed     99.57%
 208  200709_20-07994_HIV07-01067_FL21_S1_L000_read_65_count_1     12.81%    passed     99.57%
 209  200709_20-07994_HIV07-01067_FL21_S1_L000_read_66_count_1     12.81%    passed     99.91%
 210  200709_20-07994_HIV07-01067_FL21_S1_L000_read_67_count_1     12.81%    passed     97.64%
 211  200709_20-07994_HIV07-01067_FL21_S1_L000_read_68_count_1     12.81%    passed     99.15%
 212  200709_20-07994_HIV07-01067_FL21_S1_L000_read_69_count_1     12.81%    passed     99.06%
 213  200709_20-07994_HIV07-01067_FL21_S1_L000_read_70_count_1     12.81%    passed     97.64%
 214  200709_20-07994_HIV07-01067_FL21_S1_L000_read_71_count_1     12.81%    passed     99.91%
 215  200709_20-07994_HIV07-01067_FL21_S1_L000_read_72_count_1     12.81%    passed     99.57%
 216  200709_20-07994_HIV07-01067_FL21_S1_L000_read_73_count_1     12.81%    passed     98.71%
 217  200709_20-07994_HIV07-01067_FL21_S1_L000_read_74_count_1     12.81%    passed     99.91%
 218  200709_20-07994_HIV07-01067_FL21_S1_L000_read_75_count_1     12.81%    passed     98.48%
 219  200709_20-07994_HIV07-01067_FL21_S1_L000_read_76_count_1     12.81%    passed     99.95%
 220  200709_20-07994_HIV07-01067_FL21_S1_L000_read_77_count_1     12.81%    passed     99.91%
 221  200709_20-07994_HIV07-01067_FL21_S1_L000_read_78_count_1     12.81%    passed     98.71%
 222  200709_20-07994_HIV07-01067_FL21_S1_L000_read_79_count_1     12.81%    passed     99.06%
 223  200709_20-07994_HIV07-01067_FL21_S1_L000_read_80_count_1     12.81%    passed     99.15%
 224  200709_20-07994_HIV07-01067_FL21_S1_L000_read_81_count_1     12.81%    passed     99.47%
 225  200709_20-07994_HIV07-01067_FL21_S1_L000_read_82_count_1     12.81%    passed     99.64%
 226  200709_20-07994_HIV07-01067_FL21_S1_L000_read_83_count_1     12.81%    passed     99.57%
 227  200709_20-07994_HIV07-01067_FL21_S1_L000_read_84_count_1     12.81%    passed     99.95%
 228  200709_20-07994_HIV07-01067_FL21_S1_L000_read_85_count_1     12.81%    passed     99.48%
 229  200709_20-07994_HIV07-01067_FL21_S1_L000_read_86_count_1     12.81%    passed     99.48%
 230  200709_20-07994_HIV07-01067_FL21_S1_L000_read_87_count_1     12.81%    passed     98.71%
 231  200709_20-07994_HIV07-01067_FL21_S1_L000_read_88_count_1     12.81%    passed     99.57%
 232  200709_20-07994_HIV07-01067_FL21_S1_L000_read_89_count_1     12.81%    passed     99.95%
 233  200709_20-07994_HIV07-01067_FL21_S1_L000_read_90_count_1     12.81%    passed     99.57%
 234  200709_20-07994_HIV07-01067_FL21_S1_L000_read_91_count_1     12.81%    passed     99.57%
 235  200709_20-07994_HIV07-01067_FL21_S1_L000_read_92_count_1     12.81%    passed     95.95%
 236  200709_20-07994_HIV07-01067_FL21_S1_L000_read_93_count_1     12.81%    passed     99.48%
 237  200709_20-07994_HIV07-01067_FL21_S1_L000_read_94_count_1     12.81%    passed     99.95%
 238  200709_20-07994_HIV07-01067_FL21_S1_L000_read_95_count_1     12.81%    passed     99.91%
 239  200709_20-07994_HIV07-01067_FL21_S1_L000_read_96_count_1     12.81%    passed     99.07%
 240  200709_20-07994_HIV07-01067_FL21_S1_L000_read_97_count_1     12.81%    passed     96.83%
 241  200709_20-07994_HIV07-01067_FL21_S1_L000_read_98_count_1     12.81%    passed     99.48%
 242  200709_20-07994_HIV07-01067_FL21_S1_L000_read_99_count_1     12.81%    passed     99.91%
 243  200709_20-07994_HIV07-01067_FL21_S1_L000_read_100_count_1    12.81%    passed     99.57%
 244  200709_20-07994_HIV07-01067_FL21_S1_L000_read_101_count_1    12.81%    passed     99.57%
 245  200709_20-07994_HIV07-01067_FL21_S1_L000_read_102_count_1    12.81%    passed     99.57%
 246  200709_20-07994_HIV07-01067_FL21_S1_L000_read_103_count_1    12.81%    passed     99.06%
 247  200709_20-07994_HIV07-01067_FL21_S1_L000_read_104_count_1    12.81%    passed     98.93%
 248  200709_20-07994_HIV07-01067_FL21_S1_L000_read_105_count_1    13.17%    passed     99.64%
 249  200709_20-07994_HIV07-01067_FL21_S1_L000_read_106_count_1    12.81%    passed     99.91%
 250  200709_20-07994_HIV07-01067_FL21_S1_L000_read_107_count_1    12.81%    passed     98.71%
 251  200709_20-07994_HIV07-01067_FL21_S1_L000_read_108_count_1     2.14%    passed     97.11%
 252  200709_20-07994_HIV07-01067_FL21_S1_L000_read_109_count_1    12.81%    passed     99.91%
 253  200709_20-07994_HIV07-01067_FL21_S1_L000_read_110_count_1    12.81%    passed     99.07%
 254  200709_20-07994_HIV07-01067_FL21_S1_L000_read_111_count_1    12.81%    passed     98.93%
 255  200703_20-07825_HIV09-00618_FL18_S6_L000_read_1_count_338    12.81%    passed     99.88%
 256  200703_20-07825_HIV09-00618_FL18_S6_L000_read_2_count_2      12.81%    passed     98.85%
 257  200703_20-07825_HIV09-00618_FL18_S6_L000_read_3_count_2      12.81%    passed     98.85%
 258  200703_20-07825_HIV09-00618_FL18_S6_L000_read_4_count_2      16.01%    passed     96.56%
 259  200703_20-07825_HIV09-00618_FL18_S6_L000_read_5_count_2      12.81%    passed     99.94%
 260  200703_20-07825_HIV09-00618_FL18_S6_L000_read_6_count_2      12.81%    passed     99.94%
 261  200703_20-07825_HIV09-00618_FL18_S6_L000_read_7_count_1      12.81%    passed     99.64%
 262  200703_20-07825_HIV09-00618_FL18_S6_L000_read_8_count_1      12.81%    passed     99.30%
 263  200703_20-07825_HIV09-00618_FL18_S6_L000_read_9_count_1      12.81%    passed     99.30%
 264  200703_20-07825_HIV09-00618_FL18_S6_L000_read_10_count_1     12.81%    passed     99.02%
 265  200703_20-07825_HIV09-00618_FL18_S6_L000_read_11_count_1     12.81%    passed     98.98%
 266  200703_20-07825_HIV09-00618_FL18_S6_L000_read_12_count_1     12.81%    passed     99.96%
 267  200703_20-07825_HIV09-00618_FL18_S6_L000_read_13_count_1     12.81%    passed     99.30%
 268  200703_20-07825_HIV09-00618_FL18_S6_L000_read_14_count_1     12.81%    passed     99.88%
 269  200703_20-07825_HIV09-00618_FL18_S6_L000_read_15_count_1     12.81%    passed     99.30%
 270  200703_20-07825_HIV09-00618_FL18_S6_L000_read_16_count_1     12.81%    passed     99.14%
 271  200703_20-07825_HIV09-00618_FL18_S6_L000_read_17_count_1     13.17%    passed     98.78%
 272  200703_20-07825_HIV09-00618_FL18_S6_L000_read_18_count_1     12.81%    passed     98.85%
 273  200703_20-07825_HIV09-00618_FL18_S6_L000_read_19_count_1     12.81%    passed     99.30%
 274  200703_20-07825_HIV09-00618_FL18_S6_L000_read_20_count_1     12.81%    passed     98.85%
 275  200703_20-07825_HIV09-00618_FL18_S6_L000_read_21_count_1     12.81%    passed     99.30%
 276  200703_20-07825_HIV09-00618_FL18_S6_L000_read_22_count_1     12.81%    passed     98.85%
 277  200703_20-07825_HIV09-00618_FL18_S6_L000_read_23_count_1     12.81%    passed     99.30%
 278  200703_20-07825_HIV09-00618_FL18_S6_L000_read_24_count_1     12.81%    passed     99.62%
 279  200703_20-07825_HIV09-00618_FL18_S6_L000_read_25_count_1     12.81%    passed     99.64%
 280  200703_20-07825_HIV09-00618_FL18_S6_L000_read_26_count_1     12.81%    passed     99.94%
 281  200703_20-07825_HIV09-00618_FL18_S6_L000_read_27_count_1     12.81%    passed     97.15%
 282  200703_20-07825_HIV09-00618_FL18_S6_L000_read_28_count_1     12.81%    passed     99.30%
 283  200703_20-07825_HIV09-00618_FL18_S6_L000_read_29_count_1     12.81%    passed     99.62%
 284  200703_20-07825_HIV09-00618_FL18_S6_L000_read_30_count_1     12.81%    passed     99.96%
 285  200703_20-07825_HIV09-00618_FL18_S6_L000_read_31_count_1     13.17%    passed     99.72%
 286  200703_20-07825_HIV09-00618_FL18_S6_L000_read_32_count_1     12.81%    passed     98.85%
 287  200703_20-07825_HIV09-00618_FL18_S6_L000_read_33_count_1     12.81%    passed     99.30%
 288  200703_20-07825_HIV09-00618_FL18_S6_L000_read_34_count_1     12.81%    passed     99.14%
 289  200703_20-07825_HIV09-00618_FL18_S6_L000_read_35_count_1     12.46%    passed     99.62%
 290  200703_20-07825_HIV09-00618_FL18_S6_L000_read_36_count_1     12.81%    passed     98.85%
 291  200703_20-07825_HIV09-00618_FL18_S6_L000_read_37_count_1     12.81%    passed     98.85%
 292  200703_20-07825_HIV09-00618_FL18_S6_L000_read_38_count_1     12.81%    passed     99.30%
 293  200703_20-07825_HIV09-00618_FL18_S6_L000_read_39_count_1     12.81%    passed     99.96%
 294  200703_20-07825_HIV09-00618_FL18_S6_L000_read_40_count_1     12.81%    passed     98.85%
 295  200703_20-07825_HIV09-00618_FL18_S6_L000_read_41_count_1     12.81%    passed     91.81%
 296  200703_20-07825_HIV09-00618_FL18_S6_L000_read_42_count_1     12.81%    passed     99.62%
 297  200703_20-07825_HIV09-00618_FL18_S6_L000_read_43_count_1     12.81%    passed     99.14%
 298  200703_20-07825_HIV09-00618_FL18_S6_L000_read_44_count_1     12.81%    passed     98.85%
 299  200703_20-07825_HIV09-00618_FL18_S6_L000_read_45_count_1     12.81%    passed     99.30%
 300  200703_20-07825_HIV09-00618_FL18_S6_L000_read_46_count_1     12.81%    passed     99.90%
 301  200703_20-07825_HIV09-00618_FL18_S6_L000_read_47_count_1     12.81%    passed     99.02%
 302  200703_20-07825_HIV09-00618_FL18_S6_L000_read_48_count_1     12.81%    passed     99.64%
 303  200703_20-07825_HIV09-00618_FL18_S6_L000_read_49_count_1     12.81%    passed     99.62%
 304  200703_20-07825_HIV09-00618_FL18_S6_L000_read_50_count_1     12.81%    passed     99.29%
 305  200703_20-07825_HIV09-00618_FL18_S6_L000_read_51_count_1     12.81%    passed     98.85%
 306  200703_20-07825_HIV09-00618_FL18_S6_L000_read_52_count_1     12.81%    passed     99.88%
 307  200703_20-07825_HIV09-00618_FL18_S6_L000_read_53_count_1     12.81%    passed     96.95%
 308  200703_20-07825_HIV09-00618_FL18_S6_L000_read_54_count_1     12.81%    passed     98.85%
 309  200703_20-07825_HIV09-00618_FL18_S6_L000_read_55_count_1     12.81%    passed     99.30%
 310  200703_20-07825_HIV09-00618_FL18_S6_L000_read_56_count_1     12.81%    passed     99.30%
 311  200814_20-09728_HIV09-02843_FL30_S2_L000_read_1_count_329    12.81%    passed     89.57%
 312  200814_20-09728_HIV09-02843_FL30_S2_L000_read_2_count_20     12.81%    passed     89.80%
 313  200814_20-09728_HIV09-02843_FL30_S2_L000_read_3_count_13     12.81%    passed     89.80%
 314  200814_20-09728_HIV09-02843_FL30_S2_L000_read_4_count_10     12.81%    passed     89.80%
 315  200814_20-09728_HIV09-02843_FL30_S2_L000_read_5_count_10     12.81%    passed     88.10%
 316  200814_20-09728_HIV09-02843_FL30_S2_L000_read_6_count_9      12.81%    passed     95.76%
 317  200814_20-09728_HIV09-02843_FL30_S2_L000_read_7_count_9      12.81%    passed     95.95%
 318  200814_20-09728_HIV09-02843_FL30_S2_L000_read_8_count_8      12.81%    passed     89.80%
 319  200814_20-09728_HIV09-02843_FL30_S2_L000_read_9_count_2      12.81%    passed     88.10%
 320  200814_20-09728_HIV09-02843_FL30_S2_L000_read_10_count_2     12.81%    passed     95.76%
 321  200814_20-09728_HIV09-02843_FL30_S2_L000_read_11_count_2     12.10%    passed     80.18%
 322  200814_20-09728_HIV09-02843_FL30_S2_L000_read_12_count_2     12.81%    passed     95.76%
 323  200814_20-09728_HIV09-02843_FL30_S2_L000_read_13_count_2     12.81%    passed     95.76%
 324  200814_20-09728_HIV09-02843_FL30_S2_L000_read_14_count_2     12.81%    passed     85.42%
 325  200814_20-09728_HIV09-02843_FL30_S2_L000_read_15_count_1     12.81%    passed     89.57%
 326  200814_20-09728_HIV09-02843_FL30_S2_L000_read_16_count_1     12.81%    passed     95.95%
 327  200814_20-09728_HIV09-02843_FL30_S2_L000_read_17_count_1     12.81%    passed     97.12%
 328  200814_20-09728_HIV09-02843_FL30_S2_L000_read_18_count_1     12.81%    passed     84.84%
 329  200814_20-09728_HIV09-02843_FL30_S2_L000_read_19_count_1     12.81%    passed     88.10%
 330  200814_20-09728_HIV09-02843_FL30_S2_L000_read_20_count_1     12.81%    passed     85.42%
 331  200814_20-09728_HIV09-02843_FL30_S2_L000_read_21_count_1     12.81%    passed     93.06%
 332  200814_20-09728_HIV09-02843_FL30_S2_L000_read_22_count_1     12.81%    passed     92.43%
 333  200814_20-09728_HIV09-02843_FL30_S2_L000_read_23_count_1     12.81%    passed     85.42%
 334  200814_20-09728_HIV09-02843_FL30_S2_L000_read_24_count_1     12.81%    passed     84.85%
 335  200814_20-09728_HIV09-02843_FL30_S2_L000_read_25_count_1     12.81%    passed     93.06%
 336  200814_20-09728_HIV09-02843_FL30_S2_L000_read_26_count_1     12.81%    passed     84.71%
 337  200814_20-09728_HIV09-02843_FL30_S2_L000_read_27_count_1     12.81%    passed     91.80%
 338  200814_20-09728_HIV09-02843_FL30_S2_L000_read_28_count_1     12.81%    passed     96.78%
 339  200814_20-09728_HIV09-02843_FL30_S2_L000_read_29_count_1     12.81%    passed     88.81%
 340  200814_20-09728_HIV09-02843_FL30_S2_L000_read_30_count_1     12.81%    passed     88.10%
 341  200814_20-09728_HIV09-02843_FL30_S2_L000_read_31_count_1     12.81%    passed     84.71%
 342  200814_20-09728_HIV09-02843_FL30_S2_L000_read_32_count_1     12.81%    passed     92.75%
 343  200814_20-09728_HIV09-02843_FL30_S2_L000_read_33_count_1     12.81%    passed     81.45%
 344  200814_20-09728_HIV09-02843_FL30_S2_L000_read_34_count_1     12.81%    passed     84.71%
 345  200814_20-09728_HIV09-02843_FL30_S2_L000_read_35_count_1     12.81%    passed     88.10%
 346  200814_20-09728_HIV09-02843_FL30_S2_L000_read_36_count_1     12.81%    passed     92.27%
 347  200814_20-09728_HIV09-02843_FL30_S2_L000_read_37_count_1     12.81%    passed     89.57%
 348  200814_20-09728_HIV09-02843_FL30_S2_L000_read_38_count_1     12.81%    passed     85.42%
 349  200814_20-09728_HIV09-02843_FL30_S2_L000_read_39_count_1     12.81%    passed     88.10%
 350  200814_20-09728_HIV09-02843_FL30_S2_L000_read_40_count_1     12.81%    passed     95.95%
 351  200814_20-09728_HIV09-02843_FL30_S2_L000_read_41_count_1     12.81%    passed     95.76%
 352  200814_20-09728_HIV09-02843_FL30_S2_L000_read_42_count_1     12.81%    passed     93.06%
 353  200814_20-09728_HIV09-02843_FL30_S2_L000_read_43_count_1     12.81%    passed     91.80%
 354  200814_20-09728_HIV09-02843_FL30_S2_L000_read_44_count_1     12.81%    passed     91.80%
 355  200814_20-09728_HIV09-02843_FL30_S2_L000_read_45_count_1     12.81%    passed     89.80%
 356  200814_20-09728_HIV09-02843_FL30_S2_L000_read_46_count_1     12.81%    passed     93.22%
 357  200814_20-09728_HIV09-02843_FL30_S2_L000_read_47_count_1     12.81%    passed     92.75%
 358  200814_20-09728_HIV09-02843_FL30_S2_L000_read_48_count_1     12.81%    passed     89.80%
 359  200814_20-09728_HIV09-02843_FL30_S2_L000_read_49_count_1     12.81%    passed     80.33%
 360  200814_20-09728_HIV09-02843_FL30_S2_L000_read_50_count_1     12.81%    passed     89.80%
 361  200814_20-09728_HIV09-02843_FL30_S2_L000_read_51_count_1     12.81%    passed     92.43%
 362  200814_20-09728_HIV09-02843_FL30_S2_L000_read_52_count_1     12.81%    passed     89.80%
 363  200814_20-09728_HIV09-02843_FL30_S2_L000_read_53_count_1     12.81%    passed     89.80%
 364  200814_20-09728_HIV09-02843_FL30_S2_L000_read_54_count_1     12.81%    passed     85.35%
 365  200814_20-09728_HIV09-02843_FL30_S2_L000_read_55_count_1     12.81%    passed     95.76%
 366  200814_20-09728_HIV09-02843_FL30_S2_L000_read_56_count_1     12.81%    passed     89.80%
 367  200814_20-09728_HIV09-02843_FL30_S2_L000_read_57_count_1     12.81%    passed     92.43%
 368  200814_20-09728_HIV09-02843_FL30_S2_L000_read_58_count_1     12.81%    passed     83.79%
 369  200814_20-09728_HIV09-02843_FL30_S2_L000_read_59_count_1     12.81%    passed     95.76%
 370  200814_20-09728_HIV09-02843_FL30_S2_L000_read_60_count_1     12.81%    passed     95.76%
 371  200814_20-09728_HIV09-02843_FL30_S2_L000_read_61_count_1     12.81%    passed     94.51%
 372  200814_20-09728_HIV09-02843_FL30_S2_L000_read_62_count_1     12.81%    passed     84.84%
 373  200814_20-09728_HIV09-02843_FL30_S2_L000_read_63_count_1     12.81%    passed     88.10%
 374  200814_20-09728_HIV09-02843_FL30_S2_L000_read_64_count_1     12.81%    passed     89.80%
 375  200814_20-09728_HIV09-02843_FL30_S2_L000_read_65_count_1     12.81%    passed     89.57%
 376  200814_20-09728_HIV09-02843_FL30_S2_L000_read_66_count_1     13.17%    passed     92.66%
 377  200814_20-09728_HIV09-02843_FL30_S2_L000_read_67_count_1     12.81%    passed     95.95%
 378  200814_20-09728_HIV09-02843_FL30_S2_L000_read_68_count_1     12.81%    passed     95.76%
 379  200814_20-09728_HIV09-02843_FL30_S2_L000_read_69_count_1     12.81%    passed     91.80%
 380  200814_20-09728_HIV09-02843_FL30_S2_L000_read_70_count_1     12.81%    passed     84.84%
 381  200814_20-09728_HIV09-02843_FL30_S2_L000_read_71_count_1     12.81%    passed     85.42%
 382  200814_20-09728_HIV09-02843_FL30_S2_L000_read_72_count_1     12.81%    passed     92.56%
 383  200724_20-08518_HIV10-02405_FL24_S14_L000_read_1_count_164   12.81%    passed     97.99%
 384  200724_20-08518_HIV10-02405_FL24_S14_L000_read_2_count_25    12.81%    passed     94.57%
 385  200724_20-08518_HIV10-02405_FL24_S14_L000_read_3_count_9     12.81%    passed     94.57%
 386  200724_20-08518_HIV10-02405_FL24_S14_L000_read_4_count_6     12.81%    passed     96.60%
 387  200724_20-08518_HIV10-02405_FL24_S14_L000_read_5_count_6     12.81%    passed     94.57%
 388  200724_20-08518_HIV10-02405_FL24_S14_L000_read_6_count_5     12.81%    passed     96.60%
 389  200724_20-08518_HIV10-02405_FL24_S14_L000_read_7_count_4     12.81%    passed     99.24%
 390  200724_20-08518_HIV10-02405_FL24_S14_L000_read_8_count_3     12.81%    passed     98.42%
 391  200724_20-08518_HIV10-02405_FL24_S14_L000_read_9_count_2     12.81%    passed     97.54%
 392  200724_20-08518_HIV10-02405_FL24_S14_L000_read_10_count_2    12.81%    passed     96.60%
 393  200724_20-08518_HIV10-02405_FL24_S14_L000_read_11_count_2    12.81%    passed     98.42%
 394  200724_20-08518_HIV10-02405_FL24_S14_L000_read_12_count_2    12.81%    passed     95.68%
 395  200724_20-08518_HIV10-02405_FL24_S14_L000_read_13_count_2    12.81%    passed     95.68%
 396  200724_20-08518_HIV10-02405_FL24_S14_L000_read_14_count_2    12.81%    passed     92.86%
 397  200724_20-08518_HIV10-02405_FL24_S14_L000_read_15_count_2    12.81%    passed     96.60%
 398  200724_20-08518_HIV10-02405_FL24_S14_L000_read_16_count_2    12.81%    passed     97.54%
 399  200724_20-08518_HIV10-02405_FL24_S14_L000_read_17_count_1    12.81%    passed     98.42%
 400  200724_20-08518_HIV10-02405_FL24_S14_L000_read_18_count_1    12.81%    passed     95.14%
 401  200724_20-08518_HIV10-02405_FL24_S14_L000_read_19_count_1    12.81%    passed     97.99%
 402  200724_20-08518_HIV10-02405_FL24_S14_L000_read_20_count_1    12.81%    passed     95.68%
 403  200724_20-08518_HIV10-02405_FL24_S14_L000_read_21_count_1    13.17%    passed     98.14%
 404  200724_20-08518_HIV10-02405_FL24_S14_L000_read_22_count_1    12.81%    passed     95.68%
 405  200724_20-08518_HIV10-02405_FL24_S14_L000_read_23_count_1    13.17%    passed     95.80%
 406  200724_20-08518_HIV10-02405_FL24_S14_L000_read_24_count_1    12.81%    passed     89.86%
 407  200724_20-08518_HIV10-02405_FL24_S14_L000_read_25_count_1    12.81%    passed     86.36%
 408  200724_20-08518_HIV10-02405_FL24_S14_L000_read_26_count_1    12.81%    passed     98.77%
 409  200724_20-08518_HIV10-02405_FL24_S14_L000_read_27_count_1    12.81%    passed     99.24%
 410  200724_20-08518_HIV10-02405_FL24_S14_L000_read_28_count_1    12.81%    passed     98.42%
 411  200724_20-08518_HIV10-02405_FL24_S14_L000_read_29_count_1    12.81%    passed     95.14%
 412  200724_20-08518_HIV10-02405_FL24_S14_L000_read_30_count_1    12.81%    passed     88.28%
 413  200724_20-08518_HIV10-02405_FL24_S14_L000_read_31_count_1    13.17%    passed     91.26%
 414  200724_20-08518_HIV10-02405_FL24_S14_L000_read_32_count_1    12.81%    passed     98.06%
 415  200724_20-08518_HIV10-02405_FL24_S14_L000_read_33_count_1    12.81%    passed     99.62%
 416  200724_20-08518_HIV10-02405_FL24_S14_L000_read_34_count_1    12.81%    passed     98.42%
 417  200724_20-08518_HIV10-02405_FL24_S14_L000_read_35_count_1    12.81%    passed     98.42%
 418  200724_20-08518_HIV10-02405_FL24_S14_L000_read_36_count_1    13.17%    passed     98.53%
 419  200724_20-08518_HIV10-02405_FL24_S14_L000_read_37_count_1    12.81%    passed     96.60%
 420  200724_20-08518_HIV10-02405_FL24_S14_L000_read_38_count_1    12.81%    passed     90.80%
 421  200724_20-08518_HIV10-02405_FL24_S14_L000_read_39_count_1    12.81%    passed     94.73%
 422  200724_20-08518_HIV10-02405_FL24_S14_L000_read_40_count_1    12.81%    passed     99.24%
 423  200724_20-08518_HIV10-02405_FL24_S14_L000_read_41_count_1    12.81%    passed     99.55%
 424  200724_20-08518_HIV10-02405_FL24_S14_L000_read_42_count_1    12.81%    passed     94.57%
 425  200724_20-08518_HIV10-02405_FL24_S14_L000_read_43_count_1    12.81%    passed     99.24%
 426  200724_20-08518_HIV10-02405_FL24_S14_L000_read_44_count_1    12.81%    passed     88.28%
 427  200724_20-08518_HIV10-02405_FL24_S14_L000_read_45_count_1    12.81%    passed     90.80%
 428  200724_20-08518_HIV10-02405_FL24_S14_L000_read_46_count_1    12.81%    passed     95.14%
 429  200724_20-08518_HIV10-02405_FL24_S14_L000_read_47_count_1    12.81%    passed     97.99%
 430  200724_20-08518_HIV10-02405_FL24_S14_L000_read_48_count_1    12.81%    passed     98.42%
 431  200724_20-08518_HIV10-02405_FL24_S14_L000_read_49_count_1    12.81%    passed     95.68%
 432  200724_20-08518_HIV10-02405_FL24_S14_L000_read_50_count_1    12.81%    passed     97.99%
 433  200724_20-08518_HIV10-02405_FL24_S14_L000_read_51_count_1    12.81%    passed     95.68%
 434  200724_20-08518_HIV10-02405_FL24_S14_L000_read_52_count_1    12.81%    passed     94.57%
 435  200724_20-08518_HIV10-02405_FL24_S14_L000_read_53_count_1    12.81%    passed     92.87%
 436  200724_20-08518_HIV10-02405_FL24_S14_L000_read_54_count_1    13.17%    passed     97.56%
 437  200724_20-08518_HIV10-02405_FL24_S14_L000_read_55_count_1    12.81%    passed     97.54%
 438  200724_20-08518_HIV10-02405_FL24_S14_L000_read_56_count_1    12.81%    passed     95.68%
 439  200724_20-08518_HIV10-02405_FL24_S14_L000_read_57_count_1    12.81%    passed     90.80%
 440  200724_20-08518_HIV10-02405_FL24_S14_L000_read_58_count_1    12.81%    passed     94.57%
 441  200724_20-08518_HIV10-02405_FL24_S14_L000_read_59_count_1    13.17%    passed     97.56%
 442  200724_20-08518_HIV10-02405_FL24_S14_L000_read_60_count_1    12.81%    passed     99.52%
 443  200724_20-08518_HIV10-02405_FL24_S14_L000_read_61_count_1    12.81%    passed     98.12%
 444  200724_20-08518_HIV10-02405_FL24_S14_L000_read_62_count_1    12.81%    passed     97.25%
 445  200724_20-08518_HIV10-02405_FL24_S14_L000_read_63_count_1    12.46%    passed     94.61%
 446  200724_20-08518_HIV10-02405_FL24_S14_L000_read_64_count_1    12.81%    passed     90.80%
 447  200724_20-08518_HIV10-02405_FL24_S14_L000_read_65_count_1    12.81%    passed     94.73%
 448  200724_20-08518_HIV10-02405_FL24_S14_L000_read_66_count_1    12.81%    passed     99.52%
 449  200724_20-08518_HIV10-02405_FL24_S14_L000_read_67_count_1    12.81%    passed     96.45%
 450  200724_20-08518_HIV10-02405_FL24_S14_L000_read_68_count_1    12.81%    passed     96.60%
 451  B.FR.83.HXB2_LAI_IIIB_BRU.K03455                             12.81%    passed     99.94%
 452  C.BW.00.00BW07621.AF443088                                   12.81%    passed     98.67%
****  TOTAL                                                        12.83%  0 sequences failed composition chi2 test (p-value<5%; df=3)
Checking for duplicate sequences: done in 0.000993708 secs using 717% CPU

Create initial parsimony tree by phylogenetic likelihood library (PLL)... 0.043 seconds

NOTE: 19 MB RAM (0 GB) is required!
WARNING: Number of threads seems too high for short alignments. Use -T AUTO to determine best number of threads.
Estimate model parameters (epsilon = 0.100)
1. Initial log-likelihood: -4190.054
2. Current log-likelihood: -4073.840
3. Current log-likelihood: -4073.269
Optimal log-likelihood: -4073.201
Rate parameters:  A-C: 0.57202  A-G: 1.07073  A-T: 0.31236  C-G: 0.22296  C-T: 1.94466  G-T: 1.00000
Base frequencies:  A: 0.420  C: 0.153  G: 0.242  T: 0.185
Site proportion and rates:  (0.091,0.193) (0.137,0.594) (0.188,0.806) (0.225,0.949) (0.228,1.100) (0.131,2.175)
Parameters optimization took 3 rounds (1.838 sec)
Wrote distance file to... 
Computing ML distances based on estimated model parameters...
Calculating distance matrix: done in 0.386758 secs using 396.7% CPU
Computing ML distances took 0.387338 sec (of wall-clock time) 1.534518 sec (of CPU time)
Setting up auxiliary I and S matrices: done in 0.0178164 secs using 231.1% CPU
Constructing RapidNJ tree: done in 0.807327 secs using 112.6% CPU
Computing RapidNJ tree took 0.825280 sec (of wall-clock time) 0.950340 sec (of CPU time)
Log-likelihood of RapidNJ tree: -4060.052
--------------------------------------------------------------------
|             INITIALIZING CANDIDATE TREE SET                      |
--------------------------------------------------------------------
Generating 98 parsimony trees... 4.426 second
Computing log-likelihood of 98 initial trees ... 3.947 seconds
Current best score: -4060.052

Do NNI search on 20 best initial trees
Optimizing NNI: done in 0.278566 secs using 398.6% CPU
Estimate model parameters (epsilon = 0.100)
BETTER TREE FOUND at iteration 1: -4046.821
Optimizing NNI: done in 0.462696 secs using 394.9% CPU
Optimizing NNI: done in 0.321811 secs using 399.6% CPU
Optimizing NNI: done in 0.333729 secs using 391.2% CPU
Optimizing NNI: done in 0.32347 secs using 394.3% CPU
Optimizing NNI: done in 0.520425 secs using 398.2% CPU
Optimizing NNI: done in 0.422641 secs using 400% CPU
Optimizing NNI: done in 0.416985 secs using 396.4% CPU
Optimizing NNI: done in 0.552076 secs using 394.2% CPU
Optimizing NNI: done in 0.521307 secs using 397.7% CPU
Iteration 10 / LogL: -4065.661 / Time: 0h:0m:17s
Optimizing NNI: done in 0.423527 secs using 398.4% CPU
Optimizing NNI: done in 0.639878 secs using 374.6% CPU
Optimizing NNI: done in 0.643379 secs using 391.1% CPU
Optimizing NNI: done in 0.603291 secs using 394.4% CPU
Optimizing NNI: done in 0.581104 secs using 395.3% CPU
Optimizing NNI: done in 0.407806 secs using 398.2% CPU
Optimizing NNI: done in 0.520168 secs using 398.3% CPU
Optimizing NNI: done in 0.473551 secs using 393.9% CPU
Optimizing NNI: done in 0.329458 secs using 396.2% CPU
Optimizing NNI: done in 0.517335 secs using 393% CPU
Iteration 20 / LogL: -4064.778 / Time: 0h:0m:22s
Finish initializing candidate tree set (20)
Current best tree score: -4046.821 / CPU time: 19.388
Number of iterations: 20
--------------------------------------------------------------------
|               OPTIMIZING CANDIDATE TREE SET                      |
--------------------------------------------------------------------
Optimizing NNI: done in 0.723225 secs using 394.8% CPU
Optimizing NNI: done in 0.81918 secs using 378.4% CPU
Optimizing NNI: done in 0.504825 secs using 395.6% CPU
Optimizing NNI: done in 0.630961 secs using 396.5% CPU
Optimizing NNI: done in 0.697949 secs using 395.1% CPU
Optimizing NNI: done in 0.512089 secs using 396.8% CPU
Optimizing NNI: done in 0.660075 secs using 394.5% CPU
Optimizing NNI: done in 0.824639 secs using 395.9% CPU
Optimizing NNI: done in 0.521538 secs using 395.3% CPU
Optimizing NNI: done in 0.735327 secs using 378.4% CPU
Iteration 30 / LogL: -4060.330 / Time: 0h:0m:29s (0h:1m:12s left)
Optimizing NNI: done in 0.616837 secs using 394.4% CPU
Optimizing NNI: done in 0.72052 secs using 395.9% CPU
Optimizing NNI: done in 0.625984 secs using 395.2% CPU
Optimizing NNI: done in 1.05141 secs using 396% CPU
Optimizing NNI: done in 0.53513 secs using 393.8% CPU
Optimizing NNI: done in 0.678822 secs using 394.9% CPU
Estimate model parameters (epsilon = 0.100)
BETTER TREE FOUND at iteration 36: -4046.159
Optimizing NNI: done in 0.760508 secs using 373.5% CPU
Optimizing NNI: done in 0.681533 secs using 394.6% CPU
Optimizing NNI: done in 0.599399 secs using 398.3% CPU
Optimizing NNI: done in 0.596066 secs using 393.9% CPU
Iteration 40 / LogL: -4070.355 / Time: 0h:0m:37s (0h:1m:31s left)
Optimizing NNI: done in 0.727548 secs using 396.9% CPU
Estimate model parameters (epsilon = 0.100)
BETTER TREE FOUND at iteration 41: -4044.197
Optimizing NNI: done in 0.73126 secs using 398% CPU
Optimizing NNI: done in 0.623332 secs using 393.9% CPU
Optimizing NNI: done in 0.822067 secs using 371.2% CPU
Optimizing NNI: done in 0.737646 secs using 393.9% CPU
Optimizing NNI: done in 0.717328 secs using 396.4% CPU
Optimizing NNI: done in 0.539858 secs using 394.9% CPU
Optimizing NNI: done in 0.616177 secs using 394.1% CPU
Optimizing NNI: done in 0.619356 secs using 397.5% CPU
Estimate model parameters (epsilon = 0.100)
BETTER TREE FOUND at iteration 49: -4043.993
Optimizing NNI: done in 0.549692 secs using 396.2% CPU
Iteration 50 / LogL: -4052.203 / Time: 0h:0m:45s (0h:1m:31s left)
Optimizing NNI: done in 0.830299 secs using 379% CPU
Optimizing NNI: done in 0.673303 secs using 395.3% CPU
Estimate model parameters (epsilon = 0.100)
BETTER TREE FOUND at iteration 52: -4043.667
Optimizing NNI: done in 0.76049 secs using 398.7% CPU
Optimizing NNI: done in 0.747837 secs using 396.3% CPU
Optimizing NNI: done in 0.661659 secs using 393.2% CPU
Optimizing NNI: done in 0.607015 secs using 396.5% CPU
Optimizing NNI: done in 0.521512 secs using 394.5% CPU
Optimizing NNI: done in 0.756084 secs using 373.3% CPU
Optimizing NNI: done in 0.65581 secs using 394% CPU
Optimizing NNI: done in 0.525495 secs using 395.3% CPU
Iteration 60 / LogL: -4056.322 / Time: 0h:0m:52s (0h:1m:22s left)
Optimizing NNI: done in 0.736225 secs using 397.7% CPU
Optimizing NNI: done in 0.585761 secs using 397% CPU
Optimizing NNI: done in 0.71091 secs using 395.4% CPU
Optimizing NNI: done in 0.567126 secs using 396.2% CPU
Optimizing NNI: done in 0.523418 secs using 397.3% CPU
Optimizing NNI: done in 1.08289 secs using 381.9% CPU
Optimizing NNI: done in 0.623285 secs using 396.5% CPU
Estimate model parameters (epsilon = 0.100)
BETTER TREE FOUND at iteration 67: -4043.529
Optimizing NNI: done in 0.548094 secs using 394.5% CPU
Optimizing NNI: done in 0.730875 secs using 395% CPU
Optimizing NNI: done in 0.713699 secs using 393.7% CPU
Iteration 70 / LogL: -4059.132 / Time: 0h:1m:0s (0h:1m:25s left)
Optimizing NNI: done in 0.682216 secs using 394.9% CPU
Optimizing NNI: done in 0.650872 secs using 395.6% CPU
Optimizing NNI: done in 0.648738 secs using 374.7% CPU
Optimizing NNI: done in 0.676338 secs using 394.5% CPU
Optimizing NNI: done in 0.589871 secs using 399% CPU
Optimizing NNI: done in 0.53268 secs using 392.1% CPU
Optimizing NNI: done in 0.630876 secs using 395.5% CPU
Optimizing NNI: done in 0.617161 secs using 392.3% CPU
Optimizing NNI: done in 0.835933 secs using 398.6% CPU
Optimizing NNI: done in 0.720114 secs using 396.6% CPU
Iteration 80 / LogL: -4049.810 / Time: 0h:1m:7s (0h:1m:14s left)
Optimizing NNI: done in 0.795943 secs using 373.4% CPU
Optimizing NNI: done in 0.69403 secs using 399.1% CPU
Optimizing NNI: done in 0.687339 secs using 392.7% CPU
Optimizing NNI: done in 0.542288 secs using 393.6% CPU
Optimizing NNI: done in 0.517382 secs using 394.5% CPU
Optimizing NNI: done in 0.680131 secs using 396.2% CPU
Optimizing NNI: done in 0.737537 secs using 395.6% CPU
Optimizing NNI: done in 0.676585 secs using 397.9% CPU
Optimizing NNI: done in 0.757199 secs using 379.2% CPU
Optimizing NNI: done in 0.593191 secs using 395.3% CPU
Iteration 90 / LogL: -4043.658 / Time: 0h:1m:14s (0h:1m:4s left)
Optimizing NNI: done in 0.611755 secs using 399.2% CPU
Optimizing NNI: done in 0.619285 secs using 397.7% CPU
Optimizing NNI: done in 0.550194 secs using 396.6% CPU
Optimizing NNI: done in 0.644449 secs using 391.7% CPU
Optimizing NNI: done in 0.623265 secs using 397.7% CPU
Optimizing NNI: done in 0.447859 secs using 388.5% CPU
Optimizing NNI: done in 0.77403 secs using 378.5% CPU
Optimizing NNI: done in 0.526662 secs using 396.2% CPU
Optimizing NNI: done in 0.568614 secs using 397.2% CPU
Optimizing NNI: done in 0.664177 secs using 398.1% CPU
Iteration 100 / LogL: -4045.818 / Time: 0h:1m:20s (0h:0m:54s left)
Optimizing NNI: done in 0.504968 secs using 398.4% CPU
Optimizing NNI: done in 0.603481 secs using 393.6% CPU
Optimizing NNI: done in 0.631431 secs using 395.2% CPU
Optimizing NNI: done in 0.693676 secs using 394.7% CPU
Optimizing NNI: done in 0.769685 secs using 381.6% CPU
Optimizing NNI: done in 0.598276 secs using 396.2% CPU
Optimizing NNI: done in 0.613754 secs using 395.1% CPU
BETTER TREE FOUND at iteration 107: -4043.529
Optimizing NNI: done in 0.634385 secs using 399.5% CPU
Optimizing NNI: done in 0.435523 secs using 393% CPU
Optimizing NNI: done in 0.660324 secs using 395.5% CPU
Iteration 110 / LogL: -4049.357 / Time: 0h:1m:27s (0h:1m:17s left)
Optimizing NNI: done in 0.662742 secs using 394.9% CPU
Optimizing NNI: done in 0.523493 secs using 393.4% CPU
Optimizing NNI: done in 0.62775 secs using 395.9% CPU
Optimizing NNI: done in 0.760091 secs using 377.7% CPU
Optimizing NNI: done in 0.613988 secs using 398.9% CPU
Optimizing NNI: done in 0.745381 secs using 396.7% CPU
Optimizing NNI: done in 0.584404 secs using 398.8% CPU
Optimizing NNI: done in 0.695338 secs using 396.2% CPU
Optimizing NNI: done in 0.622434 secs using 395% CPU
Optimizing NNI: done in 0.492032 secs using 395.1% CPU
Estimate model parameters (epsilon = 0.100)
BETTER TREE FOUND at iteration 120: -4041.642
Iteration 120 / LogL: -4041.642 / Time: 0h:1m:35s (0h:1m:19s left)
Optimizing NNI: done in 0.632423 secs using 395.4% CPU
Optimizing NNI: done in 0.704892 secs using 398.2% CPU
Optimizing NNI: done in 0.738507 secs using 394.1% CPU
Optimizing NNI: done in 0.608303 secs using 395.9% CPU
Optimizing NNI: done in 0.624541 secs using 395.3% CPU
Optimizing NNI: done in 0.458711 secs using 392.8% CPU
Optimizing NNI: done in 0.538082 secs using 396.6% CPU
Estimate model parameters (epsilon = 0.100)
BETTER TREE FOUND at iteration 127: -4040.608
Optimizing NNI: done in 0.539998 secs using 397.6% CPU
Optimizing NNI: done in 0.612904 secs using 397.4% CPU
Optimizing NNI: done in 0.587825 secs using 396% CPU
Iteration 130 / LogL: -4041.781 / Time: 0h:1m:42s (0h:1m:17s left)
Optimizing NNI: done in 0.682039 secs using 395.6% CPU
Optimizing NNI: done in 0.896756 secs using 397.9% CPU
Optimizing NNI: done in 0.691195 secs using 394.6% CPU
Optimizing NNI: done in 0.782921 secs using 380.5% CPU
Estimate model parameters (epsilon = 0.100)
BETTER TREE FOUND at iteration 134: -4038.280
Optimizing NNI: done in 0.692675 secs using 393.4% CPU
Optimizing NNI: done in 0.528939 secs using 397.6% CPU
Optimizing NNI: done in 0.593057 secs using 397.4% CPU
Optimizing NNI: done in 0.601484 secs using 393.9% CPU
Optimizing NNI: done in 0.608026 secs using 396.6% CPU
Optimizing NNI: done in 0.595629 secs using 392.8% CPU
Iteration 140 / LogL: -4045.503 / Time: 0h:1m:50s (0h:1m:14s left)
Optimizing NNI: done in 0.556931 secs using 395.2% CPU
Optimizing NNI: done in 0.866915 secs using 376.2% CPU
Optimizing NNI: done in 0.622276 secs using 397% CPU
Optimizing NNI: done in 0.627548 secs using 395.7% CPU
Optimizing NNI: done in 0.715526 secs using 395.1% CPU
Optimizing NNI: done in 0.61674 secs using 394.4% CPU
Optimizing NNI: done in 0.510446 secs using 396.1% CPU
Optimizing NNI: done in 0.610972 secs using 396.5% CPU
Optimizing NNI: done in 0.529002 secs using 398.6% CPU
Optimizing NNI: done in 0.76974 secs using 380.5% CPU
Iteration 150 / LogL: -4041.368 / Time: 0h:1m:56s (0h:1m:5s left)
Optimizing NNI: done in 0.820044 secs using 394.6% CPU
Optimizing NNI: done in 0.519595 secs using 395.6% CPU
Optimizing NNI: done in 0.499214 secs using 398.9% CPU
Optimizing NNI: done in 0.656002 secs using 395.7% CPU
Optimizing NNI: done in 0.49462 secs using 399.9% CPU
Optimizing NNI: done in 0.61297 secs using 393% CPU
Optimizing NNI: done in 0.552914 secs using 394.4% CPU
Optimizing NNI: done in 0.83081 secs using 377.9% CPU
Optimizing NNI: done in 0.438731 secs using 394.5% CPU
Optimizing NNI: done in 0.540776 secs using 395.6% CPU
Iteration 160 / LogL: -4048.869 / Time: 0h:2m:3s (0h:0m:57s left)
Optimizing NNI: done in 0.740185 secs using 397.7% CPU
Optimizing NNI: done in 0.513607 secs using 396.7% CPU
Optimizing NNI: done in 0.618344 secs using 393.6% CPU
Optimizing NNI: done in 0.690554 secs using 397.7% CPU
Optimizing NNI: done in 0.648234 secs using 395.6% CPU
Optimizing NNI: done in 0.52513 secs using 396.3% CPU
Optimizing NNI: done in 0.706355 secs using 373.6% CPU
Optimizing NNI: done in 0.542515 secs using 397.9% CPU
Optimizing NNI: done in 0.623338 secs using 393.9% CPU
Optimizing NNI: done in 0.604204 secs using 393.3% CPU
Iteration 170 / LogL: -4050.701 / Time: 0h:2m:9s (0h:0m:49s left)
Optimizing NNI: done in 0.631365 secs using 395.9% CPU
Optimizing NNI: done in 0.530811 secs using 394.6% CPU
Optimizing NNI: done in 0.663577 secs using 391.7% CPU
Optimizing NNI: done in 0.518203 secs using 394.9% CPU
Optimizing NNI: done in 0.492033 secs using 395.9% CPU
Optimizing NNI: done in 0.713626 secs using 372.9% CPU
Optimizing NNI: done in 0.736063 secs using 396.2% CPU
Optimizing NNI: done in 0.648817 secs using 394.1% CPU
Optimizing NNI: done in 0.677777 secs using 395.1% CPU
Optimizing NNI: done in 0.615276 secs using 395.2% CPU
Iteration 180 / LogL: -4039.633 / Time: 0h:2m:16s (0h:0m:41s left)
Optimizing NNI: done in 0.641013 secs using 395.8% CPU
Optimizing NNI: done in 0.545027 secs using 397% CPU
Optimizing NNI: done in 0.687345 secs using 397.4% CPU
Optimizing NNI: done in 0.478852 secs using 386.8% CPU
Optimizing NNI: done in 0.507715 secs using 396.2% CPU
Optimizing NNI: done in 0.509938 secs using 396.4% CPU
Optimizing NNI: done in 0.611352 secs using 393.1% CPU
Optimizing NNI: done in 0.507097 secs using 394.2% CPU
Optimizing NNI: done in 0.596592 secs using 395% CPU
Optimizing NNI: done in 0.622158 secs using 396.4% CPU
Iteration 190 / LogL: -4038.473 / Time: 0h:2m:22s (0h:0m:33s left)
Optimizing NNI: done in 0.59097 secs using 395.8% CPU
Optimizing NNI: done in 0.515638 secs using 396.3% CPU
Optimizing NNI: done in 0.830343 secs using 373.1% CPU
Optimizing NNI: done in 0.591189 secs using 393.6% CPU
Optimizing NNI: done in 0.582205 secs using 395.3% CPU
Optimizing NNI: done in 0.545419 secs using 395.6% CPU
Optimizing NNI: done in 0.400313 secs using 395.8% CPU
Optimizing NNI: done in 0.559951 secs using 391% CPU
Estimate model parameters (epsilon = 0.100)
BETTER TREE FOUND at iteration 198: -4038.118
Optimizing NNI: done in 0.602784 secs using 394% CPU
Optimizing NNI: done in 0.627891 secs using 397.3% CPU
Iteration 200 / LogL: -4038.479 / Time: 0h:2m:29s (0h:1m:13s left)
Optimizing NNI: done in 0.676235 secs using 376.3% CPU
Optimizing NNI: done in 0.590308 secs using 396.1% CPU
Optimizing NNI: done in 0.551523 secs using 397.4% CPU
Optimizing NNI: done in 0.602229 secs using 395.6% CPU
BETTER TREE FOUND at iteration 204: -4038.116
Optimizing NNI: done in 0.565822 secs using 394.8% CPU
Optimizing NNI: done in 0.583626 secs using 395.7% CPU
Optimizing NNI: done in 0.568669 secs using 391.9% CPU
Optimizing NNI: done in 0.607697 secs using 394.9% CPU
Optimizing NNI: done in 0.509082 secs using 399% CPU
Optimizing NNI: done in 0.731419 secs using 377.3% CPU
Iteration 210 / LogL: -4060.233 / Time: 0h:2m:35s (0h:1m:9s left)
Optimizing NNI: done in 0.481802 secs using 396.4% CPU
Optimizing NNI: done in 0.571686 secs using 396% CPU
Optimizing NNI: done in 0.653102 secs using 396.9% CPU
Optimizing NNI: done in 0.554698 secs using 395.6% CPU
Optimizing NNI: done in 0.508421 secs using 395.8% CPU
Optimizing NNI: done in 0.555856 secs using 396.5% CPU
Optimizing NNI: done in 0.529108 secs using 393.3% CPU
Optimizing NNI: done in 0.669846 secs using 396.2% CPU
Optimizing NNI: done in 0.79795 secs using 377.8% CPU
Optimizing NNI: done in 0.658613 secs using 395.8% CPU
Iteration 220 / LogL: -4045.990 / Time: 0h:2m:41s (0h:1m:1s left)
Optimizing NNI: done in 0.673791 secs using 395% CPU
Optimizing NNI: done in 0.590547 secs using 398% CPU
Estimate model parameters (epsilon = 0.100)
BETTER TREE FOUND at iteration 222: -4036.602
Optimizing NNI: done in 0.568299 secs using 395.6% CPU
Optimizing NNI: done in 0.4199 secs using 396.3% CPU
Optimizing NNI: done in 0.595715 secs using 394.1% CPU
Optimizing NNI: done in 0.434109 secs using 395.2% CPU
Optimizing NNI: done in 0.783032 secs using 375.3% CPU
Optimizing NNI: done in 0.602402 secs using 394.1% CPU
BETTER TREE FOUND at iteration 228: -4036.602
Optimizing NNI: done in 0.833215 secs using 394.8% CPU
Optimizing NNI: done in 0.561254 secs using 395.1% CPU
Iteration 230 / LogL: -4044.286 / Time: 0h:2m:48s (0h:1m:12s left)
Optimizing NNI: done in 0.601503 secs using 394.6% CPU
Optimizing NNI: done in 0.48857 secs using 398% CPU
Optimizing NNI: done in 0.611784 secs using 393.6% CPU
Optimizing NNI: done in 0.58229 secs using 393.3% CPU
Optimizing NNI: done in 0.715038 secs using 378.1% CPU
Optimizing NNI: done in 0.636669 secs using 397.2% CPU
Optimizing NNI: done in 0.623155 secs using 398.5% CPU
Optimizing NNI: done in 0.666483 secs using 397.1% CPU
Optimizing NNI: done in 0.597858 secs using 395.6% CPU
Optimizing NNI: done in 0.60317 secs using 395.1% CPU
Iteration 240 / LogL: -4038.692 / Time: 0h:2m:54s (0h:1m:4s left)
Optimizing NNI: done in 0.624924 secs using 397% CPU
Optimizing NNI: done in 0.540356 secs using 394.6% CPU
Optimizing NNI: done in 0.639847 secs using 381.2% CPU
Optimizing NNI: done in 0.614285 secs using 396.9% CPU
Optimizing NNI: done in 0.63452 secs using 395.6% CPU
Optimizing NNI: done in 0.617858 secs using 395.2% CPU
Optimizing NNI: done in 0.528337 secs using 393% CPU
Estimate model parameters (epsilon = 0.100)
BETTER TREE FOUND at iteration 247: -4035.942
Optimizing NNI: done in 0.426671 secs using 394.4% CPU
Optimizing NNI: done in 0.698482 secs using 396.1% CPU
Optimizing NNI: done in 0.628548 secs using 400.1% CPU
Iteration 250 / LogL: -4044.999 / Time: 0h:3m:1s (0h:1m:10s left)
Optimizing NNI: done in 0.739286 secs using 373% CPU
Optimizing NNI: done in 0.527697 secs using 393.3% CPU
Optimizing NNI: done in 0.788223 secs using 395.8% CPU
Optimizing NNI: done in 0.505963 secs using 396.4% CPU
BETTER TREE FOUND at iteration 254: -4035.940
Optimizing NNI: done in 0.653389 secs using 397.8% CPU
Optimizing NNI: done in 0.497251 secs using 396% CPU
Optimizing NNI: done in 0.527795 secs using 394% CPU
Optimizing NNI: done in 0.604427 secs using 395.8% CPU
Optimizing NNI: done in 0.931832 secs using 383.4% CPU
Optimizing NNI: done in 0.436693 secs using 393.1% CPU
Iteration 260 / LogL: -4047.944 / Time: 0h:3m:8s (0h:1m:8s left)
Optimizing NNI: done in 0.47247 secs using 394.6% CPU
Optimizing NNI: done in 0.706136 secs using 395.1% CPU
Optimizing NNI: done in 0.591283 secs using 397% CPU
Optimizing NNI: done in 0.666518 secs using 396.5% CPU
Optimizing NNI: done in 0.709343 secs using 392.7% CPU
Optimizing NNI: done in 0.728573 secs using 397.2% CPU
Optimizing NNI: done in 0.633912 secs using 378% CPU
Optimizing NNI: done in 0.521444 secs using 394.5% CPU
Optimizing NNI: done in 0.514279 secs using 392.4% CPU
Optimizing NNI: done in 0.527174 secs using 395.9% CPU
Iteration 270 / LogL: -4044.461 / Time: 0h:3m:14s (0h:1m:0s left)
Optimizing NNI: done in 0.549773 secs using 393.2% CPU
Optimizing NNI: done in 0.606884 secs using 393.3% CPU
Optimizing NNI: done in 0.644791 secs using 394.7% CPU
Optimizing NNI: done in 0.662425 secs using 396.5% CPU
Optimizing NNI: done in 0.515967 secs using 394.3% CPU
Optimizing NNI: done in 0.749927 secs using 376.4% CPU
Optimizing NNI: done in 0.56467 secs using 396.5% CPU
Optimizing NNI: done in 0.663215 secs using 396.1% CPU
Optimizing NNI: done in 0.611736 secs using 398.2% CPU
Optimizing NNI: done in 0.504526 secs using 394.1% CPU
Iteration 280 / LogL: -4055.104 / Time: 0h:3m:21s (0h:0m:53s left)
Optimizing NNI: done in 0.616097 secs using 398.7% CPU
Optimizing NNI: done in 0.657267 secs using 398.7% CPU
Optimizing NNI: done in 0.589905 secs using 398.8% CPU
BETTER TREE FOUND at iteration 283: -4035.939
Optimizing NNI: done in 0.717607 secs using 379.8% CPU
Optimizing NNI: done in 0.498971 secs using 395.4% CPU
Optimizing NNI: done in 0.529085 secs using 395.6% CPU
Optimizing NNI: done in 0.613524 secs using 394% CPU
Estimate model parameters (epsilon = 0.100)
BETTER TREE FOUND at iteration 287: -4035.740
Optimizing NNI: done in 0.533068 secs using 397.1% CPU
Optimizing NNI: done in 0.580875 secs using 396.8% CPU
Optimizing NNI: done in 0.461638 secs using 392.9% CPU
Iteration 290 / LogL: -4045.130 / Time: 0h:3m:27s (0h:1m:9s left)
Optimizing NNI: done in 0.737672 secs using 392.8% CPU
Optimizing NNI: done in 0.73942 secs using 377.3% CPU
Optimizing NNI: done in 0.667615 secs using 397.2% CPU
Optimizing NNI: done in 0.711657 secs using 394.3% CPU
Optimizing NNI: done in 0.680242 secs using 395.8% CPU
Optimizing NNI: done in 0.600966 secs using 395.5% CPU
Optimizing NNI: done in 0.695732 secs using 393.6% CPU
Optimizing NNI: done in 0.429523 secs using 394.3% CPU
Optimizing NNI: done in 0.594192 secs using 394.9% CPU
Optimizing NNI: done in 0.622125 secs using 377.6% CPU
Iteration 300 / LogL: -4039.499 / Time: 0h:3m:34s (0h:1m:2s left)
Optimizing NNI: done in 0.762292 secs using 396.5% CPU
Optimizing NNI: done in 0.820863 secs using 395.3% CPU
Optimizing NNI: done in 0.525517 secs using 395.3% CPU
Optimizing NNI: done in 0.500733 secs using 397.7% CPU
Optimizing NNI: done in 0.423054 secs using 396.8% CPU
Optimizing NNI: done in 0.876691 secs using 394.7% CPU
Optimizing NNI: done in 0.852075 secs using 396.7% CPU
Optimizing NNI: done in 0.856579 secs using 379.7% CPU
Optimizing NNI: done in 0.534191 secs using 396.6% CPU
Optimizing NNI: done in 0.507901 secs using 394.5% CPU
Iteration 310 / LogL: -4038.810 / Time: 0h:3m:41s (0h:0m:55s left)
Optimizing NNI: done in 0.706529 secs using 395.4% CPU
Optimizing NNI: done in 0.986731 secs using 394.3% CPU
Optimizing NNI: done in 0.50826 secs using 398.3% CPU
Optimizing NNI: done in 0.632765 secs using 393.9% CPU
Optimizing NNI: done in 0.518028 secs using 399.6% CPU
Optimizing NNI: done in 0.905184 secs using 381.2% CPU
Optimizing NNI: done in 0.682493 secs using 396% CPU
Optimizing NNI: done in 0.706714 secs using 397.1% CPU
Optimizing NNI: done in 0.605644 secs using 394.6% CPU
Optimizing NNI: done in 0.724478 secs using 399.5% CPU
Iteration 320 / LogL: -4051.316 / Time: 0h:3m:48s (0h:0m:48s left)
Optimizing NNI: done in 0.53055 secs using 394.7% CPU
Optimizing NNI: done in 0.607386 secs using 394.4% CPU
Optimizing NNI: done in 0.902756 secs using 382.5% CPU
Optimizing NNI: done in 0.533707 secs using 394.5% CPU
Optimizing NNI: done in 0.60096 secs using 391.5% CPU
Optimizing NNI: done in 0.627563 secs using 397% CPU
Optimizing NNI: done in 0.436561 secs using 396.9% CPU
Optimizing NNI: done in 0.532077 secs using 396.2% CPU
Optimizing NNI: done in 0.765458 secs using 395.3% CPU
Optimizing NNI: done in 0.534225 secs using 395.7% CPU
Iteration 330 / LogL: -4036.940 / Time: 0h:3m:55s (0h:0m:40s left)
Optimizing NNI: done in 0.934428 secs using 384.9% CPU
Optimizing NNI: done in 0.964935 secs using 397.4% CPU
Optimizing NNI: done in 0.631929 secs using 393.7% CPU
Optimizing NNI: done in 0.527842 secs using 397.8% CPU
Optimizing NNI: done in 0.616611 secs using 397.6% CPU
Optimizing NNI: done in 0.603462 secs using 396% CPU
Optimizing NNI: done in 0.621841 secs using 392.7% CPU
Optimizing NNI: done in 0.792499 secs using 397.3% CPU
Optimizing NNI: done in 0.89264 secs using 378% CPU
Optimizing NNI: done in 0.510164 secs using 397.1% CPU
Iteration 340 / LogL: -4046.048 / Time: 0h:4m:2s (0h:0m:33s left)
Optimizing NNI: done in 0.529692 secs using 398.3% CPU
Optimizing NNI: done in 0.625383 secs using 393.6% CPU
Optimizing NNI: done in 0.699214 secs using 394% CPU
Optimizing NNI: done in 0.52339 secs using 394.6% CPU
Optimizing NNI: done in 0.832043 secs using 398% CPU
BETTER TREE FOUND at iteration 345: -4035.739
Optimizing NNI: done in 0.43165 secs using 396.5% CPU
Optimizing NNI: done in 0.636945 secs using 376.6% CPU
Optimizing NNI: done in 0.6911 secs using 396.3% CPU
Optimizing NNI: done in 0.611721 secs using 396.2% CPU
Optimizing NNI: done in 0.617584 secs using 394.7% CPU
Iteration 350 / LogL: -4050.357 / Time: 0h:4m:9s (0h:1m:7s left)
Optimizing NNI: done in 0.696095 secs using 390.8% CPU
Optimizing NNI: done in 0.610513 secs using 392.2% CPU
Optimizing NNI: done in 0.646853 secs using 397.4% CPU
Optimizing NNI: done in 0.602956 secs using 395.9% CPU
Optimizing NNI: done in 0.575144 secs using 373.2% CPU
Optimizing NNI: done in 0.615007 secs using 396.6% CPU
Optimizing NNI: done in 0.436245 secs using 393.4% CPU
Optimizing NNI: done in 0.615217 secs using 396.5% CPU
Optimizing NNI: done in 0.73626 secs using 393.4% CPU
Optimizing NNI: done in 0.609388 secs using 397.4% CPU
Iteration 360 / LogL: -4056.119 / Time: 0h:4m:15s (0h:1m:0s left)
Optimizing NNI: done in 0.870131 secs using 394.1% CPU
Optimizing NNI: done in 0.689952 secs using 399.2% CPU
Optimizing NNI: done in 0.644706 secs using 373% CPU
Optimizing NNI: done in 0.742059 secs using 397.9% CPU
Optimizing NNI: done in 0.604859 secs using 396.9% CPU
Optimizing NNI: done in 0.800276 secs using 396.9% CPU
Optimizing NNI: done in 0.718145 secs using 393.5% CPU
Optimizing NNI: done in 0.769393 secs using 395.3% CPU
Optimizing NNI: done in 0.689332 secs using 396.5% CPU
Optimizing NNI: done in 0.742117 secs using 378.3% CPU
BETTER TREE FOUND at iteration 370: -4035.739
Iteration 370 / LogL: -4035.739 / Time: 0h:4m:23s (0h:1m:11s left)
Optimizing NNI: done in 0.425707 secs using 396% CPU
Optimizing NNI: done in 0.705715 secs using 396.4% CPU
Optimizing NNI: done in 0.607578 secs using 398.9% CPU
Optimizing NNI: done in 0.69778 secs using 394.1% CPU
Optimizing NNI: done in 0.532168 secs using 397.6% CPU
Optimizing NNI: done in 0.428502 secs using 397.8% CPU
Optimizing NNI: done in 0.665737 secs using 392.9% CPU
Optimizing NNI: done in 0.614877 secs using 397.4% CPU
Optimizing NNI: done in 0.767197 secs using 374.9% CPU
Optimizing NNI: done in 0.522943 secs using 395.7% CPU
Iteration 380 / LogL: -4047.551 / Time: 0h:4m:29s (0h:1m:3s left)
Optimizing NNI: done in 0.500726 secs using 394.8% CPU
Optimizing NNI: done in 0.790872 secs using 396.9% CPU
Optimizing NNI: done in 0.798927 secs using 395.9% CPU
Optimizing NNI: done in 0.507712 secs using 395.1% CPU
Optimizing NNI: done in 0.700363 secs using 398% CPU
Optimizing NNI: done in 0.709536 secs using 396.5% CPU
Optimizing NNI: done in 0.669649 secs using 372.9% CPU
Optimizing NNI: done in 0.677542 secs using 396.4% CPU
Optimizing NNI: done in 0.606904 secs using 397.2% CPU
Optimizing NNI: done in 0.687262 secs using 393.9% CPU
Iteration 390 / LogL: -4035.739 / Time: 0h:4m:36s (0h:0m:56s left)
Optimizing NNI: done in 0.5367 secs using 392.9% CPU
Optimizing NNI: done in 0.401411 secs using 394% CPU
Optimizing NNI: done in 0.705585 secs using 394.7% CPU
Optimizing NNI: done in 0.499954 secs using 395.2% CPU
Optimizing NNI: done in 0.80202 secs using 379.3% CPU
Optimizing NNI: done in 0.512662 secs using 393.8% CPU
Optimizing NNI: done in 0.607599 secs using 393.8% CPU
Optimizing NNI: done in 0.506267 secs using 393.8% CPU
Optimizing NNI: done in 0.666901 secs using 396.3% CPU
Optimizing NNI: done in 0.517765 secs using 397.4% CPU
Iteration 400 / LogL: -4043.912 / Time: 0h:4m:42s (0h:0m:49s left)
Optimizing NNI: done in 0.656565 secs using 394% CPU
Optimizing NNI: done in 0.520834 secs using 397.4% CPU
Optimizing NNI: done in 0.494606 secs using 389.5% CPU
Optimizing NNI: done in 0.781692 secs using 378.4% CPU
Optimizing NNI: done in 0.670046 secs using 397.7% CPU
Optimizing NNI: done in 0.722208 secs using 392.4% CPU
Optimizing NNI: done in 0.510052 secs using 393.3% CPU
Optimizing NNI: done in 0.514185 secs using 398.2% CPU
Optimizing NNI: done in 0.517844 secs using 392% CPU
Optimizing NNI: done in 0.604845 secs using 396.3% CPU
Iteration 410 / LogL: -4038.984 / Time: 0h:4m:48s (0h:0m:42s left)
Optimizing NNI: done in 0.684524 secs using 394.5% CPU
Optimizing NNI: done in 0.730278 secs using 378.9% CPU
Optimizing NNI: done in 0.771501 secs using 396% CPU
Optimizing NNI: done in 0.56056 secs using 398.3% CPU
Optimizing NNI: done in 0.725354 secs using 396.1% CPU
Optimizing NNI: done in 0.517332 secs using 393% CPU
Optimizing NNI: done in 0.545748 secs using 398.3% CPU
Optimizing NNI: done in 0.628646 secs using 396.5% CPU
Optimizing NNI: done in 0.586507 secs using 391.9% CPU
Optimizing NNI: done in 0.871916 secs using 378.3% CPU
Iteration 420 / LogL: -4043.146 / Time: 0h:4m:55s (0h:0m:35s left)
Optimizing NNI: done in 0.527218 secs using 395.1% CPU
Optimizing NNI: done in 0.704166 secs using 398.2% CPU
Optimizing NNI: done in 0.497659 secs using 396.6% CPU
Optimizing NNI: done in 0.503199 secs using 396.5% CPU
Optimizing NNI: done in 0.486438 secs using 397.4% CPU
Optimizing NNI: done in 0.648976 secs using 395.8% CPU
Optimizing NNI: done in 0.52508 secs using 394% CPU
Optimizing NNI: done in 0.594556 secs using 397.4% CPU
Optimizing NNI: done in 0.603585 secs using 374.7% CPU
Optimizing NNI: done in 0.419542 secs using 398.4% CPU
Iteration 430 / LogL: -4051.135 / Time: 0h:5m:1s (0h:0m:28s left)
Optimizing NNI: done in 0.679923 secs using 396.5% CPU
Optimizing NNI: done in 0.677996 secs using 397.2% CPU
Optimizing NNI: done in 0.617827 secs using 396.5% CPU
Optimizing NNI: done in 0.571071 secs using 397.7% CPU
Optimizing NNI: done in 0.664465 secs using 395% CPU
Optimizing NNI: done in 0.578819 secs using 395.8% CPU
Optimizing NNI: done in 0.523657 secs using 390.1% CPU
Optimizing NNI: done in 0.836262 secs using 379.4% CPU
Optimizing NNI: done in 0.522974 secs using 394.5% CPU
Optimizing NNI: done in 0.506609 secs using 396.1% CPU
Iteration 440 / LogL: -4056.954 / Time: 0h:5m:8s (0h:0m:21s left)
Optimizing NNI: done in 0.621653 secs using 397.6% CPU
Optimizing NNI: done in 0.633198 secs using 397.5% CPU
Optimizing NNI: done in 0.627525 secs using 398.3% CPU
Optimizing NNI: done in 0.538733 secs using 398.1% CPU
Optimizing NNI: done in 0.847495 secs using 397.8% CPU
Optimizing NNI: done in 0.960544 secs using 379.6% CPU
Optimizing NNI: done in 0.502749 secs using 394.4% CPU
Optimizing NNI: done in 0.582752 secs using 393.1% CPU
Optimizing NNI: done in 0.780296 secs using 396.8% CPU
Optimizing NNI: done in 0.606921 secs using 395.3% CPU
Iteration 450 / LogL: -4043.719 / Time: 0h:5m:15s (0h:0m:14s left)
Optimizing NNI: done in 0.651789 secs using 396.4% CPU
Optimizing NNI: done in 0.705943 secs using 395.8% CPU
Optimizing NNI: done in 0.764084 secs using 396.2% CPU
Optimizing NNI: done in 0.684737 secs using 385.7% CPU
Optimizing NNI: done in 0.500102 secs using 396.7% CPU
Optimizing NNI: done in 0.648807 secs using 397.1% CPU
Optimizing NNI: done in 0.693285 secs using 396% CPU
Optimizing NNI: done in 0.674166 secs using 397.8% CPU
Optimizing NNI: done in 0.724153 secs using 395% CPU
Optimizing NNI: done in 0.546627 secs using 397.1% CPU
Iteration 460 / LogL: -4045.068 / Time: 0h:5m:22s (0h:0m:7s left)
Optimizing NNI: done in 0.546015 secs using 398.2% CPU
Optimizing NNI: done in 0.977982 secs using 379.2% CPU
Optimizing NNI: done in 0.792712 secs using 395.2% CPU
Optimizing NNI: done in 0.53855 secs using 391.1% CPU
Optimizing NNI: done in 0.614502 secs using 396% CPU
Optimizing NNI: done in 0.518455 secs using 397.8% CPU
Optimizing NNI: done in 0.541156 secs using 397.1% CPU
Optimizing NNI: done in 0.705558 secs using 397.1% CPU
Optimizing NNI: done in 0.70063 secs using 395.1% CPU
Optimizing NNI: done in 0.755755 secs using 373.3% CPU
Iteration 470 / LogL: -4042.397 / Time: 0h:5m:29s (0h:0m:0s left)
Optimizing NNI: done in 0.644859 secs using 395.9% CPU
TREE SEARCH COMPLETED AFTER 471 ITERATIONS / Time: 0h:5m:29s

--------------------------------------------------------------------
|                    FINALIZING TREE SEARCH                        |
--------------------------------------------------------------------
Performs final model parameters optimization
Estimate model parameters (epsilon = 0.010)
1. Initial log-likelihood: -4035.739
Optimal log-likelihood: -4035.737
Rate parameters:  A-C: 0.60100  A-G: 1.02675  A-T: 0.20228  C-G: 0.19829  C-T: 1.98987  G-T: 1.00000
Base frequencies:  A: 0.420  C: 0.153  G: 0.242  T: 0.185
Site proportion and rates:  (0.125,0.196) (0.131,0.921) (0.195,0.948) (0.235,0.955) (0.235,0.958) (0.078,2.818)
Parameters optimization took 1 rounds (0.413 sec)
BEST SCORE FOUND : -4035.737
Total tree length: 2.183

Total number of iterations: 471
CPU time used for tree search: 1239.727 sec (0h:20m:39s)
Wall-clock time used for tree search: 326.348 sec (0h:5m:26s)
Total CPU time used: 1251.887 sec (0h:20m:51s)
Total wall-clock time used: 330.161 sec (0h:5m:30s)

Analysis results written to: 
  IQ-TREE report:                IQTREE_bestTree.InWindow_4720_to_4970.iqtree
  Maximum-likelihood tree:       IQTREE_bestTree.InWindow_4720_to_4970.treefile
  Likelihood distances:          IQTREE_bestTree.InWindow_4720_to_4970.mldist
  Screen log file:               IQTREE_bestTree.InWindow_4720_to_4970.log

Date and Time: Sun Jul 23 04:30:43 2023
