IQ-TREE multicore version 2.2.2.7 COVID-edition for Linux 64-bit built Jun  7 2023
Developed by Bui Quang Minh, James Barbetti, Nguyen Lam Tung,
Olga Chernomor, Heiko Schmidt, Dominik Schrempf, Michael Woodhams, Ly Trong Nhan.

Host:    hpc-node03 (AVX2, FMA3, 1007 GB RAM)
Command: iqtree -s AlignedReadsInWindow_PositionsExcised_4580_to_4830.fasta -pre IQTREE_bestTree.InWindow_4580_to_4830 -m GTR+F+R6 -nt 4
Seed:    808801 (Using SPRNG - Scalable Parallel Random Number Generator)
Time:    Sun Jul 23 04:16:28 2023
Kernel:  AVX+FMA - 4 threads (4 CPU cores detected)

Reading alignment file AlignedReadsInWindow_PositionsExcised_4580_to_4830.fasta ... Fasta format detected
Reading fasta file: done in 0.00630186 secs using 80.55% CPU
Alignment most likely contains DNA/RNA sequences
Constructing alignment: done in 0.00206753 secs using 179.7% CPU
Alignment has 674 sequences with 233 columns, 216 distinct patterns
143 parsimony-informative, 55 singleton sites, 35 constant sites
                                                            Gap/Ambiguity  Composition  p-value
Analyzing sequences: done in 0.00024449 secs using 1710% CPU
   1  200724_20-08522_HIV11-02415_FL24_S18_L000_read_1_count_178    3.86%    passed     99.90%
   2  200724_20-08522_HIV11-02415_FL24_S18_L000_read_2_count_68     3.86%    passed     99.90%
   3  200724_20-08522_HIV11-02415_FL24_S18_L000_read_3_count_40     3.86%    passed     99.40%
   4  200724_20-08522_HIV11-02415_FL24_S18_L000_read_4_count_31     3.86%    passed     99.90%
   5  200724_20-08522_HIV11-02415_FL24_S18_L000_read_5_count_30     3.86%    passed     99.96%
   6  200724_20-08522_HIV11-02415_FL24_S18_L000_read_6_count_11     3.86%    passed     99.90%
   7  200724_20-08522_HIV11-02415_FL24_S18_L000_read_7_count_9      3.86%    passed     99.40%
   8  200724_20-08522_HIV11-02415_FL24_S18_L000_read_8_count_8      3.86%    passed     99.40%
   9  200724_20-08522_HIV11-02415_FL24_S18_L000_read_9_count_8      3.86%    passed     99.81%
  10  200724_20-08522_HIV11-02415_FL24_S18_L000_read_10_count_6     3.86%    passed     97.86%
  11  200724_20-08522_HIV11-02415_FL24_S18_L000_read_11_count_6     3.86%    passed     99.90%
  12  200724_20-08522_HIV11-02415_FL24_S18_L000_read_12_count_6     3.86%    passed     99.81%
  13  200724_20-08522_HIV11-02415_FL24_S18_L000_read_13_count_5     3.86%    passed     99.40%
  14  200724_20-08522_HIV11-02415_FL24_S18_L000_read_14_count_4     3.86%    passed     97.86%
  15  200724_20-08522_HIV11-02415_FL24_S18_L000_read_15_count_3     3.86%    passed     99.90%
  16  200724_20-08522_HIV11-02415_FL24_S18_L000_read_16_count_3     3.86%    passed     99.90%
  17  200724_20-08522_HIV11-02415_FL24_S18_L000_read_17_count_3     3.86%    passed     99.81%
  18  200724_20-08522_HIV11-02415_FL24_S18_L000_read_18_count_3     3.86%    passed     99.62%
  19  200724_20-08522_HIV11-02415_FL24_S18_L000_read_19_count_3     3.86%    passed     98.74%
  20  200724_20-08522_HIV11-02415_FL24_S18_L000_read_20_count_3     3.86%    passed     99.96%
  21  200724_20-08522_HIV11-02415_FL24_S18_L000_read_21_count_2     3.86%    passed     99.94%
  22  200724_20-08522_HIV11-02415_FL24_S18_L000_read_22_count_2     3.86%    passed     99.20%
  23  200724_20-08522_HIV11-02415_FL24_S18_L000_read_23_count_2     3.86%    passed     98.74%
  24  200724_20-08522_HIV11-02415_FL24_S18_L000_read_24_count_2     3.86%    passed     99.96%
  25  200724_20-08522_HIV11-02415_FL24_S18_L000_read_25_count_2     3.86%    passed     99.90%
  26  200724_20-08522_HIV11-02415_FL24_S18_L000_read_26_count_2     3.86%    passed     99.94%
  27  200724_20-08522_HIV11-02415_FL24_S18_L000_read_27_count_2     3.86%    passed     99.20%
  28  200724_20-08522_HIV11-02415_FL24_S18_L000_read_28_count_2     3.86%    passed     99.40%
  29  200724_20-08522_HIV11-02415_FL24_S18_L000_read_29_count_2     3.86%    passed     99.90%
  30  200724_20-08522_HIV11-02415_FL24_S18_L000_read_30_count_2     3.86%    passed     99.90%
  31  200724_20-08522_HIV11-02415_FL24_S18_L000_read_31_count_2     3.86%    passed     97.86%
  32  200724_20-08522_HIV11-02415_FL24_S18_L000_read_32_count_2     3.86%    passed     97.86%
  33  200724_20-08522_HIV11-02415_FL24_S18_L000_read_33_count_2     3.86%    passed     99.40%
  34  200724_20-08522_HIV11-02415_FL24_S18_L000_read_34_count_2     3.86%    passed     99.90%
  35  200724_20-08522_HIV11-02415_FL24_S18_L000_read_35_count_2     3.86%    passed     97.86%
  36  200724_20-08522_HIV11-02415_FL24_S18_L000_read_36_count_2     3.86%    passed     99.62%
  37  200724_20-08522_HIV11-02415_FL24_S18_L000_read_37_count_1     3.86%    passed     98.56%
  38  200724_20-08522_HIV11-02415_FL24_S18_L000_read_38_count_1     3.86%    passed     96.76%
  39  200724_20-08522_HIV11-02415_FL24_S18_L000_read_39_count_1     3.00%    passed     99.47%
  40  200724_20-08522_HIV11-02415_FL24_S18_L000_read_40_count_1     3.86%    passed     96.17%
  41  200724_20-08522_HIV11-02415_FL24_S18_L000_read_41_count_1     3.86%    passed     96.81%
  42  200724_20-08522_HIV11-02415_FL24_S18_L000_read_42_count_1     3.86%    passed     98.20%
  43  200724_20-08522_HIV11-02415_FL24_S18_L000_read_43_count_1     3.86%    passed     98.88%
  44  200724_20-08522_HIV11-02415_FL24_S18_L000_read_44_count_1     3.86%    passed     99.40%
  45  200724_20-08522_HIV11-02415_FL24_S18_L000_read_45_count_1     3.86%    passed     99.90%
  46  200724_20-08522_HIV11-02415_FL24_S18_L000_read_46_count_1     3.86%    passed     99.48%
  47  200724_20-08522_HIV11-02415_FL24_S18_L000_read_47_count_1     3.86%    passed     94.78%
  48  200724_20-08522_HIV11-02415_FL24_S18_L000_read_48_count_1     3.86%    passed     99.81%
  49  200724_20-08522_HIV11-02415_FL24_S18_L000_read_49_count_1     3.86%    passed     99.27%
  50  200724_20-08522_HIV11-02415_FL24_S18_L000_read_50_count_1     3.86%    passed     99.90%
  51  200724_20-08522_HIV11-02415_FL24_S18_L000_read_51_count_1     3.86%    passed     99.55%
  52  200724_20-08522_HIV11-02415_FL24_S18_L000_read_52_count_1     3.86%    passed     99.96%
  53  200724_20-08522_HIV11-02415_FL24_S18_L000_read_53_count_1     3.86%    passed     99.40%
  54  200724_20-08522_HIV11-02415_FL24_S18_L000_read_54_count_1     3.86%    passed     98.11%
  55  200724_20-08522_HIV11-02415_FL24_S18_L000_read_55_count_1     3.86%    passed     98.74%
  56  200724_20-08522_HIV11-02415_FL24_S18_L000_read_56_count_1     3.86%    passed     99.40%
  57  200724_20-08522_HIV11-02415_FL24_S18_L000_read_57_count_1     3.86%    passed     98.74%
  58  200724_20-08522_HIV11-02415_FL24_S18_L000_read_58_count_1     3.86%    passed     97.86%
  59  200724_20-08522_HIV11-02415_FL24_S18_L000_read_59_count_1     3.86%    passed     97.41%
  60  200724_20-08522_HIV11-02415_FL24_S18_L000_read_60_count_1     3.86%    passed     95.94%
  61  200724_20-08522_HIV11-02415_FL24_S18_L000_read_61_count_1     3.86%    passed     99.40%
  62  200724_20-08522_HIV11-02415_FL24_S18_L000_read_62_count_1     3.86%    passed     99.90%
  63  200724_20-08522_HIV11-02415_FL24_S18_L000_read_63_count_1     3.86%    passed     99.62%
  64  200724_20-08522_HIV11-02415_FL24_S18_L000_read_64_count_1     3.86%    passed     99.96%
  65  200724_20-08522_HIV11-02415_FL24_S18_L000_read_65_count_1     3.86%    passed     99.40%
  66  200724_20-08522_HIV11-02415_FL24_S18_L000_read_66_count_1     3.86%    passed     99.55%
  67  200724_20-08522_HIV11-02415_FL24_S18_L000_read_67_count_1     3.86%    passed     99.94%
  68  200724_20-08522_HIV11-02415_FL24_S18_L000_read_68_count_1     3.86%    passed     99.41%
  69  200724_20-08522_HIV11-02415_FL24_S18_L000_read_69_count_1     3.86%    passed     99.81%
  70  200724_20-08522_HIV11-02415_FL24_S18_L000_read_70_count_1     4.29%    passed     99.91%
  71  200724_20-08522_HIV11-02415_FL24_S18_L000_read_71_count_1     3.86%    passed     99.90%
  72  200724_20-08522_HIV11-02415_FL24_S18_L000_read_72_count_1     3.86%    passed     99.94%
  73  200724_20-08522_HIV11-02415_FL24_S18_L000_read_73_count_1     3.86%    passed     97.86%
  74  200724_20-08522_HIV11-02415_FL24_S18_L000_read_74_count_1     3.86%    passed     99.94%
  75  200724_20-08522_HIV11-02415_FL24_S18_L000_read_75_count_1     3.86%    passed     99.96%
  76  200724_20-08522_HIV11-02415_FL24_S18_L000_read_76_count_1     3.86%    passed     99.40%
  77  200724_20-08522_HIV11-02415_FL24_S18_L000_read_77_count_1     3.86%    passed     99.94%
  78  200724_20-08522_HIV11-02415_FL24_S18_L000_read_78_count_1     3.86%    passed     99.74%
  79  200724_20-08522_HIV11-02415_FL24_S18_L000_read_79_count_1     3.86%    passed     94.94%
  80  200724_20-08522_HIV11-02415_FL24_S18_L000_read_80_count_1     3.86%    passed     98.84%
  81  200724_20-08522_HIV11-02415_FL24_S18_L000_read_81_count_1     3.86%    passed     98.56%
  82  200724_20-08522_HIV11-02415_FL24_S18_L000_read_82_count_1     3.86%    passed     99.90%
  83  200724_20-08522_HIV11-02415_FL24_S18_L000_read_83_count_1     3.86%    passed     99.55%
  84  200724_20-08522_HIV11-02415_FL24_S18_L000_read_84_count_1     3.86%    passed     98.95%
  85  200724_20-08522_HIV11-02415_FL24_S18_L000_read_85_count_1     3.86%    passed     99.62%
  86  200724_20-08522_HIV11-02415_FL24_S18_L000_read_86_count_1     3.86%    passed     99.33%
  87  200724_20-08522_HIV11-02415_FL24_S18_L000_read_87_count_1     3.86%    passed     99.90%
  88  200724_20-08522_HIV11-02415_FL24_S18_L000_read_88_count_1     3.86%    passed     98.56%
  89  200724_20-08522_HIV11-02415_FL24_S18_L000_read_89_count_1     3.86%    passed     89.91%
  90  200724_20-08522_HIV11-02415_FL24_S18_L000_read_90_count_1     3.86%    passed     99.09%
  91  200724_20-08522_HIV11-02415_FL24_S18_L000_read_91_count_1     3.86%    passed     96.32%
  92  200724_20-08522_HIV11-02415_FL24_S18_L000_read_92_count_1     4.29%    passed     99.91%
  93  200724_20-08522_HIV11-02415_FL24_S18_L000_read_93_count_1     3.86%    passed     95.13%
  94  200724_20-08522_HIV11-02415_FL24_S18_L000_read_94_count_1     3.86%    passed     99.49%
  95  200724_20-08522_HIV11-02415_FL24_S18_L000_read_95_count_1     3.86%    passed     99.90%
  96  200724_20-08522_HIV11-02415_FL24_S18_L000_read_96_count_1     3.86%    passed     99.94%
  97  200724_20-08522_HIV11-02415_FL24_S18_L000_read_97_count_1     3.86%    passed     99.81%
  98  200724_20-08522_HIV11-02415_FL24_S18_L000_read_98_count_1     3.86%    passed     94.78%
  99  200724_20-08522_HIV11-02415_FL24_S18_L000_read_99_count_1     3.86%    passed     99.74%
 100  200724_20-08522_HIV11-02415_FL24_S18_L000_read_100_count_1    3.86%    passed     98.95%
 101  200724_20-08522_HIV11-02415_FL24_S18_L000_read_101_count_1    3.86%    passed     99.96%
 102  200724_20-08522_HIV11-02415_FL24_S18_L000_read_102_count_1    3.86%    passed     99.60%
 103  200724_20-08522_HIV11-02415_FL24_S18_L000_read_103_count_1    3.86%    passed     99.74%
 104  200724_20-08522_HIV11-02415_FL24_S18_L000_read_104_count_1    3.86%    passed     99.49%
 105  200724_20-08522_HIV11-02415_FL24_S18_L000_read_105_count_1    3.86%    passed     99.90%
 106  200724_20-08522_HIV11-02415_FL24_S18_L000_read_106_count_1    3.86%    passed     99.55%
 107  200724_20-08522_HIV11-02415_FL24_S18_L000_read_107_count_1    3.86%    passed     99.90%
 108  200724_20-08522_HIV11-02415_FL24_S18_L000_read_108_count_1    3.86%    passed     95.94%
 109  200724_20-08522_HIV11-02415_FL24_S18_L000_read_109_count_1    3.86%    passed     99.48%
 110  200724_20-08522_HIV11-02415_FL24_S18_L000_read_110_count_1    3.86%    passed     99.60%
 111  200724_20-08522_HIV11-02415_FL24_S18_L000_read_111_count_1    6.87%    passed     88.10%
 112  200724_20-08522_HIV11-02415_FL24_S18_L000_read_112_count_1    3.86%    passed     99.90%
 113  200724_20-08522_HIV11-02415_FL24_S18_L000_read_113_count_1    3.86%    passed     99.94%
 114  200724_20-08522_HIV11-02415_FL24_S18_L000_read_114_count_1    3.86%    passed     99.55%
 115  200724_20-08522_HIV11-02415_FL24_S18_L000_read_115_count_1    3.86%    passed     99.20%
 116  200724_20-08522_HIV11-02415_FL24_S18_L000_read_116_count_1    3.86%    passed     98.20%
 117  200724_20-08522_HIV11-02415_FL24_S18_L000_read_117_count_1    3.86%    passed     99.90%
 118  200724_20-08522_HIV11-02415_FL24_S18_L000_read_118_count_1    3.43%    passed     99.94%
 119  200724_20-08522_HIV11-02415_FL24_S18_L000_read_119_count_1    3.86%    passed     97.13%
 120  200724_20-08522_HIV11-02415_FL24_S18_L000_read_120_count_1    3.86%    passed     99.60%
 121  200724_20-08522_HIV11-02415_FL24_S18_L000_read_121_count_1    3.86%    passed     99.37%
 122  200724_20-08522_HIV11-02415_FL24_S18_L000_read_122_count_1    3.86%    passed     98.11%
 123  200724_20-08522_HIV11-02415_FL24_S18_L000_read_123_count_1    3.86%    passed     98.20%
 124  200724_20-08522_HIV11-02415_FL24_S18_L000_read_124_count_1    3.86%    passed     98.16%
 125  200724_20-08522_HIV11-02415_FL24_S18_L000_read_125_count_1    3.86%    passed     99.88%
 126  200724_20-08522_HIV11-02415_FL24_S18_L000_read_126_count_1    3.86%    passed     99.55%
 127  200724_20-08522_HIV11-02415_FL24_S18_L000_read_127_count_1    3.86%    passed     99.55%
 128  200724_20-08522_HIV11-02415_FL24_S18_L000_read_128_count_1    3.86%    passed     99.40%
 129  200724_20-08522_HIV11-02415_FL24_S18_L000_read_129_count_1    3.86%    passed     99.94%
 130  200724_20-08522_HIV11-02415_FL24_S18_L000_read_130_count_1    3.86%    passed     98.74%
 131  200724_20-08522_HIV11-02415_FL24_S18_L000_read_131_count_1    3.86%    passed     99.27%
 132  200724_20-08522_HIV11-02415_FL24_S18_L000_read_132_count_1    3.86%    passed     99.90%
 133  200724_20-08522_HIV11-02415_FL24_S18_L000_read_133_count_1    3.86%    passed     98.88%
 134  200724_20-08522_HIV11-02415_FL24_S18_L000_read_134_count_1    3.86%    passed     99.94%
 135  200724_20-08522_HIV11-02415_FL24_S18_L000_read_135_count_1    3.86%    passed     98.74%
 136  200724_20-08522_HIV11-02415_FL24_S18_L000_read_136_count_1    3.86%    passed     98.95%
 137  200724_20-08522_HIV11-02415_FL24_S18_L000_read_137_count_1    3.86%    passed     98.74%
 138  200724_20-08522_HIV11-02415_FL24_S18_L000_read_138_count_1    4.29%    passed     98.76%
 139  200724_20-08522_HIV11-02415_FL24_S18_L000_read_139_count_1    3.86%    passed     99.55%
 140  200724_20-08522_HIV11-02415_FL24_S18_L000_read_140_count_1    3.86%    passed     99.40%
 141  200724_20-08522_HIV11-02415_FL24_S18_L000_read_141_count_1    3.86%    passed     97.86%
 142  200724_20-08522_HIV11-02415_FL24_S18_L000_read_142_count_1    3.86%    passed     99.90%
 143  200724_20-08522_HIV11-02415_FL24_S18_L000_read_143_count_1    3.86%    passed     99.29%
 144  200724_20-08522_HIV11-02415_FL24_S18_L000_read_144_count_1    3.86%    passed     99.90%
 145  200724_20-08522_HIV11-02415_FL24_S18_L000_read_145_count_1    3.86%    passed     98.95%
 146  200724_20-08522_HIV11-02415_FL24_S18_L000_read_146_count_1    3.86%    passed     99.29%
 147  200724_20-08522_HIV11-02415_FL24_S18_L000_read_147_count_1    3.86%    passed     95.83%
 148  200724_20-08522_HIV11-02415_FL24_S18_L000_read_148_count_1    3.86%    passed     99.06%
 149  200724_20-08522_HIV11-02415_FL24_S18_L000_read_149_count_1    3.86%    passed     98.97%
 150  200724_20-08522_HIV11-02415_FL24_S18_L000_read_150_count_1    3.86%    passed     97.90%
 151  200724_20-08522_HIV11-02415_FL24_S18_L000_read_151_count_1   14.59%    passed     97.58%
 152  200724_20-08522_HIV11-02415_FL24_S18_L000_read_152_count_1    3.86%    passed     98.16%
 153  200724_20-08522_HIV11-02415_FL24_S18_L000_read_153_count_1    3.86%    passed     98.74%
 154  200724_20-08522_HIV11-02415_FL24_S18_L000_read_154_count_1    3.86%    passed     96.99%
 155  200724_20-08522_HIV11-02415_FL24_S18_L000_read_155_count_1    3.86%    passed     99.90%
 156  200724_20-08522_HIV11-02415_FL24_S18_L000_read_156_count_1    3.86%    passed     99.29%
 157  200724_20-08522_HIV11-02415_FL24_S18_L000_read_157_count_1    3.86%    passed     99.90%
 158  200724_20-08522_HIV11-02415_FL24_S18_L000_read_158_count_1    3.86%    passed     96.15%
 159  200724_20-08522_HIV11-02415_FL24_S18_L000_read_159_count_1    3.86%    passed     99.40%
 160  200724_20-08522_HIV11-02415_FL24_S18_L000_read_160_count_1    3.86%    passed     97.91%
 161  200724_20-08522_HIV11-02415_FL24_S18_L000_read_161_count_1    3.86%    passed     98.74%
 162  200724_20-08522_HIV11-02415_FL24_S18_L000_read_162_count_1    3.00%    passed     99.05%
 163  200724_20-08522_HIV11-02415_FL24_S18_L000_read_163_count_1    3.86%    passed     98.95%
 164  200724_20-08522_HIV11-02415_FL24_S18_L000_read_164_count_1    3.86%    passed     97.86%
 165  200724_20-08522_HIV11-02415_FL24_S18_L000_read_165_count_1    3.86%    passed     99.41%
 166  200724_20-08522_HIV11-02415_FL24_S18_L000_read_166_count_1    3.86%    passed     99.40%
 167  200724_20-08522_HIV11-02415_FL24_S18_L000_read_167_count_1    3.86%    passed     99.94%
 168  200724_20-08522_HIV11-02415_FL24_S18_L000_read_168_count_1    3.86%    passed     99.90%
 169  200724_20-08522_HIV11-02415_FL24_S18_L000_read_169_count_1    3.86%    passed     99.33%
 170  200724_20-08522_HIV11-02415_FL24_S18_L000_read_170_count_1    3.86%    passed     99.90%
 171  200724_20-08522_HIV11-02415_FL24_S18_L000_read_171_count_1    4.29%    passed     99.67%
 172  200724_20-08522_HIV11-02415_FL24_S18_L000_read_172_count_1    3.86%    passed     98.97%
 173  200724_20-08522_HIV11-02415_FL24_S18_L000_read_173_count_1    3.86%    passed     98.74%
 174  200724_20-08522_HIV11-02415_FL24_S18_L000_read_174_count_1    3.86%    passed     99.81%
 175  200724_20-08522_HIV11-02415_FL24_S18_L000_read_175_count_1    3.86%    passed     99.55%
 176  200724_20-08522_HIV11-02415_FL24_S18_L000_read_176_count_1    3.86%    passed     99.90%
 177  200724_20-08522_HIV11-02415_FL24_S18_L000_read_177_count_1    3.86%    passed     99.55%
 178  200724_20-08522_HIV11-02415_FL24_S18_L000_read_178_count_1    3.86%    passed     99.40%
 179  200724_20-08522_HIV11-02415_FL24_S18_L000_read_179_count_1    3.86%    passed     99.69%
 180  200724_20-08522_HIV11-02415_FL24_S18_L000_read_180_count_1    3.86%    passed     99.40%
 181  200724_20-08522_HIV11-02415_FL24_S18_L000_read_181_count_1    3.86%    passed     99.40%
 182  200724_20-08522_HIV11-02415_FL24_S18_L000_read_182_count_1    3.86%    passed     98.74%
 183  200724_20-08522_HIV11-02415_FL24_S18_L000_read_183_count_1    3.86%    passed     99.49%
 184  200724_20-08522_HIV11-02415_FL24_S18_L000_read_184_count_1    3.86%    passed     99.94%
 185  200724_20-08522_HIV11-02415_FL24_S18_L000_read_185_count_1    3.86%    passed     96.92%
 186  200724_20-08522_HIV11-02415_FL24_S18_L000_read_186_count_1    3.86%    passed     98.56%
 187  200724_20-08522_HIV11-02415_FL24_S18_L000_read_187_count_1    3.86%    passed     99.55%
 188  200724_20-08522_HIV11-02415_FL24_S18_L000_read_188_count_1    3.86%    passed     99.55%
 189  200724_20-08522_HIV11-02415_FL24_S18_L000_read_189_count_1    3.86%    passed     99.62%
 190  200724_20-08522_HIV11-02415_FL24_S18_L000_read_190_count_1    3.86%    passed     99.27%
 191  200724_20-08522_HIV11-02415_FL24_S18_L000_read_191_count_1    3.86%    passed     99.94%
 192  200724_20-08522_HIV11-02415_FL24_S18_L000_read_192_count_1    3.86%    passed     98.88%
 193  200724_20-08522_HIV11-02415_FL24_S18_L000_read_193_count_1    3.86%    passed     97.86%
 194  200724_20-08522_HIV11-02415_FL24_S18_L000_read_194_count_1    3.86%    passed     99.40%
 195  200724_20-08522_HIV11-02415_FL24_S18_L000_read_195_count_1    3.86%    passed     99.29%
 196  200724_20-08522_HIV11-02415_FL24_S18_L000_read_196_count_1    3.86%    passed     95.84%
 197  200724_20-08522_HIV11-02415_FL24_S18_L000_read_197_count_1    3.86%    passed     99.40%
 198  200724_20-08522_HIV11-02415_FL24_S18_L000_read_198_count_1    3.86%    passed     99.69%
 199  200724_20-08522_HIV11-02415_FL24_S18_L000_read_199_count_1    3.86%    passed     99.40%
 200  200724_20-08522_HIV11-02415_FL24_S18_L000_read_200_count_1   18.45%    passed     92.75%
 201  200724_20-08522_HIV11-02415_FL24_S18_L000_read_201_count_1    3.86%    passed     99.40%
 202  200724_20-08522_HIV11-02415_FL24_S18_L000_read_202_count_1    3.86%    passed     97.86%
 203  200724_20-08522_HIV11-02415_FL24_S18_L000_read_203_count_1    3.86%    passed     99.41%
 204  200724_20-08522_HIV11-02415_FL24_S18_L000_read_204_count_1    3.86%    passed     99.90%
 205  200724_20-08522_HIV11-02415_FL24_S18_L000_read_205_count_1    3.86%    passed     99.55%
 206  200724_20-08522_HIV11-02415_FL24_S18_L000_read_206_count_1    3.86%    passed     99.40%
 207  200724_20-08522_HIV11-02415_FL24_S18_L000_read_207_count_1    3.86%    passed     99.90%
 208  200724_20-08522_HIV11-02415_FL24_S18_L000_read_208_count_1    3.86%    passed     99.55%
 209  200724_20-08522_HIV11-02415_FL24_S18_L000_read_209_count_1    3.86%    passed     99.40%
 210  200724_20-08522_HIV11-02415_FL24_S18_L000_read_210_count_1    3.86%    passed     99.90%
 211  200724_20-08522_HIV11-02415_FL24_S18_L000_read_211_count_1    3.86%    passed     99.90%
 212  200724_20-08522_HIV11-02415_FL24_S18_L000_read_212_count_1    3.86%    passed     99.94%
 213  200724_20-08522_HIV11-02415_FL24_S18_L000_read_213_count_1    3.86%    passed     99.81%
 214  200724_20-08522_HIV11-02415_FL24_S18_L000_read_214_count_1    3.86%    passed     98.74%
 215  200724_20-08522_HIV11-02415_FL24_S18_L000_read_215_count_1    3.86%    passed     98.74%
 216  200724_20-08522_HIV11-02415_FL24_S18_L000_read_216_count_1    3.86%    passed     99.29%
 217  200724_20-08522_HIV11-02415_FL24_S18_L000_read_217_count_1    3.86%    passed     98.95%
 218  200724_20-08522_HIV11-02415_FL24_S18_L000_read_218_count_1    3.86%    passed     98.74%
 219  200724_20-08522_HIV11-02415_FL24_S18_L000_read_219_count_1    3.86%    passed     98.88%
 220  200724_20-08522_HIV11-02415_FL24_S18_L000_read_220_count_1    3.86%    passed     99.90%
 221  200724_20-08522_HIV11-02415_FL24_S18_L000_read_221_count_1    3.86%    passed     99.90%
 222  200709_20-07994_HIV07-01067_FL21_S1_L000_read_1_count_524     3.86%    passed     99.90%
 223  200709_20-07994_HIV07-01067_FL21_S1_L000_read_2_count_77      3.86%    passed     99.69%
 224  200709_20-07994_HIV07-01067_FL21_S1_L000_read_3_count_8       3.86%    passed     99.90%
 225  200709_20-07994_HIV07-01067_FL21_S1_L000_read_4_count_7       3.86%    passed     99.94%
 226  200709_20-07994_HIV07-01067_FL21_S1_L000_read_5_count_4       3.86%    passed     99.90%
 227  200709_20-07994_HIV07-01067_FL21_S1_L000_read_6_count_4       3.86%    passed     99.40%
 228  200709_20-07994_HIV07-01067_FL21_S1_L000_read_7_count_3       3.86%    passed     99.90%
 229  200709_20-07994_HIV07-01067_FL21_S1_L000_read_8_count_3       3.86%    passed     99.90%
 230  200709_20-07994_HIV07-01067_FL21_S1_L000_read_9_count_3       3.86%    passed     99.90%
 231  200709_20-07994_HIV07-01067_FL21_S1_L000_read_10_count_3      3.86%    passed     99.90%
 232  200709_20-07994_HIV07-01067_FL21_S1_L000_read_11_count_3      3.86%    passed     99.40%
 233  200709_20-07994_HIV07-01067_FL21_S1_L000_read_12_count_2      3.86%    passed     98.74%
 234  200709_20-07994_HIV07-01067_FL21_S1_L000_read_13_count_2      3.86%    passed     98.74%
 235  200709_20-07994_HIV07-01067_FL21_S1_L000_read_14_count_2      3.86%    passed     99.90%
 236  200709_20-07994_HIV07-01067_FL21_S1_L000_read_15_count_2      3.86%    passed     99.40%
 237  200709_20-07994_HIV07-01067_FL21_S1_L000_read_16_count_2      3.86%    passed     98.74%
 238  200709_20-07994_HIV07-01067_FL21_S1_L000_read_17_count_2      3.86%    passed     98.74%
 239  200709_20-07994_HIV07-01067_FL21_S1_L000_read_18_count_2      3.86%    passed     99.90%
 240  200709_20-07994_HIV07-01067_FL21_S1_L000_read_19_count_2      3.86%    passed     98.97%
 241  200709_20-07994_HIV07-01067_FL21_S1_L000_read_20_count_2      3.86%    passed     98.74%
 242  200709_20-07994_HIV07-01067_FL21_S1_L000_read_21_count_1      3.86%    passed     98.97%
 243  200709_20-07994_HIV07-01067_FL21_S1_L000_read_22_count_1      3.86%    passed     98.75%
 244  200709_20-07994_HIV07-01067_FL21_S1_L000_read_23_count_1      3.86%    passed     99.29%
 245  200709_20-07994_HIV07-01067_FL21_S1_L000_read_24_count_1      3.86%    passed     98.74%
 246  200709_20-07994_HIV07-01067_FL21_S1_L000_read_25_count_1      3.86%    passed     99.90%
 247  200709_20-07994_HIV07-01067_FL21_S1_L000_read_26_count_1      3.86%    passed     99.96%
 248  200709_20-07994_HIV07-01067_FL21_S1_L000_read_27_count_1      3.86%    passed     99.20%
 249  200709_20-07994_HIV07-01067_FL21_S1_L000_read_28_count_1      3.86%    passed     98.74%
 250  200709_20-07994_HIV07-01067_FL21_S1_L000_read_29_count_1      4.29%    passed     99.73%
 251  200709_20-07994_HIV07-01067_FL21_S1_L000_read_30_count_1      3.86%    passed     99.90%
 252  200709_20-07994_HIV07-01067_FL21_S1_L000_read_31_count_1      3.86%    passed     99.90%
 253  200709_20-07994_HIV07-01067_FL21_S1_L000_read_32_count_1      3.86%    passed     99.55%
 254  200709_20-07994_HIV07-01067_FL21_S1_L000_read_33_count_1      3.86%    passed     99.40%
 255  200709_20-07994_HIV07-01067_FL21_S1_L000_read_34_count_1      3.86%    passed     99.55%
 256  200709_20-07994_HIV07-01067_FL21_S1_L000_read_35_count_1      3.86%    passed     98.56%
 257  200709_20-07994_HIV07-01067_FL21_S1_L000_read_36_count_1      3.86%    passed     99.96%
 258  200709_20-07994_HIV07-01067_FL21_S1_L000_read_37_count_1      3.86%    passed     98.75%
 259  200709_20-07994_HIV07-01067_FL21_S1_L000_read_38_count_1      3.86%    passed     99.33%
 260  200709_20-07994_HIV07-01067_FL21_S1_L000_read_39_count_1      3.86%    passed     97.86%
 261  200709_20-07994_HIV07-01067_FL21_S1_L000_read_40_count_1      3.86%    passed     98.74%
 262  200709_20-07994_HIV07-01067_FL21_S1_L000_read_41_count_1      3.86%    passed     99.40%
 263  200709_20-07994_HIV07-01067_FL21_S1_L000_read_42_count_1      3.86%    passed     97.96%
 264  200709_20-07994_HIV07-01067_FL21_S1_L000_read_43_count_1      3.86%    passed     99.90%
 265  200709_20-07994_HIV07-01067_FL21_S1_L000_read_44_count_1      3.86%    passed     99.90%
 266  200709_20-07994_HIV07-01067_FL21_S1_L000_read_45_count_1      4.29%    passed     99.73%
 267  200709_20-07994_HIV07-01067_FL21_S1_L000_read_46_count_1      3.86%    passed     98.74%
 268  200709_20-07994_HIV07-01067_FL21_S1_L000_read_47_count_1      3.86%    passed     99.69%
 269  200709_20-07994_HIV07-01067_FL21_S1_L000_read_48_count_1      3.86%    passed     98.74%
 270  200709_20-07994_HIV07-01067_FL21_S1_L000_read_49_count_1      3.86%    passed     97.86%
 271  200709_20-07994_HIV07-01067_FL21_S1_L000_read_50_count_1      3.86%    passed     99.69%
 272  200709_20-07994_HIV07-01067_FL21_S1_L000_read_51_count_1      3.86%    passed     99.40%
 273  200709_20-07994_HIV07-01067_FL21_S1_L000_read_52_count_1      3.86%    passed     98.75%
 274  200709_20-07994_HIV07-01067_FL21_S1_L000_read_53_count_1      3.86%    passed     99.40%
 275  200709_20-07994_HIV07-01067_FL21_S1_L000_read_54_count_1      3.86%    passed     99.88%
 276  200709_20-07994_HIV07-01067_FL21_S1_L000_read_55_count_1      3.86%    passed     99.90%
 277  200709_20-07994_HIV07-01067_FL21_S1_L000_read_56_count_1      3.86%    passed     98.74%
 278  200709_20-07994_HIV07-01067_FL21_S1_L000_read_57_count_1      3.86%    passed     97.90%
 279  200709_20-07994_HIV07-01067_FL21_S1_L000_read_58_count_1      3.86%    passed     99.94%
 280  200709_20-07994_HIV07-01067_FL21_S1_L000_read_59_count_1      3.86%    passed     99.94%
 281  200709_20-07994_HIV07-01067_FL21_S1_L000_read_60_count_1      3.86%    passed     99.81%
 282  200709_20-07994_HIV07-01067_FL21_S1_L000_read_61_count_1      3.86%    passed     98.74%
 283  200709_20-07994_HIV07-01067_FL21_S1_L000_read_62_count_1      3.86%    passed     98.97%
 284  200709_20-07994_HIV07-01067_FL21_S1_L000_read_63_count_1      3.86%    passed     99.40%
 285  200709_20-07994_HIV07-01067_FL21_S1_L000_read_64_count_1      3.86%    passed     98.97%
 286  200709_20-07994_HIV07-01067_FL21_S1_L000_read_65_count_1      3.43%    passed     98.51%
 287  200709_20-07994_HIV07-01067_FL21_S1_L000_read_66_count_1      3.86%    passed     99.90%
 288  200709_20-07994_HIV07-01067_FL21_S1_L000_read_67_count_1      3.86%    passed     99.40%
 289  200709_20-07994_HIV07-01067_FL21_S1_L000_read_68_count_1      3.86%    passed     98.74%
 290  200709_20-07994_HIV07-01067_FL21_S1_L000_read_69_count_1      3.86%    passed     99.90%
 291  200709_20-07994_HIV07-01067_FL21_S1_L000_read_70_count_1      3.86%    passed     98.74%
 292  200709_20-07994_HIV07-01067_FL21_S1_L000_read_71_count_1      4.72%    passed     99.82%
 293  200709_20-07994_HIV07-01067_FL21_S1_L000_read_72_count_1      3.86%    passed     97.85%
 294  200709_20-07994_HIV07-01067_FL21_S1_L000_read_73_count_1      3.86%    passed     99.94%
 295  200709_20-07994_HIV07-01067_FL21_S1_L000_read_74_count_1      3.86%    passed     98.53%
 296  200709_20-07994_HIV07-01067_FL21_S1_L000_read_75_count_1      3.86%    passed     99.40%
 297  200709_20-07994_HIV07-01067_FL21_S1_L000_read_76_count_1      3.86%    passed     97.90%
 298  200709_20-07994_HIV07-01067_FL21_S1_L000_read_77_count_1      4.29%    passed     99.91%
 299  200709_20-07994_HIV07-01067_FL21_S1_L000_read_78_count_1      3.86%    passed     97.79%
 300  200709_20-07994_HIV07-01067_FL21_S1_L000_read_79_count_1      3.86%    passed     98.24%
 301  200709_20-07994_HIV07-01067_FL21_S1_L000_read_80_count_1      3.86%    passed     99.40%
 302  200709_20-07994_HIV07-01067_FL21_S1_L000_read_81_count_1      3.86%    passed     97.96%
 303  200709_20-07994_HIV07-01067_FL21_S1_L000_read_82_count_1      3.86%    passed     99.40%
 304  200709_20-07994_HIV07-01067_FL21_S1_L000_read_83_count_1      3.86%    passed     99.20%
 305  200709_20-07994_HIV07-01067_FL21_S1_L000_read_84_count_1      3.86%    passed     99.40%
 306  200709_20-07994_HIV07-01067_FL21_S1_L000_read_85_count_1      3.86%    passed     98.74%
 307  200709_20-07994_HIV07-01067_FL21_S1_L000_read_86_count_1      4.29%    passed     99.73%
 308  200709_20-07994_HIV07-01067_FL21_S1_L000_read_87_count_1      3.86%    passed     99.31%
 309  200709_20-07994_HIV07-01067_FL21_S1_L000_read_88_count_1      3.86%    passed     99.94%
 310  200709_20-07994_HIV07-01067_FL21_S1_L000_read_89_count_1      3.86%    passed     98.75%
 311  200709_20-07994_HIV07-01067_FL21_S1_L000_read_90_count_1      3.86%    passed     99.90%
 312  200709_20-07994_HIV07-01067_FL21_S1_L000_read_91_count_1      3.86%    passed     99.94%
 313  200709_20-07994_HIV07-01067_FL21_S1_L000_read_92_count_1      3.86%    passed     98.74%
 314  200709_20-07994_HIV07-01067_FL21_S1_L000_read_93_count_1      3.86%    passed     99.90%
 315  200709_20-07994_HIV07-01067_FL21_S1_L000_read_94_count_1      3.86%    passed     99.69%
 316  200709_20-07994_HIV07-01067_FL21_S1_L000_read_95_count_1      3.86%    passed     99.40%
 317  200709_20-07994_HIV07-01067_FL21_S1_L000_read_96_count_1      3.86%    passed     99.90%
 318  200709_20-07994_HIV07-01067_FL21_S1_L000_read_97_count_1      3.86%    passed     99.40%
 319  200709_20-07994_HIV07-01067_FL21_S1_L000_read_98_count_1      3.86%    passed     99.40%
 320  200709_20-07994_HIV07-01067_FL21_S1_L000_read_99_count_1      3.86%    passed     99.96%
 321  200709_20-07994_HIV07-01067_FL21_S1_L000_read_100_count_1     3.86%    passed     99.55%
 322  200709_20-07994_HIV07-01067_FL21_S1_L000_read_101_count_1     3.86%    passed     99.96%
 323  200709_20-07994_HIV07-01067_FL21_S1_L000_read_102_count_1     3.86%    passed     99.69%
 324  200709_20-07994_HIV07-01067_FL21_S1_L000_read_103_count_1     3.86%    passed     99.20%
 325  200709_20-07994_HIV07-01067_FL21_S1_L000_read_104_count_1     3.86%    passed     99.69%
 326  200709_20-07994_HIV07-01067_FL21_S1_L000_read_105_count_1     3.86%    passed     99.40%
 327  200709_20-07994_HIV07-01067_FL21_S1_L000_read_106_count_1     3.86%    passed     99.90%
 328  200709_20-07994_HIV07-01067_FL21_S1_L000_read_107_count_1     3.86%    passed     99.94%
 329  200709_20-07994_HIV07-01067_FL21_S1_L000_read_108_count_1     3.86%    passed     99.90%
 330  200709_20-07994_HIV07-01067_FL21_S1_L000_read_109_count_1     3.86%    passed     99.88%
 331  200709_20-07994_HIV07-01067_FL21_S1_L000_read_110_count_1     3.86%    passed     98.97%
 332  200709_20-07994_HIV07-01067_FL21_S1_L000_read_111_count_1     3.86%    passed     99.94%
 333  200709_20-07994_HIV07-01067_FL21_S1_L000_read_112_count_1     3.86%    passed     99.90%
 334  200709_20-07994_HIV07-01067_FL21_S1_L000_read_113_count_1     3.86%    passed     98.74%
 335  200709_20-07994_HIV07-01067_FL21_S1_L000_read_114_count_1     3.86%    passed     98.97%
 336  200709_20-07994_HIV07-01067_FL21_S1_L000_read_115_count_1     3.86%    passed     99.48%
 337  200709_20-07994_HIV07-01067_FL21_S1_L000_read_116_count_1     3.86%    passed     99.31%
 338  200709_20-07994_HIV07-01067_FL21_S1_L000_read_117_count_1     3.86%    passed     99.90%
 339  200709_20-07994_HIV07-01067_FL21_S1_L000_read_118_count_1     4.72%    passed     97.18%
 340  200709_20-07994_HIV07-01067_FL21_S1_L000_read_119_count_1     3.86%    passed     99.90%
 341  200709_20-07994_HIV07-01067_FL21_S1_L000_read_120_count_1     3.86%    passed     98.97%
 342  200709_20-07994_HIV07-01067_FL21_S1_L000_read_121_count_1     3.86%    passed     99.40%
 343  200709_20-07994_HIV07-01067_FL21_S1_L000_read_122_count_1     3.86%    passed     98.75%
 344  200709_20-07994_HIV07-01067_FL21_S1_L000_read_123_count_1     3.86%    passed     99.40%
 345  200709_20-07994_HIV07-01067_FL21_S1_L000_read_124_count_1     3.86%    passed     99.90%
 346  200709_20-07994_HIV07-01067_FL21_S1_L000_read_125_count_1     3.86%    passed     99.88%
 347  200709_20-07994_HIV07-01067_FL21_S1_L000_read_126_count_1     3.86%    passed     98.75%
 348  200709_20-07994_HIV07-01067_FL21_S1_L000_read_127_count_1     3.86%    passed     99.90%
 349  200709_20-07994_HIV07-01067_FL21_S1_L000_read_128_count_1     4.29%    passed     99.73%
 350  200709_20-07994_HIV07-01067_FL21_S1_L000_read_129_count_1     3.86%    passed     99.96%
 351  200709_20-07994_HIV07-01067_FL21_S1_L000_read_130_count_1     3.86%    passed     99.90%
 352  200709_20-07994_HIV07-01067_FL21_S1_L000_read_131_count_1     3.86%    passed     99.90%
 353  200709_20-07994_HIV07-01067_FL21_S1_L000_read_132_count_1     4.29%    passed     99.91%
 354  200709_20-07994_HIV07-01067_FL21_S1_L000_read_133_count_1     3.86%    passed     99.94%
 355  200703_20-07825_HIV09-00618_FL18_S6_L000_read_1_count_400     3.86%    passed     93.25%
 356  200703_20-07825_HIV09-00618_FL18_S6_L000_read_2_count_121     3.86%    passed     90.59%
 357  200703_20-07825_HIV09-00618_FL18_S6_L000_read_3_count_8       3.86%    passed     88.36%
 358  200703_20-07825_HIV09-00618_FL18_S6_L000_read_4_count_3       3.86%    passed     90.59%
 359  200703_20-07825_HIV09-00618_FL18_S6_L000_read_5_count_3       3.86%    passed     96.47%
 360  200703_20-07825_HIV09-00618_FL18_S6_L000_read_6_count_2       3.86%    passed     96.47%
 361  200703_20-07825_HIV09-00618_FL18_S6_L000_read_7_count_2       3.86%    passed     93.67%
 362  200703_20-07825_HIV09-00618_FL18_S6_L000_read_8_count_2       3.86%    passed     96.47%
 363  200703_20-07825_HIV09-00618_FL18_S6_L000_read_9_count_2       3.86%    passed     93.67%
 364  200703_20-07825_HIV09-00618_FL18_S6_L000_read_10_count_2      3.86%    passed     81.89%
 365  200703_20-07825_HIV09-00618_FL18_S6_L000_read_11_count_2      3.86%    passed     94.11%
 366  200703_20-07825_HIV09-00618_FL18_S6_L000_read_12_count_2      3.86%    passed     88.36%
 367  200703_20-07825_HIV09-00618_FL18_S6_L000_read_13_count_2      3.86%    passed     85.40%
 368  200703_20-07825_HIV09-00618_FL18_S6_L000_read_14_count_2      3.86%    passed     96.47%
 369  200703_20-07825_HIV09-00618_FL18_S6_L000_read_15_count_2      3.86%    passed     96.47%
 370  200703_20-07825_HIV09-00618_FL18_S6_L000_read_16_count_1      3.86%    passed     91.23%
 371  200703_20-07825_HIV09-00618_FL18_S6_L000_read_17_count_1      3.86%    passed     98.75%
 372  200703_20-07825_HIV09-00618_FL18_S6_L000_read_18_count_1      3.86%    passed     85.40%
 373  200703_20-07825_HIV09-00618_FL18_S6_L000_read_19_count_1      3.86%    passed     88.36%
 374  200703_20-07825_HIV09-00618_FL18_S6_L000_read_20_count_1      3.00%    passed     93.85%
 375  200703_20-07825_HIV09-00618_FL18_S6_L000_read_21_count_1      4.29%    passed     92.02%
 376  200703_20-07825_HIV09-00618_FL18_S6_L000_read_22_count_1      3.86%    passed     95.32%
 377  200703_20-07825_HIV09-00618_FL18_S6_L000_read_23_count_1      3.86%    passed     89.47%
 378  200703_20-07825_HIV09-00618_FL18_S6_L000_read_24_count_1      3.86%    passed     91.23%
 379  200703_20-07825_HIV09-00618_FL18_S6_L000_read_25_count_1      3.86%    passed     91.23%
 380  200703_20-07825_HIV09-00618_FL18_S6_L000_read_26_count_1      3.86%    passed     96.47%
 381  200703_20-07825_HIV09-00618_FL18_S6_L000_read_27_count_1      3.86%    passed     96.47%
 382  200703_20-07825_HIV09-00618_FL18_S6_L000_read_28_count_1      3.43%    passed     91.36%
 383  200703_20-07825_HIV09-00618_FL18_S6_L000_read_29_count_1      3.86%    passed     90.59%
 384  200703_20-07825_HIV09-00618_FL18_S6_L000_read_30_count_1      3.86%    passed     94.11%
 385  200703_20-07825_HIV09-00618_FL18_S6_L000_read_31_count_1      3.86%    passed     93.25%
 386  200703_20-07825_HIV09-00618_FL18_S6_L000_read_32_count_1      3.86%    passed     88.36%
 387  200703_20-07825_HIV09-00618_FL18_S6_L000_read_33_count_1      3.86%    passed     88.36%
 388  200703_20-07825_HIV09-00618_FL18_S6_L000_read_34_count_1      3.86%    passed     90.59%
 389  200703_20-07825_HIV09-00618_FL18_S6_L000_read_35_count_1      3.86%    passed     88.36%
 390  200703_20-07825_HIV09-00618_FL18_S6_L000_read_36_count_1      3.86%    passed     90.59%
 391  200703_20-07825_HIV09-00618_FL18_S6_L000_read_37_count_1      4.29%    passed     90.55%
 392  200703_20-07825_HIV09-00618_FL18_S6_L000_read_38_count_1      3.86%    passed     91.23%
 393  200703_20-07825_HIV09-00618_FL18_S6_L000_read_39_count_1      3.86%    passed     96.54%
 394  200703_20-07825_HIV09-00618_FL18_S6_L000_read_40_count_1      3.86%    passed     96.47%
 395  200703_20-07825_HIV09-00618_FL18_S6_L000_read_41_count_1      3.86%    passed     93.59%
 396  200703_20-07825_HIV09-00618_FL18_S6_L000_read_42_count_1      3.86%    passed     96.54%
 397  200703_20-07825_HIV09-00618_FL18_S6_L000_read_43_count_1      3.86%    passed     91.85%
 398  200703_20-07825_HIV09-00618_FL18_S6_L000_read_44_count_1      3.86%    passed     95.32%
 399  200703_20-07825_HIV09-00618_FL18_S6_L000_read_45_count_1      3.86%    passed     87.70%
 400  200703_20-07825_HIV09-00618_FL18_S6_L000_read_46_count_1      3.86%    passed     93.67%
 401  200703_20-07825_HIV09-00618_FL18_S6_L000_read_47_count_1      3.86%    passed     94.11%
 402  200703_20-07825_HIV09-00618_FL18_S6_L000_read_48_count_1      3.86%    passed     87.70%
 403  200703_20-07825_HIV09-00618_FL18_S6_L000_read_49_count_1      4.29%    passed     94.66%
 404  200703_20-07825_HIV09-00618_FL18_S6_L000_read_50_count_1      3.86%    passed     89.47%
 405  200703_20-07825_HIV09-00618_FL18_S6_L000_read_51_count_1      4.29%    passed     90.55%
 406  200703_20-07825_HIV09-00618_FL18_S6_L000_read_52_count_1      3.86%    passed     88.36%
 407  200703_20-07825_HIV09-00618_FL18_S6_L000_read_53_count_1      3.86%    passed     85.50%
 408  200703_20-07825_HIV09-00618_FL18_S6_L000_read_54_count_1      3.86%    passed     93.67%
 409  200703_20-07825_HIV09-00618_FL18_S6_L000_read_55_count_1      3.86%    passed     88.36%
 410  200703_20-07825_HIV09-00618_FL18_S6_L000_read_56_count_1      3.86%    passed     93.25%
 411  200703_20-07825_HIV09-00618_FL18_S6_L000_read_57_count_1      3.86%    passed     85.40%
 412  200703_20-07825_HIV09-00618_FL18_S6_L000_read_58_count_1      3.86%    passed     89.47%
 413  200703_20-07825_HIV09-00618_FL18_S6_L000_read_59_count_1      3.86%    passed     88.36%
 414  200703_20-07825_HIV09-00618_FL18_S6_L000_read_60_count_1      3.86%    passed     90.59%
 415  200703_20-07825_HIV09-00618_FL18_S6_L000_read_61_count_1      3.86%    passed     87.41%
 416  200703_20-07825_HIV09-00618_FL18_S6_L000_read_62_count_1      3.86%    passed     90.59%
 417  200703_20-07825_HIV09-00618_FL18_S6_L000_read_63_count_1      3.86%    passed     90.59%
 418  200703_20-07825_HIV09-00618_FL18_S6_L000_read_64_count_1      3.86%    passed     85.50%
 419  200703_20-07825_HIV09-00618_FL18_S6_L000_read_65_count_1      3.86%    passed     88.36%
 420  200703_20-07825_HIV09-00618_FL18_S6_L000_read_66_count_1      3.00%    passed     94.25%
 421  200703_20-07825_HIV09-00618_FL18_S6_L000_read_67_count_1      3.86%    passed     93.67%
 422  200703_20-07825_HIV09-00618_FL18_S6_L000_read_68_count_1      3.86%    passed     90.59%
 423  200703_20-07825_HIV09-00618_FL18_S6_L000_read_69_count_1      3.86%    passed     94.11%
 424  200703_20-07825_HIV09-00618_FL18_S6_L000_read_70_count_1      3.86%    passed     87.70%
 425  200703_20-07825_HIV09-00618_FL18_S6_L000_read_71_count_1      3.86%    passed     85.40%
 426  200703_20-07825_HIV09-00618_FL18_S6_L000_read_72_count_1      3.86%    passed     85.50%
 427  200703_20-07825_HIV09-00618_FL18_S6_L000_read_73_count_1      3.86%    passed     96.47%
 428  200703_20-07825_HIV09-00618_FL18_S6_L000_read_74_count_1      3.86%    passed     85.50%
 429  200703_20-07825_HIV09-00618_FL18_S6_L000_read_75_count_1      3.86%    passed     89.47%
 430  200703_20-07825_HIV09-00618_FL18_S6_L000_read_76_count_1      3.86%    passed     89.47%
 431  200703_20-07825_HIV09-00618_FL18_S6_L000_read_77_count_1      3.86%    passed     97.97%
 432  200703_20-07825_HIV09-00618_FL18_S6_L000_read_78_count_1      3.86%    passed     90.59%
 433  200703_20-07825_HIV09-00618_FL18_S6_L000_read_79_count_1      3.86%    passed     96.47%
 434  200703_20-07825_HIV09-00618_FL18_S6_L000_read_80_count_1      3.86%    passed     93.67%
 435  200703_20-07825_HIV09-00618_FL18_S6_L000_read_81_count_1      3.86%    passed     96.47%
 436  200703_20-07825_HIV09-00618_FL18_S6_L000_read_82_count_1      3.86%    passed     89.47%
 437  200703_20-07825_HIV09-00618_FL18_S6_L000_read_83_count_1      3.86%    passed     98.24%
 438  200703_20-07825_HIV09-00618_FL18_S6_L000_read_84_count_1      3.86%    passed     96.54%
 439  200814_20-09728_HIV09-02843_FL30_S2_L000_read_1_count_208     3.86%    passed     99.57%
 440  200814_20-09728_HIV09-02843_FL30_S2_L000_read_2_count_32      3.86%    passed     99.23%
 441  200814_20-09728_HIV09-02843_FL30_S2_L000_read_3_count_31      3.86%    passed     97.30%
 442  200814_20-09728_HIV09-02843_FL30_S2_L000_read_4_count_28      3.86%    passed     99.31%
 443  200814_20-09728_HIV09-02843_FL30_S2_L000_read_5_count_26      3.86%    passed     99.88%
 444  200814_20-09728_HIV09-02843_FL30_S2_L000_read_6_count_25      3.86%    passed     99.31%
 445  200814_20-09728_HIV09-02843_FL30_S2_L000_read_7_count_19      3.86%    passed     99.23%
 446  200814_20-09728_HIV09-02843_FL30_S2_L000_read_8_count_18      3.86%    passed     99.31%
 447  200814_20-09728_HIV09-02843_FL30_S2_L000_read_9_count_18      3.86%    passed     99.23%
 448  200814_20-09728_HIV09-02843_FL30_S2_L000_read_10_count_15     3.86%    passed     97.71%
 449  200814_20-09728_HIV09-02843_FL30_S2_L000_read_11_count_13     3.86%    passed     98.22%
 450  200814_20-09728_HIV09-02843_FL30_S2_L000_read_12_count_11     3.86%    passed     99.88%
 451  200814_20-09728_HIV09-02843_FL30_S2_L000_read_13_count_10     3.86%    passed     99.31%
 452  200814_20-09728_HIV09-02843_FL30_S2_L000_read_14_count_8      3.86%    passed     99.23%
 453  200814_20-09728_HIV09-02843_FL30_S2_L000_read_15_count_8      3.86%    passed     99.06%
 454  200814_20-09728_HIV09-02843_FL30_S2_L000_read_16_count_7      3.86%    passed     99.57%
 455  200814_20-09728_HIV09-02843_FL30_S2_L000_read_17_count_7      3.86%    passed     99.88%
 456  200814_20-09728_HIV09-02843_FL30_S2_L000_read_18_count_6      3.86%    passed     97.18%
 457  200814_20-09728_HIV09-02843_FL30_S2_L000_read_19_count_6      3.86%    passed     99.31%
 458  200814_20-09728_HIV09-02843_FL30_S2_L000_read_20_count_5      3.86%    passed     99.23%
 459  200814_20-09728_HIV09-02843_FL30_S2_L000_read_21_count_4      3.86%    passed     99.23%
 460  200814_20-09728_HIV09-02843_FL30_S2_L000_read_22_count_3      3.86%    passed     99.88%
 461  200814_20-09728_HIV09-02843_FL30_S2_L000_read_23_count_3      4.29%    passed     99.25%
 462  200814_20-09728_HIV09-02843_FL30_S2_L000_read_24_count_3      3.86%    passed     99.23%
 463  200814_20-09728_HIV09-02843_FL30_S2_L000_read_25_count_3      3.86%    passed     99.57%
 464  200814_20-09728_HIV09-02843_FL30_S2_L000_read_26_count_2      3.86%    passed     99.18%
 465  200814_20-09728_HIV09-02843_FL30_S2_L000_read_27_count_2      3.86%    passed     98.01%
 466  200814_20-09728_HIV09-02843_FL30_S2_L000_read_28_count_2      3.86%    passed     99.06%
 467  200814_20-09728_HIV09-02843_FL30_S2_L000_read_29_count_2      3.86%    passed     99.88%
 468  200814_20-09728_HIV09-02843_FL30_S2_L000_read_30_count_2      4.29%    passed     99.33%
 469  200814_20-09728_HIV09-02843_FL30_S2_L000_read_31_count_2      3.86%    passed     99.69%
 470  200814_20-09728_HIV09-02843_FL30_S2_L000_read_32_count_2      3.86%    passed     99.31%
 471  200814_20-09728_HIV09-02843_FL30_S2_L000_read_33_count_1      3.43%    passed     98.52%
 472  200814_20-09728_HIV09-02843_FL30_S2_L000_read_34_count_1      3.86%    passed     99.31%
 473  200814_20-09728_HIV09-02843_FL30_S2_L000_read_35_count_1      3.86%    passed     99.18%
 474  200814_20-09728_HIV09-02843_FL30_S2_L000_read_36_count_1      3.86%    passed     98.28%
 475  200814_20-09728_HIV09-02843_FL30_S2_L000_read_37_count_1      3.86%    passed     96.86%
 476  200814_20-09728_HIV09-02843_FL30_S2_L000_read_38_count_1      3.86%    passed     99.88%
 477  200814_20-09728_HIV09-02843_FL30_S2_L000_read_39_count_1      3.86%    passed     99.94%
 478  200814_20-09728_HIV09-02843_FL30_S2_L000_read_40_count_1      3.86%    passed     99.88%
 479  200814_20-09728_HIV09-02843_FL30_S2_L000_read_41_count_1      3.86%    passed     98.28%
 480  200814_20-09728_HIV09-02843_FL30_S2_L000_read_42_count_1      3.86%    passed     99.88%
 481  200814_20-09728_HIV09-02843_FL30_S2_L000_read_43_count_1      3.86%    passed     99.06%
 482  200814_20-09728_HIV09-02843_FL30_S2_L000_read_44_count_1      3.86%    passed     96.86%
 483  200814_20-09728_HIV09-02843_FL30_S2_L000_read_45_count_1      3.86%    passed     98.04%
 484  200814_20-09728_HIV09-02843_FL30_S2_L000_read_46_count_1      3.86%    passed     95.37%
 485  200814_20-09728_HIV09-02843_FL30_S2_L000_read_47_count_1      3.86%    passed     99.94%
 486  200814_20-09728_HIV09-02843_FL30_S2_L000_read_48_count_1      4.29%    passed     99.70%
 487  200814_20-09728_HIV09-02843_FL30_S2_L000_read_49_count_1      3.86%    passed     99.06%
 488  200814_20-09728_HIV09-02843_FL30_S2_L000_read_50_count_1      3.86%    passed     96.86%
 489  200814_20-09728_HIV09-02843_FL30_S2_L000_read_51_count_1      3.86%    passed     98.53%
 490  200814_20-09728_HIV09-02843_FL30_S2_L000_read_52_count_1      3.86%    passed     98.22%
 491  200814_20-09728_HIV09-02843_FL30_S2_L000_read_53_count_1      3.86%    passed     99.69%
 492  200814_20-09728_HIV09-02843_FL30_S2_L000_read_54_count_1      3.86%    passed     99.33%
 493  200814_20-09728_HIV09-02843_FL30_S2_L000_read_55_count_1      3.86%    passed     99.88%
 494  200814_20-09728_HIV09-02843_FL30_S2_L000_read_56_count_1      3.86%    passed     99.94%
 495  200814_20-09728_HIV09-02843_FL30_S2_L000_read_57_count_1      3.86%    passed     99.57%
 496  200814_20-09728_HIV09-02843_FL30_S2_L000_read_58_count_1      3.86%    passed     97.30%
 497  200814_20-09728_HIV09-02843_FL30_S2_L000_read_59_count_1      3.86%    passed     99.57%
 498  200814_20-09728_HIV09-02843_FL30_S2_L000_read_60_count_1      3.86%    passed     99.23%
 499  200814_20-09728_HIV09-02843_FL30_S2_L000_read_61_count_1      3.86%    passed     99.94%
 500  200814_20-09728_HIV09-02843_FL30_S2_L000_read_62_count_1      3.86%    passed     97.24%
 501  200814_20-09728_HIV09-02843_FL30_S2_L000_read_63_count_1      3.86%    passed     99.90%
 502  200814_20-09728_HIV09-02843_FL30_S2_L000_read_64_count_1      3.86%    passed     99.94%
 503  200814_20-09728_HIV09-02843_FL30_S2_L000_read_65_count_1      3.86%    passed     99.27%
 504  200814_20-09728_HIV09-02843_FL30_S2_L000_read_66_count_1      3.86%    passed     99.94%
 505  200814_20-09728_HIV09-02843_FL30_S2_L000_read_67_count_1      3.86%    passed     99.69%
 506  200814_20-09728_HIV09-02843_FL30_S2_L000_read_68_count_1      3.86%    passed     97.93%
 507  200814_20-09728_HIV09-02843_FL30_S2_L000_read_69_count_1      3.86%    passed     99.31%
 508  200814_20-09728_HIV09-02843_FL30_S2_L000_read_70_count_1      3.86%    passed     94.73%
 509  200814_20-09728_HIV09-02843_FL30_S2_L000_read_71_count_1      3.86%    passed     99.57%
 510  200814_20-09728_HIV09-02843_FL30_S2_L000_read_72_count_1      3.86%    passed     95.84%
 511  200814_20-09728_HIV09-02843_FL30_S2_L000_read_73_count_1      4.29%    passed     99.33%
 512  200814_20-09728_HIV09-02843_FL30_S2_L000_read_74_count_1      3.86%    passed     97.71%
 513  200814_20-09728_HIV09-02843_FL30_S2_L000_read_75_count_1      3.00%    passed     97.58%
 514  200814_20-09728_HIV09-02843_FL30_S2_L000_read_76_count_1      3.86%    passed     97.93%
 515  200814_20-09728_HIV09-02843_FL30_S2_L000_read_77_count_1      3.86%    passed     99.18%
 516  200814_20-09728_HIV09-02843_FL30_S2_L000_read_78_count_1      3.86%    passed     99.57%
 517  200814_20-09728_HIV09-02843_FL30_S2_L000_read_79_count_1      3.86%    passed     97.93%
 518  200814_20-09728_HIV09-02843_FL30_S2_L000_read_80_count_1      3.86%    passed     97.48%
 519  200814_20-09728_HIV09-02843_FL30_S2_L000_read_81_count_1      3.86%    passed     98.04%
 520  200814_20-09728_HIV09-02843_FL30_S2_L000_read_82_count_1      3.86%    passed     98.01%
 521  200814_20-09728_HIV09-02843_FL30_S2_L000_read_83_count_1      3.86%    passed     99.57%
 522  200814_20-09728_HIV09-02843_FL30_S2_L000_read_84_count_1      3.86%    passed     99.18%
 523  200814_20-09728_HIV09-02843_FL30_S2_L000_read_85_count_1      3.86%    passed     99.88%
 524  200814_20-09728_HIV09-02843_FL30_S2_L000_read_86_count_1      3.86%    passed     99.94%
 525  200814_20-09728_HIV09-02843_FL30_S2_L000_read_87_count_1      3.86%    passed     99.31%
 526  200814_20-09728_HIV09-02843_FL30_S2_L000_read_88_count_1      3.86%    passed     98.04%
 527  200814_20-09728_HIV09-02843_FL30_S2_L000_read_89_count_1      3.86%    passed     99.94%
 528  200814_20-09728_HIV09-02843_FL30_S2_L000_read_90_count_1      3.86%    passed     97.93%
 529  200814_20-09728_HIV09-02843_FL30_S2_L000_read_91_count_1      3.86%    passed     99.57%
 530  200814_20-09728_HIV09-02843_FL30_S2_L000_read_92_count_1      3.86%    passed     99.49%
 531  200814_20-09728_HIV09-02843_FL30_S2_L000_read_93_count_1      3.86%    passed     98.22%
 532  200814_20-09728_HIV09-02843_FL30_S2_L000_read_94_count_1      3.86%    passed     99.88%
 533  200814_20-09728_HIV09-02843_FL30_S2_L000_read_95_count_1      3.86%    passed     99.06%
 534  200814_20-09728_HIV09-02843_FL30_S2_L000_read_96_count_1      3.86%    passed     97.93%
 535  200814_20-09728_HIV09-02843_FL30_S2_L000_read_97_count_1      3.86%    passed     97.93%
 536  200814_20-09728_HIV09-02843_FL30_S2_L000_read_98_count_1      3.86%    passed     97.71%
 537  200814_20-09728_HIV09-02843_FL30_S2_L000_read_99_count_1      3.86%    passed     99.23%
 538  200814_20-09728_HIV09-02843_FL30_S2_L000_read_100_count_1     3.86%    passed     98.22%
 539  200814_20-09728_HIV09-02843_FL30_S2_L000_read_101_count_1     3.86%    passed     99.88%
 540  200814_20-09728_HIV09-02843_FL30_S2_L000_read_102_count_1     3.86%    passed     98.04%
 541  200814_20-09728_HIV09-02843_FL30_S2_L000_read_103_count_1     3.86%    passed     99.94%
 542  200814_20-09728_HIV09-02843_FL30_S2_L000_read_104_count_1     3.86%    passed     99.49%
 543  200814_20-09728_HIV09-02843_FL30_S2_L000_read_105_count_1     3.86%    passed     98.04%
 544  200814_20-09728_HIV09-02843_FL30_S2_L000_read_106_count_1     3.86%    passed     96.86%
 545  200814_20-09728_HIV09-02843_FL30_S2_L000_read_107_count_1     3.86%    passed     99.57%
 546  200814_20-09728_HIV09-02843_FL30_S2_L000_read_108_count_1     3.86%    passed     97.93%
 547  200814_20-09728_HIV09-02843_FL30_S2_L000_read_109_count_1     4.29%    passed     98.66%
 548  200814_20-09728_HIV09-02843_FL30_S2_L000_read_110_count_1     3.86%    passed     98.04%
 549  200814_20-09728_HIV09-02843_FL30_S2_L000_read_111_count_1     3.86%    passed     96.86%
 550  200814_20-09728_HIV09-02843_FL30_S2_L000_read_112_count_1     3.86%    passed     99.94%
 551  200814_20-09728_HIV09-02843_FL30_S2_L000_read_113_count_1     3.86%    passed     99.31%
 552  200814_20-09728_HIV09-02843_FL30_S2_L000_read_114_count_1     3.86%    passed     99.88%
 553  200814_20-09728_HIV09-02843_FL30_S2_L000_read_115_count_1     4.29%    passed     97.20%
 554  200814_20-09728_HIV09-02843_FL30_S2_L000_read_116_count_1     3.43%    passed     99.44%
 555  200814_20-09728_HIV09-02843_FL30_S2_L000_read_117_count_1     3.86%    passed     98.28%
 556  200724_20-08518_HIV10-02405_FL24_S14_L000_read_1_count_131    3.86%    passed     92.55%
 557  200724_20-08518_HIV10-02405_FL24_S14_L000_read_2_count_54     3.86%    passed     95.85%
 558  200724_20-08518_HIV10-02405_FL24_S14_L000_read_3_count_44     3.86%    passed     89.65%
 559  200724_20-08518_HIV10-02405_FL24_S14_L000_read_4_count_13     3.86%    passed     96.20%
 560  200724_20-08518_HIV10-02405_FL24_S14_L000_read_5_count_9      3.86%    passed     95.85%
 561  200724_20-08518_HIV10-02405_FL24_S14_L000_read_6_count_8      3.86%    passed     94.10%
 562  200724_20-08518_HIV10-02405_FL24_S14_L000_read_7_count_7      3.86%    passed     89.65%
 563  200724_20-08518_HIV10-02405_FL24_S14_L000_read_8_count_7      3.86%    passed     96.95%
 564  200724_20-08518_HIV10-02405_FL24_S14_L000_read_9_count_4      3.86%    passed     96.95%
 565  200724_20-08518_HIV10-02405_FL24_S14_L000_read_10_count_4     3.86%    passed     89.65%
 566  200724_20-08518_HIV10-02405_FL24_S14_L000_read_11_count_4     3.86%    passed     89.65%
 567  200724_20-08518_HIV10-02405_FL24_S14_L000_read_12_count_3     3.86%    passed     89.65%
 568  200724_20-08518_HIV10-02405_FL24_S14_L000_read_13_count_3     3.86%    passed     93.23%
 569  200724_20-08518_HIV10-02405_FL24_S14_L000_read_14_count_3     3.86%    passed     93.23%
 570  200724_20-08518_HIV10-02405_FL24_S14_L000_read_15_count_3     3.86%    passed     94.10%
 571  200724_20-08518_HIV10-02405_FL24_S14_L000_read_16_count_2     3.86%    passed     89.65%
 572  200724_20-08518_HIV10-02405_FL24_S14_L000_read_17_count_2     3.86%    passed     85.29%
 573  200724_20-08518_HIV10-02405_FL24_S14_L000_read_18_count_2     3.86%    passed     97.18%
 574  200724_20-08518_HIV10-02405_FL24_S14_L000_read_19_count_2     3.86%    passed     93.23%
 575  200724_20-08518_HIV10-02405_FL24_S14_L000_read_20_count_2     3.86%    passed     89.09%
 576  200724_20-08518_HIV10-02405_FL24_S14_L000_read_21_count_2     3.86%    passed     85.29%
 577  200724_20-08518_HIV10-02405_FL24_S14_L000_read_22_count_2     3.86%    passed     85.35%
 578  200724_20-08518_HIV10-02405_FL24_S14_L000_read_23_count_2     3.86%    passed     89.65%
 579  200724_20-08518_HIV10-02405_FL24_S14_L000_read_24_count_2     3.86%    passed     97.18%
 580  200724_20-08518_HIV10-02405_FL24_S14_L000_read_25_count_2     3.86%    passed     95.03%
 581  200724_20-08518_HIV10-02405_FL24_S14_L000_read_26_count_2     3.86%    passed     96.95%
 582  200724_20-08518_HIV10-02405_FL24_S14_L000_read_27_count_2     3.86%    passed     93.23%
 583  200724_20-08518_HIV10-02405_FL24_S14_L000_read_28_count_2     3.86%    passed     97.18%
 584  200724_20-08518_HIV10-02405_FL24_S14_L000_read_29_count_1     4.29%    passed     95.10%
 585  200724_20-08518_HIV10-02405_FL24_S14_L000_read_30_count_1     3.86%    passed     93.10%
 586  200724_20-08518_HIV10-02405_FL24_S14_L000_read_31_count_1     3.86%    passed     95.85%
 587  200724_20-08518_HIV10-02405_FL24_S14_L000_read_32_count_1     3.86%    passed     97.18%
 588  200724_20-08518_HIV10-02405_FL24_S14_L000_read_33_count_1     3.86%    passed     89.52%
 589  200724_20-08518_HIV10-02405_FL24_S14_L000_read_34_count_1     3.86%    passed     88.27%
 590  200724_20-08518_HIV10-02405_FL24_S14_L000_read_35_count_1     3.43%    passed     92.74%
 591  200724_20-08518_HIV10-02405_FL24_S14_L000_read_36_count_1     4.29%    passed     89.71%
 592  200724_20-08518_HIV10-02405_FL24_S14_L000_read_37_count_1     3.86%    passed     85.29%
 593  200724_20-08518_HIV10-02405_FL24_S14_L000_read_38_count_1     3.86%    passed     89.65%
 594  200724_20-08518_HIV10-02405_FL24_S14_L000_read_39_count_1     3.86%    passed     78.16%
 595  200724_20-08518_HIV10-02405_FL24_S14_L000_read_40_count_1     3.86%    passed     95.85%
 596  200724_20-08518_HIV10-02405_FL24_S14_L000_read_41_count_1     3.86%    passed     93.23%
 597  200724_20-08518_HIV10-02405_FL24_S14_L000_read_42_count_1     3.86%    passed     93.49%
 598  200724_20-08518_HIV10-02405_FL24_S14_L000_read_43_count_1     3.86%    passed     95.85%
 599  200724_20-08518_HIV10-02405_FL24_S14_L000_read_44_count_1     3.86%    passed     95.18%
 600  200724_20-08518_HIV10-02405_FL24_S14_L000_read_45_count_1     3.86%    passed     96.95%
 601  200724_20-08518_HIV10-02405_FL24_S14_L000_read_46_count_1     3.86%    passed     93.23%
 602  200724_20-08518_HIV10-02405_FL24_S14_L000_read_47_count_1     3.86%    passed     96.95%
 603  200724_20-08518_HIV10-02405_FL24_S14_L000_read_48_count_1     3.86%    passed     85.29%
 604  200724_20-08518_HIV10-02405_FL24_S14_L000_read_49_count_1     3.86%    passed     90.79%
 605  200724_20-08518_HIV10-02405_FL24_S14_L000_read_50_count_1     3.86%    passed     96.95%
 606  200724_20-08518_HIV10-02405_FL24_S14_L000_read_51_count_1     3.86%    passed     97.18%
 607  200724_20-08518_HIV10-02405_FL24_S14_L000_read_52_count_1     3.86%    passed     96.95%
 608  200724_20-08518_HIV10-02405_FL24_S14_L000_read_53_count_1     3.86%    passed     96.95%
 609  200724_20-08518_HIV10-02405_FL24_S14_L000_read_54_count_1     4.29%    passed     94.11%
 610  200724_20-08518_HIV10-02405_FL24_S14_L000_read_55_count_1     3.86%    passed     86.54%
 611  200724_20-08518_HIV10-02405_FL24_S14_L000_read_56_count_1     3.86%    passed     94.10%
 612  200724_20-08518_HIV10-02405_FL24_S14_L000_read_57_count_1     3.86%    passed     87.06%
 613  200724_20-08518_HIV10-02405_FL24_S14_L000_read_58_count_1     3.86%    passed     85.35%
 614  200724_20-08518_HIV10-02405_FL24_S14_L000_read_59_count_1     3.86%    passed     85.29%
 615  200724_20-08518_HIV10-02405_FL24_S14_L000_read_60_count_1     3.86%    passed     95.03%
 616  200724_20-08518_HIV10-02405_FL24_S14_L000_read_61_count_1     3.86%    passed     90.79%
 617  200724_20-08518_HIV10-02405_FL24_S14_L000_read_62_count_1     3.86%    passed     97.13%
 618  200724_20-08518_HIV10-02405_FL24_S14_L000_read_63_count_1     3.86%    passed     92.61%
 619  200724_20-08518_HIV10-02405_FL24_S14_L000_read_64_count_1     3.86%    passed     95.85%
 620  200724_20-08518_HIV10-02405_FL24_S14_L000_read_65_count_1     3.86%    passed     93.10%
 621  200724_20-08518_HIV10-02405_FL24_S14_L000_read_66_count_1     3.86%    passed     97.13%
 622  200724_20-08518_HIV10-02405_FL24_S14_L000_read_67_count_1     3.86%    passed     87.06%
 623  200724_20-08518_HIV10-02405_FL24_S14_L000_read_68_count_1     3.86%    passed     97.18%
 624  200724_20-08518_HIV10-02405_FL24_S14_L000_read_69_count_1     3.86%    passed     92.55%
 625  200724_20-08518_HIV10-02405_FL24_S14_L000_read_70_count_1     3.43%    passed     90.59%
 626  200724_20-08518_HIV10-02405_FL24_S14_L000_read_71_count_1     3.86%    passed     95.18%
 627  200724_20-08518_HIV10-02405_FL24_S14_L000_read_72_count_1     3.86%    passed     97.18%
 628  200724_20-08518_HIV10-02405_FL24_S14_L000_read_73_count_1     3.86%    passed     92.61%
 629  200724_20-08518_HIV10-02405_FL24_S14_L000_read_74_count_1     3.86%    passed     94.44%
 630  200724_20-08518_HIV10-02405_FL24_S14_L000_read_75_count_1     3.86%    passed     93.23%
 631  200724_20-08518_HIV10-02405_FL24_S14_L000_read_76_count_1     3.86%    passed     93.23%
 632  200724_20-08518_HIV10-02405_FL24_S14_L000_read_77_count_1     3.86%    passed     92.55%
 633  200724_20-08518_HIV10-02405_FL24_S14_L000_read_78_count_1     3.86%    passed     97.18%
 634  200724_20-08518_HIV10-02405_FL24_S14_L000_read_79_count_1     3.86%    passed     87.06%
 635  200724_20-08518_HIV10-02405_FL24_S14_L000_read_80_count_1     3.86%    passed     89.65%
 636  200724_20-08518_HIV10-02405_FL24_S14_L000_read_81_count_1     3.86%    passed     85.35%
 637  200724_20-08518_HIV10-02405_FL24_S14_L000_read_82_count_1     3.86%    passed     89.65%
 638  200724_20-08518_HIV10-02405_FL24_S14_L000_read_83_count_1     3.86%    passed     94.10%
 639  200724_20-08518_HIV10-02405_FL24_S14_L000_read_84_count_1     3.86%    passed     92.61%
 640  200724_20-08518_HIV10-02405_FL24_S14_L000_read_85_count_1     3.86%    passed     94.10%
 641  200724_20-08518_HIV10-02405_FL24_S14_L000_read_86_count_1     3.86%    passed     90.45%
 642  200724_20-08518_HIV10-02405_FL24_S14_L000_read_87_count_1     3.86%    passed     90.79%
 643  200724_20-08518_HIV10-02405_FL24_S14_L000_read_88_count_1     3.86%    passed     97.13%
 644  200724_20-08518_HIV10-02405_FL24_S14_L000_read_89_count_1     3.86%    passed     95.85%
 645  200724_20-08518_HIV10-02405_FL24_S14_L000_read_90_count_1     3.86%    passed     93.23%
 646  200724_20-08518_HIV10-02405_FL24_S14_L000_read_91_count_1     3.86%    passed     92.55%
 647  200724_20-08518_HIV10-02405_FL24_S14_L000_read_92_count_1     3.86%    passed     89.65%
 648  200724_20-08518_HIV10-02405_FL24_S14_L000_read_93_count_1     3.86%    passed     93.23%
 649  200724_20-08518_HIV10-02405_FL24_S14_L000_read_94_count_1     4.29%    passed     91.85%
 650  200724_20-08518_HIV10-02405_FL24_S14_L000_read_95_count_1     4.29%    passed     88.16%
 651  200724_20-08518_HIV10-02405_FL24_S14_L000_read_96_count_1     3.86%    passed     97.50%
 652  200724_20-08518_HIV10-02405_FL24_S14_L000_read_97_count_1     3.86%    passed     89.65%
 653  200724_20-08518_HIV10-02405_FL24_S14_L000_read_98_count_1     3.86%    passed     86.54%
 654  200724_20-08518_HIV10-02405_FL24_S14_L000_read_99_count_1     3.86%    passed     90.45%
 655  200724_20-08518_HIV10-02405_FL24_S14_L000_read_100_count_1    3.86%    passed     94.10%
 656  200724_20-08518_HIV10-02405_FL24_S14_L000_read_101_count_1    3.43%    passed     96.35%
 657  200724_20-08518_HIV10-02405_FL24_S14_L000_read_102_count_1    3.86%    passed     92.55%
 658  200724_20-08518_HIV10-02405_FL24_S14_L000_read_103_count_1    3.86%    passed     94.10%
 659  200724_20-08518_HIV10-02405_FL24_S14_L000_read_104_count_1    3.86%    passed     95.85%
 660  200724_20-08518_HIV10-02405_FL24_S14_L000_read_105_count_1    3.86%    passed     90.79%
 661  200724_20-08518_HIV10-02405_FL24_S14_L000_read_106_count_1    3.86%    passed     90.79%
 662  200724_20-08518_HIV10-02405_FL24_S14_L000_read_107_count_1    3.86%    passed     72.41%
 663  200724_20-08518_HIV10-02405_FL24_S14_L000_read_108_count_1    3.86%    passed     92.61%
 664  200724_20-08518_HIV10-02405_FL24_S14_L000_read_109_count_1    3.86%    passed     88.27%
 665  200724_20-08518_HIV10-02405_FL24_S14_L000_read_110_count_1    3.86%    passed     95.03%
 666  200724_20-08518_HIV10-02405_FL24_S14_L000_read_111_count_1    3.86%    passed     87.18%
 667  200724_20-08518_HIV10-02405_FL24_S14_L000_read_112_count_1    3.86%    passed     95.33%
 668  200724_20-08518_HIV10-02405_FL24_S14_L000_read_113_count_1    3.86%    passed     93.49%
 669  200724_20-08518_HIV10-02405_FL24_S14_L000_read_114_count_1    3.86%    passed     90.45%
 670  200724_20-08518_HIV10-02405_FL24_S14_L000_read_115_count_1    4.29%    passed     91.85%
 671  200724_20-08518_HIV10-02405_FL24_S14_L000_read_116_count_1    3.86%    passed     83.44%
 672  200724_20-08518_HIV10-02405_FL24_S14_L000_read_117_count_1    3.86%    passed     92.55%
 673  B.FR.83.HXB2_LAI_IIIB_BRU.K03455                              3.86%    passed     94.75%
 674  C.BW.00.00BW07621.AF443088                                    3.86%    passed     97.79%
****  TOTAL                                                         3.91%  0 sequences failed composition chi2 test (p-value<5%; df=3)
Checking for duplicate sequences: done in 0.0058621 secs using 168.4% CPU

Create initial parsimony tree by phylogenetic likelihood library (PLL)... 0.092 seconds

NOTE: 28 MB RAM (0 GB) is required!
WARNING: Number of threads seems too high for short alignments. Use -T AUTO to determine best number of threads.
Estimate model parameters (epsilon = 0.100)
1. Initial log-likelihood: -5903.988
2. Current log-likelihood: -5705.482
3. Current log-likelihood: -5704.772
4. Current log-likelihood: -5704.608
Optimal log-likelihood: -5704.527
Rate parameters:  A-C: 0.93046  A-G: 1.92078  A-T: 0.61245  C-G: 0.07885  C-T: 3.07838  G-T: 1.00000
Base frequencies:  A: 0.364  C: 0.158  G: 0.279  T: 0.199
Site proportion and rates:  (0.108,0.263) (0.169,0.377) (0.192,0.600) (0.222,1.042) (0.239,1.421) (0.070,3.177)
Parameters optimization took 4 rounds (3.699 sec)
Wrote distance file to... 
Computing ML distances based on estimated model parameters...
Calculating distance matrix: done in 0.874017 secs using 381.4% CPU
Computing ML distances took 0.875084 sec (of wall-clock time) 3.334716 sec (of CPU time)
Setting up auxiliary I and S matrices: done in 0.0130309 secs using 234.4% CPU
Constructing RapidNJ tree: done in 1.12862 secs using 111.6% CPU
Computing RapidNJ tree took 1.141908 sec (of wall-clock time) 1.290192 sec (of CPU time)
Log-likelihood of RapidNJ tree: -5699.866
--------------------------------------------------------------------
|             INITIALIZING CANDIDATE TREE SET                      |
--------------------------------------------------------------------
Generating 98 parsimony trees... 9.290 second
Computing log-likelihood of 98 initial trees ... 6.462 seconds
Current best score: -5695.390

Do NNI search on 20 best initial trees
Optimizing NNI: done in 0.847375 secs using 379.9% CPU
Estimate model parameters (epsilon = 0.100)
BETTER TREE FOUND at iteration 1: -5694.076
Optimizing NNI: done in 0.277546 secs using 401.2% CPU
Optimizing NNI: done in 1.26123 secs using 396.5% CPU
Estimate model parameters (epsilon = 0.100)
BETTER TREE FOUND at iteration 3: -5691.860
Optimizing NNI: done in 0.385598 secs using 396.7% CPU
Optimizing NNI: done in 0.853609 secs using 378.8% CPU
Optimizing NNI: done in 0.702619 secs using 395.4% CPU
Optimizing NNI: done in 1.29622 secs using 393.5% CPU
Optimizing NNI: done in 1.05891 secs using 393.4% CPU
Optimizing NNI: done in 0.890291 secs using 394.3% CPU
Optimizing NNI: done in 0.915947 secs using 395% CPU
Iteration 10 / LogL: -5709.896 / Time: 0h:0m:33s
Optimizing NNI: done in 1.16831 secs using 382.4% CPU
Optimizing NNI: done in 1.06272 secs using 396.9% CPU
Optimizing NNI: done in 1.06018 secs using 394.5% CPU
Optimizing NNI: done in 0.722958 secs using 392.7% CPU
Optimizing NNI: done in 1.38909 secs using 392.9% CPU
Optimizing NNI: done in 0.659692 secs using 376% CPU
Optimizing NNI: done in 0.935519 secs using 393.6% CPU
Optimizing NNI: done in 0.865605 secs using 395.7% CPU
Optimizing NNI: done in 0.876223 secs using 396.5% CPU
Optimizing NNI: done in 0.816033 secs using 396.3% CPU
Iteration 20 / LogL: -5716.317 / Time: 0h:0m:43s
Finish initializing candidate tree set (20)
Current best tree score: -5691.860 / CPU time: 37.003
Number of iterations: 20
--------------------------------------------------------------------
|               OPTIMIZING CANDIDATE TREE SET                      |
--------------------------------------------------------------------
Optimizing NNI: done in 1.07548 secs using 391.3% CPU
Optimizing NNI: done in 1.38517 secs using 382.7% CPU
Optimizing NNI: done in 1.21448 secs using 393.1% CPU
Optimizing NNI: done in 1.00281 secs using 393% CPU
Optimizing NNI: done in 1.35357 secs using 396% CPU
Optimizing NNI: done in 1.40168 secs using 381.6% CPU
Optimizing NNI: done in 1.63566 secs using 393.4% CPU
Optimizing NNI: done in 1.05972 secs using 395.1% CPU
Optimizing NNI: done in 2.04482 secs using 389.6% CPU
Optimizing NNI: done in 1.68414 secs using 394.2% CPU
Estimate model parameters (epsilon = 0.100)
BETTER TREE FOUND at iteration 30: -5680.081
Iteration 30 / LogL: -5680.081 / Time: 0h:1m:4s (0h:3m:40s left)
Optimizing NNI: done in 1.62215 secs using 394.2% CPU
Optimizing NNI: done in 1.72084 secs using 385.9% CPU
Estimate model parameters (epsilon = 0.100)
BETTER TREE FOUND at iteration 32: -5677.975
Optimizing NNI: done in 1.82953 secs using 395.7% CPU
Estimate model parameters (epsilon = 0.100)
BETTER TREE FOUND at iteration 33: -5674.570
Optimizing NNI: done in 1.32946 secs using 384.6% CPU
Optimizing NNI: done in 1.1766 secs using 396% CPU
Optimizing NNI: done in 1.33389 secs using 394.5% CPU
Optimizing NNI: done in 1.03915 secs using 391.5% CPU
Optimizing NNI: done in 1.68488 secs using 385.2% CPU
Optimizing NNI: done in 1.09621 secs using 396.6% CPU
Optimizing NNI: done in 1.27465 secs using 397.3% CPU
Iteration 40 / LogL: -5681.842 / Time: 0h:1m:21s (0h:3m:13s left)
Optimizing NNI: done in 1.44673 secs using 395.1% CPU
Estimate model parameters (epsilon = 0.100)
BETTER TREE FOUND at iteration 41: -5674.084
Optimizing NNI: done in 1.41997 secs using 383.3% CPU
Optimizing NNI: done in 1.60293 secs using 396.4% CPU
Optimizing NNI: done in 1.13475 secs using 396.7% CPU
Optimizing NNI: done in 1.02707 secs using 392.8% CPU
Optimizing NNI: done in 1.18629 secs using 381.7% CPU
Optimizing NNI: done in 1.17931 secs using 393.1% CPU
Optimizing NNI: done in 1.50494 secs using 395.7% CPU
Optimizing NNI: done in 1.29974 secs using 395.8% CPU
Optimizing NNI: done in 1.45305 secs using 383.8% CPU
Iteration 50 / LogL: -5681.868 / Time: 0h:1m:35s (0h:2m:57s left)
Optimizing NNI: done in 1.25852 secs using 392.2% CPU
Optimizing NNI: done in 1.4626 secs using 395.1% CPU
Optimizing NNI: done in 1.46757 secs using 388.4% CPU
Estimate model parameters (epsilon = 0.100)
BETTER TREE FOUND at iteration 53: -5670.107
Optimizing NNI: done in 1.36549 secs using 394.8% CPU
Optimizing NNI: done in 1.04736 secs using 395.6% CPU
Optimizing NNI: done in 1.52695 secs using 387.9% CPU
Optimizing NNI: done in 1.87557 secs using 393.8% CPU
Estimate model parameters (epsilon = 0.100)
BETTER TREE FOUND at iteration 57: -5667.342
Optimizing NNI: done in 1.42724 secs using 394.5% CPU
Optimizing NNI: done in 1.18093 secs using 382.1% CPU
Optimizing NNI: done in 1.01767 secs using 395.5% CPU
Iteration 60 / LogL: -5678.652 / Time: 0h:1m:52s (0h:3m:5s left)
Optimizing NNI: done in 1.15844 secs using 395.6% CPU
Optimizing NNI: done in 1.1714 secs using 395.5% CPU
Optimizing NNI: done in 1.7399 secs using 388.2% CPU
Optimizing NNI: done in 1.46518 secs using 394.1% CPU
Optimizing NNI: done in 1.1433 secs using 394.2% CPU
Optimizing NNI: done in 0.898684 secs using 392.5% CPU
Optimizing NNI: done in 1.18259 secs using 393.6% CPU
Optimizing NNI: done in 1.28384 secs using 386% CPU
Optimizing NNI: done in 1.47613 secs using 395.9% CPU
Optimizing NNI: done in 1.69707 secs using 396.9% CPU
Iteration 70 / LogL: -5685.322 / Time: 0h:2m:6s (0h:2m:39s left)
Optimizing NNI: done in 1.50635 secs using 383.1% CPU
Optimizing NNI: done in 1.0381 secs using 396.2% CPU
Optimizing NNI: done in 1.30975 secs using 394.1% CPU
Optimizing NNI: done in 1.14594 secs using 394.8% CPU
Optimizing NNI: done in 1.01523 secs using 395.1% CPU
Optimizing NNI: done in 1.65173 secs using 384.9% CPU
Optimizing NNI: done in 1.53477 secs using 395.8% CPU
Optimizing NNI: done in 1.16016 secs using 395.6% CPU
Optimizing NNI: done in 1.50638 secs using 385.5% CPU
Optimizing NNI: done in 1.69501 secs using 394.4% CPU
Iteration 80 / LogL: -5682.485 / Time: 0h:2m:20s (0h:2m:17s left)
Optimizing NNI: done in 1.27555 secs using 393.1% CPU
Optimizing NNI: done in 1.03338 secs using 390.5% CPU
Optimizing NNI: done in 1.50862 secs using 383.7% CPU
Estimate model parameters (epsilon = 0.100)
BETTER TREE FOUND at iteration 83: -5665.781
Optimizing NNI: done in 1.43431 secs using 395.7% CPU
Optimizing NNI: done in 1.44531 secs using 395.7% CPU
Optimizing NNI: done in 1.14235 secs using 383.2% CPU
Optimizing NNI: done in 1.4727 secs using 393.3% CPU
Optimizing NNI: done in 1.17317 secs using 395.8% CPU
Optimizing NNI: done in 1.19782 secs using 394% CPU
Optimizing NNI: done in 1.56277 secs using 384.1% CPU
Iteration 90 / LogL: -5733.018 / Time: 0h:2m:35s (0h:2m:42s left)
Optimizing NNI: done in 1.21977 secs using 392.7% CPU
Optimizing NNI: done in 1.40638 secs using 397.1% CPU
Optimizing NNI: done in 1.22119 secs using 396.1% CPU
Optimizing NNI: done in 1.19333 secs using 381.6% CPU
Optimizing NNI: done in 1.77907 secs using 395.3% CPU
Optimizing NNI: done in 1.14201 secs using 395.2% CPU
Optimizing NNI: done in 1.40712 secs using 395.2% CPU
Optimizing NNI: done in 1.46013 secs using 383.9% CPU
Optimizing NNI: done in 1.07296 secs using 391.2% CPU
Optimizing NNI: done in 1.21424 secs using 394.6% CPU
Iteration 100 / LogL: -5671.313 / Time: 0h:2m:49s (0h:2m:21s left)
Optimizing NNI: done in 1.02623 secs using 393.5% CPU
Optimizing NNI: done in 1.3961 secs using 381.2% CPU
Optimizing NNI: done in 1.40188 secs using 396.1% CPU
Optimizing NNI: done in 1.22868 secs using 394.6% CPU
Optimizing NNI: done in 1.25234 secs using 394.9% CPU
Optimizing NNI: done in 1.52169 secs using 383.4% CPU
Optimizing NNI: done in 1.34181 secs using 395% CPU
Optimizing NNI: done in 1.66156 secs using 395.5% CPU
Optimizing NNI: done in 1.36538 secs using 396.9% CPU
Estimate model parameters (epsilon = 0.100)
BETTER TREE FOUND at iteration 109: -5665.377
Optimizing NNI: done in 1.20322 secs using 393.4% CPU
Iteration 110 / LogL: -5669.633 / Time: 0h:3m:4s (0h:2m:47s left)
Optimizing NNI: done in 1.38225 secs using 393.8% CPU
Optimizing NNI: done in 1.16605 secs using 396.1% CPU
Optimizing NNI: done in 1.69631 secs using 386.4% CPU
Estimate model parameters (epsilon = 0.100)
BETTER TREE FOUND at iteration 113: -5661.047
Optimizing NNI: done in 1.40969 secs using 394% CPU
Optimizing NNI: done in 1.62694 secs using 394.4% CPU
Optimizing NNI: done in 1.19439 secs using 380.9% CPU
Optimizing NNI: done in 1.16298 secs using 393.3% CPU
Optimizing NNI: done in 1.27148 secs using 394.1% CPU
Optimizing NNI: done in 1.26535 secs using 397.2% CPU
Estimate model parameters (epsilon = 0.100)
BETTER TREE FOUND at iteration 119: -5657.790
Optimizing NNI: done in 1.45451 secs using 383.3% CPU
Iteration 120 / LogL: -5668.658 / Time: 0h:3m:20s (0h:2m:46s left)
Optimizing NNI: done in 1.35096 secs using 394.5% CPU
Optimizing NNI: done in 1.73912 secs using 393.7% CPU
Optimizing NNI: done in 1.25561 secs using 384% CPU
Optimizing NNI: done in 1.38832 secs using 393.9% CPU
Optimizing NNI: done in 1.65874 secs using 396.1% CPU
Optimizing NNI: done in 1.34829 secs using 395.7% CPU
Optimizing NNI: done in 1.38521 secs using 381.1% CPU
Optimizing NNI: done in 1.24168 secs using 394.1% CPU
Optimizing NNI: done in 1.26198 secs using 394.1% CPU
Optimizing NNI: done in 1.22228 secs using 392.2% CPU
Iteration 130 / LogL: -5671.845 / Time: 0h:3m:35s (0h:2m:28s left)
Optimizing NNI: done in 1.49398 secs using 384.8% CPU
Optimizing NNI: done in 0.896029 secs using 396.2% CPU
Optimizing NNI: done in 1.16134 secs using 396.8% CPU
Optimizing NNI: done in 1.12178 secs using 392.6% CPU
Optimizing NNI: done in 1.40293 secs using 383% CPU
Optimizing NNI: done in 1.20652 secs using 393.5% CPU
Optimizing NNI: done in 1.25366 secs using 393.8% CPU
Optimizing NNI: done in 1.2771 secs using 395.9% CPU
Optimizing NNI: done in 0.926809 secs using 398.4% CPU
Optimizing NNI: done in 1.57607 secs using 384.5% CPU
Iteration 140 / LogL: -5663.042 / Time: 0h:3m:48s (0h:2m:9s left)
Optimizing NNI: done in 1.64502 secs using 395.9% CPU
Optimizing NNI: done in 1.25709 secs using 396% CPU
Optimizing NNI: done in 1.47615 secs using 383.7% CPU
Optimizing NNI: done in 1.43207 secs using 394.7% CPU
Optimizing NNI: done in 1.36428 secs using 395% CPU
Optimizing NNI: done in 1.27366 secs using 395.4% CPU
Optimizing NNI: done in 1.61674 secs using 382.6% CPU
Estimate model parameters (epsilon = 0.100)
BETTER TREE FOUND at iteration 147: -5657.708
Optimizing NNI: done in 1.05971 secs using 393.2% CPU
Optimizing NNI: done in 1.14888 secs using 395.4% CPU
Optimizing NNI: done in 1.56296 secs using 388.9% CPU
Iteration 150 / LogL: -5688.633 / Time: 0h:4m:3s (0h:2m:38s left)
Optimizing NNI: done in 1.13528 secs using 395.6% CPU
Optimizing NNI: done in 1.40805 secs using 395.6% CPU
Optimizing NNI: done in 1.31028 secs using 395.8% CPU
Optimizing NNI: done in 1.6451 secs using 385% CPU
Optimizing NNI: done in 1.5009 secs using 395.1% CPU
Optimizing NNI: done in 1.1882 secs using 393.1% CPU
Optimizing NNI: done in 1.14432 secs using 395.9% CPU
Optimizing NNI: done in 1.41926 secs using 381.5% CPU
Optimizing NNI: done in 1.38802 secs using 395.5% CPU
Optimizing NNI: done in 1.02382 secs using 392.5% CPU
Iteration 160 / LogL: -5667.161 / Time: 0h:4m:17s (0h:2m:20s left)
Optimizing NNI: done in 1.29078 secs using 394.6% CPU
Optimizing NNI: done in 1.37604 secs using 382% CPU
Optimizing NNI: done in 1.01365 secs using 393.6% CPU
Optimizing NNI: done in 1.03433 secs using 392.7% CPU
Optimizing NNI: done in 1.01313 secs using 396.1% CPU
Optimizing NNI: done in 1.48531 secs using 396.3% CPU
Optimizing NNI: done in 1.53223 secs using 382.9% CPU
Optimizing NNI: done in 0.994107 secs using 393.3% CPU
Optimizing NNI: done in 1.16477 secs using 394.3% CPU
Optimizing NNI: done in 1.50254 secs using 395.9% CPU
Iteration 170 / LogL: -5661.473 / Time: 0h:4m:30s (0h:2m:3s left)
Optimizing NNI: done in 1.39586 secs using 382.1% CPU
Optimizing NNI: done in 1.15671 secs using 394.3% CPU
Optimizing NNI: done in 1.21206 secs using 394.4% CPU
Optimizing NNI: done in 1.07925 secs using 395.8% CPU
Optimizing NNI: done in 1.2312 secs using 380.8% CPU
Optimizing NNI: done in 1.3813 secs using 395.7% CPU
Optimizing NNI: done in 1.23299 secs using 395.8% CPU
Optimizing NNI: done in 1.41254 secs using 395.3% CPU
Optimizing NNI: done in 1.33976 secs using 383.6% CPU
Optimizing NNI: done in 1.43052 secs using 397.2% CPU
Iteration 180 / LogL: -5668.480 / Time: 0h:4m:43s (0h:1m:46s left)
Optimizing NNI: done in 1.22343 secs using 396% CPU
Optimizing NNI: done in 1.02291 secs using 396% CPU
Optimizing NNI: done in 1.1519 secs using 381.2% CPU
Optimizing NNI: done in 1.38706 secs using 394.5% CPU
Optimizing NNI: done in 1.3005 secs using 396% CPU
Optimizing NNI: done in 1.55133 secs using 394.4% CPU
Optimizing NNI: done in 1.50468 secs using 381.5% CPU
Optimizing NNI: done in 1.05694 secs using 394.7% CPU
Optimizing NNI: done in 1.07828 secs using 394.1% CPU
Optimizing NNI: done in 0.994365 secs using 391.5% CPU
Iteration 190 / LogL: -5666.687 / Time: 0h:4m:56s (0h:1m:29s left)
Optimizing NNI: done in 1.16619 secs using 384.9% CPU
Optimizing NNI: done in 1.51579 secs using 394.7% CPU
Optimizing NNI: done in 1.11919 secs using 394% CPU
Optimizing NNI: done in 1.03671 secs using 394.6% CPU
Optimizing NNI: done in 1.43136 secs using 387.1% CPU
Optimizing NNI: done in 1.00444 secs using 394.8% CPU
Optimizing NNI: done in 1.03489 secs using 394.2% CPU
Optimizing NNI: done in 1.42923 secs using 396.6% CPU
Optimizing NNI: done in 1.2628 secs using 396.7% CPU
Optimizing NNI: done in 1.05933 secs using 388.3% CPU
Iteration 200 / LogL: -5688.649 / Time: 0h:5m:9s (0h:1m:13s left)
Optimizing NNI: done in 1.01597 secs using 395.7% CPU
Optimizing NNI: done in 1.54619 secs using 397.5% CPU
Optimizing NNI: done in 1.17989 secs using 394.5% CPU
Optimizing NNI: done in 1.24904 secs using 381.7% CPU
Optimizing NNI: done in 1.03037 secs using 395.8% CPU
Optimizing NNI: done in 1.1894 secs using 395.9% CPU
Optimizing NNI: done in 1.18525 secs using 394.9% CPU
Optimizing NNI: done in 1.54326 secs using 384.4% CPU
Optimizing NNI: done in 1.29175 secs using 395.7% CPU
Optimizing NNI: done in 1.56461 secs using 395.4% CPU
Iteration 210 / LogL: -5677.787 / Time: 0h:5m:23s (0h:0m:57s left)
Optimizing NNI: done in 1.20551 secs using 396.7% CPU
Optimizing NNI: done in 1.3791 secs using 382.6% CPU
Optimizing NNI: done in 0.859434 secs using 392.7% CPU
Optimizing NNI: done in 1.16127 secs using 396.7% CPU
Optimizing NNI: done in 1.66709 secs using 395.3% CPU
Optimizing NNI: done in 1.71987 secs using 385.7% CPU
Optimizing NNI: done in 1.44107 secs using 394.7% CPU
Optimizing NNI: done in 1.0189 secs using 396.4% CPU
Optimizing NNI: done in 1.30124 secs using 393.5% CPU
Optimizing NNI: done in 1.3083 secs using 383.5% CPU
Iteration 220 / LogL: -5662.126 / Time: 0h:5m:36s (0h:0m:41s left)
Optimizing NNI: done in 1.69896 secs using 394.7% CPU
Optimizing NNI: done in 1.31403 secs using 396.5% CPU
Optimizing NNI: done in 1.13062 secs using 396.5% CPU
Optimizing NNI: done in 1.39299 secs using 382.8% CPU
Optimizing NNI: done in 1.33693 secs using 394.2% CPU
Optimizing NNI: done in 1.16509 secs using 393.6% CPU
Optimizing NNI: done in 1.28152 secs using 394% CPU
Optimizing NNI: done in 1.74759 secs using 384.5% CPU
Optimizing NNI: done in 1.0637 secs using 394.6% CPU
Optimizing NNI: done in 1.67179 secs using 395.7% CPU
Iteration 230 / LogL: -5661.935 / Time: 0h:5m:51s (0h:0m:26s left)
Optimizing NNI: done in 1.3597 secs using 385.7% CPU
Optimizing NNI: done in 1.71555 secs using 395.2% CPU
Optimizing NNI: done in 1.30237 secs using 394.3% CPU
Optimizing NNI: done in 1.67246 secs using 396.3% CPU
Optimizing NNI: done in 1.05733 secs using 381% CPU
Optimizing NNI: done in 1.17899 secs using 396% CPU
Optimizing NNI: done in 1.69355 secs using 395.1% CPU
Optimizing NNI: done in 1.20194 secs using 393.3% CPU
Optimizing NNI: done in 1.33999 secs using 384% CPU
Optimizing NNI: done in 1.35162 secs using 396.2% CPU
Iteration 240 / LogL: -5668.215 / Time: 0h:6m:5s (0h:0m:10s left)
Optimizing NNI: done in 1.26977 secs using 394.8% CPU
Optimizing NNI: done in 1.2265 secs using 396.1% CPU
Estimate model parameters (epsilon = 0.100)
BETTER TREE FOUND at iteration 242: -5657.312
Optimizing NNI: done in 0.953206 secs using 393.4% CPU
Optimizing NNI: done in 1.33673 secs using 394.9% CPU
Optimizing NNI: done in 1.47565 secs using 395% CPU
Optimizing NNI: done in 1.17203 secs using 385% CPU
Optimizing NNI: done in 1.33644 secs using 394.9% CPU
Optimizing NNI: done in 1.21599 secs using 394.8% CPU
Optimizing NNI: done in 1.18485 secs using 393.8% CPU
Optimizing NNI: done in 1.66024 secs using 385% CPU
Iteration 250 / LogL: -5673.103 / Time: 0h:6m:20s (0h:2m:20s left)
Optimizing NNI: done in 1.03526 secs using 392.6% CPU
Optimizing NNI: done in 1.55125 secs using 396.9% CPU
Optimizing NNI: done in 1.16992 secs using 393.8% CPU
Optimizing NNI: done in 1.21446 secs using 383.4% CPU
Optimizing NNI: done in 1.28508 secs using 396.3% CPU
Optimizing NNI: done in 1.28599 secs using 394.2% CPU
Optimizing NNI: done in 1.23202 secs using 395.4% CPU
Optimizing NNI: done in 1.31219 secs using 382.6% CPU
Optimizing NNI: done in 1.93739 secs using 395.4% CPU
Optimizing NNI: done in 1.00063 secs using 394.4% CPU
Iteration 260 / LogL: -5671.961 / Time: 0h:6m:34s (0h:2m:4s left)
Optimizing NNI: done in 1.3391 secs using 394.8% CPU
Optimizing NNI: done in 1.18621 secs using 380.2% CPU
Optimizing NNI: done in 1.13095 secs using 394% CPU
Optimizing NNI: done in 1.56426 secs using 395.1% CPU
Optimizing NNI: done in 1.46831 secs using 392.7% CPU
Optimizing NNI: done in 1.60061 secs using 385.3% CPU
Optimizing NNI: done in 1.11662 secs using 394.9% CPU
Optimizing NNI: done in 1.32761 secs using 393.1% CPU
Optimizing NNI: done in 1.57465 secs using 393.3% CPU
Optimizing NNI: done in 1.37169 secs using 383.2% CPU
Iteration 270 / LogL: -5664.762 / Time: 0h:6m:48s (0h:1m:49s left)
Optimizing NNI: done in 1.32964 secs using 395.3% CPU
Optimizing NNI: done in 1.13994 secs using 393.9% CPU
Optimizing NNI: done in 1.12031 secs using 395.2% CPU
Optimizing NNI: done in 1.32348 secs using 381% CPU
Optimizing NNI: done in 1.08384 secs using 393.9% CPU
Optimizing NNI: done in 1.05243 secs using 393.3% CPU
Optimizing NNI: done in 1.15159 secs using 394% CPU
Optimizing NNI: done in 1.38891 secs using 385.1% CPU
Optimizing NNI: done in 1.18429 secs using 394.1% CPU
Optimizing NNI: done in 1.29601 secs using 394.4% CPU
Iteration 280 / LogL: -5661.172 / Time: 0h:7m:1s (0h:1m:33s left)
Optimizing NNI: done in 1.17971 secs using 396.7% CPU
Optimizing NNI: done in 1.46249 secs using 383.8% CPU
Optimizing NNI: done in 1.2257 secs using 393.9% CPU
Optimizing NNI: done in 1.47381 secs using 395.4% CPU
Optimizing NNI: done in 1.64611 secs using 395.7% CPU
Optimizing NNI: done in 1.45923 secs using 386.2% CPU
Optimizing NNI: done in 1.21486 secs using 393.3% CPU
Optimizing NNI: done in 1.56375 secs using 395.5% CPU
Optimizing NNI: done in 1.02244 secs using 393.7% CPU
Optimizing NNI: done in 1.38163 secs using 382.9% CPU
Iteration 290 / LogL: -5668.040 / Time: 0h:7m:15s (0h:1m:18s left)
Optimizing NNI: done in 0.824804 secs using 390.9% CPU
Optimizing NNI: done in 1.20892 secs using 392.2% CPU
Optimizing NNI: done in 1.54476 secs using 392.9% CPU
Optimizing NNI: done in 1.20768 secs using 380.7% CPU
Optimizing NNI: done in 0.966805 secs using 397.9% CPU
Optimizing NNI: done in 1.23323 secs using 395.4% CPU
Optimizing NNI: done in 1.36412 secs using 392.7% CPU
Optimizing NNI: done in 1.27791 secs using 385.4% CPU
Optimizing NNI: done in 1.10832 secs using 395.3% CPU
Optimizing NNI: done in 1.3401 secs using 394% CPU
Iteration 300 / LogL: -5663.948 / Time: 0h:7m:28s (0h:1m:2s left)
Optimizing NNI: done in 1.69159 secs using 395.4% CPU
Optimizing NNI: done in 1.19535 secs using 380.8% CPU
Optimizing NNI: done in 1.41021 secs using 394.6% CPU
BETTER TREE FOUND at iteration 303: -5657.310
Optimizing NNI: done in 1.05706 secs using 393% CPU
Optimizing NNI: done in 1.23015 secs using 392.6% CPU
Optimizing NNI: done in 1.91841 secs using 387.7% CPU
Optimizing NNI: done in 1.34564 secs using 393.3% CPU
Optimizing NNI: done in 1.06307 secs using 395.7% CPU
Optimizing NNI: done in 1.42314 secs using 395.5% CPU
Optimizing NNI: done in 1.30914 secs using 383% CPU
Iteration 310 / LogL: -5669.479 / Time: 0h:7m:42s (0h:2m:19s left)
Optimizing NNI: done in 1.69617 secs using 397.2% CPU
Optimizing NNI: done in 1.12962 secs using 395.8% CPU
Optimizing NNI: done in 1.21434 secs using 394.4% CPU
Optimizing NNI: done in 1.06516 secs using 388.5% CPU
Optimizing NNI: done in 1.12448 secs using 394.3% CPU
Optimizing NNI: done in 1.2881 secs using 395.4% CPU
Optimizing NNI: done in 1.30681 secs using 394.5% CPU
Optimizing NNI: done in 1.63918 secs using 385% CPU
Optimizing NNI: done in 1.08457 secs using 393.9% CPU
Optimizing NNI: done in 1.219 secs using 393.7% CPU
Iteration 320 / LogL: -5670.357 / Time: 0h:7m:56s (0h:2m:3s left)
Optimizing NNI: done in 1.3104 secs using 394.8% CPU
Optimizing NNI: done in 1.29228 secs using 382% CPU
Optimizing NNI: done in 1.03451 secs using 396.4% CPU
Optimizing NNI: done in 1.16009 secs using 395.1% CPU
Optimizing NNI: done in 1.17041 secs using 396% CPU
Optimizing NNI: done in 2.16513 secs using 388.8% CPU
Optimizing NNI: done in 1.75326 secs using 395.3% CPU
Optimizing NNI: done in 1.17167 secs using 392.8% CPU
Optimizing NNI: done in 1.44545 secs using 386.2% CPU
BETTER TREE FOUND at iteration 329: -5657.308
Optimizing NNI: done in 1.3875 secs using 394.6% CPU
Iteration 330 / LogL: -5683.977 / Time: 0h:8m:10s (0h:2m:27s left)
Optimizing NNI: done in 1.37657 secs using 396.5% CPU
Optimizing NNI: done in 1.23511 secs using 392.8% CPU
Optimizing NNI: done in 1.35751 secs using 380.8% CPU
Optimizing NNI: done in 1.40923 secs using 395.1% CPU
Optimizing NNI: done in 1.58798 secs using 397.7% CPU
Optimizing NNI: done in 1.51909 secs using 395.3% CPU
Optimizing NNI: done in 1.33334 secs using 381% CPU
Optimizing NNI: done in 1.22081 secs using 395.3% CPU
Optimizing NNI: done in 1.24804 secs using 393% CPU
Optimizing NNI: done in 1.23669 secs using 395.2% CPU
Iteration 340 / LogL: -5661.968 / Time: 0h:8m:25s (0h:2m:12s left)
Optimizing NNI: done in 1.51523 secs using 385% CPU
Optimizing NNI: done in 1.15081 secs using 394.9% CPU
Optimizing NNI: done in 1.1461 secs using 393.9% CPU
Optimizing NNI: done in 1.35867 secs using 393.5% CPU
Optimizing NNI: done in 1.35338 secs using 383.4% CPU
Estimate model parameters (epsilon = 0.100)
BETTER TREE FOUND at iteration 345: -5656.451
Optimizing NNI: done in 1.17863 secs using 392.9% CPU
Optimizing NNI: done in 1.2105 secs using 392.6% CPU
Optimizing NNI: done in 1.23695 secs using 385.9% CPU
Optimizing NNI: done in 0.833259 secs using 396.9% CPU
Optimizing NNI: done in 1.01699 secs using 392.9% CPU
Iteration 350 / LogL: -5661.420 / Time: 0h:8m:38s (0h:2m:21s left)
Optimizing NNI: done in 1.30149 secs using 394.9% CPU
Optimizing NNI: done in 1.18378 secs using 395.3% CPU
Optimizing NNI: done in 1.45157 secs using 385.1% CPU
Optimizing NNI: done in 1.38705 secs using 395.8% CPU
Optimizing NNI: done in 1.16301 secs using 394.3% CPU
Optimizing NNI: done in 1.44508 secs using 396.6% CPU
Optimizing NNI: done in 1.35183 secs using 383.5% CPU
Optimizing NNI: done in 1.2344 secs using 395.4% CPU
Optimizing NNI: done in 1.29399 secs using 395.8% CPU
Optimizing NNI: done in 1.13757 secs using 394.4% CPU
Iteration 360 / LogL: -5669.959 / Time: 0h:8m:52s (0h:2m:5s left)
Optimizing NNI: done in 1.36339 secs using 385.4% CPU
Optimizing NNI: done in 1.48687 secs using 394.9% CPU
Optimizing NNI: done in 1.26232 secs using 394.1% CPU
Optimizing NNI: done in 1.21685 secs using 394.4% CPU
Optimizing NNI: done in 1.41805 secs using 383.7% CPU
Optimizing NNI: done in 1.41516 secs using 393.4% CPU
Optimizing NNI: done in 1.23068 secs using 394.3% CPU
Optimizing NNI: done in 1.49655 secs using 387.8% CPU
Optimizing NNI: done in 1.505 secs using 393.3% CPU
Optimizing NNI: done in 1.32676 secs using 394.3% CPU
Iteration 370 / LogL: -5663.189 / Time: 0h:9m:6s (0h:1m:51s left)
Optimizing NNI: done in 1.2456 secs using 392.6% CPU
Optimizing NNI: done in 1.61536 secs using 383.6% CPU
Optimizing NNI: done in 1.09473 secs using 394.1% CPU
Optimizing NNI: done in 1.37415 secs using 395.8% CPU
Optimizing NNI: done in 1.58792 secs using 394.2% CPU
Optimizing NNI: done in 1.66904 secs using 387.5% CPU
Optimizing NNI: done in 1.09429 secs using 395% CPU
Optimizing NNI: done in 1.50682 secs using 397.5% CPU
Optimizing NNI: done in 1.43634 secs using 387.7% CPU
Optimizing NNI: done in 1.63734 secs using 395.4% CPU
Iteration 380 / LogL: -5658.283 / Time: 0h:9m:21s (0h:1m:36s left)
Optimizing NNI: done in 1.24773 secs using 395.4% CPU
Optimizing NNI: done in 1.25676 secs using 393.7% CPU
Optimizing NNI: done in 1.52169 secs using 383.6% CPU
Optimizing NNI: done in 1.48814 secs using 396.1% CPU
Optimizing NNI: done in 1.1581 secs using 393.7% CPU
Optimizing NNI: done in 1.61615 secs using 396.9% CPU
Optimizing NNI: done in 1.31948 secs using 382.3% CPU
Optimizing NNI: done in 1.26465 secs using 396.3% CPU
Optimizing NNI: done in 1.45657 secs using 393.4% CPU
Optimizing NNI: done in 1.14682 secs using 394.1% CPU
Iteration 390 / LogL: -5672.961 / Time: 0h:9m:35s (0h:1m:21s left)
Optimizing NNI: done in 1.76054 secs using 384.1% CPU
Optimizing NNI: done in 1.51838 secs using 395.1% CPU
Optimizing NNI: done in 1.08232 secs using 393.4% CPU
Optimizing NNI: done in 1.30162 secs using 385.9% CPU
Optimizing NNI: done in 1.58082 secs using 394.2% CPU
Optimizing NNI: done in 1.26313 secs using 394.7% CPU
Optimizing NNI: done in 1.40528 secs using 395% CPU
Optimizing NNI: done in 1.3201 secs using 385.1% CPU
Optimizing NNI: done in 1.49997 secs using 394.5% CPU
Optimizing NNI: done in 1.20958 secs using 395.4% CPU
Iteration 400 / LogL: -5662.242 / Time: 0h:9m:50s (0h:1m:6s left)
Optimizing NNI: done in 1.53027 secs using 394% CPU
Optimizing NNI: done in 1.42463 secs using 385.1% CPU
Optimizing NNI: done in 1.48225 secs using 394.8% CPU
Optimizing NNI: done in 1.71951 secs using 395% CPU
Optimizing NNI: done in 1.32174 secs using 384.1% CPU
Optimizing NNI: done in 1.35138 secs using 394.9% CPU
Optimizing NNI: done in 1.09079 secs using 394.4% CPU
Optimizing NNI: done in 1.3731 secs using 394.2% CPU
Optimizing NNI: done in 1.42398 secs using 383.9% CPU
Optimizing NNI: done in 1.05155 secs using 396.3% CPU
Iteration 410 / LogL: -5658.050 / Time: 0h:10m:4s (0h:0m:51s left)
Optimizing NNI: done in 1.22828 secs using 395% CPU
Optimizing NNI: done in 1.07907 secs using 393.3% CPU
Optimizing NNI: done in 1.57731 secs using 386.4% CPU
Optimizing NNI: done in 1.42673 secs using 394.4% CPU
Optimizing NNI: done in 1.24436 secs using 394.1% CPU
Optimizing NNI: done in 1.31354 secs using 392.4% CPU
Optimizing NNI: done in 1.46942 secs using 382.9% CPU
Optimizing NNI: done in 1.18485 secs using 392.9% CPU
Optimizing NNI: done in 1.21228 secs using 395.5% CPU
Optimizing NNI: done in 1.20767 secs using 396.5% CPU
Iteration 420 / LogL: -5662.927 / Time: 0h:10m:18s (0h:0m:36s left)
Optimizing NNI: done in 0.997503 secs using 394.7% CPU
Optimizing NNI: done in 1.34797 secs using 396.4% CPU
Optimizing NNI: done in 1.28312 secs using 394.2% CPU
Optimizing NNI: done in 1.0372 secs using 392.8% CPU
Optimizing NNI: done in 1.5465 secs using 395.6% CPU
Optimizing NNI: done in 1.06878 secs using 390.6% CPU
Optimizing NNI: done in 1.91208 secs using 395.3% CPU
Optimizing NNI: done in 1.18982 secs using 392.9% CPU
Optimizing NNI: done in 1.0472 secs using 393.5% CPU
Optimizing NNI: done in 1.59459 secs using 395.8% CPU
Iteration 430 / LogL: -5665.805 / Time: 0h:10m:32s (0h:0m:22s left)
Optimizing NNI: done in 1.29297 secs using 396.3% CPU
Optimizing NNI: done in 1.67516 secs using 395.4% CPU
Optimizing NNI: done in 1.22829 secs using 392.3% CPU
Optimizing NNI: done in 1.06496 secs using 391.2% CPU
Optimizing NNI: done in 1.40519 secs using 393% CPU
Optimizing NNI: done in 1.80679 secs using 396.9% CPU
Optimizing NNI: done in 1.06275 secs using 393% CPU
Optimizing NNI: done in 1.34503 secs using 395% CPU
Optimizing NNI: done in 1.45366 secs using 384.8% CPU
Optimizing NNI: done in 1.46006 secs using 394% CPU
Iteration 440 / LogL: -5669.638 / Time: 0h:10m:46s (0h:0m:7s left)
Optimizing NNI: done in 1.07625 secs using 394.2% CPU
Optimizing NNI: done in 1.19229 secs using 394% CPU
Optimizing NNI: done in 1.54892 secs using 395.3% CPU
Optimizing NNI: done in 1.07485 secs using 396.8% CPU
Optimizing NNI: done in 1.63835 secs using 394.8% CPU
Optimizing NNI: done in 1.64625 secs using 394.7% CPU
TREE SEARCH COMPLETED AFTER 446 ITERATIONS / Time: 0h:10m:55s

--------------------------------------------------------------------
|                    FINALIZING TREE SEARCH                        |
--------------------------------------------------------------------
Performs final model parameters optimization
Estimate model parameters (epsilon = 0.010)
1. Initial log-likelihood: -5656.451
Optimal log-likelihood: -5656.450
Rate parameters:  A-C: 0.92275  A-G: 1.90099  A-T: 0.50176  C-G: 0.04277  C-T: 3.07305  G-T: 1.00000
Base frequencies:  A: 0.364  C: 0.158  G: 0.279  T: 0.199
Site proportion and rates:  (0.114,0.300) (0.155,0.316) (0.262,0.884) (0.303,0.907) (0.141,2.053) (0.026,4.721)
Parameters optimization took 1 rounds (0.588 sec)
BEST SCORE FOUND : -5656.450
Total tree length: 3.565

Total number of iterations: 446
CPU time used for tree search: 2444.276 sec (0h:40m:44s)
Wall-clock time used for tree search: 648.957 sec (0h:10m:48s)
Total CPU time used: 2467.493 sec (0h:41m:7s)
Total wall-clock time used: 655.998 sec (0h:10m:55s)

Analysis results written to: 
  IQ-TREE report:                IQTREE_bestTree.InWindow_4580_to_4830.iqtree
  Maximum-likelihood tree:       IQTREE_bestTree.InWindow_4580_to_4830.treefile
  Likelihood distances:          IQTREE_bestTree.InWindow_4580_to_4830.mldist
  Screen log file:               IQTREE_bestTree.InWindow_4580_to_4830.log

Date and Time: Sun Jul 23 04:27:24 2023
