IQ-TREE multicore version 2.2.2.7 COVID-edition for Linux 64-bit built Jun  7 2023
Developed by Bui Quang Minh, James Barbetti, Nguyen Lam Tung,
Olga Chernomor, Heiko Schmidt, Dominik Schrempf, Michael Woodhams, Ly Trong Nhan.

Host:    hpc-node03 (AVX2, FMA3, 1007 GB RAM)
Command: iqtree -s AlignedReadsInWindow_PositionsExcised_2290_to_2540.fasta -pre IQTREE_bestTree.InWindow_2290_to_2540 -m GTR+F+R6 -nt 2
Seed:    360960 (Using SPRNG - Scalable Parallel Random Number Generator)
Time:    Tue Jul 25 08:56:04 2023
Kernel:  AVX+FMA - 2 threads (2 CPU cores detected)

Reading alignment file AlignedReadsInWindow_PositionsExcised_2290_to_2540.fasta ... Fasta format detected
Reading fasta file: done in 0.00347285 secs using 66.8% CPU
Alignment most likely contains DNA/RNA sequences
Constructing alignment: done in 0.00131022 secs using 80.67% CPU
Alignment has 703 sequences with 157 columns, 144 distinct patterns
111 parsimony-informative, 12 singleton sites, 34 constant sites
                                                            Gap/Ambiguity  Composition  p-value
Analyzing sequences: done in 0.000188454 secs using 642.1% CPU
   1  200724_20-08518_HIV10-02405_FL24_S14_L000_read_1_count_539   22.29%    passed     99.54%
   2  200724_20-08518_HIV10-02405_FL24_S14_L000_read_2_count_127   22.29%    passed     97.96%
   3  200724_20-08518_HIV10-02405_FL24_S14_L000_read_3_count_35    22.29%    passed     97.91%
   4  200724_20-08518_HIV10-02405_FL24_S14_L000_read_4_count_22    22.29%    passed     97.96%
   5  200724_20-08518_HIV10-02405_FL24_S14_L000_read_5_count_19    22.29%    passed     99.74%
   6  200724_20-08518_HIV10-02405_FL24_S14_L000_read_6_count_11    22.29%    passed     99.71%
   7  200724_20-08518_HIV10-02405_FL24_S14_L000_read_7_count_7     22.29%    passed     99.71%
   8  200724_20-08518_HIV10-02405_FL24_S14_L000_read_8_count_7     22.29%    passed     97.96%
   9  200724_20-08518_HIV10-02405_FL24_S14_L000_read_9_count_7     22.29%    passed     99.96%
  10  200724_20-08518_HIV10-02405_FL24_S14_L000_read_10_count_7    22.29%    passed     99.74%
  11  200724_20-08518_HIV10-02405_FL24_S14_L000_read_11_count_6    22.29%    passed     99.74%
  12  200724_20-08518_HIV10-02405_FL24_S14_L000_read_12_count_6    22.29%    passed     99.71%
  13  200724_20-08518_HIV10-02405_FL24_S14_L000_read_13_count_6    22.29%    passed     99.71%
  14  200724_20-08518_HIV10-02405_FL24_S14_L000_read_14_count_5    22.29%    passed     98.24%
  15  200724_20-08518_HIV10-02405_FL24_S14_L000_read_15_count_5    22.29%    passed     97.96%
  16  200724_20-08518_HIV10-02405_FL24_S14_L000_read_16_count_5    22.29%    passed     99.40%
  17  200724_20-08518_HIV10-02405_FL24_S14_L000_read_17_count_5    22.29%    passed     99.74%
  18  200724_20-08518_HIV10-02405_FL24_S14_L000_read_18_count_4    22.29%    passed     99.39%
  19  200724_20-08518_HIV10-02405_FL24_S14_L000_read_19_count_4    22.29%    passed     99.74%
  20  200724_20-08518_HIV10-02405_FL24_S14_L000_read_20_count_4    22.29%    passed     97.96%
  21  200724_20-08518_HIV10-02405_FL24_S14_L000_read_21_count_4    22.29%    passed     93.91%
  22  200724_20-08518_HIV10-02405_FL24_S14_L000_read_22_count_4    22.29%    passed     97.96%
  23  200724_20-08518_HIV10-02405_FL24_S14_L000_read_23_count_4    22.29%    passed     99.74%
  24  200724_20-08518_HIV10-02405_FL24_S14_L000_read_24_count_3    22.29%    passed     93.94%
  25  200724_20-08518_HIV10-02405_FL24_S14_L000_read_25_count_3    22.29%    passed     96.66%
  26  200724_20-08518_HIV10-02405_FL24_S14_L000_read_26_count_3    22.29%    passed     97.91%
  27  200724_20-08518_HIV10-02405_FL24_S14_L000_read_27_count_3    22.29%    passed     93.91%
  28  200724_20-08518_HIV10-02405_FL24_S14_L000_read_28_count_3    22.29%    passed     99.74%
  29  200724_20-08518_HIV10-02405_FL24_S14_L000_read_29_count_2    22.29%    passed     99.39%
  30  200724_20-08518_HIV10-02405_FL24_S14_L000_read_30_count_2    22.29%    passed     99.96%
  31  200724_20-08518_HIV10-02405_FL24_S14_L000_read_31_count_2    22.29%    passed     97.96%
  32  200724_20-08518_HIV10-02405_FL24_S14_L000_read_32_count_2    22.29%    passed     99.74%
  33  200724_20-08518_HIV10-02405_FL24_S14_L000_read_33_count_2    22.29%    passed     96.66%
  34  200724_20-08518_HIV10-02405_FL24_S14_L000_read_34_count_2    22.29%    passed     86.79%
  35  200724_20-08518_HIV10-02405_FL24_S14_L000_read_35_count_2    22.29%    passed     97.96%
  36  200724_20-08518_HIV10-02405_FL24_S14_L000_read_36_count_2    22.29%    passed     99.54%
  37  200724_20-08518_HIV10-02405_FL24_S14_L000_read_37_count_2    22.29%    passed     99.71%
  38  200724_20-08518_HIV10-02405_FL24_S14_L000_read_38_count_2    22.29%    passed     99.74%
  39  200724_20-08518_HIV10-02405_FL24_S14_L000_read_39_count_2    22.29%    passed     99.54%
  40  200724_20-08518_HIV10-02405_FL24_S14_L000_read_40_count_2    22.29%    passed     97.96%
  41  200724_20-08518_HIV10-02405_FL24_S14_L000_read_41_count_2    22.29%    passed     99.74%
  42  200724_20-08518_HIV10-02405_FL24_S14_L000_read_42_count_2    22.29%    passed     99.74%
  43  200724_20-08518_HIV10-02405_FL24_S14_L000_read_43_count_2    22.29%    passed     99.96%
  44  200724_20-08518_HIV10-02405_FL24_S14_L000_read_44_count_2    22.29%    passed     97.96%
  45  200724_20-08518_HIV10-02405_FL24_S14_L000_read_45_count_2    22.29%    passed     99.74%
  46  200724_20-08518_HIV10-02405_FL24_S14_L000_read_46_count_1    22.29%    passed     99.74%
  47  200724_20-08518_HIV10-02405_FL24_S14_L000_read_47_count_1    22.29%    passed     99.74%
  48  200724_20-08518_HIV10-02405_FL24_S14_L000_read_48_count_1    21.66%    passed     99.15%
  49  200724_20-08518_HIV10-02405_FL24_S14_L000_read_49_count_1    22.93%    passed     98.73%
  50  200724_20-08518_HIV10-02405_FL24_S14_L000_read_50_count_1    22.29%    passed     98.24%
  51  200724_20-08518_HIV10-02405_FL24_S14_L000_read_51_count_1    22.29%    passed     99.54%
  52  200724_20-08518_HIV10-02405_FL24_S14_L000_read_52_count_1    22.29%    passed     96.66%
  53  200724_20-08518_HIV10-02405_FL24_S14_L000_read_53_count_1    22.29%    passed     93.91%
  54  200724_20-08518_HIV10-02405_FL24_S14_L000_read_54_count_1    22.29%    passed     99.54%
  55  200724_20-08518_HIV10-02405_FL24_S14_L000_read_55_count_1    22.29%    passed     93.91%
  56  200724_20-08518_HIV10-02405_FL24_S14_L000_read_56_count_1    22.29%    passed     98.88%
  57  200724_20-08518_HIV10-02405_FL24_S14_L000_read_57_count_1    22.29%    passed     93.91%
  58  200724_20-08518_HIV10-02405_FL24_S14_L000_read_58_count_1    22.29%    passed     96.29%
  59  200724_20-08518_HIV10-02405_FL24_S14_L000_read_59_count_1    22.29%    passed     99.96%
  60  200724_20-08518_HIV10-02405_FL24_S14_L000_read_60_count_1    22.29%    passed     96.66%
  61  200724_20-08518_HIV10-02405_FL24_S14_L000_read_61_count_1    22.29%    passed     96.98%
  62  200724_20-08518_HIV10-02405_FL24_S14_L000_read_62_count_1    22.29%    passed     99.54%
  63  200724_20-08518_HIV10-02405_FL24_S14_L000_read_63_count_1    22.29%    passed     99.74%
  64  200724_20-08518_HIV10-02405_FL24_S14_L000_read_64_count_1    22.29%    passed     99.71%
  65  200724_20-08518_HIV10-02405_FL24_S14_L000_read_65_count_1    22.29%    passed     99.09%
  66  200724_20-08518_HIV10-02405_FL24_S14_L000_read_66_count_1    22.29%    passed     96.29%
  67  200724_20-08518_HIV10-02405_FL24_S14_L000_read_67_count_1    22.29%    passed     99.74%
  68  200724_20-08518_HIV10-02405_FL24_S14_L000_read_68_count_1    22.29%    passed     99.39%
  69  200724_20-08518_HIV10-02405_FL24_S14_L000_read_69_count_1    22.29%    passed     99.54%
  70  200724_20-08518_HIV10-02405_FL24_S14_L000_read_70_count_1    22.29%    passed     97.91%
  71  200724_20-08518_HIV10-02405_FL24_S14_L000_read_71_count_1    22.29%    passed     99.54%
  72  200724_20-08518_HIV10-02405_FL24_S14_L000_read_72_count_1    22.29%    passed     99.54%
  73  200724_20-08518_HIV10-02405_FL24_S14_L000_read_73_count_1    22.29%    passed     98.24%
  74  200724_20-08518_HIV10-02405_FL24_S14_L000_read_74_count_1    22.29%    passed     97.96%
  75  200724_20-08518_HIV10-02405_FL24_S14_L000_read_75_count_1    22.29%    passed     99.54%
  76  200724_20-08518_HIV10-02405_FL24_S14_L000_read_76_count_1    22.29%    passed     99.74%
  77  200724_20-08518_HIV10-02405_FL24_S14_L000_read_77_count_1    22.29%    passed     99.39%
  78  200724_20-08518_HIV10-02405_FL24_S14_L000_read_78_count_1    17.20%    passed     95.71%
  79  200724_20-08518_HIV10-02405_FL24_S14_L000_read_79_count_1    22.29%    passed     99.96%
  80  200724_20-08518_HIV10-02405_FL24_S14_L000_read_80_count_1    22.29%    passed     98.43%
  81  200724_20-08518_HIV10-02405_FL24_S14_L000_read_81_count_1    22.29%    passed     97.96%
  82  200724_20-08518_HIV10-02405_FL24_S14_L000_read_82_count_1    22.29%    passed     96.89%
  83  200724_20-08518_HIV10-02405_FL24_S14_L000_read_83_count_1    23.57%    passed     99.41%
  84  200724_20-08518_HIV10-02405_FL24_S14_L000_read_84_count_1    22.29%    passed     96.29%
  85  200724_20-08518_HIV10-02405_FL24_S14_L000_read_85_count_1    22.29%    passed     96.89%
  86  200724_20-08518_HIV10-02405_FL24_S14_L000_read_86_count_1    22.29%    passed     99.74%
  87  200724_20-08518_HIV10-02405_FL24_S14_L000_read_87_count_1    22.29%    passed     99.71%
  88  200724_20-08518_HIV10-02405_FL24_S14_L000_read_88_count_1    22.29%    passed     96.66%
  89  200724_20-08518_HIV10-02405_FL24_S14_L000_read_89_count_1    22.29%    passed     96.88%
  90  200724_20-08518_HIV10-02405_FL24_S14_L000_read_90_count_1    22.29%    passed     90.35%
  91  200724_20-08518_HIV10-02405_FL24_S14_L000_read_91_count_1    22.29%    passed     97.96%
  92  200724_20-08518_HIV10-02405_FL24_S14_L000_read_92_count_1    22.29%    passed     99.39%
  93  200724_20-08518_HIV10-02405_FL24_S14_L000_read_93_count_1    22.29%    passed     93.91%
  94  200724_20-08518_HIV10-02405_FL24_S14_L000_read_94_count_1    22.29%    passed     93.91%
  95  200724_20-08518_HIV10-02405_FL24_S14_L000_read_95_count_1    22.93%    passed     99.60%
  96  200724_20-08518_HIV10-02405_FL24_S14_L000_read_96_count_1    22.29%    passed     97.96%
  97  200724_20-08518_HIV10-02405_FL24_S14_L000_read_97_count_1    22.29%    passed     99.39%
  98  200724_20-08518_HIV10-02405_FL24_S14_L000_read_98_count_1    22.29%    passed     89.55%
  99  200724_20-08518_HIV10-02405_FL24_S14_L000_read_99_count_1    22.29%    passed     99.39%
 100  200724_20-08518_HIV10-02405_FL24_S14_L000_read_100_count_1   22.29%    passed     96.66%
 101  200724_20-08518_HIV10-02405_FL24_S14_L000_read_101_count_1   22.29%    passed     99.74%
 102  200724_20-08518_HIV10-02405_FL24_S14_L000_read_102_count_1   22.29%    passed     99.54%
 103  200724_20-08518_HIV10-02405_FL24_S14_L000_read_103_count_1   22.29%    passed     96.89%
 104  200724_20-08518_HIV10-02405_FL24_S14_L000_read_104_count_1   22.29%    passed     99.71%
 105  200724_20-08518_HIV10-02405_FL24_S14_L000_read_105_count_1   22.93%    passed     99.60%
 106  200724_20-08518_HIV10-02405_FL24_S14_L000_read_106_count_1   22.29%    passed     99.96%
 107  200724_20-08518_HIV10-02405_FL24_S14_L000_read_107_count_1   22.29%    passed     96.98%
 108  200724_20-08518_HIV10-02405_FL24_S14_L000_read_108_count_1   22.29%    passed     98.43%
 109  200724_20-08518_HIV10-02405_FL24_S14_L000_read_109_count_1   22.29%    passed     99.34%
 110  200724_20-08518_HIV10-02405_FL24_S14_L000_read_110_count_1   22.29%    passed     99.74%
 111  200724_20-08518_HIV10-02405_FL24_S14_L000_read_111_count_1   22.29%    passed     93.91%
 112  200724_20-08518_HIV10-02405_FL24_S14_L000_read_112_count_1   22.29%    passed     99.74%
 113  200724_20-08518_HIV10-02405_FL24_S14_L000_read_113_count_1   22.29%    passed     97.96%
 114  200724_20-08518_HIV10-02405_FL24_S14_L000_read_114_count_1   22.29%    passed     99.54%
 115  200724_20-08518_HIV10-02405_FL24_S14_L000_read_115_count_1   22.29%    passed     96.66%
 116  200724_20-08518_HIV10-02405_FL24_S14_L000_read_116_count_1   22.29%    passed     97.96%
 117  200724_20-08518_HIV10-02405_FL24_S14_L000_read_117_count_1   22.29%    passed     94.58%
 118  200724_20-08518_HIV10-02405_FL24_S14_L000_read_118_count_1   22.29%    passed     97.64%
 119  200724_20-08518_HIV10-02405_FL24_S14_L000_read_119_count_1   22.29%    passed     99.39%
 120  200724_20-08518_HIV10-02405_FL24_S14_L000_read_120_count_1   22.29%    passed     99.54%
 121  200724_20-08518_HIV10-02405_FL24_S14_L000_read_121_count_1   22.29%    passed     99.71%
 122  200724_20-08518_HIV10-02405_FL24_S14_L000_read_122_count_1   22.29%    passed     95.46%
 123  200724_20-08518_HIV10-02405_FL24_S14_L000_read_123_count_1   22.29%    passed     89.13%
 124  200724_20-08518_HIV10-02405_FL24_S14_L000_read_124_count_1   22.29%    passed     97.91%
 125  200724_20-08518_HIV10-02405_FL24_S14_L000_read_125_count_1   22.29%    passed     97.64%
 126  200724_20-08518_HIV10-02405_FL24_S14_L000_read_126_count_1   22.29%    passed     97.50%
 127  200724_20-08518_HIV10-02405_FL24_S14_L000_read_127_count_1   22.29%    passed     96.29%
 128  200724_20-08518_HIV10-02405_FL24_S14_L000_read_128_count_1   22.29%    passed     97.96%
 129  200724_20-08518_HIV10-02405_FL24_S14_L000_read_129_count_1   22.29%    passed     99.71%
 130  200724_20-08518_HIV10-02405_FL24_S14_L000_read_130_count_1   22.29%    passed     97.96%
 131  200724_20-08518_HIV10-02405_FL24_S14_L000_read_131_count_1   22.29%    passed     99.54%
 132  200724_20-08518_HIV10-02405_FL24_S14_L000_read_132_count_1   22.29%    passed     99.40%
 133  200724_20-08518_HIV10-02405_FL24_S14_L000_read_133_count_1   22.29%    passed     97.50%
 134  200724_20-08518_HIV10-02405_FL24_S14_L000_read_134_count_1   22.29%    passed     99.96%
 135  200724_20-08518_HIV10-02405_FL24_S14_L000_read_135_count_1   22.93%    passed     99.60%
 136  200724_20-08518_HIV10-02405_FL24_S14_L000_read_136_count_1   22.29%    passed     99.40%
 137  200724_20-08518_HIV10-02405_FL24_S14_L000_read_137_count_1   22.29%    passed     98.43%
 138  200724_20-08518_HIV10-02405_FL24_S14_L000_read_138_count_1   22.29%    passed     93.91%
 139  200724_20-08518_HIV10-02405_FL24_S14_L000_read_139_count_1   22.29%    passed     98.88%
 140  200724_20-08518_HIV10-02405_FL24_S14_L000_read_140_count_1   22.29%    passed     96.29%
 141  200709_20-07994_HIV07-01067_FL21_S1_L000_read_1_count_493    21.66%    passed     99.70%
 142  200709_20-07994_HIV07-01067_FL21_S1_L000_read_2_count_265    21.66%    passed     98.82%
 143  200709_20-07994_HIV07-01067_FL21_S1_L000_read_3_count_168    21.66%    passed     97.45%
 144  200709_20-07994_HIV07-01067_FL21_S1_L000_read_4_count_78     21.66%    passed     95.94%
 145  200709_20-07994_HIV07-01067_FL21_S1_L000_read_5_count_21     21.66%    passed     95.19%
 146  200709_20-07994_HIV07-01067_FL21_S1_L000_read_6_count_13     21.66%    passed     98.64%
 147  200709_20-07994_HIV07-01067_FL21_S1_L000_read_7_count_13     21.66%    passed     95.20%
 148  200709_20-07994_HIV07-01067_FL21_S1_L000_read_8_count_8      21.66%    passed     98.82%
 149  200709_20-07994_HIV07-01067_FL21_S1_L000_read_9_count_7      21.66%    passed     94.16%
 150  200709_20-07994_HIV07-01067_FL21_S1_L000_read_10_count_7     21.66%    passed     98.82%
 151  200709_20-07994_HIV07-01067_FL21_S1_L000_read_11_count_5     21.66%    passed     99.70%
 152  200709_20-07994_HIV07-01067_FL21_S1_L000_read_12_count_4     21.66%    passed     99.50%
 153  200709_20-07994_HIV07-01067_FL21_S1_L000_read_13_count_4     21.66%    passed     98.64%
 154  200709_20-07994_HIV07-01067_FL21_S1_L000_read_14_count_3     21.66%    passed     90.99%
 155  200709_20-07994_HIV07-01067_FL21_S1_L000_read_15_count_3     21.66%    passed     90.19%
 156  200709_20-07994_HIV07-01067_FL21_S1_L000_read_16_count_2     21.66%    passed     90.49%
 157  200709_20-07994_HIV07-01067_FL21_S1_L000_read_17_count_2     21.66%    passed     98.64%
 158  200709_20-07994_HIV07-01067_FL21_S1_L000_read_18_count_2     21.66%    passed     94.16%
 159  200709_20-07994_HIV07-01067_FL21_S1_L000_read_19_count_2     21.66%    passed     99.82%
 160  200709_20-07994_HIV07-01067_FL21_S1_L000_read_20_count_2     21.66%    passed     99.70%
 161  200709_20-07994_HIV07-01067_FL21_S1_L000_read_21_count_2     21.66%    passed     98.40%
 162  200709_20-07994_HIV07-01067_FL21_S1_L000_read_22_count_2     21.66%    passed     94.16%
 163  200709_20-07994_HIV07-01067_FL21_S1_L000_read_23_count_2     21.66%    passed     99.50%
 164  200709_20-07994_HIV07-01067_FL21_S1_L000_read_24_count_2     21.66%    passed     95.19%
 165  200709_20-07994_HIV07-01067_FL21_S1_L000_read_25_count_2     21.66%    passed     98.82%
 166  200709_20-07994_HIV07-01067_FL21_S1_L000_read_26_count_2     21.66%    passed     90.19%
 167  200709_20-07994_HIV07-01067_FL21_S1_L000_read_27_count_2     21.66%    passed     99.50%
 168  200709_20-07994_HIV07-01067_FL21_S1_L000_read_28_count_2     21.66%    passed     95.94%
 169  200709_20-07994_HIV07-01067_FL21_S1_L000_read_29_count_2     21.66%    passed     98.82%
 170  200709_20-07994_HIV07-01067_FL21_S1_L000_read_30_count_2     21.66%    passed     98.82%
 171  200709_20-07994_HIV07-01067_FL21_S1_L000_read_31_count_1     21.66%    passed     95.20%
 172  200709_20-07994_HIV07-01067_FL21_S1_L000_read_32_count_1     22.29%    passed     99.39%
 173  200709_20-07994_HIV07-01067_FL21_S1_L000_read_33_count_1     21.66%    passed     99.50%
 174  200709_20-07994_HIV07-01067_FL21_S1_L000_read_34_count_1     20.38%    passed     97.99%
 175  200709_20-07994_HIV07-01067_FL21_S1_L000_read_35_count_1     21.66%    passed     95.94%
 176  200709_20-07994_HIV07-01067_FL21_S1_L000_read_36_count_1     21.66%    passed     98.82%
 177  200709_20-07994_HIV07-01067_FL21_S1_L000_read_37_count_1     21.66%    passed     99.50%
 178  200709_20-07994_HIV07-01067_FL21_S1_L000_read_38_count_1     21.66%    passed     97.45%
 179  200709_20-07994_HIV07-01067_FL21_S1_L000_read_39_count_1     21.66%    passed     95.20%
 180  200709_20-07994_HIV07-01067_FL21_S1_L000_read_40_count_1     21.66%    passed     97.91%
 181  200709_20-07994_HIV07-01067_FL21_S1_L000_read_41_count_1     21.66%    passed     99.50%
 182  200709_20-07994_HIV07-01067_FL21_S1_L000_read_42_count_1     21.66%    passed     97.44%
 183  200709_20-07994_HIV07-01067_FL21_S1_L000_read_43_count_1     22.29%    passed     99.09%
 184  200709_20-07994_HIV07-01067_FL21_S1_L000_read_44_count_1     21.66%    passed     98.64%
 185  200709_20-07994_HIV07-01067_FL21_S1_L000_read_45_count_1     21.66%    passed     99.50%
 186  200709_20-07994_HIV07-01067_FL21_S1_L000_read_46_count_1     21.66%    passed     97.45%
 187  200709_20-07994_HIV07-01067_FL21_S1_L000_read_47_count_1     21.66%    passed     97.44%
 188  200709_20-07994_HIV07-01067_FL21_S1_L000_read_48_count_1     21.66%    passed     97.44%
 189  200709_20-07994_HIV07-01067_FL21_S1_L000_read_49_count_1     22.29%    passed     99.39%
 190  200709_20-07994_HIV07-01067_FL21_S1_L000_read_50_count_1     21.66%    passed     98.64%
 191  200709_20-07994_HIV07-01067_FL21_S1_L000_read_51_count_1     21.66%    passed     98.64%
 192  200709_20-07994_HIV07-01067_FL21_S1_L000_read_52_count_1     21.66%    passed     90.19%
 193  200709_20-07994_HIV07-01067_FL21_S1_L000_read_53_count_1     21.66%    passed     99.70%
 194  200709_20-07994_HIV07-01067_FL21_S1_L000_read_54_count_1     21.66%    passed     90.19%
 195  200709_20-07994_HIV07-01067_FL21_S1_L000_read_55_count_1     21.66%    passed     95.19%
 196  200709_20-07994_HIV07-01067_FL21_S1_L000_read_56_count_1     21.66%    passed     98.82%
 197  200709_20-07994_HIV07-01067_FL21_S1_L000_read_57_count_1     21.66%    passed     95.19%
 198  200709_20-07994_HIV07-01067_FL21_S1_L000_read_58_count_1     21.66%    passed     89.62%
 199  200709_20-07994_HIV07-01067_FL21_S1_L000_read_59_count_1     21.66%    passed     98.40%
 200  200709_20-07994_HIV07-01067_FL21_S1_L000_read_60_count_1     21.66%    passed     97.91%
 201  200709_20-07994_HIV07-01067_FL21_S1_L000_read_61_count_1     21.66%    passed     97.45%
 202  200709_20-07994_HIV07-01067_FL21_S1_L000_read_62_count_1     21.66%    passed     93.23%
 203  200709_20-07994_HIV07-01067_FL21_S1_L000_read_63_count_1     21.66%    passed     99.70%
 204  200709_20-07994_HIV07-01067_FL21_S1_L000_read_64_count_1     21.66%    passed     99.50%
 205  200709_20-07994_HIV07-01067_FL21_S1_L000_read_65_count_1     21.66%    passed     93.66%
 206  200709_20-07994_HIV07-01067_FL21_S1_L000_read_66_count_1     21.66%    passed     90.19%
 207  200709_20-07994_HIV07-01067_FL21_S1_L000_read_67_count_1     21.66%    passed     95.19%
 208  200709_20-07994_HIV07-01067_FL21_S1_L000_read_68_count_1     21.66%    passed     98.08%
 209  200709_20-07994_HIV07-01067_FL21_S1_L000_read_69_count_1     21.66%    passed     90.99%
 210  200709_20-07994_HIV07-01067_FL21_S1_L000_read_70_count_1     22.29%    passed     99.09%
 211  200709_20-07994_HIV07-01067_FL21_S1_L000_read_71_count_1     17.20%    passed     98.61%
 212  200709_20-07994_HIV07-01067_FL21_S1_L000_read_72_count_1     21.66%    passed     91.75%
 213  200709_20-07994_HIV07-01067_FL21_S1_L000_read_73_count_1     21.66%    passed     99.70%
 214  200709_20-07994_HIV07-01067_FL21_S1_L000_read_74_count_1     21.66%    passed     78.26%
 215  200709_20-07994_HIV07-01067_FL21_S1_L000_read_75_count_1     21.66%    passed     99.50%
 216  200709_20-07994_HIV07-01067_FL21_S1_L000_read_76_count_1     21.66%    passed     98.64%
 217  200709_20-07994_HIV07-01067_FL21_S1_L000_read_77_count_1     21.66%    passed     98.82%
 218  200709_20-07994_HIV07-01067_FL21_S1_L000_read_78_count_1     21.66%    passed     99.70%
 219  200709_20-07994_HIV07-01067_FL21_S1_L000_read_79_count_1     21.66%    passed     95.19%
 220  200709_20-07994_HIV07-01067_FL21_S1_L000_read_80_count_1     21.66%    passed     98.40%
 221  200709_20-07994_HIV07-01067_FL21_S1_L000_read_81_count_1     21.66%    passed     97.91%
 222  200709_20-07994_HIV07-01067_FL21_S1_L000_read_82_count_1     21.66%    passed     99.50%
 223  200709_20-07994_HIV07-01067_FL21_S1_L000_read_83_count_1     21.66%    passed     97.16%
 224  200709_20-07994_HIV07-01067_FL21_S1_L000_read_84_count_1     21.66%    passed     93.34%
 225  200709_20-07994_HIV07-01067_FL21_S1_L000_read_85_count_1     21.66%    passed     97.45%
 226  200709_20-07994_HIV07-01067_FL21_S1_L000_read_86_count_1     21.66%    passed     98.82%
 227  200709_20-07994_HIV07-01067_FL21_S1_L000_read_87_count_1     21.66%    passed     95.94%
 228  200709_20-07994_HIV07-01067_FL21_S1_L000_read_88_count_1     21.66%    passed     97.44%
 229  200709_20-07994_HIV07-01067_FL21_S1_L000_read_89_count_1     21.66%    passed     98.34%
 230  200709_20-07994_HIV07-01067_FL21_S1_L000_read_90_count_1     21.66%    passed     98.82%
 231  200709_20-07994_HIV07-01067_FL21_S1_L000_read_91_count_1     21.66%    passed     95.94%
 232  200709_20-07994_HIV07-01067_FL21_S1_L000_read_92_count_1     21.66%    passed     98.08%
 233  200709_20-07994_HIV07-01067_FL21_S1_L000_read_93_count_1     21.66%    passed     98.82%
 234  200709_20-07994_HIV07-01067_FL21_S1_L000_read_94_count_1     21.66%    passed     91.75%
 235  200709_20-07994_HIV07-01067_FL21_S1_L000_read_95_count_1     22.29%    passed     99.09%
 236  200709_20-07994_HIV07-01067_FL21_S1_L000_read_96_count_1     21.66%    passed     98.82%
 237  200709_20-07994_HIV07-01067_FL21_S1_L000_read_97_count_1     21.66%    passed     91.75%
 238  200709_20-07994_HIV07-01067_FL21_S1_L000_read_98_count_1     21.66%    passed     99.70%
 239  200709_20-07994_HIV07-01067_FL21_S1_L000_read_99_count_1     21.66%    passed     98.82%
 240  200709_20-07994_HIV07-01067_FL21_S1_L000_read_100_count_1    21.66%    passed     98.34%
 241  200709_20-07994_HIV07-01067_FL21_S1_L000_read_101_count_1    21.66%    passed     98.82%
 242  200709_20-07994_HIV07-01067_FL21_S1_L000_read_102_count_1    21.66%    passed     97.45%
 243  200709_20-07994_HIV07-01067_FL21_S1_L000_read_103_count_1    21.66%    passed     97.44%
 244  200709_20-07994_HIV07-01067_FL21_S1_L000_read_104_count_1    21.66%    passed     98.40%
 245  200709_20-07994_HIV07-01067_FL21_S1_L000_read_105_count_1    21.66%    passed     83.91%
 246  200709_20-07994_HIV07-01067_FL21_S1_L000_read_106_count_1    21.66%    passed     99.50%
 247  200709_20-07994_HIV07-01067_FL21_S1_L000_read_107_count_1    21.66%    passed     98.82%
 248  200709_20-07994_HIV07-01067_FL21_S1_L000_read_108_count_1    21.66%    passed     99.93%
 249  200709_20-07994_HIV07-01067_FL21_S1_L000_read_109_count_1    21.66%    passed     98.82%
 250  200709_20-07994_HIV07-01067_FL21_S1_L000_read_110_count_1    21.66%    passed     95.94%
 251  200709_20-07994_HIV07-01067_FL21_S1_L000_read_111_count_1    21.66%    passed     94.16%
 252  200709_20-07994_HIV07-01067_FL21_S1_L000_read_112_count_1    21.66%    passed     95.20%
 253  200709_20-07994_HIV07-01067_FL21_S1_L000_read_113_count_1    21.66%    passed     96.04%
 254  200709_20-07994_HIV07-01067_FL21_S1_L000_read_114_count_1    21.66%    passed     97.44%
 255  200709_20-07994_HIV07-01067_FL21_S1_L000_read_115_count_1    21.66%    passed     98.82%
 256  200709_20-07994_HIV07-01067_FL21_S1_L000_read_116_count_1    21.66%    passed     93.88%
 257  200709_20-07994_HIV07-01067_FL21_S1_L000_read_117_count_1    21.66%    passed     99.70%
 258  200709_20-07994_HIV07-01067_FL21_S1_L000_read_118_count_1    21.66%    passed     99.50%
 259  200709_20-07994_HIV07-01067_FL21_S1_L000_read_119_count_1    21.66%    passed     98.40%
 260  200709_20-07994_HIV07-01067_FL21_S1_L000_read_120_count_1    21.66%    passed     95.19%
 261  200709_20-07994_HIV07-01067_FL21_S1_L000_read_121_count_1    21.66%    passed     97.16%
 262  200709_20-07994_HIV07-01067_FL21_S1_L000_read_122_count_1    21.66%    passed     99.50%
 263  200709_20-07994_HIV07-01067_FL21_S1_L000_read_123_count_1    21.66%    passed     90.19%
 264  200709_20-07994_HIV07-01067_FL21_S1_L000_read_124_count_1    21.66%    passed     91.75%
 265  200709_20-07994_HIV07-01067_FL21_S1_L000_read_125_count_1    21.66%    passed     99.82%
 266  200709_20-07994_HIV07-01067_FL21_S1_L000_read_126_count_1    21.66%    passed     97.85%
 267  200709_20-07994_HIV07-01067_FL21_S1_L000_read_127_count_1    21.66%    passed     99.70%
 268  200703_20-07825_HIV09-00618_FL18_S6_L000_read_1_count_1291   22.29%    passed     99.87%
 269  200703_20-07825_HIV09-00618_FL18_S6_L000_read_2_count_9      22.29%    passed     99.71%
 270  200703_20-07825_HIV09-00618_FL18_S6_L000_read_3_count_5      22.29%    passed     97.59%
 271  200703_20-07825_HIV09-00618_FL18_S6_L000_read_4_count_5      22.29%    passed     99.74%
 272  200703_20-07825_HIV09-00618_FL18_S6_L000_read_5_count_4      22.29%    passed     99.10%
 273  200703_20-07825_HIV09-00618_FL18_S6_L000_read_6_count_4      22.29%    passed     99.10%
 274  200703_20-07825_HIV09-00618_FL18_S6_L000_read_7_count_4      22.29%    passed     99.74%
 275  200703_20-07825_HIV09-00618_FL18_S6_L000_read_8_count_4      22.29%    passed     99.10%
 276  200703_20-07825_HIV09-00618_FL18_S6_L000_read_9_count_4      22.29%    passed     99.71%
 277  200703_20-07825_HIV09-00618_FL18_S6_L000_read_10_count_3     22.29%    passed     97.59%
 278  200703_20-07825_HIV09-00618_FL18_S6_L000_read_11_count_3     22.29%    passed     99.10%
 279  200703_20-07825_HIV09-00618_FL18_S6_L000_read_12_count_3     22.29%    passed     99.71%
 280  200703_20-07825_HIV09-00618_FL18_S6_L000_read_13_count_3     22.29%    passed     99.10%
 281  200703_20-07825_HIV09-00618_FL18_S6_L000_read_14_count_2     22.29%    passed     99.71%
 282  200703_20-07825_HIV09-00618_FL18_S6_L000_read_15_count_2     22.29%    passed     98.96%
 283  200703_20-07825_HIV09-00618_FL18_S6_L000_read_16_count_2     22.29%    passed     97.59%
 284  200703_20-07825_HIV09-00618_FL18_S6_L000_read_17_count_2     22.29%    passed     99.10%
 285  200703_20-07825_HIV09-00618_FL18_S6_L000_read_18_count_2     22.29%    passed     98.18%
 286  200703_20-07825_HIV09-00618_FL18_S6_L000_read_19_count_2     22.29%    passed     97.59%
 287  200703_20-07825_HIV09-00618_FL18_S6_L000_read_20_count_2     20.38%    passed     99.14%
 288  200703_20-07825_HIV09-00618_FL18_S6_L000_read_21_count_2     22.29%    passed     97.78%
 289  200703_20-07825_HIV09-00618_FL18_S6_L000_read_22_count_2     22.29%    passed     99.09%
 290  200703_20-07825_HIV09-00618_FL18_S6_L000_read_23_count_2     22.29%    passed     97.78%
 291  200703_20-07825_HIV09-00618_FL18_S6_L000_read_24_count_2     22.29%    passed     99.71%
 292  200703_20-07825_HIV09-00618_FL18_S6_L000_read_25_count_2     22.29%    passed     99.10%
 293  200703_20-07825_HIV09-00618_FL18_S6_L000_read_26_count_2     22.29%    passed     99.74%
 294  200703_20-07825_HIV09-00618_FL18_S6_L000_read_27_count_2     22.29%    passed     99.10%
 295  200703_20-07825_HIV09-00618_FL18_S6_L000_read_28_count_1     22.29%    passed     99.10%
 296  200703_20-07825_HIV09-00618_FL18_S6_L000_read_29_count_1     22.29%    passed     99.71%
 297  200703_20-07825_HIV09-00618_FL18_S6_L000_read_30_count_1     22.29%    passed     99.96%
 298  200703_20-07825_HIV09-00618_FL18_S6_L000_read_31_count_1     22.29%    passed     99.71%
 299  200703_20-07825_HIV09-00618_FL18_S6_L000_read_32_count_1     22.29%    passed     99.39%
 300  200703_20-07825_HIV09-00618_FL18_S6_L000_read_33_count_1     22.29%    passed     99.71%
 301  200703_20-07825_HIV09-00618_FL18_S6_L000_read_34_count_1     22.29%    passed     99.96%
 302  200703_20-07825_HIV09-00618_FL18_S6_L000_read_35_count_1     22.29%    passed     98.96%
 303  200703_20-07825_HIV09-00618_FL18_S6_L000_read_36_count_1     22.29%    passed     99.39%
 304  200703_20-07825_HIV09-00618_FL18_S6_L000_read_37_count_1     22.29%    passed     99.10%
 305  200703_20-07825_HIV09-00618_FL18_S6_L000_read_38_count_1     22.29%    passed     99.10%
 306  200703_20-07825_HIV09-00618_FL18_S6_L000_read_39_count_1     22.29%    passed     98.96%
 307  200703_20-07825_HIV09-00618_FL18_S6_L000_read_40_count_1     22.29%    passed     99.10%
 308  200703_20-07825_HIV09-00618_FL18_S6_L000_read_41_count_1     22.29%    passed     97.59%
 309  200703_20-07825_HIV09-00618_FL18_S6_L000_read_42_count_1     22.29%    passed     99.10%
 310  200703_20-07825_HIV09-00618_FL18_S6_L000_read_43_count_1     22.29%    passed     99.87%
 311  200703_20-07825_HIV09-00618_FL18_S6_L000_read_44_count_1     22.29%    passed     99.71%
 312  200703_20-07825_HIV09-00618_FL18_S6_L000_read_45_count_1     22.29%    passed     99.96%
 313  200703_20-07825_HIV09-00618_FL18_S6_L000_read_46_count_1     22.29%    passed     96.23%
 314  200703_20-07825_HIV09-00618_FL18_S6_L000_read_47_count_1     22.29%    passed     97.24%
 315  200703_20-07825_HIV09-00618_FL18_S6_L000_read_48_count_1     22.29%    passed     99.39%
 316  200703_20-07825_HIV09-00618_FL18_S6_L000_read_49_count_1     22.29%    passed     99.10%
 317  200703_20-07825_HIV09-00618_FL18_S6_L000_read_50_count_1     22.29%    passed     99.09%
 318  200703_20-07825_HIV09-00618_FL18_S6_L000_read_51_count_1     22.29%    passed     97.59%
 319  200703_20-07825_HIV09-00618_FL18_S6_L000_read_52_count_1     22.29%    passed     99.39%
 320  200703_20-07825_HIV09-00618_FL18_S6_L000_read_53_count_1     22.93%    passed     99.53%
 321  200703_20-07825_HIV09-00618_FL18_S6_L000_read_54_count_1     22.29%    passed     97.59%
 322  200703_20-07825_HIV09-00618_FL18_S6_L000_read_55_count_1     22.29%    passed     99.10%
 323  200703_20-07825_HIV09-00618_FL18_S6_L000_read_56_count_1     22.29%    passed     99.10%
 324  200703_20-07825_HIV09-00618_FL18_S6_L000_read_57_count_1     22.29%    passed     99.09%
 325  200703_20-07825_HIV09-00618_FL18_S6_L000_read_58_count_1     22.29%    passed     99.71%
 326  200703_20-07825_HIV09-00618_FL18_S6_L000_read_59_count_1     22.29%    passed     98.96%
 327  200703_20-07825_HIV09-00618_FL18_S6_L000_read_60_count_1     22.29%    passed     98.18%
 328  200703_20-07825_HIV09-00618_FL18_S6_L000_read_61_count_1     22.29%    passed     99.10%
 329  200703_20-07825_HIV09-00618_FL18_S6_L000_read_62_count_1     22.29%    passed     96.94%
 330  200703_20-07825_HIV09-00618_FL18_S6_L000_read_63_count_1     22.29%    passed     99.09%
 331  200703_20-07825_HIV09-00618_FL18_S6_L000_read_64_count_1     22.29%    passed     99.10%
 332  200703_20-07825_HIV09-00618_FL18_S6_L000_read_65_count_1     22.29%    passed     99.09%
 333  200703_20-07825_HIV09-00618_FL18_S6_L000_read_66_count_1     22.29%    passed     99.71%
 334  200703_20-07825_HIV09-00618_FL18_S6_L000_read_67_count_1     22.29%    passed     99.71%
 335  200703_20-07825_HIV09-00618_FL18_S6_L000_read_68_count_1     22.29%    passed     99.74%
 336  200703_20-07825_HIV09-00618_FL18_S6_L000_read_69_count_1     22.29%    passed     97.59%
 337  200703_20-07825_HIV09-00618_FL18_S6_L000_read_70_count_1     22.29%    passed     97.59%
 338  200703_20-07825_HIV09-00618_FL18_S6_L000_read_71_count_1     22.29%    passed     99.34%
 339  200703_20-07825_HIV09-00618_FL18_S6_L000_read_72_count_1     22.29%    passed     99.71%
 340  200703_20-07825_HIV09-00618_FL18_S6_L000_read_73_count_1     22.29%    passed     99.39%
 341  200703_20-07825_HIV09-00618_FL18_S6_L000_read_74_count_1     22.29%    passed     99.71%
 342  200703_20-07825_HIV09-00618_FL18_S6_L000_read_75_count_1     22.29%    passed     99.10%
 343  200703_20-07825_HIV09-00618_FL18_S6_L000_read_76_count_1     22.29%    passed     98.96%
 344  200703_20-07825_HIV09-00618_FL18_S6_L000_read_77_count_1     22.29%    passed     99.87%
 345  200703_20-07825_HIV09-00618_FL18_S6_L000_read_78_count_1     22.29%    passed     99.09%
 346  200703_20-07825_HIV09-00618_FL18_S6_L000_read_79_count_1     21.66%    passed     99.70%
 347  200703_20-07825_HIV09-00618_FL18_S6_L000_read_80_count_1     22.29%    passed     99.09%
 348  200703_20-07825_HIV09-00618_FL18_S6_L000_read_81_count_1     22.29%    passed     97.78%
 349  200703_20-07825_HIV09-00618_FL18_S6_L000_read_82_count_1     22.29%    passed     99.96%
 350  200703_20-07825_HIV09-00618_FL18_S6_L000_read_83_count_1     22.29%    passed     99.74%
 351  200703_20-07825_HIV09-00618_FL18_S6_L000_read_84_count_1     22.29%    passed     98.18%
 352  200703_20-07825_HIV09-00618_FL18_S6_L000_read_85_count_1     22.29%    passed     98.96%
 353  200703_20-07825_HIV09-00618_FL18_S6_L000_read_86_count_1     22.29%    passed     97.50%
 354  200703_20-07825_HIV09-00618_FL18_S6_L000_read_87_count_1     22.29%    passed     99.34%
 355  200703_20-07825_HIV09-00618_FL18_S6_L000_read_88_count_1     22.29%    passed     98.18%
 356  200703_20-07825_HIV09-00618_FL18_S6_L000_read_89_count_1     22.29%    passed     99.71%
 357  200703_20-07825_HIV09-00618_FL18_S6_L000_read_90_count_1     22.29%    passed     98.96%
 358  200703_20-07825_HIV09-00618_FL18_S6_L000_read_91_count_1     22.29%    passed     99.10%
 359  200703_20-07825_HIV09-00618_FL18_S6_L000_read_92_count_1     20.38%    passed     98.74%
 360  200703_20-07825_HIV09-00618_FL18_S6_L000_read_93_count_1     22.29%    passed     99.74%
 361  200703_20-07825_HIV09-00618_FL18_S6_L000_read_94_count_1     22.29%    passed     99.71%
 362  200703_20-07825_HIV09-00618_FL18_S6_L000_read_95_count_1     22.29%    passed     99.10%
 363  200703_20-07825_HIV09-00618_FL18_S6_L000_read_96_count_1     22.29%    passed     97.59%
 364  200703_20-07825_HIV09-00618_FL18_S6_L000_read_97_count_1     22.29%    passed     99.96%
 365  200703_20-07825_HIV09-00618_FL18_S6_L000_read_98_count_1     22.29%    passed     99.96%
 366  200703_20-07825_HIV09-00618_FL18_S6_L000_read_99_count_1     22.29%    passed     99.39%
 367  200703_20-07825_HIV09-00618_FL18_S6_L000_read_100_count_1    22.29%    passed     99.10%
 368  200703_20-07825_HIV09-00618_FL18_S6_L000_read_101_count_1    22.29%    passed     99.71%
 369  200703_20-07825_HIV09-00618_FL18_S6_L000_read_102_count_1    22.29%    passed     99.10%
 370  200703_20-07825_HIV09-00618_FL18_S6_L000_read_103_count_1    22.29%    passed     99.96%
 371  200703_20-07825_HIV09-00618_FL18_S6_L000_read_104_count_1    22.29%    passed     97.78%
 372  200703_20-07825_HIV09-00618_FL18_S6_L000_read_105_count_1    22.29%    passed     99.34%
 373  200703_20-07825_HIV09-00618_FL18_S6_L000_read_106_count_1    22.29%    passed     99.74%
 374  200814_20-09728_HIV09-02843_FL30_S2_L000_read_1_count_1043   22.29%    passed     99.34%
 375  200814_20-09728_HIV09-02843_FL30_S2_L000_read_2_count_162    22.29%    passed     98.48%
 376  200814_20-09728_HIV09-02843_FL30_S2_L000_read_3_count_67     22.29%    passed     98.96%
 377  200814_20-09728_HIV09-02843_FL30_S2_L000_read_4_count_59     22.29%    passed     99.34%
 378  200814_20-09728_HIV09-02843_FL30_S2_L000_read_5_count_37     22.29%    passed     95.65%
 379  200814_20-09728_HIV09-02843_FL30_S2_L000_read_6_count_34     22.29%    passed     98.96%
 380  200814_20-09728_HIV09-02843_FL30_S2_L000_read_7_count_30     22.29%    passed     98.48%
 381  200814_20-09728_HIV09-02843_FL30_S2_L000_read_8_count_21     22.29%    passed     88.68%
 382  200814_20-09728_HIV09-02843_FL30_S2_L000_read_9_count_18     22.29%    passed     98.48%
 383  200814_20-09728_HIV09-02843_FL30_S2_L000_read_10_count_18    22.29%    passed     98.48%
 384  200814_20-09728_HIV09-02843_FL30_S2_L000_read_11_count_14    22.29%    passed     96.37%
 385  200814_20-09728_HIV09-02843_FL30_S2_L000_read_12_count_9     22.29%    passed     99.71%
 386  200814_20-09728_HIV09-02843_FL30_S2_L000_read_13_count_8     22.29%    passed     95.65%
 387  200814_20-09728_HIV09-02843_FL30_S2_L000_read_14_count_5     22.29%    passed     99.96%
 388  200814_20-09728_HIV09-02843_FL30_S2_L000_read_15_count_5     22.29%    passed     99.96%
 389  200814_20-09728_HIV09-02843_FL30_S2_L000_read_16_count_4     22.29%    passed     94.88%
 390  200814_20-09728_HIV09-02843_FL30_S2_L000_read_17_count_4     22.29%    passed     94.88%
 391  200814_20-09728_HIV09-02843_FL30_S2_L000_read_18_count_3     22.29%    passed     99.71%
 392  200814_20-09728_HIV09-02843_FL30_S2_L000_read_19_count_3     22.29%    passed     94.88%
 393  200814_20-09728_HIV09-02843_FL30_S2_L000_read_20_count_3     22.29%    passed     94.88%
 394  200814_20-09728_HIV09-02843_FL30_S2_L000_read_21_count_3     22.29%    passed     98.96%
 395  200814_20-09728_HIV09-02843_FL30_S2_L000_read_22_count_2     22.29%    passed     96.63%
 396  200814_20-09728_HIV09-02843_FL30_S2_L000_read_23_count_2     22.29%    passed     99.40%
 397  200814_20-09728_HIV09-02843_FL30_S2_L000_read_24_count_2     22.93%    passed     99.16%
 398  200814_20-09728_HIV09-02843_FL30_S2_L000_read_25_count_2     22.29%    passed     98.96%
 399  200814_20-09728_HIV09-02843_FL30_S2_L000_read_26_count_2     22.29%    passed     98.97%
 400  200814_20-09728_HIV09-02843_FL30_S2_L000_read_27_count_2     22.29%    passed     99.71%
 401  200814_20-09728_HIV09-02843_FL30_S2_L000_read_28_count_2     22.29%    passed     97.59%
 402  200814_20-09728_HIV09-02843_FL30_S2_L000_read_29_count_2     22.29%    passed     98.96%
 403  200814_20-09728_HIV09-02843_FL30_S2_L000_read_30_count_2     22.29%    passed     99.87%
 404  200814_20-09728_HIV09-02843_FL30_S2_L000_read_31_count_2     22.29%    passed     99.96%
 405  200814_20-09728_HIV09-02843_FL30_S2_L000_read_32_count_2     22.29%    passed     93.51%
 406  200814_20-09728_HIV09-02843_FL30_S2_L000_read_33_count_2     22.29%    passed     94.88%
 407  200814_20-09728_HIV09-02843_FL30_S2_L000_read_34_count_2     22.29%    passed     99.71%
 408  200814_20-09728_HIV09-02843_FL30_S2_L000_read_35_count_2     22.29%    passed     99.96%
 409  200814_20-09728_HIV09-02843_FL30_S2_L000_read_36_count_1     22.29%    passed     99.87%
 410  200814_20-09728_HIV09-02843_FL30_S2_L000_read_37_count_1     22.29%    passed     94.88%
 411  200814_20-09728_HIV09-02843_FL30_S2_L000_read_38_count_1     22.29%    passed     95.02%
 412  200814_20-09728_HIV09-02843_FL30_S2_L000_read_39_count_1     22.29%    passed     98.48%
 413  200814_20-09728_HIV09-02843_FL30_S2_L000_read_40_count_1     22.29%    passed     96.94%
 414  200814_20-09728_HIV09-02843_FL30_S2_L000_read_41_count_1     22.29%    passed     99.96%
 415  200814_20-09728_HIV09-02843_FL30_S2_L000_read_42_count_1     22.29%    passed     97.24%
 416  200814_20-09728_HIV09-02843_FL30_S2_L000_read_43_count_1     22.29%    passed     98.96%
 417  200814_20-09728_HIV09-02843_FL30_S2_L000_read_44_count_1     22.29%    passed     98.48%
 418  200814_20-09728_HIV09-02843_FL30_S2_L000_read_45_count_1     22.29%    passed     98.96%
 419  200814_20-09728_HIV09-02843_FL30_S2_L000_read_46_count_1     22.29%    passed     94.89%
 420  200814_20-09728_HIV09-02843_FL30_S2_L000_read_47_count_1     22.29%    passed     94.24%
 421  200814_20-09728_HIV09-02843_FL30_S2_L000_read_48_count_1     22.29%    passed     98.96%
 422  200814_20-09728_HIV09-02843_FL30_S2_L000_read_49_count_1     22.29%    passed     98.97%
 423  200814_20-09728_HIV09-02843_FL30_S2_L000_read_50_count_1     22.29%    passed     98.43%
 424  200814_20-09728_HIV09-02843_FL30_S2_L000_read_51_count_1     22.29%    passed     99.87%
 425  200814_20-09728_HIV09-02843_FL30_S2_L000_read_52_count_1     22.29%    passed     98.24%
 426  200814_20-09728_HIV09-02843_FL30_S2_L000_read_53_count_1     22.29%    passed     99.71%
 427  200814_20-09728_HIV09-02843_FL30_S2_L000_read_54_count_1     22.29%    passed     95.02%
 428  200814_20-09728_HIV09-02843_FL30_S2_L000_read_55_count_1     22.29%    passed     99.34%
 429  200814_20-09728_HIV09-02843_FL30_S2_L000_read_56_count_1     22.29%    passed     97.24%
 430  200814_20-09728_HIV09-02843_FL30_S2_L000_read_57_count_1     22.29%    passed     99.71%
 431  200814_20-09728_HIV09-02843_FL30_S2_L000_read_58_count_1     22.29%    passed     98.97%
 432  200814_20-09728_HIV09-02843_FL30_S2_L000_read_59_count_1     22.29%    passed     97.26%
 433  200814_20-09728_HIV09-02843_FL30_S2_L000_read_60_count_1     22.29%    passed     99.96%
 434  200814_20-09728_HIV09-02843_FL30_S2_L000_read_61_count_1     22.29%    passed     98.24%
 435  200814_20-09728_HIV09-02843_FL30_S2_L000_read_62_count_1     22.29%    passed     95.02%
 436  200814_20-09728_HIV09-02843_FL30_S2_L000_read_63_count_1     22.29%    passed     98.96%
 437  200814_20-09728_HIV09-02843_FL30_S2_L000_read_64_count_1     22.29%    passed     99.87%
 438  200814_20-09728_HIV09-02843_FL30_S2_L000_read_65_count_1     22.29%    passed     98.96%
 439  200814_20-09728_HIV09-02843_FL30_S2_L000_read_66_count_1     21.66%    passed     99.09%
 440  200814_20-09728_HIV09-02843_FL30_S2_L000_read_67_count_1     22.29%    passed     97.24%
 441  200814_20-09728_HIV09-02843_FL30_S2_L000_read_68_count_1     22.29%    passed     97.26%
 442  200814_20-09728_HIV09-02843_FL30_S2_L000_read_69_count_1     22.29%    passed     96.37%
 443  200814_20-09728_HIV09-02843_FL30_S2_L000_read_70_count_1     22.29%    passed     98.96%
 444  200814_20-09728_HIV09-02843_FL30_S2_L000_read_71_count_1     22.29%    passed     98.96%
 445  200814_20-09728_HIV09-02843_FL30_S2_L000_read_72_count_1     22.29%    passed     98.96%
 446  200814_20-09728_HIV09-02843_FL30_S2_L000_read_73_count_1     22.29%    passed     94.88%
 447  200814_20-09728_HIV09-02843_FL30_S2_L000_read_74_count_1     22.93%    passed     99.41%
 448  200814_20-09728_HIV09-02843_FL30_S2_L000_read_75_count_1     22.29%    passed     99.71%
 449  200814_20-09728_HIV09-02843_FL30_S2_L000_read_76_count_1     22.29%    passed     97.59%
 450  200814_20-09728_HIV09-02843_FL30_S2_L000_read_77_count_1     22.29%    passed     97.59%
 451  200814_20-09728_HIV09-02843_FL30_S2_L000_read_78_count_1     22.29%    passed     94.88%
 452  200814_20-09728_HIV09-02843_FL30_S2_L000_read_79_count_1     22.29%    passed     94.24%
 453  200814_20-09728_HIV09-02843_FL30_S2_L000_read_80_count_1     22.29%    passed     93.15%
 454  200814_20-09728_HIV09-02843_FL30_S2_L000_read_81_count_1     22.29%    passed     96.63%
 455  200814_20-09728_HIV09-02843_FL30_S2_L000_read_82_count_1     22.29%    passed     99.71%
 456  200814_20-09728_HIV09-02843_FL30_S2_L000_read_83_count_1     22.29%    passed     99.96%
 457  200814_20-09728_HIV09-02843_FL30_S2_L000_read_84_count_1     22.29%    passed     98.48%
 458  200814_20-09728_HIV09-02843_FL30_S2_L000_read_85_count_1     24.20%    passed     96.62%
 459  200814_20-09728_HIV09-02843_FL30_S2_L000_read_86_count_1     22.29%    passed     99.14%
 460  200814_20-09728_HIV09-02843_FL30_S2_L000_read_87_count_1     22.29%    passed     98.97%
 461  200814_20-09728_HIV09-02843_FL30_S2_L000_read_88_count_1     21.66%    passed     93.12%
 462  200814_20-09728_HIV09-02843_FL30_S2_L000_read_89_count_1     22.93%    passed     99.41%
 463  200814_20-09728_HIV09-02843_FL30_S2_L000_read_90_count_1     22.29%    passed     98.24%
 464  200814_20-09728_HIV09-02843_FL30_S2_L000_read_91_count_1     22.29%    passed     93.51%
 465  200814_20-09728_HIV09-02843_FL30_S2_L000_read_92_count_1     22.93%    passed     99.16%
 466  200814_20-09728_HIV09-02843_FL30_S2_L000_read_93_count_1     22.29%    passed     99.34%
 467  200814_20-09728_HIV09-02843_FL30_S2_L000_read_94_count_1     22.29%    passed     98.24%
 468  200814_20-09728_HIV09-02843_FL30_S2_L000_read_95_count_1     22.29%    passed     89.90%
 469  200814_20-09728_HIV09-02843_FL30_S2_L000_read_96_count_1     22.29%    passed     99.39%
 470  200814_20-09728_HIV09-02843_FL30_S2_L000_read_97_count_1     22.29%    passed     97.59%
 471  200814_20-09728_HIV09-02843_FL30_S2_L000_read_98_count_1     22.29%    passed     98.96%
 472  200814_20-09728_HIV09-02843_FL30_S2_L000_read_99_count_1     22.29%    passed     96.63%
 473  200814_20-09728_HIV09-02843_FL30_S2_L000_read_100_count_1    22.29%    passed     89.86%
 474  200814_20-09728_HIV09-02843_FL30_S2_L000_read_101_count_1    22.29%    passed     98.48%
 475  200814_20-09728_HIV09-02843_FL30_S2_L000_read_102_count_1    22.29%    passed     98.48%
 476  200814_20-09728_HIV09-02843_FL30_S2_L000_read_103_count_1    22.29%    passed     96.63%
 477  200814_20-09728_HIV09-02843_FL30_S2_L000_read_104_count_1    22.29%    passed     99.87%
 478  200814_20-09728_HIV09-02843_FL30_S2_L000_read_105_count_1    22.29%    passed     98.48%
 479  200814_20-09728_HIV09-02843_FL30_S2_L000_read_106_count_1    22.29%    passed     52.17%
 480  200814_20-09728_HIV09-02843_FL30_S2_L000_read_107_count_1    22.29%    passed     99.71%
 481  200814_20-09728_HIV09-02843_FL30_S2_L000_read_108_count_1    22.29%    passed     99.71%
 482  200814_20-09728_HIV09-02843_FL30_S2_L000_read_109_count_1    22.29%    passed     99.71%
 483  200814_20-09728_HIV09-02843_FL30_S2_L000_read_110_count_1    22.29%    passed     97.59%
 484  200814_20-09728_HIV09-02843_FL30_S2_L000_read_111_count_1    22.29%    passed     99.87%
 485  200814_20-09728_HIV09-02843_FL30_S2_L000_read_112_count_1    22.29%    passed     98.48%
 486  200814_20-09728_HIV09-02843_FL30_S2_L000_read_113_count_1    22.29%    passed     97.24%
 487  200814_20-09728_HIV09-02843_FL30_S2_L000_read_114_count_1    22.29%    passed     98.97%
 488  200814_20-09728_HIV09-02843_FL30_S2_L000_read_115_count_1    22.29%    passed     95.03%
 489  200814_20-09728_HIV09-02843_FL30_S2_L000_read_116_count_1    22.29%    passed     99.10%
 490  200814_20-09728_HIV09-02843_FL30_S2_L000_read_117_count_1    22.29%    passed     96.63%
 491  200814_20-09728_HIV09-02843_FL30_S2_L000_read_118_count_1    22.29%    passed     94.88%
 492  200814_20-09728_HIV09-02843_FL30_S2_L000_read_119_count_1    22.29%    passed     97.59%
 493  200814_20-09728_HIV09-02843_FL30_S2_L000_read_120_count_1    22.29%    passed     99.71%
 494  200814_20-09728_HIV09-02843_FL30_S2_L000_read_121_count_1    22.29%    passed     99.34%
 495  200814_20-09728_HIV09-02843_FL30_S2_L000_read_122_count_1    22.29%    passed     96.37%
 496  200814_20-09728_HIV09-02843_FL30_S2_L000_read_123_count_1    22.29%    passed     95.65%
 497  200814_20-09728_HIV09-02843_FL30_S2_L000_read_124_count_1    22.29%    passed     99.96%
 498  200814_20-09728_HIV09-02843_FL30_S2_L000_read_125_count_1    20.38%    passed     96.69%
 499  200814_20-09728_HIV09-02843_FL30_S2_L000_read_126_count_1    22.29%    passed     94.88%
 500  200814_20-09728_HIV09-02843_FL30_S2_L000_read_127_count_1    22.29%    passed     99.87%
 501  200814_20-09728_HIV09-02843_FL30_S2_L000_read_128_count_1    22.29%    passed     94.24%
 502  200814_20-09728_HIV09-02843_FL30_S2_L000_read_129_count_1    22.29%    passed     96.94%
 503  200814_20-09728_HIV09-02843_FL30_S2_L000_read_130_count_1    22.29%    passed     97.24%
 504  200814_20-09728_HIV09-02843_FL30_S2_L000_read_131_count_1    22.93%    passed     98.39%
 505  200814_20-09728_HIV09-02843_FL30_S2_L000_read_132_count_1    22.29%    passed     97.59%
 506  200814_20-09728_HIV09-02843_FL30_S2_L000_read_133_count_1    22.29%    passed     99.71%
 507  200814_20-09728_HIV09-02843_FL30_S2_L000_read_134_count_1    22.29%    passed     94.88%
 508  200814_20-09728_HIV09-02843_FL30_S2_L000_read_135_count_1    22.29%    passed     99.14%
 509  200814_20-09728_HIV09-02843_FL30_S2_L000_read_136_count_1    22.29%    passed     99.71%
 510  200814_20-09728_HIV09-02843_FL30_S2_L000_read_137_count_1    22.29%    passed     95.65%
 511  200814_20-09728_HIV09-02843_FL30_S2_L000_read_138_count_1    22.29%    passed     96.37%
 512  200814_20-09728_HIV09-02843_FL30_S2_L000_read_139_count_1    22.29%    passed     98.96%
 513  200814_20-09728_HIV09-02843_FL30_S2_L000_read_140_count_1    22.29%    passed     98.97%
 514  200814_20-09728_HIV09-02843_FL30_S2_L000_read_141_count_1    22.29%    passed     98.96%
 515  200814_20-09728_HIV09-02843_FL30_S2_L000_read_142_count_1    22.29%    passed     98.24%
 516  200814_20-09728_HIV09-02843_FL30_S2_L000_read_143_count_1    22.29%    passed     96.63%
 517  200724_20-08522_HIV11-02415_FL24_S18_L000_read_1_count_525   22.29%    passed     98.67%
 518  200724_20-08522_HIV11-02415_FL24_S18_L000_read_2_count_58    22.29%    passed     94.53%
 519  200724_20-08522_HIV11-02415_FL24_S18_L000_read_3_count_21    22.29%    passed     99.96%
 520  200724_20-08522_HIV11-02415_FL24_S18_L000_read_4_count_21    22.29%    passed     98.47%
 521  200724_20-08522_HIV11-02415_FL24_S18_L000_read_5_count_19    22.29%    passed     98.47%
 522  200724_20-08522_HIV11-02415_FL24_S18_L000_read_6_count_15    22.29%    passed     98.47%
 523  200724_20-08522_HIV11-02415_FL24_S18_L000_read_7_count_13    22.29%    passed     98.47%
 524  200724_20-08522_HIV11-02415_FL24_S18_L000_read_8_count_9     22.29%    passed     98.67%
 525  200724_20-08522_HIV11-02415_FL24_S18_L000_read_9_count_9     22.29%    passed     99.40%
 526  200724_20-08522_HIV11-02415_FL24_S18_L000_read_10_count_8    22.29%    passed     99.96%
 527  200724_20-08522_HIV11-02415_FL24_S18_L000_read_11_count_6    22.29%    passed     94.24%
 528  200724_20-08522_HIV11-02415_FL24_S18_L000_read_12_count_6    22.29%    passed     98.47%
 529  200724_20-08522_HIV11-02415_FL24_S18_L000_read_13_count_5    22.29%    passed     93.46%
 530  200724_20-08522_HIV11-02415_FL24_S18_L000_read_14_count_4    22.29%    passed     96.62%
 531  200724_20-08522_HIV11-02415_FL24_S18_L000_read_15_count_4    22.29%    passed     99.40%
 532  200724_20-08522_HIV11-02415_FL24_S18_L000_read_16_count_4    22.29%    passed     97.03%
 533  200724_20-08522_HIV11-02415_FL24_S18_L000_read_17_count_3    22.29%    passed     97.36%
 534  200724_20-08522_HIV11-02415_FL24_S18_L000_read_18_count_3    22.29%    passed     97.03%
 535  200724_20-08522_HIV11-02415_FL24_S18_L000_read_19_count_3    22.29%    passed     99.14%
 536  200724_20-08522_HIV11-02415_FL24_S18_L000_read_20_count_3    22.29%    passed     97.36%
 537  200724_20-08522_HIV11-02415_FL24_S18_L000_read_21_count_3    22.29%    passed     97.36%
 538  200724_20-08522_HIV11-02415_FL24_S18_L000_read_22_count_3    22.29%    passed     96.34%
 539  200724_20-08522_HIV11-02415_FL24_S18_L000_read_23_count_2    22.29%    passed     99.14%
 540  200724_20-08522_HIV11-02415_FL24_S18_L000_read_24_count_2    22.29%    passed     96.98%
 541  200724_20-08522_HIV11-02415_FL24_S18_L000_read_25_count_2    22.29%    passed     99.14%
 542  200724_20-08522_HIV11-02415_FL24_S18_L000_read_26_count_2    22.29%    passed     98.47%
 543  200724_20-08522_HIV11-02415_FL24_S18_L000_read_27_count_2    22.29%    passed     97.36%
 544  200724_20-08522_HIV11-02415_FL24_S18_L000_read_28_count_2    22.29%    passed     97.03%
 545  200724_20-08522_HIV11-02415_FL24_S18_L000_read_29_count_2    22.29%    passed     94.26%
 546  200724_20-08522_HIV11-02415_FL24_S18_L000_read_30_count_2    22.29%    passed     97.36%
 547  200724_20-08522_HIV11-02415_FL24_S18_L000_read_31_count_2    22.29%    passed     97.36%
 548  200724_20-08522_HIV11-02415_FL24_S18_L000_read_32_count_2    22.29%    passed     94.53%
 549  200724_20-08522_HIV11-02415_FL24_S18_L000_read_33_count_2    22.29%    passed     98.47%
 550  200724_20-08522_HIV11-02415_FL24_S18_L000_read_34_count_2    22.29%    passed     99.14%
 551  200724_20-08522_HIV11-02415_FL24_S18_L000_read_35_count_2    22.29%    passed     96.34%
 552  200724_20-08522_HIV11-02415_FL24_S18_L000_read_36_count_2    22.29%    passed     87.00%
 553  200724_20-08522_HIV11-02415_FL24_S18_L000_read_37_count_2    22.29%    passed     97.36%
 554  200724_20-08522_HIV11-02415_FL24_S18_L000_read_38_count_2    22.29%    passed     97.36%
 555  200724_20-08522_HIV11-02415_FL24_S18_L000_read_39_count_2    22.29%    passed     96.62%
 556  200724_20-08522_HIV11-02415_FL24_S18_L000_read_40_count_2    22.29%    passed     94.26%
 557  200724_20-08522_HIV11-02415_FL24_S18_L000_read_41_count_2    22.29%    passed     97.36%
 558  200724_20-08522_HIV11-02415_FL24_S18_L000_read_42_count_2    22.29%    passed     99.96%
 559  200724_20-08522_HIV11-02415_FL24_S18_L000_read_43_count_2    22.29%    passed     97.36%
 560  200724_20-08522_HIV11-02415_FL24_S18_L000_read_44_count_2    22.29%    passed     97.95%
 561  200724_20-08522_HIV11-02415_FL24_S18_L000_read_45_count_2    22.29%    passed     97.36%
 562  200724_20-08522_HIV11-02415_FL24_S18_L000_read_46_count_2    22.29%    passed     98.47%
 563  200724_20-08522_HIV11-02415_FL24_S18_L000_read_47_count_1    22.29%    passed     92.62%
 564  200724_20-08522_HIV11-02415_FL24_S18_L000_read_48_count_1    22.29%    passed     98.47%
 565  200724_20-08522_HIV11-02415_FL24_S18_L000_read_49_count_1    22.29%    passed     95.95%
 566  200724_20-08522_HIV11-02415_FL24_S18_L000_read_50_count_1    22.29%    passed     95.94%
 567  200724_20-08522_HIV11-02415_FL24_S18_L000_read_51_count_1    22.29%    passed     98.97%
 568  200724_20-08522_HIV11-02415_FL24_S18_L000_read_52_count_1    22.29%    passed     96.34%
 569  200724_20-08522_HIV11-02415_FL24_S18_L000_read_53_count_1    22.29%    passed     98.19%
 570  200724_20-08522_HIV11-02415_FL24_S18_L000_read_54_count_1    22.29%    passed     96.62%
 571  200724_20-08522_HIV11-02415_FL24_S18_L000_read_55_count_1    22.29%    passed     98.97%
 572  200724_20-08522_HIV11-02415_FL24_S18_L000_read_56_count_1    22.29%    passed     95.95%
 573  200724_20-08522_HIV11-02415_FL24_S18_L000_read_57_count_1    22.29%    passed     94.26%
 574  200724_20-08522_HIV11-02415_FL24_S18_L000_read_58_count_1    22.29%    passed     98.67%
 575  200724_20-08522_HIV11-02415_FL24_S18_L000_read_59_count_1    22.29%    passed     94.26%
 576  200724_20-08522_HIV11-02415_FL24_S18_L000_read_60_count_1    22.29%    passed     93.63%
 577  200724_20-08522_HIV11-02415_FL24_S18_L000_read_61_count_1    22.29%    passed     98.67%
 578  200724_20-08522_HIV11-02415_FL24_S18_L000_read_62_count_1    21.66%    passed     97.55%
 579  200724_20-08522_HIV11-02415_FL24_S18_L000_read_63_count_1    22.93%    passed     95.24%
 580  200724_20-08522_HIV11-02415_FL24_S18_L000_read_64_count_1    22.29%    passed     98.19%
 581  200724_20-08522_HIV11-02415_FL24_S18_L000_read_65_count_1    22.29%    passed     98.47%
 582  200724_20-08522_HIV11-02415_FL24_S18_L000_read_66_count_1    22.29%    passed     99.74%
 583  200724_20-08522_HIV11-02415_FL24_S18_L000_read_67_count_1    22.29%    passed     96.34%
 584  200724_20-08522_HIV11-02415_FL24_S18_L000_read_68_count_1    22.29%    passed     97.36%
 585  200724_20-08522_HIV11-02415_FL24_S18_L000_read_69_count_1    22.29%    passed     98.67%
 586  200724_20-08522_HIV11-02415_FL24_S18_L000_read_70_count_1    22.29%    passed     96.34%
 587  200724_20-08522_HIV11-02415_FL24_S18_L000_read_71_count_1    22.29%    passed     99.96%
 588  200724_20-08522_HIV11-02415_FL24_S18_L000_read_72_count_1    22.29%    passed     95.95%
 589  200724_20-08522_HIV11-02415_FL24_S18_L000_read_73_count_1    22.29%    passed     91.05%
 590  200724_20-08522_HIV11-02415_FL24_S18_L000_read_74_count_1    22.29%    passed     98.47%
 591  200724_20-08522_HIV11-02415_FL24_S18_L000_read_75_count_1    22.29%    passed     97.95%
 592  200724_20-08522_HIV11-02415_FL24_S18_L000_read_76_count_1    22.29%    passed     98.47%
 593  200724_20-08522_HIV11-02415_FL24_S18_L000_read_77_count_1    21.66%    passed     92.23%
 594  200724_20-08522_HIV11-02415_FL24_S18_L000_read_78_count_1    22.29%    passed     92.37%
 595  200724_20-08522_HIV11-02415_FL24_S18_L000_read_79_count_1    22.29%    passed     98.66%
 596  200724_20-08522_HIV11-02415_FL24_S18_L000_read_80_count_1    22.29%    passed     99.74%
 597  200724_20-08522_HIV11-02415_FL24_S18_L000_read_81_count_1    22.29%    passed     98.97%
 598  200724_20-08522_HIV11-02415_FL24_S18_L000_read_82_count_1    22.29%    passed     99.74%
 599  200724_20-08522_HIV11-02415_FL24_S18_L000_read_83_count_1    22.29%    passed     93.01%
 600  200724_20-08522_HIV11-02415_FL24_S18_L000_read_84_count_1    22.29%    passed     97.64%
 601  200724_20-08522_HIV11-02415_FL24_S18_L000_read_85_count_1    22.29%    passed     96.34%
 602  200724_20-08522_HIV11-02415_FL24_S18_L000_read_86_count_1    22.29%    passed     98.67%
 603  200724_20-08522_HIV11-02415_FL24_S18_L000_read_87_count_1    22.29%    passed     91.84%
 604  200724_20-08522_HIV11-02415_FL24_S18_L000_read_88_count_1    22.29%    passed     91.84%
 605  200724_20-08522_HIV11-02415_FL24_S18_L000_read_89_count_1    22.29%    passed     98.19%
 606  200724_20-08522_HIV11-02415_FL24_S18_L000_read_90_count_1    22.29%    passed     98.66%
 607  200724_20-08522_HIV11-02415_FL24_S18_L000_read_91_count_1    22.29%    passed     92.76%
 608  200724_20-08522_HIV11-02415_FL24_S18_L000_read_92_count_1    22.29%    passed     99.14%
 609  200724_20-08522_HIV11-02415_FL24_S18_L000_read_93_count_1    22.29%    passed     99.34%
 610  200724_20-08522_HIV11-02415_FL24_S18_L000_read_94_count_1    22.29%    passed     92.62%
 611  200724_20-08522_HIV11-02415_FL24_S18_L000_read_95_count_1    22.29%    passed     96.29%
 612  200724_20-08522_HIV11-02415_FL24_S18_L000_read_96_count_1    22.29%    passed     98.19%
 613  200724_20-08522_HIV11-02415_FL24_S18_L000_read_97_count_1    22.29%    passed     97.03%
 614  200724_20-08522_HIV11-02415_FL24_S18_L000_read_98_count_1    22.29%    passed     96.62%
 615  200724_20-08522_HIV11-02415_FL24_S18_L000_read_99_count_1    22.29%    passed     99.74%
 616  200724_20-08522_HIV11-02415_FL24_S18_L000_read_100_count_1   22.29%    passed     98.47%
 617  200724_20-08522_HIV11-02415_FL24_S18_L000_read_101_count_1   22.29%    passed     99.74%
 618  200724_20-08522_HIV11-02415_FL24_S18_L000_read_102_count_1   22.29%    passed     99.14%
 619  200724_20-08522_HIV11-02415_FL24_S18_L000_read_103_count_1   22.29%    passed     99.34%
 620  200724_20-08522_HIV11-02415_FL24_S18_L000_read_104_count_1   22.29%    passed     99.87%
 621  200724_20-08522_HIV11-02415_FL24_S18_L000_read_105_count_1   22.29%    passed     95.94%
 622  200724_20-08522_HIV11-02415_FL24_S18_L000_read_106_count_1   22.29%    passed     92.76%
 623  200724_20-08522_HIV11-02415_FL24_S18_L000_read_107_count_1   22.29%    passed     99.96%
 624  200724_20-08522_HIV11-02415_FL24_S18_L000_read_108_count_1   22.29%    passed     99.74%
 625  200724_20-08522_HIV11-02415_FL24_S18_L000_read_109_count_1   22.29%    passed     94.24%
 626  200724_20-08522_HIV11-02415_FL24_S18_L000_read_110_count_1   22.29%    passed     99.14%
 627  200724_20-08522_HIV11-02415_FL24_S18_L000_read_111_count_1   22.29%    passed     98.47%
 628  200724_20-08522_HIV11-02415_FL24_S18_L000_read_112_count_1   22.29%    passed     99.74%
 629  200724_20-08522_HIV11-02415_FL24_S18_L000_read_113_count_1   22.29%    passed     93.46%
 630  200724_20-08522_HIV11-02415_FL24_S18_L000_read_114_count_1   22.29%    passed     98.67%
 631  200724_20-08522_HIV11-02415_FL24_S18_L000_read_115_count_1   22.29%    passed     97.95%
 632  200724_20-08522_HIV11-02415_FL24_S18_L000_read_116_count_1   22.29%    passed     97.36%
 633  200724_20-08522_HIV11-02415_FL24_S18_L000_read_117_count_1   22.29%    passed     94.24%
 634  200724_20-08522_HIV11-02415_FL24_S18_L000_read_118_count_1   22.29%    passed     92.62%
 635  200724_20-08522_HIV11-02415_FL24_S18_L000_read_119_count_1   22.29%    passed     99.74%
 636  200724_20-08522_HIV11-02415_FL24_S18_L000_read_120_count_1   22.29%    passed     92.62%
 637  200724_20-08522_HIV11-02415_FL24_S18_L000_read_121_count_1   22.29%    passed     97.03%
 638  200724_20-08522_HIV11-02415_FL24_S18_L000_read_122_count_1   22.29%    passed     97.36%
 639  200724_20-08522_HIV11-02415_FL24_S18_L000_read_123_count_1   22.29%    passed     92.42%
 640  200724_20-08522_HIV11-02415_FL24_S18_L000_read_124_count_1   22.29%    passed     96.67%
 641  200724_20-08522_HIV11-02415_FL24_S18_L000_read_125_count_1   22.29%    passed     93.01%
 642  200724_20-08522_HIV11-02415_FL24_S18_L000_read_126_count_1   22.29%    passed     96.62%
 643  200724_20-08522_HIV11-02415_FL24_S18_L000_read_127_count_1   22.29%    passed     94.26%
 644  200724_20-08522_HIV11-02415_FL24_S18_L000_read_128_count_1   22.29%    passed     96.34%
 645  200724_20-08522_HIV11-02415_FL24_S18_L000_read_129_count_1   21.66%    passed     98.16%
 646  200724_20-08522_HIV11-02415_FL24_S18_L000_read_130_count_1   22.29%    passed     97.03%
 647  200724_20-08522_HIV11-02415_FL24_S18_L000_read_131_count_1   22.29%    passed     98.66%
 648  200724_20-08522_HIV11-02415_FL24_S18_L000_read_132_count_1   22.29%    passed     96.34%
 649  200724_20-08522_HIV11-02415_FL24_S18_L000_read_133_count_1   22.29%    passed     94.24%
 650  200724_20-08522_HIV11-02415_FL24_S18_L000_read_134_count_1   22.29%    passed     96.34%
 651  200724_20-08522_HIV11-02415_FL24_S18_L000_read_135_count_1   22.29%    passed     97.64%
 652  200724_20-08522_HIV11-02415_FL24_S18_L000_read_136_count_1   22.29%    passed     97.03%
 653  200724_20-08522_HIV11-02415_FL24_S18_L000_read_137_count_1   22.29%    passed     98.47%
 654  200724_20-08522_HIV11-02415_FL24_S18_L000_read_138_count_1   22.29%    passed     99.14%
 655  200724_20-08522_HIV11-02415_FL24_S18_L000_read_139_count_1   22.29%    passed     98.97%
 656  200724_20-08522_HIV11-02415_FL24_S18_L000_read_140_count_1   22.29%    passed     97.36%
 657  200724_20-08522_HIV11-02415_FL24_S18_L000_read_141_count_1   22.29%    passed     99.96%
 658  200724_20-08522_HIV11-02415_FL24_S18_L000_read_142_count_1   22.29%    passed     98.19%
 659  200724_20-08522_HIV11-02415_FL24_S18_L000_read_143_count_1   22.29%    passed     97.64%
 660  200724_20-08522_HIV11-02415_FL24_S18_L000_read_144_count_1   22.29%    passed     96.62%
 661  200724_20-08522_HIV11-02415_FL24_S18_L000_read_145_count_1   18.47%    passed     98.84%
 662  200724_20-08522_HIV11-02415_FL24_S18_L000_read_146_count_1   22.29%    passed     98.66%
 663  200724_20-08522_HIV11-02415_FL24_S18_L000_read_147_count_1   22.29%    passed     99.74%
 664  200724_20-08522_HIV11-02415_FL24_S18_L000_read_148_count_1   22.29%    passed     98.97%
 665  200724_20-08522_HIV11-02415_FL24_S18_L000_read_149_count_1   22.29%    passed     98.67%
 666  200724_20-08522_HIV11-02415_FL24_S18_L000_read_150_count_1   22.29%    passed     98.19%
 667  200724_20-08522_HIV11-02415_FL24_S18_L000_read_151_count_1   22.29%    passed     99.14%
 668  200724_20-08522_HIV11-02415_FL24_S18_L000_read_152_count_1   22.29%    passed     99.74%
 669  200724_20-08522_HIV11-02415_FL24_S18_L000_read_153_count_1   22.29%    passed     98.47%
 670  200724_20-08522_HIV11-02415_FL24_S18_L000_read_154_count_1   22.29%    passed     99.34%
 671  200724_20-08522_HIV11-02415_FL24_S18_L000_read_155_count_1   22.29%    passed     98.67%
 672  200724_20-08522_HIV11-02415_FL24_S18_L000_read_156_count_1   22.29%    passed     91.84%
 673  200724_20-08522_HIV11-02415_FL24_S18_L000_read_157_count_1   22.29%    passed     98.47%
 674  200724_20-08522_HIV11-02415_FL24_S18_L000_read_158_count_1   22.29%    passed     97.36%
 675  200724_20-08522_HIV11-02415_FL24_S18_L000_read_159_count_1   22.29%    passed     93.01%
 676  200724_20-08522_HIV11-02415_FL24_S18_L000_read_160_count_1   22.29%    passed     97.36%
 677  200724_20-08522_HIV11-02415_FL24_S18_L000_read_161_count_1   22.29%    passed     99.40%
 678  200724_20-08522_HIV11-02415_FL24_S18_L000_read_162_count_1   22.29%    passed     92.76%
 679  200724_20-08522_HIV11-02415_FL24_S18_L000_read_163_count_1   22.29%    passed     99.74%
 680  200724_20-08522_HIV11-02415_FL24_S18_L000_read_164_count_1   22.29%    passed     98.19%
 681  200724_20-08522_HIV11-02415_FL24_S18_L000_read_165_count_1   22.29%    passed     92.62%
 682  200724_20-08522_HIV11-02415_FL24_S18_L000_read_166_count_1   21.66%    passed     93.05%
 683  200724_20-08522_HIV11-02415_FL24_S18_L000_read_167_count_1   22.29%    passed     98.67%
 684  200724_20-08522_HIV11-02415_FL24_S18_L000_read_168_count_1   22.29%    passed     92.37%
 685  200724_20-08522_HIV11-02415_FL24_S18_L000_read_169_count_1   22.29%    passed     94.26%
 686  200724_20-08522_HIV11-02415_FL24_S18_L000_read_170_count_1   22.29%    passed     97.03%
 687  200724_20-08522_HIV11-02415_FL24_S18_L000_read_171_count_1   22.29%    passed     97.26%
 688  200724_20-08522_HIV11-02415_FL24_S18_L000_read_172_count_1   22.29%    passed     94.53%
 689  200724_20-08522_HIV11-02415_FL24_S18_L000_read_173_count_1   22.29%    passed     98.19%
 690  200724_20-08522_HIV11-02415_FL24_S18_L000_read_174_count_1   22.29%    passed     98.19%
 691  200724_20-08522_HIV11-02415_FL24_S18_L000_read_175_count_1   22.29%    passed     96.62%
 692  200724_20-08522_HIV11-02415_FL24_S18_L000_read_176_count_1   22.29%    passed     98.66%
 693  200724_20-08522_HIV11-02415_FL24_S18_L000_read_177_count_1   22.29%    passed     98.19%
 694  200724_20-08522_HIV11-02415_FL24_S18_L000_read_178_count_1   22.29%    passed     98.47%
 695  200724_20-08522_HIV11-02415_FL24_S18_L000_read_179_count_1   22.29%    passed     98.19%
 696  200724_20-08522_HIV11-02415_FL24_S18_L000_read_180_count_1   22.29%    passed     98.47%
 697  200724_20-08522_HIV11-02415_FL24_S18_L000_read_181_count_1   22.93%    passed     98.74%
 698  200724_20-08522_HIV11-02415_FL24_S18_L000_read_182_count_1   22.29%    passed     92.42%
 699  200724_20-08522_HIV11-02415_FL24_S18_L000_read_183_count_1   22.29%    passed     98.66%
 700  200724_20-08522_HIV11-02415_FL24_S18_L000_read_184_count_1   22.29%    passed     99.74%
 701  200724_20-08522_HIV11-02415_FL24_S18_L000_read_185_count_1   22.29%    passed     98.19%
 702  B.FR.83.HXB2_LAI_IIIB_BRU.K03455                             22.29%    passed     99.54%
 703  C.BW.00.00BW07621.AF443088                                   22.29%    passed     91.84%
****  TOTAL                                                        22.16%  0 sequences failed composition chi2 test (p-value<5%; df=3)
NOTE: B.FR.83.HXB2_LAI_IIIB_BRU.K03455 is identical to 200724_20-08518_HIV10-02405_FL24_S14_L000_read_1_count_539 but kept for subsequent analysis
Checking for duplicate sequences: done in 0.00201638 secs using 148.9% CPU

Create initial parsimony tree by phylogenetic likelihood library (PLL)... 0.073 seconds

NOTE: 20 MB RAM (0 GB) is required!
WARNING: Number of threads seems too high for short alignments. Use -T AUTO to determine best number of threads.
Estimate model parameters (epsilon = 0.100)
1. Initial log-likelihood: -5244.169
2. Current log-likelihood: -5106.123
3. Current log-likelihood: -5105.575
Optimal log-likelihood: -5105.497
Rate parameters:  A-C: 0.94099  A-G: 1.45194  A-T: 0.62885  C-G: 0.18409  C-T: 2.59063  G-T: 1.00000
Base frequencies:  A: 0.357  C: 0.151  G: 0.311  T: 0.182
Site proportion and rates:  (0.048,0.543) (0.129,0.548) (0.204,0.559) (0.212,0.685) (0.260,1.292) (0.148,2.091)
Parameters optimization took 3 rounds (3.426 sec)
Wrote distance file to... 
Computing ML distances based on estimated model parameters...
Calculating distance matrix: done in 1.21393 secs using 199.4% CPU
Computing ML distances took 1.215433 sec (of wall-clock time) 2.420461 sec (of CPU time)
Setting up auxiliary I and S matrices: done in 0.00820021 secs using 90.73% CPU
Constructing RapidNJ tree: done in 0.353925 secs using 139.5% CPU
Computing RapidNJ tree took 0.362308 sec (of wall-clock time) 0.501194 sec (of CPU time)
Log-likelihood of RapidNJ tree: -5051.066
--------------------------------------------------------------------
|             INITIALIZING CANDIDATE TREE SET                      |
--------------------------------------------------------------------
Generating 98 parsimony trees... 7.487 second
Computing log-likelihood of 98 initial trees ... 6.626 seconds
Current best score: -5051.066

Do NNI search on 20 best initial trees
Optimizing NNI: done in 0.990527 secs using 197.3% CPU
Estimate model parameters (epsilon = 0.100)
BETTER TREE FOUND at iteration 1: -5018.018
Optimizing NNI: done in 0.85042 secs using 196% CPU
Optimizing NNI: done in 0.901586 secs using 197.7% CPU
Optimizing NNI: done in 0.93219 secs using 196.5% CPU
Optimizing NNI: done in 0.939741 secs using 196.9% CPU
Optimizing NNI: done in 1.12104 secs using 196.3% CPU
Optimizing NNI: done in 0.923188 secs using 196.8% CPU
Optimizing NNI: done in 0.923881 secs using 195.6% CPU
Optimizing NNI: done in 0.89258 secs using 196.1% CPU
Optimizing NNI: done in 0.930392 secs using 196.3% CPU
Iteration 10 / LogL: -5078.571 / Time: 0h:0m:32s
Optimizing NNI: done in 0.784728 secs using 193.2% CPU
Optimizing NNI: done in 1.22716 secs using 197.3% CPU
Optimizing NNI: done in 1.17791 secs using 196.7% CPU
Optimizing NNI: done in 1.06493 secs using 196.4% CPU
Optimizing NNI: done in 0.841358 secs using 193% CPU
Optimizing NNI: done in 0.929678 secs using 197.6% CPU
Optimizing NNI: done in 0.917204 secs using 196.8% CPU
Optimizing NNI: done in 0.928954 secs using 195.3% CPU
Optimizing NNI: done in 0.962673 secs using 195.6% CPU
Optimizing NNI: done in 0.937099 secs using 195.9% CPU
Iteration 20 / LogL: -5092.093 / Time: 0h:0m:42s
Finish initializing candidate tree set (20)
Current best tree score: -5018.018 / CPU time: 36.840
Number of iterations: 20
--------------------------------------------------------------------
|               OPTIMIZING CANDIDATE TREE SET                      |
--------------------------------------------------------------------
Optimizing NNI: done in 1.25031 secs using 195.8% CPU
Optimizing NNI: done in 1.65166 secs using 195.1% CPU
Optimizing NNI: done in 1.05391 secs using 197.1% CPU
Optimizing NNI: done in 1.52888 secs using 196.1% CPU
Optimizing NNI: done in 1.28056 secs using 196.3% CPU
Optimizing NNI: done in 1.19574 secs using 196.5% CPU
Optimizing NNI: done in 1.28951 secs using 195.3% CPU
Optimizing NNI: done in 1.07188 secs using 196.5% CPU
Optimizing NNI: done in 1.69133 secs using 195.5% CPU
Optimizing NNI: done in 1.37768 secs using 196.6% CPU
Estimate model parameters (epsilon = 0.100)
BETTER TREE FOUND at iteration 30: -5015.374
Iteration 30 / LogL: -5015.374 / Time: 0h:1m:1s (0h:3m:30s left)
Optimizing NNI: done in 1.36241 secs using 195.2% CPU
Optimizing NNI: done in 1.3511 secs using 197.1% CPU
Optimizing NNI: done in 1.40716 secs using 196.6% CPU
Optimizing NNI: done in 1.27092 secs using 196.7% CPU
Optimizing NNI: done in 1.36269 secs using 196.1% CPU
Optimizing NNI: done in 1.41018 secs using 196.6% CPU
Optimizing NNI: done in 1.49364 secs using 196% CPU
Optimizing NNI: done in 1.36559 secs using 196.1% CPU
Optimizing NNI: done in 1.05217 secs using 196.2% CPU
Optimizing NNI: done in 1.46113 secs using 196.6% CPU
Iteration 40 / LogL: -5029.155 / Time: 0h:1m:15s (0h:2m:53s left)
Optimizing NNI: done in 1.41716 secs using 195.9% CPU
Optimizing NNI: done in 1.222 secs using 195.5% CPU
Optimizing NNI: done in 1.07601 secs using 197.5% CPU
Optimizing NNI: done in 0.903279 secs using 196.5% CPU
Optimizing NNI: done in 1.45791 secs using 195.1% CPU
Optimizing NNI: done in 0.919075 secs using 194% CPU
Optimizing NNI: done in 1.0357 secs using 195.3% CPU
Optimizing NNI: done in 1.41135 secs using 195.4% CPU
Optimizing NNI: done in 1.22996 secs using 196.1% CPU
Optimizing NNI: done in 1.46079 secs using 196.6% CPU
Iteration 50 / LogL: -5020.298 / Time: 0h:1m:28s (0h:2m:23s left)
Optimizing NNI: done in 1.21616 secs using 195.9% CPU
Optimizing NNI: done in 1.05814 secs using 195.5% CPU
Optimizing NNI: done in 1.32767 secs using 196.8% CPU
Optimizing NNI: done in 1.34444 secs using 198.5% CPU
Estimate model parameters (epsilon = 0.100)
BETTER TREE FOUND at iteration 54: -5014.791
Optimizing NNI: done in 1.9008 secs using 196.4% CPU
Optimizing NNI: done in 1.05524 secs using 195.6% CPU
Optimizing NNI: done in 0.892915 secs using 197.1% CPU
Optimizing NNI: done in 1.58125 secs using 196.1% CPU
Optimizing NNI: done in 1.54673 secs using 198.4% CPU
Optimizing NNI: done in 1.07329 secs using 194.5% CPU
Iteration 60 / LogL: -5025.504 / Time: 0h:1m:42s (0h:2m:43s left)
Optimizing NNI: done in 1.08571 secs using 195.2% CPU
Optimizing NNI: done in 1.1471 secs using 196.7% CPU
Optimizing NNI: done in 1.40993 secs using 194.5% CPU
Optimizing NNI: done in 1.21097 secs using 197% CPU
Optimizing NNI: done in 1.25916 secs using 196% CPU
Optimizing NNI: done in 0.916493 secs using 197% CPU
Optimizing NNI: done in 1.40176 secs using 197.8% CPU
Optimizing NNI: done in 1.31227 secs using 194.9% CPU
Optimizing NNI: done in 1.6292 secs using 193.9% CPU
Optimizing NNI: done in 1.36022 secs using 195.1% CPU
Estimate model parameters (epsilon = 0.100)
BETTER TREE FOUND at iteration 70: -5013.933
Iteration 70 / LogL: -5013.933 / Time: 0h:1m:57s (0h:2m:49s left)
Optimizing NNI: done in 1.04044 secs using 196.9% CPU
Optimizing NNI: done in 1.07461 secs using 195.3% CPU
Optimizing NNI: done in 1.53783 secs using 196.1% CPU
Optimizing NNI: done in 1.08147 secs using 195.8% CPU
Optimizing NNI: done in 1.01639 secs using 197.3% CPU
Optimizing NNI: done in 1.10935 secs using 195.6% CPU
Optimizing NNI: done in 1.23094 secs using 196.9% CPU
Optimizing NNI: done in 1.44942 secs using 196.7% CPU
Optimizing NNI: done in 1.03282 secs using 196% CPU
Optimizing NNI: done in 1.45208 secs using 197.7% CPU
Estimate model parameters (epsilon = 0.100)
BETTER TREE FOUND at iteration 80: -5012.491
Iteration 80 / LogL: -5012.491 / Time: 0h:2m:10s (0h:2m:45s left)
Optimizing NNI: done in 1.33496 secs using 197.2% CPU
Optimizing NNI: done in 1.2875 secs using 196% CPU
Optimizing NNI: done in 1.07303 secs using 196.4% CPU
Optimizing NNI: done in 1.21528 secs using 196.8% CPU
Estimate model parameters (epsilon = 0.100)
BETTER TREE FOUND at iteration 84: -5007.261
Optimizing NNI: done in 1.05434 secs using 197.3% CPU
Optimizing NNI: done in 1.48445 secs using 197.9% CPU
Optimizing NNI: done in 1.40508 secs using 195.9% CPU
Optimizing NNI: done in 1.06899 secs using 195.7% CPU
Optimizing NNI: done in 1.66787 secs using 195.7% CPU
Optimizing NNI: done in 1.60283 secs using 196.6% CPU
Iteration 90 / LogL: -5032.109 / Time: 0h:2m:26s (0h:2m:34s left)
Optimizing NNI: done in 1.04377 secs using 197.7% CPU
Optimizing NNI: done in 1.47311 secs using 195.6% CPU
Optimizing NNI: done in 1.22702 secs using 196% CPU
Optimizing NNI: done in 1.3134 secs using 195.5% CPU
Optimizing NNI: done in 1.08255 secs using 196.6% CPU
Optimizing NNI: done in 1.3384 secs using 196.9% CPU
Optimizing NNI: done in 1.39518 secs using 194% CPU
Optimizing NNI: done in 1.22413 secs using 196% CPU
Optimizing NNI: done in 1.25026 secs using 196.5% CPU
Optimizing NNI: done in 1.39985 secs using 196.3% CPU
Iteration 100 / LogL: -5028.305 / Time: 0h:2m:40s (0h:2m:15s left)
Optimizing NNI: done in 1.4044 secs using 198.8% CPU
Optimizing NNI: done in 1.11556 secs using 195.9% CPU
Optimizing NNI: done in 1.16746 secs using 198.2% CPU
Optimizing NNI: done in 1.51447 secs using 196.1% CPU
Optimizing NNI: done in 1.08006 secs using 195.7% CPU
Optimizing NNI: done in 1.4514 secs using 197.5% CPU
Optimizing NNI: done in 1.44995 secs using 196.8% CPU
Optimizing NNI: done in 1.17889 secs using 197.2% CPU
Optimizing NNI: done in 1.05259 secs using 197.7% CPU
Optimizing NNI: done in 1.33603 secs using 195.6% CPU
Iteration 110 / LogL: -5023.702 / Time: 0h:2m:53s (0h:1m:57s left)
Optimizing NNI: done in 1.37097 secs using 197.3% CPU
Optimizing NNI: done in 1.01413 secs using 197% CPU
Optimizing NNI: done in 1.42624 secs using 198.1% CPU
Optimizing NNI: done in 1.36023 secs using 195.2% CPU
Optimizing NNI: done in 1.04122 secs using 196.4% CPU
Optimizing NNI: done in 1.33393 secs using 196.7% CPU
Optimizing NNI: done in 0.927307 secs using 196.2% CPU
Optimizing NNI: done in 1.12324 secs using 195% CPU
Optimizing NNI: done in 1.35641 secs using 195.2% CPU
Optimizing NNI: done in 1.16333 secs using 196.1% CPU
Iteration 120 / LogL: -5013.858 / Time: 0h:3m:6s (0h:1m:40s left)
Optimizing NNI: done in 1.20855 secs using 197.1% CPU
Optimizing NNI: done in 1.48865 secs using 197% CPU
Optimizing NNI: done in 1.20068 secs using 196.5% CPU
Optimizing NNI: done in 1.20261 secs using 196.1% CPU
Optimizing NNI: done in 1.07083 secs using 196.3% CPU
Optimizing NNI: done in 1.18713 secs using 197.3% CPU
Optimizing NNI: done in 1.70532 secs using 197% CPU
Optimizing NNI: done in 1.33472 secs using 197% CPU
Optimizing NNI: done in 1.44713 secs using 196.9% CPU
Optimizing NNI: done in 1.3562 secs using 196.8% CPU
Iteration 130 / LogL: -5025.469 / Time: 0h:3m:20s (0h:1m:23s left)
Optimizing NNI: done in 1.16601 secs using 195.2% CPU
Optimizing NNI: done in 1.08774 secs using 193.6% CPU
Optimizing NNI: done in 1.47154 secs using 194.6% CPU
Optimizing NNI: done in 1.04578 secs using 195.3% CPU
Optimizing NNI: done in 1.53603 secs using 197.2% CPU
Estimate model parameters (epsilon = 0.100)
BETTER TREE FOUND at iteration 135: -5007.002
Optimizing NNI: done in 1.20136 secs using 196% CPU
Optimizing NNI: done in 1.175 secs using 195.7% CPU
Optimizing NNI: done in 1.03921 secs using 197.5% CPU
Optimizing NNI: done in 1.17911 secs using 197.5% CPU
Optimizing NNI: done in 0.997717 secs using 195.4% CPU
Iteration 140 / LogL: -5017.132 / Time: 0h:3m:33s (0h:2m:26s left)
Optimizing NNI: done in 1.40576 secs using 195.9% CPU
Estimate model parameters (epsilon = 0.100)
BETTER TREE FOUND at iteration 141: -5006.855
Optimizing NNI: done in 1.44466 secs using 197.4% CPU
Optimizing NNI: done in 1.29638 secs using 197.1% CPU
Optimizing NNI: done in 1.10718 secs using 196.9% CPU
Optimizing NNI: done in 1.17984 secs using 195.2% CPU
Optimizing NNI: done in 1.01275 secs using 197.9% CPU
Optimizing NNI: done in 1.33937 secs using 196.6% CPU
Optimizing NNI: done in 1.6622 secs using 196.6% CPU
Optimizing NNI: done in 1.37764 secs using 194.8% CPU
Optimizing NNI: done in 1.69999 secs using 196% CPU
Iteration 150 / LogL: -5010.624 / Time: 0h:3m:48s (0h:2m:19s left)
Optimizing NNI: done in 1.1724 secs using 196.9% CPU
Optimizing NNI: done in 1.26835 secs using 195.9% CPU
Optimizing NNI: done in 1.36471 secs using 196.7% CPU
Optimizing NNI: done in 1.18146 secs using 192.8% CPU
Optimizing NNI: done in 1.32002 secs using 196.8% CPU
Optimizing NNI: done in 1.22689 secs using 196.1% CPU
Optimizing NNI: done in 1.08367 secs using 196.7% CPU
Optimizing NNI: done in 0.945706 secs using 196.3% CPU
Optimizing NNI: done in 0.921109 secs using 196.5% CPU
Optimizing NNI: done in 1.07759 secs using 195% CPU
Iteration 160 / LogL: -5025.016 / Time: 0h:4m:1s (0h:2m:2s left)
Optimizing NNI: done in 1.45376 secs using 197.4% CPU
Optimizing NNI: done in 1.32901 secs using 196.7% CPU
Optimizing NNI: done in 1.18735 secs using 195.9% CPU
Optimizing NNI: done in 1.0647 secs using 194.4% CPU
Optimizing NNI: done in 1.16875 secs using 197.3% CPU
Optimizing NNI: done in 1.2304 secs using 195.7% CPU
Optimizing NNI: done in 0.997585 secs using 196.3% CPU
Optimizing NNI: done in 1.31695 secs using 197.1% CPU
Optimizing NNI: done in 1.16914 secs using 196.1% CPU
Optimizing NNI: done in 1.41337 secs using 197.8% CPU
Iteration 170 / LogL: -5011.208 / Time: 0h:4m:14s (0h:1m:46s left)
Optimizing NNI: done in 1.28361 secs using 196.2% CPU
Optimizing NNI: done in 1.25093 secs using 196.6% CPU
Optimizing NNI: done in 1.42489 secs using 195.4% CPU
Optimizing NNI: done in 1.50804 secs using 195.3% CPU
Optimizing NNI: done in 1.73571 secs using 198.5% CPU
Optimizing NNI: done in 1.34875 secs using 197.1% CPU
Optimizing NNI: done in 1.78137 secs using 196.3% CPU
Optimizing NNI: done in 1.42331 secs using 196.4% CPU
Optimizing NNI: done in 1.1689 secs using 197.7% CPU
Optimizing NNI: done in 1.22872 secs using 196.8% CPU
Iteration 180 / LogL: -5017.029 / Time: 0h:4m:29s (0h:1m:31s left)
Optimizing NNI: done in 1.08057 secs using 196.3% CPU
Optimizing NNI: done in 1.26985 secs using 195% CPU
Optimizing NNI: done in 1.06556 secs using 195.9% CPU
Optimizing NNI: done in 1.12066 secs using 196.1% CPU
Optimizing NNI: done in 1.25276 secs using 195.9% CPU
Optimizing NNI: done in 1.17055 secs using 195% CPU
Optimizing NNI: done in 1.23789 secs using 197% CPU
Optimizing NNI: done in 1.43239 secs using 197.1% CPU
Optimizing NNI: done in 1.22128 secs using 196.4% CPU
Optimizing NNI: done in 1.45429 secs using 197.5% CPU
Iteration 190 / LogL: -5009.626 / Time: 0h:4m:42s (0h:1m:16s left)
Optimizing NNI: done in 1.40712 secs using 196.1% CPU
Optimizing NNI: done in 1.0776 secs using 197.3% CPU
Optimizing NNI: done in 0.870252 secs using 196.8% CPU
Optimizing NNI: done in 1.49242 secs using 195.4% CPU
Optimizing NNI: done in 1.22474 secs using 196.3% CPU
Optimizing NNI: done in 1.07725 secs using 195.1% CPU
Optimizing NNI: done in 1.544 secs using 195.3% CPU
Optimizing NNI: done in 1.28998 secs using 197.3% CPU
Optimizing NNI: done in 1.40165 secs using 196.7% CPU
Optimizing NNI: done in 1.05406 secs using 197.2% CPU
Iteration 200 / LogL: -5025.217 / Time: 0h:4m:55s (0h:1m:0s left)
Optimizing NNI: done in 1.48468 secs using 197% CPU
Optimizing NNI: done in 1.17288 secs using 195.9% CPU
Optimizing NNI: done in 0.90848 secs using 196.6% CPU
Optimizing NNI: done in 1.30165 secs using 196.8% CPU
Optimizing NNI: done in 1.19602 secs using 197% CPU
Optimizing NNI: done in 1.56314 secs using 196.7% CPU
Optimizing NNI: done in 1.62125 secs using 197.4% CPU
Optimizing NNI: done in 1.12158 secs using 196.8% CPU
Optimizing NNI: done in 1.16691 secs using 196.6% CPU
Optimizing NNI: done in 1.15963 secs using 196.8% CPU
Iteration 210 / LogL: -5043.581 / Time: 0h:5m:8s (0h:0m:45s left)
Optimizing NNI: done in 1.21526 secs using 196% CPU
Optimizing NNI: done in 1.25719 secs using 196.9% CPU
Optimizing NNI: done in 1.11521 secs using 195.6% CPU
Optimizing NNI: done in 1.13446 secs using 196.3% CPU
Optimizing NNI: done in 1.47647 secs using 197.4% CPU
Optimizing NNI: done in 1.18123 secs using 195.9% CPU
Optimizing NNI: done in 1.23897 secs using 197% CPU
Optimizing NNI: done in 1.12072 secs using 196.5% CPU
Optimizing NNI: done in 1.0033 secs using 195.5% CPU
Optimizing NNI: done in 1.32394 secs using 196.9% CPU
Iteration 220 / LogL: -5022.664 / Time: 0h:5m:21s (0h:0m:30s left)
Optimizing NNI: done in 1.09748 secs using 195.1% CPU
Optimizing NNI: done in 1.3153 secs using 196.9% CPU
Optimizing NNI: done in 1.02677 secs using 196.8% CPU
Optimizing NNI: done in 1.03424 secs using 197.6% CPU
Optimizing NNI: done in 1.05927 secs using 195.5% CPU
Optimizing NNI: done in 1.23724 secs using 196.8% CPU
Optimizing NNI: done in 1.0347 secs using 195.2% CPU
Optimizing NNI: done in 1.22704 secs using 197.7% CPU
Optimizing NNI: done in 1.31344 secs using 195.7% CPU
Optimizing NNI: done in 1.19618 secs using 195.5% CPU
Iteration 230 / LogL: -5015.554 / Time: 0h:5m:33s (0h:0m:16s left)
Optimizing NNI: done in 1.31134 secs using 195.4% CPU
Optimizing NNI: done in 1.33961 secs using 197.8% CPU
Optimizing NNI: done in 1.04278 secs using 198.6% CPU
Optimizing NNI: done in 1.30115 secs using 197.1% CPU
Optimizing NNI: done in 1.13252 secs using 197.8% CPU
Optimizing NNI: done in 1.20067 secs using 196.9% CPU
Optimizing NNI: done in 1.21743 secs using 197.1% CPU
Optimizing NNI: done in 1.41482 secs using 197.4% CPU
Optimizing NNI: done in 1.26159 secs using 195.4% CPU
Optimizing NNI: done in 1.13557 secs using 196.4% CPU
Iteration 240 / LogL: -5027.375 / Time: 0h:5m:47s (0h:0m:1s left)
Optimizing NNI: done in 1.22242 secs using 197.1% CPU
Optimizing NNI: done in 1.20762 secs using 197.2% CPU
TREE SEARCH COMPLETED AFTER 242 ITERATIONS / Time: 0h:5m:49s

--------------------------------------------------------------------
|                    FINALIZING TREE SEARCH                        |
--------------------------------------------------------------------
Performs final model parameters optimization
Estimate model parameters (epsilon = 0.010)
1. Initial log-likelihood: -5006.855
Optimal log-likelihood: -5006.854
Rate parameters:  A-C: 1.02911  A-G: 1.30947  A-T: 0.35329  C-G: 0.07828  C-T: 2.80631  G-T: 1.00000
Base frequencies:  A: 0.357  C: 0.151  G: 0.311  T: 0.182
Site proportion and rates:  (0.211,0.581) (0.051,0.582) (0.136,0.582) (0.215,0.582) (0.367,1.549) (0.019,3.847)
Parameters optimization took 1 rounds (0.464 sec)
BEST SCORE FOUND : -5006.854
Total tree length: 6.332

Total number of iterations: 242
CPU time used for tree search: 655.234 sec (0h:10m:55s)
Wall-clock time used for tree search: 343.931 sec (0h:5m:43s)
Total CPU time used: 666.926 sec (0h:11m:6s)
Total wall-clock time used: 350.073 sec (0h:5m:50s)

Analysis results written to: 
  IQ-TREE report:                IQTREE_bestTree.InWindow_2290_to_2540.iqtree
  Maximum-likelihood tree:       IQTREE_bestTree.InWindow_2290_to_2540.treefile
  Likelihood distances:          IQTREE_bestTree.InWindow_2290_to_2540.mldist
  Screen log file:               IQTREE_bestTree.InWindow_2290_to_2540.log

Date and Time: Tue Jul 25 09:01:54 2023
