IQ-TREE multicore version 2.2.2.7 COVID-edition for Linux 64-bit built Jun  7 2023
Developed by Bui Quang Minh, James Barbetti, Nguyen Lam Tung,
Olga Chernomor, Heiko Schmidt, Dominik Schrempf, Michael Woodhams, Ly Trong Nhan.

Host:    hpc-node03 (AVX2, FMA3, 1007 GB RAM)
Command: iqtree -s AlignedReadsInWindow_PositionsExcised_4820_to_5070.fasta -pre IQTREE_bestTree.InWindow_4820_to_5070 -m GTR+F+R6 -nt 2
Seed:    434236 (Using SPRNG - Scalable Parallel Random Number Generator)
Time:    Tue Jul 25 12:15:19 2023
Kernel:  AVX+FMA - 2 threads (2 CPU cores detected)

Reading alignment file AlignedReadsInWindow_PositionsExcised_4820_to_5070.fasta ... Fasta format detected
Reading fasta file: done in 0.0036967 secs using 89.95% CPU
Alignment most likely contains DNA/RNA sequences
Constructing alignment: done in 0.00187689 secs using 99.95% CPU
Alignment has 571 sequences with 246 columns, 228 distinct patterns
139 parsimony-informative, 81 singleton sites, 26 constant sites
                                                            Gap/Ambiguity  Composition  p-value
Analyzing sequences: done in 0.000246915 secs using 324.8% CPU
   1  200724_20-08518_HIV10-02405_FL24_S14_L000_read_1_count_259    1.63%    passed     99.66%
   2  200724_20-08518_HIV10-02405_FL24_S14_L000_read_2_count_16     1.63%    passed     99.36%
   3  200724_20-08518_HIV10-02405_FL24_S14_L000_read_3_count_11     1.63%    passed     98.94%
   4  200724_20-08518_HIV10-02405_FL24_S14_L000_read_4_count_8      1.63%    passed     98.94%
   5  200724_20-08518_HIV10-02405_FL24_S14_L000_read_5_count_7      1.63%    passed     99.36%
   6  200724_20-08518_HIV10-02405_FL24_S14_L000_read_6_count_6      1.63%    passed     99.80%
   7  200724_20-08518_HIV10-02405_FL24_S14_L000_read_7_count_5      1.63%    passed     98.94%
   8  200724_20-08518_HIV10-02405_FL24_S14_L000_read_8_count_4      1.63%    passed     99.36%
   9  200724_20-08518_HIV10-02405_FL24_S14_L000_read_9_count_4      1.63%    passed     99.41%
  10  200724_20-08518_HIV10-02405_FL24_S14_L000_read_10_count_3     1.63%    passed     99.71%
  11  200724_20-08518_HIV10-02405_FL24_S14_L000_read_11_count_2     1.63%    passed     99.66%
  12  200724_20-08518_HIV10-02405_FL24_S14_L000_read_12_count_2     1.63%    passed     99.95%
  13  200724_20-08518_HIV10-02405_FL24_S14_L000_read_13_count_2     1.63%    passed     98.53%
  14  200724_20-08518_HIV10-02405_FL24_S14_L000_read_14_count_2     1.63%    passed     99.36%
  15  200724_20-08518_HIV10-02405_FL24_S14_L000_read_15_count_2     1.63%    passed     99.36%
  16  200724_20-08518_HIV10-02405_FL24_S14_L000_read_16_count_2     1.63%    passed     99.41%
  17  200724_20-08518_HIV10-02405_FL24_S14_L000_read_17_count_2     1.63%    passed     98.53%
  18  200724_20-08518_HIV10-02405_FL24_S14_L000_read_18_count_2     1.63%    passed     99.41%
  19  200724_20-08518_HIV10-02405_FL24_S14_L000_read_19_count_2     1.63%    passed     99.41%
  20  200724_20-08518_HIV10-02405_FL24_S14_L000_read_20_count_2     1.63%    passed     99.41%
  21  200724_20-08518_HIV10-02405_FL24_S14_L000_read_21_count_2     1.63%    passed     98.46%
  22  200724_20-08518_HIV10-02405_FL24_S14_L000_read_22_count_1     1.63%    passed     98.46%
  23  200724_20-08518_HIV10-02405_FL24_S14_L000_read_23_count_1     1.63%    passed     96.21%
  24  200724_20-08518_HIV10-02405_FL24_S14_L000_read_24_count_1     1.63%    passed     98.94%
  25  200724_20-08518_HIV10-02405_FL24_S14_L000_read_25_count_1     1.63%    passed     99.95%
  26  200724_20-08518_HIV10-02405_FL24_S14_L000_read_26_count_1     1.63%    passed     99.41%
  27  200724_20-08518_HIV10-02405_FL24_S14_L000_read_27_count_1     1.63%    passed     95.83%
  28  200724_20-08518_HIV10-02405_FL24_S14_L000_read_28_count_1     1.63%    passed     99.88%
  29  200724_20-08518_HIV10-02405_FL24_S14_L000_read_29_count_1     1.63%    passed     99.41%
  30  200724_20-08518_HIV10-02405_FL24_S14_L000_read_30_count_1     1.63%    passed     98.38%
  31  200724_20-08518_HIV10-02405_FL24_S14_L000_read_31_count_1     1.63%    passed     99.80%
  32  200724_20-08518_HIV10-02405_FL24_S14_L000_read_32_count_1     1.63%    passed     99.41%
  33  200724_20-08518_HIV10-02405_FL24_S14_L000_read_33_count_1     1.63%    passed     99.24%
  34  200724_20-08518_HIV10-02405_FL24_S14_L000_read_34_count_1     1.63%    passed     56.87%
  35  200724_20-08518_HIV10-02405_FL24_S14_L000_read_35_count_1     1.63%    passed     99.71%
  36  200724_20-08518_HIV10-02405_FL24_S14_L000_read_36_count_1     1.63%    passed     98.53%
  37  200724_20-08518_HIV10-02405_FL24_S14_L000_read_37_count_1     1.63%    passed     96.21%
  38  200724_20-08518_HIV10-02405_FL24_S14_L000_read_38_count_1     1.63%    passed     99.41%
  39  200724_20-08518_HIV10-02405_FL24_S14_L000_read_39_count_1     1.63%    passed     98.60%
  40  200724_20-08518_HIV10-02405_FL24_S14_L000_read_40_count_1     1.63%    passed     99.41%
  41  200724_20-08518_HIV10-02405_FL24_S14_L000_read_41_count_1     1.63%    passed     94.03%
  42  200724_20-08518_HIV10-02405_FL24_S14_L000_read_42_count_1     1.63%    passed     98.94%
  43  200724_20-08518_HIV10-02405_FL24_S14_L000_read_43_count_1     1.63%    passed     98.53%
  44  200724_20-08518_HIV10-02405_FL24_S14_L000_read_44_count_1     1.63%    passed     99.95%
  45  200724_20-08518_HIV10-02405_FL24_S14_L000_read_45_count_1     2.03%    passed     99.80%
  46  200724_20-08518_HIV10-02405_FL24_S14_L000_read_46_count_1     1.63%    passed     99.41%
  47  200724_20-08518_HIV10-02405_FL24_S14_L000_read_47_count_1     1.63%    passed     99.95%
  48  200724_20-08518_HIV10-02405_FL24_S14_L000_read_48_count_1     1.63%    passed     99.71%
  49  200724_20-08518_HIV10-02405_FL24_S14_L000_read_49_count_1     1.63%    passed     98.60%
  50  200724_20-08518_HIV10-02405_FL24_S14_L000_read_50_count_1     1.63%    passed     99.80%
  51  200724_20-08518_HIV10-02405_FL24_S14_L000_read_51_count_1     1.63%    passed     99.41%
  52  200724_20-08518_HIV10-02405_FL24_S14_L000_read_52_count_1     1.63%    passed     98.37%
  53  200724_20-08518_HIV10-02405_FL24_S14_L000_read_53_count_1     1.63%    passed     99.39%
  54  200724_20-08518_HIV10-02405_FL24_S14_L000_read_54_count_1     1.63%    passed     98.38%
  55  200724_20-08518_HIV10-02405_FL24_S14_L000_read_55_count_1     1.63%    passed     98.24%
  56  200724_20-08518_HIV10-02405_FL24_S14_L000_read_56_count_1     1.63%    passed     98.46%
  57  200724_20-08518_HIV10-02405_FL24_S14_L000_read_57_count_1     1.63%    passed     99.41%
  58  200724_20-08518_HIV10-02405_FL24_S14_L000_read_58_count_1     1.63%    passed     98.53%
  59  200724_20-08518_HIV10-02405_FL24_S14_L000_read_59_count_1     1.63%    passed     94.01%
  60  200724_20-08518_HIV10-02405_FL24_S14_L000_read_60_count_1     1.63%    passed     99.88%
  61  200724_20-08518_HIV10-02405_FL24_S14_L000_read_61_count_1     1.63%    passed     99.41%
  62  200724_20-08518_HIV10-02405_FL24_S14_L000_read_62_count_1     1.63%    passed     96.86%
  63  200724_20-08518_HIV10-02405_FL24_S14_L000_read_63_count_1     1.63%    passed     99.13%
  64  200724_20-08518_HIV10-02405_FL24_S14_L000_read_64_count_1     1.63%    passed     99.41%
  65  200724_20-08518_HIV10-02405_FL24_S14_L000_read_65_count_1     1.63%    passed     99.36%
  66  200724_20-08518_HIV10-02405_FL24_S14_L000_read_66_count_1     1.63%    passed     98.93%
  67  200724_20-08518_HIV10-02405_FL24_S14_L000_read_67_count_1     1.63%    passed     99.36%
  68  200724_20-08518_HIV10-02405_FL24_S14_L000_read_68_count_1     1.63%    passed     99.66%
  69  200724_20-08518_HIV10-02405_FL24_S14_L000_read_69_count_1     1.63%    passed     99.88%
  70  200724_20-08518_HIV10-02405_FL24_S14_L000_read_70_count_1     1.63%    passed     98.60%
  71  200724_20-08518_HIV10-02405_FL24_S14_L000_read_71_count_1     1.22%    passed     99.39%
  72  200724_20-08518_HIV10-02405_FL24_S14_L000_read_72_count_1     1.63%    passed     98.38%
  73  200724_20-08518_HIV10-02405_FL24_S14_L000_read_73_count_1     1.63%    passed     97.59%
  74  200724_20-08518_HIV10-02405_FL24_S14_L000_read_74_count_1     1.63%    passed     99.95%
  75  200724_20-08518_HIV10-02405_FL24_S14_L000_read_75_count_1     1.63%    passed     98.53%
  76  200724_20-08518_HIV10-02405_FL24_S14_L000_read_76_count_1     1.63%    passed     99.39%
  77  200724_20-08518_HIV10-02405_FL24_S14_L000_read_77_count_1     1.63%    passed     99.80%
  78  200724_20-08518_HIV10-02405_FL24_S14_L000_read_78_count_1     1.63%    passed     98.53%
  79  200724_20-08518_HIV10-02405_FL24_S14_L000_read_79_count_1     1.63%    passed     99.95%
  80  200724_20-08518_HIV10-02405_FL24_S14_L000_read_80_count_1     1.63%    passed     99.95%
  81  200724_20-08518_HIV10-02405_FL24_S14_L000_read_81_count_1     1.63%    passed     99.41%
  82  200724_20-08518_HIV10-02405_FL24_S14_L000_read_82_count_1     1.63%    passed     98.24%
  83  200724_20-08518_HIV10-02405_FL24_S14_L000_read_83_count_1     1.63%    passed     98.48%
  84  200724_20-08518_HIV10-02405_FL24_S14_L000_read_84_count_1     1.63%    passed     99.71%
  85  200724_20-08518_HIV10-02405_FL24_S14_L000_read_85_count_1     1.63%    passed     99.80%
  86  200709_20-07994_HIV07-01067_FL21_S1_L000_read_1_count_488     1.63%    passed     99.08%
  87  200709_20-07994_HIV07-01067_FL21_S1_L000_read_2_count_144     1.63%    passed     96.09%
  88  200709_20-07994_HIV07-01067_FL21_S1_L000_read_3_count_38      1.63%    passed     99.87%
  89  200709_20-07994_HIV07-01067_FL21_S1_L000_read_4_count_6       1.63%    passed     96.29%
  90  200709_20-07994_HIV07-01067_FL21_S1_L000_read_5_count_3       1.63%    passed     99.87%
  91  200709_20-07994_HIV07-01067_FL21_S1_L000_read_6_count_2       1.22%    passed     98.37%
  92  200709_20-07994_HIV07-01067_FL21_S1_L000_read_7_count_2       1.63%    passed     98.16%
  93  200709_20-07994_HIV07-01067_FL21_S1_L000_read_8_count_2       1.63%    passed     99.21%
  94  200709_20-07994_HIV07-01067_FL21_S1_L000_read_9_count_2       1.63%    passed     99.21%
  95  200709_20-07994_HIV07-01067_FL21_S1_L000_read_10_count_2      1.63%    passed     98.16%
  96  200709_20-07994_HIV07-01067_FL21_S1_L000_read_11_count_2      1.63%    passed     99.21%
  97  200709_20-07994_HIV07-01067_FL21_S1_L000_read_12_count_2      1.63%    passed     99.88%
  98  200709_20-07994_HIV07-01067_FL21_S1_L000_read_13_count_2      1.63%    passed     96.29%
  99  200709_20-07994_HIV07-01067_FL21_S1_L000_read_14_count_2      1.63%    passed     99.21%
 100  200709_20-07994_HIV07-01067_FL21_S1_L000_read_15_count_2      1.63%    passed     99.21%
 101  200709_20-07994_HIV07-01067_FL21_S1_L000_read_16_count_2      1.63%    passed     98.16%
 102  200709_20-07994_HIV07-01067_FL21_S1_L000_read_17_count_2      1.63%    passed     99.21%
 103  200709_20-07994_HIV07-01067_FL21_S1_L000_read_18_count_2      1.63%    passed     99.21%
 104  200709_20-07994_HIV07-01067_FL21_S1_L000_read_19_count_2      1.63%    passed     96.09%
 105  200709_20-07994_HIV07-01067_FL21_S1_L000_read_20_count_2      1.63%    passed     99.21%
 106  200709_20-07994_HIV07-01067_FL21_S1_L000_read_21_count_2      1.63%    passed     98.16%
 107  200709_20-07994_HIV07-01067_FL21_S1_L000_read_22_count_2      1.63%    passed     99.21%
 108  200709_20-07994_HIV07-01067_FL21_S1_L000_read_23_count_2      1.63%    passed     99.88%
 109  200709_20-07994_HIV07-01067_FL21_S1_L000_read_24_count_2      1.63%    passed     99.45%
 110  200709_20-07994_HIV07-01067_FL21_S1_L000_read_25_count_1      1.63%    passed     98.87%
 111  200709_20-07994_HIV07-01067_FL21_S1_L000_read_26_count_1      1.63%    passed     99.88%
 112  200709_20-07994_HIV07-01067_FL21_S1_L000_read_27_count_1      1.63%    passed     99.21%
 113  200709_20-07994_HIV07-01067_FL21_S1_L000_read_28_count_1      1.63%    passed     99.21%
 114  200709_20-07994_HIV07-01067_FL21_S1_L000_read_29_count_1      1.63%    passed     98.16%
 115  200709_20-07994_HIV07-01067_FL21_S1_L000_read_30_count_1      1.63%    passed     99.21%
 116  200709_20-07994_HIV07-01067_FL21_S1_L000_read_31_count_1      2.03%    passed     98.67%
 117  200709_20-07994_HIV07-01067_FL21_S1_L000_read_32_count_1      1.63%    passed     94.81%
 118  200709_20-07994_HIV07-01067_FL21_S1_L000_read_33_count_1      1.63%    passed     98.48%
 119  200709_20-07994_HIV07-01067_FL21_S1_L000_read_34_count_1      1.63%    passed     99.21%
 120  200709_20-07994_HIV07-01067_FL21_S1_L000_read_35_count_1      1.63%    passed     99.08%
 121  200709_20-07994_HIV07-01067_FL21_S1_L000_read_36_count_1      1.63%    passed     99.24%
 122  200709_20-07994_HIV07-01067_FL21_S1_L000_read_37_count_1      1.63%    passed     99.81%
 123  200709_20-07994_HIV07-01067_FL21_S1_L000_read_38_count_1      1.63%    passed     99.81%
 124  200709_20-07994_HIV07-01067_FL21_S1_L000_read_39_count_1      1.63%    passed     99.45%
 125  200709_20-07994_HIV07-01067_FL21_S1_L000_read_40_count_1      1.63%    passed     96.29%
 126  200709_20-07994_HIV07-01067_FL21_S1_L000_read_41_count_1      1.63%    passed     99.21%
 127  200709_20-07994_HIV07-01067_FL21_S1_L000_read_42_count_1      1.63%    passed     96.29%
 128  200709_20-07994_HIV07-01067_FL21_S1_L000_read_43_count_1      1.63%    passed     98.87%
 129  200709_20-07994_HIV07-01067_FL21_S1_L000_read_44_count_1      1.63%    passed     98.48%
 130  200709_20-07994_HIV07-01067_FL21_S1_L000_read_45_count_1      1.63%    passed     99.45%
 131  200709_20-07994_HIV07-01067_FL21_S1_L000_read_46_count_1      1.63%    passed     97.76%
 132  200709_20-07994_HIV07-01067_FL21_S1_L000_read_47_count_1      1.63%    passed     85.45%
 133  200709_20-07994_HIV07-01067_FL21_S1_L000_read_48_count_1      1.63%    passed     99.21%
 134  200709_20-07994_HIV07-01067_FL21_S1_L000_read_49_count_1      1.63%    passed     99.08%
 135  200709_20-07994_HIV07-01067_FL21_S1_L000_read_50_count_1      1.63%    passed     99.97%
 136  200709_20-07994_HIV07-01067_FL21_S1_L000_read_51_count_1      1.63%    passed     99.21%
 137  200709_20-07994_HIV07-01067_FL21_S1_L000_read_52_count_1      1.63%    passed     99.85%
 138  200709_20-07994_HIV07-01067_FL21_S1_L000_read_53_count_1      1.63%    passed     98.48%
 139  200709_20-07994_HIV07-01067_FL21_S1_L000_read_54_count_1      1.63%    passed     98.16%
 140  200709_20-07994_HIV07-01067_FL21_S1_L000_read_55_count_1      1.63%    passed     99.87%
 141  200709_20-07994_HIV07-01067_FL21_S1_L000_read_56_count_1      1.63%    passed     96.09%
 142  200709_20-07994_HIV07-01067_FL21_S1_L000_read_57_count_1      1.63%    passed     99.21%
 143  200709_20-07994_HIV07-01067_FL21_S1_L000_read_58_count_1      1.63%    passed     99.19%
 144  200709_20-07994_HIV07-01067_FL21_S1_L000_read_59_count_1      1.63%    passed     98.16%
 145  200709_20-07994_HIV07-01067_FL21_S1_L000_read_60_count_1      1.63%    passed     99.81%
 146  200709_20-07994_HIV07-01067_FL21_S1_L000_read_61_count_1      1.63%    passed     99.21%
 147  200709_20-07994_HIV07-01067_FL21_S1_L000_read_62_count_1      1.63%    passed     99.21%
 148  200709_20-07994_HIV07-01067_FL21_S1_L000_read_63_count_1      2.03%    passed     99.27%
 149  200709_20-07994_HIV07-01067_FL21_S1_L000_read_64_count_1      1.63%    passed     96.29%
 150  200709_20-07994_HIV07-01067_FL21_S1_L000_read_65_count_1      1.63%    passed     98.65%
 151  200709_20-07994_HIV07-01067_FL21_S1_L000_read_66_count_1      1.63%    passed     99.21%
 152  200709_20-07994_HIV07-01067_FL21_S1_L000_read_67_count_1      1.63%    passed     99.21%
 153  200709_20-07994_HIV07-01067_FL21_S1_L000_read_68_count_1      1.63%    passed     99.21%
 154  200709_20-07994_HIV07-01067_FL21_S1_L000_read_69_count_1      1.63%    passed     99.21%
 155  200709_20-07994_HIV07-01067_FL21_S1_L000_read_70_count_1      1.63%    passed     94.42%
 156  200709_20-07994_HIV07-01067_FL21_S1_L000_read_71_count_1      1.63%    passed     98.16%
 157  200709_20-07994_HIV07-01067_FL21_S1_L000_read_72_count_1      1.63%    passed     99.08%
 158  200709_20-07994_HIV07-01067_FL21_S1_L000_read_73_count_1      1.63%    passed     96.29%
 159  200709_20-07994_HIV07-01067_FL21_S1_L000_read_74_count_1      1.63%    passed     99.24%
 160  200709_20-07994_HIV07-01067_FL21_S1_L000_read_75_count_1      1.22%    passed     99.81%
 161  200709_20-07994_HIV07-01067_FL21_S1_L000_read_76_count_1      1.63%    passed     99.87%
 162  200709_20-07994_HIV07-01067_FL21_S1_L000_read_77_count_1      1.63%    passed     99.21%
 163  200709_20-07994_HIV07-01067_FL21_S1_L000_read_78_count_1      1.63%    passed     94.42%
 164  200709_20-07994_HIV07-01067_FL21_S1_L000_read_79_count_1      1.63%    passed     99.88%
 165  200709_20-07994_HIV07-01067_FL21_S1_L000_read_80_count_1      1.63%    passed     99.81%
 166  200709_20-07994_HIV07-01067_FL21_S1_L000_read_81_count_1      1.63%    passed     99.24%
 167  200709_20-07994_HIV07-01067_FL21_S1_L000_read_82_count_1      1.63%    passed     99.81%
 168  200709_20-07994_HIV07-01067_FL21_S1_L000_read_83_count_1      1.63%    passed     99.21%
 169  200709_20-07994_HIV07-01067_FL21_S1_L000_read_84_count_1      1.63%    passed     96.29%
 170  200709_20-07994_HIV07-01067_FL21_S1_L000_read_85_count_1      1.63%    passed     99.28%
 171  200709_20-07994_HIV07-01067_FL21_S1_L000_read_86_count_1      1.63%    passed     99.21%
 172  200709_20-07994_HIV07-01067_FL21_S1_L000_read_87_count_1      1.63%    passed     99.24%
 173  200709_20-07994_HIV07-01067_FL21_S1_L000_read_88_count_1      1.63%    passed     96.29%
 174  200709_20-07994_HIV07-01067_FL21_S1_L000_read_89_count_1      1.63%    passed     99.24%
 175  200709_20-07994_HIV07-01067_FL21_S1_L000_read_90_count_1      1.63%    passed     96.29%
 176  200709_20-07994_HIV07-01067_FL21_S1_L000_read_91_count_1      1.63%    passed     99.21%
 177  200709_20-07994_HIV07-01067_FL21_S1_L000_read_92_count_1      1.63%    passed     98.48%
 178  200709_20-07994_HIV07-01067_FL21_S1_L000_read_93_count_1      1.63%    passed     96.29%
 179  200709_20-07994_HIV07-01067_FL21_S1_L000_read_94_count_1      1.63%    passed     99.87%
 180  200709_20-07994_HIV07-01067_FL21_S1_L000_read_95_count_1      1.63%    passed     96.09%
 181  200709_20-07994_HIV07-01067_FL21_S1_L000_read_96_count_1      1.63%    passed     99.21%
 182  200709_20-07994_HIV07-01067_FL21_S1_L000_read_97_count_1      1.63%    passed     98.48%
 183  200709_20-07994_HIV07-01067_FL21_S1_L000_read_98_count_1      1.63%    passed     98.48%
 184  200709_20-07994_HIV07-01067_FL21_S1_L000_read_99_count_1      1.63%    passed     99.21%
 185  200709_20-07994_HIV07-01067_FL21_S1_L000_read_100_count_1     1.63%    passed     96.09%
 186  200709_20-07994_HIV07-01067_FL21_S1_L000_read_101_count_1     1.63%    passed     99.81%
 187  200709_20-07994_HIV07-01067_FL21_S1_L000_read_102_count_1     0.81%    passed     96.48%
 188  200709_20-07994_HIV07-01067_FL21_S1_L000_read_103_count_1     1.63%    passed     94.81%
 189  200709_20-07994_HIV07-01067_FL21_S1_L000_read_104_count_1     1.63%    passed     96.55%
 190  200709_20-07994_HIV07-01067_FL21_S1_L000_read_105_count_1     1.63%    passed     99.88%
 191  200709_20-07994_HIV07-01067_FL21_S1_L000_read_106_count_1     1.63%    passed     99.21%
 192  200709_20-07994_HIV07-01067_FL21_S1_L000_read_107_count_1     1.63%    passed     98.48%
 193  200709_20-07994_HIV07-01067_FL21_S1_L000_read_108_count_1     1.63%    passed     99.97%
 194  200709_20-07994_HIV07-01067_FL21_S1_L000_read_109_count_1     1.63%    passed     95.47%
 195  200709_20-07994_HIV07-01067_FL21_S1_L000_read_110_count_1     1.63%    passed     89.94%
 196  200709_20-07994_HIV07-01067_FL21_S1_L000_read_111_count_1     1.63%    passed     98.16%
 197  200709_20-07994_HIV07-01067_FL21_S1_L000_read_112_count_1     1.63%    passed     99.08%
 198  200709_20-07994_HIV07-01067_FL21_S1_L000_read_113_count_1     1.63%    passed     99.21%
 199  200709_20-07994_HIV07-01067_FL21_S1_L000_read_114_count_1     1.63%    passed     99.88%
 200  200709_20-07994_HIV07-01067_FL21_S1_L000_read_115_count_1     1.63%    passed     99.21%
 201  200709_20-07994_HIV07-01067_FL21_S1_L000_read_116_count_1     1.63%    passed     98.48%
 202  200709_20-07994_HIV07-01067_FL21_S1_L000_read_117_count_1     1.63%    passed     99.87%
 203  200709_20-07994_HIV07-01067_FL21_S1_L000_read_118_count_1     1.63%    passed     99.81%
 204  200709_20-07994_HIV07-01067_FL21_S1_L000_read_119_count_1     1.63%    passed     99.21%
 205  200709_20-07994_HIV07-01067_FL21_S1_L000_read_120_count_1     1.63%    passed     99.45%
 206  200709_20-07994_HIV07-01067_FL21_S1_L000_read_121_count_1     1.63%    passed     98.48%
 207  200709_20-07994_HIV07-01067_FL21_S1_L000_read_122_count_1     1.63%    passed     99.21%
 208  200709_20-07994_HIV07-01067_FL21_S1_L000_read_123_count_1     1.63%    passed     99.45%
 209  200709_20-07994_HIV07-01067_FL21_S1_L000_read_124_count_1     1.63%    passed     99.45%
 210  200709_20-07994_HIV07-01067_FL21_S1_L000_read_125_count_1     1.63%    passed     99.87%
 211  200709_20-07994_HIV07-01067_FL21_S1_L000_read_126_count_1     1.63%    passed     99.85%
 212  200709_20-07994_HIV07-01067_FL21_S1_L000_read_127_count_1     1.63%    passed     94.81%
 213  200709_20-07994_HIV07-01067_FL21_S1_L000_read_128_count_1     1.63%    passed     99.21%
 214  200709_20-07994_HIV07-01067_FL21_S1_L000_read_129_count_1     1.63%    passed     98.48%
 215  200709_20-07994_HIV07-01067_FL21_S1_L000_read_130_count_1     1.63%    passed     99.88%
 216  200709_20-07994_HIV07-01067_FL21_S1_L000_read_131_count_1     1.63%    passed     99.88%
 217  200709_20-07994_HIV07-01067_FL21_S1_L000_read_132_count_1     1.63%    passed     96.28%
 218  200709_20-07994_HIV07-01067_FL21_S1_L000_read_133_count_1     1.63%    passed     99.97%
 219  200709_20-07994_HIV07-01067_FL21_S1_L000_read_134_count_1     1.63%    passed     99.21%
 220  200709_20-07994_HIV07-01067_FL21_S1_L000_read_135_count_1     1.63%    passed     94.42%
 221  200709_20-07994_HIV07-01067_FL21_S1_L000_read_136_count_1     1.63%    passed     99.88%
 222  200709_20-07994_HIV07-01067_FL21_S1_L000_read_137_count_1     1.63%    passed     96.79%
 223  200709_20-07994_HIV07-01067_FL21_S1_L000_read_138_count_1     1.63%    passed     98.48%
 224  200709_20-07994_HIV07-01067_FL21_S1_L000_read_139_count_1     1.63%    passed     99.21%
 225  200703_20-07825_HIV09-00618_FL18_S6_L000_read_1_count_443     1.63%    passed     99.93%
 226  200703_20-07825_HIV09-00618_FL18_S6_L000_read_2_count_13      1.63%    passed     99.97%
 227  200703_20-07825_HIV09-00618_FL18_S6_L000_read_3_count_4       1.63%    passed     99.40%
 228  200703_20-07825_HIV09-00618_FL18_S6_L000_read_4_count_3       1.63%    passed     99.13%
 229  200703_20-07825_HIV09-00618_FL18_S6_L000_read_5_count_3       1.63%    passed     99.13%
 230  200703_20-07825_HIV09-00618_FL18_S6_L000_read_6_count_3       1.63%    passed     99.40%
 231  200703_20-07825_HIV09-00618_FL18_S6_L000_read_7_count_3       1.63%    passed     99.81%
 232  200703_20-07825_HIV09-00618_FL18_S6_L000_read_8_count_2       1.63%    passed     99.97%
 233  200703_20-07825_HIV09-00618_FL18_S6_L000_read_9_count_2       1.63%    passed     99.40%
 234  200703_20-07825_HIV09-00618_FL18_S6_L000_read_10_count_2      1.63%    passed     99.13%
 235  200703_20-07825_HIV09-00618_FL18_S6_L000_read_11_count_2      1.63%    passed     99.40%
 236  200703_20-07825_HIV09-00618_FL18_S6_L000_read_12_count_2      1.63%    passed     99.40%
 237  200703_20-07825_HIV09-00618_FL18_S6_L000_read_13_count_2      1.63%    passed     99.40%
 238  200703_20-07825_HIV09-00618_FL18_S6_L000_read_14_count_2      1.63%    passed     99.81%
 239  200703_20-07825_HIV09-00618_FL18_S6_L000_read_15_count_2      1.63%    passed     99.81%
 240  200703_20-07825_HIV09-00618_FL18_S6_L000_read_16_count_2      1.63%    passed     99.40%
 241  200703_20-07825_HIV09-00618_FL18_S6_L000_read_17_count_1      1.63%    passed     99.40%
 242  200703_20-07825_HIV09-00618_FL18_S6_L000_read_18_count_1      1.63%    passed     97.79%
 243  200703_20-07825_HIV09-00618_FL18_S6_L000_read_19_count_1      1.63%    passed     99.63%
 244  200703_20-07825_HIV09-00618_FL18_S6_L000_read_20_count_1      1.63%    passed     99.40%
 245  200703_20-07825_HIV09-00618_FL18_S6_L000_read_21_count_1      1.63%    passed     99.13%
 246  200703_20-07825_HIV09-00618_FL18_S6_L000_read_22_count_1      1.63%    passed     99.80%
 247  200703_20-07825_HIV09-00618_FL18_S6_L000_read_23_count_1      1.63%    passed     99.39%
 248  200703_20-07825_HIV09-00618_FL18_S6_L000_read_24_count_1      1.63%    passed     99.64%
 249  200703_20-07825_HIV09-00618_FL18_S6_L000_read_25_count_1      1.63%    passed     99.97%
 250  200703_20-07825_HIV09-00618_FL18_S6_L000_read_26_count_1      1.63%    passed     99.93%
 251  200703_20-07825_HIV09-00618_FL18_S6_L000_read_27_count_1      1.63%    passed     99.13%
 252  200703_20-07825_HIV09-00618_FL18_S6_L000_read_28_count_1      1.63%    passed     99.40%
 253  200703_20-07825_HIV09-00618_FL18_S6_L000_read_29_count_1      1.63%    passed     99.40%
 254  200703_20-07825_HIV09-00618_FL18_S6_L000_read_30_count_1      1.63%    passed     99.40%
 255  200703_20-07825_HIV09-00618_FL18_S6_L000_read_31_count_1      1.63%    passed     99.40%
 256  200703_20-07825_HIV09-00618_FL18_S6_L000_read_32_count_1      1.63%    passed     99.40%
 257  200703_20-07825_HIV09-00618_FL18_S6_L000_read_33_count_1      1.63%    passed     99.63%
 258  200703_20-07825_HIV09-00618_FL18_S6_L000_read_34_count_1      1.63%    passed     97.79%
 259  200703_20-07825_HIV09-00618_FL18_S6_L000_read_35_count_1      1.63%    passed     98.27%
 260  200703_20-07825_HIV09-00618_FL18_S6_L000_read_36_count_1      1.63%    passed     99.85%
 261  200703_20-07825_HIV09-00618_FL18_S6_L000_read_37_count_1      1.63%    passed     99.40%
 262  200703_20-07825_HIV09-00618_FL18_S6_L000_read_38_count_1      1.63%    passed     99.93%
 263  200703_20-07825_HIV09-00618_FL18_S6_L000_read_39_count_1      1.63%    passed     99.40%
 264  200703_20-07825_HIV09-00618_FL18_S6_L000_read_40_count_1      2.03%    passed     99.96%
 265  200703_20-07825_HIV09-00618_FL18_S6_L000_read_41_count_1      1.63%    passed     99.40%
 266  200703_20-07825_HIV09-00618_FL18_S6_L000_read_42_count_1      1.63%    passed     99.40%
 267  200703_20-07825_HIV09-00618_FL18_S6_L000_read_43_count_1      1.63%    passed     96.08%
 268  200703_20-07825_HIV09-00618_FL18_S6_L000_read_44_count_1      1.63%    passed     98.27%
 269  200703_20-07825_HIV09-00618_FL18_S6_L000_read_45_count_1      1.63%    passed     99.40%
 270  200703_20-07825_HIV09-00618_FL18_S6_L000_read_46_count_1      1.63%    passed     99.13%
 271  200703_20-07825_HIV09-00618_FL18_S6_L000_read_47_count_1      1.63%    passed     99.40%
 272  200703_20-07825_HIV09-00618_FL18_S6_L000_read_48_count_1      1.63%    passed     99.45%
 273  200703_20-07825_HIV09-00618_FL18_S6_L000_read_49_count_1      1.63%    passed     99.40%
 274  200703_20-07825_HIV09-00618_FL18_S6_L000_read_50_count_1      1.63%    passed     99.40%
 275  200703_20-07825_HIV09-00618_FL18_S6_L000_read_51_count_1      1.63%    passed     99.80%
 276  200703_20-07825_HIV09-00618_FL18_S6_L000_read_52_count_1      1.63%    passed     99.19%
 277  200703_20-07825_HIV09-00618_FL18_S6_L000_read_53_count_1      1.63%    passed     99.61%
 278  200703_20-07825_HIV09-00618_FL18_S6_L000_read_54_count_1      1.63%    passed     99.40%
 279  200703_20-07825_HIV09-00618_FL18_S6_L000_read_55_count_1      1.63%    passed     99.13%
 280  200703_20-07825_HIV09-00618_FL18_S6_L000_read_56_count_1      1.63%    passed     99.40%
 281  200703_20-07825_HIV09-00618_FL18_S6_L000_read_57_count_1      1.63%    passed     99.63%
 282  200703_20-07825_HIV09-00618_FL18_S6_L000_read_58_count_1      1.63%    passed     99.40%
 283  200703_20-07825_HIV09-00618_FL18_S6_L000_read_59_count_1      1.63%    passed     99.13%
 284  200703_20-07825_HIV09-00618_FL18_S6_L000_read_60_count_1      1.63%    passed     99.45%
 285  200703_20-07825_HIV09-00618_FL18_S6_L000_read_61_count_1      1.63%    passed     99.15%
 286  200703_20-07825_HIV09-00618_FL18_S6_L000_read_62_count_1      1.63%    passed     99.40%
 287  200703_20-07825_HIV09-00618_FL18_S6_L000_read_63_count_1      1.63%    passed     99.15%
 288  200703_20-07825_HIV09-00618_FL18_S6_L000_read_64_count_1      1.63%    passed     99.15%
 289  200703_20-07825_HIV09-00618_FL18_S6_L000_read_65_count_1      1.63%    passed     99.13%
 290  200703_20-07825_HIV09-00618_FL18_S6_L000_read_66_count_1      1.63%    passed     99.95%
 291  200703_20-07825_HIV09-00618_FL18_S6_L000_read_67_count_1      1.63%    passed     98.37%
 292  200703_20-07825_HIV09-00618_FL18_S6_L000_read_68_count_1      1.63%    passed     97.79%
 293  200703_20-07825_HIV09-00618_FL18_S6_L000_read_69_count_1      1.63%    passed     99.81%
 294  200703_20-07825_HIV09-00618_FL18_S6_L000_read_70_count_1      1.63%    passed     99.97%
 295  200703_20-07825_HIV09-00618_FL18_S6_L000_read_71_count_1      1.63%    passed     99.13%
 296  200703_20-07825_HIV09-00618_FL18_S6_L000_read_72_count_1      1.63%    passed     99.40%
 297  200703_20-07825_HIV09-00618_FL18_S6_L000_read_73_count_1      1.63%    passed     99.13%
 298  200703_20-07825_HIV09-00618_FL18_S6_L000_read_74_count_1      1.63%    passed     99.97%
 299  200703_20-07825_HIV09-00618_FL18_S6_L000_read_75_count_1      2.03%    passed     99.64%
 300  200703_20-07825_HIV09-00618_FL18_S6_L000_read_76_count_1      2.03%    passed     99.79%
 301  200703_20-07825_HIV09-00618_FL18_S6_L000_read_77_count_1      1.63%    passed     99.13%
 302  200703_20-07825_HIV09-00618_FL18_S6_L000_read_78_count_1      1.63%    passed     99.40%
 303  200703_20-07825_HIV09-00618_FL18_S6_L000_read_79_count_1      1.63%    passed     99.40%
 304  200703_20-07825_HIV09-00618_FL18_S6_L000_read_80_count_1      1.63%    passed     99.15%
 305  200703_20-07825_HIV09-00618_FL18_S6_L000_read_81_count_1      1.63%    passed     99.93%
 306  200703_20-07825_HIV09-00618_FL18_S6_L000_read_82_count_1      2.03%    passed     99.78%
 307  200814_20-09728_HIV09-02843_FL30_S2_L000_read_1_count_568     1.63%    passed     96.09%
 308  200814_20-09728_HIV09-02843_FL30_S2_L000_read_2_count_32      1.63%    passed     94.81%
 309  200814_20-09728_HIV09-02843_FL30_S2_L000_read_3_count_5       1.63%    passed     94.81%
 310  200814_20-09728_HIV09-02843_FL30_S2_L000_read_4_count_5       1.63%    passed     96.29%
 311  200814_20-09728_HIV09-02843_FL30_S2_L000_read_5_count_4       1.63%    passed     96.29%
 312  200814_20-09728_HIV09-02843_FL30_S2_L000_read_6_count_3       1.63%    passed     96.55%
 313  200814_20-09728_HIV09-02843_FL30_S2_L000_read_7_count_3       1.63%    passed     96.29%
 314  200814_20-09728_HIV09-02843_FL30_S2_L000_read_8_count_2       1.63%    passed     96.29%
 315  200814_20-09728_HIV09-02843_FL30_S2_L000_read_9_count_2       1.63%    passed     96.29%
 316  200814_20-09728_HIV09-02843_FL30_S2_L000_read_10_count_2      1.63%    passed     96.29%
 317  200814_20-09728_HIV09-02843_FL30_S2_L000_read_11_count_2      1.63%    passed     96.29%
 318  200814_20-09728_HIV09-02843_FL30_S2_L000_read_12_count_2      1.63%    passed     96.29%
 319  200814_20-09728_HIV09-02843_FL30_S2_L000_read_13_count_2      1.63%    passed     99.08%
 320  200814_20-09728_HIV09-02843_FL30_S2_L000_read_14_count_2      1.63%    passed     96.29%
 321  200814_20-09728_HIV09-02843_FL30_S2_L000_read_15_count_2      1.63%    passed     98.48%
 322  200814_20-09728_HIV09-02843_FL30_S2_L000_read_16_count_1      1.63%    passed     96.29%
 323  200814_20-09728_HIV09-02843_FL30_S2_L000_read_17_count_1      1.63%    passed     94.42%
 324  200814_20-09728_HIV09-02843_FL30_S2_L000_read_18_count_1      1.63%    passed     96.29%
 325  200814_20-09728_HIV09-02843_FL30_S2_L000_read_19_count_1      1.63%    passed     98.48%
 326  200814_20-09728_HIV09-02843_FL30_S2_L000_read_20_count_1      1.63%    passed     94.81%
 327  200814_20-09728_HIV09-02843_FL30_S2_L000_read_21_count_1      1.63%    passed     98.48%
 328  200814_20-09728_HIV09-02843_FL30_S2_L000_read_22_count_1      1.63%    passed     91.44%
 329  200814_20-09728_HIV09-02843_FL30_S2_L000_read_23_count_1      1.63%    passed     94.81%
 330  200814_20-09728_HIV09-02843_FL30_S2_L000_read_24_count_1      1.63%    passed     96.29%
 331  200814_20-09728_HIV09-02843_FL30_S2_L000_read_25_count_1      1.63%    passed     99.08%
 332  200814_20-09728_HIV09-02843_FL30_S2_L000_read_26_count_1      1.63%    passed     89.53%
 333  200814_20-09728_HIV09-02843_FL30_S2_L000_read_27_count_1      1.63%    passed     99.21%
 334  200814_20-09728_HIV09-02843_FL30_S2_L000_read_28_count_1      1.63%    passed     96.55%
 335  200814_20-09728_HIV09-02843_FL30_S2_L000_read_29_count_1      1.63%    passed     99.08%
 336  200814_20-09728_HIV09-02843_FL30_S2_L000_read_30_count_1      1.63%    passed     98.48%
 337  200814_20-09728_HIV09-02843_FL30_S2_L000_read_31_count_1      1.63%    passed     99.27%
 338  200814_20-09728_HIV09-02843_FL30_S2_L000_read_32_count_1      1.63%    passed     96.29%
 339  200814_20-09728_HIV09-02843_FL30_S2_L000_read_33_count_1      1.63%    passed     95.47%
 340  200814_20-09728_HIV09-02843_FL30_S2_L000_read_34_count_1      1.63%    passed     98.48%
 341  200814_20-09728_HIV09-02843_FL30_S2_L000_read_35_count_1      1.63%    passed     99.08%
 342  200814_20-09728_HIV09-02843_FL30_S2_L000_read_36_count_1      1.63%    passed     96.55%
 343  200814_20-09728_HIV09-02843_FL30_S2_L000_read_37_count_1      1.63%    passed     89.53%
 344  200814_20-09728_HIV09-02843_FL30_S2_L000_read_38_count_1      1.63%    passed     94.81%
 345  200814_20-09728_HIV09-02843_FL30_S2_L000_read_39_count_1      1.63%    passed     94.42%
 346  200814_20-09728_HIV09-02843_FL30_S2_L000_read_40_count_1      1.63%    passed     94.81%
 347  200814_20-09728_HIV09-02843_FL30_S2_L000_read_41_count_1      1.63%    passed     96.29%
 348  200814_20-09728_HIV09-02843_FL30_S2_L000_read_42_count_1      1.63%    passed     97.08%
 349  200814_20-09728_HIV09-02843_FL30_S2_L000_read_43_count_1      1.63%    passed     96.29%
 350  200814_20-09728_HIV09-02843_FL30_S2_L000_read_44_count_1      1.63%    passed     94.26%
 351  200814_20-09728_HIV09-02843_FL30_S2_L000_read_45_count_1      1.63%    passed     96.29%
 352  200814_20-09728_HIV09-02843_FL30_S2_L000_read_46_count_1      1.63%    passed     98.37%
 353  200814_20-09728_HIV09-02843_FL30_S2_L000_read_47_count_1      1.63%    passed     98.48%
 354  200814_20-09728_HIV09-02843_FL30_S2_L000_read_48_count_1      1.63%    passed     98.16%
 355  200814_20-09728_HIV09-02843_FL30_S2_L000_read_49_count_1      1.63%    passed     99.08%
 356  200814_20-09728_HIV09-02843_FL30_S2_L000_read_50_count_1      1.63%    passed     91.44%
 357  200814_20-09728_HIV09-02843_FL30_S2_L000_read_51_count_1      1.63%    passed     98.48%
 358  200814_20-09728_HIV09-02843_FL30_S2_L000_read_52_count_1      1.63%    passed     94.42%
 359  200814_20-09728_HIV09-02843_FL30_S2_L000_read_53_count_1      1.63%    passed     94.81%
 360  200814_20-09728_HIV09-02843_FL30_S2_L000_read_54_count_1      2.03%    passed     96.37%
 361  200814_20-09728_HIV09-02843_FL30_S2_L000_read_55_count_1      1.63%    passed     96.29%
 362  200814_20-09728_HIV09-02843_FL30_S2_L000_read_56_count_1      1.63%    passed     96.29%
 363  200814_20-09728_HIV09-02843_FL30_S2_L000_read_57_count_1      1.63%    passed     98.48%
 364  200814_20-09728_HIV09-02843_FL30_S2_L000_read_58_count_1      1.63%    passed     94.42%
 365  200814_20-09728_HIV09-02843_FL30_S2_L000_read_59_count_1      1.63%    passed     91.54%
 366  200814_20-09728_HIV09-02843_FL30_S2_L000_read_60_count_1      1.63%    passed     94.42%
 367  200814_20-09728_HIV09-02843_FL30_S2_L000_read_61_count_1      1.63%    passed     96.29%
 368  200814_20-09728_HIV09-02843_FL30_S2_L000_read_62_count_1      1.63%    passed     94.81%
 369  200814_20-09728_HIV09-02843_FL30_S2_L000_read_63_count_1      1.63%    passed     98.16%
 370  200814_20-09728_HIV09-02843_FL30_S2_L000_read_64_count_1      1.63%    passed     96.29%
 371  200814_20-09728_HIV09-02843_FL30_S2_L000_read_65_count_1      1.63%    passed     95.47%
 372  200814_20-09728_HIV09-02843_FL30_S2_L000_read_66_count_1      1.63%    passed     94.81%
 373  200814_20-09728_HIV09-02843_FL30_S2_L000_read_67_count_1      1.63%    passed     96.29%
 374  200814_20-09728_HIV09-02843_FL30_S2_L000_read_68_count_1      1.63%    passed     99.08%
 375  200814_20-09728_HIV09-02843_FL30_S2_L000_read_69_count_1      1.63%    passed     96.29%
 376  200814_20-09728_HIV09-02843_FL30_S2_L000_read_70_count_1      1.63%    passed     96.29%
 377  200814_20-09728_HIV09-02843_FL30_S2_L000_read_71_count_1      1.63%    passed     96.29%
 378  200814_20-09728_HIV09-02843_FL30_S2_L000_read_72_count_1      1.63%    passed     98.48%
 379  200814_20-09728_HIV09-02843_FL30_S2_L000_read_73_count_1      1.63%    passed     99.21%
 380  200814_20-09728_HIV09-02843_FL30_S2_L000_read_74_count_1      1.63%    passed     98.37%
 381  200814_20-09728_HIV09-02843_FL30_S2_L000_read_75_count_1      1.63%    passed     94.42%
 382  200814_20-09728_HIV09-02843_FL30_S2_L000_read_76_count_1      1.63%    passed     96.09%
 383  200814_20-09728_HIV09-02843_FL30_S2_L000_read_77_count_1      1.63%    passed     96.09%
 384  200814_20-09728_HIV09-02843_FL30_S2_L000_read_78_count_1      1.63%    passed     98.48%
 385  200814_20-09728_HIV09-02843_FL30_S2_L000_read_79_count_1      1.63%    passed     96.29%
 386  200814_20-09728_HIV09-02843_FL30_S2_L000_read_80_count_1      1.63%    passed     96.29%
 387  200814_20-09728_HIV09-02843_FL30_S2_L000_read_81_count_1      1.63%    passed     96.29%
 388  200814_20-09728_HIV09-02843_FL30_S2_L000_read_82_count_1      1.63%    passed     96.09%
 389  200814_20-09728_HIV09-02843_FL30_S2_L000_read_83_count_1      1.63%    passed     98.48%
 390  200814_20-09728_HIV09-02843_FL30_S2_L000_read_84_count_1      1.63%    passed     96.09%
 391  200814_20-09728_HIV09-02843_FL30_S2_L000_read_85_count_1      1.63%    passed     94.42%
 392  200814_20-09728_HIV09-02843_FL30_S2_L000_read_86_count_1      1.63%    passed     96.29%
 393  200814_20-09728_HIV09-02843_FL30_S2_L000_read_87_count_1      1.63%    passed     97.08%
 394  200814_20-09728_HIV09-02843_FL30_S2_L000_read_88_count_1      1.63%    passed     94.81%
 395  200814_20-09728_HIV09-02843_FL30_S2_L000_read_89_count_1      1.63%    passed     93.44%
 396  200814_20-09728_HIV09-02843_FL30_S2_L000_read_90_count_1      1.63%    passed     94.42%
 397  200814_20-09728_HIV09-02843_FL30_S2_L000_read_91_count_1      1.63%    passed     92.09%
 398  200814_20-09728_HIV09-02843_FL30_S2_L000_read_92_count_1      1.63%    passed     96.29%
 399  200814_20-09728_HIV09-02843_FL30_S2_L000_read_93_count_1      1.63%    passed     96.29%
 400  200814_20-09728_HIV09-02843_FL30_S2_L000_read_94_count_1      1.63%    passed     95.47%
 401  200814_20-09728_HIV09-02843_FL30_S2_L000_read_95_count_1      1.63%    passed     96.29%
 402  200814_20-09728_HIV09-02843_FL30_S2_L000_read_96_count_1      1.63%    passed     97.08%
 403  200814_20-09728_HIV09-02843_FL30_S2_L000_read_97_count_1      1.63%    passed     96.29%
 404  200814_20-09728_HIV09-02843_FL30_S2_L000_read_98_count_1      1.63%    passed     91.44%
 405  200814_20-09728_HIV09-02843_FL30_S2_L000_read_99_count_1      1.63%    passed     96.09%
 406  200814_20-09728_HIV09-02843_FL30_S2_L000_read_100_count_1     1.63%    passed     98.48%
 407  200814_20-09728_HIV09-02843_FL30_S2_L000_read_101_count_1     1.63%    passed     96.29%
 408  200814_20-09728_HIV09-02843_FL30_S2_L000_read_102_count_1     1.63%    passed     96.29%
 409  200814_20-09728_HIV09-02843_FL30_S2_L000_read_103_count_1     1.63%    passed     99.08%
 410  200814_20-09728_HIV09-02843_FL30_S2_L000_read_104_count_1     1.63%    passed     99.08%
 411  200814_20-09728_HIV09-02843_FL30_S2_L000_read_105_count_1     1.63%    passed     92.09%
 412  200724_20-08522_HIV11-02415_FL24_S18_L000_read_1_count_310    1.63%    passed     97.32%
 413  200724_20-08522_HIV11-02415_FL24_S18_L000_read_2_count_45     1.63%    passed     96.83%
 414  200724_20-08522_HIV11-02415_FL24_S18_L000_read_3_count_29     1.63%    passed     97.35%
 415  200724_20-08522_HIV11-02415_FL24_S18_L000_read_4_count_26     1.63%    passed     92.30%
 416  200724_20-08522_HIV11-02415_FL24_S18_L000_read_5_count_15     1.63%    passed     96.83%
 417  200724_20-08522_HIV11-02415_FL24_S18_L000_read_6_count_11     1.63%    passed     96.83%
 418  200724_20-08522_HIV11-02415_FL24_S18_L000_read_7_count_5      1.63%    passed     96.83%
 419  200724_20-08522_HIV11-02415_FL24_S18_L000_read_8_count_5      1.63%    passed     92.30%
 420  200724_20-08522_HIV11-02415_FL24_S18_L000_read_9_count_5      1.63%    passed     97.35%
 421  200724_20-08522_HIV11-02415_FL24_S18_L000_read_10_count_4     1.63%    passed     97.18%
 422  200724_20-08522_HIV11-02415_FL24_S18_L000_read_11_count_4     1.63%    passed     96.83%
 423  200724_20-08522_HIV11-02415_FL24_S18_L000_read_12_count_3     1.63%    passed     99.45%
 424  200724_20-08522_HIV11-02415_FL24_S18_L000_read_13_count_3     1.63%    passed     97.18%
 425  200724_20-08522_HIV11-02415_FL24_S18_L000_read_14_count_3     1.63%    passed     98.60%
 426  200724_20-08522_HIV11-02415_FL24_S18_L000_read_15_count_3     1.63%    passed     92.30%
 427  200724_20-08522_HIV11-02415_FL24_S18_L000_read_16_count_3     1.63%    passed     96.86%
 428  200724_20-08522_HIV11-02415_FL24_S18_L000_read_17_count_2     1.63%    passed     97.32%
 429  200724_20-08522_HIV11-02415_FL24_S18_L000_read_18_count_2     1.63%    passed     99.22%
 430  200724_20-08522_HIV11-02415_FL24_S18_L000_read_19_count_2     1.63%    passed     96.86%
 431  200724_20-08522_HIV11-02415_FL24_S18_L000_read_20_count_2     1.63%    passed     91.72%
 432  200724_20-08522_HIV11-02415_FL24_S18_L000_read_21_count_2     1.63%    passed     91.68%
 433  200724_20-08522_HIV11-02415_FL24_S18_L000_read_22_count_2     1.63%    passed     95.27%
 434  200724_20-08522_HIV11-02415_FL24_S18_L000_read_23_count_2     1.63%    passed     96.86%
 435  200724_20-08522_HIV11-02415_FL24_S18_L000_read_24_count_2     1.63%    passed     97.32%
 436  200724_20-08522_HIV11-02415_FL24_S18_L000_read_25_count_2     1.63%    passed     97.35%
 437  200724_20-08522_HIV11-02415_FL24_S18_L000_read_26_count_2     1.63%    passed     99.22%
 438  200724_20-08522_HIV11-02415_FL24_S18_L000_read_27_count_2     1.63%    passed     96.83%
 439  200724_20-08522_HIV11-02415_FL24_S18_L000_read_28_count_2     1.63%    passed     92.30%
 440  200724_20-08522_HIV11-02415_FL24_S18_L000_read_29_count_1     1.63%    passed     95.35%
 441  200724_20-08522_HIV11-02415_FL24_S18_L000_read_30_count_1     1.63%    passed     99.12%
 442  200724_20-08522_HIV11-02415_FL24_S18_L000_read_31_count_1     1.63%    passed     95.32%
 443  200724_20-08522_HIV11-02415_FL24_S18_L000_read_32_count_1     1.63%    passed     96.56%
 444  200724_20-08522_HIV11-02415_FL24_S18_L000_read_33_count_1     1.63%    passed     93.23%
 445  200724_20-08522_HIV11-02415_FL24_S18_L000_read_34_count_1     1.63%    passed     93.23%
 446  200724_20-08522_HIV11-02415_FL24_S18_L000_read_35_count_1     1.63%    passed     97.32%
 447  200724_20-08522_HIV11-02415_FL24_S18_L000_read_36_count_1     1.63%    passed     97.32%
 448  200724_20-08522_HIV11-02415_FL24_S18_L000_read_37_count_1     1.63%    passed     97.18%
 449  200724_20-08522_HIV11-02415_FL24_S18_L000_read_38_count_1     1.63%    passed     96.86%
 450  200724_20-08522_HIV11-02415_FL24_S18_L000_read_39_count_1     2.03%    passed     92.34%
 451  200724_20-08522_HIV11-02415_FL24_S18_L000_read_40_count_1     1.63%    passed     91.72%
 452  200724_20-08522_HIV11-02415_FL24_S18_L000_read_41_count_1     1.63%    passed     95.27%
 453  200724_20-08522_HIV11-02415_FL24_S18_L000_read_42_count_1     1.63%    passed     93.23%
 454  200724_20-08522_HIV11-02415_FL24_S18_L000_read_43_count_1     1.63%    passed     99.45%
 455  200724_20-08522_HIV11-02415_FL24_S18_L000_read_44_count_1     1.63%    passed     96.86%
 456  200724_20-08522_HIV11-02415_FL24_S18_L000_read_45_count_1     1.63%    passed     91.68%
 457  200724_20-08522_HIV11-02415_FL24_S18_L000_read_46_count_1     1.63%    passed     98.60%
 458  200724_20-08522_HIV11-02415_FL24_S18_L000_read_47_count_1     1.63%    passed     96.08%
 459  200724_20-08522_HIV11-02415_FL24_S18_L000_read_48_count_1     1.63%    passed     96.86%
 460  200724_20-08522_HIV11-02415_FL24_S18_L000_read_49_count_1     1.63%    passed     95.32%
 461  200724_20-08522_HIV11-02415_FL24_S18_L000_read_50_count_1     1.63%    passed     93.23%
 462  200724_20-08522_HIV11-02415_FL24_S18_L000_read_51_count_1     1.63%    passed     97.18%
 463  200724_20-08522_HIV11-02415_FL24_S18_L000_read_52_count_1     1.63%    passed     93.02%
 464  200724_20-08522_HIV11-02415_FL24_S18_L000_read_53_count_1     1.63%    passed     92.30%
 465  200724_20-08522_HIV11-02415_FL24_S18_L000_read_54_count_1     1.63%    passed     96.86%
 466  200724_20-08522_HIV11-02415_FL24_S18_L000_read_55_count_1     1.63%    passed     94.87%
 467  200724_20-08522_HIV11-02415_FL24_S18_L000_read_56_count_1     1.63%    passed     96.02%
 468  200724_20-08522_HIV11-02415_FL24_S18_L000_read_57_count_1     1.63%    passed     92.30%
 469  200724_20-08522_HIV11-02415_FL24_S18_L000_read_58_count_1     1.63%    passed     96.02%
 470  200724_20-08522_HIV11-02415_FL24_S18_L000_read_59_count_1     1.63%    passed     95.32%
 471  200724_20-08522_HIV11-02415_FL24_S18_L000_read_60_count_1     1.63%    passed     92.87%
 472  200724_20-08522_HIV11-02415_FL24_S18_L000_read_61_count_1     1.63%    passed     92.41%
 473  200724_20-08522_HIV11-02415_FL24_S18_L000_read_62_count_1     1.63%    passed     99.45%
 474  200724_20-08522_HIV11-02415_FL24_S18_L000_read_63_count_1     1.63%    passed     99.45%
 475  200724_20-08522_HIV11-02415_FL24_S18_L000_read_64_count_1     1.63%    passed     96.86%
 476  200724_20-08522_HIV11-02415_FL24_S18_L000_read_65_count_1     1.63%    passed     96.08%
 477  200724_20-08522_HIV11-02415_FL24_S18_L000_read_66_count_1     1.63%    passed     96.56%
 478  200724_20-08522_HIV11-02415_FL24_S18_L000_read_67_count_1     1.63%    passed     97.32%
 479  200724_20-08522_HIV11-02415_FL24_S18_L000_read_68_count_1     1.63%    passed     97.02%
 480  200724_20-08522_HIV11-02415_FL24_S18_L000_read_69_count_1     1.63%    passed     95.35%
 481  200724_20-08522_HIV11-02415_FL24_S18_L000_read_70_count_1     1.63%    passed     99.45%
 482  200724_20-08522_HIV11-02415_FL24_S18_L000_read_71_count_1     1.63%    passed     96.86%
 483  200724_20-08522_HIV11-02415_FL24_S18_L000_read_72_count_1     1.63%    passed     92.30%
 484  200724_20-08522_HIV11-02415_FL24_S18_L000_read_73_count_1     1.63%    passed     97.35%
 485  200724_20-08522_HIV11-02415_FL24_S18_L000_read_74_count_1     1.63%    passed     96.08%
 486  200724_20-08522_HIV11-02415_FL24_S18_L000_read_75_count_1     1.63%    passed     99.22%
 487  200724_20-08522_HIV11-02415_FL24_S18_L000_read_76_count_1     1.63%    passed     92.30%
 488  200724_20-08522_HIV11-02415_FL24_S18_L000_read_77_count_1     1.63%    passed     95.27%
 489  200724_20-08522_HIV11-02415_FL24_S18_L000_read_78_count_1     1.63%    passed     89.99%
 490  200724_20-08522_HIV11-02415_FL24_S18_L000_read_79_count_1     1.63%    passed     92.30%
 491  200724_20-08522_HIV11-02415_FL24_S18_L000_read_80_count_1     1.63%    passed     96.86%
 492  200724_20-08522_HIV11-02415_FL24_S18_L000_read_81_count_1     1.63%    passed     97.32%
 493  200724_20-08522_HIV11-02415_FL24_S18_L000_read_82_count_1     1.63%    passed     96.86%
 494  200724_20-08522_HIV11-02415_FL24_S18_L000_read_83_count_1     1.63%    passed     96.83%
 495  200724_20-08522_HIV11-02415_FL24_S18_L000_read_84_count_1     2.03%    passed     96.80%
 496  200724_20-08522_HIV11-02415_FL24_S18_L000_read_85_count_1     1.63%    passed     91.72%
 497  200724_20-08522_HIV11-02415_FL24_S18_L000_read_86_count_1     1.63%    passed     99.22%
 498  200724_20-08522_HIV11-02415_FL24_S18_L000_read_87_count_1     1.63%    passed     99.12%
 499  200724_20-08522_HIV11-02415_FL24_S18_L000_read_88_count_1     1.63%    passed     92.30%
 500  200724_20-08522_HIV11-02415_FL24_S18_L000_read_89_count_1     1.63%    passed     92.87%
 501  200724_20-08522_HIV11-02415_FL24_S18_L000_read_90_count_1     1.63%    passed     96.86%
 502  200724_20-08522_HIV11-02415_FL24_S18_L000_read_91_count_1     1.63%    passed     96.86%
 503  200724_20-08522_HIV11-02415_FL24_S18_L000_read_92_count_1     2.03%    passed     96.16%
 504  200724_20-08522_HIV11-02415_FL24_S18_L000_read_93_count_1     1.63%    passed     91.68%
 505  200724_20-08522_HIV11-02415_FL24_S18_L000_read_94_count_1     1.63%    passed     99.12%
 506  200724_20-08522_HIV11-02415_FL24_S18_L000_read_95_count_1     1.63%    passed     97.32%
 507  200724_20-08522_HIV11-02415_FL24_S18_L000_read_96_count_1     1.63%    passed     97.35%
 508  200724_20-08522_HIV11-02415_FL24_S18_L000_read_97_count_1     1.63%    passed     93.80%
 509  200724_20-08522_HIV11-02415_FL24_S18_L000_read_98_count_1     1.63%    passed     96.08%
 510  200724_20-08522_HIV11-02415_FL24_S18_L000_read_99_count_1     1.63%    passed     92.30%
 511  200724_20-08522_HIV11-02415_FL24_S18_L000_read_100_count_1    1.63%    passed     96.86%
 512  200724_20-08522_HIV11-02415_FL24_S18_L000_read_101_count_1    1.63%    passed     96.86%
 513  200724_20-08522_HIV11-02415_FL24_S18_L000_read_102_count_1    1.63%    passed     92.30%
 514  200724_20-08522_HIV11-02415_FL24_S18_L000_read_103_count_1    1.63%    passed     96.83%
 515  200724_20-08522_HIV11-02415_FL24_S18_L000_read_104_count_1    1.63%    passed     96.86%
 516  200724_20-08522_HIV11-02415_FL24_S18_L000_read_105_count_1    1.63%    passed     91.72%
 517  200724_20-08522_HIV11-02415_FL24_S18_L000_read_106_count_1    1.63%    passed     96.56%
 518  200724_20-08522_HIV11-02415_FL24_S18_L000_read_107_count_1    1.63%    passed     93.02%
 519  200724_20-08522_HIV11-02415_FL24_S18_L000_read_108_count_1    1.63%    passed     96.86%
 520  200724_20-08522_HIV11-02415_FL24_S18_L000_read_109_count_1    1.63%    passed     99.15%
 521  200724_20-08522_HIV11-02415_FL24_S18_L000_read_110_count_1    1.63%    passed     86.00%
 522  200724_20-08522_HIV11-02415_FL24_S18_L000_read_111_count_1    1.63%    passed     92.30%
 523  200724_20-08522_HIV11-02415_FL24_S18_L000_read_112_count_1    1.63%    passed     92.30%
 524  200724_20-08522_HIV11-02415_FL24_S18_L000_read_113_count_1    1.63%    passed     96.86%
 525  200724_20-08522_HIV11-02415_FL24_S18_L000_read_114_count_1    1.63%    passed     94.87%
 526  200724_20-08522_HIV11-02415_FL24_S18_L000_read_115_count_1    1.63%    passed     96.08%
 527  200724_20-08522_HIV11-02415_FL24_S18_L000_read_116_count_1    1.63%    passed     96.86%
 528  200724_20-08522_HIV11-02415_FL24_S18_L000_read_117_count_1    1.63%    passed     93.23%
 529  200724_20-08522_HIV11-02415_FL24_S18_L000_read_118_count_1    1.63%    passed     92.30%
 530  200724_20-08522_HIV11-02415_FL24_S18_L000_read_119_count_1    1.63%    passed     93.23%
 531  200724_20-08522_HIV11-02415_FL24_S18_L000_read_120_count_1    1.63%    passed     92.30%
 532  200724_20-08522_HIV11-02415_FL24_S18_L000_read_121_count_1    1.63%    passed     96.86%
 533  200724_20-08522_HIV11-02415_FL24_S18_L000_read_122_count_1    1.63%    passed     99.45%
 534  200724_20-08522_HIV11-02415_FL24_S18_L000_read_123_count_1    1.63%    passed     97.32%
 535  200724_20-08522_HIV11-02415_FL24_S18_L000_read_124_count_1    1.63%    passed     96.83%
 536  200724_20-08522_HIV11-02415_FL24_S18_L000_read_125_count_1    1.63%    passed     95.32%
 537  200724_20-08522_HIV11-02415_FL24_S18_L000_read_126_count_1    1.63%    passed     95.35%
 538  200724_20-08522_HIV11-02415_FL24_S18_L000_read_127_count_1    1.63%    passed     81.27%
 539  200724_20-08522_HIV11-02415_FL24_S18_L000_read_128_count_1    1.63%    passed     93.23%
 540  200724_20-08522_HIV11-02415_FL24_S18_L000_read_129_count_1    1.63%    passed     97.18%
 541  200724_20-08522_HIV11-02415_FL24_S18_L000_read_130_count_1    1.63%    passed     97.32%
 542  200724_20-08522_HIV11-02415_FL24_S18_L000_read_131_count_1    1.63%    passed     96.86%
 543  200724_20-08522_HIV11-02415_FL24_S18_L000_read_132_count_1    1.63%    passed     96.83%
 544  200724_20-08522_HIV11-02415_FL24_S18_L000_read_133_count_1    1.63%    passed     99.45%
 545  200724_20-08522_HIV11-02415_FL24_S18_L000_read_134_count_1    1.63%    passed     96.83%
 546  200724_20-08522_HIV11-02415_FL24_S18_L000_read_135_count_1    1.63%    passed     99.22%
 547  200724_20-08522_HIV11-02415_FL24_S18_L000_read_136_count_1    1.63%    passed     95.27%
 548  200724_20-08522_HIV11-02415_FL24_S18_L000_read_137_count_1    1.63%    passed     93.23%
 549  200724_20-08522_HIV11-02415_FL24_S18_L000_read_138_count_1    1.63%    passed     97.32%
 550  200724_20-08522_HIV11-02415_FL24_S18_L000_read_139_count_1    1.63%    passed     93.23%
 551  200724_20-08522_HIV11-02415_FL24_S18_L000_read_140_count_1    1.63%    passed     99.22%
 552  200724_20-08522_HIV11-02415_FL24_S18_L000_read_141_count_1    1.63%    passed     96.83%
 553  200724_20-08522_HIV11-02415_FL24_S18_L000_read_142_count_1    1.63%    passed     95.35%
 554  200724_20-08522_HIV11-02415_FL24_S18_L000_read_143_count_1    1.63%    passed     74.03%
 555  200724_20-08522_HIV11-02415_FL24_S18_L000_read_144_count_1    1.63%    passed     93.23%
 556  200724_20-08522_HIV11-02415_FL24_S18_L000_read_145_count_1    1.63%    passed     93.23%
 557  200724_20-08522_HIV11-02415_FL24_S18_L000_read_146_count_1    1.63%    passed     99.45%
 558  200724_20-08522_HIV11-02415_FL24_S18_L000_read_147_count_1    1.63%    passed     95.27%
 559  200724_20-08522_HIV11-02415_FL24_S18_L000_read_148_count_1    1.63%    passed     96.08%
 560  200724_20-08522_HIV11-02415_FL24_S18_L000_read_149_count_1    1.63%    passed     96.86%
 561  200724_20-08522_HIV11-02415_FL24_S18_L000_read_150_count_1    1.63%    passed     93.02%
 562  200724_20-08522_HIV11-02415_FL24_S18_L000_read_151_count_1    1.63%    passed     99.22%
 563  200724_20-08522_HIV11-02415_FL24_S18_L000_read_152_count_1    1.63%    passed     92.30%
 564  200724_20-08522_HIV11-02415_FL24_S18_L000_read_153_count_1    1.63%    passed     96.22%
 565  200724_20-08522_HIV11-02415_FL24_S18_L000_read_154_count_1    1.63%    passed     96.83%
 566  200724_20-08522_HIV11-02415_FL24_S18_L000_read_155_count_1    1.63%    passed     93.02%
 567  200724_20-08522_HIV11-02415_FL24_S18_L000_read_156_count_1    1.63%    passed     97.18%
 568  200724_20-08522_HIV11-02415_FL24_S18_L000_read_157_count_1    1.63%    passed     96.86%
 569  200724_20-08522_HIV11-02415_FL24_S18_L000_read_158_count_1    1.63%    passed     96.86%
 570  B.FR.83.HXB2_LAI_IIIB_BRU.K03455                              1.63%    passed     98.60%
 571  C.BW.00.00BW07621.AF443088                                    1.63%    passed     88.92%
****  TOTAL                                                         1.63%  0 sequences failed composition chi2 test (p-value<5%; df=3)
Checking for duplicate sequences: done in 0.0014728 secs using 348.5% CPU

Create initial parsimony tree by phylogenetic likelihood library (PLL)... 0.054 seconds

NOTE: 25 MB RAM (0 GB) is required!
Estimate model parameters (epsilon = 0.100)
1. Initial log-likelihood: -5083.028
2. Current log-likelihood: -4928.038
3. Current log-likelihood: -4926.472
4. Current log-likelihood: -4926.311
Optimal log-likelihood: -4926.212
Rate parameters:  A-C: 2.19932  A-G: 3.69889  A-T: 1.05537  C-G: 0.42601  C-T: 5.30808  G-T: 1.00000
Base frequencies:  A: 0.441  C: 0.130  G: 0.229  T: 0.199
Site proportion and rates:  (0.070,0.459) (0.149,0.532) (0.199,0.597) (0.209,0.758) (0.211,1.510) (0.162,1.810)
Parameters optimization took 4 rounds (3.554 sec)
Wrote distance file to... 
Computing ML distances based on estimated model parameters...
Calculating distance matrix: done in 1.04427 secs using 199.9% CPU
Computing ML distances took 1.045227 sec (of wall-clock time) 2.088854 sec (of CPU time)
Setting up auxiliary I and S matrices: done in 0.0292283 secs using 195.7% CPU
Constructing RapidNJ tree: done in 0.200462 secs using 125.5% CPU
Computing RapidNJ tree took 0.229844 sec (of wall-clock time) 0.308930 sec (of CPU time)
Log-likelihood of RapidNJ tree: -4899.588
--------------------------------------------------------------------
|             INITIALIZING CANDIDATE TREE SET                      |
--------------------------------------------------------------------
Generating 98 parsimony trees... 6.260 second
Computing log-likelihood of 98 initial trees ... 6.010 seconds
Current best score: -4899.588

Do NNI search on 20 best initial trees
Optimizing NNI: done in 0.797872 secs using 197.8% CPU
Estimate model parameters (epsilon = 0.100)
BETTER TREE FOUND at iteration 1: -4883.416
Optimizing NNI: done in 0.897726 secs using 198% CPU
Optimizing NNI: done in 0.814439 secs using 198.2% CPU
Optimizing NNI: done in 0.566271 secs using 196.8% CPU
Optimizing NNI: done in 0.795845 secs using 197% CPU
Optimizing NNI: done in 0.906202 secs using 195.3% CPU
Optimizing NNI: done in 0.861168 secs using 197.5% CPU
Optimizing NNI: done in 0.945247 secs using 198.6% CPU
Optimizing NNI: done in 0.894834 secs using 198.3% CPU
Optimizing NNI: done in 0.728395 secs using 198.3% CPU
Iteration 10 / LogL: -4911.936 / Time: 0h:0m:28s
Optimizing NNI: done in 0.387419 secs using 199.1% CPU
Optimizing NNI: done in 0.405591 secs using 197.6% CPU
Optimizing NNI: done in 0.729033 secs using 198.8% CPU
Optimizing NNI: done in 1.01492 secs using 198.1% CPU
Optimizing NNI: done in 1.05832 secs using 197.9% CPU
Optimizing NNI: done in 0.968718 secs using 196.6% CPU
Optimizing NNI: done in 0.539536 secs using 197.9% CPU
Optimizing NNI: done in 0.399421 secs using 199.1% CPU
Optimizing NNI: done in 0.387699 secs using 197% CPU
Optimizing NNI: done in 0.557125 secs using 197.6% CPU
Iteration 20 / LogL: -4916.836 / Time: 0h:0m:34s
Finish initializing candidate tree set (20)
Current best tree score: -4883.416 / CPU time: 29.619
Number of iterations: 20
--------------------------------------------------------------------
|               OPTIMIZING CANDIDATE TREE SET                      |
--------------------------------------------------------------------
Optimizing NNI: done in 1.18263 secs using 197.4% CPU
Optimizing NNI: done in 1.06297 secs using 196.3% CPU
Optimizing NNI: done in 0.932804 secs using 196.9% CPU
Optimizing NNI: done in 1.1533 secs using 197.1% CPU
Optimizing NNI: done in 1.18265 secs using 195.7% CPU
Optimizing NNI: done in 1.20557 secs using 198.9% CPU
Optimizing NNI: done in 1.02775 secs using 198.5% CPU
Optimizing NNI: done in 1.03713 secs using 199.1% CPU
Optimizing NNI: done in 1.34824 secs using 196.7% CPU
Optimizing NNI: done in 1.16189 secs using 197.4% CPU
Iteration 30 / LogL: -4888.032 / Time: 0h:0m:46s (0h:1m:54s left)
Optimizing NNI: done in 1.14474 secs using 198.5% CPU
Optimizing NNI: done in 1.38208 secs using 197.8% CPU
Optimizing NNI: done in 1.20648 secs using 195.5% CPU
Optimizing NNI: done in 1.56831 secs using 199% CPU
Optimizing NNI: done in 1.41814 secs using 196.5% CPU
Optimizing NNI: done in 1.35188 secs using 197.9% CPU
Estimate model parameters (epsilon = 0.100)
BETTER TREE FOUND at iteration 36: -4879.214
Optimizing NNI: done in 1.26627 secs using 197.6% CPU
Optimizing NNI: done in 1.06627 secs using 197.2% CPU
Optimizing NNI: done in 1.08451 secs using 198.1% CPU
Optimizing NNI: done in 1.28435 secs using 197.5% CPU
Estimate model parameters (epsilon = 0.100)
BETTER TREE FOUND at iteration 40: -4878.929
Iteration 40 / LogL: -4878.929 / Time: 0h:1m:1s (0h:2m:38s left)
Optimizing NNI: done in 1.56247 secs using 198.6% CPU
Optimizing NNI: done in 1.16387 secs using 197.9% CPU
Optimizing NNI: done in 1.26107 secs using 197.7% CPU
Optimizing NNI: done in 1.4219 secs using 197.6% CPU
Optimizing NNI: done in 1.42308 secs using 197% CPU
Optimizing NNI: done in 0.999039 secs using 196.5% CPU
Optimizing NNI: done in 1.33436 secs using 197.4% CPU
Optimizing NNI: done in 1.42333 secs using 197% CPU
Optimizing NNI: done in 1.31479 secs using 196.7% CPU
Optimizing NNI: done in 1.03237 secs using 198.4% CPU
Iteration 50 / LogL: -4900.878 / Time: 0h:1m:15s (0h:2m:18s left)
Optimizing NNI: done in 1.17245 secs using 197.6% CPU
Optimizing NNI: done in 1.39959 secs using 198.3% CPU
Optimizing NNI: done in 0.77102 secs using 197.5% CPU
Optimizing NNI: done in 1.28152 secs using 197.7% CPU
Optimizing NNI: done in 1.33271 secs using 198.1% CPU
Optimizing NNI: done in 1.45325 secs using 197.2% CPU
Optimizing NNI: done in 1.42419 secs using 198% CPU
Optimizing NNI: done in 1.38413 secs using 196.5% CPU
Optimizing NNI: done in 1.09185 secs using 197.4% CPU
Optimizing NNI: done in 1.3823 secs using 198.7% CPU
Iteration 60 / LogL: -4887.427 / Time: 0h:1m:28s (0h:2m:0s left)
Optimizing NNI: done in 1.38385 secs using 196% CPU
Optimizing NNI: done in 1.41651 secs using 196.9% CPU
Optimizing NNI: done in 1.36048 secs using 197.6% CPU
Optimizing NNI: done in 1.3063 secs using 196.1% CPU
Optimizing NNI: done in 1.24733 secs using 197.8% CPU
Optimizing NNI: done in 1.03146 secs using 196.6% CPU
Optimizing NNI: done in 1.35872 secs using 197.1% CPU
Optimizing NNI: done in 1.09222 secs using 197% CPU
Optimizing NNI: done in 1.29359 secs using 198% CPU
Optimizing NNI: done in 1.16337 secs using 198% CPU
Iteration 70 / LogL: -4884.506 / Time: 0h:1m:41s (0h:1m:43s left)
Optimizing NNI: done in 1.25588 secs using 197.8% CPU
Optimizing NNI: done in 1.31288 secs using 198.7% CPU
Estimate model parameters (epsilon = 0.100)
BETTER TREE FOUND at iteration 72: -4878.755
Optimizing NNI: done in 1.59134 secs using 196% CPU
Optimizing NNI: done in 1.27691 secs using 197.7% CPU
Optimizing NNI: done in 1.35969 secs using 197.7% CPU
Optimizing NNI: done in 1.07189 secs using 196.3% CPU
Optimizing NNI: done in 1.32815 secs using 197.6% CPU
Optimizing NNI: done in 1.344 secs using 197% CPU
Optimizing NNI: done in 1.13189 secs using 197.5% CPU
Optimizing NNI: done in 1.19852 secs using 198.1% CPU
Iteration 80 / LogL: -4881.373 / Time: 0h:1m:56s (0h:2m:15s left)
Optimizing NNI: done in 1.30993 secs using 197.4% CPU
Optimizing NNI: done in 1.33138 secs using 197.6% CPU
Optimizing NNI: done in 1.51111 secs using 198.7% CPU
Optimizing NNI: done in 1.40109 secs using 197.6% CPU
Optimizing NNI: done in 1.21491 secs using 198.4% CPU
Optimizing NNI: done in 1.06699 secs using 196.7% CPU
Optimizing NNI: done in 1.1049 secs using 197.7% CPU
Optimizing NNI: done in 1.5829 secs using 196.8% CPU
Optimizing NNI: done in 0.700863 secs using 197.6% CPU
Optimizing NNI: done in 1.35763 secs using 197.2% CPU
Iteration 90 / LogL: -4890.100 / Time: 0h:2m:9s (0h:1m:59s left)
Optimizing NNI: done in 1.40202 secs using 198.1% CPU
Optimizing NNI: done in 1.45447 secs using 197.9% CPU
Optimizing NNI: done in 1.52004 secs using 197.6% CPU
Optimizing NNI: done in 1.31733 secs using 196.2% CPU
Optimizing NNI: done in 1.42091 secs using 197.1% CPU
Optimizing NNI: done in 0.9831 secs using 198.5% CPU
Optimizing NNI: done in 1.11696 secs using 197.8% CPU
Optimizing NNI: done in 1.23361 secs using 197.6% CPU
Optimizing NNI: done in 1.4484 secs using 196.4% CPU
Optimizing NNI: done in 1.4634 secs using 197.6% CPU
Iteration 100 / LogL: -4891.334 / Time: 0h:2m:23s (0h:1m:44s left)
Optimizing NNI: done in 1.46408 secs using 198.6% CPU
Optimizing NNI: done in 1.31502 secs using 197.3% CPU
Optimizing NNI: done in 1.2081 secs using 197% CPU
Optimizing NNI: done in 1.10309 secs using 198.3% CPU
Optimizing NNI: done in 1.11924 secs using 197.2% CPU
Optimizing NNI: done in 1.44322 secs using 195.9% CPU
Optimizing NNI: done in 1.48551 secs using 198.3% CPU
Optimizing NNI: done in 1.20746 secs using 197.4% CPU
Optimizing NNI: done in 1.22261 secs using 198.1% CPU
Optimizing NNI: done in 0.729132 secs using 198.2% CPU
Iteration 110 / LogL: -4895.596 / Time: 0h:2m:35s (0h:1m:28s left)
Optimizing NNI: done in 1.16432 secs using 197.6% CPU
Optimizing NNI: done in 1.47947 secs using 198.1% CPU
Estimate model parameters (epsilon = 0.100)
BETTER TREE FOUND at iteration 112: -4878.405
Optimizing NNI: done in 1.35295 secs using 197.9% CPU
Estimate model parameters (epsilon = 0.100)
BETTER TREE FOUND at iteration 113: -4877.250
Optimizing NNI: done in 1.12634 secs using 197.3% CPU
Optimizing NNI: done in 0.960483 secs using 197% CPU
Optimizing NNI: done in 0.967544 secs using 196.3% CPU
Optimizing NNI: done in 1.16097 secs using 196.8% CPU
Optimizing NNI: done in 1.12622 secs using 197.3% CPU
Optimizing NNI: done in 0.959466 secs using 195.5% CPU
Optimizing NNI: done in 1.2562 secs using 196.5% CPU
Iteration 120 / LogL: -4889.086 / Time: 0h:2m:50s (0h:2m:13s left)
Optimizing NNI: done in 1.32169 secs using 197.8% CPU
Optimizing NNI: done in 0.885796 secs using 196.2% CPU
Optimizing NNI: done in 1.19966 secs using 197.4% CPU
Optimizing NNI: done in 0.862983 secs using 197.3% CPU
Optimizing NNI: done in 1.34054 secs using 198.2% CPU
Optimizing NNI: done in 0.987356 secs using 198.9% CPU
Optimizing NNI: done in 0.965457 secs using 198.2% CPU
Optimizing NNI: done in 1.38114 secs using 197% CPU
Optimizing NNI: done in 1.28124 secs using 196.8% CPU
Optimizing NNI: done in 1.22539 secs using 198.6% CPU
Iteration 130 / LogL: -4881.695 / Time: 0h:3m:2s (0h:1m:57s left)
Optimizing NNI: done in 1.69527 secs using 197.2% CPU
Optimizing NNI: done in 1.09481 secs using 196.5% CPU
Optimizing NNI: done in 1.26527 secs using 196.7% CPU
Optimizing NNI: done in 0.97857 secs using 198.1% CPU
Optimizing NNI: done in 1.13054 secs using 196.9% CPU
Optimizing NNI: done in 1.20136 secs using 197.2% CPU
Optimizing NNI: done in 0.858281 secs using 197.4% CPU
Optimizing NNI: done in 1.00247 secs using 197% CPU
Optimizing NNI: done in 1.06683 secs using 199.4% CPU
Optimizing NNI: done in 1.12392 secs using 197.5% CPU
Iteration 140 / LogL: -4903.849 / Time: 0h:3m:14s (0h:1m:42s left)
Optimizing NNI: done in 1.30136 secs using 196.8% CPU
Optimizing NNI: done in 1.07474 secs using 197.1% CPU
Optimizing NNI: done in 0.923524 secs using 196.2% CPU
Optimizing NNI: done in 0.895311 secs using 198.3% CPU
Optimizing NNI: done in 1.47925 secs using 197.9% CPU
Optimizing NNI: done in 1.23924 secs using 197.2% CPU
Optimizing NNI: done in 1.40661 secs using 198.7% CPU
Optimizing NNI: done in 0.64889 secs using 198.6% CPU
Optimizing NNI: done in 1.15646 secs using 197.9% CPU
Optimizing NNI: done in 0.845173 secs using 196.5% CPU
Iteration 150 / LogL: -4883.970 / Time: 0h:3m:25s (0h:1m:27s left)
Optimizing NNI: done in 1.36726 secs using 198.9% CPU
Optimizing NNI: done in 1.13427 secs using 198.4% CPU
Optimizing NNI: done in 1.01632 secs using 198.4% CPU
Optimizing NNI: done in 1.20148 secs using 198.2% CPU
Optimizing NNI: done in 1.25337 secs using 198% CPU
Optimizing NNI: done in 1.00591 secs using 197.4% CPU
Optimizing NNI: done in 1.09452 secs using 195.7% CPU
Optimizing NNI: done in 1.10269 secs using 196.5% CPU
Optimizing NNI: done in 1.25027 secs using 197.9% CPU
Optimizing NNI: done in 1.36156 secs using 198.7% CPU
Iteration 160 / LogL: -4901.133 / Time: 0h:3m:38s (0h:1m:12s left)
Optimizing NNI: done in 1.31428 secs using 198% CPU
Optimizing NNI: done in 1.2799 secs using 198.8% CPU
Optimizing NNI: done in 1.08506 secs using 198.8% CPU
Optimizing NNI: done in 0.902964 secs using 197.9% CPU
Optimizing NNI: done in 1.15553 secs using 198% CPU
Optimizing NNI: done in 1.38627 secs using 197.2% CPU
Optimizing NNI: done in 1.26641 secs using 198.5% CPU
Optimizing NNI: done in 0.995576 secs using 196% CPU
Optimizing NNI: done in 1.13376 secs using 196.7% CPU
Optimizing NNI: done in 1.21832 secs using 197.5% CPU
Iteration 170 / LogL: -4878.411 / Time: 0h:3m:50s (0h:0m:58s left)
Optimizing NNI: done in 1.08069 secs using 196.2% CPU
Optimizing NNI: done in 1.04394 secs using 195.4% CPU
Optimizing NNI: done in 1.1323 secs using 196.8% CPU
Optimizing NNI: done in 1.1621 secs using 197.7% CPU
Estimate model parameters (epsilon = 0.100)
BETTER TREE FOUND at iteration 174: -4876.913
Optimizing NNI: done in 1.25142 secs using 199.1% CPU
Optimizing NNI: done in 1.12712 secs using 195.5% CPU
Optimizing NNI: done in 0.956666 secs using 198.7% CPU
Optimizing NNI: done in 0.875803 secs using 199.1% CPU
Optimizing NNI: done in 0.992529 secs using 197.1% CPU
Optimizing NNI: done in 1.40645 secs using 196.4% CPU
Iteration 180 / LogL: -4889.183 / Time: 0h:4m:2s (0h:2m:7s left)
Optimizing NNI: done in 1.08994 secs using 198% CPU
Optimizing NNI: done in 1.13699 secs using 197.8% CPU
Optimizing NNI: done in 1.26853 secs using 195.9% CPU
Optimizing NNI: done in 1.09966 secs using 196.8% CPU
Optimizing NNI: done in 1.16755 secs using 196.6% CPU
Optimizing NNI: done in 1.27104 secs using 198.2% CPU
Optimizing NNI: done in 1.08272 secs using 196.4% CPU
Optimizing NNI: done in 1.11294 secs using 198.5% CPU
Optimizing NNI: done in 1.06184 secs using 197.2% CPU
Optimizing NNI: done in 1.0017 secs using 195.8% CPU
Iteration 190 / LogL: -4881.862 / Time: 0h:4m:14s (0h:1m:53s left)
Optimizing NNI: done in 1.15461 secs using 198.7% CPU
Optimizing NNI: done in 1.02875 secs using 197.6% CPU
Optimizing NNI: done in 1.29197 secs using 197.2% CPU
Optimizing NNI: done in 1.48963 secs using 197.5% CPU
Optimizing NNI: done in 0.901856 secs using 195.8% CPU
Optimizing NNI: done in 1.17432 secs using 197.8% CPU
Optimizing NNI: done in 0.983292 secs using 197.2% CPU
Optimizing NNI: done in 0.864716 secs using 196.2% CPU
Optimizing NNI: done in 1.18062 secs using 197.2% CPU
Optimizing NNI: done in 1.2447 secs using 198.7% CPU
Iteration 200 / LogL: -4882.338 / Time: 0h:4m:26s (0h:1m:39s left)
Optimizing NNI: done in 1.18706 secs using 198.1% CPU
Optimizing NNI: done in 1.3112 secs using 198.5% CPU
Optimizing NNI: done in 1.24867 secs using 199.3% CPU
Optimizing NNI: done in 1.22582 secs using 198.2% CPU
Optimizing NNI: done in 1.33494 secs using 198.3% CPU
Optimizing NNI: done in 1.02761 secs using 198.1% CPU
Optimizing NNI: done in 1.39474 secs using 197.8% CPU
Optimizing NNI: done in 1.3715 secs using 198% CPU
Optimizing NNI: done in 1.08698 secs using 197.1% CPU
Optimizing NNI: done in 1.06817 secs using 197% CPU
Iteration 210 / LogL: -4880.969 / Time: 0h:4m:39s (0h:1m:25s left)
Optimizing NNI: done in 0.997492 secs using 197.1% CPU
Optimizing NNI: done in 1.17131 secs using 198% CPU
Optimizing NNI: done in 1.01561 secs using 198.5% CPU
Optimizing NNI: done in 1.23769 secs using 197.9% CPU
Optimizing NNI: done in 1.1608 secs using 197.5% CPU
Optimizing NNI: done in 1.27015 secs using 198.3% CPU
Optimizing NNI: done in 1.19598 secs using 197% CPU
Optimizing NNI: done in 1.27838 secs using 197.3% CPU
Optimizing NNI: done in 1.11875 secs using 196.9% CPU
Optimizing NNI: done in 1.07174 secs using 198.5% CPU
Iteration 220 / LogL: -4889.354 / Time: 0h:4m:51s (0h:1m:11s left)
Optimizing NNI: done in 1.30637 secs using 197.4% CPU
Optimizing NNI: done in 1.17858 secs using 196.4% CPU
Optimizing NNI: done in 0.859684 secs using 196.8% CPU
Optimizing NNI: done in 0.901139 secs using 196.3% CPU
Optimizing NNI: done in 0.992927 secs using 196.3% CPU
Optimizing NNI: done in 1.23247 secs using 198.3% CPU
Optimizing NNI: done in 1.13926 secs using 198.3% CPU
Optimizing NNI: done in 1.20941 secs using 196.2% CPU
Optimizing NNI: done in 1.1902 secs using 197.8% CPU
Optimizing NNI: done in 1.21296 secs using 198.6% CPU
Iteration 230 / LogL: -4900.991 / Time: 0h:5m:2s (0h:0m:58s left)
Optimizing NNI: done in 1.24873 secs using 195.8% CPU
Optimizing NNI: done in 1.34396 secs using 195.5% CPU
Optimizing NNI: done in 1.10997 secs using 197.3% CPU
Optimizing NNI: done in 0.961226 secs using 197% CPU
Optimizing NNI: done in 1.13882 secs using 198.3% CPU
Optimizing NNI: done in 0.943259 secs using 198.4% CPU
Optimizing NNI: done in 1.23212 secs using 197.4% CPU
Optimizing NNI: done in 1.15383 secs using 198.1% CPU
Optimizing NNI: done in 0.918436 secs using 197.1% CPU
Optimizing NNI: done in 1.20647 secs using 196.1% CPU
Iteration 240 / LogL: -4885.167 / Time: 0h:5m:14s (0h:0m:44s left)
Optimizing NNI: done in 0.946573 secs using 196.8% CPU
Optimizing NNI: done in 0.816414 secs using 198.5% CPU
Optimizing NNI: done in 0.984896 secs using 196.7% CPU
Optimizing NNI: done in 1.46418 secs using 197.5% CPU
Optimizing NNI: done in 1.14252 secs using 198% CPU
Optimizing NNI: done in 0.985588 secs using 196.6% CPU
Optimizing NNI: done in 1.21319 secs using 197.6% CPU
Optimizing NNI: done in 0.850117 secs using 199.7% CPU
Optimizing NNI: done in 0.931434 secs using 197.9% CPU
Optimizing NNI: done in 1.48584 secs using 197.5% CPU
Iteration 250 / LogL: -4882.469 / Time: 0h:5m:25s (0h:0m:31s left)
Optimizing NNI: done in 0.967733 secs using 198% CPU
Optimizing NNI: done in 1.11946 secs using 198.3% CPU
Optimizing NNI: done in 1.19236 secs using 196.9% CPU
Optimizing NNI: done in 1.23191 secs using 196.4% CPU
Optimizing NNI: done in 1.25481 secs using 197.2% CPU
Optimizing NNI: done in 1.08705 secs using 198.2% CPU
Optimizing NNI: done in 1.04819 secs using 198.1% CPU
Optimizing NNI: done in 0.855216 secs using 195.9% CPU
Optimizing NNI: done in 1.01882 secs using 195.8% CPU
Estimate model parameters (epsilon = 0.100)
BETTER TREE FOUND at iteration 259: -4873.570
Optimizing NNI: done in 1.17371 secs using 196.8% CPU
Iteration 260 / LogL: -4887.254 / Time: 0h:5m:38s (0h:2m:9s left)
Optimizing NNI: done in 1.03864 secs using 199.3% CPU
Optimizing NNI: done in 1.24369 secs using 196.8% CPU
Optimizing NNI: done in 1.11282 secs using 198.1% CPU
Optimizing NNI: done in 1.29621 secs using 198.1% CPU
Optimizing NNI: done in 0.992634 secs using 197.5% CPU
Optimizing NNI: done in 1.3663 secs using 196.6% CPU
Optimizing NNI: done in 1.205 secs using 195.9% CPU
Optimizing NNI: done in 0.953965 secs using 198.9% CPU
Optimizing NNI: done in 0.99899 secs using 196.9% CPU
Optimizing NNI: done in 1.29443 secs using 196.4% CPU
Iteration 270 / LogL: -4878.370 / Time: 0h:5m:50s (0h:1m:55s left)
Optimizing NNI: done in 1.10231 secs using 196.9% CPU
Optimizing NNI: done in 1.26868 secs using 195.8% CPU
Optimizing NNI: done in 0.696905 secs using 198.2% CPU
Optimizing NNI: done in 1.12279 secs using 198% CPU
Optimizing NNI: done in 0.861748 secs using 195.1% CPU
Optimizing NNI: done in 1.10704 secs using 196.8% CPU
Optimizing NNI: done in 1.07424 secs using 199% CPU
Optimizing NNI: done in 1.26187 secs using 198.3% CPU
Optimizing NNI: done in 1.41943 secs using 197.5% CPU
Optimizing NNI: done in 1.05743 secs using 197.6% CPU
Iteration 280 / LogL: -4888.885 / Time: 0h:6m:1s (0h:1m:42s left)
Optimizing NNI: done in 1.22018 secs using 196.1% CPU
Optimizing NNI: done in 1.08241 secs using 196.1% CPU
Optimizing NNI: done in 1.02838 secs using 198.4% CPU
Optimizing NNI: done in 0.532112 secs using 198.5% CPU
Optimizing NNI: done in 1.04974 secs using 196.8% CPU
Optimizing NNI: done in 1.04599 secs using 198.7% CPU
Optimizing NNI: done in 0.978216 secs using 197.7% CPU
Optimizing NNI: done in 1.10615 secs using 196.5% CPU
Optimizing NNI: done in 0.994823 secs using 197.7% CPU
Optimizing NNI: done in 1.1267 secs using 197.6% CPU
Iteration 290 / LogL: -4889.748 / Time: 0h:6m:12s (0h:1m:28s left)
Optimizing NNI: done in 0.865559 secs using 197.5% CPU
Optimizing NNI: done in 0.824728 secs using 198.5% CPU
Optimizing NNI: done in 1.1843 secs using 197.6% CPU
Optimizing NNI: done in 1.1519 secs using 197.9% CPU
Optimizing NNI: done in 0.846192 secs using 197.8% CPU
Optimizing NNI: done in 1.22185 secs using 197.2% CPU
Optimizing NNI: done in 0.937185 secs using 197.3% CPU
Optimizing NNI: done in 1.09702 secs using 197.7% CPU
Optimizing NNI: done in 1.12867 secs using 197.1% CPU
Optimizing NNI: done in 0.87295 secs using 198.1% CPU
Iteration 300 / LogL: -4886.339 / Time: 0h:6m:22s (0h:1m:15s left)
Optimizing NNI: done in 1.0592 secs using 197.8% CPU
Optimizing NNI: done in 0.815272 secs using 197.1% CPU
Optimizing NNI: done in 1.08933 secs using 198% CPU
Optimizing NNI: done in 1.04157 secs using 196.8% CPU
Optimizing NNI: done in 1.43335 secs using 199.1% CPU
Optimizing NNI: done in 1.22345 secs using 198.4% CPU
Optimizing NNI: done in 1.32167 secs using 197.7% CPU
Optimizing NNI: done in 0.855038 secs using 196.8% CPU
Optimizing NNI: done in 1.0719 secs using 197.8% CPU
Optimizing NNI: done in 0.90282 secs using 198.8% CPU
Iteration 310 / LogL: -4884.930 / Time: 0h:6m:34s (0h:1m:2s left)
Optimizing NNI: done in 1.36563 secs using 198.1% CPU
Optimizing NNI: done in 1.03784 secs using 199.4% CPU
Optimizing NNI: done in 1.24264 secs using 197.5% CPU
Optimizing NNI: done in 1.07049 secs using 198.3% CPU
Optimizing NNI: done in 0.960998 secs using 197.8% CPU
Optimizing NNI: done in 1.15277 secs using 196.5% CPU
Optimizing NNI: done in 1.13563 secs using 197.6% CPU
Optimizing NNI: done in 1.35323 secs using 197.8% CPU
Optimizing NNI: done in 1.04044 secs using 197.6% CPU
Optimizing NNI: done in 1.01203 secs using 197.2% CPU
Iteration 320 / LogL: -4880.810 / Time: 0h:6m:46s (0h:0m:49s left)
Optimizing NNI: done in 1.14463 secs using 198.2% CPU
Optimizing NNI: done in 0.775653 secs using 197.5% CPU
Optimizing NNI: done in 1.15102 secs using 197.3% CPU
Optimizing NNI: done in 1.07845 secs using 196.8% CPU
Estimate model parameters (epsilon = 0.100)
BETTER TREE FOUND at iteration 324: -4872.697
Optimizing NNI: done in 1.28745 secs using 196.6% CPU
Optimizing NNI: done in 1.23296 secs using 196.7% CPU
Optimizing NNI: done in 1.24042 secs using 197.1% CPU
Optimizing NNI: done in 1.00437 secs using 197.2% CPU
Optimizing NNI: done in 1.08475 secs using 197% CPU
Optimizing NNI: done in 0.975537 secs using 198% CPU
Iteration 330 / LogL: -4891.339 / Time: 0h:6m:58s (0h:1m:59s left)
Optimizing NNI: done in 1.3198 secs using 196.7% CPU
Optimizing NNI: done in 1.24714 secs using 198.5% CPU
Optimizing NNI: done in 0.918843 secs using 198.4% CPU
Optimizing NNI: done in 1.25091 secs using 197.2% CPU
Optimizing NNI: done in 1.27061 secs using 197% CPU
Optimizing NNI: done in 1.16106 secs using 198.2% CPU
Optimizing NNI: done in 1.19027 secs using 198.1% CPU
Optimizing NNI: done in 1.09735 secs using 196.6% CPU
Optimizing NNI: done in 1.0126 secs using 196.4% CPU
Optimizing NNI: done in 1.19938 secs using 198% CPU
Iteration 340 / LogL: -4889.501 / Time: 0h:7m:10s (0h:1m:46s left)
Optimizing NNI: done in 1.00591 secs using 196.6% CPU
Optimizing NNI: done in 1.13386 secs using 196% CPU
Optimizing NNI: done in 1.18713 secs using 196% CPU
Optimizing NNI: done in 1.14721 secs using 198% CPU
Optimizing NNI: done in 1.29176 secs using 197.2% CPU
Optimizing NNI: done in 0.898068 secs using 198.9% CPU
Optimizing NNI: done in 1.1852 secs using 197.5% CPU
Optimizing NNI: done in 1.03858 secs using 197.4% CPU
Optimizing NNI: done in 1.13406 secs using 198.1% CPU
Optimizing NNI: done in 1.17022 secs using 198.4% CPU
Iteration 350 / LogL: -4880.711 / Time: 0h:7m:22s (0h:1m:33s left)
Optimizing NNI: done in 0.875026 secs using 197.8% CPU
Optimizing NNI: done in 1.2571 secs using 198% CPU
Optimizing NNI: done in 1.10326 secs using 198.2% CPU
Optimizing NNI: done in 1.24052 secs using 198% CPU
Optimizing NNI: done in 1.06666 secs using 197.5% CPU
Optimizing NNI: done in 1.02757 secs using 197.3% CPU
Optimizing NNI: done in 1.3167 secs using 196.3% CPU
Optimizing NNI: done in 1.09153 secs using 198.6% CPU
Optimizing NNI: done in 1.33299 secs using 198.7% CPU
Optimizing NNI: done in 0.953518 secs using 197.3% CPU
Iteration 360 / LogL: -4889.062 / Time: 0h:7m:34s (0h:1m:20s left)
Optimizing NNI: done in 1.15395 secs using 198.4% CPU
Optimizing NNI: done in 0.880242 secs using 198.2% CPU
Optimizing NNI: done in 0.859488 secs using 197.3% CPU
Optimizing NNI: done in 1.24595 secs using 196.9% CPU
Optimizing NNI: done in 0.995364 secs using 197.2% CPU
Optimizing NNI: done in 1.09889 secs using 197.9% CPU
Optimizing NNI: done in 0.851947 secs using 198.1% CPU
Optimizing NNI: done in 1.33328 secs using 197.5% CPU
Optimizing NNI: done in 0.939093 secs using 197.1% CPU
Optimizing NNI: done in 1.13142 secs using 197.2% CPU
Iteration 370 / LogL: -4884.021 / Time: 0h:7m:45s (0h:1m:8s left)
Optimizing NNI: done in 1.02755 secs using 196.9% CPU
Optimizing NNI: done in 1.01702 secs using 198.3% CPU
Optimizing NNI: done in 1.30785 secs using 194.2% CPU
Optimizing NNI: done in 1.11205 secs using 199.6% CPU
Optimizing NNI: done in 1.15319 secs using 198.2% CPU
Optimizing NNI: done in 1.22263 secs using 198.8% CPU
Optimizing NNI: done in 1.14136 secs using 197.1% CPU
Optimizing NNI: done in 1.0128 secs using 197.2% CPU
Optimizing NNI: done in 0.963631 secs using 195.9% CPU
Optimizing NNI: done in 1.10765 secs using 197.5% CPU
Iteration 380 / LogL: -4874.401 / Time: 0h:7m:56s (0h:0m:55s left)
Optimizing NNI: done in 1.17003 secs using 197.1% CPU
Optimizing NNI: done in 1.22064 secs using 197.7% CPU
Optimizing NNI: done in 0.952578 secs using 196.6% CPU
Optimizing NNI: done in 1.13649 secs using 197.1% CPU
Optimizing NNI: done in 0.989793 secs using 197.4% CPU
Optimizing NNI: done in 1.0587 secs using 196% CPU
Optimizing NNI: done in 1.00524 secs using 196.7% CPU
Optimizing NNI: done in 1.10423 secs using 197.1% CPU
Optimizing NNI: done in 1.1506 secs using 196.3% CPU
Optimizing NNI: done in 1.26011 secs using 197.8% CPU
Iteration 390 / LogL: -4880.909 / Time: 0h:8m:8s (0h:0m:42s left)
Optimizing NNI: done in 1.62118 secs using 198.2% CPU
Optimizing NNI: done in 1.58565 secs using 196.9% CPU
Optimizing NNI: done in 0.989289 secs using 199.1% CPU
Optimizing NNI: done in 1.20592 secs using 196.5% CPU
Optimizing NNI: done in 0.804543 secs using 197.9% CPU
Optimizing NNI: done in 1.0438 secs using 197.7% CPU
Optimizing NNI: done in 1.37532 secs using 198.3% CPU
Optimizing NNI: done in 1.41977 secs using 199.2% CPU
Optimizing NNI: done in 1.14206 secs using 199.1% CPU
Optimizing NNI: done in 1.10709 secs using 197.5% CPU
Iteration 400 / LogL: -4880.482 / Time: 0h:8m:20s (0h:0m:30s left)
Optimizing NNI: done in 1.109 secs using 197% CPU
Optimizing NNI: done in 1.01665 secs using 196.4% CPU
Optimizing NNI: done in 1.14097 secs using 196.1% CPU
Optimizing NNI: done in 1.04649 secs using 196.3% CPU
Optimizing NNI: done in 1.24769 secs using 196.2% CPU
Optimizing NNI: done in 0.936559 secs using 197.4% CPU
Optimizing NNI: done in 1.32642 secs using 197.7% CPU
Optimizing NNI: done in 1.03609 secs using 197.3% CPU
Optimizing NNI: done in 1.13997 secs using 196.5% CPU
Optimizing NNI: done in 1.22696 secs using 197.1% CPU
Iteration 410 / LogL: -4878.798 / Time: 0h:8m:32s (0h:0m:17s left)
Optimizing NNI: done in 1.20056 secs using 197.3% CPU
Optimizing NNI: done in 1.16147 secs using 196.1% CPU
Optimizing NNI: done in 1.17177 secs using 197.6% CPU
Optimizing NNI: done in 1.11399 secs using 198% CPU
Optimizing NNI: done in 1.01749 secs using 199.1% CPU
Optimizing NNI: done in 1.20632 secs using 196.8% CPU
Optimizing NNI: done in 0.898137 secs using 197.1% CPU
Optimizing NNI: done in 1.25525 secs using 196.2% CPU
Optimizing NNI: done in 1.40182 secs using 197.6% CPU
Optimizing NNI: done in 1.25296 secs using 196.7% CPU
Iteration 420 / LogL: -4874.360 / Time: 0h:8m:44s (0h:0m:5s left)
Optimizing NNI: done in 1.24573 secs using 197.3% CPU
Optimizing NNI: done in 1.10403 secs using 198.5% CPU
Optimizing NNI: done in 1.12067 secs using 197.8% CPU
Optimizing NNI: done in 1.05918 secs using 198.9% CPU
Optimizing NNI: done in 1.17116 secs using 197.7% CPU
TREE SEARCH COMPLETED AFTER 425 ITERATIONS / Time: 0h:8m:50s

--------------------------------------------------------------------
|                    FINALIZING TREE SEARCH                        |
--------------------------------------------------------------------
Performs final model parameters optimization
Estimate model parameters (epsilon = 0.010)
1. Initial log-likelihood: -4872.697
2. Current log-likelihood: -4872.660
3. Current log-likelihood: -4872.633
4. Current log-likelihood: -4872.616
5. Current log-likelihood: -4872.606
Optimal log-likelihood: -4872.600
Rate parameters:  A-C: 2.33326  A-G: 3.62985  A-T: 0.77860  C-G: 0.41836  C-T: 5.58781  G-T: 1.00000
Base frequencies:  A: 0.441  C: 0.130  G: 0.229  T: 0.199
Site proportion and rates:  (0.078,0.623) (0.168,0.631) (0.226,0.633) (0.233,0.651) (0.171,1.832) (0.124,1.909)
Parameters optimization took 5 rounds (3.314 sec)
BEST SCORE FOUND : -4872.600
Total tree length: 2.777

Total number of iterations: 425
CPU time used for tree search: 1017.221 sec (0h:16m:57s)
Wall-clock time used for tree search: 525.406 sec (0h:8m:45s)
Total CPU time used: 1034.161 sec (0h:17m:14s)
Total wall-clock time used: 534.112 sec (0h:8m:54s)

Analysis results written to: 
  IQ-TREE report:                IQTREE_bestTree.InWindow_4820_to_5070.iqtree
  Maximum-likelihood tree:       IQTREE_bestTree.InWindow_4820_to_5070.treefile
  Likelihood distances:          IQTREE_bestTree.InWindow_4820_to_5070.mldist
  Screen log file:               IQTREE_bestTree.InWindow_4820_to_5070.log

Date and Time: Tue Jul 25 12:24:13 2023
