IQ-TREE multicore version 2.2.2.7 COVID-edition for Linux 64-bit built Jun  7 2023
Developed by Bui Quang Minh, James Barbetti, Nguyen Lam Tung,
Olga Chernomor, Heiko Schmidt, Dominik Schrempf, Michael Woodhams, Ly Trong Nhan.

Host:    hpc-node03 (AVX2, FMA3, 1007 GB RAM)
Command: iqtree -s AlignedReadsInWindow_PositionsExcised_2320_to_2570.fasta -pre IQTREE_bestTree.InWindow_2320_to_2570 -m GTR+F+R6 -nt 4
Seed:    87522 (Using SPRNG - Scalable Parallel Random Number Generator)
Time:    Sun Jul 23 01:48:13 2023
Kernel:  AVX+FMA - 4 threads (4 CPU cores detected)

Reading alignment file AlignedReadsInWindow_PositionsExcised_2320_to_2570.fasta ... Fasta format detected
Reading fasta file: done in 0.0040486 secs using 88.33% CPU
Alignment most likely contains DNA/RNA sequences
Constructing alignment: done in 0.00167933 secs using 99.92% CPU
Alignment has 787 sequences with 166 columns, 157 distinct patterns
120 parsimony-informative, 12 singleton sites, 34 constant sites
                                                            Gap/Ambiguity  Composition  p-value
Analyzing sequences: done in 0.00022837 secs using 1453% CPU
   1  200724_20-08522_HIV11-02415_FL24_S18_L000_read_1_count_533   20.48%    passed     99.77%
   2  200724_20-08522_HIV11-02415_FL24_S18_L000_read_2_count_91    20.48%    passed     99.87%
   3  200724_20-08522_HIV11-02415_FL24_S18_L000_read_3_count_29    20.48%    passed     98.07%
   4  200724_20-08522_HIV11-02415_FL24_S18_L000_read_4_count_25    20.48%    passed     98.29%
   5  200724_20-08522_HIV11-02415_FL24_S18_L000_read_5_count_24    20.48%    passed     99.98%
   6  200724_20-08522_HIV11-02415_FL24_S18_L000_read_6_count_17    20.48%    passed     99.87%
   7  200724_20-08522_HIV11-02415_FL24_S18_L000_read_7_count_15    20.48%    passed     99.87%
   8  200724_20-08522_HIV11-02415_FL24_S18_L000_read_8_count_11    20.48%    passed     98.96%
   9  200724_20-08522_HIV11-02415_FL24_S18_L000_read_9_count_8     20.48%    passed     99.77%
  10  200724_20-08522_HIV11-02415_FL24_S18_L000_read_10_count_8    20.48%    passed     98.29%
  11  200724_20-08522_HIV11-02415_FL24_S18_L000_read_11_count_7    20.48%    passed     99.98%
  12  200724_20-08522_HIV11-02415_FL24_S18_L000_read_12_count_7    20.48%    passed     98.96%
  13  200724_20-08522_HIV11-02415_FL24_S18_L000_read_13_count_6    20.48%    passed     99.65%
  14  200724_20-08522_HIV11-02415_FL24_S18_L000_read_14_count_5    20.48%    passed     99.87%
  15  200724_20-08522_HIV11-02415_FL24_S18_L000_read_15_count_5    20.48%    passed     99.69%
  16  200724_20-08522_HIV11-02415_FL24_S18_L000_read_16_count_5    20.48%    passed     98.96%
  17  200724_20-08522_HIV11-02415_FL24_S18_L000_read_17_count_4    20.48%    passed     99.87%
  18  200724_20-08522_HIV11-02415_FL24_S18_L000_read_18_count_4    20.48%    passed     97.40%
  19  200724_20-08522_HIV11-02415_FL24_S18_L000_read_19_count_4    20.48%    passed     98.57%
  20  200724_20-08522_HIV11-02415_FL24_S18_L000_read_20_count_3    20.48%    passed     98.35%
  21  200724_20-08522_HIV11-02415_FL24_S18_L000_read_21_count_3    20.48%    passed     99.46%
  22  200724_20-08522_HIV11-02415_FL24_S18_L000_read_22_count_3    20.48%    passed     89.41%
  23  200724_20-08522_HIV11-02415_FL24_S18_L000_read_23_count_3    20.48%    passed     98.96%
  24  200724_20-08522_HIV11-02415_FL24_S18_L000_read_24_count_3    20.48%    passed     99.65%
  25  200724_20-08522_HIV11-02415_FL24_S18_L000_read_25_count_3    20.48%    passed     99.65%
  26  200724_20-08522_HIV11-02415_FL24_S18_L000_read_26_count_2    20.48%    passed     99.98%
  27  200724_20-08522_HIV11-02415_FL24_S18_L000_read_27_count_2    20.48%    passed     98.35%
  28  200724_20-08522_HIV11-02415_FL24_S18_L000_read_28_count_2    20.48%    passed     99.46%
  29  200724_20-08522_HIV11-02415_FL24_S18_L000_read_29_count_2    20.48%    passed     92.98%
  30  200724_20-08522_HIV11-02415_FL24_S18_L000_read_30_count_2    20.48%    passed     98.52%
  31  200724_20-08522_HIV11-02415_FL24_S18_L000_read_31_count_2    20.48%    passed     99.69%
  32  200724_20-08522_HIV11-02415_FL24_S18_L000_read_32_count_2    20.48%    passed     99.77%
  33  200724_20-08522_HIV11-02415_FL24_S18_L000_read_33_count_2    20.48%    passed     99.46%
  34  200724_20-08522_HIV11-02415_FL24_S18_L000_read_34_count_2    20.48%    passed     99.51%
  35  200724_20-08522_HIV11-02415_FL24_S18_L000_read_35_count_2    20.48%    passed     98.35%
  36  200724_20-08522_HIV11-02415_FL24_S18_L000_read_36_count_2    20.48%    passed     99.65%
  37  200724_20-08522_HIV11-02415_FL24_S18_L000_read_37_count_2    20.48%    passed     98.35%
  38  200724_20-08522_HIV11-02415_FL24_S18_L000_read_38_count_2    20.48%    passed     99.65%
  39  200724_20-08522_HIV11-02415_FL24_S18_L000_read_39_count_2    20.48%    passed     98.35%
  40  200724_20-08522_HIV11-02415_FL24_S18_L000_read_40_count_2    20.48%    passed     99.46%
  41  200724_20-08522_HIV11-02415_FL24_S18_L000_read_41_count_2    20.48%    passed     96.81%
  42  200724_20-08522_HIV11-02415_FL24_S18_L000_read_42_count_2    20.48%    passed     99.65%
  43  200724_20-08522_HIV11-02415_FL24_S18_L000_read_43_count_2    20.48%    passed     98.29%
  44  200724_20-08522_HIV11-02415_FL24_S18_L000_read_44_count_2    20.48%    passed     99.65%
  45  200724_20-08522_HIV11-02415_FL24_S18_L000_read_45_count_2    20.48%    passed     99.46%
  46  200724_20-08522_HIV11-02415_FL24_S18_L000_read_46_count_1    20.48%    passed     98.35%
  47  200724_20-08522_HIV11-02415_FL24_S18_L000_read_47_count_1    20.48%    passed     98.57%
  48  200724_20-08522_HIV11-02415_FL24_S18_L000_read_48_count_1    20.48%    passed     98.57%
  49  200724_20-08522_HIV11-02415_FL24_S18_L000_read_49_count_1    20.48%    passed     98.52%
  50  200724_20-08522_HIV11-02415_FL24_S18_L000_read_50_count_1    20.48%    passed     99.87%
  51  200724_20-08522_HIV11-02415_FL24_S18_L000_read_51_count_1    20.48%    passed     98.18%
  52  200724_20-08522_HIV11-02415_FL24_S18_L000_read_52_count_1    20.48%    passed     98.93%
  53  200724_20-08522_HIV11-02415_FL24_S18_L000_read_53_count_1    20.48%    passed     98.35%
  54  200724_20-08522_HIV11-02415_FL24_S18_L000_read_54_count_1    21.08%    passed     99.61%
  55  200724_20-08522_HIV11-02415_FL24_S18_L000_read_55_count_1    20.48%    passed     98.07%
  56  200724_20-08522_HIV11-02415_FL24_S18_L000_read_56_count_1    20.48%    passed     99.87%
  57  200724_20-08522_HIV11-02415_FL24_S18_L000_read_57_count_1    20.48%    passed     97.00%
  58  200724_20-08522_HIV11-02415_FL24_S18_L000_read_58_count_1    20.48%    passed     98.78%
  59  200724_20-08522_HIV11-02415_FL24_S18_L000_read_59_count_1    20.48%    passed     98.05%
  60  200724_20-08522_HIV11-02415_FL24_S18_L000_read_60_count_1    20.48%    passed     98.35%
  61  200724_20-08522_HIV11-02415_FL24_S18_L000_read_61_count_1    20.48%    passed     95.77%
  62  200724_20-08522_HIV11-02415_FL24_S18_L000_read_62_count_1    21.08%    passed     99.61%
  63  200724_20-08522_HIV11-02415_FL24_S18_L000_read_63_count_1    20.48%    passed     99.51%
  64  200724_20-08522_HIV11-02415_FL24_S18_L000_read_64_count_1    20.48%    passed     98.35%
  65  200724_20-08522_HIV11-02415_FL24_S18_L000_read_65_count_1    20.48%    passed     99.87%
  66  200724_20-08522_HIV11-02415_FL24_S18_L000_read_66_count_1    20.48%    passed     99.65%
  67  200724_20-08522_HIV11-02415_FL24_S18_L000_read_67_count_1    20.48%    passed     98.93%
  68  200724_20-08522_HIV11-02415_FL24_S18_L000_read_68_count_1    20.48%    passed     99.77%
  69  200724_20-08522_HIV11-02415_FL24_S18_L000_read_69_count_1    20.48%    passed     98.57%
  70  200724_20-08522_HIV11-02415_FL24_S18_L000_read_70_count_1    20.48%    passed     99.77%
  71  200724_20-08522_HIV11-02415_FL24_S18_L000_read_71_count_1    20.48%    passed     99.51%
  72  200724_20-08522_HIV11-02415_FL24_S18_L000_read_72_count_1    20.48%    passed     98.52%
  73  200724_20-08522_HIV11-02415_FL24_S18_L000_read_73_count_1    20.48%    passed     98.35%
  74  200724_20-08522_HIV11-02415_FL24_S18_L000_read_74_count_1    20.48%    passed     99.51%
  75  200724_20-08522_HIV11-02415_FL24_S18_L000_read_75_count_1    20.48%    passed     98.57%
  76  200724_20-08522_HIV11-02415_FL24_S18_L000_read_76_count_1    20.48%    passed     99.04%
  77  200724_20-08522_HIV11-02415_FL24_S18_L000_read_77_count_1    20.48%    passed     99.46%
  78  200724_20-08522_HIV11-02415_FL24_S18_L000_read_78_count_1    20.48%    passed     99.87%
  79  200724_20-08522_HIV11-02415_FL24_S18_L000_read_79_count_1    20.48%    passed     98.52%
  80  200724_20-08522_HIV11-02415_FL24_S18_L000_read_80_count_1    20.48%    passed     98.93%
  81  200724_20-08522_HIV11-02415_FL24_S18_L000_read_81_count_1    20.48%    passed     97.00%
  82  200724_20-08522_HIV11-02415_FL24_S18_L000_read_82_count_1    20.48%    passed     96.81%
  83  200724_20-08522_HIV11-02415_FL24_S18_L000_read_83_count_1    20.48%    passed     99.46%
  84  200724_20-08522_HIV11-02415_FL24_S18_L000_read_84_count_1    20.48%    passed     94.16%
  85  200724_20-08522_HIV11-02415_FL24_S18_L000_read_85_count_1    21.08%    passed     97.04%
  86  200724_20-08522_HIV11-02415_FL24_S18_L000_read_86_count_1    20.48%    passed     99.77%
  87  200724_20-08522_HIV11-02415_FL24_S18_L000_read_87_count_1    20.48%    passed     99.77%
  88  200724_20-08522_HIV11-02415_FL24_S18_L000_read_88_count_1    20.48%    passed     92.98%
  89  200724_20-08522_HIV11-02415_FL24_S18_L000_read_89_count_1    20.48%    passed     99.77%
  90  200724_20-08522_HIV11-02415_FL24_S18_L000_read_90_count_1    20.48%    passed     95.81%
  91  200724_20-08522_HIV11-02415_FL24_S18_L000_read_91_count_1    20.48%    passed     99.65%
  92  200724_20-08522_HIV11-02415_FL24_S18_L000_read_92_count_1    20.48%    passed     99.77%
  93  200724_20-08522_HIV11-02415_FL24_S18_L000_read_93_count_1    20.48%    passed     96.02%
  94  200724_20-08522_HIV11-02415_FL24_S18_L000_read_94_count_1    20.48%    passed     98.03%
  95  200724_20-08522_HIV11-02415_FL24_S18_L000_read_95_count_1    20.48%    passed     99.65%
  96  200724_20-08522_HIV11-02415_FL24_S18_L000_read_96_count_1    20.48%    passed     99.87%
  97  200724_20-08522_HIV11-02415_FL24_S18_L000_read_97_count_1    20.48%    passed     98.15%
  98  200724_20-08522_HIV11-02415_FL24_S18_L000_read_98_count_1    20.48%    passed     99.77%
  99  200724_20-08522_HIV11-02415_FL24_S18_L000_read_99_count_1    20.48%    passed     99.77%
 100  200724_20-08522_HIV11-02415_FL24_S18_L000_read_100_count_1   20.48%    passed     98.92%
 101  200724_20-08522_HIV11-02415_FL24_S18_L000_read_101_count_1   20.48%    passed     99.46%
 102  200724_20-08522_HIV11-02415_FL24_S18_L000_read_102_count_1   20.48%    passed     97.05%
 103  200724_20-08522_HIV11-02415_FL24_S18_L000_read_103_count_1   16.87%    passed     99.53%
 104  200724_20-08522_HIV11-02415_FL24_S18_L000_read_104_count_1   20.48%    passed     97.86%
 105  200724_20-08522_HIV11-02415_FL24_S18_L000_read_105_count_1   20.48%    passed     98.57%
 106  200724_20-08522_HIV11-02415_FL24_S18_L000_read_106_count_1   20.48%    passed     98.52%
 107  200724_20-08522_HIV11-02415_FL24_S18_L000_read_107_count_1   20.48%    passed     99.87%
 108  200724_20-08522_HIV11-02415_FL24_S18_L000_read_108_count_1   20.48%    passed     98.93%
 109  200724_20-08522_HIV11-02415_FL24_S18_L000_read_109_count_1   20.48%    passed     98.03%
 110  200724_20-08522_HIV11-02415_FL24_S18_L000_read_110_count_1   20.48%    passed     97.41%
 111  200724_20-08522_HIV11-02415_FL24_S18_L000_read_111_count_1   20.48%    passed     96.02%
 112  200724_20-08522_HIV11-02415_FL24_S18_L000_read_112_count_1   20.48%    passed     98.15%
 113  200724_20-08522_HIV11-02415_FL24_S18_L000_read_113_count_1   20.48%    passed     99.51%
 114  200724_20-08522_HIV11-02415_FL24_S18_L000_read_114_count_1   20.48%    passed     96.02%
 115  200724_20-08522_HIV11-02415_FL24_S18_L000_read_115_count_1   20.48%    passed     99.04%
 116  200724_20-08522_HIV11-02415_FL24_S18_L000_read_116_count_1   20.48%    passed     95.77%
 117  200724_20-08522_HIV11-02415_FL24_S18_L000_read_117_count_1   20.48%    passed     99.63%
 118  200724_20-08522_HIV11-02415_FL24_S18_L000_read_118_count_1   20.48%    passed     98.57%
 119  200724_20-08522_HIV11-02415_FL24_S18_L000_read_119_count_1   20.48%    passed     98.03%
 120  200724_20-08522_HIV11-02415_FL24_S18_L000_read_120_count_1   20.48%    passed     99.08%
 121  200724_20-08522_HIV11-02415_FL24_S18_L000_read_121_count_1   20.48%    passed     98.57%
 122  200724_20-08522_HIV11-02415_FL24_S18_L000_read_122_count_1   20.48%    passed     99.08%
 123  200724_20-08522_HIV11-02415_FL24_S18_L000_read_123_count_1   20.48%    passed     99.08%
 124  200724_20-08522_HIV11-02415_FL24_S18_L000_read_124_count_1   20.48%    passed     98.03%
 125  200724_20-08522_HIV11-02415_FL24_S18_L000_read_125_count_1   20.48%    passed     98.93%
 126  200724_20-08522_HIV11-02415_FL24_S18_L000_read_126_count_1   20.48%    passed     98.96%
 127  200724_20-08522_HIV11-02415_FL24_S18_L000_read_127_count_1   20.48%    passed     99.04%
 128  200724_20-08522_HIV11-02415_FL24_S18_L000_read_128_count_1   20.48%    passed     95.98%
 129  200724_20-08522_HIV11-02415_FL24_S18_L000_read_129_count_1   20.48%    passed     99.87%
 130  200724_20-08522_HIV11-02415_FL24_S18_L000_read_130_count_1   20.48%    passed     99.65%
 131  200724_20-08522_HIV11-02415_FL24_S18_L000_read_131_count_1   20.48%    passed     99.77%
 132  200724_20-08522_HIV11-02415_FL24_S18_L000_read_132_count_1   20.48%    passed     98.57%
 133  200724_20-08522_HIV11-02415_FL24_S18_L000_read_133_count_1   20.48%    passed     99.87%
 134  200724_20-08522_HIV11-02415_FL24_S18_L000_read_134_count_1   20.48%    passed     98.35%
 135  200724_20-08522_HIV11-02415_FL24_S18_L000_read_135_count_1   20.48%    passed     98.78%
 136  200724_20-08522_HIV11-02415_FL24_S18_L000_read_136_count_1   20.48%    passed     99.87%
 137  200724_20-08522_HIV11-02415_FL24_S18_L000_read_137_count_1   20.48%    passed     96.95%
 138  200724_20-08522_HIV11-02415_FL24_S18_L000_read_138_count_1   20.48%    passed     98.35%
 139  200724_20-08522_HIV11-02415_FL24_S18_L000_read_139_count_1   20.48%    passed     98.96%
 140  200724_20-08522_HIV11-02415_FL24_S18_L000_read_140_count_1   20.48%    passed     98.52%
 141  200724_20-08522_HIV11-02415_FL24_S18_L000_read_141_count_1   19.88%    passed     96.80%
 142  200724_20-08522_HIV11-02415_FL24_S18_L000_read_142_count_1   20.48%    passed     99.46%
 143  200724_20-08522_HIV11-02415_FL24_S18_L000_read_143_count_1   20.48%    passed     97.40%
 144  200724_20-08522_HIV11-02415_FL24_S18_L000_read_144_count_1   20.48%    passed     98.15%
 145  200724_20-08522_HIV11-02415_FL24_S18_L000_read_145_count_1   20.48%    passed     99.87%
 146  200724_20-08522_HIV11-02415_FL24_S18_L000_read_146_count_1   20.48%    passed     99.87%
 147  200724_20-08522_HIV11-02415_FL24_S18_L000_read_147_count_1   20.48%    passed     99.65%
 148  200724_20-08522_HIV11-02415_FL24_S18_L000_read_148_count_1   21.08%    passed     99.46%
 149  200724_20-08522_HIV11-02415_FL24_S18_L000_read_149_count_1   20.48%    passed     99.87%
 150  200724_20-08522_HIV11-02415_FL24_S18_L000_read_150_count_1   20.48%    passed     99.65%
 151  200724_20-08522_HIV11-02415_FL24_S18_L000_read_151_count_1   20.48%    passed     99.17%
 152  200724_20-08522_HIV11-02415_FL24_S18_L000_read_152_count_1   20.48%    passed     96.81%
 153  200724_20-08522_HIV11-02415_FL24_S18_L000_read_153_count_1   20.48%    passed     99.77%
 154  200724_20-08522_HIV11-02415_FL24_S18_L000_read_154_count_1   20.48%    passed     99.63%
 155  200724_20-08522_HIV11-02415_FL24_S18_L000_read_155_count_1   20.48%    passed     98.29%
 156  200724_20-08522_HIV11-02415_FL24_S18_L000_read_156_count_1   20.48%    passed     99.77%
 157  200724_20-08522_HIV11-02415_FL24_S18_L000_read_157_count_1   20.48%    passed     99.51%
 158  200724_20-08522_HIV11-02415_FL24_S18_L000_read_158_count_1   20.48%    passed     95.98%
 159  200724_20-08522_HIV11-02415_FL24_S18_L000_read_159_count_1   20.48%    passed     99.77%
 160  200724_20-08522_HIV11-02415_FL24_S18_L000_read_160_count_1   20.48%    passed     98.35%
 161  200724_20-08522_HIV11-02415_FL24_S18_L000_read_161_count_1   20.48%    passed     98.96%
 162  200724_20-08522_HIV11-02415_FL24_S18_L000_read_162_count_1   19.88%    passed     99.02%
 163  200724_20-08522_HIV11-02415_FL24_S18_L000_read_163_count_1   20.48%    passed     99.87%
 164  200724_20-08522_HIV11-02415_FL24_S18_L000_read_164_count_1   20.48%    passed     99.63%
 165  200724_20-08522_HIV11-02415_FL24_S18_L000_read_165_count_1   20.48%    passed     98.29%
 166  200724_20-08522_HIV11-02415_FL24_S18_L000_read_166_count_1   20.48%    passed     99.63%
 167  200724_20-08522_HIV11-02415_FL24_S18_L000_read_167_count_1   20.48%    passed     98.35%
 168  200724_20-08522_HIV11-02415_FL24_S18_L000_read_168_count_1   20.48%    passed     98.57%
 169  200724_20-08522_HIV11-02415_FL24_S18_L000_read_169_count_1   20.48%    passed     98.57%
 170  200724_20-08522_HIV11-02415_FL24_S18_L000_read_170_count_1   20.48%    passed     95.57%
 171  200724_20-08522_HIV11-02415_FL24_S18_L000_read_171_count_1   20.48%    passed     98.35%
 172  200724_20-08522_HIV11-02415_FL24_S18_L000_read_172_count_1   20.48%    passed     98.93%
 173  200724_20-08522_HIV11-02415_FL24_S18_L000_read_173_count_1   20.48%    passed     97.05%
 174  200724_20-08522_HIV11-02415_FL24_S18_L000_read_174_count_1   20.48%    passed     98.52%
 175  200724_20-08522_HIV11-02415_FL24_S18_L000_read_175_count_1   20.48%    passed     99.77%
 176  200724_20-08522_HIV11-02415_FL24_S18_L000_read_176_count_1   20.48%    passed     98.35%
 177  200724_20-08522_HIV11-02415_FL24_S18_L000_read_177_count_1   20.48%    passed     99.77%
 178  200724_20-08522_HIV11-02415_FL24_S18_L000_read_178_count_1   20.48%    passed     99.51%
 179  200724_20-08522_HIV11-02415_FL24_S18_L000_read_179_count_1   20.48%    passed     98.57%
 180  200724_20-08522_HIV11-02415_FL24_S18_L000_read_180_count_1   20.48%    passed     98.96%
 181  200724_20-08522_HIV11-02415_FL24_S18_L000_read_181_count_1   20.48%    passed     95.57%
 182  200724_20-08522_HIV11-02415_FL24_S18_L000_read_182_count_1   20.48%    passed     95.77%
 183  200724_20-08522_HIV11-02415_FL24_S18_L000_read_183_count_1   20.48%    passed     99.77%
 184  200724_20-08522_HIV11-02415_FL24_S18_L000_read_184_count_1   20.48%    passed     96.02%
 185  200724_20-08522_HIV11-02415_FL24_S18_L000_read_185_count_1   20.48%    passed     99.04%
 186  200724_20-08522_HIV11-02415_FL24_S18_L000_read_186_count_1   20.48%    passed     98.96%
 187  200724_20-08522_HIV11-02415_FL24_S18_L000_read_187_count_1   20.48%    passed     99.77%
 188  200724_20-08522_HIV11-02415_FL24_S18_L000_read_188_count_1   20.48%    passed     99.77%
 189  200724_20-08522_HIV11-02415_FL24_S18_L000_read_189_count_1   20.48%    passed     98.03%
 190  200724_20-08522_HIV11-02415_FL24_S18_L000_read_190_count_1   20.48%    passed     98.03%
 191  200724_20-08522_HIV11-02415_FL24_S18_L000_read_191_count_1   20.48%    passed     98.07%
 192  200724_20-08522_HIV11-02415_FL24_S18_L000_read_192_count_1   20.48%    passed     99.87%
 193  200724_20-08522_HIV11-02415_FL24_S18_L000_read_193_count_1   20.48%    passed     99.51%
 194  200724_20-08522_HIV11-02415_FL24_S18_L000_read_194_count_1   20.48%    passed     99.51%
 195  200724_20-08522_HIV11-02415_FL24_S18_L000_read_195_count_1   20.48%    passed     97.05%
 196  200724_20-08522_HIV11-02415_FL24_S18_L000_read_196_count_1   20.48%    passed     99.51%
 197  200724_20-08522_HIV11-02415_FL24_S18_L000_read_197_count_1   20.48%    passed     98.93%
 198  200724_20-08522_HIV11-02415_FL24_S18_L000_read_198_count_1   20.48%    passed     99.63%
 199  200724_20-08522_HIV11-02415_FL24_S18_L000_read_199_count_1   20.48%    passed     97.00%
 200  200724_20-08522_HIV11-02415_FL24_S18_L000_read_200_count_1   20.48%    passed     99.17%
 201  200724_20-08522_HIV11-02415_FL24_S18_L000_read_201_count_1   20.48%    passed     99.51%
 202  200724_20-08522_HIV11-02415_FL24_S18_L000_read_202_count_1   20.48%    passed     93.03%
 203  200724_20-08522_HIV11-02415_FL24_S18_L000_read_203_count_1   20.48%    passed     99.77%
 204  200724_20-08522_HIV11-02415_FL24_S18_L000_read_204_count_1   20.48%    passed     99.87%
 205  200724_20-08522_HIV11-02415_FL24_S18_L000_read_205_count_1   20.48%    passed     99.65%
 206  200724_20-08522_HIV11-02415_FL24_S18_L000_read_206_count_1   20.48%    passed     97.86%
 207  200724_20-08522_HIV11-02415_FL24_S18_L000_read_207_count_1   20.48%    passed     99.51%
 208  200724_20-08522_HIV11-02415_FL24_S18_L000_read_208_count_1   20.48%    passed     99.17%
 209  200724_20-08522_HIV11-02415_FL24_S18_L000_read_209_count_1   20.48%    passed     99.63%
 210  200724_20-08522_HIV11-02415_FL24_S18_L000_read_210_count_1   20.48%    passed     97.40%
 211  200724_20-08522_HIV11-02415_FL24_S18_L000_read_211_count_1   20.48%    passed     98.52%
 212  200724_20-08522_HIV11-02415_FL24_S18_L000_read_212_count_1   20.48%    passed     96.81%
 213  200724_20-08522_HIV11-02415_FL24_S18_L000_read_213_count_1   20.48%    passed     99.08%
 214  200724_20-08522_HIV11-02415_FL24_S18_L000_read_214_count_1   20.48%    passed     99.63%
 215  200724_20-08522_HIV11-02415_FL24_S18_L000_read_215_count_1   20.48%    passed     99.46%
 216  200724_20-08522_HIV11-02415_FL24_S18_L000_read_216_count_1   20.48%    passed     99.65%
 217  200724_20-08522_HIV11-02415_FL24_S18_L000_read_217_count_1   20.48%    passed     99.63%
 218  200724_20-08522_HIV11-02415_FL24_S18_L000_read_218_count_1   20.48%    passed     99.65%
 219  200724_20-08522_HIV11-02415_FL24_S18_L000_read_219_count_1   20.48%    passed     99.65%
 220  200724_20-08522_HIV11-02415_FL24_S18_L000_read_220_count_1   20.48%    passed     98.57%
 221  200709_20-07994_HIV07-01067_FL21_S1_L000_read_1_count_1009   19.88%    passed     99.80%
 222  200709_20-07994_HIV07-01067_FL21_S1_L000_read_2_count_251    19.88%    passed     99.43%
 223  200709_20-07994_HIV07-01067_FL21_S1_L000_read_3_count_20     19.88%    passed     99.18%
 224  200709_20-07994_HIV07-01067_FL21_S1_L000_read_4_count_12     19.88%    passed     99.98%
 225  200709_20-07994_HIV07-01067_FL21_S1_L000_read_5_count_9      19.88%    passed     99.40%
 226  200709_20-07994_HIV07-01067_FL21_S1_L000_read_6_count_8      19.88%    passed     99.40%
 227  200709_20-07994_HIV07-01067_FL21_S1_L000_read_7_count_8      19.88%    passed     99.91%
 228  200709_20-07994_HIV07-01067_FL21_S1_L000_read_8_count_6      19.88%    passed     99.43%
 229  200709_20-07994_HIV07-01067_FL21_S1_L000_read_9_count_4      19.88%    passed     99.43%
 230  200709_20-07994_HIV07-01067_FL21_S1_L000_read_10_count_4     19.88%    passed     99.40%
 231  200709_20-07994_HIV07-01067_FL21_S1_L000_read_11_count_3     19.88%    passed     99.18%
 232  200709_20-07994_HIV07-01067_FL21_S1_L000_read_12_count_3     19.88%    passed     98.52%
 233  200709_20-07994_HIV07-01067_FL21_S1_L000_read_13_count_3     19.88%    passed     99.18%
 234  200709_20-07994_HIV07-01067_FL21_S1_L000_read_14_count_3     19.88%    passed     99.06%
 235  200709_20-07994_HIV07-01067_FL21_S1_L000_read_15_count_3     19.88%    passed     99.18%
 236  200709_20-07994_HIV07-01067_FL21_S1_L000_read_16_count_3     19.88%    passed     99.18%
 237  200709_20-07994_HIV07-01067_FL21_S1_L000_read_17_count_3     19.88%    passed     99.40%
 238  200709_20-07994_HIV07-01067_FL21_S1_L000_read_18_count_3     19.88%    passed     97.58%
 239  200709_20-07994_HIV07-01067_FL21_S1_L000_read_19_count_3     19.88%    passed     99.18%
 240  200709_20-07994_HIV07-01067_FL21_S1_L000_read_20_count_3     19.88%    passed     98.93%
 241  200709_20-07994_HIV07-01067_FL21_S1_L000_read_21_count_3     19.88%    passed     99.43%
 242  200709_20-07994_HIV07-01067_FL21_S1_L000_read_22_count_3     19.88%    passed     99.18%
 243  200709_20-07994_HIV07-01067_FL21_S1_L000_read_23_count_2     19.88%    passed     99.40%
 244  200709_20-07994_HIV07-01067_FL21_S1_L000_read_24_count_2     19.88%    passed     99.40%
 245  200709_20-07994_HIV07-01067_FL21_S1_L000_read_25_count_2     19.88%    passed     99.40%
 246  200709_20-07994_HIV07-01067_FL21_S1_L000_read_26_count_2     19.88%    passed     99.18%
 247  200709_20-07994_HIV07-01067_FL21_S1_L000_read_27_count_2     19.88%    passed     99.18%
 248  200709_20-07994_HIV07-01067_FL21_S1_L000_read_28_count_2     19.88%    passed     98.93%
 249  200709_20-07994_HIV07-01067_FL21_S1_L000_read_29_count_2     19.88%    passed     98.68%
 250  200709_20-07994_HIV07-01067_FL21_S1_L000_read_30_count_2     19.88%    passed     99.18%
 251  200709_20-07994_HIV07-01067_FL21_S1_L000_read_31_count_2     19.88%    passed     96.61%
 252  200709_20-07994_HIV07-01067_FL21_S1_L000_read_32_count_2     19.88%    passed     99.18%
 253  200709_20-07994_HIV07-01067_FL21_S1_L000_read_33_count_2     19.88%    passed     98.68%
 254  200709_20-07994_HIV07-01067_FL21_S1_L000_read_34_count_2     19.88%    passed     96.61%
 255  200709_20-07994_HIV07-01067_FL21_S1_L000_read_35_count_2     19.88%    passed     98.52%
 256  200709_20-07994_HIV07-01067_FL21_S1_L000_read_36_count_2     19.88%    passed     99.64%
 257  200709_20-07994_HIV07-01067_FL21_S1_L000_read_37_count_2     19.88%    passed     89.95%
 258  200709_20-07994_HIV07-01067_FL21_S1_L000_read_38_count_2     19.88%    passed     99.98%
 259  200709_20-07994_HIV07-01067_FL21_S1_L000_read_39_count_2     19.88%    passed     97.32%
 260  200709_20-07994_HIV07-01067_FL21_S1_L000_read_40_count_1     19.88%    passed     99.98%
 261  200709_20-07994_HIV07-01067_FL21_S1_L000_read_41_count_1     19.88%    passed     99.98%
 262  200709_20-07994_HIV07-01067_FL21_S1_L000_read_42_count_1     19.88%    passed     99.80%
 263  200709_20-07994_HIV07-01067_FL21_S1_L000_read_43_count_1     19.88%    passed     98.52%
 264  200709_20-07994_HIV07-01067_FL21_S1_L000_read_44_count_1     19.88%    passed     99.50%
 265  200709_20-07994_HIV07-01067_FL21_S1_L000_read_45_count_1     19.88%    passed     99.18%
 266  200709_20-07994_HIV07-01067_FL21_S1_L000_read_46_count_1     19.88%    passed     99.98%
 267  200709_20-07994_HIV07-01067_FL21_S1_L000_read_47_count_1     19.88%    passed     99.91%
 268  200709_20-07994_HIV07-01067_FL21_S1_L000_read_48_count_1     19.88%    passed     99.91%
 269  200709_20-07994_HIV07-01067_FL21_S1_L000_read_49_count_1     20.48%    passed     92.96%
 270  200709_20-07994_HIV07-01067_FL21_S1_L000_read_50_count_1     19.88%    passed     99.43%
 271  200709_20-07994_HIV07-01067_FL21_S1_L000_read_51_count_1     19.88%    passed     98.52%
 272  200709_20-07994_HIV07-01067_FL21_S1_L000_read_52_count_1     19.88%    passed     96.61%
 273  200709_20-07994_HIV07-01067_FL21_S1_L000_read_53_count_1     19.88%    passed     92.42%
 274  200709_20-07994_HIV07-01067_FL21_S1_L000_read_54_count_1     19.88%    passed     99.18%
 275  200709_20-07994_HIV07-01067_FL21_S1_L000_read_55_count_1     19.88%    passed     98.45%
 276  200709_20-07994_HIV07-01067_FL21_S1_L000_read_56_count_1     18.67%    passed     99.74%
 277  200709_20-07994_HIV07-01067_FL21_S1_L000_read_57_count_1     19.88%    passed     99.18%
 278  200709_20-07994_HIV07-01067_FL21_S1_L000_read_58_count_1     19.88%    passed     99.18%
 279  200709_20-07994_HIV07-01067_FL21_S1_L000_read_59_count_1     19.88%    passed     99.91%
 280  200709_20-07994_HIV07-01067_FL21_S1_L000_read_60_count_1     19.88%    passed     98.68%
 281  200709_20-07994_HIV07-01067_FL21_S1_L000_read_61_count_1     19.88%    passed     99.98%
 282  200709_20-07994_HIV07-01067_FL21_S1_L000_read_62_count_1     19.88%    passed     99.40%
 283  200709_20-07994_HIV07-01067_FL21_S1_L000_read_63_count_1     19.88%    passed     99.98%
 284  200709_20-07994_HIV07-01067_FL21_S1_L000_read_64_count_1     19.88%    passed     98.18%
 285  200709_20-07994_HIV07-01067_FL21_S1_L000_read_65_count_1     19.88%    passed     99.40%
 286  200709_20-07994_HIV07-01067_FL21_S1_L000_read_66_count_1     19.88%    passed     99.91%
 287  200709_20-07994_HIV07-01067_FL21_S1_L000_read_67_count_1     19.88%    passed     99.18%
 288  200709_20-07994_HIV07-01067_FL21_S1_L000_read_68_count_1     19.88%    passed     98.18%
 289  200709_20-07994_HIV07-01067_FL21_S1_L000_read_69_count_1     19.88%    passed     92.42%
 290  200709_20-07994_HIV07-01067_FL21_S1_L000_read_70_count_1     19.88%    passed     98.93%
 291  200709_20-07994_HIV07-01067_FL21_S1_L000_read_71_count_1     19.88%    passed     96.69%
 292  200709_20-07994_HIV07-01067_FL21_S1_L000_read_72_count_1     19.88%    passed     99.40%
 293  200709_20-07994_HIV07-01067_FL21_S1_L000_read_73_count_1     19.88%    passed     98.45%
 294  200709_20-07994_HIV07-01067_FL21_S1_L000_read_74_count_1     19.88%    passed     96.61%
 295  200709_20-07994_HIV07-01067_FL21_S1_L000_read_75_count_1     19.88%    passed     99.21%
 296  200709_20-07994_HIV07-01067_FL21_S1_L000_read_76_count_1     19.88%    passed     98.18%
 297  200709_20-07994_HIV07-01067_FL21_S1_L000_read_77_count_1     19.88%    passed     98.45%
 298  200709_20-07994_HIV07-01067_FL21_S1_L000_read_78_count_1     20.48%    passed     99.34%
 299  200709_20-07994_HIV07-01067_FL21_S1_L000_read_79_count_1     19.88%    passed     99.18%
 300  200709_20-07994_HIV07-01067_FL21_S1_L000_read_80_count_1     19.88%    passed     98.68%
 301  200709_20-07994_HIV07-01067_FL21_S1_L000_read_81_count_1     19.88%    passed     99.18%
 302  200709_20-07994_HIV07-01067_FL21_S1_L000_read_82_count_1     19.88%    passed     99.98%
 303  200709_20-07994_HIV07-01067_FL21_S1_L000_read_83_count_1     19.88%    passed     99.91%
 304  200709_20-07994_HIV07-01067_FL21_S1_L000_read_84_count_1     19.88%    passed     98.45%
 305  200709_20-07994_HIV07-01067_FL21_S1_L000_read_85_count_1     19.88%    passed     87.68%
 306  200709_20-07994_HIV07-01067_FL21_S1_L000_read_86_count_1     19.88%    passed     99.18%
 307  200709_20-07994_HIV07-01067_FL21_S1_L000_read_87_count_1     19.88%    passed     98.45%
 308  200709_20-07994_HIV07-01067_FL21_S1_L000_read_88_count_1     19.88%    passed     99.40%
 309  200709_20-07994_HIV07-01067_FL21_S1_L000_read_89_count_1     19.88%    passed     98.93%
 310  200709_20-07994_HIV07-01067_FL21_S1_L000_read_90_count_1     19.88%    passed     98.52%
 311  200709_20-07994_HIV07-01067_FL21_S1_L000_read_91_count_1     19.88%    passed     98.11%
 312  200709_20-07994_HIV07-01067_FL21_S1_L000_read_92_count_1     19.88%    passed     98.52%
 313  200709_20-07994_HIV07-01067_FL21_S1_L000_read_93_count_1     19.88%    passed     99.43%
 314  200709_20-07994_HIV07-01067_FL21_S1_L000_read_94_count_1     19.88%    passed     99.40%
 315  200709_20-07994_HIV07-01067_FL21_S1_L000_read_95_count_1     19.88%    passed     98.11%
 316  200709_20-07994_HIV07-01067_FL21_S1_L000_read_96_count_1     19.88%    passed     96.35%
 317  200709_20-07994_HIV07-01067_FL21_S1_L000_read_97_count_1     19.88%    passed     99.43%
 318  200709_20-07994_HIV07-01067_FL21_S1_L000_read_98_count_1     20.48%    passed     99.69%
 319  200709_20-07994_HIV07-01067_FL21_S1_L000_read_99_count_1     19.88%    passed     96.63%
 320  200709_20-07994_HIV07-01067_FL21_S1_L000_read_100_count_1    19.88%    passed     98.45%
 321  200709_20-07994_HIV07-01067_FL21_S1_L000_read_101_count_1    19.88%    passed     99.40%
 322  200709_20-07994_HIV07-01067_FL21_S1_L000_read_102_count_1    15.66%    passed     99.39%
 323  200709_20-07994_HIV07-01067_FL21_S1_L000_read_103_count_1    19.88%    passed     98.11%
 324  200709_20-07994_HIV07-01067_FL21_S1_L000_read_104_count_1    19.88%    passed     91.94%
 325  200709_20-07994_HIV07-01067_FL21_S1_L000_read_105_count_1    19.88%    passed     99.91%
 326  200709_20-07994_HIV07-01067_FL21_S1_L000_read_106_count_1    19.88%    passed     99.43%
 327  200709_20-07994_HIV07-01067_FL21_S1_L000_read_107_count_1    19.88%    passed     98.68%
 328  200709_20-07994_HIV07-01067_FL21_S1_L000_read_108_count_1    19.88%    passed     98.68%
 329  200709_20-07994_HIV07-01067_FL21_S1_L000_read_109_count_1    19.88%    passed     99.98%
 330  200709_20-07994_HIV07-01067_FL21_S1_L000_read_110_count_1    19.88%    passed     98.93%
 331  200709_20-07994_HIV07-01067_FL21_S1_L000_read_111_count_1    19.88%    passed     99.40%
 332  200709_20-07994_HIV07-01067_FL21_S1_L000_read_112_count_1    19.88%    passed     98.52%
 333  200709_20-07994_HIV07-01067_FL21_S1_L000_read_113_count_1    19.88%    passed     98.45%
 334  200709_20-07994_HIV07-01067_FL21_S1_L000_read_114_count_1    19.88%    passed     99.98%
 335  200709_20-07994_HIV07-01067_FL21_S1_L000_read_115_count_1    19.88%    passed     98.93%
 336  200709_20-07994_HIV07-01067_FL21_S1_L000_read_116_count_1    19.88%    passed     99.40%
 337  200709_20-07994_HIV07-01067_FL21_S1_L000_read_117_count_1    19.88%    passed     96.61%
 338  200709_20-07994_HIV07-01067_FL21_S1_L000_read_118_count_1    19.88%    passed     98.52%
 339  200709_20-07994_HIV07-01067_FL21_S1_L000_read_119_count_1    19.88%    passed     98.11%
 340  200709_20-07994_HIV07-01067_FL21_S1_L000_read_120_count_1    19.88%    passed     96.61%
 341  200709_20-07994_HIV07-01067_FL21_S1_L000_read_121_count_1    19.88%    passed     99.80%
 342  200709_20-07994_HIV07-01067_FL21_S1_L000_read_122_count_1    20.48%    passed     99.39%
 343  200709_20-07994_HIV07-01067_FL21_S1_L000_read_123_count_1    19.88%    passed     96.61%
 344  200709_20-07994_HIV07-01067_FL21_S1_L000_read_124_count_1    19.88%    passed     98.45%
 345  200709_20-07994_HIV07-01067_FL21_S1_L000_read_125_count_1    19.88%    passed     99.40%
 346  200709_20-07994_HIV07-01067_FL21_S1_L000_read_126_count_1    19.88%    passed     98.11%
 347  200709_20-07994_HIV07-01067_FL21_S1_L000_read_127_count_1    19.88%    passed     99.91%
 348  200709_20-07994_HIV07-01067_FL21_S1_L000_read_128_count_1    19.88%    passed     99.64%
 349  200709_20-07994_HIV07-01067_FL21_S1_L000_read_129_count_1    19.88%    passed     95.83%
 350  200709_20-07994_HIV07-01067_FL21_S1_L000_read_130_count_1    19.88%    passed     99.40%
 351  200709_20-07994_HIV07-01067_FL21_S1_L000_read_131_count_1    19.88%    passed     99.80%
 352  200709_20-07994_HIV07-01067_FL21_S1_L000_read_132_count_1    19.88%    passed     98.52%
 353  200709_20-07994_HIV07-01067_FL21_S1_L000_read_133_count_1    19.88%    passed     96.63%
 354  200709_20-07994_HIV07-01067_FL21_S1_L000_read_134_count_1    19.88%    passed     98.68%
 355  200709_20-07994_HIV07-01067_FL21_S1_L000_read_135_count_1    19.88%    passed     99.98%
 356  200709_20-07994_HIV07-01067_FL21_S1_L000_read_136_count_1    19.88%    passed     99.18%
 357  200709_20-07994_HIV07-01067_FL21_S1_L000_read_137_count_1    19.88%    passed     98.93%
 358  200709_20-07994_HIV07-01067_FL21_S1_L000_read_138_count_1    19.88%    passed     92.78%
 359  200709_20-07994_HIV07-01067_FL21_S1_L000_read_139_count_1    19.88%    passed     99.40%
 360  200709_20-07994_HIV07-01067_FL21_S1_L000_read_140_count_1    19.88%    passed     98.11%
 361  200709_20-07994_HIV07-01067_FL21_S1_L000_read_141_count_1    19.88%    passed     96.65%
 362  200709_20-07994_HIV07-01067_FL21_S1_L000_read_142_count_1    19.88%    passed     98.11%
 363  200709_20-07994_HIV07-01067_FL21_S1_L000_read_143_count_1    19.88%    passed     98.11%
 364  200709_20-07994_HIV07-01067_FL21_S1_L000_read_144_count_1    19.88%    passed     99.64%
 365  200703_20-07825_HIV09-00618_FL18_S6_L000_read_1_count_1455   20.48%    passed     99.98%
 366  200703_20-07825_HIV09-00618_FL18_S6_L000_read_2_count_6      20.48%    passed     99.69%
 367  200703_20-07825_HIV09-00618_FL18_S6_L000_read_3_count_5      20.48%    passed     99.04%
 368  200703_20-07825_HIV09-00618_FL18_S6_L000_read_4_count_5      20.48%    passed     99.63%
 369  200703_20-07825_HIV09-00618_FL18_S6_L000_read_5_count_4      20.48%    passed     99.04%
 370  200703_20-07825_HIV09-00618_FL18_S6_L000_read_6_count_4      20.48%    passed     99.04%
 371  200703_20-07825_HIV09-00618_FL18_S6_L000_read_7_count_4      20.48%    passed     99.63%
 372  200703_20-07825_HIV09-00618_FL18_S6_L000_read_8_count_3      20.48%    passed     99.51%
 373  200703_20-07825_HIV09-00618_FL18_S6_L000_read_9_count_3      20.48%    passed     99.69%
 374  200703_20-07825_HIV09-00618_FL18_S6_L000_read_10_count_3     20.48%    passed     99.69%
 375  200703_20-07825_HIV09-00618_FL18_S6_L000_read_11_count_3     20.48%    passed     99.51%
 376  200703_20-07825_HIV09-00618_FL18_S6_L000_read_12_count_3     20.48%    passed     99.51%
 377  200703_20-07825_HIV09-00618_FL18_S6_L000_read_13_count_2     20.48%    passed     99.87%
 378  200703_20-07825_HIV09-00618_FL18_S6_L000_read_14_count_2     20.48%    passed     99.63%
 379  200703_20-07825_HIV09-00618_FL18_S6_L000_read_15_count_2     20.48%    passed     99.34%
 380  200703_20-07825_HIV09-00618_FL18_S6_L000_read_16_count_2     20.48%    passed     99.51%
 381  200703_20-07825_HIV09-00618_FL18_S6_L000_read_17_count_2     20.48%    passed     99.51%
 382  200703_20-07825_HIV09-00618_FL18_S6_L000_read_18_count_2     20.48%    passed     99.51%
 383  200703_20-07825_HIV09-00618_FL18_S6_L000_read_19_count_2     20.48%    passed     99.51%
 384  200703_20-07825_HIV09-00618_FL18_S6_L000_read_20_count_2     20.48%    passed     98.92%
 385  200703_20-07825_HIV09-00618_FL18_S6_L000_read_21_count_2     20.48%    passed     99.04%
 386  200703_20-07825_HIV09-00618_FL18_S6_L000_read_22_count_2     18.67%    passed     99.37%
 387  200703_20-07825_HIV09-00618_FL18_S6_L000_read_23_count_2     20.48%    passed     99.69%
 388  200703_20-07825_HIV09-00618_FL18_S6_L000_read_24_count_2     20.48%    passed     99.51%
 389  200703_20-07825_HIV09-00618_FL18_S6_L000_read_25_count_2     20.48%    passed     99.04%
 390  200703_20-07825_HIV09-00618_FL18_S6_L000_read_26_count_2     20.48%    passed     99.65%
 391  200703_20-07825_HIV09-00618_FL18_S6_L000_read_27_count_2     20.48%    passed     99.04%
 392  200703_20-07825_HIV09-00618_FL18_S6_L000_read_28_count_2     20.48%    passed     99.04%
 393  200703_20-07825_HIV09-00618_FL18_S6_L000_read_29_count_2     20.48%    passed     99.51%
 394  200703_20-07825_HIV09-00618_FL18_S6_L000_read_30_count_2     20.48%    passed     99.65%
 395  200703_20-07825_HIV09-00618_FL18_S6_L000_read_31_count_2     20.48%    passed     99.51%
 396  200703_20-07825_HIV09-00618_FL18_S6_L000_read_32_count_2     20.48%    passed     98.85%
 397  200703_20-07825_HIV09-00618_FL18_S6_L000_read_33_count_1     20.48%    passed     93.25%
 398  200703_20-07825_HIV09-00618_FL18_S6_L000_read_34_count_1     20.48%    passed     99.63%
 399  200703_20-07825_HIV09-00618_FL18_S6_L000_read_35_count_1     20.48%    passed     98.18%
 400  200703_20-07825_HIV09-00618_FL18_S6_L000_read_36_count_1     20.48%    passed     99.51%
 401  200703_20-07825_HIV09-00618_FL18_S6_L000_read_37_count_1     20.48%    passed     97.78%
 402  200703_20-07825_HIV09-00618_FL18_S6_L000_read_38_count_1     20.48%    passed     99.51%
 403  200703_20-07825_HIV09-00618_FL18_S6_L000_read_39_count_1     20.48%    passed     99.69%
 404  200703_20-07825_HIV09-00618_FL18_S6_L000_read_40_count_1     20.48%    passed     99.77%
 405  200703_20-07825_HIV09-00618_FL18_S6_L000_read_41_count_1     19.88%    passed     99.40%
 406  200703_20-07825_HIV09-00618_FL18_S6_L000_read_42_count_1     20.48%    passed     99.77%
 407  200703_20-07825_HIV09-00618_FL18_S6_L000_read_43_count_1     20.48%    passed     99.34%
 408  200703_20-07825_HIV09-00618_FL18_S6_L000_read_44_count_1     21.08%    passed     99.77%
 409  200703_20-07825_HIV09-00618_FL18_S6_L000_read_45_count_1     20.48%    passed     99.51%
 410  200703_20-07825_HIV09-00618_FL18_S6_L000_read_46_count_1     20.48%    passed     99.77%
 411  200703_20-07825_HIV09-00618_FL18_S6_L000_read_47_count_1     20.48%    passed     99.65%
 412  200703_20-07825_HIV09-00618_FL18_S6_L000_read_48_count_1     20.48%    passed     99.63%
 413  200703_20-07825_HIV09-00618_FL18_S6_L000_read_49_count_1     20.48%    passed     99.04%
 414  200703_20-07825_HIV09-00618_FL18_S6_L000_read_50_count_1     20.48%    passed     99.34%
 415  200703_20-07825_HIV09-00618_FL18_S6_L000_read_51_count_1     20.48%    passed     99.87%
 416  200703_20-07825_HIV09-00618_FL18_S6_L000_read_52_count_1     20.48%    passed     99.04%
 417  200703_20-07825_HIV09-00618_FL18_S6_L000_read_53_count_1     20.48%    passed     99.65%
 418  200703_20-07825_HIV09-00618_FL18_S6_L000_read_54_count_1     20.48%    passed     99.69%
 419  200703_20-07825_HIV09-00618_FL18_S6_L000_read_55_count_1     20.48%    passed     99.98%
 420  200703_20-07825_HIV09-00618_FL18_S6_L000_read_56_count_1     20.48%    passed     99.69%
 421  200703_20-07825_HIV09-00618_FL18_S6_L000_read_57_count_1     20.48%    passed     99.04%
 422  200703_20-07825_HIV09-00618_FL18_S6_L000_read_58_count_1     20.48%    passed     98.85%
 423  200703_20-07825_HIV09-00618_FL18_S6_L000_read_59_count_1     20.48%    passed     99.34%
 424  200703_20-07825_HIV09-00618_FL18_S6_L000_read_60_count_1     20.48%    passed     99.51%
 425  200703_20-07825_HIV09-00618_FL18_S6_L000_read_61_count_1     20.48%    passed     99.65%
 426  200703_20-07825_HIV09-00618_FL18_S6_L000_read_62_count_1     20.48%    passed     99.65%
 427  200703_20-07825_HIV09-00618_FL18_S6_L000_read_63_count_1     20.48%    passed     99.34%
 428  200703_20-07825_HIV09-00618_FL18_S6_L000_read_64_count_1     20.48%    passed     99.04%
 429  200703_20-07825_HIV09-00618_FL18_S6_L000_read_65_count_1     20.48%    passed     99.77%
 430  200703_20-07825_HIV09-00618_FL18_S6_L000_read_66_count_1     20.48%    passed     99.69%
 431  200703_20-07825_HIV09-00618_FL18_S6_L000_read_67_count_1     20.48%    passed     99.65%
 432  200703_20-07825_HIV09-00618_FL18_S6_L000_read_68_count_1     19.28%    passed     97.40%
 433  200703_20-07825_HIV09-00618_FL18_S6_L000_read_69_count_1     20.48%    passed     98.85%
 434  200703_20-07825_HIV09-00618_FL18_S6_L000_read_70_count_1     20.48%    passed     99.65%
 435  200703_20-07825_HIV09-00618_FL18_S6_L000_read_71_count_1     20.48%    passed     99.63%
 436  200703_20-07825_HIV09-00618_FL18_S6_L000_read_72_count_1     20.48%    passed     97.78%
 437  200703_20-07825_HIV09-00618_FL18_S6_L000_read_73_count_1     20.48%    passed     99.39%
 438  200703_20-07825_HIV09-00618_FL18_S6_L000_read_74_count_1     20.48%    passed     99.87%
 439  200703_20-07825_HIV09-00618_FL18_S6_L000_read_75_count_1     20.48%    passed     99.87%
 440  200703_20-07825_HIV09-00618_FL18_S6_L000_read_76_count_1     20.48%    passed     99.69%
 441  200703_20-07825_HIV09-00618_FL18_S6_L000_read_77_count_1     20.48%    passed     99.69%
 442  200703_20-07825_HIV09-00618_FL18_S6_L000_read_78_count_1     20.48%    passed     98.92%
 443  200703_20-07825_HIV09-00618_FL18_S6_L000_read_79_count_1     20.48%    passed     98.92%
 444  200703_20-07825_HIV09-00618_FL18_S6_L000_read_80_count_1     20.48%    passed     99.63%
 445  200703_20-07825_HIV09-00618_FL18_S6_L000_read_81_count_1     20.48%    passed     99.69%
 446  200703_20-07825_HIV09-00618_FL18_S6_L000_read_82_count_1     20.48%    passed     99.65%
 447  200703_20-07825_HIV09-00618_FL18_S6_L000_read_83_count_1     20.48%    passed     99.87%
 448  200703_20-07825_HIV09-00618_FL18_S6_L000_read_84_count_1     20.48%    passed     99.63%
 449  200703_20-07825_HIV09-00618_FL18_S6_L000_read_85_count_1     20.48%    passed     99.51%
 450  200703_20-07825_HIV09-00618_FL18_S6_L000_read_86_count_1     20.48%    passed     99.63%
 451  200703_20-07825_HIV09-00618_FL18_S6_L000_read_87_count_1     20.48%    passed     99.51%
 452  200703_20-07825_HIV09-00618_FL18_S6_L000_read_88_count_1     20.48%    passed     99.98%
 453  200703_20-07825_HIV09-00618_FL18_S6_L000_read_89_count_1     19.88%    passed     99.91%
 454  200703_20-07825_HIV09-00618_FL18_S6_L000_read_90_count_1     21.08%    passed     99.88%
 455  200703_20-07825_HIV09-00618_FL18_S6_L000_read_91_count_1     20.48%    passed     99.04%
 456  200703_20-07825_HIV09-00618_FL18_S6_L000_read_92_count_1     20.48%    passed     99.69%
 457  200703_20-07825_HIV09-00618_FL18_S6_L000_read_93_count_1     20.48%    passed     98.18%
 458  200703_20-07825_HIV09-00618_FL18_S6_L000_read_94_count_1     20.48%    passed     99.34%
 459  200703_20-07825_HIV09-00618_FL18_S6_L000_read_95_count_1     20.48%    passed     99.04%
 460  200703_20-07825_HIV09-00618_FL18_S6_L000_read_96_count_1     20.48%    passed     99.65%
 461  200703_20-07825_HIV09-00618_FL18_S6_L000_read_97_count_1     20.48%    passed     98.47%
 462  200703_20-07825_HIV09-00618_FL18_S6_L000_read_98_count_1     20.48%    passed     99.69%
 463  200703_20-07825_HIV09-00618_FL18_S6_L000_read_99_count_1     20.48%    passed     99.04%
 464  200703_20-07825_HIV09-00618_FL18_S6_L000_read_100_count_1    20.48%    passed     99.69%
 465  200703_20-07825_HIV09-00618_FL18_S6_L000_read_101_count_1    20.48%    passed     99.51%
 466  200703_20-07825_HIV09-00618_FL18_S6_L000_read_102_count_1    20.48%    passed     99.17%
 467  200703_20-07825_HIV09-00618_FL18_S6_L000_read_103_count_1    20.48%    passed     99.34%
 468  200703_20-07825_HIV09-00618_FL18_S6_L000_read_104_count_1    20.48%    passed     99.34%
 469  200703_20-07825_HIV09-00618_FL18_S6_L000_read_105_count_1    20.48%    passed     99.63%
 470  200703_20-07825_HIV09-00618_FL18_S6_L000_read_106_count_1    20.48%    passed     99.63%
 471  200703_20-07825_HIV09-00618_FL18_S6_L000_read_107_count_1    20.48%    passed     99.51%
 472  200703_20-07825_HIV09-00618_FL18_S6_L000_read_108_count_1    21.08%    passed     99.77%
 473  200703_20-07825_HIV09-00618_FL18_S6_L000_read_109_count_1    20.48%    passed     99.51%
 474  200703_20-07825_HIV09-00618_FL18_S6_L000_read_110_count_1    20.48%    passed     99.98%
 475  200703_20-07825_HIV09-00618_FL18_S6_L000_read_111_count_1    20.48%    passed     99.65%
 476  200703_20-07825_HIV09-00618_FL18_S6_L000_read_112_count_1    20.48%    passed     99.69%
 477  200703_20-07825_HIV09-00618_FL18_S6_L000_read_113_count_1    20.48%    passed     99.39%
 478  200703_20-07825_HIV09-00618_FL18_S6_L000_read_114_count_1    20.48%    passed     99.63%
 479  200703_20-07825_HIV09-00618_FL18_S6_L000_read_115_count_1    21.08%    passed     99.88%
 480  200703_20-07825_HIV09-00618_FL18_S6_L000_read_116_count_1    20.48%    passed     99.39%
 481  200703_20-07825_HIV09-00618_FL18_S6_L000_read_117_count_1    20.48%    passed     99.87%
 482  200703_20-07825_HIV09-00618_FL18_S6_L000_read_118_count_1    18.67%    passed     99.20%
 483  200814_20-09728_HIV09-02843_FL30_S2_L000_read_1_count_982    20.48%    passed     99.65%
 484  200814_20-09728_HIV09-02843_FL30_S2_L000_read_2_count_225    20.48%    passed     99.77%
 485  200814_20-09728_HIV09-02843_FL30_S2_L000_read_3_count_69     20.48%    passed     98.15%
 486  200814_20-09728_HIV09-02843_FL30_S2_L000_read_4_count_66     20.48%    passed     99.77%
 487  200814_20-09728_HIV09-02843_FL30_S2_L000_read_5_count_45     20.48%    passed     98.15%
 488  200814_20-09728_HIV09-02843_FL30_S2_L000_read_6_count_34     20.48%    passed     98.15%
 489  200814_20-09728_HIV09-02843_FL30_S2_L000_read_7_count_22     20.48%    passed     94.45%
 490  200814_20-09728_HIV09-02843_FL30_S2_L000_read_8_count_22     20.48%    passed     99.77%
 491  200814_20-09728_HIV09-02843_FL30_S2_L000_read_9_count_19     20.48%    passed     97.65%
 492  200814_20-09728_HIV09-02843_FL30_S2_L000_read_10_count_14    20.48%    passed     98.50%
 493  200814_20-09728_HIV09-02843_FL30_S2_L000_read_11_count_13    20.48%    passed     99.65%
 494  200814_20-09728_HIV09-02843_FL30_S2_L000_read_12_count_10    20.48%    passed     97.41%
 495  200814_20-09728_HIV09-02843_FL30_S2_L000_read_13_count_9     20.48%    passed     97.41%
 496  200814_20-09728_HIV09-02843_FL30_S2_L000_read_14_count_8     20.48%    passed     99.98%
 497  200814_20-09728_HIV09-02843_FL30_S2_L000_read_15_count_8     20.48%    passed     99.77%
 498  200814_20-09728_HIV09-02843_FL30_S2_L000_read_16_count_7     20.48%    passed     99.77%
 499  200814_20-09728_HIV09-02843_FL30_S2_L000_read_17_count_5     20.48%    passed     97.41%
 500  200814_20-09728_HIV09-02843_FL30_S2_L000_read_18_count_5     20.48%    passed     99.77%
 501  200814_20-09728_HIV09-02843_FL30_S2_L000_read_19_count_4     20.48%    passed     99.98%
 502  200814_20-09728_HIV09-02843_FL30_S2_L000_read_20_count_4     20.48%    passed     97.41%
 503  200814_20-09728_HIV09-02843_FL30_S2_L000_read_21_count_3     20.48%    passed     97.41%
 504  200814_20-09728_HIV09-02843_FL30_S2_L000_read_22_count_3     20.48%    passed     98.15%
 505  200814_20-09728_HIV09-02843_FL30_S2_L000_read_23_count_3     20.48%    passed     99.51%
 506  200814_20-09728_HIV09-02843_FL30_S2_L000_read_24_count_2     20.48%    passed     98.15%
 507  200814_20-09728_HIV09-02843_FL30_S2_L000_read_25_count_2     20.48%    passed     99.77%
 508  200814_20-09728_HIV09-02843_FL30_S2_L000_read_26_count_2     20.48%    passed     98.15%
 509  200814_20-09728_HIV09-02843_FL30_S2_L000_read_27_count_2     20.48%    passed     98.15%
 510  200814_20-09728_HIV09-02843_FL30_S2_L000_read_28_count_2     21.08%    passed     99.88%
 511  200814_20-09728_HIV09-02843_FL30_S2_L000_read_29_count_2     20.48%    passed     99.77%
 512  200814_20-09728_HIV09-02843_FL30_S2_L000_read_30_count_2     20.48%    passed     97.41%
 513  200814_20-09728_HIV09-02843_FL30_S2_L000_read_31_count_2     20.48%    passed     97.41%
 514  200814_20-09728_HIV09-02843_FL30_S2_L000_read_32_count_2     20.48%    passed     99.77%
 515  200814_20-09728_HIV09-02843_FL30_S2_L000_read_33_count_2     20.48%    passed     99.46%
 516  200814_20-09728_HIV09-02843_FL30_S2_L000_read_34_count_2     20.48%    passed     99.08%
 517  200814_20-09728_HIV09-02843_FL30_S2_L000_read_35_count_2     20.48%    passed     97.41%
 518  200814_20-09728_HIV09-02843_FL30_S2_L000_read_36_count_1     20.48%    passed     94.45%
 519  200814_20-09728_HIV09-02843_FL30_S2_L000_read_37_count_1     20.48%    passed     99.08%
 520  200814_20-09728_HIV09-02843_FL30_S2_L000_read_38_count_1     20.48%    passed     98.18%
 521  200814_20-09728_HIV09-02843_FL30_S2_L000_read_39_count_1     20.48%    passed     97.65%
 522  200814_20-09728_HIV09-02843_FL30_S2_L000_read_40_count_1     20.48%    passed     99.77%
 523  200814_20-09728_HIV09-02843_FL30_S2_L000_read_41_count_1     20.48%    passed     98.15%
 524  200814_20-09728_HIV09-02843_FL30_S2_L000_read_42_count_1     20.48%    passed     99.04%
 525  200814_20-09728_HIV09-02843_FL30_S2_L000_read_43_count_1     20.48%    passed     99.46%
 526  200814_20-09728_HIV09-02843_FL30_S2_L000_read_44_count_1     20.48%    passed     97.41%
 527  200814_20-09728_HIV09-02843_FL30_S2_L000_read_45_count_1     20.48%    passed     97.41%
 528  200814_20-09728_HIV09-02843_FL30_S2_L000_read_46_count_1     21.08%    passed     96.78%
 529  200814_20-09728_HIV09-02843_FL30_S2_L000_read_47_count_1     18.67%    passed     99.72%
 530  200814_20-09728_HIV09-02843_FL30_S2_L000_read_48_count_1     20.48%    passed     98.50%
 531  200814_20-09728_HIV09-02843_FL30_S2_L000_read_49_count_1     20.48%    passed     97.65%
 532  200814_20-09728_HIV09-02843_FL30_S2_L000_read_50_count_1     20.48%    passed     99.98%
 533  200814_20-09728_HIV09-02843_FL30_S2_L000_read_51_count_1     20.48%    passed     99.46%
 534  200814_20-09728_HIV09-02843_FL30_S2_L000_read_52_count_1     20.48%    passed     99.77%
 535  200814_20-09728_HIV09-02843_FL30_S2_L000_read_53_count_1     19.88%    passed     99.32%
 536  200814_20-09728_HIV09-02843_FL30_S2_L000_read_54_count_1     20.48%    passed     99.65%
 537  200814_20-09728_HIV09-02843_FL30_S2_L000_read_55_count_1     20.48%    passed     97.38%
 538  200814_20-09728_HIV09-02843_FL30_S2_L000_read_56_count_1     21.08%    passed     99.31%
 539  200814_20-09728_HIV09-02843_FL30_S2_L000_read_57_count_1     20.48%    passed     99.08%
 540  200814_20-09728_HIV09-02843_FL30_S2_L000_read_58_count_1     20.48%    passed     99.65%
 541  200814_20-09728_HIV09-02843_FL30_S2_L000_read_59_count_1     20.48%    passed     98.50%
 542  200814_20-09728_HIV09-02843_FL30_S2_L000_read_60_count_1     20.48%    passed     99.46%
 543  200814_20-09728_HIV09-02843_FL30_S2_L000_read_61_count_1     20.48%    passed     99.46%
 544  200814_20-09728_HIV09-02843_FL30_S2_L000_read_62_count_1     20.48%    passed     99.98%
 545  200814_20-09728_HIV09-02843_FL30_S2_L000_read_63_count_1     20.48%    passed     99.04%
 546  200814_20-09728_HIV09-02843_FL30_S2_L000_read_64_count_1     20.48%    passed     99.65%
 547  200814_20-09728_HIV09-02843_FL30_S2_L000_read_65_count_1     20.48%    passed     88.56%
 548  200814_20-09728_HIV09-02843_FL30_S2_L000_read_66_count_1     20.48%    passed     99.46%
 549  200814_20-09728_HIV09-02843_FL30_S2_L000_read_67_count_1     20.48%    passed     85.97%
 550  200814_20-09728_HIV09-02843_FL30_S2_L000_read_68_count_1     20.48%    passed     98.78%
 551  200814_20-09728_HIV09-02843_FL30_S2_L000_read_69_count_1     20.48%    passed     99.46%
 552  200814_20-09728_HIV09-02843_FL30_S2_L000_read_70_count_1     20.48%    passed     99.65%
 553  200814_20-09728_HIV09-02843_FL30_S2_L000_read_71_count_1     20.48%    passed     99.77%
 554  200814_20-09728_HIV09-02843_FL30_S2_L000_read_72_count_1     20.48%    passed     99.04%
 555  200814_20-09728_HIV09-02843_FL30_S2_L000_read_73_count_1     20.48%    passed     97.14%
 556  200814_20-09728_HIV09-02843_FL30_S2_L000_read_74_count_1     20.48%    passed     97.41%
 557  200814_20-09728_HIV09-02843_FL30_S2_L000_read_75_count_1     20.48%    passed     99.77%
 558  200814_20-09728_HIV09-02843_FL30_S2_L000_read_76_count_1     20.48%    passed     92.96%
 559  200814_20-09728_HIV09-02843_FL30_S2_L000_read_77_count_1     20.48%    passed     98.50%
 560  200814_20-09728_HIV09-02843_FL30_S2_L000_read_78_count_1     20.48%    passed     98.50%
 561  200814_20-09728_HIV09-02843_FL30_S2_L000_read_79_count_1     20.48%    passed     97.46%
 562  200814_20-09728_HIV09-02843_FL30_S2_L000_read_80_count_1     20.48%    passed     97.38%
 563  200814_20-09728_HIV09-02843_FL30_S2_L000_read_81_count_1     20.48%    passed     99.98%
 564  200814_20-09728_HIV09-02843_FL30_S2_L000_read_82_count_1     20.48%    passed     98.15%
 565  200814_20-09728_HIV09-02843_FL30_S2_L000_read_83_count_1     20.48%    passed     99.51%
 566  200814_20-09728_HIV09-02843_FL30_S2_L000_read_84_count_1     20.48%    passed     97.41%
 567  200814_20-09728_HIV09-02843_FL30_S2_L000_read_85_count_1     20.48%    passed     99.65%
 568  200814_20-09728_HIV09-02843_FL30_S2_L000_read_86_count_1     20.48%    passed     99.51%
 569  200814_20-09728_HIV09-02843_FL30_S2_L000_read_87_count_1     20.48%    passed     99.04%
 570  200814_20-09728_HIV09-02843_FL30_S2_L000_read_88_count_1     20.48%    passed     98.18%
 571  200814_20-09728_HIV09-02843_FL30_S2_L000_read_89_count_1     20.48%    passed     98.18%
 572  200814_20-09728_HIV09-02843_FL30_S2_L000_read_90_count_1     20.48%    passed     99.46%
 573  200814_20-09728_HIV09-02843_FL30_S2_L000_read_91_count_1     20.48%    passed     98.57%
 574  200814_20-09728_HIV09-02843_FL30_S2_L000_read_92_count_1     20.48%    passed     99.51%
 575  200814_20-09728_HIV09-02843_FL30_S2_L000_read_93_count_1     20.48%    passed     99.98%
 576  200814_20-09728_HIV09-02843_FL30_S2_L000_read_94_count_1     20.48%    passed     98.15%
 577  200814_20-09728_HIV09-02843_FL30_S2_L000_read_95_count_1     20.48%    passed     99.77%
 578  200814_20-09728_HIV09-02843_FL30_S2_L000_read_96_count_1     20.48%    passed     98.15%
 579  200814_20-09728_HIV09-02843_FL30_S2_L000_read_97_count_1     20.48%    passed     97.38%
 580  200814_20-09728_HIV09-02843_FL30_S2_L000_read_98_count_1     20.48%    passed     98.57%
 581  200814_20-09728_HIV09-02843_FL30_S2_L000_read_99_count_1     20.48%    passed     98.15%
 582  200814_20-09728_HIV09-02843_FL30_S2_L000_read_100_count_1    20.48%    passed     97.38%
 583  200814_20-09728_HIV09-02843_FL30_S2_L000_read_101_count_1    20.48%    passed     97.65%
 584  200814_20-09728_HIV09-02843_FL30_S2_L000_read_102_count_1    21.08%    passed     99.31%
 585  200814_20-09728_HIV09-02843_FL30_S2_L000_read_103_count_1    20.48%    passed     95.24%
 586  200814_20-09728_HIV09-02843_FL30_S2_L000_read_104_count_1    20.48%    passed     98.15%
 587  200814_20-09728_HIV09-02843_FL30_S2_L000_read_105_count_1    20.48%    passed     94.41%
 588  200814_20-09728_HIV09-02843_FL30_S2_L000_read_106_count_1    21.08%    passed     98.69%
 589  200814_20-09728_HIV09-02843_FL30_S2_L000_read_107_count_1    19.88%    passed     98.85%
 590  200814_20-09728_HIV09-02843_FL30_S2_L000_read_108_count_1    20.48%    passed     94.07%
 591  200814_20-09728_HIV09-02843_FL30_S2_L000_read_109_count_1    15.66%    passed     98.65%
 592  200814_20-09728_HIV09-02843_FL30_S2_L000_read_110_count_1    21.08%    passed     99.52%
 593  200814_20-09728_HIV09-02843_FL30_S2_L000_read_111_count_1    20.48%    passed     98.57%
 594  200814_20-09728_HIV09-02843_FL30_S2_L000_read_112_count_1    20.48%    passed     94.07%
 595  200814_20-09728_HIV09-02843_FL30_S2_L000_read_113_count_1    20.48%    passed     97.14%
 596  200814_20-09728_HIV09-02843_FL30_S2_L000_read_114_count_1    20.48%    passed     98.15%
 597  200814_20-09728_HIV09-02843_FL30_S2_L000_read_115_count_1    20.48%    passed     99.98%
 598  200814_20-09728_HIV09-02843_FL30_S2_L000_read_116_count_1    20.48%    passed     88.56%
 599  200814_20-09728_HIV09-02843_FL30_S2_L000_read_117_count_1    20.48%    passed     94.45%
 600  200814_20-09728_HIV09-02843_FL30_S2_L000_read_118_count_1    20.48%    passed     99.65%
 601  200814_20-09728_HIV09-02843_FL30_S2_L000_read_119_count_1    20.48%    passed     93.48%
 602  200814_20-09728_HIV09-02843_FL30_S2_L000_read_120_count_1    20.48%    passed     94.75%
 603  200814_20-09728_HIV09-02843_FL30_S2_L000_read_121_count_1    20.48%    passed     99.51%
 604  200814_20-09728_HIV09-02843_FL30_S2_L000_read_122_count_1    20.48%    passed     98.15%
 605  200814_20-09728_HIV09-02843_FL30_S2_L000_read_123_count_1    20.48%    passed     98.15%
 606  200814_20-09728_HIV09-02843_FL30_S2_L000_read_124_count_1    20.48%    passed     98.47%
 607  200814_20-09728_HIV09-02843_FL30_S2_L000_read_125_count_1    20.48%    passed     94.05%
 608  200814_20-09728_HIV09-02843_FL30_S2_L000_read_126_count_1    20.48%    passed     98.15%
 609  200814_20-09728_HIV09-02843_FL30_S2_L000_read_127_count_1    20.48%    passed     99.65%
 610  200814_20-09728_HIV09-02843_FL30_S2_L000_read_128_count_1    20.48%    passed     98.50%
 611  200814_20-09728_HIV09-02843_FL30_S2_L000_read_129_count_1    20.48%    passed     98.15%
 612  200814_20-09728_HIV09-02843_FL30_S2_L000_read_130_count_1    20.48%    passed     98.93%
 613  200814_20-09728_HIV09-02843_FL30_S2_L000_read_131_count_1    20.48%    passed     99.77%
 614  200814_20-09728_HIV09-02843_FL30_S2_L000_read_132_count_1    20.48%    passed     99.77%
 615  200814_20-09728_HIV09-02843_FL30_S2_L000_read_133_count_1    20.48%    passed     95.24%
 616  200814_20-09728_HIV09-02843_FL30_S2_L000_read_134_count_1    20.48%    passed     99.46%
 617  200814_20-09728_HIV09-02843_FL30_S2_L000_read_135_count_1    20.48%    passed     95.24%
 618  200814_20-09728_HIV09-02843_FL30_S2_L000_read_136_count_1    20.48%    passed     98.35%
 619  200814_20-09728_HIV09-02843_FL30_S2_L000_read_137_count_1    20.48%    passed     97.38%
 620  200814_20-09728_HIV09-02843_FL30_S2_L000_read_138_count_1    20.48%    passed     98.50%
 621  200814_20-09728_HIV09-02843_FL30_S2_L000_read_139_count_1    21.08%    passed     99.31%
 622  200814_20-09728_HIV09-02843_FL30_S2_L000_read_140_count_1    20.48%    passed     99.77%
 623  200814_20-09728_HIV09-02843_FL30_S2_L000_read_141_count_1    20.48%    passed     99.65%
 624  200814_20-09728_HIV09-02843_FL30_S2_L000_read_142_count_1    20.48%    passed     97.65%
 625  200814_20-09728_HIV09-02843_FL30_S2_L000_read_143_count_1    20.48%    passed     98.18%
 626  200814_20-09728_HIV09-02843_FL30_S2_L000_read_144_count_1    20.48%    passed     99.08%
 627  200814_20-09728_HIV09-02843_FL30_S2_L000_read_145_count_1    20.48%    passed     97.65%
 628  200814_20-09728_HIV09-02843_FL30_S2_L000_read_146_count_1    20.48%    passed     98.18%
 629  200814_20-09728_HIV09-02843_FL30_S2_L000_read_147_count_1    20.48%    passed     97.38%
 630  200814_20-09728_HIV09-02843_FL30_S2_L000_read_148_count_1    20.48%    passed     99.98%
 631  200814_20-09728_HIV09-02843_FL30_S2_L000_read_149_count_1    20.48%    passed     98.50%
 632  200814_20-09728_HIV09-02843_FL30_S2_L000_read_150_count_1    20.48%    passed     98.15%
 633  200814_20-09728_HIV09-02843_FL30_S2_L000_read_151_count_1    20.48%    passed     94.07%
 634  200814_20-09728_HIV09-02843_FL30_S2_L000_read_152_count_1    20.48%    passed     98.15%
 635  200814_20-09728_HIV09-02843_FL30_S2_L000_read_153_count_1    20.48%    passed     98.50%
 636  200814_20-09728_HIV09-02843_FL30_S2_L000_read_154_count_1    20.48%    passed     99.08%
 637  200814_20-09728_HIV09-02843_FL30_S2_L000_read_155_count_1    20.48%    passed     98.18%
 638  200724_20-08518_HIV10-02405_FL24_S14_L000_read_1_count_502   20.48%    passed     99.17%
 639  200724_20-08518_HIV10-02405_FL24_S14_L000_read_2_count_135   20.48%    passed     98.96%
 640  200724_20-08518_HIV10-02405_FL24_S14_L000_read_3_count_41    20.48%    passed     97.86%
 641  200724_20-08518_HIV10-02405_FL24_S14_L000_read_4_count_15    20.48%    passed     96.95%
 642  200724_20-08518_HIV10-02405_FL24_S14_L000_read_5_count_13    20.48%    passed     99.69%
 643  200724_20-08518_HIV10-02405_FL24_S14_L000_read_6_count_13    20.48%    passed     96.95%
 644  200724_20-08518_HIV10-02405_FL24_S14_L000_read_7_count_12    20.48%    passed     99.69%
 645  200724_20-08518_HIV10-02405_FL24_S14_L000_read_8_count_10    20.48%    passed     96.95%
 646  200724_20-08518_HIV10-02405_FL24_S14_L000_read_9_count_7     20.48%    passed     99.69%
 647  200724_20-08518_HIV10-02405_FL24_S14_L000_read_10_count_7    20.48%    passed     99.69%
 648  200724_20-08518_HIV10-02405_FL24_S14_L000_read_11_count_6    20.48%    passed     91.92%
 649  200724_20-08518_HIV10-02405_FL24_S14_L000_read_12_count_5    20.48%    passed     99.69%
 650  200724_20-08518_HIV10-02405_FL24_S14_L000_read_13_count_5    20.48%    passed     99.69%
 651  200724_20-08518_HIV10-02405_FL24_S14_L000_read_14_count_5    20.48%    passed     99.39%
 652  200724_20-08518_HIV10-02405_FL24_S14_L000_read_15_count_4    20.48%    passed     99.63%
 653  200724_20-08518_HIV10-02405_FL24_S14_L000_read_16_count_4    20.48%    passed     96.95%
 654  200724_20-08518_HIV10-02405_FL24_S14_L000_read_17_count_4    20.48%    passed     99.63%
 655  200724_20-08518_HIV10-02405_FL24_S14_L000_read_18_count_4    20.48%    passed     96.95%
 656  200724_20-08518_HIV10-02405_FL24_S14_L000_read_19_count_4    20.48%    passed     95.77%
 657  200724_20-08518_HIV10-02405_FL24_S14_L000_read_20_count_4    20.48%    passed     95.98%
 658  200724_20-08518_HIV10-02405_FL24_S14_L000_read_21_count_4    20.48%    passed     95.77%
 659  200724_20-08518_HIV10-02405_FL24_S14_L000_read_22_count_4    20.48%    passed     95.99%
 660  200724_20-08518_HIV10-02405_FL24_S14_L000_read_23_count_4    20.48%    passed     99.87%
 661  200724_20-08518_HIV10-02405_FL24_S14_L000_read_24_count_3    20.48%    passed     95.77%
 662  200724_20-08518_HIV10-02405_FL24_S14_L000_read_25_count_3    20.48%    passed     99.69%
 663  200724_20-08518_HIV10-02405_FL24_S14_L000_read_26_count_3    20.48%    passed     96.81%
 664  200724_20-08518_HIV10-02405_FL24_S14_L000_read_27_count_3    20.48%    passed     98.96%
 665  200724_20-08518_HIV10-02405_FL24_S14_L000_read_28_count_3    20.48%    passed     96.95%
 666  200724_20-08518_HIV10-02405_FL24_S14_L000_read_29_count_3    20.48%    passed     89.41%
 667  200724_20-08518_HIV10-02405_FL24_S14_L000_read_30_count_3    20.48%    passed     99.63%
 668  200724_20-08518_HIV10-02405_FL24_S14_L000_read_31_count_3    20.48%    passed     99.69%
 669  200724_20-08518_HIV10-02405_FL24_S14_L000_read_32_count_3    20.48%    passed     96.13%
 670  200724_20-08518_HIV10-02405_FL24_S14_L000_read_33_count_3    20.48%    passed     99.63%
 671  200724_20-08518_HIV10-02405_FL24_S14_L000_read_34_count_2    20.48%    passed     99.69%
 672  200724_20-08518_HIV10-02405_FL24_S14_L000_read_35_count_2    20.48%    passed     91.92%
 673  200724_20-08518_HIV10-02405_FL24_S14_L000_read_36_count_2    20.48%    passed     98.47%
 674  200724_20-08518_HIV10-02405_FL24_S14_L000_read_37_count_2    20.48%    passed     99.63%
 675  200724_20-08518_HIV10-02405_FL24_S14_L000_read_38_count_2    20.48%    passed     95.98%
 676  200724_20-08518_HIV10-02405_FL24_S14_L000_read_39_count_2    20.48%    passed     99.63%
 677  200724_20-08518_HIV10-02405_FL24_S14_L000_read_40_count_2    20.48%    passed     99.69%
 678  200724_20-08518_HIV10-02405_FL24_S14_L000_read_41_count_2    20.48%    passed     99.69%
 679  200724_20-08518_HIV10-02405_FL24_S14_L000_read_42_count_2    20.48%    passed     99.87%
 680  200724_20-08518_HIV10-02405_FL24_S14_L000_read_43_count_2    20.48%    passed     96.95%
 681  200724_20-08518_HIV10-02405_FL24_S14_L000_read_44_count_2    20.48%    passed     99.39%
 682  200724_20-08518_HIV10-02405_FL24_S14_L000_read_45_count_2    20.48%    passed     99.63%
 683  200724_20-08518_HIV10-02405_FL24_S14_L000_read_46_count_2    20.48%    passed     91.92%
 684  200724_20-08518_HIV10-02405_FL24_S14_L000_read_47_count_2    20.48%    passed     91.92%
 685  200724_20-08518_HIV10-02405_FL24_S14_L000_read_48_count_2    20.48%    passed     99.69%
 686  200724_20-08518_HIV10-02405_FL24_S14_L000_read_49_count_2    20.48%    passed     99.08%
 687  200724_20-08518_HIV10-02405_FL24_S14_L000_read_50_count_2    20.48%    passed     99.63%
 688  200724_20-08518_HIV10-02405_FL24_S14_L000_read_51_count_1    20.48%    passed     98.78%
 689  200724_20-08518_HIV10-02405_FL24_S14_L000_read_52_count_1    20.48%    passed     99.87%
 690  200724_20-08518_HIV10-02405_FL24_S14_L000_read_53_count_1    20.48%    passed     97.78%
 691  200724_20-08518_HIV10-02405_FL24_S14_L000_read_54_count_1    20.48%    passed     95.77%
 692  200724_20-08518_HIV10-02405_FL24_S14_L000_read_55_count_1    20.48%    passed     98.47%
 693  200724_20-08518_HIV10-02405_FL24_S14_L000_read_56_count_1    20.48%    passed     96.95%
 694  200724_20-08518_HIV10-02405_FL24_S14_L000_read_57_count_1    20.48%    passed     99.69%
 695  200724_20-08518_HIV10-02405_FL24_S14_L000_read_58_count_1    20.48%    passed     95.77%
 696  200724_20-08518_HIV10-02405_FL24_S14_L000_read_59_count_1    20.48%    passed     99.08%
 697  200724_20-08518_HIV10-02405_FL24_S14_L000_read_60_count_1    20.48%    passed     99.63%
 698  200724_20-08518_HIV10-02405_FL24_S14_L000_read_61_count_1    20.48%    passed     99.39%
 699  200724_20-08518_HIV10-02405_FL24_S14_L000_read_62_count_1    20.48%    passed     99.69%
 700  200724_20-08518_HIV10-02405_FL24_S14_L000_read_63_count_1    20.48%    passed     94.10%
 701  200724_20-08518_HIV10-02405_FL24_S14_L000_read_64_count_1    20.48%    passed     98.93%
 702  200724_20-08518_HIV10-02405_FL24_S14_L000_read_65_count_1    20.48%    passed     96.81%
 703  200724_20-08518_HIV10-02405_FL24_S14_L000_read_66_count_1    20.48%    passed     99.39%
 704  200724_20-08518_HIV10-02405_FL24_S14_L000_read_67_count_1    20.48%    passed     98.96%
 705  200724_20-08518_HIV10-02405_FL24_S14_L000_read_68_count_1    20.48%    passed     96.95%
 706  200724_20-08518_HIV10-02405_FL24_S14_L000_read_69_count_1    20.48%    passed     96.81%
 707  200724_20-08518_HIV10-02405_FL24_S14_L000_read_70_count_1    20.48%    passed     91.92%
 708  200724_20-08518_HIV10-02405_FL24_S14_L000_read_71_count_1    20.48%    passed     91.96%
 709  200724_20-08518_HIV10-02405_FL24_S14_L000_read_72_count_1    20.48%    passed     97.86%
 710  200724_20-08518_HIV10-02405_FL24_S14_L000_read_73_count_1    20.48%    passed     99.69%
 711  200724_20-08518_HIV10-02405_FL24_S14_L000_read_74_count_1    20.48%    passed     99.17%
 712  200724_20-08518_HIV10-02405_FL24_S14_L000_read_75_count_1    20.48%    passed     98.47%
 713  200724_20-08518_HIV10-02405_FL24_S14_L000_read_76_count_1    20.48%    passed     96.95%
 714  200724_20-08518_HIV10-02405_FL24_S14_L000_read_77_count_1    20.48%    passed     96.13%
 715  200724_20-08518_HIV10-02405_FL24_S14_L000_read_78_count_1    20.48%    passed     99.87%
 716  200724_20-08518_HIV10-02405_FL24_S14_L000_read_79_count_1    20.48%    passed     71.63%
 717  200724_20-08518_HIV10-02405_FL24_S14_L000_read_80_count_1    20.48%    passed     97.86%
 718  200724_20-08518_HIV10-02405_FL24_S14_L000_read_81_count_1    20.48%    passed     95.51%
 719  200724_20-08518_HIV10-02405_FL24_S14_L000_read_82_count_1    20.48%    passed     99.17%
 720  200724_20-08518_HIV10-02405_FL24_S14_L000_read_83_count_1    20.48%    passed     90.91%
 721  200724_20-08518_HIV10-02405_FL24_S14_L000_read_84_count_1    20.48%    passed     95.98%
 722  200724_20-08518_HIV10-02405_FL24_S14_L000_read_85_count_1    20.48%    passed     99.08%
 723  200724_20-08518_HIV10-02405_FL24_S14_L000_read_86_count_1    20.48%    passed     99.63%
 724  200724_20-08518_HIV10-02405_FL24_S14_L000_read_87_count_1    20.48%    passed     99.69%
 725  200724_20-08518_HIV10-02405_FL24_S14_L000_read_88_count_1    20.48%    passed     99.69%
 726  200724_20-08518_HIV10-02405_FL24_S14_L000_read_89_count_1    20.48%    passed     98.96%
 727  200724_20-08518_HIV10-02405_FL24_S14_L000_read_90_count_1    20.48%    passed     99.46%
 728  200724_20-08518_HIV10-02405_FL24_S14_L000_read_91_count_1    20.48%    passed     97.46%
 729  200724_20-08518_HIV10-02405_FL24_S14_L000_read_92_count_1    20.48%    passed     99.39%
 730  200724_20-08518_HIV10-02405_FL24_S14_L000_read_93_count_1    20.48%    passed     98.47%
 731  200724_20-08518_HIV10-02405_FL24_S14_L000_read_94_count_1    20.48%    passed     99.46%
 732  200724_20-08518_HIV10-02405_FL24_S14_L000_read_95_count_1    20.48%    passed     98.96%
 733  200724_20-08518_HIV10-02405_FL24_S14_L000_read_96_count_1    20.48%    passed     97.42%
 734  200724_20-08518_HIV10-02405_FL24_S14_L000_read_97_count_1    20.48%    passed     99.63%
 735  200724_20-08518_HIV10-02405_FL24_S14_L000_read_98_count_1    20.48%    passed     96.95%
 736  200724_20-08518_HIV10-02405_FL24_S14_L000_read_99_count_1    20.48%    passed     98.00%
 737  200724_20-08518_HIV10-02405_FL24_S14_L000_read_100_count_1   20.48%    passed     91.92%
 738  200724_20-08518_HIV10-02405_FL24_S14_L000_read_101_count_1   20.48%    passed     99.77%
 739  200724_20-08518_HIV10-02405_FL24_S14_L000_read_102_count_1   20.48%    passed     99.87%
 740  200724_20-08518_HIV10-02405_FL24_S14_L000_read_103_count_1   20.48%    passed     95.77%
 741  200724_20-08518_HIV10-02405_FL24_S14_L000_read_104_count_1   20.48%    passed     99.69%
 742  200724_20-08518_HIV10-02405_FL24_S14_L000_read_105_count_1   20.48%    passed     99.39%
 743  200724_20-08518_HIV10-02405_FL24_S14_L000_read_106_count_1   20.48%    passed     98.03%
 744  200724_20-08518_HIV10-02405_FL24_S14_L000_read_107_count_1   20.48%    passed     86.19%
 745  200724_20-08518_HIV10-02405_FL24_S14_L000_read_108_count_1   20.48%    passed     97.00%
 746  200724_20-08518_HIV10-02405_FL24_S14_L000_read_109_count_1   20.48%    passed     96.95%
 747  200724_20-08518_HIV10-02405_FL24_S14_L000_read_110_count_1   20.48%    passed     95.98%
 748  200724_20-08518_HIV10-02405_FL24_S14_L000_read_111_count_1   20.48%    passed     99.87%
 749  200724_20-08518_HIV10-02405_FL24_S14_L000_read_112_count_1   20.48%    passed     99.17%
 750  200724_20-08518_HIV10-02405_FL24_S14_L000_read_113_count_1   20.48%    passed     99.17%
 751  200724_20-08518_HIV10-02405_FL24_S14_L000_read_114_count_1   20.48%    passed     99.87%
 752  200724_20-08518_HIV10-02405_FL24_S14_L000_read_115_count_1   20.48%    passed     92.98%
 753  200724_20-08518_HIV10-02405_FL24_S14_L000_read_116_count_1   20.48%    passed     97.78%
 754  200724_20-08518_HIV10-02405_FL24_S14_L000_read_117_count_1   20.48%    passed     99.63%
 755  200724_20-08518_HIV10-02405_FL24_S14_L000_read_118_count_1   20.48%    passed     99.69%
 756  200724_20-08518_HIV10-02405_FL24_S14_L000_read_119_count_1   20.48%    passed     96.95%
 757  200724_20-08518_HIV10-02405_FL24_S14_L000_read_120_count_1   20.48%    passed     96.13%
 758  200724_20-08518_HIV10-02405_FL24_S14_L000_read_121_count_1   20.48%    passed     99.87%
 759  200724_20-08518_HIV10-02405_FL24_S14_L000_read_122_count_1   20.48%    passed     93.02%
 760  200724_20-08518_HIV10-02405_FL24_S14_L000_read_123_count_1   20.48%    passed     96.95%
 761  200724_20-08518_HIV10-02405_FL24_S14_L000_read_124_count_1   20.48%    passed     99.63%
 762  200724_20-08518_HIV10-02405_FL24_S14_L000_read_125_count_1   20.48%    passed     99.98%
 763  200724_20-08518_HIV10-02405_FL24_S14_L000_read_126_count_1   20.48%    passed     91.92%
 764  200724_20-08518_HIV10-02405_FL24_S14_L000_read_127_count_1   19.88%    passed     97.58%
 765  200724_20-08518_HIV10-02405_FL24_S14_L000_read_128_count_1   20.48%    passed     99.63%
 766  200724_20-08518_HIV10-02405_FL24_S14_L000_read_129_count_1   20.48%    passed     99.63%
 767  200724_20-08518_HIV10-02405_FL24_S14_L000_read_130_count_1   20.48%    passed     98.92%
 768  200724_20-08518_HIV10-02405_FL24_S14_L000_read_131_count_1   20.48%    passed     99.63%
 769  200724_20-08518_HIV10-02405_FL24_S14_L000_read_132_count_1   20.48%    passed     99.39%
 770  200724_20-08518_HIV10-02405_FL24_S14_L000_read_133_count_1   20.48%    passed     97.78%
 771  200724_20-08518_HIV10-02405_FL24_S14_L000_read_134_count_1   20.48%    passed     99.87%
 772  200724_20-08518_HIV10-02405_FL24_S14_L000_read_135_count_1   20.48%    passed     96.95%
 773  200724_20-08518_HIV10-02405_FL24_S14_L000_read_136_count_1   20.48%    passed     99.87%
 774  200724_20-08518_HIV10-02405_FL24_S14_L000_read_137_count_1   20.48%    passed     98.05%
 775  200724_20-08518_HIV10-02405_FL24_S14_L000_read_138_count_1   20.48%    passed     91.92%
 776  200724_20-08518_HIV10-02405_FL24_S14_L000_read_139_count_1   20.48%    passed     96.95%
 777  200724_20-08518_HIV10-02405_FL24_S14_L000_read_140_count_1   20.48%    passed     96.81%
 778  200724_20-08518_HIV10-02405_FL24_S14_L000_read_141_count_1   20.48%    passed     99.87%
 779  200724_20-08518_HIV10-02405_FL24_S14_L000_read_142_count_1   20.48%    passed     99.87%
 780  200724_20-08518_HIV10-02405_FL24_S14_L000_read_143_count_1   20.48%    passed     98.96%
 781  200724_20-08518_HIV10-02405_FL24_S14_L000_read_144_count_1   20.48%    passed     99.08%
 782  200724_20-08518_HIV10-02405_FL24_S14_L000_read_145_count_1   21.08%    passed     99.34%
 783  200724_20-08518_HIV10-02405_FL24_S14_L000_read_146_count_1   20.48%    passed     99.08%
 784  200724_20-08518_HIV10-02405_FL24_S14_L000_read_147_count_1   20.48%    passed     96.81%
 785  200724_20-08518_HIV10-02405_FL24_S14_L000_read_148_count_1   20.48%    passed     99.17%
 786  B.FR.83.HXB2_LAI_IIIB_BRU.K03455                             20.48%    passed     99.98%
 787  C.BW.00.00BW07621.AF443088                                   20.48%    passed     85.36%
****  TOTAL                                                        20.36%  0 sequences failed composition chi2 test (p-value<5%; df=3)
Checking for duplicate sequences: done in 0.0191437 secs using 223.9% CPU

Create initial parsimony tree by phylogenetic likelihood library (PLL)... 0.108 seconds

NOTE: 25 MB RAM (0 GB) is required!
WARNING: Number of threads seems too high for short alignments. Use -T AUTO to determine best number of threads.
Estimate model parameters (epsilon = 0.100)
1. Initial log-likelihood: -5889.980
2. Current log-likelihood: -5701.504
3. Current log-likelihood: -5701.148
Optimal log-likelihood: -5701.096
Rate parameters:  A-C: 1.29255  A-G: 2.29744  A-T: 0.68623  C-G: 0.20195  C-T: 2.61479  G-T: 1.00000
Base frequencies:  A: 0.321  C: 0.171  G: 0.266  T: 0.242
Site proportion and rates:  (0.022,0.298) (0.107,0.614) (0.208,0.660) (0.268,0.729) (0.221,1.044) (0.174,2.089)
Parameters optimization took 3 rounds (3.075 sec)
Wrote distance file to... 
Computing ML distances based on estimated model parameters...
Calculating distance matrix: done in 0.788215 secs using 399.1% CPU
Computing ML distances took 0.789904 sec (of wall-clock time) 3.153644 sec (of CPU time)
Setting up auxiliary I and S matrices: done in 0.00779288 secs using 271.4% CPU
Constructing RapidNJ tree: done in 1.5855 secs using 113.5% CPU
Computing RapidNJ tree took 1.593428 sec (of wall-clock time) 1.821296 sec (of CPU time)
Log-likelihood of RapidNJ tree: -5695.513
--------------------------------------------------------------------
|             INITIALIZING CANDIDATE TREE SET                      |
--------------------------------------------------------------------
Generating 98 parsimony trees... 11.817 second
Computing log-likelihood of 98 initial trees ... 7.529 seconds
Current best score: -5695.513

Do NNI search on 20 best initial trees
Optimizing NNI: done in 0.741442 secs using 394% CPU
Estimate model parameters (epsilon = 0.100)
BETTER TREE FOUND at iteration 1: -5654.449
Optimizing NNI: done in 1.22431 secs using 394% CPU
Optimizing NNI: done in 1.09281 secs using 381.9% CPU
Optimizing NNI: done in 1.48686 secs using 389.6% CPU
Optimizing NNI: done in 1.12694 secs using 393.2% CPU
Optimizing NNI: done in 1.14318 secs using 393.1% CPU
Optimizing NNI: done in 1.08702 secs using 391.1% CPU
Optimizing NNI: done in 0.810272 secs using 372.8% CPU
Optimizing NNI: done in 0.928079 secs using 391.8% CPU
Optimizing NNI: done in 0.665782 secs using 388.4% CPU
Iteration 10 / LogL: -5714.746 / Time: 0h:0m:40s
Optimizing NNI: done in 1.0879 secs using 391.8% CPU
Optimizing NNI: done in 1.16253 secs using 389.4% CPU
Optimizing NNI: done in 1.03917 secs using 392% CPU
Optimizing NNI: done in 1.1262 secs using 380.2% CPU
Optimizing NNI: done in 0.991652 secs using 389.4% CPU
Optimizing NNI: done in 0.820532 secs using 389.2% CPU
Optimizing NNI: done in 1.25565 secs using 392.2% CPU
Optimizing NNI: done in 0.977455 secs using 390.7% CPU
Optimizing NNI: done in 0.994857 secs using 370.9% CPU
Optimizing NNI: done in 1.48209 secs using 391.5% CPU
Iteration 20 / LogL: -5718.948 / Time: 0h:0m:51s
Finish initializing candidate tree set (20)
Current best tree score: -5654.449 / CPU time: 45.170
Number of iterations: 20
--------------------------------------------------------------------
|               OPTIMIZING CANDIDATE TREE SET                      |
--------------------------------------------------------------------
Optimizing NNI: done in 1.41329 secs using 395% CPU
Optimizing NNI: done in 0.976697 secs using 392.6% CPU
Optimizing NNI: done in 1.49144 secs using 381.6% CPU
Optimizing NNI: done in 1.58984 secs using 392.2% CPU
Optimizing NNI: done in 1.50086 secs using 394.2% CPU
Optimizing NNI: done in 1.40961 secs using 385.3% CPU
Estimate model parameters (epsilon = 0.100)
BETTER TREE FOUND at iteration 26: -5653.249
Optimizing NNI: done in 1.32115 secs using 392% CPU
Optimizing NNI: done in 1.72993 secs using 393% CPU
Optimizing NNI: done in 1.07398 secs using 381.1% CPU
Optimizing NNI: done in 1.10598 secs using 392.6% CPU
Iteration 30 / LogL: -5672.463 / Time: 0h:1m:7s (0h:3m:43s left)
Optimizing NNI: done in 1.27486 secs using 393.3% CPU
Optimizing NNI: done in 1.64676 secs using 393.5% CPU
Estimate model parameters (epsilon = 0.100)
BETTER TREE FOUND at iteration 32: -5645.201
Optimizing NNI: done in 1.13354 secs using 392.5% CPU
Optimizing NNI: done in 1.27496 secs using 393.8% CPU
Optimizing NNI: done in 1.33363 secs using 393.1% CPU
Optimizing NNI: done in 1.4092 secs using 380.8% CPU
Optimizing NNI: done in 1.44941 secs using 392% CPU
Optimizing NNI: done in 1.39946 secs using 393% CPU
Optimizing NNI: done in 1.61953 secs using 394.4% CPU
Optimizing NNI: done in 1.20704 secs using 388.9% CPU
Iteration 40 / LogL: -5669.088 / Time: 0h:1m:23s (0h:3m:16s left)
Optimizing NNI: done in 1.35684 secs using 394.6% CPU
Optimizing NNI: done in 1.54874 secs using 396% CPU
Optimizing NNI: done in 1.64072 secs using 381.2% CPU
Optimizing NNI: done in 1.32932 secs using 392.1% CPU
Optimizing NNI: done in 1.64455 secs using 393.4% CPU
Optimizing NNI: done in 1.28961 secs using 393.6% CPU
Optimizing NNI: done in 1.66601 secs using 383.2% CPU
Optimizing NNI: done in 1.63522 secs using 392.1% CPU
Optimizing NNI: done in 1.27391 secs using 390.5% CPU
Optimizing NNI: done in 1.56386 secs using 382.2% CPU
Iteration 50 / LogL: -5659.215 / Time: 0h:1m:39s (0h:2m:46s left)
Optimizing NNI: done in 1.7531 secs using 393.7% CPU
Optimizing NNI: done in 1.49793 secs using 392.6% CPU
Optimizing NNI: done in 1.74955 secs using 383.2% CPU
Optimizing NNI: done in 1.32705 secs using 387.8% CPU
Optimizing NNI: done in 1.10103 secs using 391.9% CPU
Optimizing NNI: done in 1.25393 secs using 390.2% CPU
Optimizing NNI: done in 1.50617 secs using 380.4% CPU
Optimizing NNI: done in 1.83117 secs using 392.6% CPU
Optimizing NNI: done in 1.39356 secs using 390.2% CPU
Optimizing NNI: done in 1.07212 secs using 388.3% CPU
Iteration 60 / LogL: -5651.816 / Time: 0h:1m:54s (0h:2m:19s left)
Optimizing NNI: done in 1.34916 secs using 379.9% CPU
Optimizing NNI: done in 1.55743 secs using 395.5% CPU
Optimizing NNI: done in 1.4254 secs using 392.4% CPU
Optimizing NNI: done in 1.47483 secs using 382.3% CPU
Optimizing NNI: done in 1.12273 secs using 391.2% CPU
Optimizing NNI: done in 1.89325 secs using 391.2% CPU
Optimizing NNI: done in 1.6213 secs using 389.8% CPU
Optimizing NNI: done in 1.43161 secs using 381.3% CPU
Optimizing NNI: done in 1.30636 secs using 390.6% CPU
Optimizing NNI: done in 1.39905 secs using 393.1% CPU
Iteration 70 / LogL: -5656.108 / Time: 0h:2m:10s (0h:1m:57s left)
Optimizing NNI: done in 1.48873 secs using 381.3% CPU
Optimizing NNI: done in 1.37279 secs using 389.9% CPU
Optimizing NNI: done in 1.68809 secs using 392.7% CPU
Optimizing NNI: done in 1.49209 secs using 392% CPU
Optimizing NNI: done in 1.41174 secs using 382.8% CPU
Optimizing NNI: done in 1.6094 secs using 390.4% CPU
Optimizing NNI: done in 1.47114 secs using 392.2% CPU
Optimizing NNI: done in 1.69603 secs using 383.7% CPU
Optimizing NNI: done in 1.31752 secs using 392% CPU
Optimizing NNI: done in 1.45507 secs using 391.3% CPU
Iteration 80 / LogL: -5668.692 / Time: 0h:2m:26s (0h:1m:36s left)
Optimizing NNI: done in 1.31542 secs using 392.5% CPU
Optimizing NNI: done in 1.364 secs using 386.4% CPU
Optimizing NNI: done in 0.923658 secs using 393.1% CPU
Optimizing NNI: done in 1.18213 secs using 390.7% CPU
Optimizing NNI: done in 1.89566 secs using 387.1% CPU
Optimizing NNI: done in 1.16196 secs using 390.8% CPU
Optimizing NNI: done in 1.4693 secs using 392.6% CPU
Optimizing NNI: done in 1.12191 secs using 392.7% CPU
Optimizing NNI: done in 1.55877 secs using 382% CPU
Estimate model parameters (epsilon = 0.100)
BETTER TREE FOUND at iteration 89: -5636.787
Optimizing NNI: done in 1.34814 secs using 392.5% CPU
Iteration 90 / LogL: -5655.681 / Time: 0h:2m:42s (0h:3m:0s left)
Optimizing NNI: done in 1.39323 secs using 391.2% CPU
Optimizing NNI: done in 1.65483 secs using 380.6% CPU
Optimizing NNI: done in 1.13725 secs using 389.3% CPU
Optimizing NNI: done in 1.5439 secs using 394.8% CPU
Optimizing NNI: done in 1.22494 secs using 381.6% CPU
Optimizing NNI: done in 1.46176 secs using 392.2% CPU
Optimizing NNI: done in 1.33504 secs using 393% CPU
Optimizing NNI: done in 1.1305 secs using 388.8% CPU
Optimizing NNI: done in 1.47447 secs using 376.9% CPU
Optimizing NNI: done in 1.35216 secs using 391.9% CPU
Iteration 100 / LogL: -5661.541 / Time: 0h:2m:56s (0h:2m:38s left)
Optimizing NNI: done in 1.21222 secs using 395.5% CPU
Optimizing NNI: done in 1.55893 secs using 394.8% CPU
Optimizing NNI: done in 1.46298 secs using 382.4% CPU
Optimizing NNI: done in 1.29647 secs using 390.3% CPU
Optimizing NNI: done in 1.70898 secs using 391.6% CPU
Optimizing NNI: done in 1.92512 secs using 386.1% CPU
Optimizing NNI: done in 1.27753 secs using 392.7% CPU
Optimizing NNI: done in 1.84272 secs using 390.6% CPU
Optimizing NNI: done in 1.71774 secs using 383.7% CPU
Optimizing NNI: done in 1.61801 secs using 389.6% CPU
Iteration 110 / LogL: -5638.798 / Time: 0h:3m:13s (0h:2m:20s left)
Optimizing NNI: done in 1.62328 secs using 392.1% CPU
Optimizing NNI: done in 1.79381 secs using 384% CPU
Optimizing NNI: done in 1.33396 secs using 391.4% CPU
Optimizing NNI: done in 1.18628 secs using 389.6% CPU
Optimizing NNI: done in 1.72725 secs using 390.2% CPU
Optimizing NNI: done in 1.44865 secs using 379.1% CPU
Optimizing NNI: done in 1.18148 secs using 387.3% CPU
Optimizing NNI: done in 1.2839 secs using 390.5% CPU
Optimizing NNI: done in 1.32611 secs using 391.2% CPU
Optimizing NNI: done in 1.2983 secs using 378.7% CPU
Iteration 120 / LogL: -5668.063 / Time: 0h:3m:28s (0h:2m:0s left)
Optimizing NNI: done in 1.66355 secs using 391.5% CPU
Optimizing NNI: done in 1.56012 secs using 391.5% CPU
Optimizing NNI: done in 1.696 secs using 382.8% CPU
Optimizing NNI: done in 1.22837 secs using 390.7% CPU
Optimizing NNI: done in 1.56428 secs using 392.9% CPU
Optimizing NNI: done in 1.16972 secs using 390.3% CPU
Optimizing NNI: done in 1.58939 secs using 382% CPU
Optimizing NNI: done in 1.21174 secs using 390.2% CPU
Optimizing NNI: done in 1.49841 secs using 390.7% CPU
Optimizing NNI: done in 1.51751 secs using 382.9% CPU
Iteration 130 / LogL: -5659.379 / Time: 0h:3m:44s (0h:1m:42s left)
Optimizing NNI: done in 1.18634 secs using 389.8% CPU
Optimizing NNI: done in 1.27925 secs using 393.4% CPU
Optimizing NNI: done in 1.47289 secs using 391.8% CPU
Optimizing NNI: done in 1.7097 secs using 384.7% CPU
Optimizing NNI: done in 1.14252 secs using 388.7% CPU
Optimizing NNI: done in 1.16881 secs using 388.8% CPU
Optimizing NNI: done in 1.42255 secs using 394% CPU
Optimizing NNI: done in 1.65109 secs using 381% CPU
Optimizing NNI: done in 1.16066 secs using 388.5% CPU
Optimizing NNI: done in 1.3832 secs using 391.5% CPU
Iteration 140 / LogL: -5640.542 / Time: 0h:3m:58s (0h:1m:24s left)
Optimizing NNI: done in 1.9621 secs using 383.3% CPU
Optimizing NNI: done in 1.1471 secs using 389.9% CPU
Optimizing NNI: done in 1.35429 secs using 390.8% CPU
Optimizing NNI: done in 1.78133 secs using 391.5% CPU
Optimizing NNI: done in 1.26379 secs using 392.5% CPU
Optimizing NNI: done in 1.62981 secs using 392.7% CPU
Optimizing NNI: done in 1.56423 secs using 392.4% CPU
Optimizing NNI: done in 1.41693 secs using 384.4% CPU
Optimizing NNI: done in 1.28072 secs using 393.7% CPU
Optimizing NNI: done in 1.31928 secs using 392.2% CPU
Iteration 150 / LogL: -5654.983 / Time: 0h:4m:14s (0h:1m:6s left)
Optimizing NNI: done in 1.74308 secs using 382.2% CPU
Optimizing NNI: done in 1.34151 secs using 390.7% CPU
Optimizing NNI: done in 1.56665 secs using 393.2% CPU
Optimizing NNI: done in 1.42542 secs using 391.1% CPU
Optimizing NNI: done in 1.72111 secs using 386% CPU
Optimizing NNI: done in 1.41965 secs using 391.5% CPU
Optimizing NNI: done in 1.50284 secs using 391.4% CPU
Optimizing NNI: done in 1.70204 secs using 384.8% CPU
Optimizing NNI: done in 1.66681 secs using 393.9% CPU
Estimate model parameters (epsilon = 0.100)
BETTER TREE FOUND at iteration 159: -5636.473
Optimizing NNI: done in 1.22464 secs using 394% CPU
Iteration 160 / LogL: -5651.595 / Time: 0h:4m:31s (0h:2m:49s left)
Optimizing NNI: done in 1.45119 secs using 381.9% CPU
Optimizing NNI: done in 1.20739 secs using 392.7% CPU
Optimizing NNI: done in 1.46299 secs using 390.6% CPU
Optimizing NNI: done in 1.41678 secs using 385.9% CPU
Optimizing NNI: done in 1.58694 secs using 393.3% CPU
Optimizing NNI: done in 1.5326 secs using 393.2% CPU
Optimizing NNI: done in 1.27981 secs using 389% CPU
Optimizing NNI: done in 1.71149 secs using 382.3% CPU
Optimizing NNI: done in 1.26385 secs using 390.1% CPU
Optimizing NNI: done in 1.12154 secs using 391.5% CPU
Iteration 170 / LogL: -5656.293 / Time: 0h:4m:46s (0h:2m:30s left)
Optimizing NNI: done in 1.14519 secs using 388.9% CPU
Optimizing NNI: done in 1.42576 secs using 383.3% CPU
Optimizing NNI: done in 1.29 secs using 391.4% CPU
Optimizing NNI: done in 1.33327 secs using 391.7% CPU
Optimizing NNI: done in 1.17584 secs using 391.9% CPU
Optimizing NNI: done in 1.59419 secs using 391.5% CPU
Optimizing NNI: done in 1.48234 secs using 391.3% CPU
Optimizing NNI: done in 1.40849 secs using 389.7% CPU
Optimizing NNI: done in 1.84344 secs using 384% CPU
Optimizing NNI: done in 1.26196 secs using 390% CPU
Iteration 180 / LogL: -5655.853 / Time: 0h:5m:1s (0h:2m:13s left)
Optimizing NNI: done in 1.41319 secs using 392.6% CPU
Optimizing NNI: done in 1.29258 secs using 380.4% CPU
Optimizing NNI: done in 1.60385 secs using 393% CPU
Optimizing NNI: done in 1.30646 secs using 391.9% CPU
Optimizing NNI: done in 0.959138 secs using 392.2% CPU
Optimizing NNI: done in 1.50896 secs using 382.3% CPU
Estimate model parameters (epsilon = 0.100)
BETTER TREE FOUND at iteration 186: -5636.016
Optimizing NNI: done in 1.56292 secs using 391.9% CPU
Optimizing NNI: done in 1.43799 secs using 391% CPU
Optimizing NNI: done in 1.40002 secs using 379.2% CPU
Optimizing NNI: done in 1.37955 secs using 392.3% CPU
Iteration 190 / LogL: -5666.994 / Time: 0h:5m:17s (0h:2m:40s left)
Optimizing NNI: done in 1.28808 secs using 389.2% CPU
Optimizing NNI: done in 0.964823 secs using 387.2% CPU
Optimizing NNI: done in 1.29398 secs using 379.6% CPU
Optimizing NNI: done in 1.11727 secs using 392.3% CPU
Optimizing NNI: done in 0.995581 secs using 391.1% CPU
Optimizing NNI: done in 1.65053 secs using 392.3% CPU
Optimizing NNI: done in 1.83001 secs using 384.3% CPU
Optimizing NNI: done in 1.42809 secs using 391.3% CPU
Optimizing NNI: done in 1.71278 secs using 394.3% CPU
Optimizing NNI: done in 1.50404 secs using 381.2% CPU
Iteration 200 / LogL: -5645.010 / Time: 0h:5m:31s (0h:2m:23s left)
Optimizing NNI: done in 1.275 secs using 390.2% CPU
Optimizing NNI: done in 1.47277 secs using 392.1% CPU
Optimizing NNI: done in 1.10292 secs using 388.2% CPU
Optimizing NNI: done in 1.72725 secs using 383.9% CPU
Optimizing NNI: done in 1.29362 secs using 392.1% CPU
Optimizing NNI: done in 1.48974 secs using 392.2% CPU
Optimizing NNI: done in 1.15155 secs using 391.6% CPU
Optimizing NNI: done in 1.45555 secs using 380% CPU
Optimizing NNI: done in 1.41378 secs using 391.7% CPU
Optimizing NNI: done in 1.00678 secs using 389.9% CPU
Iteration 210 / LogL: -5647.662 / Time: 0h:5m:46s (0h:2m:5s left)
Optimizing NNI: done in 1.33795 secs using 390.6% CPU
Optimizing NNI: done in 1.11023 secs using 378.5% CPU
Optimizing NNI: done in 1.12327 secs using 391.3% CPU
Optimizing NNI: done in 1.34584 secs using 391.2% CPU
Optimizing NNI: done in 1.36698 secs using 392.4% CPU
Optimizing NNI: done in 1.70815 secs using 389.5% CPU
Optimizing NNI: done in 1.81569 secs using 393.2% CPU
Optimizing NNI: done in 1.93648 secs using 386.8% CPU
Optimizing NNI: done in 1.17951 secs using 389.5% CPU
Optimizing NNI: done in 1.10631 secs using 390.3% CPU
Iteration 220 / LogL: -5655.763 / Time: 0h:6m:1s (0h:1m:48s left)
Optimizing NNI: done in 1.18034 secs using 390.5% CPU
Optimizing NNI: done in 1.48705 secs using 384.3% CPU
Optimizing NNI: done in 1.77108 secs using 392% CPU
Optimizing NNI: done in 1.39327 secs using 393% CPU
Optimizing NNI: done in 1.58315 secs using 390.7% CPU
Optimizing NNI: done in 1.42063 secs using 390.3% CPU
Optimizing NNI: done in 1.15335 secs using 391.4% CPU
Optimizing NNI: done in 1.13336 secs using 389.1% CPU
Optimizing NNI: done in 1.6403 secs using 381.7% CPU
Optimizing NNI: done in 1.83065 secs using 392.5% CPU
Iteration 230 / LogL: -5642.019 / Time: 0h:6m:16s (0h:1m:32s left)
Optimizing NNI: done in 1.50885 secs using 390.9% CPU
Optimizing NNI: done in 1.68857 secs using 385.3% CPU
Optimizing NNI: done in 1.81158 secs using 393.3% CPU
Optimizing NNI: done in 1.53051 secs using 392.1% CPU
Optimizing NNI: done in 1.31773 secs using 388.4% CPU
Optimizing NNI: done in 1.50419 secs using 387.9% CPU
Optimizing NNI: done in 0.982109 secs using 391.7% CPU
Optimizing NNI: done in 1.14783 secs using 390.7% CPU
Optimizing NNI: done in 1.70528 secs using 384% CPU
Optimizing NNI: done in 1.35025 secs using 391.7% CPU
Iteration 240 / LogL: -5664.896 / Time: 0h:6m:32s (0h:1m:15s left)
Optimizing NNI: done in 1.13507 secs using 389.6% CPU
Optimizing NNI: done in 1.54469 secs using 393.1% CPU
Optimizing NNI: done in 1.80152 secs using 382.9% CPU
Optimizing NNI: done in 1.11595 secs using 390.6% CPU
Optimizing NNI: done in 1.2309 secs using 391.6% CPU
Optimizing NNI: done in 1.48369 secs using 390.3% CPU
Optimizing NNI: done in 1.44965 secs using 382.2% CPU
Optimizing NNI: done in 1.62296 secs using 392.8% CPU
Optimizing NNI: done in 1.45977 secs using 393.5% CPU
Optimizing NNI: done in 1.45844 secs using 380.5% CPU
Iteration 250 / LogL: -5673.549 / Time: 0h:6m:47s (0h:0m:58s left)
Optimizing NNI: done in 1.28678 secs using 389.5% CPU
Optimizing NNI: done in 1.79631 secs using 392.9% CPU
Optimizing NNI: done in 1.77032 secs using 383.9% CPU
Optimizing NNI: done in 1.49051 secs using 391.5% CPU
Optimizing NNI: done in 1.25811 secs using 390.4% CPU
Optimizing NNI: done in 1.27605 secs using 389.2% CPU
Optimizing NNI: done in 1.46843 secs using 381.6% CPU
Optimizing NNI: done in 1.31034 secs using 393.5% CPU
Optimizing NNI: done in 1.15624 secs using 390.9% CPU
Optimizing NNI: done in 1.65967 secs using 392.1% CPU
Iteration 260 / LogL: -5646.665 / Time: 0h:7m:2s (0h:0m:42s left)
Optimizing NNI: done in 1.07025 secs using 377.9% CPU
Optimizing NNI: done in 1.21339 secs using 393.2% CPU
Optimizing NNI: done in 1.89099 secs using 393.8% CPU
Optimizing NNI: done in 1.60059 secs using 382.8% CPU
Optimizing NNI: done in 1.1531 secs using 392.4% CPU
Optimizing NNI: done in 1.17519 secs using 389.8% CPU
Optimizing NNI: done in 1.9056 secs using 393.4% CPU
Optimizing NNI: done in 1.44676 secs using 382.4% CPU
Optimizing NNI: done in 1.01385 secs using 390.4% CPU
Optimizing NNI: done in 1.5582 secs using 393.8% CPU
Iteration 270 / LogL: -5645.579 / Time: 0h:7m:17s (0h:0m:26s left)
Optimizing NNI: done in 1.09047 secs using 391% CPU
Optimizing NNI: done in 1.74739 secs using 382.7% CPU
Optimizing NNI: done in 1.81417 secs using 393.5% CPU
Optimizing NNI: done in 1.18369 secs using 389.1% CPU
Optimizing NNI: done in 1.40174 secs using 382.2% CPU
Optimizing NNI: done in 1.1085 secs using 388.6% CPU
Optimizing NNI: done in 1.57454 secs using 391.7% CPU
Optimizing NNI: done in 1.44582 secs using 392.7% CPU
Optimizing NNI: done in 1.24963 secs using 380.7% CPU
Optimizing NNI: done in 1.32298 secs using 391.2% CPU
Iteration 280 / LogL: -5644.837 / Time: 0h:7m:32s (0h:0m:9s left)
Optimizing NNI: done in 1.562 secs using 392.4% CPU
Optimizing NNI: done in 1.89877 secs using 383.7% CPU
Optimizing NNI: done in 1.45204 secs using 392.2% CPU
Optimizing NNI: done in 1.35822 secs using 391% CPU
Optimizing NNI: done in 1.13199 secs using 389.5% CPU
Optimizing NNI: done in 1.92086 secs using 385.8% CPU
Optimizing NNI: done in 1.2878 secs using 393.7% CPU
TREE SEARCH COMPLETED AFTER 287 ITERATIONS / Time: 0h:7m:44s

--------------------------------------------------------------------
|                    FINALIZING TREE SEARCH                        |
--------------------------------------------------------------------
Performs final model parameters optimization
Estimate model parameters (epsilon = 0.010)
1. Initial log-likelihood: -5636.016
Optimal log-likelihood: -5636.015
Rate parameters:  A-C: 1.55319  A-G: 2.49177  A-T: 0.52337  C-G: 0.10622  C-T: 2.60143  G-T: 1.00000
Base frequencies:  A: 0.321  C: 0.171  G: 0.266  T: 0.242
Site proportion and rates:  (0.021,0.563) (0.134,0.642) (0.254,0.648) (0.312,0.669) (0.255,1.646) (0.024,4.549)
Parameters optimization took 1 rounds (0.640 sec)
BEST SCORE FOUND : -5636.015
Total tree length: 6.504

Total number of iterations: 287
CPU time used for tree search: 1682.022 sec (0h:28m:2s)
Wall-clock time used for tree search: 457.692 sec (0h:7m:37s)
Total CPU time used: 1703.890 sec (0h:28m:23s)
Total wall-clock time used: 464.783 sec (0h:7m:44s)

Analysis results written to: 
  IQ-TREE report:                IQTREE_bestTree.InWindow_2320_to_2570.iqtree
  Maximum-likelihood tree:       IQTREE_bestTree.InWindow_2320_to_2570.treefile
  Likelihood distances:          IQTREE_bestTree.InWindow_2320_to_2570.mldist
  Screen log file:               IQTREE_bestTree.InWindow_2320_to_2570.log

Date and Time: Sun Jul 23 01:55:57 2023
