IQ-TREE multicore version 2.2.2.7 COVID-edition for Linux 64-bit built Jun  7 2023
Developed by Bui Quang Minh, James Barbetti, Nguyen Lam Tung,
Olga Chernomor, Heiko Schmidt, Dominik Schrempf, Michael Woodhams, Ly Trong Nhan.

Host:    hpc-node03 (AVX2, FMA3, 1007 GB RAM)
Command: iqtree -s AlignedReadsInWindow_PositionsExcised_4750_to_5000.fasta -pre IQTREE_bestTree.InWindow_4750_to_5000 -m GTR+F+R6 -nt 2
Seed:    288645 (Using SPRNG - Scalable Parallel Random Number Generator)
Time:    Tue Jul 25 12:12:44 2023
Kernel:  AVX+FMA - 2 threads (2 CPU cores detected)

Reading alignment file AlignedReadsInWindow_PositionsExcised_4750_to_5000.fasta ... Fasta format detected
Reading fasta file: done in 0.00230052 secs using 82.37% CPU
Alignment most likely contains DNA/RNA sequences
Constructing alignment: done in 0.00105443 secs using 99.96% CPU
Alignment has 304 sequences with 272 columns, 183 distinct patterns
71 parsimony-informative, 94 singleton sites, 107 constant sites
                                                            Gap/Ambiguity  Composition  p-value
Analyzing sequences: done in 0.000168627 secs using 1312% CPU
   1  200724_20-08518_HIV10-02405_FL24_S14_L000_read_1_count_122    9.93%    passed     98.71%
   2  200724_20-08518_HIV10-02405_FL24_S14_L000_read_2_count_9      9.93%    passed     97.12%
   3  200724_20-08518_HIV10-02405_FL24_S14_L000_read_3_count_6      9.93%    passed     97.77%
   4  200724_20-08518_HIV10-02405_FL24_S14_L000_read_4_count_5      9.93%    passed     97.77%
   5  200724_20-08518_HIV10-02405_FL24_S14_L000_read_5_count_4      9.93%    passed     97.12%
   6  200724_20-08518_HIV10-02405_FL24_S14_L000_read_6_count_3      9.93%    passed     97.77%
   7  200724_20-08518_HIV10-02405_FL24_S14_L000_read_7_count_3      9.93%    passed     99.77%
   8  200724_20-08518_HIV10-02405_FL24_S14_L000_read_8_count_2      9.93%    passed     98.75%
   9  200724_20-08518_HIV10-02405_FL24_S14_L000_read_9_count_2      9.93%    passed     99.35%
  10  200724_20-08518_HIV10-02405_FL24_S14_L000_read_10_count_2     9.93%    passed     98.83%
  11  200724_20-08518_HIV10-02405_FL24_S14_L000_read_11_count_2     9.93%    passed     99.17%
  12  200724_20-08518_HIV10-02405_FL24_S14_L000_read_12_count_1     9.93%    passed     98.83%
  13  200724_20-08518_HIV10-02405_FL24_S14_L000_read_13_count_1     9.93%    passed     99.77%
  14  200724_20-08518_HIV10-02405_FL24_S14_L000_read_14_count_1     9.93%    passed     96.14%
  15  200724_20-08518_HIV10-02405_FL24_S14_L000_read_15_count_1     9.93%    passed     97.77%
  16  200724_20-08518_HIV10-02405_FL24_S14_L000_read_16_count_1     9.93%    passed     91.87%
  17  200724_20-08518_HIV10-02405_FL24_S14_L000_read_17_count_1     9.93%    passed     98.83%
  18  200724_20-08518_HIV10-02405_FL24_S14_L000_read_18_count_1     9.93%    passed     98.83%
  19  200724_20-08518_HIV10-02405_FL24_S14_L000_read_19_count_1     9.93%    passed     98.75%
  20  200724_20-08518_HIV10-02405_FL24_S14_L000_read_20_count_1     9.93%    passed     98.83%
  21  200724_20-08518_HIV10-02405_FL24_S14_L000_read_21_count_1     9.93%    passed     99.68%
  22  200724_20-08518_HIV10-02405_FL24_S14_L000_read_22_count_1     9.93%    passed     98.83%
  23  200724_20-08518_HIV10-02405_FL24_S14_L000_read_23_count_1     9.93%    passed     97.12%
  24  200724_20-08518_HIV10-02405_FL24_S14_L000_read_24_count_1     9.93%    passed     96.65%
  25  200724_20-08518_HIV10-02405_FL24_S14_L000_read_25_count_1     9.93%    passed     97.12%
  26  200724_20-08518_HIV10-02405_FL24_S14_L000_read_26_count_1     9.56%    passed     98.43%
  27  200724_20-08518_HIV10-02405_FL24_S14_L000_read_27_count_1     9.93%    passed     97.77%
  28  200724_20-08518_HIV10-02405_FL24_S14_L000_read_28_count_1     9.93%    passed     98.83%
  29  200724_20-08518_HIV10-02405_FL24_S14_L000_read_29_count_1    10.29%    passed     97.14%
  30  200724_20-08518_HIV10-02405_FL24_S14_L000_read_30_count_1     9.93%    passed     93.84%
  31  200724_20-08518_HIV10-02405_FL24_S14_L000_read_31_count_1     9.93%    passed     96.65%
  32  200724_20-08518_HIV10-02405_FL24_S14_L000_read_32_count_1    10.29%    passed     99.06%
  33  200724_20-08518_HIV10-02405_FL24_S14_L000_read_33_count_1     9.93%    passed     96.76%
  34  200724_20-08518_HIV10-02405_FL24_S14_L000_read_34_count_1     9.93%    passed     99.35%
  35  200724_20-08518_HIV10-02405_FL24_S14_L000_read_35_count_1     9.93%    passed     97.27%
  36  200724_20-08518_HIV10-02405_FL24_S14_L000_read_36_count_1     9.93%    passed     97.77%
  37  200724_20-08518_HIV10-02405_FL24_S14_L000_read_37_count_1     9.93%    passed     96.65%
  38  200724_20-08518_HIV10-02405_FL24_S14_L000_read_38_count_1     9.93%    passed     99.17%
  39  200724_20-08518_HIV10-02405_FL24_S14_L000_read_39_count_1    10.29%    passed     99.19%
  40  200724_20-08518_HIV10-02405_FL24_S14_L000_read_40_count_1     9.93%    passed     99.17%
  41  200724_20-08518_HIV10-02405_FL24_S14_L000_read_41_count_1     9.93%    passed     98.83%
  42  200724_20-08518_HIV10-02405_FL24_S14_L000_read_42_count_1     9.93%    passed     97.77%
  43  200724_20-08518_HIV10-02405_FL24_S14_L000_read_43_count_1    10.29%    passed     99.19%
  44  200724_20-08518_HIV10-02405_FL24_S14_L000_read_44_count_1     9.93%    passed     99.35%
  45  200724_20-08518_HIV10-02405_FL24_S14_L000_read_45_count_1     9.93%    passed     98.60%
  46  200724_20-08518_HIV10-02405_FL24_S14_L000_read_46_count_1     9.93%    passed     96.96%
  47  200724_20-08518_HIV10-02405_FL24_S14_L000_read_47_count_1     9.93%    passed     97.77%
  48  200724_20-08518_HIV10-02405_FL24_S14_L000_read_48_count_1     9.93%    passed     99.35%
  49  200724_20-08518_HIV10-02405_FL24_S14_L000_read_49_count_1     9.93%    passed     96.65%
  50  200724_20-08518_HIV10-02405_FL24_S14_L000_read_50_count_1     9.93%    passed     98.71%
  51  200724_20-08518_HIV10-02405_FL24_S14_L000_read_51_count_1     9.93%    passed     98.83%
  52  200724_20-08518_HIV10-02405_FL24_S14_L000_read_52_count_1     9.93%    passed     98.71%
  53  200709_20-07994_HIV07-01067_FL21_S1_L000_read_1_count_348     9.93%    passed     98.98%
  54  200709_20-07994_HIV07-01067_FL21_S1_L000_read_2_count_62      9.93%    passed     98.24%
  55  200709_20-07994_HIV07-01067_FL21_S1_L000_read_3_count_56      9.93%    passed     99.76%
  56  200709_20-07994_HIV07-01067_FL21_S1_L000_read_4_count_3       9.93%    passed     98.99%
  57  200709_20-07994_HIV07-01067_FL21_S1_L000_read_5_count_2       9.93%    passed     99.27%
  58  200709_20-07994_HIV07-01067_FL21_S1_L000_read_6_count_2       9.93%    passed     99.27%
  59  200709_20-07994_HIV07-01067_FL21_S1_L000_read_7_count_2       9.93%    passed     99.27%
  60  200709_20-07994_HIV07-01067_FL21_S1_L000_read_8_count_2       9.93%    passed     99.33%
  61  200709_20-07994_HIV07-01067_FL21_S1_L000_read_9_count_2       9.93%    passed     97.85%
  62  200709_20-07994_HIV07-01067_FL21_S1_L000_read_10_count_1      9.93%    passed     93.49%
  63  200709_20-07994_HIV07-01067_FL21_S1_L000_read_11_count_1      9.93%    passed     98.86%
  64  200709_20-07994_HIV07-01067_FL21_S1_L000_read_12_count_1      9.93%    passed     98.24%
  65  200709_20-07994_HIV07-01067_FL21_S1_L000_read_13_count_1      9.93%    passed     97.85%
  66  200709_20-07994_HIV07-01067_FL21_S1_L000_read_14_count_1      9.93%    passed     99.27%
  67  200709_20-07994_HIV07-01067_FL21_S1_L000_read_15_count_1      1.47%    passed     93.66%
  68  200709_20-07994_HIV07-01067_FL21_S1_L000_read_16_count_1      9.93%    passed     96.04%
  69  200709_20-07994_HIV07-01067_FL21_S1_L000_read_17_count_1      9.93%    passed     96.04%
  70  200709_20-07994_HIV07-01067_FL21_S1_L000_read_18_count_1      9.93%    passed     99.80%
  71  200709_20-07994_HIV07-01067_FL21_S1_L000_read_19_count_1      9.93%    passed     98.32%
  72  200709_20-07994_HIV07-01067_FL21_S1_L000_read_20_count_1      9.93%    passed     96.49%
  73  200709_20-07994_HIV07-01067_FL21_S1_L000_read_21_count_1      9.93%    passed     99.39%
  74  200709_20-07994_HIV07-01067_FL21_S1_L000_read_22_count_1     10.29%    passed     98.41%
  75  200709_20-07994_HIV07-01067_FL21_S1_L000_read_23_count_1     10.29%    passed     98.72%
  76  200709_20-07994_HIV07-01067_FL21_S1_L000_read_24_count_1      9.93%    passed     98.86%
  77  200709_20-07994_HIV07-01067_FL21_S1_L000_read_25_count_1      9.93%    passed     98.91%
  78  200709_20-07994_HIV07-01067_FL21_S1_L000_read_26_count_1      9.93%    passed     99.27%
  79  200709_20-07994_HIV07-01067_FL21_S1_L000_read_27_count_1      9.93%    passed     98.24%
  80  200709_20-07994_HIV07-01067_FL21_S1_L000_read_28_count_1      9.93%    passed     98.24%
  81  200709_20-07994_HIV07-01067_FL21_S1_L000_read_29_count_1      9.93%    passed     99.15%
  82  200709_20-07994_HIV07-01067_FL21_S1_L000_read_30_count_1      9.93%    passed     96.14%
  83  200709_20-07994_HIV07-01067_FL21_S1_L000_read_31_count_1      9.93%    passed     97.85%
  84  200709_20-07994_HIV07-01067_FL21_S1_L000_read_32_count_1      9.93%    passed     99.84%
  85  200709_20-07994_HIV07-01067_FL21_S1_L000_read_33_count_1      9.93%    passed     99.27%
  86  200709_20-07994_HIV07-01067_FL21_S1_L000_read_34_count_1      9.93%    passed     98.81%
  87  200709_20-07994_HIV07-01067_FL21_S1_L000_read_35_count_1      9.93%    passed     99.27%
  88  200709_20-07994_HIV07-01067_FL21_S1_L000_read_36_count_1      9.93%    passed     99.27%
  89  200709_20-07994_HIV07-01067_FL21_S1_L000_read_37_count_1      9.93%    passed     99.76%
  90  200709_20-07994_HIV07-01067_FL21_S1_L000_read_38_count_1      9.93%    passed     98.24%
  91  200709_20-07994_HIV07-01067_FL21_S1_L000_read_39_count_1      9.93%    passed     98.98%
  92  200709_20-07994_HIV07-01067_FL21_S1_L000_read_40_count_1      9.93%    passed     99.27%
  93  200709_20-07994_HIV07-01067_FL21_S1_L000_read_41_count_1      9.93%    passed     96.65%
  94  200709_20-07994_HIV07-01067_FL21_S1_L000_read_42_count_1      9.56%    passed     98.59%
  95  200709_20-07994_HIV07-01067_FL21_S1_L000_read_43_count_1      9.93%    passed     99.27%
  96  200709_20-07994_HIV07-01067_FL21_S1_L000_read_44_count_1      9.93%    passed     99.76%
  97  200709_20-07994_HIV07-01067_FL21_S1_L000_read_45_count_1      9.93%    passed     99.27%
  98  200709_20-07994_HIV07-01067_FL21_S1_L000_read_46_count_1      9.93%    passed     99.97%
  99  200709_20-07994_HIV07-01067_FL21_S1_L000_read_47_count_1      9.93%    passed     99.97%
 100  200709_20-07994_HIV07-01067_FL21_S1_L000_read_48_count_1      9.93%    passed     97.85%
 101  200709_20-07994_HIV07-01067_FL21_S1_L000_read_49_count_1      9.93%    passed     98.24%
 102  200709_20-07994_HIV07-01067_FL21_S1_L000_read_50_count_1      9.93%    passed     99.15%
 103  200709_20-07994_HIV07-01067_FL21_S1_L000_read_51_count_1      9.93%    passed     99.27%
 104  200709_20-07994_HIV07-01067_FL21_S1_L000_read_52_count_1      9.93%    passed     99.27%
 105  200709_20-07994_HIV07-01067_FL21_S1_L000_read_53_count_1      9.93%    passed     98.91%
 106  200709_20-07994_HIV07-01067_FL21_S1_L000_read_54_count_1      9.93%    passed     99.84%
 107  200709_20-07994_HIV07-01067_FL21_S1_L000_read_55_count_1      9.93%    passed     99.94%
 108  200709_20-07994_HIV07-01067_FL21_S1_L000_read_56_count_1      9.93%    passed     99.84%
 109  200709_20-07994_HIV07-01067_FL21_S1_L000_read_57_count_1     10.29%    passed     98.22%
 110  200709_20-07994_HIV07-01067_FL21_S1_L000_read_58_count_1      9.93%    passed     97.41%
 111  200709_20-07994_HIV07-01067_FL21_S1_L000_read_59_count_1      9.93%    passed     99.15%
 112  200709_20-07994_HIV07-01067_FL21_S1_L000_read_60_count_1      9.93%    passed     98.86%
 113  200709_20-07994_HIV07-01067_FL21_S1_L000_read_61_count_1      9.93%    passed     96.65%
 114  200709_20-07994_HIV07-01067_FL21_S1_L000_read_62_count_1      9.93%    passed     99.39%
 115  200709_20-07994_HIV07-01067_FL21_S1_L000_read_63_count_1      9.93%    passed     99.80%
 116  200709_20-07994_HIV07-01067_FL21_S1_L000_read_64_count_1     10.29%    passed     98.22%
 117  200709_20-07994_HIV07-01067_FL21_S1_L000_read_65_count_1      9.93%    passed     98.98%
 118  200709_20-07994_HIV07-01067_FL21_S1_L000_read_66_count_1      9.93%    passed     98.32%
 119  200709_20-07994_HIV07-01067_FL21_S1_L000_read_67_count_1      9.93%    passed     99.39%
 120  200709_20-07994_HIV07-01067_FL21_S1_L000_read_68_count_1      9.93%    passed     99.84%
 121  200709_20-07994_HIV07-01067_FL21_S1_L000_read_69_count_1      9.93%    passed     99.84%
 122  200709_20-07994_HIV07-01067_FL21_S1_L000_read_70_count_1      9.93%    passed     99.15%
 123  200709_20-07994_HIV07-01067_FL21_S1_L000_read_71_count_1      9.93%    passed     97.85%
 124  200709_20-07994_HIV07-01067_FL21_S1_L000_read_72_count_1      9.93%    passed     99.27%
 125  200709_20-07994_HIV07-01067_FL21_S1_L000_read_73_count_1      9.93%    passed     98.86%
 126  200709_20-07994_HIV07-01067_FL21_S1_L000_read_74_count_1      9.93%    passed     99.84%
 127  200709_20-07994_HIV07-01067_FL21_S1_L000_read_75_count_1      9.93%    passed     99.27%
 128  200709_20-07994_HIV07-01067_FL21_S1_L000_read_76_count_1      9.93%    passed     98.86%
 129  200709_20-07994_HIV07-01067_FL21_S1_L000_read_77_count_1      9.93%    passed     99.97%
 130  200709_20-07994_HIV07-01067_FL21_S1_L000_read_78_count_1     15.44%    passed     87.34%
 131  200709_20-07994_HIV07-01067_FL21_S1_L000_read_79_count_1      9.93%    passed     99.39%
 132  200709_20-07994_HIV07-01067_FL21_S1_L000_read_80_count_1      9.93%    passed     99.27%
 133  200703_20-07825_HIV09-00618_FL18_S6_L000_read_1_count_212     9.93%    passed     99.61%
 134  200703_20-07825_HIV09-00618_FL18_S6_L000_read_2_count_4       9.93%    passed     99.96%
 135  200703_20-07825_HIV09-00618_FL18_S6_L000_read_3_count_1       9.93%    passed     98.33%
 136  200703_20-07825_HIV09-00618_FL18_S6_L000_read_4_count_1       9.93%    passed     98.83%
 137  200703_20-07825_HIV09-00618_FL18_S6_L000_read_5_count_1       9.93%    passed     98.33%
 138  200703_20-07825_HIV09-00618_FL18_S6_L000_read_6_count_1       9.93%    passed     98.41%
 139  200703_20-07825_HIV09-00618_FL18_S6_L000_read_7_count_1       9.93%    passed     98.33%
 140  200703_20-07825_HIV09-00618_FL18_S6_L000_read_8_count_1       9.93%    passed     98.76%
 141  200703_20-07825_HIV09-00618_FL18_S6_L000_read_9_count_1       9.93%    passed     90.14%
 142  200703_20-07825_HIV09-00618_FL18_S6_L000_read_10_count_1     10.29%    passed     99.18%
 143  200703_20-07825_HIV09-00618_FL18_S6_L000_read_11_count_1      9.93%    passed     99.80%
 144  200703_20-07825_HIV09-00618_FL18_S6_L000_read_12_count_1      9.93%    passed     98.33%
 145  200703_20-07825_HIV09-00618_FL18_S6_L000_read_13_count_1      9.93%    passed     99.80%
 146  200703_20-07825_HIV09-00618_FL18_S6_L000_read_14_count_1     10.29%    passed     99.85%
 147  200703_20-07825_HIV09-00618_FL18_S6_L000_read_15_count_1      9.93%    passed     99.66%
 148  200703_20-07825_HIV09-00618_FL18_S6_L000_read_16_count_1      9.93%    passed     99.33%
 149  200703_20-07825_HIV09-00618_FL18_S6_L000_read_17_count_1      9.56%    passed     99.84%
 150  200703_20-07825_HIV09-00618_FL18_S6_L000_read_18_count_1      9.93%    passed     98.76%
 151  200703_20-07825_HIV09-00618_FL18_S6_L000_read_19_count_1      9.93%    passed     98.90%
 152  200703_20-07825_HIV09-00618_FL18_S6_L000_read_20_count_1      9.93%    passed     98.33%
 153  200703_20-07825_HIV09-00618_FL18_S6_L000_read_21_count_1      9.93%    passed     98.83%
 154  200703_20-07825_HIV09-00618_FL18_S6_L000_read_22_count_1      9.93%    passed     96.46%
 155  200703_20-07825_HIV09-00618_FL18_S6_L000_read_23_count_1      9.93%    passed     99.33%
 156  200703_20-07825_HIV09-00618_FL18_S6_L000_read_24_count_1      9.93%    passed     98.76%
 157  200703_20-07825_HIV09-00618_FL18_S6_L000_read_25_count_1      9.93%    passed     99.96%
 158  200703_20-07825_HIV09-00618_FL18_S6_L000_read_26_count_1      9.93%    passed     98.76%
 159  200703_20-07825_HIV09-00618_FL18_S6_L000_read_27_count_1      9.93%    passed     98.69%
 160  200703_20-07825_HIV09-00618_FL18_S6_L000_read_28_count_1      9.93%    passed     98.33%
 161  200703_20-07825_HIV09-00618_FL18_S6_L000_read_29_count_1      9.93%    passed     99.66%
 162  200703_20-07825_HIV09-00618_FL18_S6_L000_read_30_count_1      9.93%    passed     96.85%
 163  200703_20-07825_HIV09-00618_FL18_S6_L000_read_31_count_1      9.93%    passed     98.98%
 164  200703_20-07825_HIV09-00618_FL18_S6_L000_read_32_count_1     13.24%    passed     94.66%
 165  200703_20-07825_HIV09-00618_FL18_S6_L000_read_33_count_1      9.93%    passed     98.33%
 166  200814_20-09728_HIV09-02843_FL30_S2_L000_read_1_count_210     9.93%    passed     90.01%
 167  200814_20-09728_HIV09-02843_FL30_S2_L000_read_2_count_8       9.93%    passed     90.68%
 168  200814_20-09728_HIV09-02843_FL30_S2_L000_read_3_count_7       9.93%    passed     88.10%
 169  200814_20-09728_HIV09-02843_FL30_S2_L000_read_4_count_5       9.93%    passed     96.49%
 170  200814_20-09728_HIV09-02843_FL30_S2_L000_read_5_count_4       9.93%    passed     90.01%
 171  200814_20-09728_HIV09-02843_FL30_S2_L000_read_6_count_4       9.93%    passed     95.94%
 172  200814_20-09728_HIV09-02843_FL30_S2_L000_read_7_count_4       9.93%    passed     93.26%
 173  200814_20-09728_HIV09-02843_FL30_S2_L000_read_8_count_3       9.93%    passed     95.94%
 174  200814_20-09728_HIV09-02843_FL30_S2_L000_read_9_count_1       9.93%    passed     92.55%
 175  200814_20-09728_HIV09-02843_FL30_S2_L000_read_10_count_1      9.93%    passed     91.15%
 176  200814_20-09728_HIV09-02843_FL30_S2_L000_read_11_count_1      9.93%    passed     95.94%
 177  200814_20-09728_HIV09-02843_FL30_S2_L000_read_12_count_1      9.93%    passed     95.94%
 178  200814_20-09728_HIV09-02843_FL30_S2_L000_read_13_count_1      9.93%    passed     94.66%
 179  200814_20-09728_HIV09-02843_FL30_S2_L000_read_14_count_1      9.93%    passed     93.26%
 180  200814_20-09728_HIV09-02843_FL30_S2_L000_read_15_count_1      9.93%    passed     95.94%
 181  200814_20-09728_HIV09-02843_FL30_S2_L000_read_16_count_1      9.93%    passed     87.06%
 182  200814_20-09728_HIV09-02843_FL30_S2_L000_read_17_count_1      9.93%    passed     90.68%
 183  200814_20-09728_HIV09-02843_FL30_S2_L000_read_18_count_1      9.93%    passed     92.55%
 184  200814_20-09728_HIV09-02843_FL30_S2_L000_read_19_count_1      9.93%    passed     95.94%
 185  200814_20-09728_HIV09-02843_FL30_S2_L000_read_20_count_1      9.93%    passed     91.15%
 186  200814_20-09728_HIV09-02843_FL30_S2_L000_read_21_count_1      9.93%    passed     88.10%
 187  200814_20-09728_HIV09-02843_FL30_S2_L000_read_22_count_1      9.93%    passed     81.73%
 188  200814_20-09728_HIV09-02843_FL30_S2_L000_read_23_count_1      9.93%    passed     92.55%
 189  200814_20-09728_HIV09-02843_FL30_S2_L000_read_24_count_1      9.93%    passed     90.68%
 190  200814_20-09728_HIV09-02843_FL30_S2_L000_read_25_count_1      9.93%    passed     81.02%
 191  200814_20-09728_HIV09-02843_FL30_S2_L000_read_26_count_1      9.93%    passed     84.80%
 192  200814_20-09728_HIV09-02843_FL30_S2_L000_read_27_count_1      9.93%    passed     90.68%
 193  200814_20-09728_HIV09-02843_FL30_S2_L000_read_28_count_1      9.93%    passed     90.68%
 194  200814_20-09728_HIV09-02843_FL30_S2_L000_read_29_count_1      9.93%    passed     85.91%
 195  200814_20-09728_HIV09-02843_FL30_S2_L000_read_30_count_1     10.29%    passed     92.50%
 196  200814_20-09728_HIV09-02843_FL30_S2_L000_read_31_count_1      9.93%    passed     95.94%
 197  200814_20-09728_HIV09-02843_FL30_S2_L000_read_32_count_1      9.93%    passed     88.10%
 198  200814_20-09728_HIV09-02843_FL30_S2_L000_read_33_count_1      9.93%    passed     90.68%
 199  200814_20-09728_HIV09-02843_FL30_S2_L000_read_34_count_1      9.93%    passed     91.15%
 200  200814_20-09728_HIV09-02843_FL30_S2_L000_read_35_count_1      9.93%    passed     90.68%
 201  200814_20-09728_HIV09-02843_FL30_S2_L000_read_36_count_1      9.93%    passed     87.06%
 202  200814_20-09728_HIV09-02843_FL30_S2_L000_read_37_count_1      9.93%    passed     88.10%
 203  200814_20-09728_HIV09-02843_FL30_S2_L000_read_38_count_1      9.93%    passed     92.55%
 204  200814_20-09728_HIV09-02843_FL30_S2_L000_read_39_count_1      9.93%    passed     88.10%
 205  200814_20-09728_HIV09-02843_FL30_S2_L000_read_40_count_1      9.93%    passed     90.68%
 206  200814_20-09728_HIV09-02843_FL30_S2_L000_read_41_count_1      9.93%    passed     87.06%
 207  200814_20-09728_HIV09-02843_FL30_S2_L000_read_42_count_1      9.93%    passed     84.80%
 208  200724_20-08522_HIV11-02415_FL24_S18_L000_read_1_count_270    9.93%    passed     97.68%
 209  200724_20-08522_HIV11-02415_FL24_S18_L000_read_2_count_34     9.93%    passed     97.00%
 210  200724_20-08522_HIV11-02415_FL24_S18_L000_read_3_count_9      9.93%    passed     93.34%
 211  200724_20-08522_HIV11-02415_FL24_S18_L000_read_4_count_8      9.93%    passed     99.30%
 212  200724_20-08522_HIV11-02415_FL24_S18_L000_read_5_count_4      9.93%    passed     97.58%
 213  200724_20-08522_HIV11-02415_FL24_S18_L000_read_6_count_4      9.93%    passed     97.58%
 214  200724_20-08522_HIV11-02415_FL24_S18_L000_read_7_count_3      9.93%    passed     97.44%
 215  200724_20-08522_HIV11-02415_FL24_S18_L000_read_8_count_2      9.93%    passed     98.54%
 216  200724_20-08522_HIV11-02415_FL24_S18_L000_read_9_count_2      9.93%    passed     97.00%
 217  200724_20-08522_HIV11-02415_FL24_S18_L000_read_10_count_2     9.93%    passed     97.44%
 218  200724_20-08522_HIV11-02415_FL24_S18_L000_read_11_count_2     9.93%    passed     93.34%
 219  200724_20-08522_HIV11-02415_FL24_S18_L000_read_12_count_2     9.93%    passed     97.58%
 220  200724_20-08522_HIV11-02415_FL24_S18_L000_read_13_count_2     9.93%    passed     94.11%
 221  200724_20-08522_HIV11-02415_FL24_S18_L000_read_14_count_2     9.93%    passed     99.30%
 222  200724_20-08522_HIV11-02415_FL24_S18_L000_read_15_count_2     9.93%    passed     99.45%
 223  200724_20-08522_HIV11-02415_FL24_S18_L000_read_16_count_2     9.93%    passed     97.58%
 224  200724_20-08522_HIV11-02415_FL24_S18_L000_read_17_count_1     9.93%    passed     99.45%
 225  200724_20-08522_HIV11-02415_FL24_S18_L000_read_18_count_1     9.93%    passed     99.45%
 226  200724_20-08522_HIV11-02415_FL24_S18_L000_read_19_count_1     9.93%    passed     97.24%
 227  200724_20-08522_HIV11-02415_FL24_S18_L000_read_20_count_1     9.93%    passed     96.71%
 228  200724_20-08522_HIV11-02415_FL24_S18_L000_read_21_count_1     9.93%    passed     99.45%
 229  200724_20-08522_HIV11-02415_FL24_S18_L000_read_22_count_1    10.29%    passed     96.68%
 230  200724_20-08522_HIV11-02415_FL24_S18_L000_read_23_count_1    10.29%    passed     97.33%
 231  200724_20-08522_HIV11-02415_FL24_S18_L000_read_24_count_1     9.93%    passed     97.44%
 232  200724_20-08522_HIV11-02415_FL24_S18_L000_read_25_count_1     9.93%    passed     94.11%
 233  200724_20-08522_HIV11-02415_FL24_S18_L000_read_26_count_1     9.93%    passed     96.71%
 234  200724_20-08522_HIV11-02415_FL24_S18_L000_read_27_count_1     9.93%    passed     96.80%
 235  200724_20-08522_HIV11-02415_FL24_S18_L000_read_28_count_1     9.93%    passed     93.34%
 236  200724_20-08522_HIV11-02415_FL24_S18_L000_read_29_count_1     9.93%    passed     97.58%
 237  200724_20-08522_HIV11-02415_FL24_S18_L000_read_30_count_1     9.93%    passed     87.31%
 238  200724_20-08522_HIV11-02415_FL24_S18_L000_read_31_count_1     9.93%    passed     97.58%
 239  200724_20-08522_HIV11-02415_FL24_S18_L000_read_32_count_1     9.93%    passed     97.00%
 240  200724_20-08522_HIV11-02415_FL24_S18_L000_read_33_count_1     9.56%    passed     97.83%
 241  200724_20-08522_HIV11-02415_FL24_S18_L000_read_34_count_1     9.93%    passed     93.34%
 242  200724_20-08522_HIV11-02415_FL24_S18_L000_read_35_count_1     9.93%    passed     99.34%
 243  200724_20-08522_HIV11-02415_FL24_S18_L000_read_36_count_1     9.93%    passed     93.34%
 244  200724_20-08522_HIV11-02415_FL24_S18_L000_read_37_count_1     9.93%    passed     97.44%
 245  200724_20-08522_HIV11-02415_FL24_S18_L000_read_38_count_1     9.93%    passed     91.30%
 246  200724_20-08522_HIV11-02415_FL24_S18_L000_read_39_count_1     9.93%    passed     95.91%
 247  200724_20-08522_HIV11-02415_FL24_S18_L000_read_40_count_1     9.93%    passed     97.44%
 248  200724_20-08522_HIV11-02415_FL24_S18_L000_read_41_count_1     9.93%    passed     99.30%
 249  200724_20-08522_HIV11-02415_FL24_S18_L000_read_42_count_1     9.93%    passed     94.11%
 250  200724_20-08522_HIV11-02415_FL24_S18_L000_read_43_count_1     9.93%    passed     93.34%
 251  200724_20-08522_HIV11-02415_FL24_S18_L000_read_44_count_1     9.93%    passed     85.91%
 252  200724_20-08522_HIV11-02415_FL24_S18_L000_read_45_count_1     9.93%    passed     99.45%
 253  200724_20-08522_HIV11-02415_FL24_S18_L000_read_46_count_1     9.93%    passed     97.00%
 254  200724_20-08522_HIV11-02415_FL24_S18_L000_read_47_count_1     9.93%    passed     95.27%
 255  200724_20-08522_HIV11-02415_FL24_S18_L000_read_48_count_1     9.56%    passed     97.91%
 256  200724_20-08522_HIV11-02415_FL24_S18_L000_read_49_count_1     9.93%    passed     98.65%
 257  200724_20-08522_HIV11-02415_FL24_S18_L000_read_50_count_1     9.93%    passed     93.42%
 258  200724_20-08522_HIV11-02415_FL24_S18_L000_read_51_count_1     9.93%    passed     97.58%
 259  200724_20-08522_HIV11-02415_FL24_S18_L000_read_52_count_1     9.93%    passed     97.44%
 260  200724_20-08522_HIV11-02415_FL24_S18_L000_read_53_count_1     9.93%    passed     97.00%
 261  200724_20-08522_HIV11-02415_FL24_S18_L000_read_54_count_1     9.93%    passed     97.68%
 262  200724_20-08522_HIV11-02415_FL24_S18_L000_read_55_count_1     9.93%    passed     98.98%
 263  200724_20-08522_HIV11-02415_FL24_S18_L000_read_56_count_1     9.93%    passed     97.44%
 264  200724_20-08522_HIV11-02415_FL24_S18_L000_read_57_count_1     9.93%    passed     97.24%
 265  200724_20-08522_HIV11-02415_FL24_S18_L000_read_58_count_1     9.93%    passed     99.45%
 266  200724_20-08522_HIV11-02415_FL24_S18_L000_read_59_count_1     9.93%    passed     95.91%
 267  200724_20-08522_HIV11-02415_FL24_S18_L000_read_60_count_1     9.93%    passed     94.11%
 268  200724_20-08522_HIV11-02415_FL24_S18_L000_read_61_count_1     9.93%    passed     97.44%
 269  200724_20-08522_HIV11-02415_FL24_S18_L000_read_62_count_1     9.93%    passed     97.00%
 270  200724_20-08522_HIV11-02415_FL24_S18_L000_read_63_count_1     9.93%    passed     99.45%
 271  200724_20-08522_HIV11-02415_FL24_S18_L000_read_64_count_1     9.93%    passed     97.24%
 272  200724_20-08522_HIV11-02415_FL24_S18_L000_read_65_count_1     9.93%    passed     95.27%
 273  200724_20-08522_HIV11-02415_FL24_S18_L000_read_66_count_1    17.65%    passed     90.23%
 274  200724_20-08522_HIV11-02415_FL24_S18_L000_read_67_count_1     9.93%    passed     97.68%
 275  200724_20-08522_HIV11-02415_FL24_S18_L000_read_68_count_1     9.93%    passed     96.71%
 276  200724_20-08522_HIV11-02415_FL24_S18_L000_read_69_count_1     9.93%    passed     96.80%
 277  200724_20-08522_HIV11-02415_FL24_S18_L000_read_70_count_1     9.93%    passed     97.00%
 278  200724_20-08522_HIV11-02415_FL24_S18_L000_read_71_count_1     9.93%    passed     93.04%
 279  200724_20-08522_HIV11-02415_FL24_S18_L000_read_72_count_1     9.93%    passed     92.49%
 280  200724_20-08522_HIV11-02415_FL24_S18_L000_read_73_count_1     9.93%    passed     97.44%
 281  200724_20-08522_HIV11-02415_FL24_S18_L000_read_74_count_1     9.93%    passed     97.44%
 282  200724_20-08522_HIV11-02415_FL24_S18_L000_read_75_count_1     9.93%    passed     93.34%
 283  200724_20-08522_HIV11-02415_FL24_S18_L000_read_76_count_1     9.93%    passed     93.04%
 284  200724_20-08522_HIV11-02415_FL24_S18_L000_read_77_count_1     9.93%    passed     94.11%
 285  200724_20-08522_HIV11-02415_FL24_S18_L000_read_78_count_1     9.93%    passed     98.98%
 286  200724_20-08522_HIV11-02415_FL24_S18_L000_read_79_count_1     9.93%    passed     95.27%
 287  200724_20-08522_HIV11-02415_FL24_S18_L000_read_80_count_1     9.93%    passed     93.57%
 288  200724_20-08522_HIV11-02415_FL24_S18_L000_read_81_count_1     9.93%    passed     96.71%
 289  200724_20-08522_HIV11-02415_FL24_S18_L000_read_82_count_1     9.93%    passed     93.34%
 290  200724_20-08522_HIV11-02415_FL24_S18_L000_read_83_count_1     9.93%    passed     98.98%
 291  200724_20-08522_HIV11-02415_FL24_S18_L000_read_84_count_1     9.93%    passed     93.34%
 292  200724_20-08522_HIV11-02415_FL24_S18_L000_read_85_count_1     9.93%    passed     99.45%
 293  200724_20-08522_HIV11-02415_FL24_S18_L000_read_86_count_1     9.93%    passed     97.44%
 294  200724_20-08522_HIV11-02415_FL24_S18_L000_read_87_count_1     9.93%    passed     99.45%
 295  200724_20-08522_HIV11-02415_FL24_S18_L000_read_88_count_1     9.93%    passed     93.34%
 296  200724_20-08522_HIV11-02415_FL24_S18_L000_read_89_count_1     9.93%    passed     92.09%
 297  200724_20-08522_HIV11-02415_FL24_S18_L000_read_90_count_1     9.93%    passed     96.71%
 298  200724_20-08522_HIV11-02415_FL24_S18_L000_read_91_count_1     9.93%    passed     93.42%
 299  200724_20-08522_HIV11-02415_FL24_S18_L000_read_92_count_1     9.93%    passed     96.71%
 300  200724_20-08522_HIV11-02415_FL24_S18_L000_read_93_count_1     9.93%    passed     99.30%
 301  200724_20-08522_HIV11-02415_FL24_S18_L000_read_94_count_1     9.56%    passed     97.91%
 302  200724_20-08522_HIV11-02415_FL24_S18_L000_read_95_count_1     9.93%    passed     96.80%
 303  B.FR.83.HXB2_LAI_IIIB_BRU.K03455                              9.93%    passed     99.30%
 304  C.BW.00.00BW07621.AF443088                                    9.93%    passed     98.83%
****  TOTAL                                                         9.96%  0 sequences failed composition chi2 test (p-value<5%; df=3)
Checking for duplicate sequences: done in 0.000548572 secs using 53.96% CPU

Create initial parsimony tree by phylogenetic likelihood library (PLL)... 0.016 seconds

NOTE: 11 MB RAM (0 GB) is required!
WARNING: Number of threads seems too high for short alignments. Use -T AUTO to determine best number of threads.
Estimate model parameters (epsilon = 0.100)
1. Initial log-likelihood: -2863.450
2. Current log-likelihood: -2806.253
3. Current log-likelihood: -2805.888
4. Current log-likelihood: -2805.678
5. Current log-likelihood: -2805.433
6. Current log-likelihood: -2805.124
7. Current log-likelihood: -2804.718
8. Current log-likelihood: -2804.188
9. Current log-likelihood: -2803.654
10. Current log-likelihood: -2803.438
Optimal log-likelihood: -2803.403
Rate parameters:  A-C: 0.75645  A-G: 1.11217  A-T: 0.42408  C-G: 0.27506  C-T: 2.21996  G-T: 1.00000
Base frequencies:  A: 0.428  C: 0.145  G: 0.236  T: 0.192
Site proportion and rates:  (0.153,0.196) (0.167,0.384) (0.191,1.013) (0.232,1.303) (0.242,1.365) (0.014,5.484)
Parameters optimization took 10 rounds (3.365 sec)
Wrote distance file to... 
Computing ML distances based on estimated model parameters...
Calculating distance matrix: done in 0.402956 secs using 200% CPU
Computing ML distances took 0.403451 sec (of wall-clock time) 0.806238 sec (of CPU time)
Setting up auxiliary I and S matrices: done in 0.00153941 secs using 192.8% CPU
Constructing RapidNJ tree: done in 0.0865389 secs using 122.2% CPU
Computing RapidNJ tree took 0.088199 sec (of wall-clock time) 0.108789 sec (of CPU time)
Log-likelihood of RapidNJ tree: -2797.331
--------------------------------------------------------------------
|             INITIALIZING CANDIDATE TREE SET                      |
--------------------------------------------------------------------
Generating 98 parsimony trees... 1.996 second
Computing log-likelihood of 98 initial trees ... 2.052 seconds
Current best score: -2794.653

Do NNI search on 20 best initial trees
Optimizing NNI: done in 0.403254 secs using 195.2% CPU
Estimate model parameters (epsilon = 0.100)
BETTER TREE FOUND at iteration 1: -2792.437
Optimizing NNI: done in 0.254085 secs using 196% CPU
Optimizing NNI: done in 0.346142 secs using 199.3% CPU
Optimizing NNI: done in 0.200537 secs using 199.7% CPU
Optimizing NNI: done in 0.339641 secs using 196.6% CPU
Optimizing NNI: done in 0.19763 secs using 197.2% CPU
Estimate model parameters (epsilon = 0.100)
BETTER TREE FOUND at iteration 6: -2789.156
Optimizing NNI: done in 0.330893 secs using 200.3% CPU
Optimizing NNI: done in 0.267524 secs using 198.7% CPU
Optimizing NNI: done in 0.317528 secs using 197% CPU
Optimizing NNI: done in 0.21253 secs using 197.9% CPU
Iteration 10 / LogL: -2797.886 / Time: 0h:0m:12s
Optimizing NNI: done in 0.216051 secs using 194.4% CPU
Optimizing NNI: done in 0.395866 secs using 199% CPU
Optimizing NNI: done in 0.338299 secs using 196.9% CPU
Optimizing NNI: done in 0.421327 secs using 195.9% CPU
Optimizing NNI: done in 0.21664 secs using 197.8% CPU
Optimizing NNI: done in 0.267383 secs using 197.2% CPU
Optimizing NNI: done in 0.28677 secs using 197.6% CPU
Optimizing NNI: done in 0.2172 secs using 197.6% CPU
Optimizing NNI: done in 0.183566 secs using 198% CPU
Optimizing NNI: done in 0.28285 secs using 194.8% CPU
Iteration 20 / LogL: -2801.256 / Time: 0h:0m:15s
Finish initializing candidate tree set (20)
Current best tree score: -2789.156 / CPU time: 11.360
Number of iterations: 20
--------------------------------------------------------------------
|               OPTIMIZING CANDIDATE TREE SET                      |
--------------------------------------------------------------------
Optimizing NNI: done in 0.346352 secs using 199.1% CPU
Optimizing NNI: done in 0.528471 secs using 196.9% CPU
Optimizing NNI: done in 0.473572 secs using 198.8% CPU
Optimizing NNI: done in 0.351582 secs using 196.7% CPU
Optimizing NNI: done in 0.622259 secs using 197.1% CPU
Estimate model parameters (epsilon = 0.100)
BETTER TREE FOUND at iteration 25: -2787.376
Optimizing NNI: done in 0.299758 secs using 199.9% CPU
Optimizing NNI: done in 0.550859 secs using 195.1% CPU
Optimizing NNI: done in 0.586894 secs using 197.5% CPU
Optimizing NNI: done in 0.493512 secs using 199.5% CPU
Estimate model parameters (epsilon = 0.100)
BETTER TREE FOUND at iteration 29: -2785.829
Optimizing NNI: done in 0.456404 secs using 194.6% CPU
Iteration 30 / LogL: -2795.350 / Time: 0h:0m:21s (0h:1m:12s left)
Optimizing NNI: done in 0.546 secs using 196% CPU
Optimizing NNI: done in 0.478325 secs using 197% CPU
Optimizing NNI: done in 0.195657 secs using 198.1% CPU
Optimizing NNI: done in 0.556818 secs using 198.3% CPU
Optimizing NNI: done in 0.267226 secs using 197.2% CPU
Optimizing NNI: done in 0.622814 secs using 198.9% CPU
Optimizing NNI: done in 0.422142 secs using 195.7% CPU
Optimizing NNI: done in 0.578812 secs using 198.1% CPU
Optimizing NNI: done in 0.369825 secs using 195.2% CPU
Optimizing NNI: done in 0.40657 secs using 197.4% CPU
Iteration 40 / LogL: -2788.076 / Time: 0h:0m:25s (0h:0m:59s left)
Optimizing NNI: done in 0.382445 secs using 197.3% CPU
Optimizing NNI: done in 0.438214 secs using 194.9% CPU
Optimizing NNI: done in 0.428331 secs using 196.2% CPU
Optimizing NNI: done in 0.423579 secs using 198.2% CPU
Optimizing NNI: done in 0.572575 secs using 196.2% CPU
Optimizing NNI: done in 0.280208 secs using 195.6% CPU
Optimizing NNI: done in 0.40976 secs using 195.7% CPU
Optimizing NNI: done in 0.364246 secs using 197.7% CPU
Optimizing NNI: done in 0.36381 secs using 195.5% CPU
Estimate model parameters (epsilon = 0.100)
BETTER TREE FOUND at iteration 49: -2785.443
Optimizing NNI: done in 0.357637 secs using 196.2% CPU
Iteration 50 / LogL: -2797.484 / Time: 0h:0m:30s (0h:1m:2s left)
Optimizing NNI: done in 0.438019 secs using 195.8% CPU
Optimizing NNI: done in 0.28347 secs using 192.7% CPU
Optimizing NNI: done in 0.345774 secs using 197% CPU
Optimizing NNI: done in 0.400337 secs using 194.9% CPU
Optimizing NNI: done in 0.356508 secs using 199.8% CPU
Optimizing NNI: done in 0.361005 secs using 196.4% CPU
Optimizing NNI: done in 0.371749 secs using 198.9% CPU
Optimizing NNI: done in 0.420174 secs using 198.1% CPU
Optimizing NNI: done in 0.403109 secs using 199.2% CPU
Optimizing NNI: done in 0.526157 secs using 197.3% CPU
Iteration 60 / LogL: -2786.450 / Time: 0h:0m:34s (0h:0m:52s left)
Optimizing NNI: done in 0.688981 secs using 196.2% CPU
Optimizing NNI: done in 0.406197 secs using 196.5% CPU
Optimizing NNI: done in 0.485374 secs using 198.1% CPU
Optimizing NNI: done in 0.412562 secs using 195% CPU
Optimizing NNI: done in 0.393604 secs using 198.6% CPU
Optimizing NNI: done in 0.373826 secs using 196.2% CPU
Optimizing NNI: done in 0.427223 secs using 196.4% CPU
Optimizing NNI: done in 0.425496 secs using 195% CPU
Optimizing NNI: done in 0.363682 secs using 195.7% CPU
Optimizing NNI: done in 0.259549 secs using 198.6% CPU
Iteration 70 / LogL: -2792.440 / Time: 0h:0m:39s (0h:0m:44s left)
Optimizing NNI: done in 0.576136 secs using 194.4% CPU
Estimate model parameters (epsilon = 0.100)
BETTER TREE FOUND at iteration 71: -2784.851
Optimizing NNI: done in 0.504982 secs using 195.8% CPU
Optimizing NNI: done in 0.362247 secs using 198.2% CPU
Optimizing NNI: done in 0.363758 secs using 197.6% CPU
Optimizing NNI: done in 0.369214 secs using 198.5% CPU
Optimizing NNI: done in 0.465656 secs using 197.1% CPU
Optimizing NNI: done in 0.433035 secs using 197.9% CPU
Optimizing NNI: done in 0.472693 secs using 199.8% CPU
Optimizing NNI: done in 0.291032 secs using 196.2% CPU
Optimizing NNI: done in 0.36816 secs using 196.7% CPU
Iteration 80 / LogL: -2791.710 / Time: 0h:0m:44s (0h:0m:51s left)
Optimizing NNI: done in 0.349346 secs using 196.2% CPU
Optimizing NNI: done in 0.358229 secs using 196% CPU
Optimizing NNI: done in 0.451683 secs using 192.1% CPU
Optimizing NNI: done in 0.433006 secs using 197.9% CPU
Optimizing NNI: done in 0.403162 secs using 196.2% CPU
Optimizing NNI: done in 0.284002 secs using 198.6% CPU
Optimizing NNI: done in 0.416723 secs using 196.9% CPU
Optimizing NNI: done in 0.43923 secs using 197.4% CPU
Optimizing NNI: done in 0.372347 secs using 198.8% CPU
Optimizing NNI: done in 0.42923 secs using 196% CPU
Iteration 90 / LogL: -2784.854 / Time: 0h:0m:48s (0h:0m:44s left)
Optimizing NNI: done in 0.367684 secs using 197.9% CPU
Optimizing NNI: done in 0.296429 secs using 198.5% CPU
Optimizing NNI: done in 0.361232 secs using 196.3% CPU
Optimizing NNI: done in 0.35753 secs using 197.3% CPU
Optimizing NNI: done in 0.489014 secs using 195.7% CPU
Optimizing NNI: done in 0.354158 secs using 197.1% CPU
Optimizing NNI: done in 0.43298 secs using 196% CPU
Optimizing NNI: done in 0.358422 secs using 195.9% CPU
Optimizing NNI: done in 0.416998 secs using 195.9% CPU
Optimizing NNI: done in 0.44706 secs using 197.5% CPU
Iteration 100 / LogL: -2785.994 / Time: 0h:0m:52s (0h:0m:37s left)
Optimizing NNI: done in 0.30063 secs using 198.3% CPU
Optimizing NNI: done in 0.431317 secs using 196.4% CPU
Optimizing NNI: done in 0.610502 secs using 198.3% CPU
Optimizing NNI: done in 0.447902 secs using 199.1% CPU
Optimizing NNI: done in 0.372563 secs using 196.6% CPU
Optimizing NNI: done in 0.452807 secs using 197.2% CPU
Optimizing NNI: done in 0.373351 secs using 198.6% CPU
Optimizing NNI: done in 0.415867 secs using 195.2% CPU
Optimizing NNI: done in 0.414349 secs using 194.6% CPU
Optimizing NNI: done in 0.364869 secs using 196.5% CPU
Iteration 110 / LogL: -2784.854 / Time: 0h:0m:56s (0h:0m:31s left)
Optimizing NNI: done in 0.364666 secs using 195.4% CPU
Optimizing NNI: done in 0.549242 secs using 199% CPU
Optimizing NNI: done in 0.357737 secs using 197.3% CPU
Optimizing NNI: done in 0.3545 secs using 195.9% CPU
Optimizing NNI: done in 0.286948 secs using 198.8% CPU
Optimizing NNI: done in 0.448979 secs using 197.1% CPU
Optimizing NNI: done in 0.495945 secs using 195.1% CPU
Optimizing NNI: done in 0.447306 secs using 196.6% CPU
Optimizing NNI: done in 0.362791 secs using 197% CPU
Optimizing NNI: done in 0.443936 secs using 198.1% CPU
Iteration 120 / LogL: -2791.088 / Time: 0h:1m:1s (0h:0m:26s left)
Optimizing NNI: done in 0.442498 secs using 195.8% CPU
Optimizing NNI: done in 0.568064 secs using 197.8% CPU
Optimizing NNI: done in 0.36181 secs using 198.3% CPU
Optimizing NNI: done in 0.412805 secs using 197.9% CPU
Optimizing NNI: done in 0.504618 secs using 199% CPU
Optimizing NNI: done in 0.343589 secs using 195.5% CPU
Optimizing NNI: done in 0.258926 secs using 197.3% CPU
Optimizing NNI: done in 0.416752 secs using 197.8% CPU
Estimate model parameters (epsilon = 0.100)
BETTER TREE FOUND at iteration 128: -2784.580
Optimizing NNI: done in 0.431009 secs using 197.4% CPU
Optimizing NNI: done in 0.595689 secs using 198.7% CPU
Iteration 130 / LogL: -2790.133 / Time: 0h:1m:5s (0h:0m:50s left)
Optimizing NNI: done in 0.359587 secs using 197.9% CPU
Optimizing NNI: done in 0.49937 secs using 198.5% CPU
Optimizing NNI: done in 0.350566 secs using 198.1% CPU
Optimizing NNI: done in 0.34333 secs using 199% CPU
Optimizing NNI: done in 0.319577 secs using 197.3% CPU
Optimizing NNI: done in 0.440159 secs using 197.2% CPU
Optimizing NNI: done in 0.382229 secs using 199.4% CPU
Optimizing NNI: done in 0.380839 secs using 193.5% CPU
Optimizing NNI: done in 0.563389 secs using 195.8% CPU
Optimizing NNI: done in 0.421152 secs using 196.8% CPU
Iteration 140 / LogL: -2793.697 / Time: 0h:1m:10s (0h:0m:44s left)
Optimizing NNI: done in 0.349958 secs using 193.7% CPU
Optimizing NNI: done in 0.408088 secs using 198% CPU
Optimizing NNI: done in 0.511713 secs using 199.2% CPU
Optimizing NNI: done in 0.299823 secs using 193.1% CPU
Optimizing NNI: done in 0.371515 secs using 196.8% CPU
Optimizing NNI: done in 0.4477 secs using 199.2% CPU
Optimizing NNI: done in 0.415737 secs using 196.9% CPU
Optimizing NNI: done in 0.367499 secs using 194.5% CPU
Optimizing NNI: done in 0.44172 secs using 197.8% CPU
Optimizing NNI: done in 0.371139 secs using 197.8% CPU
Iteration 150 / LogL: -2786.411 / Time: 0h:1m:14s (0h:0m:38s left)
Optimizing NNI: done in 0.456715 secs using 199% CPU
Optimizing NNI: done in 0.491732 secs using 197.6% CPU
Optimizing NNI: done in 0.444736 secs using 198% CPU
Optimizing NNI: done in 0.448468 secs using 198.1% CPU
Optimizing NNI: done in 0.490599 secs using 195.4% CPU
Optimizing NNI: done in 0.298403 secs using 199.2% CPU
Optimizing NNI: done in 0.420645 secs using 197.8% CPU
Optimizing NNI: done in 0.498379 secs using 197.9% CPU
Optimizing NNI: done in 0.385389 secs using 196.6% CPU
Optimizing NNI: done in 0.33162 secs using 197.7% CPU
Iteration 160 / LogL: -2796.247 / Time: 0h:1m:18s (0h:0m:33s left)
Optimizing NNI: done in 0.482095 secs using 194.6% CPU
Optimizing NNI: done in 0.372619 secs using 198.8% CPU
Optimizing NNI: done in 0.355028 secs using 196.9% CPU
Optimizing NNI: done in 0.370023 secs using 198.3% CPU
BETTER TREE FOUND at iteration 164: -2784.579
Optimizing NNI: done in 0.424683 secs using 197% CPU
Optimizing NNI: done in 0.45686 secs using 197.1% CPU
Optimizing NNI: done in 0.617998 secs using 197.1% CPU
Optimizing NNI: done in 0.357404 secs using 196.3% CPU
Optimizing NNI: done in 0.373922 secs using 198.3% CPU
Optimizing NNI: done in 0.408642 secs using 196.9% CPU
Iteration 170 / LogL: -2790.145 / Time: 0h:1m:23s (0h:0m:46s left)
Optimizing NNI: done in 0.615682 secs using 198.1% CPU
Optimizing NNI: done in 0.363921 secs using 197.7% CPU
Optimizing NNI: done in 0.43503 secs using 196.6% CPU
Optimizing NNI: done in 0.419498 secs using 197.2% CPU
Optimizing NNI: done in 0.426545 secs using 197.3% CPU
Optimizing NNI: done in 0.372276 secs using 197.8% CPU
Optimizing NNI: done in 0.42532 secs using 198.6% CPU
Optimizing NNI: done in 0.359746 secs using 197.7% CPU
Optimizing NNI: done in 0.359448 secs using 196.8% CPU
Optimizing NNI: done in 0.298172 secs using 196.2% CPU
Iteration 180 / LogL: -2790.456 / Time: 0h:1m:27s (0h:0m:40s left)
Optimizing NNI: done in 0.403711 secs using 195.1% CPU
Optimizing NNI: done in 0.40445 secs using 199.9% CPU
Optimizing NNI: done in 0.340411 secs using 197.5% CPU
Optimizing NNI: done in 0.298102 secs using 199.3% CPU
Optimizing NNI: done in 0.353262 secs using 196.2% CPU
Optimizing NNI: done in 0.23261 secs using 198% CPU
Optimizing NNI: done in 0.430476 secs using 196.6% CPU
Optimizing NNI: done in 0.195551 secs using 197.9% CPU
Optimizing NNI: done in 0.383413 secs using 198% CPU
Optimizing NNI: done in 0.382022 secs using 196.3% CPU
Iteration 190 / LogL: -2785.701 / Time: 0h:1m:30s (0h:0m:35s left)
Optimizing NNI: done in 0.362309 secs using 194.9% CPU
Optimizing NNI: done in 0.376942 secs using 197.2% CPU
Optimizing NNI: done in 0.549611 secs using 198.1% CPU
Optimizing NNI: done in 0.508007 secs using 196.1% CPU
Optimizing NNI: done in 0.336876 secs using 200.8% CPU
Optimizing NNI: done in 0.373828 secs using 198.3% CPU
Optimizing NNI: done in 0.362521 secs using 196% CPU
Optimizing NNI: done in 0.415183 secs using 195.4% CPU
Optimizing NNI: done in 0.345076 secs using 193.9% CPU
Optimizing NNI: done in 0.343872 secs using 193% CPU
Iteration 200 / LogL: -2785.181 / Time: 0h:1m:35s (0h:0m:30s left)
Optimizing NNI: done in 0.501491 secs using 196.4% CPU
Optimizing NNI: done in 0.443606 secs using 195.6% CPU
Optimizing NNI: done in 0.367067 secs using 197.9% CPU
Optimizing NNI: done in 0.580029 secs using 196.5% CPU
Optimizing NNI: done in 0.481153 secs using 194.8% CPU
Optimizing NNI: done in 0.306607 secs using 199.2% CPU
Optimizing NNI: done in 0.419284 secs using 196.2% CPU
Optimizing NNI: done in 0.450187 secs using 197.7% CPU
Optimizing NNI: done in 0.413283 secs using 196.7% CPU
Optimizing NNI: done in 0.516862 secs using 196.5% CPU
Iteration 210 / LogL: -2785.018 / Time: 0h:1m:39s (0h:0m:25s left)
Optimizing NNI: done in 0.413323 secs using 199.4% CPU
Optimizing NNI: done in 0.408136 secs using 198.7% CPU
Optimizing NNI: done in 0.416472 secs using 196.9% CPU
Optimizing NNI: done in 0.356339 secs using 195% CPU
Optimizing NNI: done in 0.441424 secs using 195.9% CPU
Optimizing NNI: done in 0.377979 secs using 198.1% CPU
Optimizing NNI: done in 0.427655 secs using 198.2% CPU
Optimizing NNI: done in 0.389263 secs using 194.5% CPU
Optimizing NNI: done in 0.561077 secs using 196.9% CPU
Optimizing NNI: done in 0.455004 secs using 198.5% CPU
Iteration 220 / LogL: -2785.647 / Time: 0h:1m:44s (0h:0m:20s left)
Optimizing NNI: done in 0.38355 secs using 198.8% CPU
Optimizing NNI: done in 0.268415 secs using 196.9% CPU
Optimizing NNI: done in 0.446281 secs using 196.8% CPU
Optimizing NNI: done in 0.370295 secs using 198.2% CPU
Optimizing NNI: done in 0.564293 secs using 198.5% CPU
Optimizing NNI: done in 0.306243 secs using 192.7% CPU
Optimizing NNI: done in 0.428284 secs using 198.1% CPU
Optimizing NNI: done in 0.42897 secs using 196% CPU
Optimizing NNI: done in 0.418448 secs using 198.3% CPU
Optimizing NNI: done in 0.407181 secs using 193.3% CPU
Iteration 230 / LogL: -2796.501 / Time: 0h:1m:48s (0h:0m:16s left)
Optimizing NNI: done in 0.429482 secs using 196.7% CPU
Optimizing NNI: done in 0.58222 secs using 196.2% CPU
BETTER TREE FOUND at iteration 232: -2784.579
Optimizing NNI: done in 0.45951 secs using 195.7% CPU
Optimizing NNI: done in 0.402333 secs using 197.4% CPU
Optimizing NNI: done in 0.366156 secs using 196.1% CPU
Optimizing NNI: done in 0.476143 secs using 194% CPU
Optimizing NNI: done in 0.498987 secs using 198.5% CPU
Optimizing NNI: done in 0.353708 secs using 197.3% CPU
Optimizing NNI: done in 0.358357 secs using 198.2% CPU
Optimizing NNI: done in 0.304254 secs using 194.5% CPU
Iteration 240 / LogL: -2792.777 / Time: 0h:1m:52s (0h:0m:43s left)
Optimizing NNI: done in 0.358209 secs using 198.3% CPU
BETTER TREE FOUND at iteration 241: -2784.579
Optimizing NNI: done in 0.497583 secs using 197.2% CPU
Optimizing NNI: done in 0.537799 secs using 197.4% CPU
Optimizing NNI: done in 0.449466 secs using 197% CPU
Optimizing NNI: done in 0.440432 secs using 198% CPU
Optimizing NNI: done in 0.367075 secs using 198.1% CPU
Optimizing NNI: done in 0.505276 secs using 196.6% CPU
Optimizing NNI: done in 0.4793 secs using 197.6% CPU
Optimizing NNI: done in 0.42929 secs using 199.7% CPU
Optimizing NNI: done in 0.365719 secs using 197.4% CPU
Iteration 250 / LogL: -2791.177 / Time: 0h:1m:57s (0h:0m:42s left)
Optimizing NNI: done in 0.422978 secs using 199.3% CPU
Optimizing NNI: done in 0.511605 secs using 197% CPU
Optimizing NNI: done in 0.430961 secs using 195.5% CPU
Optimizing NNI: done in 0.3761 secs using 196.8% CPU
Optimizing NNI: done in 0.502721 secs using 199.5% CPU
Optimizing NNI: done in 0.427565 secs using 196.3% CPU
Optimizing NNI: done in 0.491409 secs using 198.5% CPU
Optimizing NNI: done in 0.305136 secs using 194.3% CPU
Optimizing NNI: done in 0.293772 secs using 199.2% CPU
Optimizing NNI: done in 0.547238 secs using 197.1% CPU
Iteration 260 / LogL: -2789.344 / Time: 0h:2m:1s (0h:0m:38s left)
Optimizing NNI: done in 0.379814 secs using 193.6% CPU
Optimizing NNI: done in 0.53841 secs using 198.7% CPU
Optimizing NNI: done in 0.35834 secs using 196% CPU
Optimizing NNI: done in 0.211938 secs using 194.1% CPU
Optimizing NNI: done in 0.462744 secs using 196.8% CPU
Optimizing NNI: done in 0.552614 secs using 195.5% CPU
Optimizing NNI: done in 0.446415 secs using 198.5% CPU
Optimizing NNI: done in 0.376639 secs using 197.7% CPU
Optimizing NNI: done in 0.36626 secs using 196.1% CPU
Optimizing NNI: done in 0.452211 secs using 196.4% CPU
Iteration 270 / LogL: -2784.850 / Time: 0h:2m:5s (0h:0m:33s left)
Optimizing NNI: done in 0.552631 secs using 198.2% CPU
Optimizing NNI: done in 0.344953 secs using 198.3% CPU
Optimizing NNI: done in 0.302941 secs using 197.3% CPU
Optimizing NNI: done in 0.452739 secs using 196.3% CPU
Optimizing NNI: done in 0.355201 secs using 200.2% CPU
BETTER TREE FOUND at iteration 275: -2784.578
Optimizing NNI: done in 0.398278 secs using 196.4% CPU
Optimizing NNI: done in 0.363882 secs using 195.6% CPU
Optimizing NNI: done in 0.372053 secs using 197.8% CPU
Optimizing NNI: done in 0.55914 secs using 198.7% CPU
Optimizing NNI: done in 0.446189 secs using 197.6% CPU
Iteration 280 / LogL: -2803.528 / Time: 0h:2m:10s (0h:0m:44s left)
Optimizing NNI: done in 0.39525 secs using 199.2% CPU
Optimizing NNI: done in 0.439368 secs using 200% CPU
Optimizing NNI: done in 0.430529 secs using 198.4% CPU
Optimizing NNI: done in 0.57949 secs using 198% CPU
Optimizing NNI: done in 0.563595 secs using 197.2% CPU
Optimizing NNI: done in 0.303669 secs using 197.4% CPU
Optimizing NNI: done in 0.297194 secs using 196.9% CPU
Optimizing NNI: done in 0.368273 secs using 197.7% CPU
Optimizing NNI: done in 0.438088 secs using 197.7% CPU
Optimizing NNI: done in 0.54573 secs using 196% CPU
Iteration 290 / LogL: -2800.429 / Time: 0h:2m:14s (0h:0m:39s left)
Optimizing NNI: done in 0.350721 secs using 199.2% CPU
Optimizing NNI: done in 0.492214 secs using 199.1% CPU
Optimizing NNI: done in 0.346136 secs using 198% CPU
Optimizing NNI: done in 0.464538 secs using 197.3% CPU
Optimizing NNI: done in 0.413658 secs using 195.7% CPU
Optimizing NNI: done in 0.298626 secs using 195.1% CPU
Optimizing NNI: done in 0.35228 secs using 198.5% CPU
Optimizing NNI: done in 0.424658 secs using 196.9% CPU
Optimizing NNI: done in 0.29446 secs using 199% CPU
Optimizing NNI: done in 0.561465 secs using 197.6% CPU
Iteration 300 / LogL: -2789.869 / Time: 0h:2m:18s (0h:0m:34s left)
Optimizing NNI: done in 0.647504 secs using 197% CPU
Optimizing NNI: done in 0.458086 secs using 199.2% CPU
Optimizing NNI: done in 0.579259 secs using 196.7% CPU
Optimizing NNI: done in 0.370399 secs using 197.2% CPU
Optimizing NNI: done in 0.48729 secs using 195% CPU
Optimizing NNI: done in 0.499934 secs using 198.4% CPU
Optimizing NNI: done in 0.354245 secs using 197.1% CPU
Optimizing NNI: done in 0.431693 secs using 199.1% CPU
Optimizing NNI: done in 0.302413 secs using 193.9% CPU
Optimizing NNI: done in 0.48795 secs using 196.7% CPU
Iteration 310 / LogL: -2785.018 / Time: 0h:2m:23s (0h:0m:30s left)
Optimizing NNI: done in 0.374773 secs using 199.1% CPU
Optimizing NNI: done in 0.431844 secs using 198.2% CPU
Optimizing NNI: done in 0.421525 secs using 196.6% CPU
Optimizing NNI: done in 0.357049 secs using 198.2% CPU
Optimizing NNI: done in 0.483556 secs using 196.8% CPU
Optimizing NNI: done in 0.4031 secs using 198.1% CPU
Optimizing NNI: done in 0.325249 secs using 195.9% CPU
Optimizing NNI: done in 0.515734 secs using 197.7% CPU
Optimizing NNI: done in 0.291717 secs using 197.3% CPU
Optimizing NNI: done in 0.418157 secs using 198.5% CPU
Iteration 320 / LogL: -2799.990 / Time: 0h:2m:27s (0h:0m:25s left)
Optimizing NNI: done in 0.294156 secs using 197.8% CPU
Optimizing NNI: done in 0.42055 secs using 199.9% CPU
Optimizing NNI: done in 0.510026 secs using 195.1% CPU
Optimizing NNI: done in 0.30541 secs using 199.5% CPU
Optimizing NNI: done in 0.370032 secs using 198.3% CPU
Optimizing NNI: done in 0.48163 secs using 197% CPU
Optimizing NNI: done in 0.369343 secs using 197.5% CPU
Optimizing NNI: done in 0.303264 secs using 196.3% CPU
Optimizing NNI: done in 0.432845 secs using 197.7% CPU
Optimizing NNI: done in 0.34813 secs using 198.6% CPU
Iteration 330 / LogL: -2784.579 / Time: 0h:2m:31s (0h:0m:20s left)
Optimizing NNI: done in 0.425758 secs using 196.8% CPU
Optimizing NNI: done in 0.662681 secs using 197.2% CPU
Optimizing NNI: done in 0.482231 secs using 199.5% CPU
Optimizing NNI: done in 0.308992 secs using 191.9% CPU
Optimizing NNI: done in 0.48044 secs using 199.1% CPU
Optimizing NNI: done in 0.501072 secs using 198.2% CPU
Optimizing NNI: done in 0.484962 secs using 197.3% CPU
Optimizing NNI: done in 0.371117 secs using 197% CPU
Optimizing NNI: done in 0.524445 secs using 196.9% CPU
Optimizing NNI: done in 0.421949 secs using 194.8% CPU
Iteration 340 / LogL: -2790.016 / Time: 0h:2m:36s (0h:0m:16s left)
Optimizing NNI: done in 0.372138 secs using 197.7% CPU
Optimizing NNI: done in 0.29928 secs using 200.2% CPU
Optimizing NNI: done in 0.378176 secs using 197.3% CPU
Optimizing NNI: done in 0.36855 secs using 194.4% CPU
Optimizing NNI: done in 0.36406 secs using 200% CPU
Optimizing NNI: done in 0.29813 secs using 199.3% CPU
Optimizing NNI: done in 0.546661 secs using 199.4% CPU
Optimizing NNI: done in 0.50913 secs using 195% CPU
Optimizing NNI: done in 0.407189 secs using 194.3% CPU
Optimizing NNI: done in 0.30112 secs using 199.5% CPU
Iteration 350 / LogL: -2795.090 / Time: 0h:2m:40s (0h:0m:11s left)
Optimizing NNI: done in 0.349812 secs using 196.9% CPU
Optimizing NNI: done in 0.509086 secs using 198.1% CPU
Optimizing NNI: done in 0.372559 secs using 196.6% CPU
Optimizing NNI: done in 0.388383 secs using 194.7% CPU
Optimizing NNI: done in 0.357622 secs using 196.2% CPU
Optimizing NNI: done in 0.394083 secs using 197.4% CPU
Optimizing NNI: done in 0.503062 secs using 197.7% CPU
Optimizing NNI: done in 0.314626 secs using 194.1% CPU
Optimizing NNI: done in 0.398205 secs using 196.4% CPU
Optimizing NNI: done in 0.450935 secs using 197.5% CPU
Iteration 360 / LogL: -2786.011 / Time: 0h:2m:44s (0h:0m:6s left)
Optimizing NNI: done in 0.607447 secs using 194.8% CPU
Optimizing NNI: done in 0.51881 secs using 197% CPU
Optimizing NNI: done in 0.375627 secs using 196.9% CPU
Optimizing NNI: done in 0.590632 secs using 196.8% CPU
Optimizing NNI: done in 0.363613 secs using 195.5% CPU
Optimizing NNI: done in 0.430828 secs using 196.5% CPU
Optimizing NNI: done in 0.67598 secs using 195.3% CPU
Optimizing NNI: done in 0.514179 secs using 194.9% CPU
Optimizing NNI: done in 0.565671 secs using 198.3% CPU
Optimizing NNI: done in 0.481045 secs using 196.5% CPU
Iteration 370 / LogL: -2785.017 / Time: 0h:2m:50s (0h:0m:2s left)
Optimizing NNI: done in 0.536032 secs using 198.5% CPU
Optimizing NNI: done in 0.380094 secs using 197.9% CPU
Optimizing NNI: done in 0.325905 secs using 195.6% CPU
Optimizing NNI: done in 0.325684 secs using 199.2% CPU
Optimizing NNI: done in 0.51606 secs using 196.9% CPU
Optimizing NNI: done in 0.324089 secs using 198.7% CPU
TREE SEARCH COMPLETED AFTER 376 ITERATIONS / Time: 0h:2m:52s

--------------------------------------------------------------------
|                    FINALIZING TREE SEARCH                        |
--------------------------------------------------------------------
Performs final model parameters optimization
Estimate model parameters (epsilon = 0.010)
1. Initial log-likelihood: -2784.578
Optimal log-likelihood: -2784.577
Rate parameters:  A-C: 0.85502  A-G: 1.08585  A-T: 0.34013  C-G: 0.28801  C-T: 2.47959  G-T: 1.00000
Base frequencies:  A: 0.428  C: 0.145  G: 0.236  T: 0.192
Site proportion and rates:  (0.165,0.281) (0.182,0.346) (0.182,1.005) (0.225,1.355) (0.235,1.383) (0.011,7.067)
Parameters optimization took 1 rounds (0.326 sec)
BEST SCORE FOUND : -2784.577
Total tree length: 1.440

Total number of iterations: 376
CPU time used for tree search: 328.642 sec (0h:5m:28s)
Wall-clock time used for tree search: 168.653 sec (0h:2m:48s)
Total CPU time used: 337.194 sec (0h:5m:37s)
Total wall-clock time used: 173.018 sec (0h:2m:53s)

Analysis results written to: 
  IQ-TREE report:                IQTREE_bestTree.InWindow_4750_to_5000.iqtree
  Maximum-likelihood tree:       IQTREE_bestTree.InWindow_4750_to_5000.treefile
  Likelihood distances:          IQTREE_bestTree.InWindow_4750_to_5000.mldist
  Screen log file:               IQTREE_bestTree.InWindow_4750_to_5000.log

Date and Time: Tue Jul 25 12:15:37 2023
