IQ-TREE multicore version 2.2.2.7 COVID-edition for Linux 64-bit built Jun  7 2023
Developed by Bui Quang Minh, James Barbetti, Nguyen Lam Tung,
Olga Chernomor, Heiko Schmidt, Dominik Schrempf, Michael Woodhams, Ly Trong Nhan.

Host:    hpc-node03 (AVX2, FMA3, 1007 GB RAM)
Command: iqtree -s AlignedReadsInWindow_PositionsExcised_4640_to_4890.fasta -pre IQTREE_bestTree.InWindow_4640_to_4890 -m GTR+F+R6 -nt 4
Seed:    405525 (Using SPRNG - Scalable Parallel Random Number Generator)
Time:    Sun Jul 23 04:21:43 2023
Kernel:  AVX+FMA - 4 threads (4 CPU cores detected)

Reading alignment file AlignedReadsInWindow_PositionsExcised_4640_to_4890.fasta ... Fasta format detected
Reading fasta file: done in 0.00388179 secs using 86.48% CPU
Alignment most likely contains DNA/RNA sequences
Constructing alignment: done in 0.00157484 secs using 357.2% CPU
Alignment has 423 sequences with 265 columns, 205 distinct patterns
101 parsimony-informative, 85 singleton sites, 79 constant sites
                                                            Gap/Ambiguity  Composition  p-value
Analyzing sequences: done in 0.00757855 secs using 332.1% CPU
   1  200724_20-08522_HIV11-02415_FL24_S18_L000_read_1_count_263   14.34%    passed     99.55%
   2  200724_20-08522_HIV11-02415_FL24_S18_L000_read_2_count_26    14.34%    passed     99.98%
   3  200724_20-08522_HIV11-02415_FL24_S18_L000_read_3_count_16    14.34%    passed     99.18%
   4  200724_20-08522_HIV11-02415_FL24_S18_L000_read_4_count_14    14.34%    passed     99.18%
   5  200724_20-08522_HIV11-02415_FL24_S18_L000_read_5_count_5     14.34%    passed     99.09%
   6  200724_20-08522_HIV11-02415_FL24_S18_L000_read_6_count_4     14.34%    passed     99.18%
   7  200724_20-08522_HIV11-02415_FL24_S18_L000_read_7_count_4     14.34%    passed     99.18%
   8  200724_20-08522_HIV11-02415_FL24_S18_L000_read_8_count_4     14.34%    passed     99.18%
   9  200724_20-08522_HIV11-02415_FL24_S18_L000_read_9_count_3     14.34%    passed     99.18%
  10  200724_20-08522_HIV11-02415_FL24_S18_L000_read_10_count_3    14.34%    passed     99.18%
  11  200724_20-08522_HIV11-02415_FL24_S18_L000_read_11_count_3    14.34%    passed     99.86%
  12  200724_20-08522_HIV11-02415_FL24_S18_L000_read_12_count_3    14.34%    passed     99.86%
  13  200724_20-08522_HIV11-02415_FL24_S18_L000_read_13_count_2    14.34%    passed     97.67%
  14  200724_20-08522_HIV11-02415_FL24_S18_L000_read_14_count_2    14.34%    passed     97.84%
  15  200724_20-08522_HIV11-02415_FL24_S18_L000_read_15_count_2    14.34%    passed     99.24%
  16  200724_20-08522_HIV11-02415_FL24_S18_L000_read_16_count_2    14.34%    passed     97.59%
  17  200724_20-08522_HIV11-02415_FL24_S18_L000_read_17_count_2    14.34%    passed     99.29%
  18  200724_20-08522_HIV11-02415_FL24_S18_L000_read_18_count_2    14.34%    passed     99.09%
  19  200724_20-08522_HIV11-02415_FL24_S18_L000_read_19_count_2    14.34%    passed     98.22%
  20  200724_20-08522_HIV11-02415_FL24_S18_L000_read_20_count_2    14.34%    passed     97.84%
  21  200724_20-08522_HIV11-02415_FL24_S18_L000_read_21_count_2    14.34%    passed     99.94%
  22  200724_20-08522_HIV11-02415_FL24_S18_L000_read_22_count_2    14.34%    passed     98.92%
  23  200724_20-08522_HIV11-02415_FL24_S18_L000_read_23_count_2    14.34%    passed     99.18%
  24  200724_20-08522_HIV11-02415_FL24_S18_L000_read_24_count_2    14.34%    passed     99.86%
  25  200724_20-08522_HIV11-02415_FL24_S18_L000_read_25_count_2    23.77%    passed     75.53%
  26  200724_20-08522_HIV11-02415_FL24_S18_L000_read_26_count_2    14.34%    passed     98.92%
  27  200724_20-08522_HIV11-02415_FL24_S18_L000_read_27_count_2    14.34%    passed     99.98%
  28  200724_20-08522_HIV11-02415_FL24_S18_L000_read_28_count_2    14.34%    passed     99.19%
  29  200724_20-08522_HIV11-02415_FL24_S18_L000_read_29_count_1    14.34%    passed     99.29%
  30  200724_20-08522_HIV11-02415_FL24_S18_L000_read_30_count_1    14.34%    passed     98.92%
  31  200724_20-08522_HIV11-02415_FL24_S18_L000_read_31_count_1    14.34%    passed     99.86%
  32  200724_20-08522_HIV11-02415_FL24_S18_L000_read_32_count_1    27.17%    passed     94.86%
  33  200724_20-08522_HIV11-02415_FL24_S18_L000_read_33_count_1    14.34%    passed     99.24%
  34  200724_20-08522_HIV11-02415_FL24_S18_L000_read_34_count_1    14.34%    passed     97.84%
  35  200724_20-08522_HIV11-02415_FL24_S18_L000_read_35_count_1    14.34%    passed     99.86%
  36  200724_20-08522_HIV11-02415_FL24_S18_L000_read_36_count_1    14.34%    passed     95.01%
  37  200724_20-08522_HIV11-02415_FL24_S18_L000_read_37_count_1    14.34%    passed     99.98%
  38  200724_20-08522_HIV11-02415_FL24_S18_L000_read_38_count_1    14.34%    passed     99.24%
  39  200724_20-08522_HIV11-02415_FL24_S18_L000_read_39_count_1    14.34%    passed     99.19%
  40  200724_20-08522_HIV11-02415_FL24_S18_L000_read_40_count_1    14.34%    passed     99.86%
  41  200724_20-08522_HIV11-02415_FL24_S18_L000_read_41_count_1    14.72%    passed     99.33%
  42  200724_20-08522_HIV11-02415_FL24_S18_L000_read_42_count_1    14.34%    passed     99.18%
  43  200724_20-08522_HIV11-02415_FL24_S18_L000_read_43_count_1    14.34%    passed     99.19%
  44  200724_20-08522_HIV11-02415_FL24_S18_L000_read_44_count_1    20.75%    passed     94.09%
  45  200724_20-08522_HIV11-02415_FL24_S18_L000_read_45_count_1    14.34%    passed     99.09%
  46  200724_20-08522_HIV11-02415_FL24_S18_L000_read_46_count_1    14.34%    passed     99.59%
  47  200724_20-08522_HIV11-02415_FL24_S18_L000_read_47_count_1    13.96%    passed     99.65%
  48  200724_20-08522_HIV11-02415_FL24_S18_L000_read_48_count_1    14.34%    passed     99.23%
  49  200724_20-08522_HIV11-02415_FL24_S18_L000_read_49_count_1    14.34%    passed     96.85%
  50  200724_20-08522_HIV11-02415_FL24_S18_L000_read_50_count_1    14.34%    passed     99.98%
  51  200724_20-08522_HIV11-02415_FL24_S18_L000_read_51_count_1    14.34%    passed     99.29%
  52  200724_20-08522_HIV11-02415_FL24_S18_L000_read_52_count_1    14.34%    passed     96.78%
  53  200724_20-08522_HIV11-02415_FL24_S18_L000_read_53_count_1    14.34%    passed     99.86%
  54  200724_20-08522_HIV11-02415_FL24_S18_L000_read_54_count_1    14.34%    passed     97.67%
  55  200724_20-08522_HIV11-02415_FL24_S18_L000_read_55_count_1    14.34%    passed     99.24%
  56  200724_20-08522_HIV11-02415_FL24_S18_L000_read_56_count_1    14.72%    passed     99.33%
  57  200724_20-08522_HIV11-02415_FL24_S18_L000_read_57_count_1    14.34%    passed     97.67%
  58  200724_20-08522_HIV11-02415_FL24_S18_L000_read_58_count_1    13.96%    passed     99.65%
  59  200724_20-08522_HIV11-02415_FL24_S18_L000_read_59_count_1    14.34%    passed     99.24%
  60  200724_20-08522_HIV11-02415_FL24_S18_L000_read_60_count_1    14.34%    passed     97.81%
  61  200724_20-08522_HIV11-02415_FL24_S18_L000_read_61_count_1    14.34%    passed     99.86%
  62  200724_20-08522_HIV11-02415_FL24_S18_L000_read_62_count_1    14.34%    passed     99.55%
  63  200724_20-08522_HIV11-02415_FL24_S18_L000_read_63_count_1    14.34%    passed     99.09%
  64  200724_20-08522_HIV11-02415_FL24_S18_L000_read_64_count_1    14.34%    passed     93.49%
  65  200724_20-08522_HIV11-02415_FL24_S18_L000_read_65_count_1    14.34%    passed     97.59%
  66  200724_20-08522_HIV11-02415_FL24_S18_L000_read_66_count_1    14.72%    passed     99.56%
  67  200724_20-08522_HIV11-02415_FL24_S18_L000_read_67_count_1    14.34%    passed     99.94%
  68  200724_20-08522_HIV11-02415_FL24_S18_L000_read_68_count_1    14.34%    passed     99.19%
  69  200724_20-08522_HIV11-02415_FL24_S18_L000_read_69_count_1    14.34%    passed     96.10%
  70  200724_20-08522_HIV11-02415_FL24_S18_L000_read_70_count_1    14.34%    passed     99.60%
  71  200724_20-08522_HIV11-02415_FL24_S18_L000_read_71_count_1    14.34%    passed     98.62%
  72  200724_20-08522_HIV11-02415_FL24_S18_L000_read_72_count_1    14.34%    passed     99.60%
  73  200724_20-08522_HIV11-02415_FL24_S18_L000_read_73_count_1    14.34%    passed     98.92%
  74  200724_20-08522_HIV11-02415_FL24_S18_L000_read_74_count_1    14.34%    passed     99.55%
  75  200724_20-08522_HIV11-02415_FL24_S18_L000_read_75_count_1    14.34%    passed     98.00%
  76  200724_20-08522_HIV11-02415_FL24_S18_L000_read_76_count_1    14.34%    passed     97.84%
  77  200724_20-08522_HIV11-02415_FL24_S18_L000_read_77_count_1    14.34%    passed     99.29%
  78  200724_20-08522_HIV11-02415_FL24_S18_L000_read_78_count_1    14.34%    passed     97.44%
  79  200724_20-08522_HIV11-02415_FL24_S18_L000_read_79_count_1    14.34%    passed     99.29%
  80  200724_20-08522_HIV11-02415_FL24_S18_L000_read_80_count_1    14.34%    passed     99.98%
  81  200724_20-08522_HIV11-02415_FL24_S18_L000_read_81_count_1    14.34%    passed     99.86%
  82  200724_20-08522_HIV11-02415_FL24_S18_L000_read_82_count_1    14.34%    passed     99.55%
  83  200724_20-08522_HIV11-02415_FL24_S18_L000_read_83_count_1    14.34%    passed     99.60%
  84  200724_20-08522_HIV11-02415_FL24_S18_L000_read_84_count_1    14.34%    passed     98.62%
  85  200724_20-08522_HIV11-02415_FL24_S18_L000_read_85_count_1    14.34%    passed     99.29%
  86  200724_20-08522_HIV11-02415_FL24_S18_L000_read_86_count_1    14.34%    passed     97.67%
  87  200724_20-08522_HIV11-02415_FL24_S18_L000_read_87_count_1    14.34%    passed     99.09%
  88  200724_20-08522_HIV11-02415_FL24_S18_L000_read_88_count_1    14.34%    passed     96.63%
  89  200724_20-08522_HIV11-02415_FL24_S18_L000_read_89_count_1    14.34%    passed     98.92%
  90  200724_20-08522_HIV11-02415_FL24_S18_L000_read_90_count_1    14.34%    passed     99.18%
  91  200724_20-08522_HIV11-02415_FL24_S18_L000_read_91_count_1    14.34%    passed     90.34%
  92  200724_20-08522_HIV11-02415_FL24_S18_L000_read_92_count_1    14.34%    passed     99.09%
  93  200724_20-08522_HIV11-02415_FL24_S18_L000_read_93_count_1    14.34%    passed     99.24%
  94  200724_20-08522_HIV11-02415_FL24_S18_L000_read_94_count_1    14.34%    passed     97.59%
  95  200724_20-08522_HIV11-02415_FL24_S18_L000_read_95_count_1    14.34%    passed     99.86%
  96  200724_20-08522_HIV11-02415_FL24_S18_L000_read_96_count_1    14.34%    passed     99.24%
  97  200724_20-08522_HIV11-02415_FL24_S18_L000_read_97_count_1    14.34%    passed     99.60%
  98  200724_20-08522_HIV11-02415_FL24_S18_L000_read_98_count_1    14.34%    passed     99.24%
  99  200724_20-08522_HIV11-02415_FL24_S18_L000_read_99_count_1    14.34%    passed     97.67%
 100  200724_20-08522_HIV11-02415_FL24_S18_L000_read_100_count_1   14.34%    passed     99.18%
 101  200724_20-08522_HIV11-02415_FL24_S18_L000_read_101_count_1   14.34%    passed     99.09%
 102  200724_20-08522_HIV11-02415_FL24_S18_L000_read_102_count_1   14.34%    passed     99.55%
 103  200724_20-08522_HIV11-02415_FL24_S18_L000_read_103_count_1   14.34%    passed     99.29%
 104  200724_20-08522_HIV11-02415_FL24_S18_L000_read_104_count_1   14.34%    passed     99.19%
 105  200724_20-08522_HIV11-02415_FL24_S18_L000_read_105_count_1   14.34%    passed     99.55%
 106  200724_20-08522_HIV11-02415_FL24_S18_L000_read_106_count_1   13.96%    passed     99.56%
 107  200724_20-08522_HIV11-02415_FL24_S18_L000_read_107_count_1   14.34%    passed     97.84%
 108  200724_20-08522_HIV11-02415_FL24_S18_L000_read_108_count_1   14.34%    passed     99.60%
 109  200724_20-08522_HIV11-02415_FL24_S18_L000_read_109_count_1   14.34%    passed     99.18%
 110  200724_20-08522_HIV11-02415_FL24_S18_L000_read_110_count_1   14.34%    passed     99.24%
 111  200724_20-08522_HIV11-02415_FL24_S18_L000_read_111_count_1   14.34%    passed     98.32%
 112  200724_20-08522_HIV11-02415_FL24_S18_L000_read_112_count_1   14.34%    passed     99.19%
 113  200724_20-08522_HIV11-02415_FL24_S18_L000_read_113_count_1   14.34%    passed     99.69%
 114  200724_20-08522_HIV11-02415_FL24_S18_L000_read_114_count_1   14.34%    passed     99.98%
 115  200724_20-08522_HIV11-02415_FL24_S18_L000_read_115_count_1   14.34%    passed     93.44%
 116  200724_20-08522_HIV11-02415_FL24_S18_L000_read_116_count_1   14.34%    passed     99.24%
 117  200724_20-08522_HIV11-02415_FL24_S18_L000_read_117_count_1   14.34%    passed     98.92%
 118  200724_20-08522_HIV11-02415_FL24_S18_L000_read_118_count_1   14.34%    passed     99.18%
 119  200724_20-08522_HIV11-02415_FL24_S18_L000_read_119_count_1   14.34%    passed     98.22%
 120  200724_20-08522_HIV11-02415_FL24_S18_L000_read_120_count_1   14.72%    passed     98.12%
 121  200724_20-08522_HIV11-02415_FL24_S18_L000_read_121_count_1   14.34%    passed     99.59%
 122  200709_20-07994_HIV07-01067_FL21_S1_L000_read_1_count_375    14.34%    passed     99.84%
 123  200709_20-07994_HIV07-01067_FL21_S1_L000_read_2_count_69     14.34%    passed     99.19%
 124  200709_20-07994_HIV07-01067_FL21_S1_L000_read_3_count_6      14.34%    passed     99.35%
 125  200709_20-07994_HIV07-01067_FL21_S1_L000_read_4_count_3      14.34%    passed     99.98%
 126  200709_20-07994_HIV07-01067_FL21_S1_L000_read_5_count_2      14.34%    passed     99.98%
 127  200709_20-07994_HIV07-01067_FL21_S1_L000_read_6_count_2      14.34%    passed     99.35%
 128  200709_20-07994_HIV07-01067_FL21_S1_L000_read_7_count_2      14.34%    passed     99.19%
 129  200709_20-07994_HIV07-01067_FL21_S1_L000_read_8_count_2      14.34%    passed     99.35%
 130  200709_20-07994_HIV07-01067_FL21_S1_L000_read_9_count_2      14.34%    passed     99.86%
 131  200709_20-07994_HIV07-01067_FL21_S1_L000_read_10_count_2     14.34%    passed     99.98%
 132  200709_20-07994_HIV07-01067_FL21_S1_L000_read_11_count_2     14.34%    passed     99.98%
 133  200709_20-07994_HIV07-01067_FL21_S1_L000_read_12_count_1     14.34%    passed     99.35%
 134  200709_20-07994_HIV07-01067_FL21_S1_L000_read_13_count_1     14.34%    passed     99.35%
 135  200709_20-07994_HIV07-01067_FL21_S1_L000_read_14_count_1     14.34%    passed     99.77%
 136  200709_20-07994_HIV07-01067_FL21_S1_L000_read_15_count_1     14.34%    passed     99.77%
 137  200709_20-07994_HIV07-01067_FL21_S1_L000_read_16_count_1     14.34%    passed     99.77%
 138  200709_20-07994_HIV07-01067_FL21_S1_L000_read_17_count_1     14.34%    passed     96.45%
 139  200709_20-07994_HIV07-01067_FL21_S1_L000_read_18_count_1     14.34%    passed     99.84%
 140  200709_20-07994_HIV07-01067_FL21_S1_L000_read_19_count_1     14.34%    passed     99.15%
 141  200709_20-07994_HIV07-01067_FL21_S1_L000_read_20_count_1     14.34%    passed     99.35%
 142  200709_20-07994_HIV07-01067_FL21_S1_L000_read_21_count_1     14.34%    passed     99.86%
 143  200709_20-07994_HIV07-01067_FL21_S1_L000_read_22_count_1     14.34%    passed     98.83%
 144  200709_20-07994_HIV07-01067_FL21_S1_L000_read_23_count_1     14.34%    passed     99.84%
 145  200709_20-07994_HIV07-01067_FL21_S1_L000_read_24_count_1     14.34%    passed     99.35%
 146  200709_20-07994_HIV07-01067_FL21_S1_L000_read_25_count_1     14.34%    passed     99.19%
 147  200709_20-07994_HIV07-01067_FL21_S1_L000_read_26_count_1     14.34%    passed     99.84%
 148  200709_20-07994_HIV07-01067_FL21_S1_L000_read_27_count_1     14.34%    passed     99.50%
 149  200709_20-07994_HIV07-01067_FL21_S1_L000_read_28_count_1     14.34%    passed     99.19%
 150  200709_20-07994_HIV07-01067_FL21_S1_L000_read_29_count_1     14.34%    passed     99.77%
 151  200709_20-07994_HIV07-01067_FL21_S1_L000_read_30_count_1     14.34%    passed     98.32%
 152  200709_20-07994_HIV07-01067_FL21_S1_L000_read_31_count_1     14.34%    passed     99.19%
 153  200709_20-07994_HIV07-01067_FL21_S1_L000_read_32_count_1     14.34%    passed     94.52%
 154  200709_20-07994_HIV07-01067_FL21_S1_L000_read_33_count_1     14.34%    passed     99.15%
 155  200709_20-07994_HIV07-01067_FL21_S1_L000_read_34_count_1     14.34%    passed     99.59%
 156  200709_20-07994_HIV07-01067_FL21_S1_L000_read_35_count_1     14.34%    passed     99.77%
 157  200709_20-07994_HIV07-01067_FL21_S1_L000_read_36_count_1     14.34%    passed     98.98%
 158  200709_20-07994_HIV07-01067_FL21_S1_L000_read_37_count_1     14.34%    passed     99.92%
 159  200709_20-07994_HIV07-01067_FL21_S1_L000_read_38_count_1     14.34%    passed     99.98%
 160  200709_20-07994_HIV07-01067_FL21_S1_L000_read_39_count_1     14.34%    passed     99.84%
 161  200709_20-07994_HIV07-01067_FL21_S1_L000_read_40_count_1     14.34%    passed     99.92%
 162  200709_20-07994_HIV07-01067_FL21_S1_L000_read_41_count_1     14.34%    passed     99.77%
 163  200709_20-07994_HIV07-01067_FL21_S1_L000_read_42_count_1     14.34%    passed     99.98%
 164  200709_20-07994_HIV07-01067_FL21_S1_L000_read_43_count_1     14.34%    passed     99.86%
 165  200709_20-07994_HIV07-01067_FL21_S1_L000_read_44_count_1     13.96%    passed     96.96%
 166  200709_20-07994_HIV07-01067_FL21_S1_L000_read_45_count_1     14.34%    passed     99.35%
 167  200709_20-07994_HIV07-01067_FL21_S1_L000_read_46_count_1     14.34%    passed     98.76%
 168  200709_20-07994_HIV07-01067_FL21_S1_L000_read_47_count_1     14.34%    passed     99.86%
 169  200709_20-07994_HIV07-01067_FL21_S1_L000_read_48_count_1     14.34%    passed     99.35%
 170  200709_20-07994_HIV07-01067_FL21_S1_L000_read_49_count_1     14.34%    passed     99.77%
 171  200709_20-07994_HIV07-01067_FL21_S1_L000_read_50_count_1     14.34%    passed     98.97%
 172  200709_20-07994_HIV07-01067_FL21_S1_L000_read_51_count_1     14.72%    passed     99.97%
 173  200709_20-07994_HIV07-01067_FL21_S1_L000_read_52_count_1     13.96%    passed     99.85%
 174  200709_20-07994_HIV07-01067_FL21_S1_L000_read_53_count_1     14.34%    passed     99.35%
 175  200709_20-07994_HIV07-01067_FL21_S1_L000_read_54_count_1     14.34%    passed     99.63%
 176  200709_20-07994_HIV07-01067_FL21_S1_L000_read_55_count_1     14.34%    passed     99.94%
 177  200709_20-07994_HIV07-01067_FL21_S1_L000_read_56_count_1     14.34%    passed     99.77%
 178  200709_20-07994_HIV07-01067_FL21_S1_L000_read_57_count_1     14.72%    passed     99.83%
 179  200709_20-07994_HIV07-01067_FL21_S1_L000_read_58_count_1     14.34%    passed     99.35%
 180  200709_20-07994_HIV07-01067_FL21_S1_L000_read_59_count_1     14.34%    passed     98.32%
 181  200709_20-07994_HIV07-01067_FL21_S1_L000_read_60_count_1     14.34%    passed     97.76%
 182  200709_20-07994_HIV07-01067_FL21_S1_L000_read_61_count_1     14.34%    passed     98.74%
 183  200709_20-07994_HIV07-01067_FL21_S1_L000_read_62_count_1     14.34%    passed     99.92%
 184  200709_20-07994_HIV07-01067_FL21_S1_L000_read_63_count_1     14.72%    passed     99.54%
 185  200709_20-07994_HIV07-01067_FL21_S1_L000_read_64_count_1     14.34%    passed     99.35%
 186  200709_20-07994_HIV07-01067_FL21_S1_L000_read_65_count_1     14.34%    passed     99.86%
 187  200709_20-07994_HIV07-01067_FL21_S1_L000_read_66_count_1     14.34%    passed     98.97%
 188  200709_20-07994_HIV07-01067_FL21_S1_L000_read_67_count_1      3.02%    passed     99.46%
 189  200709_20-07994_HIV07-01067_FL21_S1_L000_read_68_count_1     14.34%    passed     99.77%
 190  200709_20-07994_HIV07-01067_FL21_S1_L000_read_69_count_1     14.34%    passed     99.77%
 191  200709_20-07994_HIV07-01067_FL21_S1_L000_read_70_count_1     14.34%    passed     99.84%
 192  200709_20-07994_HIV07-01067_FL21_S1_L000_read_71_count_1     14.34%    passed     99.92%
 193  200709_20-07994_HIV07-01067_FL21_S1_L000_read_72_count_1     14.34%    passed     97.76%
 194  200709_20-07994_HIV07-01067_FL21_S1_L000_read_73_count_1     14.34%    passed     99.86%
 195  200709_20-07994_HIV07-01067_FL21_S1_L000_read_74_count_1     14.34%    passed     99.86%
 196  200709_20-07994_HIV07-01067_FL21_S1_L000_read_75_count_1     14.72%    passed     98.92%
 197  200709_20-07994_HIV07-01067_FL21_S1_L000_read_76_count_1     14.34%    passed     99.77%
 198  200709_20-07994_HIV07-01067_FL21_S1_L000_read_77_count_1     14.34%    passed     96.45%
 199  200709_20-07994_HIV07-01067_FL21_S1_L000_read_78_count_1     14.34%    passed     99.98%
 200  200709_20-07994_HIV07-01067_FL21_S1_L000_read_79_count_1     14.34%    passed     99.35%
 201  200709_20-07994_HIV07-01067_FL21_S1_L000_read_80_count_1     14.34%    passed     98.83%
 202  200709_20-07994_HIV07-01067_FL21_S1_L000_read_81_count_1     14.34%    passed     99.35%
 203  200709_20-07994_HIV07-01067_FL21_S1_L000_read_82_count_1     14.34%    passed     98.32%
 204  200709_20-07994_HIV07-01067_FL21_S1_L000_read_83_count_1     14.34%    passed     99.86%
 205  200709_20-07994_HIV07-01067_FL21_S1_L000_read_84_count_1     14.34%    passed     99.77%
 206  200709_20-07994_HIV07-01067_FL21_S1_L000_read_85_count_1     14.34%    passed     99.86%
 207  200709_20-07994_HIV07-01067_FL21_S1_L000_read_86_count_1     14.34%    passed     99.77%
 208  200709_20-07994_HIV07-01067_FL21_S1_L000_read_87_count_1     14.34%    passed     99.19%
 209  200709_20-07994_HIV07-01067_FL21_S1_L000_read_88_count_1     14.34%    passed     98.76%
 210  200709_20-07994_HIV07-01067_FL21_S1_L000_read_89_count_1     14.34%    passed     99.98%
 211  200709_20-07994_HIV07-01067_FL21_S1_L000_read_90_count_1     14.34%    passed     99.03%
 212  200709_20-07994_HIV07-01067_FL21_S1_L000_read_91_count_1     14.34%    passed     99.13%
 213  200709_20-07994_HIV07-01067_FL21_S1_L000_read_92_count_1     14.34%    passed     99.98%
 214  200709_20-07994_HIV07-01067_FL21_S1_L000_read_93_count_1     14.34%    passed     98.97%
 215  200709_20-07994_HIV07-01067_FL21_S1_L000_read_94_count_1     14.34%    passed     99.35%
 216  200709_20-07994_HIV07-01067_FL21_S1_L000_read_95_count_1     14.34%    passed     99.94%
 217  200709_20-07994_HIV07-01067_FL21_S1_L000_read_96_count_1     14.34%    passed     99.03%
 218  200709_20-07994_HIV07-01067_FL21_S1_L000_read_97_count_1     14.34%    passed     98.41%
 219  200709_20-07994_HIV07-01067_FL21_S1_L000_read_98_count_1     14.34%    passed     94.52%
 220  200709_20-07994_HIV07-01067_FL21_S1_L000_read_99_count_1     14.72%    passed     99.83%
 221  200709_20-07994_HIV07-01067_FL21_S1_L000_read_100_count_1    14.34%    passed     99.94%
 222  200709_20-07994_HIV07-01067_FL21_S1_L000_read_101_count_1    14.34%    passed     99.86%
 223  200703_20-07825_HIV09-00618_FL18_S6_L000_read_1_count_315    14.34%    passed     97.42%
 224  200703_20-07825_HIV09-00618_FL18_S6_L000_read_2_count_3      14.34%    passed     95.95%
 225  200703_20-07825_HIV09-00618_FL18_S6_L000_read_3_count_2      13.58%    passed     95.81%
 226  200703_20-07825_HIV09-00618_FL18_S6_L000_read_4_count_2      14.34%    passed     99.32%
 227  200703_20-07825_HIV09-00618_FL18_S6_L000_read_5_count_2      14.34%    passed     99.32%
 228  200703_20-07825_HIV09-00618_FL18_S6_L000_read_6_count_1      14.34%    passed     95.95%
 229  200703_20-07825_HIV09-00618_FL18_S6_L000_read_7_count_1      14.34%    passed     93.72%
 230  200703_20-07825_HIV09-00618_FL18_S6_L000_read_8_count_1      14.34%    passed     93.72%
 231  200703_20-07825_HIV09-00618_FL18_S6_L000_read_9_count_1      14.34%    passed     94.85%
 232  200703_20-07825_HIV09-00618_FL18_S6_L000_read_10_count_1     14.34%    passed     94.43%
 233  200703_20-07825_HIV09-00618_FL18_S6_L000_read_11_count_1     14.34%    passed     97.27%
 234  200703_20-07825_HIV09-00618_FL18_S6_L000_read_12_count_1     14.34%    passed     93.72%
 235  200703_20-07825_HIV09-00618_FL18_S6_L000_read_13_count_1     14.34%    passed     93.72%
 236  200703_20-07825_HIV09-00618_FL18_S6_L000_read_14_count_1     14.34%    passed     95.95%
 237  200703_20-07825_HIV09-00618_FL18_S6_L000_read_15_count_1     14.34%    passed     97.67%
 238  200703_20-07825_HIV09-00618_FL18_S6_L000_read_16_count_1     14.34%    passed     93.72%
 239  200703_20-07825_HIV09-00618_FL18_S6_L000_read_17_count_1     14.34%    passed     93.72%
 240  200703_20-07825_HIV09-00618_FL18_S6_L000_read_18_count_1     14.34%    passed     93.72%
 241  200703_20-07825_HIV09-00618_FL18_S6_L000_read_19_count_1     14.34%    passed     99.32%
 242  200703_20-07825_HIV09-00618_FL18_S6_L000_read_20_count_1     14.34%    passed     93.72%
 243  200703_20-07825_HIV09-00618_FL18_S6_L000_read_21_count_1     14.34%    passed     98.54%
 244  200703_20-07825_HIV09-00618_FL18_S6_L000_read_22_count_1     14.34%    passed     93.72%
 245  200703_20-07825_HIV09-00618_FL18_S6_L000_read_23_count_1     14.34%    passed     93.72%
 246  200703_20-07825_HIV09-00618_FL18_S6_L000_read_24_count_1     14.34%    passed     98.22%
 247  200703_20-07825_HIV09-00618_FL18_S6_L000_read_25_count_1     17.74%    passed     87.80%
 248  200703_20-07825_HIV09-00618_FL18_S6_L000_read_26_count_1     13.96%    passed     95.14%
 249  200703_20-07825_HIV09-00618_FL18_S6_L000_read_27_count_1     14.34%    passed     93.72%
 250  200703_20-07825_HIV09-00618_FL18_S6_L000_read_28_count_1     14.34%    passed     95.29%
 251  200703_20-07825_HIV09-00618_FL18_S6_L000_read_29_count_1     14.34%    passed     96.00%
 252  200703_20-07825_HIV09-00618_FL18_S6_L000_read_30_count_1     14.34%    passed     99.32%
 253  200703_20-07825_HIV09-00618_FL18_S6_L000_read_31_count_1     14.34%    passed     95.29%
 254  200703_20-07825_HIV09-00618_FL18_S6_L000_read_32_count_1     14.34%    passed     95.95%
 255  200703_20-07825_HIV09-00618_FL18_S6_L000_read_33_count_1     14.34%    passed     93.72%
 256  200703_20-07825_HIV09-00618_FL18_S6_L000_read_34_count_1     14.34%    passed     95.95%
 257  200703_20-07825_HIV09-00618_FL18_S6_L000_read_35_count_1     14.34%    passed     97.00%
 258  200703_20-07825_HIV09-00618_FL18_S6_L000_read_36_count_1     14.34%    passed     92.08%
 259  200703_20-07825_HIV09-00618_FL18_S6_L000_read_37_count_1     14.34%    passed     95.95%
 260  200703_20-07825_HIV09-00618_FL18_S6_L000_read_38_count_1     14.34%    passed     94.43%
 261  200703_20-07825_HIV09-00618_FL18_S6_L000_read_39_count_1     14.34%    passed     94.43%
 262  200703_20-07825_HIV09-00618_FL18_S6_L000_read_40_count_1     14.34%    passed     93.72%
 263  200703_20-07825_HIV09-00618_FL18_S6_L000_read_41_count_1     14.34%    passed     93.72%
 264  200703_20-07825_HIV09-00618_FL18_S6_L000_read_42_count_1     14.34%    passed     93.72%
 265  200703_20-07825_HIV09-00618_FL18_S6_L000_read_43_count_1     14.34%    passed     99.94%
 266  200703_20-07825_HIV09-00618_FL18_S6_L000_read_44_count_1     14.34%    passed     98.00%
 267  200814_20-09728_HIV09-02843_FL30_S2_L000_read_1_count_156    14.34%    passed     97.02%
 268  200814_20-09728_HIV09-02843_FL30_S2_L000_read_2_count_26     14.34%    passed     99.03%
 269  200814_20-09728_HIV09-02843_FL30_S2_L000_read_3_count_21     14.34%    passed     94.51%
 270  200814_20-09728_HIV09-02843_FL30_S2_L000_read_4_count_18     14.34%    passed     98.18%
 271  200814_20-09728_HIV09-02843_FL30_S2_L000_read_5_count_14     14.34%    passed     94.51%
 272  200814_20-09728_HIV09-02843_FL30_S2_L000_read_6_count_13     14.34%    passed     94.51%
 273  200814_20-09728_HIV09-02843_FL30_S2_L000_read_7_count_12     14.34%    passed     97.02%
 274  200814_20-09728_HIV09-02843_FL30_S2_L000_read_8_count_10     14.34%    passed     98.18%
 275  200814_20-09728_HIV09-02843_FL30_S2_L000_read_9_count_10     14.34%    passed     94.51%
 276  200814_20-09728_HIV09-02843_FL30_S2_L000_read_10_count_9     14.34%    passed     98.18%
 277  200814_20-09728_HIV09-02843_FL30_S2_L000_read_11_count_7     14.34%    passed     98.18%
 278  200814_20-09728_HIV09-02843_FL30_S2_L000_read_12_count_7     14.34%    passed     98.18%
 279  200814_20-09728_HIV09-02843_FL30_S2_L000_read_13_count_5     14.34%    passed     98.18%
 280  200814_20-09728_HIV09-02843_FL30_S2_L000_read_14_count_5     14.34%    passed     99.03%
 281  200814_20-09728_HIV09-02843_FL30_S2_L000_read_15_count_4     14.34%    passed     98.18%
 282  200814_20-09728_HIV09-02843_FL30_S2_L000_read_16_count_4     14.34%    passed     94.51%
 283  200814_20-09728_HIV09-02843_FL30_S2_L000_read_17_count_3     14.34%    passed     99.03%
 284  200814_20-09728_HIV09-02843_FL30_S2_L000_read_18_count_3     14.34%    passed     97.02%
 285  200814_20-09728_HIV09-02843_FL30_S2_L000_read_19_count_3     14.34%    passed     94.51%
 286  200814_20-09728_HIV09-02843_FL30_S2_L000_read_20_count_2     14.34%    passed     95.04%
 287  200814_20-09728_HIV09-02843_FL30_S2_L000_read_21_count_2     14.34%    passed     94.51%
 288  200814_20-09728_HIV09-02843_FL30_S2_L000_read_22_count_2     14.34%    passed     98.18%
 289  200814_20-09728_HIV09-02843_FL30_S2_L000_read_23_count_2     14.34%    passed     99.03%
 290  200814_20-09728_HIV09-02843_FL30_S2_L000_read_24_count_1     14.34%    passed     97.46%
 291  200814_20-09728_HIV09-02843_FL30_S2_L000_read_25_count_1     14.34%    passed     90.33%
 292  200814_20-09728_HIV09-02843_FL30_S2_L000_read_26_count_1     14.34%    passed     98.83%
 293  200814_20-09728_HIV09-02843_FL30_S2_L000_read_27_count_1     14.34%    passed     92.70%
 294  200814_20-09728_HIV09-02843_FL30_S2_L000_read_28_count_1     14.34%    passed     94.25%
 295  200814_20-09728_HIV09-02843_FL30_S2_L000_read_29_count_1     14.34%    passed     96.55%
 296  200814_20-09728_HIV09-02843_FL30_S2_L000_read_30_count_1     14.34%    passed     92.70%
 297  200814_20-09728_HIV09-02843_FL30_S2_L000_read_31_count_1     14.34%    passed     98.18%
 298  200814_20-09728_HIV09-02843_FL30_S2_L000_read_32_count_1     14.34%    passed     97.02%
 299  200814_20-09728_HIV09-02843_FL30_S2_L000_read_33_count_1     14.34%    passed     97.46%
 300  200814_20-09728_HIV09-02843_FL30_S2_L000_read_34_count_1     14.34%    passed     94.64%
 301  200814_20-09728_HIV09-02843_FL30_S2_L000_read_35_count_1     14.34%    passed     96.55%
 302  200814_20-09728_HIV09-02843_FL30_S2_L000_read_36_count_1     14.34%    passed     97.02%
 303  200814_20-09728_HIV09-02843_FL30_S2_L000_read_37_count_1     13.58%    passed     87.90%
 304  200814_20-09728_HIV09-02843_FL30_S2_L000_read_38_count_1     14.34%    passed     95.92%
 305  200814_20-09728_HIV09-02843_FL30_S2_L000_read_39_count_1     14.34%    passed     90.86%
 306  200814_20-09728_HIV09-02843_FL30_S2_L000_read_40_count_1     14.34%    passed     98.18%
 307  200814_20-09728_HIV09-02843_FL30_S2_L000_read_41_count_1     14.72%    passed     97.85%
 308  200814_20-09728_HIV09-02843_FL30_S2_L000_read_42_count_1     14.72%    passed     96.28%
 309  200814_20-09728_HIV09-02843_FL30_S2_L000_read_43_count_1     14.34%    passed     95.04%
 310  200814_20-09728_HIV09-02843_FL30_S2_L000_read_44_count_1     14.34%    passed     97.00%
 311  200814_20-09728_HIV09-02843_FL30_S2_L000_read_45_count_1     14.34%    passed     99.77%
 312  200814_20-09728_HIV09-02843_FL30_S2_L000_read_46_count_1     14.34%    passed     99.03%
 313  200814_20-09728_HIV09-02843_FL30_S2_L000_read_47_count_1     14.34%    passed     99.03%
 314  200814_20-09728_HIV09-02843_FL30_S2_L000_read_48_count_1     14.34%    passed     94.51%
 315  200814_20-09728_HIV09-02843_FL30_S2_L000_read_49_count_1     14.34%    passed     94.34%
 316  200814_20-09728_HIV09-02843_FL30_S2_L000_read_50_count_1     14.34%    passed     97.02%
 317  200814_20-09728_HIV09-02843_FL30_S2_L000_read_51_count_1     14.34%    passed     94.34%
 318  200814_20-09728_HIV09-02843_FL30_S2_L000_read_52_count_1     14.34%    passed     99.03%
 319  200814_20-09728_HIV09-02843_FL30_S2_L000_read_53_count_1     13.96%    passed     95.15%
 320  200814_20-09728_HIV09-02843_FL30_S2_L000_read_54_count_1     14.34%    passed     98.00%
 321  200814_20-09728_HIV09-02843_FL30_S2_L000_read_55_count_1     14.34%    passed     94.14%
 322  200814_20-09728_HIV09-02843_FL30_S2_L000_read_56_count_1     14.34%    passed     98.32%
 323  200814_20-09728_HIV09-02843_FL30_S2_L000_read_57_count_1     14.34%    passed     99.11%
 324  200814_20-09728_HIV09-02843_FL30_S2_L000_read_58_count_1     14.72%    passed     98.47%
 325  200814_20-09728_HIV09-02843_FL30_S2_L000_read_59_count_1     14.34%    passed     98.41%
 326  200814_20-09728_HIV09-02843_FL30_S2_L000_read_60_count_1     14.34%    passed     95.92%
 327  200814_20-09728_HIV09-02843_FL30_S2_L000_read_61_count_1     14.34%    passed     97.46%
 328  200814_20-09728_HIV09-02843_FL30_S2_L000_read_62_count_1     14.34%    passed     98.41%
 329  200814_20-09728_HIV09-02843_FL30_S2_L000_read_63_count_1     14.34%    passed     88.79%
 330  200814_20-09728_HIV09-02843_FL30_S2_L000_read_64_count_1     14.34%    passed     98.41%
 331  200814_20-09728_HIV09-02843_FL30_S2_L000_read_65_count_1     14.34%    passed     98.18%
 332  200814_20-09728_HIV09-02843_FL30_S2_L000_read_66_count_1     14.34%    passed     97.02%
 333  200814_20-09728_HIV09-02843_FL30_S2_L000_read_67_count_1     14.34%    passed     94.14%
 334  200814_20-09728_HIV09-02843_FL30_S2_L000_read_68_count_1     14.34%    passed     98.41%
 335  200814_20-09728_HIV09-02843_FL30_S2_L000_read_69_count_1     14.34%    passed     96.45%
 336  200814_20-09728_HIV09-02843_FL30_S2_L000_read_70_count_1     13.96%    passed     95.51%
 337  200814_20-09728_HIV09-02843_FL30_S2_L000_read_71_count_1     14.72%    passed     96.28%
 338  200814_20-09728_HIV09-02843_FL30_S2_L000_read_72_count_1     14.34%    passed     99.03%
 339  200724_20-08518_HIV10-02405_FL24_S14_L000_read_1_count_88    14.34%    passed     97.99%
 340  200724_20-08518_HIV10-02405_FL24_S14_L000_read_2_count_29    14.34%    passed     96.88%
 341  200724_20-08518_HIV10-02405_FL24_S14_L000_read_3_count_18    14.34%    passed     95.26%
 342  200724_20-08518_HIV10-02405_FL24_S14_L000_read_4_count_8     14.34%    passed     95.26%
 343  200724_20-08518_HIV10-02405_FL24_S14_L000_read_5_count_7     14.34%    passed     87.23%
 344  200724_20-08518_HIV10-02405_FL24_S14_L000_read_6_count_6     14.34%    passed     96.88%
 345  200724_20-08518_HIV10-02405_FL24_S14_L000_read_7_count_4     14.34%    passed     95.26%
 346  200724_20-08518_HIV10-02405_FL24_S14_L000_read_8_count_3     14.34%    passed     90.70%
 347  200724_20-08518_HIV10-02405_FL24_S14_L000_read_9_count_3     14.34%    passed     99.26%
 348  200724_20-08518_HIV10-02405_FL24_S14_L000_read_10_count_3    14.34%    passed     93.92%
 349  200724_20-08518_HIV10-02405_FL24_S14_L000_read_11_count_3    14.34%    passed     95.26%
 350  200724_20-08518_HIV10-02405_FL24_S14_L000_read_12_count_3    14.34%    passed     93.92%
 351  200724_20-08518_HIV10-02405_FL24_S14_L000_read_13_count_2    14.34%    passed     97.40%
 352  200724_20-08518_HIV10-02405_FL24_S14_L000_read_14_count_2    14.34%    passed     96.88%
 353  200724_20-08518_HIV10-02405_FL24_S14_L000_read_15_count_2    14.34%    passed     93.52%
 354  200724_20-08518_HIV10-02405_FL24_S14_L000_read_16_count_2    14.34%    passed     97.14%
 355  200724_20-08518_HIV10-02405_FL24_S14_L000_read_17_count_2    14.34%    passed     93.92%
 356  200724_20-08518_HIV10-02405_FL24_S14_L000_read_18_count_2    14.34%    passed     93.52%
 357  200724_20-08518_HIV10-02405_FL24_S14_L000_read_19_count_2    14.34%    passed     97.40%
 358  200724_20-08518_HIV10-02405_FL24_S14_L000_read_20_count_1    14.34%    passed     95.37%
 359  200724_20-08518_HIV10-02405_FL24_S14_L000_read_21_count_1    14.34%    passed     93.10%
 360  200724_20-08518_HIV10-02405_FL24_S14_L000_read_22_count_1    14.34%    passed     95.38%
 361  200724_20-08518_HIV10-02405_FL24_S14_L000_read_23_count_1    14.72%    passed     96.68%
 362  200724_20-08518_HIV10-02405_FL24_S14_L000_read_24_count_1    14.34%    passed     95.26%
 363  200724_20-08518_HIV10-02405_FL24_S14_L000_read_25_count_1    14.34%    passed     87.23%
 364  200724_20-08518_HIV10-02405_FL24_S14_L000_read_26_count_1    14.34%    passed     94.45%
 365  200724_20-08518_HIV10-02405_FL24_S14_L000_read_27_count_1    14.34%    passed     93.92%
 366  200724_20-08518_HIV10-02405_FL24_S14_L000_read_28_count_1    14.34%    passed     94.45%
 367  200724_20-08518_HIV10-02405_FL24_S14_L000_read_29_count_1    14.34%    passed     98.38%
 368  200724_20-08518_HIV10-02405_FL24_S14_L000_read_30_count_1    14.34%    passed     95.37%
 369  200724_20-08518_HIV10-02405_FL24_S14_L000_read_31_count_1    14.34%    passed     95.47%
 370  200724_20-08518_HIV10-02405_FL24_S14_L000_read_32_count_1    14.34%    passed     93.92%
 371  200724_20-08518_HIV10-02405_FL24_S14_L000_read_33_count_1    14.34%    passed     95.47%
 372  200724_20-08518_HIV10-02405_FL24_S14_L000_read_34_count_1    13.96%    passed     88.31%
 373  200724_20-08518_HIV10-02405_FL24_S14_L000_read_35_count_1    14.34%    passed     83.58%
 374  200724_20-08518_HIV10-02405_FL24_S14_L000_read_36_count_1    14.34%    passed     97.40%
 375  200724_20-08518_HIV10-02405_FL24_S14_L000_read_37_count_1    14.72%    passed     86.91%
 376  200724_20-08518_HIV10-02405_FL24_S14_L000_read_38_count_1    14.34%    passed     97.14%
 377  200724_20-08518_HIV10-02405_FL24_S14_L000_read_39_count_1    14.34%    passed     96.88%
 378  200724_20-08518_HIV10-02405_FL24_S14_L000_read_40_count_1    14.34%    passed     90.70%
 379  200724_20-08518_HIV10-02405_FL24_S14_L000_read_41_count_1    14.34%    passed     91.78%
 380  200724_20-08518_HIV10-02405_FL24_S14_L000_read_42_count_1    14.34%    passed     93.92%
 381  200724_20-08518_HIV10-02405_FL24_S14_L000_read_43_count_1    14.34%    passed     90.70%
 382  200724_20-08518_HIV10-02405_FL24_S14_L000_read_44_count_1    14.34%    passed     95.47%
 383  200724_20-08518_HIV10-02405_FL24_S14_L000_read_45_count_1    14.34%    passed     96.88%
 384  200724_20-08518_HIV10-02405_FL24_S14_L000_read_46_count_1    14.34%    passed     90.70%
 385  200724_20-08518_HIV10-02405_FL24_S14_L000_read_47_count_1    14.72%    passed     96.68%
 386  200724_20-08518_HIV10-02405_FL24_S14_L000_read_48_count_1    14.34%    passed     97.33%
 387  200724_20-08518_HIV10-02405_FL24_S14_L000_read_49_count_1    14.34%    passed     95.38%
 388  200724_20-08518_HIV10-02405_FL24_S14_L000_read_50_count_1    14.34%    passed     98.38%
 389  200724_20-08518_HIV10-02405_FL24_S14_L000_read_51_count_1    14.72%    passed     99.65%
 390  200724_20-08518_HIV10-02405_FL24_S14_L000_read_52_count_1    14.34%    passed     93.35%
 391  200724_20-08518_HIV10-02405_FL24_S14_L000_read_53_count_1    14.34%    passed     89.36%
 392  200724_20-08518_HIV10-02405_FL24_S14_L000_read_54_count_1    14.34%    passed     95.47%
 393  200724_20-08518_HIV10-02405_FL24_S14_L000_read_55_count_1    14.34%    passed     95.37%
 394  200724_20-08518_HIV10-02405_FL24_S14_L000_read_56_count_1    14.34%    passed     93.92%
 395  200724_20-08518_HIV10-02405_FL24_S14_L000_read_57_count_1    14.34%    passed     99.26%
 396  200724_20-08518_HIV10-02405_FL24_S14_L000_read_58_count_1    14.34%    passed     97.40%
 397  200724_20-08518_HIV10-02405_FL24_S14_L000_read_59_count_1    14.34%    passed     95.26%
 398  200724_20-08518_HIV10-02405_FL24_S14_L000_read_60_count_1    14.34%    passed     78.39%
 399  200724_20-08518_HIV10-02405_FL24_S14_L000_read_61_count_1    14.34%    passed     99.26%
 400  200724_20-08518_HIV10-02405_FL24_S14_L000_read_62_count_1    14.34%    passed     98.19%
 401  200724_20-08518_HIV10-02405_FL24_S14_L000_read_63_count_1    14.34%    passed     97.99%
 402  200724_20-08518_HIV10-02405_FL24_S14_L000_read_64_count_1    14.34%    passed     99.26%
 403  200724_20-08518_HIV10-02405_FL24_S14_L000_read_65_count_1    14.34%    passed     90.70%
 404  200724_20-08518_HIV10-02405_FL24_S14_L000_read_66_count_1    14.34%    passed     95.37%
 405  200724_20-08518_HIV10-02405_FL24_S14_L000_read_67_count_1    14.34%    passed     98.38%
 406  200724_20-08518_HIV10-02405_FL24_S14_L000_read_68_count_1    14.34%    passed     98.38%
 407  200724_20-08518_HIV10-02405_FL24_S14_L000_read_69_count_1    14.34%    passed     96.88%
 408  200724_20-08518_HIV10-02405_FL24_S14_L000_read_70_count_1    14.34%    passed     95.26%
 409  200724_20-08518_HIV10-02405_FL24_S14_L000_read_71_count_1    14.34%    passed     93.52%
 410  200724_20-08518_HIV10-02405_FL24_S14_L000_read_72_count_1    14.34%    passed     97.99%
 411  200724_20-08518_HIV10-02405_FL24_S14_L000_read_73_count_1    14.34%    passed     98.38%
 412  200724_20-08518_HIV10-02405_FL24_S14_L000_read_74_count_1    14.34%    passed     98.38%
 413  200724_20-08518_HIV10-02405_FL24_S14_L000_read_75_count_1    14.34%    passed     93.92%
 414  200724_20-08518_HIV10-02405_FL24_S14_L000_read_76_count_1    14.34%    passed     93.52%
 415  200724_20-08518_HIV10-02405_FL24_S14_L000_read_77_count_1    14.34%    passed     98.88%
 416  200724_20-08518_HIV10-02405_FL24_S14_L000_read_78_count_1    14.34%    passed     83.58%
 417  200724_20-08518_HIV10-02405_FL24_S14_L000_read_79_count_1    14.34%    passed     99.26%
 418  200724_20-08518_HIV10-02405_FL24_S14_L000_read_80_count_1    14.34%    passed     97.14%
 419  200724_20-08518_HIV10-02405_FL24_S14_L000_read_81_count_1    13.96%    passed     98.64%
 420  200724_20-08518_HIV10-02405_FL24_S14_L000_read_82_count_1    14.34%    passed     93.92%
 421  200724_20-08518_HIV10-02405_FL24_S14_L000_read_83_count_1    14.34%    passed     93.52%
 422  B.FR.83.HXB2_LAI_IIIB_BRU.K03455                             14.34%    passed     99.94%
 423  C.BW.00.00BW07621.AF443088                                   14.34%    passed     87.46%
****  TOTAL                                                        14.39%  0 sequences failed composition chi2 test (p-value<5%; df=3)
Checking for duplicate sequences: done in 0.000839218 secs using 762.3% CPU

Create initial parsimony tree by phylogenetic likelihood library (PLL)... 0.039 seconds

NOTE: 17 MB RAM (0 GB) is required!
WARNING: Number of threads seems too high for short alignments. Use -T AUTO to determine best number of threads.
Estimate model parameters (epsilon = 0.100)
1. Initial log-likelihood: -3860.803
2. Current log-likelihood: -3740.362
3. Current log-likelihood: -3740.063
Optimal log-likelihood: -3739.980
Rate parameters:  A-C: 0.69515  A-G: 1.64819  A-T: 0.38506  C-G: 0.14709  C-T: 2.15330  G-T: 1.00000
Base frequencies:  A: 0.453  C: 0.144  G: 0.209  T: 0.195
Site proportion and rates:  (0.109,0.427) (0.172,0.512) (0.203,0.596) (0.206,0.762) (0.186,1.235) (0.123,2.896)
Parameters optimization took 3 rounds (1.703 sec)
Wrote distance file to... 
Computing ML distances based on estimated model parameters...
Calculating distance matrix: done in 0.319476 secs using 399.7% CPU
Computing ML distances took 0.320046 sec (of wall-clock time) 1.277341 sec (of CPU time)
Setting up auxiliary I and S matrices: done in 0.0106582 secs using 164.5% CPU
Constructing RapidNJ tree: done in 0.909615 secs using 111.1% CPU
Computing RapidNJ tree took 0.920398 sec (of wall-clock time) 1.028289 sec (of CPU time)
Log-likelihood of RapidNJ tree: -3745.900
--------------------------------------------------------------------
|             INITIALIZING CANDIDATE TREE SET                      |
--------------------------------------------------------------------
Generating 98 parsimony trees... 3.914 second
Computing log-likelihood of 98 initial trees ... 3.447 seconds
Current best score: -3730.325

Do NNI search on 20 best initial trees
Optimizing NNI: done in 0.805551 secs using 377.9% CPU
Estimate model parameters (epsilon = 0.100)
BETTER TREE FOUND at iteration 1: -3725.884
Optimizing NNI: done in 0.404617 secs using 393.6% CPU
Optimizing NNI: done in 0.699127 secs using 371.2% CPU
Optimizing NNI: done in 0.567941 secs using 394.3% CPU
Optimizing NNI: done in 0.401882 secs using 395.5% CPU
Optimizing NNI: done in 0.468167 secs using 395.5% CPU
Optimizing NNI: done in 0.473063 secs using 395.1% CPU
Optimizing NNI: done in 0.396636 secs using 397.5% CPU
Optimizing NNI: done in 0.453087 secs using 393% CPU
Optimizing NNI: done in 0.403873 secs using 397.1% CPU
Iteration 10 / LogL: -3735.422 / Time: 0h:0m:16s
Optimizing NNI: done in 0.568185 secs using 395.6% CPU
Optimizing NNI: done in 0.504708 secs using 395.5% CPU
Optimizing NNI: done in 0.445598 secs using 395.2% CPU
Optimizing NNI: done in 0.848672 secs using 376.5% CPU
Estimate model parameters (epsilon = 0.100)
BETTER TREE FOUND at iteration 14: -3724.402
Optimizing NNI: done in 0.497243 secs using 394.3% CPU
Optimizing NNI: done in 0.479345 secs using 398.6% CPU
Optimizing NNI: done in 0.3879 secs using 393.8% CPU
Optimizing NNI: done in 0.315528 secs using 396.6% CPU
Optimizing NNI: done in 0.301178 secs using 397.4% CPU
Optimizing NNI: done in 0.392797 secs using 392% CPU
Iteration 20 / LogL: -3738.111 / Time: 0h:0m:21s
Finish initializing candidate tree set (20)
Current best tree score: -3724.402 / CPU time: 18.726
Number of iterations: 20
--------------------------------------------------------------------
|               OPTIMIZING CANDIDATE TREE SET                      |
--------------------------------------------------------------------
Optimizing NNI: done in 0.834855 secs using 397% CPU
Optimizing NNI: done in 0.853971 secs using 395.1% CPU
Optimizing NNI: done in 0.919709 secs using 375.5% CPU
Optimizing NNI: done in 0.808878 secs using 392.7% CPU
Optimizing NNI: done in 0.611576 secs using 396.9% CPU
Optimizing NNI: done in 0.609443 secs using 397% CPU
Optimizing NNI: done in 0.577652 secs using 390.8% CPU
Optimizing NNI: done in 0.728702 secs using 395.2% CPU
Optimizing NNI: done in 0.783409 secs using 393.5% CPU
Optimizing NNI: done in 0.782999 secs using 381.2% CPU
Iteration 30 / LogL: -3738.143 / Time: 0h:0m:29s (0h:1m:26s left)
Optimizing NNI: done in 0.506592 secs using 396.8% CPU
Optimizing NNI: done in 0.581336 secs using 392.3% CPU
Optimizing NNI: done in 0.747178 secs using 396% CPU
Optimizing NNI: done in 0.608247 secs using 397.2% CPU
Optimizing NNI: done in 0.68152 secs using 394.6% CPU
Optimizing NNI: done in 0.513048 secs using 399.7% CPU
Optimizing NNI: done in 0.600651 secs using 393.6% CPU
Optimizing NNI: done in 0.736642 secs using 378.8% CPU
Optimizing NNI: done in 0.691695 secs using 394.3% CPU
Optimizing NNI: done in 0.700995 secs using 397.6% CPU
Iteration 40 / LogL: -3730.661 / Time: 0h:0m:36s (0h:1m:9s left)
Optimizing NNI: done in 0.753616 secs using 397.2% CPU
Optimizing NNI: done in 0.616382 secs using 394% CPU
Optimizing NNI: done in 0.570838 secs using 394.3% CPU
Optimizing NNI: done in 0.521282 secs using 393.8% CPU
Optimizing NNI: done in 0.661381 secs using 392.6% CPU
Optimizing NNI: done in 0.741544 secs using 375.6% CPU
Optimizing NNI: done in 0.744394 secs using 399.9% CPU
Optimizing NNI: done in 0.61526 secs using 395.7% CPU
Estimate model parameters (epsilon = 0.100)
BETTER TREE FOUND at iteration 48: -3723.605
Optimizing NNI: done in 0.508258 secs using 394.3% CPU
Optimizing NNI: done in 0.605706 secs using 395.2% CPU
Iteration 50 / LogL: -3792.594 / Time: 0h:0m:43s (0h:1m:26s left)
Optimizing NNI: done in 0.696375 secs using 395.2% CPU
Optimizing NNI: done in 0.603244 secs using 394.3% CPU
Optimizing NNI: done in 0.498946 secs using 398.1% CPU
Optimizing NNI: done in 0.845797 secs using 375.4% CPU
Optimizing NNI: done in 0.613764 secs using 394.5% CPU
Optimizing NNI: done in 0.58785 secs using 396.1% CPU
Optimizing NNI: done in 0.755604 secs using 396.5% CPU
Estimate model parameters (epsilon = 0.100)
BETTER TREE FOUND at iteration 57: -3723.407
Optimizing NNI: done in 0.507479 secs using 397.9% CPU
Optimizing NNI: done in 0.578842 secs using 399.8% CPU
Optimizing NNI: done in 0.61692 secs using 395.6% CPU
Iteration 60 / LogL: -3730.094 / Time: 0h:0m:50s (0h:1m:23s left)
Optimizing NNI: done in 0.653733 secs using 372.1% CPU
Optimizing NNI: done in 0.506089 secs using 397.3% CPU
Estimate model parameters (epsilon = 0.100)
BETTER TREE FOUND at iteration 62: -3722.317
Optimizing NNI: done in 0.60077 secs using 396.9% CPU
Optimizing NNI: done in 0.485174 secs using 396% CPU
Optimizing NNI: done in 0.578685 secs using 393.7% CPU
Optimizing NNI: done in 0.680118 secs using 397.3% CPU
Optimizing NNI: done in 0.573837 secs using 396.8% CPU
Optimizing NNI: done in 0.699206 secs using 398% CPU
Optimizing NNI: done in 0.902712 secs using 376.7% CPU
Optimizing NNI: done in 0.500845 secs using 396.1% CPU
Iteration 70 / LogL: -3728.763 / Time: 0h:0m:57s (0h:1m:17s left)
Optimizing NNI: done in 0.770262 secs using 396.9% CPU
Optimizing NNI: done in 0.678721 secs using 395.2% CPU
Optimizing NNI: done in 0.594436 secs using 393.3% CPU
Optimizing NNI: done in 0.793849 secs using 397.8% CPU
Optimizing NNI: done in 0.588284 secs using 394.3% CPU
Optimizing NNI: done in 0.515424 secs using 395.6% CPU
Optimizing NNI: done in 0.761007 secs using 372.9% CPU
Optimizing NNI: done in 0.837971 secs using 395.9% CPU
Optimizing NNI: done in 0.579726 secs using 396.6% CPU
Optimizing NNI: done in 0.480718 secs using 394.5% CPU
Iteration 80 / LogL: -3722.322 / Time: 0h:1m:4s (0h:1m:7s left)
Optimizing NNI: done in 0.591098 secs using 396.1% CPU
Optimizing NNI: done in 0.741907 secs using 396.3% CPU
Estimate model parameters (epsilon = 0.100)
BETTER TREE FOUND at iteration 82: -3722.018
Optimizing NNI: done in 0.904594 secs using 396.7% CPU
Optimizing NNI: done in 0.939702 secs using 379.5% CPU
Optimizing NNI: done in 0.60906 secs using 394.2% CPU
Optimizing NNI: done in 0.59638 secs using 392.4% CPU
Optimizing NNI: done in 0.572645 secs using 395.3% CPU
Optimizing NNI: done in 0.488522 secs using 393.1% CPU
Estimate model parameters (epsilon = 0.100)
BETTER TREE FOUND at iteration 88: -3721.735
Optimizing NNI: done in 0.74917 secs using 393.6% CPU
Optimizing NNI: done in 0.486876 secs using 395.4% CPU
Iteration 90 / LogL: -3727.008 / Time: 0h:1m:12s (0h:1m:19s left)
Optimizing NNI: done in 0.602957 secs using 398.5% CPU
Optimizing NNI: done in 0.673239 secs using 370.3% CPU
Optimizing NNI: done in 0.69297 secs using 398.2% CPU
Optimizing NNI: done in 0.859633 secs using 396.8% CPU
Optimizing NNI: done in 0.403194 secs using 398.6% CPU
Optimizing NNI: done in 0.494874 secs using 399.8% CPU
Optimizing NNI: done in 0.586838 secs using 393.7% CPU
Optimizing NNI: done in 0.573724 secs using 394.8% CPU
Optimizing NNI: done in 0.598025 secs using 391.5% CPU
Optimizing NNI: done in 0.788708 secs using 378.8% CPU
Iteration 100 / LogL: -3726.770 / Time: 0h:1m:19s (0h:1m:10s left)
Optimizing NNI: done in 0.501568 secs using 395% CPU
Optimizing NNI: done in 0.65979 secs using 394% CPU
Estimate model parameters (epsilon = 0.100)
BETTER TREE FOUND at iteration 102: -3720.302
Optimizing NNI: done in 0.472351 secs using 395.5% CPU
Optimizing NNI: done in 0.556546 secs using 396.8% CPU
Optimizing NNI: done in 0.499351 secs using 395.5% CPU
Optimizing NNI: done in 0.612848 secs using 397.5% CPU
Optimizing NNI: done in 0.486807 secs using 396.6% CPU
Optimizing NNI: done in 0.715889 secs using 380.4% CPU
Optimizing NNI: done in 0.619613 secs using 396.3% CPU
Optimizing NNI: done in 0.498559 secs using 396.7% CPU
Iteration 110 / LogL: -3722.313 / Time: 0h:1m:25s (0h:1m:12s left)
Optimizing NNI: done in 0.50798 secs using 395.1% CPU
Optimizing NNI: done in 0.681026 secs using 394.2% CPU
Optimizing NNI: done in 0.898764 secs using 397.7% CPU
Optimizing NNI: done in 0.465323 secs using 396.4% CPU
Optimizing NNI: done in 0.631012 secs using 395.4% CPU
Optimizing NNI: done in 0.496113 secs using 396.6% CPU
Optimizing NNI: done in 0.898341 secs using 376.5% CPU
Optimizing NNI: done in 0.75131 secs using 393.3% CPU
Optimizing NNI: done in 0.732735 secs using 396.7% CPU
Optimizing NNI: done in 0.731346 secs using 392.5% CPU
Iteration 120 / LogL: -3720.306 / Time: 0h:1m:32s (0h:1m:3s left)
Optimizing NNI: done in 0.513631 secs using 395.9% CPU
Optimizing NNI: done in 0.416764 secs using 392.7% CPU
Optimizing NNI: done in 0.8231 secs using 398.3% CPU
Optimizing NNI: done in 0.714392 secs using 377.3% CPU
Optimizing NNI: done in 0.829205 secs using 391.8% CPU
Optimizing NNI: done in 0.594176 secs using 392.8% CPU
Optimizing NNI: done in 0.593936 secs using 397.6% CPU
Optimizing NNI: done in 0.564892 secs using 398.4% CPU
Optimizing NNI: done in 0.675868 secs using 394.1% CPU
Optimizing NNI: done in 0.65207 secs using 396.7% CPU
Iteration 130 / LogL: -3731.366 / Time: 0h:1m:39s (0h:0m:55s left)
Optimizing NNI: done in 0.649615 secs using 396.1% CPU
Optimizing NNI: done in 0.847875 secs using 377.1% CPU
Optimizing NNI: done in 0.889549 secs using 396.3% CPU
Optimizing NNI: done in 0.735608 secs using 396.7% CPU
Optimizing NNI: done in 0.6034 secs using 397% CPU
Optimizing NNI: done in 0.577642 secs using 394.3% CPU
Optimizing NNI: done in 0.729124 secs using 398.9% CPU
Optimizing NNI: done in 0.58712 secs using 394.3% CPU
Optimizing NNI: done in 0.573747 secs using 394.8% CPU
Optimizing NNI: done in 0.622172 secs using 368.2% CPU
Iteration 140 / LogL: -3728.275 / Time: 0h:1m:46s (0h:0m:47s left)
Optimizing NNI: done in 0.65307 secs using 395.2% CPU
Optimizing NNI: done in 0.418531 secs using 397.2% CPU
Optimizing NNI: done in 0.609175 secs using 394.1% CPU
Optimizing NNI: done in 0.789835 secs using 394.7% CPU
Optimizing NNI: done in 0.469628 secs using 392.3% CPU
Optimizing NNI: done in 0.786153 secs using 397.1% CPU
Optimizing NNI: done in 0.581462 secs using 395.6% CPU
Estimate model parameters (epsilon = 0.100)
BETTER TREE FOUND at iteration 147: -3719.440
Optimizing NNI: done in 0.816763 secs using 386.5% CPU
Optimizing NNI: done in 0.511718 secs using 394.7% CPU
Optimizing NNI: done in 0.673392 secs using 396.9% CPU
Iteration 150 / LogL: -3721.707 / Time: 0h:1m:53s (0h:1m:13s left)
Optimizing NNI: done in 0.574239 secs using 397.3% CPU
Optimizing NNI: done in 0.593371 secs using 393.9% CPU
Optimizing NNI: done in 0.514845 secs using 399.1% CPU
Optimizing NNI: done in 0.589284 secs using 398% CPU
Optimizing NNI: done in 0.486333 secs using 396.8% CPU
Optimizing NNI: done in 0.76206 secs using 381.8% CPU
Optimizing NNI: done in 0.478229 secs using 399.3% CPU
Optimizing NNI: done in 0.601146 secs using 397% CPU
Optimizing NNI: done in 0.639561 secs using 391.1% CPU
Optimizing NNI: done in 0.603941 secs using 396.6% CPU
Iteration 160 / LogL: -3725.739 / Time: 0h:1m:59s (0h:1m:5s left)
Optimizing NNI: done in 0.71421 secs using 395.6% CPU
Optimizing NNI: done in 0.508285 secs using 395% CPU
Optimizing NNI: done in 0.540342 secs using 393.8% CPU
Optimizing NNI: done in 0.516702 secs using 396.3% CPU
Optimizing NNI: done in 0.777916 secs using 375.1% CPU
Optimizing NNI: done in 0.701556 secs using 393.6% CPU
Optimizing NNI: done in 0.478599 secs using 395% CPU
Optimizing NNI: done in 0.712703 secs using 398.8% CPU
Optimizing NNI: done in 0.643318 secs using 395.9% CPU
Optimizing NNI: done in 0.516499 secs using 395.8% CPU
Iteration 170 / LogL: -3736.239 / Time: 0h:2m:5s (0h:0m:57s left)
Optimizing NNI: done in 0.51708 secs using 393.2% CPU
Optimizing NNI: done in 0.706089 secs using 397.2% CPU
Optimizing NNI: done in 0.612756 secs using 376.7% CPU
Estimate model parameters (epsilon = 0.100)
BETTER TREE FOUND at iteration 173: -3719.302
Optimizing NNI: done in 0.625018 secs using 394.9% CPU
Optimizing NNI: done in 0.574178 secs using 394.6% CPU
Optimizing NNI: done in 0.657552 secs using 396.7% CPU
Optimizing NNI: done in 0.70445 secs using 395.2% CPU
Optimizing NNI: done in 0.514238 secs using 396.3% CPU
Optimizing NNI: done in 0.756605 secs using 394.4% CPU
Optimizing NNI: done in 0.638367 secs using 394.5% CPU
Iteration 180 / LogL: -3733.003 / Time: 0h:2m:12s (0h:1m:9s left)
Optimizing NNI: done in 0.759643 secs using 374.9% CPU
Optimizing NNI: done in 0.49612 secs using 397.5% CPU
Optimizing NNI: done in 0.589109 secs using 397.3% CPU
Optimizing NNI: done in 0.398432 secs using 396.1% CPU
Optimizing NNI: done in 0.572095 secs using 392.2% CPU
Optimizing NNI: done in 0.47083 secs using 393.9% CPU
Optimizing NNI: done in 0.561527 secs using 394.3% CPU
Optimizing NNI: done in 0.492215 secs using 395% CPU
Optimizing NNI: done in 0.578258 secs using 398% CPU
Optimizing NNI: done in 0.501448 secs using 394.3% CPU
Iteration 190 / LogL: -3726.042 / Time: 0h:2m:18s (0h:1m:0s left)
Optimizing NNI: done in 0.718902 secs using 371.9% CPU
Optimizing NNI: done in 0.843441 secs using 395.8% CPU
Optimizing NNI: done in 0.469024 secs using 396.6% CPU
Optimizing NNI: done in 0.573309 secs using 395.8% CPU
Optimizing NNI: done in 0.578228 secs using 396.4% CPU
Optimizing NNI: done in 0.468576 secs using 394.5% CPU
Optimizing NNI: done in 0.573002 secs using 395.2% CPU
Optimizing NNI: done in 0.507889 secs using 393.8% CPU
Optimizing NNI: done in 0.394916 secs using 395.7% CPU
Optimizing NNI: done in 0.811492 secs using 377.5% CPU
Iteration 200 / LogL: -3723.946 / Time: 0h:2m:24s (0h:0m:53s left)
Optimizing NNI: done in 0.572415 secs using 392.7% CPU
Optimizing NNI: done in 0.387468 secs using 394.2% CPU
Optimizing NNI: done in 0.589382 secs using 396.5% CPU
Optimizing NNI: done in 0.396068 secs using 391.9% CPU
Optimizing NNI: done in 0.653515 secs using 393.1% CPU
Optimizing NNI: done in 0.574126 secs using 398.8% CPU
Optimizing NNI: done in 0.808947 secs using 396.4% CPU
Optimizing NNI: done in 0.586635 secs using 392.4% CPU
Optimizing NNI: done in 0.647399 secs using 373.3% CPU
Optimizing NNI: done in 0.761736 secs using 397.1% CPU
Iteration 210 / LogL: -3727.227 / Time: 0h:2m:31s (0h:0m:45s left)
Optimizing NNI: done in 0.514906 secs using 396.7% CPU
Optimizing NNI: done in 0.686944 secs using 389.9% CPU
Optimizing NNI: done in 0.588753 secs using 392.8% CPU
Optimizing NNI: done in 0.559607 secs using 398.7% CPU
Optimizing NNI: done in 0.656447 secs using 396.1% CPU
Optimizing NNI: done in 0.641215 secs using 394.4% CPU
Optimizing NNI: done in 0.568203 secs using 379.3% CPU
Optimizing NNI: done in 0.567071 secs using 396.2% CPU
Optimizing NNI: done in 0.559906 secs using 392.2% CPU
Optimizing NNI: done in 0.483592 secs using 397.7% CPU
Iteration 220 / LogL: -3737.513 / Time: 0h:2m:37s (0h:0m:38s left)
Optimizing NNI: done in 0.560348 secs using 389.7% CPU
Optimizing NNI: done in 0.571636 secs using 397.1% CPU
Optimizing NNI: done in 0.495626 secs using 396.2% CPU
Optimizing NNI: done in 0.587112 secs using 395.7% CPU
Optimizing NNI: done in 0.391417 secs using 393.2% CPU
Optimizing NNI: done in 0.706705 secs using 377.7% CPU
Optimizing NNI: done in 0.806571 secs using 392% CPU
Optimizing NNI: done in 0.608699 secs using 396.3% CPU
Optimizing NNI: done in 0.686208 secs using 391.5% CPU
Optimizing NNI: done in 0.580479 secs using 397.6% CPU
Iteration 230 / LogL: -3730.076 / Time: 0h:2m:43s (0h:0m:30s left)
Optimizing NNI: done in 0.508835 secs using 399.4% CPU
Optimizing NNI: done in 0.619805 secs using 396.2% CPU
Optimizing NNI: done in 0.411927 secs using 395.2% CPU
Optimizing NNI: done in 0.604518 secs using 394.4% CPU
Optimizing NNI: done in 0.687788 secs using 371.1% CPU
Optimizing NNI: done in 0.648703 secs using 395.3% CPU
Optimizing NNI: done in 0.510522 secs using 395.3% CPU
Optimizing NNI: done in 0.582944 secs using 396.3% CPU
Optimizing NNI: done in 0.719505 secs using 395.7% CPU
Estimate model parameters (epsilon = 0.100)
BETTER TREE FOUND at iteration 239: -3717.798
Optimizing NNI: done in 0.606939 secs using 398.8% CPU
Iteration 240 / LogL: -3728.558 / Time: 0h:2m:50s (0h:1m:10s left)
Optimizing NNI: done in 0.54114 secs using 396.8% CPU
Optimizing NNI: done in 0.604476 secs using 393.8% CPU
Optimizing NNI: done in 0.779156 secs using 376.4% CPU
Optimizing NNI: done in 0.522904 secs using 396.1% CPU
Optimizing NNI: done in 0.514836 secs using 398.3% CPU
Optimizing NNI: done in 0.577299 secs using 397.5% CPU
Optimizing NNI: done in 0.610234 secs using 394.9% CPU
Optimizing NNI: done in 0.584035 secs using 394.4% CPU
Optimizing NNI: done in 0.606037 secs using 394.3% CPU
Optimizing NNI: done in 0.506603 secs using 395.2% CPU
Iteration 250 / LogL: -3719.746 / Time: 0h:2m:56s (0h:1m:2s left)
Optimizing NNI: done in 0.580607 secs using 395.7% CPU
Optimizing NNI: done in 0.722895 secs using 370.2% CPU
Optimizing NNI: done in 0.898164 secs using 396.1% CPU
Estimate model parameters (epsilon = 0.100)
BETTER TREE FOUND at iteration 253: -3712.803
Optimizing NNI: done in 0.680791 secs using 394.1% CPU
Optimizing NNI: done in 0.516838 secs using 390.9% CPU
Optimizing NNI: done in 0.69994 secs using 393.7% CPU
Optimizing NNI: done in 0.611277 secs using 395.7% CPU
Optimizing NNI: done in 0.678609 secs using 396.4% CPU
Optimizing NNI: done in 0.735506 secs using 373.7% CPU
Optimizing NNI: done in 0.700352 secs using 392.2% CPU
Iteration 260 / LogL: -3719.163 / Time: 0h:3m:3s (0h:1m:5s left)
Optimizing NNI: done in 0.623337 secs using 396.4% CPU
Optimizing NNI: done in 0.730669 secs using 393.9% CPU
Optimizing NNI: done in 0.690901 secs using 394% CPU
Optimizing NNI: done in 0.526553 secs using 394.7% CPU
Optimizing NNI: done in 0.629029 secs using 398.1% CPU
Optimizing NNI: done in 0.584175 secs using 396.4% CPU
Optimizing NNI: done in 0.668069 secs using 373.4% CPU
Optimizing NNI: done in 0.510412 secs using 396.2% CPU
Optimizing NNI: done in 0.523968 secs using 396.1% CPU
Optimizing NNI: done in 0.527097 secs using 397.3% CPU
Iteration 270 / LogL: -3724.477 / Time: 0h:3m:9s (0h:0m:58s left)
Optimizing NNI: done in 0.681033 secs using 395.3% CPU
Optimizing NNI: done in 0.765275 secs using 397.8% CPU
Optimizing NNI: done in 0.521717 secs using 397.3% CPU
Optimizing NNI: done in 0.77314 secs using 395.9% CPU
Optimizing NNI: done in 0.832758 secs using 377.6% CPU
Optimizing NNI: done in 0.604655 secs using 395.7% CPU
Optimizing NNI: done in 0.590325 secs using 394.7% CPU
Optimizing NNI: done in 0.586672 secs using 395.9% CPU
Optimizing NNI: done in 0.672719 secs using 395.6% CPU
Optimizing NNI: done in 0.787151 secs using 394.2% CPU
Iteration 280 / LogL: -3717.779 / Time: 0h:3m:17s (0h:0m:51s left)
Optimizing NNI: done in 0.839816 secs using 395.7% CPU
Optimizing NNI: done in 0.511724 secs using 394.6% CPU
Optimizing NNI: done in 0.850637 secs using 375.1% CPU
Optimizing NNI: done in 0.591209 secs using 399% CPU
Optimizing NNI: done in 0.57313 secs using 395.8% CPU
Optimizing NNI: done in 0.574012 secs using 398.7% CPU
Optimizing NNI: done in 0.765745 secs using 393% CPU
Optimizing NNI: done in 0.613493 secs using 396.4% CPU
Optimizing NNI: done in 0.470364 secs using 393.3% CPU
Optimizing NNI: done in 0.403731 secs using 390.3% CPU
Iteration 290 / LogL: -3720.792 / Time: 0h:3m:23s (0h:0m:44s left)
Optimizing NNI: done in 0.594484 secs using 395.3% CPU
Optimizing NNI: done in 0.812713 secs using 375.4% CPU
Optimizing NNI: done in 0.733322 secs using 392.9% CPU
Optimizing NNI: done in 0.824432 secs using 396.4% CPU
Optimizing NNI: done in 0.758455 secs using 394.3% CPU
Optimizing NNI: done in 0.844189 secs using 396% CPU
Optimizing NNI: done in 0.487348 secs using 393.5% CPU
Optimizing NNI: done in 0.595146 secs using 398.3% CPU
Optimizing NNI: done in 1.01523 secs using 378.8% CPU
Optimizing NNI: done in 0.817704 secs using 398.7% CPU
Iteration 300 / LogL: -3721.931 / Time: 0h:3m:31s (0h:0m:37s left)
Optimizing NNI: done in 0.633725 secs using 397.2% CPU
Optimizing NNI: done in 0.695098 secs using 395.7% CPU
Optimizing NNI: done in 0.506252 secs using 396% CPU
Optimizing NNI: done in 0.922547 secs using 397% CPU
Optimizing NNI: done in 0.524085 secs using 396.8% CPU
Optimizing NNI: done in 0.911796 secs using 376% CPU
Optimizing NNI: done in 0.683037 secs using 395.1% CPU
Estimate model parameters (epsilon = 0.100)
BETTER TREE FOUND at iteration 307: -3712.520
Optimizing NNI: done in 0.732795 secs using 396.9% CPU
Optimizing NNI: done in 0.592176 secs using 395.1% CPU
Optimizing NNI: done in 0.778541 secs using 397.2% CPU
Iteration 310 / LogL: -3716.504 / Time: 0h:3m:39s (0h:1m:8s left)
Optimizing NNI: done in 0.599023 secs using 395.3% CPU
Optimizing NNI: done in 0.604801 secs using 396.8% CPU
Optimizing NNI: done in 0.726095 secs using 375% CPU
Optimizing NNI: done in 0.594578 secs using 396.6% CPU
Optimizing NNI: done in 0.516197 secs using 395.8% CPU
Optimizing NNI: done in 0.709119 secs using 397.1% CPU
Optimizing NNI: done in 0.788429 secs using 394.2% CPU
Optimizing NNI: done in 0.631679 secs using 397.6% CPU
Optimizing NNI: done in 0.675278 secs using 395.5% CPU
Optimizing NNI: done in 0.5737 secs using 396.3% CPU
Iteration 320 / LogL: -3728.050 / Time: 0h:3m:45s (0h:1m:1s left)
Optimizing NNI: done in 0.853416 secs using 377.3% CPU
Optimizing NNI: done in 0.716949 secs using 392.3% CPU
Optimizing NNI: done in 0.507409 secs using 394.8% CPU
Optimizing NNI: done in 0.666293 secs using 395.3% CPU
Optimizing NNI: done in 0.83822 secs using 393.9% CPU
Optimizing NNI: done in 0.685466 secs using 392.3% CPU
Optimizing NNI: done in 0.612975 secs using 396.4% CPU
Optimizing NNI: done in 0.608469 secs using 397.8% CPU
Optimizing NNI: done in 0.771559 secs using 375.3% CPU
Optimizing NNI: done in 0.608624 secs using 394.4% CPU
Iteration 330 / LogL: -3712.814 / Time: 0h:3m:52s (0h:0m:54s left)
Optimizing NNI: done in 0.695848 secs using 395.8% CPU
Optimizing NNI: done in 0.71801 secs using 394.1% CPU
Optimizing NNI: done in 0.678781 secs using 394.2% CPU
Optimizing NNI: done in 0.666879 secs using 396.8% CPU
Optimizing NNI: done in 0.626049 secs using 394.1% CPU
Optimizing NNI: done in 0.584861 secs using 397.8% CPU
Optimizing NNI: done in 0.871312 secs using 379.5% CPU
Optimizing NNI: done in 0.509572 secs using 399% CPU
Optimizing NNI: done in 0.612394 secs using 397.1% CPU
Optimizing NNI: done in 0.409633 secs using 396.8% CPU
Iteration 340 / LogL: -3731.908 / Time: 0h:3m:59s (0h:0m:47s left)
Optimizing NNI: done in 0.504261 secs using 396.6% CPU
Optimizing NNI: done in 0.653286 secs using 394.5% CPU
Optimizing NNI: done in 0.740181 secs using 393.7% CPU
Optimizing NNI: done in 0.912056 secs using 381.8% CPU
Optimizing NNI: done in 0.602544 secs using 392.7% CPU
Optimizing NNI: done in 0.513962 secs using 396.2% CPU
Optimizing NNI: done in 0.629107 secs using 393.7% CPU
Optimizing NNI: done in 0.524627 secs using 395.3% CPU
Optimizing NNI: done in 0.515972 secs using 393.8% CPU
Optimizing NNI: done in 0.693734 secs using 390.6% CPU
Iteration 350 / LogL: -3716.981 / Time: 0h:4m:6s (0h:0m:40s left)
Optimizing NNI: done in 0.699528 secs using 395% CPU
Optimizing NNI: done in 0.628332 secs using 395.3% CPU
Optimizing NNI: done in 0.585311 secs using 380.5% CPU
Optimizing NNI: done in 0.519758 secs using 391.6% CPU
Optimizing NNI: done in 0.682683 secs using 393.5% CPU
Optimizing NNI: done in 0.724569 secs using 395.2% CPU
Optimizing NNI: done in 0.495292 secs using 393% CPU
Optimizing NNI: done in 0.703898 secs using 394.3% CPU
Optimizing NNI: done in 0.632518 secs using 394.6% CPU
Optimizing NNI: done in 0.607758 secs using 397.5% CPU
Estimate model parameters (epsilon = 0.100)
BETTER TREE FOUND at iteration 360: -3711.778
Iteration 360 / LogL: -3711.778 / Time: 0h:4m:13s (0h:1m:10s left)
Optimizing NNI: done in 0.729966 secs using 393.1% CPU
Optimizing NNI: done in 0.706827 secs using 398.2% CPU
Optimizing NNI: done in 0.587009 secs using 393.4% CPU
Optimizing NNI: done in 0.668997 secs using 397.1% CPU
Optimizing NNI: done in 0.963186 secs using 395.6% CPU
Optimizing NNI: done in 0.47647 secs using 397.1% CPU
Optimizing NNI: done in 0.662734 secs using 399.2% CPU
Optimizing NNI: done in 0.885773 secs using 378.9% CPU
Optimizing NNI: done in 0.515592 secs using 393.2% CPU
Optimizing NNI: done in 0.507081 secs using 389.4% CPU
Iteration 370 / LogL: -3711.782 / Time: 0h:4m:20s (0h:1m:3s left)
Optimizing NNI: done in 0.606308 secs using 398.8% CPU
Optimizing NNI: done in 0.676683 secs using 396.1% CPU
Optimizing NNI: done in 0.518569 secs using 398.4% CPU
Optimizing NNI: done in 0.60178 secs using 395.6% CPU
Optimizing NNI: done in 0.589685 secs using 395.1% CPU
Optimizing NNI: done in 0.724051 secs using 382% CPU
Optimizing NNI: done in 0.709882 secs using 394.1% CPU
Optimizing NNI: done in 0.513002 secs using 397% CPU
Optimizing NNI: done in 0.590453 secs using 397.4% CPU
Optimizing NNI: done in 0.680046 secs using 397% CPU
Iteration 380 / LogL: -3717.034 / Time: 0h:4m:26s (0h:0m:56s left)
Optimizing NNI: done in 0.619368 secs using 395.7% CPU
Optimizing NNI: done in 0.588301 secs using 395% CPU
Optimizing NNI: done in 0.788184 secs using 392.9% CPU
Optimizing NNI: done in 0.732107 secs using 376.1% CPU
Optimizing NNI: done in 0.691742 secs using 395.2% CPU
Optimizing NNI: done in 0.661529 secs using 396.5% CPU
Optimizing NNI: done in 0.590038 secs using 393.5% CPU
Optimizing NNI: done in 0.614172 secs using 393% CPU
Optimizing NNI: done in 0.59848 secs using 398.1% CPU
Optimizing NNI: done in 0.792742 secs using 396.7% CPU
Iteration 390 / LogL: -3711.780 / Time: 0h:4m:33s (0h:0m:49s left)
Optimizing NNI: done in 0.598761 secs using 395.6% CPU
Optimizing NNI: done in 0.7297 secs using 371.7% CPU
Optimizing NNI: done in 0.585424 secs using 394.5% CPU
Optimizing NNI: done in 0.513764 secs using 395.8% CPU
Optimizing NNI: done in 0.69363 secs using 392.9% CPU
Optimizing NNI: done in 0.735207 secs using 397% CPU
Estimate model parameters (epsilon = 0.100)
BETTER TREE FOUND at iteration 396: -3710.105
Optimizing NNI: done in 0.666964 secs using 396.8% CPU
Optimizing NNI: done in 0.576138 secs using 395.7% CPU
Optimizing NNI: done in 0.715391 secs using 381.7% CPU
Optimizing NNI: done in 0.55294 secs using 389.3% CPU
Iteration 400 / LogL: -3728.156 / Time: 0h:4m:40s (0h:1m:7s left)
Optimizing NNI: done in 0.510882 secs using 393.6% CPU
Optimizing NNI: done in 0.613532 secs using 395.2% CPU
Optimizing NNI: done in 0.617985 secs using 393.8% CPU
Optimizing NNI: done in 0.726243 secs using 395.2% CPU
Optimizing NNI: done in 0.767084 secs using 398.2% CPU
Optimizing NNI: done in 0.508579 secs using 394.9% CPU
Optimizing NNI: done in 0.597019 secs using 397.4% CPU
Optimizing NNI: done in 0.734828 secs using 369.7% CPU
Optimizing NNI: done in 0.520767 secs using 391.8% CPU
Optimizing NNI: done in 0.576232 secs using 396.4% CPU
Iteration 410 / LogL: -3716.234 / Time: 0h:4m:47s (0h:1m:0s left)
Optimizing NNI: done in 0.593726 secs using 394.3% CPU
Optimizing NNI: done in 0.697945 secs using 393.4% CPU
Optimizing NNI: done in 0.902716 secs using 395.5% CPU
Optimizing NNI: done in 0.620954 secs using 396.9% CPU
Optimizing NNI: done in 0.517998 secs using 397.2% CPU
Optimizing NNI: done in 0.807919 secs using 376.3% CPU
Optimizing NNI: done in 0.815668 secs using 396.1% CPU
Optimizing NNI: done in 0.520943 secs using 394% CPU
Optimizing NNI: done in 0.53215 secs using 393.9% CPU
Optimizing NNI: done in 0.59564 secs using 397.5% CPU
Iteration 420 / LogL: -3718.505 / Time: 0h:4m:54s (0h:0m:53s left)
Optimizing NNI: done in 0.740358 secs using 395.5% CPU
Optimizing NNI: done in 0.665187 secs using 394.6% CPU
Optimizing NNI: done in 0.608216 secs using 397.1% CPU
Optimizing NNI: done in 0.663576 secs using 370.9% CPU
Optimizing NNI: done in 0.6051 secs using 396.1% CPU
Optimizing NNI: done in 0.510776 secs using 393.3% CPU
Optimizing NNI: done in 0.677849 secs using 397.4% CPU
Optimizing NNI: done in 0.521369 secs using 393.7% CPU
Optimizing NNI: done in 0.496881 secs using 394.5% CPU
Optimizing NNI: done in 0.51873 secs using 395.3% CPU
Iteration 430 / LogL: -3715.235 / Time: 0h:5m:0s (0h:0m:46s left)
Optimizing NNI: done in 0.535041 secs using 397.3% CPU
Optimizing NNI: done in 0.687477 secs using 393.7% CPU
Optimizing NNI: done in 0.659894 secs using 370% CPU
Optimizing NNI: done in 0.585437 secs using 395.1% CPU
Optimizing NNI: done in 0.618038 secs using 396.1% CPU
Optimizing NNI: done in 0.618973 secs using 396.4% CPU
Estimate model parameters (epsilon = 0.100)
BETTER TREE FOUND at iteration 436: -3709.357
Optimizing NNI: done in 0.524031 secs using 394.6% CPU
Optimizing NNI: done in 0.628753 secs using 395.1% CPU
Optimizing NNI: done in 0.608978 secs using 394.9% CPU
Optimizing NNI: done in 0.604531 secs using 395.7% CPU
Iteration 440 / LogL: -3719.710 / Time: 0h:5m:7s (0h:1m:7s left)
Optimizing NNI: done in 0.632084 secs using 371.3% CPU
Optimizing NNI: done in 0.860784 secs using 396.4% CPU
Estimate model parameters (epsilon = 0.100)
BETTER TREE FOUND at iteration 442: -3709.081
Optimizing NNI: done in 0.575087 secs using 392.7% CPU
Optimizing NNI: done in 0.59089 secs using 397% CPU
Optimizing NNI: done in 0.626264 secs using 395% CPU
Optimizing NNI: done in 0.712515 secs using 394.1% CPU
Optimizing NNI: done in 0.696839 secs using 396.1% CPU
Optimizing NNI: done in 1.05943 secs using 378.1% CPU
Optimizing NNI: done in 0.591143 secs using 394.3% CPU
Optimizing NNI: done in 0.699783 secs using 396.6% CPU
Iteration 450 / LogL: -3715.836 / Time: 0h:5m:15s (0h:1m:4s left)
Optimizing NNI: done in 0.508663 secs using 390.1% CPU
Optimizing NNI: done in 0.566953 secs using 397.7% CPU
Estimate model parameters (epsilon = 0.100)
BETTER TREE FOUND at iteration 452: -3708.913
Optimizing NNI: done in 0.529573 secs using 395.2% CPU
Optimizing NNI: done in 0.639087 secs using 393.7% CPU
Optimizing NNI: done in 0.972868 secs using 381.7% CPU
Optimizing NNI: done in 0.533655 secs using 396.1% CPU
Optimizing NNI: done in 0.593642 secs using 398.2% CPU
Optimizing NNI: done in 0.957758 secs using 397.7% CPU
Estimate model parameters (epsilon = 0.100)
BETTER TREE FOUND at iteration 458: -3708.663
Optimizing NNI: done in 0.660702 secs using 394.8% CPU
Optimizing NNI: done in 0.730083 secs using 398.5% CPU
Iteration 460 / LogL: -3719.044 / Time: 0h:5m:23s (0h:1m:8s left)
Optimizing NNI: done in 0.711632 secs using 396.8% CPU
Optimizing NNI: done in 0.97051 secs using 377.4% CPU
Optimizing NNI: done in 0.705317 secs using 398.6% CPU
Optimizing NNI: done in 0.608951 secs using 392.2% CPU
Optimizing NNI: done in 0.686205 secs using 395.2% CPU
Optimizing NNI: done in 0.779206 secs using 395.6% CPU
Optimizing NNI: done in 0.957919 secs using 395.6% CPU
Optimizing NNI: done in 0.609007 secs using 396.1% CPU
Optimizing NNI: done in 0.847352 secs using 377.7% CPU
Optimizing NNI: done in 0.610171 secs using 397.2% CPU
Iteration 470 / LogL: -3776.415 / Time: 0h:5m:30s (0h:1m:2s left)
Optimizing NNI: done in 0.517544 secs using 396% CPU
Optimizing NNI: done in 0.540291 secs using 396.8% CPU
Optimizing NNI: done in 0.753728 secs using 393.5% CPU
Optimizing NNI: done in 0.602259 secs using 393.5% CPU
Optimizing NNI: done in 0.529469 secs using 395.3% CPU
Optimizing NNI: done in 0.496399 secs using 395.7% CPU
Optimizing NNI: done in 0.61923 secs using 396.4% CPU
Estimate model parameters (epsilon = 0.100)
BETTER TREE FOUND at iteration 477: -3707.899
Optimizing NNI: done in 0.529965 secs using 397.8% CPU
Optimizing NNI: done in 0.795416 secs using 396.7% CPU
Estimate model parameters (epsilon = 0.100)
BETTER TREE FOUND at iteration 479: -3707.129
Optimizing NNI: done in 0.517873 secs using 395.7% CPU
Iteration 480 / LogL: -3723.389 / Time: 0h:5m:37s (0h:1m:9s left)
Optimizing NNI: done in 0.672655 secs using 392.1% CPU
Optimizing NNI: done in 0.680108 secs using 394% CPU
Optimizing NNI: done in 0.675808 secs using 397.6% CPU
Optimizing NNI: done in 0.73261 secs using 380.9% CPU
Optimizing NNI: done in 0.544207 secs using 390.3% CPU
Optimizing NNI: done in 0.825324 secs using 397% CPU
Optimizing NNI: done in 0.738961 secs using 394.9% CPU
Optimizing NNI: done in 0.694862 secs using 397.5% CPU
Optimizing NNI: done in 0.755744 secs using 391.6% CPU
Optimizing NNI: done in 0.787019 secs using 394.7% CPU
Iteration 490 / LogL: -3716.831 / Time: 0h:5m:45s (0h:1m:2s left)
Optimizing NNI: done in 0.931717 secs using 380.9% CPU
Optimizing NNI: done in 0.422402 secs using 393.4% CPU
Optimizing NNI: done in 0.621277 secs using 397.9% CPU
Optimizing NNI: done in 0.489282 secs using 396.6% CPU
Optimizing NNI: done in 0.608993 secs using 396.9% CPU
Optimizing NNI: done in 0.818154 secs using 396.7% CPU
Optimizing NNI: done in 0.515654 secs using 395.8% CPU
Optimizing NNI: done in 0.498099 secs using 394.6% CPU
Optimizing NNI: done in 0.605332 secs using 396.6% CPU
Optimizing NNI: done in 0.821807 secs using 375.8% CPU
Iteration 500 / LogL: -3707.898 / Time: 0h:5m:51s (0h:0m:55s left)
Optimizing NNI: done in 0.493733 secs using 395.6% CPU
Optimizing NNI: done in 0.586173 secs using 396.1% CPU
Optimizing NNI: done in 0.867194 secs using 396.5% CPU
Optimizing NNI: done in 0.618799 secs using 393.4% CPU
Optimizing NNI: done in 0.524233 secs using 397.5% CPU
Optimizing NNI: done in 0.490429 secs using 390.4% CPU
Optimizing NNI: done in 0.815413 secs using 395.1% CPU
Optimizing NNI: done in 0.771884 secs using 377% CPU
Optimizing NNI: done in 0.678203 secs using 396.4% CPU
Optimizing NNI: done in 0.509849 secs using 394.1% CPU
Iteration 510 / LogL: -3721.112 / Time: 0h:5m:58s (0h:0m:48s left)
Optimizing NNI: done in 0.702484 secs using 392.7% CPU
Optimizing NNI: done in 0.811274 secs using 396.7% CPU
Optimizing NNI: done in 0.526149 secs using 395.1% CPU
Optimizing NNI: done in 0.507804 secs using 393.8% CPU
Optimizing NNI: done in 0.51119 secs using 399.6% CPU
Optimizing NNI: done in 0.717291 secs using 376.8% CPU
Optimizing NNI: done in 0.715115 secs using 397.5% CPU
Optimizing NNI: done in 0.501057 secs using 397.8% CPU
Optimizing NNI: done in 0.62444 secs using 396.7% CPU
Optimizing NNI: done in 0.625759 secs using 394% CPU
Iteration 520 / LogL: -3714.666 / Time: 0h:6m:5s (0h:0m:41s left)
Optimizing NNI: done in 0.671245 secs using 396.7% CPU
Optimizing NNI: done in 0.691974 secs using 395.4% CPU
Optimizing NNI: done in 0.499212 secs using 397.2% CPU
Optimizing NNI: done in 0.704194 secs using 372.9% CPU
Optimizing NNI: done in 0.88997 secs using 395.7% CPU
Optimizing NNI: done in 0.676892 secs using 394.8% CPU
Optimizing NNI: done in 0.581944 secs using 392.7% CPU
Optimizing NNI: done in 0.517299 secs using 398.3% CPU
Optimizing NNI: done in 0.683237 secs using 392.7% CPU
Optimizing NNI: done in 0.694147 secs using 396% CPU
Iteration 530 / LogL: -3712.954 / Time: 0h:6m:12s (0h:0m:34s left)
Optimizing NNI: done in 0.776787 secs using 394.5% CPU
Optimizing NNI: done in 0.835256 secs using 388.2% CPU
Optimizing NNI: done in 0.48965 secs using 397.3% CPU
Optimizing NNI: done in 0.499836 secs using 392.9% CPU
Optimizing NNI: done in 0.622112 secs using 394.9% CPU
Optimizing NNI: done in 0.53064 secs using 397.6% CPU
Optimizing NNI: done in 0.599843 secs using 396% CPU
Optimizing NNI: done in 0.669707 secs using 397.9% CPU
Optimizing NNI: done in 0.839396 secs using 396.4% CPU
Optimizing NNI: done in 0.764187 secs using 375.5% CPU
Iteration 540 / LogL: -3720.718 / Time: 0h:6m:19s (0h:0m:27s left)
Optimizing NNI: done in 0.416336 secs using 396.9% CPU
Optimizing NNI: done in 0.70806 secs using 397% CPU
Optimizing NNI: done in 0.586785 secs using 394.3% CPU
Optimizing NNI: done in 0.497681 secs using 394.4% CPU
Optimizing NNI: done in 0.68825 secs using 396.4% CPU
Optimizing NNI: done in 0.620328 secs using 394.6% CPU
Optimizing NNI: done in 0.78453 secs using 396.5% CPU
Optimizing NNI: done in 0.71815 secs using 377.6% CPU
Optimizing NNI: done in 0.798529 secs using 397.5% CPU
Optimizing NNI: done in 0.493885 secs using 394.8% CPU
Iteration 550 / LogL: -3719.002 / Time: 0h:6m:25s (0h:0m:20s left)
Optimizing NNI: done in 0.663843 secs using 394.5% CPU
Optimizing NNI: done in 0.621836 secs using 395.8% CPU
Optimizing NNI: done in 0.699328 secs using 392.2% CPU
Optimizing NNI: done in 0.667935 secs using 395.2% CPU
Optimizing NNI: done in 0.604389 secs using 395.7% CPU
Optimizing NNI: done in 0.649044 secs using 372.6% CPU
Optimizing NNI: done in 0.575209 secs using 394.8% CPU
Optimizing NNI: done in 0.607181 secs using 393.7% CPU
Optimizing NNI: done in 0.656295 secs using 396.8% CPU
Optimizing NNI: done in 0.507135 secs using 396.5% CPU
Iteration 560 / LogL: -3708.623 / Time: 0h:6m:32s (0h:0m:13s left)
Optimizing NNI: done in 0.507799 secs using 396% CPU
Optimizing NNI: done in 0.72619 secs using 396.3% CPU
Optimizing NNI: done in 0.511385 secs using 396.4% CPU
Optimizing NNI: done in 0.656232 secs using 393.8% CPU
Optimizing NNI: done in 0.766726 secs using 373.6% CPU
Optimizing NNI: done in 0.505806 secs using 391.7% CPU
Optimizing NNI: done in 0.60798 secs using 397.2% CPU
Optimizing NNI: done in 0.617225 secs using 396.5% CPU
Optimizing NNI: done in 0.573944 secs using 394% CPU
Optimizing NNI: done in 0.602344 secs using 397.4% CPU
Iteration 570 / LogL: -3712.608 / Time: 0h:6m:38s (0h:0m:6s left)
Optimizing NNI: done in 0.617157 secs using 394.1% CPU
Optimizing NNI: done in 0.84333 secs using 396.4% CPU
Optimizing NNI: done in 0.793521 secs using 375.7% CPU
Optimizing NNI: done in 0.666683 secs using 395.7% CPU
Optimizing NNI: done in 0.607664 secs using 393.6% CPU
Optimizing NNI: done in 0.692107 secs using 394.1% CPU
Optimizing NNI: done in 0.514671 secs using 395.3% CPU
Optimizing NNI: done in 0.631097 secs using 394.7% CPU
Optimizing NNI: done in 0.581122 secs using 396.6% CPU
Optimizing NNI: done in 0.58636 secs using 394.3% CPU
Iteration 580 / LogL: -3707.454 / Time: 0h:6m:45s (0h:0m:-1s left)
TREE SEARCH COMPLETED AFTER 580 ITERATIONS / Time: 0h:6m:45s

--------------------------------------------------------------------
|                    FINALIZING TREE SEARCH                        |
--------------------------------------------------------------------
Performs final model parameters optimization
Estimate model parameters (epsilon = 0.010)
1. Initial log-likelihood: -3707.129
Optimal log-likelihood: -3707.129
Rate parameters:  A-C: 0.70851  A-G: 1.71668  A-T: 0.29306  C-G: 0.12030  C-T: 1.94774  G-T: 1.00000
Base frequencies:  A: 0.453  C: 0.144  G: 0.209  T: 0.195
Site proportion and rates:  (0.111,0.488) (0.175,0.492) (0.204,0.495) (0.185,0.803) (0.232,1.342) (0.094,3.180)
Parameters optimization took 1 rounds (0.389 sec)
BEST SCORE FOUND : -3707.129
Total tree length: 2.248

Total number of iterations: 580
CPU time used for tree search: 1536.776 sec (0h:25m:36s)
Wall-clock time used for tree search: 402.061 sec (0h:6m:42s)
Total CPU time used: 1548.061 sec (0h:25m:48s)
Total wall-clock time used: 405.729 sec (0h:6m:45s)

Analysis results written to: 
  IQ-TREE report:                IQTREE_bestTree.InWindow_4640_to_4890.iqtree
  Maximum-likelihood tree:       IQTREE_bestTree.InWindow_4640_to_4890.treefile
  Likelihood distances:          IQTREE_bestTree.InWindow_4640_to_4890.mldist
  Screen log file:               IQTREE_bestTree.InWindow_4640_to_4890.log

Date and Time: Sun Jul 23 04:28:29 2023
