IQ-TREE multicore version 2.2.2.7 COVID-edition for Linux 64-bit built Jun  7 2023
Developed by Bui Quang Minh, James Barbetti, Nguyen Lam Tung,
Olga Chernomor, Heiko Schmidt, Dominik Schrempf, Michael Woodhams, Ly Trong Nhan.

Host:    hpc-node03 (AVX2, FMA3, 1007 GB RAM)
Command: iqtree -s AlignedReadsInWindow_PositionsExcised_2270_to_2520.fasta -pre IQTREE_bestTree.InWindow_2270_to_2520 -m GTR+F+R6 -nt 2
Seed:    937638 (Using SPRNG - Scalable Parallel Random Number Generator)
Time:    Tue Jul 25 08:47:33 2023
Kernel:  AVX+FMA - 2 threads (2 CPU cores detected)

Reading alignment file AlignedReadsInWindow_PositionsExcised_2270_to_2520.fasta ... Fasta format detected
Reading fasta file: done in 0.00317532 secs using 58.01% CPU
Alignment most likely contains DNA/RNA sequences
Constructing alignment: done in 0.00164341 secs using 99.91% CPU
Alignment has 654 sequences with 166 columns, 149 distinct patterns
108 parsimony-informative, 17 singleton sites, 41 constant sites
                                                            Gap/Ambiguity  Composition  p-value
Analyzing sequences: done in 0.000233018 secs using 1412% CPU
   1  200724_20-08518_HIV10-02405_FL24_S14_L000_read_1_count_498   23.49%    passed     99.99%
   2  200724_20-08518_HIV10-02405_FL24_S14_L000_read_2_count_77    23.49%    passed     99.52%
   3  200724_20-08518_HIV10-02405_FL24_S14_L000_read_3_count_34    23.49%    passed     99.39%
   4  200724_20-08518_HIV10-02405_FL24_S14_L000_read_4_count_17    23.49%    passed     99.52%
   5  200724_20-08518_HIV10-02405_FL24_S14_L000_read_5_count_17    23.49%    passed     99.85%
   6  200724_20-08518_HIV10-02405_FL24_S14_L000_read_6_count_12    23.49%    passed     99.52%
   7  200724_20-08518_HIV10-02405_FL24_S14_L000_read_7_count_10    23.49%    passed     99.44%
   8  200724_20-08518_HIV10-02405_FL24_S14_L000_read_8_count_6     23.49%    passed     99.85%
   9  200724_20-08518_HIV10-02405_FL24_S14_L000_read_9_count_6     23.49%    passed     99.44%
  10  200724_20-08518_HIV10-02405_FL24_S14_L000_read_10_count_6    23.49%    passed     99.52%
  11  200724_20-08518_HIV10-02405_FL24_S14_L000_read_11_count_6    23.49%    passed     99.85%
  12  200724_20-08518_HIV10-02405_FL24_S14_L000_read_12_count_5    23.49%    passed     99.52%
  13  200724_20-08518_HIV10-02405_FL24_S14_L000_read_13_count_5    23.49%    passed     99.85%
  14  200724_20-08518_HIV10-02405_FL24_S14_L000_read_14_count_5    23.49%    passed     99.85%
  15  200724_20-08518_HIV10-02405_FL24_S14_L000_read_15_count_4    23.49%    passed     98.61%
  16  200724_20-08518_HIV10-02405_FL24_S14_L000_read_16_count_4    23.49%    passed     99.44%
  17  200724_20-08518_HIV10-02405_FL24_S14_L000_read_17_count_4    23.49%    passed     99.85%
  18  200724_20-08518_HIV10-02405_FL24_S14_L000_read_18_count_4    23.49%    passed     99.85%
  19  200724_20-08518_HIV10-02405_FL24_S14_L000_read_19_count_3    23.49%    passed     99.85%
  20  200724_20-08518_HIV10-02405_FL24_S14_L000_read_20_count_3    23.49%    passed     99.99%
  21  200724_20-08518_HIV10-02405_FL24_S14_L000_read_21_count_3    23.49%    passed     99.52%
  22  200724_20-08518_HIV10-02405_FL24_S14_L000_read_22_count_3    23.49%    passed     99.39%
  23  200724_20-08518_HIV10-02405_FL24_S14_L000_read_23_count_3    23.49%    passed     97.22%
  24  200724_20-08518_HIV10-02405_FL24_S14_L000_read_24_count_3    23.49%    passed     99.85%
  25  200724_20-08518_HIV10-02405_FL24_S14_L000_read_25_count_2    23.49%    passed     99.99%
  26  200724_20-08518_HIV10-02405_FL24_S14_L000_read_26_count_2    23.49%    passed     99.99%
  27  200724_20-08518_HIV10-02405_FL24_S14_L000_read_27_count_2    23.49%    passed     99.52%
  28  200724_20-08518_HIV10-02405_FL24_S14_L000_read_28_count_2    23.49%    passed     99.85%
  29  200724_20-08518_HIV10-02405_FL24_S14_L000_read_29_count_2    23.49%    passed     99.11%
  30  200724_20-08518_HIV10-02405_FL24_S14_L000_read_30_count_2    23.49%    passed     97.22%
  31  200724_20-08518_HIV10-02405_FL24_S14_L000_read_31_count_2    23.49%    passed     99.66%
  32  200724_20-08518_HIV10-02405_FL24_S14_L000_read_32_count_2    23.49%    passed     99.52%
  33  200724_20-08518_HIV10-02405_FL24_S14_L000_read_33_count_2    23.49%    passed     99.85%
  34  200724_20-08518_HIV10-02405_FL24_S14_L000_read_34_count_2    23.49%    passed     97.22%
  35  200724_20-08518_HIV10-02405_FL24_S14_L000_read_35_count_2    23.49%    passed     97.96%
  36  200724_20-08518_HIV10-02405_FL24_S14_L000_read_36_count_2    23.49%    passed     99.52%
  37  200724_20-08518_HIV10-02405_FL24_S14_L000_read_37_count_2    23.49%    passed     99.44%
  38  200724_20-08518_HIV10-02405_FL24_S14_L000_read_38_count_2    23.49%    passed     99.68%
  39  200724_20-08518_HIV10-02405_FL24_S14_L000_read_39_count_2    23.49%    passed     99.99%
  40  200724_20-08518_HIV10-02405_FL24_S14_L000_read_40_count_2    23.49%    passed     99.11%
  41  200724_20-08518_HIV10-02405_FL24_S14_L000_read_41_count_2    23.49%    passed     99.11%
  42  200724_20-08518_HIV10-02405_FL24_S14_L000_read_42_count_2    23.49%    passed     97.22%
  43  200724_20-08518_HIV10-02405_FL24_S14_L000_read_43_count_2    23.49%    passed     99.85%
  44  200724_20-08518_HIV10-02405_FL24_S14_L000_read_44_count_1    23.49%    passed     99.85%
  45  200724_20-08518_HIV10-02405_FL24_S14_L000_read_45_count_1    23.49%    passed     99.68%
  46  200724_20-08518_HIV10-02405_FL24_S14_L000_read_46_count_1    23.49%    passed     99.52%
  47  200724_20-08518_HIV10-02405_FL24_S14_L000_read_47_count_1    23.49%    passed     99.52%
  48  200724_20-08518_HIV10-02405_FL24_S14_L000_read_48_count_1    23.49%    passed     99.44%
  49  200724_20-08518_HIV10-02405_FL24_S14_L000_read_49_count_1    23.49%    passed     98.92%
  50  200724_20-08518_HIV10-02405_FL24_S14_L000_read_50_count_1    23.49%    passed     93.92%
  51  200724_20-08518_HIV10-02405_FL24_S14_L000_read_51_count_1    23.49%    passed     98.11%
  52  200724_20-08518_HIV10-02405_FL24_S14_L000_read_52_count_1    24.70%    passed     99.73%
  53  200724_20-08518_HIV10-02405_FL24_S14_L000_read_53_count_1    23.49%    passed     99.85%
  54  200724_20-08518_HIV10-02405_FL24_S14_L000_read_54_count_1    23.49%    passed     99.52%
  55  200724_20-08518_HIV10-02405_FL24_S14_L000_read_55_count_1    23.49%    passed     99.52%
  56  200724_20-08518_HIV10-02405_FL24_S14_L000_read_56_count_1    23.49%    passed     99.85%
  57  200724_20-08518_HIV10-02405_FL24_S14_L000_read_57_count_1    23.49%    passed     98.46%
  58  200724_20-08518_HIV10-02405_FL24_S14_L000_read_58_count_1    23.49%    passed     99.99%
  59  200724_20-08518_HIV10-02405_FL24_S14_L000_read_59_count_1    23.49%    passed     98.92%
  60  200724_20-08518_HIV10-02405_FL24_S14_L000_read_60_count_1    23.49%    passed     99.68%
  61  200724_20-08518_HIV10-02405_FL24_S14_L000_read_61_count_1    23.49%    passed     99.99%
  62  200724_20-08518_HIV10-02405_FL24_S14_L000_read_62_count_1    18.67%    passed     98.23%
  63  200724_20-08518_HIV10-02405_FL24_S14_L000_read_63_count_1    23.49%    passed     99.68%
  64  200724_20-08518_HIV10-02405_FL24_S14_L000_read_64_count_1    23.49%    passed     99.99%
  65  200724_20-08518_HIV10-02405_FL24_S14_L000_read_65_count_1    23.49%    passed     99.66%
  66  200724_20-08518_HIV10-02405_FL24_S14_L000_read_66_count_1    23.49%    passed     99.36%
  67  200724_20-08518_HIV10-02405_FL24_S14_L000_read_67_count_1    23.49%    passed     98.12%
  68  200724_20-08518_HIV10-02405_FL24_S14_L000_read_68_count_1    23.49%    passed     97.22%
  69  200724_20-08518_HIV10-02405_FL24_S14_L000_read_69_count_1    24.10%    passed     98.46%
  70  200724_20-08518_HIV10-02405_FL24_S14_L000_read_70_count_1    23.49%    passed     98.61%
  71  200724_20-08518_HIV10-02405_FL24_S14_L000_read_71_count_1    24.10%    passed     99.97%
  72  200724_20-08518_HIV10-02405_FL24_S14_L000_read_72_count_1    23.49%    passed     95.05%
  73  200724_20-08518_HIV10-02405_FL24_S14_L000_read_73_count_1    23.49%    passed     99.39%
  74  200724_20-08518_HIV10-02405_FL24_S14_L000_read_74_count_1    23.49%    passed     99.36%
  75  200724_20-08518_HIV10-02405_FL24_S14_L000_read_75_count_1    23.49%    passed     99.39%
  76  200724_20-08518_HIV10-02405_FL24_S14_L000_read_76_count_1    23.49%    passed     97.22%
  77  200724_20-08518_HIV10-02405_FL24_S14_L000_read_77_count_1    23.49%    passed     99.99%
  78  200724_20-08518_HIV10-02405_FL24_S14_L000_read_78_count_1    23.49%    passed     99.66%
  79  200724_20-08518_HIV10-02405_FL24_S14_L000_read_79_count_1    23.49%    passed     99.68%
  80  200724_20-08518_HIV10-02405_FL24_S14_L000_read_80_count_1    23.49%    passed     98.48%
  81  200724_20-08518_HIV10-02405_FL24_S14_L000_read_81_count_1    24.10%    passed     98.49%
  82  200724_20-08518_HIV10-02405_FL24_S14_L000_read_82_count_1    23.49%    passed     99.11%
  83  200724_20-08518_HIV10-02405_FL24_S14_L000_read_83_count_1    23.49%    passed     99.99%
  84  200724_20-08518_HIV10-02405_FL24_S14_L000_read_84_count_1    22.89%    passed     99.90%
  85  200724_20-08518_HIV10-02405_FL24_S14_L000_read_85_count_1    23.49%    passed     99.44%
  86  200724_20-08518_HIV10-02405_FL24_S14_L000_read_86_count_1    23.49%    passed     99.11%
  87  200724_20-08518_HIV10-02405_FL24_S14_L000_read_87_count_1    23.49%    passed     99.39%
  88  200724_20-08518_HIV10-02405_FL24_S14_L000_read_88_count_1    23.49%    passed     99.99%
  89  200724_20-08518_HIV10-02405_FL24_S14_L000_read_89_count_1    23.49%    passed     98.54%
  90  200724_20-08518_HIV10-02405_FL24_S14_L000_read_90_count_1    23.49%    passed     99.52%
  91  200724_20-08518_HIV10-02405_FL24_S14_L000_read_91_count_1    23.49%    passed     99.99%
  92  200724_20-08518_HIV10-02405_FL24_S14_L000_read_92_count_1    23.49%    passed     99.12%
  93  200724_20-08518_HIV10-02405_FL24_S14_L000_read_93_count_1    23.49%    passed     97.22%
  94  200724_20-08518_HIV10-02405_FL24_S14_L000_read_94_count_1    23.49%    passed     99.52%
  95  200724_20-08518_HIV10-02405_FL24_S14_L000_read_95_count_1    23.49%    passed     94.79%
  96  200724_20-08518_HIV10-02405_FL24_S14_L000_read_96_count_1    23.49%    passed     98.48%
  97  200724_20-08518_HIV10-02405_FL24_S14_L000_read_97_count_1    23.49%    passed     92.99%
  98  200724_20-08518_HIV10-02405_FL24_S14_L000_read_98_count_1    23.49%    passed     98.61%
  99  200724_20-08518_HIV10-02405_FL24_S14_L000_read_99_count_1    23.49%    passed     98.12%
 100  200724_20-08518_HIV10-02405_FL24_S14_L000_read_100_count_1   23.49%    passed     99.85%
 101  200724_20-08518_HIV10-02405_FL24_S14_L000_read_101_count_1   23.49%    passed     99.39%
 102  200724_20-08518_HIV10-02405_FL24_S14_L000_read_102_count_1   23.49%    passed     98.75%
 103  200724_20-08518_HIV10-02405_FL24_S14_L000_read_103_count_1   23.49%    passed     97.96%
 104  200724_20-08518_HIV10-02405_FL24_S14_L000_read_104_count_1   23.49%    passed     99.52%
 105  200724_20-08518_HIV10-02405_FL24_S14_L000_read_105_count_1   23.49%    passed     99.52%
 106  200724_20-08518_HIV10-02405_FL24_S14_L000_read_106_count_1   23.49%    passed     97.78%
 107  200724_20-08518_HIV10-02405_FL24_S14_L000_read_107_count_1   23.49%    passed     99.66%
 108  200724_20-08518_HIV10-02405_FL24_S14_L000_read_108_count_1   23.49%    passed     97.22%
 109  200724_20-08518_HIV10-02405_FL24_S14_L000_read_109_count_1   23.49%    passed     99.99%
 110  200724_20-08518_HIV10-02405_FL24_S14_L000_read_110_count_1   23.49%    passed     99.42%
 111  200724_20-08518_HIV10-02405_FL24_S14_L000_read_111_count_1   23.49%    passed     99.99%
 112  200724_20-08518_HIV10-02405_FL24_S14_L000_read_112_count_1   23.49%    passed     94.95%
 113  200724_20-08518_HIV10-02405_FL24_S14_L000_read_113_count_1   23.49%    passed     99.42%
 114  200724_20-08518_HIV10-02405_FL24_S14_L000_read_114_count_1   23.49%    passed     97.22%
 115  200724_20-08518_HIV10-02405_FL24_S14_L000_read_115_count_1   23.49%    passed     97.22%
 116  200724_20-08518_HIV10-02405_FL24_S14_L000_read_116_count_1   23.49%    passed     99.44%
 117  200724_20-08518_HIV10-02405_FL24_S14_L000_read_117_count_1   23.49%    passed     90.30%
 118  200724_20-08518_HIV10-02405_FL24_S14_L000_read_118_count_1   23.49%    passed     97.22%
 119  200724_20-08518_HIV10-02405_FL24_S14_L000_read_119_count_1   23.49%    passed     98.92%
 120  200724_20-08518_HIV10-02405_FL24_S14_L000_read_120_count_1   23.49%    passed     99.99%
 121  200724_20-08518_HIV10-02405_FL24_S14_L000_read_121_count_1   23.49%    passed     99.42%
 122  200724_20-08518_HIV10-02405_FL24_S14_L000_read_122_count_1   23.49%    passed     99.85%
 123  200709_20-07994_HIV07-01067_FL21_S1_L000_read_1_count_403    22.89%    passed     99.84%
 124  200709_20-07994_HIV07-01067_FL21_S1_L000_read_2_count_162    22.89%    passed     99.61%
 125  200709_20-07994_HIV07-01067_FL21_S1_L000_read_3_count_145    22.89%    passed     97.36%
 126  200709_20-07994_HIV07-01067_FL21_S1_L000_read_4_count_51     22.89%    passed     98.02%
 127  200709_20-07994_HIV07-01067_FL21_S1_L000_read_5_count_34     22.89%    passed     98.05%
 128  200709_20-07994_HIV07-01067_FL21_S1_L000_read_6_count_10     22.89%    passed     97.00%
 129  200709_20-07994_HIV07-01067_FL21_S1_L000_read_7_count_7      22.89%    passed     97.82%
 130  200709_20-07994_HIV07-01067_FL21_S1_L000_read_8_count_5      22.89%    passed     99.61%
 131  200709_20-07994_HIV07-01067_FL21_S1_L000_read_9_count_4      22.89%    passed     98.05%
 132  200709_20-07994_HIV07-01067_FL21_S1_L000_read_10_count_4     22.89%    passed     99.98%
 133  200709_20-07994_HIV07-01067_FL21_S1_L000_read_11_count_4     22.89%    passed     99.84%
 134  200709_20-07994_HIV07-01067_FL21_S1_L000_read_12_count_3     22.89%    passed     99.19%
 135  200709_20-07994_HIV07-01067_FL21_S1_L000_read_13_count_2     22.89%    passed     99.19%
 136  200709_20-07994_HIV07-01067_FL21_S1_L000_read_14_count_2     25.90%    passed     99.34%
 137  200709_20-07994_HIV07-01067_FL21_S1_L000_read_15_count_2     22.89%    passed     99.61%
 138  200709_20-07994_HIV07-01067_FL21_S1_L000_read_16_count_2     22.89%    passed     99.61%
 139  200709_20-07994_HIV07-01067_FL21_S1_L000_read_17_count_2     22.89%    passed     95.11%
 140  200709_20-07994_HIV07-01067_FL21_S1_L000_read_18_count_2     22.89%    passed     98.02%
 141  200709_20-07994_HIV07-01067_FL21_S1_L000_read_19_count_2     22.89%    passed     95.11%
 142  200709_20-07994_HIV07-01067_FL21_S1_L000_read_20_count_2     22.89%    passed     97.82%
 143  200709_20-07994_HIV07-01067_FL21_S1_L000_read_21_count_2     22.89%    passed     99.61%
 144  200709_20-07994_HIV07-01067_FL21_S1_L000_read_22_count_2     22.89%    passed     99.61%
 145  200709_20-07994_HIV07-01067_FL21_S1_L000_read_23_count_2     22.89%    passed     94.03%
 146  200709_20-07994_HIV07-01067_FL21_S1_L000_read_24_count_1     22.89%    passed     99.61%
 147  200709_20-07994_HIV07-01067_FL21_S1_L000_read_25_count_1     22.89%    passed     98.02%
 148  200709_20-07994_HIV07-01067_FL21_S1_L000_read_26_count_1     22.89%    passed     98.05%
 149  200709_20-07994_HIV07-01067_FL21_S1_L000_read_27_count_1     22.89%    passed     95.75%
 150  200709_20-07994_HIV07-01067_FL21_S1_L000_read_28_count_1     22.89%    passed     98.16%
 151  200709_20-07994_HIV07-01067_FL21_S1_L000_read_29_count_1     22.89%    passed     99.04%
 152  200709_20-07994_HIV07-01067_FL21_S1_L000_read_30_count_1     22.89%    passed     99.61%
 153  200709_20-07994_HIV07-01067_FL21_S1_L000_read_31_count_1     23.49%    passed     99.66%
 154  200709_20-07994_HIV07-01067_FL21_S1_L000_read_32_count_1     22.89%    passed     99.19%
 155  200709_20-07994_HIV07-01067_FL21_S1_L000_read_33_count_1     22.89%    passed     98.02%
 156  200709_20-07994_HIV07-01067_FL21_S1_L000_read_34_count_1     22.89%    passed     99.04%
 157  200709_20-07994_HIV07-01067_FL21_S1_L000_read_35_count_1     22.89%    passed     99.19%
 158  200709_20-07994_HIV07-01067_FL21_S1_L000_read_36_count_1     22.89%    passed     98.34%
 159  200709_20-07994_HIV07-01067_FL21_S1_L000_read_37_count_1     22.89%    passed     97.00%
 160  200709_20-07994_HIV07-01067_FL21_S1_L000_read_38_count_1     22.89%    passed     99.84%
 161  200709_20-07994_HIV07-01067_FL21_S1_L000_read_39_count_1     23.49%    passed     99.42%
 162  200709_20-07994_HIV07-01067_FL21_S1_L000_read_40_count_1     22.89%    passed     96.73%
 163  200709_20-07994_HIV07-01067_FL21_S1_L000_read_41_count_1     22.89%    passed     99.38%
 164  200709_20-07994_HIV07-01067_FL21_S1_L000_read_42_count_1     22.89%    passed     99.61%
 165  200709_20-07994_HIV07-01067_FL21_S1_L000_read_43_count_1     22.89%    passed     98.16%
 166  200709_20-07994_HIV07-01067_FL21_S1_L000_read_44_count_1     22.89%    passed     99.84%
 167  200709_20-07994_HIV07-01067_FL21_S1_L000_read_45_count_1     22.89%    passed     99.84%
 168  200709_20-07994_HIV07-01067_FL21_S1_L000_read_46_count_1     22.89%    passed     94.43%
 169  200709_20-07994_HIV07-01067_FL21_S1_L000_read_47_count_1     22.89%    passed     95.11%
 170  200709_20-07994_HIV07-01067_FL21_S1_L000_read_48_count_1     22.89%    passed     99.62%
 171  200709_20-07994_HIV07-01067_FL21_S1_L000_read_49_count_1     22.89%    passed     99.90%
 172  200709_20-07994_HIV07-01067_FL21_S1_L000_read_50_count_1     22.89%    passed     99.61%
 173  200709_20-07994_HIV07-01067_FL21_S1_L000_read_51_count_1     22.89%    passed     97.82%
 174  200709_20-07994_HIV07-01067_FL21_S1_L000_read_52_count_1     22.89%    passed     90.49%
 175  200709_20-07994_HIV07-01067_FL21_S1_L000_read_53_count_1     22.89%    passed     98.02%
 176  200709_20-07994_HIV07-01067_FL21_S1_L000_read_54_count_1     22.89%    passed     90.16%
 177  200709_20-07994_HIV07-01067_FL21_S1_L000_read_55_count_1     22.89%    passed     93.09%
 178  200709_20-07994_HIV07-01067_FL21_S1_L000_read_56_count_1     22.89%    passed     99.90%
 179  200709_20-07994_HIV07-01067_FL21_S1_L000_read_57_count_1     22.89%    passed     99.61%
 180  200709_20-07994_HIV07-01067_FL21_S1_L000_read_58_count_1     22.89%    passed     96.73%
 181  200709_20-07994_HIV07-01067_FL21_S1_L000_read_59_count_1     21.69%    passed     97.59%
 182  200709_20-07994_HIV07-01067_FL21_S1_L000_read_60_count_1     22.89%    passed     99.04%
 183  200709_20-07994_HIV07-01067_FL21_S1_L000_read_61_count_1     22.89%    passed     99.04%
 184  200709_20-07994_HIV07-01067_FL21_S1_L000_read_62_count_1     22.89%    passed     99.61%
 185  200709_20-07994_HIV07-01067_FL21_S1_L000_read_63_count_1     22.89%    passed     93.45%
 186  200709_20-07994_HIV07-01067_FL21_S1_L000_read_64_count_1     22.89%    passed     98.16%
 187  200709_20-07994_HIV07-01067_FL21_S1_L000_read_65_count_1     22.89%    passed     89.53%
 188  200709_20-07994_HIV07-01067_FL21_S1_L000_read_66_count_1     22.89%    passed     99.61%
 189  200709_20-07994_HIV07-01067_FL21_S1_L000_read_67_count_1     22.89%    passed     96.73%
 190  200709_20-07994_HIV07-01067_FL21_S1_L000_read_68_count_1     23.49%    passed     99.42%
 191  200709_20-07994_HIV07-01067_FL21_S1_L000_read_69_count_1     22.89%    passed     98.05%
 192  200709_20-07994_HIV07-01067_FL21_S1_L000_read_70_count_1     22.89%    passed     99.61%
 193  200709_20-07994_HIV07-01067_FL21_S1_L000_read_71_count_1     22.89%    passed     99.19%
 194  200709_20-07994_HIV07-01067_FL21_S1_L000_read_72_count_1     22.89%    passed     94.03%
 195  200709_20-07994_HIV07-01067_FL21_S1_L000_read_73_count_1     22.89%    passed     97.36%
 196  200709_20-07994_HIV07-01067_FL21_S1_L000_read_74_count_1     22.89%    passed     98.16%
 197  200709_20-07994_HIV07-01067_FL21_S1_L000_read_75_count_1     22.89%    passed     99.90%
 198  200709_20-07994_HIV07-01067_FL21_S1_L000_read_76_count_1     22.89%    passed     91.56%
 199  200709_20-07994_HIV07-01067_FL21_S1_L000_read_77_count_1     22.89%    passed     99.62%
 200  200709_20-07994_HIV07-01067_FL21_S1_L000_read_78_count_1     22.89%    passed     99.61%
 201  200709_20-07994_HIV07-01067_FL21_S1_L000_read_79_count_1     22.89%    passed     98.16%
 202  200709_20-07994_HIV07-01067_FL21_S1_L000_read_80_count_1     22.89%    passed     90.16%
 203  200709_20-07994_HIV07-01067_FL21_S1_L000_read_81_count_1     22.89%    passed     99.04%
 204  200709_20-07994_HIV07-01067_FL21_S1_L000_read_82_count_1     22.89%    passed     93.83%
 205  200709_20-07994_HIV07-01067_FL21_S1_L000_read_83_count_1     22.89%    passed     99.62%
 206  200709_20-07994_HIV07-01067_FL21_S1_L000_read_84_count_1     22.89%    passed     99.31%
 207  200709_20-07994_HIV07-01067_FL21_S1_L000_read_85_count_1     22.89%    passed     95.11%
 208  200709_20-07994_HIV07-01067_FL21_S1_L000_read_86_count_1     22.89%    passed     99.62%
 209  200709_20-07994_HIV07-01067_FL21_S1_L000_read_87_count_1     22.89%    passed     99.38%
 210  200709_20-07994_HIV07-01067_FL21_S1_L000_read_88_count_1     22.89%    passed     99.61%
 211  200709_20-07994_HIV07-01067_FL21_S1_L000_read_89_count_1     23.49%    passed     99.66%
 212  200709_20-07994_HIV07-01067_FL21_S1_L000_read_90_count_1     22.89%    passed     99.31%
 213  200709_20-07994_HIV07-01067_FL21_S1_L000_read_91_count_1     22.89%    passed     94.03%
 214  200709_20-07994_HIV07-01067_FL21_S1_L000_read_92_count_1     22.89%    passed     93.47%
 215  200709_20-07994_HIV07-01067_FL21_S1_L000_read_93_count_1     22.89%    passed     99.19%
 216  200709_20-07994_HIV07-01067_FL21_S1_L000_read_94_count_1     22.89%    passed     95.11%
 217  200709_20-07994_HIV07-01067_FL21_S1_L000_read_95_count_1     22.89%    passed     97.60%
 218  200709_20-07994_HIV07-01067_FL21_S1_L000_read_96_count_1     22.89%    passed     99.61%
 219  200709_20-07994_HIV07-01067_FL21_S1_L000_read_97_count_1     22.89%    passed     99.19%
 220  200709_20-07994_HIV07-01067_FL21_S1_L000_read_98_count_1     22.89%    passed     97.00%
 221  200709_20-07994_HIV07-01067_FL21_S1_L000_read_99_count_1     22.89%    passed     99.62%
 222  200709_20-07994_HIV07-01067_FL21_S1_L000_read_100_count_1    22.89%    passed     94.03%
 223  200709_20-07994_HIV07-01067_FL21_S1_L000_read_101_count_1    22.89%    passed     99.19%
 224  200709_20-07994_HIV07-01067_FL21_S1_L000_read_102_count_1    22.89%    passed     99.38%
 225  200709_20-07994_HIV07-01067_FL21_S1_L000_read_103_count_1    23.49%    passed     99.66%
 226  200709_20-07994_HIV07-01067_FL21_S1_L000_read_104_count_1    22.89%    passed     99.61%
 227  200709_20-07994_HIV07-01067_FL21_S1_L000_read_105_count_1    22.89%    passed     99.33%
 228  200709_20-07994_HIV07-01067_FL21_S1_L000_read_106_count_1    22.89%    passed     99.90%
 229  200709_20-07994_HIV07-01067_FL21_S1_L000_read_107_count_1    22.89%    passed     91.94%
 230  200709_20-07994_HIV07-01067_FL21_S1_L000_read_108_count_1    22.89%    passed     96.69%
 231  200709_20-07994_HIV07-01067_FL21_S1_L000_read_109_count_1    22.89%    passed     97.82%
 232  200703_20-07825_HIV09-00618_FL18_S6_L000_read_1_count_1256   23.49%    passed     98.85%
 233  200703_20-07825_HIV09-00618_FL18_S6_L000_read_2_count_9      23.49%    passed     99.66%
 234  200703_20-07825_HIV09-00618_FL18_S6_L000_read_3_count_5      23.49%    passed     98.48%
 235  200703_20-07825_HIV09-00618_FL18_S6_L000_read_4_count_5      23.49%    passed     98.48%
 236  200703_20-07825_HIV09-00618_FL18_S6_L000_read_5_count_5      23.49%    passed     96.15%
 237  200703_20-07825_HIV09-00618_FL18_S6_L000_read_6_count_5      23.49%    passed     96.15%
 238  200703_20-07825_HIV09-00618_FL18_S6_L000_read_7_count_5      23.49%    passed     96.18%
 239  200703_20-07825_HIV09-00618_FL18_S6_L000_read_8_count_3      23.49%    passed     96.15%
 240  200703_20-07825_HIV09-00618_FL18_S6_L000_read_9_count_3      23.49%    passed     96.15%
 241  200703_20-07825_HIV09-00618_FL18_S6_L000_read_10_count_3     23.49%    passed     96.15%
 242  200703_20-07825_HIV09-00618_FL18_S6_L000_read_11_count_3     23.49%    passed     99.66%
 243  200703_20-07825_HIV09-00618_FL18_S6_L000_read_12_count_3     23.49%    passed     96.18%
 244  200703_20-07825_HIV09-00618_FL18_S6_L000_read_13_count_3     23.49%    passed     96.15%
 245  200703_20-07825_HIV09-00618_FL18_S6_L000_read_14_count_3     23.49%    passed     99.66%
 246  200703_20-07825_HIV09-00618_FL18_S6_L000_read_15_count_2     23.49%    passed     96.15%
 247  200703_20-07825_HIV09-00618_FL18_S6_L000_read_16_count_2     23.49%    passed     99.66%
 248  200703_20-07825_HIV09-00618_FL18_S6_L000_read_17_count_2     23.49%    passed     98.48%
 249  200703_20-07825_HIV09-00618_FL18_S6_L000_read_18_count_2     23.49%    passed     96.15%
 250  200703_20-07825_HIV09-00618_FL18_S6_L000_read_19_count_2     23.49%    passed     99.85%
 251  200703_20-07825_HIV09-00618_FL18_S6_L000_read_20_count_2     23.49%    passed     96.18%
 252  200703_20-07825_HIV09-00618_FL18_S6_L000_read_21_count_2     23.49%    passed     99.66%
 253  200703_20-07825_HIV09-00618_FL18_S6_L000_read_22_count_2     23.49%    passed     97.08%
 254  200703_20-07825_HIV09-00618_FL18_S6_L000_read_23_count_2     23.49%    passed     96.15%
 255  200703_20-07825_HIV09-00618_FL18_S6_L000_read_24_count_2     23.49%    passed     96.15%
 256  200703_20-07825_HIV09-00618_FL18_S6_L000_read_25_count_2     23.49%    passed     96.18%
 257  200703_20-07825_HIV09-00618_FL18_S6_L000_read_26_count_2     23.49%    passed     99.85%
 258  200703_20-07825_HIV09-00618_FL18_S6_L000_read_27_count_2     23.49%    passed     99.66%
 259  200703_20-07825_HIV09-00618_FL18_S6_L000_read_28_count_2     23.49%    passed     96.15%
 260  200703_20-07825_HIV09-00618_FL18_S6_L000_read_29_count_2     23.49%    passed     98.48%
 261  200703_20-07825_HIV09-00618_FL18_S6_L000_read_30_count_2     23.49%    passed     94.95%
 262  200703_20-07825_HIV09-00618_FL18_S6_L000_read_31_count_2     23.49%    passed     99.66%
 263  200703_20-07825_HIV09-00618_FL18_S6_L000_read_32_count_2     24.10%    passed     99.12%
 264  200703_20-07825_HIV09-00618_FL18_S6_L000_read_33_count_2     23.49%    passed     96.18%
 265  200703_20-07825_HIV09-00618_FL18_S6_L000_read_34_count_1     23.49%    passed     97.08%
 266  200703_20-07825_HIV09-00618_FL18_S6_L000_read_35_count_1     23.49%    passed     96.18%
 267  200703_20-07825_HIV09-00618_FL18_S6_L000_read_36_count_1     23.49%    passed     96.15%
 268  200703_20-07825_HIV09-00618_FL18_S6_L000_read_37_count_1     23.49%    passed     96.15%
 269  200703_20-07825_HIV09-00618_FL18_S6_L000_read_38_count_1     23.49%    passed     99.12%
 270  200703_20-07825_HIV09-00618_FL18_S6_L000_read_39_count_1     23.49%    passed     98.85%
 271  200703_20-07825_HIV09-00618_FL18_S6_L000_read_40_count_1     23.49%    passed     96.15%
 272  200703_20-07825_HIV09-00618_FL18_S6_L000_read_41_count_1     23.49%    passed     96.15%
 273  200703_20-07825_HIV09-00618_FL18_S6_L000_read_42_count_1     24.10%    passed     97.44%
 274  200703_20-07825_HIV09-00618_FL18_S6_L000_read_43_count_1     23.49%    passed     99.66%
 275  200703_20-07825_HIV09-00618_FL18_S6_L000_read_44_count_1     23.49%    passed     99.66%
 276  200703_20-07825_HIV09-00618_FL18_S6_L000_read_45_count_1     23.49%    passed     96.15%
 277  200703_20-07825_HIV09-00618_FL18_S6_L000_read_46_count_1     23.49%    passed     97.29%
 278  200703_20-07825_HIV09-00618_FL18_S6_L000_read_47_count_1     23.49%    passed     94.95%
 279  200703_20-07825_HIV09-00618_FL18_S6_L000_read_48_count_1     23.49%    passed     97.08%
 280  200703_20-07825_HIV09-00618_FL18_S6_L000_read_49_count_1     23.49%    passed     96.15%
 281  200703_20-07825_HIV09-00618_FL18_S6_L000_read_50_count_1     23.49%    passed     96.18%
 282  200703_20-07825_HIV09-00618_FL18_S6_L000_read_51_count_1     23.49%    passed     99.66%
 283  200703_20-07825_HIV09-00618_FL18_S6_L000_read_52_count_1     23.49%    passed     97.29%
 284  200703_20-07825_HIV09-00618_FL18_S6_L000_read_53_count_1     23.49%    passed     96.18%
 285  200703_20-07825_HIV09-00618_FL18_S6_L000_read_54_count_1     23.49%    passed     98.48%
 286  200703_20-07825_HIV09-00618_FL18_S6_L000_read_55_count_1     23.49%    passed     96.15%
 287  200703_20-07825_HIV09-00618_FL18_S6_L000_read_56_count_1     23.49%    passed     99.66%
 288  200703_20-07825_HIV09-00618_FL18_S6_L000_read_57_count_1     22.89%    passed     98.02%
 289  200703_20-07825_HIV09-00618_FL18_S6_L000_read_58_count_1     23.49%    passed     96.15%
 290  200703_20-07825_HIV09-00618_FL18_S6_L000_read_59_count_1     21.69%    passed     97.37%
 291  200703_20-07825_HIV09-00618_FL18_S6_L000_read_60_count_1     23.49%    passed     98.48%
 292  200703_20-07825_HIV09-00618_FL18_S6_L000_read_61_count_1     23.49%    passed     96.18%
 293  200703_20-07825_HIV09-00618_FL18_S6_L000_read_62_count_1     23.49%    passed     96.18%
 294  200703_20-07825_HIV09-00618_FL18_S6_L000_read_63_count_1     23.49%    passed     98.48%
 295  200703_20-07825_HIV09-00618_FL18_S6_L000_read_64_count_1     23.49%    passed     99.85%
 296  200703_20-07825_HIV09-00618_FL18_S6_L000_read_65_count_1     23.49%    passed     98.12%
 297  200703_20-07825_HIV09-00618_FL18_S6_L000_read_66_count_1     23.49%    passed     93.04%
 298  200703_20-07825_HIV09-00618_FL18_S6_L000_read_67_count_1     23.49%    passed     97.29%
 299  200703_20-07825_HIV09-00618_FL18_S6_L000_read_68_count_1     23.49%    passed     96.15%
 300  200703_20-07825_HIV09-00618_FL18_S6_L000_read_69_count_1     23.49%    passed     97.29%
 301  200703_20-07825_HIV09-00618_FL18_S6_L000_read_70_count_1     23.49%    passed     99.66%
 302  200703_20-07825_HIV09-00618_FL18_S6_L000_read_71_count_1     23.49%    passed     98.12%
 303  200703_20-07825_HIV09-00618_FL18_S6_L000_read_72_count_1     23.49%    passed     96.15%
 304  200703_20-07825_HIV09-00618_FL18_S6_L000_read_73_count_1     23.49%    passed     96.18%
 305  200703_20-07825_HIV09-00618_FL18_S6_L000_read_74_count_1     23.49%    passed     96.18%
 306  200703_20-07825_HIV09-00618_FL18_S6_L000_read_75_count_1     23.49%    passed     96.15%
 307  200703_20-07825_HIV09-00618_FL18_S6_L000_read_76_count_1     23.49%    passed     96.18%
 308  200703_20-07825_HIV09-00618_FL18_S6_L000_read_77_count_1     23.49%    passed     99.85%
 309  200703_20-07825_HIV09-00618_FL18_S6_L000_read_78_count_1     23.49%    passed     99.85%
 310  200703_20-07825_HIV09-00618_FL18_S6_L000_read_79_count_1     21.69%    passed     95.16%
 311  200703_20-07825_HIV09-00618_FL18_S6_L000_read_80_count_1     23.49%    passed     98.12%
 312  200703_20-07825_HIV09-00618_FL18_S6_L000_read_81_count_1     24.10%    passed     99.97%
 313  200703_20-07825_HIV09-00618_FL18_S6_L000_read_82_count_1     23.49%    passed     97.29%
 314  200703_20-07825_HIV09-00618_FL18_S6_L000_read_83_count_1     23.49%    passed     96.18%
 315  200703_20-07825_HIV09-00618_FL18_S6_L000_read_84_count_1     23.49%    passed     96.15%
 316  200703_20-07825_HIV09-00618_FL18_S6_L000_read_85_count_1     23.49%    passed     96.18%
 317  200703_20-07825_HIV09-00618_FL18_S6_L000_read_86_count_1     23.49%    passed     98.12%
 318  200703_20-07825_HIV09-00618_FL18_S6_L000_read_87_count_1     23.49%    passed     96.18%
 319  200703_20-07825_HIV09-00618_FL18_S6_L000_read_88_count_1     23.49%    passed     99.66%
 320  200703_20-07825_HIV09-00618_FL18_S6_L000_read_89_count_1     23.49%    passed     97.29%
 321  200703_20-07825_HIV09-00618_FL18_S6_L000_read_90_count_1     23.49%    passed     99.66%
 322  200703_20-07825_HIV09-00618_FL18_S6_L000_read_91_count_1     23.49%    passed     96.15%
 323  200703_20-07825_HIV09-00618_FL18_S6_L000_read_92_count_1     23.49%    passed     99.66%
 324  200703_20-07825_HIV09-00618_FL18_S6_L000_read_93_count_1     23.49%    passed     98.12%
 325  200703_20-07825_HIV09-00618_FL18_S6_L000_read_94_count_1     23.49%    passed     94.95%
 326  200703_20-07825_HIV09-00618_FL18_S6_L000_read_95_count_1     23.49%    passed     99.66%
 327  200703_20-07825_HIV09-00618_FL18_S6_L000_read_96_count_1     23.49%    passed     94.95%
 328  200703_20-07825_HIV09-00618_FL18_S6_L000_read_97_count_1     23.49%    passed     96.15%
 329  200703_20-07825_HIV09-00618_FL18_S6_L000_read_98_count_1     23.49%    passed     93.65%
 330  200703_20-07825_HIV09-00618_FL18_S6_L000_read_99_count_1     23.49%    passed     98.48%
 331  200703_20-07825_HIV09-00618_FL18_S6_L000_read_100_count_1    23.49%    passed     96.15%
 332  200703_20-07825_HIV09-00618_FL18_S6_L000_read_101_count_1    23.49%    passed     96.18%
 333  200703_20-07825_HIV09-00618_FL18_S6_L000_read_102_count_1    23.49%    passed     96.18%
 334  200703_20-07825_HIV09-00618_FL18_S6_L000_read_103_count_1    23.49%    passed     96.15%
 335  200703_20-07825_HIV09-00618_FL18_S6_L000_read_104_count_1    23.49%    passed     94.95%
 336  200703_20-07825_HIV09-00618_FL18_S6_L000_read_105_count_1    23.49%    passed     98.12%
 337  200703_20-07825_HIV09-00618_FL18_S6_L000_read_106_count_1    23.49%    passed     98.85%
 338  200703_20-07825_HIV09-00618_FL18_S6_L000_read_107_count_1    23.49%    passed     99.66%
 339  200703_20-07825_HIV09-00618_FL18_S6_L000_read_108_count_1    23.49%    passed     91.91%
 340  200703_20-07825_HIV09-00618_FL18_S6_L000_read_109_count_1    23.49%    passed     99.85%
 341  200703_20-07825_HIV09-00618_FL18_S6_L000_read_110_count_1    23.49%    passed     99.12%
 342  200703_20-07825_HIV09-00618_FL18_S6_L000_read_111_count_1    23.49%    passed     99.85%
 343  200814_20-09728_HIV09-02843_FL30_S2_L000_read_1_count_1046   23.49%    passed     99.54%
 344  200814_20-09728_HIV09-02843_FL30_S2_L000_read_2_count_150    23.49%    passed     98.11%
 345  200814_20-09728_HIV09-02843_FL30_S2_L000_read_3_count_55     23.49%    passed     99.68%
 346  200814_20-09728_HIV09-02843_FL30_S2_L000_read_4_count_54     23.49%    passed     99.54%
 347  200814_20-09728_HIV09-02843_FL30_S2_L000_read_5_count_43     23.49%    passed     94.39%
 348  200814_20-09728_HIV09-02843_FL30_S2_L000_read_6_count_34     23.49%    passed     99.68%
 349  200814_20-09728_HIV09-02843_FL30_S2_L000_read_7_count_26     23.49%    passed     98.11%
 350  200814_20-09728_HIV09-02843_FL30_S2_L000_read_8_count_21     23.49%    passed     90.75%
 351  200814_20-09728_HIV09-02843_FL30_S2_L000_read_9_count_17     23.49%    passed     98.11%
 352  200814_20-09728_HIV09-02843_FL30_S2_L000_read_10_count_16    23.49%    passed     98.11%
 353  200814_20-09728_HIV09-02843_FL30_S2_L000_read_11_count_15    23.49%    passed     96.45%
 354  200814_20-09728_HIV09-02843_FL30_S2_L000_read_12_count_10    23.49%    passed     94.39%
 355  200814_20-09728_HIV09-02843_FL30_S2_L000_read_13_count_6     23.49%    passed     99.52%
 356  200814_20-09728_HIV09-02843_FL30_S2_L000_read_14_count_5     23.49%    passed     99.36%
 357  200814_20-09728_HIV09-02843_FL30_S2_L000_read_15_count_5     23.49%    passed     97.05%
 358  200814_20-09728_HIV09-02843_FL30_S2_L000_read_16_count_4     23.49%    passed     97.05%
 359  200814_20-09728_HIV09-02843_FL30_S2_L000_read_17_count_4     23.49%    passed     97.05%
 360  200814_20-09728_HIV09-02843_FL30_S2_L000_read_18_count_4     23.49%    passed     99.68%
 361  200814_20-09728_HIV09-02843_FL30_S2_L000_read_19_count_3     23.49%    passed     99.68%
 362  200814_20-09728_HIV09-02843_FL30_S2_L000_read_20_count_3     23.49%    passed     99.52%
 363  200814_20-09728_HIV09-02843_FL30_S2_L000_read_21_count_2     23.49%    passed     97.05%
 364  200814_20-09728_HIV09-02843_FL30_S2_L000_read_22_count_2     23.49%    passed     99.44%
 365  200814_20-09728_HIV09-02843_FL30_S2_L000_read_23_count_2     23.49%    passed     99.68%
 366  200814_20-09728_HIV09-02843_FL30_S2_L000_read_24_count_2     24.10%    passed     99.19%
 367  200814_20-09728_HIV09-02843_FL30_S2_L000_read_25_count_2     23.49%    passed     99.68%
 368  200814_20-09728_HIV09-02843_FL30_S2_L000_read_26_count_2     24.10%    passed     99.19%
 369  200814_20-09728_HIV09-02843_FL30_S2_L000_read_27_count_2     23.49%    passed     99.36%
 370  200814_20-09728_HIV09-02843_FL30_S2_L000_read_28_count_2     23.49%    passed     98.11%
 371  200814_20-09728_HIV09-02843_FL30_S2_L000_read_29_count_2     23.49%    passed     98.11%
 372  200814_20-09728_HIV09-02843_FL30_S2_L000_read_30_count_2     23.49%    passed     99.68%
 373  200814_20-09728_HIV09-02843_FL30_S2_L000_read_31_count_2     23.49%    passed     97.89%
 374  200814_20-09728_HIV09-02843_FL30_S2_L000_read_32_count_2     23.49%    passed     99.36%
 375  200814_20-09728_HIV09-02843_FL30_S2_L000_read_33_count_1     22.89%    passed     91.30%
 376  200814_20-09728_HIV09-02843_FL30_S2_L000_read_34_count_1     23.49%    passed     97.30%
 377  200814_20-09728_HIV09-02843_FL30_S2_L000_read_35_count_1     23.49%    passed     98.61%
 378  200814_20-09728_HIV09-02843_FL30_S2_L000_read_36_count_1     23.49%    passed     99.99%
 379  200814_20-09728_HIV09-02843_FL30_S2_L000_read_37_count_1     23.49%    passed     95.15%
 380  200814_20-09728_HIV09-02843_FL30_S2_L000_read_38_count_1     23.49%    passed     97.30%
 381  200814_20-09728_HIV09-02843_FL30_S2_L000_read_39_count_1     23.49%    passed     92.99%
 382  200814_20-09728_HIV09-02843_FL30_S2_L000_read_40_count_1     18.07%    passed     92.56%
 383  200814_20-09728_HIV09-02843_FL30_S2_L000_read_41_count_1     23.49%    passed     97.05%
 384  200814_20-09728_HIV09-02843_FL30_S2_L000_read_42_count_1     23.49%    passed     95.15%
 385  200814_20-09728_HIV09-02843_FL30_S2_L000_read_43_count_1     23.49%    passed     98.11%
 386  200814_20-09728_HIV09-02843_FL30_S2_L000_read_44_count_1     23.49%    passed     99.68%
 387  200814_20-09728_HIV09-02843_FL30_S2_L000_read_45_count_1     23.49%    passed     99.54%
 388  200814_20-09728_HIV09-02843_FL30_S2_L000_read_46_count_1     23.49%    passed     97.05%
 389  200814_20-09728_HIV09-02843_FL30_S2_L000_read_47_count_1     23.49%    passed     98.75%
 390  200814_20-09728_HIV09-02843_FL30_S2_L000_read_48_count_1     23.49%    passed     95.89%
 391  200814_20-09728_HIV09-02843_FL30_S2_L000_read_49_count_1     23.49%    passed     99.68%
 392  200814_20-09728_HIV09-02843_FL30_S2_L000_read_50_count_1     24.10%    passed     99.85%
 393  200814_20-09728_HIV09-02843_FL30_S2_L000_read_51_count_1     23.49%    passed     69.45%
 394  200814_20-09728_HIV09-02843_FL30_S2_L000_read_52_count_1     23.49%    passed     98.61%
 395  200814_20-09728_HIV09-02843_FL30_S2_L000_read_53_count_1     21.69%    passed     97.51%
 396  200814_20-09728_HIV09-02843_FL30_S2_L000_read_54_count_1     23.49%    passed     98.11%
 397  200814_20-09728_HIV09-02843_FL30_S2_L000_read_55_count_1     23.49%    passed     91.39%
 398  200814_20-09728_HIV09-02843_FL30_S2_L000_read_56_count_1     23.49%    passed     99.68%
 399  200814_20-09728_HIV09-02843_FL30_S2_L000_read_57_count_1     23.49%    passed     99.44%
 400  200814_20-09728_HIV09-02843_FL30_S2_L000_read_58_count_1     24.10%    passed     96.70%
 401  200814_20-09728_HIV09-02843_FL30_S2_L000_read_59_count_1     23.49%    passed     95.89%
 402  200814_20-09728_HIV09-02843_FL30_S2_L000_read_60_count_1     23.49%    passed     97.89%
 403  200814_20-09728_HIV09-02843_FL30_S2_L000_read_61_count_1     23.49%    passed     99.36%
 404  200814_20-09728_HIV09-02843_FL30_S2_L000_read_62_count_1     23.49%    passed     98.74%
 405  200814_20-09728_HIV09-02843_FL30_S2_L000_read_63_count_1     23.49%    passed     98.75%
 406  200814_20-09728_HIV09-02843_FL30_S2_L000_read_64_count_1     23.49%    passed     97.05%
 407  200814_20-09728_HIV09-02843_FL30_S2_L000_read_65_count_1     23.49%    passed     99.68%
 408  200814_20-09728_HIV09-02843_FL30_S2_L000_read_66_count_1     23.49%    passed     99.44%
 409  200814_20-09728_HIV09-02843_FL30_S2_L000_read_67_count_1     23.49%    passed     98.61%
 410  200814_20-09728_HIV09-02843_FL30_S2_L000_read_68_count_1     23.49%    passed     99.68%
 411  200814_20-09728_HIV09-02843_FL30_S2_L000_read_69_count_1     23.49%    passed     99.12%
 412  200814_20-09728_HIV09-02843_FL30_S2_L000_read_70_count_1     23.49%    passed     99.44%
 413  200814_20-09728_HIV09-02843_FL30_S2_L000_read_71_count_1     23.49%    passed     97.45%
 414  200814_20-09728_HIV09-02843_FL30_S2_L000_read_72_count_1     23.49%    passed     99.54%
 415  200814_20-09728_HIV09-02843_FL30_S2_L000_read_73_count_1     23.49%    passed     94.39%
 416  200814_20-09728_HIV09-02843_FL30_S2_L000_read_74_count_1     23.49%    passed     99.54%
 417  200814_20-09728_HIV09-02843_FL30_S2_L000_read_75_count_1     23.49%    passed     99.36%
 418  200814_20-09728_HIV09-02843_FL30_S2_L000_read_76_count_1     23.49%    passed     99.44%
 419  200814_20-09728_HIV09-02843_FL30_S2_L000_read_77_count_1     23.49%    passed     96.45%
 420  200814_20-09728_HIV09-02843_FL30_S2_L000_read_78_count_1     23.49%    passed     97.85%
 421  200814_20-09728_HIV09-02843_FL30_S2_L000_read_79_count_1     23.49%    passed     97.89%
 422  200814_20-09728_HIV09-02843_FL30_S2_L000_read_80_count_1     23.49%    passed     97.05%
 423  200814_20-09728_HIV09-02843_FL30_S2_L000_read_81_count_1     23.49%    passed     98.11%
 424  200814_20-09728_HIV09-02843_FL30_S2_L000_read_82_count_1     23.49%    passed     99.44%
 425  200814_20-09728_HIV09-02843_FL30_S2_L000_read_83_count_1     23.49%    passed     97.02%
 426  200814_20-09728_HIV09-02843_FL30_S2_L000_read_84_count_1     23.49%    passed     99.68%
 427  200814_20-09728_HIV09-02843_FL30_S2_L000_read_85_count_1     23.49%    passed     99.36%
 428  200814_20-09728_HIV09-02843_FL30_S2_L000_read_86_count_1     23.49%    passed     99.68%
 429  200814_20-09728_HIV09-02843_FL30_S2_L000_read_87_count_1     23.49%    passed     98.75%
 430  200814_20-09728_HIV09-02843_FL30_S2_L000_read_88_count_1     23.49%    passed     97.85%
 431  200814_20-09728_HIV09-02843_FL30_S2_L000_read_89_count_1     23.49%    passed     99.99%
 432  200814_20-09728_HIV09-02843_FL30_S2_L000_read_90_count_1     23.49%    passed     97.05%
 433  200814_20-09728_HIV09-02843_FL30_S2_L000_read_91_count_1     23.49%    passed     99.68%
 434  200814_20-09728_HIV09-02843_FL30_S2_L000_read_92_count_1     23.49%    passed     98.11%
 435  200814_20-09728_HIV09-02843_FL30_S2_L000_read_93_count_1     23.49%    passed     99.68%
 436  200814_20-09728_HIV09-02843_FL30_S2_L000_read_94_count_1     23.49%    passed     99.52%
 437  200814_20-09728_HIV09-02843_FL30_S2_L000_read_95_count_1     23.49%    passed     98.61%
 438  200814_20-09728_HIV09-02843_FL30_S2_L000_read_96_count_1     23.49%    passed     93.13%
 439  200814_20-09728_HIV09-02843_FL30_S2_L000_read_97_count_1     23.49%    passed     95.89%
 440  200814_20-09728_HIV09-02843_FL30_S2_L000_read_98_count_1     23.49%    passed     99.52%
 441  200814_20-09728_HIV09-02843_FL30_S2_L000_read_99_count_1     23.49%    passed     94.39%
 442  200814_20-09728_HIV09-02843_FL30_S2_L000_read_100_count_1    23.49%    passed     99.11%
 443  200814_20-09728_HIV09-02843_FL30_S2_L000_read_101_count_1    23.49%    passed     99.52%
 444  200814_20-09728_HIV09-02843_FL30_S2_L000_read_102_count_1    23.49%    passed     94.39%
 445  200814_20-09728_HIV09-02843_FL30_S2_L000_read_103_count_1    23.49%    passed     97.22%
 446  200814_20-09728_HIV09-02843_FL30_S2_L000_read_104_count_1    23.49%    passed     90.63%
 447  200814_20-09728_HIV09-02843_FL30_S2_L000_read_105_count_1    23.49%    passed     99.44%
 448  200814_20-09728_HIV09-02843_FL30_S2_L000_read_106_count_1    23.49%    passed     99.52%
 449  200814_20-09728_HIV09-02843_FL30_S2_L000_read_107_count_1    23.49%    passed     98.74%
 450  200814_20-09728_HIV09-02843_FL30_S2_L000_read_108_count_1    23.49%    passed     99.36%
 451  200814_20-09728_HIV09-02843_FL30_S2_L000_read_109_count_1    24.10%    passed     99.19%
 452  200814_20-09728_HIV09-02843_FL30_S2_L000_read_110_count_1    23.49%    passed     98.61%
 453  200814_20-09728_HIV09-02843_FL30_S2_L000_read_111_count_1    23.49%    passed     97.45%
 454  200814_20-09728_HIV09-02843_FL30_S2_L000_read_112_count_1    23.49%    passed     97.22%
 455  200814_20-09728_HIV09-02843_FL30_S2_L000_read_113_count_1    23.49%    passed     94.05%
 456  200814_20-09728_HIV09-02843_FL30_S2_L000_read_114_count_1    23.49%    passed     98.11%
 457  200814_20-09728_HIV09-02843_FL30_S2_L000_read_115_count_1    23.49%    passed     99.99%
 458  200814_20-09728_HIV09-02843_FL30_S2_L000_read_116_count_1    23.49%    passed     99.52%
 459  200814_20-09728_HIV09-02843_FL30_S2_L000_read_117_count_1    23.49%    passed     99.52%
 460  200814_20-09728_HIV09-02843_FL30_S2_L000_read_118_count_1    23.49%    passed     96.45%
 461  200814_20-09728_HIV09-02843_FL30_S2_L000_read_119_count_1    23.49%    passed     98.74%
 462  200814_20-09728_HIV09-02843_FL30_S2_L000_read_120_count_1    23.49%    passed     99.36%
 463  200814_20-09728_HIV09-02843_FL30_S2_L000_read_121_count_1    23.49%    passed     97.45%
 464  200814_20-09728_HIV09-02843_FL30_S2_L000_read_122_count_1    23.49%    passed     97.45%
 465  200814_20-09728_HIV09-02843_FL30_S2_L000_read_123_count_1    23.49%    passed     99.44%
 466  200814_20-09728_HIV09-02843_FL30_S2_L000_read_124_count_1    23.49%    passed     99.99%
 467  200814_20-09728_HIV09-02843_FL30_S2_L000_read_125_count_1    23.49%    passed     98.74%
 468  200814_20-09728_HIV09-02843_FL30_S2_L000_read_126_count_1    23.49%    passed     99.68%
 469  200814_20-09728_HIV09-02843_FL30_S2_L000_read_127_count_1    23.49%    passed     99.44%
 470  200814_20-09728_HIV09-02843_FL30_S2_L000_read_128_count_1    23.49%    passed     99.52%
 471  200814_20-09728_HIV09-02843_FL30_S2_L000_read_129_count_1    23.49%    passed     99.44%
 472  200814_20-09728_HIV09-02843_FL30_S2_L000_read_130_count_1    23.49%    passed     94.39%
 473  200814_20-09728_HIV09-02843_FL30_S2_L000_read_131_count_1    23.49%    passed     99.44%
 474  200814_20-09728_HIV09-02843_FL30_S2_L000_read_132_count_1    23.49%    passed     99.99%
 475  200724_20-08522_HIV11-02415_FL24_S18_L000_read_1_count_348   23.49%    passed     99.36%
 476  200724_20-08522_HIV11-02415_FL24_S18_L000_read_2_count_149   23.49%    passed     99.52%
 477  200724_20-08522_HIV11-02415_FL24_S18_L000_read_3_count_37    23.49%    passed     96.14%
 478  200724_20-08522_HIV11-02415_FL24_S18_L000_read_4_count_28    23.49%    passed     96.41%
 479  200724_20-08522_HIV11-02415_FL24_S18_L000_read_5_count_25    23.49%    passed     96.14%
 480  200724_20-08522_HIV11-02415_FL24_S18_L000_read_6_count_13    23.49%    passed     99.36%
 481  200724_20-08522_HIV11-02415_FL24_S18_L000_read_7_count_12    23.49%    passed     99.99%
 482  200724_20-08522_HIV11-02415_FL24_S18_L000_read_8_count_12    23.49%    passed     99.99%
 483  200724_20-08522_HIV11-02415_FL24_S18_L000_read_9_count_9     23.49%    passed     97.85%
 484  200724_20-08522_HIV11-02415_FL24_S18_L000_read_10_count_9    23.49%    passed     99.36%
 485  200724_20-08522_HIV11-02415_FL24_S18_L000_read_11_count_8    23.49%    passed     99.36%
 486  200724_20-08522_HIV11-02415_FL24_S18_L000_read_12_count_6    23.49%    passed     97.85%
 487  200724_20-08522_HIV11-02415_FL24_S18_L000_read_13_count_5    23.49%    passed     99.36%
 488  200724_20-08522_HIV11-02415_FL24_S18_L000_read_14_count_5    23.49%    passed     97.85%
 489  200724_20-08522_HIV11-02415_FL24_S18_L000_read_15_count_4    23.49%    passed     97.06%
 490  200724_20-08522_HIV11-02415_FL24_S18_L000_read_16_count_4    23.49%    passed     99.99%
 491  200724_20-08522_HIV11-02415_FL24_S18_L000_read_17_count_4    23.49%    passed     87.51%
 492  200724_20-08522_HIV11-02415_FL24_S18_L000_read_18_count_3    23.49%    passed     90.95%
 493  200724_20-08522_HIV11-02415_FL24_S18_L000_read_19_count_3    23.49%    passed     99.52%
 494  200724_20-08522_HIV11-02415_FL24_S18_L000_read_20_count_3    23.49%    passed     99.52%
 495  200724_20-08522_HIV11-02415_FL24_S18_L000_read_21_count_3    23.49%    passed     98.74%
 496  200724_20-08522_HIV11-02415_FL24_S18_L000_read_22_count_3    23.49%    passed     98.52%
 497  200724_20-08522_HIV11-02415_FL24_S18_L000_read_23_count_2    23.49%    passed     99.99%
 498  200724_20-08522_HIV11-02415_FL24_S18_L000_read_24_count_2    23.49%    passed     96.41%
 499  200724_20-08522_HIV11-02415_FL24_S18_L000_read_25_count_2    23.49%    passed     98.19%
 500  200724_20-08522_HIV11-02415_FL24_S18_L000_read_26_count_2    23.49%    passed     99.54%
 501  200724_20-08522_HIV11-02415_FL24_S18_L000_read_27_count_2    23.49%    passed     93.98%
 502  200724_20-08522_HIV11-02415_FL24_S18_L000_read_28_count_2    23.49%    passed     99.52%
 503  200724_20-08522_HIV11-02415_FL24_S18_L000_read_29_count_2    23.49%    passed     99.52%
 504  200724_20-08522_HIV11-02415_FL24_S18_L000_read_30_count_2    23.49%    passed     99.52%
 505  200724_20-08522_HIV11-02415_FL24_S18_L000_read_31_count_2    23.49%    passed     99.52%
 506  200724_20-08522_HIV11-02415_FL24_S18_L000_read_32_count_2    23.49%    passed     99.52%
 507  200724_20-08522_HIV11-02415_FL24_S18_L000_read_33_count_2    23.49%    passed     99.52%
 508  200724_20-08522_HIV11-02415_FL24_S18_L000_read_34_count_2    23.49%    passed     97.89%
 509  200724_20-08522_HIV11-02415_FL24_S18_L000_read_35_count_2    23.49%    passed     96.14%
 510  200724_20-08522_HIV11-02415_FL24_S18_L000_read_36_count_2    23.49%    passed     96.38%
 511  200724_20-08522_HIV11-02415_FL24_S18_L000_read_37_count_2    23.49%    passed     99.99%
 512  200724_20-08522_HIV11-02415_FL24_S18_L000_read_38_count_2    23.49%    passed     96.02%
 513  200724_20-08522_HIV11-02415_FL24_S18_L000_read_39_count_2    23.49%    passed     99.52%
 514  200724_20-08522_HIV11-02415_FL24_S18_L000_read_40_count_2    23.49%    passed     99.68%
 515  200724_20-08522_HIV11-02415_FL24_S18_L000_read_41_count_2    23.49%    passed     96.02%
 516  200724_20-08522_HIV11-02415_FL24_S18_L000_read_42_count_2    23.49%    passed     99.36%
 517  200724_20-08522_HIV11-02415_FL24_S18_L000_read_43_count_2    23.49%    passed     99.52%
 518  200724_20-08522_HIV11-02415_FL24_S18_L000_read_44_count_1    23.49%    passed     99.36%
 519  200724_20-08522_HIV11-02415_FL24_S18_L000_read_45_count_1    23.49%    passed     99.54%
 520  200724_20-08522_HIV11-02415_FL24_S18_L000_read_46_count_1    23.49%    passed     97.06%
 521  200724_20-08522_HIV11-02415_FL24_S18_L000_read_47_count_1    23.49%    passed     99.85%
 522  200724_20-08522_HIV11-02415_FL24_S18_L000_read_48_count_1    23.49%    passed     99.68%
 523  200724_20-08522_HIV11-02415_FL24_S18_L000_read_49_count_1    23.49%    passed     99.36%
 524  200724_20-08522_HIV11-02415_FL24_S18_L000_read_50_count_1    23.49%    passed     99.99%
 525  200724_20-08522_HIV11-02415_FL24_S18_L000_read_51_count_1    23.49%    passed     98.52%
 526  200724_20-08522_HIV11-02415_FL24_S18_L000_read_52_count_1    23.49%    passed     97.96%
 527  200724_20-08522_HIV11-02415_FL24_S18_L000_read_53_count_1    23.49%    passed     99.52%
 528  200724_20-08522_HIV11-02415_FL24_S18_L000_read_54_count_1    23.49%    passed     97.22%
 529  200724_20-08522_HIV11-02415_FL24_S18_L000_read_55_count_1    23.49%    passed     98.52%
 530  200724_20-08522_HIV11-02415_FL24_S18_L000_read_56_count_1    23.49%    passed     97.96%
 531  200724_20-08522_HIV11-02415_FL24_S18_L000_read_57_count_1    23.49%    passed     99.52%
 532  200724_20-08522_HIV11-02415_FL24_S18_L000_read_58_count_1    23.49%    passed     97.06%
 533  200724_20-08522_HIV11-02415_FL24_S18_L000_read_59_count_1    23.49%    passed     96.41%
 534  200724_20-08522_HIV11-02415_FL24_S18_L000_read_60_count_1    23.49%    passed     99.52%
 535  200724_20-08522_HIV11-02415_FL24_S18_L000_read_61_count_1    23.49%    passed     98.11%
 536  200724_20-08522_HIV11-02415_FL24_S18_L000_read_62_count_1    23.49%    passed     98.54%
 537  200724_20-08522_HIV11-02415_FL24_S18_L000_read_63_count_1    23.49%    passed     99.52%
 538  200724_20-08522_HIV11-02415_FL24_S18_L000_read_64_count_1    23.49%    passed     99.52%
 539  200724_20-08522_HIV11-02415_FL24_S18_L000_read_65_count_1    23.49%    passed     99.52%
 540  200724_20-08522_HIV11-02415_FL24_S18_L000_read_66_count_1    23.49%    passed     98.54%
 541  200724_20-08522_HIV11-02415_FL24_S18_L000_read_67_count_1    24.10%    passed     99.45%
 542  200724_20-08522_HIV11-02415_FL24_S18_L000_read_68_count_1    23.49%    passed     97.06%
 543  200724_20-08522_HIV11-02415_FL24_S18_L000_read_69_count_1    22.89%    passed     86.61%
 544  200724_20-08522_HIV11-02415_FL24_S18_L000_read_70_count_1    23.49%    passed     97.96%
 545  200724_20-08522_HIV11-02415_FL24_S18_L000_read_71_count_1    23.49%    passed     96.02%
 546  200724_20-08522_HIV11-02415_FL24_S18_L000_read_72_count_1    23.49%    passed     98.54%
 547  200724_20-08522_HIV11-02415_FL24_S18_L000_read_73_count_1    23.49%    passed     99.52%
 548  200724_20-08522_HIV11-02415_FL24_S18_L000_read_74_count_1    23.49%    passed     99.52%
 549  200724_20-08522_HIV11-02415_FL24_S18_L000_read_75_count_1    22.89%    passed     98.57%
 550  200724_20-08522_HIV11-02415_FL24_S18_L000_read_76_count_1    23.49%    passed     99.52%
 551  200724_20-08522_HIV11-02415_FL24_S18_L000_read_77_count_1    23.49%    passed     98.52%
 552  200724_20-08522_HIV11-02415_FL24_S18_L000_read_78_count_1    23.49%    passed     98.52%
 553  200724_20-08522_HIV11-02415_FL24_S18_L000_read_79_count_1    23.49%    passed     96.02%
 554  200724_20-08522_HIV11-02415_FL24_S18_L000_read_80_count_1    23.49%    passed     91.97%
 555  200724_20-08522_HIV11-02415_FL24_S18_L000_read_81_count_1    22.89%    passed     99.30%
 556  200724_20-08522_HIV11-02415_FL24_S18_L000_read_82_count_1    23.49%    passed     98.54%
 557  200724_20-08522_HIV11-02415_FL24_S18_L000_read_83_count_1    24.10%    passed     95.51%
 558  200724_20-08522_HIV11-02415_FL24_S18_L000_read_84_count_1    23.49%    passed     99.42%
 559  200724_20-08522_HIV11-02415_FL24_S18_L000_read_85_count_1    23.49%    passed     95.05%
 560  200724_20-08522_HIV11-02415_FL24_S18_L000_read_86_count_1    23.49%    passed     98.92%
 561  200724_20-08522_HIV11-02415_FL24_S18_L000_read_87_count_1    23.49%    passed     99.39%
 562  200724_20-08522_HIV11-02415_FL24_S18_L000_read_88_count_1    23.49%    passed     99.85%
 563  200724_20-08522_HIV11-02415_FL24_S18_L000_read_89_count_1    23.49%    passed     98.74%
 564  200724_20-08522_HIV11-02415_FL24_S18_L000_read_90_count_1    23.49%    passed     98.74%
 565  200724_20-08522_HIV11-02415_FL24_S18_L000_read_91_count_1    23.49%    passed     99.52%
 566  200724_20-08522_HIV11-02415_FL24_S18_L000_read_92_count_1    23.49%    passed     98.74%
 567  200724_20-08522_HIV11-02415_FL24_S18_L000_read_93_count_1    23.49%    passed     99.85%
 568  200724_20-08522_HIV11-02415_FL24_S18_L000_read_94_count_1    23.49%    passed     96.41%
 569  200724_20-08522_HIV11-02415_FL24_S18_L000_read_95_count_1    23.49%    passed     95.28%
 570  200724_20-08522_HIV11-02415_FL24_S18_L000_read_96_count_1    23.49%    passed     97.96%
 571  200724_20-08522_HIV11-02415_FL24_S18_L000_read_97_count_1    23.49%    passed     96.14%
 572  200724_20-08522_HIV11-02415_FL24_S18_L000_read_98_count_1    23.49%    passed     98.52%
 573  200724_20-08522_HIV11-02415_FL24_S18_L000_read_99_count_1    23.49%    passed     96.02%
 574  200724_20-08522_HIV11-02415_FL24_S18_L000_read_100_count_1   23.49%    passed     98.52%
 575  200724_20-08522_HIV11-02415_FL24_S18_L000_read_101_count_1   23.49%    passed     99.68%
 576  200724_20-08522_HIV11-02415_FL24_S18_L000_read_102_count_1   24.10%    passed     99.72%
 577  200724_20-08522_HIV11-02415_FL24_S18_L000_read_103_count_1   23.49%    passed     98.74%
 578  200724_20-08522_HIV11-02415_FL24_S18_L000_read_104_count_1   23.49%    passed     99.36%
 579  200724_20-08522_HIV11-02415_FL24_S18_L000_read_105_count_1   23.49%    passed     98.92%
 580  200724_20-08522_HIV11-02415_FL24_S18_L000_read_106_count_1   23.49%    passed     97.06%
 581  200724_20-08522_HIV11-02415_FL24_S18_L000_read_107_count_1   23.49%    passed     95.18%
 582  200724_20-08522_HIV11-02415_FL24_S18_L000_read_108_count_1   23.49%    passed     99.99%
 583  200724_20-08522_HIV11-02415_FL24_S18_L000_read_109_count_1   23.49%    passed     93.98%
 584  200724_20-08522_HIV11-02415_FL24_S18_L000_read_110_count_1   23.49%    passed     99.52%
 585  200724_20-08522_HIV11-02415_FL24_S18_L000_read_111_count_1   23.49%    passed     93.41%
 586  200724_20-08522_HIV11-02415_FL24_S18_L000_read_112_count_1   23.49%    passed     97.85%
 587  200724_20-08522_HIV11-02415_FL24_S18_L000_read_113_count_1   23.49%    passed     97.85%
 588  200724_20-08522_HIV11-02415_FL24_S18_L000_read_114_count_1   23.49%    passed     91.97%
 589  200724_20-08522_HIV11-02415_FL24_S18_L000_read_115_count_1   23.49%    passed     99.68%
 590  200724_20-08522_HIV11-02415_FL24_S18_L000_read_116_count_1   23.49%    passed     98.92%
 591  200724_20-08522_HIV11-02415_FL24_S18_L000_read_117_count_1   23.49%    passed     96.02%
 592  200724_20-08522_HIV11-02415_FL24_S18_L000_read_118_count_1   23.49%    passed     93.98%
 593  200724_20-08522_HIV11-02415_FL24_S18_L000_read_119_count_1   23.49%    passed     99.52%
 594  200724_20-08522_HIV11-02415_FL24_S18_L000_read_120_count_1   23.49%    passed     96.14%
 595  200724_20-08522_HIV11-02415_FL24_S18_L000_read_121_count_1   23.49%    passed     98.54%
 596  200724_20-08522_HIV11-02415_FL24_S18_L000_read_122_count_1   23.49%    passed     99.68%
 597  200724_20-08522_HIV11-02415_FL24_S18_L000_read_123_count_1   23.49%    passed     98.19%
 598  200724_20-08522_HIV11-02415_FL24_S18_L000_read_124_count_1   23.49%    passed     96.14%
 599  200724_20-08522_HIV11-02415_FL24_S18_L000_read_125_count_1   23.49%    passed     96.02%
 600  200724_20-08522_HIV11-02415_FL24_S18_L000_read_126_count_1   23.49%    passed     97.96%
 601  200724_20-08522_HIV11-02415_FL24_S18_L000_read_127_count_1   23.49%    passed     98.74%
 602  200724_20-08522_HIV11-02415_FL24_S18_L000_read_128_count_1   23.49%    passed     98.92%
 603  200724_20-08522_HIV11-02415_FL24_S18_L000_read_129_count_1   23.49%    passed     98.92%
 604  200724_20-08522_HIV11-02415_FL24_S18_L000_read_130_count_1   23.49%    passed     98.74%
 605  200724_20-08522_HIV11-02415_FL24_S18_L000_read_131_count_1   23.49%    passed     93.11%
 606  200724_20-08522_HIV11-02415_FL24_S18_L000_read_132_count_1   23.49%    passed     96.41%
 607  200724_20-08522_HIV11-02415_FL24_S18_L000_read_133_count_1   23.49%    passed     93.98%
 608  200724_20-08522_HIV11-02415_FL24_S18_L000_read_134_count_1   23.49%    passed     93.41%
 609  200724_20-08522_HIV11-02415_FL24_S18_L000_read_135_count_1   23.49%    passed     97.85%
 610  200724_20-08522_HIV11-02415_FL24_S18_L000_read_136_count_1   24.10%    passed     96.39%
 611  200724_20-08522_HIV11-02415_FL24_S18_L000_read_137_count_1   23.49%    passed     99.36%
 612  200724_20-08522_HIV11-02415_FL24_S18_L000_read_138_count_1   23.49%    passed     99.85%
 613  200724_20-08522_HIV11-02415_FL24_S18_L000_read_139_count_1   23.49%    passed     97.85%
 614  200724_20-08522_HIV11-02415_FL24_S18_L000_read_140_count_1   23.49%    passed     99.54%
 615  200724_20-08522_HIV11-02415_FL24_S18_L000_read_141_count_1   22.89%    passed     98.83%
 616  200724_20-08522_HIV11-02415_FL24_S18_L000_read_142_count_1   22.89%    passed     93.04%
 617  200724_20-08522_HIV11-02415_FL24_S18_L000_read_143_count_1   23.49%    passed     98.11%
 618  200724_20-08522_HIV11-02415_FL24_S18_L000_read_144_count_1   23.49%    passed     99.68%
 619  200724_20-08522_HIV11-02415_FL24_S18_L000_read_145_count_1   23.49%    passed     99.52%
 620  200724_20-08522_HIV11-02415_FL24_S18_L000_read_146_count_1   23.49%    passed     93.11%
 621  200724_20-08522_HIV11-02415_FL24_S18_L000_read_147_count_1   23.49%    passed     98.54%
 622  200724_20-08522_HIV11-02415_FL24_S18_L000_read_148_count_1   23.49%    passed     99.99%
 623  200724_20-08522_HIV11-02415_FL24_S18_L000_read_149_count_1   23.49%    passed     98.74%
 624  200724_20-08522_HIV11-02415_FL24_S18_L000_read_150_count_1   23.49%    passed     99.52%
 625  200724_20-08522_HIV11-02415_FL24_S18_L000_read_151_count_1   19.88%    passed     99.46%
 626  200724_20-08522_HIV11-02415_FL24_S18_L000_read_152_count_1   23.49%    passed     97.96%
 627  200724_20-08522_HIV11-02415_FL24_S18_L000_read_153_count_1   23.49%    passed     98.74%
 628  200724_20-08522_HIV11-02415_FL24_S18_L000_read_154_count_1   23.49%    passed     97.96%
 629  200724_20-08522_HIV11-02415_FL24_S18_L000_read_155_count_1   23.49%    passed     98.92%
 630  200724_20-08522_HIV11-02415_FL24_S18_L000_read_156_count_1   23.49%    passed     98.74%
 631  200724_20-08522_HIV11-02415_FL24_S18_L000_read_157_count_1   23.49%    passed     98.54%
 632  200724_20-08522_HIV11-02415_FL24_S18_L000_read_158_count_1   23.49%    passed     99.36%
 633  200724_20-08522_HIV11-02415_FL24_S18_L000_read_159_count_1   23.49%    passed     99.99%
 634  200724_20-08522_HIV11-02415_FL24_S18_L000_read_160_count_1   23.49%    passed     98.74%
 635  200724_20-08522_HIV11-02415_FL24_S18_L000_read_161_count_1   23.49%    passed     89.69%
 636  200724_20-08522_HIV11-02415_FL24_S18_L000_read_162_count_1   23.49%    passed     94.87%
 637  200724_20-08522_HIV11-02415_FL24_S18_L000_read_163_count_1   23.49%    passed     99.85%
 638  200724_20-08522_HIV11-02415_FL24_S18_L000_read_164_count_1   23.49%    passed     99.42%
 639  200724_20-08522_HIV11-02415_FL24_S18_L000_read_165_count_1   23.49%    passed     96.02%
 640  200724_20-08522_HIV11-02415_FL24_S18_L000_read_166_count_1   23.49%    passed     98.19%
 641  200724_20-08522_HIV11-02415_FL24_S18_L000_read_167_count_1   23.49%    passed     99.36%
 642  200724_20-08522_HIV11-02415_FL24_S18_L000_read_168_count_1   23.49%    passed     97.85%
 643  200724_20-08522_HIV11-02415_FL24_S18_L000_read_169_count_1   23.49%    passed     96.14%
 644  200724_20-08522_HIV11-02415_FL24_S18_L000_read_170_count_1   22.89%    passed     98.66%
 645  200724_20-08522_HIV11-02415_FL24_S18_L000_read_171_count_1   23.49%    passed     96.14%
 646  200724_20-08522_HIV11-02415_FL24_S18_L000_read_172_count_1   23.49%    passed     96.14%
 647  200724_20-08522_HIV11-02415_FL24_S18_L000_read_173_count_1   23.49%    passed     93.98%
 648  200724_20-08522_HIV11-02415_FL24_S18_L000_read_174_count_1   23.49%    passed     94.05%
 649  200724_20-08522_HIV11-02415_FL24_S18_L000_read_175_count_1   23.49%    passed     99.36%
 650  200724_20-08522_HIV11-02415_FL24_S18_L000_read_176_count_1   23.49%    passed     97.85%
 651  200724_20-08522_HIV11-02415_FL24_S18_L000_read_177_count_1   23.49%    passed     99.36%
 652  200724_20-08522_HIV11-02415_FL24_S18_L000_read_178_count_1   23.49%    passed     97.85%
 653  B.FR.83.HXB2_LAI_IIIB_BRU.K03455                             23.49%    passed     99.52%
 654  C.BW.00.00BW07621.AF443088                                   23.49%    passed     87.09%
****  TOTAL                                                        23.38%  0 sequences failed composition chi2 test (p-value<5%; df=3)
NOTE: B.FR.83.HXB2_LAI_IIIB_BRU.K03455 is identical to 200724_20-08518_HIV10-02405_FL24_S14_L000_read_6_count_12 but kept for subsequent analysis
Checking for duplicate sequences: done in 0.00177462 secs using 145.6% CPU

Create initial parsimony tree by phylogenetic likelihood library (PLL)... 0.063 seconds

NOTE: 19 MB RAM (0 GB) is required!
WARNING: Number of threads seems too high for short alignments. Use -T AUTO to determine best number of threads.
Estimate model parameters (epsilon = 0.100)
1. Initial log-likelihood: -4870.463
2. Current log-likelihood: -4723.769
3. Current log-likelihood: -4723.200
Optimal log-likelihood: -4723.104
Rate parameters:  A-C: 0.95502  A-G: 1.48352  A-T: 0.47807  C-G: 0.15416  C-T: 2.55548  G-T: 1.00000
Base frequencies:  A: 0.369  C: 0.174  G: 0.301  T: 0.156
Site proportion and rates:  (0.055,0.244) (0.107,0.420) (0.177,0.696) (0.238,0.806) (0.214,0.925) (0.209,2.053)
Parameters optimization took 3 rounds (2.927 sec)
Wrote distance file to... 
Computing ML distances based on estimated model parameters...
Calculating distance matrix: done in 1.04595 secs using 199.7% CPU
Computing ML distances took 1.047703 sec (of wall-clock time) 2.089058 sec (of CPU time)
Setting up auxiliary I and S matrices: done in 0.0265294 secs using 200.2% CPU
Constructing RapidNJ tree: done in 0.270795 secs using 124.6% CPU
Computing RapidNJ tree took 0.297539 sec (of wall-clock time) 0.390663 sec (of CPU time)
Log-likelihood of RapidNJ tree: -4701.625
--------------------------------------------------------------------
|             INITIALIZING CANDIDATE TREE SET                      |
--------------------------------------------------------------------
Generating 98 parsimony trees... 6.651 second
Computing log-likelihood of 98 initial trees ... 6.110 seconds
Current best score: -4701.625

Do NNI search on 20 best initial trees
Optimizing NNI: done in 0.382882 secs using 198.2% CPU
Estimate model parameters (epsilon = 0.100)
BETTER TREE FOUND at iteration 1: -4684.945
Optimizing NNI: done in 0.511797 secs using 194.5% CPU
Optimizing NNI: done in 0.852993 secs using 196.8% CPU
Optimizing NNI: done in 0.865469 secs using 198.2% CPU
Optimizing NNI: done in 1.1945 secs using 196.8% CPU
Optimizing NNI: done in 0.891473 secs using 196.3% CPU
Optimizing NNI: done in 0.764193 secs using 198% CPU
Optimizing NNI: done in 0.697801 secs using 195.3% CPU
Optimizing NNI: done in 0.873519 secs using 196.7% CPU
Optimizing NNI: done in 0.854932 secs using 196.5% CPU
Iteration 10 / LogL: -4734.154 / Time: 0h:0m:27s
Optimizing NNI: done in 0.983874 secs using 196.8% CPU
Optimizing NNI: done in 0.999077 secs using 196.2% CPU
Optimizing NNI: done in 1.01591 secs using 196.4% CPU
Optimizing NNI: done in 1.03208 secs using 197.4% CPU
Optimizing NNI: done in 0.718105 secs using 199.2% CPU
Optimizing NNI: done in 1.04087 secs using 197.6% CPU
Optimizing NNI: done in 1.04593 secs using 197.2% CPU
Optimizing NNI: done in 0.714508 secs using 198.5% CPU
Optimizing NNI: done in 0.640212 secs using 197% CPU
Optimizing NNI: done in 0.859065 secs using 197.4% CPU
Iteration 20 / LogL: -4736.902 / Time: 0h:0m:36s
Finish initializing candidate tree set (20)
Current best tree score: -4684.945 / CPU time: 31.716
Number of iterations: 20
--------------------------------------------------------------------
|               OPTIMIZING CANDIDATE TREE SET                      |
--------------------------------------------------------------------
Optimizing NNI: done in 1.20309 secs using 196.7% CPU
Optimizing NNI: done in 0.972321 secs using 197% CPU
Optimizing NNI: done in 0.840625 secs using 196.9% CPU
Optimizing NNI: done in 1.19032 secs using 197.4% CPU
Optimizing NNI: done in 1.12244 secs using 195.4% CPU
Optimizing NNI: done in 1.31378 secs using 197.3% CPU
Optimizing NNI: done in 1.49227 secs using 197.2% CPU
Estimate model parameters (epsilon = 0.100)
BETTER TREE FOUND at iteration 27: -4684.333
Optimizing NNI: done in 1.10416 secs using 196.8% CPU
Optimizing NNI: done in 0.940326 secs using 195.9% CPU
Optimizing NNI: done in 1.12954 secs using 197.5% CPU
Iteration 30 / LogL: -4685.638 / Time: 0h:0m:49s (0h:2m:46s left)
Optimizing NNI: done in 1.08627 secs using 197.8% CPU
Estimate model parameters (epsilon = 0.100)
BETTER TREE FOUND at iteration 31: -4683.104
Optimizing NNI: done in 1.21224 secs using 196.2% CPU
Optimizing NNI: done in 1.1617 secs using 198.6% CPU
Optimizing NNI: done in 1.17839 secs using 198.3% CPU
Optimizing NNI: done in 0.928376 secs using 196% CPU
Optimizing NNI: done in 1.08905 secs using 195.4% CPU
Optimizing NNI: done in 0.976297 secs using 196% CPU
Optimizing NNI: done in 1.15008 secs using 197.4% CPU
Optimizing NNI: done in 0.956269 secs using 196.9% CPU
Optimizing NNI: done in 0.91872 secs using 196.6% CPU
Iteration 40 / LogL: -4715.991 / Time: 0h:1m:2s (0h:2m:26s left)
Optimizing NNI: done in 1.01772 secs using 196.6% CPU
Optimizing NNI: done in 1.2212 secs using 195.9% CPU
Optimizing NNI: done in 0.993671 secs using 198.5% CPU
Optimizing NNI: done in 1.15623 secs using 196.8% CPU
Optimizing NNI: done in 1.11764 secs using 198.7% CPU
Optimizing NNI: done in 0.913836 secs using 195.7% CPU
Optimizing NNI: done in 1.28097 secs using 197.7% CPU
Estimate model parameters (epsilon = 0.100)
BETTER TREE FOUND at iteration 47: -4682.789
Optimizing NNI: done in 1.04363 secs using 194.5% CPU
Optimizing NNI: done in 1.42598 secs using 196.7% CPU
Optimizing NNI: done in 0.973171 secs using 197.3% CPU
Iteration 50 / LogL: -4702.871 / Time: 0h:1m:16s (0h:2m:30s left)
Optimizing NNI: done in 1.21379 secs using 196.1% CPU
Estimate model parameters (epsilon = 0.100)
BETTER TREE FOUND at iteration 51: -4678.171
Optimizing NNI: done in 1.35059 secs using 197% CPU
Optimizing NNI: done in 1.27769 secs using 196.3% CPU
Optimizing NNI: done in 1.2622 secs using 196.1% CPU
Optimizing NNI: done in 1.1297 secs using 198.8% CPU
Optimizing NNI: done in 0.929256 secs using 197.5% CPU
Optimizing NNI: done in 1.70806 secs using 196.9% CPU
Optimizing NNI: done in 0.818498 secs using 195% CPU
Optimizing NNI: done in 1.14371 secs using 199% CPU
Optimizing NNI: done in 0.98505 secs using 197.2% CPU
Iteration 60 / LogL: -4696.254 / Time: 0h:1m:29s (0h:2m:17s left)
Optimizing NNI: done in 1.09741 secs using 197.5% CPU
Optimizing NNI: done in 1.20255 secs using 197.9% CPU
Optimizing NNI: done in 1.34125 secs using 195.8% CPU
Optimizing NNI: done in 1.10738 secs using 196.9% CPU
Optimizing NNI: done in 1.23786 secs using 197.1% CPU
Optimizing NNI: done in 0.937741 secs using 196.9% CPU
Optimizing NNI: done in 1.37378 secs using 197.3% CPU
Optimizing NNI: done in 1.49982 secs using 198% CPU
Estimate model parameters (epsilon = 0.100)
BETTER TREE FOUND at iteration 68: -4677.227
Optimizing NNI: done in 0.926768 secs using 196.8% CPU
Optimizing NNI: done in 0.968683 secs using 196.3% CPU
Iteration 70 / LogL: -4698.196 / Time: 0h:1m:42s (0h:2m:25s left)
Optimizing NNI: done in 1.08324 secs using 196.1% CPU
Optimizing NNI: done in 1.06486 secs using 195.9% CPU
Optimizing NNI: done in 1.18669 secs using 195.5% CPU
Optimizing NNI: done in 0.912797 secs using 197.5% CPU
Optimizing NNI: done in 1.07683 secs using 197.4% CPU
Optimizing NNI: done in 1.15184 secs using 195.6% CPU
Optimizing NNI: done in 0.99163 secs using 198.1% CPU
Optimizing NNI: done in 0.947845 secs using 194.7% CPU
Optimizing NNI: done in 1.38631 secs using 198.5% CPU
Optimizing NNI: done in 0.967545 secs using 197.7% CPU
Iteration 80 / LogL: -4692.306 / Time: 0h:1m:54s (0h:2m:6s left)
Optimizing NNI: done in 1.04914 secs using 197.4% CPU
Optimizing NNI: done in 0.979328 secs using 194.8% CPU
Optimizing NNI: done in 0.967556 secs using 198.4% CPU
Optimizing NNI: done in 1.05911 secs using 196.4% CPU
Optimizing NNI: done in 1.43025 secs using 196.2% CPU
Optimizing NNI: done in 1.0904 secs using 197% CPU
Optimizing NNI: done in 1.21659 secs using 198.1% CPU
Optimizing NNI: done in 1.04229 secs using 198.3% CPU
Optimizing NNI: done in 1.06226 secs using 196.1% CPU
Optimizing NNI: done in 0.93304 secs using 196.2% CPU
Iteration 90 / LogL: -4698.541 / Time: 0h:2m:5s (0h:1m:49s left)
Optimizing NNI: done in 0.915572 secs using 196.7% CPU
Optimizing NNI: done in 1.41042 secs using 194.8% CPU
Optimizing NNI: done in 1.21519 secs using 196.5% CPU
Optimizing NNI: done in 1.10791 secs using 196.9% CPU
Optimizing NNI: done in 1.08555 secs using 197.4% CPU
Optimizing NNI: done in 1.29891 secs using 197.3% CPU
Optimizing NNI: done in 0.983277 secs using 196.5% CPU
Optimizing NNI: done in 1.14873 secs using 197.9% CPU
Optimizing NNI: done in 0.960015 secs using 197.2% CPU
Optimizing NNI: done in 1.20681 secs using 196.8% CPU
Iteration 100 / LogL: -4685.363 / Time: 0h:2m:17s (0h:1m:34s left)
Optimizing NNI: done in 1.47194 secs using 197.4% CPU
Optimizing NNI: done in 1.10168 secs using 197% CPU
Optimizing NNI: done in 0.96916 secs using 194.9% CPU
Optimizing NNI: done in 1.5323 secs using 196.7% CPU
Optimizing NNI: done in 1.04362 secs using 197.4% CPU
Optimizing NNI: done in 1.14583 secs using 196.8% CPU
Optimizing NNI: done in 1.13618 secs using 197.2% CPU
Estimate model parameters (epsilon = 0.100)
BETTER TREE FOUND at iteration 107: -4674.260
Optimizing NNI: done in 1.11039 secs using 197.7% CPU
Optimizing NNI: done in 1.05534 secs using 197.9% CPU
Optimizing NNI: done in 1.07039 secs using 196.5% CPU
Iteration 110 / LogL: -4677.414 / Time: 0h:2m:30s (0h:2m:13s left)
Optimizing NNI: done in 1.09937 secs using 197.3% CPU
Optimizing NNI: done in 1.12141 secs using 197.5% CPU
Optimizing NNI: done in 1.33688 secs using 195.4% CPU
Estimate model parameters (epsilon = 0.100)
BETTER TREE FOUND at iteration 113: -4672.741
Optimizing NNI: done in 1.1697 secs using 196.8% CPU
Optimizing NNI: done in 1.07597 secs using 196.1% CPU
Optimizing NNI: done in 1.11278 secs using 197.8% CPU
Optimizing NNI: done in 0.972785 secs using 196.3% CPU
Optimizing NNI: done in 0.909671 secs using 197.7% CPU
Optimizing NNI: done in 1.18189 secs using 197.6% CPU
Optimizing NNI: done in 0.964787 secs using 195% CPU
Iteration 120 / LogL: -4703.303 / Time: 0h:2m:43s (0h:2m:7s left)
Optimizing NNI: done in 0.970535 secs using 197.4% CPU
Optimizing NNI: done in 1.28825 secs using 197.4% CPU
Optimizing NNI: done in 1.05119 secs using 198.7% CPU
Optimizing NNI: done in 1.27131 secs using 198.3% CPU
Optimizing NNI: done in 0.971665 secs using 198.9% CPU
Optimizing NNI: done in 1.34558 secs using 196.8% CPU
Optimizing NNI: done in 1.10875 secs using 197.3% CPU
Optimizing NNI: done in 0.940566 secs using 196.7% CPU
Optimizing NNI: done in 1.07512 secs using 197.1% CPU
Optimizing NNI: done in 1.04704 secs using 197.2% CPU
Iteration 130 / LogL: -4683.317 / Time: 0h:2m:55s (0h:1m:52s left)
Optimizing NNI: done in 1.07948 secs using 197.8% CPU
Optimizing NNI: done in 1.04033 secs using 196.9% CPU
Optimizing NNI: done in 0.95221 secs using 194.9% CPU
Optimizing NNI: done in 1.03679 secs using 197% CPU
Optimizing NNI: done in 0.887687 secs using 198.5% CPU
Optimizing NNI: done in 1.02595 secs using 197.6% CPU
Optimizing NNI: done in 1.19679 secs using 196.3% CPU
Optimizing NNI: done in 1.06558 secs using 196.2% CPU
Optimizing NNI: done in 1.16575 secs using 197.2% CPU
Optimizing NNI: done in 0.955936 secs using 193.9% CPU
Iteration 140 / LogL: -4685.405 / Time: 0h:3m:6s (0h:1m:37s left)
Optimizing NNI: done in 1.40865 secs using 197% CPU
Optimizing NNI: done in 1.21573 secs using 195.9% CPU
Optimizing NNI: done in 1.03794 secs using 197.6% CPU
Optimizing NNI: done in 1.02013 secs using 198.6% CPU
Optimizing NNI: done in 1.26492 secs using 196.9% CPU
Optimizing NNI: done in 0.987452 secs using 195.3% CPU
Optimizing NNI: done in 0.934073 secs using 197.1% CPU
Optimizing NNI: done in 1.27821 secs using 196.2% CPU
Optimizing NNI: done in 0.831912 secs using 198.7% CPU
Optimizing NNI: done in 1.15347 secs using 198.1% CPU
Iteration 150 / LogL: -4695.945 / Time: 0h:3m:18s (0h:1m:23s left)
Optimizing NNI: done in 1.13431 secs using 196.8% CPU
Optimizing NNI: done in 1.25256 secs using 197.2% CPU
Optimizing NNI: done in 1.26149 secs using 196.5% CPU
Optimizing NNI: done in 0.893307 secs using 196.9% CPU
Optimizing NNI: done in 1.28248 secs using 197.1% CPU
Estimate model parameters (epsilon = 0.100)
BETTER TREE FOUND at iteration 155: -4672.159
Optimizing NNI: done in 1.4494 secs using 196.7% CPU
Optimizing NNI: done in 1.07406 secs using 194% CPU
Optimizing NNI: done in 0.936815 secs using 195.8% CPU
Optimizing NNI: done in 1.28727 secs using 195.3% CPU
Optimizing NNI: done in 1.08802 secs using 197.2% CPU
Iteration 160 / LogL: -4683.309 / Time: 0h:3m:31s (0h:2m:6s left)
Optimizing NNI: done in 0.829773 secs using 196% CPU
Optimizing NNI: done in 0.936172 secs using 197.7% CPU
Estimate model parameters (epsilon = 0.100)
BETTER TREE FOUND at iteration 162: -4671.634
Optimizing NNI: done in 1.09704 secs using 195% CPU
Optimizing NNI: done in 0.943709 secs using 198.1% CPU
Optimizing NNI: done in 0.935077 secs using 198.6% CPU
Optimizing NNI: done in 1.42816 secs using 196.8% CPU
Optimizing NNI: done in 1.04846 secs using 197.4% CPU
Optimizing NNI: done in 1.07858 secs using 197.7% CPU
Optimizing NNI: done in 0.907467 secs using 197.1% CPU
Optimizing NNI: done in 0.936065 secs using 198.1% CPU
Iteration 170 / LogL: -4692.442 / Time: 0h:3m:43s (0h:2m:1s left)
Optimizing NNI: done in 1.06841 secs using 197.1% CPU
Optimizing NNI: done in 1.06904 secs using 196.3% CPU
Optimizing NNI: done in 0.941055 secs using 198% CPU
Optimizing NNI: done in 1.24956 secs using 198.1% CPU
Optimizing NNI: done in 1.10623 secs using 198.8% CPU
Optimizing NNI: done in 1.25013 secs using 197% CPU
Optimizing NNI: done in 1.28805 secs using 197.3% CPU
Optimizing NNI: done in 0.959031 secs using 196.9% CPU
Optimizing NNI: done in 1.18494 secs using 197.6% CPU
Optimizing NNI: done in 1.09839 secs using 196.9% CPU
Iteration 180 / LogL: -4690.600 / Time: 0h:3m:54s (0h:1m:47s left)
Optimizing NNI: done in 1.08724 secs using 196.5% CPU
Optimizing NNI: done in 1.2291 secs using 196.4% CPU
Optimizing NNI: done in 1.35615 secs using 197% CPU
Optimizing NNI: done in 1.35002 secs using 198.6% CPU
Optimizing NNI: done in 1.41064 secs using 197.1% CPU
Optimizing NNI: done in 1.33064 secs using 198% CPU
Optimizing NNI: done in 0.955595 secs using 195.2% CPU
Optimizing NNI: done in 1.06734 secs using 196.5% CPU
Optimizing NNI: done in 0.939467 secs using 193.9% CPU
Estimate model parameters (epsilon = 0.100)
BETTER TREE FOUND at iteration 189: -4671.319
Optimizing NNI: done in 1.03808 secs using 196.5% CPU
Iteration 190 / LogL: -4682.023 / Time: 0h:4m:8s (0h:2m:9s left)
Optimizing NNI: done in 0.973857 secs using 197.8% CPU
Optimizing NNI: done in 1.05378 secs using 196.3% CPU
Optimizing NNI: done in 0.897143 secs using 197.6% CPU
Optimizing NNI: done in 1.10909 secs using 196.5% CPU
Optimizing NNI: done in 1.04653 secs using 197.4% CPU
Optimizing NNI: done in 1.18211 secs using 197.7% CPU
Optimizing NNI: done in 1.08059 secs using 197.9% CPU
Optimizing NNI: done in 1.10559 secs using 198.2% CPU
Optimizing NNI: done in 0.965505 secs using 197.2% CPU
Optimizing NNI: done in 1.18711 secs using 195.9% CPU
Iteration 200 / LogL: -4674.472 / Time: 0h:4m:19s (0h:1m:55s left)
Optimizing NNI: done in 0.928178 secs using 198% CPU
Optimizing NNI: done in 1.17221 secs using 195% CPU
Optimizing NNI: done in 1.04665 secs using 198.7% CPU
Optimizing NNI: done in 0.927872 secs using 196.3% CPU
Optimizing NNI: done in 0.996592 secs using 196.1% CPU
Optimizing NNI: done in 1.10385 secs using 196.2% CPU
Optimizing NNI: done in 1.05324 secs using 196.3% CPU
Optimizing NNI: done in 1.04308 secs using 195.3% CPU
Optimizing NNI: done in 0.93211 secs using 195.8% CPU
Optimizing NNI: done in 0.931045 secs using 196.5% CPU
Iteration 210 / LogL: -4685.841 / Time: 0h:4m:30s (0h:1m:42s left)
Optimizing NNI: done in 1.25116 secs using 197.3% CPU
Optimizing NNI: done in 1.22045 secs using 196.9% CPU
Optimizing NNI: done in 1.155 secs using 194.3% CPU
Estimate model parameters (epsilon = 0.100)
BETTER TREE FOUND at iteration 213: -4668.731
Optimizing NNI: done in 1.0257 secs using 197.7% CPU
Optimizing NNI: done in 1.11329 secs using 196.1% CPU
Optimizing NNI: done in 0.962495 secs using 196.1% CPU
Optimizing NNI: done in 0.964238 secs using 198.3% CPU
Optimizing NNI: done in 0.962184 secs using 195.8% CPU
Optimizing NNI: done in 0.799039 secs using 197.9% CPU
Optimizing NNI: done in 1.05617 secs using 196.4% CPU
Iteration 220 / LogL: -4684.090 / Time: 0h:4m:42s (0h:1m:59s left)
Optimizing NNI: done in 1.04653 secs using 194.9% CPU
Optimizing NNI: done in 0.959365 secs using 198% CPU
Optimizing NNI: done in 0.954211 secs using 197.9% CPU
Optimizing NNI: done in 1.25576 secs using 195.4% CPU
Optimizing NNI: done in 0.987343 secs using 195.3% CPU
Optimizing NNI: done in 0.965784 secs using 197.4% CPU
Optimizing NNI: done in 1.04193 secs using 197.6% CPU
Optimizing NNI: done in 1.06549 secs using 196.6% CPU
Optimizing NNI: done in 1.05961 secs using 197.8% CPU
Optimizing NNI: done in 0.782054 secs using 195.3% CPU
Iteration 230 / LogL: -4677.615 / Time: 0h:4m:53s (0h:1m:46s left)
Optimizing NNI: done in 1.06729 secs using 196.4% CPU
Optimizing NNI: done in 1.14764 secs using 198.1% CPU
Optimizing NNI: done in 1.05115 secs using 196.4% CPU
Optimizing NNI: done in 1.07077 secs using 198.7% CPU
Optimizing NNI: done in 0.818472 secs using 196.9% CPU
Optimizing NNI: done in 1.11498 secs using 198.4% CPU
Optimizing NNI: done in 0.96135 secs using 197.9% CPU
Optimizing NNI: done in 1.19256 secs using 196.4% CPU
Optimizing NNI: done in 0.807366 secs using 194.2% CPU
Optimizing NNI: done in 0.986058 secs using 197.9% CPU
Iteration 240 / LogL: -4679.608 / Time: 0h:5m:4s (0h:1m:32s left)
Optimizing NNI: done in 0.945688 secs using 197.4% CPU
Optimizing NNI: done in 1.08681 secs using 197.2% CPU
Optimizing NNI: done in 1.0569 secs using 195.2% CPU
Optimizing NNI: done in 1.09405 secs using 197.7% CPU
Optimizing NNI: done in 0.943731 secs using 196.3% CPU
Optimizing NNI: done in 1.10778 secs using 198.3% CPU
Optimizing NNI: done in 1.09729 secs using 197% CPU
Optimizing NNI: done in 1.35307 secs using 197.4% CPU
Optimizing NNI: done in 0.965675 secs using 196.9% CPU
Optimizing NNI: done in 1.32214 secs using 197.8% CPU
Iteration 250 / LogL: -4688.746 / Time: 0h:5m:15s (0h:1m:19s left)
Optimizing NNI: done in 1.37388 secs using 196.3% CPU
Optimizing NNI: done in 1.39652 secs using 197.1% CPU
Optimizing NNI: done in 1.47067 secs using 197.7% CPU
Optimizing NNI: done in 1.07648 secs using 197.5% CPU
Optimizing NNI: done in 1.23627 secs using 197.7% CPU
Optimizing NNI: done in 1.08323 secs using 194.9% CPU
Optimizing NNI: done in 0.925754 secs using 197.4% CPU
Optimizing NNI: done in 0.979729 secs using 196% CPU
Optimizing NNI: done in 1.36926 secs using 197.8% CPU
Optimizing NNI: done in 1.17583 secs using 195.2% CPU
Iteration 260 / LogL: -4670.346 / Time: 0h:5m:28s (0h:1m:7s left)
Optimizing NNI: done in 1.32658 secs using 197.5% CPU
Optimizing NNI: done in 1.10806 secs using 196.9% CPU
Optimizing NNI: done in 1.40933 secs using 198% CPU
Optimizing NNI: done in 1.13462 secs using 196.3% CPU
Optimizing NNI: done in 1.094 secs using 194.4% CPU
Optimizing NNI: done in 1.26826 secs using 197.1% CPU
Optimizing NNI: done in 1.12945 secs using 198.2% CPU
Optimizing NNI: done in 0.91284 secs using 197% CPU
Optimizing NNI: done in 1.27882 secs using 197% CPU
Optimizing NNI: done in 1.11572 secs using 196.6% CPU
Iteration 270 / LogL: -4679.053 / Time: 0h:5m:40s (0h:0m:54s left)
Optimizing NNI: done in 1.22611 secs using 197.6% CPU
Optimizing NNI: done in 1.00599 secs using 197% CPU
Optimizing NNI: done in 1.15401 secs using 196.1% CPU
Optimizing NNI: done in 1.14684 secs using 195.3% CPU
Optimizing NNI: done in 1.22507 secs using 196% CPU
Optimizing NNI: done in 1.07395 secs using 196.2% CPU
Optimizing NNI: done in 1.17331 secs using 197.5% CPU
Optimizing NNI: done in 1.1901 secs using 197.8% CPU
Optimizing NNI: done in 0.977433 secs using 198.7% CPU
Optimizing NNI: done in 1.35445 secs using 197% CPU
Iteration 280 / LogL: -4674.707 / Time: 0h:5m:53s (0h:0m:41s left)
Optimizing NNI: done in 1.18765 secs using 197.1% CPU
Optimizing NNI: done in 0.851534 secs using 197.8% CPU
Optimizing NNI: done in 1.36423 secs using 197.7% CPU
Optimizing NNI: done in 1.15839 secs using 196.1% CPU
Optimizing NNI: done in 0.988356 secs using 196.3% CPU
Optimizing NNI: done in 1.2326 secs using 197% CPU
Optimizing NNI: done in 0.864093 secs using 197.3% CPU
Optimizing NNI: done in 1.09834 secs using 197.7% CPU
Optimizing NNI: done in 1.17481 secs using 195.2% CPU
Optimizing NNI: done in 1.16454 secs using 197% CPU
Iteration 290 / LogL: -4677.242 / Time: 0h:6m:4s (0h:0m:29s left)
Optimizing NNI: done in 0.981263 secs using 195.5% CPU
Optimizing NNI: done in 1.18001 secs using 196.6% CPU
Optimizing NNI: done in 1.24927 secs using 196.1% CPU
Optimizing NNI: done in 0.969356 secs using 196.3% CPU
Optimizing NNI: done in 1.38342 secs using 196.3% CPU
Optimizing NNI: done in 1.35668 secs using 197% CPU
Optimizing NNI: done in 1.1248 secs using 197.6% CPU
Optimizing NNI: done in 1.12723 secs using 196.4% CPU
Optimizing NNI: done in 0.944262 secs using 197.1% CPU
Optimizing NNI: done in 1.0391 secs using 196.3% CPU
Iteration 300 / LogL: -4677.745 / Time: 0h:6m:16s (0h:0m:16s left)
Optimizing NNI: done in 1.09702 secs using 197.2% CPU
Optimizing NNI: done in 0.961741 secs using 196.6% CPU
Optimizing NNI: done in 0.821407 secs using 197.1% CPU
Optimizing NNI: done in 0.964656 secs using 197.2% CPU
Optimizing NNI: done in 1.1191 secs using 195.1% CPU
Optimizing NNI: done in 1.38762 secs using 196.6% CPU
Optimizing NNI: done in 1.1755 secs using 198.4% CPU
Optimizing NNI: done in 1.15741 secs using 195.1% CPU
Optimizing NNI: done in 1.14068 secs using 197.8% CPU
Optimizing NNI: done in 1.29574 secs using 197.3% CPU
Iteration 310 / LogL: -4672.510 / Time: 0h:6m:28s (0h:0m:3s left)
Optimizing NNI: done in 1.16907 secs using 195.2% CPU
Optimizing NNI: done in 1.26069 secs using 197.8% CPU
Optimizing NNI: done in 1.26586 secs using 197.8% CPU
Optimizing NNI: done in 1.41049 secs using 197.8% CPU
TREE SEARCH COMPLETED AFTER 314 ITERATIONS / Time: 0h:6m:34s

--------------------------------------------------------------------
|                    FINALIZING TREE SEARCH                        |
--------------------------------------------------------------------
Performs final model parameters optimization
Estimate model parameters (epsilon = 0.010)
1. Initial log-likelihood: -4668.731
Optimal log-likelihood: -4668.729
Rate parameters:  A-C: 0.84165  A-G: 1.22131  A-T: 0.23409  C-G: 0.07516  C-T: 2.13899  G-T: 1.00000
Base frequencies:  A: 0.369  C: 0.174  G: 0.301  T: 0.156
Site proportion and rates:  (0.058,0.257) (0.066,0.325) (0.263,0.800) (0.230,0.800) (0.195,0.801) (0.188,2.196)
Parameters optimization took 1 rounds (0.662 sec)
BEST SCORE FOUND : -4668.729
Total tree length: 5.600

Total number of iterations: 314
CPU time used for tree search: 745.553 sec (0h:12m:25s)
Wall-clock time used for tree search: 389.172 sec (0h:6m:29s)
Total CPU time used: 756.074 sec (0h:12m:36s)
Total wall-clock time used: 394.706 sec (0h:6m:34s)

Analysis results written to: 
  IQ-TREE report:                IQTREE_bestTree.InWindow_2270_to_2520.iqtree
  Maximum-likelihood tree:       IQTREE_bestTree.InWindow_2270_to_2520.treefile
  Likelihood distances:          IQTREE_bestTree.InWindow_2270_to_2520.mldist
  Screen log file:               IQTREE_bestTree.InWindow_2270_to_2520.log

Date and Time: Tue Jul 25 08:54:08 2023
