IQ-TREE multicore version 2.2.2.7 COVID-edition for Linux 64-bit built Jun  7 2023
Developed by Bui Quang Minh, James Barbetti, Nguyen Lam Tung,
Olga Chernomor, Heiko Schmidt, Dominik Schrempf, Michael Woodhams, Ly Trong Nhan.

Host:    hpc-node03 (AVX2, FMA3, 1007 GB RAM)
Command: iqtree -s AlignedReadsInWindow_PositionsExcised_4590_to_4840.fasta -pre IQTREE_bestTree.InWindow_4590_to_4840 -m GTR+F+R6 -nt 4
Seed:    803167 (Using SPRNG - Scalable Parallel Random Number Generator)
Time:    Sun Jul 23 04:16:28 2023
Kernel:  AVX+FMA - 4 threads (4 CPU cores detected)

Reading alignment file AlignedReadsInWindow_PositionsExcised_4590_to_4840.fasta ... Fasta format detected
Reading fasta file: done in 0.00386649 secs using 5.716% CPU
Alignment most likely contains DNA/RNA sequences
Constructing alignment: done in 0.00157137 secs using 99.85% CPU
Alignment has 568 sequences with 231 columns, 208 distinct patterns
127 parsimony-informative, 66 singleton sites, 38 constant sites
                                                            Gap/Ambiguity  Composition  p-value
Analyzing sequences: done in 0.0143135 secs using 279% CPU
   1  200724_20-08522_HIV11-02415_FL24_S18_L000_read_1_count_154    3.03%    passed     98.54%
   2  200724_20-08522_HIV11-02415_FL24_S18_L000_read_2_count_55     3.03%    passed     98.71%
   3  200724_20-08522_HIV11-02415_FL24_S18_L000_read_3_count_37     3.03%    passed     98.06%
   4  200724_20-08522_HIV11-02415_FL24_S18_L000_read_4_count_25     3.03%    passed     99.81%
   5  200724_20-08522_HIV11-02415_FL24_S18_L000_read_5_count_20     3.03%    passed     98.71%
   6  200724_20-08522_HIV11-02415_FL24_S18_L000_read_6_count_11     3.03%    passed     98.71%
   7  200724_20-08522_HIV11-02415_FL24_S18_L000_read_7_count_7      3.03%    passed     99.72%
   8  200724_20-08522_HIV11-02415_FL24_S18_L000_read_8_count_5      3.03%    passed     98.71%
   9  200724_20-08522_HIV11-02415_FL24_S18_L000_read_9_count_4      3.03%    passed     99.72%
  10  200724_20-08522_HIV11-02415_FL24_S18_L000_read_10_count_4     3.03%    passed     98.06%
  11  200724_20-08522_HIV11-02415_FL24_S18_L000_read_11_count_4     3.03%    passed     98.06%
  12  200724_20-08522_HIV11-02415_FL24_S18_L000_read_12_count_3     3.03%    passed     98.03%
  13  200724_20-08522_HIV11-02415_FL24_S18_L000_read_13_count_3     3.03%    passed     98.71%
  14  200724_20-08522_HIV11-02415_FL24_S18_L000_read_14_count_3     3.03%    passed     98.71%
  15  200724_20-08522_HIV11-02415_FL24_S18_L000_read_15_count_3     3.03%    passed     96.33%
  16  200724_20-08522_HIV11-02415_FL24_S18_L000_read_16_count_2     3.03%    passed     98.71%
  17  200724_20-08522_HIV11-02415_FL24_S18_L000_read_17_count_2     3.03%    passed     96.33%
  18  200724_20-08522_HIV11-02415_FL24_S18_L000_read_18_count_2     3.03%    passed     95.29%
  19  200724_20-08522_HIV11-02415_FL24_S18_L000_read_19_count_2     3.03%    passed     99.59%
  20  200724_20-08522_HIV11-02415_FL24_S18_L000_read_20_count_2     3.03%    passed     97.57%
  21  200724_20-08522_HIV11-02415_FL24_S18_L000_read_21_count_2     3.03%    passed     96.33%
  22  200724_20-08522_HIV11-02415_FL24_S18_L000_read_22_count_2     3.03%    passed     99.72%
  23  200724_20-08522_HIV11-02415_FL24_S18_L000_read_23_count_2     3.03%    passed     95.29%
  24  200724_20-08522_HIV11-02415_FL24_S18_L000_read_24_count_2     3.03%    passed     99.81%
  25  200724_20-08522_HIV11-02415_FL24_S18_L000_read_25_count_1     3.03%    passed     96.97%
  26  200724_20-08522_HIV11-02415_FL24_S18_L000_read_26_count_1     3.03%    passed     94.05%
  27  200724_20-08522_HIV11-02415_FL24_S18_L000_read_27_count_1     3.46%    passed     95.08%
  28  200724_20-08522_HIV11-02415_FL24_S18_L000_read_28_count_1     3.03%    passed     98.10%
  29  200724_20-08522_HIV11-02415_FL24_S18_L000_read_29_count_1     3.03%    passed     99.19%
  30  200724_20-08522_HIV11-02415_FL24_S18_L000_read_30_count_1     3.03%    passed     98.06%
  31  200724_20-08522_HIV11-02415_FL24_S18_L000_read_31_count_1     3.03%    passed     96.73%
  32  200724_20-08522_HIV11-02415_FL24_S18_L000_read_32_count_1     3.03%    passed     95.17%
  33  200724_20-08522_HIV11-02415_FL24_S18_L000_read_33_count_1     3.03%    passed     98.71%
  34  200724_20-08522_HIV11-02415_FL24_S18_L000_read_34_count_1     3.03%    passed     98.28%
  35  200724_20-08522_HIV11-02415_FL24_S18_L000_read_35_count_1     3.03%    passed     96.33%
  36  200724_20-08522_HIV11-02415_FL24_S18_L000_read_36_count_1     3.03%    passed     99.81%
  37  200724_20-08522_HIV11-02415_FL24_S18_L000_read_37_count_1     3.03%    passed     95.29%
  38  200724_20-08522_HIV11-02415_FL24_S18_L000_read_38_count_1     3.03%    passed     98.06%
  39  200724_20-08522_HIV11-02415_FL24_S18_L000_read_39_count_1     3.03%    passed     95.87%
  40  200724_20-08522_HIV11-02415_FL24_S18_L000_read_40_count_1     3.03%    passed     96.73%
  41  200724_20-08522_HIV11-02415_FL24_S18_L000_read_41_count_1     3.03%    passed     98.54%
  42  200724_20-08522_HIV11-02415_FL24_S18_L000_read_42_count_1     3.03%    passed     97.57%
  43  200724_20-08522_HIV11-02415_FL24_S18_L000_read_43_count_1     3.03%    passed     98.54%
  44  200724_20-08522_HIV11-02415_FL24_S18_L000_read_44_count_1     3.03%    passed     96.87%
  45  200724_20-08522_HIV11-02415_FL24_S18_L000_read_45_count_1     3.03%    passed     94.89%
  46  200724_20-08522_HIV11-02415_FL24_S18_L000_read_46_count_1     3.03%    passed     98.06%
  47  200724_20-08522_HIV11-02415_FL24_S18_L000_read_47_count_1     2.60%    passed     98.96%
  48  200724_20-08522_HIV11-02415_FL24_S18_L000_read_48_count_1     3.03%    passed     97.47%
  49  200724_20-08522_HIV11-02415_FL24_S18_L000_read_49_count_1     3.03%    passed     95.29%
  50  200724_20-08522_HIV11-02415_FL24_S18_L000_read_50_count_1     3.03%    passed     98.06%
  51  200724_20-08522_HIV11-02415_FL24_S18_L000_read_51_count_1     3.03%    passed     98.71%
  52  200724_20-08522_HIV11-02415_FL24_S18_L000_read_52_count_1     3.03%    passed     94.60%
  53  200724_20-08522_HIV11-02415_FL24_S18_L000_read_53_count_1     3.03%    passed     93.18%
  54  200724_20-08522_HIV11-02415_FL24_S18_L000_read_54_count_1     3.03%    passed     99.81%
  55  200724_20-08522_HIV11-02415_FL24_S18_L000_read_55_count_1     3.03%    passed     98.71%
  56  200724_20-08522_HIV11-02415_FL24_S18_L000_read_56_count_1     3.03%    passed     99.98%
  57  200724_20-08522_HIV11-02415_FL24_S18_L000_read_57_count_1     3.03%    passed     96.73%
  58  200724_20-08522_HIV11-02415_FL24_S18_L000_read_58_count_1     3.46%    passed     95.02%
  59  200724_20-08522_HIV11-02415_FL24_S18_L000_read_59_count_1     3.03%    passed     98.03%
  60  200724_20-08522_HIV11-02415_FL24_S18_L000_read_60_count_1     3.03%    passed     98.28%
  61  200724_20-08522_HIV11-02415_FL24_S18_L000_read_61_count_1     3.03%    passed     95.01%
  62  200724_20-08522_HIV11-02415_FL24_S18_L000_read_62_count_1     3.03%    passed     97.47%
  63  200724_20-08522_HIV11-02415_FL24_S18_L000_read_63_count_1     3.03%    passed     99.59%
  64  200724_20-08522_HIV11-02415_FL24_S18_L000_read_64_count_1     3.03%    passed     99.81%
  65  200724_20-08522_HIV11-02415_FL24_S18_L000_read_65_count_1     3.03%    passed     98.71%
  66  200724_20-08522_HIV11-02415_FL24_S18_L000_read_66_count_1     3.03%    passed     98.77%
  67  200724_20-08522_HIV11-02415_FL24_S18_L000_read_67_count_1     3.03%    passed     98.71%
  68  200724_20-08522_HIV11-02415_FL24_S18_L000_read_68_count_1     3.03%    passed     99.43%
  69  200724_20-08522_HIV11-02415_FL24_S18_L000_read_69_count_1     3.03%    passed     95.87%
  70  200724_20-08522_HIV11-02415_FL24_S18_L000_read_70_count_1     3.03%    passed     98.03%
  71  200724_20-08522_HIV11-02415_FL24_S18_L000_read_71_count_1     3.03%    passed     98.54%
  72  200724_20-08522_HIV11-02415_FL24_S18_L000_read_72_count_1     3.03%    passed     98.54%
  73  200724_20-08522_HIV11-02415_FL24_S18_L000_read_73_count_1     3.03%    passed     98.28%
  74  200724_20-08522_HIV11-02415_FL24_S18_L000_read_74_count_1     3.46%    passed     98.40%
  75  200724_20-08522_HIV11-02415_FL24_S18_L000_read_75_count_1     3.03%    passed     98.54%
  76  200724_20-08522_HIV11-02415_FL24_S18_L000_read_76_count_1     3.03%    passed     92.53%
  77  200724_20-08522_HIV11-02415_FL24_S18_L000_read_77_count_1     3.03%    passed     96.97%
  78  200724_20-08522_HIV11-02415_FL24_S18_L000_read_78_count_1     3.03%    passed     95.87%
  79  200724_20-08522_HIV11-02415_FL24_S18_L000_read_79_count_1     3.03%    passed     98.03%
  80  200724_20-08522_HIV11-02415_FL24_S18_L000_read_80_count_1     3.03%    passed     99.48%
  81  200724_20-08522_HIV11-02415_FL24_S18_L000_read_81_count_1     3.03%    passed     98.97%
  82  200724_20-08522_HIV11-02415_FL24_S18_L000_read_82_count_1     3.03%    passed     99.24%
  83  200724_20-08522_HIV11-02415_FL24_S18_L000_read_83_count_1     3.03%    passed     95.29%
  84  200724_20-08522_HIV11-02415_FL24_S18_L000_read_84_count_1     3.03%    passed     97.59%
  85  200724_20-08522_HIV11-02415_FL24_S18_L000_read_85_count_1     3.03%    passed     95.29%
  86  200724_20-08522_HIV11-02415_FL24_S18_L000_read_86_count_1     3.03%    passed     98.54%
  87  200724_20-08522_HIV11-02415_FL24_S18_L000_read_87_count_1     3.03%    passed     93.18%
  88  200724_20-08522_HIV11-02415_FL24_S18_L000_read_88_count_1     3.03%    passed     98.28%
  89  200724_20-08522_HIV11-02415_FL24_S18_L000_read_89_count_1     3.03%    passed     98.06%
  90  200724_20-08522_HIV11-02415_FL24_S18_L000_read_90_count_1     3.03%    passed     99.54%
  91  200724_20-08522_HIV11-02415_FL24_S18_L000_read_91_count_1     3.03%    passed     98.71%
  92  200724_20-08522_HIV11-02415_FL24_S18_L000_read_92_count_1     3.03%    passed     99.43%
  93  200724_20-08522_HIV11-02415_FL24_S18_L000_read_93_count_1     3.03%    passed     98.28%
  94  200724_20-08522_HIV11-02415_FL24_S18_L000_read_94_count_1     3.03%    passed     95.29%
  95  200724_20-08522_HIV11-02415_FL24_S18_L000_read_95_count_1     3.03%    passed     95.29%
  96  200724_20-08522_HIV11-02415_FL24_S18_L000_read_96_count_1     3.03%    passed     96.33%
  97  200724_20-08522_HIV11-02415_FL24_S18_L000_read_97_count_1     3.03%    passed     99.98%
  98  200724_20-08522_HIV11-02415_FL24_S18_L000_read_98_count_1     3.03%    passed     90.68%
  99  200724_20-08522_HIV11-02415_FL24_S18_L000_read_99_count_1     3.03%    passed     92.53%
 100  200724_20-08522_HIV11-02415_FL24_S18_L000_read_100_count_1    3.03%    passed     97.47%
 101  200724_20-08522_HIV11-02415_FL24_S18_L000_read_101_count_1    3.03%    passed     89.17%
 102  200724_20-08522_HIV11-02415_FL24_S18_L000_read_102_count_1    3.03%    passed     98.71%
 103  200724_20-08522_HIV11-02415_FL24_S18_L000_read_103_count_1    3.46%    passed     98.09%
 104  200724_20-08522_HIV11-02415_FL24_S18_L000_read_104_count_1    3.03%    passed     98.54%
 105  200724_20-08522_HIV11-02415_FL24_S18_L000_read_105_count_1    3.03%    passed     97.57%
 106  200724_20-08522_HIV11-02415_FL24_S18_L000_read_106_count_1    3.03%    passed     98.28%
 107  200724_20-08522_HIV11-02415_FL24_S18_L000_read_107_count_1    3.03%    passed     99.97%
 108  200724_20-08522_HIV11-02415_FL24_S18_L000_read_108_count_1    3.03%    passed     99.59%
 109  200724_20-08522_HIV11-02415_FL24_S18_L000_read_109_count_1    3.03%    passed     99.81%
 110  200724_20-08522_HIV11-02415_FL24_S18_L000_read_110_count_1    3.03%    passed     98.73%
 111  200724_20-08522_HIV11-02415_FL24_S18_L000_read_111_count_1    3.03%    passed     95.47%
 112  200724_20-08522_HIV11-02415_FL24_S18_L000_read_112_count_1    3.03%    passed     95.47%
 113  200724_20-08522_HIV11-02415_FL24_S18_L000_read_113_count_1    3.03%    passed     99.70%
 114  200724_20-08522_HIV11-02415_FL24_S18_L000_read_114_count_1    3.03%    passed     98.28%
 115  200724_20-08522_HIV11-02415_FL24_S18_L000_read_115_count_1    3.03%    passed     98.06%
 116  200724_20-08522_HIV11-02415_FL24_S18_L000_read_116_count_1    3.03%    passed     95.53%
 117  200724_20-08522_HIV11-02415_FL24_S18_L000_read_117_count_1    3.03%    passed     94.14%
 118  200724_20-08522_HIV11-02415_FL24_S18_L000_read_118_count_1    3.03%    passed     95.47%
 119  200724_20-08522_HIV11-02415_FL24_S18_L000_read_119_count_1    3.03%    passed     97.47%
 120  200724_20-08522_HIV11-02415_FL24_S18_L000_read_120_count_1    3.03%    passed     95.29%
 121  200724_20-08522_HIV11-02415_FL24_S18_L000_read_121_count_1    3.03%    passed     99.59%
 122  200724_20-08522_HIV11-02415_FL24_S18_L000_read_122_count_1    3.03%    passed     97.78%
 123  200724_20-08522_HIV11-02415_FL24_S18_L000_read_123_count_1    3.03%    passed     98.28%
 124  200724_20-08522_HIV11-02415_FL24_S18_L000_read_124_count_1    3.03%    passed     98.10%
 125  200724_20-08522_HIV11-02415_FL24_S18_L000_read_125_count_1    3.03%    passed     98.54%
 126  200724_20-08522_HIV11-02415_FL24_S18_L000_read_126_count_1    3.03%    passed     96.73%
 127  200724_20-08522_HIV11-02415_FL24_S18_L000_read_127_count_1    3.03%    passed     96.97%
 128  200724_20-08522_HIV11-02415_FL24_S18_L000_read_128_count_1    3.03%    passed     98.97%
 129  200724_20-08522_HIV11-02415_FL24_S18_L000_read_129_count_1    3.03%    passed     99.72%
 130  200724_20-08522_HIV11-02415_FL24_S18_L000_read_130_count_1    3.03%    passed     98.54%
 131  200724_20-08522_HIV11-02415_FL24_S18_L000_read_131_count_1    3.03%    passed     99.39%
 132  200724_20-08522_HIV11-02415_FL24_S18_L000_read_132_count_1    3.03%    passed     98.10%
 133  200724_20-08522_HIV11-02415_FL24_S18_L000_read_133_count_1    6.06%    passed     83.92%
 134  200724_20-08522_HIV11-02415_FL24_S18_L000_read_134_count_1    3.03%    passed     97.57%
 135  200724_20-08522_HIV11-02415_FL24_S18_L000_read_135_count_1    3.03%    passed     98.97%
 136  200724_20-08522_HIV11-02415_FL24_S18_L000_read_136_count_1    3.03%    passed     98.77%
 137  200724_20-08522_HIV11-02415_FL24_S18_L000_read_137_count_1    3.03%    passed     95.53%
 138  200724_20-08522_HIV11-02415_FL24_S18_L000_read_138_count_1    3.03%    passed     99.72%
 139  200724_20-08522_HIV11-02415_FL24_S18_L000_read_139_count_1    3.03%    passed     98.28%
 140  200724_20-08522_HIV11-02415_FL24_S18_L000_read_140_count_1    3.03%    passed     97.47%
 141  200724_20-08522_HIV11-02415_FL24_S18_L000_read_141_count_1    3.03%    passed     97.57%
 142  200724_20-08522_HIV11-02415_FL24_S18_L000_read_142_count_1    3.03%    passed     98.97%
 143  200724_20-08522_HIV11-02415_FL24_S18_L000_read_143_count_1    3.03%    passed     98.03%
 144  200724_20-08522_HIV11-02415_FL24_S18_L000_read_144_count_1    3.03%    passed     99.24%
 145  200724_20-08522_HIV11-02415_FL24_S18_L000_read_145_count_1    3.03%    passed     99.39%
 146  200724_20-08522_HIV11-02415_FL24_S18_L000_read_146_count_1    3.03%    passed     95.29%
 147  200724_20-08522_HIV11-02415_FL24_S18_L000_read_147_count_1   13.85%    passed     90.07%
 148  200724_20-08522_HIV11-02415_FL24_S18_L000_read_148_count_1    3.03%    passed     96.33%
 149  200724_20-08522_HIV11-02415_FL24_S18_L000_read_149_count_1    3.03%    passed     94.65%
 150  200724_20-08522_HIV11-02415_FL24_S18_L000_read_150_count_1    3.03%    passed     98.06%
 151  200724_20-08522_HIV11-02415_FL24_S18_L000_read_151_count_1    3.03%    passed     95.47%
 152  200724_20-08522_HIV11-02415_FL24_S18_L000_read_152_count_1    3.03%    passed     98.71%
 153  200724_20-08522_HIV11-02415_FL24_S18_L000_read_153_count_1    3.03%    passed     96.87%
 154  200724_20-08522_HIV11-02415_FL24_S18_L000_read_154_count_1    3.03%    passed     98.54%
 155  200724_20-08522_HIV11-02415_FL24_S18_L000_read_155_count_1    3.03%    passed     99.81%
 156  200724_20-08522_HIV11-02415_FL24_S18_L000_read_156_count_1    3.03%    passed     99.24%
 157  200724_20-08522_HIV11-02415_FL24_S18_L000_read_157_count_1    3.03%    passed     97.78%
 158  200724_20-08522_HIV11-02415_FL24_S18_L000_read_158_count_1    3.03%    passed     98.97%
 159  200724_20-08522_HIV11-02415_FL24_S18_L000_read_159_count_1    3.03%    passed     99.24%
 160  200724_20-08522_HIV11-02415_FL24_S18_L000_read_160_count_1    3.03%    passed     99.48%
 161  200724_20-08522_HIV11-02415_FL24_S18_L000_read_161_count_1    3.03%    passed     98.71%
 162  200724_20-08522_HIV11-02415_FL24_S18_L000_read_162_count_1    3.03%    passed     98.03%
 163  200724_20-08522_HIV11-02415_FL24_S18_L000_read_163_count_1    3.03%    passed     99.39%
 164  200724_20-08522_HIV11-02415_FL24_S18_L000_read_164_count_1    3.03%    passed     98.54%
 165  200724_20-08522_HIV11-02415_FL24_S18_L000_read_165_count_1    3.03%    passed     98.71%
 166  200724_20-08522_HIV11-02415_FL24_S18_L000_read_166_count_1    3.03%    passed     99.59%
 167  200724_20-08522_HIV11-02415_FL24_S18_L000_read_167_count_1    3.03%    passed     96.33%
 168  200724_20-08522_HIV11-02415_FL24_S18_L000_read_168_count_1    3.03%    passed     98.71%
 169  200724_20-08522_HIV11-02415_FL24_S18_L000_read_169_count_1    3.03%    passed     96.33%
 170  200724_20-08522_HIV11-02415_FL24_S18_L000_read_170_count_1    3.03%    passed     97.47%
 171  200724_20-08522_HIV11-02415_FL24_S18_L000_read_171_count_1    3.03%    passed     98.34%
 172  200724_20-08522_HIV11-02415_FL24_S18_L000_read_172_count_1   17.75%    passed     97.05%
 173  200724_20-08522_HIV11-02415_FL24_S18_L000_read_173_count_1    3.03%    passed     98.54%
 174  200709_20-07994_HIV07-01067_FL21_S1_L000_read_1_count_457     3.03%    passed     99.81%
 175  200709_20-07994_HIV07-01067_FL21_S1_L000_read_2_count_64      3.03%    passed     99.59%
 176  200709_20-07994_HIV07-01067_FL21_S1_L000_read_3_count_5       3.03%    passed     99.72%
 177  200709_20-07994_HIV07-01067_FL21_S1_L000_read_4_count_4       3.03%    passed     99.72%
 178  200709_20-07994_HIV07-01067_FL21_S1_L000_read_5_count_4       3.03%    passed     99.39%
 179  200709_20-07994_HIV07-01067_FL21_S1_L000_read_6_count_3       3.03%    passed     99.72%
 180  200709_20-07994_HIV07-01067_FL21_S1_L000_read_7_count_3       3.03%    passed     99.72%
 181  200709_20-07994_HIV07-01067_FL21_S1_L000_read_8_count_2       3.03%    passed     99.72%
 182  200709_20-07994_HIV07-01067_FL21_S1_L000_read_9_count_2       3.03%    passed     98.54%
 183  200709_20-07994_HIV07-01067_FL21_S1_L000_read_10_count_2      3.03%    passed     99.39%
 184  200709_20-07994_HIV07-01067_FL21_S1_L000_read_11_count_2      3.03%    passed     98.28%
 185  200709_20-07994_HIV07-01067_FL21_S1_L000_read_12_count_2      3.03%    passed     98.28%
 186  200709_20-07994_HIV07-01067_FL21_S1_L000_read_13_count_2      3.03%    passed     98.28%
 187  200709_20-07994_HIV07-01067_FL21_S1_L000_read_14_count_2      3.03%    passed     98.28%
 188  200709_20-07994_HIV07-01067_FL21_S1_L000_read_15_count_2      3.03%    passed     99.39%
 189  200709_20-07994_HIV07-01067_FL21_S1_L000_read_16_count_2      3.03%    passed     99.72%
 190  200709_20-07994_HIV07-01067_FL21_S1_L000_read_17_count_2      3.03%    passed     99.81%
 191  200709_20-07994_HIV07-01067_FL21_S1_L000_read_18_count_2      3.03%    passed     98.28%
 192  200709_20-07994_HIV07-01067_FL21_S1_L000_read_19_count_1      3.03%    passed     99.39%
 193  200709_20-07994_HIV07-01067_FL21_S1_L000_read_20_count_1      3.03%    passed     99.72%
 194  200709_20-07994_HIV07-01067_FL21_S1_L000_read_21_count_1      3.03%    passed     98.28%
 195  200709_20-07994_HIV07-01067_FL21_S1_L000_read_22_count_1      3.03%    passed     99.43%
 196  200709_20-07994_HIV07-01067_FL21_S1_L000_read_23_count_1      3.03%    passed     98.97%
 197  200709_20-07994_HIV07-01067_FL21_S1_L000_read_24_count_1      3.03%    passed     98.54%
 198  200709_20-07994_HIV07-01067_FL21_S1_L000_read_25_count_1      3.03%    passed     99.39%
 199  200709_20-07994_HIV07-01067_FL21_S1_L000_read_26_count_1      3.03%    passed     99.72%
 200  200709_20-07994_HIV07-01067_FL21_S1_L000_read_27_count_1      3.46%    passed     99.63%
 201  200709_20-07994_HIV07-01067_FL21_S1_L000_read_28_count_1      3.03%    passed     99.39%
 202  200709_20-07994_HIV07-01067_FL21_S1_L000_read_29_count_1      3.03%    passed     97.57%
 203  200709_20-07994_HIV07-01067_FL21_S1_L000_read_30_count_1      3.03%    passed     99.98%
 204  200709_20-07994_HIV07-01067_FL21_S1_L000_read_31_count_1      3.03%    passed     97.47%
 205  200709_20-07994_HIV07-01067_FL21_S1_L000_read_32_count_1      3.03%    passed     98.10%
 206  200709_20-07994_HIV07-01067_FL21_S1_L000_read_33_count_1      3.03%    passed     99.72%
 207  200709_20-07994_HIV07-01067_FL21_S1_L000_read_34_count_1      3.03%    passed     99.39%
 208  200709_20-07994_HIV07-01067_FL21_S1_L000_read_35_count_1      3.03%    passed     99.39%
 209  200709_20-07994_HIV07-01067_FL21_S1_L000_read_36_count_1      3.03%    passed     99.72%
 210  200709_20-07994_HIV07-01067_FL21_S1_L000_read_37_count_1      3.03%    passed     99.39%
 211  200709_20-07994_HIV07-01067_FL21_S1_L000_read_38_count_1      3.03%    passed     98.77%
 212  200709_20-07994_HIV07-01067_FL21_S1_L000_read_39_count_1      3.03%    passed     99.59%
 213  200709_20-07994_HIV07-01067_FL21_S1_L000_read_40_count_1      3.03%    passed     99.72%
 214  200709_20-07994_HIV07-01067_FL21_S1_L000_read_41_count_1      3.03%    passed     99.39%
 215  200709_20-07994_HIV07-01067_FL21_S1_L000_read_42_count_1      3.03%    passed     99.59%
 216  200709_20-07994_HIV07-01067_FL21_S1_L000_read_43_count_1      2.60%    passed     99.56%
 217  200709_20-07994_HIV07-01067_FL21_S1_L000_read_44_count_1      3.03%    passed     99.51%
 218  200709_20-07994_HIV07-01067_FL21_S1_L000_read_45_count_1      3.03%    passed     98.97%
 219  200709_20-07994_HIV07-01067_FL21_S1_L000_read_46_count_1      3.03%    passed     98.54%
 220  200709_20-07994_HIV07-01067_FL21_S1_L000_read_47_count_1      3.03%    passed     99.98%
 221  200709_20-07994_HIV07-01067_FL21_S1_L000_read_48_count_1      3.03%    passed     98.77%
 222  200709_20-07994_HIV07-01067_FL21_S1_L000_read_49_count_1      3.03%    passed     99.39%
 223  200709_20-07994_HIV07-01067_FL21_S1_L000_read_50_count_1      3.03%    passed     99.81%
 224  200709_20-07994_HIV07-01067_FL21_S1_L000_read_51_count_1      3.03%    passed     99.41%
 225  200709_20-07994_HIV07-01067_FL21_S1_L000_read_52_count_1      3.03%    passed     98.77%
 226  200709_20-07994_HIV07-01067_FL21_S1_L000_read_53_count_1      3.03%    passed     97.05%
 227  200709_20-07994_HIV07-01067_FL21_S1_L000_read_54_count_1      3.03%    passed     99.70%
 228  200709_20-07994_HIV07-01067_FL21_S1_L000_read_55_count_1      3.03%    passed     99.43%
 229  200709_20-07994_HIV07-01067_FL21_S1_L000_read_56_count_1      3.03%    passed     99.72%
 230  200709_20-07994_HIV07-01067_FL21_S1_L000_read_57_count_1      3.03%    passed     99.98%
 231  200709_20-07994_HIV07-01067_FL21_S1_L000_read_58_count_1      3.03%    passed     99.97%
 232  200709_20-07994_HIV07-01067_FL21_S1_L000_read_59_count_1      3.46%    passed     99.74%
 233  200709_20-07994_HIV07-01067_FL21_S1_L000_read_60_count_1      3.03%    passed     99.19%
 234  200709_20-07994_HIV07-01067_FL21_S1_L000_read_61_count_1      3.03%    passed     99.41%
 235  200709_20-07994_HIV07-01067_FL21_S1_L000_read_62_count_1      3.03%    passed     99.59%
 236  200709_20-07994_HIV07-01067_FL21_S1_L000_read_63_count_1      3.03%    passed     99.39%
 237  200709_20-07994_HIV07-01067_FL21_S1_L000_read_64_count_1      3.03%    passed     98.02%
 238  200709_20-07994_HIV07-01067_FL21_S1_L000_read_65_count_1      3.03%    passed     99.81%
 239  200709_20-07994_HIV07-01067_FL21_S1_L000_read_66_count_1      3.03%    passed     99.41%
 240  200709_20-07994_HIV07-01067_FL21_S1_L000_read_67_count_1      3.03%    passed     99.39%
 241  200709_20-07994_HIV07-01067_FL21_S1_L000_read_68_count_1      3.46%    passed     99.63%
 242  200709_20-07994_HIV07-01067_FL21_S1_L000_read_69_count_1      3.03%    passed     98.28%
 243  200709_20-07994_HIV07-01067_FL21_S1_L000_read_70_count_1      3.03%    passed     97.05%
 244  200709_20-07994_HIV07-01067_FL21_S1_L000_read_71_count_1      3.03%    passed     99.72%
 245  200709_20-07994_HIV07-01067_FL21_S1_L000_read_72_count_1      3.03%    passed     97.57%
 246  200709_20-07994_HIV07-01067_FL21_S1_L000_read_73_count_1      3.03%    passed     99.19%
 247  200709_20-07994_HIV07-01067_FL21_S1_L000_read_74_count_1      3.03%    passed     99.19%
 248  200709_20-07994_HIV07-01067_FL21_S1_L000_read_75_count_1      3.03%    passed     98.28%
 249  200709_20-07994_HIV07-01067_FL21_S1_L000_read_76_count_1      3.03%    passed     99.72%
 250  200709_20-07994_HIV07-01067_FL21_S1_L000_read_77_count_1      3.03%    passed     99.97%
 251  200709_20-07994_HIV07-01067_FL21_S1_L000_read_78_count_1      3.03%    passed     98.42%
 252  200709_20-07994_HIV07-01067_FL21_S1_L000_read_79_count_1      3.03%    passed     98.54%
 253  200709_20-07994_HIV07-01067_FL21_S1_L000_read_80_count_1      3.03%    passed     99.81%
 254  200709_20-07994_HIV07-01067_FL21_S1_L000_read_81_count_1      3.03%    passed     98.28%
 255  200709_20-07994_HIV07-01067_FL21_S1_L000_read_82_count_1      3.03%    passed     99.72%
 256  200709_20-07994_HIV07-01067_FL21_S1_L000_read_83_count_1      3.03%    passed     99.01%
 257  200709_20-07994_HIV07-01067_FL21_S1_L000_read_84_count_1      3.03%    passed     99.43%
 258  200709_20-07994_HIV07-01067_FL21_S1_L000_read_85_count_1      3.03%    passed     99.72%
 259  200709_20-07994_HIV07-01067_FL21_S1_L000_read_86_count_1      3.03%    passed     98.77%
 260  200709_20-07994_HIV07-01067_FL21_S1_L000_read_87_count_1      3.03%    passed     97.78%
 261  200709_20-07994_HIV07-01067_FL21_S1_L000_read_88_count_1      3.03%    passed     99.72%
 262  200709_20-07994_HIV07-01067_FL21_S1_L000_read_89_count_1      3.03%    passed     98.97%
 263  200709_20-07994_HIV07-01067_FL21_S1_L000_read_90_count_1      3.03%    passed     99.39%
 264  200709_20-07994_HIV07-01067_FL21_S1_L000_read_91_count_1      3.03%    passed     98.28%
 265  200709_20-07994_HIV07-01067_FL21_S1_L000_read_92_count_1      3.03%    passed     99.70%
 266  200709_20-07994_HIV07-01067_FL21_S1_L000_read_93_count_1      3.03%    passed     98.28%
 267  200709_20-07994_HIV07-01067_FL21_S1_L000_read_94_count_1      3.03%    passed     99.59%
 268  200709_20-07994_HIV07-01067_FL21_S1_L000_read_95_count_1      3.03%    passed     99.43%
 269  200709_20-07994_HIV07-01067_FL21_S1_L000_read_96_count_1      3.03%    passed     99.97%
 270  200709_20-07994_HIV07-01067_FL21_S1_L000_read_97_count_1      3.46%    passed     99.63%
 271  200709_20-07994_HIV07-01067_FL21_S1_L000_read_98_count_1      3.03%    passed     99.72%
 272  200709_20-07994_HIV07-01067_FL21_S1_L000_read_99_count_1      3.03%    passed     98.77%
 273  200709_20-07994_HIV07-01067_FL21_S1_L000_read_100_count_1     3.03%    passed     99.97%
 274  200709_20-07994_HIV07-01067_FL21_S1_L000_read_101_count_1     3.03%    passed     99.98%
 275  200709_20-07994_HIV07-01067_FL21_S1_L000_read_102_count_1     3.03%    passed     99.98%
 276  200709_20-07994_HIV07-01067_FL21_S1_L000_read_103_count_1     3.90%    passed     96.66%
 277  200709_20-07994_HIV07-01067_FL21_S1_L000_read_104_count_1     3.03%    passed     99.97%
 278  200709_20-07994_HIV07-01067_FL21_S1_L000_read_105_count_1     3.03%    passed     99.72%
 279  200709_20-07994_HIV07-01067_FL21_S1_L000_read_106_count_1     3.03%    passed     98.28%
 280  200709_20-07994_HIV07-01067_FL21_S1_L000_read_107_count_1     3.03%    passed     99.72%
 281  200709_20-07994_HIV07-01067_FL21_S1_L000_read_108_count_1     3.03%    passed     99.70%
 282  200709_20-07994_HIV07-01067_FL21_S1_L000_read_109_count_1     3.03%    passed     99.72%
 283  200709_20-07994_HIV07-01067_FL21_S1_L000_read_110_count_1     3.03%    passed     98.11%
 284  200709_20-07994_HIV07-01067_FL21_S1_L000_read_111_count_1     3.03%    passed     98.54%
 285  200709_20-07994_HIV07-01067_FL21_S1_L000_read_112_count_1     3.90%    passed     99.63%
 286  200709_20-07994_HIV07-01067_FL21_S1_L000_read_113_count_1     3.03%    passed     98.11%
 287  200709_20-07994_HIV07-01067_FL21_S1_L000_read_114_count_1     3.46%    passed     99.63%
 288  200709_20-07994_HIV07-01067_FL21_S1_L000_read_115_count_1     3.03%    passed     99.97%
 289  200709_20-07994_HIV07-01067_FL21_S1_L000_read_116_count_1     3.03%    passed     99.39%
 290  200709_20-07994_HIV07-01067_FL21_S1_L000_read_117_count_1     3.46%    passed     99.74%
 291  200709_20-07994_HIV07-01067_FL21_S1_L000_read_118_count_1     3.03%    passed     99.39%
 292  200703_20-07825_HIV09-00618_FL18_S6_L000_read_1_count_343     3.03%    passed     95.71%
 293  200703_20-07825_HIV09-00618_FL18_S6_L000_read_2_count_96      3.03%    passed     95.19%
 294  200703_20-07825_HIV09-00618_FL18_S6_L000_read_3_count_5       3.03%    passed     91.21%
 295  200703_20-07825_HIV09-00618_FL18_S6_L000_read_4_count_3       3.03%    passed     95.19%
 296  200703_20-07825_HIV09-00618_FL18_S6_L000_read_5_count_3       3.03%    passed     98.42%
 297  200703_20-07825_HIV09-00618_FL18_S6_L000_read_6_count_2       3.03%    passed     91.21%
 298  200703_20-07825_HIV09-00618_FL18_S6_L000_read_7_count_2       2.16%    passed     93.73%
 299  200703_20-07825_HIV09-00618_FL18_S6_L000_read_8_count_2       3.03%    passed     92.50%
 300  200703_20-07825_HIV09-00618_FL18_S6_L000_read_9_count_2       3.03%    passed     94.21%
 301  200703_20-07825_HIV09-00618_FL18_S6_L000_read_10_count_2      3.03%    passed     98.42%
 302  200703_20-07825_HIV09-00618_FL18_S6_L000_read_11_count_2      3.03%    passed     98.42%
 303  200703_20-07825_HIV09-00618_FL18_S6_L000_read_12_count_2      3.03%    passed     98.02%
 304  200703_20-07825_HIV09-00618_FL18_S6_L000_read_13_count_2      3.03%    passed     87.80%
 305  200703_20-07825_HIV09-00618_FL18_S6_L000_read_14_count_2      3.03%    passed     98.42%
 306  200703_20-07825_HIV09-00618_FL18_S6_L000_read_15_count_2      3.03%    passed     98.42%
 307  200703_20-07825_HIV09-00618_FL18_S6_L000_read_16_count_1      3.03%    passed     91.21%
 308  200703_20-07825_HIV09-00618_FL18_S6_L000_read_17_count_1      3.03%    passed     98.42%
 309  200703_20-07825_HIV09-00618_FL18_S6_L000_read_18_count_1      3.03%    passed     92.82%
 310  200703_20-07825_HIV09-00618_FL18_S6_L000_read_19_count_1      3.03%    passed     98.42%
 311  200703_20-07825_HIV09-00618_FL18_S6_L000_read_20_count_1      3.03%    passed     94.21%
 312  200703_20-07825_HIV09-00618_FL18_S6_L000_read_21_count_1      3.03%    passed     94.21%
 313  200703_20-07825_HIV09-00618_FL18_S6_L000_read_22_count_1      3.03%    passed     91.21%
 314  200703_20-07825_HIV09-00618_FL18_S6_L000_read_23_count_1      3.03%    passed     95.77%
 315  200703_20-07825_HIV09-00618_FL18_S6_L000_read_24_count_1      3.03%    passed     95.19%
 316  200703_20-07825_HIV09-00618_FL18_S6_L000_read_25_count_1      3.03%    passed     91.21%
 317  200703_20-07825_HIV09-00618_FL18_S6_L000_read_26_count_1      3.03%    passed     92.82%
 318  200703_20-07825_HIV09-00618_FL18_S6_L000_read_27_count_1      3.03%    passed     98.02%
 319  200703_20-07825_HIV09-00618_FL18_S6_L000_read_28_count_1      3.03%    passed     97.06%
 320  200703_20-07825_HIV09-00618_FL18_S6_L000_read_29_count_1      3.03%    passed     91.21%
 321  200703_20-07825_HIV09-00618_FL18_S6_L000_read_30_count_1      3.03%    passed     92.82%
 322  200703_20-07825_HIV09-00618_FL18_S6_L000_read_31_count_1      3.03%    passed     95.19%
 323  200703_20-07825_HIV09-00618_FL18_S6_L000_read_32_count_1      3.03%    passed     98.42%
 324  200703_20-07825_HIV09-00618_FL18_S6_L000_read_33_count_1      3.03%    passed     96.50%
 325  200703_20-07825_HIV09-00618_FL18_S6_L000_read_34_count_1      3.03%    passed     95.19%
 326  200703_20-07825_HIV09-00618_FL18_S6_L000_read_35_count_1      3.03%    passed     92.50%
 327  200703_20-07825_HIV09-00618_FL18_S6_L000_read_36_count_1      3.03%    passed     95.74%
 328  200703_20-07825_HIV09-00618_FL18_S6_L000_read_37_count_1      3.03%    passed     90.60%
 329  200703_20-07825_HIV09-00618_FL18_S6_L000_read_38_count_1      3.03%    passed     96.50%
 330  200703_20-07825_HIV09-00618_FL18_S6_L000_read_39_count_1      3.03%    passed     99.66%
 331  200703_20-07825_HIV09-00618_FL18_S6_L000_read_40_count_1      3.03%    passed     95.19%
 332  200703_20-07825_HIV09-00618_FL18_S6_L000_read_41_count_1      2.60%    passed     93.46%
 333  200703_20-07825_HIV09-00618_FL18_S6_L000_read_42_count_1      3.03%    passed     96.50%
 334  200703_20-07825_HIV09-00618_FL18_S6_L000_read_43_count_1      3.03%    passed     90.60%
 335  200703_20-07825_HIV09-00618_FL18_S6_L000_read_44_count_1      3.03%    passed     93.18%
 336  200703_20-07825_HIV09-00618_FL18_S6_L000_read_45_count_1      3.03%    passed     93.34%
 337  200703_20-07825_HIV09-00618_FL18_S6_L000_read_46_count_1      2.16%    passed     95.25%
 338  200703_20-07825_HIV09-00618_FL18_S6_L000_read_47_count_1      3.03%    passed     98.68%
 339  200703_20-07825_HIV09-00618_FL18_S6_L000_read_48_count_1      3.03%    passed     93.34%
 340  200703_20-07825_HIV09-00618_FL18_S6_L000_read_49_count_1      3.03%    passed     93.18%
 341  200703_20-07825_HIV09-00618_FL18_S6_L000_read_50_count_1      3.03%    passed     91.21%
 342  200703_20-07825_HIV09-00618_FL18_S6_L000_read_51_count_1      3.03%    passed     93.34%
 343  200703_20-07825_HIV09-00618_FL18_S6_L000_read_52_count_1      3.03%    passed     95.19%
 344  200703_20-07825_HIV09-00618_FL18_S6_L000_read_53_count_1      3.03%    passed     95.77%
 345  200703_20-07825_HIV09-00618_FL18_S6_L000_read_54_count_1      3.03%    passed     91.21%
 346  200703_20-07825_HIV09-00618_FL18_S6_L000_read_55_count_1      3.03%    passed     98.42%
 347  200703_20-07825_HIV09-00618_FL18_S6_L000_read_56_count_1      3.03%    passed     91.21%
 348  200703_20-07825_HIV09-00618_FL18_S6_L000_read_57_count_1      3.03%    passed     94.21%
 349  200703_20-07825_HIV09-00618_FL18_S6_L000_read_58_count_1      3.03%    passed     96.50%
 350  200703_20-07825_HIV09-00618_FL18_S6_L000_read_59_count_1      3.03%    passed     92.82%
 351  200703_20-07825_HIV09-00618_FL18_S6_L000_read_60_count_1      3.03%    passed     92.50%
 352  200703_20-07825_HIV09-00618_FL18_S6_L000_read_61_count_1      3.03%    passed     92.82%
 353  200703_20-07825_HIV09-00618_FL18_S6_L000_read_62_count_1      3.03%    passed     91.80%
 354  200703_20-07825_HIV09-00618_FL18_S6_L000_read_63_count_1      3.46%    passed     95.16%
 355  200703_20-07825_HIV09-00618_FL18_S6_L000_read_64_count_1      3.03%    passed     95.71%
 356  200703_20-07825_HIV09-00618_FL18_S6_L000_read_65_count_1      3.03%    passed     98.02%
 357  200703_20-07825_HIV09-00618_FL18_S6_L000_read_66_count_1      3.03%    passed     98.42%
 358  200703_20-07825_HIV09-00618_FL18_S6_L000_read_67_count_1      3.03%    passed     90.60%
 359  200703_20-07825_HIV09-00618_FL18_S6_L000_read_68_count_1      3.46%    passed     93.81%
 360  200703_20-07825_HIV09-00618_FL18_S6_L000_read_69_count_1      3.03%    passed     91.21%
 361  200703_20-07825_HIV09-00618_FL18_S6_L000_read_70_count_1      3.03%    passed     96.47%
 362  200703_20-07825_HIV09-00618_FL18_S6_L000_read_71_count_1      3.03%    passed     94.21%
 363  200703_20-07825_HIV09-00618_FL18_S6_L000_read_72_count_1      3.03%    passed     91.21%
 364  200703_20-07825_HIV09-00618_FL18_S6_L000_read_73_count_1      3.46%    passed     96.84%
 365  200703_20-07825_HIV09-00618_FL18_S6_L000_read_74_count_1      3.46%    passed     93.24%
 366  200703_20-07825_HIV09-00618_FL18_S6_L000_read_75_count_1      3.03%    passed     95.19%
 367  200814_20-09728_HIV09-02843_FL30_S2_L000_read_1_count_182     3.03%    passed     98.17%
 368  200814_20-09728_HIV09-02843_FL30_S2_L000_read_2_count_36      3.03%    passed     99.79%
 369  200814_20-09728_HIV09-02843_FL30_S2_L000_read_3_count_27      3.03%    passed     97.84%
 370  200814_20-09728_HIV09-02843_FL30_S2_L000_read_4_count_27      3.03%    passed     93.35%
 371  200814_20-09728_HIV09-02843_FL30_S2_L000_read_5_count_26      3.03%    passed     97.60%
 372  200814_20-09728_HIV09-02843_FL30_S2_L000_read_6_count_20      3.03%    passed     97.84%
 373  200814_20-09728_HIV09-02843_FL30_S2_L000_read_7_count_18      3.03%    passed     97.60%
 374  200814_20-09728_HIV09-02843_FL30_S2_L000_read_8_count_18      3.03%    passed     97.60%
 375  200814_20-09728_HIV09-02843_FL30_S2_L000_read_9_count_15      3.03%    passed     97.84%
 376  200814_20-09728_HIV09-02843_FL30_S2_L000_read_10_count_13     3.03%    passed     93.79%
 377  200814_20-09728_HIV09-02843_FL30_S2_L000_read_11_count_10     3.03%    passed     97.84%
 378  200814_20-09728_HIV09-02843_FL30_S2_L000_read_12_count_8      3.03%    passed     96.50%
 379  200814_20-09728_HIV09-02843_FL30_S2_L000_read_13_count_7      3.03%    passed     95.14%
 380  200814_20-09728_HIV09-02843_FL30_S2_L000_read_14_count_6      3.03%    passed     98.17%
 381  200814_20-09728_HIV09-02843_FL30_S2_L000_read_15_count_6      3.03%    passed     97.60%
 382  200814_20-09728_HIV09-02843_FL30_S2_L000_read_16_count_6      3.03%    passed     93.04%
 383  200814_20-09728_HIV09-02843_FL30_S2_L000_read_17_count_6      3.03%    passed     99.79%
 384  200814_20-09728_HIV09-02843_FL30_S2_L000_read_18_count_5      3.03%    passed     97.84%
 385  200814_20-09728_HIV09-02843_FL30_S2_L000_read_19_count_5      3.03%    passed     97.60%
 386  200814_20-09728_HIV09-02843_FL30_S2_L000_read_20_count_4      3.03%    passed     95.97%
 387  200814_20-09728_HIV09-02843_FL30_S2_L000_read_21_count_3      3.03%    passed     97.60%
 388  200814_20-09728_HIV09-02843_FL30_S2_L000_read_22_count_3      3.03%    passed     98.17%
 389  200814_20-09728_HIV09-02843_FL30_S2_L000_read_23_count_3      3.03%    passed     99.79%
 390  200814_20-09728_HIV09-02843_FL30_S2_L000_read_24_count_2      3.46%    passed     98.20%
 391  200814_20-09728_HIV09-02843_FL30_S2_L000_read_25_count_2      3.03%    passed     97.84%
 392  200814_20-09728_HIV09-02843_FL30_S2_L000_read_26_count_2      3.03%    passed     99.79%
 393  200814_20-09728_HIV09-02843_FL30_S2_L000_read_27_count_2      3.46%    passed     98.02%
 394  200814_20-09728_HIV09-02843_FL30_S2_L000_read_28_count_2      3.03%    passed     99.79%
 395  200814_20-09728_HIV09-02843_FL30_S2_L000_read_29_count_2      3.03%    passed     99.35%
 396  200814_20-09728_HIV09-02843_FL30_S2_L000_read_30_count_2      3.03%    passed     97.60%
 397  200814_20-09728_HIV09-02843_FL30_S2_L000_read_31_count_2      3.03%    passed     99.61%
 398  200814_20-09728_HIV09-02843_FL30_S2_L000_read_32_count_2      3.03%    passed     95.14%
 399  200814_20-09728_HIV09-02843_FL30_S2_L000_read_33_count_1      3.03%    passed     96.66%
 400  200814_20-09728_HIV09-02843_FL30_S2_L000_read_34_count_1      2.60%    passed     99.09%
 401  200814_20-09728_HIV09-02843_FL30_S2_L000_read_35_count_1      3.03%    passed     99.79%
 402  200814_20-09728_HIV09-02843_FL30_S2_L000_read_36_count_1      3.03%    passed     99.79%
 403  200814_20-09728_HIV09-02843_FL30_S2_L000_read_37_count_1      3.03%    passed     98.17%
 404  200814_20-09728_HIV09-02843_FL30_S2_L000_read_38_count_1      3.03%    passed     93.93%
 405  200814_20-09728_HIV09-02843_FL30_S2_L000_read_39_count_1      3.03%    passed     96.45%
 406  200814_20-09728_HIV09-02843_FL30_S2_L000_read_40_count_1      3.46%    passed     93.81%
 407  200814_20-09728_HIV09-02843_FL30_S2_L000_read_41_count_1      3.03%    passed     97.60%
 408  200814_20-09728_HIV09-02843_FL30_S2_L000_read_42_count_1      3.03%    passed     98.50%
 409  200814_20-09728_HIV09-02843_FL30_S2_L000_read_43_count_1      3.03%    passed     98.17%
 410  200814_20-09728_HIV09-02843_FL30_S2_L000_read_44_count_1      3.03%    passed     99.61%
 411  200814_20-09728_HIV09-02843_FL30_S2_L000_read_45_count_1      3.03%    passed     93.93%
 412  200814_20-09728_HIV09-02843_FL30_S2_L000_read_46_count_1      3.03%    passed     96.66%
 413  200814_20-09728_HIV09-02843_FL30_S2_L000_read_47_count_1      3.03%    passed     90.88%
 414  200814_20-09728_HIV09-02843_FL30_S2_L000_read_48_count_1      3.03%    passed     96.45%
 415  200814_20-09728_HIV09-02843_FL30_S2_L000_read_49_count_1      3.03%    passed     93.35%
 416  200814_20-09728_HIV09-02843_FL30_S2_L000_read_50_count_1      3.03%    passed     96.66%
 417  200814_20-09728_HIV09-02843_FL30_S2_L000_read_51_count_1      3.46%    passed     94.93%
 418  200814_20-09728_HIV09-02843_FL30_S2_L000_read_52_count_1      3.03%    passed     95.14%
 419  200814_20-09728_HIV09-02843_FL30_S2_L000_read_53_count_1      3.03%    passed     99.79%
 420  200814_20-09728_HIV09-02843_FL30_S2_L000_read_54_count_1      3.03%    passed     99.35%
 421  200814_20-09728_HIV09-02843_FL30_S2_L000_read_55_count_1      3.03%    passed     96.50%
 422  200814_20-09728_HIV09-02843_FL30_S2_L000_read_56_count_1      3.03%    passed     99.79%
 423  200814_20-09728_HIV09-02843_FL30_S2_L000_read_57_count_1      3.03%    passed     95.14%
 424  200814_20-09728_HIV09-02843_FL30_S2_L000_read_58_count_1      3.03%    passed     98.54%
 425  200814_20-09728_HIV09-02843_FL30_S2_L000_read_59_count_1      3.03%    passed     98.50%
 426  200814_20-09728_HIV09-02843_FL30_S2_L000_read_60_count_1      3.03%    passed     98.79%
 427  200814_20-09728_HIV09-02843_FL30_S2_L000_read_61_count_1      3.46%    passed     99.81%
 428  200814_20-09728_HIV09-02843_FL30_S2_L000_read_62_count_1      3.03%    passed     96.50%
 429  200814_20-09728_HIV09-02843_FL30_S2_L000_read_63_count_1      3.03%    passed     95.15%
 430  200814_20-09728_HIV09-02843_FL30_S2_L000_read_64_count_1      3.03%    passed     91.66%
 431  200814_20-09728_HIV09-02843_FL30_S2_L000_read_65_count_1      3.03%    passed     97.58%
 432  200814_20-09728_HIV09-02843_FL30_S2_L000_read_66_count_1      3.03%    passed     96.62%
 433  200814_20-09728_HIV09-02843_FL30_S2_L000_read_67_count_1      3.03%    passed     98.54%
 434  200814_20-09728_HIV09-02843_FL30_S2_L000_read_68_count_1      3.03%    passed     99.35%
 435  200814_20-09728_HIV09-02843_FL30_S2_L000_read_69_count_1      3.03%    passed     96.50%
 436  200814_20-09728_HIV09-02843_FL30_S2_L000_read_70_count_1      3.03%    passed     95.97%
 437  200814_20-09728_HIV09-02843_FL30_S2_L000_read_71_count_1      3.03%    passed     93.79%
 438  200814_20-09728_HIV09-02843_FL30_S2_L000_read_72_count_1      3.03%    passed     87.58%
 439  200814_20-09728_HIV09-02843_FL30_S2_L000_read_73_count_1      3.03%    passed     97.84%
 440  200814_20-09728_HIV09-02843_FL30_S2_L000_read_74_count_1      3.03%    passed     98.50%
 441  200814_20-09728_HIV09-02843_FL30_S2_L000_read_75_count_1      3.03%    passed     95.15%
 442  200814_20-09728_HIV09-02843_FL30_S2_L000_read_76_count_1      3.03%    passed     97.60%
 443  200814_20-09728_HIV09-02843_FL30_S2_L000_read_77_count_1      3.03%    passed     98.17%
 444  200814_20-09728_HIV09-02843_FL30_S2_L000_read_78_count_1      3.03%    passed     98.54%
 445  200814_20-09728_HIV09-02843_FL30_S2_L000_read_79_count_1      3.03%    passed     93.93%
 446  200814_20-09728_HIV09-02843_FL30_S2_L000_read_80_count_1      3.03%    passed     96.45%
 447  200814_20-09728_HIV09-02843_FL30_S2_L000_read_81_count_1      3.03%    passed     97.60%
 448  200814_20-09728_HIV09-02843_FL30_S2_L000_read_82_count_1      2.60%    passed     96.79%
 449  200814_20-09728_HIV09-02843_FL30_S2_L000_read_83_count_1      3.03%    passed     99.35%
 450  200814_20-09728_HIV09-02843_FL30_S2_L000_read_84_count_1      3.03%    passed     98.17%
 451  200814_20-09728_HIV09-02843_FL30_S2_L000_read_85_count_1      2.16%    passed     92.74%
 452  200814_20-09728_HIV09-02843_FL30_S2_L000_read_86_count_1      3.03%    passed     99.41%
 453  200814_20-09728_HIV09-02843_FL30_S2_L000_read_87_count_1      3.03%    passed     97.84%
 454  200814_20-09728_HIV09-02843_FL30_S2_L000_read_88_count_1      3.03%    passed     96.45%
 455  200814_20-09728_HIV09-02843_FL30_S2_L000_read_89_count_1      3.03%    passed     99.63%
 456  200814_20-09728_HIV09-02843_FL30_S2_L000_read_90_count_1      3.03%    passed     96.45%
 457  200814_20-09728_HIV09-02843_FL30_S2_L000_read_91_count_1      3.46%    passed     93.57%
 458  200814_20-09728_HIV09-02843_FL30_S2_L000_read_92_count_1      3.03%    passed     95.83%
 459  200814_20-09728_HIV09-02843_FL30_S2_L000_read_93_count_1      3.03%    passed     97.84%
 460  200814_20-09728_HIV09-02843_FL30_S2_L000_read_94_count_1      3.03%    passed     96.45%
 461  200814_20-09728_HIV09-02843_FL30_S2_L000_read_95_count_1      3.03%    passed     98.50%
 462  200814_20-09728_HIV09-02843_FL30_S2_L000_read_96_count_1      3.03%    passed     96.45%
 463  200814_20-09728_HIV09-02843_FL30_S2_L000_read_97_count_1      3.03%    passed     95.15%
 464  200814_20-09728_HIV09-02843_FL30_S2_L000_read_98_count_1      3.03%    passed     98.50%
 465  200814_20-09728_HIV09-02843_FL30_S2_L000_read_99_count_1      3.03%    passed     95.14%
 466  200724_20-08518_HIV10-02405_FL24_S14_L000_read_1_count_114    3.03%    passed     93.40%
 467  200724_20-08518_HIV10-02405_FL24_S14_L000_read_2_count_48     3.03%    passed     96.36%
 468  200724_20-08518_HIV10-02405_FL24_S14_L000_read_3_count_43     3.03%    passed     90.32%
 469  200724_20-08518_HIV10-02405_FL24_S14_L000_read_4_count_9      3.03%    passed     96.36%
 470  200724_20-08518_HIV10-02405_FL24_S14_L000_read_5_count_8      3.03%    passed     96.18%
 471  200724_20-08518_HIV10-02405_FL24_S14_L000_read_6_count_6      3.03%    passed     97.19%
 472  200724_20-08518_HIV10-02405_FL24_S14_L000_read_7_count_4      3.03%    passed     97.19%
 473  200724_20-08518_HIV10-02405_FL24_S14_L000_read_8_count_4      3.03%    passed     90.32%
 474  200724_20-08518_HIV10-02405_FL24_S14_L000_read_9_count_3      3.03%    passed     93.40%
 475  200724_20-08518_HIV10-02405_FL24_S14_L000_read_10_count_3     3.03%    passed     95.10%
 476  200724_20-08518_HIV10-02405_FL24_S14_L000_read_11_count_3     3.03%    passed     90.32%
 477  200724_20-08518_HIV10-02405_FL24_S14_L000_read_12_count_3     3.03%    passed     90.32%
 478  200724_20-08518_HIV10-02405_FL24_S14_L000_read_13_count_2     3.03%    passed     93.59%
 479  200724_20-08518_HIV10-02405_FL24_S14_L000_read_14_count_2     3.03%    passed     97.19%
 480  200724_20-08518_HIV10-02405_FL24_S14_L000_read_15_count_2     3.03%    passed     85.73%
 481  200724_20-08518_HIV10-02405_FL24_S14_L000_read_16_count_2     3.03%    passed     97.80%
 482  200724_20-08518_HIV10-02405_FL24_S14_L000_read_17_count_2     3.03%    passed     85.73%
 483  200724_20-08518_HIV10-02405_FL24_S14_L000_read_18_count_2     3.03%    passed     95.80%
 484  200724_20-08518_HIV10-02405_FL24_S14_L000_read_19_count_2     3.03%    passed     97.80%
 485  200724_20-08518_HIV10-02405_FL24_S14_L000_read_20_count_2     3.03%    passed     89.23%
 486  200724_20-08518_HIV10-02405_FL24_S14_L000_read_21_count_2     3.03%    passed     86.57%
 487  200724_20-08518_HIV10-02405_FL24_S14_L000_read_22_count_2     3.03%    passed     90.32%
 488  200724_20-08518_HIV10-02405_FL24_S14_L000_read_23_count_2     3.03%    passed     93.59%
 489  200724_20-08518_HIV10-02405_FL24_S14_L000_read_24_count_1     3.46%    passed     92.46%
 490  200724_20-08518_HIV10-02405_FL24_S14_L000_read_25_count_1     3.03%    passed     93.69%
 491  200724_20-08518_HIV10-02405_FL24_S14_L000_read_26_count_1     3.03%    passed     93.69%
 492  200724_20-08518_HIV10-02405_FL24_S14_L000_read_27_count_1     3.03%    passed     97.19%
 493  200724_20-08518_HIV10-02405_FL24_S14_L000_read_28_count_1     3.03%    passed     93.39%
 494  200724_20-08518_HIV10-02405_FL24_S14_L000_read_29_count_1     3.03%    passed     95.10%
 495  200724_20-08518_HIV10-02405_FL24_S14_L000_read_30_count_1     3.46%    passed     90.37%
 496  200724_20-08518_HIV10-02405_FL24_S14_L000_read_31_count_1     3.03%    passed     97.80%
 497  200724_20-08518_HIV10-02405_FL24_S14_L000_read_32_count_1     3.03%    passed     97.19%
 498  200724_20-08518_HIV10-02405_FL24_S14_L000_read_33_count_1     3.03%    passed     97.19%
 499  200724_20-08518_HIV10-02405_FL24_S14_L000_read_34_count_1     3.03%    passed     95.10%
 500  200724_20-08518_HIV10-02405_FL24_S14_L000_read_35_count_1     3.03%    passed     94.72%
 501  200724_20-08518_HIV10-02405_FL24_S14_L000_read_36_count_1     3.03%    passed     97.80%
 502  200724_20-08518_HIV10-02405_FL24_S14_L000_read_37_count_1     3.03%    passed     93.40%
 503  200724_20-08518_HIV10-02405_FL24_S14_L000_read_38_count_1     3.03%    passed     87.74%
 504  200724_20-08518_HIV10-02405_FL24_S14_L000_read_39_count_1     3.03%    passed     93.59%
 505  200724_20-08518_HIV10-02405_FL24_S14_L000_read_40_count_1     3.46%    passed     88.54%
 506  200724_20-08518_HIV10-02405_FL24_S14_L000_read_41_count_1     3.03%    passed     85.73%
 507  200724_20-08518_HIV10-02405_FL24_S14_L000_read_42_count_1     3.03%    passed     85.73%
 508  200724_20-08518_HIV10-02405_FL24_S14_L000_read_43_count_1     3.03%    passed     93.59%
 509  200724_20-08518_HIV10-02405_FL24_S14_L000_read_44_count_1     3.03%    passed     93.59%
 510  200724_20-08518_HIV10-02405_FL24_S14_L000_read_45_count_1     3.03%    passed     91.37%
 511  200724_20-08518_HIV10-02405_FL24_S14_L000_read_46_count_1     3.03%    passed     87.74%
 512  200724_20-08518_HIV10-02405_FL24_S14_L000_read_47_count_1     3.03%    passed     91.43%
 513  200724_20-08518_HIV10-02405_FL24_S14_L000_read_48_count_1     3.03%    passed     87.60%
 514  200724_20-08518_HIV10-02405_FL24_S14_L000_read_49_count_1     3.03%    passed     93.40%
 515  200724_20-08518_HIV10-02405_FL24_S14_L000_read_50_count_1     3.03%    passed     96.36%
 516  200724_20-08518_HIV10-02405_FL24_S14_L000_read_51_count_1     3.03%    passed     95.85%
 517  200724_20-08518_HIV10-02405_FL24_S14_L000_read_52_count_1     3.03%    passed     97.19%
 518  200724_20-08518_HIV10-02405_FL24_S14_L000_read_53_count_1     3.03%    passed     95.10%
 519  200724_20-08518_HIV10-02405_FL24_S14_L000_read_54_count_1     3.03%    passed     91.43%
 520  200724_20-08518_HIV10-02405_FL24_S14_L000_read_55_count_1     3.46%    passed     94.89%
 521  200724_20-08518_HIV10-02405_FL24_S14_L000_read_56_count_1     3.03%    passed     84.41%
 522  200724_20-08518_HIV10-02405_FL24_S14_L000_read_57_count_1     3.03%    passed     93.59%
 523  200724_20-08518_HIV10-02405_FL24_S14_L000_read_58_count_1     3.03%    passed     93.69%
 524  200724_20-08518_HIV10-02405_FL24_S14_L000_read_59_count_1     2.60%    passed     96.53%
 525  200724_20-08518_HIV10-02405_FL24_S14_L000_read_60_count_1     3.46%    passed     92.46%
 526  200724_20-08518_HIV10-02405_FL24_S14_L000_read_61_count_1     3.03%    passed     91.43%
 527  200724_20-08518_HIV10-02405_FL24_S14_L000_read_62_count_1     3.03%    passed     95.48%
 528  200724_20-08518_HIV10-02405_FL24_S14_L000_read_63_count_1     3.03%    passed     84.41%
 529  200724_20-08518_HIV10-02405_FL24_S14_L000_read_64_count_1     3.03%    passed     97.80%
 530  200724_20-08518_HIV10-02405_FL24_S14_L000_read_65_count_1     2.60%    passed     93.81%
 531  200724_20-08518_HIV10-02405_FL24_S14_L000_read_66_count_1     3.03%    passed     96.36%
 532  200724_20-08518_HIV10-02405_FL24_S14_L000_read_67_count_1     3.03%    passed     90.32%
 533  200724_20-08518_HIV10-02405_FL24_S14_L000_read_68_count_1     3.03%    passed     89.01%
 534  200724_20-08518_HIV10-02405_FL24_S14_L000_read_69_count_1     3.03%    passed     97.65%
 535  200724_20-08518_HIV10-02405_FL24_S14_L000_read_70_count_1     3.46%    passed     96.05%
 536  200724_20-08518_HIV10-02405_FL24_S14_L000_read_71_count_1     3.03%    passed     95.10%
 537  200724_20-08518_HIV10-02405_FL24_S14_L000_read_72_count_1     3.03%    passed     90.32%
 538  200724_20-08518_HIV10-02405_FL24_S14_L000_read_73_count_1     3.03%    passed     93.59%
 539  200724_20-08518_HIV10-02405_FL24_S14_L000_read_74_count_1     3.03%    passed     89.67%
 540  200724_20-08518_HIV10-02405_FL24_S14_L000_read_75_count_1     3.03%    passed     91.43%
 541  200724_20-08518_HIV10-02405_FL24_S14_L000_read_76_count_1     3.03%    passed     93.69%
 542  200724_20-08518_HIV10-02405_FL24_S14_L000_read_77_count_1     3.03%    passed     97.19%
 543  200724_20-08518_HIV10-02405_FL24_S14_L000_read_78_count_1     3.03%    passed     95.80%
 544  200724_20-08518_HIV10-02405_FL24_S14_L000_read_79_count_1     3.03%    passed     86.57%
 545  200724_20-08518_HIV10-02405_FL24_S14_L000_read_80_count_1     3.03%    passed     96.36%
 546  200724_20-08518_HIV10-02405_FL24_S14_L000_read_81_count_1     3.03%    passed     87.61%
 547  200724_20-08518_HIV10-02405_FL24_S14_L000_read_82_count_1     3.03%    passed     93.40%
 548  200724_20-08518_HIV10-02405_FL24_S14_L000_read_83_count_1     3.03%    passed     87.46%
 549  200724_20-08518_HIV10-02405_FL24_S14_L000_read_84_count_1     3.03%    passed     90.32%
 550  200724_20-08518_HIV10-02405_FL24_S14_L000_read_85_count_1     3.03%    passed     97.58%
 551  200724_20-08518_HIV10-02405_FL24_S14_L000_read_86_count_1     3.03%    passed     93.40%
 552  200724_20-08518_HIV10-02405_FL24_S14_L000_read_87_count_1     3.03%    passed     96.36%
 553  200724_20-08518_HIV10-02405_FL24_S14_L000_read_88_count_1     3.03%    passed     90.32%
 554  200724_20-08518_HIV10-02405_FL24_S14_L000_read_89_count_1     3.03%    passed     93.59%
 555  200724_20-08518_HIV10-02405_FL24_S14_L000_read_90_count_1     3.03%    passed     93.59%
 556  200724_20-08518_HIV10-02405_FL24_S14_L000_read_91_count_1     3.03%    passed     93.40%
 557  200724_20-08518_HIV10-02405_FL24_S14_L000_read_92_count_1     3.03%    passed     95.10%
 558  200724_20-08518_HIV10-02405_FL24_S14_L000_read_93_count_1     3.03%    passed     91.37%
 559  200724_20-08518_HIV10-02405_FL24_S14_L000_read_94_count_1     3.03%    passed     90.32%
 560  200724_20-08518_HIV10-02405_FL24_S14_L000_read_95_count_1     3.03%    passed     95.80%
 561  200724_20-08518_HIV10-02405_FL24_S14_L000_read_96_count_1     3.03%    passed     86.57%
 562  200724_20-08518_HIV10-02405_FL24_S14_L000_read_97_count_1     2.60%    passed     91.51%
 563  200724_20-08518_HIV10-02405_FL24_S14_L000_read_98_count_1     3.03%    passed     85.73%
 564  200724_20-08518_HIV10-02405_FL24_S14_L000_read_99_count_1     3.03%    passed     85.73%
 565  200724_20-08518_HIV10-02405_FL24_S14_L000_read_100_count_1    3.03%    passed     93.93%
 566  200724_20-08518_HIV10-02405_FL24_S14_L000_read_101_count_1    3.03%    passed     87.46%
 567  B.FR.83.HXB2_LAI_IIIB_BRU.K03455                              3.03%    passed     95.19%
 568  C.BW.00.00BW07621.AF443088                                    3.03%    passed     93.90%
****  TOTAL                                                         3.09%  0 sequences failed composition chi2 test (p-value<5%; df=3)
Checking for duplicate sequences: done in 0.00141808 secs using 166% CPU

Create initial parsimony tree by phylogenetic likelihood library (PLL)... 0.070 seconds

NOTE: 23 MB RAM (0 GB) is required!
WARNING: Number of threads seems too high for short alignments. Use -T AUTO to determine best number of threads.
Estimate model parameters (epsilon = 0.100)
1. Initial log-likelihood: -5062.112
2. Current log-likelihood: -4881.186
3. Current log-likelihood: -4880.922
Optimal log-likelihood: -4880.900
Rate parameters:  A-C: 0.90858  A-G: 2.07490  A-T: 0.58476  C-G: 0.04327  C-T: 3.06708  G-T: 1.00000
Base frequencies:  A: 0.373  C: 0.152  G: 0.272  T: 0.203
Site proportion and rates:  (0.096,0.241) (0.160,0.455) (0.199,0.605) (0.208,0.803) (0.186,1.285) (0.151,2.505)
Parameters optimization took 3 rounds (2.245 sec)
Wrote distance file to... 
Computing ML distances based on estimated model parameters...
Calculating distance matrix: done in 0.636159 secs using 378% CPU
Computing ML distances took 0.637070 sec (of wall-clock time) 2.406854 sec (of CPU time)
Setting up auxiliary I and S matrices: done in 0.0115032 secs using 256.7% CPU
Constructing RapidNJ tree: done in 0.99882 secs using 113.2% CPU
Computing RapidNJ tree took 1.010447 sec (of wall-clock time) 1.160742 sec (of CPU time)
Log-likelihood of RapidNJ tree: -4855.657
--------------------------------------------------------------------
|             INITIALIZING CANDIDATE TREE SET                      |
--------------------------------------------------------------------
Generating 98 parsimony trees... 6.707 second
Computing log-likelihood of 98 initial trees ... 5.055 seconds
Current best score: -4845.404

Do NNI search on 20 best initial trees
Optimizing NNI: done in 0.496305 secs using 397.4% CPU
Estimate model parameters (epsilon = 0.100)
BETTER TREE FOUND at iteration 1: -4842.590
Optimizing NNI: done in 0.500487 secs using 396.6% CPU
Optimizing NNI: done in 0.486777 secs using 399.9% CPU
Optimizing NNI: done in 0.643264 secs using 397.2% CPU
Optimizing NNI: done in 0.391984 secs using 392.9% CPU
Optimizing NNI: done in 0.598252 secs using 398.2% CPU
Estimate model parameters (epsilon = 0.100)
BETTER TREE FOUND at iteration 6: -4827.731
Optimizing NNI: done in 0.276479 secs using 400.5% CPU
Optimizing NNI: done in 0.50885 secs using 393.2% CPU
Optimizing NNI: done in 0.524556 secs using 398.9% CPU
Optimizing NNI: done in 0.406516 secs using 399.1% CPU
Iteration 10 / LogL: -4860.174 / Time: 0h:0m:27s
Optimizing NNI: done in 0.542461 secs using 397.2% CPU
Optimizing NNI: done in 0.847322 secs using 382.6% CPU
Optimizing NNI: done in 0.400834 secs using 385.3% CPU
Optimizing NNI: done in 0.639086 secs using 395.4% CPU
Optimizing NNI: done in 0.514254 secs using 394.8% CPU
Optimizing NNI: done in 0.695869 secs using 392.6% CPU
Optimizing NNI: done in 0.546628 secs using 397.1% CPU
Optimizing NNI: done in 0.383648 secs using 399.2% CPU
Optimizing NNI: done in 0.386488 secs using 399.1% CPU
Optimizing NNI: done in 0.526653 secs using 390.9% CPU
Iteration 20 / LogL: -4866.674 / Time: 0h:0m:32s
Finish initializing candidate tree set (20)
Current best tree score: -4827.731 / CPU time: 28.456
Number of iterations: 20
--------------------------------------------------------------------
|               OPTIMIZING CANDIDATE TREE SET                      |
--------------------------------------------------------------------
Optimizing NNI: done in 0.965342 secs using 395.8% CPU
Optimizing NNI: done in 1.23856 secs using 383.5% CPU
Optimizing NNI: done in 1.29305 secs using 396.3% CPU
Optimizing NNI: done in 0.787448 secs using 397.2% CPU
Optimizing NNI: done in 0.942002 secs using 391.7% CPU
Estimate model parameters (epsilon = 0.100)
BETTER TREE FOUND at iteration 25: -4827.600
Optimizing NNI: done in 1.12733 secs using 380.1% CPU
Optimizing NNI: done in 0.998643 secs using 395.6% CPU
Estimate model parameters (epsilon = 0.100)
BETTER TREE FOUND at iteration 27: -4823.233
Optimizing NNI: done in 1.03932 secs using 397.1% CPU
Estimate model parameters (epsilon = 0.100)
BETTER TREE FOUND at iteration 28: -4816.852
Optimizing NNI: done in 0.891382 secs using 394.8% CPU
Optimizing NNI: done in 1.14801 secs using 391.8% CPU
Iteration 30 / LogL: -4818.923 / Time: 0h:0m:46s (0h:2m:36s left)
Optimizing NNI: done in 0.826278 secs using 394.8% CPU
Optimizing NNI: done in 1.15188 secs using 395.9% CPU
Optimizing NNI: done in 1.0099 secs using 394.7% CPU
Optimizing NNI: done in 0.871942 secs using 394.1% CPU
Optimizing NNI: done in 0.958407 secs using 375.7% CPU
Optimizing NNI: done in 0.801314 secs using 394.5% CPU
Optimizing NNI: done in 0.687989 secs using 395.9% CPU
Optimizing NNI: done in 1.21154 secs using 395.5% CPU
Optimizing NNI: done in 1.17065 secs using 396.2% CPU
Optimizing NNI: done in 1.29307 secs using 383.6% CPU
Iteration 40 / LogL: -4829.912 / Time: 0h:0m:56s (0h:2m:8s left)
Optimizing NNI: done in 0.635932 secs using 392.5% CPU
Optimizing NNI: done in 1.23362 secs using 396.7% CPU
Optimizing NNI: done in 0.85764 secs using 397.6% CPU
Optimizing NNI: done in 1.31079 secs using 396% CPU
Optimizing NNI: done in 0.932691 secs using 380.2% CPU
Optimizing NNI: done in 1.31897 secs using 396% CPU
Optimizing NNI: done in 0.82284 secs using 398.9% CPU
Optimizing NNI: done in 0.656678 secs using 397.2% CPU
Optimizing NNI: done in 0.672182 secs using 398.1% CPU
Optimizing NNI: done in 0.819064 secs using 395.9% CPU
Iteration 50 / LogL: -4832.742 / Time: 0h:1m:6s (0h:1m:45s left)
Optimizing NNI: done in 0.968408 secs using 381.2% CPU
Optimizing NNI: done in 1.10302 secs using 396.3% CPU
Optimizing NNI: done in 0.794632 secs using 396.5% CPU
Optimizing NNI: done in 1.15922 secs using 396.1% CPU
Optimizing NNI: done in 0.986145 secs using 396.5% CPU
Optimizing NNI: done in 1.30705 secs using 382.8% CPU
Estimate model parameters (epsilon = 0.100)
BETTER TREE FOUND at iteration 56: -4816.538
Optimizing NNI: done in 0.831955 secs using 397.1% CPU
Optimizing NNI: done in 1.01842 secs using 396.9% CPU
Optimizing NNI: done in 0.770674 secs using 397.4% CPU
Optimizing NNI: done in 0.726997 secs using 396% CPU
Iteration 60 / LogL: -4820.800 / Time: 0h:1m:17s (0h:2m:5s left)
Optimizing NNI: done in 1.03011 secs using 383.3% CPU
Optimizing NNI: done in 0.870589 secs using 396.4% CPU
Optimizing NNI: done in 1.02459 secs using 395.1% CPU
Optimizing NNI: done in 0.947586 secs using 395.9% CPU
Optimizing NNI: done in 0.80442 secs using 396.4% CPU
Optimizing NNI: done in 0.688985 secs using 396.1% CPU
Optimizing NNI: done in 1.09322 secs using 382.3% CPU
Optimizing NNI: done in 0.851042 secs using 396.6% CPU
Optimizing NNI: done in 1.04332 secs using 394.1% CPU
Optimizing NNI: done in 0.921328 secs using 393.1% CPU
Iteration 70 / LogL: -4824.928 / Time: 0h:1m:27s (0h:1m:48s left)
Optimizing NNI: done in 0.897233 secs using 395.1% CPU
Optimizing NNI: done in 0.834067 secs using 395.9% CPU
Optimizing NNI: done in 1.07368 secs using 380.1% CPU
Optimizing NNI: done in 0.922784 secs using 392.2% CPU
Optimizing NNI: done in 1.05661 secs using 393.4% CPU
Optimizing NNI: done in 1.11566 secs using 394.4% CPU
Optimizing NNI: done in 0.937128 secs using 397.1% CPU
Optimizing NNI: done in 1.1021 secs using 380.7% CPU
Optimizing NNI: done in 0.902867 secs using 398.1% CPU
Optimizing NNI: done in 0.999386 secs using 395.4% CPU
Iteration 80 / LogL: -4820.753 / Time: 0h:1m:37s (0h:1m:33s left)
Optimizing NNI: done in 0.837361 secs using 392.3% CPU
Optimizing NNI: done in 0.901955 secs using 396.3% CPU
Optimizing NNI: done in 0.844929 secs using 395.7% CPU
Optimizing NNI: done in 1.34554 secs using 387.4% CPU
Optimizing NNI: done in 1.05649 secs using 394.6% CPU
Optimizing NNI: done in 0.98002 secs using 395.9% CPU
Optimizing NNI: done in 0.614492 secs using 394.2% CPU
Optimizing NNI: done in 0.939382 secs using 395.9% CPU
Optimizing NNI: done in 0.99309 secs using 379.1% CPU
Optimizing NNI: done in 0.955322 secs using 396% CPU
Iteration 90 / LogL: -4825.720 / Time: 0h:1m:47s (0h:1m:19s left)
Optimizing NNI: done in 1.04106 secs using 395.8% CPU
Optimizing NNI: done in 1.0291 secs using 393.9% CPU
Optimizing NNI: done in 0.998809 secs using 396% CPU
Optimizing NNI: done in 1.09395 secs using 380.7% CPU
Optimizing NNI: done in 0.924268 secs using 397.7% CPU
Optimizing NNI: done in 1.02064 secs using 395.5% CPU
Optimizing NNI: done in 0.810902 secs using 396.5% CPU
Optimizing NNI: done in 0.900626 secs using 395.8% CPU
Optimizing NNI: done in 0.835552 secs using 396.8% CPU
Optimizing NNI: done in 1.01311 secs using 379.2% CPU
Iteration 100 / LogL: -4820.735 / Time: 0h:1m:57s (0h:1m:6s left)
Optimizing NNI: done in 0.907452 secs using 394.9% CPU
Optimizing NNI: done in 0.910072 secs using 397.1% CPU
Optimizing NNI: done in 0.830237 secs using 395.8% CPU
Optimizing NNI: done in 0.796406 secs using 394.3% CPU
Optimizing NNI: done in 1.01896 secs using 388.1% CPU
Optimizing NNI: done in 1.287 secs using 395.2% CPU
Optimizing NNI: done in 1.03812 secs using 394.8% CPU
Optimizing NNI: done in 0.896195 secs using 395.9% CPU
Optimizing NNI: done in 0.938129 secs using 394.6% CPU
Optimizing NNI: done in 1.21176 secs using 382.8% CPU
Iteration 110 / LogL: -4832.654 / Time: 0h:2m:7s (0h:0m:53s left)
Optimizing NNI: done in 1.05048 secs using 395.5% CPU
Optimizing NNI: done in 0.965224 secs using 396.3% CPU
Optimizing NNI: done in 1.13959 secs using 394.1% CPU
Optimizing NNI: done in 0.709085 secs using 397.3% CPU
Optimizing NNI: done in 0.99627 secs using 380.3% CPU
Optimizing NNI: done in 1.15374 secs using 394.7% CPU
Optimizing NNI: done in 0.7689 secs using 393.9% CPU
Optimizing NNI: done in 1.04742 secs using 394.8% CPU
Optimizing NNI: done in 0.905254 secs using 395.2% CPU
Optimizing NNI: done in 1.02004 secs using 386.3% CPU
Iteration 120 / LogL: -4831.666 / Time: 0h:2m:18s (0h:0m:41s left)
Optimizing NNI: done in 0.824726 secs using 395.8% CPU
Optimizing NNI: done in 0.686093 secs using 396.7% CPU
Optimizing NNI: done in 0.98419 secs using 397.5% CPU
Optimizing NNI: done in 0.808277 secs using 394.5% CPU
Optimizing NNI: done in 1.16617 secs using 394.3% CPU
Optimizing NNI: done in 1.29453 secs using 383.4% CPU
Optimizing NNI: done in 1.04116 secs using 395.4% CPU
Optimizing NNI: done in 1.16126 secs using 394.8% CPU
Optimizing NNI: done in 0.93562 secs using 394.1% CPU
Optimizing NNI: done in 1.07009 secs using 394.2% CPU
Iteration 130 / LogL: -4833.372 / Time: 0h:2m:28s (0h:0m:29s left)
Optimizing NNI: done in 0.844517 secs using 376.2% CPU
Optimizing NNI: done in 0.918902 secs using 397.7% CPU
Optimizing NNI: done in 1.29196 secs using 396.6% CPU
Optimizing NNI: done in 1.03615 secs using 397.6% CPU
Optimizing NNI: done in 0.851878 secs using 394.9% CPU
Optimizing NNI: done in 0.97227 secs using 380.5% CPU
Optimizing NNI: done in 0.801694 secs using 396.4% CPU
Optimizing NNI: done in 0.990538 secs using 397.2% CPU
Optimizing NNI: done in 1.15208 secs using 397.2% CPU
Optimizing NNI: done in 1.033 secs using 394.3% CPU
Iteration 140 / LogL: -4824.146 / Time: 0h:2m:39s (0h:0m:18s left)
Optimizing NNI: done in 0.921807 secs using 383.1% CPU
Optimizing NNI: done in 0.945508 secs using 393.6% CPU
Optimizing NNI: done in 0.758714 secs using 395.8% CPU
Optimizing NNI: done in 1.09598 secs using 394.5% CPU
Optimizing NNI: done in 0.99724 secs using 394% CPU
Optimizing NNI: done in 0.948081 secs using 395.3% CPU
Optimizing NNI: done in 1.23532 secs using 384.8% CPU
Optimizing NNI: done in 0.94495 secs using 393.8% CPU
Optimizing NNI: done in 0.867678 secs using 396.9% CPU
Optimizing NNI: done in 0.955871 secs using 392.5% CPU
Estimate model parameters (epsilon = 0.100)
BETTER TREE FOUND at iteration 150: -4815.320
Iteration 150 / LogL: -4815.320 / Time: 0h:2m:49s (0h:1m:53s left)
Optimizing NNI: done in 1.09168 secs using 385% CPU
Optimizing NNI: done in 1.0734 secs using 397.4% CPU
Optimizing NNI: done in 1.07181 secs using 391.4% CPU
Optimizing NNI: done in 1.29365 secs using 395.3% CPU
Optimizing NNI: done in 0.829473 secs using 396.1% CPU
Optimizing NNI: done in 1.0085 secs using 379.5% CPU
Optimizing NNI: done in 0.778075 secs using 395.6% CPU
Optimizing NNI: done in 0.806911 secs using 392.5% CPU
Optimizing NNI: done in 0.840703 secs using 395.9% CPU
Optimizing NNI: done in 1.19921 secs using 394.9% CPU
Iteration 160 / LogL: -4828.787 / Time: 0h:3m:0s (0h:1m:42s left)
Optimizing NNI: done in 0.831251 secs using 397.4% CPU
Optimizing NNI: done in 1.17562 secs using 379.2% CPU
Optimizing NNI: done in 0.811293 secs using 395.3% CPU
Optimizing NNI: done in 1.06247 secs using 394% CPU
Optimizing NNI: done in 1.06793 secs using 393.6% CPU
Optimizing NNI: done in 0.750476 secs using 396.3% CPU
Optimizing NNI: done in 0.922002 secs using 382.4% CPU
Optimizing NNI: done in 0.881999 secs using 395.2% CPU
Optimizing NNI: done in 1.04491 secs using 395.1% CPU
Optimizing NNI: done in 0.80233 secs using 395.6% CPU
Iteration 170 / LogL: -4817.296 / Time: 0h:3m:10s (0h:1m:30s left)
Optimizing NNI: done in 1.12503 secs using 397.2% CPU
Optimizing NNI: done in 1.08238 secs using 387.2% CPU
Optimizing NNI: done in 0.770522 secs using 396.4% CPU
Optimizing NNI: done in 0.891406 secs using 396.1% CPU
Optimizing NNI: done in 1.04072 secs using 396.3% CPU
Optimizing NNI: done in 0.777816 secs using 396.2% CPU
Optimizing NNI: done in 1.17224 secs using 395.5% CPU
Optimizing NNI: done in 1.28131 secs using 383.5% CPU
Optimizing NNI: done in 1.03184 secs using 397.3% CPU
Optimizing NNI: done in 1.1837 secs using 396.3% CPU
Iteration 180 / LogL: -4819.693 / Time: 0h:3m:21s (0h:1m:18s left)
Optimizing NNI: done in 0.714291 secs using 398.5% CPU
Optimizing NNI: done in 0.966747 secs using 396.3% CPU
Optimizing NNI: done in 1.03061 secs using 380.3% CPU
Optimizing NNI: done in 1.12072 secs using 395.9% CPU
Optimizing NNI: done in 0.842918 secs using 393.7% CPU
Optimizing NNI: done in 1.07837 secs using 396.7% CPU
Optimizing NNI: done in 0.897677 secs using 395% CPU
Optimizing NNI: done in 1.10303 secs using 380.6% CPU
Optimizing NNI: done in 0.904343 secs using 397.2% CPU
Optimizing NNI: done in 0.959628 secs using 396.4% CPU
Iteration 190 / LogL: -4831.530 / Time: 0h:3m:31s (0h:1m:7s left)
Optimizing NNI: done in 1.13356 secs using 397.5% CPU
Optimizing NNI: done in 0.861526 secs using 399% CPU
Optimizing NNI: done in 1.35178 secs using 386.4% CPU
Optimizing NNI: done in 0.690086 secs using 396.2% CPU
Optimizing NNI: done in 0.801397 secs using 395% CPU
Optimizing NNI: done in 0.778885 secs using 397.3% CPU
Optimizing NNI: done in 0.845635 secs using 398% CPU
Optimizing NNI: done in 1.27071 secs using 397.1% CPU
Optimizing NNI: done in 1.20227 secs using 381.9% CPU
Optimizing NNI: done in 0.785198 secs using 395.5% CPU
Iteration 200 / LogL: -4818.949 / Time: 0h:3m:41s (0h:0m:55s left)
Optimizing NNI: done in 0.981518 secs using 395.9% CPU
Optimizing NNI: done in 0.704285 secs using 396.5% CPU
Optimizing NNI: done in 0.928903 secs using 396.3% CPU
Optimizing NNI: done in 1.10876 secs using 382.6% CPU
Optimizing NNI: done in 1.31216 secs using 394.8% CPU
Optimizing NNI: done in 0.805188 secs using 396.6% CPU
Optimizing NNI: done in 0.994406 secs using 395.7% CPU
Optimizing NNI: done in 0.780152 secs using 397.4% CPU
Optimizing NNI: done in 0.781348 secs using 392.8% CPU
Optimizing NNI: done in 1.04591 secs using 378.1% CPU
Iteration 210 / LogL: -4828.030 / Time: 0h:3m:51s (0h:0m:44s left)
Optimizing NNI: done in 0.69261 secs using 395.7% CPU
Optimizing NNI: done in 0.787544 secs using 397.1% CPU
Optimizing NNI: done in 0.841477 secs using 397.1% CPU
Optimizing NNI: done in 0.854923 secs using 392.4% CPU
Optimizing NNI: done in 0.833171 secs using 394.3% CPU
Optimizing NNI: done in 1.10382 secs using 379.7% CPU
Optimizing NNI: done in 0.761285 secs using 396.9% CPU
Optimizing NNI: done in 0.822245 secs using 394.8% CPU
Optimizing NNI: done in 1.05381 secs using 394.9% CPU
Optimizing NNI: done in 0.83881 secs using 395.1% CPU
Iteration 220 / LogL: -4847.758 / Time: 0h:4m:0s (0h:0m:32s left)
Optimizing NNI: done in 0.86232 secs using 396.4% CPU
Optimizing NNI: done in 1.196 secs using 383.5% CPU
Optimizing NNI: done in 0.890413 secs using 396% CPU
Optimizing NNI: done in 0.923549 secs using 394.5% CPU
Optimizing NNI: done in 0.817362 secs using 395.6% CPU
Optimizing NNI: done in 1.07534 secs using 397.6% CPU
Optimizing NNI: done in 1.07837 secs using 379.7% CPU
Optimizing NNI: done in 0.900842 secs using 396.6% CPU
Optimizing NNI: done in 0.838659 secs using 395.7% CPU
Optimizing NNI: done in 1.06126 secs using 396.2% CPU
Iteration 230 / LogL: -4825.100 / Time: 0h:4m:10s (0h:0m:21s left)
Optimizing NNI: done in 0.823344 secs using 394.9% CPU
Optimizing NNI: done in 0.79059 secs using 393.9% CPU
Optimizing NNI: done in 0.968004 secs using 380.4% CPU
Optimizing NNI: done in 0.947415 secs using 395.5% CPU
Estimate model parameters (epsilon = 0.100)
BETTER TREE FOUND at iteration 234: -4815.191
Optimizing NNI: done in 0.790113 secs using 396.1% CPU
Optimizing NNI: done in 1.06621 secs using 397.1% CPU
Optimizing NNI: done in 0.682841 secs using 397% CPU
Optimizing NNI: done in 1.22116 secs using 381% CPU
Optimizing NNI: done in 0.685781 secs using 392.2% CPU
Optimizing NNI: done in 0.992513 secs using 395% CPU
Iteration 240 / LogL: -4824.271 / Time: 0h:4m:20s (0h:1m:42s left)
Optimizing NNI: done in 0.954719 secs using 395.4% CPU
Optimizing NNI: done in 0.831413 secs using 396.4% CPU
Optimizing NNI: done in 0.789516 secs using 395.9% CPU
Optimizing NNI: done in 1.0109 secs using 381.8% CPU
Optimizing NNI: done in 0.821166 secs using 397.6% CPU
Optimizing NNI: done in 0.674238 secs using 395.4% CPU
Optimizing NNI: done in 0.937589 secs using 396.5% CPU
Optimizing NNI: done in 1.10642 secs using 396.4% CPU
Optimizing NNI: done in 1.23042 secs using 386.4% CPU
Optimizing NNI: done in 1.07961 secs using 396% CPU
Iteration 250 / LogL: -4847.583 / Time: 0h:4m:30s (0h:1m:31s left)
Optimizing NNI: done in 1.12003 secs using 396.1% CPU
Estimate model parameters (epsilon = 0.100)
BETTER TREE FOUND at iteration 251: -4810.557
Optimizing NNI: done in 0.928598 secs using 394.2% CPU
Optimizing NNI: done in 0.913677 secs using 396.4% CPU
Optimizing NNI: done in 0.9763 secs using 379.6% CPU
Optimizing NNI: done in 0.840734 secs using 396.9% CPU
Optimizing NNI: done in 0.964141 secs using 393.3% CPU
Optimizing NNI: done in 1.03762 secs using 397.6% CPU
Optimizing NNI: done in 0.833119 secs using 398.2% CPU
Optimizing NNI: done in 1.17763 secs using 381.5% CPU
Optimizing NNI: done in 0.976472 secs using 394.5% CPU
Iteration 260 / LogL: -4825.023 / Time: 0h:4m:41s (0h:1m:38s left)
Optimizing NNI: done in 1.13949 secs using 397.7% CPU
Optimizing NNI: done in 0.694219 secs using 392.7% CPU
Optimizing NNI: done in 0.857376 secs using 397.2% CPU
Optimizing NNI: done in 0.773274 secs using 395.9% CPU
Optimizing NNI: done in 0.977136 secs using 380.4% CPU
Optimizing NNI: done in 0.821007 secs using 393.8% CPU
Optimizing NNI: done in 0.903888 secs using 393.8% CPU
Optimizing NNI: done in 0.987921 secs using 394.8% CPU
Optimizing NNI: done in 0.764715 secs using 396.1% CPU
Optimizing NNI: done in 0.914911 secs using 395.1% CPU
Iteration 270 / LogL: -4815.847 / Time: 0h:4m:50s (0h:1m:27s left)
Optimizing NNI: done in 0.987314 secs using 378.5% CPU
Optimizing NNI: done in 0.819773 secs using 397.6% CPU
Optimizing NNI: done in 1.1549 secs using 395.1% CPU
Optimizing NNI: done in 0.799976 secs using 395.5% CPU
Optimizing NNI: done in 1.09125 secs using 396.9% CPU
Optimizing NNI: done in 1.10262 secs using 383.2% CPU
Optimizing NNI: done in 0.959086 secs using 395.7% CPU
Optimizing NNI: done in 0.89004 secs using 395.2% CPU
Optimizing NNI: done in 0.968128 secs using 396.2% CPU
Optimizing NNI: done in 0.807687 secs using 396.7% CPU
Iteration 280 / LogL: -4822.019 / Time: 0h:5m:1s (0h:1m:16s left)
Optimizing NNI: done in 0.711172 secs using 396.4% CPU
Optimizing NNI: done in 1.04717 secs using 382.2% CPU
Optimizing NNI: done in 0.830452 secs using 394.3% CPU
Optimizing NNI: done in 0.811954 secs using 396.1% CPU
Optimizing NNI: done in 0.853813 secs using 395.6% CPU
Optimizing NNI: done in 0.795729 secs using 396.6% CPU
Optimizing NNI: done in 0.974092 secs using 396.5% CPU
Optimizing NNI: done in 1.03942 secs using 380.4% CPU
Optimizing NNI: done in 1.01107 secs using 395.9% CPU
Optimizing NNI: done in 0.910173 secs using 398.8% CPU
Iteration 290 / LogL: -4814.136 / Time: 0h:5m:10s (0h:1m:5s left)
Optimizing NNI: done in 0.695006 secs using 395.8% CPU
Optimizing NNI: done in 0.80492 secs using 399.6% CPU
Optimizing NNI: done in 0.831921 secs using 393.8% CPU
Optimizing NNI: done in 1.07433 secs using 381.1% CPU
Optimizing NNI: done in 0.910696 secs using 395.6% CPU
Optimizing NNI: done in 1.08244 secs using 397.8% CPU
Optimizing NNI: done in 0.812267 secs using 394% CPU
Optimizing NNI: done in 1.06331 secs using 396.1% CPU
Optimizing NNI: done in 0.952451 secs using 379.4% CPU
Optimizing NNI: done in 0.944711 secs using 397.7% CPU
Iteration 300 / LogL: -4815.267 / Time: 0h:5m:20s (0h:0m:54s left)
Optimizing NNI: done in 0.99541 secs using 394.1% CPU
Optimizing NNI: done in 0.697288 secs using 396.6% CPU
Optimizing NNI: done in 0.969655 secs using 397.4% CPU
Optimizing NNI: done in 0.66949 secs using 398.1% CPU
Optimizing NNI: done in 1.23441 secs using 381.2% CPU
Estimate model parameters (epsilon = 0.100)
BETTER TREE FOUND at iteration 305: -4809.991
Optimizing NNI: done in 0.839944 secs using 397.1% CPU
Optimizing NNI: done in 1.0336 secs using 397.6% CPU
Optimizing NNI: done in 1.21334 secs using 396.4% CPU
Optimizing NNI: done in 0.878804 secs using 395.4% CPU
Optimizing NNI: done in 1.05331 secs using 393.2% CPU
Iteration 310 / LogL: -4825.791 / Time: 0h:5m:30s (0h:1m:41s left)
Optimizing NNI: done in 0.776771 secs using 394.5% CPU
Optimizing NNI: done in 0.810304 secs using 394.7% CPU
Optimizing NNI: done in 0.915825 secs using 394.4% CPU
Optimizing NNI: done in 0.886868 secs using 395.4% CPU
Optimizing NNI: done in 0.899421 secs using 384.7% CPU
Optimizing NNI: done in 0.851625 secs using 395.4% CPU
Optimizing NNI: done in 1.06257 secs using 393.6% CPU
Optimizing NNI: done in 0.699646 secs using 395% CPU
Optimizing NNI: done in 0.943818 secs using 395% CPU
Optimizing NNI: done in 0.925915 secs using 395.5% CPU
Iteration 320 / LogL: -4816.947 / Time: 0h:5m:40s (0h:1m:30s left)
Optimizing NNI: done in 0.910195 secs using 377.5% CPU
Optimizing NNI: done in 0.717048 secs using 395.1% CPU
Optimizing NNI: done in 0.688705 secs using 395% CPU
Optimizing NNI: done in 1.20471 secs using 397.2% CPU
Optimizing NNI: done in 0.814456 secs using 399.1% CPU
Optimizing NNI: done in 1.02406 secs using 396.1% CPU
Optimizing NNI: done in 1.11547 secs using 381.4% CPU
Optimizing NNI: done in 0.697118 secs using 398.4% CPU
Optimizing NNI: done in 0.89974 secs using 394.7% CPU
Optimizing NNI: done in 0.781209 secs using 397.5% CPU
Iteration 330 / LogL: -4821.717 / Time: 0h:5m:49s (0h:1m:19s left)
Optimizing NNI: done in 1.09029 secs using 397.5% CPU
Optimizing NNI: done in 0.855298 secs using 399.8% CPU
Optimizing NNI: done in 1.00663 secs using 387.6% CPU
Optimizing NNI: done in 1.16542 secs using 398.3% CPU
Optimizing NNI: done in 1.55295 secs using 395.7% CPU
Optimizing NNI: done in 0.976017 secs using 396.3% CPU
Optimizing NNI: done in 1.29804 secs using 383.6% CPU
Optimizing NNI: done in 0.787224 secs using 396.2% CPU
Optimizing NNI: done in 1.00544 secs using 395.2% CPU
Optimizing NNI: done in 1.02458 secs using 395.9% CPU
Iteration 340 / LogL: -4816.854 / Time: 0h:6m:0s (0h:1m:9s left)
Optimizing NNI: done in 0.893072 secs using 393.8% CPU
Optimizing NNI: done in 0.876299 secs using 386.3% CPU
Optimizing NNI: done in 1.13614 secs using 396.1% CPU
Optimizing NNI: done in 0.825456 secs using 395.1% CPU
Optimizing NNI: done in 0.881951 secs using 393% CPU
Optimizing NNI: done in 0.824684 secs using 397.3% CPU
Optimizing NNI: done in 0.832654 secs using 394% CPU
Optimizing NNI: done in 1.12784 secs using 380.3% CPU
Optimizing NNI: done in 0.821543 secs using 394.6% CPU
Optimizing NNI: done in 0.88058 secs using 395.7% CPU
Iteration 350 / LogL: -4810.257 / Time: 0h:6m:10s (0h:0m:58s left)
Optimizing NNI: done in 0.682759 secs using 395.9% CPU
Optimizing NNI: done in 0.812247 secs using 396.5% CPU
Optimizing NNI: done in 0.933059 secs using 397.1% CPU
Optimizing NNI: done in 1.27404 secs using 382% CPU
Optimizing NNI: done in 0.983403 secs using 396.5% CPU
Optimizing NNI: done in 0.555107 secs using 396.9% CPU
Optimizing NNI: done in 1.10738 secs using 395.5% CPU
Optimizing NNI: done in 0.910804 secs using 395.1% CPU
Optimizing NNI: done in 1.11826 secs using 383% CPU
Optimizing NNI: done in 0.831087 secs using 395% CPU
Iteration 360 / LogL: -4824.880 / Time: 0h:6m:20s (0h:0m:47s left)
Optimizing NNI: done in 0.857825 secs using 396.5% CPU
Optimizing NNI: done in 1.03885 secs using 396.1% CPU
Optimizing NNI: done in 0.810426 secs using 393.7% CPU
Optimizing NNI: done in 0.909922 secs using 395.4% CPU
Optimizing NNI: done in 1.10133 secs using 381.9% CPU
Optimizing NNI: done in 0.963836 secs using 396.3% CPU
Optimizing NNI: done in 0.823415 secs using 395.3% CPU
Optimizing NNI: done in 0.959557 secs using 394.7% CPU
Optimizing NNI: done in 0.815857 secs using 393.7% CPU
Optimizing NNI: done in 0.889466 secs using 397.7% CPU
Iteration 370 / LogL: -4814.147 / Time: 0h:6m:29s (0h:0m:36s left)
Optimizing NNI: done in 1.13765 secs using 387% CPU
Optimizing NNI: done in 0.805962 secs using 397.8% CPU
Optimizing NNI: done in 0.808371 secs using 398.4% CPU
Optimizing NNI: done in 1.02284 secs using 394.5% CPU
Optimizing NNI: done in 0.803493 secs using 395.7% CPU
Optimizing NNI: done in 0.914791 secs using 384% CPU
Optimizing NNI: done in 0.68363 secs using 393.7% CPU
Optimizing NNI: done in 0.836673 secs using 394.5% CPU
Optimizing NNI: done in 0.803448 secs using 397.2% CPU
Optimizing NNI: done in 0.814458 secs using 394.6% CPU
Iteration 380 / LogL: -4829.302 / Time: 0h:6m:38s (0h:0m:26s left)
Optimizing NNI: done in 1.13511 secs using 394.6% CPU
Optimizing NNI: done in 0.944049 secs using 379.7% CPU
Optimizing NNI: done in 0.823792 secs using 397.2% CPU
Optimizing NNI: done in 0.755759 secs using 395.3% CPU
Optimizing NNI: done in 0.937738 secs using 396.9% CPU
Optimizing NNI: done in 1.17689 secs using 397.4% CPU
Optimizing NNI: done in 0.818043 secs using 392.4% CPU
Optimizing NNI: done in 1.13727 secs using 380.7% CPU
Optimizing NNI: done in 0.759658 secs using 394.3% CPU
Optimizing NNI: done in 0.947854 secs using 395.4% CPU
Iteration 390 / LogL: -4836.235 / Time: 0h:6m:48s (0h:0m:15s left)
Optimizing NNI: done in 0.79104 secs using 395.3% CPU
Optimizing NNI: done in 0.831008 secs using 397.9% CPU
Optimizing NNI: done in 0.834872 secs using 395.6% CPU
Optimizing NNI: done in 0.964058 secs using 379.8% CPU
Optimizing NNI: done in 1.07231 secs using 395.8% CPU
Optimizing NNI: done in 0.972784 secs using 397.7% CPU
Optimizing NNI: done in 1.03681 secs using 395.5% CPU
Optimizing NNI: done in 1.15343 secs using 396.5% CPU
Optimizing NNI: done in 1.03144 secs using 378.9% CPU
Optimizing NNI: done in 1.11176 secs using 395% CPU
Iteration 400 / LogL: -4814.429 / Time: 0h:6m:59s (0h:0m:5s left)
Optimizing NNI: done in 1.04407 secs using 396.5% CPU
Optimizing NNI: done in 0.901088 secs using 397.4% CPU
Optimizing NNI: done in 0.67221 secs using 391% CPU
Optimizing NNI: done in 0.669256 secs using 397% CPU
Optimizing NNI: done in 0.861505 secs using 375.1% CPU
Optimizing NNI: done in 0.990963 secs using 395.1% CPU
TREE SEARCH COMPLETED AFTER 406 ITERATIONS / Time: 0h:7m:4s

--------------------------------------------------------------------
|                    FINALIZING TREE SEARCH                        |
--------------------------------------------------------------------
Performs final model parameters optimization
Estimate model parameters (epsilon = 0.010)
1. Initial log-likelihood: -4809.991
Optimal log-likelihood: -4809.989
Rate parameters:  A-C: 0.85207  A-G: 1.99406  A-T: 0.47404  C-G: 0.04061  C-T: 2.83470  G-T: 1.00000
Base frequencies:  A: 0.373  C: 0.152  G: 0.272  T: 0.203
Site proportion and rates:  (0.124,0.308) (0.181,0.533) (0.228,0.681) (0.231,0.820) (0.205,1.921) (0.031,4.127)
Parameters optimization took 1 rounds (0.497 sec)
BEST SCORE FOUND : -4809.989
Total tree length: 3.017

Total number of iterations: 406
CPU time used for tree search: 1587.726 sec (0h:26m:27s)
Wall-clock time used for tree search: 420.263 sec (0h:7m:0s)
Total CPU time used: 1603.278 sec (0h:26m:43s)
Total wall-clock time used: 425.166 sec (0h:7m:5s)

Analysis results written to: 
  IQ-TREE report:                IQTREE_bestTree.InWindow_4590_to_4840.iqtree
  Maximum-likelihood tree:       IQTREE_bestTree.InWindow_4590_to_4840.treefile
  Likelihood distances:          IQTREE_bestTree.InWindow_4590_to_4840.mldist
  Screen log file:               IQTREE_bestTree.InWindow_4590_to_4840.log

Date and Time: Sun Jul 23 04:23:34 2023
