IQ-TREE multicore version 2.2.2.7 COVID-edition for Linux 64-bit built Jun  7 2023
Developed by Bui Quang Minh, James Barbetti, Nguyen Lam Tung,
Olga Chernomor, Heiko Schmidt, Dominik Schrempf, Michael Woodhams, Ly Trong Nhan.

Host:    hpc-node03 (AVX2, FMA3, 1007 GB RAM)
Command: iqtree -s AlignedReadsInWindow_PositionsExcised_2700_to_2950.fasta -pre IQTREE_bestTree.InWindow_2700_to_2950 -m GTR+F+R6 -nt 2
Seed:    256010 (Using SPRNG - Scalable Parallel Random Number Generator)
Time:    Tue Jul 25 09:38:09 2023
Kernel:  AVX+FMA - 2 threads (2 CPU cores detected)

Reading alignment file AlignedReadsInWindow_PositionsExcised_2700_to_2950.fasta ... Fasta format detected
Reading fasta file: done in 0.0053138 secs using 62.29% CPU
Alignment most likely contains DNA/RNA sequences
Constructing alignment: done in 0.0021395 secs using 59.97% CPU
Alignment has 936 sequences with 204 columns, 195 distinct patterns
146 parsimony-informative, 31 singleton sites, 27 constant sites
                                                            Gap/Ambiguity  Composition  p-value
Analyzing sequences: done in 0.000349367 secs using 744.5% CPU
   1  200724_20-08518_HIV10-02405_FL24_S14_L000_read_1_count_339   13.73%    passed     99.21%
   2  200724_20-08518_HIV10-02405_FL24_S14_L000_read_2_count_110   13.73%    passed     98.52%
   3  200724_20-08518_HIV10-02405_FL24_S14_L000_read_3_count_49    13.73%    passed     95.05%
   4  200724_20-08518_HIV10-02405_FL24_S14_L000_read_4_count_36    13.73%    passed     98.52%
   5  200724_20-08518_HIV10-02405_FL24_S14_L000_read_5_count_16    13.73%    passed     98.52%
   6  200724_20-08518_HIV10-02405_FL24_S14_L000_read_6_count_15    13.73%    passed     95.05%
   7  200724_20-08518_HIV10-02405_FL24_S14_L000_read_7_count_14    13.73%    passed     96.05%
   8  200724_20-08518_HIV10-02405_FL24_S14_L000_read_8_count_10    13.73%    passed     98.79%
   9  200724_20-08518_HIV10-02405_FL24_S14_L000_read_9_count_8     13.73%    passed     98.79%
  10  200724_20-08518_HIV10-02405_FL24_S14_L000_read_10_count_7    13.73%    passed     96.51%
  11  200724_20-08518_HIV10-02405_FL24_S14_L000_read_11_count_7    13.73%    passed     99.95%
  12  200724_20-08518_HIV10-02405_FL24_S14_L000_read_12_count_7    13.73%    passed     96.25%
  13  200724_20-08518_HIV10-02405_FL24_S14_L000_read_13_count_7    13.73%    passed     98.79%
  14  200724_20-08518_HIV10-02405_FL24_S14_L000_read_14_count_6    13.73%    passed     96.96%
  15  200724_20-08518_HIV10-02405_FL24_S14_L000_read_15_count_5    13.73%    passed     98.52%
  16  200724_20-08518_HIV10-02405_FL24_S14_L000_read_16_count_5    13.73%    passed     99.21%
  17  200724_20-08518_HIV10-02405_FL24_S14_L000_read_17_count_5    13.73%    passed     96.25%
  18  200724_20-08518_HIV10-02405_FL24_S14_L000_read_18_count_5    13.73%    passed     92.20%
  19  200724_20-08518_HIV10-02405_FL24_S14_L000_read_19_count_5    13.73%    passed     98.79%
  20  200724_20-08518_HIV10-02405_FL24_S14_L000_read_20_count_4    13.73%    passed     96.51%
  21  200724_20-08518_HIV10-02405_FL24_S14_L000_read_21_count_4    13.73%    passed     98.52%
  22  200724_20-08518_HIV10-02405_FL24_S14_L000_read_22_count_4    13.73%    passed     98.52%
  23  200724_20-08518_HIV10-02405_FL24_S14_L000_read_23_count_4    13.73%    passed     97.88%
  24  200724_20-08518_HIV10-02405_FL24_S14_L000_read_24_count_4    13.73%    passed     97.88%
  25  200724_20-08518_HIV10-02405_FL24_S14_L000_read_25_count_4    13.73%    passed     96.25%
  26  200724_20-08518_HIV10-02405_FL24_S14_L000_read_26_count_3    13.24%    passed     98.99%
  27  200724_20-08518_HIV10-02405_FL24_S14_L000_read_27_count_3    13.73%    passed     99.55%
  28  200724_20-08518_HIV10-02405_FL24_S14_L000_read_28_count_3    13.73%    passed     96.05%
  29  200724_20-08518_HIV10-02405_FL24_S14_L000_read_29_count_3    13.73%    passed     99.55%
  30  200724_20-08518_HIV10-02405_FL24_S14_L000_read_30_count_3    13.73%    passed     97.70%
  31  200724_20-08518_HIV10-02405_FL24_S14_L000_read_31_count_3    13.73%    passed     96.05%
  32  200724_20-08518_HIV10-02405_FL24_S14_L000_read_32_count_3    13.73%    passed     99.95%
  33  200724_20-08518_HIV10-02405_FL24_S14_L000_read_33_count_3    13.73%    passed     99.95%
  34  200724_20-08518_HIV10-02405_FL24_S14_L000_read_34_count_3    13.73%    passed     98.52%
  35  200724_20-08518_HIV10-02405_FL24_S14_L000_read_35_count_3    13.73%    passed     97.88%
  36  200724_20-08518_HIV10-02405_FL24_S14_L000_read_36_count_3    13.73%    passed     98.79%
  37  200724_20-08518_HIV10-02405_FL24_S14_L000_read_37_count_3    13.73%    passed     98.52%
  38  200724_20-08518_HIV10-02405_FL24_S14_L000_read_38_count_3    13.73%    passed     97.81%
  39  200724_20-08518_HIV10-02405_FL24_S14_L000_read_39_count_2    13.73%    passed     99.21%
  40  200724_20-08518_HIV10-02405_FL24_S14_L000_read_40_count_2    13.73%    passed     98.52%
  41  200724_20-08518_HIV10-02405_FL24_S14_L000_read_41_count_2    13.73%    passed     98.52%
  42  200724_20-08518_HIV10-02405_FL24_S14_L000_read_42_count_2    13.24%    passed     98.99%
  43  200724_20-08518_HIV10-02405_FL24_S14_L000_read_43_count_2    13.73%    passed     91.73%
  44  200724_20-08518_HIV10-02405_FL24_S14_L000_read_44_count_2    13.73%    passed     96.05%
  45  200724_20-08518_HIV10-02405_FL24_S14_L000_read_45_count_2    13.73%    passed     97.88%
  46  200724_20-08518_HIV10-02405_FL24_S14_L000_read_46_count_2    13.73%    passed     96.05%
  47  200724_20-08518_HIV10-02405_FL24_S14_L000_read_47_count_2    13.73%    passed     99.21%
  48  200724_20-08518_HIV10-02405_FL24_S14_L000_read_48_count_2    13.73%    passed     99.21%
  49  200724_20-08518_HIV10-02405_FL24_S14_L000_read_49_count_2    14.22%    passed     99.17%
  50  200724_20-08518_HIV10-02405_FL24_S14_L000_read_50_count_2    13.73%    passed     92.20%
  51  200724_20-08518_HIV10-02405_FL24_S14_L000_read_51_count_2    13.73%    passed     98.79%
  52  200724_20-08518_HIV10-02405_FL24_S14_L000_read_52_count_2    13.73%    passed     99.55%
  53  200724_20-08518_HIV10-02405_FL24_S14_L000_read_53_count_2    13.73%    passed     97.81%
  54  200724_20-08518_HIV10-02405_FL24_S14_L000_read_54_count_2    13.73%    passed     97.70%
  55  200724_20-08518_HIV10-02405_FL24_S14_L000_read_55_count_2    13.73%    passed     96.96%
  56  200724_20-08518_HIV10-02405_FL24_S14_L000_read_56_count_2    13.73%    passed     96.82%
  57  200724_20-08518_HIV10-02405_FL24_S14_L000_read_57_count_2    13.73%    passed     97.88%
  58  200724_20-08518_HIV10-02405_FL24_S14_L000_read_58_count_2    13.73%    passed     96.05%
  59  200724_20-08518_HIV10-02405_FL24_S14_L000_read_59_count_1    13.73%    passed     97.88%
  60  200724_20-08518_HIV10-02405_FL24_S14_L000_read_60_count_1    13.24%    passed     98.99%
  61  200724_20-08518_HIV10-02405_FL24_S14_L000_read_61_count_1    13.73%    passed     96.82%
  62  200724_20-08518_HIV10-02405_FL24_S14_L000_read_62_count_1    13.73%    passed     88.15%
  63  200724_20-08518_HIV10-02405_FL24_S14_L000_read_63_count_1    13.73%    passed     98.52%
  64  200724_20-08518_HIV10-02405_FL24_S14_L000_read_64_count_1    13.73%    passed     96.05%
  65  200724_20-08518_HIV10-02405_FL24_S14_L000_read_65_count_1    13.73%    passed     95.05%
  66  200724_20-08518_HIV10-02405_FL24_S14_L000_read_66_count_1    14.22%    passed     99.17%
  67  200724_20-08518_HIV10-02405_FL24_S14_L000_read_67_count_1    13.73%    passed     99.71%
  68  200724_20-08518_HIV10-02405_FL24_S14_L000_read_68_count_1    13.73%    passed     97.88%
  69  200724_20-08518_HIV10-02405_FL24_S14_L000_read_69_count_1    13.73%    passed     97.24%
  70  200724_20-08518_HIV10-02405_FL24_S14_L000_read_70_count_1    13.24%    passed     98.67%
  71  200724_20-08518_HIV10-02405_FL24_S14_L000_read_71_count_1    13.73%    passed     98.79%
  72  200724_20-08518_HIV10-02405_FL24_S14_L000_read_72_count_1    13.73%    passed     96.25%
  73  200724_20-08518_HIV10-02405_FL24_S14_L000_read_73_count_1    13.73%    passed     94.77%
  74  200724_20-08518_HIV10-02405_FL24_S14_L000_read_74_count_1    13.73%    passed     92.75%
  75  200724_20-08518_HIV10-02405_FL24_S14_L000_read_75_count_1    13.73%    passed     91.75%
  76  200724_20-08518_HIV10-02405_FL24_S14_L000_read_76_count_1    13.73%    passed     95.43%
  77  200724_20-08518_HIV10-02405_FL24_S14_L000_read_77_count_1    13.73%    passed     96.25%
  78  200724_20-08518_HIV10-02405_FL24_S14_L000_read_78_count_1    13.73%    passed     96.25%
  79  200724_20-08518_HIV10-02405_FL24_S14_L000_read_79_count_1    13.73%    passed     96.05%
  80  200724_20-08518_HIV10-02405_FL24_S14_L000_read_80_count_1    13.73%    passed     98.52%
  81  200724_20-08518_HIV10-02405_FL24_S14_L000_read_81_count_1    13.73%    passed     99.75%
  82  200724_20-08518_HIV10-02405_FL24_S14_L000_read_82_count_1    13.73%    passed     84.40%
  83  200724_20-08518_HIV10-02405_FL24_S14_L000_read_83_count_1    13.73%    passed     98.52%
  84  200724_20-08518_HIV10-02405_FL24_S14_L000_read_84_count_1    14.22%    passed     99.17%
  85  200724_20-08518_HIV10-02405_FL24_S14_L000_read_85_count_1    13.73%    passed     91.09%
  86  200724_20-08518_HIV10-02405_FL24_S14_L000_read_86_count_1    13.73%    passed     96.25%
  87  200724_20-08518_HIV10-02405_FL24_S14_L000_read_87_count_1    13.73%    passed     99.23%
  88  200724_20-08518_HIV10-02405_FL24_S14_L000_read_88_count_1    13.73%    passed     99.21%
  89  200724_20-08518_HIV10-02405_FL24_S14_L000_read_89_count_1    13.73%    passed     98.52%
  90  200724_20-08518_HIV10-02405_FL24_S14_L000_read_90_count_1    13.73%    passed     99.95%
  91  200724_20-08518_HIV10-02405_FL24_S14_L000_read_91_count_1    13.73%    passed     99.21%
  92  200724_20-08518_HIV10-02405_FL24_S14_L000_read_92_count_1    13.73%    passed     96.96%
  93  200724_20-08518_HIV10-02405_FL24_S14_L000_read_93_count_1    13.24%    passed     99.84%
  94  200724_20-08518_HIV10-02405_FL24_S14_L000_read_94_count_1    13.73%    passed     96.05%
  95  200724_20-08518_HIV10-02405_FL24_S14_L000_read_95_count_1    13.73%    passed     99.21%
  96  200724_20-08518_HIV10-02405_FL24_S14_L000_read_96_count_1    13.73%    passed     98.86%
  97  200724_20-08518_HIV10-02405_FL24_S14_L000_read_97_count_1    13.73%    passed     98.52%
  98  200724_20-08518_HIV10-02405_FL24_S14_L000_read_98_count_1    13.73%    passed     99.23%
  99  200724_20-08518_HIV10-02405_FL24_S14_L000_read_99_count_1    13.73%    passed     99.21%
 100  200724_20-08518_HIV10-02405_FL24_S14_L000_read_100_count_1   13.73%    passed     99.23%
 101  200724_20-08518_HIV10-02405_FL24_S14_L000_read_101_count_1   13.73%    passed     96.05%
 102  200724_20-08518_HIV10-02405_FL24_S14_L000_read_102_count_1   13.73%    passed     96.15%
 103  200724_20-08518_HIV10-02405_FL24_S14_L000_read_103_count_1   13.73%    passed     98.52%
 104  200724_20-08518_HIV10-02405_FL24_S14_L000_read_104_count_1   13.73%    passed     93.04%
 105  200724_20-08518_HIV10-02405_FL24_S14_L000_read_105_count_1   13.73%    passed     99.21%
 106  200724_20-08518_HIV10-02405_FL24_S14_L000_read_106_count_1   13.73%    passed     98.79%
 107  200724_20-08518_HIV10-02405_FL24_S14_L000_read_107_count_1   13.73%    passed     93.24%
 108  200724_20-08518_HIV10-02405_FL24_S14_L000_read_108_count_1   13.73%    passed     97.88%
 109  200724_20-08518_HIV10-02405_FL24_S14_L000_read_109_count_1   13.73%    passed     92.20%
 110  200724_20-08518_HIV10-02405_FL24_S14_L000_read_110_count_1   13.73%    passed     98.79%
 111  200724_20-08518_HIV10-02405_FL24_S14_L000_read_111_count_1   13.73%    passed     98.79%
 112  200724_20-08518_HIV10-02405_FL24_S14_L000_read_112_count_1   13.73%    passed     99.73%
 113  200724_20-08518_HIV10-02405_FL24_S14_L000_read_113_count_1   13.73%    passed     99.95%
 114  200724_20-08518_HIV10-02405_FL24_S14_L000_read_114_count_1   13.73%    passed     98.86%
 115  200724_20-08518_HIV10-02405_FL24_S14_L000_read_115_count_1   13.73%    passed     98.52%
 116  200724_20-08518_HIV10-02405_FL24_S14_L000_read_116_count_1   13.73%    passed     92.20%
 117  200724_20-08518_HIV10-02405_FL24_S14_L000_read_117_count_1   13.73%    passed     98.79%
 118  200724_20-08518_HIV10-02405_FL24_S14_L000_read_118_count_1   13.73%    passed     99.21%
 119  200724_20-08518_HIV10-02405_FL24_S14_L000_read_119_count_1   13.73%    passed     95.05%
 120  200724_20-08518_HIV10-02405_FL24_S14_L000_read_120_count_1   13.73%    passed     99.55%
 121  200724_20-08518_HIV10-02405_FL24_S14_L000_read_121_count_1   13.24%    passed     98.67%
 122  200724_20-08518_HIV10-02405_FL24_S14_L000_read_122_count_1   13.73%    passed     96.25%
 123  200724_20-08518_HIV10-02405_FL24_S14_L000_read_123_count_1   13.73%    passed     98.79%
 124  200724_20-08518_HIV10-02405_FL24_S14_L000_read_124_count_1   13.73%    passed     96.82%
 125  200724_20-08518_HIV10-02405_FL24_S14_L000_read_125_count_1   13.73%    passed     96.25%
 126  200724_20-08518_HIV10-02405_FL24_S14_L000_read_126_count_1   13.73%    passed     95.43%
 127  200724_20-08518_HIV10-02405_FL24_S14_L000_read_127_count_1   13.73%    passed     91.73%
 128  200724_20-08518_HIV10-02405_FL24_S14_L000_read_128_count_1   13.73%    passed     99.21%
 129  200724_20-08518_HIV10-02405_FL24_S14_L000_read_129_count_1   13.73%    passed     96.82%
 130  200724_20-08518_HIV10-02405_FL24_S14_L000_read_130_count_1   13.73%    passed     99.23%
 131  200724_20-08518_HIV10-02405_FL24_S14_L000_read_131_count_1   13.73%    passed     95.43%
 132  200724_20-08518_HIV10-02405_FL24_S14_L000_read_132_count_1   13.73%    passed     99.55%
 133  200724_20-08518_HIV10-02405_FL24_S14_L000_read_133_count_1   13.73%    passed     96.25%
 134  200724_20-08518_HIV10-02405_FL24_S14_L000_read_134_count_1   13.73%    passed     96.51%
 135  200724_20-08518_HIV10-02405_FL24_S14_L000_read_135_count_1   13.73%    passed     96.96%
 136  200724_20-08518_HIV10-02405_FL24_S14_L000_read_136_count_1   13.73%    passed     99.96%
 137  200724_20-08518_HIV10-02405_FL24_S14_L000_read_137_count_1   13.24%    passed     88.80%
 138  200724_20-08518_HIV10-02405_FL24_S14_L000_read_138_count_1   13.73%    passed     91.73%
 139  200724_20-08518_HIV10-02405_FL24_S14_L000_read_139_count_1   13.73%    passed     93.00%
 140  200724_20-08518_HIV10-02405_FL24_S14_L000_read_140_count_1   13.73%    passed     93.24%
 141  200724_20-08518_HIV10-02405_FL24_S14_L000_read_141_count_1   13.73%    passed     99.71%
 142  200724_20-08518_HIV10-02405_FL24_S14_L000_read_142_count_1   13.73%    passed     98.93%
 143  200724_20-08518_HIV10-02405_FL24_S14_L000_read_143_count_1   13.24%    passed     95.61%
 144  200724_20-08518_HIV10-02405_FL24_S14_L000_read_144_count_1   13.73%    passed     99.95%
 145  200724_20-08518_HIV10-02405_FL24_S14_L000_read_145_count_1   13.73%    passed     98.79%
 146  200724_20-08518_HIV10-02405_FL24_S14_L000_read_146_count_1   13.73%    passed     99.95%
 147  200724_20-08518_HIV10-02405_FL24_S14_L000_read_147_count_1   14.22%    passed     99.22%
 148  200724_20-08518_HIV10-02405_FL24_S14_L000_read_148_count_1   13.73%    passed     99.71%
 149  200724_20-08518_HIV10-02405_FL24_S14_L000_read_149_count_1   13.73%    passed     99.23%
 150  200724_20-08518_HIV10-02405_FL24_S14_L000_read_150_count_1   13.73%    passed     95.05%
 151  200724_20-08518_HIV10-02405_FL24_S14_L000_read_151_count_1   13.73%    passed     99.21%
 152  200724_20-08518_HIV10-02405_FL24_S14_L000_read_152_count_1   13.73%    passed     97.29%
 153  200724_20-08518_HIV10-02405_FL24_S14_L000_read_153_count_1   13.73%    passed     95.05%
 154  200724_20-08518_HIV10-02405_FL24_S14_L000_read_154_count_1   13.73%    passed     97.88%
 155  200724_20-08518_HIV10-02405_FL24_S14_L000_read_155_count_1   13.73%    passed     93.52%
 156  200724_20-08518_HIV10-02405_FL24_S14_L000_read_156_count_1   13.73%    passed     97.24%
 157  200724_20-08518_HIV10-02405_FL24_S14_L000_read_157_count_1   13.73%    passed     97.88%
 158  200724_20-08518_HIV10-02405_FL24_S14_L000_read_158_count_1   14.22%    passed     99.22%
 159  200724_20-08518_HIV10-02405_FL24_S14_L000_read_159_count_1   13.73%    passed     99.55%
 160  200724_20-08518_HIV10-02405_FL24_S14_L000_read_160_count_1   13.73%    passed     98.52%
 161  200724_20-08518_HIV10-02405_FL24_S14_L000_read_161_count_1   13.73%    passed     99.55%
 162  200724_20-08518_HIV10-02405_FL24_S14_L000_read_162_count_1   13.73%    passed     95.05%
 163  200724_20-08518_HIV10-02405_FL24_S14_L000_read_163_count_1   13.73%    passed     95.80%
 164  200724_20-08518_HIV10-02405_FL24_S14_L000_read_164_count_1   13.73%    passed     95.43%
 165  200724_20-08518_HIV10-02405_FL24_S14_L000_read_165_count_1   13.73%    passed     98.79%
 166  200724_20-08518_HIV10-02405_FL24_S14_L000_read_166_count_1   13.73%    passed     99.71%
 167  200724_20-08518_HIV10-02405_FL24_S14_L000_read_167_count_1    8.82%    passed     98.90%
 168  200724_20-08518_HIV10-02405_FL24_S14_L000_read_168_count_1   13.73%    passed     99.73%
 169  200724_20-08518_HIV10-02405_FL24_S14_L000_read_169_count_1   13.73%    passed     98.52%
 170  200724_20-08518_HIV10-02405_FL24_S14_L000_read_170_count_1   13.73%    passed     95.05%
 171  200724_20-08518_HIV10-02405_FL24_S14_L000_read_171_count_1   13.24%    passed     99.83%
 172  200724_20-08518_HIV10-02405_FL24_S14_L000_read_172_count_1   13.73%    passed     88.15%
 173  200724_20-08518_HIV10-02405_FL24_S14_L000_read_173_count_1   13.73%    passed     97.70%
 174  200724_20-08518_HIV10-02405_FL24_S14_L000_read_174_count_1   13.73%    passed     91.45%
 175  200724_20-08518_HIV10-02405_FL24_S14_L000_read_175_count_1   13.73%    passed     96.96%
 176  200724_20-08518_HIV10-02405_FL24_S14_L000_read_176_count_1   13.73%    passed     98.79%
 177  200724_20-08518_HIV10-02405_FL24_S14_L000_read_177_count_1   13.24%    passed     98.05%
 178  200724_20-08518_HIV10-02405_FL24_S14_L000_read_178_count_1   13.73%    passed     95.05%
 179  200724_20-08518_HIV10-02405_FL24_S14_L000_read_179_count_1   13.73%    passed     95.05%
 180  200724_20-08518_HIV10-02405_FL24_S14_L000_read_180_count_1   13.73%    passed     96.51%
 181  200724_20-08518_HIV10-02405_FL24_S14_L000_read_181_count_1   13.73%    passed     99.95%
 182  200724_20-08518_HIV10-02405_FL24_S14_L000_read_182_count_1   13.73%    passed     97.88%
 183  200724_20-08518_HIV10-02405_FL24_S14_L000_read_183_count_1   13.73%    passed     99.73%
 184  200724_20-08518_HIV10-02405_FL24_S14_L000_read_184_count_1   13.73%    passed     89.35%
 185  200709_20-07994_HIV07-01067_FL21_S1_L000_read_1_count_707    13.73%    passed     99.25%
 186  200709_20-07994_HIV07-01067_FL21_S1_L000_read_2_count_180    13.73%    passed     98.09%
 187  200709_20-07994_HIV07-01067_FL21_S1_L000_read_3_count_94     13.73%    passed     96.76%
 188  200709_20-07994_HIV07-01067_FL21_S1_L000_read_4_count_90     13.73%    passed     98.09%
 189  200709_20-07994_HIV07-01067_FL21_S1_L000_read_5_count_63     13.73%    passed     99.96%
 190  200709_20-07994_HIV07-01067_FL21_S1_L000_read_6_count_10     13.73%    passed     98.86%
 191  200709_20-07994_HIV07-01067_FL21_S1_L000_read_7_count_7      13.73%    passed     99.96%
 192  200709_20-07994_HIV07-01067_FL21_S1_L000_read_8_count_5      13.73%    passed     95.17%
 193  200709_20-07994_HIV07-01067_FL21_S1_L000_read_9_count_4      13.73%    passed     99.96%
 194  200709_20-07994_HIV07-01067_FL21_S1_L000_read_10_count_4     14.22%    passed     98.52%
 195  200709_20-07994_HIV07-01067_FL21_S1_L000_read_11_count_4     13.24%    passed     99.66%
 196  200709_20-07994_HIV07-01067_FL21_S1_L000_read_12_count_4     14.22%    passed     99.78%
 197  200709_20-07994_HIV07-01067_FL21_S1_L000_read_13_count_4     13.73%    passed     99.20%
 198  200709_20-07994_HIV07-01067_FL21_S1_L000_read_14_count_3     13.73%    passed     98.09%
 199  200709_20-07994_HIV07-01067_FL21_S1_L000_read_15_count_3     13.24%    passed     99.34%
 200  200709_20-07994_HIV07-01067_FL21_S1_L000_read_16_count_3     13.73%    passed     99.96%
 201  200709_20-07994_HIV07-01067_FL21_S1_L000_read_17_count_3     13.73%    passed     97.74%
 202  200709_20-07994_HIV07-01067_FL21_S1_L000_read_18_count_3     13.73%    passed     96.76%
 203  200709_20-07994_HIV07-01067_FL21_S1_L000_read_19_count_2     13.73%    passed     94.44%
 204  200709_20-07994_HIV07-01067_FL21_S1_L000_read_20_count_2     13.73%    passed     99.55%
 205  200709_20-07994_HIV07-01067_FL21_S1_L000_read_21_count_2     13.73%    passed     95.17%
 206  200709_20-07994_HIV07-01067_FL21_S1_L000_read_22_count_2     13.73%    passed     96.76%
 207  200709_20-07994_HIV07-01067_FL21_S1_L000_read_23_count_2     13.73%    passed     96.76%
 208  200709_20-07994_HIV07-01067_FL21_S1_L000_read_24_count_2     13.24%    passed     98.67%
 209  200709_20-07994_HIV07-01067_FL21_S1_L000_read_25_count_2     12.75%    passed     99.83%
 210  200709_20-07994_HIV07-01067_FL21_S1_L000_read_26_count_2     13.73%    passed     98.86%
 211  200709_20-07994_HIV07-01067_FL21_S1_L000_read_27_count_2     13.73%    passed     99.25%
 212  200709_20-07994_HIV07-01067_FL21_S1_L000_read_28_count_2     13.73%    passed     99.96%
 213  200709_20-07994_HIV07-01067_FL21_S1_L000_read_29_count_2     13.73%    passed     96.76%
 214  200709_20-07994_HIV07-01067_FL21_S1_L000_read_30_count_2     13.73%    passed     99.96%
 215  200709_20-07994_HIV07-01067_FL21_S1_L000_read_31_count_2     13.73%    passed     94.44%
 216  200709_20-07994_HIV07-01067_FL21_S1_L000_read_32_count_2     13.73%    passed     96.76%
 217  200709_20-07994_HIV07-01067_FL21_S1_L000_read_33_count_2     14.22%    passed     99.94%
 218  200709_20-07994_HIV07-01067_FL21_S1_L000_read_34_count_2     13.73%    passed     95.17%
 219  200709_20-07994_HIV07-01067_FL21_S1_L000_read_35_count_2     13.73%    passed     99.96%
 220  200709_20-07994_HIV07-01067_FL21_S1_L000_read_36_count_2     13.73%    passed     99.20%
 221  200709_20-07994_HIV07-01067_FL21_S1_L000_read_37_count_2     13.73%    passed     96.76%
 222  200709_20-07994_HIV07-01067_FL21_S1_L000_read_38_count_2     13.73%    passed     99.96%
 223  200709_20-07994_HIV07-01067_FL21_S1_L000_read_39_count_1     13.73%    passed     99.20%
 224  200709_20-07994_HIV07-01067_FL21_S1_L000_read_40_count_1     13.73%    passed     99.25%
 225  200709_20-07994_HIV07-01067_FL21_S1_L000_read_41_count_1     13.73%    passed     95.28%
 226  200709_20-07994_HIV07-01067_FL21_S1_L000_read_42_count_1     13.73%    passed     96.76%
 227  200709_20-07994_HIV07-01067_FL21_S1_L000_read_43_count_1     13.73%    passed     98.86%
 228  200709_20-07994_HIV07-01067_FL21_S1_L000_read_44_count_1     13.73%    passed     97.74%
 229  200709_20-07994_HIV07-01067_FL21_S1_L000_read_45_count_1     13.73%    passed     91.72%
 230  200709_20-07994_HIV07-01067_FL21_S1_L000_read_46_count_1     13.73%    passed     99.25%
 231  200709_20-07994_HIV07-01067_FL21_S1_L000_read_47_count_1     13.73%    passed     96.76%
 232  200709_20-07994_HIV07-01067_FL21_S1_L000_read_48_count_1     13.73%    passed     95.28%
 233  200709_20-07994_HIV07-01067_FL21_S1_L000_read_49_count_1     13.73%    passed     88.92%
 234  200709_20-07994_HIV07-01067_FL21_S1_L000_read_50_count_1     13.73%    passed     94.56%
 235  200709_20-07994_HIV07-01067_FL21_S1_L000_read_51_count_1     13.73%    passed     99.25%
 236  200709_20-07994_HIV07-01067_FL21_S1_L000_read_52_count_1     13.73%    passed     99.17%
 237  200709_20-07994_HIV07-01067_FL21_S1_L000_read_53_count_1     13.73%    passed     96.19%
 238  200709_20-07994_HIV07-01067_FL21_S1_L000_read_54_count_1     13.73%    passed     99.18%
 239  200709_20-07994_HIV07-01067_FL21_S1_L000_read_55_count_1     13.73%    passed     97.15%
 240  200709_20-07994_HIV07-01067_FL21_S1_L000_read_56_count_1     13.73%    passed     99.18%
 241  200709_20-07994_HIV07-01067_FL21_S1_L000_read_57_count_1     14.22%    passed     99.94%
 242  200709_20-07994_HIV07-01067_FL21_S1_L000_read_58_count_1     13.73%    passed     96.93%
 243  200709_20-07994_HIV07-01067_FL21_S1_L000_read_59_count_1     13.73%    passed     96.76%
 244  200709_20-07994_HIV07-01067_FL21_S1_L000_read_60_count_1     13.73%    passed     99.55%
 245  200709_20-07994_HIV07-01067_FL21_S1_L000_read_61_count_1     13.73%    passed     99.18%
 246  200709_20-07994_HIV07-01067_FL21_S1_L000_read_62_count_1     13.73%    passed     99.25%
 247  200709_20-07994_HIV07-01067_FL21_S1_L000_read_63_count_1     13.73%    passed     98.86%
 248  200709_20-07994_HIV07-01067_FL21_S1_L000_read_64_count_1     13.73%    passed     96.76%
 249  200709_20-07994_HIV07-01067_FL21_S1_L000_read_65_count_1     13.73%    passed     96.76%
 250  200709_20-07994_HIV07-01067_FL21_S1_L000_read_66_count_1     13.73%    passed     99.96%
 251  200709_20-07994_HIV07-01067_FL21_S1_L000_read_67_count_1     13.73%    passed     98.86%
 252  200709_20-07994_HIV07-01067_FL21_S1_L000_read_68_count_1     13.73%    passed     91.72%
 253  200709_20-07994_HIV07-01067_FL21_S1_L000_read_69_count_1     13.73%    passed     99.96%
 254  200709_20-07994_HIV07-01067_FL21_S1_L000_read_70_count_1     13.73%    passed     96.76%
 255  200709_20-07994_HIV07-01067_FL21_S1_L000_read_71_count_1     13.73%    passed     99.25%
 256  200709_20-07994_HIV07-01067_FL21_S1_L000_read_72_count_1     13.73%    passed     96.76%
 257  200709_20-07994_HIV07-01067_FL21_S1_L000_read_73_count_1     13.73%    passed     99.11%
 258  200709_20-07994_HIV07-01067_FL21_S1_L000_read_74_count_1     13.73%    passed     96.76%
 259  200709_20-07994_HIV07-01067_FL21_S1_L000_read_75_count_1     13.73%    passed     88.47%
 260  200709_20-07994_HIV07-01067_FL21_S1_L000_read_76_count_1     13.73%    passed     96.76%
 261  200709_20-07994_HIV07-01067_FL21_S1_L000_read_77_count_1     13.73%    passed     98.86%
 262  200709_20-07994_HIV07-01067_FL21_S1_L000_read_78_count_1     13.24%    passed     97.81%
 263  200709_20-07994_HIV07-01067_FL21_S1_L000_read_79_count_1     13.73%    passed     99.25%
 264  200709_20-07994_HIV07-01067_FL21_S1_L000_read_80_count_1     13.73%    passed     99.96%
 265  200709_20-07994_HIV07-01067_FL21_S1_L000_read_81_count_1     13.73%    passed     98.86%
 266  200709_20-07994_HIV07-01067_FL21_S1_L000_read_82_count_1     13.73%    passed     96.76%
 267  200709_20-07994_HIV07-01067_FL21_S1_L000_read_83_count_1     13.73%    passed     99.20%
 268  200709_20-07994_HIV07-01067_FL21_S1_L000_read_84_count_1     13.73%    passed     98.86%
 269  200709_20-07994_HIV07-01067_FL21_S1_L000_read_85_count_1     13.24%    passed     99.99%
 270  200709_20-07994_HIV07-01067_FL21_S1_L000_read_86_count_1     13.73%    passed     98.86%
 271  200709_20-07994_HIV07-01067_FL21_S1_L000_read_87_count_1     13.73%    passed     99.94%
 272  200709_20-07994_HIV07-01067_FL21_S1_L000_read_88_count_1     13.73%    passed     97.74%
 273  200709_20-07994_HIV07-01067_FL21_S1_L000_read_89_count_1     13.73%    passed     94.44%
 274  200709_20-07994_HIV07-01067_FL21_S1_L000_read_90_count_1     13.73%    passed     96.76%
 275  200709_20-07994_HIV07-01067_FL21_S1_L000_read_91_count_1     13.73%    passed     91.72%
 276  200709_20-07994_HIV07-01067_FL21_S1_L000_read_92_count_1     13.73%    passed     99.96%
 277  200709_20-07994_HIV07-01067_FL21_S1_L000_read_93_count_1     13.73%    passed     99.11%
 278  200709_20-07994_HIV07-01067_FL21_S1_L000_read_94_count_1     14.22%    passed     96.74%
 279  200709_20-07994_HIV07-01067_FL21_S1_L000_read_95_count_1     12.75%    passed     99.51%
 280  200709_20-07994_HIV07-01067_FL21_S1_L000_read_96_count_1     13.73%    passed     95.28%
 281  200709_20-07994_HIV07-01067_FL21_S1_L000_read_97_count_1     14.22%    passed     99.78%
 282  200709_20-07994_HIV07-01067_FL21_S1_L000_read_98_count_1     13.73%    passed     95.17%
 283  200709_20-07994_HIV07-01067_FL21_S1_L000_read_99_count_1     13.73%    passed     95.17%
 284  200709_20-07994_HIV07-01067_FL21_S1_L000_read_100_count_1    14.22%    passed     98.85%
 285  200709_20-07994_HIV07-01067_FL21_S1_L000_read_101_count_1    13.73%    passed     99.15%
 286  200709_20-07994_HIV07-01067_FL21_S1_L000_read_102_count_1    13.73%    passed     99.20%
 287  200709_20-07994_HIV07-01067_FL21_S1_L000_read_103_count_1    13.73%    passed     96.76%
 288  200709_20-07994_HIV07-01067_FL21_S1_L000_read_104_count_1    13.73%    passed     91.72%
 289  200709_20-07994_HIV07-01067_FL21_S1_L000_read_105_count_1    14.71%    passed     98.68%
 290  200709_20-07994_HIV07-01067_FL21_S1_L000_read_106_count_1    13.73%    passed     99.96%
 291  200709_20-07994_HIV07-01067_FL21_S1_L000_read_107_count_1    13.73%    passed     99.50%
 292  200709_20-07994_HIV07-01067_FL21_S1_L000_read_108_count_1    13.73%    passed     97.28%
 293  200709_20-07994_HIV07-01067_FL21_S1_L000_read_109_count_1    13.24%    passed     98.75%
 294  200709_20-07994_HIV07-01067_FL21_S1_L000_read_110_count_1    13.73%    passed     99.27%
 295  200709_20-07994_HIV07-01067_FL21_S1_L000_read_111_count_1    13.73%    passed     96.76%
 296  200709_20-07994_HIV07-01067_FL21_S1_L000_read_112_count_1    13.73%    passed     98.09%
 297  200709_20-07994_HIV07-01067_FL21_S1_L000_read_113_count_1    13.73%    passed     99.50%
 298  200709_20-07994_HIV07-01067_FL21_S1_L000_read_114_count_1    13.73%    passed     98.09%
 299  200709_20-07994_HIV07-01067_FL21_S1_L000_read_115_count_1    13.73%    passed     99.18%
 300  200709_20-07994_HIV07-01067_FL21_S1_L000_read_116_count_1    13.73%    passed     98.07%
 301  200709_20-07994_HIV07-01067_FL21_S1_L000_read_117_count_1    13.24%    passed     97.90%
 302  200709_20-07994_HIV07-01067_FL21_S1_L000_read_118_count_1    13.73%    passed     97.61%
 303  200709_20-07994_HIV07-01067_FL21_S1_L000_read_119_count_1    13.73%    passed     95.17%
 304  200709_20-07994_HIV07-01067_FL21_S1_L000_read_120_count_1    13.73%    passed     99.25%
 305  200709_20-07994_HIV07-01067_FL21_S1_L000_read_121_count_1    13.73%    passed     98.86%
 306  200709_20-07994_HIV07-01067_FL21_S1_L000_read_122_count_1    13.73%    passed     99.25%
 307  200709_20-07994_HIV07-01067_FL21_S1_L000_read_123_count_1    13.73%    passed     96.76%
 308  200709_20-07994_HIV07-01067_FL21_S1_L000_read_124_count_1    13.73%    passed     96.19%
 309  200709_20-07994_HIV07-01067_FL21_S1_L000_read_125_count_1    13.73%    passed     99.96%
 310  200709_20-07994_HIV07-01067_FL21_S1_L000_read_126_count_1    13.73%    passed     95.17%
 311  200709_20-07994_HIV07-01067_FL21_S1_L000_read_127_count_1    12.75%    passed     99.97%
 312  200709_20-07994_HIV07-01067_FL21_S1_L000_read_128_count_1    13.73%    passed     99.25%
 313  200709_20-07994_HIV07-01067_FL21_S1_L000_read_129_count_1    13.24%    passed     98.67%
 314  200709_20-07994_HIV07-01067_FL21_S1_L000_read_130_count_1    13.73%    passed     95.17%
 315  200709_20-07994_HIV07-01067_FL21_S1_L000_read_131_count_1    13.73%    passed     93.52%
 316  200709_20-07994_HIV07-01067_FL21_S1_L000_read_132_count_1    13.73%    passed     99.25%
 317  200709_20-07994_HIV07-01067_FL21_S1_L000_read_133_count_1    13.73%    passed     99.94%
 318  200709_20-07994_HIV07-01067_FL21_S1_L000_read_134_count_1    13.73%    passed     96.19%
 319  200709_20-07994_HIV07-01067_FL21_S1_L000_read_135_count_1    13.73%    passed     97.15%
 320  200709_20-07994_HIV07-01067_FL21_S1_L000_read_136_count_1    13.73%    passed     95.17%
 321  200709_20-07994_HIV07-01067_FL21_S1_L000_read_137_count_1    13.73%    passed     99.25%
 322  200709_20-07994_HIV07-01067_FL21_S1_L000_read_138_count_1    13.73%    passed     91.07%
 323  200709_20-07994_HIV07-01067_FL21_S1_L000_read_139_count_1    13.73%    passed     97.74%
 324  200709_20-07994_HIV07-01067_FL21_S1_L000_read_140_count_1    13.73%    passed     99.25%
 325  200709_20-07994_HIV07-01067_FL21_S1_L000_read_141_count_1    14.22%    passed     98.83%
 326  200709_20-07994_HIV07-01067_FL21_S1_L000_read_142_count_1    13.73%    passed     96.76%
 327  200709_20-07994_HIV07-01067_FL21_S1_L000_read_143_count_1    13.73%    passed     98.09%
 328  200709_20-07994_HIV07-01067_FL21_S1_L000_read_144_count_1    14.22%    passed     95.15%
 329  200709_20-07994_HIV07-01067_FL21_S1_L000_read_145_count_1    13.73%    passed     98.86%
 330  200709_20-07994_HIV07-01067_FL21_S1_L000_read_146_count_1    13.73%    passed     99.18%
 331  200709_20-07994_HIV07-01067_FL21_S1_L000_read_147_count_1    13.73%    passed     91.72%
 332  200709_20-07994_HIV07-01067_FL21_S1_L000_read_148_count_1    13.73%    passed     99.25%
 333  200709_20-07994_HIV07-01067_FL21_S1_L000_read_149_count_1    13.73%    passed     99.96%
 334  200709_20-07994_HIV07-01067_FL21_S1_L000_read_150_count_1    13.73%    passed     99.15%
 335  200709_20-07994_HIV07-01067_FL21_S1_L000_read_151_count_1    13.73%    passed     98.86%
 336  200709_20-07994_HIV07-01067_FL21_S1_L000_read_152_count_1    13.73%    passed     99.25%
 337  200709_20-07994_HIV07-01067_FL21_S1_L000_read_153_count_1    13.73%    passed     98.86%
 338  200709_20-07994_HIV07-01067_FL21_S1_L000_read_154_count_1    13.73%    passed     98.07%
 339  200709_20-07994_HIV07-01067_FL21_S1_L000_read_155_count_1    13.73%    passed     99.55%
 340  200709_20-07994_HIV07-01067_FL21_S1_L000_read_156_count_1    13.24%    passed     98.75%
 341  200709_20-07994_HIV07-01067_FL21_S1_L000_read_157_count_1    13.73%    passed     96.76%
 342  200709_20-07994_HIV07-01067_FL21_S1_L000_read_158_count_1    13.73%    passed     99.20%
 343  200709_20-07994_HIV07-01067_FL21_S1_L000_read_159_count_1    12.75%    passed     99.51%
 344  200703_20-07825_HIV09-00618_FL18_S6_L000_read_1_count_1363   13.73%    passed     96.19%
 345  200703_20-07825_HIV09-00618_FL18_S6_L000_read_2_count_10     13.24%    passed     97.39%
 346  200703_20-07825_HIV09-00618_FL18_S6_L000_read_3_count_8      13.24%    passed     97.39%
 347  200703_20-07825_HIV09-00618_FL18_S6_L000_read_4_count_8      13.73%    passed     98.86%
 348  200703_20-07825_HIV09-00618_FL18_S6_L000_read_5_count_6      13.73%    passed     98.86%
 349  200703_20-07825_HIV09-00618_FL18_S6_L000_read_6_count_6      13.73%    passed     98.86%
 350  200703_20-07825_HIV09-00618_FL18_S6_L000_read_7_count_4      13.73%    passed     98.86%
 351  200703_20-07825_HIV09-00618_FL18_S6_L000_read_8_count_4      13.73%    passed     91.02%
 352  200703_20-07825_HIV09-00618_FL18_S6_L000_read_9_count_4      13.73%    passed     96.76%
 353  200703_20-07825_HIV09-00618_FL18_S6_L000_read_10_count_4     13.73%    passed     98.86%
 354  200703_20-07825_HIV09-00618_FL18_S6_L000_read_11_count_4     13.73%    passed     91.02%
 355  200703_20-07825_HIV09-00618_FL18_S6_L000_read_12_count_3     13.73%    passed     98.86%
 356  200703_20-07825_HIV09-00618_FL18_S6_L000_read_13_count_3     13.73%    passed     91.02%
 357  200703_20-07825_HIV09-00618_FL18_S6_L000_read_14_count_3     13.73%    passed     98.86%
 358  200703_20-07825_HIV09-00618_FL18_S6_L000_read_15_count_3     13.73%    passed     93.24%
 359  200703_20-07825_HIV09-00618_FL18_S6_L000_read_16_count_3     13.73%    passed     91.02%
 360  200703_20-07825_HIV09-00618_FL18_S6_L000_read_17_count_2     13.73%    passed     93.24%
 361  200703_20-07825_HIV09-00618_FL18_S6_L000_read_18_count_2     13.73%    passed     91.02%
 362  200703_20-07825_HIV09-00618_FL18_S6_L000_read_19_count_2     13.73%    passed     98.86%
 363  200703_20-07825_HIV09-00618_FL18_S6_L000_read_20_count_2     13.73%    passed     99.75%
 364  200703_20-07825_HIV09-00618_FL18_S6_L000_read_21_count_2     13.73%    passed     93.24%
 365  200703_20-07825_HIV09-00618_FL18_S6_L000_read_22_count_2     13.73%    passed     91.02%
 366  200703_20-07825_HIV09-00618_FL18_S6_L000_read_23_count_2     13.73%    passed     93.24%
 367  200703_20-07825_HIV09-00618_FL18_S6_L000_read_24_count_2     13.73%    passed     91.73%
 368  200703_20-07825_HIV09-00618_FL18_S6_L000_read_25_count_2     13.73%    passed     91.02%
 369  200703_20-07825_HIV09-00618_FL18_S6_L000_read_26_count_2     12.75%    passed     98.20%
 370  200703_20-07825_HIV09-00618_FL18_S6_L000_read_27_count_2     13.73%    passed     91.02%
 371  200703_20-07825_HIV09-00618_FL18_S6_L000_read_28_count_2     13.73%    passed     98.86%
 372  200703_20-07825_HIV09-00618_FL18_S6_L000_read_29_count_2     13.73%    passed     93.24%
 373  200703_20-07825_HIV09-00618_FL18_S6_L000_read_30_count_2     13.73%    passed     93.24%
 374  200703_20-07825_HIV09-00618_FL18_S6_L000_read_31_count_2     13.73%    passed     91.02%
 375  200703_20-07825_HIV09-00618_FL18_S6_L000_read_32_count_2     13.73%    passed     91.73%
 376  200703_20-07825_HIV09-00618_FL18_S6_L000_read_33_count_2     13.73%    passed     98.86%
 377  200703_20-07825_HIV09-00618_FL18_S6_L000_read_34_count_2     13.73%    passed     91.02%
 378  200703_20-07825_HIV09-00618_FL18_S6_L000_read_35_count_2     13.73%    passed     98.86%
 379  200703_20-07825_HIV09-00618_FL18_S6_L000_read_36_count_2     13.73%    passed     93.24%
 380  200703_20-07825_HIV09-00618_FL18_S6_L000_read_37_count_2     13.73%    passed     98.86%
 381  200703_20-07825_HIV09-00618_FL18_S6_L000_read_38_count_1     13.73%    passed     91.02%
 382  200703_20-07825_HIV09-00618_FL18_S6_L000_read_39_count_1     13.73%    passed     94.56%
 383  200703_20-07825_HIV09-00618_FL18_S6_L000_read_40_count_1     13.73%    passed     97.70%
 384  200703_20-07825_HIV09-00618_FL18_S6_L000_read_41_count_1     13.73%    passed     98.86%
 385  200703_20-07825_HIV09-00618_FL18_S6_L000_read_42_count_1     13.73%    passed     97.70%
 386  200703_20-07825_HIV09-00618_FL18_S6_L000_read_43_count_1     13.73%    passed     98.07%
 387  200703_20-07825_HIV09-00618_FL18_S6_L000_read_44_count_1     12.25%    passed     93.70%
 388  200703_20-07825_HIV09-00618_FL18_S6_L000_read_45_count_1     13.73%    passed     92.56%
 389  200703_20-07825_HIV09-00618_FL18_S6_L000_read_46_count_1     13.73%    passed     94.56%
 390  200703_20-07825_HIV09-00618_FL18_S6_L000_read_47_count_1     13.73%    passed     94.15%
 391  200703_20-07825_HIV09-00618_FL18_S6_L000_read_48_count_1     13.73%    passed     91.02%
 392  200703_20-07825_HIV09-00618_FL18_S6_L000_read_49_count_1     14.22%    passed     95.16%
 393  200703_20-07825_HIV09-00618_FL18_S6_L000_read_50_count_1     13.73%    passed     91.73%
 394  200703_20-07825_HIV09-00618_FL18_S6_L000_read_51_count_1     13.73%    passed     98.07%
 395  200703_20-07825_HIV09-00618_FL18_S6_L000_read_52_count_1     13.73%    passed     96.76%
 396  200703_20-07825_HIV09-00618_FL18_S6_L000_read_53_count_1     13.24%    passed     90.03%
 397  200703_20-07825_HIV09-00618_FL18_S6_L000_read_54_count_1     13.73%    passed     98.86%
 398  200703_20-07825_HIV09-00618_FL18_S6_L000_read_55_count_1     13.73%    passed     91.02%
 399  200703_20-07825_HIV09-00618_FL18_S6_L000_read_56_count_1     13.73%    passed     98.86%
 400  200703_20-07825_HIV09-00618_FL18_S6_L000_read_57_count_1     13.24%    passed     93.15%
 401  200703_20-07825_HIV09-00618_FL18_S6_L000_read_58_count_1     13.73%    passed     92.56%
 402  200703_20-07825_HIV09-00618_FL18_S6_L000_read_59_count_1     13.73%    passed     94.56%
 403  200703_20-07825_HIV09-00618_FL18_S6_L000_read_60_count_1     13.73%    passed     91.02%
 404  200703_20-07825_HIV09-00618_FL18_S6_L000_read_61_count_1     13.73%    passed     93.24%
 405  200703_20-07825_HIV09-00618_FL18_S6_L000_read_62_count_1     13.73%    passed     98.86%
 406  200703_20-07825_HIV09-00618_FL18_S6_L000_read_63_count_1     13.73%    passed     93.24%
 407  200703_20-07825_HIV09-00618_FL18_S6_L000_read_64_count_1     13.73%    passed     96.25%
 408  200703_20-07825_HIV09-00618_FL18_S6_L000_read_65_count_1     13.73%    passed     93.24%
 409  200703_20-07825_HIV09-00618_FL18_S6_L000_read_66_count_1     13.73%    passed     91.02%
 410  200703_20-07825_HIV09-00618_FL18_S6_L000_read_67_count_1     13.73%    passed     96.25%
 411  200703_20-07825_HIV09-00618_FL18_S6_L000_read_68_count_1     13.73%    passed     96.25%
 412  200703_20-07825_HIV09-00618_FL18_S6_L000_read_69_count_1     13.73%    passed     91.02%
 413  200703_20-07825_HIV09-00618_FL18_S6_L000_read_70_count_1     13.73%    passed     93.24%
 414  200703_20-07825_HIV09-00618_FL18_S6_L000_read_71_count_1     13.73%    passed     91.73%
 415  200703_20-07825_HIV09-00618_FL18_S6_L000_read_72_count_1     13.73%    passed     92.56%
 416  200703_20-07825_HIV09-00618_FL18_S6_L000_read_73_count_1     13.73%    passed     93.24%
 417  200703_20-07825_HIV09-00618_FL18_S6_L000_read_74_count_1     14.22%    passed     98.05%
 418  200703_20-07825_HIV09-00618_FL18_S6_L000_read_75_count_1     14.22%    passed     94.53%
 419  200703_20-07825_HIV09-00618_FL18_S6_L000_read_76_count_1     13.73%    passed     96.25%
 420  200703_20-07825_HIV09-00618_FL18_S6_L000_read_77_count_1     13.73%    passed     91.02%
 421  200703_20-07825_HIV09-00618_FL18_S6_L000_read_78_count_1     13.73%    passed     91.73%
 422  200703_20-07825_HIV09-00618_FL18_S6_L000_read_79_count_1     13.73%    passed     91.02%
 423  200703_20-07825_HIV09-00618_FL18_S6_L000_read_80_count_1     13.73%    passed     93.59%
 424  200703_20-07825_HIV09-00618_FL18_S6_L000_read_81_count_1     13.73%    passed     94.56%
 425  200703_20-07825_HIV09-00618_FL18_S6_L000_read_82_count_1     13.73%    passed     94.56%
 426  200703_20-07825_HIV09-00618_FL18_S6_L000_read_83_count_1     13.73%    passed     98.86%
 427  200703_20-07825_HIV09-00618_FL18_S6_L000_read_84_count_1     13.73%    passed     96.25%
 428  200703_20-07825_HIV09-00618_FL18_S6_L000_read_85_count_1     13.73%    passed     91.73%
 429  200703_20-07825_HIV09-00618_FL18_S6_L000_read_86_count_1     12.25%    passed     99.61%
 430  200703_20-07825_HIV09-00618_FL18_S6_L000_read_87_count_1     13.73%    passed     96.19%
 431  200703_20-07825_HIV09-00618_FL18_S6_L000_read_88_count_1     13.73%    passed     98.86%
 432  200703_20-07825_HIV09-00618_FL18_S6_L000_read_89_count_1     13.73%    passed     93.24%
 433  200703_20-07825_HIV09-00618_FL18_S6_L000_read_90_count_1     14.22%    passed     94.53%
 434  200703_20-07825_HIV09-00618_FL18_S6_L000_read_91_count_1     13.73%    passed     91.73%
 435  200703_20-07825_HIV09-00618_FL18_S6_L000_read_92_count_1     13.73%    passed     98.07%
 436  200703_20-07825_HIV09-00618_FL18_S6_L000_read_93_count_1     14.22%    passed     98.05%
 437  200703_20-07825_HIV09-00618_FL18_S6_L000_read_94_count_1     13.73%    passed     98.69%
 438  200703_20-07825_HIV09-00618_FL18_S6_L000_read_95_count_1     13.73%    passed     98.86%
 439  200703_20-07825_HIV09-00618_FL18_S6_L000_read_96_count_1     13.73%    passed     96.76%
 440  200703_20-07825_HIV09-00618_FL18_S6_L000_read_97_count_1     13.73%    passed     99.75%
 441  200703_20-07825_HIV09-00618_FL18_S6_L000_read_98_count_1     13.73%    passed     96.76%
 442  200703_20-07825_HIV09-00618_FL18_S6_L000_read_99_count_1     13.73%    passed     96.76%
 443  200703_20-07825_HIV09-00618_FL18_S6_L000_read_100_count_1    13.73%    passed     96.25%
 444  200703_20-07825_HIV09-00618_FL18_S6_L000_read_101_count_1    13.73%    passed     93.24%
 445  200703_20-07825_HIV09-00618_FL18_S6_L000_read_102_count_1    13.73%    passed     94.56%
 446  200703_20-07825_HIV09-00618_FL18_S6_L000_read_103_count_1    13.73%    passed     97.70%
 447  200703_20-07825_HIV09-00618_FL18_S6_L000_read_104_count_1    13.73%    passed     96.25%
 448  200703_20-07825_HIV09-00618_FL18_S6_L000_read_105_count_1    13.73%    passed     96.76%
 449  200703_20-07825_HIV09-00618_FL18_S6_L000_read_106_count_1    13.73%    passed     91.02%
 450  200703_20-07825_HIV09-00618_FL18_S6_L000_read_107_count_1    13.73%    passed     91.02%
 451  200703_20-07825_HIV09-00618_FL18_S6_L000_read_108_count_1    13.73%    passed     96.76%
 452  200703_20-07825_HIV09-00618_FL18_S6_L000_read_109_count_1    13.73%    passed     91.02%
 453  200703_20-07825_HIV09-00618_FL18_S6_L000_read_110_count_1    13.73%    passed     94.77%
 454  200703_20-07825_HIV09-00618_FL18_S6_L000_read_111_count_1    13.73%    passed     90.07%
 455  200703_20-07825_HIV09-00618_FL18_S6_L000_read_112_count_1    13.73%    passed     93.24%
 456  200703_20-07825_HIV09-00618_FL18_S6_L000_read_113_count_1    13.73%    passed     91.73%
 457  200703_20-07825_HIV09-00618_FL18_S6_L000_read_114_count_1    13.73%    passed     91.02%
 458  200703_20-07825_HIV09-00618_FL18_S6_L000_read_115_count_1    13.73%    passed     97.70%
 459  200703_20-07825_HIV09-00618_FL18_S6_L000_read_116_count_1    13.73%    passed     93.24%
 460  200703_20-07825_HIV09-00618_FL18_S6_L000_read_117_count_1    13.73%    passed     91.72%
 461  200703_20-07825_HIV09-00618_FL18_S6_L000_read_118_count_1    13.73%    passed     93.24%
 462  200703_20-07825_HIV09-00618_FL18_S6_L000_read_119_count_1    13.73%    passed     97.70%
 463  200703_20-07825_HIV09-00618_FL18_S6_L000_read_120_count_1    14.22%    passed     99.49%
 464  200703_20-07825_HIV09-00618_FL18_S6_L000_read_121_count_1    14.22%    passed     96.74%
 465  200703_20-07825_HIV09-00618_FL18_S6_L000_read_122_count_1    13.73%    passed     93.52%
 466  200703_20-07825_HIV09-00618_FL18_S6_L000_read_123_count_1    13.73%    passed     97.70%
 467  200703_20-07825_HIV09-00618_FL18_S6_L000_read_124_count_1    13.73%    passed     91.02%
 468  200814_20-09728_HIV09-02843_FL30_S2_L000_read_1_count_1025   13.73%    passed     98.82%
 469  200814_20-09728_HIV09-02843_FL30_S2_L000_read_2_count_351    13.73%    passed     99.53%
 470  200814_20-09728_HIV09-02843_FL30_S2_L000_read_3_count_88     13.73%    passed     99.94%
 471  200814_20-09728_HIV09-02843_FL30_S2_L000_read_4_count_57     13.73%    passed     99.27%
 472  200814_20-09728_HIV09-02843_FL30_S2_L000_read_5_count_55     13.73%    passed     96.64%
 473  200814_20-09728_HIV09-02843_FL30_S2_L000_read_6_count_45     13.73%    passed     96.64%
 474  200814_20-09728_HIV09-02843_FL30_S2_L000_read_7_count_43     13.73%    passed     99.08%
 475  200814_20-09728_HIV09-02843_FL30_S2_L000_read_8_count_35     13.73%    passed     99.27%
 476  200814_20-09728_HIV09-02843_FL30_S2_L000_read_9_count_34     13.73%    passed     96.64%
 477  200814_20-09728_HIV09-02843_FL30_S2_L000_read_10_count_32    13.73%    passed     96.50%
 478  200814_20-09728_HIV09-02843_FL30_S2_L000_read_11_count_32    13.73%    passed     99.94%
 479  200814_20-09728_HIV09-02843_FL30_S2_L000_read_12_count_25    13.73%    passed     99.94%
 480  200814_20-09728_HIV09-02843_FL30_S2_L000_read_13_count_22    13.73%    passed     99.53%
 481  200814_20-09728_HIV09-02843_FL30_S2_L000_read_14_count_22    13.73%    passed     96.64%
 482  200814_20-09728_HIV09-02843_FL30_S2_L000_read_15_count_18    13.73%    passed     91.84%
 483  200814_20-09728_HIV09-02843_FL30_S2_L000_read_16_count_17    18.14%    passed     99.53%
 484  200814_20-09728_HIV09-02843_FL30_S2_L000_read_17_count_15    13.73%    passed     99.73%
 485  200814_20-09728_HIV09-02843_FL30_S2_L000_read_18_count_12    13.73%    passed     98.82%
 486  200814_20-09728_HIV09-02843_FL30_S2_L000_read_19_count_10    13.73%    passed     99.53%
 487  200814_20-09728_HIV09-02843_FL30_S2_L000_read_20_count_9     13.73%    passed     99.73%
 488  200814_20-09728_HIV09-02843_FL30_S2_L000_read_21_count_9     13.73%    passed     99.73%
 489  200814_20-09728_HIV09-02843_FL30_S2_L000_read_22_count_9     13.73%    passed     91.84%
 490  200814_20-09728_HIV09-02843_FL30_S2_L000_read_23_count_7     13.73%    passed     99.73%
 491  200814_20-09728_HIV09-02843_FL30_S2_L000_read_24_count_7     13.73%    passed     99.73%
 492  200814_20-09728_HIV09-02843_FL30_S2_L000_read_25_count_7     13.73%    passed     99.73%
 493  200814_20-09728_HIV09-02843_FL30_S2_L000_read_26_count_7     13.73%    passed     99.08%
 494  200814_20-09728_HIV09-02843_FL30_S2_L000_read_27_count_6     13.73%    passed     96.64%
 495  200814_20-09728_HIV09-02843_FL30_S2_L000_read_28_count_5     13.73%    passed     99.73%
 496  200814_20-09728_HIV09-02843_FL30_S2_L000_read_29_count_5     13.73%    passed     99.11%
 497  200814_20-09728_HIV09-02843_FL30_S2_L000_read_30_count_4     13.73%    passed     99.94%
 498  200814_20-09728_HIV09-02843_FL30_S2_L000_read_31_count_4     13.73%    passed     97.78%
 499  200814_20-09728_HIV09-02843_FL30_S2_L000_read_32_count_4     13.73%    passed     99.94%
 500  200814_20-09728_HIV09-02843_FL30_S2_L000_read_33_count_4     13.73%    passed     99.53%
 501  200814_20-09728_HIV09-02843_FL30_S2_L000_read_34_count_3     13.73%    passed     99.27%
 502  200814_20-09728_HIV09-02843_FL30_S2_L000_read_35_count_3     13.73%    passed     95.09%
 503  200814_20-09728_HIV09-02843_FL30_S2_L000_read_36_count_2     13.73%    passed     96.50%
 504  200814_20-09728_HIV09-02843_FL30_S2_L000_read_37_count_2     13.73%    passed     99.94%
 505  200814_20-09728_HIV09-02843_FL30_S2_L000_read_38_count_2     13.73%    passed     99.53%
 506  200814_20-09728_HIV09-02843_FL30_S2_L000_read_39_count_2     13.73%    passed     99.27%
 507  200814_20-09728_HIV09-02843_FL30_S2_L000_read_40_count_2     13.73%    passed     99.11%
 508  200814_20-09728_HIV09-02843_FL30_S2_L000_read_41_count_2     13.73%    passed     99.53%
 509  200814_20-09728_HIV09-02843_FL30_S2_L000_read_42_count_2     13.73%    passed     98.82%
 510  200814_20-09728_HIV09-02843_FL30_S2_L000_read_43_count_2     13.73%    passed     99.53%
 511  200814_20-09728_HIV09-02843_FL30_S2_L000_read_44_count_2     13.73%    passed     95.09%
 512  200814_20-09728_HIV09-02843_FL30_S2_L000_read_45_count_2     13.73%    passed     99.08%
 513  200814_20-09728_HIV09-02843_FL30_S2_L000_read_46_count_2     13.73%    passed     95.09%
 514  200814_20-09728_HIV09-02843_FL30_S2_L000_read_47_count_2     13.73%    passed     99.08%
 515  200814_20-09728_HIV09-02843_FL30_S2_L000_read_48_count_2     13.73%    passed     99.53%
 516  200814_20-09728_HIV09-02843_FL30_S2_L000_read_49_count_2     13.73%    passed     96.64%
 517  200814_20-09728_HIV09-02843_FL30_S2_L000_read_50_count_2     13.73%    passed     99.96%
 518  200814_20-09728_HIV09-02843_FL30_S2_L000_read_51_count_2     13.73%    passed     99.94%
 519  200814_20-09728_HIV09-02843_FL30_S2_L000_read_52_count_2     13.73%    passed     99.73%
 520  200814_20-09728_HIV09-02843_FL30_S2_L000_read_53_count_2     13.73%    passed     97.90%
 521  200814_20-09728_HIV09-02843_FL30_S2_L000_read_54_count_2     13.73%    passed     99.53%
 522  200814_20-09728_HIV09-02843_FL30_S2_L000_read_55_count_2     13.73%    passed     98.82%
 523  200814_20-09728_HIV09-02843_FL30_S2_L000_read_56_count_2     13.73%    passed     99.73%
 524  200814_20-09728_HIV09-02843_FL30_S2_L000_read_57_count_2     13.73%    passed     99.94%
 525  200814_20-09728_HIV09-02843_FL30_S2_L000_read_58_count_2     13.73%    passed     99.53%
 526  200814_20-09728_HIV09-02843_FL30_S2_L000_read_59_count_1     13.73%    passed     99.53%
 527  200814_20-09728_HIV09-02843_FL30_S2_L000_read_60_count_1     13.73%    passed     99.53%
 528  200814_20-09728_HIV09-02843_FL30_S2_L000_read_61_count_1     13.73%    passed     96.64%
 529  200814_20-09728_HIV09-02843_FL30_S2_L000_read_62_count_1     13.73%    passed     99.96%
 530  200814_20-09728_HIV09-02843_FL30_S2_L000_read_63_count_1     13.73%    passed     99.11%
 531  200814_20-09728_HIV09-02843_FL30_S2_L000_read_64_count_1     13.73%    passed     99.15%
 532  200814_20-09728_HIV09-02843_FL30_S2_L000_read_65_count_1     13.73%    passed     99.96%
 533  200814_20-09728_HIV09-02843_FL30_S2_L000_read_66_count_1     13.73%    passed     91.10%
 534  200814_20-09728_HIV09-02843_FL30_S2_L000_read_67_count_1     13.73%    passed     99.15%
 535  200814_20-09728_HIV09-02843_FL30_S2_L000_read_68_count_1     13.73%    passed     95.09%
 536  200814_20-09728_HIV09-02843_FL30_S2_L000_read_69_count_1     13.73%    passed     98.82%
 537  200814_20-09728_HIV09-02843_FL30_S2_L000_read_70_count_1     13.73%    passed     99.08%
 538  200814_20-09728_HIV09-02843_FL30_S2_L000_read_71_count_1     13.73%    passed     99.53%
 539  200814_20-09728_HIV09-02843_FL30_S2_L000_read_72_count_1     13.73%    passed     99.41%
 540  200814_20-09728_HIV09-02843_FL30_S2_L000_read_73_count_1     13.73%    passed     99.96%
 541  200814_20-09728_HIV09-02843_FL30_S2_L000_read_74_count_1     13.73%    passed     99.53%
 542  200814_20-09728_HIV09-02843_FL30_S2_L000_read_75_count_1     13.73%    passed     99.73%
 543  200814_20-09728_HIV09-02843_FL30_S2_L000_read_76_count_1     13.73%    passed     99.94%
 544  200814_20-09728_HIV09-02843_FL30_S2_L000_read_77_count_1     13.73%    passed     99.94%
 545  200814_20-09728_HIV09-02843_FL30_S2_L000_read_78_count_1     13.73%    passed     98.40%
 546  200814_20-09728_HIV09-02843_FL30_S2_L000_read_79_count_1     13.73%    passed     98.69%
 547  200814_20-09728_HIV09-02843_FL30_S2_L000_read_80_count_1     13.73%    passed     97.90%
 548  200814_20-09728_HIV09-02843_FL30_S2_L000_read_81_count_1     13.73%    passed     98.40%
 549  200814_20-09728_HIV09-02843_FL30_S2_L000_read_82_count_1     13.73%    passed     99.08%
 550  200814_20-09728_HIV09-02843_FL30_S2_L000_read_83_count_1     13.73%    passed     99.53%
 551  200814_20-09728_HIV09-02843_FL30_S2_L000_read_84_count_1     13.73%    passed     99.72%
 552  200814_20-09728_HIV09-02843_FL30_S2_L000_read_85_count_1     13.73%    passed     99.73%
 553  200814_20-09728_HIV09-02843_FL30_S2_L000_read_86_count_1     14.22%    passed     98.83%
 554  200814_20-09728_HIV09-02843_FL30_S2_L000_read_87_count_1     13.73%    passed     98.22%
 555  200814_20-09728_HIV09-02843_FL30_S2_L000_read_88_count_1     13.73%    passed     99.41%
 556  200814_20-09728_HIV09-02843_FL30_S2_L000_read_89_count_1     13.73%    passed     96.64%
 557  200814_20-09728_HIV09-02843_FL30_S2_L000_read_90_count_1     13.73%    passed     99.73%
 558  200814_20-09728_HIV09-02843_FL30_S2_L000_read_91_count_1     13.73%    passed     97.25%
 559  200814_20-09728_HIV09-02843_FL30_S2_L000_read_92_count_1     14.22%    passed     98.54%
 560  200814_20-09728_HIV09-02843_FL30_S2_L000_read_93_count_1     13.73%    passed     99.94%
 561  200814_20-09728_HIV09-02843_FL30_S2_L000_read_94_count_1     13.73%    passed     99.27%
 562  200814_20-09728_HIV09-02843_FL30_S2_L000_read_95_count_1     13.73%    passed     97.90%
 563  200814_20-09728_HIV09-02843_FL30_S2_L000_read_96_count_1     13.73%    passed     99.15%
 564  200814_20-09728_HIV09-02843_FL30_S2_L000_read_97_count_1     13.73%    passed     99.73%
 565  200814_20-09728_HIV09-02843_FL30_S2_L000_read_98_count_1     13.73%    passed     99.11%
 566  200814_20-09728_HIV09-02843_FL30_S2_L000_read_99_count_1     14.22%    passed     99.49%
 567  200814_20-09728_HIV09-02843_FL30_S2_L000_read_100_count_1    13.73%    passed     99.53%
 568  200814_20-09728_HIV09-02843_FL30_S2_L000_read_101_count_1    13.73%    passed     97.90%
 569  200814_20-09728_HIV09-02843_FL30_S2_L000_read_102_count_1    13.73%    passed     99.08%
 570  200814_20-09728_HIV09-02843_FL30_S2_L000_read_103_count_1    13.73%    passed     99.08%
 571  200814_20-09728_HIV09-02843_FL30_S2_L000_read_104_count_1    13.73%    passed     94.19%
 572  200814_20-09728_HIV09-02843_FL30_S2_L000_read_105_count_1    13.24%    passed     99.63%
 573  200814_20-09728_HIV09-02843_FL30_S2_L000_read_106_count_1    13.73%    passed     99.94%
 574  200814_20-09728_HIV09-02843_FL30_S2_L000_read_107_count_1    13.73%    passed     99.15%
 575  200814_20-09728_HIV09-02843_FL30_S2_L000_read_108_count_1    13.73%    passed     96.64%
 576  200814_20-09728_HIV09-02843_FL30_S2_L000_read_109_count_1    13.73%    passed     95.09%
 577  200814_20-09728_HIV09-02843_FL30_S2_L000_read_110_count_1    13.73%    passed     96.47%
 578  200814_20-09728_HIV09-02843_FL30_S2_L000_read_111_count_1    13.73%    passed     99.08%
 579  200814_20-09728_HIV09-02843_FL30_S2_L000_read_112_count_1    13.73%    passed     99.53%
 580  200814_20-09728_HIV09-02843_FL30_S2_L000_read_113_count_1    13.73%    passed     99.95%
 581  200814_20-09728_HIV09-02843_FL30_S2_L000_read_114_count_1    13.73%    passed     95.09%
 582  200814_20-09728_HIV09-02843_FL30_S2_L000_read_115_count_1    13.73%    passed     99.96%
 583  200814_20-09728_HIV09-02843_FL30_S2_L000_read_116_count_1    13.73%    passed     98.85%
 584  200814_20-09728_HIV09-02843_FL30_S2_L000_read_117_count_1    13.73%    passed     94.28%
 585  200814_20-09728_HIV09-02843_FL30_S2_L000_read_118_count_1    13.73%    passed     99.08%
 586  200814_20-09728_HIV09-02843_FL30_S2_L000_read_119_count_1    13.73%    passed     98.40%
 587  200814_20-09728_HIV09-02843_FL30_S2_L000_read_120_count_1    13.73%    passed     98.40%
 588  200814_20-09728_HIV09-02843_FL30_S2_L000_read_121_count_1    13.73%    passed     98.85%
 589  200814_20-09728_HIV09-02843_FL30_S2_L000_read_122_count_1    13.73%    passed     98.09%
 590  200814_20-09728_HIV09-02843_FL30_S2_L000_read_123_count_1    13.73%    passed     99.15%
 591  200814_20-09728_HIV09-02843_FL30_S2_L000_read_124_count_1    13.73%    passed     97.70%
 592  200814_20-09728_HIV09-02843_FL30_S2_L000_read_125_count_1    13.73%    passed     96.50%
 593  200814_20-09728_HIV09-02843_FL30_S2_L000_read_126_count_1    13.73%    passed     99.27%
 594  200814_20-09728_HIV09-02843_FL30_S2_L000_read_127_count_1    13.73%    passed     97.68%
 595  200814_20-09728_HIV09-02843_FL30_S2_L000_read_128_count_1    13.73%    passed     98.40%
 596  200814_20-09728_HIV09-02843_FL30_S2_L000_read_129_count_1    13.73%    passed     99.73%
 597  200814_20-09728_HIV09-02843_FL30_S2_L000_read_130_count_1    13.73%    passed     95.09%
 598  200814_20-09728_HIV09-02843_FL30_S2_L000_read_131_count_1    13.73%    passed     95.09%
 599  200814_20-09728_HIV09-02843_FL30_S2_L000_read_132_count_1    13.73%    passed     99.27%
 600  200814_20-09728_HIV09-02843_FL30_S2_L000_read_133_count_1    13.73%    passed     99.08%
 601  200814_20-09728_HIV09-02843_FL30_S2_L000_read_134_count_1    13.73%    passed     99.53%
 602  200814_20-09728_HIV09-02843_FL30_S2_L000_read_135_count_1    13.73%    passed     96.47%
 603  200814_20-09728_HIV09-02843_FL30_S2_L000_read_136_count_1    13.73%    passed     95.09%
 604  200814_20-09728_HIV09-02843_FL30_S2_L000_read_137_count_1    13.73%    passed     98.09%
 605  200814_20-09728_HIV09-02843_FL30_S2_L000_read_138_count_1    13.73%    passed     96.50%
 606  200814_20-09728_HIV09-02843_FL30_S2_L000_read_139_count_1    13.73%    passed     99.95%
 607  200814_20-09728_HIV09-02843_FL30_S2_L000_read_140_count_1    13.73%    passed     99.94%
 608  200814_20-09728_HIV09-02843_FL30_S2_L000_read_141_count_1    13.73%    passed     99.53%
 609  200814_20-09728_HIV09-02843_FL30_S2_L000_read_142_count_1    13.73%    passed     99.95%
 610  200814_20-09728_HIV09-02843_FL30_S2_L000_read_143_count_1    13.73%    passed     97.25%
 611  200814_20-09728_HIV09-02843_FL30_S2_L000_read_144_count_1    13.73%    passed     99.11%
 612  200814_20-09728_HIV09-02843_FL30_S2_L000_read_145_count_1    13.73%    passed     99.95%
 613  200814_20-09728_HIV09-02843_FL30_S2_L000_read_146_count_1    13.73%    passed     97.68%
 614  200814_20-09728_HIV09-02843_FL30_S2_L000_read_147_count_1    13.73%    passed     98.82%
 615  200814_20-09728_HIV09-02843_FL30_S2_L000_read_148_count_1    13.73%    passed     97.25%
 616  200814_20-09728_HIV09-02843_FL30_S2_L000_read_149_count_1    13.73%    passed     98.40%
 617  200814_20-09728_HIV09-02843_FL30_S2_L000_read_150_count_1    13.73%    passed     99.53%
 618  200814_20-09728_HIV09-02843_FL30_S2_L000_read_151_count_1    13.73%    passed     99.95%
 619  200814_20-09728_HIV09-02843_FL30_S2_L000_read_152_count_1    13.73%    passed     96.50%
 620  200814_20-09728_HIV09-02843_FL30_S2_L000_read_153_count_1    13.73%    passed     97.25%
 621  200814_20-09728_HIV09-02843_FL30_S2_L000_read_154_count_1    13.73%    passed     97.25%
 622  200814_20-09728_HIV09-02843_FL30_S2_L000_read_155_count_1    13.73%    passed     96.50%
 623  200814_20-09728_HIV09-02843_FL30_S2_L000_read_156_count_1    13.73%    passed     99.08%
 624  200814_20-09728_HIV09-02843_FL30_S2_L000_read_157_count_1    13.73%    passed     99.53%
 625  200814_20-09728_HIV09-02843_FL30_S2_L000_read_158_count_1    13.73%    passed     99.11%
 626  200814_20-09728_HIV09-02843_FL30_S2_L000_read_159_count_1    13.73%    passed     98.22%
 627  200814_20-09728_HIV09-02843_FL30_S2_L000_read_160_count_1    13.73%    passed     98.82%
 628  200814_20-09728_HIV09-02843_FL30_S2_L000_read_161_count_1    13.73%    passed     99.08%
 629  200814_20-09728_HIV09-02843_FL30_S2_L000_read_162_count_1    13.73%    passed     99.15%
 630  200814_20-09728_HIV09-02843_FL30_S2_L000_read_163_count_1    13.73%    passed     97.25%
 631  200814_20-09728_HIV09-02843_FL30_S2_L000_read_164_count_1    13.73%    passed     99.73%
 632  200814_20-09728_HIV09-02843_FL30_S2_L000_read_165_count_1    13.73%    passed     96.38%
 633  200814_20-09728_HIV09-02843_FL30_S2_L000_read_166_count_1    13.73%    passed     96.50%
 634  200814_20-09728_HIV09-02843_FL30_S2_L000_read_167_count_1    13.73%    passed     97.25%
 635  200814_20-09728_HIV09-02843_FL30_S2_L000_read_168_count_1    13.73%    passed     99.73%
 636  200814_20-09728_HIV09-02843_FL30_S2_L000_read_169_count_1    13.73%    passed     99.71%
 637  200814_20-09728_HIV09-02843_FL30_S2_L000_read_170_count_1    13.73%    passed     99.41%
 638  200814_20-09728_HIV09-02843_FL30_S2_L000_read_171_count_1    13.73%    passed     99.53%
 639  200814_20-09728_HIV09-02843_FL30_S2_L000_read_172_count_1    13.73%    passed     98.69%
 640  200814_20-09728_HIV09-02843_FL30_S2_L000_read_173_count_1    13.73%    passed     93.62%
 641  200814_20-09728_HIV09-02843_FL30_S2_L000_read_174_count_1    13.73%    passed     97.78%
 642  200814_20-09728_HIV09-02843_FL30_S2_L000_read_175_count_1    13.73%    passed     99.73%
 643  200814_20-09728_HIV09-02843_FL30_S2_L000_read_176_count_1    13.73%    passed     99.27%
 644  200814_20-09728_HIV09-02843_FL30_S2_L000_read_177_count_1    13.73%    passed     95.09%
 645  200814_20-09728_HIV09-02843_FL30_S2_L000_read_178_count_1    13.73%    passed     99.08%
 646  200814_20-09728_HIV09-02843_FL30_S2_L000_read_179_count_1    13.73%    passed     93.62%
 647  200814_20-09728_HIV09-02843_FL30_S2_L000_read_180_count_1    13.73%    passed     99.53%
 648  200814_20-09728_HIV09-02843_FL30_S2_L000_read_181_count_1    13.73%    passed     99.94%
 649  200814_20-09728_HIV09-02843_FL30_S2_L000_read_182_count_1    13.73%    passed     99.73%
 650  200814_20-09728_HIV09-02843_FL30_S2_L000_read_183_count_1    13.73%    passed     99.96%
 651  200814_20-09728_HIV09-02843_FL30_S2_L000_read_184_count_1    13.73%    passed     99.53%
 652  200814_20-09728_HIV09-02843_FL30_S2_L000_read_185_count_1    13.73%    passed     93.62%
 653  200814_20-09728_HIV09-02843_FL30_S2_L000_read_186_count_1    14.22%    passed     98.83%
 654  200814_20-09728_HIV09-02843_FL30_S2_L000_read_187_count_1    13.73%    passed     97.90%
 655  200814_20-09728_HIV09-02843_FL30_S2_L000_read_188_count_1    13.73%    passed     93.82%
 656  200814_20-09728_HIV09-02843_FL30_S2_L000_read_189_count_1    13.73%    passed     99.27%
 657  200814_20-09728_HIV09-02843_FL30_S2_L000_read_190_count_1    13.73%    passed     99.25%
 658  200814_20-09728_HIV09-02843_FL30_S2_L000_read_191_count_1    13.73%    passed     97.78%
 659  200814_20-09728_HIV09-02843_FL30_S2_L000_read_192_count_1    13.73%    passed     98.40%
 660  200814_20-09728_HIV09-02843_FL30_S2_L000_read_193_count_1    13.73%    passed     99.11%
 661  200814_20-09728_HIV09-02843_FL30_S2_L000_read_194_count_1    13.73%    passed     99.20%
 662  200814_20-09728_HIV09-02843_FL30_S2_L000_read_195_count_1    13.73%    passed     99.96%
 663  200814_20-09728_HIV09-02843_FL30_S2_L000_read_196_count_1    13.73%    passed     98.82%
 664  200814_20-09728_HIV09-02843_FL30_S2_L000_read_197_count_1    13.73%    passed     97.25%
 665  200814_20-09728_HIV09-02843_FL30_S2_L000_read_198_count_1    13.73%    passed     99.27%
 666  200814_20-09728_HIV09-02843_FL30_S2_L000_read_199_count_1    13.73%    passed     97.25%
 667  200814_20-09728_HIV09-02843_FL30_S2_L000_read_200_count_1    13.73%    passed     90.82%
 668  200814_20-09728_HIV09-02843_FL30_S2_L000_read_201_count_1    13.73%    passed     99.71%
 669  200814_20-09728_HIV09-02843_FL30_S2_L000_read_202_count_1    13.73%    passed     99.08%
 670  200814_20-09728_HIV09-02843_FL30_S2_L000_read_203_count_1    13.73%    passed     99.53%
 671  200814_20-09728_HIV09-02843_FL30_S2_L000_read_204_count_1    13.73%    passed     99.08%
 672  200814_20-09728_HIV09-02843_FL30_S2_L000_read_205_count_1    13.73%    passed     99.15%
 673  200814_20-09728_HIV09-02843_FL30_S2_L000_read_206_count_1    13.24%    passed     97.86%
 674  200814_20-09728_HIV09-02843_FL30_S2_L000_read_207_count_1    13.73%    passed     99.15%
 675  200814_20-09728_HIV09-02843_FL30_S2_L000_read_208_count_1    13.73%    passed     91.49%
 676  200814_20-09728_HIV09-02843_FL30_S2_L000_read_209_count_1    13.73%    passed     97.70%
 677  200814_20-09728_HIV09-02843_FL30_S2_L000_read_210_count_1    13.73%    passed     99.96%
 678  200814_20-09728_HIV09-02843_FL30_S2_L000_read_211_count_1    13.73%    passed     99.11%
 679  200724_20-08522_HIV11-02415_FL24_S18_L000_read_1_count_562   13.73%    passed     97.80%
 680  200724_20-08522_HIV11-02415_FL24_S18_L000_read_2_count_68    13.73%    passed     99.41%
 681  200724_20-08522_HIV11-02415_FL24_S18_L000_read_3_count_47    13.73%    passed     99.41%
 682  200724_20-08522_HIV11-02415_FL24_S18_L000_read_4_count_33    13.73%    passed     94.05%
 683  200724_20-08522_HIV11-02415_FL24_S18_L000_read_5_count_32    13.73%    passed     95.11%
 684  200724_20-08522_HIV11-02415_FL24_S18_L000_read_6_count_21    13.73%    passed     99.72%
 685  200724_20-08522_HIV11-02415_FL24_S18_L000_read_7_count_19    13.73%    passed     95.11%
 686  200724_20-08522_HIV11-02415_FL24_S18_L000_read_8_count_13    13.73%    passed     98.31%
 687  200724_20-08522_HIV11-02415_FL24_S18_L000_read_9_count_9     13.73%    passed     94.05%
 688  200724_20-08522_HIV11-02415_FL24_S18_L000_read_10_count_7    13.73%    passed     95.11%
 689  200724_20-08522_HIV11-02415_FL24_S18_L000_read_11_count_7    13.73%    passed     94.05%
 690  200724_20-08522_HIV11-02415_FL24_S18_L000_read_12_count_6    13.73%    passed     99.41%
 691  200724_20-08522_HIV11-02415_FL24_S18_L000_read_13_count_5    13.24%    passed     96.54%
 692  200724_20-08522_HIV11-02415_FL24_S18_L000_read_14_count_5    13.73%    passed     99.41%
 693  200724_20-08522_HIV11-02415_FL24_S18_L000_read_15_count_5    13.73%    passed     99.41%
 694  200724_20-08522_HIV11-02415_FL24_S18_L000_read_16_count_5    13.73%    passed     95.11%
 695  200724_20-08522_HIV11-02415_FL24_S18_L000_read_17_count_5    13.73%    passed     94.05%
 696  200724_20-08522_HIV11-02415_FL24_S18_L000_read_18_count_5    13.73%    passed     98.31%
 697  200724_20-08522_HIV11-02415_FL24_S18_L000_read_19_count_4    13.73%    passed     98.31%
 698  200724_20-08522_HIV11-02415_FL24_S18_L000_read_20_count_4    13.73%    passed     99.41%
 699  200724_20-08522_HIV11-02415_FL24_S18_L000_read_21_count_4    13.73%    passed     95.11%
 700  200724_20-08522_HIV11-02415_FL24_S18_L000_read_22_count_4    13.73%    passed     98.31%
 701  200724_20-08522_HIV11-02415_FL24_S18_L000_read_23_count_4    13.24%    passed     96.54%
 702  200724_20-08522_HIV11-02415_FL24_S18_L000_read_24_count_3    13.73%    passed     94.05%
 703  200724_20-08522_HIV11-02415_FL24_S18_L000_read_25_count_3    13.73%    passed     98.68%
 704  200724_20-08522_HIV11-02415_FL24_S18_L000_read_26_count_3    14.22%    passed     95.74%
 705  200724_20-08522_HIV11-02415_FL24_S18_L000_read_27_count_3    13.73%    passed     99.72%
 706  200724_20-08522_HIV11-02415_FL24_S18_L000_read_28_count_3    13.73%    passed     99.11%
 707  200724_20-08522_HIV11-02415_FL24_S18_L000_read_29_count_3    13.73%    passed     99.41%
 708  200724_20-08522_HIV11-02415_FL24_S18_L000_read_30_count_3    13.73%    passed     98.31%
 709  200724_20-08522_HIV11-02415_FL24_S18_L000_read_31_count_3    13.73%    passed     94.05%
 710  200724_20-08522_HIV11-02415_FL24_S18_L000_read_32_count_3    13.73%    passed     94.05%
 711  200724_20-08522_HIV11-02415_FL24_S18_L000_read_33_count_2    13.73%    passed     99.72%
 712  200724_20-08522_HIV11-02415_FL24_S18_L000_read_34_count_2    13.73%    passed     97.80%
 713  200724_20-08522_HIV11-02415_FL24_S18_L000_read_35_count_2    13.73%    passed     94.05%
 714  200724_20-08522_HIV11-02415_FL24_S18_L000_read_36_count_2    13.73%    passed     99.11%
 715  200724_20-08522_HIV11-02415_FL24_S18_L000_read_37_count_2    13.73%    passed     99.41%
 716  200724_20-08522_HIV11-02415_FL24_S18_L000_read_38_count_2    13.73%    passed     94.72%
 717  200724_20-08522_HIV11-02415_FL24_S18_L000_read_39_count_2    13.73%    passed     99.73%
 718  200724_20-08522_HIV11-02415_FL24_S18_L000_read_40_count_2    13.73%    passed     96.31%
 719  200724_20-08522_HIV11-02415_FL24_S18_L000_read_41_count_2    13.73%    passed     99.41%
 720  200724_20-08522_HIV11-02415_FL24_S18_L000_read_42_count_2    13.73%    passed     94.05%
 721  200724_20-08522_HIV11-02415_FL24_S18_L000_read_43_count_2    13.73%    passed     96.96%
 722  200724_20-08522_HIV11-02415_FL24_S18_L000_read_44_count_2    13.73%    passed     99.11%
 723  200724_20-08522_HIV11-02415_FL24_S18_L000_read_45_count_2    13.73%    passed     99.73%
 724  200724_20-08522_HIV11-02415_FL24_S18_L000_read_46_count_2    13.73%    passed     97.80%
 725  200724_20-08522_HIV11-02415_FL24_S18_L000_read_47_count_2    13.73%    passed     97.80%
 726  200724_20-08522_HIV11-02415_FL24_S18_L000_read_48_count_2    13.73%    passed     99.41%
 727  200724_20-08522_HIV11-02415_FL24_S18_L000_read_49_count_2    13.73%    passed     94.05%
 728  200724_20-08522_HIV11-02415_FL24_S18_L000_read_50_count_2    13.73%    passed     94.75%
 729  200724_20-08522_HIV11-02415_FL24_S18_L000_read_51_count_2    13.24%    passed     97.12%
 730  200724_20-08522_HIV11-02415_FL24_S18_L000_read_52_count_2    13.73%    passed     97.80%
 731  200724_20-08522_HIV11-02415_FL24_S18_L000_read_53_count_2    13.73%    passed     98.31%
 732  200724_20-08522_HIV11-02415_FL24_S18_L000_read_54_count_2    13.73%    passed     97.80%
 733  200724_20-08522_HIV11-02415_FL24_S18_L000_read_55_count_2    13.73%    passed     94.05%
 734  200724_20-08522_HIV11-02415_FL24_S18_L000_read_56_count_2    13.24%    passed     91.91%
 735  200724_20-08522_HIV11-02415_FL24_S18_L000_read_57_count_2    13.73%    passed     94.05%
 736  200724_20-08522_HIV11-02415_FL24_S18_L000_read_58_count_2    13.73%    passed     89.15%
 737  200724_20-08522_HIV11-02415_FL24_S18_L000_read_59_count_2    13.73%    passed     94.75%
 738  200724_20-08522_HIV11-02415_FL24_S18_L000_read_60_count_2    13.73%    passed     98.31%
 739  200724_20-08522_HIV11-02415_FL24_S18_L000_read_61_count_2    13.73%    passed     96.31%
 740  200724_20-08522_HIV11-02415_FL24_S18_L000_read_62_count_2    13.73%    passed     94.05%
 741  200724_20-08522_HIV11-02415_FL24_S18_L000_read_63_count_1    13.73%    passed     95.11%
 742  200724_20-08522_HIV11-02415_FL24_S18_L000_read_64_count_1    13.73%    passed     94.41%
 743  200724_20-08522_HIV11-02415_FL24_S18_L000_read_65_count_1    13.73%    passed     97.21%
 744  200724_20-08522_HIV11-02415_FL24_S18_L000_read_66_count_1    14.22%    passed     98.66%
 745  200724_20-08522_HIV11-02415_FL24_S18_L000_read_67_count_1    13.73%    passed     99.11%
 746  200724_20-08522_HIV11-02415_FL24_S18_L000_read_68_count_1    13.73%    passed     97.90%
 747  200724_20-08522_HIV11-02415_FL24_S18_L000_read_69_count_1    13.73%    passed     96.38%
 748  200724_20-08522_HIV11-02415_FL24_S18_L000_read_70_count_1    13.73%    passed     97.80%
 749  200724_20-08522_HIV11-02415_FL24_S18_L000_read_71_count_1    13.73%    passed     90.83%
 750  200724_20-08522_HIV11-02415_FL24_S18_L000_read_72_count_1    13.73%    passed     92.99%
 751  200724_20-08522_HIV11-02415_FL24_S18_L000_read_73_count_1    13.24%    passed     91.91%
 752  200724_20-08522_HIV11-02415_FL24_S18_L000_read_74_count_1    13.73%    passed     99.41%
 753  200724_20-08522_HIV11-02415_FL24_S18_L000_read_75_count_1    13.73%    passed     99.72%
 754  200724_20-08522_HIV11-02415_FL24_S18_L000_read_76_count_1    13.73%    passed     97.16%
 755  200724_20-08522_HIV11-02415_FL24_S18_L000_read_77_count_1    14.22%    passed     95.74%
 756  200724_20-08522_HIV11-02415_FL24_S18_L000_read_78_count_1    13.73%    passed     94.75%
 757  200724_20-08522_HIV11-02415_FL24_S18_L000_read_79_count_1    13.73%    passed     99.73%
 758  200724_20-08522_HIV11-02415_FL24_S18_L000_read_80_count_1    14.22%    passed     95.74%
 759  200724_20-08522_HIV11-02415_FL24_S18_L000_read_81_count_1    13.73%    passed     97.80%
 760  200724_20-08522_HIV11-02415_FL24_S18_L000_read_82_count_1    13.73%    passed     94.41%
 761  200724_20-08522_HIV11-02415_FL24_S18_L000_read_83_count_1    13.73%    passed     84.14%
 762  200724_20-08522_HIV11-02415_FL24_S18_L000_read_84_count_1    13.73%    passed     78.81%
 763  200724_20-08522_HIV11-02415_FL24_S18_L000_read_85_count_1    13.73%    passed     94.41%
 764  200724_20-08522_HIV11-02415_FL24_S18_L000_read_86_count_1    13.73%    passed     99.44%
 765  200724_20-08522_HIV11-02415_FL24_S18_L000_read_87_count_1    13.73%    passed     87.69%
 766  200724_20-08522_HIV11-02415_FL24_S18_L000_read_88_count_1    13.73%    passed     94.05%
 767  200724_20-08522_HIV11-02415_FL24_S18_L000_read_89_count_1    13.73%    passed     99.15%
 768  200724_20-08522_HIV11-02415_FL24_S18_L000_read_90_count_1    14.22%    passed     98.10%
 769  200724_20-08522_HIV11-02415_FL24_S18_L000_read_91_count_1    13.73%    passed     99.41%
 770  200724_20-08522_HIV11-02415_FL24_S18_L000_read_92_count_1    13.73%    passed     99.11%
 771  200724_20-08522_HIV11-02415_FL24_S18_L000_read_93_count_1    13.73%    passed     99.44%
 772  200724_20-08522_HIV11-02415_FL24_S18_L000_read_94_count_1    13.73%    passed     94.41%
 773  200724_20-08522_HIV11-02415_FL24_S18_L000_read_95_count_1    13.73%    passed     99.95%
 774  200724_20-08522_HIV11-02415_FL24_S18_L000_read_96_count_1    13.73%    passed     97.80%
 775  200724_20-08522_HIV11-02415_FL24_S18_L000_read_97_count_1    13.73%    passed     98.31%
 776  200724_20-08522_HIV11-02415_FL24_S18_L000_read_98_count_1    13.73%    passed     99.41%
 777  200724_20-08522_HIV11-02415_FL24_S18_L000_read_99_count_1    13.73%    passed     94.41%
 778  200724_20-08522_HIV11-02415_FL24_S18_L000_read_100_count_1   13.73%    passed     87.69%
 779  200724_20-08522_HIV11-02415_FL24_S18_L000_read_101_count_1   13.73%    passed     97.27%
 780  200724_20-08522_HIV11-02415_FL24_S18_L000_read_102_count_1   13.73%    passed     96.38%
 781  200724_20-08522_HIV11-02415_FL24_S18_L000_read_103_count_1   13.73%    passed     99.41%
 782  200724_20-08522_HIV11-02415_FL24_S18_L000_read_104_count_1   13.73%    passed     97.80%
 783  200724_20-08522_HIV11-02415_FL24_S18_L000_read_105_count_1   13.73%    passed     97.80%
 784  200724_20-08522_HIV11-02415_FL24_S18_L000_read_106_count_1   13.73%    passed     98.68%
 785  200724_20-08522_HIV11-02415_FL24_S18_L000_read_107_count_1   13.73%    passed     97.80%
 786  200724_20-08522_HIV11-02415_FL24_S18_L000_read_108_count_1   13.73%    passed     90.83%
 787  200724_20-08522_HIV11-02415_FL24_S18_L000_read_109_count_1   13.73%    passed     99.11%
 788  200724_20-08522_HIV11-02415_FL24_S18_L000_read_110_count_1   13.73%    passed     99.41%
 789  200724_20-08522_HIV11-02415_FL24_S18_L000_read_111_count_1   13.73%    passed     87.69%
 790  200724_20-08522_HIV11-02415_FL24_S18_L000_read_112_count_1   13.73%    passed     94.05%
 791  200724_20-08522_HIV11-02415_FL24_S18_L000_read_113_count_1   13.73%    passed     99.72%
 792  200724_20-08522_HIV11-02415_FL24_S18_L000_read_114_count_1   13.73%    passed     99.41%
 793  200724_20-08522_HIV11-02415_FL24_S18_L000_read_115_count_1   13.73%    passed     99.15%
 794  200724_20-08522_HIV11-02415_FL24_S18_L000_read_116_count_1   13.73%    passed     97.90%
 795  200724_20-08522_HIV11-02415_FL24_S18_L000_read_117_count_1   13.73%    passed     99.73%
 796  200724_20-08522_HIV11-02415_FL24_S18_L000_read_118_count_1   13.73%    passed     99.73%
 797  200724_20-08522_HIV11-02415_FL24_S18_L000_read_119_count_1   13.73%    passed     98.68%
 798  200724_20-08522_HIV11-02415_FL24_S18_L000_read_120_count_1   13.73%    passed     96.31%
 799  200724_20-08522_HIV11-02415_FL24_S18_L000_read_121_count_1   13.73%    passed     98.31%
 800  200724_20-08522_HIV11-02415_FL24_S18_L000_read_122_count_1   13.73%    passed     97.27%
 801  200724_20-08522_HIV11-02415_FL24_S18_L000_read_123_count_1   13.73%    passed     96.96%
 802  200724_20-08522_HIV11-02415_FL24_S18_L000_read_124_count_1   13.73%    passed     98.31%
 803  200724_20-08522_HIV11-02415_FL24_S18_L000_read_125_count_1   13.73%    passed     97.80%
 804  200724_20-08522_HIV11-02415_FL24_S18_L000_read_126_count_1   13.73%    passed     88.75%
 805  200724_20-08522_HIV11-02415_FL24_S18_L000_read_127_count_1   13.73%    passed     90.83%
 806  200724_20-08522_HIV11-02415_FL24_S18_L000_read_128_count_1   13.73%    passed     86.46%
 807  200724_20-08522_HIV11-02415_FL24_S18_L000_read_129_count_1   13.73%    passed     94.05%
 808  200724_20-08522_HIV11-02415_FL24_S18_L000_read_130_count_1   13.73%    passed     99.95%
 809  200724_20-08522_HIV11-02415_FL24_S18_L000_read_131_count_1   13.73%    passed     68.02%
 810  200724_20-08522_HIV11-02415_FL24_S18_L000_read_132_count_1   13.73%    passed     98.31%
 811  200724_20-08522_HIV11-02415_FL24_S18_L000_read_133_count_1   14.22%    passed     90.26%
 812  200724_20-08522_HIV11-02415_FL24_S18_L000_read_134_count_1   13.73%    passed     95.80%
 813  200724_20-08522_HIV11-02415_FL24_S18_L000_read_135_count_1   13.24%    passed     93.62%
 814  200724_20-08522_HIV11-02415_FL24_S18_L000_read_136_count_1   13.24%    passed     91.91%
 815  200724_20-08522_HIV11-02415_FL24_S18_L000_read_137_count_1   13.73%    passed     88.75%
 816  200724_20-08522_HIV11-02415_FL24_S18_L000_read_138_count_1   13.73%    passed     99.44%
 817  200724_20-08522_HIV11-02415_FL24_S18_L000_read_139_count_1   13.73%    passed     99.41%
 818  200724_20-08522_HIV11-02415_FL24_S18_L000_read_140_count_1   13.73%    passed     97.80%
 819  200724_20-08522_HIV11-02415_FL24_S18_L000_read_141_count_1   13.73%    passed     87.69%
 820  200724_20-08522_HIV11-02415_FL24_S18_L000_read_142_count_1   13.73%    passed     90.83%
 821  200724_20-08522_HIV11-02415_FL24_S18_L000_read_143_count_1   13.73%    passed     99.41%
 822  200724_20-08522_HIV11-02415_FL24_S18_L000_read_144_count_1   13.73%    passed     99.95%
 823  200724_20-08522_HIV11-02415_FL24_S18_L000_read_145_count_1   13.73%    passed     97.80%
 824  200724_20-08522_HIV11-02415_FL24_S18_L000_read_146_count_1   13.73%    passed     94.75%
 825  200724_20-08522_HIV11-02415_FL24_S18_L000_read_147_count_1   13.73%    passed     95.11%
 826  200724_20-08522_HIV11-02415_FL24_S18_L000_read_148_count_1   13.73%    passed     98.31%
 827  200724_20-08522_HIV11-02415_FL24_S18_L000_read_149_count_1   13.73%    passed     94.05%
 828  200724_20-08522_HIV11-02415_FL24_S18_L000_read_150_count_1   13.73%    passed     99.41%
 829  200724_20-08522_HIV11-02415_FL24_S18_L000_read_151_count_1   13.73%    passed     99.44%
 830  200724_20-08522_HIV11-02415_FL24_S18_L000_read_152_count_1   13.73%    passed     97.90%
 831  200724_20-08522_HIV11-02415_FL24_S18_L000_read_153_count_1   13.73%    passed     87.69%
 832  200724_20-08522_HIV11-02415_FL24_S18_L000_read_154_count_1   13.73%    passed     97.27%
 833  200724_20-08522_HIV11-02415_FL24_S18_L000_read_155_count_1   13.73%    passed     97.90%
 834  200724_20-08522_HIV11-02415_FL24_S18_L000_read_156_count_1   13.73%    passed     98.68%
 835  200724_20-08522_HIV11-02415_FL24_S18_L000_read_157_count_1   13.73%    passed     94.72%
 836  200724_20-08522_HIV11-02415_FL24_S18_L000_read_158_count_1   13.73%    passed     97.90%
 837  200724_20-08522_HIV11-02415_FL24_S18_L000_read_159_count_1   13.73%    passed     98.42%
 838  200724_20-08522_HIV11-02415_FL24_S18_L000_read_160_count_1   13.73%    passed     98.31%
 839  200724_20-08522_HIV11-02415_FL24_S18_L000_read_161_count_1   13.73%    passed     90.83%
 840  200724_20-08522_HIV11-02415_FL24_S18_L000_read_162_count_1   13.73%    passed     98.31%
 841  200724_20-08522_HIV11-02415_FL24_S18_L000_read_163_count_1   13.73%    passed     90.44%
 842  200724_20-08522_HIV11-02415_FL24_S18_L000_read_164_count_1   13.73%    passed     99.41%
 843  200724_20-08522_HIV11-02415_FL24_S18_L000_read_165_count_1   13.73%    passed     97.80%
 844  200724_20-08522_HIV11-02415_FL24_S18_L000_read_166_count_1   13.73%    passed     97.27%
 845  200724_20-08522_HIV11-02415_FL24_S18_L000_read_167_count_1   13.73%    passed     96.31%
 846  200724_20-08522_HIV11-02415_FL24_S18_L000_read_168_count_1   13.73%    passed     94.05%
 847  200724_20-08522_HIV11-02415_FL24_S18_L000_read_169_count_1   13.73%    passed     99.72%
 848  200724_20-08522_HIV11-02415_FL24_S18_L000_read_170_count_1   13.73%    passed     90.83%
 849  200724_20-08522_HIV11-02415_FL24_S18_L000_read_171_count_1   13.73%    passed     96.93%
 850  200724_20-08522_HIV11-02415_FL24_S18_L000_read_172_count_1   13.73%    passed     95.11%
 851  200724_20-08522_HIV11-02415_FL24_S18_L000_read_173_count_1   13.73%    passed     97.90%
 852  200724_20-08522_HIV11-02415_FL24_S18_L000_read_174_count_1   13.73%    passed     94.05%
 853  200724_20-08522_HIV11-02415_FL24_S18_L000_read_175_count_1   13.73%    passed     94.05%
 854  200724_20-08522_HIV11-02415_FL24_S18_L000_read_176_count_1   13.73%    passed     99.20%
 855  200724_20-08522_HIV11-02415_FL24_S18_L000_read_177_count_1   13.73%    passed     95.11%
 856  200724_20-08522_HIV11-02415_FL24_S18_L000_read_178_count_1   13.24%    passed     99.32%
 857  200724_20-08522_HIV11-02415_FL24_S18_L000_read_179_count_1   13.73%    passed     97.27%
 858  200724_20-08522_HIV11-02415_FL24_S18_L000_read_180_count_1   13.24%    passed     91.91%
 859  200724_20-08522_HIV11-02415_FL24_S18_L000_read_181_count_1   13.73%    passed     99.41%
 860  200724_20-08522_HIV11-02415_FL24_S18_L000_read_182_count_1   13.24%    passed     99.26%
 861  200724_20-08522_HIV11-02415_FL24_S18_L000_read_183_count_1   13.73%    passed     94.41%
 862  200724_20-08522_HIV11-02415_FL24_S18_L000_read_184_count_1   13.73%    passed     98.68%
 863  200724_20-08522_HIV11-02415_FL24_S18_L000_read_185_count_1   13.73%    passed     99.44%
 864  200724_20-08522_HIV11-02415_FL24_S18_L000_read_186_count_1   13.73%    passed     91.99%
 865  200724_20-08522_HIV11-02415_FL24_S18_L000_read_187_count_1   13.73%    passed     95.11%
 866  200724_20-08522_HIV11-02415_FL24_S18_L000_read_188_count_1   13.73%    passed     99.11%
 867  200724_20-08522_HIV11-02415_FL24_S18_L000_read_189_count_1   13.73%    passed     98.31%
 868  200724_20-08522_HIV11-02415_FL24_S18_L000_read_190_count_1   13.73%    passed     99.44%
 869  200724_20-08522_HIV11-02415_FL24_S18_L000_read_191_count_1   13.73%    passed     94.41%
 870  200724_20-08522_HIV11-02415_FL24_S18_L000_read_192_count_1   13.73%    passed     98.68%
 871  200724_20-08522_HIV11-02415_FL24_S18_L000_read_193_count_1   13.73%    passed     95.09%
 872  200724_20-08522_HIV11-02415_FL24_S18_L000_read_194_count_1   13.73%    passed     88.32%
 873  200724_20-08522_HIV11-02415_FL24_S18_L000_read_195_count_1   13.73%    passed     96.50%
 874  200724_20-08522_HIV11-02415_FL24_S18_L000_read_196_count_1   13.73%    passed     89.77%
 875  200724_20-08522_HIV11-02415_FL24_S18_L000_read_197_count_1   13.73%    passed     89.40%
 876  200724_20-08522_HIV11-02415_FL24_S18_L000_read_198_count_1   13.73%    passed     94.05%
 877  200724_20-08522_HIV11-02415_FL24_S18_L000_read_199_count_1   13.24%    passed     98.85%
 878  200724_20-08522_HIV11-02415_FL24_S18_L000_read_200_count_1   13.73%    passed     99.72%
 879  200724_20-08522_HIV11-02415_FL24_S18_L000_read_201_count_1   13.73%    passed     94.41%
 880  200724_20-08522_HIV11-02415_FL24_S18_L000_read_202_count_1   13.73%    passed     99.41%
 881  200724_20-08522_HIV11-02415_FL24_S18_L000_read_203_count_1   13.73%    passed     99.41%
 882  200724_20-08522_HIV11-02415_FL24_S18_L000_read_204_count_1   13.24%    passed     97.12%
 883  200724_20-08522_HIV11-02415_FL24_S18_L000_read_205_count_1   13.73%    passed     94.05%
 884  200724_20-08522_HIV11-02415_FL24_S18_L000_read_206_count_1   13.73%    passed     94.41%
 885  200724_20-08522_HIV11-02415_FL24_S18_L000_read_207_count_1   13.73%    passed     99.15%
 886  200724_20-08522_HIV11-02415_FL24_S18_L000_read_208_count_1   13.73%    passed     97.16%
 887  200724_20-08522_HIV11-02415_FL24_S18_L000_read_209_count_1   13.73%    passed     98.31%
 888  200724_20-08522_HIV11-02415_FL24_S18_L000_read_210_count_1   13.73%    passed     94.05%
 889  200724_20-08522_HIV11-02415_FL24_S18_L000_read_211_count_1   13.73%    passed     97.27%
 890  200724_20-08522_HIV11-02415_FL24_S18_L000_read_212_count_1   13.73%    passed     99.15%
 891  200724_20-08522_HIV11-02415_FL24_S18_L000_read_213_count_1   13.73%    passed     94.05%
 892  200724_20-08522_HIV11-02415_FL24_S18_L000_read_214_count_1   14.22%    passed     98.66%
 893  200724_20-08522_HIV11-02415_FL24_S18_L000_read_215_count_1   13.24%    passed     97.12%
 894  200724_20-08522_HIV11-02415_FL24_S18_L000_read_216_count_1   13.73%    passed     99.11%
 895  200724_20-08522_HIV11-02415_FL24_S18_L000_read_217_count_1   13.73%    passed     94.72%
 896  200724_20-08522_HIV11-02415_FL24_S18_L000_read_218_count_1   13.73%    passed     90.83%
 897  200724_20-08522_HIV11-02415_FL24_S18_L000_read_219_count_1   13.73%    passed     97.27%
 898  200724_20-08522_HIV11-02415_FL24_S18_L000_read_220_count_1   13.73%    passed     99.41%
 899  200724_20-08522_HIV11-02415_FL24_S18_L000_read_221_count_1   13.73%    passed     99.41%
 900  200724_20-08522_HIV11-02415_FL24_S18_L000_read_222_count_1   13.73%    passed     94.05%
 901  200724_20-08522_HIV11-02415_FL24_S18_L000_read_223_count_1   13.73%    passed     98.31%
 902  200724_20-08522_HIV11-02415_FL24_S18_L000_read_224_count_1   13.73%    passed     99.41%
 903  200724_20-08522_HIV11-02415_FL24_S18_L000_read_225_count_1   13.73%    passed     98.79%
 904  200724_20-08522_HIV11-02415_FL24_S18_L000_read_226_count_1   13.73%    passed     94.72%
 905  200724_20-08522_HIV11-02415_FL24_S18_L000_read_227_count_1   13.73%    passed     97.80%
 906  200724_20-08522_HIV11-02415_FL24_S18_L000_read_228_count_1   13.73%    passed     97.90%
 907  200724_20-08522_HIV11-02415_FL24_S18_L000_read_229_count_1   13.73%    passed     99.94%
 908  200724_20-08522_HIV11-02415_FL24_S18_L000_read_230_count_1   13.73%    passed     98.68%
 909  200724_20-08522_HIV11-02415_FL24_S18_L000_read_231_count_1   13.73%    passed     91.07%
 910  200724_20-08522_HIV11-02415_FL24_S18_L000_read_232_count_1   13.73%    passed     99.20%
 911  200724_20-08522_HIV11-02415_FL24_S18_L000_read_233_count_1   13.73%    passed     94.05%
 912  200724_20-08522_HIV11-02415_FL24_S18_L000_read_234_count_1   13.73%    passed     98.68%
 913  200724_20-08522_HIV11-02415_FL24_S18_L000_read_235_count_1   13.73%    passed     99.73%
 914  200724_20-08522_HIV11-02415_FL24_S18_L000_read_236_count_1   13.73%    passed     96.31%
 915  200724_20-08522_HIV11-02415_FL24_S18_L000_read_237_count_1   13.73%    passed     97.80%
 916  200724_20-08522_HIV11-02415_FL24_S18_L000_read_238_count_1   13.73%    passed     94.72%
 917  200724_20-08522_HIV11-02415_FL24_S18_L000_read_239_count_1   13.73%    passed     99.44%
 918  200724_20-08522_HIV11-02415_FL24_S18_L000_read_240_count_1   13.73%    passed     98.31%
 919  200724_20-08522_HIV11-02415_FL24_S18_L000_read_241_count_1   13.73%    passed     78.81%
 920  200724_20-08522_HIV11-02415_FL24_S18_L000_read_242_count_1   13.73%    passed     96.31%
 921  200724_20-08522_HIV11-02415_FL24_S18_L000_read_243_count_1   13.73%    passed     94.72%
 922  200724_20-08522_HIV11-02415_FL24_S18_L000_read_244_count_1   13.73%    passed     97.90%
 923  200724_20-08522_HIV11-02415_FL24_S18_L000_read_245_count_1   13.73%    passed     97.27%
 924  200724_20-08522_HIV11-02415_FL24_S18_L000_read_246_count_1   13.73%    passed     95.96%
 925  200724_20-08522_HIV11-02415_FL24_S18_L000_read_247_count_1   13.73%    passed     96.96%
 926  200724_20-08522_HIV11-02415_FL24_S18_L000_read_248_count_1   13.73%    passed     98.68%
 927  200724_20-08522_HIV11-02415_FL24_S18_L000_read_249_count_1   13.73%    passed     94.75%
 928  200724_20-08522_HIV11-02415_FL24_S18_L000_read_250_count_1   13.73%    passed     89.37%
 929  200724_20-08522_HIV11-02415_FL24_S18_L000_read_251_count_1   13.73%    passed     97.16%
 930  200724_20-08522_HIV11-02415_FL24_S18_L000_read_252_count_1   13.73%    passed     99.73%
 931  200724_20-08522_HIV11-02415_FL24_S18_L000_read_253_count_1   13.73%    passed     98.68%
 932  200724_20-08522_HIV11-02415_FL24_S18_L000_read_254_count_1   13.73%    passed     68.02%
 933  200724_20-08522_HIV11-02415_FL24_S18_L000_read_255_count_1   13.73%    passed     98.68%
 934  200724_20-08522_HIV11-02415_FL24_S18_L000_read_256_count_1   13.73%    passed     99.94%
 935  B.FR.83.HXB2_LAI_IIIB_BRU.K03455                             13.73%    passed     99.55%
 936  C.BW.00.00BW07621.AF443088                                   13.73%    passed     93.18%
****  TOTAL                                                        13.71%  0 sequences failed composition chi2 test (p-value<5%; df=3)
Checking for duplicate sequences: done in 0.00292916 secs using 6.964% CPU

Create initial parsimony tree by phylogenetic likelihood library (PLL)... 0.155 seconds

NOTE: 36 MB RAM (0 GB) is required!
WARNING: Number of threads seems too high for short alignments. Use -T AUTO to determine best number of threads.
Estimate model parameters (epsilon = 0.100)
1. Initial log-likelihood: -7368.672
2. Current log-likelihood: -7043.566
3. Current log-likelihood: -7043.239
Optimal log-likelihood: -7043.205
Rate parameters:  A-C: 0.48230  A-G: 1.91682  A-T: 0.33220  C-G: 0.14253  C-T: 2.19163  G-T: 1.00000
Base frequencies:  A: 0.401  C: 0.177  G: 0.203  T: 0.219
Site proportion and rates:  (0.047,0.452) (0.139,0.504) (0.219,0.590) (0.248,0.805) (0.226,1.247) (0.122,2.451)
Parameters optimization took 3 rounds (4.772 sec)
Wrote distance file to... 
Computing ML distances based on estimated model parameters...
Calculating distance matrix: done in 2.06831 secs using 199.5% CPU
Computing ML distances took 2.071278 sec (of wall-clock time) 4.126724 sec (of CPU time)
Setting up auxiliary I and S matrices: done in 0.0464298 secs using 186% CPU
Constructing RapidNJ tree: done in 0.522615 secs using 147.1% CPU
Computing RapidNJ tree took 0.569217 sec (of wall-clock time) 0.854964 sec (of CPU time)
Log-likelihood of RapidNJ tree: -6970.713
--------------------------------------------------------------------
|             INITIALIZING CANDIDATE TREE SET                      |
--------------------------------------------------------------------
Generating 98 parsimony trees... 15.847 second
Computing log-likelihood of 98 initial trees ... 11.119 seconds
Current best score: -6970.713

Do NNI search on 20 best initial trees
Optimizing NNI: done in 2.09742 secs using 198.1% CPU
Estimate model parameters (epsilon = 0.100)
BETTER TREE FOUND at iteration 1: -6914.257
Optimizing NNI: done in 2.59098 secs using 195.9% CPU
Optimizing NNI: done in 2.61886 secs using 197.4% CPU
Optimizing NNI: done in 2.60726 secs using 197% CPU
Optimizing NNI: done in 2.29386 secs using 194.4% CPU
Optimizing NNI: done in 2.59282 secs using 194.6% CPU
Optimizing NNI: done in 1.38151 secs using 195.4% CPU
Optimizing NNI: done in 2.90567 secs using 195.6% CPU
Optimizing NNI: done in 2.00526 secs using 195% CPU
Optimizing NNI: done in 2.8917 secs using 195.5% CPU
Iteration 10 / LogL: -7024.200 / Time: 0h:1m:3s
Optimizing NNI: done in 2.73978 secs using 194.6% CPU
Optimizing NNI: done in 1.90966 secs using 195.4% CPU
Optimizing NNI: done in 1.57345 secs using 194.5% CPU
Optimizing NNI: done in 1.91068 secs using 195% CPU
Optimizing NNI: done in 1.83601 secs using 195.7% CPU
Optimizing NNI: done in 1.9123 secs using 194.4% CPU
Optimizing NNI: done in 1.5845 secs using 194% CPU
Optimizing NNI: done in 1.13941 secs using 195.6% CPU
Optimizing NNI: done in 1.5106 secs using 196.5% CPU
Optimizing NNI: done in 2.6381 secs using 195.8% CPU
Iteration 20 / LogL: -7047.508 / Time: 0h:1m:22s
Finish initializing candidate tree set (20)
Current best tree score: -6914.257 / CPU time: 74.400
Number of iterations: 20
--------------------------------------------------------------------
|               OPTIMIZING CANDIDATE TREE SET                      |
--------------------------------------------------------------------
Optimizing NNI: done in 2.31874 secs using 195.6% CPU
Optimizing NNI: done in 3.06078 secs using 195.5% CPU
Optimizing NNI: done in 2.4557 secs using 195.4% CPU
Optimizing NNI: done in 2.81142 secs using 195.7% CPU
Optimizing NNI: done in 2.95531 secs using 196.6% CPU
Optimizing NNI: done in 2.2674 secs using 195.8% CPU
Optimizing NNI: done in 2.53871 secs using 196.1% CPU
Optimizing NNI: done in 2.55971 secs using 195.7% CPU
Optimizing NNI: done in 3.4448 secs using 195.6% CPU
Optimizing NNI: done in 2.41749 secs using 196.5% CPU
Iteration 30 / LogL: -6958.916 / Time: 0h:1m:51s (0h:4m:31s left)
Optimizing NNI: done in 2.778 secs using 196.4% CPU
Optimizing NNI: done in 2.11047 secs using 196.3% CPU
Optimizing NNI: done in 3.3156 secs using 195.8% CPU
Optimizing NNI: done in 2.35241 secs using 196.1% CPU
Optimizing NNI: done in 2.12394 secs using 196% CPU
Optimizing NNI: done in 2.68934 secs using 196.3% CPU
Optimizing NNI: done in 2.2398 secs using 195.5% CPU
Optimizing NNI: done in 2.64368 secs using 194.4% CPU
Optimizing NNI: done in 2.4763 secs using 196% CPU
Optimizing NNI: done in 2.06574 secs using 196.1% CPU
Iteration 40 / LogL: -6944.319 / Time: 0h:2m:17s (0h:3m:34s left)
Optimizing NNI: done in 2.62518 secs using 195% CPU
Optimizing NNI: done in 2.61283 secs using 195.7% CPU
Optimizing NNI: done in 2.48559 secs using 195.8% CPU
Optimizing NNI: done in 1.88823 secs using 195.4% CPU
Optimizing NNI: done in 2.68644 secs using 197.6% CPU
Optimizing NNI: done in 1.98391 secs using 195.2% CPU
Optimizing NNI: done in 2.72723 secs using 196.1% CPU
Optimizing NNI: done in 3.10567 secs using 196.1% CPU
Optimizing NNI: done in 2.63256 secs using 194.9% CPU
Optimizing NNI: done in 2.75719 secs using 196.1% CPU
Iteration 50 / LogL: -6933.341 / Time: 0h:2m:44s (0h:2m:50s left)
Optimizing NNI: done in 2.36997 secs using 195.7% CPU
Optimizing NNI: done in 2.48708 secs using 196% CPU
Optimizing NNI: done in 2.84396 secs using 194.6% CPU
Optimizing NNI: done in 2.76775 secs using 195.2% CPU
Optimizing NNI: done in 2.2975 secs using 195.2% CPU
Optimizing NNI: done in 2.38514 secs using 197.1% CPU
Optimizing NNI: done in 3.03381 secs using 196.8% CPU
Optimizing NNI: done in 2.3847 secs using 195.9% CPU
Optimizing NNI: done in 2.42925 secs using 196.3% CPU
Optimizing NNI: done in 2.73747 secs using 196.3% CPU
Iteration 60 / LogL: -6954.823 / Time: 0h:3m:11s (0h:2m:12s left)
Optimizing NNI: done in 2.93852 secs using 196.1% CPU
Optimizing NNI: done in 2.19195 secs using 196.3% CPU
Optimizing NNI: done in 3.04942 secs using 195.6% CPU
Optimizing NNI: done in 2.81168 secs using 195.7% CPU
Optimizing NNI: done in 3.1222 secs using 196.9% CPU
Optimizing NNI: done in 2.96061 secs using 195.9% CPU
Optimizing NNI: done in 2.48053 secs using 194.6% CPU
Optimizing NNI: done in 2.09636 secs using 195.9% CPU
Optimizing NNI: done in 2.21362 secs using 195.9% CPU
Optimizing NNI: done in 2.56636 secs using 196.7% CPU
Iteration 70 / LogL: -6966.519 / Time: 0h:3m:38s (0h:1m:38s left)
Optimizing NNI: done in 2.5191 secs using 196.3% CPU
Optimizing NNI: done in 2.08848 secs using 194.2% CPU
Optimizing NNI: done in 2.44055 secs using 194.8% CPU
Optimizing NNI: done in 2.28218 secs using 196.1% CPU
Optimizing NNI: done in 2.29747 secs using 196.1% CPU
Optimizing NNI: done in 2.58442 secs using 195.7% CPU
Optimizing NNI: done in 3.12196 secs using 196.8% CPU
Optimizing NNI: done in 2.73104 secs using 196.1% CPU
Optimizing NNI: done in 1.98874 secs using 196.9% CPU
Optimizing NNI: done in 3.06407 secs using 196.1% CPU
Iteration 80 / LogL: -6932.665 / Time: 0h:4m:5s (0h:1m:5s left)
Optimizing NNI: done in 2.93807 secs using 197.1% CPU
Optimizing NNI: done in 2.49495 secs using 196% CPU
Optimizing NNI: done in 1.83312 secs using 195.1% CPU
Optimizing NNI: done in 2.51451 secs using 196% CPU
Optimizing NNI: done in 2.56217 secs using 196.5% CPU
Optimizing NNI: done in 4.25207 secs using 196.5% CPU
Optimizing NNI: done in 3.44186 secs using 195.1% CPU
Optimizing NNI: done in 2.88367 secs using 195.5% CPU
Optimizing NNI: done in 3.43143 secs using 196.7% CPU
Optimizing NNI: done in 2.94196 secs using 196% CPU
Iteration 90 / LogL: -6934.090 / Time: 0h:4m:36s (0h:0m:34s left)
Optimizing NNI: done in 1.83106 secs using 196.1% CPU
Optimizing NNI: done in 2.54558 secs using 195.8% CPU
Optimizing NNI: done in 2.39095 secs using 196.3% CPU
Optimizing NNI: done in 2.86947 secs using 195.9% CPU
Optimizing NNI: done in 1.86673 secs using 195.4% CPU
Optimizing NNI: done in 2.30592 secs using 195.8% CPU
Optimizing NNI: done in 2.26623 secs using 194.8% CPU
Optimizing NNI: done in 3.01917 secs using 196.4% CPU
Optimizing NNI: done in 3.34989 secs using 196.8% CPU
Optimizing NNI: done in 2.72058 secs using 197.2% CPU
Iteration 100 / LogL: -6926.394 / Time: 0h:5m:2s (0h:0m:3s left)
Optimizing NNI: done in 2.71317 secs using 195.2% CPU
Optimizing NNI: done in 3.00787 secs using 196.1% CPU
TREE SEARCH COMPLETED AFTER 102 ITERATIONS / Time: 0h:5m:8s

--------------------------------------------------------------------
|                    FINALIZING TREE SEARCH                        |
--------------------------------------------------------------------
Performs final model parameters optimization
Estimate model parameters (epsilon = 0.010)
1. Initial log-likelihood: -6914.257
2. Current log-likelihood: -6914.237
Optimal log-likelihood: -6914.229
Rate parameters:  A-C: 0.49217  A-G: 1.94664  A-T: 0.21597  C-G: 0.07492  C-T: 2.01328  G-T: 1.00000
Base frequencies:  A: 0.401  C: 0.177  G: 0.203  T: 0.219
Site proportion and rates:  (0.052,0.497) (0.155,0.549) (0.247,0.619) (0.260,0.713) (0.210,1.538) (0.075,3.024)
Parameters optimization took 2 rounds (2.266 sec)
BEST SCORE FOUND : -6914.229
Total tree length: 5.880

Total number of iterations: 102
CPU time used for tree search: 563.307 sec (0h:9m:23s)
Wall-clock time used for tree search: 300.029 sec (0h:5m:0s)
Total CPU time used: 583.958 sec (0h:9m:43s)
Total wall-clock time used: 310.843 sec (0h:5m:10s)

Analysis results written to: 
  IQ-TREE report:                IQTREE_bestTree.InWindow_2700_to_2950.iqtree
  Maximum-likelihood tree:       IQTREE_bestTree.InWindow_2700_to_2950.treefile
  Likelihood distances:          IQTREE_bestTree.InWindow_2700_to_2950.mldist
  Screen log file:               IQTREE_bestTree.InWindow_2700_to_2950.log

Date and Time: Tue Jul 25 09:43:20 2023
