IQ-TREE multicore version 2.2.2.7 COVID-edition for Linux 64-bit built Jun  7 2023
Developed by Bui Quang Minh, James Barbetti, Nguyen Lam Tung,
Olga Chernomor, Heiko Schmidt, Dominik Schrempf, Michael Woodhams, Ly Trong Nhan.

Host:    hpc-node03 (AVX2, FMA3, 1007 GB RAM)
Command: iqtree -s AlignedReadsInWindow_PositionsExcised_4610_to_4860.fasta -pre IQTREE_bestTree.InWindow_4610_to_4860 -m GTR+F+R6 -nt 4
Seed:    984855 (Using SPRNG - Scalable Parallel Random Number Generator)
Time:    Sun Jul 23 04:19:03 2023
Kernel:  AVX+FMA - 4 threads (4 CPU cores detected)

Reading alignment file AlignedReadsInWindow_PositionsExcised_4610_to_4860.fasta ... Fasta format detected
Reading fasta file: done in 0.00354581 secs using 42.28% CPU
Alignment most likely contains DNA/RNA sequences
Constructing alignment: done in 0.00134014 secs using 348% CPU
Alignment has 447 sequences with 264 columns, 204 distinct patterns
110 parsimony-informative, 73 singleton sites, 81 constant sites
                                                            Gap/Ambiguity  Composition  p-value
Analyzing sequences: done in 0.00810867 secs using 273.4% CPU
   1  200724_20-08522_HIV11-02415_FL24_S18_L000_read_1_count_176   14.02%    passed     99.92%
   2  200724_20-08522_HIV11-02415_FL24_S18_L000_read_2_count_52    14.02%    passed     99.91%
   3  200724_20-08522_HIV11-02415_FL24_S18_L000_read_3_count_25    14.02%    passed     99.99%
   4  200724_20-08522_HIV11-02415_FL24_S18_L000_read_4_count_19    14.02%    passed     99.91%
   5  200724_20-08522_HIV11-02415_FL24_S18_L000_read_5_count_6     14.02%    passed     99.85%
   6  200724_20-08522_HIV11-02415_FL24_S18_L000_read_6_count_4     14.02%    passed     99.91%
   7  200724_20-08522_HIV11-02415_FL24_S18_L000_read_7_count_4     14.02%    passed     99.60%
   8  200724_20-08522_HIV11-02415_FL24_S18_L000_read_8_count_3     14.02%    passed     99.99%
   9  200724_20-08522_HIV11-02415_FL24_S18_L000_read_9_count_3     14.02%    passed     99.99%
  10  200724_20-08522_HIV11-02415_FL24_S18_L000_read_10_count_3    14.02%    passed     99.91%
  11  200724_20-08522_HIV11-02415_FL24_S18_L000_read_11_count_3    14.02%    passed     99.91%
  12  200724_20-08522_HIV11-02415_FL24_S18_L000_read_12_count_3    14.02%    passed     99.47%
  13  200724_20-08522_HIV11-02415_FL24_S18_L000_read_13_count_3    14.02%    passed     99.40%
  14  200724_20-08522_HIV11-02415_FL24_S18_L000_read_14_count_2    14.02%    passed     99.90%
  15  200724_20-08522_HIV11-02415_FL24_S18_L000_read_15_count_2    14.02%    passed     97.83%
  16  200724_20-08522_HIV11-02415_FL24_S18_L000_read_16_count_2    14.02%    passed     99.47%
  17  200724_20-08522_HIV11-02415_FL24_S18_L000_read_17_count_2    14.02%    passed     99.91%
  18  200724_20-08522_HIV11-02415_FL24_S18_L000_read_18_count_2    14.02%    passed     99.44%
  19  200724_20-08522_HIV11-02415_FL24_S18_L000_read_19_count_2    14.02%    passed     99.91%
  20  200724_20-08522_HIV11-02415_FL24_S18_L000_read_20_count_2    14.02%    passed     99.91%
  21  200724_20-08522_HIV11-02415_FL24_S18_L000_read_21_count_2    14.02%    passed     99.40%
  22  200724_20-08522_HIV11-02415_FL24_S18_L000_read_22_count_2    14.02%    passed     98.93%
  23  200724_20-08522_HIV11-02415_FL24_S18_L000_read_23_count_2    14.02%    passed     98.26%
  24  200724_20-08522_HIV11-02415_FL24_S18_L000_read_24_count_2    14.02%    passed     99.91%
  25  200724_20-08522_HIV11-02415_FL24_S18_L000_read_25_count_2    14.02%    passed     99.04%
  26  200724_20-08522_HIV11-02415_FL24_S18_L000_read_26_count_2    14.02%    passed     99.91%
  27  200724_20-08522_HIV11-02415_FL24_S18_L000_read_27_count_2    14.02%    passed     99.47%
  28  200724_20-08522_HIV11-02415_FL24_S18_L000_read_28_count_2    14.02%    passed     99.90%
  29  200724_20-08522_HIV11-02415_FL24_S18_L000_read_29_count_1    14.02%    passed     98.46%
  30  200724_20-08522_HIV11-02415_FL24_S18_L000_read_30_count_1    14.02%    passed     97.40%
  31  200724_20-08522_HIV11-02415_FL24_S18_L000_read_31_count_1    14.02%    passed     99.47%
  32  200724_20-08522_HIV11-02415_FL24_S18_L000_read_32_count_1    14.02%    passed     99.88%
  33  200724_20-08522_HIV11-02415_FL24_S18_L000_read_33_count_1    14.02%    passed     99.72%
  34  200724_20-08522_HIV11-02415_FL24_S18_L000_read_34_count_1    14.02%    passed     99.99%
  35  200724_20-08522_HIV11-02415_FL24_S18_L000_read_35_count_1    14.02%    passed     99.90%
  36  200724_20-08522_HIV11-02415_FL24_S18_L000_read_36_count_1    14.02%    passed     99.72%
  37  200724_20-08522_HIV11-02415_FL24_S18_L000_read_37_count_1    14.02%    passed     99.78%
  38  200724_20-08522_HIV11-02415_FL24_S18_L000_read_38_count_1    14.02%    passed     99.72%
  39  200724_20-08522_HIV11-02415_FL24_S18_L000_read_39_count_1    14.02%    passed     99.91%
  40  200724_20-08522_HIV11-02415_FL24_S18_L000_read_40_count_1    14.02%    passed     99.99%
  41  200724_20-08522_HIV11-02415_FL24_S18_L000_read_41_count_1    14.02%    passed     99.64%
  42  200724_20-08522_HIV11-02415_FL24_S18_L000_read_42_count_1    14.02%    passed     99.00%
  43  200724_20-08522_HIV11-02415_FL24_S18_L000_read_43_count_1    14.02%    passed     97.83%
  44  200724_20-08522_HIV11-02415_FL24_S18_L000_read_44_count_1    14.02%    passed     96.24%
  45  200724_20-08522_HIV11-02415_FL24_S18_L000_read_45_count_1    14.02%    passed     99.92%
  46  200724_20-08522_HIV11-02415_FL24_S18_L000_read_46_count_1    14.02%    passed     99.72%
  47  200724_20-08522_HIV11-02415_FL24_S18_L000_read_47_count_1    14.02%    passed     99.40%
  48  200724_20-08522_HIV11-02415_FL24_S18_L000_read_48_count_1    14.02%    passed     99.40%
  49  200724_20-08522_HIV11-02415_FL24_S18_L000_read_49_count_1    14.02%    passed     99.90%
  50  200724_20-08522_HIV11-02415_FL24_S18_L000_read_50_count_1    26.89%    passed     93.79%
  51  200724_20-08522_HIV11-02415_FL24_S18_L000_read_51_count_1    14.02%    passed     98.93%
  52  200724_20-08522_HIV11-02415_FL24_S18_L000_read_52_count_1    14.02%    passed     99.60%
  53  200724_20-08522_HIV11-02415_FL24_S18_L000_read_53_count_1    14.02%    passed     99.88%
  54  200724_20-08522_HIV11-02415_FL24_S18_L000_read_54_count_1    14.02%    passed     99.88%
  55  200724_20-08522_HIV11-02415_FL24_S18_L000_read_55_count_1    14.02%    passed     99.47%
  56  200724_20-08522_HIV11-02415_FL24_S18_L000_read_56_count_1    14.02%    passed     99.00%
  57  200724_20-08522_HIV11-02415_FL24_S18_L000_read_57_count_1    14.02%    passed     97.90%
  58  200724_20-08522_HIV11-02415_FL24_S18_L000_read_58_count_1    14.02%    passed     99.41%
  59  200724_20-08522_HIV11-02415_FL24_S18_L000_read_59_count_1    14.02%    passed     99.25%
  60  200724_20-08522_HIV11-02415_FL24_S18_L000_read_60_count_1    14.02%    passed     99.92%
  61  200724_20-08522_HIV11-02415_FL24_S18_L000_read_61_count_1    14.02%    passed     99.72%
  62  200724_20-08522_HIV11-02415_FL24_S18_L000_read_62_count_1    14.02%    passed     98.25%
  63  200724_20-08522_HIV11-02415_FL24_S18_L000_read_63_count_1    14.02%    passed     99.85%
  64  200724_20-08522_HIV11-02415_FL24_S18_L000_read_64_count_1    14.02%    passed     98.19%
  65  200724_20-08522_HIV11-02415_FL24_S18_L000_read_65_count_1    14.02%    passed     99.36%
  66  200724_20-08522_HIV11-02415_FL24_S18_L000_read_66_count_1    14.02%    passed     99.72%
  67  200724_20-08522_HIV11-02415_FL24_S18_L000_read_67_count_1    14.02%    passed     99.78%
  68  200724_20-08522_HIV11-02415_FL24_S18_L000_read_68_count_1    14.02%    passed     99.85%
  69  200724_20-08522_HIV11-02415_FL24_S18_L000_read_69_count_1    14.02%    passed     99.92%
  70  200724_20-08522_HIV11-02415_FL24_S18_L000_read_70_count_1    14.02%    passed     99.00%
  71  200724_20-08522_HIV11-02415_FL24_S18_L000_read_71_count_1    14.02%    passed     98.93%
  72  200724_20-08522_HIV11-02415_FL24_S18_L000_read_72_count_1    13.64%    passed     99.77%
  73  200724_20-08522_HIV11-02415_FL24_S18_L000_read_73_count_1    14.02%    passed     99.72%
  74  200724_20-08522_HIV11-02415_FL24_S18_L000_read_74_count_1    14.02%    passed     99.92%
  75  200724_20-08522_HIV11-02415_FL24_S18_L000_read_75_count_1    14.02%    passed     99.99%
  76  200724_20-08522_HIV11-02415_FL24_S18_L000_read_76_count_1    14.02%    passed     99.44%
  77  200724_20-08522_HIV11-02415_FL24_S18_L000_read_77_count_1    14.02%    passed     99.40%
  78  200724_20-08522_HIV11-02415_FL24_S18_L000_read_78_count_1    14.02%    passed     97.83%
  79  200724_20-08522_HIV11-02415_FL24_S18_L000_read_79_count_1    14.02%    passed     95.62%
  80  200724_20-08522_HIV11-02415_FL24_S18_L000_read_80_count_1    14.02%    passed     99.36%
  81  200724_20-08522_HIV11-02415_FL24_S18_L000_read_81_count_1    14.02%    passed     99.64%
  82  200724_20-08522_HIV11-02415_FL24_S18_L000_read_82_count_1    14.02%    passed     98.17%
  83  200724_20-08522_HIV11-02415_FL24_S18_L000_read_83_count_1    14.02%    passed     99.88%
  84  200724_20-08522_HIV11-02415_FL24_S18_L000_read_84_count_1    16.67%    passed     92.46%
  85  200724_20-08522_HIV11-02415_FL24_S18_L000_read_85_count_1    14.02%    passed     99.91%
  86  200724_20-08522_HIV11-02415_FL24_S18_L000_read_86_count_1    14.02%    passed     99.92%
  87  200724_20-08522_HIV11-02415_FL24_S18_L000_read_87_count_1    14.02%    passed     98.11%
  88  200724_20-08522_HIV11-02415_FL24_S18_L000_read_88_count_1    14.02%    passed     94.72%
  89  200724_20-08522_HIV11-02415_FL24_S18_L000_read_89_count_1    14.02%    passed     99.55%
  90  200724_20-08522_HIV11-02415_FL24_S18_L000_read_90_count_1    14.02%    passed     98.93%
  91  200724_20-08522_HIV11-02415_FL24_S18_L000_read_91_count_1    14.02%    passed     96.56%
  92  200724_20-08522_HIV11-02415_FL24_S18_L000_read_92_count_1    14.02%    passed     99.85%
  93  200724_20-08522_HIV11-02415_FL24_S18_L000_read_93_count_1    14.02%    passed     99.81%
  94  200724_20-08522_HIV11-02415_FL24_S18_L000_read_94_count_1    14.02%    passed     99.78%
  95  200724_20-08522_HIV11-02415_FL24_S18_L000_read_95_count_1    14.02%    passed     99.88%
  96  200724_20-08522_HIV11-02415_FL24_S18_L000_read_96_count_1    14.02%    passed     99.78%
  97  200724_20-08522_HIV11-02415_FL24_S18_L000_read_97_count_1    14.02%    passed     99.40%
  98  200724_20-08522_HIV11-02415_FL24_S18_L000_read_98_count_1    14.02%    passed     99.64%
  99  200724_20-08522_HIV11-02415_FL24_S18_L000_read_99_count_1    14.02%    passed     99.81%
 100  200724_20-08522_HIV11-02415_FL24_S18_L000_read_100_count_1   13.64%    passed     99.97%
 101  200724_20-08522_HIV11-02415_FL24_S18_L000_read_101_count_1   14.02%    passed     99.44%
 102  200724_20-08522_HIV11-02415_FL24_S18_L000_read_102_count_1   14.02%    passed     99.91%
 103  200724_20-08522_HIV11-02415_FL24_S18_L000_read_103_count_1   14.02%    passed     99.40%
 104  200724_20-08522_HIV11-02415_FL24_S18_L000_read_104_count_1   14.02%    passed     99.47%
 105  200724_20-08522_HIV11-02415_FL24_S18_L000_read_105_count_1   14.02%    passed     99.72%
 106  200724_20-08522_HIV11-02415_FL24_S18_L000_read_106_count_1   14.02%    passed     99.41%
 107  200724_20-08522_HIV11-02415_FL24_S18_L000_read_107_count_1   14.02%    passed     97.44%
 108  200724_20-08522_HIV11-02415_FL24_S18_L000_read_108_count_1   14.02%    passed     99.85%
 109  200724_20-08522_HIV11-02415_FL24_S18_L000_read_109_count_1   14.02%    passed     98.46%
 110  200724_20-08522_HIV11-02415_FL24_S18_L000_read_110_count_1   14.02%    passed     99.41%
 111  200724_20-08522_HIV11-02415_FL24_S18_L000_read_111_count_1   14.02%    passed     98.25%
 112  200724_20-08522_HIV11-02415_FL24_S18_L000_read_112_count_1   14.02%    passed     99.85%
 113  200724_20-08522_HIV11-02415_FL24_S18_L000_read_113_count_1   14.02%    passed     99.40%
 114  200724_20-08522_HIV11-02415_FL24_S18_L000_read_114_count_1   14.02%    passed     99.92%
 115  200724_20-08522_HIV11-02415_FL24_S18_L000_read_115_count_1   14.02%    passed     99.85%
 116  200724_20-08522_HIV11-02415_FL24_S18_L000_read_116_count_1   14.02%    passed     99.90%
 117  200724_20-08522_HIV11-02415_FL24_S18_L000_read_117_count_1   14.02%    passed     99.99%
 118  200724_20-08522_HIV11-02415_FL24_S18_L000_read_118_count_1   14.02%    passed     99.25%
 119  200724_20-08522_HIV11-02415_FL24_S18_L000_read_119_count_1   14.02%    passed     99.78%
 120  200724_20-08522_HIV11-02415_FL24_S18_L000_read_120_count_1   14.02%    passed     99.90%
 121  200724_20-08522_HIV11-02415_FL24_S18_L000_read_121_count_1   14.02%    passed     99.60%
 122  200724_20-08522_HIV11-02415_FL24_S18_L000_read_122_count_1   14.02%    passed     97.40%
 123  200724_20-08522_HIV11-02415_FL24_S18_L000_read_123_count_1   13.64%    passed     99.97%
 124  200724_20-08522_HIV11-02415_FL24_S18_L000_read_124_count_1   14.02%    passed     99.41%
 125  200724_20-08522_HIV11-02415_FL24_S18_L000_read_125_count_1   14.02%    passed     99.72%
 126  200724_20-08522_HIV11-02415_FL24_S18_L000_read_126_count_1   14.02%    passed     99.47%
 127  200724_20-08522_HIV11-02415_FL24_S18_L000_read_127_count_1   14.02%    passed     97.83%
 128  200724_20-08522_HIV11-02415_FL24_S18_L000_read_128_count_1   14.39%    passed     99.62%
 129  200724_20-08522_HIV11-02415_FL24_S18_L000_read_129_count_1   14.02%    passed     97.83%
 130  200724_20-08522_HIV11-02415_FL24_S18_L000_read_130_count_1   23.48%    passed     92.75%
 131  200724_20-08522_HIV11-02415_FL24_S18_L000_read_131_count_1   14.02%    passed     99.85%
 132  200724_20-08522_HIV11-02415_FL24_S18_L000_read_132_count_1   14.02%    passed     99.41%
 133  200724_20-08522_HIV11-02415_FL24_S18_L000_read_133_count_1   14.02%    passed     99.91%
 134  200724_20-08522_HIV11-02415_FL24_S18_L000_read_134_count_1   14.02%    passed     99.25%
 135  200724_20-08522_HIV11-02415_FL24_S18_L000_read_135_count_1   14.02%    passed     99.00%
 136  200724_20-08522_HIV11-02415_FL24_S18_L000_read_136_count_1   14.02%    passed     99.04%
 137  200724_20-08522_HIV11-02415_FL24_S18_L000_read_137_count_1   14.02%    passed     99.91%
 138  200709_20-07994_HIV07-01067_FL21_S1_L000_read_1_count_343    14.02%    passed     99.90%
 139  200709_20-07994_HIV07-01067_FL21_S1_L000_read_2_count_66     14.02%    passed     99.04%
 140  200709_20-07994_HIV07-01067_FL21_S1_L000_read_3_count_5      14.02%    passed     99.88%
 141  200709_20-07994_HIV07-01067_FL21_S1_L000_read_4_count_4      14.02%    passed     99.88%
 142  200709_20-07994_HIV07-01067_FL21_S1_L000_read_5_count_3      14.02%    passed     99.92%
 143  200709_20-07994_HIV07-01067_FL21_S1_L000_read_6_count_3      14.02%    passed     99.88%
 144  200709_20-07994_HIV07-01067_FL21_S1_L000_read_7_count_2      14.02%    passed     99.88%
 145  200709_20-07994_HIV07-01067_FL21_S1_L000_read_8_count_2      14.02%    passed     99.04%
 146  200709_20-07994_HIV07-01067_FL21_S1_L000_read_9_count_2      14.02%    passed     99.60%
 147  200709_20-07994_HIV07-01067_FL21_S1_L000_read_10_count_2     14.02%    passed     99.92%
 148  200709_20-07994_HIV07-01067_FL21_S1_L000_read_11_count_2     14.02%    passed     99.88%
 149  200709_20-07994_HIV07-01067_FL21_S1_L000_read_12_count_2     14.02%    passed     99.92%
 150  200709_20-07994_HIV07-01067_FL21_S1_L000_read_13_count_2     14.02%    passed     99.88%
 151  200709_20-07994_HIV07-01067_FL21_S1_L000_read_14_count_1     14.02%    passed     99.60%
 152  200709_20-07994_HIV07-01067_FL21_S1_L000_read_15_count_1     14.02%    passed     99.99%
 153  200709_20-07994_HIV07-01067_FL21_S1_L000_read_16_count_1     14.02%    passed     99.88%
 154  200709_20-07994_HIV07-01067_FL21_S1_L000_read_17_count_1     14.39%    passed     99.72%
 155  200709_20-07994_HIV07-01067_FL21_S1_L000_read_18_count_1     14.02%    passed     99.92%
 156  200709_20-07994_HIV07-01067_FL21_S1_L000_read_19_count_1     14.02%    passed     99.90%
 157  200709_20-07994_HIV07-01067_FL21_S1_L000_read_20_count_1     14.02%    passed     99.43%
 158  200709_20-07994_HIV07-01067_FL21_S1_L000_read_21_count_1     14.02%    passed     99.92%
 159  200709_20-07994_HIV07-01067_FL21_S1_L000_read_22_count_1     14.02%    passed     99.43%
 160  200709_20-07994_HIV07-01067_FL21_S1_L000_read_23_count_1     14.02%    passed     99.60%
 161  200709_20-07994_HIV07-01067_FL21_S1_L000_read_24_count_1     14.02%    passed     98.79%
 162  200709_20-07994_HIV07-01067_FL21_S1_L000_read_25_count_1     14.02%    passed     99.88%
 163  200709_20-07994_HIV07-01067_FL21_S1_L000_read_26_count_1     14.02%    passed     98.87%
 164  200709_20-07994_HIV07-01067_FL21_S1_L000_read_27_count_1     14.77%    passed     99.77%
 165  200709_20-07994_HIV07-01067_FL21_S1_L000_read_28_count_1     14.02%    passed     97.95%
 166  200709_20-07994_HIV07-01067_FL21_S1_L000_read_29_count_1     14.02%    passed     99.92%
 167  200709_20-07994_HIV07-01067_FL21_S1_L000_read_30_count_1     14.02%    passed     99.91%
 168  200709_20-07994_HIV07-01067_FL21_S1_L000_read_31_count_1     14.02%    passed     97.95%
 169  200709_20-07994_HIV07-01067_FL21_S1_L000_read_32_count_1     14.02%    passed     99.43%
 170  200709_20-07994_HIV07-01067_FL21_S1_L000_read_33_count_1     14.02%    passed     99.90%
 171  200709_20-07994_HIV07-01067_FL21_S1_L000_read_34_count_1     14.02%    passed     99.85%
 172  200709_20-07994_HIV07-01067_FL21_S1_L000_read_35_count_1     14.02%    passed     99.81%
 173  200709_20-07994_HIV07-01067_FL21_S1_L000_read_36_count_1     14.02%    passed     99.43%
 174  200709_20-07994_HIV07-01067_FL21_S1_L000_read_37_count_1     14.02%    passed     98.79%
 175  200709_20-07994_HIV07-01067_FL21_S1_L000_read_38_count_1     14.02%    passed     99.91%
 176  200709_20-07994_HIV07-01067_FL21_S1_L000_read_39_count_1     14.02%    passed     99.43%
 177  200709_20-07994_HIV07-01067_FL21_S1_L000_read_40_count_1     14.02%    passed     99.21%
 178  200709_20-07994_HIV07-01067_FL21_S1_L000_read_41_count_1     14.02%    passed     99.99%
 179  200709_20-07994_HIV07-01067_FL21_S1_L000_read_42_count_1     14.02%    passed     99.88%
 180  200709_20-07994_HIV07-01067_FL21_S1_L000_read_43_count_1     14.02%    passed     99.43%
 181  200709_20-07994_HIV07-01067_FL21_S1_L000_read_44_count_1     14.02%    passed     99.88%
 182  200709_20-07994_HIV07-01067_FL21_S1_L000_read_45_count_1     14.02%    passed     97.77%
 183  200709_20-07994_HIV07-01067_FL21_S1_L000_read_46_count_1     14.02%    passed     97.95%
 184  200709_20-07994_HIV07-01067_FL21_S1_L000_read_47_count_1     14.02%    passed     99.29%
 185  200709_20-07994_HIV07-01067_FL21_S1_L000_read_48_count_1     14.02%    passed     99.04%
 186  200709_20-07994_HIV07-01067_FL21_S1_L000_read_49_count_1     14.02%    passed     99.92%
 187  200709_20-07994_HIV07-01067_FL21_S1_L000_read_50_count_1     14.02%    passed     99.90%
 188  200709_20-07994_HIV07-01067_FL21_S1_L000_read_51_count_1     14.39%    passed     99.72%
 189  200709_20-07994_HIV07-01067_FL21_S1_L000_read_52_count_1     14.02%    passed     98.79%
 190  200709_20-07994_HIV07-01067_FL21_S1_L000_read_53_count_1     14.02%    passed     99.90%
 191  200709_20-07994_HIV07-01067_FL21_S1_L000_read_54_count_1     14.02%    passed     99.88%
 192  200709_20-07994_HIV07-01067_FL21_S1_L000_read_55_count_1     14.02%    passed     99.41%
 193  200709_20-07994_HIV07-01067_FL21_S1_L000_read_56_count_1     14.02%    passed     99.92%
 194  200709_20-07994_HIV07-01067_FL21_S1_L000_read_57_count_1     14.02%    passed     98.69%
 195  200709_20-07994_HIV07-01067_FL21_S1_L000_read_58_count_1     14.02%    passed     99.47%
 196  200709_20-07994_HIV07-01067_FL21_S1_L000_read_59_count_1     14.02%    passed     99.47%
 197  200709_20-07994_HIV07-01067_FL21_S1_L000_read_60_count_1     14.02%    passed     99.36%
 198  200709_20-07994_HIV07-01067_FL21_S1_L000_read_61_count_1     14.02%    passed     99.60%
 199  200709_20-07994_HIV07-01067_FL21_S1_L000_read_62_count_1     14.02%    passed     97.77%
 200  200709_20-07994_HIV07-01067_FL21_S1_L000_read_63_count_1     14.02%    passed     99.43%
 201  200709_20-07994_HIV07-01067_FL21_S1_L000_read_64_count_1     14.02%    passed     99.43%
 202  200709_20-07994_HIV07-01067_FL21_S1_L000_read_65_count_1     14.02%    passed     99.99%
 203  200709_20-07994_HIV07-01067_FL21_S1_L000_read_66_count_1     14.02%    passed     99.88%
 204  200709_20-07994_HIV07-01067_FL21_S1_L000_read_67_count_1     14.02%    passed     99.81%
 205  200709_20-07994_HIV07-01067_FL21_S1_L000_read_68_count_1     14.02%    passed     99.85%
 206  200709_20-07994_HIV07-01067_FL21_S1_L000_read_69_count_1     14.02%    passed     96.66%
 207  200709_20-07994_HIV07-01067_FL21_S1_L000_read_70_count_1     14.02%    passed     99.43%
 208  200709_20-07994_HIV07-01067_FL21_S1_L000_read_71_count_1     14.02%    passed     99.04%
 209  200709_20-07994_HIV07-01067_FL21_S1_L000_read_72_count_1     14.02%    passed     99.81%
 210  200709_20-07994_HIV07-01067_FL21_S1_L000_read_73_count_1     14.02%    passed     99.92%
 211  200709_20-07994_HIV07-01067_FL21_S1_L000_read_74_count_1     14.02%    passed     97.95%
 212  200709_20-07994_HIV07-01067_FL21_S1_L000_read_75_count_1      2.65%    passed     98.29%
 213  200709_20-07994_HIV07-01067_FL21_S1_L000_read_76_count_1     14.02%    passed     99.55%
 214  200709_20-07994_HIV07-01067_FL21_S1_L000_read_77_count_1     14.02%    passed     99.43%
 215  200709_20-07994_HIV07-01067_FL21_S1_L000_read_78_count_1     14.02%    passed     98.21%
 216  200709_20-07994_HIV07-01067_FL21_S1_L000_read_79_count_1     14.39%    passed     99.72%
 217  200709_20-07994_HIV07-01067_FL21_S1_L000_read_80_count_1     14.02%    passed     98.79%
 218  200709_20-07994_HIV07-01067_FL21_S1_L000_read_81_count_1     14.02%    passed     99.88%
 219  200709_20-07994_HIV07-01067_FL21_S1_L000_read_82_count_1     14.77%    passed     99.57%
 220  200709_20-07994_HIV07-01067_FL21_S1_L000_read_83_count_1     14.02%    passed     96.66%
 221  200709_20-07994_HIV07-01067_FL21_S1_L000_read_84_count_1     14.02%    passed     99.47%
 222  200709_20-07994_HIV07-01067_FL21_S1_L000_read_85_count_1     14.02%    passed     99.36%
 223  200709_20-07994_HIV07-01067_FL21_S1_L000_read_86_count_1     14.02%    passed     99.43%
 224  200709_20-07994_HIV07-01067_FL21_S1_L000_read_87_count_1     14.02%    passed     99.04%
 225  200709_20-07994_HIV07-01067_FL21_S1_L000_read_88_count_1     14.02%    passed     98.79%
 226  200709_20-07994_HIV07-01067_FL21_S1_L000_read_89_count_1     14.39%    passed     99.88%
 227  200709_20-07994_HIV07-01067_FL21_S1_L000_read_90_count_1     14.02%    passed     99.88%
 228  200709_20-07994_HIV07-01067_FL21_S1_L000_read_91_count_1     14.02%    passed     99.43%
 229  200709_20-07994_HIV07-01067_FL21_S1_L000_read_92_count_1     14.02%    passed     98.79%
 230  200709_20-07994_HIV07-01067_FL21_S1_L000_read_93_count_1     14.02%    passed     97.95%
 231  200709_20-07994_HIV07-01067_FL21_S1_L000_read_94_count_1     13.64%    passed     98.93%
 232  200709_20-07994_HIV07-01067_FL21_S1_L000_read_95_count_1     14.02%    passed     99.43%
 233  200703_20-07825_HIV09-00618_FL18_S6_L000_read_1_count_320    14.02%    passed     95.03%
 234  200703_20-07825_HIV09-00618_FL18_S6_L000_read_2_count_3      14.02%    passed     92.98%
 235  200703_20-07825_HIV09-00618_FL18_S6_L000_read_3_count_3      13.26%    passed     94.29%
 236  200703_20-07825_HIV09-00618_FL18_S6_L000_read_4_count_3      14.02%    passed     90.28%
 237  200703_20-07825_HIV09-00618_FL18_S6_L000_read_5_count_2      14.02%    passed     98.00%
 238  200703_20-07825_HIV09-00618_FL18_S6_L000_read_6_count_2      14.02%    passed     92.98%
 239  200703_20-07825_HIV09-00618_FL18_S6_L000_read_7_count_2      14.02%    passed     98.00%
 240  200703_20-07825_HIV09-00618_FL18_S6_L000_read_8_count_2      14.02%    passed     98.00%
 241  200703_20-07825_HIV09-00618_FL18_S6_L000_read_9_count_2      14.02%    passed     98.00%
 242  200703_20-07825_HIV09-00618_FL18_S6_L000_read_10_count_2     14.02%    passed     94.96%
 243  200703_20-07825_HIV09-00618_FL18_S6_L000_read_11_count_2     14.02%    passed     98.00%
 244  200703_20-07825_HIV09-00618_FL18_S6_L000_read_12_count_1     14.02%    passed     92.60%
 245  200703_20-07825_HIV09-00618_FL18_S6_L000_read_13_count_1     14.02%    passed     91.63%
 246  200703_20-07825_HIV09-00618_FL18_S6_L000_read_14_count_1     14.02%    passed     90.28%
 247  200703_20-07825_HIV09-00618_FL18_S6_L000_read_15_count_1     14.02%    passed     90.28%
 248  200703_20-07825_HIV09-00618_FL18_S6_L000_read_16_count_1     14.02%    passed     90.28%
 249  200703_20-07825_HIV09-00618_FL18_S6_L000_read_17_count_1     14.02%    passed     90.28%
 250  200703_20-07825_HIV09-00618_FL18_S6_L000_read_18_count_1     14.02%    passed     92.98%
 251  200703_20-07825_HIV09-00618_FL18_S6_L000_read_19_count_1     14.02%    passed     90.28%
 252  200703_20-07825_HIV09-00618_FL18_S6_L000_read_20_count_1     14.02%    passed     91.63%
 253  200703_20-07825_HIV09-00618_FL18_S6_L000_read_21_count_1     14.02%    passed     98.00%
 254  200703_20-07825_HIV09-00618_FL18_S6_L000_read_22_count_1     14.02%    passed     94.96%
 255  200703_20-07825_HIV09-00618_FL18_S6_L000_read_23_count_1     14.02%    passed     85.99%
 256  200703_20-07825_HIV09-00618_FL18_S6_L000_read_24_count_1     14.02%    passed     96.64%
 257  200703_20-07825_HIV09-00618_FL18_S6_L000_read_25_count_1     14.02%    passed     96.59%
 258  200703_20-07825_HIV09-00618_FL18_S6_L000_read_26_count_1     14.02%    passed     96.55%
 259  200703_20-07825_HIV09-00618_FL18_S6_L000_read_27_count_1     14.02%    passed     92.98%
 260  200703_20-07825_HIV09-00618_FL18_S6_L000_read_28_count_1     14.02%    passed     90.28%
 261  200703_20-07825_HIV09-00618_FL18_S6_L000_read_29_count_1     14.02%    passed     95.80%
 262  200703_20-07825_HIV09-00618_FL18_S6_L000_read_30_count_1     14.02%    passed     94.96%
 263  200703_20-07825_HIV09-00618_FL18_S6_L000_read_31_count_1     14.02%    passed     92.79%
 264  200703_20-07825_HIV09-00618_FL18_S6_L000_read_32_count_1     14.02%    passed     90.28%
 265  200703_20-07825_HIV09-00618_FL18_S6_L000_read_33_count_1     14.02%    passed     92.98%
 266  200703_20-07825_HIV09-00618_FL18_S6_L000_read_34_count_1     14.02%    passed     92.79%
 267  200703_20-07825_HIV09-00618_FL18_S6_L000_read_35_count_1     14.02%    passed     90.28%
 268  200703_20-07825_HIV09-00618_FL18_S6_L000_read_36_count_1     14.02%    passed     95.80%
 269  200703_20-07825_HIV09-00618_FL18_S6_L000_read_37_count_1     14.02%    passed     98.00%
 270  200703_20-07825_HIV09-00618_FL18_S6_L000_read_38_count_1     14.02%    passed     91.66%
 271  200703_20-07825_HIV09-00618_FL18_S6_L000_read_39_count_1     14.02%    passed     96.59%
 272  200703_20-07825_HIV09-00618_FL18_S6_L000_read_40_count_1     14.02%    passed     92.98%
 273  200703_20-07825_HIV09-00618_FL18_S6_L000_read_41_count_1     14.02%    passed     92.98%
 274  200703_20-07825_HIV09-00618_FL18_S6_L000_read_42_count_1     13.64%    passed     92.53%
 275  200703_20-07825_HIV09-00618_FL18_S6_L000_read_43_count_1     14.02%    passed     92.98%
 276  200703_20-07825_HIV09-00618_FL18_S6_L000_read_44_count_1     14.02%    passed     90.28%
 277  200703_20-07825_HIV09-00618_FL18_S6_L000_read_45_count_1     14.02%    passed     92.98%
 278  200703_20-07825_HIV09-00618_FL18_S6_L000_read_46_count_1     14.02%    passed     99.47%
 279  200703_20-07825_HIV09-00618_FL18_S6_L000_read_47_count_1     14.02%    passed     90.28%
 280  200814_20-09728_HIV09-02843_FL30_S2_L000_read_1_count_158    14.02%    passed     99.90%
 281  200814_20-09728_HIV09-02843_FL30_S2_L000_read_2_count_27     14.02%    passed     99.43%
 282  200814_20-09728_HIV09-02843_FL30_S2_L000_read_3_count_26     14.02%    passed     99.92%
 283  200814_20-09728_HIV09-02843_FL30_S2_L000_read_4_count_20     14.02%    passed     99.88%
 284  200814_20-09728_HIV09-02843_FL30_S2_L000_read_5_count_18     14.02%    passed     99.88%
 285  200814_20-09728_HIV09-02843_FL30_S2_L000_read_6_count_14     14.02%    passed     99.43%
 286  200814_20-09728_HIV09-02843_FL30_S2_L000_read_7_count_13     14.02%    passed     99.43%
 287  200814_20-09728_HIV09-02843_FL30_S2_L000_read_8_count_12     14.02%    passed     99.88%
 288  200814_20-09728_HIV09-02843_FL30_S2_L000_read_9_count_10     14.02%    passed     99.43%
 289  200814_20-09728_HIV09-02843_FL30_S2_L000_read_10_count_6     14.02%    passed     99.55%
 290  200814_20-09728_HIV09-02843_FL30_S2_L000_read_11_count_6     14.02%    passed     99.88%
 291  200814_20-09728_HIV09-02843_FL30_S2_L000_read_12_count_5     14.02%    passed     99.43%
 292  200814_20-09728_HIV09-02843_FL30_S2_L000_read_13_count_5     14.02%    passed     99.92%
 293  200814_20-09728_HIV09-02843_FL30_S2_L000_read_14_count_4     14.02%    passed     99.91%
 294  200814_20-09728_HIV09-02843_FL30_S2_L000_read_15_count_4     14.02%    passed     99.88%
 295  200814_20-09728_HIV09-02843_FL30_S2_L000_read_16_count_3     14.02%    passed     99.90%
 296  200814_20-09728_HIV09-02843_FL30_S2_L000_read_17_count_3     14.02%    passed     99.90%
 297  200814_20-09728_HIV09-02843_FL30_S2_L000_read_18_count_3     14.02%    passed     99.88%
 298  200814_20-09728_HIV09-02843_FL30_S2_L000_read_19_count_3     14.02%    passed     97.95%
 299  200814_20-09728_HIV09-02843_FL30_S2_L000_read_20_count_2     14.02%    passed     99.47%
 300  200814_20-09728_HIV09-02843_FL30_S2_L000_read_21_count_2     14.02%    passed     99.43%
 301  200814_20-09728_HIV09-02843_FL30_S2_L000_read_22_count_2     14.02%    passed     98.93%
 302  200814_20-09728_HIV09-02843_FL30_S2_L000_read_23_count_2     14.02%    passed     99.55%
 303  200814_20-09728_HIV09-02843_FL30_S2_L000_read_24_count_2     14.02%    passed     99.60%
 304  200814_20-09728_HIV09-02843_FL30_S2_L000_read_25_count_2     14.02%    passed     99.92%
 305  200814_20-09728_HIV09-02843_FL30_S2_L000_read_26_count_1     14.02%    passed     99.36%
 306  200814_20-09728_HIV09-02843_FL30_S2_L000_read_27_count_1     14.02%    passed     99.99%
 307  200814_20-09728_HIV09-02843_FL30_S2_L000_read_28_count_1     14.02%    passed     99.99%
 308  200814_20-09728_HIV09-02843_FL30_S2_L000_read_29_count_1     13.64%    passed     99.74%
 309  200814_20-09728_HIV09-02843_FL30_S2_L000_read_30_count_1     14.02%    passed     94.96%
 310  200814_20-09728_HIV09-02843_FL30_S2_L000_read_31_count_1     14.02%    passed     99.85%
 311  200814_20-09728_HIV09-02843_FL30_S2_L000_read_32_count_1     14.02%    passed     99.55%
 312  200814_20-09728_HIV09-02843_FL30_S2_L000_read_33_count_1     14.39%    passed     99.72%
 313  200814_20-09728_HIV09-02843_FL30_S2_L000_read_34_count_1     14.02%    passed     99.81%
 314  200814_20-09728_HIV09-02843_FL30_S2_L000_read_35_count_1     14.02%    passed     97.95%
 315  200814_20-09728_HIV09-02843_FL30_S2_L000_read_36_count_1     14.02%    passed     99.55%
 316  200814_20-09728_HIV09-02843_FL30_S2_L000_read_37_count_1     14.02%    passed     99.47%
 317  200814_20-09728_HIV09-02843_FL30_S2_L000_read_38_count_1     14.02%    passed     99.60%
 318  200814_20-09728_HIV09-02843_FL30_S2_L000_read_39_count_1     14.39%    passed     99.75%
 319  200814_20-09728_HIV09-02843_FL30_S2_L000_read_40_count_1     14.02%    passed     99.43%
 320  200814_20-09728_HIV09-02843_FL30_S2_L000_read_41_count_1     14.02%    passed     99.04%
 321  200814_20-09728_HIV09-02843_FL30_S2_L000_read_42_count_1     14.02%    passed     99.41%
 322  200814_20-09728_HIV09-02843_FL30_S2_L000_read_43_count_1     14.02%    passed     99.81%
 323  200814_20-09728_HIV09-02843_FL30_S2_L000_read_44_count_1     14.02%    passed     99.92%
 324  200814_20-09728_HIV09-02843_FL30_S2_L000_read_45_count_1     14.02%    passed     99.90%
 325  200814_20-09728_HIV09-02843_FL30_S2_L000_read_46_count_1     14.02%    passed     99.99%
 326  200814_20-09728_HIV09-02843_FL30_S2_L000_read_47_count_1     14.02%    passed     99.28%
 327  200814_20-09728_HIV09-02843_FL30_S2_L000_read_48_count_1     14.02%    passed     99.44%
 328  200814_20-09728_HIV09-02843_FL30_S2_L000_read_49_count_1     14.02%    passed     99.91%
 329  200814_20-09728_HIV09-02843_FL30_S2_L000_read_50_count_1     14.02%    passed     99.29%
 330  200814_20-09728_HIV09-02843_FL30_S2_L000_read_51_count_1     14.02%    passed     99.92%
 331  200814_20-09728_HIV09-02843_FL30_S2_L000_read_52_count_1     14.02%    passed     99.04%
 332  200814_20-09728_HIV09-02843_FL30_S2_L000_read_53_count_1     14.02%    passed     98.84%
 333  200814_20-09728_HIV09-02843_FL30_S2_L000_read_54_count_1     14.02%    passed     99.85%
 334  200814_20-09728_HIV09-02843_FL30_S2_L000_read_55_count_1     14.02%    passed     97.68%
 335  200814_20-09728_HIV09-02843_FL30_S2_L000_read_56_count_1     14.02%    passed     97.99%
 336  200814_20-09728_HIV09-02843_FL30_S2_L000_read_57_count_1     14.02%    passed     99.04%
 337  200814_20-09728_HIV09-02843_FL30_S2_L000_read_58_count_1     13.26%    passed     97.80%
 338  200814_20-09728_HIV09-02843_FL30_S2_L000_read_59_count_1     14.02%    passed     98.00%
 339  200814_20-09728_HIV09-02843_FL30_S2_L000_read_60_count_1     14.02%    passed     99.29%
 340  200814_20-09728_HIV09-02843_FL30_S2_L000_read_61_count_1     14.02%    passed     99.90%
 341  200814_20-09728_HIV09-02843_FL30_S2_L000_read_62_count_1     14.02%    passed     99.92%
 342  200814_20-09728_HIV09-02843_FL30_S2_L000_read_63_count_1     14.02%    passed     99.88%
 343  200814_20-09728_HIV09-02843_FL30_S2_L000_read_64_count_1     14.02%    passed     99.55%
 344  200814_20-09728_HIV09-02843_FL30_S2_L000_read_65_count_1     14.02%    passed     97.95%
 345  200814_20-09728_HIV09-02843_FL30_S2_L000_read_66_count_1     14.02%    passed     99.92%
 346  200814_20-09728_HIV09-02843_FL30_S2_L000_read_67_count_1     14.02%    passed     99.04%
 347  200814_20-09728_HIV09-02843_FL30_S2_L000_read_68_count_1     14.02%    passed     99.90%
 348  200814_20-09728_HIV09-02843_FL30_S2_L000_read_69_count_1     14.02%    passed     99.36%
 349  200814_20-09728_HIV09-02843_FL30_S2_L000_read_70_count_1     14.02%    passed     99.43%
 350  200814_20-09728_HIV09-02843_FL30_S2_L000_read_71_count_1     14.39%    passed     99.88%
 351  200814_20-09728_HIV09-02843_FL30_S2_L000_read_72_count_1     14.02%    passed     99.60%
 352  200814_20-09728_HIV09-02843_FL30_S2_L000_read_73_count_1     14.02%    passed     98.93%
 353  200814_20-09728_HIV09-02843_FL30_S2_L000_read_74_count_1     14.02%    passed     99.90%
 354  200814_20-09728_HIV09-02843_FL30_S2_L000_read_75_count_1     14.02%    passed     99.90%
 355  200814_20-09728_HIV09-02843_FL30_S2_L000_read_76_count_1     14.02%    passed     99.81%
 356  200814_20-09728_HIV09-02843_FL30_S2_L000_read_77_count_1     14.02%    passed     99.28%
 357  200814_20-09728_HIV09-02843_FL30_S2_L000_read_78_count_1     14.02%    passed     99.81%
 358  200814_20-09728_HIV09-02843_FL30_S2_L000_read_79_count_1     13.64%    passed     99.42%
 359  200814_20-09728_HIV09-02843_FL30_S2_L000_read_80_count_1     14.39%    passed     99.72%
 360  200814_20-09728_HIV09-02843_FL30_S2_L000_read_81_count_1     14.02%    passed     99.47%
 361  200814_20-09728_HIV09-02843_FL30_S2_L000_read_82_count_1     14.02%    passed     98.69%
 362  200724_20-08518_HIV10-02405_FL24_S14_L000_read_1_count_99    14.02%    passed     97.40%
 363  200724_20-08518_HIV10-02405_FL24_S14_L000_read_2_count_34    14.02%    passed     97.63%
 364  200724_20-08518_HIV10-02405_FL24_S14_L000_read_3_count_31    14.02%    passed     94.41%
 365  200724_20-08518_HIV10-02405_FL24_S14_L000_read_4_count_9     14.02%    passed     92.14%
 366  200724_20-08518_HIV10-02405_FL24_S14_L000_read_5_count_7     14.02%    passed     97.63%
 367  200724_20-08518_HIV10-02405_FL24_S14_L000_read_6_count_4     14.02%    passed     96.06%
 368  200724_20-08518_HIV10-02405_FL24_S14_L000_read_7_count_3     14.02%    passed     96.06%
 369  200724_20-08518_HIV10-02405_FL24_S14_L000_read_8_count_3     14.02%    passed     89.72%
 370  200724_20-08518_HIV10-02405_FL24_S14_L000_read_9_count_3     14.02%    passed     98.95%
 371  200724_20-08518_HIV10-02405_FL24_S14_L000_read_10_count_3    14.02%    passed     94.41%
 372  200724_20-08518_HIV10-02405_FL24_S14_L000_read_11_count_3    14.02%    passed     94.69%
 373  200724_20-08518_HIV10-02405_FL24_S14_L000_read_12_count_2    14.02%    passed     93.80%
 374  200724_20-08518_HIV10-02405_FL24_S14_L000_read_13_count_2    14.02%    passed     89.72%
 375  200724_20-08518_HIV10-02405_FL24_S14_L000_read_14_count_2    14.02%    passed     94.41%
 376  200724_20-08518_HIV10-02405_FL24_S14_L000_read_15_count_2    14.02%    passed     94.69%
 377  200724_20-08518_HIV10-02405_FL24_S14_L000_read_16_count_2    14.02%    passed     94.41%
 378  200724_20-08518_HIV10-02405_FL24_S14_L000_read_17_count_2    14.02%    passed     99.13%
 379  200724_20-08518_HIV10-02405_FL24_S14_L000_read_18_count_1    13.64%    passed     93.16%
 380  200724_20-08518_HIV10-02405_FL24_S14_L000_read_19_count_1    14.02%    passed     94.69%
 381  200724_20-08518_HIV10-02405_FL24_S14_L000_read_20_count_1    14.39%    passed     92.18%
 382  200724_20-08518_HIV10-02405_FL24_S14_L000_read_21_count_1    14.02%    passed     95.23%
 383  200724_20-08518_HIV10-02405_FL24_S14_L000_read_22_count_1    14.39%    passed     99.47%
 384  200724_20-08518_HIV10-02405_FL24_S14_L000_read_23_count_1    14.02%    passed     99.13%
 385  200724_20-08518_HIV10-02405_FL24_S14_L000_read_24_count_1    14.02%    passed     97.40%
 386  200724_20-08518_HIV10-02405_FL24_S14_L000_read_25_count_1    14.02%    passed     98.60%
 387  200724_20-08518_HIV10-02405_FL24_S14_L000_read_26_count_1    14.02%    passed     83.43%
 388  200724_20-08518_HIV10-02405_FL24_S14_L000_read_27_count_1    14.02%    passed     98.95%
 389  200724_20-08518_HIV10-02405_FL24_S14_L000_read_28_count_1    14.02%    passed     94.69%
 390  200724_20-08518_HIV10-02405_FL24_S14_L000_read_29_count_1    14.02%    passed     98.46%
 391  200724_20-08518_HIV10-02405_FL24_S14_L000_read_30_count_1    14.02%    passed     98.95%
 392  200724_20-08518_HIV10-02405_FL24_S14_L000_read_31_count_1    14.02%    passed     97.63%
 393  200724_20-08518_HIV10-02405_FL24_S14_L000_read_32_count_1    14.02%    passed     99.13%
 394  200724_20-08518_HIV10-02405_FL24_S14_L000_read_33_count_1    14.02%    passed     96.06%
 395  200724_20-08518_HIV10-02405_FL24_S14_L000_read_34_count_1    14.02%    passed     94.41%
 396  200724_20-08518_HIV10-02405_FL24_S14_L000_read_35_count_1    14.02%    passed     97.53%
 397  200724_20-08518_HIV10-02405_FL24_S14_L000_read_36_count_1    14.02%    passed     99.13%
 398  200724_20-08518_HIV10-02405_FL24_S14_L000_read_37_count_1    14.02%    passed     93.80%
 399  200724_20-08518_HIV10-02405_FL24_S14_L000_read_38_count_1    14.02%    passed     94.69%
 400  200724_20-08518_HIV10-02405_FL24_S14_L000_read_39_count_1    13.64%    passed     98.14%
 401  200724_20-08518_HIV10-02405_FL24_S14_L000_read_40_count_1    14.02%    passed     91.93%
 402  200724_20-08518_HIV10-02405_FL24_S14_L000_read_41_count_1    14.02%    passed     97.53%
 403  200724_20-08518_HIV10-02405_FL24_S14_L000_read_42_count_1    14.02%    passed     94.41%
 404  200724_20-08518_HIV10-02405_FL24_S14_L000_read_43_count_1    14.02%    passed     95.83%
 405  200724_20-08518_HIV10-02405_FL24_S14_L000_read_44_count_1    14.02%    passed     93.25%
 406  200724_20-08518_HIV10-02405_FL24_S14_L000_read_45_count_1    14.02%    passed     93.80%
 407  200724_20-08518_HIV10-02405_FL24_S14_L000_read_46_count_1    14.02%    passed     97.63%
 408  200724_20-08518_HIV10-02405_FL24_S14_L000_read_47_count_1    14.39%    passed     98.44%
 409  200724_20-08518_HIV10-02405_FL24_S14_L000_read_48_count_1    14.02%    passed     99.04%
 410  200724_20-08518_HIV10-02405_FL24_S14_L000_read_49_count_1    14.02%    passed     99.13%
 411  200724_20-08518_HIV10-02405_FL24_S14_L000_read_50_count_1    14.02%    passed     92.41%
 412  200724_20-08518_HIV10-02405_FL24_S14_L000_read_51_count_1    14.02%    passed     88.54%
 413  200724_20-08518_HIV10-02405_FL24_S14_L000_read_52_count_1    14.02%    passed     94.69%
 414  200724_20-08518_HIV10-02405_FL24_S14_L000_read_53_count_1    14.02%    passed     95.26%
 415  200724_20-08518_HIV10-02405_FL24_S14_L000_read_54_count_1    14.02%    passed     90.04%
 416  200724_20-08518_HIV10-02405_FL24_S14_L000_read_55_count_1    14.39%    passed     96.13%
 417  200724_20-08518_HIV10-02405_FL24_S14_L000_read_56_count_1    14.02%    passed     98.95%
 418  200724_20-08518_HIV10-02405_FL24_S14_L000_read_57_count_1    14.02%    passed     94.41%
 419  200724_20-08518_HIV10-02405_FL24_S14_L000_read_58_count_1    14.02%    passed     89.72%
 420  200724_20-08518_HIV10-02405_FL24_S14_L000_read_59_count_1    14.02%    passed     94.41%
 421  200724_20-08518_HIV10-02405_FL24_S14_L000_read_60_count_1    14.02%    passed     94.41%
 422  200724_20-08518_HIV10-02405_FL24_S14_L000_read_61_count_1    14.02%    passed     94.69%
 423  200724_20-08518_HIV10-02405_FL24_S14_L000_read_62_count_1    14.02%    passed     89.72%
 424  200724_20-08518_HIV10-02405_FL24_S14_L000_read_63_count_1    14.02%    passed     96.06%
 425  200724_20-08518_HIV10-02405_FL24_S14_L000_read_64_count_1    14.02%    passed     94.41%
 426  200724_20-08518_HIV10-02405_FL24_S14_L000_read_65_count_1    14.02%    passed     91.93%
 427  200724_20-08518_HIV10-02405_FL24_S14_L000_read_66_count_1    14.02%    passed     97.40%
 428  200724_20-08518_HIV10-02405_FL24_S14_L000_read_67_count_1    14.02%    passed     96.98%
 429  200724_20-08518_HIV10-02405_FL24_S14_L000_read_68_count_1    14.02%    passed     97.40%
 430  200724_20-08518_HIV10-02405_FL24_S14_L000_read_69_count_1    14.02%    passed     96.06%
 431  200724_20-08518_HIV10-02405_FL24_S14_L000_read_70_count_1    14.02%    passed     98.95%
 432  200724_20-08518_HIV10-02405_FL24_S14_L000_read_71_count_1    14.02%    passed     97.40%
 433  200724_20-08518_HIV10-02405_FL24_S14_L000_read_72_count_1    14.02%    passed     94.33%
 434  200724_20-08518_HIV10-02405_FL24_S14_L000_read_73_count_1    14.02%    passed     97.40%
 435  200724_20-08518_HIV10-02405_FL24_S14_L000_read_74_count_1    14.02%    passed     91.40%
 436  200724_20-08518_HIV10-02405_FL24_S14_L000_read_75_count_1    14.02%    passed     94.41%
 437  200724_20-08518_HIV10-02405_FL24_S14_L000_read_76_count_1    14.02%    passed     94.41%
 438  200724_20-08518_HIV10-02405_FL24_S14_L000_read_77_count_1    14.02%    passed     98.95%
 439  200724_20-08518_HIV10-02405_FL24_S14_L000_read_78_count_1    14.02%    passed     91.85%
 440  200724_20-08518_HIV10-02405_FL24_S14_L000_read_79_count_1    14.02%    passed     94.69%
 441  200724_20-08518_HIV10-02405_FL24_S14_L000_read_80_count_1    14.02%    passed     97.77%
 442  200724_20-08518_HIV10-02405_FL24_S14_L000_read_81_count_1    14.02%    passed     88.54%
 443  200724_20-08518_HIV10-02405_FL24_S14_L000_read_82_count_1    14.02%    passed     95.83%
 444  200724_20-08518_HIV10-02405_FL24_S14_L000_read_83_count_1    14.02%    passed     93.80%
 445  200724_20-08518_HIV10-02405_FL24_S14_L000_read_84_count_1    14.39%    passed     96.13%
 446  B.FR.83.HXB2_LAI_IIIB_BRU.K03455                             14.02%    passed     99.92%
 447  C.BW.00.00BW07621.AF443088                                   14.02%    passed     96.55%
****  TOTAL                                                        14.05%  0 sequences failed composition chi2 test (p-value<5%; df=3)
Checking for duplicate sequences: done in 0.000908538 secs using 918.3% CPU

Create initial parsimony tree by phylogenetic likelihood library (PLL)... 0.048 seconds

NOTE: 18 MB RAM (0 GB) is required!
WARNING: Number of threads seems too high for short alignments. Use -T AUTO to determine best number of threads.
Estimate model parameters (epsilon = 0.100)
1. Initial log-likelihood: -4043.748
2. Current log-likelihood: -3918.216
3. Current log-likelihood: -3917.934
Optimal log-likelihood: -3917.857
Rate parameters:  A-C: 1.06592  A-G: 2.22014  A-T: 0.64194  C-G: 0.13487  C-T: 3.14464  G-T: 1.00000
Base frequencies:  A: 0.391  C: 0.156  G: 0.263  T: 0.190
Site proportion and rates:  (0.120,0.302) (0.169,0.433) (0.194,0.624) (0.206,0.910) (0.201,1.279) (0.110,2.941)
Parameters optimization took 3 rounds (1.883 sec)
Wrote distance file to... 
Computing ML distances based on estimated model parameters...
Calculating distance matrix: done in 0.372544 secs using 399.6% CPU
Computing ML distances took 0.373061 sec (of wall-clock time) 1.489260 sec (of CPU time)
Setting up auxiliary I and S matrices: done in 0.0172709 secs using 194.5% CPU
Constructing RapidNJ tree: done in 0.968895 secs using 113.4% CPU
Computing RapidNJ tree took 0.986289 sec (of wall-clock time) 1.132340 sec (of CPU time)
Log-likelihood of RapidNJ tree: -3894.249
--------------------------------------------------------------------
|             INITIALIZING CANDIDATE TREE SET                      |
--------------------------------------------------------------------
Generating 98 parsimony trees... 4.403 second
Computing log-likelihood of 98 initial trees ... 3.868 seconds
Current best score: -3894.249

Do NNI search on 20 best initial trees
Optimizing NNI: done in 0.359405 secs using 396% CPU
Estimate model parameters (epsilon = 0.100)
BETTER TREE FOUND at iteration 1: -3875.118
Optimizing NNI: done in 0.489048 secs using 392.8% CPU
Optimizing NNI: done in 0.421637 secs using 397.9% CPU
Optimizing NNI: done in 0.565948 secs using 394.7% CPU
Optimizing NNI: done in 0.497658 secs using 395.7% CPU
Optimizing NNI: done in 0.413835 secs using 392.9% CPU
Optimizing NNI: done in 0.500159 secs using 399.1% CPU
Optimizing NNI: done in 0.501844 secs using 395.7% CPU
Optimizing NNI: done in 0.57302 secs using 370% CPU
Optimizing NNI: done in 0.435614 secs using 392.3% CPU
Iteration 10 / LogL: -3906.999 / Time: 0h:0m:19s
Optimizing NNI: done in 0.422616 secs using 396.2% CPU
Optimizing NNI: done in 0.505503 secs using 395.9% CPU
Optimizing NNI: done in 0.517555 secs using 395.2% CPU
Optimizing NNI: done in 0.266071 secs using 399.1% CPU
Optimizing NNI: done in 0.390235 secs using 398.3% CPU
Optimizing NNI: done in 0.421036 secs using 390.7% CPU
Optimizing NNI: done in 0.497633 secs using 399% CPU
Optimizing NNI: done in 0.440672 secs using 401.3% CPU
Optimizing NNI: done in 0.51383 secs using 399.7% CPU
Optimizing NNI: done in 0.420814 secs using 393.7% CPU
Iteration 20 / LogL: -3909.314 / Time: 0h:0m:23s
Finish initializing candidate tree set (20)
Current best tree score: -3875.118 / CPU time: 19.993
Number of iterations: 20
--------------------------------------------------------------------
|               OPTIMIZING CANDIDATE TREE SET                      |
--------------------------------------------------------------------
Optimizing NNI: done in 0.895265 secs using 374.1% CPU
Optimizing NNI: done in 0.606516 secs using 394.8% CPU
Optimizing NNI: done in 0.49339 secs using 396.7% CPU
Optimizing NNI: done in 0.687983 secs using 394.5% CPU
Optimizing NNI: done in 0.718354 secs using 395.5% CPU
Optimizing NNI: done in 0.732328 secs using 393.3% CPU
Optimizing NNI: done in 0.426474 secs using 394.5% CPU
Optimizing NNI: done in 0.660576 secs using 397.3% CPU
Optimizing NNI: done in 0.716447 secs using 374.4% CPU
Optimizing NNI: done in 0.5165 secs using 392.7% CPU
Iteration 30 / LogL: -3902.162 / Time: 0h:0m:30s (0h:1m:14s left)
Optimizing NNI: done in 0.736763 secs using 395.7% CPU
Optimizing NNI: done in 0.661897 secs using 397.3% CPU
Optimizing NNI: done in 0.816347 secs using 395.9% CPU
Optimizing NNI: done in 0.601498 secs using 392.6% CPU
Optimizing NNI: done in 0.621449 secs using 396.7% CPU
Optimizing NNI: done in 0.686241 secs using 395.5% CPU
Optimizing NNI: done in 0.732199 secs using 374.5% CPU
Optimizing NNI: done in 0.62177 secs using 396.5% CPU
Optimizing NNI: done in 0.465306 secs using 395.7% CPU
Optimizing NNI: done in 0.623501 secs using 397.6% CPU
Iteration 40 / LogL: -3892.318 / Time: 0h:0m:37s (0h:0m:58s left)
Optimizing NNI: done in 0.529086 secs using 394.9% CPU
Optimizing NNI: done in 0.581985 secs using 396.2% CPU
Optimizing NNI: done in 0.619465 secs using 396.2% CPU
Optimizing NNI: done in 0.705868 secs using 394.7% CPU
Optimizing NNI: done in 1.01155 secs using 379.8% CPU
Optimizing NNI: done in 0.594151 secs using 394.9% CPU
Optimizing NNI: done in 0.752145 secs using 396.2% CPU
Optimizing NNI: done in 0.537578 secs using 396.1% CPU
Optimizing NNI: done in 0.595019 secs using 393.8% CPU
Optimizing NNI: done in 0.607014 secs using 397.2% CPU
Iteration 50 / LogL: -3895.160 / Time: 0h:0m:44s (0h:0m:45s left)
Optimizing NNI: done in 0.574405 secs using 398% CPU
Optimizing NNI: done in 0.599389 secs using 397.3% CPU
Optimizing NNI: done in 1.06727 secs using 378.7% CPU
Optimizing NNI: done in 0.609968 secs using 397.1% CPU
Optimizing NNI: done in 0.66676 secs using 397.2% CPU
Optimizing NNI: done in 0.620108 secs using 394.8% CPU
Optimizing NNI: done in 0.938434 secs using 394.5% CPU
Optimizing NNI: done in 0.594649 secs using 395.2% CPU
Optimizing NNI: done in 0.627904 secs using 397.5% CPU
Optimizing NNI: done in 0.489271 secs using 395.1% CPU
Iteration 60 / LogL: -3889.834 / Time: 0h:0m:51s (0h:0m:35s left)
Optimizing NNI: done in 0.768069 secs using 371.3% CPU
Optimizing NNI: done in 0.607839 secs using 394.8% CPU
Optimizing NNI: done in 0.606669 secs using 396.1% CPU
Optimizing NNI: done in 0.704895 secs using 394.5% CPU
Optimizing NNI: done in 0.62627 secs using 398.9% CPU
Optimizing NNI: done in 0.779189 secs using 394.6% CPU
Optimizing NNI: done in 0.592321 secs using 394.4% CPU
Optimizing NNI: done in 0.693984 secs using 393.9% CPU
Optimizing NNI: done in 1.01335 secs using 379.4% CPU
Optimizing NNI: done in 0.747295 secs using 392.8% CPU
Iteration 70 / LogL: -3882.959 / Time: 0h:0m:58s (0h:0m:26s left)
Optimizing NNI: done in 0.73789 secs using 392.7% CPU
Optimizing NNI: done in 0.695871 secs using 396.6% CPU
Optimizing NNI: done in 0.527315 secs using 395.1% CPU
Optimizing NNI: done in 0.679283 secs using 393.8% CPU
Optimizing NNI: done in 0.753668 secs using 397.7% CPU
Optimizing NNI: done in 0.779266 secs using 377.7% CPU
Optimizing NNI: done in 0.709867 secs using 395.8% CPU
Optimizing NNI: done in 0.632485 secs using 397.1% CPU
Optimizing NNI: done in 0.564468 secs using 397.6% CPU
Optimizing NNI: done in 0.554546 secs using 397.2% CPU
Iteration 80 / LogL: -3878.874 / Time: 0h:1m:5s (0h:0m:17s left)
Optimizing NNI: done in 0.665486 secs using 395.1% CPU
Optimizing NNI: done in 0.512699 secs using 393.3% CPU
Optimizing NNI: done in 0.518782 secs using 393% CPU
Optimizing NNI: done in 0.504091 secs using 394.5% CPU
Optimizing NNI: done in 0.76137 secs using 373.2% CPU
Optimizing NNI: done in 0.718484 secs using 394.5% CPU
Optimizing NNI: done in 0.595576 secs using 397.3% CPU
Optimizing NNI: done in 0.625462 secs using 394.2% CPU
Optimizing NNI: done in 0.707057 secs using 394.2% CPU
Optimizing NNI: done in 0.623529 secs using 389.8% CPU
Iteration 90 / LogL: -3893.583 / Time: 0h:1m:12s (0h:0m:8s left)
Optimizing NNI: done in 0.672091 secs using 394.6% CPU
Optimizing NNI: done in 0.528866 secs using 395.7% CPU
Optimizing NNI: done in 0.941801 secs using 378.4% CPU
Optimizing NNI: done in 0.511701 secs using 397% CPU
Optimizing NNI: done in 0.702163 secs using 394.4% CPU
Optimizing NNI: done in 0.628881 secs using 394.7% CPU
Optimizing NNI: done in 0.730879 secs using 395% CPU
Optimizing NNI: done in 0.617125 secs using 394.3% CPU
Estimate model parameters (epsilon = 0.100)
BETTER TREE FOUND at iteration 98: -3870.637
Optimizing NNI: done in 0.637106 secs using 397.6% CPU
Optimizing NNI: done in 0.6733 secs using 375.3% CPU
Iteration 100 / LogL: -3881.862 / Time: 0h:1m:19s (0h:1m:18s left)
Optimizing NNI: done in 0.742773 secs using 394% CPU
Estimate model parameters (epsilon = 0.100)
BETTER TREE FOUND at iteration 101: -3867.304
Optimizing NNI: done in 0.680935 secs using 393.1% CPU
Optimizing NNI: done in 0.624883 secs using 397% CPU
Estimate model parameters (epsilon = 0.100)
BETTER TREE FOUND at iteration 103: -3866.949
Optimizing NNI: done in 0.719084 secs using 392.6% CPU
Optimizing NNI: done in 0.624317 secs using 392.8% CPU
Optimizing NNI: done in 0.8391 secs using 379.1% CPU
Optimizing NNI: done in 0.767872 secs using 396.4% CPU
Optimizing NNI: done in 0.604276 secs using 393.9% CPU
Optimizing NNI: done in 0.61491 secs using 394% CPU
Optimizing NNI: done in 0.836143 secs using 396.1% CPU
Iteration 110 / LogL: -3867.081 / Time: 0h:1m:27s (0h:1m:14s left)
Optimizing NNI: done in 0.647186 secs using 398.1% CPU
Optimizing NNI: done in 0.714107 secs using 398% CPU
Optimizing NNI: done in 0.578844 secs using 394.4% CPU
Optimizing NNI: done in 0.800577 secs using 386.8% CPU
Optimizing NNI: done in 0.690702 secs using 395.3% CPU
Optimizing NNI: done in 0.584758 secs using 398.6% CPU
Optimizing NNI: done in 0.668306 secs using 395.7% CPU
Optimizing NNI: done in 0.677422 secs using 397% CPU
Optimizing NNI: done in 0.729848 secs using 393.1% CPU
Optimizing NNI: done in 0.633118 secs using 396.7% CPU
Iteration 120 / LogL: -3890.398 / Time: 0h:1m:35s (0h:1m:6s left)
Optimizing NNI: done in 0.756948 secs using 378.9% CPU
Optimizing NNI: done in 0.622892 secs using 394.8% CPU
Optimizing NNI: done in 0.467991 secs using 395.7% CPU
Optimizing NNI: done in 0.587086 secs using 393.4% CPU
Optimizing NNI: done in 0.591858 secs using 398.7% CPU
Optimizing NNI: done in 0.628743 secs using 397.6% CPU
Optimizing NNI: done in 0.661852 secs using 394.9% CPU
Estimate model parameters (epsilon = 0.100)
BETTER TREE FOUND at iteration 127: -3866.748
Optimizing NNI: done in 0.717044 secs using 396.8% CPU
Optimizing NNI: done in 0.837725 secs using 375.9% CPU
Optimizing NNI: done in 0.916384 secs using 395.1% CPU
Iteration 130 / LogL: -3866.750 / Time: 0h:1m:42s (0h:1m:17s left)
Optimizing NNI: done in 0.625191 secs using 395.6% CPU
Optimizing NNI: done in 0.620576 secs using 394.6% CPU
Optimizing NNI: done in 0.667742 secs using 394.7% CPU
Optimizing NNI: done in 0.661588 secs using 396.3% CPU
Optimizing NNI: done in 0.854166 secs using 397.8% CPU
Optimizing NNI: done in 0.656698 secs using 373.9% CPU
Optimizing NNI: done in 0.586032 secs using 399.6% CPU
Optimizing NNI: done in 0.523251 secs using 394.3% CPU
Optimizing NNI: done in 0.52956 secs using 393.1% CPU
Optimizing NNI: done in 0.835607 secs using 393.9% CPU
Iteration 140 / LogL: -3875.218 / Time: 0h:1m:49s (0h:1m:8s left)
Optimizing NNI: done in 0.66785 secs using 392.9% CPU
Optimizing NNI: done in 0.738394 secs using 394.2% CPU
Optimizing NNI: done in 0.804761 secs using 397.7% CPU
Optimizing NNI: done in 0.969696 secs using 380.2% CPU
Optimizing NNI: done in 0.582774 secs using 392.4% CPU
Optimizing NNI: done in 0.69493 secs using 397.6% CPU
Optimizing NNI: done in 0.745028 secs using 394.2% CPU
Estimate model parameters (epsilon = 0.100)
BETTER TREE FOUND at iteration 147: -3866.580
Optimizing NNI: done in 0.534722 secs using 395.5% CPU
Estimate model parameters (epsilon = 0.100)
BETTER TREE FOUND at iteration 148: -3866.294
Optimizing NNI: done in 0.619361 secs using 395.8% CPU
Optimizing NNI: done in 0.972719 secs using 376.4% CPU
Iteration 150 / LogL: -3878.979 / Time: 0h:1m:57s (0h:1m:17s left)
Optimizing NNI: done in 0.766043 secs using 395% CPU
Optimizing NNI: done in 0.621885 secs using 395.2% CPU
Optimizing NNI: done in 0.627347 secs using 391.4% CPU
Optimizing NNI: done in 0.752313 secs using 395.6% CPU
Optimizing NNI: done in 0.769157 secs using 396.4% CPU
Optimizing NNI: done in 0.532207 secs using 392.4% CPU
Optimizing NNI: done in 0.706176 secs using 381.3% CPU
Optimizing NNI: done in 0.776537 secs using 393.9% CPU
Optimizing NNI: done in 0.617395 secs using 392.8% CPU
Optimizing NNI: done in 0.629412 secs using 393.6% CPU
Iteration 160 / LogL: -3871.365 / Time: 0h:2m:5s (0h:1m:9s left)
Optimizing NNI: done in 0.775367 secs using 397.9% CPU
Optimizing NNI: done in 0.634944 secs using 392.9% CPU
Optimizing NNI: done in 0.607846 secs using 396.8% CPU
Optimizing NNI: done in 0.508943 secs using 399.9% CPU
Optimizing NNI: done in 0.724719 secs using 375.6% CPU
Optimizing NNI: done in 0.571725 secs using 395.2% CPU
Optimizing NNI: done in 0.736667 secs using 398.6% CPU
Optimizing NNI: done in 0.529105 secs using 396.2% CPU
Optimizing NNI: done in 0.615773 secs using 395.6% CPU
Optimizing NNI: done in 1.09036 secs using 395.6% CPU
Iteration 170 / LogL: -3883.406 / Time: 0h:2m:12s (0h:1m:0s left)
Optimizing NNI: done in 0.627544 secs using 397% CPU
Optimizing NNI: done in 0.786505 secs using 382.7% CPU
Optimizing NNI: done in 0.724841 secs using 396.5% CPU
Estimate model parameters (epsilon = 0.100)
BETTER TREE FOUND at iteration 173: -3863.890
Optimizing NNI: done in 0.596818 secs using 396.7% CPU
Optimizing NNI: done in 0.723458 secs using 393% CPU
Optimizing NNI: done in 0.645308 secs using 398.2% CPU
Optimizing NNI: done in 0.481692 secs using 400.5% CPU
Optimizing NNI: done in 0.699819 secs using 396.5% CPU
Optimizing NNI: done in 0.725526 secs using 376.6% CPU
Optimizing NNI: done in 0.521553 secs using 395% CPU
Iteration 180 / LogL: -3878.351 / Time: 0h:2m:19s (0h:1m:12s left)
Optimizing NNI: done in 0.589567 secs using 393.1% CPU
Optimizing NNI: done in 0.924886 secs using 395.8% CPU
Optimizing NNI: done in 0.525522 secs using 396.8% CPU
Optimizing NNI: done in 0.595683 secs using 393.4% CPU
Optimizing NNI: done in 0.512966 secs using 398.3% CPU
Optimizing NNI: done in 0.706111 secs using 397.8% CPU
Optimizing NNI: done in 0.73682 secs using 379.5% CPU
Optimizing NNI: done in 0.521039 secs using 396.7% CPU
Optimizing NNI: done in 0.553112 secs using 397.1% CPU
Optimizing NNI: done in 0.510234 secs using 397% CPU
Iteration 190 / LogL: -3877.993 / Time: 0h:2m:26s (0h:1m:4s left)
Optimizing NNI: done in 0.640241 secs using 395.5% CPU
Optimizing NNI: done in 0.672648 secs using 396.7% CPU
Optimizing NNI: done in 0.539941 secs using 392.4% CPU
Optimizing NNI: done in 0.529725 secs using 395.2% CPU
Optimizing NNI: done in 0.542069 secs using 397.9% CPU
Optimizing NNI: done in 0.77637 secs using 373.8% CPU
Optimizing NNI: done in 0.904647 secs using 394.9% CPU
Optimizing NNI: done in 0.7369 secs using 393.7% CPU
Optimizing NNI: done in 0.690604 secs using 394.8% CPU
Optimizing NNI: done in 0.732371 secs using 393.8% CPU
Iteration 200 / LogL: -3870.924 / Time: 0h:2m:33s (0h:0m:56s left)
Optimizing NNI: done in 0.87744 secs using 395.9% CPU
Optimizing NNI: done in 0.838682 secs using 394.6% CPU
Optimizing NNI: done in 0.718783 secs using 388.8% CPU
Optimizing NNI: done in 0.519482 secs using 393.3% CPU
Optimizing NNI: done in 0.718141 secs using 396.1% CPU
Optimizing NNI: done in 0.606338 secs using 395.5% CPU
Optimizing NNI: done in 0.538419 secs using 397.1% CPU
Optimizing NNI: done in 0.704346 secs using 395.9% CPU
Optimizing NNI: done in 0.694016 secs using 395.7% CPU
Optimizing NNI: done in 0.63492 secs using 395.5% CPU
Iteration 210 / LogL: -3878.259 / Time: 0h:2m:40s (0h:0m:48s left)
Optimizing NNI: done in 0.801272 secs using 372.3% CPU
Optimizing NNI: done in 0.915217 secs using 397.2% CPU
Optimizing NNI: done in 0.629827 secs using 396.6% CPU
Optimizing NNI: done in 0.838396 secs using 392.9% CPU
Optimizing NNI: done in 0.678294 secs using 390.1% CPU
BETTER TREE FOUND at iteration 215: -3863.890
Optimizing NNI: done in 0.617124 secs using 397.1% CPU
Optimizing NNI: done in 0.622589 secs using 392.3% CPU
Optimizing NNI: done in 0.800836 secs using 377.3% CPU
Optimizing NNI: done in 0.772473 secs using 396.2% CPU
Optimizing NNI: done in 0.741676 secs using 396.1% CPU
Iteration 220 / LogL: -3872.797 / Time: 0h:2m:48s (0h:1m:12s left)
Optimizing NNI: done in 0.527878 secs using 399.3% CPU
Optimizing NNI: done in 0.795475 secs using 396.4% CPU
Optimizing NNI: done in 0.528723 secs using 398.5% CPU
Optimizing NNI: done in 0.639992 secs using 393.1% CPU
Optimizing NNI: done in 0.599111 secs using 398.4% CPU
Optimizing NNI: done in 0.660107 secs using 371.9% CPU
Optimizing NNI: done in 0.587656 secs using 392% CPU
Optimizing NNI: done in 0.892688 secs using 395.3% CPU
Optimizing NNI: done in 0.666414 secs using 396.1% CPU
Optimizing NNI: done in 0.529412 secs using 396.2% CPU
Iteration 230 / LogL: -3872.533 / Time: 0h:2m:54s (0h:1m:4s left)
Optimizing NNI: done in 0.632993 secs using 392.6% CPU
Optimizing NNI: done in 0.603648 secs using 394.9% CPU
Optimizing NNI: done in 0.60245 secs using 397.5% CPU
Optimizing NNI: done in 0.908836 secs using 376.2% CPU
Optimizing NNI: done in 0.517275 secs using 394.6% CPU
Optimizing NNI: done in 1.01549 secs using 395.8% CPU
Optimizing NNI: done in 0.763309 secs using 396.4% CPU
Optimizing NNI: done in 0.869025 secs using 394.6% CPU
Optimizing NNI: done in 0.75526 secs using 394.4% CPU
Estimate model parameters (epsilon = 0.100)
BETTER TREE FOUND at iteration 239: -3863.319
Optimizing NNI: done in 0.514825 secs using 394.5% CPU
Iteration 240 / LogL: -3881.485 / Time: 0h:3m:3s (0h:1m:15s left)
Optimizing NNI: done in 0.710202 secs using 397% CPU
Optimizing NNI: done in 0.715604 secs using 394.6% CPU
Optimizing NNI: done in 0.812786 secs using 397.2% CPU
Optimizing NNI: done in 0.625702 secs using 391.5% CPU
Optimizing NNI: done in 0.590303 secs using 392.7% CPU
Optimizing NNI: done in 1.01276 secs using 382.5% CPU
Optimizing NNI: done in 0.631978 secs using 394.5% CPU
Optimizing NNI: done in 0.87716 secs using 396.4% CPU
Optimizing NNI: done in 0.631044 secs using 393.5% CPU
Optimizing NNI: done in 0.864858 secs using 394.2% CPU
Iteration 250 / LogL: -3868.335 / Time: 0h:3m:11s (0h:1m:8s left)
Optimizing NNI: done in 0.591808 secs using 398.7% CPU
Optimizing NNI: done in 0.596751 secs using 396.3% CPU
Optimizing NNI: done in 0.6114 secs using 397% CPU
Optimizing NNI: done in 0.77682 secs using 373.2% CPU
Optimizing NNI: done in 0.883435 secs using 395.2% CPU
Optimizing NNI: done in 0.801229 secs using 395% CPU
Optimizing NNI: done in 0.665657 secs using 395% CPU
Optimizing NNI: done in 0.717712 secs using 395.9% CPU
Optimizing NNI: done in 0.776417 secs using 395.2% CPU
Optimizing NNI: done in 0.691634 secs using 395% CPU
Iteration 260 / LogL: -3864.586 / Time: 0h:3m:18s (0h:1m:0s left)
Optimizing NNI: done in 0.938549 secs using 376.4% CPU
Optimizing NNI: done in 0.612403 secs using 394.6% CPU
Optimizing NNI: done in 0.798846 secs using 394.4% CPU
Optimizing NNI: done in 0.678328 secs using 392.5% CPU
Optimizing NNI: done in 0.743146 secs using 394.4% CPU
Optimizing NNI: done in 0.521339 secs using 395.9% CPU
Optimizing NNI: done in 0.773237 secs using 394.3% CPU
Optimizing NNI: done in 0.738481 secs using 379.9% CPU
Optimizing NNI: done in 0.408247 secs using 393.9% CPU
Optimizing NNI: done in 0.626809 secs using 396.1% CPU
Iteration 270 / LogL: -3877.075 / Time: 0h:3m:25s (0h:0m:52s left)
Optimizing NNI: done in 0.658591 secs using 395.2% CPU
Optimizing NNI: done in 0.594829 secs using 395.9% CPU
Optimizing NNI: done in 0.794878 secs using 393.9% CPU
Optimizing NNI: done in 0.595766 secs using 398.1% CPU
Optimizing NNI: done in 0.626892 secs using 395.4% CPU
Optimizing NNI: done in 0.756219 secs using 378.2% CPU
Optimizing NNI: done in 0.619264 secs using 395.2% CPU
Optimizing NNI: done in 0.809024 secs using 397.1% CPU
Optimizing NNI: done in 0.743006 secs using 392.9% CPU
Optimizing NNI: done in 0.966861 secs using 391.3% CPU
Iteration 280 / LogL: -3880.635 / Time: 0h:3m:33s (0h:0m:45s left)
Optimizing NNI: done in 0.655272 secs using 394.2% CPU
Optimizing NNI: done in 0.631924 secs using 395.9% CPU
Optimizing NNI: done in 0.84324 secs using 376.8% CPU
Optimizing NNI: done in 0.725571 secs using 399.8% CPU
Optimizing NNI: done in 0.791974 secs using 394.4% CPU
Optimizing NNI: done in 0.619899 secs using 397.3% CPU
Optimizing NNI: done in 0.523602 secs using 397.2% CPU
Optimizing NNI: done in 0.625235 secs using 395.3% CPU
Optimizing NNI: done in 0.713268 secs using 395% CPU
Optimizing NNI: done in 0.705883 secs using 397.1% CPU
Iteration 290 / LogL: -3867.634 / Time: 0h:3m:40s (0h:0m:37s left)
Optimizing NNI: done in 0.847306 secs using 373.5% CPU
Optimizing NNI: done in 0.595946 secs using 393.2% CPU
Optimizing NNI: done in 0.716846 secs using 398% CPU
Optimizing NNI: done in 0.610455 secs using 395.4% CPU
Optimizing NNI: done in 0.790339 secs using 394.1% CPU
Optimizing NNI: done in 0.70308 secs using 397.5% CPU
Optimizing NNI: done in 0.742448 secs using 394.9% CPU
Optimizing NNI: done in 0.870946 secs using 379.4% CPU
Optimizing NNI: done in 0.604277 secs using 396.6% CPU
Optimizing NNI: done in 0.535825 secs using 397.1% CPU
Iteration 300 / LogL: -3888.401 / Time: 0h:3m:47s (0h:0m:29s left)
Optimizing NNI: done in 0.73847 secs using 393% CPU
Optimizing NNI: done in 0.488811 secs using 393.8% CPU
Optimizing NNI: done in 0.421233 secs using 398.1% CPU
Optimizing NNI: done in 1.08399 secs using 397% CPU
Optimizing NNI: done in 0.700263 secs using 396.4% CPU
Optimizing NNI: done in 0.81816 secs using 377.1% CPU
Optimizing NNI: done in 0.599159 secs using 397.7% CPU
Optimizing NNI: done in 0.596194 secs using 391.9% CPU
Optimizing NNI: done in 0.703702 secs using 396.6% CPU
Optimizing NNI: done in 0.704072 secs using 395.4% CPU
Iteration 310 / LogL: -3871.148 / Time: 0h:3m:54s (0h:0m:22s left)
Optimizing NNI: done in 0.752708 secs using 396.4% CPU
Optimizing NNI: done in 0.767054 secs using 397.7% CPU
Optimizing NNI: done in 0.525788 secs using 399% CPU
Optimizing NNI: done in 0.936946 secs using 375% CPU
Optimizing NNI: done in 0.729506 secs using 394.4% CPU
Optimizing NNI: done in 0.575715 secs using 396% CPU
Optimizing NNI: done in 0.683342 secs using 396.8% CPU
Optimizing NNI: done in 0.717596 secs using 398.4% CPU
Optimizing NNI: done in 0.571608 secs using 397.2% CPU
Optimizing NNI: done in 0.592024 secs using 399.1% CPU
Estimate model parameters (epsilon = 0.100)
BETTER TREE FOUND at iteration 320: -3861.761
Iteration 320 / LogL: -3861.761 / Time: 0h:4m:3s (0h:1m:16s left)
Optimizing NNI: done in 0.751109 secs using 395% CPU
Optimizing NNI: done in 0.506413 secs using 393.8% CPU
Optimizing NNI: done in 0.645362 secs using 395% CPU
Optimizing NNI: done in 0.575217 secs using 396.2% CPU
Optimizing NNI: done in 0.7347 secs using 394% CPU
Optimizing NNI: done in 0.613837 secs using 393.2% CPU
Optimizing NNI: done in 0.516441 secs using 395.9% CPU
Optimizing NNI: done in 0.719843 secs using 374.6% CPU
Optimizing NNI: done in 0.476494 secs using 391.3% CPU
Optimizing NNI: done in 0.757214 secs using 395.5% CPU
Iteration 330 / LogL: -3863.736 / Time: 0h:4m:9s (0h:1m:8s left)
Optimizing NNI: done in 0.6694 secs using 395.2% CPU
Optimizing NNI: done in 0.635681 secs using 398.3% CPU
Optimizing NNI: done in 0.660182 secs using 396% CPU
Optimizing NNI: done in 0.546195 secs using 394.4% CPU
Optimizing NNI: done in 0.494014 secs using 393.9% CPU
Optimizing NNI: done in 0.729801 secs using 380.9% CPU
Optimizing NNI: done in 0.594647 secs using 396.7% CPU
Optimizing NNI: done in 0.610355 secs using 392.3% CPU
Optimizing NNI: done in 0.642851 secs using 396.5% CPU
Optimizing NNI: done in 0.984403 secs using 394.2% CPU
Iteration 340 / LogL: -3887.343 / Time: 0h:4m:16s (0h:1m:0s left)
Optimizing NNI: done in 0.603202 secs using 396.9% CPU
Optimizing NNI: done in 0.855016 secs using 397.5% CPU
Optimizing NNI: done in 0.861694 secs using 380.7% CPU
Optimizing NNI: done in 0.519584 secs using 395.2% CPU
Optimizing NNI: done in 0.666529 secs using 393.9% CPU
Optimizing NNI: done in 0.648803 secs using 394.7% CPU
Optimizing NNI: done in 0.803763 secs using 397.1% CPU
Optimizing NNI: done in 0.565774 secs using 399.8% CPU
Optimizing NNI: done in 0.713899 secs using 396.3% CPU
Optimizing NNI: done in 0.909953 secs using 393% CPU
Iteration 350 / LogL: -3862.331 / Time: 0h:4m:24s (0h:0m:52s left)
Optimizing NNI: done in 0.964889 secs using 388.9% CPU
Optimizing NNI: done in 0.60383 secs using 394.8% CPU
Optimizing NNI: done in 0.612864 secs using 397% CPU
Optimizing NNI: done in 0.533586 secs using 396.8% CPU
Optimizing NNI: done in 0.41999 secs using 393.3% CPU
Optimizing NNI: done in 0.637683 secs using 396.1% CPU
Optimizing NNI: done in 0.715432 secs using 391.9% CPU
Optimizing NNI: done in 0.536664 secs using 398.1% CPU
Optimizing NNI: done in 0.831768 secs using 376.6% CPU
Optimizing NNI: done in 0.609661 secs using 394.4% CPU
Iteration 360 / LogL: -3874.038 / Time: 0h:4m:30s (0h:0m:45s left)
Optimizing NNI: done in 0.630896 secs using 395.4% CPU
Optimizing NNI: done in 0.644087 secs using 394.4% CPU
Optimizing NNI: done in 0.50668 secs using 392.9% CPU
Optimizing NNI: done in 0.588704 secs using 395.6% CPU
Optimizing NNI: done in 0.616238 secs using 394% CPU
Optimizing NNI: done in 0.828091 secs using 397.1% CPU
Optimizing NNI: done in 0.896942 secs using 376.4% CPU
Optimizing NNI: done in 0.593361 secs using 395.9% CPU
Optimizing NNI: done in 0.667478 secs using 396.6% CPU
Optimizing NNI: done in 0.609206 secs using 394.8% CPU
Iteration 370 / LogL: -3869.388 / Time: 0h:4m:37s (0h:0m:37s left)
Optimizing NNI: done in 0.602328 secs using 395.1% CPU
Optimizing NNI: done in 0.655455 secs using 394.8% CPU
Optimizing NNI: done in 0.729564 secs using 395% CPU
Optimizing NNI: done in 0.984289 secs using 385% CPU
Optimizing NNI: done in 0.795322 secs using 392% CPU
Optimizing NNI: done in 0.620431 secs using 396.6% CPU
Optimizing NNI: done in 0.468297 secs using 398.9% CPU
Optimizing NNI: done in 0.605458 secs using 393.3% CPU
Optimizing NNI: done in 0.593911 secs using 394.3% CPU
Optimizing NNI: done in 0.624398 secs using 395.3% CPU
Iteration 380 / LogL: -3877.920 / Time: 0h:4m:44s (0h:0m:30s left)
Optimizing NNI: done in 0.697793 secs using 392.3% CPU
Optimizing NNI: done in 0.51427 secs using 394% CPU
Optimizing NNI: done in 0.946056 secs using 378.9% CPU
Optimizing NNI: done in 0.788306 secs using 393.8% CPU
Optimizing NNI: done in 0.700087 secs using 395.4% CPU
Optimizing NNI: done in 0.568907 secs using 394.6% CPU
Optimizing NNI: done in 0.723201 secs using 396.5% CPU
Optimizing NNI: done in 0.598201 secs using 395.5% CPU
Optimizing NNI: done in 0.624516 secs using 397.8% CPU
Optimizing NNI: done in 0.536415 secs using 370.5% CPU
Iteration 390 / LogL: -3872.084 / Time: 0h:4m:51s (0h:0m:22s left)
Optimizing NNI: done in 0.664124 secs using 397.5% CPU
Optimizing NNI: done in 0.615192 secs using 394.5% CPU
Optimizing NNI: done in 0.818132 secs using 394.3% CPU
Optimizing NNI: done in 0.524702 secs using 396.5% CPU
Optimizing NNI: done in 0.606336 secs using 392.9% CPU
Optimizing NNI: done in 0.524373 secs using 394.4% CPU
Optimizing NNI: done in 0.619387 secs using 394.1% CPU
Optimizing NNI: done in 0.823872 secs using 376.1% CPU
Optimizing NNI: done in 0.705176 secs using 395% CPU
Optimizing NNI: done in 0.620517 secs using 395.2% CPU
Iteration 400 / LogL: -3876.201 / Time: 0h:4m:58s (0h:0m:14s left)
Optimizing NNI: done in 0.79761 secs using 395.4% CPU
Optimizing NNI: done in 0.510372 secs using 397% CPU
Optimizing NNI: done in 0.727371 secs using 396.4% CPU
Optimizing NNI: done in 0.588721 secs using 394.9% CPU
Optimizing NNI: done in 0.629895 secs using 394.7% CPU
Optimizing NNI: done in 0.922608 secs using 377.9% CPU
Optimizing NNI: done in 0.697446 secs using 393.7% CPU
Optimizing NNI: done in 0.747268 secs using 396% CPU
Optimizing NNI: done in 0.589807 secs using 397% CPU
Optimizing NNI: done in 0.625174 secs using 394.3% CPU
Iteration 410 / LogL: -3877.215 / Time: 0h:5m:5s (0h:0m:7s left)
Optimizing NNI: done in 0.720414 secs using 394.8% CPU
Optimizing NNI: done in 0.674429 secs using 395.3% CPU
Optimizing NNI: done in 0.792635 secs using 381% CPU
Optimizing NNI: done in 0.668385 secs using 395.4% CPU
Optimizing NNI: done in 0.595537 secs using 393.5% CPU
Optimizing NNI: done in 0.602701 secs using 397.1% CPU
Optimizing NNI: done in 0.794706 secs using 394.4% CPU
Optimizing NNI: done in 0.482469 secs using 393.5% CPU
Optimizing NNI: done in 0.601081 secs using 394.1% CPU
Optimizing NNI: done in 0.880696 secs using 398.8% CPU
Iteration 420 / LogL: -3868.446 / Time: 0h:5m:12s (0h:0m:0s left)
Optimizing NNI: done in 0.872554 secs using 376.4% CPU
TREE SEARCH COMPLETED AFTER 421 ITERATIONS / Time: 0h:5m:13s

--------------------------------------------------------------------
|                    FINALIZING TREE SEARCH                        |
--------------------------------------------------------------------
Performs final model parameters optimization
Estimate model parameters (epsilon = 0.010)
1. Initial log-likelihood: -3861.761
Optimal log-likelihood: -3861.753
Rate parameters:  A-C: 1.04033  A-G: 2.28871  A-T: 0.48998  C-G: 0.13256  C-T: 3.05138  G-T: 1.00000
Base frequencies:  A: 0.391  C: 0.156  G: 0.263  T: 0.190
Site proportion and rates:  (0.132,0.491) (0.191,0.500) (0.212,0.519) (0.189,0.751) (0.214,1.569) (0.063,4.004)
Parameters optimization took 1 rounds (0.419 sec)
BEST SCORE FOUND : -3861.753
Total tree length: 2.311

Total number of iterations: 421
CPU time used for tree search: 1179.558 sec (0h:19m:39s)
Wall-clock time used for tree search: 310.148 sec (0h:5m:10s)
Total CPU time used: 1192.115 sec (0h:19m:52s)
Total wall-clock time used: 314.171 sec (0h:5m:14s)

Analysis results written to: 
  IQ-TREE report:                IQTREE_bestTree.InWindow_4610_to_4860.iqtree
  Maximum-likelihood tree:       IQTREE_bestTree.InWindow_4610_to_4860.treefile
  Likelihood distances:          IQTREE_bestTree.InWindow_4610_to_4860.mldist
  Screen log file:               IQTREE_bestTree.InWindow_4610_to_4860.log

Date and Time: Sun Jul 23 04:24:18 2023
