IQ-TREE multicore version 2.2.2.7 COVID-edition for Linux 64-bit built Jun  7 2023
Developed by Bui Quang Minh, James Barbetti, Nguyen Lam Tung,
Olga Chernomor, Heiko Schmidt, Dominik Schrempf, Michael Woodhams, Ly Trong Nhan.

Host:    hpc-node03 (AVX2, FMA3, 1007 GB RAM)
Command: iqtree -s AlignedReadsInWindow_PositionsExcised_4900_to_5150.fasta -pre IQTREE_bestTree.InWindow_4900_to_5150 -m GTR+F+R6 -nt 4
Seed:    552174 (Using SPRNG - Scalable Parallel Random Number Generator)
Time:    Sun Jul 23 04:31:03 2023
Kernel:  AVX+FMA - 4 threads (4 CPU cores detected)

Reading alignment file AlignedReadsInWindow_PositionsExcised_4900_to_5150.fasta ... Fasta format detected
Reading fasta file: done in 0.00670727 secs using 92.03% CPU
Alignment most likely contains DNA/RNA sequences
Constructing alignment: done in 0.00208945 secs using 99.98% CPU
Alignment has 719 sequences with 244 columns, 229 distinct patterns
155 parsimony-informative, 66 singleton sites, 23 constant sites
                                                            Gap/Ambiguity  Composition  p-value
Analyzing sequences: done in 0.00759451 secs using 318.3% CPU
   1  200724_20-08522_HIV11-02415_FL24_S18_L000_read_1_count_305    0.82%    passed     99.20%
   2  200724_20-08522_HIV11-02415_FL24_S18_L000_read_2_count_80     0.82%    passed     98.85%
   3  200724_20-08522_HIV11-02415_FL24_S18_L000_read_3_count_65     0.82%    passed     98.41%
   4  200724_20-08522_HIV11-02415_FL24_S18_L000_read_4_count_30     0.82%    passed     99.13%
   5  200724_20-08522_HIV11-02415_FL24_S18_L000_read_5_count_28     0.82%    passed     98.41%
   6  200724_20-08522_HIV11-02415_FL24_S18_L000_read_6_count_26     0.82%    passed     96.41%
   7  200724_20-08522_HIV11-02415_FL24_S18_L000_read_7_count_19     0.82%    passed     98.41%
   8  200724_20-08522_HIV11-02415_FL24_S18_L000_read_8_count_9      0.82%    passed     98.41%
   9  200724_20-08522_HIV11-02415_FL24_S18_L000_read_9_count_8      0.82%    passed     98.41%
  10  200724_20-08522_HIV11-02415_FL24_S18_L000_read_10_count_5     0.82%    passed     96.61%
  11  200724_20-08522_HIV11-02415_FL24_S18_L000_read_11_count_5     0.82%    passed     99.75%
  12  200724_20-08522_HIV11-02415_FL24_S18_L000_read_12_count_5     0.82%    passed     95.29%
  13  200724_20-08522_HIV11-02415_FL24_S18_L000_read_13_count_4     0.82%    passed     96.41%
  14  200724_20-08522_HIV11-02415_FL24_S18_L000_read_14_count_4     0.82%    passed     98.44%
  15  200724_20-08522_HIV11-02415_FL24_S18_L000_read_15_count_4     0.82%    passed     99.30%
  16  200724_20-08522_HIV11-02415_FL24_S18_L000_read_16_count_4     0.82%    passed     99.30%
  17  200724_20-08522_HIV11-02415_FL24_S18_L000_read_17_count_3     0.82%    passed     98.57%
  18  200724_20-08522_HIV11-02415_FL24_S18_L000_read_18_count_3     0.82%    passed     99.30%
  19  200724_20-08522_HIV11-02415_FL24_S18_L000_read_19_count_3     0.82%    passed     96.41%
  20  200724_20-08522_HIV11-02415_FL24_S18_L000_read_20_count_3     0.82%    passed     98.41%
  21  200724_20-08522_HIV11-02415_FL24_S18_L000_read_21_count_3     0.82%    passed     99.87%
  22  200724_20-08522_HIV11-02415_FL24_S18_L000_read_22_count_3     0.82%    passed     96.41%
  23  200724_20-08522_HIV11-02415_FL24_S18_L000_read_23_count_3     0.82%    passed     98.41%
  24  200724_20-08522_HIV11-02415_FL24_S18_L000_read_24_count_2     0.82%    passed     98.85%
  25  200724_20-08522_HIV11-02415_FL24_S18_L000_read_25_count_2     0.82%    passed     98.44%
  26  200724_20-08522_HIV11-02415_FL24_S18_L000_read_26_count_2     0.82%    passed     97.36%
  27  200724_20-08522_HIV11-02415_FL24_S18_L000_read_27_count_2     0.82%    passed     98.63%
  28  200724_20-08522_HIV11-02415_FL24_S18_L000_read_28_count_2     0.82%    passed     96.57%
  29  200724_20-08522_HIV11-02415_FL24_S18_L000_read_29_count_2     0.82%    passed     97.05%
  30  200724_20-08522_HIV11-02415_FL24_S18_L000_read_30_count_2     0.82%    passed     99.30%
  31  200724_20-08522_HIV11-02415_FL24_S18_L000_read_31_count_2     0.82%    passed     99.20%
  32  200724_20-08522_HIV11-02415_FL24_S18_L000_read_32_count_2     0.82%    passed     98.41%
  33  200724_20-08522_HIV11-02415_FL24_S18_L000_read_33_count_2     0.82%    passed     95.11%
  34  200724_20-08522_HIV11-02415_FL24_S18_L000_read_34_count_2     0.82%    passed     96.61%
  35  200724_20-08522_HIV11-02415_FL24_S18_L000_read_35_count_2     0.82%    passed     96.61%
  36  200724_20-08522_HIV11-02415_FL24_S18_L000_read_36_count_2     0.82%    passed     98.41%
  37  200724_20-08522_HIV11-02415_FL24_S18_L000_read_37_count_2     0.82%    passed     99.46%
  38  200724_20-08522_HIV11-02415_FL24_S18_L000_read_38_count_2     0.82%    passed     99.30%
  39  200724_20-08522_HIV11-02415_FL24_S18_L000_read_39_count_2     0.82%    passed     99.50%
  40  200724_20-08522_HIV11-02415_FL24_S18_L000_read_40_count_2     0.82%    passed     99.20%
  41  200724_20-08522_HIV11-02415_FL24_S18_L000_read_41_count_2     0.82%    passed     98.41%
  42  200724_20-08522_HIV11-02415_FL24_S18_L000_read_42_count_2     0.82%    passed     99.30%
  43  200724_20-08522_HIV11-02415_FL24_S18_L000_read_43_count_2     0.82%    passed     99.87%
  44  200724_20-08522_HIV11-02415_FL24_S18_L000_read_44_count_2     0.82%    passed     98.41%
  45  200724_20-08522_HIV11-02415_FL24_S18_L000_read_45_count_2     0.82%    passed     98.77%
  46  200724_20-08522_HIV11-02415_FL24_S18_L000_read_46_count_2     0.82%    passed     97.36%
  47  200724_20-08522_HIV11-02415_FL24_S18_L000_read_47_count_2     0.82%    passed     99.30%
  48  200724_20-08522_HIV11-02415_FL24_S18_L000_read_48_count_2     0.82%    passed     99.50%
  49  200724_20-08522_HIV11-02415_FL24_S18_L000_read_49_count_2     0.82%    passed     99.30%
  50  200724_20-08522_HIV11-02415_FL24_S18_L000_read_50_count_2     0.82%    passed     98.44%
  51  200724_20-08522_HIV11-02415_FL24_S18_L000_read_51_count_2     0.82%    passed     95.29%
  52  200724_20-08522_HIV11-02415_FL24_S18_L000_read_52_count_1     0.82%    passed     96.61%
  53  200724_20-08522_HIV11-02415_FL24_S18_L000_read_53_count_1     0.82%    passed     99.95%
  54  200724_20-08522_HIV11-02415_FL24_S18_L000_read_54_count_1     1.64%    passed     98.93%
  55  200724_20-08522_HIV11-02415_FL24_S18_L000_read_55_count_1     0.82%    passed     98.57%
  56  200724_20-08522_HIV11-02415_FL24_S18_L000_read_56_count_1     0.82%    passed     97.05%
  57  200724_20-08522_HIV11-02415_FL24_S18_L000_read_57_count_1     0.82%    passed     98.98%
  58  200724_20-08522_HIV11-02415_FL24_S18_L000_read_58_count_1     0.82%    passed     99.87%
  59  200724_20-08522_HIV11-02415_FL24_S18_L000_read_59_count_1     0.82%    passed     98.57%
  60  200724_20-08522_HIV11-02415_FL24_S18_L000_read_60_count_1     0.82%    passed     98.85%
  61  200724_20-08522_HIV11-02415_FL24_S18_L000_read_61_count_1     0.82%    passed     99.30%
  62  200724_20-08522_HIV11-02415_FL24_S18_L000_read_62_count_1     0.82%    passed     96.57%
  63  200724_20-08522_HIV11-02415_FL24_S18_L000_read_63_count_1     0.82%    passed     96.41%
  64  200724_20-08522_HIV11-02415_FL24_S18_L000_read_64_count_1     0.82%    passed     99.30%
  65  200724_20-08522_HIV11-02415_FL24_S18_L000_read_65_count_1     0.82%    passed     96.57%
  66  200724_20-08522_HIV11-02415_FL24_S18_L000_read_66_count_1     0.82%    passed     97.05%
  67  200724_20-08522_HIV11-02415_FL24_S18_L000_read_67_count_1     0.82%    passed     99.30%
  68  200724_20-08522_HIV11-02415_FL24_S18_L000_read_68_count_1     0.82%    passed     99.33%
  69  200724_20-08522_HIV11-02415_FL24_S18_L000_read_69_count_1     0.82%    passed     96.41%
  70  200724_20-08522_HIV11-02415_FL24_S18_L000_read_70_count_1     0.82%    passed     98.41%
  71  200724_20-08522_HIV11-02415_FL24_S18_L000_read_71_count_1     0.82%    passed     95.29%
  72  200724_20-08522_HIV11-02415_FL24_S18_L000_read_72_count_1     0.82%    passed     98.12%
  73  200724_20-08522_HIV11-02415_FL24_S18_L000_read_73_count_1     0.82%    passed     99.30%
  74  200724_20-08522_HIV11-02415_FL24_S18_L000_read_74_count_1     1.23%    passed     96.60%
  75  200724_20-08522_HIV11-02415_FL24_S18_L000_read_75_count_1     0.82%    passed     98.44%
  76  200724_20-08522_HIV11-02415_FL24_S18_L000_read_76_count_1     0.82%    passed     99.30%
  77  200724_20-08522_HIV11-02415_FL24_S18_L000_read_77_count_1     0.82%    passed     96.57%
  78  200724_20-08522_HIV11-02415_FL24_S18_L000_read_78_count_1     0.82%    passed     96.61%
  79  200724_20-08522_HIV11-02415_FL24_S18_L000_read_79_count_1     0.82%    passed     96.41%
  80  200724_20-08522_HIV11-02415_FL24_S18_L000_read_80_count_1     0.82%    passed     99.30%
  81  200724_20-08522_HIV11-02415_FL24_S18_L000_read_81_count_1     0.82%    passed     95.11%
  82  200724_20-08522_HIV11-02415_FL24_S18_L000_read_82_count_1     0.82%    passed     99.30%
  83  200724_20-08522_HIV11-02415_FL24_S18_L000_read_83_count_1     1.64%    passed     98.73%
  84  200724_20-08522_HIV11-02415_FL24_S18_L000_read_84_count_1     0.82%    passed     98.77%
  85  200724_20-08522_HIV11-02415_FL24_S18_L000_read_85_count_1     0.82%    passed     98.57%
  86  200724_20-08522_HIV11-02415_FL24_S18_L000_read_86_count_1     0.82%    passed     98.63%
  87  200724_20-08522_HIV11-02415_FL24_S18_L000_read_87_count_1     0.82%    passed     98.85%
  88  200724_20-08522_HIV11-02415_FL24_S18_L000_read_88_count_1     0.82%    passed     99.30%
  89  200724_20-08522_HIV11-02415_FL24_S18_L000_read_89_count_1     0.82%    passed     97.17%
  90  200724_20-08522_HIV11-02415_FL24_S18_L000_read_90_count_1     0.82%    passed     98.98%
  91  200724_20-08522_HIV11-02415_FL24_S18_L000_read_91_count_1     0.82%    passed     96.61%
  92  200724_20-08522_HIV11-02415_FL24_S18_L000_read_92_count_1     0.82%    passed     96.37%
  93  200724_20-08522_HIV11-02415_FL24_S18_L000_read_93_count_1     0.82%    passed     92.85%
  94  200724_20-08522_HIV11-02415_FL24_S18_L000_read_94_count_1     0.82%    passed     97.05%
  95  200724_20-08522_HIV11-02415_FL24_S18_L000_read_95_count_1     0.82%    passed     96.47%
  96  200724_20-08522_HIV11-02415_FL24_S18_L000_read_96_count_1     0.82%    passed     99.30%
  97  200724_20-08522_HIV11-02415_FL24_S18_L000_read_97_count_1     1.23%    passed     97.26%
  98  200724_20-08522_HIV11-02415_FL24_S18_L000_read_98_count_1     0.82%    passed     96.41%
  99  200724_20-08522_HIV11-02415_FL24_S18_L000_read_99_count_1     0.82%    passed     98.44%
 100  200724_20-08522_HIV11-02415_FL24_S18_L000_read_100_count_1    0.82%    passed     99.75%
 101  200724_20-08522_HIV11-02415_FL24_S18_L000_read_101_count_1    0.82%    passed     99.92%
 102  200724_20-08522_HIV11-02415_FL24_S18_L000_read_102_count_1    0.82%    passed     96.41%
 103  200724_20-08522_HIV11-02415_FL24_S18_L000_read_103_count_1    0.82%    passed     99.30%
 104  200724_20-08522_HIV11-02415_FL24_S18_L000_read_104_count_1    0.82%    passed     96.84%
 105  200724_20-08522_HIV11-02415_FL24_S18_L000_read_105_count_1    0.82%    passed     92.46%
 106  200724_20-08522_HIV11-02415_FL24_S18_L000_read_106_count_1    0.82%    passed     96.61%
 107  200724_20-08522_HIV11-02415_FL24_S18_L000_read_107_count_1    0.82%    passed     96.57%
 108  200724_20-08522_HIV11-02415_FL24_S18_L000_read_108_count_1    0.82%    passed     96.61%
 109  200724_20-08522_HIV11-02415_FL24_S18_L000_read_109_count_1    0.82%    passed     99.20%
 110  200724_20-08522_HIV11-02415_FL24_S18_L000_read_110_count_1    0.82%    passed     98.98%
 111  200724_20-08522_HIV11-02415_FL24_S18_L000_read_111_count_1    0.82%    passed     96.59%
 112  200724_20-08522_HIV11-02415_FL24_S18_L000_read_112_count_1    0.82%    passed     99.20%
 113  200724_20-08522_HIV11-02415_FL24_S18_L000_read_113_count_1    0.82%    passed     98.88%
 114  200724_20-08522_HIV11-02415_FL24_S18_L000_read_114_count_1    0.82%    passed     98.57%
 115  200724_20-08522_HIV11-02415_FL24_S18_L000_read_115_count_1    0.82%    passed     99.20%
 116  200724_20-08522_HIV11-02415_FL24_S18_L000_read_116_count_1    1.64%    passed     87.58%
 117  200724_20-08522_HIV11-02415_FL24_S18_L000_read_117_count_1    0.82%    passed     99.20%
 118  200724_20-08522_HIV11-02415_FL24_S18_L000_read_118_count_1    0.82%    passed     95.29%
 119  200724_20-08522_HIV11-02415_FL24_S18_L000_read_119_count_1    0.82%    passed     99.50%
 120  200724_20-08522_HIV11-02415_FL24_S18_L000_read_120_count_1    0.82%    passed     98.44%
 121  200724_20-08522_HIV11-02415_FL24_S18_L000_read_121_count_1    0.82%    passed     96.41%
 122  200724_20-08522_HIV11-02415_FL24_S18_L000_read_122_count_1    0.82%    passed     99.30%
 123  200724_20-08522_HIV11-02415_FL24_S18_L000_read_123_count_1    0.82%    passed     99.87%
 124  200724_20-08522_HIV11-02415_FL24_S18_L000_read_124_count_1    0.82%    passed     98.77%
 125  200724_20-08522_HIV11-02415_FL24_S18_L000_read_125_count_1    0.82%    passed     97.25%
 126  200724_20-08522_HIV11-02415_FL24_S18_L000_read_126_count_1    0.82%    passed     98.57%
 127  200724_20-08522_HIV11-02415_FL24_S18_L000_read_127_count_1    0.82%    passed     96.41%
 128  200724_20-08522_HIV11-02415_FL24_S18_L000_read_128_count_1    0.82%    passed     96.37%
 129  200724_20-08522_HIV11-02415_FL24_S18_L000_read_129_count_1    0.82%    passed     97.17%
 130  200724_20-08522_HIV11-02415_FL24_S18_L000_read_130_count_1    0.82%    passed     96.41%
 131  200724_20-08522_HIV11-02415_FL24_S18_L000_read_131_count_1    0.82%    passed     99.30%
 132  200724_20-08522_HIV11-02415_FL24_S18_L000_read_132_count_1    0.82%    passed     99.77%
 133  200724_20-08522_HIV11-02415_FL24_S18_L000_read_133_count_1    1.23%    passed     98.79%
 134  200724_20-08522_HIV11-02415_FL24_S18_L000_read_134_count_1    0.82%    passed     99.75%
 135  200724_20-08522_HIV11-02415_FL24_S18_L000_read_135_count_1    0.82%    passed     98.44%
 136  200724_20-08522_HIV11-02415_FL24_S18_L000_read_136_count_1    0.82%    passed     99.30%
 137  200724_20-08522_HIV11-02415_FL24_S18_L000_read_137_count_1    0.82%    passed     96.37%
 138  200724_20-08522_HIV11-02415_FL24_S18_L000_read_138_count_1    0.82%    passed     99.30%
 139  200724_20-08522_HIV11-02415_FL24_S18_L000_read_139_count_1    0.82%    passed     99.95%
 140  200724_20-08522_HIV11-02415_FL24_S18_L000_read_140_count_1    0.82%    passed     99.20%
 141  200724_20-08522_HIV11-02415_FL24_S18_L000_read_141_count_1    0.82%    passed     98.57%
 142  200724_20-08522_HIV11-02415_FL24_S18_L000_read_142_count_1    0.82%    passed     94.69%
 143  200724_20-08522_HIV11-02415_FL24_S18_L000_read_143_count_1    0.82%    passed     96.61%
 144  200724_20-08522_HIV11-02415_FL24_S18_L000_read_144_count_1    0.82%    passed     99.92%
 145  200724_20-08522_HIV11-02415_FL24_S18_L000_read_145_count_1    0.82%    passed     98.44%
 146  200724_20-08522_HIV11-02415_FL24_S18_L000_read_146_count_1    0.82%    passed     99.92%
 147  200724_20-08522_HIV11-02415_FL24_S18_L000_read_147_count_1    0.82%    passed     96.61%
 148  200724_20-08522_HIV11-02415_FL24_S18_L000_read_148_count_1    0.82%    passed     98.63%
 149  200724_20-08522_HIV11-02415_FL24_S18_L000_read_149_count_1    0.82%    passed     99.87%
 150  200724_20-08522_HIV11-02415_FL24_S18_L000_read_150_count_1    0.82%    passed     97.36%
 151  200724_20-08522_HIV11-02415_FL24_S18_L000_read_151_count_1    0.82%    passed     99.50%
 152  200724_20-08522_HIV11-02415_FL24_S18_L000_read_152_count_1    0.82%    passed     95.29%
 153  200724_20-08522_HIV11-02415_FL24_S18_L000_read_153_count_1    0.82%    passed     95.80%
 154  200724_20-08522_HIV11-02415_FL24_S18_L000_read_154_count_1    0.82%    passed     99.30%
 155  200724_20-08522_HIV11-02415_FL24_S18_L000_read_155_count_1    0.82%    passed     97.94%
 156  200724_20-08522_HIV11-02415_FL24_S18_L000_read_156_count_1    0.82%    passed     95.11%
 157  200724_20-08522_HIV11-02415_FL24_S18_L000_read_157_count_1    0.82%    passed     99.20%
 158  200724_20-08522_HIV11-02415_FL24_S18_L000_read_158_count_1    0.82%    passed     98.63%
 159  200724_20-08522_HIV11-02415_FL24_S18_L000_read_159_count_1    0.82%    passed     98.44%
 160  200724_20-08522_HIV11-02415_FL24_S18_L000_read_160_count_1    0.82%    passed     99.30%
 161  200724_20-08522_HIV11-02415_FL24_S18_L000_read_161_count_1    0.82%    passed     98.63%
 162  200724_20-08522_HIV11-02415_FL24_S18_L000_read_162_count_1    0.82%    passed     95.29%
 163  200724_20-08522_HIV11-02415_FL24_S18_L000_read_163_count_1    0.82%    passed     94.77%
 164  200724_20-08522_HIV11-02415_FL24_S18_L000_read_164_count_1    0.82%    passed     96.57%
 165  200724_20-08522_HIV11-02415_FL24_S18_L000_read_165_count_1    0.82%    passed     99.20%
 166  200724_20-08522_HIV11-02415_FL24_S18_L000_read_166_count_1    0.82%    passed     96.48%
 167  200724_20-08522_HIV11-02415_FL24_S18_L000_read_167_count_1    0.82%    passed     98.57%
 168  200724_20-08522_HIV11-02415_FL24_S18_L000_read_168_count_1    0.82%    passed     99.13%
 169  200724_20-08522_HIV11-02415_FL24_S18_L000_read_169_count_1    0.82%    passed     90.42%
 170  200724_20-08522_HIV11-02415_FL24_S18_L000_read_170_count_1    0.82%    passed     98.44%
 171  200724_20-08522_HIV11-02415_FL24_S18_L000_read_171_count_1    0.82%    passed     97.05%
 172  200724_20-08522_HIV11-02415_FL24_S18_L000_read_172_count_1    0.82%    passed     99.13%
 173  200724_20-08522_HIV11-02415_FL24_S18_L000_read_173_count_1    1.64%    passed     99.70%
 174  200724_20-08522_HIV11-02415_FL24_S18_L000_read_174_count_1    0.82%    passed     97.25%
 175  200724_20-08522_HIV11-02415_FL24_S18_L000_read_175_count_1    0.82%    passed     99.20%
 176  200724_20-08522_HIV11-02415_FL24_S18_L000_read_176_count_1    0.82%    passed     98.88%
 177  200724_20-08522_HIV11-02415_FL24_S18_L000_read_177_count_1    0.82%    passed     99.30%
 178  200724_20-08522_HIV11-02415_FL24_S18_L000_read_178_count_1    0.82%    passed     98.63%
 179  200724_20-08522_HIV11-02415_FL24_S18_L000_read_179_count_1    0.82%    passed     98.41%
 180  200724_20-08522_HIV11-02415_FL24_S18_L000_read_180_count_1    0.82%    passed     96.57%
 181  200724_20-08522_HIV11-02415_FL24_S18_L000_read_181_count_1    0.82%    passed     99.30%
 182  200724_20-08522_HIV11-02415_FL24_S18_L000_read_182_count_1    0.82%    passed     98.09%
 183  200724_20-08522_HIV11-02415_FL24_S18_L000_read_183_count_1    0.82%    passed     99.20%
 184  200724_20-08522_HIV11-02415_FL24_S18_L000_read_184_count_1    1.23%    passed     98.68%
 185  200724_20-08522_HIV11-02415_FL24_S18_L000_read_185_count_1    0.82%    passed     96.57%
 186  200724_20-08522_HIV11-02415_FL24_S18_L000_read_186_count_1    0.82%    passed     98.44%
 187  200724_20-08522_HIV11-02415_FL24_S18_L000_read_187_count_1    0.82%    passed     95.98%
 188  200724_20-08522_HIV11-02415_FL24_S18_L000_read_188_count_1    0.82%    passed     99.13%
 189  200724_20-08522_HIV11-02415_FL24_S18_L000_read_189_count_1    0.82%    passed     99.30%
 190  200724_20-08522_HIV11-02415_FL24_S18_L000_read_190_count_1    1.64%    passed     94.12%
 191  200724_20-08522_HIV11-02415_FL24_S18_L000_read_191_count_1    0.82%    passed     96.37%
 192  200724_20-08522_HIV11-02415_FL24_S18_L000_read_192_count_1    0.82%    passed     97.36%
 193  200724_20-08522_HIV11-02415_FL24_S18_L000_read_193_count_1    0.82%    passed     96.57%
 194  200724_20-08522_HIV11-02415_FL24_S18_L000_read_194_count_1    0.82%    passed     99.30%
 195  200724_20-08522_HIV11-02415_FL24_S18_L000_read_195_count_1    0.82%    passed     96.84%
 196  200724_20-08522_HIV11-02415_FL24_S18_L000_read_196_count_1    0.82%    passed     99.50%
 197  200724_20-08522_HIV11-02415_FL24_S18_L000_read_197_count_1    0.82%    passed     98.77%
 198  200724_20-08522_HIV11-02415_FL24_S18_L000_read_198_count_1    0.82%    passed     90.61%
 199  200724_20-08522_HIV11-02415_FL24_S18_L000_read_199_count_1    0.82%    passed     99.30%
 200  200724_20-08522_HIV11-02415_FL24_S18_L000_read_200_count_1    0.82%    passed     95.29%
 201  200724_20-08522_HIV11-02415_FL24_S18_L000_read_201_count_1    0.82%    passed     98.77%
 202  200724_20-08522_HIV11-02415_FL24_S18_L000_read_202_count_1    0.82%    passed     99.30%
 203  200724_20-08522_HIV11-02415_FL24_S18_L000_read_203_count_1    0.82%    passed     96.41%
 204  200724_20-08522_HIV11-02415_FL24_S18_L000_read_204_count_1    0.82%    passed     95.11%
 205  200724_20-08522_HIV11-02415_FL24_S18_L000_read_205_count_1    0.82%    passed     98.41%
 206  200724_20-08522_HIV11-02415_FL24_S18_L000_read_206_count_1    0.82%    passed     99.20%
 207  200724_20-08522_HIV11-02415_FL24_S18_L000_read_207_count_1    0.82%    passed     96.28%
 208  200724_20-08522_HIV11-02415_FL24_S18_L000_read_208_count_1    0.82%    passed     99.87%
 209  200724_20-08522_HIV11-02415_FL24_S18_L000_read_209_count_1    0.82%    passed     99.20%
 210  200724_20-08522_HIV11-02415_FL24_S18_L000_read_210_count_1    0.82%    passed     99.87%
 211  200724_20-08522_HIV11-02415_FL24_S18_L000_read_211_count_1    0.82%    passed     97.36%
 212  200724_20-08522_HIV11-02415_FL24_S18_L000_read_212_count_1    0.82%    passed     99.87%
 213  200724_20-08522_HIV11-02415_FL24_S18_L000_read_213_count_1    0.82%    passed     99.20%
 214  200724_20-08522_HIV11-02415_FL24_S18_L000_read_214_count_1    0.82%    passed     99.30%
 215  200724_20-08522_HIV11-02415_FL24_S18_L000_read_215_count_1    0.82%    passed     98.63%
 216  200724_20-08522_HIV11-02415_FL24_S18_L000_read_216_count_1    0.82%    passed     98.41%
 217  200724_20-08522_HIV11-02415_FL24_S18_L000_read_217_count_1    0.82%    passed     98.41%
 218  200724_20-08522_HIV11-02415_FL24_S18_L000_read_218_count_1    0.82%    passed     96.57%
 219  200724_20-08522_HIV11-02415_FL24_S18_L000_read_219_count_1    0.82%    passed     98.41%
 220  200724_20-08522_HIV11-02415_FL24_S18_L000_read_220_count_1    0.82%    passed     99.30%
 221  200724_20-08522_HIV11-02415_FL24_S18_L000_read_221_count_1    0.82%    passed     97.25%
 222  200724_20-08522_HIV11-02415_FL24_S18_L000_read_222_count_1    0.82%    passed     99.30%
 223  200724_20-08522_HIV11-02415_FL24_S18_L000_read_223_count_1    0.82%    passed     98.57%
 224  200724_20-08522_HIV11-02415_FL24_S18_L000_read_224_count_1    0.82%    passed     98.85%
 225  200724_20-08522_HIV11-02415_FL24_S18_L000_read_225_count_1    0.82%    passed     99.20%
 226  200724_20-08522_HIV11-02415_FL24_S18_L000_read_226_count_1    0.82%    passed     98.85%
 227  200724_20-08522_HIV11-02415_FL24_S18_L000_read_227_count_1    0.82%    passed     98.44%
 228  200724_20-08522_HIV11-02415_FL24_S18_L000_read_228_count_1    0.82%    passed     98.63%
 229  200724_20-08522_HIV11-02415_FL24_S18_L000_read_229_count_1    0.82%    passed     99.75%
 230  200724_20-08522_HIV11-02415_FL24_S18_L000_read_230_count_1    1.23%    passed     98.65%
 231  200724_20-08522_HIV11-02415_FL24_S18_L000_read_231_count_1    0.82%    passed     99.33%
 232  200709_20-07994_HIV07-01067_FL21_S1_L000_read_1_count_452     0.82%    passed     87.27%
 233  200709_20-07994_HIV07-01067_FL21_S1_L000_read_2_count_75      0.82%    passed     87.27%
 234  200709_20-07994_HIV07-01067_FL21_S1_L000_read_3_count_51      0.82%    passed     77.84%
 235  200709_20-07994_HIV07-01067_FL21_S1_L000_read_4_count_50      0.82%    passed     90.82%
 236  200709_20-07994_HIV07-01067_FL21_S1_L000_read_5_count_35      0.82%    passed     93.63%
 237  200709_20-07994_HIV07-01067_FL21_S1_L000_read_6_count_4       0.82%    passed     83.68%
 238  200709_20-07994_HIV07-01067_FL21_S1_L000_read_7_count_3       0.82%    passed     74.22%
 239  200709_20-07994_HIV07-01067_FL21_S1_L000_read_8_count_2       0.82%    passed     89.60%
 240  200709_20-07994_HIV07-01067_FL21_S1_L000_read_9_count_2       0.82%    passed     83.20%
 241  200709_20-07994_HIV07-01067_FL21_S1_L000_read_10_count_2      0.82%    passed     93.63%
 242  200709_20-07994_HIV07-01067_FL21_S1_L000_read_11_count_2      0.82%    passed     89.60%
 243  200709_20-07994_HIV07-01067_FL21_S1_L000_read_12_count_2      0.82%    passed     83.68%
 244  200709_20-07994_HIV07-01067_FL21_S1_L000_read_13_count_2      0.82%    passed     94.92%
 245  200709_20-07994_HIV07-01067_FL21_S1_L000_read_14_count_2      0.82%    passed     89.79%
 246  200709_20-07994_HIV07-01067_FL21_S1_L000_read_15_count_2      0.82%    passed     89.60%
 247  200709_20-07994_HIV07-01067_FL21_S1_L000_read_16_count_2      0.82%    passed     77.84%
 248  200709_20-07994_HIV07-01067_FL21_S1_L000_read_17_count_2      0.82%    passed     83.68%
 249  200709_20-07994_HIV07-01067_FL21_S1_L000_read_18_count_1      0.82%    passed     93.63%
 250  200709_20-07994_HIV07-01067_FL21_S1_L000_read_19_count_1      0.82%    passed     77.84%
 251  200709_20-07994_HIV07-01067_FL21_S1_L000_read_20_count_1      0.82%    passed     93.46%
 252  200709_20-07994_HIV07-01067_FL21_S1_L000_read_21_count_1      0.82%    passed     83.68%
 253  200709_20-07994_HIV07-01067_FL21_S1_L000_read_22_count_1      0.82%    passed     89.79%
 254  200709_20-07994_HIV07-01067_FL21_S1_L000_read_23_count_1      0.82%    passed     83.68%
 255  200709_20-07994_HIV07-01067_FL21_S1_L000_read_24_count_1      0.82%    passed     83.68%
 256  200709_20-07994_HIV07-01067_FL21_S1_L000_read_25_count_1      0.82%    passed     91.77%
 257  200709_20-07994_HIV07-01067_FL21_S1_L000_read_26_count_1      0.82%    passed     83.68%
 258  200709_20-07994_HIV07-01067_FL21_S1_L000_read_27_count_1      0.82%    passed     83.68%
 259  200709_20-07994_HIV07-01067_FL21_S1_L000_read_28_count_1      0.82%    passed     89.79%
 260  200709_20-07994_HIV07-01067_FL21_S1_L000_read_29_count_1      0.82%    passed     83.68%
 261  200709_20-07994_HIV07-01067_FL21_S1_L000_read_30_count_1      0.82%    passed     86.77%
 262  200709_20-07994_HIV07-01067_FL21_S1_L000_read_31_count_1      0.82%    passed     86.77%
 263  200709_20-07994_HIV07-01067_FL21_S1_L000_read_32_count_1      0.82%    passed     83.68%
 264  200709_20-07994_HIV07-01067_FL21_S1_L000_read_33_count_1      0.82%    passed     83.68%
 265  200709_20-07994_HIV07-01067_FL21_S1_L000_read_34_count_1      0.82%    passed     83.20%
 266  200709_20-07994_HIV07-01067_FL21_S1_L000_read_35_count_1      0.82%    passed     93.63%
 267  200709_20-07994_HIV07-01067_FL21_S1_L000_read_36_count_1      0.82%    passed     89.60%
 268  200709_20-07994_HIV07-01067_FL21_S1_L000_read_37_count_1      0.82%    passed     83.68%
 269  200709_20-07994_HIV07-01067_FL21_S1_L000_read_38_count_1      0.82%    passed     83.68%
 270  200709_20-07994_HIV07-01067_FL21_S1_L000_read_39_count_1      0.82%    passed     86.77%
 271  200709_20-07994_HIV07-01067_FL21_S1_L000_read_40_count_1      0.82%    passed     83.68%
 272  200709_20-07994_HIV07-01067_FL21_S1_L000_read_41_count_1      0.82%    passed     81.45%
 273  200709_20-07994_HIV07-01067_FL21_S1_L000_read_42_count_1      0.82%    passed     93.63%
 274  200709_20-07994_HIV07-01067_FL21_S1_L000_read_43_count_1      0.82%    passed     83.68%
 275  200709_20-07994_HIV07-01067_FL21_S1_L000_read_44_count_1      0.82%    passed     80.94%
 276  200709_20-07994_HIV07-01067_FL21_S1_L000_read_45_count_1      0.82%    passed     90.82%
 277  200709_20-07994_HIV07-01067_FL21_S1_L000_read_46_count_1      0.82%    passed     90.34%
 278  200709_20-07994_HIV07-01067_FL21_S1_L000_read_47_count_1      0.82%    passed     83.68%
 279  200709_20-07994_HIV07-01067_FL21_S1_L000_read_48_count_1      0.82%    passed     83.68%
 280  200709_20-07994_HIV07-01067_FL21_S1_L000_read_49_count_1      0.82%    passed     86.10%
 281  200709_20-07994_HIV07-01067_FL21_S1_L000_read_50_count_1      0.82%    passed     83.68%
 282  200709_20-07994_HIV07-01067_FL21_S1_L000_read_51_count_1      0.82%    passed     81.45%
 283  200709_20-07994_HIV07-01067_FL21_S1_L000_read_52_count_1      0.82%    passed     78.83%
 284  200709_20-07994_HIV07-01067_FL21_S1_L000_read_53_count_1      0.82%    passed     90.34%
 285  200709_20-07994_HIV07-01067_FL21_S1_L000_read_54_count_1      0.82%    passed     87.27%
 286  200709_20-07994_HIV07-01067_FL21_S1_L000_read_55_count_1      0.82%    passed     83.68%
 287  200709_20-07994_HIV07-01067_FL21_S1_L000_read_56_count_1      0.82%    passed     77.84%
 288  200709_20-07994_HIV07-01067_FL21_S1_L000_read_57_count_1      0.82%    passed     86.86%
 289  200709_20-07994_HIV07-01067_FL21_S1_L000_read_58_count_1      0.82%    passed     81.45%
 290  200709_20-07994_HIV07-01067_FL21_S1_L000_read_59_count_1      0.82%    passed     86.86%
 291  200709_20-07994_HIV07-01067_FL21_S1_L000_read_60_count_1      0.82%    passed     90.82%
 292  200709_20-07994_HIV07-01067_FL21_S1_L000_read_61_count_1      0.82%    passed     83.68%
 293  200709_20-07994_HIV07-01067_FL21_S1_L000_read_62_count_1      0.82%    passed     83.68%
 294  200709_20-07994_HIV07-01067_FL21_S1_L000_read_63_count_1      0.82%    passed     83.20%
 295  200709_20-07994_HIV07-01067_FL21_S1_L000_read_64_count_1      0.82%    passed     83.68%
 296  200709_20-07994_HIV07-01067_FL21_S1_L000_read_65_count_1      0.82%    passed     83.20%
 297  200709_20-07994_HIV07-01067_FL21_S1_L000_read_66_count_1      0.82%    passed     90.34%
 298  200709_20-07994_HIV07-01067_FL21_S1_L000_read_67_count_1      0.82%    passed     83.68%
 299  200709_20-07994_HIV07-01067_FL21_S1_L000_read_68_count_1      0.82%    passed     83.20%
 300  200709_20-07994_HIV07-01067_FL21_S1_L000_read_69_count_1      0.82%    passed     89.79%
 301  200709_20-07994_HIV07-01067_FL21_S1_L000_read_70_count_1      0.82%    passed     83.20%
 302  200709_20-07994_HIV07-01067_FL21_S1_L000_read_71_count_1      0.82%    passed     83.20%
 303  200709_20-07994_HIV07-01067_FL21_S1_L000_read_72_count_1      0.82%    passed     83.68%
 304  200709_20-07994_HIV07-01067_FL21_S1_L000_read_73_count_1      0.82%    passed     95.38%
 305  200709_20-07994_HIV07-01067_FL21_S1_L000_read_74_count_1      0.82%    passed     83.68%
 306  200709_20-07994_HIV07-01067_FL21_S1_L000_read_75_count_1      0.82%    passed     86.86%
 307  200709_20-07994_HIV07-01067_FL21_S1_L000_read_76_count_1      0.82%    passed     93.63%
 308  200709_20-07994_HIV07-01067_FL21_S1_L000_read_77_count_1      0.82%    passed     80.26%
 309  200709_20-07994_HIV07-01067_FL21_S1_L000_read_78_count_1      0.82%    passed     89.79%
 310  200709_20-07994_HIV07-01067_FL21_S1_L000_read_79_count_1      0.82%    passed     78.83%
 311  200709_20-07994_HIV07-01067_FL21_S1_L000_read_80_count_1      0.82%    passed     77.84%
 312  200709_20-07994_HIV07-01067_FL21_S1_L000_read_81_count_1      0.82%    passed     89.60%
 313  200709_20-07994_HIV07-01067_FL21_S1_L000_read_82_count_1      0.82%    passed     86.86%
 314  200709_20-07994_HIV07-01067_FL21_S1_L000_read_83_count_1      0.82%    passed     83.68%
 315  200709_20-07994_HIV07-01067_FL21_S1_L000_read_84_count_1      0.82%    passed     74.22%
 316  200709_20-07994_HIV07-01067_FL21_S1_L000_read_85_count_1      0.82%    passed     79.05%
 317  200709_20-07994_HIV07-01067_FL21_S1_L000_read_86_count_1      0.82%    passed     83.68%
 318  200709_20-07994_HIV07-01067_FL21_S1_L000_read_87_count_1      0.82%    passed     83.68%
 319  200709_20-07994_HIV07-01067_FL21_S1_L000_read_88_count_1      0.82%    passed     89.60%
 320  200709_20-07994_HIV07-01067_FL21_S1_L000_read_89_count_1      0.82%    passed     93.46%
 321  200709_20-07994_HIV07-01067_FL21_S1_L000_read_90_count_1      0.82%    passed     77.84%
 322  200709_20-07994_HIV07-01067_FL21_S1_L000_read_91_count_1      0.82%    passed     83.20%
 323  200709_20-07994_HIV07-01067_FL21_S1_L000_read_92_count_1      0.82%    passed     90.82%
 324  200709_20-07994_HIV07-01067_FL21_S1_L000_read_93_count_1      0.82%    passed     93.63%
 325  200709_20-07994_HIV07-01067_FL21_S1_L000_read_94_count_1      0.82%    passed     94.92%
 326  200709_20-07994_HIV07-01067_FL21_S1_L000_read_95_count_1      0.82%    passed     83.68%
 327  200709_20-07994_HIV07-01067_FL21_S1_L000_read_96_count_1      0.82%    passed     86.10%
 328  200709_20-07994_HIV07-01067_FL21_S1_L000_read_97_count_1      0.82%    passed     83.68%
 329  200709_20-07994_HIV07-01067_FL21_S1_L000_read_98_count_1      0.82%    passed     83.68%
 330  200709_20-07994_HIV07-01067_FL21_S1_L000_read_99_count_1      0.82%    passed     86.10%
 331  200709_20-07994_HIV07-01067_FL21_S1_L000_read_100_count_1     0.82%    passed     83.20%
 332  200709_20-07994_HIV07-01067_FL21_S1_L000_read_101_count_1     0.82%    passed     83.20%
 333  200709_20-07994_HIV07-01067_FL21_S1_L000_read_102_count_1     0.82%    passed     97.01%
 334  200709_20-07994_HIV07-01067_FL21_S1_L000_read_103_count_1     0.82%    passed     83.20%
 335  200709_20-07994_HIV07-01067_FL21_S1_L000_read_104_count_1     0.82%    passed     89.60%
 336  200709_20-07994_HIV07-01067_FL21_S1_L000_read_105_count_1     0.82%    passed     95.38%
 337  200709_20-07994_HIV07-01067_FL21_S1_L000_read_106_count_1     0.82%    passed     93.63%
 338  200709_20-07994_HIV07-01067_FL21_S1_L000_read_107_count_1     0.82%    passed     86.86%
 339  200709_20-07994_HIV07-01067_FL21_S1_L000_read_108_count_1     0.82%    passed     83.68%
 340  200709_20-07994_HIV07-01067_FL21_S1_L000_read_109_count_1     0.82%    passed     89.60%
 341  200709_20-07994_HIV07-01067_FL21_S1_L000_read_110_count_1     0.82%    passed     83.68%
 342  200709_20-07994_HIV07-01067_FL21_S1_L000_read_111_count_1     0.82%    passed     93.46%
 343  200709_20-07994_HIV07-01067_FL21_S1_L000_read_112_count_1     0.82%    passed     89.60%
 344  200709_20-07994_HIV07-01067_FL21_S1_L000_read_113_count_1     0.82%    passed     86.77%
 345  200709_20-07994_HIV07-01067_FL21_S1_L000_read_114_count_1     0.82%    passed     93.63%
 346  200709_20-07994_HIV07-01067_FL21_S1_L000_read_115_count_1     0.82%    passed     83.68%
 347  200709_20-07994_HIV07-01067_FL21_S1_L000_read_116_count_1     0.82%    passed     74.22%
 348  200709_20-07994_HIV07-01067_FL21_S1_L000_read_117_count_1     0.82%    passed     80.26%
 349  200709_20-07994_HIV07-01067_FL21_S1_L000_read_118_count_1     0.82%    passed     83.68%
 350  200709_20-07994_HIV07-01067_FL21_S1_L000_read_119_count_1     0.82%    passed     93.63%
 351  200709_20-07994_HIV07-01067_FL21_S1_L000_read_120_count_1     0.82%    passed     95.38%
 352  200709_20-07994_HIV07-01067_FL21_S1_L000_read_121_count_1     0.82%    passed     83.68%
 353  200709_20-07994_HIV07-01067_FL21_S1_L000_read_122_count_1     0.82%    passed     83.20%
 354  200709_20-07994_HIV07-01067_FL21_S1_L000_read_123_count_1     0.82%    passed     80.26%
 355  200709_20-07994_HIV07-01067_FL21_S1_L000_read_124_count_1     1.23%    passed     88.98%
 356  200709_20-07994_HIV07-01067_FL21_S1_L000_read_125_count_1     0.82%    passed     89.60%
 357  200709_20-07994_HIV07-01067_FL21_S1_L000_read_126_count_1     0.82%    passed     83.68%
 358  200709_20-07994_HIV07-01067_FL21_S1_L000_read_127_count_1     0.82%    passed     77.84%
 359  200709_20-07994_HIV07-01067_FL21_S1_L000_read_128_count_1     0.82%    passed     77.84%
 360  200709_20-07994_HIV07-01067_FL21_S1_L000_read_129_count_1     0.82%    passed     83.68%
 361  200709_20-07994_HIV07-01067_FL21_S1_L000_read_130_count_1     0.82%    passed     87.44%
 362  200709_20-07994_HIV07-01067_FL21_S1_L000_read_131_count_1     0.82%    passed     83.68%
 363  200709_20-07994_HIV07-01067_FL21_S1_L000_read_132_count_1     0.82%    passed     83.68%
 364  200709_20-07994_HIV07-01067_FL21_S1_L000_read_133_count_1     0.82%    passed     87.27%
 365  200709_20-07994_HIV07-01067_FL21_S1_L000_read_134_count_1     0.82%    passed     89.60%
 366  200703_20-07825_HIV09-00618_FL18_S6_L000_read_1_count_456     0.82%    passed     99.95%
 367  200703_20-07825_HIV09-00618_FL18_S6_L000_read_2_count_30      0.82%    passed     99.82%
 368  200703_20-07825_HIV09-00618_FL18_S6_L000_read_3_count_24      0.82%    passed     99.10%
 369  200703_20-07825_HIV09-00618_FL18_S6_L000_read_4_count_22      0.82%    passed     99.95%
 370  200703_20-07825_HIV09-00618_FL18_S6_L000_read_5_count_12      0.82%    passed     99.75%
 371  200703_20-07825_HIV09-00618_FL18_S6_L000_read_6_count_9       0.82%    passed     99.10%
 372  200703_20-07825_HIV09-00618_FL18_S6_L000_read_7_count_6       0.82%    passed     99.75%
 373  200703_20-07825_HIV09-00618_FL18_S6_L000_read_8_count_5       0.82%    passed     99.82%
 374  200703_20-07825_HIV09-00618_FL18_S6_L000_read_9_count_4       0.82%    passed     98.85%
 375  200703_20-07825_HIV09-00618_FL18_S6_L000_read_10_count_3      0.82%    passed     99.82%
 376  200703_20-07825_HIV09-00618_FL18_S6_L000_read_11_count_3      0.82%    passed     99.75%
 377  200703_20-07825_HIV09-00618_FL18_S6_L000_read_12_count_3      0.82%    passed     99.75%
 378  200703_20-07825_HIV09-00618_FL18_S6_L000_read_13_count_3      0.82%    passed     99.96%
 379  200703_20-07825_HIV09-00618_FL18_S6_L000_read_14_count_3      0.82%    passed     99.82%
 380  200703_20-07825_HIV09-00618_FL18_S6_L000_read_15_count_2      0.82%    passed     99.82%
 381  200703_20-07825_HIV09-00618_FL18_S6_L000_read_16_count_2      0.82%    passed     98.85%
 382  200703_20-07825_HIV09-00618_FL18_S6_L000_read_17_count_2      0.82%    passed     98.85%
 383  200703_20-07825_HIV09-00618_FL18_S6_L000_read_18_count_2      0.82%    passed     98.85%
 384  200703_20-07825_HIV09-00618_FL18_S6_L000_read_19_count_2      0.82%    passed     99.82%
 385  200703_20-07825_HIV09-00618_FL18_S6_L000_read_20_count_2      0.82%    passed     99.82%
 386  200703_20-07825_HIV09-00618_FL18_S6_L000_read_21_count_2      0.82%    passed     99.96%
 387  200703_20-07825_HIV09-00618_FL18_S6_L000_read_22_count_2      0.82%    passed     99.75%
 388  200703_20-07825_HIV09-00618_FL18_S6_L000_read_23_count_2      0.82%    passed     99.82%
 389  200703_20-07825_HIV09-00618_FL18_S6_L000_read_24_count_2      0.82%    passed     99.75%
 390  200703_20-07825_HIV09-00618_FL18_S6_L000_read_25_count_2      0.82%    passed     99.92%
 391  200703_20-07825_HIV09-00618_FL18_S6_L000_read_26_count_1      0.82%    passed     99.30%
 392  200703_20-07825_HIV09-00618_FL18_S6_L000_read_27_count_1      0.82%    passed     98.88%
 393  200703_20-07825_HIV09-00618_FL18_S6_L000_read_28_count_1      0.82%    passed     99.82%
 394  200703_20-07825_HIV09-00618_FL18_S6_L000_read_29_count_1      0.82%    passed     99.82%
 395  200703_20-07825_HIV09-00618_FL18_S6_L000_read_30_count_1      0.82%    passed     99.30%
 396  200703_20-07825_HIV09-00618_FL18_S6_L000_read_31_count_1      0.82%    passed     99.82%
 397  200703_20-07825_HIV09-00618_FL18_S6_L000_read_32_count_1      0.82%    passed     99.82%
 398  200703_20-07825_HIV09-00618_FL18_S6_L000_read_33_count_1      0.82%    passed     99.82%
 399  200703_20-07825_HIV09-00618_FL18_S6_L000_read_34_count_1      0.82%    passed     98.41%
 400  200703_20-07825_HIV09-00618_FL18_S6_L000_read_35_count_1      0.82%    passed     99.82%
 401  200703_20-07825_HIV09-00618_FL18_S6_L000_read_36_count_1      0.82%    passed     99.30%
 402  200703_20-07825_HIV09-00618_FL18_S6_L000_read_37_count_1      0.82%    passed     99.87%
 403  200703_20-07825_HIV09-00618_FL18_S6_L000_read_38_count_1      0.82%    passed     98.88%
 404  200703_20-07825_HIV09-00618_FL18_S6_L000_read_39_count_1      0.82%    passed     99.82%
 405  200703_20-07825_HIV09-00618_FL18_S6_L000_read_40_count_1      1.23%    passed     99.88%
 406  200703_20-07825_HIV09-00618_FL18_S6_L000_read_41_count_1      0.82%    passed     97.29%
 407  200703_20-07825_HIV09-00618_FL18_S6_L000_read_42_count_1      1.23%    passed     99.93%
 408  200703_20-07825_HIV09-00618_FL18_S6_L000_read_43_count_1      0.82%    passed     99.82%
 409  200703_20-07825_HIV09-00618_FL18_S6_L000_read_44_count_1      0.82%    passed     99.10%
 410  200703_20-07825_HIV09-00618_FL18_S6_L000_read_45_count_1      0.82%    passed     99.75%
 411  200703_20-07825_HIV09-00618_FL18_S6_L000_read_46_count_1      0.82%    passed     99.92%
 412  200703_20-07825_HIV09-00618_FL18_S6_L000_read_47_count_1      0.82%    passed     99.82%
 413  200703_20-07825_HIV09-00618_FL18_S6_L000_read_48_count_1      0.82%    passed     99.75%
 414  200703_20-07825_HIV09-00618_FL18_S6_L000_read_49_count_1      0.82%    passed     99.82%
 415  200703_20-07825_HIV09-00618_FL18_S6_L000_read_50_count_1      0.82%    passed     99.82%
 416  200703_20-07825_HIV09-00618_FL18_S6_L000_read_51_count_1      0.82%    passed     99.75%
 417  200703_20-07825_HIV09-00618_FL18_S6_L000_read_52_count_1      0.82%    passed     98.85%
 418  200703_20-07825_HIV09-00618_FL18_S6_L000_read_53_count_1      0.82%    passed     99.87%
 419  200703_20-07825_HIV09-00618_FL18_S6_L000_read_54_count_1      0.82%    passed     99.92%
 420  200703_20-07825_HIV09-00618_FL18_S6_L000_read_55_count_1      0.82%    passed     99.82%
 421  200703_20-07825_HIV09-00618_FL18_S6_L000_read_56_count_1      0.82%    passed     98.57%
 422  200703_20-07825_HIV09-00618_FL18_S6_L000_read_57_count_1      0.82%    passed     99.36%
 423  200703_20-07825_HIV09-00618_FL18_S6_L000_read_58_count_1      0.82%    passed     99.84%
 424  200703_20-07825_HIV09-00618_FL18_S6_L000_read_59_count_1      0.82%    passed     99.92%
 425  200703_20-07825_HIV09-00618_FL18_S6_L000_read_60_count_1      0.82%    passed     99.82%
 426  200703_20-07825_HIV09-00618_FL18_S6_L000_read_61_count_1      0.82%    passed     97.37%
 427  200703_20-07825_HIV09-00618_FL18_S6_L000_read_62_count_1      0.82%    passed     99.82%
 428  200703_20-07825_HIV09-00618_FL18_S6_L000_read_63_count_1      0.82%    passed     99.87%
 429  200703_20-07825_HIV09-00618_FL18_S6_L000_read_64_count_1      0.82%    passed     99.50%
 430  200703_20-07825_HIV09-00618_FL18_S6_L000_read_65_count_1      0.82%    passed     98.98%
 431  200703_20-07825_HIV09-00618_FL18_S6_L000_read_66_count_1      0.82%    passed     99.87%
 432  200703_20-07825_HIV09-00618_FL18_S6_L000_read_67_count_1      0.82%    passed     99.60%
 433  200703_20-07825_HIV09-00618_FL18_S6_L000_read_68_count_1      0.82%    passed     98.85%
 434  200703_20-07825_HIV09-00618_FL18_S6_L000_read_69_count_1      0.82%    passed     99.87%
 435  200703_20-07825_HIV09-00618_FL18_S6_L000_read_70_count_1      0.82%    passed     99.96%
 436  200703_20-07825_HIV09-00618_FL18_S6_L000_read_71_count_1      0.82%    passed     99.95%
 437  200703_20-07825_HIV09-00618_FL18_S6_L000_read_72_count_1      1.23%    passed     99.93%
 438  200703_20-07825_HIV09-00618_FL18_S6_L000_read_73_count_1      0.82%    passed     99.82%
 439  200703_20-07825_HIV09-00618_FL18_S6_L000_read_74_count_1      0.82%    passed     99.96%
 440  200703_20-07825_HIV09-00618_FL18_S6_L000_read_75_count_1      0.82%    passed     99.95%
 441  200703_20-07825_HIV09-00618_FL18_S6_L000_read_76_count_1      0.82%    passed     99.82%
 442  200703_20-07825_HIV09-00618_FL18_S6_L000_read_77_count_1      0.82%    passed     99.82%
 443  200703_20-07825_HIV09-00618_FL18_S6_L000_read_78_count_1      0.82%    passed     99.20%
 444  200703_20-07825_HIV09-00618_FL18_S6_L000_read_79_count_1      0.82%    passed     99.82%
 445  200703_20-07825_HIV09-00618_FL18_S6_L000_read_80_count_1      0.82%    passed     98.57%
 446  200703_20-07825_HIV09-00618_FL18_S6_L000_read_81_count_1      0.82%    passed     99.82%
 447  200703_20-07825_HIV09-00618_FL18_S6_L000_read_82_count_1      0.82%    passed     99.87%
 448  200703_20-07825_HIV09-00618_FL18_S6_L000_read_83_count_1      0.82%    passed     98.44%
 449  200703_20-07825_HIV09-00618_FL18_S6_L000_read_84_count_1      0.82%    passed     99.82%
 450  200703_20-07825_HIV09-00618_FL18_S6_L000_read_85_count_1      0.82%    passed     99.50%
 451  200703_20-07825_HIV09-00618_FL18_S6_L000_read_86_count_1      0.82%    passed     99.82%
 452  200703_20-07825_HIV09-00618_FL18_S6_L000_read_87_count_1      0.82%    passed     98.85%
 453  200703_20-07825_HIV09-00618_FL18_S6_L000_read_88_count_1      0.82%    passed     98.85%
 454  200703_20-07825_HIV09-00618_FL18_S6_L000_read_89_count_1      0.82%    passed     99.50%
 455  200703_20-07825_HIV09-00618_FL18_S6_L000_read_90_count_1      0.82%    passed     99.92%
 456  200703_20-07825_HIV09-00618_FL18_S6_L000_read_91_count_1      1.23%    passed     99.97%
 457  200703_20-07825_HIV09-00618_FL18_S6_L000_read_92_count_1      0.82%    passed     99.82%
 458  200703_20-07825_HIV09-00618_FL18_S6_L000_read_93_count_1      1.23%    passed     99.93%
 459  200703_20-07825_HIV09-00618_FL18_S6_L000_read_94_count_1      0.82%    passed     99.50%
 460  200703_20-07825_HIV09-00618_FL18_S6_L000_read_95_count_1      0.82%    passed     99.82%
 461  200703_20-07825_HIV09-00618_FL18_S6_L000_read_96_count_1      1.23%    passed     99.46%
 462  200703_20-07825_HIV09-00618_FL18_S6_L000_read_97_count_1      1.23%    passed     99.61%
 463  200703_20-07825_HIV09-00618_FL18_S6_L000_read_98_count_1      0.82%    passed     98.77%
 464  200703_20-07825_HIV09-00618_FL18_S6_L000_read_99_count_1      0.82%    passed     97.29%
 465  200703_20-07825_HIV09-00618_FL18_S6_L000_read_100_count_1     0.82%    passed     99.75%
 466  200703_20-07825_HIV09-00618_FL18_S6_L000_read_101_count_1     0.82%    passed     99.82%
 467  200703_20-07825_HIV09-00618_FL18_S6_L000_read_102_count_1     0.82%    passed     99.82%
 468  200703_20-07825_HIV09-00618_FL18_S6_L000_read_103_count_1     0.82%    passed     99.75%
 469  200703_20-07825_HIV09-00618_FL18_S6_L000_read_104_count_1     0.82%    passed     99.30%
 470  200703_20-07825_HIV09-00618_FL18_S6_L000_read_105_count_1     0.82%    passed     99.82%
 471  200703_20-07825_HIV09-00618_FL18_S6_L000_read_106_count_1     0.82%    passed     98.57%
 472  200703_20-07825_HIV09-00618_FL18_S6_L000_read_107_count_1     0.82%    passed     99.75%
 473  200703_20-07825_HIV09-00618_FL18_S6_L000_read_108_count_1     0.82%    passed     98.85%
 474  200703_20-07825_HIV09-00618_FL18_S6_L000_read_109_count_1     0.82%    passed     99.82%
 475  200703_20-07825_HIV09-00618_FL18_S6_L000_read_110_count_1     0.41%    passed     99.90%
 476  200703_20-07825_HIV09-00618_FL18_S6_L000_read_111_count_1     0.82%    passed     99.95%
 477  200703_20-07825_HIV09-00618_FL18_S6_L000_read_112_count_1     1.23%    passed     99.93%
 478  200703_20-07825_HIV09-00618_FL18_S6_L000_read_113_count_1     0.82%    passed     99.82%
 479  200703_20-07825_HIV09-00618_FL18_S6_L000_read_114_count_1     0.82%    passed     98.85%
 480  200703_20-07825_HIV09-00618_FL18_S6_L000_read_115_count_1     0.82%    passed     98.66%
 481  200703_20-07825_HIV09-00618_FL18_S6_L000_read_116_count_1     0.82%    passed     99.84%
 482  200703_20-07825_HIV09-00618_FL18_S6_L000_read_117_count_1     0.82%    passed     99.82%
 483  200703_20-07825_HIV09-00618_FL18_S6_L000_read_118_count_1     0.82%    passed     99.87%
 484  200814_20-09728_HIV09-02843_FL30_S2_L000_read_1_count_194     0.82%    passed     88.19%
 485  200814_20-09728_HIV09-02843_FL30_S2_L000_read_2_count_178     0.82%    passed     86.07%
 486  200814_20-09728_HIV09-02843_FL30_S2_L000_read_3_count_120     0.82%    passed     88.19%
 487  200814_20-09728_HIV09-02843_FL30_S2_L000_read_4_count_57      0.82%    passed     93.35%
 488  200814_20-09728_HIV09-02843_FL30_S2_L000_read_5_count_42      0.82%    passed     89.53%
 489  200814_20-09728_HIV09-02843_FL30_S2_L000_read_6_count_34      0.82%    passed     81.49%
 490  200814_20-09728_HIV09-02843_FL30_S2_L000_read_7_count_31      0.82%    passed     89.53%
 491  200814_20-09728_HIV09-02843_FL30_S2_L000_read_8_count_5       0.82%    passed     93.35%
 492  200814_20-09728_HIV09-02843_FL30_S2_L000_read_9_count_3       0.82%    passed     81.49%
 493  200814_20-09728_HIV09-02843_FL30_S2_L000_read_10_count_3      0.82%    passed     90.93%
 494  200814_20-09728_HIV09-02843_FL30_S2_L000_read_11_count_2      0.82%    passed     93.35%
 495  200814_20-09728_HIV09-02843_FL30_S2_L000_read_12_count_2      0.82%    passed     90.93%
 496  200814_20-09728_HIV09-02843_FL30_S2_L000_read_13_count_2      0.82%    passed     81.49%
 497  200814_20-09728_HIV09-02843_FL30_S2_L000_read_14_count_2      0.82%    passed     93.35%
 498  200814_20-09728_HIV09-02843_FL30_S2_L000_read_15_count_2      0.82%    passed     90.93%
 499  200814_20-09728_HIV09-02843_FL30_S2_L000_read_16_count_2      0.82%    passed     90.93%
 500  200814_20-09728_HIV09-02843_FL30_S2_L000_read_17_count_2      0.82%    passed     93.35%
 501  200814_20-09728_HIV09-02843_FL30_S2_L000_read_18_count_2      1.64%    passed     89.97%
 502  200814_20-09728_HIV09-02843_FL30_S2_L000_read_19_count_1      0.82%    passed     89.53%
 503  200814_20-09728_HIV09-02843_FL30_S2_L000_read_20_count_1      0.82%    passed     93.35%
 504  200814_20-09728_HIV09-02843_FL30_S2_L000_read_21_count_1      0.82%    passed     85.67%
 505  200814_20-09728_HIV09-02843_FL30_S2_L000_read_22_count_1      0.82%    passed     93.35%
 506  200814_20-09728_HIV09-02843_FL30_S2_L000_read_23_count_1      0.82%    passed     89.43%
 507  200814_20-09728_HIV09-02843_FL30_S2_L000_read_24_count_1      0.82%    passed     93.35%
 508  200814_20-09728_HIV09-02843_FL30_S2_L000_read_25_count_1      0.82%    passed     91.25%
 509  200814_20-09728_HIV09-02843_FL30_S2_L000_read_26_count_1      0.82%    passed     93.35%
 510  200814_20-09728_HIV09-02843_FL30_S2_L000_read_27_count_1      0.82%    passed     90.42%
 511  200814_20-09728_HIV09-02843_FL30_S2_L000_read_28_count_1      0.82%    passed     83.79%
 512  200814_20-09728_HIV09-02843_FL30_S2_L000_read_29_count_1      0.82%    passed     90.42%
 513  200814_20-09728_HIV09-02843_FL30_S2_L000_read_30_count_1      0.82%    passed     95.42%
 514  200814_20-09728_HIV09-02843_FL30_S2_L000_read_31_count_1      0.82%    passed     89.53%
 515  200814_20-09728_HIV09-02843_FL30_S2_L000_read_32_count_1      0.82%    passed     93.35%
 516  200814_20-09728_HIV09-02843_FL30_S2_L000_read_33_count_1      0.82%    passed     84.33%
 517  200814_20-09728_HIV09-02843_FL30_S2_L000_read_34_count_1      0.82%    passed     90.93%
 518  200814_20-09728_HIV09-02843_FL30_S2_L000_read_35_count_1      0.82%    passed     88.19%
 519  200814_20-09728_HIV09-02843_FL30_S2_L000_read_36_count_1      0.82%    passed     91.19%
 520  200814_20-09728_HIV09-02843_FL30_S2_L000_read_37_count_1      0.82%    passed     93.35%
 521  200814_20-09728_HIV09-02843_FL30_S2_L000_read_38_count_1      0.82%    passed     88.19%
 522  200814_20-09728_HIV09-02843_FL30_S2_L000_read_39_count_1      0.82%    passed     85.36%
 523  200814_20-09728_HIV09-02843_FL30_S2_L000_read_40_count_1      0.82%    passed     85.36%
 524  200814_20-09728_HIV09-02843_FL30_S2_L000_read_41_count_1      0.82%    passed     93.35%
 525  200814_20-09728_HIV09-02843_FL30_S2_L000_read_42_count_1      0.82%    passed     89.53%
 526  200814_20-09728_HIV09-02843_FL30_S2_L000_read_43_count_1      0.82%    passed     79.89%
 527  200814_20-09728_HIV09-02843_FL30_S2_L000_read_44_count_1      0.82%    passed     84.99%
 528  200814_20-09728_HIV09-02843_FL30_S2_L000_read_45_count_1      0.82%    passed     81.49%
 529  200814_20-09728_HIV09-02843_FL30_S2_L000_read_46_count_1      0.82%    passed     90.93%
 530  200814_20-09728_HIV09-02843_FL30_S2_L000_read_47_count_1      0.82%    passed     89.53%
 531  200814_20-09728_HIV09-02843_FL30_S2_L000_read_48_count_1      0.82%    passed     89.53%
 532  200814_20-09728_HIV09-02843_FL30_S2_L000_read_49_count_1      0.82%    passed     89.53%
 533  200814_20-09728_HIV09-02843_FL30_S2_L000_read_50_count_1      0.82%    passed     85.36%
 534  200814_20-09728_HIV09-02843_FL30_S2_L000_read_51_count_1      0.82%    passed     94.12%
 535  200814_20-09728_HIV09-02843_FL30_S2_L000_read_52_count_1      0.82%    passed     93.35%
 536  200814_20-09728_HIV09-02843_FL30_S2_L000_read_53_count_1      0.82%    passed     90.93%
 537  200814_20-09728_HIV09-02843_FL30_S2_L000_read_54_count_1      0.82%    passed     96.88%
 538  200814_20-09728_HIV09-02843_FL30_S2_L000_read_55_count_1      0.82%    passed     78.09%
 539  200814_20-09728_HIV09-02843_FL30_S2_L000_read_56_count_1      0.82%    passed     93.35%
 540  200814_20-09728_HIV09-02843_FL30_S2_L000_read_57_count_1      0.82%    passed     91.02%
 541  200814_20-09728_HIV09-02843_FL30_S2_L000_read_58_count_1      0.82%    passed     85.67%
 542  200814_20-09728_HIV09-02843_FL30_S2_L000_read_59_count_1      0.82%    passed     85.36%
 543  200814_20-09728_HIV09-02843_FL30_S2_L000_read_60_count_1      0.82%    passed     91.25%
 544  200814_20-09728_HIV09-02843_FL30_S2_L000_read_61_count_1      0.82%    passed     90.42%
 545  200814_20-09728_HIV09-02843_FL30_S2_L000_read_62_count_1      0.82%    passed     93.35%
 546  200814_20-09728_HIV09-02843_FL30_S2_L000_read_63_count_1      0.82%    passed     90.93%
 547  200814_20-09728_HIV09-02843_FL30_S2_L000_read_64_count_1      0.82%    passed     90.42%
 548  200814_20-09728_HIV09-02843_FL30_S2_L000_read_65_count_1      0.82%    passed     93.35%
 549  200814_20-09728_HIV09-02843_FL30_S2_L000_read_66_count_1      0.82%    passed     81.49%
 550  200814_20-09728_HIV09-02843_FL30_S2_L000_read_67_count_1      0.82%    passed     93.35%
 551  200814_20-09728_HIV09-02843_FL30_S2_L000_read_68_count_1      0.82%    passed     91.02%
 552  200814_20-09728_HIV09-02843_FL30_S2_L000_read_69_count_1      1.23%    passed     87.89%
 553  200814_20-09728_HIV09-02843_FL30_S2_L000_read_70_count_1      0.82%    passed     85.67%
 554  200814_20-09728_HIV09-02843_FL30_S2_L000_read_71_count_1      0.82%    passed     90.93%
 555  200814_20-09728_HIV09-02843_FL30_S2_L000_read_72_count_1      0.82%    passed     93.35%
 556  200814_20-09728_HIV09-02843_FL30_S2_L000_read_73_count_1      0.82%    passed     96.84%
 557  200814_20-09728_HIV09-02843_FL30_S2_L000_read_74_count_1      0.82%    passed     93.35%
 558  200814_20-09728_HIV09-02843_FL30_S2_L000_read_75_count_1      0.82%    passed     93.35%
 559  200814_20-09728_HIV09-02843_FL30_S2_L000_read_76_count_1      0.82%    passed     90.42%
 560  200814_20-09728_HIV09-02843_FL30_S2_L000_read_77_count_1      0.82%    passed     88.19%
 561  200814_20-09728_HIV09-02843_FL30_S2_L000_read_78_count_1      0.82%    passed     98.91%
 562  200814_20-09728_HIV09-02843_FL30_S2_L000_read_79_count_1      0.82%    passed     90.93%
 563  200814_20-09728_HIV09-02843_FL30_S2_L000_read_80_count_1      0.82%    passed     93.35%
 564  200814_20-09728_HIV09-02843_FL30_S2_L000_read_81_count_1      0.82%    passed     91.19%
 565  200814_20-09728_HIV09-02843_FL30_S2_L000_read_82_count_1      0.82%    passed     82.41%
 566  200814_20-09728_HIV09-02843_FL30_S2_L000_read_83_count_1      0.82%    passed     94.12%
 567  200814_20-09728_HIV09-02843_FL30_S2_L000_read_84_count_1      0.82%    passed     96.88%
 568  200814_20-09728_HIV09-02843_FL30_S2_L000_read_85_count_1      0.82%    passed     85.67%
 569  200814_20-09728_HIV09-02843_FL30_S2_L000_read_86_count_1      0.82%    passed     96.88%
 570  200814_20-09728_HIV09-02843_FL30_S2_L000_read_87_count_1      0.82%    passed     93.35%
 571  200814_20-09728_HIV09-02843_FL30_S2_L000_read_88_count_1      0.82%    passed     93.35%
 572  200814_20-09728_HIV09-02843_FL30_S2_L000_read_89_count_1      0.82%    passed     89.53%
 573  200814_20-09728_HIV09-02843_FL30_S2_L000_read_90_count_1      0.41%    passed     91.39%
 574  200814_20-09728_HIV09-02843_FL30_S2_L000_read_91_count_1      0.82%    passed     90.93%
 575  200814_20-09728_HIV09-02843_FL30_S2_L000_read_92_count_1      1.64%    passed     90.62%
 576  200814_20-09728_HIV09-02843_FL30_S2_L000_read_93_count_1      0.82%    passed     81.44%
 577  200814_20-09728_HIV09-02843_FL30_S2_L000_read_94_count_1      0.82%    passed     83.39%
 578  200814_20-09728_HIV09-02843_FL30_S2_L000_read_95_count_1      0.82%    passed     79.82%
 579  200814_20-09728_HIV09-02843_FL30_S2_L000_read_96_count_1      0.82%    passed     83.39%
 580  200814_20-09728_HIV09-02843_FL30_S2_L000_read_97_count_1      0.82%    passed     89.53%
 581  200814_20-09728_HIV09-02843_FL30_S2_L000_read_98_count_1      0.82%    passed     94.12%
 582  200814_20-09728_HIV09-02843_FL30_S2_L000_read_99_count_1      0.82%    passed     93.35%
 583  200814_20-09728_HIV09-02843_FL30_S2_L000_read_100_count_1     0.82%    passed     89.53%
 584  200814_20-09728_HIV09-02843_FL30_S2_L000_read_101_count_1     0.82%    passed     93.35%
 585  200814_20-09728_HIV09-02843_FL30_S2_L000_read_102_count_1     0.82%    passed     90.42%
 586  200814_20-09728_HIV09-02843_FL30_S2_L000_read_103_count_1     0.82%    passed     90.93%
 587  200814_20-09728_HIV09-02843_FL30_S2_L000_read_104_count_1     0.82%    passed     94.12%
 588  200814_20-09728_HIV09-02843_FL30_S2_L000_read_105_count_1     0.82%    passed     90.93%
 589  200814_20-09728_HIV09-02843_FL30_S2_L000_read_106_count_1     0.82%    passed     89.43%
 590  200814_20-09728_HIV09-02843_FL30_S2_L000_read_107_count_1     0.82%    passed     90.42%
 591  200814_20-09728_HIV09-02843_FL30_S2_L000_read_108_count_1     0.82%    passed     93.35%
 592  200814_20-09728_HIV09-02843_FL30_S2_L000_read_109_count_1     0.82%    passed     90.93%
 593  200814_20-09728_HIV09-02843_FL30_S2_L000_read_110_count_1     0.82%    passed     83.39%
 594  200814_20-09728_HIV09-02843_FL30_S2_L000_read_111_count_1     0.82%    passed     88.19%
 595  200814_20-09728_HIV09-02843_FL30_S2_L000_read_112_count_1     0.82%    passed     93.35%
 596  200814_20-09728_HIV09-02843_FL30_S2_L000_read_113_count_1     0.82%    passed     84.33%
 597  200814_20-09728_HIV09-02843_FL30_S2_L000_read_114_count_1     0.82%    passed     94.11%
 598  200814_20-09728_HIV09-02843_FL30_S2_L000_read_115_count_1     0.82%    passed     89.43%
 599  200814_20-09728_HIV09-02843_FL30_S2_L000_read_116_count_1     0.82%    passed     85.36%
 600  200814_20-09728_HIV09-02843_FL30_S2_L000_read_117_count_1     0.82%    passed     94.11%
 601  200724_20-08518_HIV10-02405_FL24_S14_L000_read_1_count_173    0.82%    passed     98.91%
 602  200724_20-08518_HIV10-02405_FL24_S14_L000_read_2_count_49     0.82%    passed     97.39%
 603  200724_20-08518_HIV10-02405_FL24_S14_L000_read_3_count_36     0.82%    passed     97.39%
 604  200724_20-08518_HIV10-02405_FL24_S14_L000_read_4_count_20     0.82%    passed     98.91%
 605  200724_20-08518_HIV10-02405_FL24_S14_L000_read_5_count_10     0.82%    passed     99.50%
 606  200724_20-08518_HIV10-02405_FL24_S14_L000_read_6_count_9      0.82%    passed     94.54%
 607  200724_20-08518_HIV10-02405_FL24_S14_L000_read_7_count_9      0.82%    passed     97.46%
 608  200724_20-08518_HIV10-02405_FL24_S14_L000_read_8_count_7      0.82%    passed     99.43%
 609  200724_20-08518_HIV10-02405_FL24_S14_L000_read_9_count_6      0.82%    passed     98.91%
 610  200724_20-08518_HIV10-02405_FL24_S14_L000_read_10_count_4     0.82%    passed     99.50%
 611  200724_20-08518_HIV10-02405_FL24_S14_L000_read_11_count_4     0.82%    passed     99.50%
 612  200724_20-08518_HIV10-02405_FL24_S14_L000_read_12_count_3     0.82%    passed     98.91%
 613  200724_20-08518_HIV10-02405_FL24_S14_L000_read_13_count_3     0.82%    passed     99.50%
 614  200724_20-08518_HIV10-02405_FL24_S14_L000_read_14_count_3     0.82%    passed     98.91%
 615  200724_20-08518_HIV10-02405_FL24_S14_L000_read_15_count_3     0.82%    passed     97.29%
 616  200724_20-08518_HIV10-02405_FL24_S14_L000_read_16_count_3     0.82%    passed     99.10%
 617  200724_20-08518_HIV10-02405_FL24_S14_L000_read_17_count_3     0.82%    passed     97.36%
 618  200724_20-08518_HIV10-02405_FL24_S14_L000_read_18_count_3     0.82%    passed     94.58%
 619  200724_20-08518_HIV10-02405_FL24_S14_L000_read_19_count_3     0.82%    passed     98.09%
 620  200724_20-08518_HIV10-02405_FL24_S14_L000_read_20_count_2     0.82%    passed     95.25%
 621  200724_20-08518_HIV10-02405_FL24_S14_L000_read_21_count_2     0.82%    passed     97.29%
 622  200724_20-08518_HIV10-02405_FL24_S14_L000_read_22_count_2     0.82%    passed     97.39%
 623  200724_20-08518_HIV10-02405_FL24_S14_L000_read_23_count_2     0.82%    passed     94.54%
 624  200724_20-08518_HIV10-02405_FL24_S14_L000_read_24_count_2     0.82%    passed     94.58%
 625  200724_20-08518_HIV10-02405_FL24_S14_L000_read_25_count_2     0.82%    passed     94.58%
 626  200724_20-08518_HIV10-02405_FL24_S14_L000_read_26_count_2     0.82%    passed     99.50%
 627  200724_20-08518_HIV10-02405_FL24_S14_L000_read_27_count_2     0.82%    passed     93.22%
 628  200724_20-08518_HIV10-02405_FL24_S14_L000_read_28_count_2     0.82%    passed     90.24%
 629  200724_20-08518_HIV10-02405_FL24_S14_L000_read_29_count_2     0.82%    passed     95.25%
 630  200724_20-08518_HIV10-02405_FL24_S14_L000_read_30_count_2     0.82%    passed     96.48%
 631  200724_20-08518_HIV10-02405_FL24_S14_L000_read_31_count_2     0.82%    passed     99.50%
 632  200724_20-08518_HIV10-02405_FL24_S14_L000_read_32_count_2     0.82%    passed     98.91%
 633  200724_20-08518_HIV10-02405_FL24_S14_L000_read_33_count_2     0.82%    passed     98.91%
 634  200724_20-08518_HIV10-02405_FL24_S14_L000_read_34_count_1     0.82%    passed     90.24%
 635  200724_20-08518_HIV10-02405_FL24_S14_L000_read_35_count_1     0.82%    passed     97.39%
 636  200724_20-08518_HIV10-02405_FL24_S14_L000_read_36_count_1     0.82%    passed     95.25%
 637  200724_20-08518_HIV10-02405_FL24_S14_L000_read_37_count_1     0.82%    passed     90.24%
 638  200724_20-08518_HIV10-02405_FL24_S14_L000_read_38_count_1     0.82%    passed     97.39%
 639  200724_20-08518_HIV10-02405_FL24_S14_L000_read_39_count_1     0.82%    passed     97.46%
 640  200724_20-08518_HIV10-02405_FL24_S14_L000_read_40_count_1     0.82%    passed     97.39%
 641  200724_20-08518_HIV10-02405_FL24_S14_L000_read_41_count_1     0.82%    passed     97.46%
 642  200724_20-08518_HIV10-02405_FL24_S14_L000_read_42_count_1     0.82%    passed     98.91%
 643  200724_20-08518_HIV10-02405_FL24_S14_L000_read_43_count_1     0.82%    passed     96.48%
 644  200724_20-08518_HIV10-02405_FL24_S14_L000_read_44_count_1     0.82%    passed     95.25%
 645  200724_20-08518_HIV10-02405_FL24_S14_L000_read_45_count_1     0.82%    passed     97.39%
 646  200724_20-08518_HIV10-02405_FL24_S14_L000_read_46_count_1     0.82%    passed     99.50%
 647  200724_20-08518_HIV10-02405_FL24_S14_L000_read_47_count_1     0.82%    passed     94.58%
 648  200724_20-08518_HIV10-02405_FL24_S14_L000_read_48_count_1     0.82%    passed     97.39%
 649  200724_20-08518_HIV10-02405_FL24_S14_L000_read_49_count_1     0.82%    passed     98.09%
 650  200724_20-08518_HIV10-02405_FL24_S14_L000_read_50_count_1     0.82%    passed     97.36%
 651  200724_20-08518_HIV10-02405_FL24_S14_L000_read_51_count_1     0.82%    passed     99.87%
 652  200724_20-08518_HIV10-02405_FL24_S14_L000_read_52_count_1     0.82%    passed     97.39%
 653  200724_20-08518_HIV10-02405_FL24_S14_L000_read_53_count_1     0.82%    passed     94.58%
 654  200724_20-08518_HIV10-02405_FL24_S14_L000_read_54_count_1     0.82%    passed     99.50%
 655  200724_20-08518_HIV10-02405_FL24_S14_L000_read_55_count_1     0.82%    passed     99.50%
 656  200724_20-08518_HIV10-02405_FL24_S14_L000_read_56_count_1     0.82%    passed     98.91%
 657  200724_20-08518_HIV10-02405_FL24_S14_L000_read_57_count_1     0.82%    passed     99.92%
 658  200724_20-08518_HIV10-02405_FL24_S14_L000_read_58_count_1     0.82%    passed     99.10%
 659  200724_20-08518_HIV10-02405_FL24_S14_L000_read_59_count_1     0.82%    passed     98.91%
 660  200724_20-08518_HIV10-02405_FL24_S14_L000_read_60_count_1     0.82%    passed     94.54%
 661  200724_20-08518_HIV10-02405_FL24_S14_L000_read_61_count_1     0.82%    passed     97.39%
 662  200724_20-08518_HIV10-02405_FL24_S14_L000_read_62_count_1     0.82%    passed     97.39%
 663  200724_20-08518_HIV10-02405_FL24_S14_L000_read_63_count_1     0.82%    passed     94.54%
 664  200724_20-08518_HIV10-02405_FL24_S14_L000_read_64_count_1     0.82%    passed     98.23%
 665  200724_20-08518_HIV10-02405_FL24_S14_L000_read_65_count_1     0.82%    passed     91.33%
 666  200724_20-08518_HIV10-02405_FL24_S14_L000_read_66_count_1     0.82%    passed     97.46%
 667  200724_20-08518_HIV10-02405_FL24_S14_L000_read_67_count_1     0.82%    passed     98.91%
 668  200724_20-08518_HIV10-02405_FL24_S14_L000_read_68_count_1     0.82%    passed     99.82%
 669  200724_20-08518_HIV10-02405_FL24_S14_L000_read_69_count_1     0.82%    passed     98.91%
 670  200724_20-08518_HIV10-02405_FL24_S14_L000_read_70_count_1     0.82%    passed     97.39%
 671  200724_20-08518_HIV10-02405_FL24_S14_L000_read_71_count_1     0.82%    passed     97.39%
 672  200724_20-08518_HIV10-02405_FL24_S14_L000_read_72_count_1     0.82%    passed     97.46%
 673  200724_20-08518_HIV10-02405_FL24_S14_L000_read_73_count_1     0.82%    passed     99.50%
 674  200724_20-08518_HIV10-02405_FL24_S14_L000_read_74_count_1     0.82%    passed     99.10%
 675  200724_20-08518_HIV10-02405_FL24_S14_L000_read_75_count_1     0.82%    passed     98.91%
 676  200724_20-08518_HIV10-02405_FL24_S14_L000_read_76_count_1     0.82%    passed     97.39%
 677  200724_20-08518_HIV10-02405_FL24_S14_L000_read_77_count_1     0.82%    passed     96.40%
 678  200724_20-08518_HIV10-02405_FL24_S14_L000_read_78_count_1     0.82%    passed     97.46%
 679  200724_20-08518_HIV10-02405_FL24_S14_L000_read_79_count_1     0.82%    passed     99.50%
 680  200724_20-08518_HIV10-02405_FL24_S14_L000_read_80_count_1     0.82%    passed     89.60%
 681  200724_20-08518_HIV10-02405_FL24_S14_L000_read_81_count_1     0.82%    passed     99.82%
 682  200724_20-08518_HIV10-02405_FL24_S14_L000_read_82_count_1     0.82%    passed     93.85%
 683  200724_20-08518_HIV10-02405_FL24_S14_L000_read_83_count_1     0.82%    passed     97.46%
 684  200724_20-08518_HIV10-02405_FL24_S14_L000_read_84_count_1     0.82%    passed     99.36%
 685  200724_20-08518_HIV10-02405_FL24_S14_L000_read_85_count_1     1.23%    passed     96.58%
 686  200724_20-08518_HIV10-02405_FL24_S14_L000_read_86_count_1     0.82%    passed     98.91%
 687  200724_20-08518_HIV10-02405_FL24_S14_L000_read_87_count_1     0.82%    passed     96.40%
 688  200724_20-08518_HIV10-02405_FL24_S14_L000_read_88_count_1     0.82%    passed     94.58%
 689  200724_20-08518_HIV10-02405_FL24_S14_L000_read_89_count_1     0.82%    passed     97.78%
 690  200724_20-08518_HIV10-02405_FL24_S14_L000_read_90_count_1     0.82%    passed     98.91%
 691  200724_20-08518_HIV10-02405_FL24_S14_L000_read_91_count_1     0.82%    passed     99.50%
 692  200724_20-08518_HIV10-02405_FL24_S14_L000_read_92_count_1     0.82%    passed     94.58%
 693  200724_20-08518_HIV10-02405_FL24_S14_L000_read_93_count_1     0.82%    passed     97.39%
 694  200724_20-08518_HIV10-02405_FL24_S14_L000_read_94_count_1     0.82%    passed     99.50%
 695  200724_20-08518_HIV10-02405_FL24_S14_L000_read_95_count_1     0.82%    passed     97.39%
 696  200724_20-08518_HIV10-02405_FL24_S14_L000_read_96_count_1     0.82%    passed     96.48%
 697  200724_20-08518_HIV10-02405_FL24_S14_L000_read_97_count_1     0.82%    passed     97.39%
 698  200724_20-08518_HIV10-02405_FL24_S14_L000_read_98_count_1     0.82%    passed     99.10%
 699  200724_20-08518_HIV10-02405_FL24_S14_L000_read_99_count_1     0.82%    passed     91.33%
 700  200724_20-08518_HIV10-02405_FL24_S14_L000_read_100_count_1    0.82%    passed     99.50%
 701  200724_20-08518_HIV10-02405_FL24_S14_L000_read_101_count_1    0.82%    passed     94.58%
 702  200724_20-08518_HIV10-02405_FL24_S14_L000_read_102_count_1    0.82%    passed     94.58%
 703  200724_20-08518_HIV10-02405_FL24_S14_L000_read_103_count_1    0.82%    passed     99.01%
 704  200724_20-08518_HIV10-02405_FL24_S14_L000_read_104_count_1    0.82%    passed     97.39%
 705  200724_20-08518_HIV10-02405_FL24_S14_L000_read_105_count_1    0.82%    passed     98.91%
 706  200724_20-08518_HIV10-02405_FL24_S14_L000_read_106_count_1    0.82%    passed     99.84%
 707  200724_20-08518_HIV10-02405_FL24_S14_L000_read_107_count_1    0.82%    passed     97.29%
 708  200724_20-08518_HIV10-02405_FL24_S14_L000_read_108_count_1    0.82%    passed     99.50%
 709  200724_20-08518_HIV10-02405_FL24_S14_L000_read_109_count_1    0.82%    passed     96.48%
 710  200724_20-08518_HIV10-02405_FL24_S14_L000_read_110_count_1    0.82%    passed     97.78%
 711  200724_20-08518_HIV10-02405_FL24_S14_L000_read_111_count_1    0.82%    passed     99.82%
 712  200724_20-08518_HIV10-02405_FL24_S14_L000_read_112_count_1    0.82%    passed     97.46%
 713  200724_20-08518_HIV10-02405_FL24_S14_L000_read_113_count_1    0.82%    passed     96.40%
 714  200724_20-08518_HIV10-02405_FL24_S14_L000_read_114_count_1    1.23%    passed     96.58%
 715  200724_20-08518_HIV10-02405_FL24_S14_L000_read_115_count_1    0.82%    passed     94.58%
 716  200724_20-08518_HIV10-02405_FL24_S14_L000_read_116_count_1    0.82%    passed     97.36%
 717  200724_20-08518_HIV10-02405_FL24_S14_L000_read_117_count_1    0.82%    passed     94.54%
 718  B.FR.83.HXB2_LAI_IIIB_BRU.K03455                              0.82%    passed     98.47%
 719  C.BW.00.00BW07621.AF443088                                    0.82%    passed     92.53%
****  TOTAL                                                         0.84%  0 sequences failed composition chi2 test (p-value<5%; df=3)
Checking for duplicate sequences: done in 0.00371507 secs using 191.7% CPU

Create initial parsimony tree by phylogenetic likelihood library (PLL)... 0.095 seconds

NOTE: 33 MB RAM (0 GB) is required!
WARNING: Number of threads seems too high for short alignments. Use -T AUTO to determine best number of threads.
Estimate model parameters (epsilon = 0.100)
1. Initial log-likelihood: -6313.390
2. Current log-likelihood: -6132.266
3. Current log-likelihood: -6129.357
4. Current log-likelihood: -6128.554
Optimal log-likelihood: -6128.490
Rate parameters:  A-C: 1.38214  A-G: 3.06168  A-T: 0.88259  C-G: 0.30737  C-T: 4.02859  G-T: 1.00000
Base frequencies:  A: 0.396  C: 0.122  G: 0.281  T: 0.201
Site proportion and rates:  (0.092,0.274) (0.166,0.432) (0.207,0.616) (0.231,1.086) (0.277,1.491) (0.028,4.079)
Parameters optimization took 4 rounds (4.226 sec)
Wrote distance file to... 
Computing ML distances based on estimated model parameters...
Calculating distance matrix: done in 0.890275 secs using 397.2% CPU
Computing ML distances took 0.893967 sec (of wall-clock time) 3.543405 sec (of CPU time)
Setting up auxiliary I and S matrices: done in 0.0138639 secs using 200.1% CPU
Constructing RapidNJ tree: done in 1.58006 secs using 116.3% CPU
Computing RapidNJ tree took 1.594099 sec (of wall-clock time) 1.865910 sec (of CPU time)
Log-likelihood of RapidNJ tree: -6085.361
--------------------------------------------------------------------
|             INITIALIZING CANDIDATE TREE SET                      |
--------------------------------------------------------------------
Generating 98 parsimony trees... 10.310 second
Computing log-likelihood of 98 initial trees ... 7.455 seconds
Current best score: -6085.361

Do NNI search on 20 best initial trees
Optimizing NNI: done in 0.884742 secs using 397% CPU
Estimate model parameters (epsilon = 0.100)
BETTER TREE FOUND at iteration 1: -6057.204
Optimizing NNI: done in 0.566661 secs using 397% CPU
Optimizing NNI: done in 0.764712 secs using 395.4% CPU
Optimizing NNI: done in 0.680568 secs using 395% CPU
Optimizing NNI: done in 1.34318 secs using 394.6% CPU
Optimizing NNI: done in 0.72239 secs using 394.2% CPU
Optimizing NNI: done in 0.721923 secs using 372.9% CPU
Optimizing NNI: done in 0.677989 secs using 394.8% CPU
Optimizing NNI: done in 0.978879 secs using 396% CPU
Optimizing NNI: done in 0.77434 secs using 391.5% CPU
Iteration 10 / LogL: -6103.154 / Time: 0h:0m:36s
Optimizing NNI: done in 0.696727 secs using 394.7% CPU
Optimizing NNI: done in 0.921505 secs using 393.5% CPU
Optimizing NNI: done in 0.595994 secs using 393.5% CPU
Optimizing NNI: done in 0.486124 secs using 363.5% CPU
Optimizing NNI: done in 0.805687 secs using 392% CPU
Optimizing NNI: done in 0.784273 secs using 394.4% CPU
Optimizing NNI: done in 0.604262 secs using 394.7% CPU
Optimizing NNI: done in 1.07373 secs using 393% CPU
Optimizing NNI: done in 0.543131 secs using 393.3% CPU
Optimizing NNI: done in 0.622188 secs using 394.6% CPU
Iteration 20 / LogL: -6113.932 / Time: 0h:0m:43s
Finish initializing candidate tree set (20)
Current best tree score: -6057.204 / CPU time: 36.042
Number of iterations: 20
--------------------------------------------------------------------
|               OPTIMIZING CANDIDATE TREE SET                      |
--------------------------------------------------------------------
Optimizing NNI: done in 1.24628 secs using 380.5% CPU
Optimizing NNI: done in 1.47677 secs using 391% CPU
Optimizing NNI: done in 1.14637 secs using 392.8% CPU
Optimizing NNI: done in 1.65877 secs using 394.1% CPU
Optimizing NNI: done in 1.74527 secs using 384.3% CPU
Optimizing NNI: done in 1.18189 secs using 393.8% CPU
Optimizing NNI: done in 1.27253 secs using 392.7% CPU
Optimizing NNI: done in 1.68232 secs using 385.1% CPU
Optimizing NNI: done in 1.35537 secs using 393.7% CPU
Optimizing NNI: done in 1.36912 secs using 395% CPU
Iteration 30 / LogL: -6070.576 / Time: 0h:0m:58s (0h:2m:23s left)
Optimizing NNI: done in 1.39421 secs using 393.9% CPU
Optimizing NNI: done in 1.642 secs using 384.5% CPU
Optimizing NNI: done in 1.24111 secs using 391% CPU
Optimizing NNI: done in 1.162 secs using 394.8% CPU
Optimizing NNI: done in 1.74508 secs using 388.1% CPU
Optimizing NNI: done in 0.946534 secs using 394.3% CPU
Optimizing NNI: done in 1.28582 secs using 394.3% CPU
Optimizing NNI: done in 1.4178 secs using 392.9% CPU
Optimizing NNI: done in 1.32018 secs using 384.8% CPU
Optimizing NNI: done in 1.04422 secs using 393.3% CPU
Iteration 40 / LogL: -6091.102 / Time: 0h:1m:12s (0h:1m:53s left)
Optimizing NNI: done in 1.15683 secs using 395.3% CPU
Optimizing NNI: done in 1.17176 secs using 393.2% CPU
Estimate model parameters (epsilon = 0.100)
BETTER TREE FOUND at iteration 42: -6053.464
Optimizing NNI: done in 1.30497 secs using 381% CPU
Optimizing NNI: done in 1.32996 secs using 392.1% CPU
Optimizing NNI: done in 1.40623 secs using 394.5% CPU
Optimizing NNI: done in 1.27034 secs using 394.4% CPU
Optimizing NNI: done in 1.42224 secs using 383.2% CPU
Optimizing NNI: done in 1.51889 secs using 395.8% CPU
Optimizing NNI: done in 1.08866 secs using 394.3% CPU
Optimizing NNI: done in 1.24303 secs using 394.1% CPU
Iteration 50 / LogL: -6064.598 / Time: 0h:1m:27s (0h:2m:43s left)
Optimizing NNI: done in 1.18029 secs using 388.9% CPU
Optimizing NNI: done in 1.19283 secs using 394.2% CPU
Optimizing NNI: done in 1.30407 secs using 393.4% CPU
Optimizing NNI: done in 1.14757 secs using 393.7% CPU
Optimizing NNI: done in 1.14714 secs using 382.6% CPU
Optimizing NNI: done in 1.46104 secs using 391.2% CPU
Estimate model parameters (epsilon = 0.100)
BETTER TREE FOUND at iteration 56: -6052.888
Optimizing NNI: done in 0.939185 secs using 392.6% CPU
Optimizing NNI: done in 1.51825 secs using 384.4% CPU
Optimizing NNI: done in 1.17066 secs using 394.6% CPU
Optimizing NNI: done in 1.15643 secs using 393.5% CPU
Iteration 60 / LogL: -6077.466 / Time: 0h:1m:41s (0h:2m:45s left)
Optimizing NNI: done in 1.92303 secs using 387.9% CPU
Optimizing NNI: done in 1.27798 secs using 394.3% CPU
Optimizing NNI: done in 1.5288 secs using 393.1% CPU
Optimizing NNI: done in 1.41116 secs using 395.5% CPU
Optimizing NNI: done in 1.61959 secs using 383.9% CPU
Optimizing NNI: done in 1.27206 secs using 394.5% CPU
Optimizing NNI: done in 1.30854 secs using 395.2% CPU
Optimizing NNI: done in 1.08749 secs using 394.2% CPU
Optimizing NNI: done in 1.31064 secs using 381.5% CPU
Optimizing NNI: done in 1.3812 secs using 395.5% CPU
Iteration 70 / LogL: -6056.806 / Time: 0h:1m:56s (0h:2m:25s left)
Optimizing NNI: done in 1.7554 secs using 393.5% CPU
Optimizing NNI: done in 1.47589 secs using 384.3% CPU
Optimizing NNI: done in 1.3532 secs using 395% CPU
Optimizing NNI: done in 1.52745 secs using 394.5% CPU
Estimate model parameters (epsilon = 0.100)
BETTER TREE FOUND at iteration 74: -6052.575
Optimizing NNI: done in 1.24058 secs using 384% CPU
Optimizing NNI: done in 1.62565 secs using 394.1% CPU
Optimizing NNI: done in 1.50874 secs using 392% CPU
Optimizing NNI: done in 1.20383 secs using 392.9% CPU
Optimizing NNI: done in 1.4556 secs using 383.4% CPU
Optimizing NNI: done in 1.23561 secs using 394.3% CPU
Iteration 80 / LogL: -6061.071 / Time: 0h:2m:12s (0h:2m:37s left)
Optimizing NNI: done in 1.14715 secs using 394.8% CPU
Optimizing NNI: done in 1.26316 secs using 395.2% CPU
Optimizing NNI: done in 1.82956 secs using 385.2% CPU
Optimizing NNI: done in 1.40616 secs using 393.8% CPU
Optimizing NNI: done in 1.33475 secs using 394% CPU
Estimate model parameters (epsilon = 0.100)
BETTER TREE FOUND at iteration 85: -6052.474
Optimizing NNI: done in 1.68856 secs using 385.8% CPU
Optimizing NNI: done in 1.35715 secs using 391.8% CPU
Optimizing NNI: done in 1.09832 secs using 391.5% CPU
Optimizing NNI: done in 1.65865 secs using 386.3% CPU
Optimizing NNI: done in 1.23207 secs using 395.5% CPU
Estimate model parameters (epsilon = 0.100)
BETTER TREE FOUND at iteration 90: -6050.143
Iteration 90 / LogL: -6050.143 / Time: 0h:2m:29s (0h:2m:48s left)
Optimizing NNI: done in 0.897141 secs using 393.4% CPU
Optimizing NNI: done in 1.90089 secs using 385.9% CPU
Optimizing NNI: done in 1.151 secs using 393.5% CPU
Optimizing NNI: done in 1.25114 secs using 395.9% CPU
Optimizing NNI: done in 1.28567 secs using 394.9% CPU
Optimizing NNI: done in 1.47841 secs using 383% CPU
Optimizing NNI: done in 1.09987 secs using 392.6% CPU
Optimizing NNI: done in 1.07395 secs using 392.2% CPU
Optimizing NNI: done in 1.13047 secs using 392.4% CPU
Optimizing NNI: done in 1.71675 secs using 383.2% CPU
Iteration 100 / LogL: -6064.396 / Time: 0h:2m:43s (0h:2m:28s left)
Optimizing NNI: done in 1.27225 secs using 394.1% CPU
Optimizing NNI: done in 1.4233 secs using 391.5% CPU
Optimizing NNI: done in 1.63836 secs using 394.7% CPU
Optimizing NNI: done in 1.32591 secs using 379.9% CPU
Optimizing NNI: done in 1.32287 secs using 394% CPU
Optimizing NNI: done in 1.42763 secs using 394.2% CPU
Optimizing NNI: done in 1.26624 secs using 393.5% CPU
Optimizing NNI: done in 1.70819 secs using 386.3% CPU
Optimizing NNI: done in 0.968858 secs using 391.2% CPU
Optimizing NNI: done in 1.54007 secs using 393% CPU
Iteration 110 / LogL: -6066.887 / Time: 0h:2m:58s (0h:2m:10s left)
Optimizing NNI: done in 1.3586 secs using 378.7% CPU
Optimizing NNI: done in 1.41905 secs using 394.8% CPU
Optimizing NNI: done in 1.51678 secs using 392.6% CPU
Optimizing NNI: done in 1.13749 secs using 394.1% CPU
Optimizing NNI: done in 1.635 secs using 386.1% CPU
Optimizing NNI: done in 1.14528 secs using 394.1% CPU
Optimizing NNI: done in 1.39005 secs using 393.4% CPU
Optimizing NNI: done in 1.49235 secs using 394% CPU
Optimizing NNI: done in 1.27627 secs using 382% CPU
Estimate model parameters (epsilon = 0.100)
BETTER TREE FOUND at iteration 119: -6046.876
Optimizing NNI: done in 1.78536 secs using 393.7% CPU
Iteration 120 / LogL: -6059.508 / Time: 0h:3m:15s (0h:2m:42s left)
Optimizing NNI: done in 1.43314 secs using 381.6% CPU
Optimizing NNI: done in 1.56507 secs using 392.7% CPU
Optimizing NNI: done in 1.49498 secs using 394.8% CPU
Optimizing NNI: done in 1.14012 secs using 394.1% CPU
Optimizing NNI: done in 1.61197 secs using 386.1% CPU
Optimizing NNI: done in 1.26554 secs using 394.5% CPU
Optimizing NNI: done in 1.1407 secs using 395.1% CPU
Optimizing NNI: done in 1.10107 secs using 393.9% CPU
Optimizing NNI: done in 1.3271 secs using 383.3% CPU
Optimizing NNI: done in 1.56585 secs using 394.8% CPU
Iteration 130 / LogL: -6057.068 / Time: 0h:3m:29s (0h:2m:24s left)
Optimizing NNI: done in 1.51853 secs using 394.8% CPU
Optimizing NNI: done in 1.46132 secs using 382.1% CPU
Optimizing NNI: done in 1.58983 secs using 393.3% CPU
Optimizing NNI: done in 1.36193 secs using 393.3% CPU
Optimizing NNI: done in 1.29384 secs using 391.9% CPU
Optimizing NNI: done in 1.56706 secs using 383.2% CPU
Optimizing NNI: done in 1.10228 secs using 396.2% CPU
Optimizing NNI: done in 1.14628 secs using 395.2% CPU
Optimizing NNI: done in 1.35348 secs using 392.9% CPU
Optimizing NNI: done in 1.72266 secs using 382.5% CPU
Iteration 140 / LogL: -6051.880 / Time: 0h:3m:44s (0h:2m:7s left)
Optimizing NNI: done in 1.53824 secs using 397% CPU
Optimizing NNI: done in 1.12876 secs using 396.8% CPU
Optimizing NNI: done in 0.981748 secs using 396.1% CPU
Optimizing NNI: done in 1.79729 secs using 387.4% CPU
Optimizing NNI: done in 1.42098 secs using 393.7% CPU
Optimizing NNI: done in 1.29063 secs using 394.6% CPU
Optimizing NNI: done in 1.22971 secs using 384.1% CPU
Optimizing NNI: done in 1.18225 secs using 394.2% CPU
Optimizing NNI: done in 1.40273 secs using 392.3% CPU
Optimizing NNI: done in 1.38013 secs using 392.9% CPU
Iteration 150 / LogL: -6055.287 / Time: 0h:3m:58s (0h:1m:50s left)
Optimizing NNI: done in 1.58723 secs using 384.2% CPU
Optimizing NNI: done in 1.41657 secs using 394.4% CPU
Optimizing NNI: done in 1.15835 secs using 393.7% CPU
Optimizing NNI: done in 1.49202 secs using 395% CPU
Optimizing NNI: done in 1.4294 secs using 384.3% CPU
Optimizing NNI: done in 1.30417 secs using 394.5% CPU
Optimizing NNI: done in 1.48235 secs using 391.5% CPU
Optimizing NNI: done in 1.10069 secs using 393.8% CPU
Optimizing NNI: done in 1.33334 secs using 379.9% CPU
Optimizing NNI: done in 1.33214 secs using 394.2% CPU
Iteration 160 / LogL: -6056.672 / Time: 0h:4m:13s (0h:1m:33s left)
Optimizing NNI: done in 1.2848 secs using 393.9% CPU
Optimizing NNI: done in 1.13737 secs using 394.9% CPU
Optimizing NNI: done in 1.11666 secs using 379.5% CPU
Optimizing NNI: done in 1.41008 secs using 391.9% CPU
Optimizing NNI: done in 1.59098 secs using 396% CPU
Optimizing NNI: done in 1.18662 secs using 394.3% CPU
Optimizing NNI: done in 1.63795 secs using 385.8% CPU
Optimizing NNI: done in 1.70398 secs using 395.4% CPU
Optimizing NNI: done in 1.25108 secs using 393.1% CPU
Optimizing NNI: done in 1.92618 secs using 385.7% CPU
Iteration 170 / LogL: -6060.026 / Time: 0h:4m:28s (0h:1m:17s left)
Optimizing NNI: done in 1.51061 secs using 394.9% CPU
Optimizing NNI: done in 1.33254 secs using 392.8% CPU
Optimizing NNI: done in 1.50508 secs using 383.4% CPU
Optimizing NNI: done in 1.15188 secs using 391.8% CPU
Optimizing NNI: done in 1.53658 secs using 395.6% CPU
Optimizing NNI: done in 1.28494 secs using 393.5% CPU
Optimizing NNI: done in 1.39178 secs using 383.9% CPU
Optimizing NNI: done in 1.36046 secs using 391.7% CPU
Optimizing NNI: done in 1.30758 secs using 395% CPU
Optimizing NNI: done in 1.23347 secs using 394.9% CPU
Iteration 180 / LogL: -6054.798 / Time: 0h:4m:42s (0h:1m:1s left)
Optimizing NNI: done in 1.32733 secs using 382.9% CPU
Optimizing NNI: done in 1.11644 secs using 393.8% CPU
Optimizing NNI: done in 1.11243 secs using 392% CPU
Optimizing NNI: done in 1.33789 secs using 394.2% CPU
Optimizing NNI: done in 1.31817 secs using 383.6% CPU
Optimizing NNI: done in 1.62177 secs using 395.6% CPU
Optimizing NNI: done in 1.08272 secs using 392.5% CPU
Optimizing NNI: done in 1.6193 secs using 393.3% CPU
Optimizing NNI: done in 1.48563 secs using 383.5% CPU
Optimizing NNI: done in 1.26298 secs using 393.4% CPU
Iteration 190 / LogL: -6065.538 / Time: 0h:4m:56s (0h:0m:45s left)
Optimizing NNI: done in 1.45724 secs using 394.8% CPU
Optimizing NNI: done in 0.947083 secs using 393.6% CPU
Optimizing NNI: done in 1.23391 secs using 382.5% CPU
Optimizing NNI: done in 1.46369 secs using 393.1% CPU
Optimizing NNI: done in 1.22648 secs using 393.3% CPU
Optimizing NNI: done in 1.2922 secs using 393.4% CPU
Optimizing NNI: done in 1.29774 secs using 382% CPU
Optimizing NNI: done in 1.30691 secs using 395.4% CPU
Optimizing NNI: done in 1.70357 secs using 393% CPU
Optimizing NNI: done in 1.59247 secs using 384.2% CPU
Iteration 200 / LogL: -6056.367 / Time: 0h:5m:10s (0h:0m:29s left)
Optimizing NNI: done in 1.19443 secs using 392.9% CPU
Optimizing NNI: done in 1.17674 secs using 393.6% CPU
Optimizing NNI: done in 1.73553 secs using 395% CPU
Optimizing NNI: done in 1.59964 secs using 382.5% CPU
Optimizing NNI: done in 1.12735 secs using 393% CPU
Optimizing NNI: done in 1.11978 secs using 395.3% CPU
Optimizing NNI: done in 1.28785 secs using 394.6% CPU
Optimizing NNI: done in 1.30228 secs using 382.7% CPU
Optimizing NNI: done in 1.14848 secs using 395.4% CPU
Optimizing NNI: done in 1.13258 secs using 394.9% CPU
Iteration 210 / LogL: -6050.642 / Time: 0h:5m:24s (0h:0m:13s left)
Optimizing NNI: done in 1.9223 secs using 393.8% CPU
Optimizing NNI: done in 1.20677 secs using 381.4% CPU
Optimizing NNI: done in 1.48949 secs using 392.4% CPU
Optimizing NNI: done in 1.11976 secs using 394.5% CPU
Optimizing NNI: done in 1.22401 secs using 393.9% CPU
Optimizing NNI: done in 1.27741 secs using 382.2% CPU
Optimizing NNI: done in 1.07839 secs using 395.3% CPU
Optimizing NNI: done in 1.09743 secs using 393.4% CPU
Optimizing NNI: done in 1.63931 secs using 394% CPU
Optimizing NNI: done in 1.71232 secs using 385.8% CPU
Iteration 220 / LogL: -6063.237 / Time: 0h:5m:39s (0h:0m:-2s left)
TREE SEARCH COMPLETED AFTER 220 ITERATIONS / Time: 0h:5m:39s

--------------------------------------------------------------------
|                    FINALIZING TREE SEARCH                        |
--------------------------------------------------------------------
Performs final model parameters optimization
Estimate model parameters (epsilon = 0.010)
1. Initial log-likelihood: -6046.876
Optimal log-likelihood: -6046.870
Rate parameters:  A-C: 1.19971  A-G: 2.61501  A-T: 0.59434  C-G: 0.19511  C-T: 3.19988  G-T: 1.00000
Base frequencies:  A: 0.396  C: 0.122  G: 0.281  T: 0.201
Site proportion and rates:  (0.100,0.323) (0.193,0.503) (0.236,0.568) (0.179,1.119) (0.279,1.624) (0.013,6.414)
Parameters optimization took 1 rounds (0.696 sec)
BEST SCORE FOUND : -6046.870
Total tree length: 3.535

Total number of iterations: 220
CPU time used for tree search: 1226.798 sec (0h:20m:26s)
Wall-clock time used for tree search: 331.562 sec (0h:5m:31s)
Total CPU time used: 1253.633 sec (0h:20m:53s)
Total wall-clock time used: 339.834 sec (0h:5m:39s)

Analysis results written to: 
  IQ-TREE report:                IQTREE_bestTree.InWindow_4900_to_5150.iqtree
  Maximum-likelihood tree:       IQTREE_bestTree.InWindow_4900_to_5150.treefile
  Likelihood distances:          IQTREE_bestTree.InWindow_4900_to_5150.mldist
  Screen log file:               IQTREE_bestTree.InWindow_4900_to_5150.log

Date and Time: Sun Jul 23 04:36:43 2023
