IQ-TREE multicore version 2.2.2.7 COVID-edition for Linux 64-bit built Jun  7 2023
Developed by Bui Quang Minh, James Barbetti, Nguyen Lam Tung,
Olga Chernomor, Heiko Schmidt, Dominik Schrempf, Michael Woodhams, Ly Trong Nhan.

Host:    hpc-node03 (AVX2, FMA3, 1007 GB RAM)
Command: iqtree -s AlignedReadsInWindow_PositionsExcised_4730_to_4980.fasta -pre IQTREE_bestTree.InWindow_4730_to_4980 -m GTR+F+R6 -nt 2
Seed:    971692 (Using SPRNG - Scalable Parallel Random Number Generator)
Time:    Tue Jul 25 12:12:23 2023
Kernel:  AVX+FMA - 2 threads (2 CPU cores detected)

Reading alignment file AlignedReadsInWindow_PositionsExcised_4730_to_4980.fasta ... Fasta format detected
Reading fasta file: done in 0.00332439 secs using 61.67% CPU
Alignment most likely contains DNA/RNA sequences
Constructing alignment: done in 0.00166556 secs using 59.98% CPU
Alignment has 455 sequences with 281 columns, 214 distinct patterns
112 parsimony-informative, 82 singleton sites, 87 constant sites
                                                            Gap/Ambiguity  Composition  p-value
Analyzing sequences: done in 0.000214604 secs using 356% CPU
   1  200724_20-08518_HIV10-02405_FL24_S14_L000_read_1_count_152   12.81%    passed     98.10%
   2  200724_20-08518_HIV10-02405_FL24_S14_L000_read_2_count_18    12.81%    passed     94.88%
   3  200724_20-08518_HIV10-02405_FL24_S14_L000_read_3_count_9     12.81%    passed     94.88%
   4  200724_20-08518_HIV10-02405_FL24_S14_L000_read_4_count_6     12.81%    passed     94.88%
   5  200724_20-08518_HIV10-02405_FL24_S14_L000_read_5_count_6     12.81%    passed     96.71%
   6  200724_20-08518_HIV10-02405_FL24_S14_L000_read_6_count_5     12.81%    passed     96.71%
   7  200724_20-08518_HIV10-02405_FL24_S14_L000_read_7_count_3     12.81%    passed     99.26%
   8  200724_20-08518_HIV10-02405_FL24_S14_L000_read_8_count_3     12.81%    passed     98.54%
   9  200724_20-08518_HIV10-02405_FL24_S14_L000_read_9_count_3     12.81%    passed     96.71%
  10  200724_20-08518_HIV10-02405_FL24_S14_L000_read_10_count_2    12.81%    passed     96.71%
  11  200724_20-08518_HIV10-02405_FL24_S14_L000_read_11_count_1    12.81%    passed     94.88%
  12  200724_20-08518_HIV10-02405_FL24_S14_L000_read_12_count_1    12.81%    passed     96.71%
  13  200724_20-08518_HIV10-02405_FL24_S14_L000_read_13_count_1    12.81%    passed     96.65%
  14  200724_20-08518_HIV10-02405_FL24_S14_L000_read_14_count_1    13.17%    passed     96.02%
  15  200724_20-08518_HIV10-02405_FL24_S14_L000_read_15_count_1    12.81%    passed     98.10%
  16  200724_20-08518_HIV10-02405_FL24_S14_L000_read_16_count_1    12.81%    passed     93.33%
  17  200724_20-08518_HIV10-02405_FL24_S14_L000_read_17_count_1    13.17%    passed     91.45%
  18  200724_20-08518_HIV10-02405_FL24_S14_L000_read_18_count_1    12.81%    passed     95.90%
  19  200724_20-08518_HIV10-02405_FL24_S14_L000_read_19_count_1    12.81%    passed     95.90%
  20  200724_20-08518_HIV10-02405_FL24_S14_L000_read_20_count_1    12.81%    passed     95.90%
  21  200724_20-08518_HIV10-02405_FL24_S14_L000_read_21_count_1    12.81%    passed     84.13%
  22  200724_20-08518_HIV10-02405_FL24_S14_L000_read_22_count_1    13.17%    passed     97.67%
  23  200724_20-08518_HIV10-02405_FL24_S14_L000_read_23_count_1    12.81%    passed     88.89%
  24  200724_20-08518_HIV10-02405_FL24_S14_L000_read_24_count_1    12.81%    passed     97.32%
  25  200724_20-08518_HIV10-02405_FL24_S14_L000_read_25_count_1    12.81%    passed     95.45%
  26  200724_20-08518_HIV10-02405_FL24_S14_L000_read_26_count_1    12.81%    passed     98.10%
  27  200724_20-08518_HIV10-02405_FL24_S14_L000_read_27_count_1    12.81%    passed     96.71%
  28  200724_20-08518_HIV10-02405_FL24_S14_L000_read_28_count_1    12.46%    passed     94.92%
  29  200724_20-08518_HIV10-02405_FL24_S14_L000_read_29_count_1    12.81%    passed     98.54%
  30  200724_20-08518_HIV10-02405_FL24_S14_L000_read_30_count_1    12.81%    passed     95.90%
  31  200724_20-08518_HIV10-02405_FL24_S14_L000_read_31_count_1    12.81%    passed     99.66%
  32  200724_20-08518_HIV10-02405_FL24_S14_L000_read_32_count_1    12.81%    passed     98.54%
  33  200724_20-08518_HIV10-02405_FL24_S14_L000_read_33_count_1    12.81%    passed     95.45%
  34  200724_20-08518_HIV10-02405_FL24_S14_L000_read_34_count_1    12.81%    passed     98.82%
  35  200724_20-08518_HIV10-02405_FL24_S14_L000_read_35_count_1    12.81%    passed     94.95%
  36  200724_20-08518_HIV10-02405_FL24_S14_L000_read_36_count_1    13.17%    passed     98.64%
  37  200724_20-08518_HIV10-02405_FL24_S14_L000_read_37_count_1    12.81%    passed     98.54%
  38  200724_20-08518_HIV10-02405_FL24_S14_L000_read_38_count_1    12.81%    passed     99.26%
  39  200724_20-08518_HIV10-02405_FL24_S14_L000_read_39_count_1    12.81%    passed     94.88%
  40  200724_20-08518_HIV10-02405_FL24_S14_L000_read_40_count_1    13.17%    passed     98.22%
  41  200724_20-08518_HIV10-02405_FL24_S14_L000_read_41_count_1    12.81%    passed     99.57%
  42  200724_20-08518_HIV10-02405_FL24_S14_L000_read_42_count_1    12.81%    passed     97.74%
  43  200724_20-08518_HIV10-02405_FL24_S14_L000_read_43_count_1    12.81%    passed     94.88%
  44  200724_20-08518_HIV10-02405_FL24_S14_L000_read_44_count_1    12.81%    passed     96.71%
  45  200724_20-08518_HIV10-02405_FL24_S14_L000_read_45_count_1    12.81%    passed     98.54%
  46  200724_20-08518_HIV10-02405_FL24_S14_L000_read_46_count_1    12.81%    passed     97.74%
  47  200724_20-08518_HIV10-02405_FL24_S14_L000_read_47_count_1    12.81%    passed     94.88%
  48  200724_20-08518_HIV10-02405_FL24_S14_L000_read_48_count_1    12.81%    passed     98.54%
  49  200724_20-08518_HIV10-02405_FL24_S14_L000_read_49_count_1    12.81%    passed     98.54%
  50  200724_20-08518_HIV10-02405_FL24_S14_L000_read_50_count_1    12.81%    passed     86.95%
  51  200724_20-08518_HIV10-02405_FL24_S14_L000_read_51_count_1    12.81%    passed     99.26%
  52  200724_20-08518_HIV10-02405_FL24_S14_L000_read_52_count_1    12.81%    passed     99.57%
  53  200724_20-08518_HIV10-02405_FL24_S14_L000_read_53_count_1    12.81%    passed     93.17%
  54  200724_20-08518_HIV10-02405_FL24_S14_L000_read_54_count_1    12.81%    passed     95.45%
  55  200724_20-08518_HIV10-02405_FL24_S14_L000_read_55_count_1    12.81%    passed     91.26%
  56  200724_20-08518_HIV10-02405_FL24_S14_L000_read_56_count_1    12.81%    passed     99.26%
  57  200724_20-08518_HIV10-02405_FL24_S14_L000_read_57_count_1    12.81%    passed     88.89%
  58  200724_20-08518_HIV10-02405_FL24_S14_L000_read_58_count_1    12.81%    passed     98.12%
  59  200724_20-08518_HIV10-02405_FL24_S14_L000_read_59_count_1    12.81%    passed     93.17%
  60  200724_20-08518_HIV10-02405_FL24_S14_L000_read_60_count_1    12.81%    passed     99.26%
  61  200724_20-08518_HIV10-02405_FL24_S14_L000_read_61_count_1    12.81%    passed     94.95%
  62  200724_20-08518_HIV10-02405_FL24_S14_L000_read_62_count_1    13.17%    passed     98.64%
  63  200724_20-08518_HIV10-02405_FL24_S14_L000_read_63_count_1    12.81%    passed     91.26%
  64  200724_20-08518_HIV10-02405_FL24_S14_L000_read_64_count_1    12.81%    passed     91.26%
  65  200724_20-08518_HIV10-02405_FL24_S14_L000_read_65_count_1    12.81%    passed     95.90%
  66  200724_20-08518_HIV10-02405_FL24_S14_L000_read_66_count_1    12.81%    passed     94.88%
  67  200724_20-08518_HIV10-02405_FL24_S14_L000_read_67_count_1    12.81%    passed     98.10%
  68  200724_20-08518_HIV10-02405_FL24_S14_L000_read_68_count_1    12.81%    passed     91.26%
  69  200709_20-07994_HIV07-01067_FL21_S1_L000_read_1_count_501    12.81%    passed     99.44%
  70  200709_20-07994_HIV07-01067_FL21_S1_L000_read_2_count_84     12.81%    passed     99.02%
  71  200709_20-07994_HIV07-01067_FL21_S1_L000_read_3_count_4      12.81%    passed     99.54%
  72  200709_20-07994_HIV07-01067_FL21_S1_L000_read_4_count_3      12.81%    passed     99.54%
  73  200709_20-07994_HIV07-01067_FL21_S1_L000_read_5_count_2      12.81%    passed     99.46%
  74  200709_20-07994_HIV07-01067_FL21_S1_L000_read_6_count_2      12.81%    passed     98.65%
  75  200709_20-07994_HIV07-01067_FL21_S1_L000_read_7_count_2      12.81%    passed     98.65%
  76  200709_20-07994_HIV07-01067_FL21_S1_L000_read_8_count_2      12.81%    passed     99.54%
  77  200709_20-07994_HIV07-01067_FL21_S1_L000_read_9_count_2      13.17%    passed     98.98%
  78  200709_20-07994_HIV07-01067_FL21_S1_L000_read_10_count_2     12.81%    passed     99.90%
  79  200709_20-07994_HIV07-01067_FL21_S1_L000_read_11_count_2     12.81%    passed     98.65%
  80  200709_20-07994_HIV07-01067_FL21_S1_L000_read_12_count_2     12.81%    passed     98.65%
  81  200709_20-07994_HIV07-01067_FL21_S1_L000_read_13_count_2     12.81%    passed     99.54%
  82  200709_20-07994_HIV07-01067_FL21_S1_L000_read_14_count_2     12.81%    passed     99.54%
  83  200709_20-07994_HIV07-01067_FL21_S1_L000_read_15_count_2     12.81%    passed     98.65%
  84  200709_20-07994_HIV07-01067_FL21_S1_L000_read_16_count_1     12.81%    passed     99.46%
  85  200709_20-07994_HIV07-01067_FL21_S1_L000_read_17_count_1     12.81%    passed     97.59%
  86  200709_20-07994_HIV07-01067_FL21_S1_L000_read_18_count_1     12.46%    passed     99.11%
  87  200709_20-07994_HIV07-01067_FL21_S1_L000_read_19_count_1     12.81%    passed     99.54%
  88  200709_20-07994_HIV07-01067_FL21_S1_L000_read_20_count_1     12.81%    passed     99.90%
  89  200709_20-07994_HIV07-01067_FL21_S1_L000_read_21_count_1     12.81%    passed     98.65%
  90  200709_20-07994_HIV07-01067_FL21_S1_L000_read_22_count_1     12.81%    passed     99.90%
  91  200709_20-07994_HIV07-01067_FL21_S1_L000_read_23_count_1     12.81%    passed     99.03%
  92  200709_20-07994_HIV07-01067_FL21_S1_L000_read_24_count_1     12.81%    passed     99.96%
  93  200709_20-07994_HIV07-01067_FL21_S1_L000_read_25_count_1     12.81%    passed     98.05%
  94  200709_20-07994_HIV07-01067_FL21_S1_L000_read_26_count_1     12.81%    passed     99.54%
  95  200709_20-07994_HIV07-01067_FL21_S1_L000_read_27_count_1     12.81%    passed     99.90%
  96  200709_20-07994_HIV07-01067_FL21_S1_L000_read_28_count_1     12.81%    passed     99.54%
  97  200709_20-07994_HIV07-01067_FL21_S1_L000_read_29_count_1     12.81%    passed     99.02%
  98  200709_20-07994_HIV07-01067_FL21_S1_L000_read_30_count_1     12.81%    passed     99.96%
  99  200709_20-07994_HIV07-01067_FL21_S1_L000_read_31_count_1     12.81%    passed     97.32%
 100  200709_20-07994_HIV07-01067_FL21_S1_L000_read_32_count_1     12.81%    passed     99.02%
 101  200709_20-07994_HIV07-01067_FL21_S1_L000_read_33_count_1     12.81%    passed     99.13%
 102  200709_20-07994_HIV07-01067_FL21_S1_L000_read_34_count_1     12.81%    passed     99.54%
 103  200709_20-07994_HIV07-01067_FL21_S1_L000_read_35_count_1     12.81%    passed     99.03%
 104  200709_20-07994_HIV07-01067_FL21_S1_L000_read_36_count_1     12.81%    passed     99.54%
 105  200709_20-07994_HIV07-01067_FL21_S1_L000_read_37_count_1     12.81%    passed     99.46%
 106  200709_20-07994_HIV07-01067_FL21_S1_L000_read_38_count_1     12.81%    passed     99.90%
 107  200709_20-07994_HIV07-01067_FL21_S1_L000_read_39_count_1     12.81%    passed     98.65%
 108  200709_20-07994_HIV07-01067_FL21_S1_L000_read_40_count_1     12.81%    passed     97.32%
 109  200709_20-07994_HIV07-01067_FL21_S1_L000_read_41_count_1     12.81%    passed     99.90%
 110  200709_20-07994_HIV07-01067_FL21_S1_L000_read_42_count_1     12.81%    passed     99.46%
 111  200709_20-07994_HIV07-01067_FL21_S1_L000_read_43_count_1     12.81%    passed     99.44%
 112  200709_20-07994_HIV07-01067_FL21_S1_L000_read_44_count_1     12.81%    passed     98.42%
 113  200709_20-07994_HIV07-01067_FL21_S1_L000_read_45_count_1     12.81%    passed     99.18%
 114  200709_20-07994_HIV07-01067_FL21_S1_L000_read_46_count_1     12.81%    passed     99.54%
 115  200709_20-07994_HIV07-01067_FL21_S1_L000_read_47_count_1     12.81%    passed     98.65%
 116  200709_20-07994_HIV07-01067_FL21_S1_L000_read_48_count_1     12.81%    passed     98.89%
 117  200709_20-07994_HIV07-01067_FL21_S1_L000_read_49_count_1     12.81%    passed     99.13%
 118  200709_20-07994_HIV07-01067_FL21_S1_L000_read_50_count_1     12.81%    passed     99.94%
 119  200709_20-07994_HIV07-01067_FL21_S1_L000_read_51_count_1     12.81%    passed     99.54%
 120  200709_20-07994_HIV07-01067_FL21_S1_L000_read_52_count_1     13.17%    passed     99.13%
 121  200709_20-07994_HIV07-01067_FL21_S1_L000_read_53_count_1     12.81%    passed     99.13%
 122  200709_20-07994_HIV07-01067_FL21_S1_L000_read_54_count_1     12.81%    passed     97.59%
 123  200709_20-07994_HIV07-01067_FL21_S1_L000_read_55_count_1     12.81%    passed     98.89%
 124  200709_20-07994_HIV07-01067_FL21_S1_L000_read_56_count_1     12.81%    passed     99.54%
 125  200709_20-07994_HIV07-01067_FL21_S1_L000_read_57_count_1     12.81%    passed     99.02%
 126  200709_20-07994_HIV07-01067_FL21_S1_L000_read_58_count_1     12.81%    passed     98.89%
 127  200709_20-07994_HIV07-01067_FL21_S1_L000_read_59_count_1     12.81%    passed     99.54%
 128  200709_20-07994_HIV07-01067_FL21_S1_L000_read_60_count_1     12.81%    passed     99.90%
 129  200709_20-07994_HIV07-01067_FL21_S1_L000_read_61_count_1     12.81%    passed     97.60%
 130  200709_20-07994_HIV07-01067_FL21_S1_L000_read_62_count_1     12.81%    passed     99.46%
 131  200709_20-07994_HIV07-01067_FL21_S1_L000_read_63_count_1     12.81%    passed     99.54%
 132  200709_20-07994_HIV07-01067_FL21_S1_L000_read_64_count_1     12.81%    passed     99.54%
 133  200709_20-07994_HIV07-01067_FL21_S1_L000_read_65_count_1     12.81%    passed     99.54%
 134  200709_20-07994_HIV07-01067_FL21_S1_L000_read_66_count_1     12.81%    passed     99.03%
 135  200709_20-07994_HIV07-01067_FL21_S1_L000_read_67_count_1     12.81%    passed     99.94%
 136  200709_20-07994_HIV07-01067_FL21_S1_L000_read_68_count_1     12.81%    passed     99.54%
 137  200709_20-07994_HIV07-01067_FL21_S1_L000_read_69_count_1     12.81%    passed     99.61%
 138  200709_20-07994_HIV07-01067_FL21_S1_L000_read_70_count_1     12.81%    passed     99.90%
 139  200709_20-07994_HIV07-01067_FL21_S1_L000_read_71_count_1     12.81%    passed     94.71%
 140  200709_20-07994_HIV07-01067_FL21_S1_L000_read_72_count_1     13.17%    passed     98.98%
 141  200709_20-07994_HIV07-01067_FL21_S1_L000_read_73_count_1      2.14%    passed     96.94%
 142  200709_20-07994_HIV07-01067_FL21_S1_L000_read_74_count_1     12.81%    passed     96.79%
 143  200709_20-07994_HIV07-01067_FL21_S1_L000_read_75_count_1     12.81%    passed     99.94%
 144  200709_20-07994_HIV07-01067_FL21_S1_L000_read_76_count_1     12.81%    passed     98.89%
 145  200709_20-07994_HIV07-01067_FL21_S1_L000_read_77_count_1     12.81%    passed     99.54%
 146  200709_20-07994_HIV07-01067_FL21_S1_L000_read_78_count_1     12.81%    passed     99.90%
 147  200709_20-07994_HIV07-01067_FL21_S1_L000_read_79_count_1     12.81%    passed     99.54%
 148  200709_20-07994_HIV07-01067_FL21_S1_L000_read_80_count_1     12.81%    passed     99.13%
 149  200709_20-07994_HIV07-01067_FL21_S1_L000_read_81_count_1     12.81%    passed     98.65%
 150  200709_20-07994_HIV07-01067_FL21_S1_L000_read_82_count_1     12.81%    passed     99.13%
 151  200709_20-07994_HIV07-01067_FL21_S1_L000_read_83_count_1     12.81%    passed     99.54%
 152  200709_20-07994_HIV07-01067_FL21_S1_L000_read_84_count_1     12.81%    passed     99.54%
 153  200709_20-07994_HIV07-01067_FL21_S1_L000_read_85_count_1     12.81%    passed     99.44%
 154  200709_20-07994_HIV07-01067_FL21_S1_L000_read_86_count_1     12.81%    passed     97.59%
 155  200709_20-07994_HIV07-01067_FL21_S1_L000_read_87_count_1     13.17%    passed     99.61%
 156  200709_20-07994_HIV07-01067_FL21_S1_L000_read_88_count_1     12.81%    passed     97.62%
 157  200709_20-07994_HIV07-01067_FL21_S1_L000_read_89_count_1     12.81%    passed     97.48%
 158  200709_20-07994_HIV07-01067_FL21_S1_L000_read_90_count_1     12.81%    passed     99.13%
 159  200709_20-07994_HIV07-01067_FL21_S1_L000_read_91_count_1     12.81%    passed     99.94%
 160  200709_20-07994_HIV07-01067_FL21_S1_L000_read_92_count_1     12.81%    passed     99.54%
 161  200709_20-07994_HIV07-01067_FL21_S1_L000_read_93_count_1     12.81%    passed     98.65%
 162  200709_20-07994_HIV07-01067_FL21_S1_L000_read_94_count_1     12.81%    passed     99.02%
 163  200709_20-07994_HIV07-01067_FL21_S1_L000_read_95_count_1     12.81%    passed     99.90%
 164  200709_20-07994_HIV07-01067_FL21_S1_L000_read_96_count_1     12.81%    passed     97.48%
 165  200709_20-07994_HIV07-01067_FL21_S1_L000_read_97_count_1     12.81%    passed     98.65%
 166  200709_20-07994_HIV07-01067_FL21_S1_L000_read_98_count_1     12.81%    passed     98.89%
 167  200709_20-07994_HIV07-01067_FL21_S1_L000_read_99_count_1     12.81%    passed     99.94%
 168  200709_20-07994_HIV07-01067_FL21_S1_L000_read_100_count_1    12.81%    passed     99.61%
 169  200709_20-07994_HIV07-01067_FL21_S1_L000_read_101_count_1    12.81%    passed     99.02%
 170  200709_20-07994_HIV07-01067_FL21_S1_L000_read_102_count_1    12.81%    passed     99.54%
 171  200709_20-07994_HIV07-01067_FL21_S1_L000_read_103_count_1    12.81%    passed     99.90%
 172  200709_20-07994_HIV07-01067_FL21_S1_L000_read_104_count_1    12.81%    passed     99.13%
 173  200709_20-07994_HIV07-01067_FL21_S1_L000_read_105_count_1    12.81%    passed     98.42%
 174  200709_20-07994_HIV07-01067_FL21_S1_L000_read_106_count_1    12.81%    passed     99.46%
 175  200709_20-07994_HIV07-01067_FL21_S1_L000_read_107_count_1    12.81%    passed     99.54%
 176  200709_20-07994_HIV07-01067_FL21_S1_L000_read_108_count_1    12.81%    passed     99.90%
 177  200709_20-07994_HIV07-01067_FL21_S1_L000_read_109_count_1    12.81%    passed     99.54%
 178  200709_20-07994_HIV07-01067_FL21_S1_L000_read_110_count_1    18.15%    passed     90.31%
 179  200709_20-07994_HIV07-01067_FL21_S1_L000_read_111_count_1    12.81%    passed     99.61%
 180  200709_20-07994_HIV07-01067_FL21_S1_L000_read_112_count_1    12.81%    passed     99.54%
 181  200709_20-07994_HIV07-01067_FL21_S1_L000_read_113_count_1    12.81%    passed     99.54%
 182  200703_20-07825_HIV09-00618_FL18_S6_L000_read_1_count_322    12.81%    passed     99.90%
 183  200703_20-07825_HIV09-00618_FL18_S6_L000_read_2_count_7      12.81%    passed     99.95%
 184  200703_20-07825_HIV09-00618_FL18_S6_L000_read_3_count_3      12.81%    passed     98.96%
 185  200703_20-07825_HIV09-00618_FL18_S6_L000_read_4_count_3      16.01%    passed     96.59%
 186  200703_20-07825_HIV09-00618_FL18_S6_L000_read_5_count_2      12.81%    passed     99.95%
 187  200703_20-07825_HIV09-00618_FL18_S6_L000_read_6_count_2      12.81%    passed     98.96%
 188  200703_20-07825_HIV09-00618_FL18_S6_L000_read_7_count_1      12.81%    passed     99.32%
 189  200703_20-07825_HIV09-00618_FL18_S6_L000_read_8_count_1      12.81%    passed     98.96%
 190  200703_20-07825_HIV09-00618_FL18_S6_L000_read_9_count_1      12.81%    passed     99.66%
 191  200703_20-07825_HIV09-00618_FL18_S6_L000_read_10_count_1     12.81%    passed     99.19%
 192  200703_20-07825_HIV09-00618_FL18_S6_L000_read_11_count_1     12.81%    passed     99.32%
 193  200703_20-07825_HIV09-00618_FL18_S6_L000_read_12_count_1     12.81%    passed     98.96%
 194  200703_20-07825_HIV09-00618_FL18_S6_L000_read_13_count_1     12.81%    passed     99.08%
 195  200703_20-07825_HIV09-00618_FL18_S6_L000_read_14_count_1     12.81%    passed     98.96%
 196  200703_20-07825_HIV09-00618_FL18_S6_L000_read_15_count_1     13.17%    passed     99.74%
 197  200703_20-07825_HIV09-00618_FL18_S6_L000_read_16_count_1     12.81%    passed     99.66%
 198  200703_20-07825_HIV09-00618_FL18_S6_L000_read_17_count_1     12.46%    passed     99.63%
 199  200703_20-07825_HIV09-00618_FL18_S6_L000_read_18_count_1     12.81%    passed     99.88%
 200  200703_20-07825_HIV09-00618_FL18_S6_L000_read_19_count_1     12.81%    passed     98.96%
 201  200703_20-07825_HIV09-00618_FL18_S6_L000_read_20_count_1     12.46%    passed     99.96%
 202  200703_20-07825_HIV09-00618_FL18_S6_L000_read_21_count_1     12.81%    passed     99.95%
 203  200703_20-07825_HIV09-00618_FL18_S6_L000_read_22_count_1     12.81%    passed     99.96%
 204  200703_20-07825_HIV09-00618_FL18_S6_L000_read_23_count_1     12.81%    passed     98.96%
 205  200703_20-07825_HIV09-00618_FL18_S6_L000_read_24_count_1     12.81%    passed     99.32%
 206  200703_20-07825_HIV09-00618_FL18_S6_L000_read_25_count_1     12.81%    passed     99.65%
 207  200703_20-07825_HIV09-00618_FL18_S6_L000_read_26_count_1     12.81%    passed     99.10%
 208  200703_20-07825_HIV09-00618_FL18_S6_L000_read_27_count_1     12.81%    passed     99.32%
 209  200703_20-07825_HIV09-00618_FL18_S6_L000_read_28_count_1     13.17%    passed     98.79%
 210  200703_20-07825_HIV09-00618_FL18_S6_L000_read_29_count_1     12.81%    passed     97.15%
 211  200703_20-07825_HIV09-00618_FL18_S6_L000_read_30_count_1     12.81%    passed     99.32%
 212  200703_20-07825_HIV09-00618_FL18_S6_L000_read_31_count_1     12.81%    passed     99.66%
 213  200703_20-07825_HIV09-00618_FL18_S6_L000_read_32_count_1     12.81%    passed     99.96%
 214  200703_20-07825_HIV09-00618_FL18_S6_L000_read_33_count_1     12.81%    passed     99.19%
 215  200703_20-07825_HIV09-00618_FL18_S6_L000_read_34_count_1     12.81%    passed     99.32%
 216  200703_20-07825_HIV09-00618_FL18_S6_L000_read_35_count_1     12.81%    passed     99.32%
 217  200703_20-07825_HIV09-00618_FL18_S6_L000_read_36_count_1     12.81%    passed     99.32%
 218  200703_20-07825_HIV09-00618_FL18_S6_L000_read_37_count_1     12.81%    passed     99.31%
 219  200703_20-07825_HIV09-00618_FL18_S6_L000_read_38_count_1     12.81%    passed     99.19%
 220  200703_20-07825_HIV09-00618_FL18_S6_L000_read_39_count_1     12.81%    passed     99.66%
 221  200703_20-07825_HIV09-00618_FL18_S6_L000_read_40_count_1     12.81%    passed     99.63%
 222  200703_20-07825_HIV09-00618_FL18_S6_L000_read_41_count_1     12.81%    passed     98.96%
 223  200703_20-07825_HIV09-00618_FL18_S6_L000_read_42_count_1     12.81%    passed     99.32%
 224  200703_20-07825_HIV09-00618_FL18_S6_L000_read_43_count_1     12.81%    passed     98.96%
 225  200703_20-07825_HIV09-00618_FL18_S6_L000_read_44_count_1     12.81%    passed     99.10%
 226  200703_20-07825_HIV09-00618_FL18_S6_L000_read_45_count_1     12.81%    passed     99.32%
 227  200703_20-07825_HIV09-00618_FL18_S6_L000_read_46_count_1     12.81%    passed     98.96%
 228  200703_20-07825_HIV09-00618_FL18_S6_L000_read_47_count_1     12.81%    passed     99.96%
 229  200703_20-07825_HIV09-00618_FL18_S6_L000_read_48_count_1     12.81%    passed     99.32%
 230  200703_20-07825_HIV09-00618_FL18_S6_L000_read_49_count_1     12.81%    passed     99.32%
 231  200703_20-07825_HIV09-00618_FL18_S6_L000_read_50_count_1     12.81%    passed     99.89%
 232  200703_20-07825_HIV09-00618_FL18_S6_L000_read_51_count_1     12.81%    passed     98.96%
 233  200703_20-07825_HIV09-00618_FL18_S6_L000_read_52_count_1     12.81%    passed     99.65%
 234  200703_20-07825_HIV09-00618_FL18_S6_L000_read_53_count_1     12.81%    passed     97.39%
 235  200703_20-07825_HIV09-00618_FL18_S6_L000_read_54_count_1     12.81%    passed     98.96%
 236  200703_20-07825_HIV09-00618_FL18_S6_L000_read_55_count_1     12.81%    passed     99.89%
 237  200703_20-07825_HIV09-00618_FL18_S6_L000_read_56_count_1     12.81%    passed     99.66%
 238  200703_20-07825_HIV09-00618_FL18_S6_L000_read_57_count_1     12.81%    passed     99.19%
 239  200703_20-07825_HIV09-00618_FL18_S6_L000_read_58_count_1     12.81%    passed     99.32%
 240  200703_20-07825_HIV09-00618_FL18_S6_L000_read_59_count_1     12.81%    passed     98.96%
 241  200703_20-07825_HIV09-00618_FL18_S6_L000_read_60_count_1     12.81%    passed     99.32%
 242  200703_20-07825_HIV09-00618_FL18_S6_L000_read_61_count_1     12.81%    passed     92.20%
 243  200814_20-09728_HIV09-02843_FL30_S2_L000_read_1_count_317    12.81%    passed     89.57%
 244  200814_20-09728_HIV09-02843_FL30_S2_L000_read_2_count_14     12.81%    passed     89.80%
 245  200814_20-09728_HIV09-02843_FL30_S2_L000_read_3_count_13     12.81%    passed     89.80%
 246  200814_20-09728_HIV09-02843_FL30_S2_L000_read_4_count_9      12.81%    passed     95.90%
 247  200814_20-09728_HIV09-02843_FL30_S2_L000_read_5_count_9      12.81%    passed     95.70%
 248  200814_20-09728_HIV09-02843_FL30_S2_L000_read_6_count_8      12.81%    passed     88.09%
 249  200814_20-09728_HIV09-02843_FL30_S2_L000_read_7_count_6      12.81%    passed     89.80%
 250  200814_20-09728_HIV09-02843_FL30_S2_L000_read_8_count_5      12.81%    passed     92.39%
 251  200814_20-09728_HIV09-02843_FL30_S2_L000_read_9_count_2      12.81%    passed     88.09%
 252  200814_20-09728_HIV09-02843_FL30_S2_L000_read_10_count_2     12.81%    passed     95.70%
 253  200814_20-09728_HIV09-02843_FL30_S2_L000_read_11_count_2     12.81%    passed     95.70%
 254  200814_20-09728_HIV09-02843_FL30_S2_L000_read_12_count_2     12.81%    passed     85.48%
 255  200814_20-09728_HIV09-02843_FL30_S2_L000_read_13_count_1     12.81%    passed     93.03%
 256  200814_20-09728_HIV09-02843_FL30_S2_L000_read_14_count_1     12.81%    passed     84.77%
 257  200814_20-09728_HIV09-02843_FL30_S2_L000_read_15_count_1     12.81%    passed     93.19%
 258  200814_20-09728_HIV09-02843_FL30_S2_L000_read_16_count_1     12.81%    passed     89.80%
 259  200814_20-09728_HIV09-02843_FL30_S2_L000_read_17_count_1     12.81%    passed     92.51%
 260  200814_20-09728_HIV09-02843_FL30_S2_L000_read_18_count_1     12.81%    passed     92.73%
 261  200814_20-09728_HIV09-02843_FL30_S2_L000_read_19_count_1     12.81%    passed     89.80%
 262  200814_20-09728_HIV09-02843_FL30_S2_L000_read_20_count_1     12.10%    passed     80.30%
 263  200814_20-09728_HIV09-02843_FL30_S2_L000_read_21_count_1     12.81%    passed     92.39%
 264  200814_20-09728_HIV09-02843_FL30_S2_L000_read_22_count_1     12.81%    passed     95.70%
 265  200814_20-09728_HIV09-02843_FL30_S2_L000_read_23_count_1     12.81%    passed     93.03%
 266  200814_20-09728_HIV09-02843_FL30_S2_L000_read_24_count_1     12.81%    passed     91.76%
 267  200814_20-09728_HIV09-02843_FL30_S2_L000_read_25_count_1     12.81%    passed     95.70%
 268  200814_20-09728_HIV09-02843_FL30_S2_L000_read_26_count_1     12.81%    passed     88.09%
 269  200814_20-09728_HIV09-02843_FL30_S2_L000_read_27_count_1     12.81%    passed     81.49%
 270  200814_20-09728_HIV09-02843_FL30_S2_L000_read_28_count_1     12.81%    passed     91.76%
 271  200814_20-09728_HIV09-02843_FL30_S2_L000_read_29_count_1     12.81%    passed     91.76%
 272  200814_20-09728_HIV09-02843_FL30_S2_L000_read_30_count_1     12.81%    passed     89.80%
 273  200814_20-09728_HIV09-02843_FL30_S2_L000_read_31_count_1     12.81%    passed     92.20%
 274  200814_20-09728_HIV09-02843_FL30_S2_L000_read_32_count_1     12.81%    passed     94.44%
 275  200814_20-09728_HIV09-02843_FL30_S2_L000_read_33_count_1     12.81%    passed     88.09%
 276  200814_20-09728_HIV09-02843_FL30_S2_L000_read_34_count_1     12.81%    passed     89.57%
 277  200814_20-09728_HIV09-02843_FL30_S2_L000_read_35_count_1     12.81%    passed     95.70%
 278  200814_20-09728_HIV09-02843_FL30_S2_L000_read_36_count_1     12.81%    passed     83.86%
 279  200814_20-09728_HIV09-02843_FL30_S2_L000_read_37_count_1     12.81%    passed     89.80%
 280  200814_20-09728_HIV09-02843_FL30_S2_L000_read_38_count_1     12.81%    passed     89.80%
 281  200814_20-09728_HIV09-02843_FL30_S2_L000_read_39_count_1     12.81%    passed     84.77%
 282  200814_20-09728_HIV09-02843_FL30_S2_L000_read_40_count_1     12.81%    passed     85.48%
 283  200814_20-09728_HIV09-02843_FL30_S2_L000_read_41_count_1     12.81%    passed     91.76%
 284  200814_20-09728_HIV09-02843_FL30_S2_L000_read_42_count_1     12.81%    passed     88.09%
 285  200814_20-09728_HIV09-02843_FL30_S2_L000_read_43_count_1     12.81%    passed     95.70%
 286  200814_20-09728_HIV09-02843_FL30_S2_L000_read_44_count_1     12.81%    passed     95.70%
 287  200814_20-09728_HIV09-02843_FL30_S2_L000_read_45_count_1     12.81%    passed     92.39%
 288  200814_20-09728_HIV09-02843_FL30_S2_L000_read_46_count_1     12.81%    passed     84.77%
 289  200814_20-09728_HIV09-02843_FL30_S2_L000_read_47_count_1     12.81%    passed     89.80%
 290  200814_20-09728_HIV09-02843_FL30_S2_L000_read_48_count_1     12.81%    passed     92.39%
 291  200814_20-09728_HIV09-02843_FL30_S2_L000_read_49_count_1     12.81%    passed     85.48%
 292  200814_20-09728_HIV09-02843_FL30_S2_L000_read_50_count_1     12.81%    passed     84.92%
 293  200814_20-09728_HIV09-02843_FL30_S2_L000_read_51_count_1     12.81%    passed     95.70%
 294  200814_20-09728_HIV09-02843_FL30_S2_L000_read_52_count_1     12.81%    passed     89.80%
 295  200814_20-09728_HIV09-02843_FL30_S2_L000_read_53_count_1     12.81%    passed     85.48%
 296  200814_20-09728_HIV09-02843_FL30_S2_L000_read_54_count_1     12.81%    passed     89.80%
 297  200814_20-09728_HIV09-02843_FL30_S2_L000_read_55_count_1     12.81%    passed     95.70%
 298  200814_20-09728_HIV09-02843_FL30_S2_L000_read_56_count_1     12.81%    passed     92.73%
 299  200814_20-09728_HIV09-02843_FL30_S2_L000_read_57_count_1     12.81%    passed     84.90%
 300  200814_20-09728_HIV09-02843_FL30_S2_L000_read_58_count_1     12.81%    passed     84.92%
 301  200814_20-09728_HIV09-02843_FL30_S2_L000_read_59_count_1     12.81%    passed     85.48%
 302  200814_20-09728_HIV09-02843_FL30_S2_L000_read_60_count_1     12.81%    passed     88.09%
 303  200814_20-09728_HIV09-02843_FL30_S2_L000_read_61_count_1     12.81%    passed     89.80%
 304  200814_20-09728_HIV09-02843_FL30_S2_L000_read_62_count_1     13.17%    passed     92.64%
 305  200814_20-09728_HIV09-02843_FL30_S2_L000_read_63_count_1     12.81%    passed     95.70%
 306  200814_20-09728_HIV09-02843_FL30_S2_L000_read_64_count_1     12.81%    passed     92.39%
 307  200814_20-09728_HIV09-02843_FL30_S2_L000_read_65_count_1     12.81%    passed     96.71%
 308  200814_20-09728_HIV09-02843_FL30_S2_L000_read_66_count_1     12.81%    passed     95.70%
 309  200814_20-09728_HIV09-02843_FL30_S2_L000_read_67_count_1     12.81%    passed     95.70%
 310  200814_20-09728_HIV09-02843_FL30_S2_L000_read_68_count_1     12.81%    passed     85.48%
 311  200814_20-09728_HIV09-02843_FL30_S2_L000_read_69_count_1     12.81%    passed     92.73%
 312  200724_20-08522_HIV11-02415_FL24_S18_L000_read_1_count_337   12.81%    passed     99.45%
 313  200724_20-08522_HIV11-02415_FL24_S18_L000_read_2_count_38    12.81%    passed     99.17%
 314  200724_20-08522_HIV11-02415_FL24_S18_L000_read_3_count_20    12.81%    passed     99.17%
 315  200724_20-08522_HIV11-02415_FL24_S18_L000_read_4_count_10    12.81%    passed     97.39%
 316  200724_20-08522_HIV11-02415_FL24_S18_L000_read_5_count_6     12.81%    passed     99.08%
 317  200724_20-08522_HIV11-02415_FL24_S18_L000_read_6_count_4     12.81%    passed     99.08%
 318  200724_20-08522_HIV11-02415_FL24_S18_L000_read_7_count_3     12.81%    passed     99.10%
 319  200724_20-08522_HIV11-02415_FL24_S18_L000_read_8_count_3     12.81%    passed     99.88%
 320  200724_20-08522_HIV11-02415_FL24_S18_L000_read_9_count_3     12.81%    passed     99.17%
 321  200724_20-08522_HIV11-02415_FL24_S18_L000_read_10_count_3    12.81%    passed     99.10%
 322  200724_20-08522_HIV11-02415_FL24_S18_L000_read_11_count_2    12.81%    passed     99.88%
 323  200724_20-08522_HIV11-02415_FL24_S18_L000_read_12_count_2    12.81%    passed     99.08%
 324  200724_20-08522_HIV11-02415_FL24_S18_L000_read_13_count_2    12.81%    passed     99.10%
 325  200724_20-08522_HIV11-02415_FL24_S18_L000_read_14_count_2    12.81%    passed     97.58%
 326  200724_20-08522_HIV11-02415_FL24_S18_L000_read_15_count_2    12.81%    passed     99.10%
 327  200724_20-08522_HIV11-02415_FL24_S18_L000_read_16_count_2    12.81%    passed     98.96%
 328  200724_20-08522_HIV11-02415_FL24_S18_L000_read_17_count_2    12.81%    passed     99.10%
 329  200724_20-08522_HIV11-02415_FL24_S18_L000_read_18_count_2    12.81%    passed     99.88%
 330  200724_20-08522_HIV11-02415_FL24_S18_L000_read_19_count_2    12.81%    passed     99.17%
 331  200724_20-08522_HIV11-02415_FL24_S18_L000_read_20_count_2    12.81%    passed     98.96%
 332  200724_20-08522_HIV11-02415_FL24_S18_L000_read_21_count_2    12.81%    passed     99.02%
 333  200724_20-08522_HIV11-02415_FL24_S18_L000_read_22_count_2    12.81%    passed     99.88%
 334  200724_20-08522_HIV11-02415_FL24_S18_L000_read_23_count_2    12.81%    passed     97.39%
 335  200724_20-08522_HIV11-02415_FL24_S18_L000_read_24_count_2    12.81%    passed     98.51%
 336  200724_20-08522_HIV11-02415_FL24_S18_L000_read_25_count_2    12.81%    passed     99.17%
 337  200724_20-08522_HIV11-02415_FL24_S18_L000_read_26_count_1    12.81%    passed     98.96%
 338  200724_20-08522_HIV11-02415_FL24_S18_L000_read_27_count_1    12.81%    passed     99.08%
 339  200724_20-08522_HIV11-02415_FL24_S18_L000_read_28_count_1    12.81%    passed     98.96%
 340  200724_20-08522_HIV11-02415_FL24_S18_L000_read_29_count_1    12.81%    passed     99.09%
 341  200724_20-08522_HIV11-02415_FL24_S18_L000_read_30_count_1    12.81%    passed     98.09%
 342  200724_20-08522_HIV11-02415_FL24_S18_L000_read_31_count_1    12.81%    passed     99.08%
 343  200724_20-08522_HIV11-02415_FL24_S18_L000_read_32_count_1    12.81%    passed     97.58%
 344  200724_20-08522_HIV11-02415_FL24_S18_L000_read_33_count_1    12.81%    passed     99.10%
 345  200724_20-08522_HIV11-02415_FL24_S18_L000_read_34_count_1    13.17%    passed     99.73%
 346  200724_20-08522_HIV11-02415_FL24_S18_L000_read_35_count_1    12.81%    passed     97.39%
 347  200724_20-08522_HIV11-02415_FL24_S18_L000_read_36_count_1    12.81%    passed     98.05%
 348  200724_20-08522_HIV11-02415_FL24_S18_L000_read_37_count_1    12.81%    passed     99.17%
 349  200724_20-08522_HIV11-02415_FL24_S18_L000_read_38_count_1    12.81%    passed     99.02%
 350  200724_20-08522_HIV11-02415_FL24_S18_L000_read_39_count_1    12.81%    passed     99.10%
 351  200724_20-08522_HIV11-02415_FL24_S18_L000_read_40_count_1    12.81%    passed     99.09%
 352  200724_20-08522_HIV11-02415_FL24_S18_L000_read_41_count_1    12.81%    passed     98.09%
 353  200724_20-08522_HIV11-02415_FL24_S18_L000_read_42_count_1    12.81%    passed     99.88%
 354  200724_20-08522_HIV11-02415_FL24_S18_L000_read_43_count_1    12.81%    passed     99.10%
 355  200724_20-08522_HIV11-02415_FL24_S18_L000_read_44_count_1    12.81%    passed     97.39%
 356  200724_20-08522_HIV11-02415_FL24_S18_L000_read_45_count_1    12.81%    passed     98.96%
 357  200724_20-08522_HIV11-02415_FL24_S18_L000_read_46_count_1    12.81%    passed     97.39%
 358  200724_20-08522_HIV11-02415_FL24_S18_L000_read_47_count_1    12.81%    passed     96.98%
 359  200724_20-08522_HIV11-02415_FL24_S18_L000_read_48_count_1    12.81%    passed     99.10%
 360  200724_20-08522_HIV11-02415_FL24_S18_L000_read_49_count_1    12.46%    passed     99.56%
 361  200724_20-08522_HIV11-02415_FL24_S18_L000_read_50_count_1    12.81%    passed     99.70%
 362  200724_20-08522_HIV11-02415_FL24_S18_L000_read_51_count_1    12.81%    passed     99.02%
 363  200724_20-08522_HIV11-02415_FL24_S18_L000_read_52_count_1    12.81%    passed     99.09%
 364  200724_20-08522_HIV11-02415_FL24_S18_L000_read_53_count_1    16.01%    passed     95.39%
 365  200724_20-08522_HIV11-02415_FL24_S18_L000_read_54_count_1    12.81%    passed     99.17%
 366  200724_20-08522_HIV11-02415_FL24_S18_L000_read_55_count_1    12.81%    passed     98.96%
 367  200724_20-08522_HIV11-02415_FL24_S18_L000_read_56_count_1    12.81%    passed     98.09%
 368  200724_20-08522_HIV11-02415_FL24_S18_L000_read_57_count_1    12.81%    passed     99.17%
 369  200724_20-08522_HIV11-02415_FL24_S18_L000_read_58_count_1    12.81%    passed     99.17%
 370  200724_20-08522_HIV11-02415_FL24_S18_L000_read_59_count_1    12.81%    passed     99.88%
 371  200724_20-08522_HIV11-02415_FL24_S18_L000_read_60_count_1    12.81%    passed     96.48%
 372  200724_20-08522_HIV11-02415_FL24_S18_L000_read_61_count_1    12.81%    passed     99.09%
 373  200724_20-08522_HIV11-02415_FL24_S18_L000_read_62_count_1    12.81%    passed     99.10%
 374  200724_20-08522_HIV11-02415_FL24_S18_L000_read_63_count_1    12.81%    passed     96.48%
 375  200724_20-08522_HIV11-02415_FL24_S18_L000_read_64_count_1    13.17%    passed     99.14%
 376  200724_20-08522_HIV11-02415_FL24_S18_L000_read_65_count_1    12.81%    passed     98.20%
 377  200724_20-08522_HIV11-02415_FL24_S18_L000_read_66_count_1    12.81%    passed     99.09%
 378  200724_20-08522_HIV11-02415_FL24_S18_L000_read_67_count_1    12.81%    passed     99.10%
 379  200724_20-08522_HIV11-02415_FL24_S18_L000_read_68_count_1    12.81%    passed     99.02%
 380  200724_20-08522_HIV11-02415_FL24_S18_L000_read_69_count_1    12.81%    passed     99.70%
 381  200724_20-08522_HIV11-02415_FL24_S18_L000_read_70_count_1    12.81%    passed     98.09%
 382  200724_20-08522_HIV11-02415_FL24_S18_L000_read_71_count_1    12.81%    passed     99.70%
 383  200724_20-08522_HIV11-02415_FL24_S18_L000_read_72_count_1    12.81%    passed     98.96%
 384  200724_20-08522_HIV11-02415_FL24_S18_L000_read_73_count_1    12.81%    passed     97.39%
 385  200724_20-08522_HIV11-02415_FL24_S18_L000_read_74_count_1    12.81%    passed     99.10%
 386  200724_20-08522_HIV11-02415_FL24_S18_L000_read_75_count_1    12.81%    passed     99.95%
 387  200724_20-08522_HIV11-02415_FL24_S18_L000_read_76_count_1    12.81%    passed     96.73%
 388  200724_20-08522_HIV11-02415_FL24_S18_L000_read_77_count_1    12.81%    passed     99.10%
 389  200724_20-08522_HIV11-02415_FL24_S18_L000_read_78_count_1    12.46%    passed     99.56%
 390  200724_20-08522_HIV11-02415_FL24_S18_L000_read_79_count_1    12.81%    passed     99.10%
 391  200724_20-08522_HIV11-02415_FL24_S18_L000_read_80_count_1    13.17%    passed     97.00%
 392  200724_20-08522_HIV11-02415_FL24_S18_L000_read_81_count_1    12.81%    passed     96.88%
 393  200724_20-08522_HIV11-02415_FL24_S18_L000_read_82_count_1    12.81%    passed     97.58%
 394  200724_20-08522_HIV11-02415_FL24_S18_L000_read_83_count_1    12.81%    passed     97.39%
 395  200724_20-08522_HIV11-02415_FL24_S18_L000_read_84_count_1    12.81%    passed     98.96%
 396  200724_20-08522_HIV11-02415_FL24_S18_L000_read_85_count_1    12.81%    passed     97.58%
 397  200724_20-08522_HIV11-02415_FL24_S18_L000_read_86_count_1    12.81%    passed     96.88%
 398  200724_20-08522_HIV11-02415_FL24_S18_L000_read_87_count_1    12.81%    passed     99.90%
 399  200724_20-08522_HIV11-02415_FL24_S18_L000_read_88_count_1    12.81%    passed     99.08%
 400  200724_20-08522_HIV11-02415_FL24_S18_L000_read_89_count_1    12.81%    passed     99.10%
 401  200724_20-08522_HIV11-02415_FL24_S18_L000_read_90_count_1    12.81%    passed     99.90%
 402  200724_20-08522_HIV11-02415_FL24_S18_L000_read_91_count_1    12.81%    passed     97.31%
 403  200724_20-08522_HIV11-02415_FL24_S18_L000_read_92_count_1    12.81%    passed     96.88%
 404  200724_20-08522_HIV11-02415_FL24_S18_L000_read_93_count_1    12.81%    passed     99.45%
 405  200724_20-08522_HIV11-02415_FL24_S18_L000_read_94_count_1    12.81%    passed     99.10%
 406  200724_20-08522_HIV11-02415_FL24_S18_L000_read_95_count_1    12.81%    passed     95.79%
 407  200724_20-08522_HIV11-02415_FL24_S18_L000_read_96_count_1    12.81%    passed     99.88%
 408  200724_20-08522_HIV11-02415_FL24_S18_L000_read_97_count_1    12.81%    passed     99.17%
 409  200724_20-08522_HIV11-02415_FL24_S18_L000_read_98_count_1    12.81%    passed     97.39%
 410  200724_20-08522_HIV11-02415_FL24_S18_L000_read_99_count_1    12.81%    passed     99.10%
 411  200724_20-08522_HIV11-02415_FL24_S18_L000_read_100_count_1   12.81%    passed     98.96%
 412  200724_20-08522_HIV11-02415_FL24_S18_L000_read_101_count_1   12.81%    passed     99.02%
 413  200724_20-08522_HIV11-02415_FL24_S18_L000_read_102_count_1   20.28%    passed     87.63%
 414  200724_20-08522_HIV11-02415_FL24_S18_L000_read_103_count_1   12.81%    passed     97.58%
 415  200724_20-08522_HIV11-02415_FL24_S18_L000_read_104_count_1   12.81%    passed     99.70%
 416  200724_20-08522_HIV11-02415_FL24_S18_L000_read_105_count_1   13.17%    passed     99.19%
 417  200724_20-08522_HIV11-02415_FL24_S18_L000_read_106_count_1   12.81%    passed     97.39%
 418  200724_20-08522_HIV11-02415_FL24_S18_L000_read_107_count_1   12.81%    passed     93.75%
 419  200724_20-08522_HIV11-02415_FL24_S18_L000_read_108_count_1   12.81%    passed     92.70%
 420  200724_20-08522_HIV11-02415_FL24_S18_L000_read_109_count_1   12.81%    passed     96.96%
 421  200724_20-08522_HIV11-02415_FL24_S18_L000_read_110_count_1   12.81%    passed     96.07%
 422  200724_20-08522_HIV11-02415_FL24_S18_L000_read_111_count_1   12.81%    passed     99.10%
 423  200724_20-08522_HIV11-02415_FL24_S18_L000_read_112_count_1   12.81%    passed     96.98%
 424  200724_20-08522_HIV11-02415_FL24_S18_L000_read_113_count_1   12.81%    passed     97.39%
 425  200724_20-08522_HIV11-02415_FL24_S18_L000_read_114_count_1   12.81%    passed     97.58%
 426  200724_20-08522_HIV11-02415_FL24_S18_L000_read_115_count_1   12.81%    passed     99.10%
 427  200724_20-08522_HIV11-02415_FL24_S18_L000_read_116_count_1   12.81%    passed     97.39%
 428  200724_20-08522_HIV11-02415_FL24_S18_L000_read_117_count_1   12.81%    passed     97.58%
 429  200724_20-08522_HIV11-02415_FL24_S18_L000_read_118_count_1   12.81%    passed     99.45%
 430  200724_20-08522_HIV11-02415_FL24_S18_L000_read_119_count_1   12.81%    passed     99.10%
 431  200724_20-08522_HIV11-02415_FL24_S18_L000_read_120_count_1   12.81%    passed     97.58%
 432  200724_20-08522_HIV11-02415_FL24_S18_L000_read_121_count_1   12.81%    passed     97.39%
 433  200724_20-08522_HIV11-02415_FL24_S18_L000_read_122_count_1   12.81%    passed     97.39%
 434  200724_20-08522_HIV11-02415_FL24_S18_L000_read_123_count_1   12.81%    passed     99.10%
 435  200724_20-08522_HIV11-02415_FL24_S18_L000_read_124_count_1   12.81%    passed     96.48%
 436  200724_20-08522_HIV11-02415_FL24_S18_L000_read_125_count_1   12.81%    passed     93.85%
 437  200724_20-08522_HIV11-02415_FL24_S18_L000_read_126_count_1   12.81%    passed     99.70%
 438  200724_20-08522_HIV11-02415_FL24_S18_L000_read_127_count_1   12.81%    passed     97.58%
 439  200724_20-08522_HIV11-02415_FL24_S18_L000_read_128_count_1   13.17%    passed     99.14%
 440  200724_20-08522_HIV11-02415_FL24_S18_L000_read_129_count_1   12.81%    passed     99.08%
 441  200724_20-08522_HIV11-02415_FL24_S18_L000_read_130_count_1   12.81%    passed     96.98%
 442  200724_20-08522_HIV11-02415_FL24_S18_L000_read_131_count_1   12.81%    passed     98.50%
 443  200724_20-08522_HIV11-02415_FL24_S18_L000_read_132_count_1   12.81%    passed     97.58%
 444  200724_20-08522_HIV11-02415_FL24_S18_L000_read_133_count_1   12.81%    passed     99.09%
 445  200724_20-08522_HIV11-02415_FL24_S18_L000_read_134_count_1   12.81%    passed     97.39%
 446  200724_20-08522_HIV11-02415_FL24_S18_L000_read_135_count_1   12.81%    passed     98.09%
 447  200724_20-08522_HIV11-02415_FL24_S18_L000_read_136_count_1   12.81%    passed     95.88%
 448  200724_20-08522_HIV11-02415_FL24_S18_L000_read_137_count_1   12.81%    passed     97.58%
 449  200724_20-08522_HIV11-02415_FL24_S18_L000_read_138_count_1   12.81%    passed     99.10%
 450  200724_20-08522_HIV11-02415_FL24_S18_L000_read_139_count_1   12.81%    passed     99.08%
 451  200724_20-08522_HIV11-02415_FL24_S18_L000_read_140_count_1   12.81%    passed     99.02%
 452  200724_20-08522_HIV11-02415_FL24_S18_L000_read_141_count_1   12.46%    passed     99.45%
 453  200724_20-08522_HIV11-02415_FL24_S18_L000_read_142_count_1   12.81%    passed     99.02%
 454  B.FR.83.HXB2_LAI_IIIB_BRU.K03455                             12.81%    passed     99.95%
 455  C.BW.00.00BW07621.AF443088                                   12.81%    passed     98.66%
****  TOTAL                                                        12.84%  0 sequences failed composition chi2 test (p-value<5%; df=3)
Checking for duplicate sequences: done in 0.00102753 secs using 331.8% CPU

Create initial parsimony tree by phylogenetic likelihood library (PLL)... 0.034 seconds

NOTE: 19 MB RAM (0 GB) is required!
Estimate model parameters (epsilon = 0.100)
1. Initial log-likelihood: -4181.995
2. Current log-likelihood: -4075.933
3. Current log-likelihood: -4075.550
Optimal log-likelihood: -4075.537
Rate parameters:  A-C: 0.62121  A-G: 1.11066  A-T: 0.35036  C-G: 0.25467  C-T: 2.06682  G-T: 1.00000
Base frequencies:  A: 0.416  C: 0.157  G: 0.238  T: 0.189
Site proportion and rates:  (0.107,0.150) (0.134,0.464) (0.172,0.754) (0.207,0.980) (0.221,1.226) (0.159,2.004)
Parameters optimization took 3 rounds (2.048 sec)
Wrote distance file to... 
Computing ML distances based on estimated model parameters...
Calculating distance matrix: done in 0.763271 secs using 199.9% CPU
Computing ML distances took 0.763998 sec (of wall-clock time) 1.526535 sec (of CPU time)
Setting up auxiliary I and S matrices: done in 0.0260272 secs using 184.6% CPU
Constructing RapidNJ tree: done in 0.151052 secs using 133.2% CPU
Computing RapidNJ tree took 0.177221 sec (of wall-clock time) 0.249366 sec (of CPU time)
Log-likelihood of RapidNJ tree: -4062.658
--------------------------------------------------------------------
|             INITIALIZING CANDIDATE TREE SET                      |
--------------------------------------------------------------------
Generating 98 parsimony trees... 3.995 second
Computing log-likelihood of 98 initial trees ... 3.898 seconds
Current best score: -4062.658

Do NNI search on 20 best initial trees
Optimizing NNI: done in 0.628559 secs using 197.9% CPU
Estimate model parameters (epsilon = 0.100)
BETTER TREE FOUND at iteration 1: -4046.519
Optimizing NNI: done in 0.49463 secs using 198.6% CPU
Optimizing NNI: done in 0.501081 secs using 199% CPU
Optimizing NNI: done in 0.517697 secs using 197.3% CPU
Optimizing NNI: done in 0.514341 secs using 197.2% CPU
Optimizing NNI: done in 0.486985 secs using 198.5% CPU
Optimizing NNI: done in 0.491237 secs using 198.5% CPU
Optimizing NNI: done in 0.405648 secs using 196.6% CPU
Optimizing NNI: done in 0.619408 secs using 196.2% CPU
Optimizing NNI: done in 0.606868 secs using 198.1% CPU
Iteration 10 / LogL: -4068.737 / Time: 0h:0m:19s
Optimizing NNI: done in 0.501113 secs using 199.7% CPU
Optimizing NNI: done in 0.507272 secs using 198.5% CPU
Optimizing NNI: done in 0.505979 secs using 198.7% CPU
Optimizing NNI: done in 0.513711 secs using 197.2% CPU
Optimizing NNI: done in 0.521062 secs using 199.7% CPU
Optimizing NNI: done in 0.624554 secs using 198.6% CPU
Optimizing NNI: done in 0.50996 secs using 195.6% CPU
Optimizing NNI: done in 0.593124 secs using 198.5% CPU
Optimizing NNI: done in 0.402382 secs using 198.4% CPU
Optimizing NNI: done in 0.856085 secs using 196.7% CPU
Iteration 20 / LogL: -4068.474 / Time: 0h:0m:25s
Finish initializing candidate tree set (20)
Current best tree score: -4046.519 / CPU time: 22.310
Number of iterations: 20
--------------------------------------------------------------------
|               OPTIMIZING CANDIDATE TREE SET                      |
--------------------------------------------------------------------
Optimizing NNI: done in 0.748184 secs using 198.3% CPU
Optimizing NNI: done in 0.92247 secs using 197.1% CPU
Optimizing NNI: done in 0.802261 secs using 199.2% CPU
Optimizing NNI: done in 0.623963 secs using 198.7% CPU
Optimizing NNI: done in 0.731336 secs using 198.8% CPU
Optimizing NNI: done in 0.653578 secs using 194.8% CPU
Optimizing NNI: done in 0.524659 secs using 196.8% CPU
Optimizing NNI: done in 0.775716 secs using 198.9% CPU
Optimizing NNI: done in 0.633138 secs using 198.5% CPU
Optimizing NNI: done in 0.764697 secs using 196.2% CPU
Iteration 30 / LogL: -4063.708 / Time: 0h:0m:33s (0h:1m:20s left)
Optimizing NNI: done in 0.488398 secs using 196.5% CPU
Optimizing NNI: done in 0.87736 secs using 198% CPU
Optimizing NNI: done in 0.668575 secs using 198.7% CPU
Optimizing NNI: done in 1.02686 secs using 197.3% CPU
Optimizing NNI: done in 0.919001 secs using 197.9% CPU
Optimizing NNI: done in 0.810066 secs using 199.2% CPU
Optimizing NNI: done in 0.52554 secs using 195.9% CPU
Optimizing NNI: done in 0.752995 secs using 195% CPU
Optimizing NNI: done in 0.755928 secs using 196.3% CPU
Optimizing NNI: done in 0.728253 secs using 197.7% CPU
Iteration 40 / LogL: -4047.059 / Time: 0h:0m:40s (0h:1m:4s left)
Optimizing NNI: done in 0.97421 secs using 197.2% CPU
Estimate model parameters (epsilon = 0.100)
BETTER TREE FOUND at iteration 41: -4044.112
Optimizing NNI: done in 0.814804 secs using 197.6% CPU
Optimizing NNI: done in 0.631765 secs using 194.9% CPU
Optimizing NNI: done in 0.655361 secs using 197.6% CPU
Optimizing NNI: done in 0.775363 secs using 195.9% CPU
Optimizing NNI: done in 0.766989 secs using 196.9% CPU
Optimizing NNI: done in 0.777429 secs using 196.7% CPU
Optimizing NNI: done in 0.75582 secs using 200% CPU
Optimizing NNI: done in 0.656018 secs using 199.4% CPU
Optimizing NNI: done in 0.94233 secs using 198.4% CPU
Iteration 50 / LogL: -4058.643 / Time: 0h:0m:49s (0h:1m:32s left)
Optimizing NNI: done in 0.759582 secs using 196.8% CPU
Optimizing NNI: done in 0.63692 secs using 198.6% CPU
Optimizing NNI: done in 0.780462 secs using 196.8% CPU
Optimizing NNI: done in 0.656875 secs using 196.8% CPU
Optimizing NNI: done in 0.704118 secs using 198.2% CPU
Optimizing NNI: done in 0.820129 secs using 197.5% CPU
Optimizing NNI: done in 0.758676 secs using 197.5% CPU
Estimate model parameters (epsilon = 0.100)
BETTER TREE FOUND at iteration 57: -4041.714
Optimizing NNI: done in 0.918298 secs using 198.8% CPU
Optimizing NNI: done in 1.05684 secs using 197.6% CPU
Optimizing NNI: done in 0.75794 secs using 197% CPU
Iteration 60 / LogL: -4072.551 / Time: 0h:0m:59s (0h:1m:37s left)
Optimizing NNI: done in 0.856401 secs using 198.9% CPU
Optimizing NNI: done in 0.668689 secs using 199.8% CPU
Optimizing NNI: done in 0.840558 secs using 197.5% CPU
Optimizing NNI: done in 0.741126 secs using 196% CPU
Optimizing NNI: done in 0.657111 secs using 198% CPU
Optimizing NNI: done in 0.895989 secs using 198.6% CPU
Optimizing NNI: done in 0.972513 secs using 197% CPU
Optimizing NNI: done in 0.655006 secs using 197.7% CPU
Optimizing NNI: done in 1.00947 secs using 199% CPU
Estimate model parameters (epsilon = 0.100)
BETTER TREE FOUND at iteration 69: -4040.144
Optimizing NNI: done in 0.642557 secs using 195.8% CPU
Iteration 70 / LogL: -4046.770 / Time: 0h:1m:8s (0h:1m:37s left)
Optimizing NNI: done in 0.730963 secs using 196.8% CPU
Optimizing NNI: done in 0.735382 secs using 197.3% CPU
Optimizing NNI: done in 0.94959 secs using 198.1% CPU
Optimizing NNI: done in 0.753411 secs using 196.6% CPU
Optimizing NNI: done in 0.839721 secs using 197.1% CPU
Optimizing NNI: done in 0.830041 secs using 198.7% CPU
Optimizing NNI: done in 0.81836 secs using 197.2% CPU
Optimizing NNI: done in 0.638176 secs using 197.7% CPU
Optimizing NNI: done in 0.758522 secs using 200.2% CPU
Optimizing NNI: done in 0.777056 secs using 197.2% CPU
Iteration 80 / LogL: -4062.680 / Time: 0h:1m:16s (0h:1m:25s left)
Optimizing NNI: done in 0.663085 secs using 198.3% CPU
Optimizing NNI: done in 0.790569 secs using 196.6% CPU
Optimizing NNI: done in 0.96337 secs using 197.5% CPU
Optimizing NNI: done in 0.679461 secs using 198.3% CPU
Optimizing NNI: done in 0.754329 secs using 195.9% CPU
Optimizing NNI: done in 0.787244 secs using 195.5% CPU
Optimizing NNI: done in 0.684259 secs using 197% CPU
Optimizing NNI: done in 0.54334 secs using 197.1% CPU
Optimizing NNI: done in 0.534784 secs using 197.2% CPU
Optimizing NNI: done in 0.768721 secs using 197.8% CPU
Iteration 90 / LogL: -4048.157 / Time: 0h:1m:23s (0h:1m:14s left)
Optimizing NNI: done in 0.928946 secs using 197.7% CPU
Optimizing NNI: done in 0.821122 secs using 195.4% CPU
Optimizing NNI: done in 0.655228 secs using 197.6% CPU
Optimizing NNI: done in 0.696856 secs using 198.7% CPU
Optimizing NNI: done in 0.771198 secs using 199% CPU
Optimizing NNI: done in 0.636958 secs using 199.2% CPU
Optimizing NNI: done in 0.932133 secs using 198.2% CPU
Optimizing NNI: done in 0.352575 secs using 199.7% CPU
Optimizing NNI: done in 0.817294 secs using 199.8% CPU
Optimizing NNI: done in 0.663192 secs using 194.6% CPU
Iteration 100 / LogL: -4044.840 / Time: 0h:1m:31s (0h:1m:3s left)
Optimizing NNI: done in 0.72889 secs using 197.6% CPU
Optimizing NNI: done in 0.843932 secs using 195.3% CPU
Optimizing NNI: done in 0.844171 secs using 198.5% CPU
Optimizing NNI: done in 0.540008 secs using 196.3% CPU
Optimizing NNI: done in 0.543519 secs using 198.6% CPU
Optimizing NNI: done in 0.821574 secs using 197.3% CPU
Optimizing NNI: done in 0.641841 secs using 197.1% CPU
Optimizing NNI: done in 0.665507 secs using 198.5% CPU
Optimizing NNI: done in 0.552987 secs using 197.6% CPU
Optimizing NNI: done in 0.906156 secs using 195.3% CPU
Iteration 110 / LogL: -4042.384 / Time: 0h:1m:38s (0h:0m:53s left)
Optimizing NNI: done in 0.635782 secs using 198.1% CPU
Optimizing NNI: done in 0.601444 secs using 197% CPU
Optimizing NNI: done in 0.907987 secs using 198.7% CPU
Optimizing NNI: done in 0.682787 secs using 196.6% CPU
Optimizing NNI: done in 0.521902 secs using 198.1% CPU
Optimizing NNI: done in 0.702105 secs using 195.7% CPU
Optimizing NNI: done in 0.765456 secs using 196.1% CPU
Optimizing NNI: done in 0.864689 secs using 196.2% CPU
Optimizing NNI: done in 0.855712 secs using 198.1% CPU
Optimizing NNI: done in 0.788357 secs using 196.9% CPU
Iteration 120 / LogL: -4053.813 / Time: 0h:1m:46s (0h:0m:43s left)
Optimizing NNI: done in 0.650751 secs using 197.1% CPU
Optimizing NNI: done in 0.814395 secs using 198.6% CPU
Optimizing NNI: done in 0.829726 secs using 196.8% CPU
Optimizing NNI: done in 0.642995 secs using 198.8% CPU
Optimizing NNI: done in 0.879222 secs using 198.2% CPU
Optimizing NNI: done in 0.876712 secs using 199.9% CPU
Optimizing NNI: done in 0.938546 secs using 198.8% CPU
Estimate model parameters (epsilon = 0.100)
BETTER TREE FOUND at iteration 127: -4039.906
Optimizing NNI: done in 0.669949 secs using 199.7% CPU
Optimizing NNI: done in 0.971651 secs using 197.5% CPU
Optimizing NNI: done in 0.769156 secs using 196.7% CPU
Iteration 130 / LogL: -4051.758 / Time: 0h:1m:55s (0h:1m:27s left)
Optimizing NNI: done in 1.03653 secs using 195.7% CPU
Optimizing NNI: done in 0.539908 secs using 196.2% CPU
Optimizing NNI: done in 0.93814 secs using 195.9% CPU
Optimizing NNI: done in 0.940252 secs using 196.5% CPU
Optimizing NNI: done in 0.646424 secs using 197.7% CPU
Optimizing NNI: done in 1.0084 secs using 196.3% CPU
Optimizing NNI: done in 0.544315 secs using 199.2% CPU
Optimizing NNI: done in 0.772441 secs using 198.3% CPU
Optimizing NNI: done in 0.961173 secs using 199.9% CPU
Optimizing NNI: done in 0.804787 secs using 197.4% CPU
Iteration 140 / LogL: -4045.770 / Time: 0h:2m:4s (0h:1m:17s left)
Optimizing NNI: done in 0.960058 secs using 197.4% CPU
Optimizing NNI: done in 0.850114 secs using 197.8% CPU
Optimizing NNI: done in 0.784552 secs using 196.8% CPU
Optimizing NNI: done in 0.972967 secs using 197.4% CPU
Estimate model parameters (epsilon = 0.100)
BETTER TREE FOUND at iteration 144: -4039.348
Optimizing NNI: done in 0.935462 secs using 196.1% CPU
Optimizing NNI: done in 0.777125 secs using 197.2% CPU
Optimizing NNI: done in 0.725567 secs using 198.1% CPU
Optimizing NNI: done in 0.683976 secs using 197% CPU
Optimizing NNI: done in 0.644688 secs using 197.4% CPU
Optimizing NNI: done in 0.913904 secs using 198.9% CPU
Iteration 150 / LogL: -4040.637 / Time: 0h:2m:13s (0h:1m:24s left)
Optimizing NNI: done in 1.0232 secs using 197.7% CPU
Optimizing NNI: done in 0.881503 secs using 198.4% CPU
Optimizing NNI: done in 0.973041 secs using 198.2% CPU
Optimizing NNI: done in 0.915193 secs using 199.2% CPU
Optimizing NNI: done in 0.684108 secs using 199.4% CPU
Optimizing NNI: done in 0.802716 secs using 196.1% CPU
Optimizing NNI: done in 0.791553 secs using 197.5% CPU
Optimizing NNI: done in 0.788808 secs using 197.8% CPU
Optimizing NNI: done in 0.659798 secs using 196.4% CPU
Optimizing NNI: done in 1.08513 secs using 196.9% CPU
Iteration 160 / LogL: -4040.071 / Time: 0h:2m:22s (0h:1m:15s left)
Optimizing NNI: done in 0.498899 secs using 199.4% CPU
Optimizing NNI: done in 0.792231 secs using 196.9% CPU
Optimizing NNI: done in 0.705221 secs using 197.5% CPU
Optimizing NNI: done in 0.676577 secs using 198.7% CPU
Optimizing NNI: done in 0.920756 secs using 197.3% CPU
Estimate model parameters (epsilon = 0.100)
BETTER TREE FOUND at iteration 165: -4039.302
Optimizing NNI: done in 0.544252 secs using 198.5% CPU
Optimizing NNI: done in 0.806802 secs using 197.6% CPU
Optimizing NNI: done in 0.793729 secs using 199.7% CPU
Optimizing NNI: done in 0.717731 secs using 196.3% CPU
Optimizing NNI: done in 1.03848 secs using 197.4% CPU
Iteration 170 / LogL: -4044.536 / Time: 0h:2m:30s (0h:1m:24s left)
Optimizing NNI: done in 0.726279 secs using 197.4% CPU
Optimizing NNI: done in 0.765975 secs using 197.6% CPU
Optimizing NNI: done in 0.767909 secs using 197.4% CPU
Optimizing NNI: done in 0.894643 secs using 197.4% CPU
Optimizing NNI: done in 0.54669 secs using 200.2% CPU
Optimizing NNI: done in 0.77763 secs using 197.2% CPU
Optimizing NNI: done in 0.870137 secs using 197% CPU
Optimizing NNI: done in 0.843108 secs using 197.2% CPU
Optimizing NNI: done in 0.762443 secs using 196% CPU
Optimizing NNI: done in 0.825708 secs using 197.3% CPU
Iteration 180 / LogL: -4045.965 / Time: 0h:2m:38s (0h:1m:15s left)
Optimizing NNI: done in 0.833832 secs using 198.2% CPU
Optimizing NNI: done in 0.92771 secs using 197.8% CPU
Optimizing NNI: done in 0.673054 secs using 198% CPU
Optimizing NNI: done in 0.679564 secs using 195.9% CPU
Optimizing NNI: done in 0.883371 secs using 197.8% CPU
Optimizing NNI: done in 0.872333 secs using 197.6% CPU
Optimizing NNI: done in 0.70376 secs using 196.6% CPU
Optimizing NNI: done in 0.770885 secs using 199% CPU
Optimizing NNI: done in 0.794801 secs using 196.6% CPU
Optimizing NNI: done in 0.897066 secs using 198.1% CPU
Iteration 190 / LogL: -4048.040 / Time: 0h:2m:47s (0h:1m:6s left)
Optimizing NNI: done in 0.662327 secs using 196.6% CPU
Optimizing NNI: done in 0.621701 secs using 195.2% CPU
Optimizing NNI: done in 0.775799 secs using 197.4% CPU
Optimizing NNI: done in 0.684814 secs using 197.4% CPU
Optimizing NNI: done in 0.791655 secs using 197.5% CPU
Optimizing NNI: done in 0.644637 secs using 196.7% CPU
Optimizing NNI: done in 0.622247 secs using 197% CPU
Optimizing NNI: done in 0.979231 secs using 195.1% CPU
Optimizing NNI: done in 0.90474 secs using 195.5% CPU
Optimizing NNI: done in 1.05068 secs using 197% CPU
Iteration 200 / LogL: -4044.959 / Time: 0h:2m:55s (0h:0m:57s left)
Optimizing NNI: done in 0.806548 secs using 199.1% CPU
Optimizing NNI: done in 0.937344 secs using 197.7% CPU
Optimizing NNI: done in 0.723186 secs using 197.8% CPU
Optimizing NNI: done in 0.880073 secs using 197.2% CPU
Optimizing NNI: done in 0.735766 secs using 196.2% CPU
Optimizing NNI: done in 0.615371 secs using 194.8% CPU
Optimizing NNI: done in 0.748214 secs using 198.3% CPU
Optimizing NNI: done in 0.694986 secs using 198.4% CPU
Optimizing NNI: done in 0.79969 secs using 196.9% CPU
Optimizing NNI: done in 0.632933 secs using 198.5% CPU
Iteration 210 / LogL: -4048.608 / Time: 0h:3m:3s (0h:0m:48s left)
Optimizing NNI: done in 0.934475 secs using 196.3% CPU
Optimizing NNI: done in 0.58177 secs using 196.9% CPU
Optimizing NNI: done in 0.784039 secs using 196.9% CPU
Optimizing NNI: done in 0.761517 secs using 198.1% CPU
Optimizing NNI: done in 0.665398 secs using 198.5% CPU
Optimizing NNI: done in 0.753693 secs using 196.5% CPU
Optimizing NNI: done in 0.74679 secs using 199% CPU
Optimizing NNI: done in 0.844947 secs using 197.9% CPU
Optimizing NNI: done in 0.9501 secs using 197.6% CPU
Optimizing NNI: done in 0.696414 secs using 198.1% CPU
Iteration 220 / LogL: -4044.797 / Time: 0h:3m:11s (0h:0m:39s left)
Optimizing NNI: done in 0.817489 secs using 195.7% CPU
Optimizing NNI: done in 0.810697 secs using 195.1% CPU
Optimizing NNI: done in 0.759019 secs using 195.8% CPU
Optimizing NNI: done in 0.878748 secs using 197.3% CPU
Optimizing NNI: done in 1.14877 secs using 197.8% CPU
Optimizing NNI: done in 0.713525 secs using 196.3% CPU
Optimizing NNI: done in 0.747684 secs using 197.3% CPU
Optimizing NNI: done in 0.715507 secs using 197.2% CPU
Optimizing NNI: done in 0.927828 secs using 198.7% CPU
Optimizing NNI: done in 0.960069 secs using 197.9% CPU
Iteration 230 / LogL: -4040.544 / Time: 0h:3m:19s (0h:0m:30s left)
Optimizing NNI: done in 0.816664 secs using 197.9% CPU
Optimizing NNI: done in 0.825267 secs using 199.3% CPU
Estimate model parameters (epsilon = 0.100)
BETTER TREE FOUND at iteration 232: -4038.317
Optimizing NNI: done in 0.8797 secs using 199.1% CPU
Optimizing NNI: done in 1.05622 secs using 198.4% CPU
Optimizing NNI: done in 0.898996 secs using 196.5% CPU
Optimizing NNI: done in 0.834628 secs using 197.7% CPU
Optimizing NNI: done in 0.812644 secs using 195.5% CPU
Optimizing NNI: done in 0.944684 secs using 196.1% CPU
Optimizing NNI: done in 0.71554 secs using 196.6% CPU
Optimizing NNI: done in 0.926051 secs using 197.9% CPU
Iteration 240 / LogL: -4077.427 / Time: 0h:3m:29s (0h:1m:20s left)
Optimizing NNI: done in 0.81148 secs using 198% CPU
Optimizing NNI: done in 0.68349 secs using 199.5% CPU
Optimizing NNI: done in 0.720575 secs using 197.6% CPU
Optimizing NNI: done in 0.845015 secs using 197.5% CPU
Optimizing NNI: done in 0.805146 secs using 197.4% CPU
Optimizing NNI: done in 0.792365 secs using 197.9% CPU
Optimizing NNI: done in 0.789863 secs using 198.2% CPU
Optimizing NNI: done in 1.10401 secs using 196.3% CPU
Optimizing NNI: done in 1.06518 secs using 197.2% CPU
Optimizing NNI: done in 0.799776 secs using 198% CPU
Iteration 250 / LogL: -4042.718 / Time: 0h:3m:38s (0h:1m:11s left)
Optimizing NNI: done in 0.706887 secs using 198.4% CPU
Optimizing NNI: done in 0.923081 secs using 197% CPU
Optimizing NNI: done in 0.724342 secs using 196.6% CPU
Optimizing NNI: done in 0.702338 secs using 197.3% CPU
Optimizing NNI: done in 0.669271 secs using 198.5% CPU
Optimizing NNI: done in 0.816772 secs using 197% CPU
Optimizing NNI: done in 0.788368 secs using 199.3% CPU
Optimizing NNI: done in 1.00252 secs using 197.3% CPU
Optimizing NNI: done in 0.674824 secs using 199% CPU
Optimizing NNI: done in 0.812312 secs using 197.4% CPU
Iteration 260 / LogL: -4044.948 / Time: 0h:3m:46s (0h:1m:3s left)
Optimizing NNI: done in 0.341025 secs using 198.5% CPU
Optimizing NNI: done in 0.721682 secs using 199.7% CPU
Optimizing NNI: done in 0.684293 secs using 197% CPU
Optimizing NNI: done in 0.80102 secs using 197.3% CPU
Optimizing NNI: done in 0.966076 secs using 198.1% CPU
Optimizing NNI: done in 0.715773 secs using 196.6% CPU
Optimizing NNI: done in 0.717316 secs using 199.7% CPU
Optimizing NNI: done in 0.781219 secs using 198.7% CPU
Optimizing NNI: done in 1.05288 secs using 198.3% CPU
Optimizing NNI: done in 1.10003 secs using 197% CPU
Iteration 270 / LogL: -4041.289 / Time: 0h:3m:54s (0h:0m:54s left)
Optimizing NNI: done in 0.842827 secs using 198.1% CPU
Optimizing NNI: done in 0.574777 secs using 199.4% CPU
Optimizing NNI: done in 0.963815 secs using 199.5% CPU
Optimizing NNI: done in 0.700263 secs using 197.6% CPU
Optimizing NNI: done in 0.833793 secs using 196.8% CPU
Optimizing NNI: done in 0.71425 secs using 197.9% CPU
Optimizing NNI: done in 0.92583 secs using 197.1% CPU
Optimizing NNI: done in 0.950478 secs using 195.9% CPU
Optimizing NNI: done in 0.680239 secs using 199.3% CPU
Optimizing NNI: done in 0.933288 secs using 197.3% CPU
Estimate model parameters (epsilon = 0.100)
BETTER TREE FOUND at iteration 280: -4037.757
Iteration 280 / LogL: -4037.757 / Time: 0h:4m:4s (0h:1m:27s left)
Optimizing NNI: done in 0.961301 secs using 196.5% CPU
Optimizing NNI: done in 0.691886 secs using 196.5% CPU
Optimizing NNI: done in 1.09208 secs using 199.2% CPU
Optimizing NNI: done in 0.840278 secs using 198% CPU
BETTER TREE FOUND at iteration 284: -4037.756
Optimizing NNI: done in 0.79357 secs using 197.2% CPU
Optimizing NNI: done in 0.749672 secs using 198.6% CPU
Optimizing NNI: done in 0.927813 secs using 196.5% CPU
Optimizing NNI: done in 0.693437 secs using 197.4% CPU
Optimizing NNI: done in 0.808399 secs using 197.4% CPU
Optimizing NNI: done in 0.773187 secs using 197.2% CPU
Iteration 290 / LogL: -4039.531 / Time: 0h:4m:12s (0h:1m:22s left)
Optimizing NNI: done in 0.729425 secs using 197.6% CPU
Optimizing NNI: done in 0.919257 secs using 197.4% CPU
Optimizing NNI: done in 0.798679 secs using 199.1% CPU
Optimizing NNI: done in 0.810902 secs using 198.1% CPU
Optimizing NNI: done in 0.672731 secs using 197.5% CPU
Optimizing NNI: done in 0.685483 secs using 198% CPU
Optimizing NNI: done in 0.821067 secs using 197.9% CPU
Optimizing NNI: done in 0.894326 secs using 196.1% CPU
Optimizing NNI: done in 0.706594 secs using 199.5% CPU
Optimizing NNI: done in 1.07154 secs using 198.5% CPU
Iteration 300 / LogL: -4043.707 / Time: 0h:4m:21s (0h:1m:13s left)
Optimizing NNI: done in 0.847863 secs using 198.5% CPU
Optimizing NNI: done in 0.793301 secs using 198.3% CPU
BETTER TREE FOUND at iteration 302: -4037.756
Optimizing NNI: done in 0.967483 secs using 198% CPU
Optimizing NNI: done in 0.698971 secs using 197.2% CPU
Optimizing NNI: done in 0.870798 secs using 196% CPU
Optimizing NNI: done in 0.515379 secs using 197% CPU
Optimizing NNI: done in 1.11925 secs using 197.9% CPU
Optimizing NNI: done in 0.70465 secs using 197.6% CPU
Optimizing NNI: done in 0.856927 secs using 194.7% CPU
Optimizing NNI: done in 0.732376 secs using 197.2% CPU
Iteration 310 / LogL: -4046.300 / Time: 0h:4m:29s (0h:1m:20s left)
Optimizing NNI: done in 0.732374 secs using 197.7% CPU
Optimizing NNI: done in 0.964211 secs using 197% CPU
Optimizing NNI: done in 0.797815 secs using 197.2% CPU
Optimizing NNI: done in 0.810695 secs using 199.1% CPU
Optimizing NNI: done in 0.836955 secs using 197.9% CPU
Optimizing NNI: done in 0.814039 secs using 194.7% CPU
Optimizing NNI: done in 0.70399 secs using 196% CPU
Optimizing NNI: done in 0.699929 secs using 197.7% CPU
Optimizing NNI: done in 0.797453 secs using 196.2% CPU
Optimizing NNI: done in 0.820402 secs using 197% CPU
Iteration 320 / LogL: -4053.067 / Time: 0h:4m:37s (0h:1m:11s left)
Optimizing NNI: done in 0.713039 secs using 195.8% CPU
Optimizing NNI: done in 0.684808 secs using 198% CPU
Optimizing NNI: done in 0.728533 secs using 197.6% CPU
Optimizing NNI: done in 0.917987 secs using 198.9% CPU
Optimizing NNI: done in 0.872037 secs using 196.3% CPU
Optimizing NNI: done in 0.790724 secs using 197% CPU
Optimizing NNI: done in 0.579449 secs using 197.3% CPU
Optimizing NNI: done in 0.809644 secs using 198.2% CPU
Optimizing NNI: done in 0.774743 secs using 198.1% CPU
Optimizing NNI: done in 0.849506 secs using 197.4% CPU
Iteration 330 / LogL: -4043.997 / Time: 0h:4m:45s (0h:1m:2s left)
Optimizing NNI: done in 0.749846 secs using 197.6% CPU
Optimizing NNI: done in 0.800503 secs using 197.4% CPU
Optimizing NNI: done in 1.09494 secs using 199% CPU
Optimizing NNI: done in 0.688442 secs using 197.6% CPU
Optimizing NNI: done in 0.684691 secs using 196.3% CPU
Optimizing NNI: done in 0.892214 secs using 197.2% CPU
Optimizing NNI: done in 0.854152 secs using 196.9% CPU
Optimizing NNI: done in 0.858388 secs using 199.2% CPU
Optimizing NNI: done in 0.713459 secs using 198% CPU
Optimizing NNI: done in 0.834537 secs using 196.3% CPU
Iteration 340 / LogL: -4043.710 / Time: 0h:4m:54s (0h:0m:53s left)
Optimizing NNI: done in 0.711552 secs using 197.8% CPU
Optimizing NNI: done in 0.717082 secs using 198.7% CPU
Optimizing NNI: done in 0.907659 secs using 198.2% CPU
Optimizing NNI: done in 0.860822 secs using 198.5% CPU
Optimizing NNI: done in 0.674255 secs using 196.7% CPU
Optimizing NNI: done in 0.858333 secs using 197.3% CPU
Optimizing NNI: done in 0.959415 secs using 196.7% CPU
Estimate model parameters (epsilon = 0.100)
BETTER TREE FOUND at iteration 347: -4036.671
Optimizing NNI: done in 0.956827 secs using 197.3% CPU
Optimizing NNI: done in 0.836929 secs using 197.5% CPU
Optimizing NNI: done in 0.716199 secs using 196% CPU
Iteration 350 / LogL: -4045.467 / Time: 0h:5m:3s (0h:1m:24s left)
Optimizing NNI: done in 0.742634 secs using 198% CPU
Optimizing NNI: done in 0.707257 secs using 195.5% CPU
Optimizing NNI: done in 0.872557 secs using 197.6% CPU
Optimizing NNI: done in 0.823154 secs using 198.6% CPU
Optimizing NNI: done in 0.827439 secs using 197.6% CPU
Optimizing NNI: done in 0.809223 secs using 198.3% CPU
Optimizing NNI: done in 0.954436 secs using 198% CPU
Optimizing NNI: done in 0.753159 secs using 197.1% CPU
Optimizing NNI: done in 1.09308 secs using 195.4% CPU
Optimizing NNI: done in 0.583227 secs using 197.3% CPU
Iteration 360 / LogL: -4036.673 / Time: 0h:5m:12s (0h:1m:15s left)
Optimizing NNI: done in 0.83918 secs using 194.3% CPU
Optimizing NNI: done in 0.725065 secs using 196.5% CPU
Optimizing NNI: done in 0.698962 secs using 198.3% CPU
Optimizing NNI: done in 0.705179 secs using 196.4% CPU
Optimizing NNI: done in 0.950022 secs using 198.5% CPU
Optimizing NNI: done in 0.807375 secs using 199% CPU
Optimizing NNI: done in 0.734726 secs using 198.5% CPU
Optimizing NNI: done in 0.936452 secs using 198.2% CPU
Optimizing NNI: done in 0.977763 secs using 196.9% CPU
Optimizing NNI: done in 0.742573 secs using 197.4% CPU
Iteration 370 / LogL: -4039.057 / Time: 0h:5m:20s (0h:1m:6s left)
Optimizing NNI: done in 0.783996 secs using 198.4% CPU
Optimizing NNI: done in 0.595298 secs using 198.1% CPU
Optimizing NNI: done in 0.851397 secs using 198.6% CPU
Optimizing NNI: done in 1.05074 secs using 199% CPU
Optimizing NNI: done in 0.856775 secs using 197.1% CPU
Optimizing NNI: done in 0.698587 secs using 196.2% CPU
Optimizing NNI: done in 0.701209 secs using 196.9% CPU
Optimizing NNI: done in 0.713015 secs using 198.1% CPU
Optimizing NNI: done in 0.936621 secs using 196.1% CPU
Optimizing NNI: done in 0.833068 secs using 195.5% CPU
Iteration 380 / LogL: -4036.673 / Time: 0h:5m:29s (0h:0m:58s left)
Optimizing NNI: done in 0.754123 secs using 198.1% CPU
Optimizing NNI: done in 0.570549 secs using 196.7% CPU
Optimizing NNI: done in 1.06504 secs using 198.3% CPU
Optimizing NNI: done in 0.826344 secs using 199.2% CPU
Optimizing NNI: done in 0.937767 secs using 197.2% CPU
Optimizing NNI: done in 0.848196 secs using 198.5% CPU
Optimizing NNI: done in 0.868698 secs using 198% CPU
Optimizing NNI: done in 0.756078 secs using 198.4% CPU
Optimizing NNI: done in 0.889462 secs using 196.7% CPU
Optimizing NNI: done in 0.699197 secs using 197.2% CPU
Iteration 390 / LogL: -4046.976 / Time: 0h:5m:37s (0h:0m:49s left)
Optimizing NNI: done in 0.887463 secs using 198.2% CPU
Optimizing NNI: done in 0.849047 secs using 195.1% CPU
Optimizing NNI: done in 0.962649 secs using 196.7% CPU
Optimizing NNI: done in 0.832047 secs using 196.1% CPU
Optimizing NNI: done in 0.842456 secs using 196.3% CPU
Optimizing NNI: done in 0.799383 secs using 197% CPU
Optimizing NNI: done in 0.782672 secs using 198.1% CPU
Optimizing NNI: done in 0.71645 secs using 198.7% CPU
Optimizing NNI: done in 0.555448 secs using 199.4% CPU
Optimizing NNI: done in 0.729234 secs using 195.4% CPU
Estimate model parameters (epsilon = 0.100)
BETTER TREE FOUND at iteration 400: -4036.570
Iteration 400 / LogL: -4036.570 / Time: 0h:5m:46s (0h:1m:26s left)
Optimizing NNI: done in 0.690923 secs using 197.2% CPU
Optimizing NNI: done in 1.04644 secs using 197.8% CPU
Optimizing NNI: done in 0.921936 secs using 198% CPU
Optimizing NNI: done in 0.943072 secs using 197.9% CPU
Optimizing NNI: done in 0.739928 secs using 197.8% CPU
Optimizing NNI: done in 0.905066 secs using 198% CPU
Optimizing NNI: done in 0.733077 secs using 196.5% CPU
Optimizing NNI: done in 0.935143 secs using 197.5% CPU
Optimizing NNI: done in 0.995549 secs using 198.4% CPU
Optimizing NNI: done in 0.681397 secs using 197.4% CPU
Iteration 410 / LogL: -4058.049 / Time: 0h:5m:55s (0h:1m:18s left)
Optimizing NNI: done in 0.785105 secs using 196.3% CPU
Optimizing NNI: done in 0.866427 secs using 197.8% CPU
Optimizing NNI: done in 0.701381 secs using 199.2% CPU
Optimizing NNI: done in 0.789213 secs using 197.3% CPU
Optimizing NNI: done in 0.996263 secs using 199.1% CPU
Optimizing NNI: done in 1.31726 secs using 197.1% CPU
Optimizing NNI: done in 0.890061 secs using 198.4% CPU
Optimizing NNI: done in 0.669478 secs using 199.7% CPU
Optimizing NNI: done in 0.867855 secs using 196.8% CPU
Optimizing NNI: done in 0.788863 secs using 197.3% CPU
Iteration 420 / LogL: -4044.083 / Time: 0h:6m:4s (0h:1m:9s left)
Optimizing NNI: done in 0.731505 secs using 197.8% CPU
Optimizing NNI: done in 0.907635 secs using 198.7% CPU
Optimizing NNI: done in 0.903919 secs using 196.9% CPU
Optimizing NNI: done in 0.866332 secs using 198.3% CPU
Optimizing NNI: done in 0.895781 secs using 198.6% CPU
Optimizing NNI: done in 0.694285 secs using 199.6% CPU
Optimizing NNI: done in 0.864307 secs using 197.6% CPU
Estimate model parameters (epsilon = 0.100)
BETTER TREE FOUND at iteration 427: -4033.472
Optimizing NNI: done in 0.704317 secs using 197.6% CPU
Optimizing NNI: done in 0.694867 secs using 196.7% CPU
Optimizing NNI: done in 0.956025 secs using 198.7% CPU
Iteration 430 / LogL: -4053.841 / Time: 0h:6m:13s (0h:1m:24s left)
Optimizing NNI: done in 0.64466 secs using 194.8% CPU
Optimizing NNI: done in 0.590099 secs using 196.9% CPU
Optimizing NNI: done in 0.883553 secs using 198.7% CPU
Optimizing NNI: done in 0.67929 secs using 195.3% CPU
Optimizing NNI: done in 0.8103 secs using 198.6% CPU
Optimizing NNI: done in 0.664201 secs using 198.1% CPU
Optimizing NNI: done in 0.671307 secs using 196.4% CPU
Optimizing NNI: done in 1.10899 secs using 198.8% CPU
Optimizing NNI: done in 0.882721 secs using 196.4% CPU
Optimizing NNI: done in 0.76013 secs using 198.9% CPU
Iteration 440 / LogL: -4036.068 / Time: 0h:6m:21s (0h:1m:15s left)
Optimizing NNI: done in 0.706128 secs using 197.9% CPU
Optimizing NNI: done in 1.03445 secs using 198.9% CPU
Optimizing NNI: done in 0.696842 secs using 196.9% CPU
Optimizing NNI: done in 0.718112 secs using 196.9% CPU
Optimizing NNI: done in 1.03691 secs using 196.4% CPU
Optimizing NNI: done in 0.669058 secs using 197.9% CPU
Optimizing NNI: done in 0.955163 secs using 197.5% CPU
Optimizing NNI: done in 0.667277 secs using 198.8% CPU
Optimizing NNI: done in 0.744508 secs using 197.2% CPU
Optimizing NNI: done in 0.80209 secs using 196.2% CPU
Iteration 450 / LogL: -4043.129 / Time: 0h:6m:30s (0h:1m:6s left)
Optimizing NNI: done in 0.794869 secs using 197% CPU
Optimizing NNI: done in 0.679565 secs using 196.5% CPU
Optimizing NNI: done in 0.87386 secs using 197% CPU
Optimizing NNI: done in 0.841267 secs using 196.5% CPU
Optimizing NNI: done in 0.649587 secs using 199% CPU
Optimizing NNI: done in 0.961497 secs using 198.1% CPU
Optimizing NNI: done in 0.757953 secs using 197.6% CPU
Optimizing NNI: done in 0.711181 secs using 196.1% CPU
Optimizing NNI: done in 0.654597 secs using 197.7% CPU
Optimizing NNI: done in 0.679884 secs using 198.2% CPU
Iteration 460 / LogL: -4045.991 / Time: 0h:6m:38s (0h:0m:58s left)
Optimizing NNI: done in 0.81402 secs using 198.2% CPU
Optimizing NNI: done in 0.68364 secs using 198.2% CPU
Optimizing NNI: done in 0.887684 secs using 199% CPU
Optimizing NNI: done in 0.514197 secs using 199.5% CPU
Optimizing NNI: done in 0.847538 secs using 196.7% CPU
Optimizing NNI: done in 0.741355 secs using 198.7% CPU
Optimizing NNI: done in 0.841073 secs using 197.4% CPU
Optimizing NNI: done in 0.668935 secs using 198.6% CPU
Optimizing NNI: done in 0.730004 secs using 198.6% CPU
Optimizing NNI: done in 0.811028 secs using 198.6% CPU
Iteration 470 / LogL: -4040.195 / Time: 0h:6m:45s (0h:0m:49s left)
Optimizing NNI: done in 0.684973 secs using 197.5% CPU
Optimizing NNI: done in 1.01091 secs using 198.1% CPU
Optimizing NNI: done in 0.748582 secs using 197.2% CPU
Optimizing NNI: done in 0.651858 secs using 196.3% CPU
Optimizing NNI: done in 0.56599 secs using 198.9% CPU
Optimizing NNI: done in 0.683254 secs using 196.5% CPU
Optimizing NNI: done in 0.78658 secs using 198.1% CPU
Optimizing NNI: done in 0.976801 secs using 199% CPU
Optimizing NNI: done in 0.714711 secs using 195.1% CPU
Optimizing NNI: done in 1.08685 secs using 199% CPU
Iteration 480 / LogL: -4037.669 / Time: 0h:6m:54s (0h:0m:40s left)
Optimizing NNI: done in 0.720215 secs using 196.6% CPU
Optimizing NNI: done in 0.765705 secs using 198.2% CPU
Optimizing NNI: done in 0.833126 secs using 198.9% CPU
BETTER TREE FOUND at iteration 483: -4033.472
Optimizing NNI: done in 0.72747 secs using 198.4% CPU
Optimizing NNI: done in 1.07322 secs using 196.5% CPU
Optimizing NNI: done in 0.714598 secs using 196.2% CPU
Optimizing NNI: done in 0.986322 secs using 197.3% CPU
Optimizing NNI: done in 0.953594 secs using 197.6% CPU
Optimizing NNI: done in 0.850752 secs using 198.7% CPU
Optimizing NNI: done in 0.702814 secs using 197.3% CPU
Iteration 490 / LogL: -4044.922 / Time: 0h:7m:2s (0h:1m:20s left)
Optimizing NNI: done in 0.768183 secs using 196.3% CPU
BETTER TREE FOUND at iteration 491: -4033.472
Optimizing NNI: done in 0.936414 secs using 196.9% CPU
Optimizing NNI: done in 0.683494 secs using 195.9% CPU
Optimizing NNI: done in 0.637504 secs using 197.8% CPU
BETTER TREE FOUND at iteration 494: -4033.471
Optimizing NNI: done in 0.79388 secs using 198.6% CPU
Optimizing NNI: done in 0.638841 secs using 198.9% CPU
Optimizing NNI: done in 0.789216 secs using 198.8% CPU
Optimizing NNI: done in 0.691574 secs using 199.4% CPU
Optimizing NNI: done in 0.91504 secs using 198.3% CPU
Optimizing NNI: done in 0.556653 secs using 198.3% CPU
Iteration 500 / LogL: -4059.113 / Time: 0h:7m:10s (0h:1m:21s left)
Optimizing NNI: done in 0.770663 secs using 199.6% CPU
Optimizing NNI: done in 0.847166 secs using 197.7% CPU
Optimizing NNI: done in 0.655686 secs using 198.8% CPU
Optimizing NNI: done in 0.896348 secs using 198.6% CPU
Optimizing NNI: done in 0.804288 secs using 197.9% CPU
Optimizing NNI: done in 0.663436 secs using 198.2% CPU
Optimizing NNI: done in 0.732195 secs using 197.8% CPU
Optimizing NNI: done in 0.77415 secs using 197.1% CPU
Optimizing NNI: done in 0.801568 secs using 198.2% CPU
Optimizing NNI: done in 0.795753 secs using 200% CPU
Iteration 510 / LogL: -4033.472 / Time: 0h:7m:18s (0h:1m:12s left)
Optimizing NNI: done in 0.786418 secs using 198.6% CPU
Optimizing NNI: done in 0.769369 secs using 199.2% CPU
Optimizing NNI: done in 0.559955 secs using 199.2% CPU
Optimizing NNI: done in 0.856886 secs using 198% CPU
Optimizing NNI: done in 0.705764 secs using 198.5% CPU
Optimizing NNI: done in 0.91876 secs using 197.5% CPU
Optimizing NNI: done in 0.747926 secs using 195.2% CPU
Optimizing NNI: done in 0.653257 secs using 196.7% CPU
Optimizing NNI: done in 0.891234 secs using 198.3% CPU
Optimizing NNI: done in 0.559044 secs using 199.4% CPU
Iteration 520 / LogL: -4044.220 / Time: 0h:7m:26s (0h:1m:3s left)
Optimizing NNI: done in 0.795847 secs using 197.9% CPU
Optimizing NNI: done in 0.685583 secs using 196.3% CPU
Optimizing NNI: done in 0.793221 secs using 196.8% CPU
Optimizing NNI: done in 0.774991 secs using 198% CPU
Optimizing NNI: done in 0.796768 secs using 197.9% CPU
Optimizing NNI: done in 0.650446 secs using 199.5% CPU
Optimizing NNI: done in 0.923284 secs using 198.3% CPU
Optimizing NNI: done in 0.926289 secs using 198% CPU
Optimizing NNI: done in 0.684312 secs using 198.7% CPU
Optimizing NNI: done in 0.659422 secs using 196.4% CPU
Iteration 530 / LogL: -4059.796 / Time: 0h:7m:34s (0h:0m:54s left)
Optimizing NNI: done in 0.690929 secs using 197.7% CPU
Optimizing NNI: done in 0.701678 secs using 198% CPU
Optimizing NNI: done in 0.556544 secs using 199.2% CPU
Optimizing NNI: done in 0.820191 secs using 198% CPU
Optimizing NNI: done in 0.676092 secs using 197.6% CPU
Optimizing NNI: done in 0.921345 secs using 195.9% CPU
Optimizing NNI: done in 0.658074 secs using 197.7% CPU
Optimizing NNI: done in 0.70379 secs using 198.2% CPU
Optimizing NNI: done in 0.986807 secs using 197.2% CPU
Optimizing NNI: done in 0.774488 secs using 199.6% CPU
Iteration 540 / LogL: -4033.932 / Time: 0h:7m:42s (0h:0m:46s left)
Optimizing NNI: done in 0.855544 secs using 197.6% CPU
Optimizing NNI: done in 0.814946 secs using 198.1% CPU
Optimizing NNI: done in 0.978545 secs using 197.6% CPU
Optimizing NNI: done in 0.792107 secs using 196.4% CPU
Optimizing NNI: done in 0.686925 secs using 196.6% CPU
Optimizing NNI: done in 0.801594 secs using 197.2% CPU
Optimizing NNI: done in 0.681358 secs using 198% CPU
Optimizing NNI: done in 0.735623 secs using 198.9% CPU
Optimizing NNI: done in 0.798916 secs using 198.1% CPU
Optimizing NNI: done in 0.695241 secs using 197.8% CPU
Iteration 550 / LogL: -4034.326 / Time: 0h:7m:50s (0h:0m:37s left)
Optimizing NNI: done in 0.761328 secs using 197.1% CPU
Optimizing NNI: done in 0.993767 secs using 196.9% CPU
Optimizing NNI: done in 0.635193 secs using 199.4% CPU
Optimizing NNI: done in 0.761825 secs using 197.1% CPU
Optimizing NNI: done in 0.645029 secs using 197.3% CPU
Optimizing NNI: done in 0.700921 secs using 196.4% CPU
Optimizing NNI: done in 0.768926 secs using 196.7% CPU
Optimizing NNI: done in 0.847449 secs using 196.3% CPU
Optimizing NNI: done in 0.844458 secs using 198.4% CPU
Optimizing NNI: done in 0.982133 secs using 197.3% CPU
Iteration 560 / LogL: -4041.179 / Time: 0h:7m:58s (0h:0m:29s left)
Optimizing NNI: done in 1.06266 secs using 198.9% CPU
Optimizing NNI: done in 0.91648 secs using 196.4% CPU
Optimizing NNI: done in 1.00608 secs using 198.2% CPU
Optimizing NNI: done in 0.958804 secs using 197.6% CPU
Optimizing NNI: done in 0.685491 secs using 198% CPU
Optimizing NNI: done in 0.778326 secs using 198.1% CPU
Optimizing NNI: done in 0.650357 secs using 195.9% CPU
Optimizing NNI: done in 0.786492 secs using 199.1% CPU
Optimizing NNI: done in 0.688422 secs using 197% CPU
Optimizing NNI: done in 0.757877 secs using 198.1% CPU
Iteration 570 / LogL: -4034.193 / Time: 0h:8m:7s (0h:0m:20s left)
Optimizing NNI: done in 0.767982 secs using 198.9% CPU
Optimizing NNI: done in 0.64213 secs using 197.1% CPU
Optimizing NNI: done in 0.824274 secs using 197% CPU
Optimizing NNI: done in 0.843677 secs using 198.6% CPU
Optimizing NNI: done in 0.662541 secs using 198.9% CPU
Optimizing NNI: done in 0.540986 secs using 196.8% CPU
Optimizing NNI: done in 0.916324 secs using 198.1% CPU
Optimizing NNI: done in 0.766517 secs using 198.1% CPU
Optimizing NNI: done in 0.756296 secs using 196.7% CPU
Optimizing NNI: done in 0.732145 secs using 197.7% CPU
Iteration 580 / LogL: -4034.590 / Time: 0h:8m:14s (0h:0m:11s left)
Optimizing NNI: done in 0.999054 secs using 199.3% CPU
Optimizing NNI: done in 0.63784 secs using 198.3% CPU
Optimizing NNI: done in 0.76399 secs using 199.9% CPU
Optimizing NNI: done in 0.861688 secs using 197.5% CPU
Optimizing NNI: done in 0.744899 secs using 198.2% CPU
Optimizing NNI: done in 0.744247 secs using 197.8% CPU
Optimizing NNI: done in 0.864094 secs using 198.5% CPU
Optimizing NNI: done in 1.0792 secs using 199.3% CPU
Optimizing NNI: done in 0.641832 secs using 197.7% CPU
Optimizing NNI: done in 0.662526 secs using 195.4% CPU
Iteration 590 / LogL: -4040.104 / Time: 0h:8m:23s (0h:0m:3s left)
Optimizing NNI: done in 0.975594 secs using 197.1% CPU
Optimizing NNI: done in 0.871556 secs using 198.1% CPU
Optimizing NNI: done in 0.630037 secs using 197.1% CPU
Optimizing NNI: done in 0.834057 secs using 198.3% CPU
Optimizing NNI: done in 0.776638 secs using 197.3% CPU
TREE SEARCH COMPLETED AFTER 595 ITERATIONS / Time: 0h:8m:27s

--------------------------------------------------------------------
|                    FINALIZING TREE SEARCH                        |
--------------------------------------------------------------------
Performs final model parameters optimization
Estimate model parameters (epsilon = 0.010)
1. Initial log-likelihood: -4033.471
Optimal log-likelihood: -4033.463
Rate parameters:  A-C: 0.67062  A-G: 1.06289  A-T: 0.21454  C-G: 0.24967  C-T: 2.20873  G-T: 1.00000
Base frequencies:  A: 0.416  C: 0.157  G: 0.238  T: 0.189
Site proportion and rates:  (0.147,0.212) (0.146,0.437) (0.184,0.997) (0.230,1.169) (0.241,1.241) (0.052,2.952)
Parameters optimization took 1 rounds (0.508 sec)
BEST SCORE FOUND : -4033.463
Total tree length: 2.172

Total number of iterations: 595
CPU time used for tree search: 981.008 sec (0h:16m:21s)
Wall-clock time used for tree search: 504.166 sec (0h:8m:24s)
Total CPU time used: 988.330 sec (0h:16m:28s)
Total wall-clock time used: 507.986 sec (0h:8m:27s)

Analysis results written to: 
  IQ-TREE report:                IQTREE_bestTree.InWindow_4730_to_4980.iqtree
  Maximum-likelihood tree:       IQTREE_bestTree.InWindow_4730_to_4980.treefile
  Likelihood distances:          IQTREE_bestTree.InWindow_4730_to_4980.mldist
  Screen log file:               IQTREE_bestTree.InWindow_4730_to_4980.log

Date and Time: Tue Jul 25 12:20:51 2023
