IQ-TREE multicore version 2.2.2.7 COVID-edition for Linux 64-bit built Jun  7 2023
Developed by Bui Quang Minh, James Barbetti, Nguyen Lam Tung,
Olga Chernomor, Heiko Schmidt, Dominik Schrempf, Michael Woodhams, Ly Trong Nhan.

Host:    hpc-node03 (AVX2, FMA3, 1007 GB RAM)
Command: iqtree -s AlignedReadsInWindow_PositionsExcised_4660_to_4910.fasta -pre IQTREE_bestTree.InWindow_4660_to_4910 -m GTR+F+R6 -nt 4
Seed:    101186 (Using SPRNG - Scalable Parallel Random Number Generator)
Time:    Sun Jul 23 04:22:03 2023
Kernel:  AVX+FMA - 4 threads (4 CPU cores detected)

Reading alignment file AlignedReadsInWindow_PositionsExcised_4660_to_4910.fasta ... Fasta format detected
Reading fasta file: done in 0.00513914 secs using 90.66% CPU
Alignment most likely contains DNA/RNA sequences
Constructing alignment: done in 0.00170245 secs using 99.91% CPU
Alignment has 475 sequences with 274 columns, 217 distinct patterns
119 parsimony-informative, 78 singleton sites, 77 constant sites
                                                            Gap/Ambiguity  Composition  p-value
Analyzing sequences: done in 0.00436286 secs using 325.9% CPU
   1  200724_20-08522_HIV11-02415_FL24_S18_L000_read_1_count_297   13.87%    passed     99.56%
   2  200724_20-08522_HIV11-02415_FL24_S18_L000_read_2_count_30    13.87%    passed    100.00%
   3  200724_20-08522_HIV11-02415_FL24_S18_L000_read_3_count_22    13.87%    passed     99.49%
   4  200724_20-08522_HIV11-02415_FL24_S18_L000_read_4_count_15    13.87%    passed     99.49%
   5  200724_20-08522_HIV11-02415_FL24_S18_L000_read_5_count_6     13.87%    passed     99.01%
   6  200724_20-08522_HIV11-02415_FL24_S18_L000_read_6_count_5     13.87%    passed     99.85%
   7  200724_20-08522_HIV11-02415_FL24_S18_L000_read_7_count_5     13.87%    passed     99.49%
   8  200724_20-08522_HIV11-02415_FL24_S18_L000_read_8_count_4     13.87%    passed     99.49%
   9  200724_20-08522_HIV11-02415_FL24_S18_L000_read_9_count_4     13.87%    passed     97.69%
  10  200724_20-08522_HIV11-02415_FL24_S18_L000_read_10_count_4    13.87%    passed     99.49%
  11  200724_20-08522_HIV11-02415_FL24_S18_L000_read_11_count_3    13.87%    passed     97.58%
  12  200724_20-08522_HIV11-02415_FL24_S18_L000_read_12_count_3    13.87%    passed     99.85%
  13  200724_20-08522_HIV11-02415_FL24_S18_L000_read_13_count_3    13.87%    passed     98.68%
  14  200724_20-08522_HIV11-02415_FL24_S18_L000_read_14_count_3    13.87%    passed     99.49%
  15  200724_20-08522_HIV11-02415_FL24_S18_L000_read_15_count_3    13.87%    passed     99.49%
  16  200724_20-08522_HIV11-02415_FL24_S18_L000_read_16_count_2    13.87%    passed     99.49%
  17  200724_20-08522_HIV11-02415_FL24_S18_L000_read_17_count_2    22.99%    passed     81.48%
  18  200724_20-08522_HIV11-02415_FL24_S18_L000_read_18_count_2    13.87%    passed     97.69%
  19  200724_20-08522_HIV11-02415_FL24_S18_L000_read_19_count_2    13.87%    passed     98.96%
  20  200724_20-08522_HIV11-02415_FL24_S18_L000_read_20_count_2    13.87%    passed     99.43%
  21  200724_20-08522_HIV11-02415_FL24_S18_L000_read_21_count_2    13.87%    passed     98.68%
  22  200724_20-08522_HIV11-02415_FL24_S18_L000_read_22_count_2    13.87%    passed     99.49%
  23  200724_20-08522_HIV11-02415_FL24_S18_L000_read_23_count_2    13.87%    passed     97.70%
  24  200724_20-08522_HIV11-02415_FL24_S18_L000_read_24_count_2    13.87%    passed     99.01%
  25  200724_20-08522_HIV11-02415_FL24_S18_L000_read_25_count_2    13.87%    passed     99.85%
  26  200724_20-08522_HIV11-02415_FL24_S18_L000_read_26_count_2    13.87%    passed     99.04%
  27  200724_20-08522_HIV11-02415_FL24_S18_L000_read_27_count_2    13.87%    passed     99.04%
  28  200724_20-08522_HIV11-02415_FL24_S18_L000_read_28_count_2    13.87%    passed     99.16%
  29  200724_20-08522_HIV11-02415_FL24_S18_L000_read_29_count_2    13.87%    passed     99.82%
  30  200724_20-08522_HIV11-02415_FL24_S18_L000_read_30_count_2    13.87%    passed     97.69%
  31  200724_20-08522_HIV11-02415_FL24_S18_L000_read_31_count_2    13.87%    passed     99.43%
  32  200724_20-08522_HIV11-02415_FL24_S18_L000_read_32_count_1    13.87%    passed     98.54%
  33  200724_20-08522_HIV11-02415_FL24_S18_L000_read_33_count_1    13.87%    passed     98.68%
  34  200724_20-08522_HIV11-02415_FL24_S18_L000_read_34_count_1    13.87%    passed     98.96%
  35  200724_20-08522_HIV11-02415_FL24_S18_L000_read_35_count_1    13.87%    passed     99.49%
  36  200724_20-08522_HIV11-02415_FL24_S18_L000_read_36_count_1    13.87%    passed     96.68%
  37  200724_20-08522_HIV11-02415_FL24_S18_L000_read_37_count_1    13.87%    passed    100.00%
  38  200724_20-08522_HIV11-02415_FL24_S18_L000_read_38_count_1    21.53%    passed     86.50%
  39  200724_20-08522_HIV11-02415_FL24_S18_L000_read_39_count_1    13.87%    passed     99.56%
  40  200724_20-08522_HIV11-02415_FL24_S18_L000_read_40_count_1    13.87%    passed     97.99%
  41  200724_20-08522_HIV11-02415_FL24_S18_L000_read_41_count_1    13.87%    passed     99.85%
  42  200724_20-08522_HIV11-02415_FL24_S18_L000_read_42_count_1    13.87%    passed     99.87%
  43  200724_20-08522_HIV11-02415_FL24_S18_L000_read_43_count_1    13.87%    passed     99.04%
  44  200724_20-08522_HIV11-02415_FL24_S18_L000_read_44_count_1    13.87%    passed     96.34%
  45  200724_20-08522_HIV11-02415_FL24_S18_L000_read_45_count_1    13.87%    passed     96.43%
  46  200724_20-08522_HIV11-02415_FL24_S18_L000_read_46_count_1    13.87%    passed     99.01%
  47  200724_20-08522_HIV11-02415_FL24_S18_L000_read_47_count_1    13.50%    passed     99.72%
  48  200724_20-08522_HIV11-02415_FL24_S18_L000_read_48_count_1    13.87%    passed     99.04%
  49  200724_20-08522_HIV11-02415_FL24_S18_L000_read_49_count_1    13.87%    passed     97.69%
  50  200724_20-08522_HIV11-02415_FL24_S18_L000_read_50_count_1    13.87%    passed     98.96%
  51  200724_20-08522_HIV11-02415_FL24_S18_L000_read_51_count_1    13.87%    passed     99.04%
  52  200724_20-08522_HIV11-02415_FL24_S18_L000_read_52_count_1    13.87%    passed     98.96%
  53  200724_20-08522_HIV11-02415_FL24_S18_L000_read_53_count_1    13.87%    passed     99.04%
  54  200724_20-08522_HIV11-02415_FL24_S18_L000_read_54_count_1    13.87%    passed     98.68%
  55  200724_20-08522_HIV11-02415_FL24_S18_L000_read_55_count_1    13.87%    passed     98.96%
  56  200724_20-08522_HIV11-02415_FL24_S18_L000_read_56_count_1    13.87%    passed     99.43%
  57  200724_20-08522_HIV11-02415_FL24_S18_L000_read_57_count_1    13.87%    passed     99.56%
  58  200724_20-08522_HIV11-02415_FL24_S18_L000_read_58_count_1    13.87%    passed     97.84%
  59  200724_20-08522_HIV11-02415_FL24_S18_L000_read_59_count_1    13.87%    passed    100.00%
  60  200724_20-08522_HIV11-02415_FL24_S18_L000_read_60_count_1    13.87%    passed     93.88%
  61  200724_20-08522_HIV11-02415_FL24_S18_L000_read_61_count_1    13.87%    passed     97.69%
  62  200724_20-08522_HIV11-02415_FL24_S18_L000_read_62_count_1    13.87%    passed    100.00%
  63  200724_20-08522_HIV11-02415_FL24_S18_L000_read_63_count_1    14.23%    passed     97.21%
  64  200724_20-08522_HIV11-02415_FL24_S18_L000_read_64_count_1    13.87%    passed     97.78%
  65  200724_20-08522_HIV11-02415_FL24_S18_L000_read_65_count_1    13.87%    passed     99.13%
  66  200724_20-08522_HIV11-02415_FL24_S18_L000_read_66_count_1    13.87%    passed     99.36%
  67  200724_20-08522_HIV11-02415_FL24_S18_L000_read_67_count_1    17.15%    passed     93.24%
  68  200724_20-08522_HIV11-02415_FL24_S18_L000_read_68_count_1    13.87%    passed     99.79%
  69  200724_20-08522_HIV11-02415_FL24_S18_L000_read_69_count_1    13.87%    passed     98.96%
  70  200724_20-08522_HIV11-02415_FL24_S18_L000_read_70_count_1    13.87%    passed     93.03%
  71  200724_20-08522_HIV11-02415_FL24_S18_L000_read_71_count_1    13.87%    passed     97.58%
  72  200724_20-08522_HIV11-02415_FL24_S18_L000_read_72_count_1    13.50%    passed     99.72%
  73  200724_20-08522_HIV11-02415_FL24_S18_L000_read_73_count_1    13.87%    passed     98.96%
  74  200724_20-08522_HIV11-02415_FL24_S18_L000_read_74_count_1    13.87%    passed     99.85%
  75  200724_20-08522_HIV11-02415_FL24_S18_L000_read_75_count_1    13.87%    passed     93.05%
  76  200724_20-08522_HIV11-02415_FL24_S18_L000_read_76_count_1    13.87%    passed     98.30%
  77  200724_20-08522_HIV11-02415_FL24_S18_L000_read_77_count_1    13.87%    passed     99.85%
  78  200724_20-08522_HIV11-02415_FL24_S18_L000_read_78_count_1    14.23%    passed     99.25%
  79  200724_20-08522_HIV11-02415_FL24_S18_L000_read_79_count_1    13.87%    passed     99.04%
  80  200724_20-08522_HIV11-02415_FL24_S18_L000_read_80_count_1    13.87%    passed     96.21%
  81  200724_20-08522_HIV11-02415_FL24_S18_L000_read_81_count_1    13.87%    passed     99.56%
  82  200724_20-08522_HIV11-02415_FL24_S18_L000_read_82_count_1    13.87%    passed     96.41%
  83  200724_20-08522_HIV11-02415_FL24_S18_L000_read_83_count_1    13.87%    passed     99.87%
  84  200724_20-08522_HIV11-02415_FL24_S18_L000_read_84_count_1    13.87%    passed     99.13%
  85  200724_20-08522_HIV11-02415_FL24_S18_L000_read_85_count_1    13.87%    passed     98.96%
  86  200724_20-08522_HIV11-02415_FL24_S18_L000_read_86_count_1    13.87%    passed     99.43%
  87  200724_20-08522_HIV11-02415_FL24_S18_L000_read_87_count_1    13.87%    passed     97.87%
  88  200724_20-08522_HIV11-02415_FL24_S18_L000_read_88_count_1    13.87%    passed     97.58%
  89  200724_20-08522_HIV11-02415_FL24_S18_L000_read_89_count_1    13.87%    passed     99.16%
  90  200724_20-08522_HIV11-02415_FL24_S18_L000_read_90_count_1    13.87%    passed     99.49%
  91  200724_20-08522_HIV11-02415_FL24_S18_L000_read_91_count_1    13.87%    passed     99.01%
  92  200724_20-08522_HIV11-02415_FL24_S18_L000_read_92_count_1    13.87%    passed     99.01%
  93  200724_20-08522_HIV11-02415_FL24_S18_L000_read_93_count_1    14.23%    passed     98.81%
  94  200724_20-08522_HIV11-02415_FL24_S18_L000_read_94_count_1    13.87%    passed     82.97%
  95  200724_20-08522_HIV11-02415_FL24_S18_L000_read_95_count_1    13.87%    passed     99.56%
  96  200724_20-08522_HIV11-02415_FL24_S18_L000_read_96_count_1    13.87%    passed     99.56%
  97  200724_20-08522_HIV11-02415_FL24_S18_L000_read_97_count_1    13.87%    passed     99.56%
  98  200724_20-08522_HIV11-02415_FL24_S18_L000_read_98_count_1    13.87%    passed     97.69%
  99  200724_20-08522_HIV11-02415_FL24_S18_L000_read_99_count_1    13.87%    passed     97.70%
 100  200724_20-08522_HIV11-02415_FL24_S18_L000_read_100_count_1   13.87%    passed     99.01%
 101  200724_20-08522_HIV11-02415_FL24_S18_L000_read_101_count_1   13.87%    passed     97.58%
 102  200724_20-08522_HIV11-02415_FL24_S18_L000_read_102_count_1   13.87%    passed     99.56%
 103  200724_20-08522_HIV11-02415_FL24_S18_L000_read_103_count_1   13.87%    passed     99.85%
 104  200724_20-08522_HIV11-02415_FL24_S18_L000_read_104_count_1   13.87%    passed     99.43%
 105  200724_20-08522_HIV11-02415_FL24_S18_L000_read_105_count_1   13.87%    passed     97.69%
 106  200724_20-08522_HIV11-02415_FL24_S18_L000_read_106_count_1   13.87%    passed     97.69%
 107  200724_20-08522_HIV11-02415_FL24_S18_L000_read_107_count_1   13.87%    passed     99.01%
 108  200724_20-08522_HIV11-02415_FL24_S18_L000_read_108_count_1   13.87%    passed     99.43%
 109  200724_20-08522_HIV11-02415_FL24_S18_L000_read_109_count_1   13.87%    passed     99.16%
 110  200724_20-08522_HIV11-02415_FL24_S18_L000_read_110_count_1   13.87%    passed     99.85%
 111  200724_20-08522_HIV11-02415_FL24_S18_L000_read_111_count_1   13.50%    passed     99.39%
 112  200724_20-08522_HIV11-02415_FL24_S18_L000_read_112_count_1   13.87%    passed     97.70%
 113  200724_20-08522_HIV11-02415_FL24_S18_L000_read_113_count_1   13.87%    passed    100.00%
 114  200724_20-08522_HIV11-02415_FL24_S18_L000_read_114_count_1   13.87%    passed     99.43%
 115  200724_20-08522_HIV11-02415_FL24_S18_L000_read_115_count_1   13.87%    passed     98.68%
 116  200724_20-08522_HIV11-02415_FL24_S18_L000_read_116_count_1   13.87%    passed     99.79%
 117  200724_20-08522_HIV11-02415_FL24_S18_L000_read_117_count_1   13.87%    passed     98.54%
 118  200724_20-08522_HIV11-02415_FL24_S18_L000_read_118_count_1   13.87%    passed     98.96%
 119  200724_20-08522_HIV11-02415_FL24_S18_L000_read_119_count_1   13.87%    passed    100.00%
 120  200724_20-08522_HIV11-02415_FL24_S18_L000_read_120_count_1   13.87%    passed     99.82%
 121  200724_20-08522_HIV11-02415_FL24_S18_L000_read_121_count_1   13.87%    passed     97.58%
 122  200724_20-08522_HIV11-02415_FL24_S18_L000_read_122_count_1   13.87%    passed     99.43%
 123  200724_20-08522_HIV11-02415_FL24_S18_L000_read_123_count_1   13.87%    passed     99.79%
 124  200724_20-08522_HIV11-02415_FL24_S18_L000_read_124_count_1   14.23%    passed     99.93%
 125  200724_20-08522_HIV11-02415_FL24_S18_L000_read_125_count_1   13.87%    passed     96.99%
 126  200724_20-08522_HIV11-02415_FL24_S18_L000_read_126_count_1   13.87%    passed     99.04%
 127  200724_20-08522_HIV11-02415_FL24_S18_L000_read_127_count_1   13.87%    passed     99.49%
 128  200724_20-08522_HIV11-02415_FL24_S18_L000_read_128_count_1   13.87%    passed     99.16%
 129  200724_20-08522_HIV11-02415_FL24_S18_L000_read_129_count_1   13.87%    passed     99.43%
 130  200724_20-08522_HIV11-02415_FL24_S18_L000_read_130_count_1   13.87%    passed     99.83%
 131  200724_20-08522_HIV11-02415_FL24_S18_L000_read_131_count_1   13.87%    passed     98.96%
 132  200724_20-08522_HIV11-02415_FL24_S18_L000_read_132_count_1   13.87%    passed     99.01%
 133  200709_20-07994_HIV07-01067_FL21_S1_L000_read_1_count_431    13.87%    passed     99.63%
 134  200709_20-07994_HIV07-01067_FL21_S1_L000_read_2_count_78     13.87%    passed     99.06%
 135  200709_20-07994_HIV07-01067_FL21_S1_L000_read_3_count_6      13.87%    passed     98.62%
 136  200709_20-07994_HIV07-01067_FL21_S1_L000_read_4_count_3      13.87%    passed     99.87%
 137  200709_20-07994_HIV07-01067_FL21_S1_L000_read_5_count_2      13.87%    passed     98.62%
 138  200709_20-07994_HIV07-01067_FL21_S1_L000_read_6_count_2      13.87%    passed     99.63%
 139  200709_20-07994_HIV07-01067_FL21_S1_L000_read_7_count_2      13.87%    passed     99.87%
 140  200709_20-07994_HIV07-01067_FL21_S1_L000_read_8_count_2      13.87%    passed     99.84%
 141  200709_20-07994_HIV07-01067_FL21_S1_L000_read_9_count_2      13.87%    passed     99.87%
 142  200709_20-07994_HIV07-01067_FL21_S1_L000_read_10_count_2     13.87%    passed     98.62%
 143  200709_20-07994_HIV07-01067_FL21_S1_L000_read_11_count_2     13.87%    passed     99.87%
 144  200709_20-07994_HIV07-01067_FL21_S1_L000_read_12_count_1     13.87%    passed     99.55%
 145  200709_20-07994_HIV07-01067_FL21_S1_L000_read_13_count_1     13.87%    passed     99.84%
 146  200709_20-07994_HIV07-01067_FL21_S1_L000_read_14_count_1     13.87%    passed     98.62%
 147  200709_20-07994_HIV07-01067_FL21_S1_L000_read_15_count_1     13.87%    passed     97.97%
 148  200709_20-07994_HIV07-01067_FL21_S1_L000_read_16_count_1     13.87%    passed     99.87%
 149  200709_20-07994_HIV07-01067_FL21_S1_L000_read_17_count_1     13.87%    passed     98.62%
 150  200709_20-07994_HIV07-01067_FL21_S1_L000_read_18_count_1     13.87%    passed     99.56%
 151  200709_20-07994_HIV07-01067_FL21_S1_L000_read_19_count_1     13.87%    passed     99.06%
 152  200709_20-07994_HIV07-01067_FL21_S1_L000_read_20_count_1     13.87%    passed     98.62%
 153  200709_20-07994_HIV07-01067_FL21_S1_L000_read_21_count_1     13.87%    passed     96.26%
 154  200709_20-07994_HIV07-01067_FL21_S1_L000_read_22_count_1     13.87%    passed     98.39%
 155  200709_20-07994_HIV07-01067_FL21_S1_L000_read_23_count_1     13.87%    passed     98.81%
 156  200709_20-07994_HIV07-01067_FL21_S1_L000_read_24_count_1     13.87%    passed     98.62%
 157  200709_20-07994_HIV07-01067_FL21_S1_L000_read_25_count_1     13.87%    passed     99.12%
 158  200709_20-07994_HIV07-01067_FL21_S1_L000_read_26_count_1     13.87%    passed     98.62%
 159  200709_20-07994_HIV07-01067_FL21_S1_L000_read_27_count_1     13.87%    passed     99.56%
 160  200709_20-07994_HIV07-01067_FL21_S1_L000_read_28_count_1     13.87%    passed     96.26%
 161  200709_20-07994_HIV07-01067_FL21_S1_L000_read_29_count_1     13.87%    passed     99.84%
 162  200709_20-07994_HIV07-01067_FL21_S1_L000_read_30_count_1     13.87%    passed     98.89%
 163  200709_20-07994_HIV07-01067_FL21_S1_L000_read_31_count_1     13.87%    passed     96.26%
 164  200709_20-07994_HIV07-01067_FL21_S1_L000_read_32_count_1     13.87%    passed     99.06%
 165  200709_20-07994_HIV07-01067_FL21_S1_L000_read_33_count_1     13.87%    passed     99.55%
 166  200709_20-07994_HIV07-01067_FL21_S1_L000_read_34_count_1     13.87%    passed     98.39%
 167  200709_20-07994_HIV07-01067_FL21_S1_L000_read_35_count_1     13.87%    passed     99.87%
 168  200709_20-07994_HIV07-01067_FL21_S1_L000_read_36_count_1     13.87%    passed     98.39%
 169  200709_20-07994_HIV07-01067_FL21_S1_L000_read_37_count_1     13.87%    passed     99.79%
 170  200709_20-07994_HIV07-01067_FL21_S1_L000_read_38_count_1     13.87%    passed    100.00%
 171  200709_20-07994_HIV07-01067_FL21_S1_L000_read_39_count_1     14.23%    passed     99.01%
 172  200709_20-07994_HIV07-01067_FL21_S1_L000_read_40_count_1     13.87%    passed     99.63%
 173  200709_20-07994_HIV07-01067_FL21_S1_L000_read_41_count_1     13.87%    passed     98.23%
 174  200709_20-07994_HIV07-01067_FL21_S1_L000_read_42_count_1     13.50%    passed     99.83%
 175  200709_20-07994_HIV07-01067_FL21_S1_L000_read_43_count_1     13.87%    passed     99.87%
 176  200709_20-07994_HIV07-01067_FL21_S1_L000_read_44_count_1     13.87%    passed     98.62%
 177  200709_20-07994_HIV07-01067_FL21_S1_L000_read_45_count_1     13.87%    passed     99.06%
 178  200709_20-07994_HIV07-01067_FL21_S1_L000_read_46_count_1     13.87%    passed     98.14%
 179  200709_20-07994_HIV07-01067_FL21_S1_L000_read_47_count_1     13.87%    passed     99.79%
 180  200709_20-07994_HIV07-01067_FL21_S1_L000_read_48_count_1     13.87%    passed     99.82%
 181  200709_20-07994_HIV07-01067_FL21_S1_L000_read_49_count_1     14.23%    passed     99.72%
 182  200709_20-07994_HIV07-01067_FL21_S1_L000_read_50_count_1     13.87%    passed     98.62%
 183  200709_20-07994_HIV07-01067_FL21_S1_L000_read_51_count_1     13.87%    passed     99.87%
 184  200709_20-07994_HIV07-01067_FL21_S1_L000_read_52_count_1     13.87%    passed     99.14%
 185  200709_20-07994_HIV07-01067_FL21_S1_L000_read_53_count_1     13.87%    passed     99.84%
 186  200709_20-07994_HIV07-01067_FL21_S1_L000_read_54_count_1     13.87%    passed     99.91%
 187  200709_20-07994_HIV07-01067_FL21_S1_L000_read_55_count_1     13.87%    passed     99.06%
 188  200709_20-07994_HIV07-01067_FL21_S1_L000_read_56_count_1     13.87%    passed    100.00%
 189  200709_20-07994_HIV07-01067_FL21_S1_L000_read_57_count_1     13.87%    passed     98.62%
 190  200709_20-07994_HIV07-01067_FL21_S1_L000_read_58_count_1      2.92%    passed     98.59%
 191  200709_20-07994_HIV07-01067_FL21_S1_L000_read_59_count_1     13.50%    passed     95.18%
 192  200709_20-07994_HIV07-01067_FL21_S1_L000_read_60_count_1     13.87%    passed    100.00%
 193  200709_20-07994_HIV07-01067_FL21_S1_L000_read_61_count_1     13.87%    passed     99.79%
 194  200709_20-07994_HIV07-01067_FL21_S1_L000_read_62_count_1     13.87%    passed     99.84%
 195  200709_20-07994_HIV07-01067_FL21_S1_L000_read_63_count_1     13.87%    passed     99.06%
 196  200709_20-07994_HIV07-01067_FL21_S1_L000_read_64_count_1     13.87%    passed     99.84%
 197  200709_20-07994_HIV07-01067_FL21_S1_L000_read_65_count_1     14.23%    passed     98.94%
 198  200709_20-07994_HIV07-01067_FL21_S1_L000_read_66_count_1     13.87%    passed     92.15%
 199  200709_20-07994_HIV07-01067_FL21_S1_L000_read_67_count_1     13.87%    passed     99.79%
 200  200709_20-07994_HIV07-01067_FL21_S1_L000_read_68_count_1     13.87%    passed     99.63%
 201  200709_20-07994_HIV07-01067_FL21_S1_L000_read_69_count_1     13.87%    passed     99.84%
 202  200709_20-07994_HIV07-01067_FL21_S1_L000_read_70_count_1     13.87%    passed     99.84%
 203  200709_20-07994_HIV07-01067_FL21_S1_L000_read_71_count_1     13.87%    passed     98.62%
 204  200709_20-07994_HIV07-01067_FL21_S1_L000_read_72_count_1     13.87%    passed     99.91%
 205  200709_20-07994_HIV07-01067_FL21_S1_L000_read_73_count_1     13.87%    passed     99.06%
 206  200709_20-07994_HIV07-01067_FL21_S1_L000_read_74_count_1     13.87%    passed     99.49%
 207  200709_20-07994_HIV07-01067_FL21_S1_L000_read_75_count_1     13.87%    passed     99.87%
 208  200709_20-07994_HIV07-01067_FL21_S1_L000_read_76_count_1     13.87%    passed     98.39%
 209  200709_20-07994_HIV07-01067_FL21_S1_L000_read_77_count_1     13.87%    passed     99.84%
 210  200709_20-07994_HIV07-01067_FL21_S1_L000_read_78_count_1     13.87%    passed     99.84%
 211  200709_20-07994_HIV07-01067_FL21_S1_L000_read_79_count_1     13.87%    passed     99.63%
 212  200709_20-07994_HIV07-01067_FL21_S1_L000_read_80_count_1     13.87%    passed     98.14%
 213  200709_20-07994_HIV07-01067_FL21_S1_L000_read_81_count_1     13.87%    passed     98.62%
 214  200709_20-07994_HIV07-01067_FL21_S1_L000_read_82_count_1     13.87%    passed     99.63%
 215  200709_20-07994_HIV07-01067_FL21_S1_L000_read_83_count_1     13.87%    passed     99.79%
 216  200709_20-07994_HIV07-01067_FL21_S1_L000_read_84_count_1     13.87%    passed     98.14%
 217  200709_20-07994_HIV07-01067_FL21_S1_L000_read_85_count_1     13.87%    passed     99.06%
 218  200709_20-07994_HIV07-01067_FL21_S1_L000_read_86_count_1     13.87%    passed     99.55%
 219  200709_20-07994_HIV07-01067_FL21_S1_L000_read_87_count_1     13.87%    passed     97.88%
 220  200709_20-07994_HIV07-01067_FL21_S1_L000_read_88_count_1     13.87%    passed     98.62%
 221  200709_20-07994_HIV07-01067_FL21_S1_L000_read_89_count_1     13.87%    passed     98.62%
 222  200709_20-07994_HIV07-01067_FL21_S1_L000_read_90_count_1     13.87%    passed     99.14%
 223  200709_20-07994_HIV07-01067_FL21_S1_L000_read_91_count_1     13.87%    passed     96.26%
 224  200709_20-07994_HIV07-01067_FL21_S1_L000_read_92_count_1     13.87%    passed     99.55%
 225  200709_20-07994_HIV07-01067_FL21_S1_L000_read_93_count_1     13.87%    passed     99.85%
 226  200709_20-07994_HIV07-01067_FL21_S1_L000_read_94_count_1     13.87%    passed     96.26%
 227  200709_20-07994_HIV07-01067_FL21_S1_L000_read_95_count_1     13.87%    passed     99.55%
 228  200709_20-07994_HIV07-01067_FL21_S1_L000_read_96_count_1     13.87%    passed     99.14%
 229  200709_20-07994_HIV07-01067_FL21_S1_L000_read_97_count_1     13.87%    passed     99.84%
 230  200709_20-07994_HIV07-01067_FL21_S1_L000_read_98_count_1     14.23%    passed     99.93%
 231  200709_20-07994_HIV07-01067_FL21_S1_L000_read_99_count_1     13.87%    passed     99.84%
 232  200709_20-07994_HIV07-01067_FL21_S1_L000_read_100_count_1    13.87%    passed     99.91%
 233  200709_20-07994_HIV07-01067_FL21_S1_L000_read_101_count_1    13.87%    passed     99.84%
 234  200709_20-07994_HIV07-01067_FL21_S1_L000_read_102_count_1    13.87%    passed     98.62%
 235  200709_20-07994_HIV07-01067_FL21_S1_L000_read_103_count_1    13.87%    passed     97.38%
 236  200709_20-07994_HIV07-01067_FL21_S1_L000_read_104_count_1    13.87%    passed     99.91%
 237  200709_20-07994_HIV07-01067_FL21_S1_L000_read_105_count_1    13.87%    passed     99.84%
 238  200709_20-07994_HIV07-01067_FL21_S1_L000_read_106_count_1    13.87%    passed     99.14%
 239  200709_20-07994_HIV07-01067_FL21_S1_L000_read_107_count_1    14.23%    passed     99.72%
 240  200709_20-07994_HIV07-01067_FL21_S1_L000_read_108_count_1    13.87%    passed     99.79%
 241  200709_20-07994_HIV07-01067_FL21_S1_L000_read_109_count_1    13.87%    passed     99.87%
 242  200709_20-07994_HIV07-01067_FL21_S1_L000_read_110_count_1    13.87%    passed     99.84%
 243  200703_20-07825_HIV09-00618_FL18_S6_L000_read_1_count_360    13.87%    passed     98.82%
 244  200703_20-07825_HIV09-00618_FL18_S6_L000_read_2_count_3      13.87%    passed     97.70%
 245  200703_20-07825_HIV09-00618_FL18_S6_L000_read_3_count_2      13.14%    passed     97.63%
 246  200703_20-07825_HIV09-00618_FL18_S6_L000_read_4_count_2      13.87%    passed     99.82%
 247  200703_20-07825_HIV09-00618_FL18_S6_L000_read_5_count_2      13.87%    passed     99.82%
 248  200703_20-07825_HIV09-00618_FL18_S6_L000_read_6_count_2      13.87%    passed     97.70%
 249  200703_20-07825_HIV09-00618_FL18_S6_L000_read_7_count_1      14.23%    passed     98.14%
 250  200703_20-07825_HIV09-00618_FL18_S6_L000_read_8_count_1      13.87%    passed     96.84%
 251  200703_20-07825_HIV09-00618_FL18_S6_L000_read_9_count_1      13.87%    passed     96.84%
 252  200703_20-07825_HIV09-00618_FL18_S6_L000_read_10_count_1     13.87%    passed     96.39%
 253  200703_20-07825_HIV09-00618_FL18_S6_L000_read_11_count_1     13.87%    passed     96.39%
 254  200703_20-07825_HIV09-00618_FL18_S6_L000_read_12_count_1     13.87%    passed     96.84%
 255  200703_20-07825_HIV09-00618_FL18_S6_L000_read_13_count_1     13.87%    passed     98.18%
 256  200703_20-07825_HIV09-00618_FL18_S6_L000_read_14_count_1     13.87%    passed     96.84%
 257  200703_20-07825_HIV09-00618_FL18_S6_L000_read_15_count_1     13.87%    passed     96.39%
 258  200703_20-07825_HIV09-00618_FL18_S6_L000_read_16_count_1     17.15%    passed     99.39%
 259  200703_20-07825_HIV09-00618_FL18_S6_L000_read_17_count_1     13.87%    passed     96.39%
 260  200703_20-07825_HIV09-00618_FL18_S6_L000_read_18_count_1     13.87%    passed     96.39%
 261  200703_20-07825_HIV09-00618_FL18_S6_L000_read_19_count_1     13.87%    passed     96.39%
 262  200703_20-07825_HIV09-00618_FL18_S6_L000_read_20_count_1     13.87%    passed     97.83%
 263  200703_20-07825_HIV09-00618_FL18_S6_L000_read_21_count_1     13.87%    passed     96.39%
 264  200703_20-07825_HIV09-00618_FL18_S6_L000_read_22_count_1     13.87%    passed     96.84%
 265  200703_20-07825_HIV09-00618_FL18_S6_L000_read_23_count_1     13.87%    passed    100.00%
 266  200703_20-07825_HIV09-00618_FL18_S6_L000_read_24_count_1     13.87%    passed     96.39%
 267  200703_20-07825_HIV09-00618_FL18_S6_L000_read_25_count_1     13.87%    passed     96.39%
 268  200703_20-07825_HIV09-00618_FL18_S6_L000_read_26_count_1     13.87%    passed     97.70%
 269  200703_20-07825_HIV09-00618_FL18_S6_L000_read_27_count_1     13.87%    passed     98.91%
 270  200703_20-07825_HIV09-00618_FL18_S6_L000_read_28_count_1     13.87%    passed     98.41%
 271  200703_20-07825_HIV09-00618_FL18_S6_L000_read_29_count_1     13.87%    passed     94.36%
 272  200703_20-07825_HIV09-00618_FL18_S6_L000_read_30_count_1     13.87%    passed     96.84%
 273  200703_20-07825_HIV09-00618_FL18_S6_L000_read_31_count_1     13.87%    passed     99.04%
 274  200703_20-07825_HIV09-00618_FL18_S6_L000_read_32_count_1     13.87%    passed     97.28%
 275  200703_20-07825_HIV09-00618_FL18_S6_L000_read_33_count_1     13.87%    passed     97.83%
 276  200703_20-07825_HIV09-00618_FL18_S6_L000_read_34_count_1     13.87%    passed     96.39%
 277  200703_20-07825_HIV09-00618_FL18_S6_L000_read_35_count_1     13.87%    passed     96.39%
 278  200703_20-07825_HIV09-00618_FL18_S6_L000_read_36_count_1     13.87%    passed     96.39%
 279  200703_20-07825_HIV09-00618_FL18_S6_L000_read_37_count_1     13.87%    passed     97.70%
 280  200703_20-07825_HIV09-00618_FL18_S6_L000_read_38_count_1     13.87%    passed     96.39%
 281  200703_20-07825_HIV09-00618_FL18_S6_L000_read_39_count_1     13.87%    passed     97.70%
 282  200703_20-07825_HIV09-00618_FL18_S6_L000_read_40_count_1     13.87%    passed     97.28%
 283  200703_20-07825_HIV09-00618_FL18_S6_L000_read_41_count_1     13.87%    passed     96.39%
 284  200703_20-07825_HIV09-00618_FL18_S6_L000_read_42_count_1     13.50%    passed     97.37%
 285  200703_20-07825_HIV09-00618_FL18_S6_L000_read_43_count_1     13.87%    passed     99.36%
 286  200703_20-07825_HIV09-00618_FL18_S6_L000_read_44_count_1     13.87%    passed     97.70%
 287  200703_20-07825_HIV09-00618_FL18_S6_L000_read_45_count_1     13.87%    passed     99.82%
 288  200703_20-07825_HIV09-00618_FL18_S6_L000_read_46_count_1     13.87%    passed     98.91%
 289  200703_20-07825_HIV09-00618_FL18_S6_L000_read_47_count_1     17.15%    passed     91.98%
 290  200703_20-07825_HIV09-00618_FL18_S6_L000_read_48_count_1     13.87%    passed     97.70%
 291  200703_20-07825_HIV09-00618_FL18_S6_L000_read_49_count_1     13.87%    passed     99.82%
 292  200703_20-07825_HIV09-00618_FL18_S6_L000_read_50_count_1     13.87%    passed     96.39%
 293  200703_20-07825_HIV09-00618_FL18_S6_L000_read_51_count_1     13.87%    passed     96.39%
 294  200703_20-07825_HIV09-00618_FL18_S6_L000_read_52_count_1     13.87%    passed     99.36%
 295  200703_20-07825_HIV09-00618_FL18_S6_L000_read_53_count_1     13.87%    passed     96.39%
 296  200703_20-07825_HIV09-00618_FL18_S6_L000_read_54_count_1     13.87%    passed     97.83%
 297  200703_20-07825_HIV09-00618_FL18_S6_L000_read_55_count_1     13.87%    passed     97.70%
 298  200703_20-07825_HIV09-00618_FL18_S6_L000_read_56_count_1     13.87%    passed     99.06%
 299  200703_20-07825_HIV09-00618_FL18_S6_L000_read_57_count_1     13.87%    passed     97.06%
 300  200703_20-07825_HIV09-00618_FL18_S6_L000_read_58_count_1     13.87%    passed     98.91%
 301  200814_20-09728_HIV09-02843_FL30_S2_L000_read_1_count_185    13.87%    passed     97.76%
 302  200814_20-09728_HIV09-02843_FL30_S2_L000_read_2_count_28     13.87%    passed     99.56%
 303  200814_20-09728_HIV09-02843_FL30_S2_L000_read_3_count_24     13.87%    passed     96.15%
 304  200814_20-09728_HIV09-02843_FL30_S2_L000_read_4_count_21     13.87%    passed     98.28%
 305  200814_20-09728_HIV09-02843_FL30_S2_L000_read_5_count_15     13.87%    passed     96.15%
 306  200814_20-09728_HIV09-02843_FL30_S2_L000_read_6_count_15     13.87%    passed     96.15%
 307  200814_20-09728_HIV09-02843_FL30_S2_L000_read_7_count_15     13.87%    passed     97.76%
 308  200814_20-09728_HIV09-02843_FL30_S2_L000_read_8_count_13     13.87%    passed     96.15%
 309  200814_20-09728_HIV09-02843_FL30_S2_L000_read_9_count_11     13.87%    passed     98.28%
 310  200814_20-09728_HIV09-02843_FL30_S2_L000_read_10_count_9     13.87%    passed     99.56%
 311  200814_20-09728_HIV09-02843_FL30_S2_L000_read_11_count_9     13.87%    passed     98.28%
 312  200814_20-09728_HIV09-02843_FL30_S2_L000_read_12_count_8     13.87%    passed     98.28%
 313  200814_20-09728_HIV09-02843_FL30_S2_L000_read_13_count_7     13.87%    passed     98.28%
 314  200814_20-09728_HIV09-02843_FL30_S2_L000_read_14_count_5     13.87%    passed     98.28%
 315  200814_20-09728_HIV09-02843_FL30_S2_L000_read_15_count_4     13.87%    passed     98.28%
 316  200814_20-09728_HIV09-02843_FL30_S2_L000_read_16_count_4     13.87%    passed     96.15%
 317  200814_20-09728_HIV09-02843_FL30_S2_L000_read_17_count_4     13.87%    passed     97.76%
 318  200814_20-09728_HIV09-02843_FL30_S2_L000_read_18_count_3     13.87%    passed     96.15%
 319  200814_20-09728_HIV09-02843_FL30_S2_L000_read_19_count_2     13.87%    passed     95.50%
 320  200814_20-09728_HIV09-02843_FL30_S2_L000_read_20_count_2     13.87%    passed     96.15%
 321  200814_20-09728_HIV09-02843_FL30_S2_L000_read_21_count_2     13.87%    passed     98.28%
 322  200814_20-09728_HIV09-02843_FL30_S2_L000_read_22_count_2     13.87%    passed     99.56%
 323  200814_20-09728_HIV09-02843_FL30_S2_L000_read_23_count_1     13.87%    passed     98.44%
 324  200814_20-09728_HIV09-02843_FL30_S2_L000_read_24_count_1     13.87%    passed     97.88%
 325  200814_20-09728_HIV09-02843_FL30_S2_L000_read_25_count_1     13.87%    passed     97.72%
 326  200814_20-09728_HIV09-02843_FL30_S2_L000_read_26_count_1     13.87%    passed     99.06%
 327  200814_20-09728_HIV09-02843_FL30_S2_L000_read_27_count_1     13.87%    passed     95.40%
 328  200814_20-09728_HIV09-02843_FL30_S2_L000_read_28_count_1     13.87%    passed     95.40%
 329  200814_20-09728_HIV09-02843_FL30_S2_L000_read_29_count_1     13.87%    passed     97.76%
 330  200814_20-09728_HIV09-02843_FL30_S2_L000_read_30_count_1     13.87%    passed     98.81%
 331  200814_20-09728_HIV09-02843_FL30_S2_L000_read_31_count_1     13.87%    passed     93.12%
 332  200814_20-09728_HIV09-02843_FL30_S2_L000_read_32_count_1     13.87%    passed     96.39%
 333  200814_20-09728_HIV09-02843_FL30_S2_L000_read_33_count_1     13.87%    passed     99.56%
 334  200814_20-09728_HIV09-02843_FL30_S2_L000_read_34_count_1     13.87%    passed     98.81%
 335  200814_20-09728_HIV09-02843_FL30_S2_L000_read_35_count_1     13.87%    passed     98.44%
 336  200814_20-09728_HIV09-02843_FL30_S2_L000_read_36_count_1     13.14%    passed     90.16%
 337  200814_20-09728_HIV09-02843_FL30_S2_L000_read_37_count_1     13.87%    passed     96.26%
 338  200814_20-09728_HIV09-02843_FL30_S2_L000_read_38_count_1     13.87%    passed     94.03%
 339  200814_20-09728_HIV09-02843_FL30_S2_L000_read_39_count_1     13.87%    passed     98.41%
 340  200814_20-09728_HIV09-02843_FL30_S2_L000_read_40_count_1     13.87%    passed     93.14%
 341  200814_20-09728_HIV09-02843_FL30_S2_L000_read_41_count_1     13.50%    passed     96.11%
 342  200814_20-09728_HIV09-02843_FL30_S2_L000_read_42_count_1     13.87%    passed     98.81%
 343  200814_20-09728_HIV09-02843_FL30_S2_L000_read_43_count_1     13.87%    passed     98.44%
 344  200814_20-09728_HIV09-02843_FL30_S2_L000_read_44_count_1     14.23%    passed     97.28%
 345  200814_20-09728_HIV09-02843_FL30_S2_L000_read_45_count_1     13.87%    passed     99.56%
 346  200814_20-09728_HIV09-02843_FL30_S2_L000_read_46_count_1     13.87%    passed     97.76%
 347  200814_20-09728_HIV09-02843_FL30_S2_L000_read_47_count_1     13.87%    passed     99.84%
 348  200814_20-09728_HIV09-02843_FL30_S2_L000_read_48_count_1     13.87%    passed     98.41%
 349  200814_20-09728_HIV09-02843_FL30_S2_L000_read_49_count_1     13.87%    passed     97.76%
 350  200814_20-09728_HIV09-02843_FL30_S2_L000_read_50_count_1     13.87%    passed     95.40%
 351  200814_20-09728_HIV09-02843_FL30_S2_L000_read_51_count_1     13.87%    passed     98.28%
 352  200814_20-09728_HIV09-02843_FL30_S2_L000_read_52_count_1     13.87%    passed     97.72%
 353  200814_20-09728_HIV09-02843_FL30_S2_L000_read_53_count_1     13.50%    passed     96.83%
 354  200814_20-09728_HIV09-02843_FL30_S2_L000_read_54_count_1     13.87%    passed     98.28%
 355  200814_20-09728_HIV09-02843_FL30_S2_L000_read_55_count_1     13.87%    passed     99.00%
 356  200814_20-09728_HIV09-02843_FL30_S2_L000_read_56_count_1     13.87%    passed     92.93%
 357  200814_20-09728_HIV09-02843_FL30_S2_L000_read_57_count_1     13.87%    passed     98.28%
 358  200814_20-09728_HIV09-02843_FL30_S2_L000_read_58_count_1     13.87%    passed     96.39%
 359  200814_20-09728_HIV09-02843_FL30_S2_L000_read_59_count_1     13.87%    passed     98.41%
 360  200814_20-09728_HIV09-02843_FL30_S2_L000_read_60_count_1     13.87%    passed     99.14%
 361  200814_20-09728_HIV09-02843_FL30_S2_L000_read_61_count_1     13.87%    passed     96.26%
 362  200814_20-09728_HIV09-02843_FL30_S2_L000_read_62_count_1     13.87%    passed     96.39%
 363  200814_20-09728_HIV09-02843_FL30_S2_L000_read_63_count_1     13.87%    passed     99.06%
 364  200814_20-09728_HIV09-02843_FL30_S2_L000_read_64_count_1     14.23%    passed     98.68%
 365  200814_20-09728_HIV09-02843_FL30_S2_L000_read_65_count_1     13.87%    passed     98.81%
 366  200814_20-09728_HIV09-02843_FL30_S2_L000_read_66_count_1     13.87%    passed     98.44%
 367  200814_20-09728_HIV09-02843_FL30_S2_L000_read_67_count_1     13.87%    passed     99.14%
 368  200814_20-09728_HIV09-02843_FL30_S2_L000_read_68_count_1     13.87%    passed     95.40%
 369  200814_20-09728_HIV09-02843_FL30_S2_L000_read_69_count_1     13.87%    passed     97.83%
 370  200814_20-09728_HIV09-02843_FL30_S2_L000_read_70_count_1     14.23%    passed     99.26%
 371  200814_20-09728_HIV09-02843_FL30_S2_L000_read_71_count_1     13.87%    passed     95.50%
 372  200814_20-09728_HIV09-02843_FL30_S2_L000_read_72_count_1     13.87%    passed     93.12%
 373  200814_20-09728_HIV09-02843_FL30_S2_L000_read_73_count_1     14.23%    passed     97.28%
 374  200814_20-09728_HIV09-02843_FL30_S2_L000_read_74_count_1     13.87%    passed     94.03%
 375  200814_20-09728_HIV09-02843_FL30_S2_L000_read_75_count_1     13.87%    passed     96.15%
 376  200814_20-09728_HIV09-02843_FL30_S2_L000_read_76_count_1     13.87%    passed     98.28%
 377  200814_20-09728_HIV09-02843_FL30_S2_L000_read_77_count_1     13.87%    passed     97.76%
 378  200814_20-09728_HIV09-02843_FL30_S2_L000_read_78_count_1     13.87%    passed     93.14%
 379  200814_20-09728_HIV09-02843_FL30_S2_L000_read_79_count_1     13.87%    passed     96.26%
 380  200724_20-08518_HIV10-02405_FL24_S14_L000_read_1_count_108   13.87%    passed     98.73%
 381  200724_20-08518_HIV10-02405_FL24_S14_L000_read_2_count_37    13.87%    passed     97.93%
 382  200724_20-08518_HIV10-02405_FL24_S14_L000_read_3_count_19    13.87%    passed     96.78%
 383  200724_20-08518_HIV10-02405_FL24_S14_L000_read_4_count_9     13.87%    passed     96.78%
 384  200724_20-08518_HIV10-02405_FL24_S14_L000_read_5_count_7     13.87%    passed     89.40%
 385  200724_20-08518_HIV10-02405_FL24_S14_L000_read_6_count_6     13.87%    passed     97.93%
 386  200724_20-08518_HIV10-02405_FL24_S14_L000_read_7_count_5     13.87%    passed     95.79%
 387  200724_20-08518_HIV10-02405_FL24_S14_L000_read_8_count_5     13.87%    passed     96.78%
 388  200724_20-08518_HIV10-02405_FL24_S14_L000_read_9_count_4     13.87%    passed     96.78%
 389  200724_20-08518_HIV10-02405_FL24_S14_L000_read_10_count_4    13.87%    passed     95.79%
 390  200724_20-08518_HIV10-02405_FL24_S14_L000_read_11_count_4    13.87%    passed     95.79%
 391  200724_20-08518_HIV10-02405_FL24_S14_L000_read_12_count_4    13.87%    passed     99.50%
 392  200724_20-08518_HIV10-02405_FL24_S14_L000_read_13_count_3    13.87%    passed     95.09%
 393  200724_20-08518_HIV10-02405_FL24_S14_L000_read_14_count_3    13.87%    passed     86.55%
 394  200724_20-08518_HIV10-02405_FL24_S14_L000_read_15_count_2    13.87%    passed     95.79%
 395  200724_20-08518_HIV10-02405_FL24_S14_L000_read_16_count_2    13.87%    passed     98.23%
 396  200724_20-08518_HIV10-02405_FL24_S14_L000_read_17_count_2    13.87%    passed     93.22%
 397  200724_20-08518_HIV10-02405_FL24_S14_L000_read_18_count_2    13.87%    passed     99.50%
 398  200724_20-08518_HIV10-02405_FL24_S14_L000_read_19_count_2    13.87%    passed     98.04%
 399  200724_20-08518_HIV10-02405_FL24_S14_L000_read_20_count_2    13.87%    passed     96.78%
 400  200724_20-08518_HIV10-02405_FL24_S14_L000_read_21_count_2    13.87%    passed     95.09%
 401  200724_20-08518_HIV10-02405_FL24_S14_L000_read_22_count_2    13.87%    passed     93.22%
 402  200724_20-08518_HIV10-02405_FL24_S14_L000_read_23_count_2    13.87%    passed     97.93%
 403  200724_20-08518_HIV10-02405_FL24_S14_L000_read_24_count_2    13.87%    passed     98.04%
 404  200724_20-08518_HIV10-02405_FL24_S14_L000_read_25_count_1    13.87%    passed     95.39%
 405  200724_20-08518_HIV10-02405_FL24_S14_L000_read_26_count_1    13.87%    passed     99.43%
 406  200724_20-08518_HIV10-02405_FL24_S14_L000_read_27_count_1    13.87%    passed     98.73%
 407  200724_20-08518_HIV10-02405_FL24_S14_L000_read_28_count_1    13.87%    passed     99.50%
 408  200724_20-08518_HIV10-02405_FL24_S14_L000_read_29_count_1    13.87%    passed     82.22%
 409  200724_20-08518_HIV10-02405_FL24_S14_L000_read_30_count_1    13.87%    passed     95.09%
 410  200724_20-08518_HIV10-02405_FL24_S14_L000_read_31_count_1    13.87%    passed     98.04%
 411  200724_20-08518_HIV10-02405_FL24_S14_L000_read_32_count_1    13.87%    passed     93.91%
 412  200724_20-08518_HIV10-02405_FL24_S14_L000_read_33_count_1    13.87%    passed     95.79%
 413  200724_20-08518_HIV10-02405_FL24_S14_L000_read_34_count_1    13.50%    passed     99.05%
 414  200724_20-08518_HIV10-02405_FL24_S14_L000_read_35_count_1    13.87%    passed     96.78%
 415  200724_20-08518_HIV10-02405_FL24_S14_L000_read_36_count_1    13.87%    passed     86.55%
 416  200724_20-08518_HIV10-02405_FL24_S14_L000_read_37_count_1    13.87%    passed     95.79%
 417  200724_20-08518_HIV10-02405_FL24_S14_L000_read_38_count_1    13.87%    passed     93.22%
 418  200724_20-08518_HIV10-02405_FL24_S14_L000_read_39_count_1    13.87%    passed     99.54%
 419  200724_20-08518_HIV10-02405_FL24_S14_L000_read_40_count_1    14.23%    passed     97.89%
 420  200724_20-08518_HIV10-02405_FL24_S14_L000_read_41_count_1    14.23%    passed     91.82%
 421  200724_20-08518_HIV10-02405_FL24_S14_L000_read_42_count_1    14.23%    passed     97.89%
 422  200724_20-08518_HIV10-02405_FL24_S14_L000_read_43_count_1    13.87%    passed     98.04%
 423  200724_20-08518_HIV10-02405_FL24_S14_L000_read_44_count_1    13.87%    passed     96.48%
 424  200724_20-08518_HIV10-02405_FL24_S14_L000_read_45_count_1    13.87%    passed     98.73%
 425  200724_20-08518_HIV10-02405_FL24_S14_L000_read_46_count_1    13.87%    passed     96.42%
 426  200724_20-08518_HIV10-02405_FL24_S14_L000_read_47_count_1    13.87%    passed     97.93%
 427  200724_20-08518_HIV10-02405_FL24_S14_L000_read_48_count_1    13.87%    passed     93.22%
 428  200724_20-08518_HIV10-02405_FL24_S14_L000_read_49_count_1    13.87%    passed     95.09%
 429  200724_20-08518_HIV10-02405_FL24_S14_L000_read_50_count_1    13.87%    passed     95.84%
 430  200724_20-08518_HIV10-02405_FL24_S14_L000_read_51_count_1    13.87%    passed     96.65%
 431  200724_20-08518_HIV10-02405_FL24_S14_L000_read_52_count_1    13.87%    passed     96.42%
 432  200724_20-08518_HIV10-02405_FL24_S14_L000_read_53_count_1    13.87%    passed     96.65%
 433  200724_20-08518_HIV10-02405_FL24_S14_L000_read_54_count_1    13.87%    passed     95.84%
 434  200724_20-08518_HIV10-02405_FL24_S14_L000_read_55_count_1    13.87%    passed     98.86%
 435  200724_20-08518_HIV10-02405_FL24_S14_L000_read_56_count_1    13.87%    passed     97.97%
 436  200724_20-08518_HIV10-02405_FL24_S14_L000_read_57_count_1    13.87%    passed     96.65%
 437  200724_20-08518_HIV10-02405_FL24_S14_L000_read_58_count_1    13.87%    passed     98.86%
 438  200724_20-08518_HIV10-02405_FL24_S14_L000_read_59_count_1    13.87%    passed     98.23%
 439  200724_20-08518_HIV10-02405_FL24_S14_L000_read_60_count_1    14.23%    passed     97.89%
 440  200724_20-08518_HIV10-02405_FL24_S14_L000_read_61_count_1    13.87%    passed     98.23%
 441  200724_20-08518_HIV10-02405_FL24_S14_L000_read_62_count_1    13.87%    passed     99.50%
 442  200724_20-08518_HIV10-02405_FL24_S14_L000_read_63_count_1    13.87%    passed     98.86%
 443  200724_20-08518_HIV10-02405_FL24_S14_L000_read_64_count_1    13.87%    passed     97.93%
 444  200724_20-08518_HIV10-02405_FL24_S14_L000_read_65_count_1    13.87%    passed     95.09%
 445  200724_20-08518_HIV10-02405_FL24_S14_L000_read_66_count_1    13.87%    passed     96.48%
 446  200724_20-08518_HIV10-02405_FL24_S14_L000_read_67_count_1    13.87%    passed     95.79%
 447  200724_20-08518_HIV10-02405_FL24_S14_L000_read_68_count_1    13.87%    passed     95.79%
 448  200724_20-08518_HIV10-02405_FL24_S14_L000_read_69_count_1    13.87%    passed     95.09%
 449  200724_20-08518_HIV10-02405_FL24_S14_L000_read_70_count_1    13.87%    passed     95.47%
 450  200724_20-08518_HIV10-02405_FL24_S14_L000_read_71_count_1    13.87%    passed     97.93%
 451  200724_20-08518_HIV10-02405_FL24_S14_L000_read_72_count_1    13.87%    passed     95.09%
 452  200724_20-08518_HIV10-02405_FL24_S14_L000_read_73_count_1    13.87%    passed     95.79%
 453  200724_20-08518_HIV10-02405_FL24_S14_L000_read_74_count_1    13.87%    passed     97.93%
 454  200724_20-08518_HIV10-02405_FL24_S14_L000_read_75_count_1    13.87%    passed     98.04%
 455  200724_20-08518_HIV10-02405_FL24_S14_L000_read_76_count_1    13.87%    passed     99.50%
 456  200724_20-08518_HIV10-02405_FL24_S14_L000_read_77_count_1    14.23%    passed     99.76%
 457  200724_20-08518_HIV10-02405_FL24_S14_L000_read_78_count_1    13.87%    passed     98.04%
 458  200724_20-08518_HIV10-02405_FL24_S14_L000_read_79_count_1    13.87%    passed     98.86%
 459  200724_20-08518_HIV10-02405_FL24_S14_L000_read_80_count_1    13.50%    passed     90.01%
 460  200724_20-08518_HIV10-02405_FL24_S14_L000_read_81_count_1    14.23%    passed     97.89%
 461  200724_20-08518_HIV10-02405_FL24_S14_L000_read_82_count_1    13.87%    passed     96.48%
 462  200724_20-08518_HIV10-02405_FL24_S14_L000_read_83_count_1    13.87%    passed     93.22%
 463  200724_20-08518_HIV10-02405_FL24_S14_L000_read_84_count_1    13.87%    passed     96.42%
 464  200724_20-08518_HIV10-02405_FL24_S14_L000_read_85_count_1    13.87%    passed     95.39%
 465  200724_20-08518_HIV10-02405_FL24_S14_L000_read_86_count_1    13.87%    passed     98.04%
 466  200724_20-08518_HIV10-02405_FL24_S14_L000_read_87_count_1    13.87%    passed     90.84%
 467  200724_20-08518_HIV10-02405_FL24_S14_L000_read_88_count_1    13.87%    passed     94.84%
 468  200724_20-08518_HIV10-02405_FL24_S14_L000_read_89_count_1    13.87%    passed     98.86%
 469  200724_20-08518_HIV10-02405_FL24_S14_L000_read_90_count_1    13.87%    passed     92.55%
 470  200724_20-08518_HIV10-02405_FL24_S14_L000_read_91_count_1    13.87%    passed     95.09%
 471  200724_20-08518_HIV10-02405_FL24_S14_L000_read_92_count_1    13.87%    passed     97.97%
 472  200724_20-08518_HIV10-02405_FL24_S14_L000_read_93_count_1    13.87%    passed     96.02%
 473  200724_20-08518_HIV10-02405_FL24_S14_L000_read_94_count_1    13.87%    passed     99.50%
 474  B.FR.83.HXB2_LAI_IIIB_BRU.K03455                             13.87%    passed    100.00%
 475  C.BW.00.00BW07621.AF443088                                   13.87%    passed     91.07%
****  TOTAL                                                        13.91%  0 sequences failed composition chi2 test (p-value<5%; df=3)
Checking for duplicate sequences: done in 0.00102778 secs using 1272% CPU

Create initial parsimony tree by phylogenetic likelihood library (PLL)... 0.047 seconds

NOTE: 20 MB RAM (0 GB) is required!
WARNING: Number of threads seems too high for short alignments. Use -T AUTO to determine best number of threads.
Estimate model parameters (epsilon = 0.100)
1. Initial log-likelihood: -4360.158
2. Current log-likelihood: -4229.991
3. Current log-likelihood: -4229.710
Optimal log-likelihood: -4229.684
Rate parameters:  A-C: 0.62774  A-G: 1.39204  A-T: 0.34255  C-G: 0.12902  C-T: 1.94203  G-T: 1.00000
Base frequencies:  A: 0.450  C: 0.134  G: 0.212  T: 0.204
Site proportion and rates:  (0.102,0.335) (0.164,0.501) (0.202,0.657) (0.217,0.859) (0.202,1.157) (0.113,2.925)
Parameters optimization took 3 rounds (1.930 sec)
Wrote distance file to... 
Computing ML distances based on estimated model parameters...
Calculating distance matrix: done in 0.414727 secs using 399.6% CPU
Computing ML distances took 0.420237 sec (of wall-clock time) 1.672358 sec (of CPU time)
Setting up auxiliary I and S matrices: done in 0.0142617 secs using 186.1% CPU
Constructing RapidNJ tree: done in 0.94574 secs using 104.5% CPU
Computing RapidNJ tree took 0.962545 sec (of wall-clock time) 1.017507 sec (of CPU time)
Log-likelihood of RapidNJ tree: -4224.673
--------------------------------------------------------------------
|             INITIALIZING CANDIDATE TREE SET                      |
--------------------------------------------------------------------
Generating 98 parsimony trees... 4.908 second
Computing log-likelihood of 98 initial trees ... 4.298 seconds
Current best score: -4221.926

Do NNI search on 20 best initial trees
Optimizing NNI: done in 0.579533 secs using 392.5% CPU
Estimate model parameters (epsilon = 0.100)
BETTER TREE FOUND at iteration 1: -4211.343
Optimizing NNI: done in 0.493401 secs using 399.1% CPU
Optimizing NNI: done in 0.463978 secs using 394% CPU
Optimizing NNI: done in 0.476172 secs using 397.4% CPU
Optimizing NNI: done in 0.329909 secs using 395.8% CPU
Optimizing NNI: done in 0.49428 secs using 396.2% CPU
Estimate model parameters (epsilon = 0.100)
BETTER TREE FOUND at iteration 6: -4190.614
Optimizing NNI: done in 0.480783 secs using 392% CPU
Optimizing NNI: done in 0.586177 secs using 398.2% CPU
Optimizing NNI: done in 0.745393 secs using 375.6% CPU
Optimizing NNI: done in 0.704439 secs using 395.1% CPU
Iteration 10 / LogL: -4228.624 / Time: 0h:0m:24s
Optimizing NNI: done in 0.463233 secs using 385.8% CPU
Optimizing NNI: done in 0.470222 secs using 395.2% CPU
Optimizing NNI: done in 0.469228 secs using 397.5% CPU
Optimizing NNI: done in 0.671867 secs using 395.9% CPU
Optimizing NNI: done in 0.605009 secs using 396.2% CPU
Optimizing NNI: done in 0.488781 secs using 393% CPU
Optimizing NNI: done in 0.467565 secs using 395.1% CPU
Optimizing NNI: done in 0.574698 secs using 397.9% CPU
Optimizing NNI: done in 0.630721 secs using 371.4% CPU
Optimizing NNI: done in 0.846446 secs using 393.9% CPU
Iteration 20 / LogL: -4220.746 / Time: 0h:0m:30s
Finish initializing candidate tree set (20)
Current best tree score: -4190.614 / CPU time: 26.780
Number of iterations: 20
--------------------------------------------------------------------
|               OPTIMIZING CANDIDATE TREE SET                      |
--------------------------------------------------------------------
Optimizing NNI: done in 0.916154 secs using 397.3% CPU
Optimizing NNI: done in 0.727757 secs using 397.3% CPU
Optimizing NNI: done in 0.76391 secs using 396.9% CPU
Optimizing NNI: done in 0.72166 secs using 393.7% CPU
Optimizing NNI: done in 0.627551 secs using 397.7% CPU
Optimizing NNI: done in 0.910834 secs using 377.4% CPU
Optimizing NNI: done in 0.583356 secs using 396.7% CPU
Optimizing NNI: done in 0.743225 secs using 395.5% CPU
Optimizing NNI: done in 0.776598 secs using 395.6% CPU
Optimizing NNI: done in 0.756794 secs using 392.3% CPU
Iteration 30 / LogL: -4192.850 / Time: 0h:0m:38s (0h:1m:40s left)
Optimizing NNI: done in 0.952837 secs using 391.8% CPU
Optimizing NNI: done in 0.580571 secs using 395.6% CPU
Optimizing NNI: done in 0.896891 secs using 376% CPU
Estimate model parameters (epsilon = 0.100)
BETTER TREE FOUND at iteration 33: -4185.866
Optimizing NNI: done in 0.693051 secs using 395.5% CPU
Optimizing NNI: done in 0.81054 secs using 373.7% CPU
Optimizing NNI: done in 0.752921 secs using 397% CPU
Optimizing NNI: done in 0.566169 secs using 395.3% CPU
Optimizing NNI: done in 0.817108 secs using 393.7% CPU
Optimizing NNI: done in 1.0796 secs using 396.4% CPU
Estimate model parameters (epsilon = 0.100)
BETTER TREE FOUND at iteration 39: -4184.668
Optimizing NNI: done in 0.66597 secs using 396.7% CPU
Iteration 40 / LogL: -4187.778 / Time: 0h:0m:50s (0h:2m:8s left)
Optimizing NNI: done in 0.702782 secs using 376.9% CPU
Optimizing NNI: done in 0.689853 secs using 391.6% CPU
Optimizing NNI: done in 0.814863 secs using 395% CPU
Optimizing NNI: done in 0.558177 secs using 394.5% CPU
Optimizing NNI: done in 0.784475 secs using 393.7% CPU
Estimate model parameters (epsilon = 0.100)
BETTER TREE FOUND at iteration 45: -4183.274
Optimizing NNI: done in 0.577575 secs using 395% CPU
Optimizing NNI: done in 0.557685 secs using 399.8% CPU
Optimizing NNI: done in 1.09024 secs using 378.8% CPU
Optimizing NNI: done in 0.572497 secs using 392.8% CPU
Optimizing NNI: done in 0.637109 secs using 395.1% CPU
Iteration 50 / LogL: -4197.700 / Time: 0h:0m:58s (0h:1m:53s left)
Optimizing NNI: done in 0.798486 secs using 392.6% CPU
Optimizing NNI: done in 0.759518 secs using 394.4% CPU
Optimizing NNI: done in 0.651115 secs using 397.3% CPU
Optimizing NNI: done in 0.823277 secs using 393% CPU
Optimizing NNI: done in 0.901231 secs using 378% CPU
Optimizing NNI: done in 0.572725 secs using 396.8% CPU
Optimizing NNI: done in 0.967031 secs using 395.3% CPU
Optimizing NNI: done in 0.642004 secs using 394.1% CPU
Optimizing NNI: done in 0.583406 secs using 391.4% CPU
Optimizing NNI: done in 0.959604 secs using 397.2% CPU
Iteration 60 / LogL: -4206.673 / Time: 0h:1m:6s (0h:1m:36s left)
Optimizing NNI: done in 0.668478 secs using 397.3% CPU
Optimizing NNI: done in 0.895822 secs using 380.6% CPU
Optimizing NNI: done in 0.745107 secs using 393.7% CPU
Optimizing NNI: done in 0.574704 secs using 395.8% CPU
Optimizing NNI: done in 0.773201 secs using 395.4% CPU
Optimizing NNI: done in 0.740953 secs using 393.7% CPU
Optimizing NNI: done in 0.676184 secs using 396.4% CPU
Optimizing NNI: done in 0.874695 secs using 397.7% CPU
Optimizing NNI: done in 0.824729 secs using 377.8% CPU
Optimizing NNI: done in 0.777652 secs using 397.3% CPU
Iteration 70 / LogL: -4197.012 / Time: 0h:1m:14s (0h:1m:21s left)
Optimizing NNI: done in 0.723978 secs using 396.1% CPU
Optimizing NNI: done in 0.686471 secs using 396.6% CPU
Optimizing NNI: done in 0.996099 secs using 394.3% CPU
Optimizing NNI: done in 0.433437 secs using 400.8% CPU
Optimizing NNI: done in 0.696472 secs using 394% CPU
Optimizing NNI: done in 0.835137 secs using 379.2% CPU
Optimizing NNI: done in 0.907526 secs using 394.9% CPU
Optimizing NNI: done in 0.722934 secs using 397.7% CPU
Optimizing NNI: done in 0.890397 secs using 393.8% CPU
Optimizing NNI: done in 0.656201 secs using 398.1% CPU
Iteration 80 / LogL: -4191.622 / Time: 0h:1m:22s (0h:1m:7s left)
Optimizing NNI: done in 0.702507 secs using 395.5% CPU
Optimizing NNI: done in 1.04951 secs using 385.8% CPU
Optimizing NNI: done in 0.763656 secs using 392.8% CPU
Optimizing NNI: done in 0.846852 secs using 393.8% CPU
Optimizing NNI: done in 0.652484 secs using 395.5% CPU
Optimizing NNI: done in 0.580435 secs using 397.7% CPU
Optimizing NNI: done in 0.710285 secs using 395.6% CPU
Optimizing NNI: done in 0.533346 secs using 397.6% CPU
Optimizing NNI: done in 0.846091 secs using 383.7% CPU
Optimizing NNI: done in 0.702839 secs using 395.4% CPU
Iteration 90 / LogL: -4191.437 / Time: 0h:1m:30s (0h:0m:55s left)
Optimizing NNI: done in 0.83001 secs using 396.4% CPU
Optimizing NNI: done in 0.790326 secs using 395.1% CPU
Estimate model parameters (epsilon = 0.100)
BETTER TREE FOUND at iteration 92: -4180.354
Optimizing NNI: done in 0.654573 secs using 397.6% CPU
Optimizing NNI: done in 0.605035 secs using 395.5% CPU
Optimizing NNI: done in 1.2066 secs using 382.5% CPU
Optimizing NNI: done in 0.674018 secs using 393.7% CPU
Optimizing NNI: done in 0.670875 secs using 396.3% CPU
Optimizing NNI: done in 0.556054 secs using 398.5% CPU
Optimizing NNI: done in 1.01696 secs using 394.2% CPU
Optimizing NNI: done in 0.671816 secs using 395.3% CPU
Iteration 100 / LogL: -4192.667 / Time: 0h:1m:39s (0h:1m:32s left)
Optimizing NNI: done in 0.674422 secs using 396.4% CPU
Optimizing NNI: done in 0.831359 secs using 375.4% CPU
Optimizing NNI: done in 0.830004 secs using 395.4% CPU
Optimizing NNI: done in 0.647011 secs using 391.2% CPU
Optimizing NNI: done in 0.571527 secs using 395.8% CPU
Optimizing NNI: done in 0.752349 secs using 395.5% CPU
Estimate model parameters (epsilon = 0.100)
BETTER TREE FOUND at iteration 106: -4180.095
Optimizing NNI: done in 0.788294 secs using 395.8% CPU
Optimizing NNI: done in 0.969862 secs using 375.4% CPU
Optimizing NNI: done in 0.727391 secs using 397.5% CPU
Optimizing NNI: done in 0.881539 secs using 394% CPU
Iteration 110 / LogL: -4187.697 / Time: 0h:1m:48s (0h:1m:35s left)
Optimizing NNI: done in 0.577 secs using 393.2% CPU
Optimizing NNI: done in 0.734277 secs using 395.5% CPU
Optimizing NNI: done in 0.712816 secs using 394.6% CPU
Optimizing NNI: done in 0.722997 secs using 392.1% CPU
Optimizing NNI: done in 1.05312 secs using 380.5% CPU
Optimizing NNI: done in 0.595077 secs using 395.8% CPU
Optimizing NNI: done in 0.687726 secs using 398.4% CPU
Optimizing NNI: done in 0.66718 secs using 396.8% CPU
Optimizing NNI: done in 0.555823 secs using 395% CPU
Optimizing NNI: done in 0.789176 secs using 395% CPU
Iteration 120 / LogL: -4186.894 / Time: 0h:1m:55s (0h:1m:23s left)
Optimizing NNI: done in 0.567071 secs using 394.2% CPU
Optimizing NNI: done in 0.682509 secs using 380.1% CPU
Optimizing NNI: done in 0.919928 secs using 397.8% CPU
Estimate model parameters (epsilon = 0.100)
BETTER TREE FOUND at iteration 123: -4179.896
Optimizing NNI: done in 0.679377 secs using 394.4% CPU
Optimizing NNI: done in 0.791398 secs using 395.7% CPU
Optimizing NNI: done in 0.616982 secs using 397.6% CPU
Optimizing NNI: done in 0.588297 secs using 395.1% CPU
Optimizing NNI: done in 0.72836 secs using 372.2% CPU
Optimizing NNI: done in 0.775647 secs using 395% CPU
Optimizing NNI: done in 0.636773 secs using 395.8% CPU
Iteration 130 / LogL: -4199.088 / Time: 0h:2m:4s (0h:1m:29s left)
Optimizing NNI: done in 0.76505 secs using 395.4% CPU
Optimizing NNI: done in 0.625335 secs using 393.6% CPU
Optimizing NNI: done in 0.66788 secs using 394.6% CPU
Optimizing NNI: done in 0.784743 secs using 394.6% CPU
Optimizing NNI: done in 0.935644 secs using 378.9% CPU
Optimizing NNI: done in 0.906163 secs using 397% CPU
Optimizing NNI: done in 0.690082 secs using 397.2% CPU
Optimizing NNI: done in 0.591347 secs using 394% CPU
Optimizing NNI: done in 0.81412 secs using 396.8% CPU
Optimizing NNI: done in 0.811386 secs using 395.8% CPU
Iteration 140 / LogL: -4180.128 / Time: 0h:2m:12s (0h:1m:18s left)
Optimizing NNI: done in 0.658163 secs using 399% CPU
Optimizing NNI: done in 1.06293 secs using 380.1% CPU
Optimizing NNI: done in 0.655099 secs using 396.7% CPU
Optimizing NNI: done in 0.685373 secs using 395.7% CPU
Optimizing NNI: done in 0.697848 secs using 398.6% CPU
Optimizing NNI: done in 0.670828 secs using 396.2% CPU
Optimizing NNI: done in 0.786255 secs using 395.1% CPU
Optimizing NNI: done in 0.68676 secs using 395.9% CPU
Optimizing NNI: done in 0.831719 secs using 375.3% CPU
Optimizing NNI: done in 0.66493 secs using 394.8% CPU
Iteration 150 / LogL: -4204.757 / Time: 0h:2m:19s (0h:1m:8s left)
Optimizing NNI: done in 0.803672 secs using 394.1% CPU
Optimizing NNI: done in 0.584897 secs using 394.7% CPU
Optimizing NNI: done in 0.577189 secs using 395.9% CPU
Optimizing NNI: done in 0.86766 secs using 395.5% CPU
Optimizing NNI: done in 0.574474 secs using 395.2% CPU
Optimizing NNI: done in 0.717667 secs using 397.3% CPU
Optimizing NNI: done in 0.879654 secs using 386.4% CPU
Optimizing NNI: done in 0.612335 secs using 394.6% CPU
Optimizing NNI: done in 1.1656 secs using 397.8% CPU
Optimizing NNI: done in 0.587684 secs using 394.7% CPU
Iteration 160 / LogL: -4195.600 / Time: 0h:2m:27s (0h:0m:58s left)
Optimizing NNI: done in 0.96061 secs using 394.8% CPU
Optimizing NNI: done in 0.797247 secs using 396.3% CPU
Optimizing NNI: done in 0.821618 secs using 376.4% CPU
Optimizing NNI: done in 0.918217 secs using 394.5% CPU
Optimizing NNI: done in 0.882427 secs using 396% CPU
Optimizing NNI: done in 0.593947 secs using 397% CPU
Optimizing NNI: done in 0.571148 secs using 399% CPU
Optimizing NNI: done in 0.594446 secs using 394.7% CPU
Optimizing NNI: done in 0.785176 secs using 396% CPU
Estimate model parameters (epsilon = 0.100)
BETTER TREE FOUND at iteration 169: -4179.306
Optimizing NNI: done in 0.724292 secs using 397.6% CPU
Iteration 170 / LogL: -4180.318 / Time: 0h:2m:36s (0h:1m:31s left)
Optimizing NNI: done in 0.592728 secs using 395.6% CPU
Optimizing NNI: done in 0.67725 secs using 393.5% CPU
Estimate model parameters (epsilon = 0.100)
BETTER TREE FOUND at iteration 172: -4178.829
Optimizing NNI: done in 0.732284 secs using 396% CPU
Optimizing NNI: done in 0.797096 secs using 396.1% CPU
Optimizing NNI: done in 1.03711 secs using 381.5% CPU
Optimizing NNI: done in 0.677985 secs using 397.9% CPU
Optimizing NNI: done in 0.906941 secs using 397.7% CPU
Optimizing NNI: done in 0.584332 secs using 393.7% CPU
Optimizing NNI: done in 0.648543 secs using 392.4% CPU
Optimizing NNI: done in 0.938848 secs using 397.8% CPU
Iteration 180 / LogL: -4182.858 / Time: 0h:2m:44s (0h:1m:24s left)
Optimizing NNI: done in 0.704332 secs using 395.3% CPU
Optimizing NNI: done in 0.834327 secs using 377.3% CPU
Optimizing NNI: done in 0.791868 secs using 396.5% CPU
Optimizing NNI: done in 0.871425 secs using 394.6% CPU
Optimizing NNI: done in 0.471077 secs using 394.6% CPU
Optimizing NNI: done in 0.699786 secs using 395.5% CPU
Optimizing NNI: done in 0.745636 secs using 398.7% CPU
Optimizing NNI: done in 0.724904 secs using 396.3% CPU
Optimizing NNI: done in 0.795715 secs using 376.2% CPU
Optimizing NNI: done in 0.659733 secs using 397.7% CPU
Iteration 190 / LogL: -4185.940 / Time: 0h:2m:52s (0h:1m:14s left)
Optimizing NNI: done in 0.597608 secs using 397.2% CPU
Optimizing NNI: done in 0.680052 secs using 394.5% CPU
Optimizing NNI: done in 0.797897 secs using 396.3% CPU
Optimizing NNI: done in 0.726811 secs using 397.2% CPU
Optimizing NNI: done in 0.82664 secs using 396.1% CPU
Optimizing NNI: done in 1.00494 secs using 380.5% CPU
Optimizing NNI: done in 0.843652 secs using 396.8% CPU
Optimizing NNI: done in 0.803462 secs using 395.6% CPU
Optimizing NNI: done in 0.595737 secs using 396.1% CPU
Optimizing NNI: done in 0.586532 secs using 397.2% CPU
Iteration 200 / LogL: -4194.475 / Time: 0h:3m:0s (0h:1m:5s left)
Optimizing NNI: done in 0.751026 secs using 392.9% CPU
Optimizing NNI: done in 0.78331 secs using 393.6% CPU
Optimizing NNI: done in 0.936109 secs using 375.5% CPU
Optimizing NNI: done in 0.682819 secs using 395.8% CPU
Optimizing NNI: done in 0.695445 secs using 397.9% CPU
Optimizing NNI: done in 0.705423 secs using 398.6% CPU
Optimizing NNI: done in 0.828503 secs using 394.5% CPU
Optimizing NNI: done in 0.68567 secs using 398% CPU
Optimizing NNI: done in 0.575814 secs using 398% CPU
Optimizing NNI: done in 1.10029 secs using 382.1% CPU
Iteration 210 / LogL: -4184.785 / Time: 0h:3m:8s (0h:0m:55s left)
Optimizing NNI: done in 0.728623 secs using 396.9% CPU
Optimizing NNI: done in 0.687192 secs using 395.7% CPU
Optimizing NNI: done in 0.786281 secs using 396.6% CPU
Optimizing NNI: done in 0.582727 secs using 392.4% CPU
Optimizing NNI: done in 0.688126 secs using 395.9% CPU
Optimizing NNI: done in 0.760483 secs using 394% CPU
Optimizing NNI: done in 0.881799 secs using 379% CPU
Optimizing NNI: done in 0.679381 secs using 395.6% CPU
Optimizing NNI: done in 0.597361 secs using 393.9% CPU
Optimizing NNI: done in 0.7891 secs using 395% CPU
Iteration 220 / LogL: -4179.309 / Time: 0h:3m:15s (0h:0m:46s left)
Optimizing NNI: done in 0.723261 secs using 399.2% CPU
Optimizing NNI: done in 0.811899 secs using 396.1% CPU
Optimizing NNI: done in 0.995694 secs using 396.8% CPU
Optimizing NNI: done in 0.859593 secs using 375.7% CPU
Optimizing NNI: done in 0.81049 secs using 394.6% CPU
Optimizing NNI: done in 0.599421 secs using 397.6% CPU
Optimizing NNI: done in 0.661598 secs using 399.1% CPU
Optimizing NNI: done in 0.712197 secs using 396% CPU
Optimizing NNI: done in 0.474029 secs using 395.4% CPU
Optimizing NNI: done in 0.705866 secs using 398.1% CPU
Iteration 230 / LogL: -4180.454 / Time: 0h:3m:23s (0h:0m:37s left)
Optimizing NNI: done in 0.873942 secs using 381.2% CPU
Optimizing NNI: done in 0.826856 secs using 395.6% CPU
Optimizing NNI: done in 0.710106 secs using 395.7% CPU
Optimizing NNI: done in 0.795939 secs using 396.5% CPU
Optimizing NNI: done in 0.724885 secs using 397.9% CPU
Optimizing NNI: done in 0.749848 secs using 395% CPU
Optimizing NNI: done in 0.580729 secs using 395.5% CPU
Optimizing NNI: done in 0.80121 secs using 376.8% CPU
Optimizing NNI: done in 0.674213 secs using 393% CPU
Optimizing NNI: done in 0.858355 secs using 395.7% CPU
Iteration 240 / LogL: -4189.336 / Time: 0h:3m:31s (0h:0m:28s left)
Optimizing NNI: done in 0.948842 secs using 395.4% CPU
Optimizing NNI: done in 0.703389 secs using 396.3% CPU
Optimizing NNI: done in 0.714226 secs using 393.5% CPU
Optimizing NNI: done in 0.591234 secs using 394.3% CPU
Optimizing NNI: done in 0.679416 secs using 374% CPU
Optimizing NNI: done in 0.692265 secs using 397.4% CPU
Optimizing NNI: done in 0.798522 secs using 396% CPU
Optimizing NNI: done in 0.766653 secs using 393.8% CPU
Optimizing NNI: done in 0.862945 secs using 396.5% CPU
Optimizing NNI: done in 0.576752 secs using 398.2% CPU
Iteration 250 / LogL: -4183.164 / Time: 0h:3m:39s (0h:0m:19s left)
Optimizing NNI: done in 0.667609 secs using 394.6% CPU
Optimizing NNI: done in 0.833192 secs using 376% CPU
Optimizing NNI: done in 0.847571 secs using 395.9% CPU
Optimizing NNI: done in 0.864201 secs using 396.7% CPU
Optimizing NNI: done in 0.579225 secs using 399% CPU
Optimizing NNI: done in 0.708146 secs using 394.3% CPU
Optimizing NNI: done in 0.750082 secs using 393.3% CPU
Optimizing NNI: done in 0.586673 secs using 397.2% CPU
Optimizing NNI: done in 0.691856 secs using 374.6% CPU
Optimizing NNI: done in 0.790037 secs using 397.7% CPU
Iteration 260 / LogL: -4196.409 / Time: 0h:3m:46s (0h:0m:10s left)
Optimizing NNI: done in 0.56502 secs using 393.8% CPU
Optimizing NNI: done in 0.698758 secs using 397.1% CPU
Optimizing NNI: done in 0.67383 secs using 395.6% CPU
Optimizing NNI: done in 0.71453 secs using 397.2% CPU
Optimizing NNI: done in 0.599541 secs using 396.2% CPU
Optimizing NNI: done in 0.553558 secs using 396.3% CPU
Optimizing NNI: done in 0.919875 secs using 379.1% CPU
Optimizing NNI: done in 0.669241 secs using 392.9% CPU
Optimizing NNI: done in 0.593253 secs using 392.6% CPU
Optimizing NNI: done in 0.65587 secs using 395.8% CPU
Iteration 270 / LogL: -4181.719 / Time: 0h:3m:53s (0h:0m:1s left)
Optimizing NNI: done in 0.700624 secs using 396.3% CPU
Optimizing NNI: done in 0.576609 secs using 394.8% CPU
Optimizing NNI: done in 0.601522 secs using 393.2% CPU
TREE SEARCH COMPLETED AFTER 273 ITERATIONS / Time: 0h:3m:55s

--------------------------------------------------------------------
|                    FINALIZING TREE SEARCH                        |
--------------------------------------------------------------------
Performs final model parameters optimization
Estimate model parameters (epsilon = 0.010)
1. Initial log-likelihood: -4178.829
Optimal log-likelihood: -4178.825
Rate parameters:  A-C: 0.61492  A-G: 1.48817  A-T: 0.25921  C-G: 0.10027  C-T: 1.86388  G-T: 1.00000
Base frequencies:  A: 0.450  C: 0.134  G: 0.212  T: 0.204
Site proportion and rates:  (0.135,0.422) (0.208,0.432) (0.225,0.686) (0.355,1.181) (0.072,3.288) (0.005,8.277)
Parameters optimization took 1 rounds (0.427 sec)
BEST SCORE FOUND : -4178.825
Total tree length: 2.442

Total number of iterations: 273
CPU time used for tree search: 879.153 sec (0h:14m:39s)
Wall-clock time used for tree search: 232.094 sec (0h:3m:52s)
Total CPU time used: 892.004 sec (0h:14m:52s)
Total wall-clock time used: 236.217 sec (0h:3m:56s)

Analysis results written to: 
  IQ-TREE report:                IQTREE_bestTree.InWindow_4660_to_4910.iqtree
  Maximum-likelihood tree:       IQTREE_bestTree.InWindow_4660_to_4910.treefile
  Likelihood distances:          IQTREE_bestTree.InWindow_4660_to_4910.mldist
  Screen log file:               IQTREE_bestTree.InWindow_4660_to_4910.log

Date and Time: Sun Jul 23 04:25:59 2023
