IQ-TREE multicore version 2.2.2.7 COVID-edition for Linux 64-bit built Jun  7 2023
Developed by Bui Quang Minh, James Barbetti, Nguyen Lam Tung,
Olga Chernomor, Heiko Schmidt, Dominik Schrempf, Michael Woodhams, Ly Trong Nhan.

Host:    hpc-node03 (AVX2, FMA3, 1007 GB RAM)
Command: iqtree -s AlignedReadsInWindow_PositionsExcised_4620_to_4870.fasta -pre IQTREE_bestTree.InWindow_4620_to_4870 -m GTR+F+R6 -nt 4
Seed:    42755 (Using SPRNG - Scalable Parallel Random Number Generator)
Time:    Sun Jul 23 04:19:59 2023
Kernel:  AVX+FMA - 4 threads (4 CPU cores detected)

Reading alignment file AlignedReadsInWindow_PositionsExcised_4620_to_4870.fasta ... Fasta format detected
Reading fasta file: done in 0.00338962 secs using 68.12% CPU
Alignment most likely contains DNA/RNA sequences
Constructing alignment: done in 0.0014609 secs using 86.59% CPU
Alignment has 429 sequences with 265 columns, 201 distinct patterns
104 parsimony-informative, 76 singleton sites, 85 constant sites
                                                            Gap/Ambiguity  Composition  p-value
Analyzing sequences: done in 0.0144499 secs using 294.1% CPU
   1  200724_20-08522_HIV11-02415_FL24_S18_L000_read_1_count_191   14.34%    passed     99.97%
   2  200724_20-08522_HIV11-02415_FL24_S18_L000_read_2_count_51    14.34%    passed     99.93%
   3  200724_20-08522_HIV11-02415_FL24_S18_L000_read_3_count_25    14.34%    passed     99.97%
   4  200724_20-08522_HIV11-02415_FL24_S18_L000_read_4_count_17    14.34%    passed     99.93%
   5  200724_20-08522_HIV11-02415_FL24_S18_L000_read_5_count_8     14.34%    passed     99.93%
   6  200724_20-08522_HIV11-02415_FL24_S18_L000_read_6_count_4     14.34%    passed     99.93%
   7  200724_20-08522_HIV11-02415_FL24_S18_L000_read_7_count_4     14.34%    passed     99.93%
   8  200724_20-08522_HIV11-02415_FL24_S18_L000_read_8_count_3     14.34%    passed     99.97%
   9  200724_20-08522_HIV11-02415_FL24_S18_L000_read_9_count_3     14.34%    passed     99.93%
  10  200724_20-08522_HIV11-02415_FL24_S18_L000_read_10_count_3    14.34%    passed     99.38%
  11  200724_20-08522_HIV11-02415_FL24_S18_L000_read_11_count_3    14.34%    passed     99.65%
  12  200724_20-08522_HIV11-02415_FL24_S18_L000_read_12_count_2    14.34%    passed     97.70%
  13  200724_20-08522_HIV11-02415_FL24_S18_L000_read_13_count_2    14.34%    passed     99.38%
  14  200724_20-08522_HIV11-02415_FL24_S18_L000_read_14_count_2    14.34%    passed     99.62%
  15  200724_20-08522_HIV11-02415_FL24_S18_L000_read_15_count_2    14.34%    passed     99.62%
  16  200724_20-08522_HIV11-02415_FL24_S18_L000_read_16_count_2    14.34%    passed     99.93%
  17  200724_20-08522_HIV11-02415_FL24_S18_L000_read_17_count_2    14.34%    passed     99.93%
  18  200724_20-08522_HIV11-02415_FL24_S18_L000_read_18_count_2    14.34%    passed     99.82%
  19  200724_20-08522_HIV11-02415_FL24_S18_L000_read_19_count_2    14.34%    passed     98.60%
  20  200724_20-08522_HIV11-02415_FL24_S18_L000_read_20_count_2    14.34%    passed     99.76%
  21  200724_20-08522_HIV11-02415_FL24_S18_L000_read_21_count_2    14.34%    passed     99.38%
  22  200724_20-08522_HIV11-02415_FL24_S18_L000_read_22_count_2    14.34%    passed     99.82%
  23  200724_20-08522_HIV11-02415_FL24_S18_L000_read_23_count_1    14.34%    passed     99.65%
  24  200724_20-08522_HIV11-02415_FL24_S18_L000_read_24_count_1    14.34%    passed     99.93%
  25  200724_20-08522_HIV11-02415_FL24_S18_L000_read_25_count_1    14.34%    passed     99.82%
  26  200724_20-08522_HIV11-02415_FL24_S18_L000_read_26_count_1    27.17%    passed     90.05%
  27  200724_20-08522_HIV11-02415_FL24_S18_L000_read_27_count_1    14.34%    passed     99.22%
  28  200724_20-08522_HIV11-02415_FL24_S18_L000_read_28_count_1    13.96%    passed     99.99%
  29  200724_20-08522_HIV11-02415_FL24_S18_L000_read_29_count_1    14.34%    passed     99.97%
  30  200724_20-08522_HIV11-02415_FL24_S18_L000_read_30_count_1    14.34%    passed     99.65%
  31  200724_20-08522_HIV11-02415_FL24_S18_L000_read_31_count_1    14.72%    passed     99.94%
  32  200724_20-08522_HIV11-02415_FL24_S18_L000_read_32_count_1    14.34%    passed     99.84%
  33  200724_20-08522_HIV11-02415_FL24_S18_L000_read_33_count_1    14.34%    passed     99.82%
  34  200724_20-08522_HIV11-02415_FL24_S18_L000_read_34_count_1    14.34%    passed     98.56%
  35  200724_20-08522_HIV11-02415_FL24_S18_L000_read_35_count_1    14.34%    passed     97.70%
  36  200724_20-08522_HIV11-02415_FL24_S18_L000_read_36_count_1    14.72%    passed     99.86%
  37  200724_20-08522_HIV11-02415_FL24_S18_L000_read_37_count_1    14.34%    passed     99.93%
  38  200724_20-08522_HIV11-02415_FL24_S18_L000_read_38_count_1    14.34%    passed     99.34%
  39  200724_20-08522_HIV11-02415_FL24_S18_L000_read_39_count_1    14.34%    passed     99.97%
  40  200724_20-08522_HIV11-02415_FL24_S18_L000_read_40_count_1    14.34%    passed     99.76%
  41  200724_20-08522_HIV11-02415_FL24_S18_L000_read_41_count_1    14.34%    passed     99.38%
  42  200724_20-08522_HIV11-02415_FL24_S18_L000_read_42_count_1    14.34%    passed     99.62%
  43  200724_20-08522_HIV11-02415_FL24_S18_L000_read_43_count_1    14.34%    passed     99.84%
  44  200724_20-08522_HIV11-02415_FL24_S18_L000_read_44_count_1    14.34%    passed     99.38%
  45  200724_20-08522_HIV11-02415_FL24_S18_L000_read_45_count_1    14.34%    passed     99.84%
  46  200724_20-08522_HIV11-02415_FL24_S18_L000_read_46_count_1    14.34%    passed     99.34%
  47  200724_20-08522_HIV11-02415_FL24_S18_L000_read_47_count_1    14.34%    passed     99.34%
  48  200724_20-08522_HIV11-02415_FL24_S18_L000_read_48_count_1    14.34%    passed     99.62%
  49  200724_20-08522_HIV11-02415_FL24_S18_L000_read_49_count_1    14.34%    passed     99.97%
  50  200724_20-08522_HIV11-02415_FL24_S18_L000_read_50_count_1    14.34%    passed     99.62%
  51  200724_20-08522_HIV11-02415_FL24_S18_L000_read_51_count_1    14.34%    passed     99.84%
  52  200724_20-08522_HIV11-02415_FL24_S18_L000_read_52_count_1    14.34%    passed     99.41%
  53  200724_20-08522_HIV11-02415_FL24_S18_L000_read_53_count_1    14.34%    passed     99.38%
  54  200724_20-08522_HIV11-02415_FL24_S18_L000_read_54_count_1    14.34%    passed     99.26%
  55  200724_20-08522_HIV11-02415_FL24_S18_L000_read_55_count_1    14.34%    passed     99.79%
  56  200724_20-08522_HIV11-02415_FL24_S18_L000_read_56_count_1    14.34%    passed     99.93%
  57  200724_20-08522_HIV11-02415_FL24_S18_L000_read_57_count_1    14.34%    passed     99.80%
  58  200724_20-08522_HIV11-02415_FL24_S18_L000_read_58_count_1    14.34%    passed     93.91%
  59  200724_20-08522_HIV11-02415_FL24_S18_L000_read_59_count_1    14.34%    passed     99.38%
  60  200724_20-08522_HIV11-02415_FL24_S18_L000_read_60_count_1    14.34%    passed     97.99%
  61  200724_20-08522_HIV11-02415_FL24_S18_L000_read_61_count_1    14.34%    passed     99.97%
  62  200724_20-08522_HIV11-02415_FL24_S18_L000_read_62_count_1    14.34%    passed     99.34%
  63  200724_20-08522_HIV11-02415_FL24_S18_L000_read_63_count_1    14.34%    passed     98.33%
  64  200724_20-08522_HIV11-02415_FL24_S18_L000_read_64_count_1    14.34%    passed     99.93%
  65  200724_20-08522_HIV11-02415_FL24_S18_L000_read_65_count_1    14.72%    passed     99.61%
  66  200724_20-08522_HIV11-02415_FL24_S18_L000_read_66_count_1    14.34%    passed     99.61%
  67  200724_20-08522_HIV11-02415_FL24_S18_L000_read_67_count_1    14.34%    passed     95.55%
  68  200724_20-08522_HIV11-02415_FL24_S18_L000_read_68_count_1    14.34%    passed     99.76%
  69  200724_20-08522_HIV11-02415_FL24_S18_L000_read_69_count_1    14.34%    passed     99.66%
  70  200724_20-08522_HIV11-02415_FL24_S18_L000_read_70_count_1    14.34%    passed     99.26%
  71  200724_20-08522_HIV11-02415_FL24_S18_L000_read_71_count_1    14.34%    passed     99.76%
  72  200724_20-08522_HIV11-02415_FL24_S18_L000_read_72_count_1    14.34%    passed     99.97%
  73  200724_20-08522_HIV11-02415_FL24_S18_L000_read_73_count_1    14.34%    passed     99.97%
  74  200724_20-08522_HIV11-02415_FL24_S18_L000_read_74_count_1    14.34%    passed     99.82%
  75  200724_20-08522_HIV11-02415_FL24_S18_L000_read_75_count_1    14.34%    passed     99.38%
  76  200724_20-08522_HIV11-02415_FL24_S18_L000_read_76_count_1    14.34%    passed     99.79%
  77  200724_20-08522_HIV11-02415_FL24_S18_L000_read_77_count_1    13.96%    passed     99.99%
  78  200724_20-08522_HIV11-02415_FL24_S18_L000_read_78_count_1    14.34%    passed     98.37%
  79  200724_20-08522_HIV11-02415_FL24_S18_L000_read_79_count_1    14.34%    passed     99.25%
  80  200724_20-08522_HIV11-02415_FL24_S18_L000_read_80_count_1    14.34%    passed     99.62%
  81  200724_20-08522_HIV11-02415_FL24_S18_L000_read_81_count_1    14.34%    passed     96.76%
  82  200724_20-08522_HIV11-02415_FL24_S18_L000_read_82_count_1    14.34%    passed     99.97%
  83  200724_20-08522_HIV11-02415_FL24_S18_L000_read_83_count_1    14.34%    passed     99.93%
  84  200724_20-08522_HIV11-02415_FL24_S18_L000_read_84_count_1    14.34%    passed     99.61%
  85  200724_20-08522_HIV11-02415_FL24_S18_L000_read_85_count_1    14.34%    passed     99.84%
  86  200724_20-08522_HIV11-02415_FL24_S18_L000_read_86_count_1    14.34%    passed     94.43%
  87  200724_20-08522_HIV11-02415_FL24_S18_L000_read_87_count_1    14.34%    passed     99.34%
  88  200724_20-08522_HIV11-02415_FL24_S18_L000_read_88_count_1    14.34%    passed     98.56%
  89  200724_20-08522_HIV11-02415_FL24_S18_L000_read_89_count_1    14.34%    passed     98.60%
  90  200724_20-08522_HIV11-02415_FL24_S18_L000_read_90_count_1    14.34%    passed     99.82%
  91  200724_20-08522_HIV11-02415_FL24_S18_L000_read_91_count_1    16.98%    passed     92.01%
  92  200724_20-08522_HIV11-02415_FL24_S18_L000_read_92_count_1    14.34%    passed     99.79%
  93  200724_20-08522_HIV11-02415_FL24_S18_L000_read_93_count_1    14.34%    passed     99.62%
  94  200724_20-08522_HIV11-02415_FL24_S18_L000_read_94_count_1    14.34%    passed     99.84%
  95  200724_20-08522_HIV11-02415_FL24_S18_L000_read_95_count_1    14.34%    passed     99.38%
  96  200724_20-08522_HIV11-02415_FL24_S18_L000_read_96_count_1    14.34%    passed     99.84%
  97  200724_20-08522_HIV11-02415_FL24_S18_L000_read_97_count_1    14.34%    passed     99.38%
  98  200724_20-08522_HIV11-02415_FL24_S18_L000_read_98_count_1    14.34%    passed     99.76%
  99  200724_20-08522_HIV11-02415_FL24_S18_L000_read_99_count_1    14.34%    passed     99.97%
 100  200724_20-08522_HIV11-02415_FL24_S18_L000_read_100_count_1   14.34%    passed     99.65%
 101  200724_20-08522_HIV11-02415_FL24_S18_L000_read_101_count_1   14.34%    passed     99.84%
 102  200724_20-08522_HIV11-02415_FL24_S18_L000_read_102_count_1   14.34%    passed     99.82%
 103  200724_20-08522_HIV11-02415_FL24_S18_L000_read_103_count_1   14.34%    passed     99.76%
 104  200724_20-08522_HIV11-02415_FL24_S18_L000_read_104_count_1   14.34%    passed     96.46%
 105  200724_20-08522_HIV11-02415_FL24_S18_L000_read_105_count_1   14.34%    passed     97.70%
 106  200724_20-08522_HIV11-02415_FL24_S18_L000_read_106_count_1   23.77%    passed     90.76%
 107  200724_20-08522_HIV11-02415_FL24_S18_L000_read_107_count_1   14.34%    passed     99.76%
 108  200724_20-08522_HIV11-02415_FL24_S18_L000_read_108_count_1   14.34%    passed     99.76%
 109  200724_20-08522_HIV11-02415_FL24_S18_L000_read_109_count_1   14.34%    passed     99.41%
 110  200724_20-08522_HIV11-02415_FL24_S18_L000_read_110_count_1   14.34%    passed     99.97%
 111  200724_20-08522_HIV11-02415_FL24_S18_L000_read_111_count_1   14.34%    passed     99.38%
 112  200724_20-08522_HIV11-02415_FL24_S18_L000_read_112_count_1   14.34%    passed     99.76%
 113  200724_20-08522_HIV11-02415_FL24_S18_L000_read_113_count_1   14.34%    passed     99.79%
 114  200724_20-08522_HIV11-02415_FL24_S18_L000_read_114_count_1   14.34%    passed     99.93%
 115  200724_20-08522_HIV11-02415_FL24_S18_L000_read_115_count_1   14.34%    passed     97.39%
 116  200724_20-08522_HIV11-02415_FL24_S18_L000_read_116_count_1   14.34%    passed     99.76%
 117  200724_20-08522_HIV11-02415_FL24_S18_L000_read_117_count_1   14.34%    passed     99.80%
 118  200724_20-08522_HIV11-02415_FL24_S18_L000_read_118_count_1   14.34%    passed     99.97%
 119  200724_20-08522_HIV11-02415_FL24_S18_L000_read_119_count_1   14.34%    passed     99.84%
 120  200724_20-08522_HIV11-02415_FL24_S18_L000_read_120_count_1   14.34%    passed     99.61%
 121  200724_20-08522_HIV11-02415_FL24_S18_L000_read_121_count_1   14.34%    passed     99.79%
 122  200724_20-08522_HIV11-02415_FL24_S18_L000_read_122_count_1   14.34%    passed     99.76%
 123  200724_20-08522_HIV11-02415_FL24_S18_L000_read_123_count_1   14.34%    passed     99.41%
 124  200724_20-08522_HIV11-02415_FL24_S18_L000_read_124_count_1   13.96%    passed     99.85%
 125  200724_20-08522_HIV11-02415_FL24_S18_L000_read_125_count_1   14.34%    passed     99.76%
 126  200724_20-08522_HIV11-02415_FL24_S18_L000_read_126_count_1   14.34%    passed     99.97%
 127  200724_20-08522_HIV11-02415_FL24_S18_L000_read_127_count_1   14.34%    passed     99.62%
 128  200724_20-08522_HIV11-02415_FL24_S18_L000_read_128_count_1   14.34%    passed     99.26%
 129  200709_20-07994_HIV07-01067_FL21_S1_L000_read_1_count_348    14.34%    passed     99.82%
 130  200709_20-07994_HIV07-01067_FL21_S1_L000_read_2_count_68     14.34%    passed     98.83%
 131  200709_20-07994_HIV07-01067_FL21_S1_L000_read_3_count_5      14.34%    passed     99.76%
 132  200709_20-07994_HIV07-01067_FL21_S1_L000_read_4_count_4      14.34%    passed     99.76%
 133  200709_20-07994_HIV07-01067_FL21_S1_L000_read_5_count_3      14.34%    passed     99.97%
 134  200709_20-07994_HIV07-01067_FL21_S1_L000_read_6_count_2      14.34%    passed     99.97%
 135  200709_20-07994_HIV07-01067_FL21_S1_L000_read_7_count_2      14.34%    passed     98.83%
 136  200709_20-07994_HIV07-01067_FL21_S1_L000_read_8_count_2      14.34%    passed     99.65%
 137  200709_20-07994_HIV07-01067_FL21_S1_L000_read_9_count_2      14.34%    passed     99.76%
 138  200709_20-07994_HIV07-01067_FL21_S1_L000_read_10_count_2     14.34%    passed     99.76%
 139  200709_20-07994_HIV07-01067_FL21_S1_L000_read_11_count_2     14.34%    passed     99.97%
 140  200709_20-07994_HIV07-01067_FL21_S1_L000_read_12_count_2     14.34%    passed     99.97%
 141  200709_20-07994_HIV07-01067_FL21_S1_L000_read_13_count_2     14.34%    passed     99.76%
 142  200709_20-07994_HIV07-01067_FL21_S1_L000_read_14_count_1     14.34%    passed     99.79%
 143  200709_20-07994_HIV07-01067_FL21_S1_L000_read_15_count_1     14.34%    passed     99.36%
 144  200709_20-07994_HIV07-01067_FL21_S1_L000_read_16_count_1     14.34%    passed     99.76%
 145  200709_20-07994_HIV07-01067_FL21_S1_L000_read_17_count_1     14.34%    passed     99.97%
 146  200709_20-07994_HIV07-01067_FL21_S1_L000_read_18_count_1     14.34%    passed     99.76%
 147  200709_20-07994_HIV07-01067_FL21_S1_L000_read_19_count_1     14.34%    passed     99.22%
 148  200709_20-07994_HIV07-01067_FL21_S1_L000_read_20_count_1     14.34%    passed     95.88%
 149  200709_20-07994_HIV07-01067_FL21_S1_L000_read_21_count_1     14.72%    passed     99.66%
 150  200709_20-07994_HIV07-01067_FL21_S1_L000_read_22_count_1     14.34%    passed     99.76%
 151  200709_20-07994_HIV07-01067_FL21_S1_L000_read_23_count_1     14.34%    passed     99.97%
 152  200709_20-07994_HIV07-01067_FL21_S1_L000_read_24_count_1     14.34%    passed     99.97%
 153  200709_20-07994_HIV07-01067_FL21_S1_L000_read_25_count_1     14.34%    passed     99.76%
 154  200709_20-07994_HIV07-01067_FL21_S1_L000_read_26_count_1     14.34%    passed     99.82%
 155  200709_20-07994_HIV07-01067_FL21_S1_L000_read_27_count_1     14.34%    passed     98.26%
 156  200709_20-07994_HIV07-01067_FL21_S1_L000_read_28_count_1     14.34%    passed     99.36%
 157  200709_20-07994_HIV07-01067_FL21_S1_L000_read_29_count_1     14.34%    passed     99.36%
 158  200709_20-07994_HIV07-01067_FL21_S1_L000_read_30_count_1     14.34%    passed     99.97%
 159  200709_20-07994_HIV07-01067_FL21_S1_L000_read_31_count_1     14.34%    passed     97.30%
 160  200709_20-07994_HIV07-01067_FL21_S1_L000_read_32_count_1      3.02%    passed     98.97%
 161  200709_20-07994_HIV07-01067_FL21_S1_L000_read_33_count_1     14.34%    passed     99.36%
 162  200709_20-07994_HIV07-01067_FL21_S1_L000_read_34_count_1     14.34%    passed     98.23%
 163  200709_20-07994_HIV07-01067_FL21_S1_L000_read_35_count_1     14.34%    passed     99.09%
 164  200709_20-07994_HIV07-01067_FL21_S1_L000_read_36_count_1     14.34%    passed     99.36%
 165  200709_20-07994_HIV07-01067_FL21_S1_L000_read_37_count_1     14.72%    passed     98.25%
 166  200709_20-07994_HIV07-01067_FL21_S1_L000_read_38_count_1     14.34%    passed     99.97%
 167  200709_20-07994_HIV07-01067_FL21_S1_L000_read_39_count_1     14.34%    passed     97.30%
 168  200709_20-07994_HIV07-01067_FL21_S1_L000_read_40_count_1     14.34%    passed     99.62%
 169  200709_20-07994_HIV07-01067_FL21_S1_L000_read_41_count_1     14.34%    passed     99.80%
 170  200709_20-07994_HIV07-01067_FL21_S1_L000_read_42_count_1     14.34%    passed     99.62%
 171  200709_20-07994_HIV07-01067_FL21_S1_L000_read_43_count_1     14.34%    passed     99.62%
 172  200709_20-07994_HIV07-01067_FL21_S1_L000_read_44_count_1     14.34%    passed     97.93%
 173  200709_20-07994_HIV07-01067_FL21_S1_L000_read_45_count_1     14.34%    passed     99.36%
 174  200709_20-07994_HIV07-01067_FL21_S1_L000_read_46_count_1     14.34%    passed     98.83%
 175  200709_20-07994_HIV07-01067_FL21_S1_L000_read_47_count_1     14.34%    passed     99.36%
 176  200709_20-07994_HIV07-01067_FL21_S1_L000_read_48_count_1     14.34%    passed     99.79%
 177  200709_20-07994_HIV07-01067_FL21_S1_L000_read_49_count_1     14.34%    passed     99.82%
 178  200709_20-07994_HIV07-01067_FL21_S1_L000_read_50_count_1     14.34%    passed     97.80%
 179  200709_20-07994_HIV07-01067_FL21_S1_L000_read_51_count_1     14.34%    passed     99.65%
 180  200709_20-07994_HIV07-01067_FL21_S1_L000_read_52_count_1     14.34%    passed     97.80%
 181  200709_20-07994_HIV07-01067_FL21_S1_L000_read_53_count_1     14.34%    passed     99.76%
 182  200709_20-07994_HIV07-01067_FL21_S1_L000_read_54_count_1     14.34%    passed     99.22%
 183  200709_20-07994_HIV07-01067_FL21_S1_L000_read_55_count_1     14.34%    passed     99.97%
 184  200709_20-07994_HIV07-01067_FL21_S1_L000_read_56_count_1     14.34%    passed     99.36%
 185  200709_20-07994_HIV07-01067_FL21_S1_L000_read_57_count_1     14.34%    passed     99.09%
 186  200709_20-07994_HIV07-01067_FL21_S1_L000_read_58_count_1     14.34%    passed     99.82%
 187  200709_20-07994_HIV07-01067_FL21_S1_L000_read_59_count_1     15.09%    passed     99.77%
 188  200709_20-07994_HIV07-01067_FL21_S1_L000_read_60_count_1     14.34%    passed     99.76%
 189  200709_20-07994_HIV07-01067_FL21_S1_L000_read_61_count_1     14.72%    passed     99.78%
 190  200709_20-07994_HIV07-01067_FL21_S1_L000_read_62_count_1     14.34%    passed     99.01%
 191  200709_20-07994_HIV07-01067_FL21_S1_L000_read_63_count_1     14.34%    passed     99.36%
 192  200709_20-07994_HIV07-01067_FL21_S1_L000_read_64_count_1     14.34%    passed     99.65%
 193  200709_20-07994_HIV07-01067_FL21_S1_L000_read_65_count_1     14.34%    passed     97.62%
 194  200709_20-07994_HIV07-01067_FL21_S1_L000_read_66_count_1     13.96%    passed     98.64%
 195  200709_20-07994_HIV07-01067_FL21_S1_L000_read_67_count_1     14.34%    passed     99.65%
 196  200709_20-07994_HIV07-01067_FL21_S1_L000_read_68_count_1     14.34%    passed     99.76%
 197  200709_20-07994_HIV07-01067_FL21_S1_L000_read_69_count_1     14.34%    passed     99.97%
 198  200709_20-07994_HIV07-01067_FL21_S1_L000_read_70_count_1     14.34%    passed     95.88%
 199  200709_20-07994_HIV07-01067_FL21_S1_L000_read_71_count_1     14.34%    passed     98.83%
 200  200709_20-07994_HIV07-01067_FL21_S1_L000_read_72_count_1     14.72%    passed     99.66%
 201  200709_20-07994_HIV07-01067_FL21_S1_L000_read_73_count_1     14.34%    passed     98.26%
 202  200709_20-07994_HIV07-01067_FL21_S1_L000_read_74_count_1     14.34%    passed     97.80%
 203  200709_20-07994_HIV07-01067_FL21_S1_L000_read_75_count_1     14.34%    passed     98.83%
 204  200709_20-07994_HIV07-01067_FL21_S1_L000_read_76_count_1     14.34%    passed     97.93%
 205  200709_20-07994_HIV07-01067_FL21_S1_L000_read_77_count_1     14.34%    passed     99.65%
 206  200709_20-07994_HIV07-01067_FL21_S1_L000_read_78_count_1     14.34%    passed     98.26%
 207  200709_20-07994_HIV07-01067_FL21_S1_L000_read_79_count_1     14.34%    passed     98.85%
 208  200709_20-07994_HIV07-01067_FL21_S1_L000_read_80_count_1     14.34%    passed     99.97%
 209  200709_20-07994_HIV07-01067_FL21_S1_L000_read_81_count_1     14.34%    passed     99.36%
 210  200709_20-07994_HIV07-01067_FL21_S1_L000_read_82_count_1     14.34%    passed     99.36%
 211  200709_20-07994_HIV07-01067_FL21_S1_L000_read_83_count_1     14.34%    passed     99.80%
 212  200709_20-07994_HIV07-01067_FL21_S1_L000_read_84_count_1     14.34%    passed     99.76%
 213  200709_20-07994_HIV07-01067_FL21_S1_L000_read_85_count_1     14.34%    passed     99.09%
 214  200709_20-07994_HIV07-01067_FL21_S1_L000_read_86_count_1     14.34%    passed     98.26%
 215  200709_20-07994_HIV07-01067_FL21_S1_L000_read_87_count_1     14.34%    passed     99.97%
 216  200709_20-07994_HIV07-01067_FL21_S1_L000_read_88_count_1     14.34%    passed     99.76%
 217  200709_20-07994_HIV07-01067_FL21_S1_L000_read_89_count_1     14.72%    passed     99.66%
 218  200709_20-07994_HIV07-01067_FL21_S1_L000_read_90_count_1     14.34%    passed     99.36%
 219  200709_20-07994_HIV07-01067_FL21_S1_L000_read_91_count_1     14.34%    passed     98.90%
 220  200709_20-07994_HIV07-01067_FL21_S1_L000_read_92_count_1     14.34%    passed     99.18%
 221  200709_20-07994_HIV07-01067_FL21_S1_L000_read_93_count_1     14.34%    passed     99.65%
 222  200709_20-07994_HIV07-01067_FL21_S1_L000_read_94_count_1     14.34%    passed     98.26%
 223  200703_20-07825_HIV09-00618_FL18_S6_L000_read_1_count_313    14.34%    passed     95.50%
 224  200703_20-07825_HIV09-00618_FL18_S6_L000_read_2_count_3      13.58%    passed     94.15%
 225  200703_20-07825_HIV09-00618_FL18_S6_L000_read_3_count_3      14.34%    passed     93.82%
 226  200703_20-07825_HIV09-00618_FL18_S6_L000_read_4_count_2      14.34%    passed     98.30%
 227  200703_20-07825_HIV09-00618_FL18_S6_L000_read_5_count_2      14.34%    passed     98.30%
 228  200703_20-07825_HIV09-00618_FL18_S6_L000_read_6_count_2      14.34%    passed     95.02%
 229  200703_20-07825_HIV09-00618_FL18_S6_L000_read_7_count_2      14.34%    passed     98.30%
 230  200703_20-07825_HIV09-00618_FL18_S6_L000_read_8_count_2      14.34%    passed     98.30%
 231  200703_20-07825_HIV09-00618_FL18_S6_L000_read_9_count_1      14.34%    passed     90.91%
 232  200703_20-07825_HIV09-00618_FL18_S6_L000_read_10_count_1     14.34%    passed     93.82%
 233  200703_20-07825_HIV09-00618_FL18_S6_L000_read_11_count_1     14.34%    passed     90.91%
 234  200703_20-07825_HIV09-00618_FL18_S6_L000_read_12_count_1     14.34%    passed     98.30%
 235  200703_20-07825_HIV09-00618_FL18_S6_L000_read_13_count_1     14.34%    passed     92.29%
 236  200703_20-07825_HIV09-00618_FL18_S6_L000_read_14_count_1     14.34%    passed     96.28%
 237  200703_20-07825_HIV09-00618_FL18_S6_L000_read_15_count_1     14.34%    passed     89.61%
 238  200703_20-07825_HIV09-00618_FL18_S6_L000_read_16_count_1     14.34%    passed     93.29%
 239  200703_20-07825_HIV09-00618_FL18_S6_L000_read_17_count_1     14.34%    passed     96.33%
 240  200703_20-07825_HIV09-00618_FL18_S6_L000_read_18_count_1     14.34%    passed     90.91%
 241  200703_20-07825_HIV09-00618_FL18_S6_L000_read_19_count_1     14.72%    passed     95.79%
 242  200703_20-07825_HIV09-00618_FL18_S6_L000_read_20_count_1     14.34%    passed     96.68%
 243  200703_20-07825_HIV09-00618_FL18_S6_L000_read_21_count_1     14.34%    passed     92.77%
 244  200703_20-07825_HIV09-00618_FL18_S6_L000_read_22_count_1     14.34%    passed     96.87%
 245  200703_20-07825_HIV09-00618_FL18_S6_L000_read_23_count_1     14.34%    passed     93.82%
 246  200703_20-07825_HIV09-00618_FL18_S6_L000_read_24_count_1     14.34%    passed     93.82%
 247  200703_20-07825_HIV09-00618_FL18_S6_L000_read_25_count_1     14.34%    passed     99.62%
 248  200703_20-07825_HIV09-00618_FL18_S6_L000_read_26_count_1     14.34%    passed     92.50%
 249  200703_20-07825_HIV09-00618_FL18_S6_L000_read_27_count_1     14.34%    passed     90.91%
 250  200703_20-07825_HIV09-00618_FL18_S6_L000_read_28_count_1     14.34%    passed     90.91%
 251  200703_20-07825_HIV09-00618_FL18_S6_L000_read_29_count_1     14.34%    passed     93.82%
 252  200703_20-07825_HIV09-00618_FL18_S6_L000_read_30_count_1     14.34%    passed     90.91%
 253  200703_20-07825_HIV09-00618_FL18_S6_L000_read_31_count_1     14.34%    passed     95.02%
 254  200703_20-07825_HIV09-00618_FL18_S6_L000_read_32_count_1     14.34%    passed     93.82%
 255  200703_20-07825_HIV09-00618_FL18_S6_L000_read_33_count_1     14.34%    passed     90.91%
 256  200703_20-07825_HIV09-00618_FL18_S6_L000_read_34_count_1     14.34%    passed     93.82%
 257  200703_20-07825_HIV09-00618_FL18_S6_L000_read_35_count_1     14.34%    passed     90.91%
 258  200703_20-07825_HIV09-00618_FL18_S6_L000_read_36_count_1     14.34%    passed     90.91%
 259  200703_20-07825_HIV09-00618_FL18_S6_L000_read_37_count_1     14.34%    passed     98.30%
 260  200703_20-07825_HIV09-00618_FL18_S6_L000_read_38_count_1     14.34%    passed     96.28%
 261  200703_20-07825_HIV09-00618_FL18_S6_L000_read_39_count_1     14.34%    passed     90.91%
 262  200703_20-07825_HIV09-00618_FL18_S6_L000_read_40_count_1     14.34%    passed     98.30%
 263  200703_20-07825_HIV09-00618_FL18_S6_L000_read_41_count_1     14.34%    passed     86.50%
 264  200703_20-07825_HIV09-00618_FL18_S6_L000_read_42_count_1     14.34%    passed     90.91%
 265  200703_20-07825_HIV09-00618_FL18_S6_L000_read_43_count_1     14.34%    passed     93.82%
 266  200703_20-07825_HIV09-00618_FL18_S6_L000_read_44_count_1     14.34%    passed     92.50%
 267  200703_20-07825_HIV09-00618_FL18_S6_L000_read_45_count_1     14.34%    passed     90.91%
 268  200703_20-07825_HIV09-00618_FL18_S6_L000_read_46_count_1     14.34%    passed     92.29%
 269  200703_20-07825_HIV09-00618_FL18_S6_L000_read_47_count_1     13.96%    passed     92.96%
 270  200814_20-09728_HIV09-02843_FL30_S2_L000_read_1_count_154    14.34%    passed     99.82%
 271  200814_20-09728_HIV09-02843_FL30_S2_L000_read_2_count_29     14.34%    passed     99.36%
 272  200814_20-09728_HIV09-02843_FL30_S2_L000_read_3_count_26     14.34%    passed     99.97%
 273  200814_20-09728_HIV09-02843_FL30_S2_L000_read_4_count_18     14.34%    passed     99.76%
 274  200814_20-09728_HIV09-02843_FL30_S2_L000_read_5_count_16     14.34%    passed     99.76%
 275  200814_20-09728_HIV09-02843_FL30_S2_L000_read_6_count_13     14.34%    passed     99.36%
 276  200814_20-09728_HIV09-02843_FL30_S2_L000_read_7_count_12     14.34%    passed     99.36%
 277  200814_20-09728_HIV09-02843_FL30_S2_L000_read_8_count_11     14.34%    passed     99.76%
 278  200814_20-09728_HIV09-02843_FL30_S2_L000_read_9_count_10     14.34%    passed     99.36%
 279  200814_20-09728_HIV09-02843_FL30_S2_L000_read_10_count_6     14.34%    passed     99.76%
 280  200814_20-09728_HIV09-02843_FL30_S2_L000_read_11_count_5     14.34%    passed     99.76%
 281  200814_20-09728_HIV09-02843_FL30_S2_L000_read_12_count_5     14.34%    passed     99.36%
 282  200814_20-09728_HIV09-02843_FL30_S2_L000_read_13_count_4     14.34%    passed     99.76%
 283  200814_20-09728_HIV09-02843_FL30_S2_L000_read_14_count_4     14.34%    passed     99.76%
 284  200814_20-09728_HIV09-02843_FL30_S2_L000_read_15_count_4     14.34%    passed     99.97%
 285  200814_20-09728_HIV09-02843_FL30_S2_L000_read_16_count_3     14.34%    passed     99.82%
 286  200814_20-09728_HIV09-02843_FL30_S2_L000_read_17_count_3     14.34%    passed     97.93%
 287  200814_20-09728_HIV09-02843_FL30_S2_L000_read_18_count_2     14.34%    passed     99.22%
 288  200814_20-09728_HIV09-02843_FL30_S2_L000_read_19_count_2     14.34%    passed     99.62%
 289  200814_20-09728_HIV09-02843_FL30_S2_L000_read_20_count_2     14.34%    passed     99.82%
 290  200814_20-09728_HIV09-02843_FL30_S2_L000_read_21_count_2     14.34%    passed     99.97%
 291  200814_20-09728_HIV09-02843_FL30_S2_L000_read_22_count_2     14.34%    passed     99.36%
 292  200814_20-09728_HIV09-02843_FL30_S2_L000_read_23_count_1     14.34%    passed     98.42%
 293  200814_20-09728_HIV09-02843_FL30_S2_L000_read_24_count_1     14.34%    passed     97.88%
 294  200814_20-09728_HIV09-02843_FL30_S2_L000_read_25_count_1     14.34%    passed     97.62%
 295  200814_20-09728_HIV09-02843_FL30_S2_L000_read_26_count_1     14.34%    passed     99.79%
 296  200814_20-09728_HIV09-02843_FL30_S2_L000_read_27_count_1     14.34%    passed     99.82%
 297  200814_20-09728_HIV09-02843_FL30_S2_L000_read_28_count_1     14.34%    passed     98.87%
 298  200814_20-09728_HIV09-02843_FL30_S2_L000_read_29_count_1     14.34%    passed     99.76%
 299  200814_20-09728_HIV09-02843_FL30_S2_L000_read_30_count_1     14.34%    passed     99.36%
 300  200814_20-09728_HIV09-02843_FL30_S2_L000_read_31_count_1     14.34%    passed     98.83%
 301  200814_20-09728_HIV09-02843_FL30_S2_L000_read_32_count_1     14.34%    passed     98.88%
 302  200814_20-09728_HIV09-02843_FL30_S2_L000_read_33_count_1     14.34%    passed     99.61%
 303  200814_20-09728_HIV09-02843_FL30_S2_L000_read_34_count_1     14.34%    passed     99.65%
 304  200814_20-09728_HIV09-02843_FL30_S2_L000_read_35_count_1     14.34%    passed     98.88%
 305  200814_20-09728_HIV09-02843_FL30_S2_L000_read_36_count_1     13.96%    passed     99.20%
 306  200814_20-09728_HIV09-02843_FL30_S2_L000_read_37_count_1     14.34%    passed     99.76%
 307  200814_20-09728_HIV09-02843_FL30_S2_L000_read_38_count_1     14.34%    passed     99.97%
 308  200814_20-09728_HIV09-02843_FL30_S2_L000_read_39_count_1     14.34%    passed     99.80%
 309  200814_20-09728_HIV09-02843_FL30_S2_L000_read_40_count_1     14.72%    passed     99.66%
 310  200814_20-09728_HIV09-02843_FL30_S2_L000_read_41_count_1     14.34%    passed     99.01%
 311  200814_20-09728_HIV09-02843_FL30_S2_L000_read_42_count_1     14.34%    passed     98.42%
 312  200814_20-09728_HIV09-02843_FL30_S2_L000_read_43_count_1     14.34%    passed     99.82%
 313  200814_20-09728_HIV09-02843_FL30_S2_L000_read_44_count_1     14.34%    passed     99.22%
 314  200814_20-09728_HIV09-02843_FL30_S2_L000_read_45_count_1     14.34%    passed     99.97%
 315  200814_20-09728_HIV09-02843_FL30_S2_L000_read_46_count_1     14.34%    passed     99.97%
 316  200814_20-09728_HIV09-02843_FL30_S2_L000_read_47_count_1     14.34%    passed     98.83%
 317  200814_20-09728_HIV09-02843_FL30_S2_L000_read_48_count_1     14.34%    passed     99.25%
 318  200814_20-09728_HIV09-02843_FL30_S2_L000_read_49_count_1     14.34%    passed     99.62%
 319  200814_20-09728_HIV09-02843_FL30_S2_L000_read_50_count_1     14.34%    passed     96.68%
 320  200814_20-09728_HIV09-02843_FL30_S2_L000_read_51_count_1     14.34%    passed     99.82%
 321  200814_20-09728_HIV09-02843_FL30_S2_L000_read_52_count_1     14.34%    passed     99.80%
 322  200814_20-09728_HIV09-02843_FL30_S2_L000_read_53_count_1     14.34%    passed     99.62%
 323  200814_20-09728_HIV09-02843_FL30_S2_L000_read_54_count_1     14.34%    passed     99.82%
 324  200814_20-09728_HIV09-02843_FL30_S2_L000_read_55_count_1     14.34%    passed     98.83%
 325  200814_20-09728_HIV09-02843_FL30_S2_L000_read_56_count_1     14.72%    passed     99.78%
 326  200814_20-09728_HIV09-02843_FL30_S2_L000_read_57_count_1     14.34%    passed     99.97%
 327  200814_20-09728_HIV09-02843_FL30_S2_L000_read_58_count_1     14.34%    passed     99.36%
 328  200814_20-09728_HIV09-02843_FL30_S2_L000_read_59_count_1     14.34%    passed     99.82%
 329  200814_20-09728_HIV09-02843_FL30_S2_L000_read_60_count_1     14.34%    passed     99.22%
 330  200814_20-09728_HIV09-02843_FL30_S2_L000_read_61_count_1     14.34%    passed     97.93%
 331  200814_20-09728_HIV09-02843_FL30_S2_L000_read_62_count_1     14.34%    passed     99.65%
 332  200814_20-09728_HIV09-02843_FL30_S2_L000_read_63_count_1     14.34%    passed     99.65%
 333  200814_20-09728_HIV09-02843_FL30_S2_L000_read_64_count_1     14.34%    passed     97.93%
 334  200814_20-09728_HIV09-02843_FL30_S2_L000_read_65_count_1     14.72%    passed     99.86%
 335  200814_20-09728_HIV09-02843_FL30_S2_L000_read_66_count_1     14.34%    passed     98.85%
 336  200814_20-09728_HIV09-02843_FL30_S2_L000_read_67_count_1     14.72%    passed     99.66%
 337  200814_20-09728_HIV09-02843_FL30_S2_L000_read_68_count_1     13.58%    passed     97.20%
 338  200814_20-09728_HIV09-02843_FL30_S2_L000_read_69_count_1     13.96%    passed     99.65%
 339  200814_20-09728_HIV09-02843_FL30_S2_L000_read_70_count_1     14.34%    passed     99.97%
 340  200814_20-09728_HIV09-02843_FL30_S2_L000_read_71_count_1     14.34%    passed     99.82%
 341  200814_20-09728_HIV09-02843_FL30_S2_L000_read_72_count_1     14.34%    passed     99.76%
 342  200814_20-09728_HIV09-02843_FL30_S2_L000_read_73_count_1     14.34%    passed     99.79%
 343  200814_20-09728_HIV09-02843_FL30_S2_L000_read_74_count_1     14.34%    passed     99.09%
 344  200814_20-09728_HIV09-02843_FL30_S2_L000_read_75_count_1     14.34%    passed     98.42%
 345  200814_20-09728_HIV09-02843_FL30_S2_L000_read_76_count_1     14.34%    passed     98.85%
 346  200814_20-09728_HIV09-02843_FL30_S2_L000_read_77_count_1     14.34%    passed     99.97%
 347  200814_20-09728_HIV09-02843_FL30_S2_L000_read_78_count_1     14.34%    passed     99.01%
 348  200814_20-09728_HIV09-02843_FL30_S2_L000_read_79_count_1     14.34%    passed     99.97%
 349  200724_20-08518_HIV10-02405_FL24_S14_L000_read_1_count_102   14.34%    passed     97.58%
 350  200724_20-08518_HIV10-02405_FL24_S14_L000_read_2_count_34    14.34%    passed     96.38%
 351  200724_20-08518_HIV10-02405_FL24_S14_L000_read_3_count_26    14.34%    passed     94.56%
 352  200724_20-08518_HIV10-02405_FL24_S14_L000_read_4_count_9     14.34%    passed     86.37%
 353  200724_20-08518_HIV10-02405_FL24_S14_L000_read_5_count_7     14.34%    passed     96.38%
 354  200724_20-08518_HIV10-02405_FL24_S14_L000_read_6_count_3     14.34%    passed     93.14%
 355  200724_20-08518_HIV10-02405_FL24_S14_L000_read_7_count_3     14.34%    passed     99.13%
 356  200724_20-08518_HIV10-02405_FL24_S14_L000_read_8_count_3     14.34%    passed     89.81%
 357  200724_20-08518_HIV10-02405_FL24_S14_L000_read_9_count_3     14.34%    passed     92.84%
 358  200724_20-08518_HIV10-02405_FL24_S14_L000_read_10_count_3    14.34%    passed     94.56%
 359  200724_20-08518_HIV10-02405_FL24_S14_L000_read_11_count_3    14.34%    passed     94.56%
 360  200724_20-08518_HIV10-02405_FL24_S14_L000_read_12_count_2    14.34%    passed     92.84%
 361  200724_20-08518_HIV10-02405_FL24_S14_L000_read_13_count_2    14.34%    passed     97.14%
 362  200724_20-08518_HIV10-02405_FL24_S14_L000_read_14_count_2    14.34%    passed     98.18%
 363  200724_20-08518_HIV10-02405_FL24_S14_L000_read_15_count_2    14.34%    passed     93.14%
 364  200724_20-08518_HIV10-02405_FL24_S14_L000_read_16_count_2    14.34%    passed     94.89%
 365  200724_20-08518_HIV10-02405_FL24_S14_L000_read_17_count_2    14.34%    passed     94.56%
 366  200724_20-08518_HIV10-02405_FL24_S14_L000_read_18_count_1    14.34%    passed     98.18%
 367  200724_20-08518_HIV10-02405_FL24_S14_L000_read_19_count_1    14.34%    passed     88.86%
 368  200724_20-08518_HIV10-02405_FL24_S14_L000_read_20_count_1    14.34%    passed     93.14%
 369  200724_20-08518_HIV10-02405_FL24_S14_L000_read_21_count_1    14.34%    passed     89.81%
 370  200724_20-08518_HIV10-02405_FL24_S14_L000_read_22_count_1    14.34%    passed     96.38%
 371  200724_20-08518_HIV10-02405_FL24_S14_L000_read_23_count_1    14.72%    passed     92.17%
 372  200724_20-08518_HIV10-02405_FL24_S14_L000_read_24_count_1    14.34%    passed     94.75%
 373  200724_20-08518_HIV10-02405_FL24_S14_L000_read_25_count_1    14.34%    passed     93.14%
 374  200724_20-08518_HIV10-02405_FL24_S14_L000_read_26_count_1    14.34%    passed     98.56%
 375  200724_20-08518_HIV10-02405_FL24_S14_L000_read_27_count_1    14.34%    passed     96.42%
 376  200724_20-08518_HIV10-02405_FL24_S14_L000_read_28_count_1    14.34%    passed     94.56%
 377  200724_20-08518_HIV10-02405_FL24_S14_L000_read_29_count_1    14.34%    passed     93.75%
 378  200724_20-08518_HIV10-02405_FL24_S14_L000_read_30_count_1    14.34%    passed     94.89%
 379  200724_20-08518_HIV10-02405_FL24_S14_L000_read_31_count_1    14.34%    passed     98.29%
 380  200724_20-08518_HIV10-02405_FL24_S14_L000_read_32_count_1    14.34%    passed     94.89%
 381  200724_20-08518_HIV10-02405_FL24_S14_L000_read_33_count_1    14.34%    passed     92.66%
 382  200724_20-08518_HIV10-02405_FL24_S14_L000_read_34_count_1    14.34%    passed     94.89%
 383  200724_20-08518_HIV10-02405_FL24_S14_L000_read_35_count_1    14.34%    passed     89.81%
 384  200724_20-08518_HIV10-02405_FL24_S14_L000_read_36_count_1    14.34%    passed     96.61%
 385  200724_20-08518_HIV10-02405_FL24_S14_L000_read_37_count_1    14.72%    passed     99.61%
 386  200724_20-08518_HIV10-02405_FL24_S14_L000_read_38_count_1    14.34%    passed     98.18%
 387  200724_20-08518_HIV10-02405_FL24_S14_L000_read_39_count_1    14.34%    passed     93.93%
 388  200724_20-08518_HIV10-02405_FL24_S14_L000_read_40_count_1    14.34%    passed     98.18%
 389  200724_20-08518_HIV10-02405_FL24_S14_L000_read_41_count_1    14.34%    passed     88.19%
 390  200724_20-08518_HIV10-02405_FL24_S14_L000_read_42_count_1    14.34%    passed     96.91%
 391  200724_20-08518_HIV10-02405_FL24_S14_L000_read_43_count_1    14.72%    passed     96.22%
 392  200724_20-08518_HIV10-02405_FL24_S14_L000_read_44_count_1    14.34%    passed     98.18%
 393  200724_20-08518_HIV10-02405_FL24_S14_L000_read_45_count_1    14.34%    passed     96.61%
 394  200724_20-08518_HIV10-02405_FL24_S14_L000_read_46_count_1    13.96%    passed     98.37%
 395  200724_20-08518_HIV10-02405_FL24_S14_L000_read_47_count_1    14.34%    passed     96.38%
 396  200724_20-08518_HIV10-02405_FL24_S14_L000_read_48_count_1    14.34%    passed     99.13%
 397  200724_20-08518_HIV10-02405_FL24_S14_L000_read_49_count_1    14.34%    passed     94.56%
 398  200724_20-08518_HIV10-02405_FL24_S14_L000_read_50_count_1    14.34%    passed     97.58%
 399  200724_20-08518_HIV10-02405_FL24_S14_L000_read_51_count_1    14.34%    passed     90.82%
 400  200724_20-08518_HIV10-02405_FL24_S14_L000_read_52_count_1    14.34%    passed     99.13%
 401  200724_20-08518_HIV10-02405_FL24_S14_L000_read_53_count_1    14.34%    passed     93.75%
 402  200724_20-08518_HIV10-02405_FL24_S14_L000_read_54_count_1    14.34%    passed     92.84%
 403  200724_20-08518_HIV10-02405_FL24_S14_L000_read_55_count_1    14.34%    passed     97.14%
 404  200724_20-08518_HIV10-02405_FL24_S14_L000_read_56_count_1    14.34%    passed     99.13%
 405  200724_20-08518_HIV10-02405_FL24_S14_L000_read_57_count_1    14.34%    passed     98.86%
 406  200724_20-08518_HIV10-02405_FL24_S14_L000_read_58_count_1    14.34%    passed     96.38%
 407  200724_20-08518_HIV10-02405_FL24_S14_L000_read_59_count_1    14.34%    passed     89.81%
 408  200724_20-08518_HIV10-02405_FL24_S14_L000_read_60_count_1    14.34%    passed     94.56%
 409  200724_20-08518_HIV10-02405_FL24_S14_L000_read_61_count_1    14.34%    passed     88.23%
 410  200724_20-08518_HIV10-02405_FL24_S14_L000_read_62_count_1    14.34%    passed     95.00%
 411  200724_20-08518_HIV10-02405_FL24_S14_L000_read_63_count_1    14.34%    passed     86.37%
 412  200724_20-08518_HIV10-02405_FL24_S14_L000_read_64_count_1    14.34%    passed     97.58%
 413  200724_20-08518_HIV10-02405_FL24_S14_L000_read_65_count_1    14.72%    passed     96.22%
 414  200724_20-08518_HIV10-02405_FL24_S14_L000_read_66_count_1    13.96%    passed     87.62%
 415  200724_20-08518_HIV10-02405_FL24_S14_L000_read_67_count_1    14.34%    passed     97.14%
 416  200724_20-08518_HIV10-02405_FL24_S14_L000_read_68_count_1    14.34%    passed     93.14%
 417  200724_20-08518_HIV10-02405_FL24_S14_L000_read_69_count_1    14.34%    passed     92.84%
 418  200724_20-08518_HIV10-02405_FL24_S14_L000_read_70_count_1    14.34%    passed     94.56%
 419  200724_20-08518_HIV10-02405_FL24_S14_L000_read_71_count_1    14.34%    passed     97.58%
 420  200724_20-08518_HIV10-02405_FL24_S14_L000_read_72_count_1    14.34%    passed     99.13%
 421  200724_20-08518_HIV10-02405_FL24_S14_L000_read_73_count_1    14.34%    passed     82.47%
 422  200724_20-08518_HIV10-02405_FL24_S14_L000_read_74_count_1    14.34%    passed     94.56%
 423  200724_20-08518_HIV10-02405_FL24_S14_L000_read_75_count_1    14.34%    passed     77.18%
 424  200724_20-08518_HIV10-02405_FL24_S14_L000_read_76_count_1    14.34%    passed     89.22%
 425  200724_20-08518_HIV10-02405_FL24_S14_L000_read_77_count_1    14.34%    passed     95.00%
 426  200724_20-08518_HIV10-02405_FL24_S14_L000_read_78_count_1    14.34%    passed     98.18%
 427  200724_20-08518_HIV10-02405_FL24_S14_L000_read_79_count_1    14.34%    passed     82.47%
 428  B.FR.83.HXB2_LAI_IIIB_BRU.K03455                             14.34%    passed     99.97%
 429  C.BW.00.00BW07621.AF443088                                   14.34%    passed     90.64%
****  TOTAL                                                        14.38%  0 sequences failed composition chi2 test (p-value<5%; df=3)
Checking for duplicate sequences: done in 0.000965575 secs using 330.9% CPU

Create initial parsimony tree by phylogenetic likelihood library (PLL)... 0.046 seconds

NOTE: 17 MB RAM (0 GB) is required!
WARNING: Number of threads seems too high for short alignments. Use -T AUTO to determine best number of threads.
Estimate model parameters (epsilon = 0.100)
1. Initial log-likelihood: -3916.690
2. Current log-likelihood: -3796.586
3. Current log-likelihood: -3796.476
Optimal log-likelihood: -3796.461
Rate parameters:  A-C: 0.73559  A-G: 1.79341  A-T: 0.46375  C-G: 0.13355  C-T: 2.66230  G-T: 1.00000
Base frequencies:  A: 0.417  C: 0.143  G: 0.250  T: 0.190
Site proportion and rates:  (0.122,0.246) (0.162,0.405) (0.184,0.619) (0.197,0.901) (0.192,1.213) (0.143,2.656)
Parameters optimization took 3 rounds (3.095 sec)
Wrote distance file to... 
Computing ML distances based on estimated model parameters...
Calculating distance matrix: done in 0.434484 secs using 400% CPU
Computing ML distances took 0.435051 sec (of wall-clock time) 1.738272 sec (of CPU time)
Setting up auxiliary I and S matrices: done in 0.0105541 secs using 213.4% CPU
Constructing RapidNJ tree: done in 2.41386 secs using 103.4% CPU
Computing RapidNJ tree took 2.424566 sec (of wall-clock time) 2.519532 sec (of CPU time)
Log-likelihood of RapidNJ tree: -3775.108
--------------------------------------------------------------------
|             INITIALIZING CANDIDATE TREE SET                      |
--------------------------------------------------------------------
Generating 98 parsimony trees... 4.099 second
Computing log-likelihood of 98 initial trees ... 4.730 seconds
Current best score: -3775.108

Do NNI search on 20 best initial trees
Optimizing NNI: done in 1.14093 secs using 396.6% CPU
Estimate model parameters (epsilon = 0.100)
BETTER TREE FOUND at iteration 1: -3749.908
Optimizing NNI: done in 0.877324 secs using 390.9% CPU
Optimizing NNI: done in 0.939338 secs using 395.1% CPU
Optimizing NNI: done in 0.830826 secs using 395.1% CPU
Optimizing NNI: done in 0.814988 secs using 395.9% CPU
Optimizing NNI: done in 0.67304 secs using 394.2% CPU
Optimizing NNI: done in 1.06966 secs using 396.9% CPU
Optimizing NNI: done in 0.839821 secs using 374.4% CPU
Optimizing NNI: done in 0.825873 secs using 395.4% CPU
Optimizing NNI: done in 0.847063 secs using 393.7% CPU
Iteration 10 / LogL: -3789.534 / Time: 0h:0m:31s
Optimizing NNI: done in 0.818211 secs using 396.7% CPU
Optimizing NNI: done in 0.842391 secs using 395.8% CPU
Optimizing NNI: done in 0.979152 secs using 394.9% CPU
Optimizing NNI: done in 1.07545 secs using 371.5% CPU
Optimizing NNI: done in 1.44841 secs using 396.3% CPU
Optimizing NNI: done in 1.1375 secs using 396.4% CPU
Optimizing NNI: done in 0.689528 secs using 396.4% CPU
Optimizing NNI: done in 0.832258 secs using 396.1% CPU
Optimizing NNI: done in 0.674519 secs using 394.6% CPU
Optimizing NNI: done in 1.12081 secs using 382.4% CPU
Iteration 20 / LogL: -3787.077 / Time: 0h:0m:41s
Finish initializing candidate tree set (20)
Current best tree score: -3749.908 / CPU time: 34.871
Number of iterations: 20
--------------------------------------------------------------------
|               OPTIMIZING CANDIDATE TREE SET                      |
--------------------------------------------------------------------
Optimizing NNI: done in 1.55411 secs using 396.8% CPU
Optimizing NNI: done in 1.37196 secs using 393.6% CPU
Optimizing NNI: done in 0.90941 secs using 395.5% CPU
Optimizing NNI: done in 1.02209 secs using 378.6% CPU
Optimizing NNI: done in 0.817828 secs using 396.9% CPU
Optimizing NNI: done in 1.28683 secs using 397.5% CPU
Optimizing NNI: done in 1.19188 secs using 397% CPU
Optimizing NNI: done in 1.37019 secs using 397.5% CPU
Optimizing NNI: done in 1.29052 secs using 374.4% CPU
Optimizing NNI: done in 1.18341 secs using 397.1% CPU
Iteration 30 / LogL: -3765.930 / Time: 0h:0m:53s (0h:2m:11s left)
Optimizing NNI: done in 1.17692 secs using 394.6% CPU
Optimizing NNI: done in 0.990903 secs using 395.1% CPU
Optimizing NNI: done in 1.18717 secs using 384% CPU
Optimizing NNI: done in 1.00969 secs using 394.7% CPU
Optimizing NNI: done in 1.10797 secs using 394.6% CPU
Optimizing NNI: done in 1.13431 secs using 397.9% CPU
Optimizing NNI: done in 0.915444 secs using 393.5% CPU
Optimizing NNI: done in 1.51398 secs using 385.5% CPU
Optimizing NNI: done in 1.32711 secs using 396% CPU
Optimizing NNI: done in 1.00271 secs using 394% CPU
Iteration 40 / LogL: -3762.128 / Time: 0h:1m:5s (0h:1m:42s left)
Optimizing NNI: done in 1.17188 secs using 394.9% CPU
Optimizing NNI: done in 1.03865 secs using 398.2% CPU
Optimizing NNI: done in 1.29128 secs using 380.8% CPU
Optimizing NNI: done in 1.12619 secs using 396.9% CPU
Optimizing NNI: done in 1.27367 secs using 397.7% CPU
Optimizing NNI: done in 1.5976 secs using 394.2% CPU
Optimizing NNI: done in 1.32815 secs using 382.9% CPU
Optimizing NNI: done in 1.27985 secs using 395% CPU
Optimizing NNI: done in 1.13463 secs using 394% CPU
Optimizing NNI: done in 1.17817 secs using 397.1% CPU
Iteration 50 / LogL: -3789.180 / Time: 0h:1m:18s (0h:1m:21s left)
Optimizing NNI: done in 1.6196 secs using 383.7% CPU
Optimizing NNI: done in 1.24434 secs using 396.7% CPU
Optimizing NNI: done in 1.27562 secs using 396.6% CPU
Optimizing NNI: done in 1.21028 secs using 396.3% CPU
Optimizing NNI: done in 1.11237 secs using 382.8% CPU
Optimizing NNI: done in 1.40596 secs using 397.6% CPU
Optimizing NNI: done in 1.28298 secs using 393.7% CPU
Optimizing NNI: done in 1.08614 secs using 393.9% CPU
Optimizing NNI: done in 1.27805 secs using 386.2% CPU
Optimizing NNI: done in 1.18615 secs using 395.1% CPU
Iteration 60 / LogL: -3759.764 / Time: 0h:1m:31s (0h:1m:3s left)
Optimizing NNI: done in 0.997892 secs using 396.2% CPU
Optimizing NNI: done in 1.02339 secs using 395.9% CPU
Optimizing NNI: done in 1.3039 secs using 394.1% CPU
Optimizing NNI: done in 1.46043 secs using 375.9% CPU
Optimizing NNI: done in 1.0257 secs using 397.1% CPU
Optimizing NNI: done in 1.1768 secs using 396% CPU
Optimizing NNI: done in 1.33349 secs using 397.7% CPU
Optimizing NNI: done in 1.35459 secs using 382.4% CPU
Optimizing NNI: done in 0.964761 secs using 395.2% CPU
Optimizing NNI: done in 1.10425 secs using 397% CPU
Iteration 70 / LogL: -3756.299 / Time: 0h:1m:43s (0h:0m:46s left)
Optimizing NNI: done in 1.24234 secs using 397.5% CPU
Optimizing NNI: done in 1.08344 secs using 395.4% CPU
Optimizing NNI: done in 1.59054 secs using 385.8% CPU
Optimizing NNI: done in 0.971931 secs using 395.9% CPU
Optimizing NNI: done in 1.31034 secs using 394.6% CPU
Optimizing NNI: done in 1.02903 secs using 396.5% CPU
Optimizing NNI: done in 1.22969 secs using 385.7% CPU
Optimizing NNI: done in 1.16413 secs using 396.2% CPU
Optimizing NNI: done in 1.4099 secs using 394.5% CPU
Optimizing NNI: done in 1.23719 secs using 395.8% CPU
Iteration 80 / LogL: -3779.490 / Time: 0h:1m:55s (0h:0m:30s left)
Optimizing NNI: done in 1.27335 secs using 385.2% CPU
Optimizing NNI: done in 0.867873 secs using 393.5% CPU
Optimizing NNI: done in 1.73555 secs using 395.7% CPU
Optimizing NNI: done in 1.25565 secs using 398.2% CPU
Optimizing NNI: done in 1.32799 secs using 387.8% CPU
Optimizing NNI: done in 1.26843 secs using 396.4% CPU
Optimizing NNI: done in 1.10839 secs using 395.9% CPU
Optimizing NNI: done in 1.09872 secs using 397.1% CPU
Optimizing NNI: done in 1.22805 secs using 395.8% CPU
Optimizing NNI: done in 1.18414 secs using 382.4% CPU
Iteration 90 / LogL: -3768.412 / Time: 0h:2m:8s (0h:0m:15s left)
Optimizing NNI: done in 0.985283 secs using 394.7% CPU
Optimizing NNI: done in 1.16158 secs using 393% CPU
Optimizing NNI: done in 0.869769 secs using 395.5% CPU
Optimizing NNI: done in 1.12656 secs using 394.7% CPU
Optimizing NNI: done in 1.00537 secs using 377.5% CPU
Optimizing NNI: done in 1.32075 secs using 395% CPU
Optimizing NNI: done in 1.01044 secs using 395.7% CPU
Optimizing NNI: done in 0.932037 secs using 396.1% CPU
Optimizing NNI: done in 1.15362 secs using 395.4% CPU
Optimizing NNI: done in 1.20901 secs using 381.9% CPU
Estimate model parameters (epsilon = 0.100)
BETTER TREE FOUND at iteration 100: -3748.804
Iteration 100 / LogL: -3748.804 / Time: 0h:2m:20s (0h:2m:21s left)
Optimizing NNI: done in 1.0325 secs using 397.9% CPU
Optimizing NNI: done in 1.64011 secs using 395.1% CPU
Optimizing NNI: done in 1.43935 secs using 382.9% CPU
Optimizing NNI: done in 0.879308 secs using 396.1% CPU
Optimizing NNI: done in 1.30368 secs using 393.9% CPU
Optimizing NNI: done in 1.3289 secs using 397.4% CPU
Optimizing NNI: done in 1.61039 secs using 387.8% CPU
Optimizing NNI: done in 1.23297 secs using 394.3% CPU
Optimizing NNI: done in 0.867695 secs using 395% CPU
Optimizing NNI: done in 1.09776 secs using 395.1% CPU
Iteration 110 / LogL: -3749.987 / Time: 0h:2m:32s (0h:2m:6s left)
Optimizing NNI: done in 1.30966 secs using 394.7% CPU
Optimizing NNI: done in 1.63996 secs using 371.1% CPU
Optimizing NNI: done in 1.16965 secs using 394.1% CPU
Optimizing NNI: done in 0.75967 secs using 395.9% CPU
Optimizing NNI: done in 0.848624 secs using 397.9% CPU
Optimizing NNI: done in 0.908427 secs using 398.5% CPU
Optimizing NNI: done in 1.47933 secs using 386.3% CPU
Optimizing NNI: done in 1.1771 secs using 396.3% CPU
Optimizing NNI: done in 1.18574 secs using 395% CPU
Optimizing NNI: done in 1.0349 secs using 394.9% CPU
Iteration 120 / LogL: -3757.495 / Time: 0h:2m:44s (0h:1m:50s left)
Optimizing NNI: done in 1.68645 secs using 384.1% CPU
Optimizing NNI: done in 1.2103 secs using 398.6% CPU
Optimizing NNI: done in 1.15906 secs using 397.1% CPU
Optimizing NNI: done in 1.05413 secs using 393.9% CPU
Optimizing NNI: done in 1.02342 secs using 393.5% CPU
Optimizing NNI: done in 1.18433 secs using 380.7% CPU
Optimizing NNI: done in 0.88176 secs using 396.7% CPU
Optimizing NNI: done in 1.01544 secs using 393.9% CPU
Optimizing NNI: done in 1.30035 secs using 397.1% CPU
Optimizing NNI: done in 0.876831 secs using 395.6% CPU
Iteration 130 / LogL: -3791.668 / Time: 0h:2m:56s (0h:1m:35s left)
Optimizing NNI: done in 1.47937 secs using 381.6% CPU
Optimizing NNI: done in 1.58046 secs using 396.2% CPU
Optimizing NNI: done in 1.17165 secs using 395.3% CPU
Optimizing NNI: done in 1.13042 secs using 396.5% CPU
Optimizing NNI: done in 1.18989 secs using 383.1% CPU
Optimizing NNI: done in 1.32416 secs using 394.8% CPU
Optimizing NNI: done in 1.13832 secs using 394.8% CPU
Optimizing NNI: done in 1.00705 secs using 397.1% CPU
Optimizing NNI: done in 1.62736 secs using 384.2% CPU
Optimizing NNI: done in 1.33973 secs using 394.1% CPU
Iteration 140 / LogL: -3749.527 / Time: 0h:3m:9s (0h:1m:21s left)
Optimizing NNI: done in 0.981678 secs using 395.4% CPU
Optimizing NNI: done in 1.30354 secs using 394.6% CPU
Optimizing NNI: done in 1.05815 secs using 395.1% CPU
Optimizing NNI: done in 1.43627 secs using 382.5% CPU
Optimizing NNI: done in 1.23334 secs using 397.7% CPU
Optimizing NNI: done in 1.17624 secs using 397.9% CPU
Optimizing NNI: done in 0.968147 secs using 394.6% CPU
Optimizing NNI: done in 1.01921 secs using 380.2% CPU
Optimizing NNI: done in 1.0208 secs using 395.4% CPU
Optimizing NNI: done in 0.824291 secs using 396% CPU
Iteration 150 / LogL: -3755.814 / Time: 0h:3m:20s (0h:1m:7s left)
Optimizing NNI: done in 1.15455 secs using 395.2% CPU
Optimizing NNI: done in 0.985616 secs using 395.4% CPU
Optimizing NNI: done in 1.13362 secs using 387.3% CPU
Optimizing NNI: done in 0.873658 secs using 393.4% CPU
Optimizing NNI: done in 1.01632 secs using 396% CPU
Optimizing NNI: done in 1.09862 secs using 395.3% CPU
Optimizing NNI: done in 0.883689 secs using 394.7% CPU
Optimizing NNI: done in 0.849824 secs using 393.7% CPU
Optimizing NNI: done in 1.18631 secs using 381.8% CPU
Optimizing NNI: done in 1.17994 secs using 396.5% CPU
Iteration 160 / LogL: -3753.883 / Time: 0h:3m:31s (0h:0m:53s left)
Optimizing NNI: done in 0.998316 secs using 396.7% CPU
Optimizing NNI: done in 0.943567 secs using 396.3% CPU
Optimizing NNI: done in 1.15878 secs using 396% CPU
Optimizing NNI: done in 1.37317 secs using 376% CPU
Optimizing NNI: done in 1.05969 secs using 396.3% CPU
Optimizing NNI: done in 0.971633 secs using 394.4% CPU
Optimizing NNI: done in 0.83299 secs using 395.8% CPU
Optimizing NNI: done in 1.02427 secs using 396% CPU
Optimizing NNI: done in 1.40454 secs using 355.5% CPU
Optimizing NNI: done in 1.17957 secs using 397.4% CPU
Iteration 170 / LogL: -3754.048 / Time: 0h:3m:42s (0h:0m:39s left)
Optimizing NNI: done in 1.15278 secs using 397% CPU
Optimizing NNI: done in 0.993547 secs using 396.7% CPU
Optimizing NNI: done in 1.23818 secs using 383.4% CPU
Optimizing NNI: done in 1.49538 secs using 396.1% CPU
Optimizing NNI: done in 1.32512 secs using 396.7% CPU
Optimizing NNI: done in 1.3082 secs using 397.2% CPU
Optimizing NNI: done in 1.27781 secs using 384.9% CPU
Optimizing NNI: done in 1.02312 secs using 395.5% CPU
Optimizing NNI: done in 0.849718 secs using 393.2% CPU
Optimizing NNI: done in 1.01359 secs using 397.9% CPU
Iteration 180 / LogL: -3752.808 / Time: 0h:3m:54s (0h:0m:26s left)
Optimizing NNI: done in 0.965333 secs using 396.6% CPU
Optimizing NNI: done in 1.22309 secs using 386.2% CPU
Optimizing NNI: done in 0.980443 secs using 391.5% CPU
Optimizing NNI: done in 0.81834 secs using 398% CPU
Optimizing NNI: done in 1.29064 secs using 396.9% CPU
Optimizing NNI: done in 0.983113 secs using 395% CPU
Optimizing NNI: done in 0.978771 secs using 396.6% CPU
Optimizing NNI: done in 1.11713 secs using 381.1% CPU
Optimizing NNI: done in 1.28458 secs using 393% CPU
Optimizing NNI: done in 1.15489 secs using 396.5% CPU
Iteration 190 / LogL: -3755.337 / Time: 0h:4m:5s (0h:0m:13s left)
Optimizing NNI: done in 1.49759 secs using 394.9% CPU
Optimizing NNI: done in 1.44519 secs using 385.3% CPU
Optimizing NNI: done in 1.21423 secs using 396.5% CPU
Optimizing NNI: done in 1.34087 secs using 398% CPU
Optimizing NNI: done in 0.985926 secs using 394.5% CPU
Optimizing NNI: done in 1.97698 secs using 388.4% CPU
Optimizing NNI: done in 1.71821 secs using 394.5% CPU
Optimizing NNI: done in 1.32878 secs using 396.8% CPU
Optimizing NNI: done in 1.69697 secs using 386.5% CPU
Optimizing NNI: done in 1.13692 secs using 396.6% CPU
Iteration 200 / LogL: -3755.796 / Time: 0h:4m:20s (0h:0m:0s left)
Optimizing NNI: done in 0.857519 secs using 397.6% CPU
TREE SEARCH COMPLETED AFTER 201 ITERATIONS / Time: 0h:4m:21s

--------------------------------------------------------------------
|                    FINALIZING TREE SEARCH                        |
--------------------------------------------------------------------
Performs final model parameters optimization
Estimate model parameters (epsilon = 0.010)
1. Initial log-likelihood: -3748.804
2. Current log-likelihood: -3748.789
3. Current log-likelihood: -3748.775
4. Current log-likelihood: -3748.762
5. Current log-likelihood: -3748.751
6. Current log-likelihood: -3748.741
Optimal log-likelihood: -3748.731
Rate parameters:  A-C: 0.76551  A-G: 1.92856  A-T: 0.36352  C-G: 0.15899  C-T: 2.55800  G-T: 1.00000
Base frequencies:  A: 0.417  C: 0.143  G: 0.250  T: 0.190
Site proportion and rates:  (0.152,0.445) (0.210,0.463) (0.224,0.512) (0.211,1.010) (0.192,2.269) (0.011,6.617)
Parameters optimization took 6 rounds (3.838 sec)
BEST SCORE FOUND : -3748.731
Total tree length: 2.274

Total number of iterations: 201
CPU time used for tree search: 978.478 sec (0h:16m:18s)
Wall-clock time used for tree search: 255.070 sec (0h:4m:15s)
Total CPU time used: 1011.171 sec (0h:16m:51s)
Total wall-clock time used: 265.360 sec (0h:4m:25s)

Analysis results written to: 
  IQ-TREE report:                IQTREE_bestTree.InWindow_4620_to_4870.iqtree
  Maximum-likelihood tree:       IQTREE_bestTree.InWindow_4620_to_4870.treefile
  Likelihood distances:          IQTREE_bestTree.InWindow_4620_to_4870.mldist
  Screen log file:               IQTREE_bestTree.InWindow_4620_to_4870.log

Date and Time: Sun Jul 23 04:24:24 2023
