IQ-TREE multicore version 2.2.2.7 COVID-edition for Linux 64-bit built Jun  7 2023
Developed by Bui Quang Minh, James Barbetti, Nguyen Lam Tung,
Olga Chernomor, Heiko Schmidt, Dominik Schrempf, Michael Woodhams, Ly Trong Nhan.

Host:    hpc-node03 (AVX2, FMA3, 1007 GB RAM)
Command: iqtree -s AlignedReadsInWindow_PositionsExcised_4570_to_4820.fasta -pre IQTREE_bestTree.InWindow_4570_to_4820 -m GTR+F+R6 -nt 2
Seed:    112268 (Using SPRNG - Scalable Parallel Random Number Generator)
Time:    Tue Jul 25 12:02:04 2023
Kernel:  AVX+FMA - 2 threads (2 CPU cores detected)

Reading alignment file AlignedReadsInWindow_PositionsExcised_4570_to_4820.fasta ... Fasta format detected
Reading fasta file: done in 0.00459894 secs using 91.06% CPU
Alignment most likely contains DNA/RNA sequences
Constructing alignment: done in 0.00262104 secs using 99.92% CPU
Alignment has 776 sequences with 231 columns, 222 distinct patterns
159 parsimony-informative, 50 singleton sites, 22 constant sites
                                                            Gap/Ambiguity  Composition  p-value
Analyzing sequences: done in 0.000378441 secs using 551.7% CPU
   1  200724_20-08518_HIV10-02405_FL24_S14_L000_read_1_count_171    3.03%    passed     93.88%
   2  200724_20-08518_HIV10-02405_FL24_S14_L000_read_2_count_75     3.03%    passed     96.84%
   3  200724_20-08518_HIV10-02405_FL24_S14_L000_read_3_count_60     3.03%    passed     91.75%
   4  200724_20-08518_HIV10-02405_FL24_S14_L000_read_4_count_15     3.03%    passed     97.02%
   5  200724_20-08518_HIV10-02405_FL24_S14_L000_read_5_count_13     3.03%    passed     96.84%
   6  200724_20-08518_HIV10-02405_FL24_S14_L000_read_6_count_8      3.03%    passed     91.75%
   7  200724_20-08518_HIV10-02405_FL24_S14_L000_read_7_count_8      3.03%    passed     97.76%
   8  200724_20-08518_HIV10-02405_FL24_S14_L000_read_8_count_7      3.03%    passed     94.73%
   9  200724_20-08518_HIV10-02405_FL24_S14_L000_read_9_count_5      3.03%    passed     97.76%
  10  200724_20-08518_HIV10-02405_FL24_S14_L000_read_10_count_4     3.03%    passed     94.73%
  11  200724_20-08518_HIV10-02405_FL24_S14_L000_read_11_count_4     3.03%    passed     91.75%
  12  200724_20-08518_HIV10-02405_FL24_S14_L000_read_12_count_4     3.03%    passed     91.75%
  13  200724_20-08518_HIV10-02405_FL24_S14_L000_read_13_count_4     3.03%    passed     94.97%
  14  200724_20-08518_HIV10-02405_FL24_S14_L000_read_14_count_4     3.03%    passed     91.75%
  15  200724_20-08518_HIV10-02405_FL24_S14_L000_read_15_count_3     3.03%    passed     94.97%
  16  200724_20-08518_HIV10-02405_FL24_S14_L000_read_16_count_3     3.03%    passed     91.75%
  17  200724_20-08518_HIV10-02405_FL24_S14_L000_read_17_count_2     3.03%    passed     88.19%
  18  200724_20-08518_HIV10-02405_FL24_S14_L000_read_18_count_2     3.03%    passed     97.56%
  19  200724_20-08518_HIV10-02405_FL24_S14_L000_read_19_count_2     3.03%    passed     97.76%
  20  200724_20-08518_HIV10-02405_FL24_S14_L000_read_20_count_2     3.03%    passed     91.75%
  21  200724_20-08518_HIV10-02405_FL24_S14_L000_read_21_count_2     3.03%    passed     88.19%
  22  200724_20-08518_HIV10-02405_FL24_S14_L000_read_22_count_2     3.03%    passed     97.56%
  23  200724_20-08518_HIV10-02405_FL24_S14_L000_read_23_count_2     3.03%    passed     94.73%
  24  200724_20-08518_HIV10-02405_FL24_S14_L000_read_24_count_2     3.03%    passed     91.67%
  25  200724_20-08518_HIV10-02405_FL24_S14_L000_read_25_count_2     3.03%    passed     94.97%
  26  200724_20-08518_HIV10-02405_FL24_S14_L000_read_26_count_2     3.03%    passed     93.88%
  27  200724_20-08518_HIV10-02405_FL24_S14_L000_read_27_count_2     3.03%    passed     91.75%
  28  200724_20-08518_HIV10-02405_FL24_S14_L000_read_28_count_2     3.03%    passed     98.20%
  29  200724_20-08518_HIV10-02405_FL24_S14_L000_read_29_count_2     3.03%    passed     97.56%
  30  200724_20-08518_HIV10-02405_FL24_S14_L000_read_30_count_2     3.03%    passed     97.56%
  31  200724_20-08518_HIV10-02405_FL24_S14_L000_read_31_count_2     3.03%    passed     95.71%
  32  200724_20-08518_HIV10-02405_FL24_S14_L000_read_32_count_2     3.03%    passed     97.56%
  33  200724_20-08518_HIV10-02405_FL24_S14_L000_read_33_count_1     3.03%    passed     93.54%
  34  200724_20-08518_HIV10-02405_FL24_S14_L000_read_34_count_1     3.03%    passed     96.84%
  35  200724_20-08518_HIV10-02405_FL24_S14_L000_read_35_count_1     3.03%    passed     89.26%
  36  200724_20-08518_HIV10-02405_FL24_S14_L000_read_36_count_1     3.03%    passed     93.88%
  37  200724_20-08518_HIV10-02405_FL24_S14_L000_read_37_count_1     3.03%    passed     93.88%
  38  200724_20-08518_HIV10-02405_FL24_S14_L000_read_38_count_1     3.03%    passed     96.84%
  39  200724_20-08518_HIV10-02405_FL24_S14_L000_read_39_count_1     3.03%    passed     97.76%
  40  200724_20-08518_HIV10-02405_FL24_S14_L000_read_40_count_1     3.03%    passed     97.56%
  41  200724_20-08518_HIV10-02405_FL24_S14_L000_read_41_count_1     3.03%    passed     88.30%
  42  200724_20-08518_HIV10-02405_FL24_S14_L000_read_42_count_1     3.03%    passed     97.56%
  43  200724_20-08518_HIV10-02405_FL24_S14_L000_read_43_count_1     3.03%    passed     94.42%
  44  200724_20-08518_HIV10-02405_FL24_S14_L000_read_44_count_1     3.03%    passed     88.19%
  45  200724_20-08518_HIV10-02405_FL24_S14_L000_read_45_count_1     3.03%    passed     93.54%
  46  200724_20-08518_HIV10-02405_FL24_S14_L000_read_46_count_1     3.03%    passed     88.96%
  47  200724_20-08518_HIV10-02405_FL24_S14_L000_read_47_count_1     3.03%    passed     93.54%
  48  200724_20-08518_HIV10-02405_FL24_S14_L000_read_48_count_1     3.03%    passed     94.97%
  49  200724_20-08518_HIV10-02405_FL24_S14_L000_read_49_count_1     3.03%    passed     96.84%
  50  200724_20-08518_HIV10-02405_FL24_S14_L000_read_50_count_1     3.03%    passed     94.97%
  51  200724_20-08518_HIV10-02405_FL24_S14_L000_read_51_count_1     3.03%    passed     87.41%
  52  200724_20-08518_HIV10-02405_FL24_S14_L000_read_52_count_1     3.03%    passed     91.75%
  53  200724_20-08518_HIV10-02405_FL24_S14_L000_read_53_count_1     3.03%    passed     96.84%
  54  200724_20-08518_HIV10-02405_FL24_S14_L000_read_54_count_1     3.03%    passed     94.73%
  55  200724_20-08518_HIV10-02405_FL24_S14_L000_read_55_count_1     3.03%    passed     93.73%
  56  200724_20-08518_HIV10-02405_FL24_S14_L000_read_56_count_1     3.03%    passed     93.88%
  57  200724_20-08518_HIV10-02405_FL24_S14_L000_read_57_count_1     3.03%    passed     94.15%
  58  200724_20-08518_HIV10-02405_FL24_S14_L000_read_58_count_1     3.03%    passed     88.30%
  59  200724_20-08518_HIV10-02405_FL24_S14_L000_read_59_count_1     3.03%    passed     94.42%
  60  200724_20-08518_HIV10-02405_FL24_S14_L000_read_60_count_1     3.03%    passed     81.29%
  61  200724_20-08518_HIV10-02405_FL24_S14_L000_read_61_count_1     3.03%    passed     93.73%
  62  200724_20-08518_HIV10-02405_FL24_S14_L000_read_62_count_1     3.03%    passed     96.84%
  63  200724_20-08518_HIV10-02405_FL24_S14_L000_read_63_count_1     3.03%    passed     88.30%
  64  200724_20-08518_HIV10-02405_FL24_S14_L000_read_64_count_1     3.03%    passed     93.54%
  65  200724_20-08518_HIV10-02405_FL24_S14_L000_read_65_count_1     3.03%    passed     95.89%
  66  200724_20-08518_HIV10-02405_FL24_S14_L000_read_66_count_1     3.03%    passed     94.97%
  67  200724_20-08518_HIV10-02405_FL24_S14_L000_read_67_count_1     2.60%    passed     92.26%
  68  200724_20-08518_HIV10-02405_FL24_S14_L000_read_68_count_1     3.03%    passed     98.20%
  69  200724_20-08518_HIV10-02405_FL24_S14_L000_read_69_count_1     3.03%    passed     89.26%
  70  200724_20-08518_HIV10-02405_FL24_S14_L000_read_70_count_1     3.03%    passed     96.84%
  71  200724_20-08518_HIV10-02405_FL24_S14_L000_read_71_count_1     3.03%    passed     94.73%
  72  200724_20-08518_HIV10-02405_FL24_S14_L000_read_72_count_1     3.03%    passed     94.97%
  73  200724_20-08518_HIV10-02405_FL24_S14_L000_read_73_count_1     3.03%    passed     89.46%
  74  200724_20-08518_HIV10-02405_FL24_S14_L000_read_74_count_1     3.03%    passed     94.97%
  75  200724_20-08518_HIV10-02405_FL24_S14_L000_read_75_count_1     3.03%    passed     96.54%
  76  200724_20-08518_HIV10-02405_FL24_S14_L000_read_76_count_1     3.03%    passed     75.42%
  77  200724_20-08518_HIV10-02405_FL24_S14_L000_read_77_count_1     3.03%    passed     89.63%
  78  200724_20-08518_HIV10-02405_FL24_S14_L000_read_78_count_1     3.03%    passed     92.57%
  79  200724_20-08518_HIV10-02405_FL24_S14_L000_read_79_count_1     3.03%    passed     91.75%
  80  200724_20-08518_HIV10-02405_FL24_S14_L000_read_80_count_1     3.03%    passed     94.97%
  81  200724_20-08518_HIV10-02405_FL24_S14_L000_read_81_count_1     3.03%    passed     91.75%
  82  200724_20-08518_HIV10-02405_FL24_S14_L000_read_82_count_1     3.03%    passed     87.41%
  83  200724_20-08518_HIV10-02405_FL24_S14_L000_read_83_count_1     3.03%    passed     96.84%
  84  200724_20-08518_HIV10-02405_FL24_S14_L000_read_84_count_1     3.03%    passed     96.54%
  85  200724_20-08518_HIV10-02405_FL24_S14_L000_read_85_count_1     3.03%    passed     97.76%
  86  200724_20-08518_HIV10-02405_FL24_S14_L000_read_86_count_1     3.46%    passed     95.45%
  87  200724_20-08518_HIV10-02405_FL24_S14_L000_read_87_count_1     3.03%    passed     91.67%
  88  200724_20-08518_HIV10-02405_FL24_S14_L000_read_88_count_1     3.46%    passed     93.59%
  89  200724_20-08518_HIV10-02405_FL24_S14_L000_read_89_count_1     3.03%    passed     97.56%
  90  200724_20-08518_HIV10-02405_FL24_S14_L000_read_90_count_1     3.03%    passed     94.73%
  91  200724_20-08518_HIV10-02405_FL24_S14_L000_read_91_count_1     3.03%    passed     95.71%
  92  200724_20-08518_HIV10-02405_FL24_S14_L000_read_92_count_1     3.03%    passed     87.41%
  93  200724_20-08518_HIV10-02405_FL24_S14_L000_read_93_count_1     3.03%    passed     94.15%
  94  200724_20-08518_HIV10-02405_FL24_S14_L000_read_94_count_1     3.03%    passed     94.73%
  95  200724_20-08518_HIV10-02405_FL24_S14_L000_read_95_count_1     3.03%    passed     91.89%
  96  200724_20-08518_HIV10-02405_FL24_S14_L000_read_96_count_1     3.03%    passed     93.54%
  97  200724_20-08518_HIV10-02405_FL24_S14_L000_read_97_count_1     3.03%    passed     92.57%
  98  200724_20-08518_HIV10-02405_FL24_S14_L000_read_98_count_1     3.03%    passed     92.12%
  99  200724_20-08518_HIV10-02405_FL24_S14_L000_read_99_count_1     3.03%    passed     89.63%
 100  200724_20-08518_HIV10-02405_FL24_S14_L000_read_100_count_1    3.03%    passed     96.54%
 101  200724_20-08518_HIV10-02405_FL24_S14_L000_read_101_count_1    2.60%    passed     93.67%
 102  200724_20-08518_HIV10-02405_FL24_S14_L000_read_102_count_1    3.03%    passed     94.97%
 103  200724_20-08518_HIV10-02405_FL24_S14_L000_read_103_count_1    3.03%    passed     97.76%
 104  200724_20-08518_HIV10-02405_FL24_S14_L000_read_104_count_1    3.03%    passed     94.97%
 105  200724_20-08518_HIV10-02405_FL24_S14_L000_read_105_count_1    3.03%    passed     97.56%
 106  200724_20-08518_HIV10-02405_FL24_S14_L000_read_106_count_1    3.03%    passed     93.88%
 107  200724_20-08518_HIV10-02405_FL24_S14_L000_read_107_count_1    3.03%    passed     85.96%
 108  200724_20-08518_HIV10-02405_FL24_S14_L000_read_108_count_1    3.03%    passed     97.82%
 109  200724_20-08518_HIV10-02405_FL24_S14_L000_read_109_count_1    3.03%    passed     97.72%
 110  200724_20-08518_HIV10-02405_FL24_S14_L000_read_110_count_1    3.03%    passed     91.75%
 111  200724_20-08518_HIV10-02405_FL24_S14_L000_read_111_count_1    3.46%    passed     93.59%
 112  200724_20-08518_HIV10-02405_FL24_S14_L000_read_112_count_1    3.03%    passed     96.84%
 113  200724_20-08518_HIV10-02405_FL24_S14_L000_read_113_count_1    3.03%    passed     97.76%
 114  200724_20-08518_HIV10-02405_FL24_S14_L000_read_114_count_1    3.03%    passed     96.54%
 115  200724_20-08518_HIV10-02405_FL24_S14_L000_read_115_count_1    3.03%    passed     92.57%
 116  200724_20-08518_HIV10-02405_FL24_S14_L000_read_116_count_1    3.03%    passed     96.84%
 117  200724_20-08518_HIV10-02405_FL24_S14_L000_read_117_count_1    3.03%    passed     89.63%
 118  200724_20-08518_HIV10-02405_FL24_S14_L000_read_118_count_1    3.03%    passed     88.19%
 119  200724_20-08518_HIV10-02405_FL24_S14_L000_read_119_count_1    3.46%    passed     91.80%
 120  200724_20-08518_HIV10-02405_FL24_S14_L000_read_120_count_1    3.03%    passed     92.57%
 121  200724_20-08518_HIV10-02405_FL24_S14_L000_read_121_count_1    3.03%    passed     96.84%
 122  200724_20-08518_HIV10-02405_FL24_S14_L000_read_122_count_1    3.46%    passed     95.11%
 123  200724_20-08518_HIV10-02405_FL24_S14_L000_read_123_count_1    3.03%    passed     92.57%
 124  200724_20-08518_HIV10-02405_FL24_S14_L000_read_124_count_1    3.03%    passed     97.56%
 125  200724_20-08518_HIV10-02405_FL24_S14_L000_read_125_count_1    3.03%    passed     84.47%
 126  200724_20-08518_HIV10-02405_FL24_S14_L000_read_126_count_1    3.03%    passed     89.63%
 127  200724_20-08518_HIV10-02405_FL24_S14_L000_read_127_count_1    3.03%    passed     97.76%
 128  200724_20-08518_HIV10-02405_FL24_S14_L000_read_128_count_1    3.03%    passed     95.71%
 129  200724_20-08518_HIV10-02405_FL24_S14_L000_read_129_count_1    3.03%    passed     94.73%
 130  200724_20-08518_HIV10-02405_FL24_S14_L000_read_130_count_1    3.03%    passed     91.75%
 131  200724_20-08518_HIV10-02405_FL24_S14_L000_read_131_count_1    3.46%    passed     93.59%
 132  200724_20-08518_HIV10-02405_FL24_S14_L000_read_132_count_1    3.03%    passed     99.22%
 133  200724_20-08518_HIV10-02405_FL24_S14_L000_read_133_count_1    3.03%    passed     97.56%
 134  200724_20-08518_HIV10-02405_FL24_S14_L000_read_134_count_1    3.03%    passed     93.88%
 135  200724_20-08518_HIV10-02405_FL24_S14_L000_read_135_count_1    3.03%    passed     91.67%
 136  200724_20-08518_HIV10-02405_FL24_S14_L000_read_136_count_1    3.03%    passed     92.12%
 137  200724_20-08518_HIV10-02405_FL24_S14_L000_read_137_count_1    3.03%    passed     94.97%
 138  200709_20-07994_HIV07-01067_FL21_S1_L000_read_1_count_645     3.03%    passed     99.94%
 139  200709_20-07994_HIV07-01067_FL21_S1_L000_read_2_count_82      3.03%    passed     99.84%
 140  200709_20-07994_HIV07-01067_FL21_S1_L000_read_3_count_7       3.03%    passed     99.77%
 141  200709_20-07994_HIV07-01067_FL21_S1_L000_read_4_count_7       3.03%    passed     99.98%
 142  200709_20-07994_HIV07-01067_FL21_S1_L000_read_5_count_7       3.03%    passed     99.77%
 143  200709_20-07994_HIV07-01067_FL21_S1_L000_read_6_count_6       3.03%    passed     99.77%
 144  200709_20-07994_HIV07-01067_FL21_S1_L000_read_7_count_4       3.03%    passed     99.77%
 145  200709_20-07994_HIV07-01067_FL21_S1_L000_read_8_count_4       3.03%    passed     99.77%
 146  200709_20-07994_HIV07-01067_FL21_S1_L000_read_9_count_3       3.03%    passed     99.71%
 147  200709_20-07994_HIV07-01067_FL21_S1_L000_read_10_count_3      3.03%    passed     99.98%
 148  200709_20-07994_HIV07-01067_FL21_S1_L000_read_11_count_3      3.03%    passed     99.71%
 149  200709_20-07994_HIV07-01067_FL21_S1_L000_read_12_count_3      3.03%    passed     99.84%
 150  200709_20-07994_HIV07-01067_FL21_S1_L000_read_13_count_3      3.03%    passed     99.94%
 151  200709_20-07994_HIV07-01067_FL21_S1_L000_read_14_count_2      3.03%    passed     99.71%
 152  200709_20-07994_HIV07-01067_FL21_S1_L000_read_15_count_2      3.03%    passed     99.25%
 153  200709_20-07994_HIV07-01067_FL21_S1_L000_read_16_count_2      3.03%    passed     99.77%
 154  200709_20-07994_HIV07-01067_FL21_S1_L000_read_17_count_2      3.03%    passed     98.89%
 155  200709_20-07994_HIV07-01067_FL21_S1_L000_read_18_count_2      3.03%    passed     99.77%
 156  200709_20-07994_HIV07-01067_FL21_S1_L000_read_19_count_2      3.03%    passed     99.71%
 157  200709_20-07994_HIV07-01067_FL21_S1_L000_read_20_count_2      3.03%    passed     98.89%
 158  200709_20-07994_HIV07-01067_FL21_S1_L000_read_21_count_2      3.03%    passed     98.89%
 159  200709_20-07994_HIV07-01067_FL21_S1_L000_read_22_count_2      3.03%    passed     98.89%
 160  200709_20-07994_HIV07-01067_FL21_S1_L000_read_23_count_2      3.03%    passed     98.89%
 161  200709_20-07994_HIV07-01067_FL21_S1_L000_read_24_count_2      3.03%    passed     99.77%
 162  200709_20-07994_HIV07-01067_FL21_S1_L000_read_25_count_2      3.03%    passed     99.30%
 163  200709_20-07994_HIV07-01067_FL21_S1_L000_read_26_count_2      3.03%    passed     99.77%
 164  200709_20-07994_HIV07-01067_FL21_S1_L000_read_27_count_1      3.03%    passed     99.71%
 165  200709_20-07994_HIV07-01067_FL21_S1_L000_read_28_count_1      3.03%    passed     99.84%
 166  200709_20-07994_HIV07-01067_FL21_S1_L000_read_29_count_1      3.03%    passed     99.77%
 167  200709_20-07994_HIV07-01067_FL21_S1_L000_read_30_count_1      3.03%    passed     99.30%
 168  200709_20-07994_HIV07-01067_FL21_S1_L000_read_31_count_1      3.03%    passed     99.94%
 169  200709_20-07994_HIV07-01067_FL21_S1_L000_read_32_count_1      3.03%    passed     99.77%
 170  200709_20-07994_HIV07-01067_FL21_S1_L000_read_33_count_1      3.03%    passed     99.77%
 171  200709_20-07994_HIV07-01067_FL21_S1_L000_read_34_count_1      3.03%    passed     99.43%
 172  200709_20-07994_HIV07-01067_FL21_S1_L000_read_35_count_1      3.03%    passed     97.64%
 173  200709_20-07994_HIV07-01067_FL21_S1_L000_read_36_count_1      3.03%    passed     99.71%
 174  200709_20-07994_HIV07-01067_FL21_S1_L000_read_37_count_1      3.03%    passed     98.89%
 175  200709_20-07994_HIV07-01067_FL21_S1_L000_read_38_count_1      3.03%    passed     98.51%
 176  200709_20-07994_HIV07-01067_FL21_S1_L000_read_39_count_1      3.03%    passed     99.30%
 177  200709_20-07994_HIV07-01067_FL21_S1_L000_read_40_count_1      3.03%    passed     99.77%
 178  200709_20-07994_HIV07-01067_FL21_S1_L000_read_41_count_1      3.03%    passed     98.89%
 179  200709_20-07994_HIV07-01067_FL21_S1_L000_read_42_count_1      3.03%    passed     99.71%
 180  200709_20-07994_HIV07-01067_FL21_S1_L000_read_43_count_1      3.03%    passed     99.30%
 181  200709_20-07994_HIV07-01067_FL21_S1_L000_read_44_count_1      3.03%    passed     99.71%
 182  200709_20-07994_HIV07-01067_FL21_S1_L000_read_45_count_1      3.03%    passed     99.94%
 183  200709_20-07994_HIV07-01067_FL21_S1_L000_read_46_count_1      3.03%    passed     99.94%
 184  200709_20-07994_HIV07-01067_FL21_S1_L000_read_47_count_1      3.46%    passed     99.87%
 185  200709_20-07994_HIV07-01067_FL21_S1_L000_read_48_count_1      3.03%    passed     99.52%
 186  200709_20-07994_HIV07-01067_FL21_S1_L000_read_49_count_1      3.03%    passed     98.44%
 187  200709_20-07994_HIV07-01067_FL21_S1_L000_read_50_count_1      3.03%    passed     99.89%
 188  200709_20-07994_HIV07-01067_FL21_S1_L000_read_51_count_1      3.03%    passed     98.89%
 189  200709_20-07994_HIV07-01067_FL21_S1_L000_read_52_count_1      3.03%    passed     99.84%
 190  200709_20-07994_HIV07-01067_FL21_S1_L000_read_53_count_1      3.03%    passed     99.30%
 191  200709_20-07994_HIV07-01067_FL21_S1_L000_read_54_count_1      3.03%    passed     99.78%
 192  200709_20-07994_HIV07-01067_FL21_S1_L000_read_55_count_1      3.03%    passed     98.84%
 193  200709_20-07994_HIV07-01067_FL21_S1_L000_read_56_count_1      3.03%    passed     99.30%
 194  200709_20-07994_HIV07-01067_FL21_S1_L000_read_57_count_1      3.03%    passed     99.52%
 195  200709_20-07994_HIV07-01067_FL21_S1_L000_read_58_count_1      3.03%    passed     98.89%
 196  200709_20-07994_HIV07-01067_FL21_S1_L000_read_59_count_1      3.03%    passed     98.87%
 197  200709_20-07994_HIV07-01067_FL21_S1_L000_read_60_count_1      3.03%    passed     98.44%
 198  200709_20-07994_HIV07-01067_FL21_S1_L000_read_61_count_1      3.03%    passed     99.71%
 199  200709_20-07994_HIV07-01067_FL21_S1_L000_read_62_count_1      3.03%    passed     99.71%
 200  200709_20-07994_HIV07-01067_FL21_S1_L000_read_63_count_1      3.03%    passed     99.84%
 201  200709_20-07994_HIV07-01067_FL21_S1_L000_read_64_count_1      3.03%    passed     98.73%
 202  200709_20-07994_HIV07-01067_FL21_S1_L000_read_65_count_1      3.03%    passed     98.62%
 203  200709_20-07994_HIV07-01067_FL21_S1_L000_read_66_count_1      3.03%    passed     99.25%
 204  200709_20-07994_HIV07-01067_FL21_S1_L000_read_67_count_1      3.03%    passed     99.25%
 205  200709_20-07994_HIV07-01067_FL21_S1_L000_read_68_count_1      3.03%    passed     99.30%
 206  200709_20-07994_HIV07-01067_FL21_S1_L000_read_69_count_1      3.03%    passed     99.94%
 207  200709_20-07994_HIV07-01067_FL21_S1_L000_read_70_count_1      3.03%    passed     99.98%
 208  200709_20-07994_HIV07-01067_FL21_S1_L000_read_71_count_1      3.03%    passed     99.77%
 209  200709_20-07994_HIV07-01067_FL21_S1_L000_read_72_count_1      3.03%    passed     99.94%
 210  200709_20-07994_HIV07-01067_FL21_S1_L000_read_73_count_1      2.60%    passed     98.12%
 211  200709_20-07994_HIV07-01067_FL21_S1_L000_read_74_count_1      3.03%    passed     99.52%
 212  200709_20-07994_HIV07-01067_FL21_S1_L000_read_75_count_1      3.03%    passed     99.51%
 213  200709_20-07994_HIV07-01067_FL21_S1_L000_read_76_count_1      3.03%    passed     99.94%
 214  200709_20-07994_HIV07-01067_FL21_S1_L000_read_77_count_1      3.03%    passed     98.89%
 215  200709_20-07994_HIV07-01067_FL21_S1_L000_read_78_count_1      3.03%    passed     99.43%
 216  200709_20-07994_HIV07-01067_FL21_S1_L000_read_79_count_1      3.03%    passed     99.94%
 217  200709_20-07994_HIV07-01067_FL21_S1_L000_read_80_count_1      3.03%    passed     98.89%
 218  200709_20-07994_HIV07-01067_FL21_S1_L000_read_81_count_1      3.03%    passed     98.62%
 219  200709_20-07994_HIV07-01067_FL21_S1_L000_read_82_count_1      3.03%    passed     98.87%
 220  200709_20-07994_HIV07-01067_FL21_S1_L000_read_83_count_1      3.03%    passed     96.84%
 221  200709_20-07994_HIV07-01067_FL21_S1_L000_read_84_count_1      3.03%    passed     98.97%
 222  200709_20-07994_HIV07-01067_FL21_S1_L000_read_85_count_1      3.03%    passed     99.51%
 223  200709_20-07994_HIV07-01067_FL21_S1_L000_read_86_count_1      3.03%    passed     99.71%
 224  200709_20-07994_HIV07-01067_FL21_S1_L000_read_87_count_1      3.03%    passed     99.84%
 225  200709_20-07994_HIV07-01067_FL21_S1_L000_read_88_count_1      3.03%    passed     99.30%
 226  200709_20-07994_HIV07-01067_FL21_S1_L000_read_89_count_1      3.03%    passed     98.89%
 227  200709_20-07994_HIV07-01067_FL21_S1_L000_read_90_count_1      3.03%    passed     99.98%
 228  200709_20-07994_HIV07-01067_FL21_S1_L000_read_91_count_1      3.03%    passed     99.84%
 229  200709_20-07994_HIV07-01067_FL21_S1_L000_read_92_count_1      3.03%    passed     99.94%
 230  200709_20-07994_HIV07-01067_FL21_S1_L000_read_93_count_1      3.03%    passed     96.64%
 231  200709_20-07994_HIV07-01067_FL21_S1_L000_read_94_count_1      3.03%    passed     99.78%
 232  200709_20-07994_HIV07-01067_FL21_S1_L000_read_95_count_1      3.46%    passed     99.87%
 233  200709_20-07994_HIV07-01067_FL21_S1_L000_read_96_count_1      3.03%    passed     98.54%
 234  200709_20-07994_HIV07-01067_FL21_S1_L000_read_97_count_1      3.03%    passed     99.98%
 235  200709_20-07994_HIV07-01067_FL21_S1_L000_read_98_count_1      3.03%    passed     99.52%
 236  200709_20-07994_HIV07-01067_FL21_S1_L000_read_99_count_1      3.03%    passed     99.71%
 237  200709_20-07994_HIV07-01067_FL21_S1_L000_read_100_count_1     3.03%    passed     98.54%
 238  200709_20-07994_HIV07-01067_FL21_S1_L000_read_101_count_1     3.03%    passed     99.77%
 239  200709_20-07994_HIV07-01067_FL21_S1_L000_read_102_count_1     3.03%    passed     99.51%
 240  200709_20-07994_HIV07-01067_FL21_S1_L000_read_103_count_1     3.03%    passed     99.25%
 241  200709_20-07994_HIV07-01067_FL21_S1_L000_read_104_count_1     3.03%    passed     98.93%
 242  200709_20-07994_HIV07-01067_FL21_S1_L000_read_105_count_1     3.03%    passed     99.84%
 243  200709_20-07994_HIV07-01067_FL21_S1_L000_read_106_count_1     3.03%    passed     99.98%
 244  200709_20-07994_HIV07-01067_FL21_S1_L000_read_107_count_1     3.46%    passed     99.86%
 245  200709_20-07994_HIV07-01067_FL21_S1_L000_read_108_count_1     3.03%    passed     99.77%
 246  200709_20-07994_HIV07-01067_FL21_S1_L000_read_109_count_1     3.03%    passed     98.95%
 247  200709_20-07994_HIV07-01067_FL21_S1_L000_read_110_count_1     3.03%    passed     99.98%
 248  200709_20-07994_HIV07-01067_FL21_S1_L000_read_111_count_1     3.90%    passed     98.74%
 249  200709_20-07994_HIV07-01067_FL21_S1_L000_read_112_count_1     3.03%    passed     99.25%
 250  200709_20-07994_HIV07-01067_FL21_S1_L000_read_113_count_1     3.03%    passed     99.77%
 251  200709_20-07994_HIV07-01067_FL21_S1_L000_read_114_count_1     3.46%    passed     99.87%
 252  200709_20-07994_HIV07-01067_FL21_S1_L000_read_115_count_1     3.03%    passed     99.25%
 253  200709_20-07994_HIV07-01067_FL21_S1_L000_read_116_count_1     3.03%    passed     99.98%
 254  200709_20-07994_HIV07-01067_FL21_S1_L000_read_117_count_1     3.03%    passed     99.77%
 255  200709_20-07994_HIV07-01067_FL21_S1_L000_read_118_count_1     3.03%    passed     98.89%
 256  200709_20-07994_HIV07-01067_FL21_S1_L000_read_119_count_1     3.03%    passed     99.77%
 257  200709_20-07994_HIV07-01067_FL21_S1_L000_read_120_count_1     3.03%    passed     96.64%
 258  200709_20-07994_HIV07-01067_FL21_S1_L000_read_121_count_1     3.03%    passed     99.71%
 259  200709_20-07994_HIV07-01067_FL21_S1_L000_read_122_count_1     3.03%    passed     99.84%
 260  200709_20-07994_HIV07-01067_FL21_S1_L000_read_123_count_1     3.03%    passed     99.42%
 261  200709_20-07994_HIV07-01067_FL21_S1_L000_read_124_count_1     3.03%    passed     98.54%
 262  200709_20-07994_HIV07-01067_FL21_S1_L000_read_125_count_1     3.03%    passed     99.54%
 263  200709_20-07994_HIV07-01067_FL21_S1_L000_read_126_count_1     3.03%    passed     99.43%
 264  200709_20-07994_HIV07-01067_FL21_S1_L000_read_127_count_1     3.03%    passed     99.83%
 265  200709_20-07994_HIV07-01067_FL21_S1_L000_read_128_count_1     3.03%    passed     99.94%
 266  200709_20-07994_HIV07-01067_FL21_S1_L000_read_129_count_1     3.03%    passed     99.71%
 267  200709_20-07994_HIV07-01067_FL21_S1_L000_read_130_count_1     3.03%    passed     99.71%
 268  200709_20-07994_HIV07-01067_FL21_S1_L000_read_131_count_1     3.03%    passed     99.84%
 269  200709_20-07994_HIV07-01067_FL21_S1_L000_read_132_count_1     3.03%    passed     99.84%
 270  200709_20-07994_HIV07-01067_FL21_S1_L000_read_133_count_1     3.03%    passed     99.84%
 271  200709_20-07994_HIV07-01067_FL21_S1_L000_read_134_count_1     3.03%    passed     98.44%
 272  200709_20-07994_HIV07-01067_FL21_S1_L000_read_135_count_1     3.46%    passed     99.87%
 273  200709_20-07994_HIV07-01067_FL21_S1_L000_read_136_count_1     3.03%    passed     99.94%
 274  200709_20-07994_HIV07-01067_FL21_S1_L000_read_137_count_1     3.03%    passed     99.84%
 275  200709_20-07994_HIV07-01067_FL21_S1_L000_read_138_count_1     3.03%    passed     99.51%
 276  200709_20-07994_HIV07-01067_FL21_S1_L000_read_139_count_1     3.03%    passed     98.89%
 277  200709_20-07994_HIV07-01067_FL21_S1_L000_read_140_count_1     3.03%    passed     98.13%
 278  200709_20-07994_HIV07-01067_FL21_S1_L000_read_141_count_1     3.46%    passed     99.52%
 279  200709_20-07994_HIV07-01067_FL21_S1_L000_read_142_count_1     3.03%    passed     99.98%
 280  200709_20-07994_HIV07-01067_FL21_S1_L000_read_143_count_1     3.46%    passed     99.87%
 281  200709_20-07994_HIV07-01067_FL21_S1_L000_read_144_count_1     3.03%    passed     99.77%
 282  200709_20-07994_HIV07-01067_FL21_S1_L000_read_145_count_1     3.03%    passed     99.30%
 283  200709_20-07994_HIV07-01067_FL21_S1_L000_read_146_count_1     3.03%    passed     98.68%
 284  200709_20-07994_HIV07-01067_FL21_S1_L000_read_147_count_1     3.03%    passed     99.77%
 285  200709_20-07994_HIV07-01067_FL21_S1_L000_read_148_count_1     3.03%    passed     99.25%
 286  200709_20-07994_HIV07-01067_FL21_S1_L000_read_149_count_1     3.03%    passed     99.71%
 287  200709_20-07994_HIV07-01067_FL21_S1_L000_read_150_count_1     3.03%    passed     99.30%
 288  200709_20-07994_HIV07-01067_FL21_S1_L000_read_151_count_1     3.03%    passed     99.84%
 289  200709_20-07994_HIV07-01067_FL21_S1_L000_read_152_count_1     3.03%    passed     99.71%
 290  200709_20-07994_HIV07-01067_FL21_S1_L000_read_153_count_1     3.03%    passed     99.77%
 291  200709_20-07994_HIV07-01067_FL21_S1_L000_read_154_count_1     3.03%    passed     99.43%
 292  200709_20-07994_HIV07-01067_FL21_S1_L000_read_155_count_1     3.03%    passed     99.84%
 293  200709_20-07994_HIV07-01067_FL21_S1_L000_read_156_count_1     3.46%    passed     99.35%
 294  200703_20-07825_HIV09-00618_FL18_S6_L000_read_1_count_520     3.03%    passed     94.93%
 295  200703_20-07825_HIV09-00618_FL18_S6_L000_read_2_count_160     3.03%    passed     92.54%
 296  200703_20-07825_HIV09-00618_FL18_S6_L000_read_3_count_8       3.03%    passed     90.74%
 297  200703_20-07825_HIV09-00618_FL18_S6_L000_read_4_count_4       3.03%    passed     97.49%
 298  200703_20-07825_HIV09-00618_FL18_S6_L000_read_5_count_3       3.03%    passed     92.54%
 299  200703_20-07825_HIV09-00618_FL18_S6_L000_read_6_count_3       3.03%    passed     92.54%
 300  200703_20-07825_HIV09-00618_FL18_S6_L000_read_7_count_3       3.03%    passed     97.49%
 301  200703_20-07825_HIV09-00618_FL18_S6_L000_read_8_count_2       3.03%    passed     90.74%
 302  200703_20-07825_HIV09-00618_FL18_S6_L000_read_9_count_2       3.03%    passed     97.49%
 303  200703_20-07825_HIV09-00618_FL18_S6_L000_read_10_count_2      3.03%    passed     84.81%
 304  200703_20-07825_HIV09-00618_FL18_S6_L000_read_11_count_2      3.03%    passed     87.71%
 305  200703_20-07825_HIV09-00618_FL18_S6_L000_read_12_count_2      3.03%    passed     97.49%
 306  200703_20-07825_HIV09-00618_FL18_S6_L000_read_13_count_2      3.03%    passed     90.74%
 307  200703_20-07825_HIV09-00618_FL18_S6_L000_read_14_count_2      3.46%    passed     92.60%
 308  200703_20-07825_HIV09-00618_FL18_S6_L000_read_15_count_2      3.03%    passed     92.54%
 309  200703_20-07825_HIV09-00618_FL18_S6_L000_read_16_count_2      3.03%    passed     93.25%
 310  200703_20-07825_HIV09-00618_FL18_S6_L000_read_17_count_2      3.03%    passed     97.49%
 311  200703_20-07825_HIV09-00618_FL18_S6_L000_read_18_count_2      3.03%    passed     95.26%
 312  200703_20-07825_HIV09-00618_FL18_S6_L000_read_19_count_2      3.03%    passed     97.49%
 313  200703_20-07825_HIV09-00618_FL18_S6_L000_read_20_count_2      3.03%    passed     95.26%
 314  200703_20-07825_HIV09-00618_FL18_S6_L000_read_21_count_2      3.03%    passed     95.40%
 315  200703_20-07825_HIV09-00618_FL18_S6_L000_read_22_count_1      3.03%    passed     90.74%
 316  200703_20-07825_HIV09-00618_FL18_S6_L000_read_23_count_1      3.03%    passed     92.54%
 317  200703_20-07825_HIV09-00618_FL18_S6_L000_read_24_count_1      3.03%    passed     98.73%
 318  200703_20-07825_HIV09-00618_FL18_S6_L000_read_25_count_1      3.03%    passed     92.54%
 319  200703_20-07825_HIV09-00618_FL18_S6_L000_read_26_count_1      3.03%    passed     97.49%
 320  200703_20-07825_HIV09-00618_FL18_S6_L000_read_27_count_1      3.03%    passed     90.74%
 321  200703_20-07825_HIV09-00618_FL18_S6_L000_read_28_count_1      3.03%    passed     91.56%
 322  200703_20-07825_HIV09-00618_FL18_S6_L000_read_29_count_1      3.03%    passed     96.64%
 323  200703_20-07825_HIV09-00618_FL18_S6_L000_read_30_count_1      3.03%    passed     92.54%
 324  200703_20-07825_HIV09-00618_FL18_S6_L000_read_31_count_1      3.03%    passed     94.93%
 325  200703_20-07825_HIV09-00618_FL18_S6_L000_read_32_count_1      3.03%    passed     93.25%
 326  200703_20-07825_HIV09-00618_FL18_S6_L000_read_33_count_1      3.03%    passed     90.74%
 327  200703_20-07825_HIV09-00618_FL18_S6_L000_read_34_count_1      3.03%    passed     97.69%
 328  200703_20-07825_HIV09-00618_FL18_S6_L000_read_35_count_1      3.03%    passed     92.54%
 329  200703_20-07825_HIV09-00618_FL18_S6_L000_read_36_count_1      3.03%    passed     95.01%
 330  200703_20-07825_HIV09-00618_FL18_S6_L000_read_37_count_1      3.03%    passed     97.49%
 331  200703_20-07825_HIV09-00618_FL18_S6_L000_read_38_count_1      3.03%    passed     95.26%
 332  200703_20-07825_HIV09-00618_FL18_S6_L000_read_39_count_1      3.03%    passed     92.54%
 333  200703_20-07825_HIV09-00618_FL18_S6_L000_read_40_count_1      3.03%    passed     90.74%
 334  200703_20-07825_HIV09-00618_FL18_S6_L000_read_41_count_1      3.03%    passed     89.72%
 335  200703_20-07825_HIV09-00618_FL18_S6_L000_read_42_count_1      3.03%    passed     90.74%
 336  200703_20-07825_HIV09-00618_FL18_S6_L000_read_43_count_1      3.03%    passed     93.25%
 337  200703_20-07825_HIV09-00618_FL18_S6_L000_read_44_count_1      3.03%    passed     91.56%
 338  200703_20-07825_HIV09-00618_FL18_S6_L000_read_45_count_1      3.03%    passed     90.74%
 339  200703_20-07825_HIV09-00618_FL18_S6_L000_read_46_count_1      3.03%    passed     93.50%
 340  200703_20-07825_HIV09-00618_FL18_S6_L000_read_47_count_1      3.03%    passed     95.40%
 341  200703_20-07825_HIV09-00618_FL18_S6_L000_read_48_count_1      3.03%    passed     99.30%
 342  200703_20-07825_HIV09-00618_FL18_S6_L000_read_49_count_1      3.03%    passed     89.99%
 343  200703_20-07825_HIV09-00618_FL18_S6_L000_read_50_count_1      3.03%    passed     91.56%
 344  200703_20-07825_HIV09-00618_FL18_S6_L000_read_51_count_1      3.03%    passed     89.99%
 345  200703_20-07825_HIV09-00618_FL18_S6_L000_read_52_count_1      3.03%    passed     87.71%
 346  200703_20-07825_HIV09-00618_FL18_S6_L000_read_53_count_1      3.03%    passed     97.49%
 347  200703_20-07825_HIV09-00618_FL18_S6_L000_read_54_count_1      3.03%    passed     89.99%
 348  200703_20-07825_HIV09-00618_FL18_S6_L000_read_55_count_1      3.03%    passed     97.69%
 349  200703_20-07825_HIV09-00618_FL18_S6_L000_read_56_count_1      3.03%    passed     88.11%
 350  200703_20-07825_HIV09-00618_FL18_S6_L000_read_57_count_1      3.03%    passed     92.54%
 351  200703_20-07825_HIV09-00618_FL18_S6_L000_read_58_count_1      3.03%    passed     92.54%
 352  200703_20-07825_HIV09-00618_FL18_S6_L000_read_59_count_1      3.03%    passed     89.99%
 353  200703_20-07825_HIV09-00618_FL18_S6_L000_read_60_count_1      3.03%    passed     92.54%
 354  200703_20-07825_HIV09-00618_FL18_S6_L000_read_61_count_1      3.03%    passed     91.56%
 355  200703_20-07825_HIV09-00618_FL18_S6_L000_read_62_count_1      3.03%    passed     97.49%
 356  200703_20-07825_HIV09-00618_FL18_S6_L000_read_63_count_1      3.03%    passed     87.71%
 357  200703_20-07825_HIV09-00618_FL18_S6_L000_read_64_count_1      3.03%    passed     92.54%
 358  200703_20-07825_HIV09-00618_FL18_S6_L000_read_65_count_1      3.03%    passed     95.40%
 359  200703_20-07825_HIV09-00618_FL18_S6_L000_read_66_count_1      3.03%    passed     95.40%
 360  200703_20-07825_HIV09-00618_FL18_S6_L000_read_67_count_1      3.03%    passed     97.49%
 361  200703_20-07825_HIV09-00618_FL18_S6_L000_read_68_count_1      3.03%    passed     91.56%
 362  200703_20-07825_HIV09-00618_FL18_S6_L000_read_69_count_1      3.03%    passed     90.74%
 363  200703_20-07825_HIV09-00618_FL18_S6_L000_read_70_count_1      3.03%    passed     97.69%
 364  200703_20-07825_HIV09-00618_FL18_S6_L000_read_71_count_1      3.03%    passed     93.58%
 365  200703_20-07825_HIV09-00618_FL18_S6_L000_read_72_count_1      3.03%    passed     92.54%
 366  200703_20-07825_HIV09-00618_FL18_S6_L000_read_73_count_1      3.03%    passed     88.12%
 367  200703_20-07825_HIV09-00618_FL18_S6_L000_read_74_count_1      3.03%    passed     94.93%
 368  200703_20-07825_HIV09-00618_FL18_S6_L000_read_75_count_1      3.03%    passed     95.40%
 369  200703_20-07825_HIV09-00618_FL18_S6_L000_read_76_count_1      3.03%    passed     96.64%
 370  200703_20-07825_HIV09-00618_FL18_S6_L000_read_77_count_1      3.03%    passed     88.11%
 371  200703_20-07825_HIV09-00618_FL18_S6_L000_read_78_count_1      3.03%    passed     88.11%
 372  200703_20-07825_HIV09-00618_FL18_S6_L000_read_79_count_1      3.46%    passed     96.18%
 373  200703_20-07825_HIV09-00618_FL18_S6_L000_read_80_count_1      3.03%    passed     94.93%
 374  200703_20-07825_HIV09-00618_FL18_S6_L000_read_81_count_1      2.16%    passed     95.81%
 375  200703_20-07825_HIV09-00618_FL18_S6_L000_read_82_count_1      3.03%    passed     95.26%
 376  200703_20-07825_HIV09-00618_FL18_S6_L000_read_83_count_1      3.03%    passed     97.69%
 377  200703_20-07825_HIV09-00618_FL18_S6_L000_read_84_count_1      3.03%    passed     96.64%
 378  200703_20-07825_HIV09-00618_FL18_S6_L000_read_85_count_1      3.03%    passed     87.71%
 379  200703_20-07825_HIV09-00618_FL18_S6_L000_read_86_count_1      3.03%    passed     97.49%
 380  200703_20-07825_HIV09-00618_FL18_S6_L000_read_87_count_1      3.03%    passed     90.74%
 381  200703_20-07825_HIV09-00618_FL18_S6_L000_read_88_count_1      3.03%    passed     95.01%
 382  200703_20-07825_HIV09-00618_FL18_S6_L000_read_89_count_1      3.03%    passed     97.49%
 383  200703_20-07825_HIV09-00618_FL18_S6_L000_read_90_count_1      3.03%    passed     88.11%
 384  200703_20-07825_HIV09-00618_FL18_S6_L000_read_91_count_1      3.46%    passed     93.64%
 385  200703_20-07825_HIV09-00618_FL18_S6_L000_read_92_count_1      3.03%    passed     91.56%
 386  200703_20-07825_HIV09-00618_FL18_S6_L000_read_93_count_1      3.03%    passed     87.71%
 387  200703_20-07825_HIV09-00618_FL18_S6_L000_read_94_count_1      3.03%    passed     93.25%
 388  200703_20-07825_HIV09-00618_FL18_S6_L000_read_95_count_1      3.03%    passed     92.54%
 389  200703_20-07825_HIV09-00618_FL18_S6_L000_read_96_count_1      3.03%    passed     90.74%
 390  200703_20-07825_HIV09-00618_FL18_S6_L000_read_97_count_1      3.03%    passed     90.74%
 391  200703_20-07825_HIV09-00618_FL18_S6_L000_read_98_count_1      3.03%    passed     92.54%
 392  200703_20-07825_HIV09-00618_FL18_S6_L000_read_99_count_1      3.03%    passed     96.64%
 393  200703_20-07825_HIV09-00618_FL18_S6_L000_read_100_count_1     3.03%    passed     91.56%
 394  200814_20-09728_HIV09-02843_FL30_S2_L000_read_1_count_272     3.03%    passed     99.52%
 395  200814_20-09728_HIV09-02843_FL30_S2_L000_read_2_count_40      3.03%    passed     96.69%
 396  200814_20-09728_HIV09-02843_FL30_S2_L000_read_3_count_35      3.03%    passed     99.51%
 397  200814_20-09728_HIV09-02843_FL30_S2_L000_read_4_count_33      3.03%    passed     98.84%
 398  200814_20-09728_HIV09-02843_FL30_S2_L000_read_5_count_32      3.03%    passed     99.51%
 399  200814_20-09728_HIV09-02843_FL30_S2_L000_read_6_count_32      3.03%    passed     99.84%
 400  200814_20-09728_HIV09-02843_FL30_S2_L000_read_7_count_31      3.03%    passed     99.51%
 401  200814_20-09728_HIV09-02843_FL30_S2_L000_read_8_count_30      3.03%    passed     98.84%
 402  200814_20-09728_HIV09-02843_FL30_S2_L000_read_9_count_24      3.03%    passed     98.84%
 403  200814_20-09728_HIV09-02843_FL30_S2_L000_read_10_count_18     3.03%    passed     97.66%
 404  200814_20-09728_HIV09-02843_FL30_S2_L000_read_11_count_17     3.03%    passed     97.07%
 405  200814_20-09728_HIV09-02843_FL30_S2_L000_read_12_count_13     3.03%    passed     98.84%
 406  200814_20-09728_HIV09-02843_FL30_S2_L000_read_13_count_13     3.03%    passed     99.84%
 407  200814_20-09728_HIV09-02843_FL30_S2_L000_read_14_count_9      3.03%    passed     99.18%
 408  200814_20-09728_HIV09-02843_FL30_S2_L000_read_15_count_8      3.03%    passed     99.52%
 409  200814_20-09728_HIV09-02843_FL30_S2_L000_read_16_count_8      3.03%    passed     99.84%
 410  200814_20-09728_HIV09-02843_FL30_S2_L000_read_17_count_8      3.03%    passed     99.51%
 411  200814_20-09728_HIV09-02843_FL30_S2_L000_read_18_count_8      3.03%    passed     97.65%
 412  200814_20-09728_HIV09-02843_FL30_S2_L000_read_19_count_8      3.03%    passed     99.51%
 413  200814_20-09728_HIV09-02843_FL30_S2_L000_read_20_count_6      3.03%    passed     98.84%
 414  200814_20-09728_HIV09-02843_FL30_S2_L000_read_21_count_5      3.03%    passed     99.51%
 415  200814_20-09728_HIV09-02843_FL30_S2_L000_read_22_count_5      3.03%    passed     99.51%
 416  200814_20-09728_HIV09-02843_FL30_S2_L000_read_23_count_5      3.03%    passed     99.52%
 417  200814_20-09728_HIV09-02843_FL30_S2_L000_read_24_count_4      3.03%    passed     98.81%
 418  200814_20-09728_HIV09-02843_FL30_S2_L000_read_25_count_4      3.03%    passed     99.30%
 419  200814_20-09728_HIV09-02843_FL30_S2_L000_read_26_count_3      3.03%    passed     99.84%
 420  200814_20-09728_HIV09-02843_FL30_S2_L000_read_27_count_2      3.03%    passed     99.84%
 421  200814_20-09728_HIV09-02843_FL30_S2_L000_read_28_count_2      3.46%    passed     99.10%
 422  200814_20-09728_HIV09-02843_FL30_S2_L000_read_29_count_2      3.03%    passed     98.84%
 423  200814_20-09728_HIV09-02843_FL30_S2_L000_read_30_count_2      3.03%    passed     99.78%
 424  200814_20-09728_HIV09-02843_FL30_S2_L000_read_31_count_2      3.03%    passed     99.18%
 425  200814_20-09728_HIV09-02843_FL30_S2_L000_read_32_count_2      3.46%    passed     99.38%
 426  200814_20-09728_HIV09-02843_FL30_S2_L000_read_33_count_2      3.03%    passed     98.95%
 427  200814_20-09728_HIV09-02843_FL30_S2_L000_read_34_count_1      3.03%    passed     98.77%
 428  200814_20-09728_HIV09-02843_FL30_S2_L000_read_35_count_1      3.46%    passed     99.10%
 429  200814_20-09728_HIV09-02843_FL30_S2_L000_read_36_count_1      3.03%    passed     99.98%
 430  200814_20-09728_HIV09-02843_FL30_S2_L000_read_37_count_1      3.03%    passed     99.52%
 431  200814_20-09728_HIV09-02843_FL30_S2_L000_read_38_count_1      3.03%    passed     99.98%
 432  200814_20-09728_HIV09-02843_FL30_S2_L000_read_39_count_1      3.03%    passed     97.59%
 433  200814_20-09728_HIV09-02843_FL30_S2_L000_read_40_count_1      3.03%    passed     97.75%
 434  200814_20-09728_HIV09-02843_FL30_S2_L000_read_41_count_1      3.03%    passed     99.84%
 435  200814_20-09728_HIV09-02843_FL30_S2_L000_read_42_count_1      3.03%    passed     99.84%
 436  200814_20-09728_HIV09-02843_FL30_S2_L000_read_43_count_1      3.03%    passed     98.84%
 437  200814_20-09728_HIV09-02843_FL30_S2_L000_read_44_count_1      3.03%    passed     99.52%
 438  200814_20-09728_HIV09-02843_FL30_S2_L000_read_45_count_1      3.03%    passed     99.51%
 439  200814_20-09728_HIV09-02843_FL30_S2_L000_read_46_count_1      3.03%    passed     98.12%
 440  200814_20-09728_HIV09-02843_FL30_S2_L000_read_47_count_1      3.46%    passed     99.52%
 441  200814_20-09728_HIV09-02843_FL30_S2_L000_read_48_count_1      3.03%    passed     98.86%
 442  200814_20-09728_HIV09-02843_FL30_S2_L000_read_49_count_1      3.03%    passed     99.98%
 443  200814_20-09728_HIV09-02843_FL30_S2_L000_read_50_count_1      3.03%    passed     98.86%
 444  200814_20-09728_HIV09-02843_FL30_S2_L000_read_51_count_1      3.03%    passed     98.84%
 445  200814_20-09728_HIV09-02843_FL30_S2_L000_read_52_count_1      3.03%    passed     99.78%
 446  200814_20-09728_HIV09-02843_FL30_S2_L000_read_53_count_1      3.03%    passed     99.52%
 447  200814_20-09728_HIV09-02843_FL30_S2_L000_read_54_count_1      3.03%    passed     97.75%
 448  200814_20-09728_HIV09-02843_FL30_S2_L000_read_55_count_1      3.03%    passed     98.12%
 449  200814_20-09728_HIV09-02843_FL30_S2_L000_read_56_count_1      3.03%    passed     99.84%
 450  200814_20-09728_HIV09-02843_FL30_S2_L000_read_57_count_1      3.03%    passed     99.84%
 451  200814_20-09728_HIV09-02843_FL30_S2_L000_read_58_count_1      2.60%    passed     98.75%
 452  200814_20-09728_HIV09-02843_FL30_S2_L000_read_59_count_1      3.03%    passed     99.78%
 453  200814_20-09728_HIV09-02843_FL30_S2_L000_read_60_count_1      3.03%    passed     99.52%
 454  200814_20-09728_HIV09-02843_FL30_S2_L000_read_61_count_1      3.03%    passed     97.07%
 455  200814_20-09728_HIV09-02843_FL30_S2_L000_read_62_count_1      3.03%    passed     96.33%
 456  200814_20-09728_HIV09-02843_FL30_S2_L000_read_63_count_1      3.03%    passed     99.18%
 457  200814_20-09728_HIV09-02843_FL30_S2_L000_read_64_count_1      3.03%    passed     97.66%
 458  200814_20-09728_HIV09-02843_FL30_S2_L000_read_65_count_1      3.03%    passed     99.78%
 459  200814_20-09728_HIV09-02843_FL30_S2_L000_read_66_count_1      3.03%    passed     98.84%
 460  200814_20-09728_HIV09-02843_FL30_S2_L000_read_67_count_1      3.03%    passed     99.83%
 461  200814_20-09728_HIV09-02843_FL30_S2_L000_read_68_count_1      3.03%    passed     98.95%
 462  200814_20-09728_HIV09-02843_FL30_S2_L000_read_69_count_1      3.03%    passed     99.52%
 463  200814_20-09728_HIV09-02843_FL30_S2_L000_read_70_count_1      3.03%    passed     97.59%
 464  200814_20-09728_HIV09-02843_FL30_S2_L000_read_71_count_1      3.03%    passed     97.75%
 465  200814_20-09728_HIV09-02843_FL30_S2_L000_read_72_count_1      3.03%    passed     98.12%
 466  200814_20-09728_HIV09-02843_FL30_S2_L000_read_73_count_1      3.03%    passed     93.80%
 467  200814_20-09728_HIV09-02843_FL30_S2_L000_read_74_count_1      3.03%    passed     99.78%
 468  200814_20-09728_HIV09-02843_FL30_S2_L000_read_75_count_1      3.03%    passed     98.84%
 469  200814_20-09728_HIV09-02843_FL30_S2_L000_read_76_count_1      3.03%    passed     97.59%
 470  200814_20-09728_HIV09-02843_FL30_S2_L000_read_77_count_1      2.60%    passed     98.45%
 471  200814_20-09728_HIV09-02843_FL30_S2_L000_read_78_count_1      3.03%    passed     99.84%
 472  200814_20-09728_HIV09-02843_FL30_S2_L000_read_79_count_1      3.03%    passed     99.84%
 473  200814_20-09728_HIV09-02843_FL30_S2_L000_read_80_count_1      3.03%    passed     97.66%
 474  200814_20-09728_HIV09-02843_FL30_S2_L000_read_81_count_1      3.03%    passed     94.41%
 475  200814_20-09728_HIV09-02843_FL30_S2_L000_read_82_count_1      3.03%    passed     99.84%
 476  200814_20-09728_HIV09-02843_FL30_S2_L000_read_83_count_1      3.03%    passed     99.78%
 477  200814_20-09728_HIV09-02843_FL30_S2_L000_read_84_count_1      3.03%    passed     99.83%
 478  200814_20-09728_HIV09-02843_FL30_S2_L000_read_85_count_1      3.03%    passed     96.41%
 479  200814_20-09728_HIV09-02843_FL30_S2_L000_read_86_count_1      3.03%    passed     99.83%
 480  200814_20-09728_HIV09-02843_FL30_S2_L000_read_87_count_1      3.03%    passed     97.07%
 481  200814_20-09728_HIV09-02843_FL30_S2_L000_read_88_count_1      3.03%    passed     98.84%
 482  200814_20-09728_HIV09-02843_FL30_S2_L000_read_89_count_1      3.03%    passed     97.07%
 483  200814_20-09728_HIV09-02843_FL30_S2_L000_read_90_count_1      3.03%    passed     96.33%
 484  200814_20-09728_HIV09-02843_FL30_S2_L000_read_91_count_1      3.03%    passed     99.30%
 485  200814_20-09728_HIV09-02843_FL30_S2_L000_read_92_count_1      3.03%    passed     98.84%
 486  200814_20-09728_HIV09-02843_FL30_S2_L000_read_93_count_1      3.46%    passed     99.03%
 487  200814_20-09728_HIV09-02843_FL30_S2_L000_read_94_count_1      2.16%    passed     96.90%
 488  200814_20-09728_HIV09-02843_FL30_S2_L000_read_95_count_1      3.03%    passed     97.00%
 489  200814_20-09728_HIV09-02843_FL30_S2_L000_read_96_count_1      3.03%    passed     98.84%
 490  200814_20-09728_HIV09-02843_FL30_S2_L000_read_97_count_1      3.03%    passed     99.78%
 491  200814_20-09728_HIV09-02843_FL30_S2_L000_read_98_count_1      3.03%    passed     98.86%
 492  200814_20-09728_HIV09-02843_FL30_S2_L000_read_99_count_1      3.46%    passed     99.92%
 493  200814_20-09728_HIV09-02843_FL30_S2_L000_read_100_count_1     3.46%    passed     97.45%
 494  200814_20-09728_HIV09-02843_FL30_S2_L000_read_101_count_1     3.03%    passed     99.52%
 495  200814_20-09728_HIV09-02843_FL30_S2_L000_read_102_count_1     3.03%    passed     99.18%
 496  200814_20-09728_HIV09-02843_FL30_S2_L000_read_103_count_1     3.03%    passed     99.98%
 497  200814_20-09728_HIV09-02843_FL30_S2_L000_read_104_count_1     3.03%    passed     97.66%
 498  200814_20-09728_HIV09-02843_FL30_S2_L000_read_105_count_1     3.03%    passed     99.71%
 499  200814_20-09728_HIV09-02843_FL30_S2_L000_read_106_count_1     3.03%    passed     94.50%
 500  200814_20-09728_HIV09-02843_FL30_S2_L000_read_107_count_1     3.03%    passed     99.51%
 501  200814_20-09728_HIV09-02843_FL30_S2_L000_read_108_count_1     3.03%    passed     98.12%
 502  200814_20-09728_HIV09-02843_FL30_S2_L000_read_109_count_1     3.46%    passed     97.04%
 503  200814_20-09728_HIV09-02843_FL30_S2_L000_read_110_count_1     3.03%    passed     97.76%
 504  200814_20-09728_HIV09-02843_FL30_S2_L000_read_111_count_1     3.03%    passed     96.69%
 505  200814_20-09728_HIV09-02843_FL30_S2_L000_read_112_count_1     3.03%    passed     96.69%
 506  200814_20-09728_HIV09-02843_FL30_S2_L000_read_113_count_1     3.03%    passed     96.33%
 507  200814_20-09728_HIV09-02843_FL30_S2_L000_read_114_count_1     3.03%    passed     99.30%
 508  200814_20-09728_HIV09-02843_FL30_S2_L000_read_115_count_1     3.03%    passed     98.84%
 509  200814_20-09728_HIV09-02843_FL30_S2_L000_read_116_count_1     3.03%    passed     97.07%
 510  200814_20-09728_HIV09-02843_FL30_S2_L000_read_117_count_1     3.03%    passed     98.81%
 511  200814_20-09728_HIV09-02843_FL30_S2_L000_read_118_count_1     3.03%    passed     98.12%
 512  200814_20-09728_HIV09-02843_FL30_S2_L000_read_119_count_1     3.03%    passed     97.75%
 513  200814_20-09728_HIV09-02843_FL30_S2_L000_read_120_count_1     3.03%    passed     99.30%
 514  200814_20-09728_HIV09-02843_FL30_S2_L000_read_121_count_1     3.03%    passed     99.51%
 515  200814_20-09728_HIV09-02843_FL30_S2_L000_read_122_count_1     3.03%    passed     98.94%
 516  200814_20-09728_HIV09-02843_FL30_S2_L000_read_123_count_1     3.03%    passed     98.95%
 517  200814_20-09728_HIV09-02843_FL30_S2_L000_read_124_count_1     3.03%    passed     99.83%
 518  200814_20-09728_HIV09-02843_FL30_S2_L000_read_125_count_1     3.03%    passed     99.25%
 519  200814_20-09728_HIV09-02843_FL30_S2_L000_read_126_count_1     3.03%    passed     99.78%
 520  200814_20-09728_HIV09-02843_FL30_S2_L000_read_127_count_1     3.03%    passed     99.84%
 521  200814_20-09728_HIV09-02843_FL30_S2_L000_read_128_count_1     3.03%    passed     97.07%
 522  200814_20-09728_HIV09-02843_FL30_S2_L000_read_129_count_1     3.03%    passed     99.71%
 523  200814_20-09728_HIV09-02843_FL30_S2_L000_read_130_count_1     3.03%    passed     98.81%
 524  200814_20-09728_HIV09-02843_FL30_S2_L000_read_131_count_1     3.03%    passed     98.95%
 525  200814_20-09728_HIV09-02843_FL30_S2_L000_read_132_count_1     3.03%    passed     99.98%
 526  200814_20-09728_HIV09-02843_FL30_S2_L000_read_133_count_1     3.03%    passed     99.84%
 527  200814_20-09728_HIV09-02843_FL30_S2_L000_read_134_count_1     3.03%    passed     97.59%
 528  200814_20-09728_HIV09-02843_FL30_S2_L000_read_135_count_1     3.03%    passed     97.75%
 529  200814_20-09728_HIV09-02843_FL30_S2_L000_read_136_count_1     3.03%    passed     97.59%
 530  200724_20-08522_HIV11-02415_FL24_S18_L000_read_1_count_255    3.03%    passed     99.94%
 531  200724_20-08522_HIV11-02415_FL24_S18_L000_read_2_count_98     3.03%    passed     99.77%
 532  200724_20-08522_HIV11-02415_FL24_S18_L000_read_3_count_49     3.03%    passed     98.87%
 533  200724_20-08522_HIV11-02415_FL24_S18_L000_read_4_count_40     3.03%    passed     99.94%
 534  200724_20-08522_HIV11-02415_FL24_S18_L000_read_5_count_14     3.03%    passed     99.77%
 535  200724_20-08522_HIV11-02415_FL24_S18_L000_read_6_count_11     3.03%    passed     99.71%
 536  200724_20-08522_HIV11-02415_FL24_S18_L000_read_7_count_10     3.03%    passed     99.54%
 537  200724_20-08522_HIV11-02415_FL24_S18_L000_read_8_count_7      3.03%    passed     99.54%
 538  200724_20-08522_HIV11-02415_FL24_S18_L000_read_9_count_5      3.03%    passed     99.77%
 539  200724_20-08522_HIV11-02415_FL24_S18_L000_read_10_count_5     3.03%    passed     99.77%
 540  200724_20-08522_HIV11-02415_FL24_S18_L000_read_11_count_5     3.03%    passed     99.84%
 541  200724_20-08522_HIV11-02415_FL24_S18_L000_read_12_count_5     3.03%    passed     99.94%
 542  200724_20-08522_HIV11-02415_FL24_S18_L000_read_13_count_4     3.03%    passed     99.77%
 543  200724_20-08522_HIV11-02415_FL24_S18_L000_read_14_count_4     3.03%    passed     98.87%
 544  200724_20-08522_HIV11-02415_FL24_S18_L000_read_15_count_4     3.03%    passed     98.87%
 545  200724_20-08522_HIV11-02415_FL24_S18_L000_read_16_count_3     3.03%    passed     96.64%
 546  200724_20-08522_HIV11-02415_FL24_S18_L000_read_17_count_3     3.03%    passed     99.71%
 547  200724_20-08522_HIV11-02415_FL24_S18_L000_read_18_count_3     3.03%    passed     99.98%
 548  200724_20-08522_HIV11-02415_FL24_S18_L000_read_19_count_3     3.03%    passed     99.28%
 549  200724_20-08522_HIV11-02415_FL24_S18_L000_read_20_count_3     3.03%    passed     99.77%
 550  200724_20-08522_HIV11-02415_FL24_S18_L000_read_21_count_3     3.03%    passed     99.98%
 551  200724_20-08522_HIV11-02415_FL24_S18_L000_read_22_count_3     3.03%    passed     98.89%
 552  200724_20-08522_HIV11-02415_FL24_S18_L000_read_23_count_3     3.03%    passed     99.84%
 553  200724_20-08522_HIV11-02415_FL24_S18_L000_read_24_count_3     3.03%    passed     96.64%
 554  200724_20-08522_HIV11-02415_FL24_S18_L000_read_25_count_2     3.03%    passed     99.77%
 555  200724_20-08522_HIV11-02415_FL24_S18_L000_read_26_count_2     3.03%    passed     98.89%
 556  200724_20-08522_HIV11-02415_FL24_S18_L000_read_27_count_2     3.03%    passed     99.43%
 557  200724_20-08522_HIV11-02415_FL24_S18_L000_read_28_count_2     3.03%    passed     98.54%
 558  200724_20-08522_HIV11-02415_FL24_S18_L000_read_29_count_2     3.03%    passed     98.87%
 559  200724_20-08522_HIV11-02415_FL24_S18_L000_read_30_count_2     3.03%    passed     96.64%
 560  200724_20-08522_HIV11-02415_FL24_S18_L000_read_31_count_2     3.03%    passed     99.43%
 561  200724_20-08522_HIV11-02415_FL24_S18_L000_read_32_count_2     3.03%    passed     99.94%
 562  200724_20-08522_HIV11-02415_FL24_S18_L000_read_33_count_2     3.03%    passed     96.64%
 563  200724_20-08522_HIV11-02415_FL24_S18_L000_read_34_count_2     3.03%    passed     99.77%
 564  200724_20-08522_HIV11-02415_FL24_S18_L000_read_35_count_2     3.03%    passed     98.48%
 565  200724_20-08522_HIV11-02415_FL24_S18_L000_read_36_count_2     3.03%    passed     99.54%
 566  200724_20-08522_HIV11-02415_FL24_S18_L000_read_37_count_2     3.03%    passed     99.77%
 567  200724_20-08522_HIV11-02415_FL24_S18_L000_read_38_count_2     3.03%    passed     99.83%
 568  200724_20-08522_HIV11-02415_FL24_S18_L000_read_39_count_2     3.03%    passed     98.54%
 569  200724_20-08522_HIV11-02415_FL24_S18_L000_read_40_count_1     3.03%    passed     99.77%
 570  200724_20-08522_HIV11-02415_FL24_S18_L000_read_41_count_1     3.03%    passed     98.54%
 571  200724_20-08522_HIV11-02415_FL24_S18_L000_read_42_count_1     3.03%    passed     92.70%
 572  200724_20-08522_HIV11-02415_FL24_S18_L000_read_43_count_1     3.03%    passed     99.28%
 573  200724_20-08522_HIV11-02415_FL24_S18_L000_read_44_count_1     3.03%    passed     99.77%
 574  200724_20-08522_HIV11-02415_FL24_S18_L000_read_45_count_1     3.03%    passed     98.15%
 575  200724_20-08522_HIV11-02415_FL24_S18_L000_read_46_count_1     3.03%    passed     99.94%
 576  200724_20-08522_HIV11-02415_FL24_S18_L000_read_47_count_1     3.03%    passed     98.93%
 577  200724_20-08522_HIV11-02415_FL24_S18_L000_read_48_count_1     3.03%    passed     99.94%
 578  200724_20-08522_HIV11-02415_FL24_S18_L000_read_49_count_1     3.03%    passed     99.78%
 579  200724_20-08522_HIV11-02415_FL24_S18_L000_read_50_count_1     3.03%    passed     94.43%
 580  200724_20-08522_HIV11-02415_FL24_S18_L000_read_51_count_1     3.03%    passed     99.94%
 581  200724_20-08522_HIV11-02415_FL24_S18_L000_read_52_count_1     3.03%    passed     99.24%
 582  200724_20-08522_HIV11-02415_FL24_S18_L000_read_53_count_1     3.03%    passed     97.64%
 583  200724_20-08522_HIV11-02415_FL24_S18_L000_read_54_count_1     3.03%    passed     98.54%
 584  200724_20-08522_HIV11-02415_FL24_S18_L000_read_55_count_1     3.03%    passed     99.77%
 585  200724_20-08522_HIV11-02415_FL24_S18_L000_read_56_count_1     3.03%    passed     99.51%
 586  200724_20-08522_HIV11-02415_FL24_S18_L000_read_57_count_1     3.46%    passed     99.33%
 587  200724_20-08522_HIV11-02415_FL24_S18_L000_read_58_count_1     3.03%    passed     98.48%
 588  200724_20-08522_HIV11-02415_FL24_S18_L000_read_59_count_1     3.03%    passed     98.48%
 589  200724_20-08522_HIV11-02415_FL24_S18_L000_read_60_count_1     3.03%    passed     99.94%
 590  200724_20-08522_HIV11-02415_FL24_S18_L000_read_61_count_1     3.03%    passed     99.84%
 591  200724_20-08522_HIV11-02415_FL24_S18_L000_read_62_count_1     3.03%    passed     98.15%
 592  200724_20-08522_HIV11-02415_FL24_S18_L000_read_63_count_1     3.03%    passed     99.51%
 593  200724_20-08522_HIV11-02415_FL24_S18_L000_read_64_count_1     3.03%    passed     98.15%
 594  200724_20-08522_HIV11-02415_FL24_S18_L000_read_65_count_1     3.03%    passed     99.98%
 595  200724_20-08522_HIV11-02415_FL24_S18_L000_read_66_count_1     3.03%    passed     98.87%
 596  200724_20-08522_HIV11-02415_FL24_S18_L000_read_67_count_1     3.03%    passed     97.76%
 597  200724_20-08522_HIV11-02415_FL24_S18_L000_read_68_count_1     3.03%    passed     97.86%
 598  200724_20-08522_HIV11-02415_FL24_S18_L000_read_69_count_1     3.03%    passed     99.98%
 599  200724_20-08522_HIV11-02415_FL24_S18_L000_read_70_count_1     3.03%    passed     99.94%
 600  200724_20-08522_HIV11-02415_FL24_S18_L000_read_71_count_1     3.46%    passed     99.87%
 601  200724_20-08522_HIV11-02415_FL24_S18_L000_read_72_count_1     3.03%    passed     97.40%
 602  200724_20-08522_HIV11-02415_FL24_S18_L000_read_73_count_1     3.03%    passed     99.94%
 603  200724_20-08522_HIV11-02415_FL24_S18_L000_read_74_count_1     3.03%    passed     92.70%
 604  200724_20-08522_HIV11-02415_FL24_S18_L000_read_75_count_1     3.03%    passed     99.71%
 605  200724_20-08522_HIV11-02415_FL24_S18_L000_read_76_count_1     3.03%    passed     99.51%
 606  200724_20-08522_HIV11-02415_FL24_S18_L000_read_77_count_1     3.03%    passed     98.89%
 607  200724_20-08522_HIV11-02415_FL24_S18_L000_read_78_count_1     3.03%    passed     99.78%
 608  200724_20-08522_HIV11-02415_FL24_S18_L000_read_79_count_1     3.03%    passed     99.94%
 609  200724_20-08522_HIV11-02415_FL24_S18_L000_read_80_count_1     3.03%    passed     99.83%
 610  200724_20-08522_HIV11-02415_FL24_S18_L000_read_81_count_1     3.03%    passed     99.54%
 611  200724_20-08522_HIV11-02415_FL24_S18_L000_read_82_count_1     3.03%    passed     98.87%
 612  200724_20-08522_HIV11-02415_FL24_S18_L000_read_83_count_1     3.03%    passed     94.60%
 613  200724_20-08522_HIV11-02415_FL24_S18_L000_read_84_count_1     6.06%    passed     84.84%
 614  200724_20-08522_HIV11-02415_FL24_S18_L000_read_85_count_1     3.03%    passed     98.87%
 615  200724_20-08522_HIV11-02415_FL24_S18_L000_read_86_count_1     3.03%    passed     97.29%
 616  200724_20-08522_HIV11-02415_FL24_S18_L000_read_87_count_1     2.16%    passed     99.00%
 617  200724_20-08522_HIV11-02415_FL24_S18_L000_read_88_count_1     3.03%    passed     97.17%
 618  200724_20-08522_HIV11-02415_FL24_S18_L000_read_89_count_1     3.03%    passed     99.51%
 619  200724_20-08522_HIV11-02415_FL24_S18_L000_read_90_count_1     3.03%    passed     96.52%
 620  200724_20-08522_HIV11-02415_FL24_S18_L000_read_91_count_1     3.03%    passed     99.54%
 621  200724_20-08522_HIV11-02415_FL24_S18_L000_read_92_count_1     3.03%    passed     99.43%
 622  200724_20-08522_HIV11-02415_FL24_S18_L000_read_93_count_1     3.03%    passed     98.87%
 623  200724_20-08522_HIV11-02415_FL24_S18_L000_read_94_count_1     3.03%    passed     99.71%
 624  200724_20-08522_HIV11-02415_FL24_S18_L000_read_95_count_1     3.03%    passed     99.23%
 625  200724_20-08522_HIV11-02415_FL24_S18_L000_read_96_count_1     3.03%    passed     95.93%
 626  200724_20-08522_HIV11-02415_FL24_S18_L000_read_97_count_1     3.03%    passed     98.54%
 627  200724_20-08522_HIV11-02415_FL24_S18_L000_read_98_count_1     3.03%    passed     97.24%
 628  200724_20-08522_HIV11-02415_FL24_S18_L000_read_99_count_1     3.03%    passed     96.64%
 629  200724_20-08522_HIV11-02415_FL24_S18_L000_read_100_count_1    3.03%    passed     99.58%
 630  200724_20-08522_HIV11-02415_FL24_S18_L000_read_101_count_1    3.03%    passed     99.43%
 631  200724_20-08522_HIV11-02415_FL24_S18_L000_read_102_count_1    3.03%    passed     96.84%
 632  200724_20-08522_HIV11-02415_FL24_S18_L000_read_103_count_1    3.03%    passed     99.43%
 633  200724_20-08522_HIV11-02415_FL24_S18_L000_read_104_count_1    3.03%    passed     96.06%
 634  200724_20-08522_HIV11-02415_FL24_S18_L000_read_105_count_1    3.03%    passed     99.84%
 635  200724_20-08522_HIV11-02415_FL24_S18_L000_read_106_count_1    3.03%    passed     98.93%
 636  200724_20-08522_HIV11-02415_FL24_S18_L000_read_107_count_1    3.03%    passed     99.94%
 637  200724_20-08522_HIV11-02415_FL24_S18_L000_read_108_count_1    3.03%    passed     99.98%
 638  200724_20-08522_HIV11-02415_FL24_S18_L000_read_109_count_1    3.46%    passed     98.72%
 639  200724_20-08522_HIV11-02415_FL24_S18_L000_read_110_count_1    2.16%    passed     99.11%
 640  200724_20-08522_HIV11-02415_FL24_S18_L000_read_111_count_1    3.03%    passed     99.23%
 641  200724_20-08522_HIV11-02415_FL24_S18_L000_read_112_count_1    3.03%    passed     99.25%
 642  200724_20-08522_HIV11-02415_FL24_S18_L000_read_113_count_1    3.03%    passed     99.94%
 643  200724_20-08522_HIV11-02415_FL24_S18_L000_read_114_count_1    3.03%    passed     97.24%
 644  200724_20-08522_HIV11-02415_FL24_S18_L000_read_115_count_1    3.46%    passed     99.87%
 645  200724_20-08522_HIV11-02415_FL24_S18_L000_read_116_count_1    3.03%    passed     99.94%
 646  200724_20-08522_HIV11-02415_FL24_S18_L000_read_117_count_1    3.03%    passed     98.93%
 647  200724_20-08522_HIV11-02415_FL24_S18_L000_read_118_count_1    3.03%    passed     98.93%
 648  200724_20-08522_HIV11-02415_FL24_S18_L000_read_119_count_1    3.03%    passed     99.83%
 649  200724_20-08522_HIV11-02415_FL24_S18_L000_read_120_count_1    3.03%    passed     99.71%
 650  200724_20-08522_HIV11-02415_FL24_S18_L000_read_121_count_1    3.03%    passed     98.89%
 651  200724_20-08522_HIV11-02415_FL24_S18_L000_read_122_count_1    3.03%    passed     99.77%
 652  200724_20-08522_HIV11-02415_FL24_S18_L000_read_123_count_1    3.03%    passed     99.89%
 653  200724_20-08522_HIV11-02415_FL24_S18_L000_read_124_count_1    3.03%    passed     98.87%
 654  200724_20-08522_HIV11-02415_FL24_S18_L000_read_125_count_1    3.03%    passed     99.77%
 655  200724_20-08522_HIV11-02415_FL24_S18_L000_read_126_count_1    3.03%    passed     98.54%
 656  200724_20-08522_HIV11-02415_FL24_S18_L000_read_127_count_1    3.03%    passed     99.94%
 657  200724_20-08522_HIV11-02415_FL24_S18_L000_read_128_count_1    3.03%    passed     98.87%
 658  200724_20-08522_HIV11-02415_FL24_S18_L000_read_129_count_1    3.03%    passed     98.97%
 659  200724_20-08522_HIV11-02415_FL24_S18_L000_read_130_count_1    3.03%    passed     99.94%
 660  200724_20-08522_HIV11-02415_FL24_S18_L000_read_131_count_1    3.03%    passed     98.93%
 661  200724_20-08522_HIV11-02415_FL24_S18_L000_read_132_count_1    3.03%    passed     98.15%
 662  200724_20-08522_HIV11-02415_FL24_S18_L000_read_133_count_1    3.03%    passed     98.60%
 663  200724_20-08522_HIV11-02415_FL24_S18_L000_read_134_count_1    3.03%    passed     99.77%
 664  200724_20-08522_HIV11-02415_FL24_S18_L000_read_135_count_1    3.03%    passed     95.47%
 665  200724_20-08522_HIV11-02415_FL24_S18_L000_read_136_count_1    3.03%    passed     96.64%
 666  200724_20-08522_HIV11-02415_FL24_S18_L000_read_137_count_1    3.03%    passed     99.98%
 667  200724_20-08522_HIV11-02415_FL24_S18_L000_read_138_count_1    3.03%    passed     98.93%
 668  200724_20-08522_HIV11-02415_FL24_S18_L000_read_139_count_1    3.03%    passed     99.58%
 669  200724_20-08522_HIV11-02415_FL24_S18_L000_read_140_count_1    3.03%    passed     99.78%
 670  200724_20-08522_HIV11-02415_FL24_S18_L000_read_141_count_1    3.03%    passed     99.25%
 671  200724_20-08522_HIV11-02415_FL24_S18_L000_read_142_count_1    3.03%    passed     99.23%
 672  200724_20-08522_HIV11-02415_FL24_S18_L000_read_143_count_1    3.03%    passed     97.64%
 673  200724_20-08522_HIV11-02415_FL24_S18_L000_read_144_count_1    3.03%    passed     98.54%
 674  200724_20-08522_HIV11-02415_FL24_S18_L000_read_145_count_1    3.46%    passed     99.87%
 675  200724_20-08522_HIV11-02415_FL24_S18_L000_read_146_count_1    3.03%    passed     99.94%
 676  200724_20-08522_HIV11-02415_FL24_S18_L000_read_147_count_1    3.03%    passed     99.54%
 677  200724_20-08522_HIV11-02415_FL24_S18_L000_read_148_count_1    3.03%    passed     97.86%
 678  200724_20-08522_HIV11-02415_FL24_S18_L000_read_149_count_1    3.03%    passed     99.41%
 679  200724_20-08522_HIV11-02415_FL24_S18_L000_read_150_count_1    3.03%    passed     99.83%
 680  200724_20-08522_HIV11-02415_FL24_S18_L000_read_151_count_1    3.03%    passed     99.83%
 681  200724_20-08522_HIV11-02415_FL24_S18_L000_read_152_count_1    3.03%    passed     99.71%
 682  200724_20-08522_HIV11-02415_FL24_S18_L000_read_153_count_1    3.03%    passed     99.51%
 683  200724_20-08522_HIV11-02415_FL24_S18_L000_read_154_count_1    3.03%    passed     99.42%
 684  200724_20-08522_HIV11-02415_FL24_S18_L000_read_155_count_1    3.03%    passed     98.48%
 685  200724_20-08522_HIV11-02415_FL24_S18_L000_read_156_count_1    3.03%    passed     99.98%
 686  200724_20-08522_HIV11-02415_FL24_S18_L000_read_157_count_1    3.03%    passed     98.44%
 687  200724_20-08522_HIV11-02415_FL24_S18_L000_read_158_count_1    3.03%    passed     99.94%
 688  200724_20-08522_HIV11-02415_FL24_S18_L000_read_159_count_1    3.03%    passed     98.44%
 689  200724_20-08522_HIV11-02415_FL24_S18_L000_read_160_count_1    3.03%    passed     99.51%
 690  200724_20-08522_HIV11-02415_FL24_S18_L000_read_161_count_1    3.03%    passed     99.98%
 691  200724_20-08522_HIV11-02415_FL24_S18_L000_read_162_count_1    3.03%    passed     98.54%
 692  200724_20-08522_HIV11-02415_FL24_S18_L000_read_163_count_1    3.03%    passed     97.76%
 693  200724_20-08522_HIV11-02415_FL24_S18_L000_read_164_count_1    3.03%    passed     95.47%
 694  200724_20-08522_HIV11-02415_FL24_S18_L000_read_165_count_1    3.03%    passed     99.77%
 695  200724_20-08522_HIV11-02415_FL24_S18_L000_read_166_count_1    3.03%    passed     99.43%
 696  200724_20-08522_HIV11-02415_FL24_S18_L000_read_167_count_1    3.03%    passed     99.94%
 697  200724_20-08522_HIV11-02415_FL24_S18_L000_read_168_count_1    3.03%    passed     99.71%
 698  200724_20-08522_HIV11-02415_FL24_S18_L000_read_169_count_1    3.03%    passed     99.51%
 699  200724_20-08522_HIV11-02415_FL24_S18_L000_read_170_count_1    3.03%    passed     99.84%
 700  200724_20-08522_HIV11-02415_FL24_S18_L000_read_171_count_1    3.03%    passed     99.89%
 701  200724_20-08522_HIV11-02415_FL24_S18_L000_read_172_count_1    3.03%    passed     98.15%
 702  200724_20-08522_HIV11-02415_FL24_S18_L000_read_173_count_1    3.03%    passed     99.28%
 703  200724_20-08522_HIV11-02415_FL24_S18_L000_read_174_count_1    3.03%    passed     99.71%
 704  200724_20-08522_HIV11-02415_FL24_S18_L000_read_175_count_1    3.03%    passed     99.77%
 705  200724_20-08522_HIV11-02415_FL24_S18_L000_read_176_count_1    3.03%    passed     99.51%
 706  200724_20-08522_HIV11-02415_FL24_S18_L000_read_177_count_1    3.03%    passed     97.24%
 707  200724_20-08522_HIV11-02415_FL24_S18_L000_read_178_count_1    3.03%    passed     98.84%
 708  200724_20-08522_HIV11-02415_FL24_S18_L000_read_179_count_1    2.60%    passed     99.92%
 709  200724_20-08522_HIV11-02415_FL24_S18_L000_read_180_count_1    3.03%    passed     98.89%
 710  200724_20-08522_HIV11-02415_FL24_S18_L000_read_181_count_1    3.03%    passed     99.77%
 711  200724_20-08522_HIV11-02415_FL24_S18_L000_read_182_count_1    3.03%    passed     92.70%
 712  200724_20-08522_HIV11-02415_FL24_S18_L000_read_183_count_1    3.03%    passed     99.71%
 713  200724_20-08522_HIV11-02415_FL24_S18_L000_read_184_count_1    3.03%    passed     96.64%
 714  200724_20-08522_HIV11-02415_FL24_S18_L000_read_185_count_1    3.03%    passed     99.94%
 715  200724_20-08522_HIV11-02415_FL24_S18_L000_read_186_count_1    3.03%    passed     96.58%
 716  200724_20-08522_HIV11-02415_FL24_S18_L000_read_187_count_1    3.03%    passed     98.83%
 717  200724_20-08522_HIV11-02415_FL24_S18_L000_read_188_count_1    3.03%    passed     99.51%
 718  200724_20-08522_HIV11-02415_FL24_S18_L000_read_189_count_1    3.03%    passed     97.64%
 719  200724_20-08522_HIV11-02415_FL24_S18_L000_read_190_count_1    3.03%    passed     99.94%
 720  200724_20-08522_HIV11-02415_FL24_S18_L000_read_191_count_1    3.03%    passed     98.97%
 721  200724_20-08522_HIV11-02415_FL24_S18_L000_read_192_count_1    3.03%    passed     96.64%
 722  200724_20-08522_HIV11-02415_FL24_S18_L000_read_193_count_1    3.03%    passed     99.42%
 723  200724_20-08522_HIV11-02415_FL24_S18_L000_read_194_count_1    3.03%    passed     98.89%
 724  200724_20-08522_HIV11-02415_FL24_S18_L000_read_195_count_1    3.03%    passed     99.77%
 725  200724_20-08522_HIV11-02415_FL24_S18_L000_read_196_count_1    3.03%    passed     99.77%
 726  200724_20-08522_HIV11-02415_FL24_S18_L000_read_197_count_1    3.03%    passed     97.48%
 727  200724_20-08522_HIV11-02415_FL24_S18_L000_read_198_count_1    3.03%    passed     99.77%
 728  200724_20-08522_HIV11-02415_FL24_S18_L000_read_199_count_1    3.03%    passed     99.58%
 729  200724_20-08522_HIV11-02415_FL24_S18_L000_read_200_count_1    3.03%    passed     99.77%
 730  200724_20-08522_HIV11-02415_FL24_S18_L000_read_201_count_1    3.03%    passed     99.71%
 731  200724_20-08522_HIV11-02415_FL24_S18_L000_read_202_count_1    3.03%    passed     98.87%
 732  200724_20-08522_HIV11-02415_FL24_S18_L000_read_203_count_1    3.03%    passed     97.24%
 733  200724_20-08522_HIV11-02415_FL24_S18_L000_read_204_count_1    3.03%    passed     97.29%
 734  200724_20-08522_HIV11-02415_FL24_S18_L000_read_205_count_1    3.03%    passed     96.83%
 735  200724_20-08522_HIV11-02415_FL24_S18_L000_read_206_count_1    3.03%    passed     99.23%
 736  200724_20-08522_HIV11-02415_FL24_S18_L000_read_207_count_1    3.03%    passed     99.54%
 737  200724_20-08522_HIV11-02415_FL24_S18_L000_read_208_count_1    3.03%    passed     99.77%
 738  200724_20-08522_HIV11-02415_FL24_S18_L000_read_209_count_1    3.03%    passed     99.89%
 739  200724_20-08522_HIV11-02415_FL24_S18_L000_read_210_count_1    3.03%    passed     99.89%
 740  200724_20-08522_HIV11-02415_FL24_S18_L000_read_211_count_1    3.03%    passed     99.28%
 741  200724_20-08522_HIV11-02415_FL24_S18_L000_read_212_count_1    3.03%    passed     99.25%
 742  200724_20-08522_HIV11-02415_FL24_S18_L000_read_213_count_1    3.03%    passed     99.43%
 743  200724_20-08522_HIV11-02415_FL24_S18_L000_read_214_count_1    3.03%    passed     98.87%
 744  200724_20-08522_HIV11-02415_FL24_S18_L000_read_215_count_1    3.03%    passed     99.54%
 745  200724_20-08522_HIV11-02415_FL24_S18_L000_read_216_count_1    3.03%    passed     96.64%
 746  200724_20-08522_HIV11-02415_FL24_S18_L000_read_217_count_1    3.03%    passed     97.45%
 747  200724_20-08522_HIV11-02415_FL24_S18_L000_read_218_count_1    3.03%    passed     99.54%
 748  200724_20-08522_HIV11-02415_FL24_S18_L000_read_219_count_1    3.03%    passed     96.64%
 749  200724_20-08522_HIV11-02415_FL24_S18_L000_read_220_count_1    3.03%    passed     99.83%
 750  200724_20-08522_HIV11-02415_FL24_S18_L000_read_221_count_1    3.03%    passed     98.87%
 751  200724_20-08522_HIV11-02415_FL24_S18_L000_read_222_count_1    3.03%    passed     99.77%
 752  200724_20-08522_HIV11-02415_FL24_S18_L000_read_223_count_1    3.03%    passed     98.89%
 753  200724_20-08522_HIV11-02415_FL24_S18_L000_read_224_count_1    3.03%    passed     99.42%
 754  200724_20-08522_HIV11-02415_FL24_S18_L000_read_225_count_1    3.03%    passed     98.87%
 755  200724_20-08522_HIV11-02415_FL24_S18_L000_read_226_count_1    3.03%    passed     99.98%
 756  200724_20-08522_HIV11-02415_FL24_S18_L000_read_227_count_1    3.03%    passed     99.02%
 757  200724_20-08522_HIV11-02415_FL24_S18_L000_read_228_count_1   17.75%    passed     95.48%
 758  200724_20-08522_HIV11-02415_FL24_S18_L000_read_229_count_1    3.03%    passed     98.93%
 759  200724_20-08522_HIV11-02415_FL24_S18_L000_read_230_count_1   12.12%    passed     95.63%
 760  200724_20-08522_HIV11-02415_FL24_S18_L000_read_231_count_1    3.03%    passed     92.86%
 761  200724_20-08522_HIV11-02415_FL24_S18_L000_read_232_count_1    3.03%    passed     99.25%
 762  200724_20-08522_HIV11-02415_FL24_S18_L000_read_233_count_1    3.03%    passed     99.24%
 763  200724_20-08522_HIV11-02415_FL24_S18_L000_read_234_count_1    3.03%    passed     99.51%
 764  200724_20-08522_HIV11-02415_FL24_S18_L000_read_235_count_1    3.46%    passed     97.70%
 765  200724_20-08522_HIV11-02415_FL24_S18_L000_read_236_count_1    3.03%    passed     99.94%
 766  200724_20-08522_HIV11-02415_FL24_S18_L000_read_237_count_1    3.03%    passed     97.29%
 767  200724_20-08522_HIV11-02415_FL24_S18_L000_read_238_count_1    3.03%    passed     98.89%
 768  200724_20-08522_HIV11-02415_FL24_S18_L000_read_239_count_1    3.03%    passed     99.89%
 769  200724_20-08522_HIV11-02415_FL24_S18_L000_read_240_count_1    3.03%    passed     98.44%
 770  200724_20-08522_HIV11-02415_FL24_S18_L000_read_241_count_1    3.03%    passed     99.77%
 771  200724_20-08522_HIV11-02415_FL24_S18_L000_read_242_count_1    3.03%    passed     99.28%
 772  200724_20-08522_HIV11-02415_FL24_S18_L000_read_243_count_1    3.03%    passed     98.87%
 773  200724_20-08522_HIV11-02415_FL24_S18_L000_read_244_count_1    3.03%    passed     99.18%
 774  200724_20-08522_HIV11-02415_FL24_S18_L000_read_245_count_1    3.03%    passed     99.84%
 775  B.FR.83.HXB2_LAI_IIIB_BRU.K03455                              3.03%    passed     94.52%
 776  C.BW.00.00BW07621.AF443088                                    3.03%    passed     96.64%
****  TOTAL                                                         3.08%  0 sequences failed composition chi2 test (p-value<5%; df=3)
Checking for duplicate sequences: done in 0.00245651 secs using 262.8% CPU

Create initial parsimony tree by phylogenetic likelihood library (PLL)... 0.104 seconds

NOTE: 34 MB RAM (0 GB) is required!
Estimate model parameters (epsilon = 0.100)
1. Initial log-likelihood: -6752.358
2. Current log-likelihood: -6508.674
3. Current log-likelihood: -6507.433
4. Current log-likelihood: -6506.550
5. Current log-likelihood: -6505.807
6. Current log-likelihood: -6505.557
Optimal log-likelihood: -6505.518
Rate parameters:  A-C: 0.75964  A-G: 1.82802  A-T: 0.59760  C-G: 0.06611  C-T: 2.88612  G-T: 1.00000
Base frequencies:  A: 0.362  C: 0.167  G: 0.272  T: 0.199
Site proportion and rates:  (0.068,0.373) (0.168,0.544) (0.237,0.630) (0.239,0.774) (0.262,1.704) (0.027,3.827)
Parameters optimization took 6 rounds (7.913 sec)
Wrote distance file to... 
Computing ML distances based on estimated model parameters...
Calculating distance matrix: done in 1.62457 secs using 199.6% CPU
Computing ML distances took 1.626610 sec (of wall-clock time) 3.242891 sec (of CPU time)
Setting up auxiliary I and S matrices: done in 0.00909686 secs using 198.6% CPU
Constructing RapidNJ tree: done in 0.448646 secs using 137% CPU
Computing RapidNJ tree took 0.457939 sec (of wall-clock time) 0.632863 sec (of CPU time)
Log-likelihood of RapidNJ tree: -6530.187
--------------------------------------------------------------------
|             INITIALIZING CANDIDATE TREE SET                      |
--------------------------------------------------------------------
Generating 98 parsimony trees... 11.119 second
Computing log-likelihood of 98 initial trees ... 8.754 seconds
Current best score: -6505.518

Do NNI search on 20 best initial trees
Optimizing NNI: done in 0.404893 secs using 197.8% CPU
Estimate model parameters (epsilon = 0.100)
BETTER TREE FOUND at iteration 1: -6503.140
Optimizing NNI: done in 1.51243 secs using 195.4% CPU
Optimizing NNI: done in 1.57454 secs using 198.9% CPU
Optimizing NNI: done in 0.752186 secs using 196.7% CPU
Optimizing NNI: done in 0.969823 secs using 197.1% CPU
Optimizing NNI: done in 1.34514 secs using 197.9% CPU
Optimizing NNI: done in 1.29225 secs using 197.6% CPU
Optimizing NNI: done in 1.12953 secs using 197.5% CPU
Optimizing NNI: done in 0.825118 secs using 197% CPU
Optimizing NNI: done in 1.45935 secs using 195.9% CPU
Iteration 10 / LogL: -6520.403 / Time: 0h:0m:43s
Optimizing NNI: done in 1.6389 secs using 197.1% CPU
Optimizing NNI: done in 1.36927 secs using 197.3% CPU
Optimizing NNI: done in 1.03666 secs using 197.1% CPU
Optimizing NNI: done in 1.4384 secs using 198% CPU
Optimizing NNI: done in 1.12239 secs using 199.6% CPU
Optimizing NNI: done in 1.34747 secs using 197.8% CPU
Optimizing NNI: done in 1.78144 secs using 197.6% CPU
Optimizing NNI: done in 1.1334 secs using 197.5% CPU
Optimizing NNI: done in 1.91343 secs using 198.1% CPU
Optimizing NNI: done in 1.17005 secs using 197.5% CPU
Iteration 20 / LogL: -6527.318 / Time: 0h:0m:57s
Finish initializing candidate tree set (20)
Current best tree score: -6503.140 / CPU time: 46.713
Number of iterations: 20
--------------------------------------------------------------------
|               OPTIMIZING CANDIDATE TREE SET                      |
--------------------------------------------------------------------
Optimizing NNI: done in 1.55745 secs using 196.2% CPU
Optimizing NNI: done in 2.14692 secs using 195.8% CPU
Optimizing NNI: done in 2.4281 secs using 196.6% CPU
Estimate model parameters (epsilon = 0.100)
BETTER TREE FOUND at iteration 23: -6493.666
Optimizing NNI: done in 2.20839 secs using 197.5% CPU
Optimizing NNI: done in 2.31637 secs using 197.3% CPU
Optimizing NNI: done in 1.30983 secs using 196.5% CPU
Optimizing NNI: done in 2.60857 secs using 197% CPU
Optimizing NNI: done in 2.07373 secs using 196.5% CPU
Optimizing NNI: done in 1.98863 secs using 197% CPU
Optimizing NNI: done in 3.01031 secs using 197.2% CPU
Iteration 30 / LogL: -6516.352 / Time: 0h:1m:24s (0h:4m:29s left)
Optimizing NNI: done in 1.77117 secs using 196.3% CPU
Optimizing NNI: done in 1.82626 secs using 196.5% CPU
Optimizing NNI: done in 2.59396 secs using 197.2% CPU
Optimizing NNI: done in 2.11482 secs using 197.5% CPU
Optimizing NNI: done in 1.27278 secs using 195.3% CPU
Optimizing NNI: done in 1.82472 secs using 197.5% CPU
Optimizing NNI: done in 1.85813 secs using 197.6% CPU
Optimizing NNI: done in 1.48236 secs using 195.2% CPU
Estimate model parameters (epsilon = 0.100)
BETTER TREE FOUND at iteration 38: -6491.564
Optimizing NNI: done in 1.81249 secs using 197.7% CPU
Optimizing NNI: done in 1.733 secs using 195.4% CPU
Estimate model parameters (epsilon = 0.100)
BETTER TREE FOUND at iteration 40: -6490.058
Iteration 40 / LogL: -6490.058 / Time: 0h:1m:46s (0h:4m:33s left)
Optimizing NNI: done in 1.76248 secs using 196.5% CPU
Optimizing NNI: done in 1.8078 secs using 197.2% CPU
Optimizing NNI: done in 1.65551 secs using 197.4% CPU
Optimizing NNI: done in 1.71741 secs using 195.7% CPU
Optimizing NNI: done in 1.65758 secs using 196% CPU
Optimizing NNI: done in 1.88562 secs using 197.3% CPU
Optimizing NNI: done in 2.09918 secs using 196.7% CPU
Optimizing NNI: done in 2.84017 secs using 196.4% CPU
Optimizing NNI: done in 1.92451 secs using 197.5% CPU
Optimizing NNI: done in 1.70474 secs using 196.5% CPU
Iteration 50 / LogL: -6505.012 / Time: 0h:2m:6s (0h:3m:52s left)
Optimizing NNI: done in 1.42327 secs using 196.7% CPU
Optimizing NNI: done in 1.63251 secs using 197.1% CPU
Estimate model parameters (epsilon = 0.100)
BETTER TREE FOUND at iteration 52: -6485.608
Optimizing NNI: done in 2.01371 secs using 196.8% CPU
Optimizing NNI: done in 1.78507 secs using 198.2% CPU
Estimate model parameters (epsilon = 0.100)
BETTER TREE FOUND at iteration 54: -6477.260
Optimizing NNI: done in 2.27296 secs using 197.3% CPU
Optimizing NNI: done in 2.14089 secs using 196.5% CPU
Optimizing NNI: done in 1.74321 secs using 196% CPU
Optimizing NNI: done in 1.81268 secs using 196.8% CPU
Optimizing NNI: done in 1.71525 secs using 197% CPU
Optimizing NNI: done in 1.69463 secs using 195.4% CPU
Estimate model parameters (epsilon = 0.100)
BETTER TREE FOUND at iteration 60: -6476.611
Iteration 60 / LogL: -6476.611 / Time: 0h:2m:29s (0h:4m:12s left)
Optimizing NNI: done in 1.29492 secs using 197.3% CPU
Optimizing NNI: done in 2.06588 secs using 196.3% CPU
Optimizing NNI: done in 2.22728 secs using 197.7% CPU
Optimizing NNI: done in 1.84714 secs using 197.6% CPU
Optimizing NNI: done in 2.20516 secs using 197.2% CPU
Optimizing NNI: done in 1.71238 secs using 195.3% CPU
Optimizing NNI: done in 1.62897 secs using 197.4% CPU
Optimizing NNI: done in 2.06961 secs using 196.4% CPU
Optimizing NNI: done in 1.94914 secs using 197% CPU
Estimate model parameters (epsilon = 0.100)
BETTER TREE FOUND at iteration 69: -6465.813
Optimizing NNI: done in 2.19761 secs using 196.8% CPU
Iteration 70 / LogL: -6489.086 / Time: 0h:2m:50s (0h:4m:4s left)
Optimizing NNI: done in 1.95642 secs using 196.7% CPU
Optimizing NNI: done in 1.54968 secs using 197.2% CPU
Optimizing NNI: done in 1.64024 secs using 196.4% CPU
Optimizing NNI: done in 1.74865 secs using 197.7% CPU
Optimizing NNI: done in 1.71865 secs using 197.5% CPU
Optimizing NNI: done in 1.48596 secs using 196.4% CPU
Optimizing NNI: done in 2.68272 secs using 198% CPU
Optimizing NNI: done in 2.03368 secs using 198.2% CPU
Optimizing NNI: done in 1.54695 secs using 195.4% CPU
Optimizing NNI: done in 2.11605 secs using 196.9% CPU
Iteration 80 / LogL: -6538.918 / Time: 0h:3m:9s (0h:3m:33s left)
Optimizing NNI: done in 2.34018 secs using 196.7% CPU
Optimizing NNI: done in 2.10629 secs using 198.8% CPU
Optimizing NNI: done in 1.66304 secs using 197.3% CPU
Optimizing NNI: done in 2.28929 secs using 196.4% CPU
Optimizing NNI: done in 1.66332 secs using 197.6% CPU
Optimizing NNI: done in 1.41435 secs using 196.8% CPU
Optimizing NNI: done in 1.93404 secs using 196.9% CPU
Optimizing NNI: done in 1.84248 secs using 197.3% CPU
Optimizing NNI: done in 1.87228 secs using 197.2% CPU
Optimizing NNI: done in 1.58373 secs using 196.3% CPU
Iteration 90 / LogL: -6486.541 / Time: 0h:3m:29s (0h:3m:5s left)
Optimizing NNI: done in 1.96986 secs using 197.3% CPU
Optimizing NNI: done in 1.26266 secs using 196.2% CPU
Optimizing NNI: done in 1.49886 secs using 196.7% CPU
Optimizing NNI: done in 1.84306 secs using 197.1% CPU
Optimizing NNI: done in 2.10703 secs using 195.1% CPU
Optimizing NNI: done in 1.79267 secs using 196.1% CPU
Optimizing NNI: done in 1.68624 secs using 196.3% CPU
Optimizing NNI: done in 2.00645 secs using 196.2% CPU
Optimizing NNI: done in 1.92642 secs using 197.3% CPU
Optimizing NNI: done in 1.40647 secs using 196.3% CPU
Iteration 100 / LogL: -6494.262 / Time: 0h:3m:48s (0h:2m:38s left)
Optimizing NNI: done in 2.24652 secs using 196.4% CPU
Optimizing NNI: done in 2.27696 secs using 197.5% CPU
Optimizing NNI: done in 1.93252 secs using 197% CPU
Optimizing NNI: done in 1.73406 secs using 195.2% CPU
Optimizing NNI: done in 2.61896 secs using 196.3% CPU
Optimizing NNI: done in 1.55315 secs using 196.9% CPU
Optimizing NNI: done in 1.48213 secs using 196.8% CPU
Optimizing NNI: done in 1.86962 secs using 196.5% CPU
Optimizing NNI: done in 1.63005 secs using 196.9% CPU
Optimizing NNI: done in 1.60696 secs using 198.2% CPU
Iteration 110 / LogL: -6485.173 / Time: 0h:4m:7s (0h:2m:14s left)
Optimizing NNI: done in 2.04832 secs using 196.3% CPU
Estimate model parameters (epsilon = 0.100)
BETTER TREE FOUND at iteration 111: -6465.727
Optimizing NNI: done in 1.68226 secs using 197.1% CPU
Optimizing NNI: done in 1.85118 secs using 196.8% CPU
Optimizing NNI: done in 1.91288 secs using 196.2% CPU
Optimizing NNI: done in 1.44244 secs using 196.6% CPU
Optimizing NNI: done in 1.93276 secs using 197.5% CPU
Optimizing NNI: done in 1.97137 secs using 196.1% CPU
Optimizing NNI: done in 1.9058 secs using 195.6% CPU
Optimizing NNI: done in 2.12195 secs using 196.6% CPU
Optimizing NNI: done in 1.73007 secs using 197.1% CPU
Iteration 120 / LogL: -6468.297 / Time: 0h:4m:28s (0h:3m:25s left)
Optimizing NNI: done in 2.08019 secs using 197.6% CPU
Estimate model parameters (epsilon = 0.100)
BETTER TREE FOUND at iteration 121: -6464.515
Optimizing NNI: done in 1.41985 secs using 197.4% CPU
Optimizing NNI: done in 1.46583 secs using 195.4% CPU
Optimizing NNI: done in 2.04641 secs using 196.6% CPU
Optimizing NNI: done in 1.77729 secs using 196.2% CPU
Optimizing NNI: done in 1.66153 secs using 196.7% CPU
Optimizing NNI: done in 1.5688 secs using 196.3% CPU
Optimizing NNI: done in 1.30506 secs using 195.6% CPU
Optimizing NNI: done in 1.7213 secs using 196% CPU
Optimizing NNI: done in 1.58759 secs using 196.5% CPU
Iteration 130 / LogL: -6476.335 / Time: 0h:4m:47s (0h:3m:22s left)
Optimizing NNI: done in 1.65086 secs using 196.5% CPU
Optimizing NNI: done in 1.4752 secs using 197.1% CPU
Optimizing NNI: done in 1.87148 secs using 196.1% CPU
Optimizing NNI: done in 1.46149 secs using 196.2% CPU
Optimizing NNI: done in 1.83463 secs using 197.3% CPU
Optimizing NNI: done in 1.45461 secs using 196.9% CPU
Optimizing NNI: done in 2.16503 secs using 198% CPU
Estimate model parameters (epsilon = 0.100)
BETTER TREE FOUND at iteration 137: -6462.515
Optimizing NNI: done in 2.04508 secs using 196.8% CPU
Optimizing NNI: done in 1.77691 secs using 196.7% CPU
Optimizing NNI: done in 1.76341 secs using 196.8% CPU
Iteration 140 / LogL: -6469.943 / Time: 0h:5m:7s (0h:3m:34s left)
Optimizing NNI: done in 2.24893 secs using 197% CPU
Optimizing NNI: done in 2.09086 secs using 196% CPU
Optimizing NNI: done in 1.93923 secs using 195% CPU
Optimizing NNI: done in 1.32432 secs using 196.5% CPU
Optimizing NNI: done in 1.53384 secs using 194.6% CPU
Optimizing NNI: done in 2.052 secs using 196% CPU
Optimizing NNI: done in 1.94519 secs using 198.2% CPU
Optimizing NNI: done in 2.25755 secs using 196.6% CPU
Optimizing NNI: done in 1.49429 secs using 197.5% CPU
Optimizing NNI: done in 2.09246 secs using 196.3% CPU
Estimate model parameters (epsilon = 0.100)
BETTER TREE FOUND at iteration 150: -6460.828
Iteration 150 / LogL: -6460.828 / Time: 0h:5m:28s (0h:3m:40s left)
Optimizing NNI: done in 1.77261 secs using 196.7% CPU
Optimizing NNI: done in 1.57816 secs using 196.4% CPU
Optimizing NNI: done in 2.09538 secs using 197.4% CPU
Optimizing NNI: done in 2.08831 secs using 196.4% CPU
Optimizing NNI: done in 1.91659 secs using 197.4% CPU
Optimizing NNI: done in 1.83477 secs using 197.2% CPU
Optimizing NNI: done in 1.7222 secs using 196% CPU
Optimizing NNI: done in 1.45594 secs using 194.4% CPU
Optimizing NNI: done in 1.80416 secs using 198.6% CPU
Optimizing NNI: done in 1.75043 secs using 197.5% CPU
Iteration 160 / LogL: -6477.377 / Time: 0h:5m:47s (0h:3m:16s left)
Optimizing NNI: done in 1.80722 secs using 195.5% CPU
Optimizing NNI: done in 2.00664 secs using 197.7% CPU
Optimizing NNI: done in 2.17462 secs using 197.2% CPU
Optimizing NNI: done in 1.67813 secs using 198% CPU
Optimizing NNI: done in 1.95838 secs using 197.1% CPU
Optimizing NNI: done in 1.79688 secs using 197% CPU
Optimizing NNI: done in 1.80937 secs using 197% CPU
Optimizing NNI: done in 1.74481 secs using 196% CPU
Optimizing NNI: done in 1.55401 secs using 195.4% CPU
Optimizing NNI: done in 1.82068 secs using 196.1% CPU
Iteration 170 / LogL: -6478.317 / Time: 0h:6m:6s (0h:2m:53s left)
Optimizing NNI: done in 1.73007 secs using 197.7% CPU
Optimizing NNI: done in 2.09075 secs using 197.3% CPU
Optimizing NNI: done in 1.73414 secs using 197% CPU
Optimizing NNI: done in 1.95105 secs using 197.1% CPU
Optimizing NNI: done in 1.91943 secs using 196.7% CPU
Optimizing NNI: done in 1.52526 secs using 197.1% CPU
Optimizing NNI: done in 1.75664 secs using 194.6% CPU
Optimizing NNI: done in 1.66703 secs using 196.4% CPU
Optimizing NNI: done in 1.43577 secs using 196.6% CPU
Optimizing NNI: done in 1.77185 secs using 195.9% CPU
Iteration 180 / LogL: -6475.821 / Time: 0h:6m:25s (0h:2m:30s left)
Optimizing NNI: done in 1.78946 secs using 197.3% CPU
Optimizing NNI: done in 1.94835 secs using 196.7% CPU
Optimizing NNI: done in 1.76684 secs using 197.6% CPU
Optimizing NNI: done in 1.49288 secs using 197.3% CPU
Optimizing NNI: done in 2.15031 secs using 196.7% CPU
Optimizing NNI: done in 1.80443 secs using 195.7% CPU
Optimizing NNI: done in 1.54134 secs using 196.5% CPU
Optimizing NNI: done in 1.50858 secs using 197.1% CPU
Optimizing NNI: done in 1.65326 secs using 196.7% CPU
Optimizing NNI: done in 1.84608 secs using 197.4% CPU
Iteration 190 / LogL: -6475.616 / Time: 0h:6m:43s (0h:2m:8s left)
Optimizing NNI: done in 1.56476 secs using 196.6% CPU
Optimizing NNI: done in 2.08307 secs using 197.3% CPU
Optimizing NNI: done in 1.62499 secs using 196.9% CPU
Optimizing NNI: done in 1.70292 secs using 195.9% CPU
Optimizing NNI: done in 1.92695 secs using 195.7% CPU
Optimizing NNI: done in 1.54548 secs using 196.5% CPU
Optimizing NNI: done in 1.72965 secs using 197.7% CPU
Optimizing NNI: done in 1.77514 secs using 197.7% CPU
Optimizing NNI: done in 2.34568 secs using 197% CPU
Estimate model parameters (epsilon = 0.100)
BETTER TREE FOUND at iteration 199: -6458.065
Optimizing NNI: done in 1.99391 secs using 197.1% CPU
Iteration 200 / LogL: -6493.414 / Time: 0h:7m:3s (0h:3m:30s left)
Optimizing NNI: done in 1.34106 secs using 197% CPU
Optimizing NNI: done in 1.75589 secs using 196.4% CPU
Optimizing NNI: done in 2.26035 secs using 196.6% CPU
Optimizing NNI: done in 1.76642 secs using 195.7% CPU
Optimizing NNI: done in 1.78505 secs using 196.6% CPU
Optimizing NNI: done in 1.75701 secs using 196.3% CPU
Optimizing NNI: done in 1.99682 secs using 197.3% CPU
Optimizing NNI: done in 1.48675 secs using 197.6% CPU
Optimizing NNI: done in 1.86901 secs using 197% CPU
Optimizing NNI: done in 1.54792 secs using 196% CPU
Iteration 210 / LogL: -6469.270 / Time: 0h:7m:22s (0h:3m:8s left)
Optimizing NNI: done in 1.53672 secs using 196% CPU
Optimizing NNI: done in 2.0935 secs using 197.1% CPU
Optimizing NNI: done in 2.36374 secs using 198.1% CPU
Optimizing NNI: done in 2.09369 secs using 196.7% CPU
Optimizing NNI: done in 1.68765 secs using 197.4% CPU
Optimizing NNI: done in 1.83602 secs using 196.1% CPU
Optimizing NNI: done in 1.93625 secs using 197.3% CPU
Optimizing NNI: done in 1.95987 secs using 196.7% CPU
Optimizing NNI: done in 1.8216 secs using 196.1% CPU
Optimizing NNI: done in 1.79529 secs using 196.9% CPU
Iteration 220 / LogL: -6480.875 / Time: 0h:7m:42s (0h:2m:46s left)
Optimizing NNI: done in 1.60129 secs using 197% CPU
Optimizing NNI: done in 1.77639 secs using 195.8% CPU
Optimizing NNI: done in 2.02794 secs using 196.7% CPU
Optimizing NNI: done in 1.77977 secs using 197.3% CPU
Optimizing NNI: done in 2.02001 secs using 196.2% CPU
Optimizing NNI: done in 1.70024 secs using 195% CPU
Optimizing NNI: done in 1.84041 secs using 196.7% CPU
Optimizing NNI: done in 2.12767 secs using 197.4% CPU
Optimizing NNI: done in 1.33926 secs using 196.5% CPU
Optimizing NNI: done in 1.57212 secs using 197% CPU
Iteration 230 / LogL: -6477.642 / Time: 0h:8m:1s (0h:2m:24s left)
Optimizing NNI: done in 1.61086 secs using 196% CPU
Optimizing NNI: done in 2.19495 secs using 197.1% CPU
Optimizing NNI: done in 1.81738 secs using 196.7% CPU
Optimizing NNI: done in 1.83539 secs using 195.4% CPU
Optimizing NNI: done in 1.79913 secs using 195.8% CPU
Optimizing NNI: done in 1.95085 secs using 197.1% CPU
Optimizing NNI: done in 1.70504 secs using 195.9% CPU
Optimizing NNI: done in 2.15775 secs using 197.3% CPU
Optimizing NNI: done in 1.82807 secs using 196% CPU
Optimizing NNI: done in 1.83185 secs using 196.7% CPU
Iteration 240 / LogL: -6474.631 / Time: 0h:8m:21s (0h:2m:3s left)
Optimizing NNI: done in 1.31573 secs using 196.4% CPU
Optimizing NNI: done in 1.53404 secs using 197.5% CPU
Optimizing NNI: done in 1.82794 secs using 196.3% CPU
Optimizing NNI: done in 1.79471 secs using 196.1% CPU
Optimizing NNI: done in 2.30722 secs using 196.5% CPU
Optimizing NNI: done in 1.82396 secs using 195.7% CPU
Optimizing NNI: done in 1.51677 secs using 196.7% CPU
Optimizing NNI: done in 1.66664 secs using 197.1% CPU
Optimizing NNI: done in 1.59763 secs using 196.9% CPU
Optimizing NNI: done in 2.52548 secs using 196% CPU
Iteration 250 / LogL: -6476.118 / Time: 0h:8m:39s (0h:1m:42s left)
Optimizing NNI: done in 1.92525 secs using 196.6% CPU
Optimizing NNI: done in 1.72209 secs using 198.2% CPU
Optimizing NNI: done in 1.85345 secs using 196.6% CPU
Optimizing NNI: done in 1.73548 secs using 195.3% CPU
Optimizing NNI: done in 2.12788 secs using 197.2% CPU
Optimizing NNI: done in 1.83124 secs using 197.2% CPU
Optimizing NNI: done in 2.23114 secs using 197.5% CPU
Optimizing NNI: done in 2.09481 secs using 196.2% CPU
Optimizing NNI: done in 2.28758 secs using 196.6% CPU
Optimizing NNI: done in 1.72716 secs using 195.9% CPU
Iteration 260 / LogL: -6470.676 / Time: 0h:9m:0s (0h:1m:21s left)
Optimizing NNI: done in 1.70384 secs using 197.5% CPU
Optimizing NNI: done in 1.80371 secs using 195.9% CPU
Optimizing NNI: done in 2.0855 secs using 197.3% CPU
Optimizing NNI: done in 2.26912 secs using 197.3% CPU
Optimizing NNI: done in 1.52297 secs using 196.5% CPU
Optimizing NNI: done in 1.85157 secs using 195.3% CPU
Optimizing NNI: done in 1.57378 secs using 195.8% CPU
Optimizing NNI: done in 1.67829 secs using 197.2% CPU
Optimizing NNI: done in 1.7606 secs using 197.6% CPU
Optimizing NNI: done in 1.66702 secs using 196.8% CPU
Iteration 270 / LogL: -6473.599 / Time: 0h:9m:19s (0h:1m:0s left)
Optimizing NNI: done in 1.70528 secs using 197.7% CPU
Optimizing NNI: done in 1.71727 secs using 196.8% CPU
Optimizing NNI: done in 1.48769 secs using 197.8% CPU
Optimizing NNI: done in 1.44726 secs using 196.1% CPU
Optimizing NNI: done in 2.00262 secs using 197.2% CPU
Optimizing NNI: done in 1.86319 secs using 195.4% CPU
Optimizing NNI: done in 1.68058 secs using 196.2% CPU
Optimizing NNI: done in 1.49906 secs using 196.1% CPU
Optimizing NNI: done in 1.60873 secs using 195.8% CPU
Optimizing NNI: done in 2.02037 secs using 197.4% CPU
Iteration 280 / LogL: -6466.577 / Time: 0h:9m:37s (0h:0m:39s left)
Optimizing NNI: done in 1.73345 secs using 196.3% CPU
Optimizing NNI: done in 1.75794 secs using 196.3% CPU
Optimizing NNI: done in 1.30969 secs using 196.3% CPU
Optimizing NNI: done in 1.69079 secs using 196.5% CPU
Optimizing NNI: done in 1.75222 secs using 197.2% CPU
Optimizing NNI: done in 1.53735 secs using 197.6% CPU
Optimizing NNI: done in 1.75298 secs using 196.3% CPU
Optimizing NNI: done in 1.74815 secs using 197.4% CPU
Optimizing NNI: done in 2.02317 secs using 196.7% CPU
Optimizing NNI: done in 1.96962 secs using 195.4% CPU
Iteration 290 / LogL: -6478.218 / Time: 0h:9m:55s (0h:0m:18s left)
Optimizing NNI: done in 1.4784 secs using 197.1% CPU
Optimizing NNI: done in 1.89203 secs using 196.7% CPU
Optimizing NNI: done in 1.68413 secs using 196.1% CPU
Optimizing NNI: done in 2.13572 secs using 196.6% CPU
Optimizing NNI: done in 1.69774 secs using 196.9% CPU
Optimizing NNI: done in 2.09645 secs using 197% CPU
Optimizing NNI: done in 1.57384 secs using 197.1% CPU
Optimizing NNI: done in 1.54766 secs using 198.5% CPU
Optimizing NNI: done in 1.88759 secs using 197.6% CPU
Optimizing NNI: done in 1.85258 secs using 197% CPU
Iteration 300 / LogL: -6485.647 / Time: 0h:10m:14s (0h:0m:-3s left)
TREE SEARCH COMPLETED AFTER 300 ITERATIONS / Time: 0h:10m:14s

--------------------------------------------------------------------
|                    FINALIZING TREE SEARCH                        |
--------------------------------------------------------------------
Performs final model parameters optimization
Estimate model parameters (epsilon = 0.010)
1. Initial log-likelihood: -6458.065
Optimal log-likelihood: -6458.064
Rate parameters:  A-C: 0.77531  A-G: 1.73446  A-T: 0.46713  C-G: 0.03353  C-T: 2.78680  G-T: 1.00000
Base frequencies:  A: 0.362  C: 0.167  G: 0.272  T: 0.199
Site proportion and rates:  (0.057,0.526) (0.153,0.561) (0.212,0.571) (0.199,0.606) (0.358,1.510) (0.021,4.885)
Parameters optimization took 1 rounds (1.064 sec)
BEST SCORE FOUND : -6458.064
Total tree length: 4.060

Total number of iterations: 300
CPU time used for tree search: 1154.894 sec (0h:19m:14s)
Wall-clock time used for tree search: 603.014 sec (0h:10m:3s)
Total CPU time used: 1178.486 sec (0h:19m:38s)
Total wall-clock time used: 615.213 sec (0h:10m:15s)

Analysis results written to: 
  IQ-TREE report:                IQTREE_bestTree.InWindow_4570_to_4820.iqtree
  Maximum-likelihood tree:       IQTREE_bestTree.InWindow_4570_to_4820.treefile
  Likelihood distances:          IQTREE_bestTree.InWindow_4570_to_4820.mldist
  Screen log file:               IQTREE_bestTree.InWindow_4570_to_4820.log

Date and Time: Tue Jul 25 12:12:19 2023
