IQ-TREE multicore version 2.2.2.7 COVID-edition for Linux 64-bit built Jun  7 2023
Developed by Bui Quang Minh, James Barbetti, Nguyen Lam Tung,
Olga Chernomor, Heiko Schmidt, Dominik Schrempf, Michael Woodhams, Ly Trong Nhan.

Host:    hpc-node03 (AVX2, FMA3, 1007 GB RAM)
Command: iqtree -s AlignedReadsInWindow_PositionsExcised_4650_to_4900.fasta -pre IQTREE_bestTree.InWindow_4650_to_4900 -m GTR+F+R6 -nt 4
Seed:    77569 (Using SPRNG - Scalable Parallel Random Number Generator)
Time:    Sun Jul 23 04:23:08 2023
Kernel:  AVX+FMA - 4 threads (4 CPU cores detected)

Reading alignment file AlignedReadsInWindow_PositionsExcised_4650_to_4900.fasta ... Fasta format detected
Reading fasta file: done in 0.00588604 secs using 80.95% CPU
Alignment most likely contains DNA/RNA sequences
Constructing alignment: done in 0.00160293 secs using 163.9% CPU
Alignment has 450 sequences with 270 columns, 212 distinct patterns
112 parsimony-informative, 77 singleton sites, 81 constant sites
                                                            Gap/Ambiguity  Composition  p-value
Analyzing sequences: done in 0.0165767 secs using 293.9% CPU
   1  200724_20-08522_HIV11-02415_FL24_S18_L000_read_1_count_267   13.70%    passed     99.56%
   2  200724_20-08522_HIV11-02415_FL24_S18_L000_read_2_count_28    13.70%    passed     99.99%
   3  200724_20-08522_HIV11-02415_FL24_S18_L000_read_3_count_16    13.70%    passed     99.51%
   4  200724_20-08522_HIV11-02415_FL24_S18_L000_read_4_count_15    13.70%    passed     99.51%
   5  200724_20-08522_HIV11-02415_FL24_S18_L000_read_5_count_5     13.70%    passed     98.99%
   6  200724_20-08522_HIV11-02415_FL24_S18_L000_read_6_count_4     13.70%    passed     99.51%
   7  200724_20-08522_HIV11-02415_FL24_S18_L000_read_7_count_4     13.70%    passed     99.51%
   8  200724_20-08522_HIV11-02415_FL24_S18_L000_read_8_count_4     13.70%    passed     99.51%
   9  200724_20-08522_HIV11-02415_FL24_S18_L000_read_9_count_3     13.70%    passed     99.51%
  10  200724_20-08522_HIV11-02415_FL24_S18_L000_read_10_count_3    13.70%    passed     99.83%
  11  200724_20-08522_HIV11-02415_FL24_S18_L000_read_11_count_3    13.70%    passed     97.66%
  12  200724_20-08522_HIV11-02415_FL24_S18_L000_read_12_count_3    13.70%    passed     99.51%
  13  200724_20-08522_HIV11-02415_FL24_S18_L000_read_13_count_3    13.70%    passed     99.83%
  14  200724_20-08522_HIV11-02415_FL24_S18_L000_read_14_count_2    13.70%    passed     98.98%
  15  200724_20-08522_HIV11-02415_FL24_S18_L000_read_15_count_2    13.70%    passed     98.99%
  16  200724_20-08522_HIV11-02415_FL24_S18_L000_read_16_count_2    13.70%    passed     99.42%
  17  200724_20-08522_HIV11-02415_FL24_S18_L000_read_17_count_2    13.70%    passed     97.54%
  18  200724_20-08522_HIV11-02415_FL24_S18_L000_read_18_count_2    13.70%    passed     98.72%
  19  200724_20-08522_HIV11-02415_FL24_S18_L000_read_19_count_2    13.70%    passed     99.51%
  20  200724_20-08522_HIV11-02415_FL24_S18_L000_read_20_count_2    13.70%    passed     99.17%
  21  200724_20-08522_HIV11-02415_FL24_S18_L000_read_21_count_2    13.70%    passed     99.79%
  22  200724_20-08522_HIV11-02415_FL24_S18_L000_read_22_count_2    22.96%    passed     79.42%
  23  200724_20-08522_HIV11-02415_FL24_S18_L000_read_23_count_2    13.70%    passed     97.74%
  24  200724_20-08522_HIV11-02415_FL24_S18_L000_read_24_count_2    13.70%    passed     99.99%
  25  200724_20-08522_HIV11-02415_FL24_S18_L000_read_25_count_2    13.70%    passed     98.72%
  26  200724_20-08522_HIV11-02415_FL24_S18_L000_read_26_count_2    13.70%    passed     98.91%
  27  200724_20-08522_HIV11-02415_FL24_S18_L000_read_27_count_2    13.70%    passed     98.98%
  28  200724_20-08522_HIV11-02415_FL24_S18_L000_read_28_count_2    13.70%    passed     97.74%
  29  200724_20-08522_HIV11-02415_FL24_S18_L000_read_29_count_2    13.70%    passed     99.83%
  30  200724_20-08522_HIV11-02415_FL24_S18_L000_read_30_count_1    13.70%    passed     98.91%
  31  200724_20-08522_HIV11-02415_FL24_S18_L000_read_31_count_1    13.70%    passed     99.83%
  32  200724_20-08522_HIV11-02415_FL24_S18_L000_read_32_count_1    13.70%    passed     97.66%
  33  200724_20-08522_HIV11-02415_FL24_S18_L000_read_33_count_1    13.70%    passed     99.42%
  34  200724_20-08522_HIV11-02415_FL24_S18_L000_read_34_count_1    13.70%    passed     96.53%
  35  200724_20-08522_HIV11-02415_FL24_S18_L000_read_35_count_1    13.70%    passed     99.56%
  36  200724_20-08522_HIV11-02415_FL24_S18_L000_read_36_count_1    21.48%    passed     87.62%
  37  200724_20-08522_HIV11-02415_FL24_S18_L000_read_37_count_1    13.70%    passed     98.98%
  38  200724_20-08522_HIV11-02415_FL24_S18_L000_read_38_count_1    13.70%    passed     97.74%
  39  200724_20-08522_HIV11-02415_FL24_S18_L000_read_39_count_1    13.70%    passed     98.99%
  40  200724_20-08522_HIV11-02415_FL24_S18_L000_read_40_count_1    13.70%    passed     96.37%
  41  200724_20-08522_HIV11-02415_FL24_S18_L000_read_41_count_1    14.07%    passed     99.78%
  42  200724_20-08522_HIV11-02415_FL24_S18_L000_read_42_count_1    13.70%    passed     99.42%
  43  200724_20-08522_HIV11-02415_FL24_S18_L000_read_43_count_1    13.70%    passed     98.91%
  44  200724_20-08522_HIV11-02415_FL24_S18_L000_read_44_count_1    13.70%    passed     98.98%
  45  200724_20-08522_HIV11-02415_FL24_S18_L000_read_45_count_1    13.70%    passed     98.91%
  46  200724_20-08522_HIV11-02415_FL24_S18_L000_read_46_count_1    13.70%    passed     96.48%
  47  200724_20-08522_HIV11-02415_FL24_S18_L000_read_47_count_1    13.70%    passed     99.17%
  48  200724_20-08522_HIV11-02415_FL24_S18_L000_read_48_count_1    13.70%    passed     97.54%
  49  200724_20-08522_HIV11-02415_FL24_S18_L000_read_49_count_1    13.70%    passed     97.54%
  50  200724_20-08522_HIV11-02415_FL24_S18_L000_read_50_count_1    13.70%    passed     97.72%
  51  200724_20-08522_HIV11-02415_FL24_S18_L000_read_51_count_1    13.70%    passed     99.42%
  52  200724_20-08522_HIV11-02415_FL24_S18_L000_read_52_count_1    13.70%    passed     97.88%
  53  200724_20-08522_HIV11-02415_FL24_S18_L000_read_53_count_1    13.70%    passed     99.83%
  54  200724_20-08522_HIV11-02415_FL24_S18_L000_read_54_count_1    13.70%    passed     98.91%
  55  200724_20-08522_HIV11-02415_FL24_S18_L000_read_55_count_1    14.07%    passed     99.25%
  56  200724_20-08522_HIV11-02415_FL24_S18_L000_read_56_count_1    13.70%    passed     99.51%
  57  200724_20-08522_HIV11-02415_FL24_S18_L000_read_57_count_1    13.70%    passed     99.79%
  58  200724_20-08522_HIV11-02415_FL24_S18_L000_read_58_count_1    13.33%    passed     99.37%
  59  200724_20-08522_HIV11-02415_FL24_S18_L000_read_59_count_1    13.70%    passed     98.99%
  60  200724_20-08522_HIV11-02415_FL24_S18_L000_read_60_count_1    13.33%    passed     99.73%
  61  200724_20-08522_HIV11-02415_FL24_S18_L000_read_61_count_1    13.70%    passed     99.42%
  62  200724_20-08522_HIV11-02415_FL24_S18_L000_read_62_count_1    13.70%    passed     94.19%
  63  200724_20-08522_HIV11-02415_FL24_S18_L000_read_63_count_1    13.70%    passed     81.96%
  64  200724_20-08522_HIV11-02415_FL24_S18_L000_read_64_count_1    13.70%    passed     93.19%
  65  200724_20-08522_HIV11-02415_FL24_S18_L000_read_65_count_1    14.07%    passed     99.83%
  66  200724_20-08522_HIV11-02415_FL24_S18_L000_read_66_count_1    17.04%    passed     92.67%
  67  200724_20-08522_HIV11-02415_FL24_S18_L000_read_67_count_1    13.70%    passed     95.85%
  68  200724_20-08522_HIV11-02415_FL24_S18_L000_read_68_count_1    13.70%    passed     98.91%
  69  200724_20-08522_HIV11-02415_FL24_S18_L000_read_69_count_1    13.70%    passed     99.83%
  70  200724_20-08522_HIV11-02415_FL24_S18_L000_read_70_count_1    13.70%    passed     96.70%
  71  200724_20-08522_HIV11-02415_FL24_S18_L000_read_71_count_1    13.70%    passed     99.88%
  72  200724_20-08522_HIV11-02415_FL24_S18_L000_read_72_count_1    26.30%    passed     95.44%
  73  200724_20-08522_HIV11-02415_FL24_S18_L000_read_73_count_1    13.70%    passed     97.11%
  74  200724_20-08522_HIV11-02415_FL24_S18_L000_read_74_count_1    13.70%    passed     99.79%
  75  200724_20-08522_HIV11-02415_FL24_S18_L000_read_75_count_1    13.70%    passed     99.14%
  76  200724_20-08522_HIV11-02415_FL24_S18_L000_read_76_count_1    13.70%    passed     99.17%
  77  200724_20-08522_HIV11-02415_FL24_S18_L000_read_77_count_1    13.70%    passed     99.79%
  78  200724_20-08522_HIV11-02415_FL24_S18_L000_read_78_count_1    13.70%    passed     98.99%
  79  200724_20-08522_HIV11-02415_FL24_S18_L000_read_79_count_1    13.70%    passed     99.82%
  80  200724_20-08522_HIV11-02415_FL24_S18_L000_read_80_count_1    13.70%    passed     99.51%
  81  200724_20-08522_HIV11-02415_FL24_S18_L000_read_81_count_1    13.70%    passed     99.14%
  82  200724_20-08522_HIV11-02415_FL24_S18_L000_read_82_count_1    13.70%    passed     97.66%
  83  200724_20-08522_HIV11-02415_FL24_S18_L000_read_83_count_1    13.70%    passed     99.79%
  84  200724_20-08522_HIV11-02415_FL24_S18_L000_read_84_count_1    13.70%    passed     98.91%
  85  200724_20-08522_HIV11-02415_FL24_S18_L000_read_85_count_1    13.70%    passed     98.72%
  86  200724_20-08522_HIV11-02415_FL24_S18_L000_read_86_count_1    13.70%    passed     99.99%
  87  200724_20-08522_HIV11-02415_FL24_S18_L000_read_87_count_1    13.70%    passed     98.99%
  88  200724_20-08522_HIV11-02415_FL24_S18_L000_read_88_count_1    13.70%    passed     99.99%
  89  200724_20-08522_HIV11-02415_FL24_S18_L000_read_89_count_1    13.70%    passed     98.98%
  90  200724_20-08522_HIV11-02415_FL24_S18_L000_read_90_count_1    13.70%    passed     99.51%
  91  200724_20-08522_HIV11-02415_FL24_S18_L000_read_91_count_1    13.70%    passed     99.51%
  92  200724_20-08522_HIV11-02415_FL24_S18_L000_read_92_count_1    13.70%    passed     99.42%
  93  200724_20-08522_HIV11-02415_FL24_S18_L000_read_93_count_1    13.70%    passed     97.66%
  94  200724_20-08522_HIV11-02415_FL24_S18_L000_read_94_count_1    13.33%    passed     99.73%
  95  200724_20-08522_HIV11-02415_FL24_S18_L000_read_95_count_1    13.70%    passed     99.51%
  96  200724_20-08522_HIV11-02415_FL24_S18_L000_read_96_count_1    13.70%    passed     98.91%
  97  200724_20-08522_HIV11-02415_FL24_S18_L000_read_97_count_1    13.70%    passed     98.72%
  98  200724_20-08522_HIV11-02415_FL24_S18_L000_read_98_count_1    13.70%    passed     99.17%
  99  200724_20-08522_HIV11-02415_FL24_S18_L000_read_99_count_1    13.70%    passed     99.93%
 100  200724_20-08522_HIV11-02415_FL24_S18_L000_read_100_count_1   13.70%    passed     97.92%
 101  200724_20-08522_HIV11-02415_FL24_S18_L000_read_101_count_1   13.70%    passed     98.98%
 102  200724_20-08522_HIV11-02415_FL24_S18_L000_read_102_count_1   13.70%    passed     93.00%
 103  200724_20-08522_HIV11-02415_FL24_S18_L000_read_103_count_1   13.70%    passed     99.56%
 104  200724_20-08522_HIV11-02415_FL24_S18_L000_read_104_count_1   13.70%    passed     97.74%
 105  200724_20-08522_HIV11-02415_FL24_S18_L000_read_105_count_1   13.70%    passed     99.42%
 106  200724_20-08522_HIV11-02415_FL24_S18_L000_read_106_count_1   13.70%    passed     99.99%
 107  200724_20-08522_HIV11-02415_FL24_S18_L000_read_107_count_1   13.70%    passed     99.56%
 108  200724_20-08522_HIV11-02415_FL24_S18_L000_read_108_count_1   13.70%    passed     98.98%
 109  200724_20-08522_HIV11-02415_FL24_S18_L000_read_109_count_1   13.70%    passed     99.99%
 110  200724_20-08522_HIV11-02415_FL24_S18_L000_read_110_count_1   13.70%    passed     99.56%
 111  200724_20-08522_HIV11-02415_FL24_S18_L000_read_111_count_1   13.70%    passed     98.91%
 112  200724_20-08522_HIV11-02415_FL24_S18_L000_read_112_count_1   14.07%    passed     98.83%
 113  200724_20-08522_HIV11-02415_FL24_S18_L000_read_113_count_1   13.70%    passed     99.88%
 114  200724_20-08522_HIV11-02415_FL24_S18_L000_read_114_count_1   13.70%    passed     99.83%
 115  200724_20-08522_HIV11-02415_FL24_S18_L000_read_115_count_1   13.70%    passed     98.99%
 116  200724_20-08522_HIV11-02415_FL24_S18_L000_read_116_count_1   13.70%    passed     98.99%
 117  200724_20-08522_HIV11-02415_FL24_S18_L000_read_117_count_1   13.70%    passed     99.83%
 118  200724_20-08522_HIV11-02415_FL24_S18_L000_read_118_count_1   13.70%    passed     99.88%
 119  200724_20-08522_HIV11-02415_FL24_S18_L000_read_119_count_1   13.70%    passed     97.74%
 120  200724_20-08522_HIV11-02415_FL24_S18_L000_read_120_count_1   13.70%    passed     97.74%
 121  200724_20-08522_HIV11-02415_FL24_S18_L000_read_121_count_1   13.70%    passed     99.99%
 122  200724_20-08522_HIV11-02415_FL24_S18_L000_read_122_count_1   13.70%    passed     98.72%
 123  200724_20-08522_HIV11-02415_FL24_S18_L000_read_123_count_1   13.70%    passed     97.66%
 124  200724_20-08522_HIV11-02415_FL24_S18_L000_read_124_count_1   13.70%    passed     97.65%
 125  200724_20-08522_HIV11-02415_FL24_S18_L000_read_125_count_1   13.70%    passed     98.55%
 126  200724_20-08522_HIV11-02415_FL24_S18_L000_read_126_count_1   14.07%    passed     99.25%
 127  200724_20-08522_HIV11-02415_FL24_S18_L000_read_127_count_1   13.70%    passed     99.56%
 128  200724_20-08522_HIV11-02415_FL24_S18_L000_read_128_count_1   13.70%    passed     99.56%
 129  200724_20-08522_HIV11-02415_FL24_S18_L000_read_129_count_1   13.70%    passed     99.88%
 130  200724_20-08522_HIV11-02415_FL24_S18_L000_read_130_count_1   13.70%    passed     99.17%
 131  200724_20-08522_HIV11-02415_FL24_S18_L000_read_131_count_1   13.70%    passed     99.42%
 132  200709_20-07994_HIV07-01067_FL21_S1_L000_read_1_count_394    13.70%    passed     99.66%
 133  200709_20-07994_HIV07-01067_FL21_S1_L000_read_2_count_70     13.70%    passed     99.04%
 134  200709_20-07994_HIV07-01067_FL21_S1_L000_read_3_count_6      13.70%    passed     98.67%
 135  200709_20-07994_HIV07-01067_FL21_S1_L000_read_4_count_3      13.70%    passed     99.88%
 136  200709_20-07994_HIV07-01067_FL21_S1_L000_read_5_count_2      13.70%    passed     99.85%
 137  200709_20-07994_HIV07-01067_FL21_S1_L000_read_6_count_2      13.70%    passed     99.79%
 138  200709_20-07994_HIV07-01067_FL21_S1_L000_read_7_count_2      13.70%    passed     99.66%
 139  200709_20-07994_HIV07-01067_FL21_S1_L000_read_8_count_2      13.70%    passed     99.88%
 140  200709_20-07994_HIV07-01067_FL21_S1_L000_read_9_count_2      13.70%    passed     99.04%
 141  200709_20-07994_HIV07-01067_FL21_S1_L000_read_10_count_2     13.70%    passed     99.88%
 142  200709_20-07994_HIV07-01067_FL21_S1_L000_read_11_count_2     13.70%    passed     99.88%
 143  200709_20-07994_HIV07-01067_FL21_S1_L000_read_12_count_2     13.70%    passed     98.67%
 144  200709_20-07994_HIV07-01067_FL21_S1_L000_read_13_count_1     13.70%    passed     99.79%
 145  200709_20-07994_HIV07-01067_FL21_S1_L000_read_14_count_1     13.70%    passed     97.96%
 146  200709_20-07994_HIV07-01067_FL21_S1_L000_read_15_count_1     13.70%    passed     98.52%
 147  200709_20-07994_HIV07-01067_FL21_S1_L000_read_16_count_1     13.70%    passed     99.85%
 148  200709_20-07994_HIV07-01067_FL21_S1_L000_read_17_count_1     13.70%    passed     98.52%
 149  200709_20-07994_HIV07-01067_FL21_S1_L000_read_18_count_1     14.07%    passed     98.91%
 150  200709_20-07994_HIV07-01067_FL21_S1_L000_read_19_count_1     13.70%    passed     99.04%
 151  200709_20-07994_HIV07-01067_FL21_S1_L000_read_20_count_1     13.70%    passed     99.59%
 152  200709_20-07994_HIV07-01067_FL21_S1_L000_read_21_count_1     13.70%    passed     98.67%
 153  200709_20-07994_HIV07-01067_FL21_S1_L000_read_22_count_1     13.70%    passed     99.99%
 154  200709_20-07994_HIV07-01067_FL21_S1_L000_read_23_count_1     13.70%    passed     98.14%
 155  200709_20-07994_HIV07-01067_FL21_S1_L000_read_24_count_1     13.70%    passed     99.79%
 156  200709_20-07994_HIV07-01067_FL21_S1_L000_read_25_count_1     13.70%    passed     98.12%
 157  200709_20-07994_HIV07-01067_FL21_S1_L000_read_26_count_1     14.07%    passed     99.74%
 158  200709_20-07994_HIV07-01067_FL21_S1_L000_read_27_count_1     13.70%    passed     99.85%
 159  200709_20-07994_HIV07-01067_FL21_S1_L000_read_28_count_1     13.33%    passed     95.23%
 160  200709_20-07994_HIV07-01067_FL21_S1_L000_read_29_count_1     13.70%    passed     99.01%
 161  200709_20-07994_HIV07-01067_FL21_S1_L000_read_30_count_1     13.70%    passed     99.93%
 162  200709_20-07994_HIV07-01067_FL21_S1_L000_read_31_count_1     13.70%    passed     96.29%
 163  200709_20-07994_HIV07-01067_FL21_S1_L000_read_32_count_1      2.59%    passed     98.94%
 164  200709_20-07994_HIV07-01067_FL21_S1_L000_read_33_count_1     13.70%    passed     99.85%
 165  200709_20-07994_HIV07-01067_FL21_S1_L000_read_34_count_1     13.70%    passed     99.10%
 166  200709_20-07994_HIV07-01067_FL21_S1_L000_read_35_count_1     13.70%    passed     99.85%
 167  200709_20-07994_HIV07-01067_FL21_S1_L000_read_36_count_1     13.70%    passed     99.85%
 168  200709_20-07994_HIV07-01067_FL21_S1_L000_read_37_count_1     13.70%    passed     99.88%
 169  200709_20-07994_HIV07-01067_FL21_S1_L000_read_38_count_1     13.70%    passed     99.01%
 170  200709_20-07994_HIV07-01067_FL21_S1_L000_read_39_count_1     13.70%    passed     96.29%
 171  200709_20-07994_HIV07-01067_FL21_S1_L000_read_40_count_1     13.70%    passed     99.88%
 172  200709_20-07994_HIV07-01067_FL21_S1_L000_read_41_count_1     13.70%    passed     99.93%
 173  200709_20-07994_HIV07-01067_FL21_S1_L000_read_42_count_1     13.70%    passed     98.67%
 174  200709_20-07994_HIV07-01067_FL21_S1_L000_read_43_count_1     13.70%    passed     98.67%
 175  200709_20-07994_HIV07-01067_FL21_S1_L000_read_44_count_1     13.70%    passed     99.79%
 176  200709_20-07994_HIV07-01067_FL21_S1_L000_read_45_count_1     13.70%    passed     96.29%
 177  200709_20-07994_HIV07-01067_FL21_S1_L000_read_46_count_1     13.70%    passed     98.52%
 178  200709_20-07994_HIV07-01067_FL21_S1_L000_read_47_count_1     13.70%    passed     99.10%
 179  200709_20-07994_HIV07-01067_FL21_S1_L000_read_48_count_1     13.33%    passed     99.85%
 180  200709_20-07994_HIV07-01067_FL21_S1_L000_read_49_count_1     13.70%    passed     99.66%
 181  200709_20-07994_HIV07-01067_FL21_S1_L000_read_50_count_1     13.70%    passed     99.59%
 182  200709_20-07994_HIV07-01067_FL21_S1_L000_read_51_count_1     13.70%    passed     98.67%
 183  200709_20-07994_HIV07-01067_FL21_S1_L000_read_52_count_1     13.70%    passed     98.67%
 184  200709_20-07994_HIV07-01067_FL21_S1_L000_read_53_count_1     13.70%    passed     99.59%
 185  200709_20-07994_HIV07-01067_FL21_S1_L000_read_54_count_1     13.70%    passed     99.85%
 186  200709_20-07994_HIV07-01067_FL21_S1_L000_read_55_count_1     13.70%    passed     99.04%
 187  200709_20-07994_HIV07-01067_FL21_S1_L000_read_56_count_1     13.70%    passed     99.99%
 188  200709_20-07994_HIV07-01067_FL21_S1_L000_read_57_count_1     13.70%    passed     99.59%
 189  200709_20-07994_HIV07-01067_FL21_S1_L000_read_58_count_1     13.70%    passed     99.79%
 190  200709_20-07994_HIV07-01067_FL21_S1_L000_read_59_count_1     14.07%    passed     99.93%
 191  200709_20-07994_HIV07-01067_FL21_S1_L000_read_60_count_1     13.70%    passed     99.53%
 192  200709_20-07994_HIV07-01067_FL21_S1_L000_read_61_count_1     13.70%    passed     99.93%
 193  200709_20-07994_HIV07-01067_FL21_S1_L000_read_62_count_1     13.70%    passed     98.87%
 194  200709_20-07994_HIV07-01067_FL21_S1_L000_read_63_count_1     13.70%    passed     98.67%
 195  200709_20-07994_HIV07-01067_FL21_S1_L000_read_64_count_1     13.70%    passed     99.88%
 196  200709_20-07994_HIV07-01067_FL21_S1_L000_read_65_count_1     13.70%    passed     99.88%
 197  200709_20-07994_HIV07-01067_FL21_S1_L000_read_66_count_1     13.70%    passed     98.67%
 198  200709_20-07994_HIV07-01067_FL21_S1_L000_read_67_count_1     13.70%    passed     98.67%
 199  200709_20-07994_HIV07-01067_FL21_S1_L000_read_68_count_1     13.70%    passed     99.85%
 200  200709_20-07994_HIV07-01067_FL21_S1_L000_read_69_count_1     14.07%    passed     99.03%
 201  200709_20-07994_HIV07-01067_FL21_S1_L000_read_70_count_1     13.70%    passed     92.11%
 202  200709_20-07994_HIV07-01067_FL21_S1_L000_read_71_count_1     13.70%    passed     96.23%
 203  200709_20-07994_HIV07-01067_FL21_S1_L000_read_72_count_1     13.70%    passed     99.81%
 204  200709_20-07994_HIV07-01067_FL21_S1_L000_read_73_count_1     13.70%    passed     98.29%
 205  200709_20-07994_HIV07-01067_FL21_S1_L000_read_74_count_1     13.70%    passed     99.66%
 206  200709_20-07994_HIV07-01067_FL21_S1_L000_read_75_count_1     13.70%    passed     99.88%
 207  200709_20-07994_HIV07-01067_FL21_S1_L000_read_76_count_1     13.70%    passed     97.25%
 208  200709_20-07994_HIV07-01067_FL21_S1_L000_read_77_count_1     13.70%    passed     99.04%
 209  200709_20-07994_HIV07-01067_FL21_S1_L000_read_78_count_1     13.70%    passed     98.67%
 210  200709_20-07994_HIV07-01067_FL21_S1_L000_read_79_count_1     13.70%    passed     98.67%
 211  200709_20-07994_HIV07-01067_FL21_S1_L000_read_80_count_1     13.70%    passed     96.23%
 212  200709_20-07994_HIV07-01067_FL21_S1_L000_read_81_count_1     13.70%    passed     99.04%
 213  200709_20-07994_HIV07-01067_FL21_S1_L000_read_82_count_1     13.70%    passed     99.79%
 214  200709_20-07994_HIV07-01067_FL21_S1_L000_read_83_count_1     13.70%    passed     99.85%
 215  200709_20-07994_HIV07-01067_FL21_S1_L000_read_84_count_1     13.70%    passed     99.88%
 216  200709_20-07994_HIV07-01067_FL21_S1_L000_read_85_count_1     13.70%    passed     99.66%
 217  200709_20-07994_HIV07-01067_FL21_S1_L000_read_86_count_1     13.70%    passed     97.96%
 218  200709_20-07994_HIV07-01067_FL21_S1_L000_read_87_count_1     13.70%    passed     92.11%
 219  200709_20-07994_HIV07-01067_FL21_S1_L000_read_88_count_1     13.70%    passed     97.96%
 220  200709_20-07994_HIV07-01067_FL21_S1_L000_read_89_count_1     13.70%    passed     99.10%
 221  200709_20-07994_HIV07-01067_FL21_S1_L000_read_90_count_1     14.07%    passed     99.74%
 222  200709_20-07994_HIV07-01067_FL21_S1_L000_read_91_count_1     13.70%    passed     99.53%
 223  200709_20-07994_HIV07-01067_FL21_S1_L000_read_92_count_1     13.70%    passed     99.83%
 224  200709_20-07994_HIV07-01067_FL21_S1_L000_read_93_count_1     13.70%    passed     99.13%
 225  200709_20-07994_HIV07-01067_FL21_S1_L000_read_94_count_1     13.70%    passed     98.67%
 226  200709_20-07994_HIV07-01067_FL21_S1_L000_read_95_count_1     13.70%    passed     99.85%
 227  200709_20-07994_HIV07-01067_FL21_S1_L000_read_96_count_1     13.70%    passed     98.12%
 228  200709_20-07994_HIV07-01067_FL21_S1_L000_read_97_count_1     13.70%    passed     99.85%
 229  200709_20-07994_HIV07-01067_FL21_S1_L000_read_98_count_1     13.70%    passed     98.67%
 230  200709_20-07994_HIV07-01067_FL21_S1_L000_read_99_count_1     13.70%    passed     99.59%
 231  200709_20-07994_HIV07-01067_FL21_S1_L000_read_100_count_1    13.70%    passed     99.85%
 232  200709_20-07994_HIV07-01067_FL21_S1_L000_read_101_count_1    13.70%    passed     99.99%
 233  200709_20-07994_HIV07-01067_FL21_S1_L000_read_102_count_1    13.70%    passed     99.85%
 234  200709_20-07994_HIV07-01067_FL21_S1_L000_read_103_count_1    13.70%    passed     99.66%
 235  200703_20-07825_HIV09-00618_FL18_S6_L000_read_1_count_321    13.70%    passed     98.69%
 236  200703_20-07825_HIV09-00618_FL18_S6_L000_read_2_count_3      13.70%    passed     97.54%
 237  200703_20-07825_HIV09-00618_FL18_S6_L000_read_3_count_2      13.70%    passed     99.79%
 238  200703_20-07825_HIV09-00618_FL18_S6_L000_read_4_count_2      12.96%    passed     97.42%
 239  200703_20-07825_HIV09-00618_FL18_S6_L000_read_5_count_2      13.70%    passed     99.79%
 240  200703_20-07825_HIV09-00618_FL18_S6_L000_read_6_count_1      13.70%    passed     96.08%
 241  200703_20-07825_HIV09-00618_FL18_S6_L000_read_7_count_1      13.70%    passed     96.08%
 242  200703_20-07825_HIV09-00618_FL18_S6_L000_read_8_count_1      14.07%    passed     97.98%
 243  200703_20-07825_HIV09-00618_FL18_S6_L000_read_9_count_1      13.70%    passed     97.13%
 244  200703_20-07825_HIV09-00618_FL18_S6_L000_read_10_count_1     13.70%    passed     98.76%
 245  200703_20-07825_HIV09-00618_FL18_S6_L000_read_11_count_1     13.70%    passed     98.18%
 246  200703_20-07825_HIV09-00618_FL18_S6_L000_read_12_count_1     13.70%    passed     96.08%
 247  200703_20-07825_HIV09-00618_FL18_S6_L000_read_13_count_1     13.70%    passed     99.99%
 248  200703_20-07825_HIV09-00618_FL18_S6_L000_read_14_count_1     13.70%    passed     97.66%
 249  200703_20-07825_HIV09-00618_FL18_S6_L000_read_15_count_1     13.70%    passed     96.53%
 250  200703_20-07825_HIV09-00618_FL18_S6_L000_read_16_count_1     13.70%    passed     97.66%
 251  200703_20-07825_HIV09-00618_FL18_S6_L000_read_17_count_1     13.70%    passed     96.08%
 252  200703_20-07825_HIV09-00618_FL18_S6_L000_read_18_count_1     13.70%    passed     96.08%
 253  200703_20-07825_HIV09-00618_FL18_S6_L000_read_19_count_1     13.70%    passed     96.53%
 254  200703_20-07825_HIV09-00618_FL18_S6_L000_read_20_count_1     13.70%    passed     97.54%
 255  200703_20-07825_HIV09-00618_FL18_S6_L000_read_21_count_1     13.70%    passed     97.54%
 256  200703_20-07825_HIV09-00618_FL18_S6_L000_read_22_count_1     13.70%    passed     96.08%
 257  200703_20-07825_HIV09-00618_FL18_S6_L000_read_23_count_1     13.70%    passed     99.79%
 258  200703_20-07825_HIV09-00618_FL18_S6_L000_read_24_count_1     13.70%    passed     94.17%
 259  200703_20-07825_HIV09-00618_FL18_S6_L000_read_25_count_1     13.70%    passed     97.66%
 260  200703_20-07825_HIV09-00618_FL18_S6_L000_read_26_count_1     13.70%    passed     96.53%
 261  200703_20-07825_HIV09-00618_FL18_S6_L000_read_27_count_1     13.70%    passed     97.13%
 262  200703_20-07825_HIV09-00618_FL18_S6_L000_read_28_count_1     13.33%    passed     97.11%
 263  200703_20-07825_HIV09-00618_FL18_S6_L000_read_29_count_1     13.70%    passed     98.29%
 264  200703_20-07825_HIV09-00618_FL18_S6_L000_read_30_count_1     13.70%    passed     98.98%
 265  200703_20-07825_HIV09-00618_FL18_S6_L000_read_31_count_1     13.70%    passed     98.76%
 266  200703_20-07825_HIV09-00618_FL18_S6_L000_read_32_count_1     17.04%    passed     91.62%
 267  200703_20-07825_HIV09-00618_FL18_S6_L000_read_33_count_1     13.70%    passed     97.54%
 268  200703_20-07825_HIV09-00618_FL18_S6_L000_read_34_count_1     13.70%    passed     96.08%
 269  200703_20-07825_HIV09-00618_FL18_S6_L000_read_35_count_1     13.70%    passed     97.54%
 270  200703_20-07825_HIV09-00618_FL18_S6_L000_read_36_count_1     13.70%    passed     97.54%
 271  200703_20-07825_HIV09-00618_FL18_S6_L000_read_37_count_1     13.70%    passed     96.08%
 272  200703_20-07825_HIV09-00618_FL18_S6_L000_read_38_count_1     13.70%    passed     97.54%
 273  200703_20-07825_HIV09-00618_FL18_S6_L000_read_39_count_1     13.70%    passed     96.53%
 274  200703_20-07825_HIV09-00618_FL18_S6_L000_read_40_count_1     13.70%    passed     96.08%
 275  200703_20-07825_HIV09-00618_FL18_S6_L000_read_41_count_1     17.04%    passed     99.38%
 276  200703_20-07825_HIV09-00618_FL18_S6_L000_read_42_count_1     13.70%    passed     98.98%
 277  200703_20-07825_HIV09-00618_FL18_S6_L000_read_43_count_1     13.70%    passed     96.08%
 278  200703_20-07825_HIV09-00618_FL18_S6_L000_read_44_count_1     13.70%    passed     96.08%
 279  200703_20-07825_HIV09-00618_FL18_S6_L000_read_45_count_1     13.70%    passed     96.08%
 280  200703_20-07825_HIV09-00618_FL18_S6_L000_read_46_count_1     13.70%    passed     96.08%
 281  200703_20-07825_HIV09-00618_FL18_S6_L000_read_47_count_1     13.70%    passed     97.54%
 282  200703_20-07825_HIV09-00618_FL18_S6_L000_read_48_count_1     13.70%    passed     96.08%
 283  200703_20-07825_HIV09-00618_FL18_S6_L000_read_49_count_1     13.70%    passed     96.82%
 284  200703_20-07825_HIV09-00618_FL18_S6_L000_read_50_count_1     13.70%    passed     99.30%
 285  200703_20-07825_HIV09-00618_FL18_S6_L000_read_51_count_1     13.70%    passed     96.08%
 286  200703_20-07825_HIV09-00618_FL18_S6_L000_read_52_count_1     13.70%    passed     99.79%
 287  200814_20-09728_HIV09-02843_FL30_S2_L000_read_1_count_171    13.70%    passed     97.76%
 288  200814_20-09728_HIV09-02843_FL30_S2_L000_read_2_count_25     13.70%    passed     99.53%
 289  200814_20-09728_HIV09-02843_FL30_S2_L000_read_3_count_21     13.70%    passed     96.05%
 290  200814_20-09728_HIV09-02843_FL30_S2_L000_read_4_count_19     13.70%    passed     98.33%
 291  200814_20-09728_HIV09-02843_FL30_S2_L000_read_5_count_14     13.70%    passed     96.05%
 292  200814_20-09728_HIV09-02843_FL30_S2_L000_read_6_count_13     13.70%    passed     96.05%
 293  200814_20-09728_HIV09-02843_FL30_S2_L000_read_7_count_12     13.70%    passed     97.76%
 294  200814_20-09728_HIV09-02843_FL30_S2_L000_read_8_count_10     13.70%    passed     96.05%
 295  200814_20-09728_HIV09-02843_FL30_S2_L000_read_9_count_10     13.70%    passed     98.33%
 296  200814_20-09728_HIV09-02843_FL30_S2_L000_read_10_count_9     13.70%    passed     98.33%
 297  200814_20-09728_HIV09-02843_FL30_S2_L000_read_11_count_7     13.70%    passed     98.33%
 298  200814_20-09728_HIV09-02843_FL30_S2_L000_read_12_count_6     13.70%    passed     99.53%
 299  200814_20-09728_HIV09-02843_FL30_S2_L000_read_13_count_6     13.70%    passed     98.33%
 300  200814_20-09728_HIV09-02843_FL30_S2_L000_read_14_count_5     13.70%    passed     98.33%
 301  200814_20-09728_HIV09-02843_FL30_S2_L000_read_15_count_4     13.70%    passed     98.33%
 302  200814_20-09728_HIV09-02843_FL30_S2_L000_read_16_count_4     13.70%    passed     96.05%
 303  200814_20-09728_HIV09-02843_FL30_S2_L000_read_17_count_3     13.70%    passed     97.76%
 304  200814_20-09728_HIV09-02843_FL30_S2_L000_read_18_count_3     13.70%    passed     96.05%
 305  200814_20-09728_HIV09-02843_FL30_S2_L000_read_19_count_2     13.70%    passed     95.70%
 306  200814_20-09728_HIV09-02843_FL30_S2_L000_read_20_count_2     13.70%    passed     99.53%
 307  200814_20-09728_HIV09-02843_FL30_S2_L000_read_21_count_2     13.70%    passed     96.05%
 308  200814_20-09728_HIV09-02843_FL30_S2_L000_read_22_count_2     13.70%    passed     98.33%
 309  200814_20-09728_HIV09-02843_FL30_S2_L000_read_23_count_1     13.70%    passed     96.23%
 310  200814_20-09728_HIV09-02843_FL30_S2_L000_read_24_count_1     13.70%    passed     97.76%
 311  200814_20-09728_HIV09-02843_FL30_S2_L000_read_25_count_1     13.70%    passed     96.40%
 312  200814_20-09728_HIV09-02843_FL30_S2_L000_read_26_count_1     13.70%    passed     99.53%
 313  200814_20-09728_HIV09-02843_FL30_S2_L000_read_27_count_1     13.70%    passed     95.70%
 314  200814_20-09728_HIV09-02843_FL30_S2_L000_read_28_count_1     13.70%    passed     92.88%
 315  200814_20-09728_HIV09-02843_FL30_S2_L000_read_29_count_1     13.70%    passed     98.87%
 316  200814_20-09728_HIV09-02843_FL30_S2_L000_read_30_count_1     13.70%    passed     98.29%
 317  200814_20-09728_HIV09-02843_FL30_S2_L000_read_31_count_1     13.70%    passed     98.34%
 318  200814_20-09728_HIV09-02843_FL30_S2_L000_read_32_count_1     13.70%    passed     92.57%
 319  200814_20-09728_HIV09-02843_FL30_S2_L000_read_33_count_1     13.70%    passed     99.53%
 320  200814_20-09728_HIV09-02843_FL30_S2_L000_read_34_count_1     13.70%    passed     98.33%
 321  200814_20-09728_HIV09-02843_FL30_S2_L000_read_35_count_1     13.70%    passed     98.87%
 322  200814_20-09728_HIV09-02843_FL30_S2_L000_read_36_count_1     13.70%    passed     95.27%
 323  200814_20-09728_HIV09-02843_FL30_S2_L000_read_37_count_1     13.70%    passed     99.10%
 324  200814_20-09728_HIV09-02843_FL30_S2_L000_read_38_count_1     13.70%    passed     98.33%
 325  200814_20-09728_HIV09-02843_FL30_S2_L000_read_39_count_1     13.70%    passed     97.76%
 326  200814_20-09728_HIV09-02843_FL30_S2_L000_read_40_count_1     13.70%    passed     98.87%
 327  200814_20-09728_HIV09-02843_FL30_S2_L000_read_41_count_1     13.70%    passed     96.13%
 328  200814_20-09728_HIV09-02843_FL30_S2_L000_read_42_count_1     13.70%    passed     99.10%
 329  200814_20-09728_HIV09-02843_FL30_S2_L000_read_43_count_1     13.70%    passed     94.13%
 330  200814_20-09728_HIV09-02843_FL30_S2_L000_read_44_count_1     13.70%    passed     98.33%
 331  200814_20-09728_HIV09-02843_FL30_S2_L000_read_45_count_1     14.07%    passed     97.27%
 332  200814_20-09728_HIV09-02843_FL30_S2_L000_read_46_count_1     13.70%    passed     92.86%
 333  200814_20-09728_HIV09-02843_FL30_S2_L000_read_47_count_1     13.70%    passed     96.33%
 334  200814_20-09728_HIV09-02843_FL30_S2_L000_read_48_count_1     13.33%    passed     96.00%
 335  200814_20-09728_HIV09-02843_FL30_S2_L000_read_49_count_1     13.33%    passed     96.75%
 336  200814_20-09728_HIV09-02843_FL30_S2_L000_read_50_count_1     13.70%    passed     99.85%
 337  200814_20-09728_HIV09-02843_FL30_S2_L000_read_51_count_1     13.70%    passed     98.34%
 338  200814_20-09728_HIV09-02843_FL30_S2_L000_read_52_count_1     14.07%    passed     98.17%
 339  200814_20-09728_HIV09-02843_FL30_S2_L000_read_53_count_1     13.70%    passed     96.05%
 340  200814_20-09728_HIV09-02843_FL30_S2_L000_read_54_count_1     13.70%    passed     96.33%
 341  200814_20-09728_HIV09-02843_FL30_S2_L000_read_55_count_1     13.70%    passed     97.76%
 342  200814_20-09728_HIV09-02843_FL30_S2_L000_read_56_count_1     13.70%    passed     98.34%
 343  200814_20-09728_HIV09-02843_FL30_S2_L000_read_57_count_1     13.70%    passed     98.98%
 344  200814_20-09728_HIV09-02843_FL30_S2_L000_read_58_count_1     13.70%    passed     94.13%
 345  200814_20-09728_HIV09-02843_FL30_S2_L000_read_59_count_1     13.70%    passed     91.14%
 346  200814_20-09728_HIV09-02843_FL30_S2_L000_read_60_count_1     14.07%    passed     97.27%
 347  200814_20-09728_HIV09-02843_FL30_S2_L000_read_61_count_1     13.70%    passed     97.96%
 348  200814_20-09728_HIV09-02843_FL30_S2_L000_read_62_count_1     13.70%    passed     95.27%
 349  200814_20-09728_HIV09-02843_FL30_S2_L000_read_63_count_1     13.70%    passed     98.98%
 350  200814_20-09728_HIV09-02843_FL30_S2_L000_read_64_count_1     13.70%    passed     98.29%
 351  200814_20-09728_HIV09-02843_FL30_S2_L000_read_65_count_1     13.70%    passed     95.27%
 352  200814_20-09728_HIV09-02843_FL30_S2_L000_read_66_count_1     13.70%    passed     99.53%
 353  200814_20-09728_HIV09-02843_FL30_S2_L000_read_67_count_1     13.70%    passed     96.13%
 354  200814_20-09728_HIV09-02843_FL30_S2_L000_read_68_count_1     12.96%    passed     90.00%
 355  200814_20-09728_HIV09-02843_FL30_S2_L000_read_69_count_1     13.70%    passed     98.87%
 356  200814_20-09728_HIV09-02843_FL30_S2_L000_read_70_count_1     13.70%    passed     97.76%
 357  200814_20-09728_HIV09-02843_FL30_S2_L000_read_71_count_1     13.70%    passed     99.10%
 358  200814_20-09728_HIV09-02843_FL30_S2_L000_read_72_count_1     14.07%    passed     99.22%
 359  200814_20-09728_HIV09-02843_FL30_S2_L000_read_73_count_1     13.70%    passed     97.70%
 360  200814_20-09728_HIV09-02843_FL30_S2_L000_read_74_count_1     13.70%    passed     96.05%
 361  200724_20-08518_HIV10-02405_FL24_S14_L000_read_1_count_93    13.70%    passed     98.76%
 362  200724_20-08518_HIV10-02405_FL24_S14_L000_read_2_count_33    13.70%    passed     97.86%
 363  200724_20-08518_HIV10-02405_FL24_S14_L000_read_3_count_18    13.70%    passed     96.83%
 364  200724_20-08518_HIV10-02405_FL24_S14_L000_read_4_count_8     13.70%    passed     96.83%
 365  200724_20-08518_HIV10-02405_FL24_S14_L000_read_5_count_7     13.70%    passed     89.05%
 366  200724_20-08518_HIV10-02405_FL24_S14_L000_read_6_count_6     13.70%    passed     97.86%
 367  200724_20-08518_HIV10-02405_FL24_S14_L000_read_7_count_5     13.70%    passed     96.83%
 368  200724_20-08518_HIV10-02405_FL24_S14_L000_read_8_count_3     13.70%    passed     99.50%
 369  200724_20-08518_HIV10-02405_FL24_S14_L000_read_9_count_3     13.70%    passed     95.71%
 370  200724_20-08518_HIV10-02405_FL24_S14_L000_read_10_count_3    13.70%    passed     96.83%
 371  200724_20-08518_HIV10-02405_FL24_S14_L000_read_11_count_3    13.70%    passed     95.71%
 372  200724_20-08518_HIV10-02405_FL24_S14_L000_read_12_count_2    13.70%    passed     97.86%
 373  200724_20-08518_HIV10-02405_FL24_S14_L000_read_13_count_2    13.70%    passed     93.25%
 374  200724_20-08518_HIV10-02405_FL24_S14_L000_read_14_count_2    13.70%    passed     94.88%
 375  200724_20-08518_HIV10-02405_FL24_S14_L000_read_15_count_2    13.70%    passed     95.71%
 376  200724_20-08518_HIV10-02405_FL24_S14_L000_read_16_count_2    13.70%    passed     97.98%
 377  200724_20-08518_HIV10-02405_FL24_S14_L000_read_17_count_2    13.70%    passed     98.29%
 378  200724_20-08518_HIV10-02405_FL24_S14_L000_read_18_count_2    13.70%    passed     97.98%
 379  200724_20-08518_HIV10-02405_FL24_S14_L000_read_19_count_2    13.70%    passed     94.88%
 380  200724_20-08518_HIV10-02405_FL24_S14_L000_read_20_count_1    13.70%    passed     94.88%
 381  200724_20-08518_HIV10-02405_FL24_S14_L000_read_21_count_1    13.70%    passed     96.83%
 382  200724_20-08518_HIV10-02405_FL24_S14_L000_read_22_count_1    13.70%    passed     96.83%
 383  200724_20-08518_HIV10-02405_FL24_S14_L000_read_23_count_1    13.70%    passed     94.88%
 384  200724_20-08518_HIV10-02405_FL24_S14_L000_read_24_count_1    13.70%    passed     97.98%
 385  200724_20-08518_HIV10-02405_FL24_S14_L000_read_25_count_1    13.70%    passed     97.86%
 386  200724_20-08518_HIV10-02405_FL24_S14_L000_read_26_count_1    13.70%    passed     96.17%
 387  200724_20-08518_HIV10-02405_FL24_S14_L000_read_27_count_1    13.70%    passed     94.88%
 388  200724_20-08518_HIV10-02405_FL24_S14_L000_read_28_count_1    13.70%    passed     94.88%
 389  200724_20-08518_HIV10-02405_FL24_S14_L000_read_29_count_1    13.70%    passed     98.76%
 390  200724_20-08518_HIV10-02405_FL24_S14_L000_read_30_count_1    13.33%    passed     89.64%
 391  200724_20-08518_HIV10-02405_FL24_S14_L000_read_31_count_1    13.70%    passed     97.98%
 392  200724_20-08518_HIV10-02405_FL24_S14_L000_read_32_count_1    13.70%    passed     95.71%
 393  200724_20-08518_HIV10-02405_FL24_S14_L000_read_33_count_1    13.70%    passed     96.65%
 394  200724_20-08518_HIV10-02405_FL24_S14_L000_read_34_count_1    13.70%    passed     98.77%
 395  200724_20-08518_HIV10-02405_FL24_S14_L000_read_35_count_1    13.70%    passed     97.98%
 396  200724_20-08518_HIV10-02405_FL24_S14_L000_read_36_count_1    13.70%    passed     99.50%
 397  200724_20-08518_HIV10-02405_FL24_S14_L000_read_37_count_1    13.70%    passed     97.98%
 398  200724_20-08518_HIV10-02405_FL24_S14_L000_read_38_count_1    14.07%    passed     97.92%
 399  200724_20-08518_HIV10-02405_FL24_S14_L000_read_39_count_1    13.70%    passed     95.71%
 400  200724_20-08518_HIV10-02405_FL24_S14_L000_read_40_count_1    13.70%    passed     96.17%
 401  200724_20-08518_HIV10-02405_FL24_S14_L000_read_41_count_1    14.07%    passed     91.74%
 402  200724_20-08518_HIV10-02405_FL24_S14_L000_read_42_count_1    14.07%    passed     97.92%
 403  200724_20-08518_HIV10-02405_FL24_S14_L000_read_43_count_1    13.70%    passed     99.50%
 404  200724_20-08518_HIV10-02405_FL24_S14_L000_read_44_count_1    13.70%    passed     95.44%
 405  200724_20-08518_HIV10-02405_FL24_S14_L000_read_45_count_1    13.33%    passed     99.07%
 406  200724_20-08518_HIV10-02405_FL24_S14_L000_read_46_count_1    13.70%    passed     93.25%
 407  200724_20-08518_HIV10-02405_FL24_S14_L000_read_47_count_1    13.70%    passed     98.29%
 408  200724_20-08518_HIV10-02405_FL24_S14_L000_read_48_count_1    13.70%    passed     98.76%
 409  200724_20-08518_HIV10-02405_FL24_S14_L000_read_49_count_1    13.70%    passed     96.65%
 410  200724_20-08518_HIV10-02405_FL24_S14_L000_read_50_count_1    13.70%    passed     81.81%
 411  200724_20-08518_HIV10-02405_FL24_S14_L000_read_51_count_1    14.07%    passed     99.76%
 412  200724_20-08518_HIV10-02405_FL24_S14_L000_read_52_count_1    13.70%    passed     96.63%
 413  200724_20-08518_HIV10-02405_FL24_S14_L000_read_53_count_1    13.70%    passed     98.77%
 414  200724_20-08518_HIV10-02405_FL24_S14_L000_read_54_count_1    13.70%    passed     86.19%
 415  200724_20-08518_HIV10-02405_FL24_S14_L000_read_55_count_1    13.70%    passed     90.45%
 416  200724_20-08518_HIV10-02405_FL24_S14_L000_read_56_count_1    13.70%    passed     95.71%
 417  200724_20-08518_HIV10-02405_FL24_S14_L000_read_57_count_1    13.70%    passed     94.62%
 418  200724_20-08518_HIV10-02405_FL24_S14_L000_read_58_count_1    13.70%    passed     86.19%
 419  200724_20-08518_HIV10-02405_FL24_S14_L000_read_59_count_1    13.70%    passed     96.63%
 420  200724_20-08518_HIV10-02405_FL24_S14_L000_read_60_count_1    13.70%    passed     98.77%
 421  200724_20-08518_HIV10-02405_FL24_S14_L000_read_61_count_1    13.70%    passed     96.65%
 422  200724_20-08518_HIV10-02405_FL24_S14_L000_read_62_count_1    13.70%    passed     96.65%
 423  200724_20-08518_HIV10-02405_FL24_S14_L000_read_63_count_1    13.70%    passed     97.86%
 424  200724_20-08518_HIV10-02405_FL24_S14_L000_read_64_count_1    13.70%    passed     96.05%
 425  200724_20-08518_HIV10-02405_FL24_S14_L000_read_65_count_1    13.70%    passed     96.05%
 426  200724_20-08518_HIV10-02405_FL24_S14_L000_read_66_count_1    13.70%    passed     97.86%
 427  200724_20-08518_HIV10-02405_FL24_S14_L000_read_67_count_1    13.70%    passed     96.63%
 428  200724_20-08518_HIV10-02405_FL24_S14_L000_read_68_count_1    13.70%    passed     96.83%
 429  200724_20-08518_HIV10-02405_FL24_S14_L000_read_69_count_1    13.70%    passed     93.25%
 430  200724_20-08518_HIV10-02405_FL24_S14_L000_read_70_count_1    13.70%    passed     95.71%
 431  200724_20-08518_HIV10-02405_FL24_S14_L000_read_71_count_1    13.70%    passed     95.10%
 432  200724_20-08518_HIV10-02405_FL24_S14_L000_read_72_count_1    13.70%    passed     99.50%
 433  200724_20-08518_HIV10-02405_FL24_S14_L000_read_73_count_1    13.70%    passed     93.25%
 434  200724_20-08518_HIV10-02405_FL24_S14_L000_read_74_count_1    13.70%    passed     98.14%
 435  200724_20-08518_HIV10-02405_FL24_S14_L000_read_75_count_1    14.07%    passed     97.92%
 436  200724_20-08518_HIV10-02405_FL24_S14_L000_read_76_count_1    13.70%    passed     94.88%
 437  200724_20-08518_HIV10-02405_FL24_S14_L000_read_77_count_1    13.70%    passed     98.77%
 438  200724_20-08518_HIV10-02405_FL24_S14_L000_read_78_count_1    13.70%    passed     99.42%
 439  200724_20-08518_HIV10-02405_FL24_S14_L000_read_79_count_1    13.70%    passed     98.04%
 440  200724_20-08518_HIV10-02405_FL24_S14_L000_read_80_count_1    13.70%    passed     95.96%
 441  200724_20-08518_HIV10-02405_FL24_S14_L000_read_81_count_1    13.70%    passed     93.88%
 442  200724_20-08518_HIV10-02405_FL24_S14_L000_read_82_count_1    13.70%    passed     95.71%
 443  200724_20-08518_HIV10-02405_FL24_S14_L000_read_83_count_1    13.70%    passed     95.71%
 444  200724_20-08518_HIV10-02405_FL24_S14_L000_read_84_count_1    13.70%    passed     98.77%
 445  200724_20-08518_HIV10-02405_FL24_S14_L000_read_85_count_1    13.70%    passed     96.17%
 446  200724_20-08518_HIV10-02405_FL24_S14_L000_read_86_count_1    13.70%    passed     93.25%
 447  200724_20-08518_HIV10-02405_FL24_S14_L000_read_87_count_1    13.70%    passed     98.29%
 448  200724_20-08518_HIV10-02405_FL24_S14_L000_read_88_count_1    13.70%    passed     99.50%
 449  B.FR.83.HXB2_LAI_IIIB_BRU.K03455                             13.70%    passed     99.99%
 450  C.BW.00.00BW07621.AF443088                                   13.70%    passed     90.79%
****  TOTAL                                                        13.77%  0 sequences failed composition chi2 test (p-value<5%; df=3)
Checking for duplicate sequences: done in 0.000932994 secs using 909.9% CPU

Create initial parsimony tree by phylogenetic likelihood library (PLL)... 0.040 seconds

NOTE: 18 MB RAM (0 GB) is required!
WARNING: Number of threads seems too high for short alignments. Use -T AUTO to determine best number of threads.
Estimate model parameters (epsilon = 0.100)
1. Initial log-likelihood: -4111.782
2. Current log-likelihood: -3982.461
3. Current log-likelihood: -3982.200
Optimal log-likelihood: -3982.162
Rate parameters:  A-C: 0.59310  A-G: 1.49536  A-T: 0.32620  C-G: 0.12801  C-T: 1.89134  G-T: 1.00000
Base frequencies:  A: 0.456  C: 0.145  G: 0.206  T: 0.194
Site proportion and rates:  (0.106,0.320) (0.164,0.475) (0.194,0.596) (0.201,0.794) (0.189,1.238) (0.147,2.588)
Parameters optimization took 3 rounds (1.823 sec)
Wrote distance file to... 
Computing ML distances based on estimated model parameters...
Calculating distance matrix: done in 0.386749 secs using 399.9% CPU
Computing ML distances took 0.387499 sec (of wall-clock time) 1.547476 sec (of CPU time)
Setting up auxiliary I and S matrices: done in 0.00409313 secs using 255% CPU
Constructing RapidNJ tree: done in 0.991993 secs using 110.5% CPU
Computing RapidNJ tree took 0.996209 sec (of wall-clock time) 1.106518 sec (of CPU time)
Log-likelihood of RapidNJ tree: -3979.415
--------------------------------------------------------------------
|             INITIALIZING CANDIDATE TREE SET                      |
--------------------------------------------------------------------
Generating 98 parsimony trees... 4.389 second
Computing log-likelihood of 98 initial trees ... 3.917 seconds
Current best score: -3979.397

Do NNI search on 20 best initial trees
Optimizing NNI: done in 0.495122 secs using 395.7% CPU
Estimate model parameters (epsilon = 0.100)
BETTER TREE FOUND at iteration 1: -3975.029
Optimizing NNI: done in 0.478406 secs using 394.3% CPU
Estimate model parameters (epsilon = 0.100)
BETTER TREE FOUND at iteration 2: -3949.011
Optimizing NNI: done in 0.446807 secs using 393.7% CPU
Optimizing NNI: done in 0.545343 secs using 374.8% CPU
Optimizing NNI: done in 0.397305 secs using 381.6% CPU
Optimizing NNI: done in 0.710241 secs using 399% CPU
Optimizing NNI: done in 0.46113 secs using 394.9% CPU
Optimizing NNI: done in 0.574718 secs using 394.4% CPU
Optimizing NNI: done in 0.465047 secs using 398.5% CPU
Optimizing NNI: done in 0.453235 secs using 393.9% CPU
Iteration 10 / LogL: -3980.901 / Time: 0h:0m:21s
Optimizing NNI: done in 0.429585 secs using 396.1% CPU
Optimizing NNI: done in 0.582103 secs using 393.4% CPU
Optimizing NNI: done in 0.435714 secs using 394.7% CPU
Optimizing NNI: done in 0.434397 secs using 395.6% CPU
Optimizing NNI: done in 0.565428 secs using 376.9% CPU
Optimizing NNI: done in 0.508581 secs using 384.5% CPU
Optimizing NNI: done in 0.43309 secs using 395.5% CPU
Optimizing NNI: done in 0.447731 secs using 393.9% CPU
Optimizing NNI: done in 0.562422 secs using 395.1% CPU
Optimizing NNI: done in 0.467264 secs using 395.3% CPU
Iteration 20 / LogL: -3987.937 / Time: 0h:0m:26s
Finish initializing candidate tree set (20)
Current best tree score: -3949.011 / CPU time: 23.047
Number of iterations: 20
--------------------------------------------------------------------
|               OPTIMIZING CANDIDATE TREE SET                      |
--------------------------------------------------------------------
Optimizing NNI: done in 0.77928 secs using 394.6% CPU
Optimizing NNI: done in 0.66983 secs using 393.2% CPU
Optimizing NNI: done in 0.709937 secs using 394.1% CPU
Optimizing NNI: done in 1.09856 secs using 381.2% CPU
Optimizing NNI: done in 0.868693 secs using 392.8% CPU
Optimizing NNI: done in 0.636323 secs using 395.9% CPU
Optimizing NNI: done in 0.54149 secs using 396.2% CPU
Optimizing NNI: done in 0.659985 secs using 395.7% CPU
Optimizing NNI: done in 0.726828 secs using 395.2% CPU
Optimizing NNI: done in 0.889565 secs using 395% CPU
Iteration 30 / LogL: -3980.498 / Time: 0h:0m:34s (0h:1m:25s left)
Optimizing NNI: done in 0.673979 secs using 376% CPU
Optimizing NNI: done in 0.861291 secs using 396.7% CPU
Optimizing NNI: done in 0.926217 secs using 395.7% CPU
Optimizing NNI: done in 0.610374 secs using 392.9% CPU
Optimizing NNI: done in 0.850943 secs using 396.6% CPU
Optimizing NNI: done in 0.865898 secs using 395.6% CPU
Optimizing NNI: done in 0.674955 secs using 396% CPU
Optimizing NNI: done in 1.0653 secs using 377.4% CPU
Optimizing NNI: done in 0.597097 secs using 394.7% CPU
Optimizing NNI: done in 0.909004 secs using 396.1% CPU
Iteration 40 / LogL: -3973.930 / Time: 0h:0m:42s (0h:1m:8s left)
Optimizing NNI: done in 0.573558 secs using 396.9% CPU
Optimizing NNI: done in 0.769053 secs using 394.9% CPU
Optimizing NNI: done in 0.688301 secs using 395.2% CPU
Optimizing NNI: done in 0.656668 secs using 394.8% CPU
Optimizing NNI: done in 0.955662 secs using 379.8% CPU
Optimizing NNI: done in 0.600898 secs using 395.5% CPU
Optimizing NNI: done in 0.705884 secs using 397.5% CPU
Optimizing NNI: done in 0.716438 secs using 395.3% CPU
Optimizing NNI: done in 0.839055 secs using 395.6% CPU
Optimizing NNI: done in 0.672445 secs using 395.6% CPU
Iteration 50 / LogL: -3973.395 / Time: 0h:0m:50s (0h:0m:53s left)
Optimizing NNI: done in 1.218 secs using 383.4% CPU
Optimizing NNI: done in 1.04338 secs using 395.6% CPU
Optimizing NNI: done in 0.701728 secs using 397% CPU
Optimizing NNI: done in 0.527577 secs using 395.7% CPU
Optimizing NNI: done in 0.85676 secs using 395.5% CPU
Optimizing NNI: done in 0.875033 secs using 397.6% CPU
Optimizing NNI: done in 0.645242 secs using 393.9% CPU
Optimizing NNI: done in 0.785008 secs using 373.8% CPU
Optimizing NNI: done in 0.803678 secs using 398.6% CPU
Optimizing NNI: done in 0.769547 secs using 394% CPU
Iteration 60 / LogL: -3972.785 / Time: 0h:0m:58s (0h:0m:41s left)
Optimizing NNI: done in 0.759817 secs using 398% CPU
Optimizing NNI: done in 0.848495 secs using 396.5% CPU
Optimizing NNI: done in 0.666581 secs using 398.5% CPU
Optimizing NNI: done in 0.801612 secs using 397.7% CPU
Optimizing NNI: done in 0.764611 secs using 379.7% CPU
Optimizing NNI: done in 0.802685 secs using 396% CPU
Optimizing NNI: done in 0.794115 secs using 396% CPU
Optimizing NNI: done in 0.807671 secs using 395.2% CPU
Optimizing NNI: done in 0.680603 secs using 396.2% CPU
Optimizing NNI: done in 0.687101 secs using 399.2% CPU
Iteration 70 / LogL: -3957.258 / Time: 0h:1m:6s (0h:0m:30s left)
Optimizing NNI: done in 1.11812 secs using 384.3% CPU
Optimizing NNI: done in 0.690469 secs using 396.1% CPU
Optimizing NNI: done in 0.63752 secs using 396.1% CPU
Optimizing NNI: done in 0.897746 secs using 394.1% CPU
Optimizing NNI: done in 0.599641 secs using 393.9% CPU
Optimizing NNI: done in 0.767736 secs using 394.9% CPU
Optimizing NNI: done in 0.744128 secs using 395.6% CPU
Optimizing NNI: done in 1.10099 secs using 380.9% CPU
Optimizing NNI: done in 0.737152 secs using 393.8% CPU
Estimate model parameters (epsilon = 0.100)
BETTER TREE FOUND at iteration 79: -3947.697
Optimizing NNI: done in 0.678328 secs using 398.4% CPU
Iteration 80 / LogL: -3958.391 / Time: 0h:1m:16s (0h:1m:35s left)
Optimizing NNI: done in 0.943903 secs using 391.1% CPU
Optimizing NNI: done in 0.816606 secs using 393.4% CPU
Optimizing NNI: done in 0.779605 secs using 381% CPU
Optimizing NNI: done in 0.725723 secs using 396.5% CPU
Optimizing NNI: done in 0.629052 secs using 393.8% CPU
Optimizing NNI: done in 0.867696 secs using 396.4% CPU
Optimizing NNI: done in 0.780978 secs using 398.6% CPU
Optimizing NNI: done in 1.11637 secs using 392.7% CPU
Optimizing NNI: done in 0.758442 secs using 395.6% CPU
Optimizing NNI: done in 0.753489 secs using 389.7% CPU
Iteration 90 / LogL: -3962.167 / Time: 0h:1m:24s (0h:1m:24s left)
Optimizing NNI: done in 0.853324 secs using 394.4% CPU
Optimizing NNI: done in 0.77499 secs using 394.2% CPU
Optimizing NNI: done in 0.793334 secs using 396.5% CPU
Optimizing NNI: done in 0.815465 secs using 398.7% CPU
Optimizing NNI: done in 0.696608 secs using 395.7% CPU
Optimizing NNI: done in 0.898277 secs using 383% CPU
Optimizing NNI: done in 0.985577 secs using 395% CPU
Optimizing NNI: done in 0.859913 secs using 395.4% CPU
Optimizing NNI: done in 0.759331 secs using 396.4% CPU
Optimizing NNI: done in 0.713591 secs using 398% CPU
Iteration 100 / LogL: -3954.631 / Time: 0h:1m:33s (0h:1m:14s left)
Optimizing NNI: done in 1.04527 secs using 393.5% CPU
Optimizing NNI: done in 0.715814 secs using 377.3% CPU
Optimizing NNI: done in 0.794119 secs using 397.2% CPU
Optimizing NNI: done in 0.884481 secs using 395.3% CPU
Optimizing NNI: done in 0.727006 secs using 396.5% CPU
Optimizing NNI: done in 0.79122 secs using 395.7% CPU
Optimizing NNI: done in 0.755444 secs using 395.5% CPU
Optimizing NNI: done in 0.64255 secs using 394.5% CPU
Optimizing NNI: done in 0.79205 secs using 372.6% CPU
Optimizing NNI: done in 0.899126 secs using 396.3% CPU
Iteration 110 / LogL: -3950.169 / Time: 0h:1m:41s (0h:1m:4s left)
Optimizing NNI: done in 0.559018 secs using 395.5% CPU
Optimizing NNI: done in 0.710345 secs using 395.6% CPU
Optimizing NNI: done in 0.56776 secs using 394.5% CPU
Optimizing NNI: done in 0.977124 secs using 396.4% CPU
Optimizing NNI: done in 0.630752 secs using 397.4% CPU
Optimizing NNI: done in 0.967472 secs using 378% CPU
Optimizing NNI: done in 0.749821 secs using 393.4% CPU
Optimizing NNI: done in 0.65565 secs using 394.7% CPU
Optimizing NNI: done in 0.789412 secs using 395.9% CPU
Optimizing NNI: done in 0.68063 secs using 395% CPU
Iteration 120 / LogL: -3965.052 / Time: 0h:1m:49s (0h:0m:54s left)
Optimizing NNI: done in 0.754906 secs using 394.1% CPU
Estimate model parameters (epsilon = 0.100)
BETTER TREE FOUND at iteration 121: -3946.887
Optimizing NNI: done in 1.42653 secs using 385.4% CPU
Optimizing NNI: done in 0.971278 secs using 396.6% CPU
Optimizing NNI: done in 0.804919 secs using 396.2% CPU
Optimizing NNI: done in 0.666194 secs using 395.4% CPU
Optimizing NNI: done in 0.990898 secs using 393.9% CPU
Optimizing NNI: done in 0.856476 secs using 398.2% CPU
Optimizing NNI: done in 0.736489 secs using 373.8% CPU
Optimizing NNI: done in 0.775517 secs using 395.4% CPU
Optimizing NNI: done in 0.896843 secs using 396.1% CPU
Iteration 130 / LogL: -3959.556 / Time: 0h:1m:58s (0h:1m:23s left)
Optimizing NNI: done in 0.781137 secs using 395.5% CPU
Optimizing NNI: done in 0.66546 secs using 399.8% CPU
Optimizing NNI: done in 0.714339 secs using 394% CPU
Optimizing NNI: done in 0.792625 secs using 397.7% CPU
Optimizing NNI: done in 0.86051 secs using 375% CPU
Optimizing NNI: done in 0.746774 secs using 393% CPU
Optimizing NNI: done in 0.65173 secs using 397.6% CPU
Optimizing NNI: done in 0.87594 secs using 396.4% CPU
Optimizing NNI: done in 0.756498 secs using 395.6% CPU
Optimizing NNI: done in 1.14259 secs using 397.4% CPU
Iteration 140 / LogL: -3978.414 / Time: 0h:2m:7s (0h:1m:14s left)
Optimizing NNI: done in 1.08066 secs using 384.4% CPU
Optimizing NNI: done in 0.694943 secs using 397.8% CPU
Optimizing NNI: done in 0.726641 secs using 394.4% CPU
Optimizing NNI: done in 0.667087 secs using 397.4% CPU
Optimizing NNI: done in 0.756247 secs using 394.5% CPU
Optimizing NNI: done in 0.746916 secs using 397.6% CPU
Estimate model parameters (epsilon = 0.100)
BETTER TREE FOUND at iteration 146: -3946.578
Optimizing NNI: done in 1.137 secs using 381% CPU
Optimizing NNI: done in 0.684477 secs using 396.9% CPU
Optimizing NNI: done in 0.905758 secs using 396.7% CPU
Optimizing NNI: done in 1.0269 secs using 396.8% CPU
Iteration 150 / LogL: -3958.086 / Time: 0h:2m:16s (0h:1m:27s left)
Optimizing NNI: done in 0.694007 secs using 391.6% CPU
Optimizing NNI: done in 0.578518 secs using 392.5% CPU
Optimizing NNI: done in 0.744829 secs using 395.9% CPU
Optimizing NNI: done in 0.888435 secs using 378.3% CPU
Optimizing NNI: done in 0.603313 secs using 397% CPU
Optimizing NNI: done in 0.981438 secs using 397.1% CPU
Optimizing NNI: done in 0.590239 secs using 393.4% CPU
Optimizing NNI: done in 0.844732 secs using 395% CPU
Optimizing NNI: done in 0.820218 secs using 396.2% CPU
Optimizing NNI: done in 1.0952 secs using 382.7% CPU
Iteration 160 / LogL: -3956.999 / Time: 0h:2m:24s (0h:1m:18s left)
Optimizing NNI: done in 0.786505 secs using 396% CPU
Optimizing NNI: done in 0.708253 secs using 397.1% CPU
Optimizing NNI: done in 0.833208 secs using 395.7% CPU
Optimizing NNI: done in 0.911721 secs using 394.4% CPU
Optimizing NNI: done in 0.878951 secs using 397.6% CPU
Optimizing NNI: done in 0.936649 secs using 379.8% CPU
Optimizing NNI: done in 0.811755 secs using 395.1% CPU
Optimizing NNI: done in 0.79957 secs using 396.2% CPU
Optimizing NNI: done in 0.746899 secs using 394.6% CPU
Optimizing NNI: done in 0.682285 secs using 393.7% CPU
Iteration 170 / LogL: -3947.404 / Time: 0h:2m:32s (0h:1m:8s left)
Optimizing NNI: done in 0.68573 secs using 395.7% CPU
Optimizing NNI: done in 0.890261 secs using 396.4% CPU
Optimizing NNI: done in 0.763437 secs using 373.9% CPU
Optimizing NNI: done in 0.878223 secs using 393.3% CPU
Optimizing NNI: done in 0.700876 secs using 395% CPU
Optimizing NNI: done in 0.703883 secs using 393.8% CPU
Optimizing NNI: done in 0.69433 secs using 397.8% CPU
Optimizing NNI: done in 0.947799 secs using 393.3% CPU
Optimizing NNI: done in 0.663175 secs using 393.1% CPU
Optimizing NNI: done in 1.17422 secs using 380.1% CPU
Iteration 180 / LogL: -3949.641 / Time: 0h:2m:41s (0h:0m:59s left)
Optimizing NNI: done in 0.796969 secs using 394.6% CPU
Optimizing NNI: done in 0.914836 secs using 394.2% CPU
Optimizing NNI: done in 0.694582 secs using 395.4% CPU
Optimizing NNI: done in 0.979505 secs using 393.2% CPU
Optimizing NNI: done in 0.758318 secs using 396.4% CPU
Optimizing NNI: done in 1.03891 secs using 378.9% CPU
Optimizing NNI: done in 0.864174 secs using 395.7% CPU
Optimizing NNI: done in 0.575172 secs using 395.6% CPU
Optimizing NNI: done in 0.684581 secs using 393.3% CPU
Optimizing NNI: done in 0.707067 secs using 395.9% CPU
Iteration 190 / LogL: -3952.530 / Time: 0h:2m:49s (0h:0m:50s left)
Optimizing NNI: done in 0.577616 secs using 394.3% CPU
Optimizing NNI: done in 0.731601 secs using 395.2% CPU
Optimizing NNI: done in 0.956232 secs using 377.7% CPU
Optimizing NNI: done in 0.789926 secs using 396.7% CPU
Optimizing NNI: done in 0.564198 secs using 398.8% CPU
Optimizing NNI: done in 0.604855 secs using 395.6% CPU
Optimizing NNI: done in 0.574433 secs using 397.3% CPU
Optimizing NNI: done in 0.962464 secs using 393.4% CPU
Optimizing NNI: done in 0.771274 secs using 393.5% CPU
Optimizing NNI: done in 1.17743 secs using 380.2% CPU
Iteration 200 / LogL: -3964.114 / Time: 0h:2m:57s (0h:0m:41s left)
Optimizing NNI: done in 0.808957 secs using 396.2% CPU
Optimizing NNI: done in 0.771914 secs using 396.9% CPU
Optimizing NNI: done in 0.996987 secs using 395.7% CPU
Optimizing NNI: done in 0.678254 secs using 396% CPU
Optimizing NNI: done in 0.982046 secs using 396.7% CPU
Optimizing NNI: done in 0.941289 secs using 378.7% CPU
Optimizing NNI: done in 0.702737 secs using 397.6% CPU
Optimizing NNI: done in 0.690216 secs using 396.7% CPU
Optimizing NNI: done in 0.686991 secs using 397.5% CPU
Optimizing NNI: done in 0.817057 secs using 394.7% CPU
Iteration 210 / LogL: -3987.762 / Time: 0h:3m:6s (0h:0m:32s left)
Optimizing NNI: done in 0.780458 secs using 396.2% CPU
Optimizing NNI: done in 0.674491 secs using 398.3% CPU
Optimizing NNI: done in 0.839523 secs using 381% CPU
Optimizing NNI: done in 0.909445 secs using 395.6% CPU
Optimizing NNI: done in 0.68027 secs using 396.9% CPU
Optimizing NNI: done in 0.590266 secs using 395.5% CPU
Optimizing NNI: done in 0.714148 secs using 398% CPU
Optimizing NNI: done in 0.574328 secs using 393.9% CPU
Optimizing NNI: done in 0.711903 secs using 396.1% CPU
Optimizing NNI: done in 0.889962 secs using 379.6% CPU
Iteration 220 / LogL: -3950.911 / Time: 0h:3m:13s (0h:0m:23s left)
Optimizing NNI: done in 0.9616 secs using 395.7% CPU
Optimizing NNI: done in 0.599229 secs using 395% CPU
Optimizing NNI: done in 0.761776 secs using 396.2% CPU
Optimizing NNI: done in 0.790396 secs using 397.1% CPU
Optimizing NNI: done in 0.667255 secs using 397.9% CPU
Optimizing NNI: done in 0.679893 secs using 398.9% CPU
Optimizing NNI: done in 0.9322 secs using 377.8% CPU
Optimizing NNI: done in 0.700173 secs using 395.9% CPU
Optimizing NNI: done in 0.91755 secs using 396.4% CPU
Optimizing NNI: done in 0.8413 secs using 395.7% CPU
Iteration 230 / LogL: -3963.536 / Time: 0h:3m:22s (0h:0m:14s left)
Optimizing NNI: done in 0.698942 secs using 394.6% CPU
Optimizing NNI: done in 0.700819 secs using 396.2% CPU
Optimizing NNI: done in 0.684253 secs using 395.8% CPU
Optimizing NNI: done in 0.786209 secs using 373% CPU
Optimizing NNI: done in 0.808363 secs using 396.7% CPU
Optimizing NNI: done in 0.866859 secs using 394.8% CPU
Optimizing NNI: done in 0.88631 secs using 395.6% CPU
Optimizing NNI: done in 0.690629 secs using 398.8% CPU
Optimizing NNI: done in 0.623561 secs using 393.2% CPU
Optimizing NNI: done in 0.54251 secs using 397.1% CPU
Iteration 240 / LogL: -3962.947 / Time: 0h:3m:29s (0h:0m:5s left)
Optimizing NNI: done in 0.919387 secs using 377.2% CPU
Optimizing NNI: done in 0.59205 secs using 395.9% CPU
Optimizing NNI: done in 0.70273 secs using 396% CPU
Optimizing NNI: done in 1.22979 secs using 397.1% CPU
Optimizing NNI: done in 0.766902 secs using 394.2% CPU
Optimizing NNI: done in 0.746246 secs using 396.4% CPU
Optimizing NNI: done in 1.16074 secs using 382.1% CPU
TREE SEARCH COMPLETED AFTER 247 ITERATIONS / Time: 0h:3m:35s

--------------------------------------------------------------------
|                    FINALIZING TREE SEARCH                        |
--------------------------------------------------------------------
Performs final model parameters optimization
Estimate model parameters (epsilon = 0.010)
1. Initial log-likelihood: -3946.578
Optimal log-likelihood: -3946.569
Rate parameters:  A-C: 0.58923  A-G: 1.46587  A-T: 0.25924  C-G: 0.10071  C-T: 1.90467  G-T: 1.00000
Base frequencies:  A: 0.456  C: 0.145  G: 0.206  T: 0.194
Site proportion and rates:  (0.129,0.457) (0.198,0.477) (0.225,0.514) (0.206,0.935) (0.223,1.922) (0.020,5.530)
Parameters optimization took 1 rounds (0.469 sec)
BEST SCORE FOUND : -3946.569
Total tree length: 2.362

Total number of iterations: 247
CPU time used for tree search: 806.158 sec (0h:13m:26s)
Wall-clock time used for tree search: 212.443 sec (0h:3m:32s)
Total CPU time used: 818.644 sec (0h:13m:38s)
Total wall-clock time used: 216.463 sec (0h:3m:36s)

Analysis results written to: 
  IQ-TREE report:                IQTREE_bestTree.InWindow_4650_to_4900.iqtree
  Maximum-likelihood tree:       IQTREE_bestTree.InWindow_4650_to_4900.treefile
  Likelihood distances:          IQTREE_bestTree.InWindow_4650_to_4900.mldist
  Screen log file:               IQTREE_bestTree.InWindow_4650_to_4900.log

Date and Time: Sun Jul 23 04:26:44 2023
