IQ-TREE multicore version 2.2.2.7 COVID-edition for Linux 64-bit built Jun  7 2023
Developed by Bui Quang Minh, James Barbetti, Nguyen Lam Tung,
Olga Chernomor, Heiko Schmidt, Dominik Schrempf, Michael Woodhams, Ly Trong Nhan.

Host:    hpc-node03 (AVX2, FMA3, 1007 GB RAM)
Command: iqtree -s AlignedReadsInWindow_PositionsExcised_2280_to_2530.fasta -pre IQTREE_bestTree.InWindow_2280_to_2530 -m GTR+F+R6 -nt 2
Seed:    237527 (Using SPRNG - Scalable Parallel Random Number Generator)
Time:    Tue Jul 25 08:54:29 2023
Kernel:  AVX+FMA - 2 threads (2 CPU cores detected)

Reading alignment file AlignedReadsInWindow_PositionsExcised_2280_to_2530.fasta ... Fasta format detected
Reading fasta file: done in 0.00298377 secs using 86.77% CPU
Alignment most likely contains DNA/RNA sequences
Constructing alignment: done in 0.00148533 secs using 135.3% CPU
Alignment has 624 sequences with 158 columns, 142 distinct patterns
106 parsimony-informative, 12 singleton sites, 40 constant sites
                                                            Gap/Ambiguity  Composition  p-value
Analyzing sequences: done in 0.000170621 secs using 1724% CPU
   1  200724_20-08518_HIV10-02405_FL24_S14_L000_read_1_count_510   24.05%    passed     99.98%
   2  200724_20-08518_HIV10-02405_FL24_S14_L000_read_2_count_79    24.05%    passed     99.55%
   3  200724_20-08518_HIV10-02405_FL24_S14_L000_read_3_count_31    24.05%    passed     99.03%
   4  200724_20-08518_HIV10-02405_FL24_S14_L000_read_4_count_24    24.05%    passed     99.55%
   5  200724_20-08518_HIV10-02405_FL24_S14_L000_read_5_count_18    24.05%    passed     99.73%
   6  200724_20-08518_HIV10-02405_FL24_S14_L000_read_6_count_13    24.05%    passed     99.55%
   7  200724_20-08518_HIV10-02405_FL24_S14_L000_read_7_count_11    24.05%    passed     99.59%
   8  200724_20-08518_HIV10-02405_FL24_S14_L000_read_8_count_6     24.05%    passed     99.59%
   9  200724_20-08518_HIV10-02405_FL24_S14_L000_read_9_count_6     24.05%    passed     99.59%
  10  200724_20-08518_HIV10-02405_FL24_S14_L000_read_10_count_6    24.05%    passed     99.55%
  11  200724_20-08518_HIV10-02405_FL24_S14_L000_read_11_count_6    24.05%    passed     99.73%
  12  200724_20-08518_HIV10-02405_FL24_S14_L000_read_12_count_5    24.05%    passed     99.73%
  13  200724_20-08518_HIV10-02405_FL24_S14_L000_read_13_count_5    24.05%    passed     99.73%
  14  200724_20-08518_HIV10-02405_FL24_S14_L000_read_14_count_5    24.05%    passed     99.55%
  15  200724_20-08518_HIV10-02405_FL24_S14_L000_read_15_count_5    24.05%    passed     99.73%
  16  200724_20-08518_HIV10-02405_FL24_S14_L000_read_16_count_4    24.05%    passed     98.90%
  17  200724_20-08518_HIV10-02405_FL24_S14_L000_read_17_count_4    24.05%    passed     99.73%
  18  200724_20-08518_HIV10-02405_FL24_S14_L000_read_18_count_3    24.05%    passed     99.55%
  19  200724_20-08518_HIV10-02405_FL24_S14_L000_read_19_count_3    24.05%    passed     99.73%
  20  200724_20-08518_HIV10-02405_FL24_S14_L000_read_20_count_3    24.05%    passed     97.32%
  21  200724_20-08518_HIV10-02405_FL24_S14_L000_read_21_count_3    24.05%    passed     99.03%
  22  200724_20-08518_HIV10-02405_FL24_S14_L000_read_22_count_3    24.05%    passed     99.73%
  23  200724_20-08518_HIV10-02405_FL24_S14_L000_read_23_count_3    24.05%    passed     99.55%
  24  200724_20-08518_HIV10-02405_FL24_S14_L000_read_24_count_3    24.05%    passed     99.51%
  25  200724_20-08518_HIV10-02405_FL24_S14_L000_read_25_count_3    24.05%    passed     99.98%
  26  200724_20-08518_HIV10-02405_FL24_S14_L000_read_26_count_2    24.05%    passed     99.59%
  27  200724_20-08518_HIV10-02405_FL24_S14_L000_read_27_count_2    24.05%    passed     99.73%
  28  200724_20-08518_HIV10-02405_FL24_S14_L000_read_28_count_2    24.05%    passed     98.84%
  29  200724_20-08518_HIV10-02405_FL24_S14_L000_read_29_count_2    24.05%    passed     97.32%
  30  200724_20-08518_HIV10-02405_FL24_S14_L000_read_30_count_2    24.05%    passed     98.84%
  31  200724_20-08518_HIV10-02405_FL24_S14_L000_read_31_count_2    24.05%    passed     99.73%
  32  200724_20-08518_HIV10-02405_FL24_S14_L000_read_32_count_2    24.05%    passed     99.55%
  33  200724_20-08518_HIV10-02405_FL24_S14_L000_read_33_count_2    24.05%    passed     97.32%
  34  200724_20-08518_HIV10-02405_FL24_S14_L000_read_34_count_2    24.05%    passed     99.55%
  35  200724_20-08518_HIV10-02405_FL24_S14_L000_read_35_count_2    24.05%    passed     97.45%
  36  200724_20-08518_HIV10-02405_FL24_S14_L000_read_36_count_2    24.05%    passed     99.73%
  37  200724_20-08518_HIV10-02405_FL24_S14_L000_read_37_count_2    24.05%    passed     99.55%
  38  200724_20-08518_HIV10-02405_FL24_S14_L000_read_38_count_2    24.05%    passed     99.79%
  39  200724_20-08518_HIV10-02405_FL24_S14_L000_read_39_count_1    24.05%    passed     99.73%
  40  200724_20-08518_HIV10-02405_FL24_S14_L000_read_40_count_1    24.05%    passed     99.14%
  41  200724_20-08518_HIV10-02405_FL24_S14_L000_read_41_count_1    24.05%    passed     99.79%
  42  200724_20-08518_HIV10-02405_FL24_S14_L000_read_42_count_1    24.05%    passed     99.55%
  43  200724_20-08518_HIV10-02405_FL24_S14_L000_read_43_count_1    24.05%    passed     98.72%
  44  200724_20-08518_HIV10-02405_FL24_S14_L000_read_44_count_1    24.05%    passed     97.32%
  45  200724_20-08518_HIV10-02405_FL24_S14_L000_read_45_count_1    24.68%    passed     98.47%
  46  200724_20-08518_HIV10-02405_FL24_S14_L000_read_46_count_1    24.05%    passed     99.98%
  47  200724_20-08518_HIV10-02405_FL24_S14_L000_read_47_count_1    24.05%    passed     99.24%
  48  200724_20-08518_HIV10-02405_FL24_S14_L000_read_48_count_1    18.99%    passed     98.30%
  49  200724_20-08518_HIV10-02405_FL24_S14_L000_read_49_count_1    24.05%    passed     99.98%
  50  200724_20-08518_HIV10-02405_FL24_S14_L000_read_50_count_1    24.05%    passed     99.55%
  51  200724_20-08518_HIV10-02405_FL24_S14_L000_read_51_count_1    24.05%    passed     99.51%
  52  200724_20-08518_HIV10-02405_FL24_S14_L000_read_52_count_1    24.05%    passed     99.98%
  53  200724_20-08518_HIV10-02405_FL24_S14_L000_read_53_count_1    24.05%    passed     99.98%
  54  200724_20-08518_HIV10-02405_FL24_S14_L000_read_54_count_1    24.05%    passed     99.03%
  55  200724_20-08518_HIV10-02405_FL24_S14_L000_read_55_count_1    24.05%    passed     99.98%
  56  200724_20-08518_HIV10-02405_FL24_S14_L000_read_56_count_1    24.05%    passed     94.05%
  57  200724_20-08518_HIV10-02405_FL24_S14_L000_read_57_count_1    24.05%    passed     99.03%
  58  200724_20-08518_HIV10-02405_FL24_S14_L000_read_58_count_1    24.05%    passed     98.84%
  59  200724_20-08518_HIV10-02405_FL24_S14_L000_read_59_count_1    23.42%    passed     99.92%
  60  200724_20-08518_HIV10-02405_FL24_S14_L000_read_60_count_1    24.05%    passed     99.59%
  61  200724_20-08518_HIV10-02405_FL24_S14_L000_read_61_count_1    24.05%    passed     97.81%
  62  200724_20-08518_HIV10-02405_FL24_S14_L000_read_62_count_1    24.05%    passed     92.52%
  63  200724_20-08518_HIV10-02405_FL24_S14_L000_read_63_count_1    24.05%    passed     99.98%
  64  200724_20-08518_HIV10-02405_FL24_S14_L000_read_64_count_1    24.68%    passed     99.91%
  65  200724_20-08518_HIV10-02405_FL24_S14_L000_read_65_count_1    24.05%    passed     94.47%
  66  200724_20-08518_HIV10-02405_FL24_S14_L000_read_66_count_1    24.05%    passed     98.39%
  67  200724_20-08518_HIV10-02405_FL24_S14_L000_read_67_count_1    24.05%    passed     99.98%
  68  200724_20-08518_HIV10-02405_FL24_S14_L000_read_68_count_1    24.05%    passed     99.73%
  69  200724_20-08518_HIV10-02405_FL24_S14_L000_read_69_count_1    24.05%    passed     92.28%
  70  200724_20-08518_HIV10-02405_FL24_S14_L000_read_70_count_1    24.05%    passed     98.90%
  71  200724_20-08518_HIV10-02405_FL24_S14_L000_read_71_count_1    24.05%    passed     99.51%
  72  200724_20-08518_HIV10-02405_FL24_S14_L000_read_72_count_1    24.68%    passed     97.53%
  73  200724_20-08518_HIV10-02405_FL24_S14_L000_read_73_count_1    24.05%    passed     99.51%
  74  200724_20-08518_HIV10-02405_FL24_S14_L000_read_74_count_1    24.05%    passed     99.03%
  75  200724_20-08518_HIV10-02405_FL24_S14_L000_read_75_count_1    24.05%    passed     97.32%
  76  200724_20-08518_HIV10-02405_FL24_S14_L000_read_76_count_1    24.05%    passed     99.79%
  77  200724_20-08518_HIV10-02405_FL24_S14_L000_read_77_count_1    24.05%    passed     99.35%
  78  200724_20-08518_HIV10-02405_FL24_S14_L000_read_78_count_1    24.05%    passed     99.79%
  79  200724_20-08518_HIV10-02405_FL24_S14_L000_read_79_count_1    24.05%    passed     99.51%
  80  200724_20-08518_HIV10-02405_FL24_S14_L000_read_80_count_1    24.05%    passed     99.73%
  81  200724_20-08518_HIV10-02405_FL24_S14_L000_read_81_count_1    24.05%    passed     99.35%
  82  200724_20-08518_HIV10-02405_FL24_S14_L000_read_82_count_1    24.05%    passed     99.73%
  83  200724_20-08518_HIV10-02405_FL24_S14_L000_read_83_count_1    24.05%    passed     97.43%
  84  200724_20-08518_HIV10-02405_FL24_S14_L000_read_84_count_1    24.05%    passed     99.55%
  85  200724_20-08518_HIV10-02405_FL24_S14_L000_read_85_count_1    24.05%    passed     99.55%
  86  200724_20-08518_HIV10-02405_FL24_S14_L000_read_86_count_1    24.05%    passed     99.03%
  87  200724_20-08518_HIV10-02405_FL24_S14_L000_read_87_count_1    24.05%    passed     97.43%
  88  200724_20-08518_HIV10-02405_FL24_S14_L000_read_88_count_1    24.05%    passed     99.55%
  89  200724_20-08518_HIV10-02405_FL24_S14_L000_read_89_count_1    24.05%    passed     99.59%
  90  200724_20-08518_HIV10-02405_FL24_S14_L000_read_90_count_1    24.05%    passed     99.19%
  91  200724_20-08518_HIV10-02405_FL24_S14_L000_read_91_count_1    24.05%    passed     99.98%
  92  200724_20-08518_HIV10-02405_FL24_S14_L000_read_92_count_1    24.05%    passed     98.39%
  93  200724_20-08518_HIV10-02405_FL24_S14_L000_read_93_count_1    24.68%    passed     97.91%
  94  200724_20-08518_HIV10-02405_FL24_S14_L000_read_94_count_1    24.05%    passed     97.32%
  95  200724_20-08518_HIV10-02405_FL24_S14_L000_read_95_count_1    25.32%    passed     99.88%
  96  200724_20-08518_HIV10-02405_FL24_S14_L000_read_96_count_1    24.05%    passed     99.73%
  97  200724_20-08518_HIV10-02405_FL24_S14_L000_read_97_count_1    24.05%    passed     97.32%
  98  200724_20-08518_HIV10-02405_FL24_S14_L000_read_98_count_1    24.05%    passed     98.84%
  99  200724_20-08518_HIV10-02405_FL24_S14_L000_read_99_count_1    24.05%    passed     99.79%
 100  200724_20-08518_HIV10-02405_FL24_S14_L000_read_100_count_1   24.05%    passed     93.66%
 101  200724_20-08518_HIV10-02405_FL24_S14_L000_read_101_count_1   24.05%    passed     99.98%
 102  200724_20-08518_HIV10-02405_FL24_S14_L000_read_102_count_1   24.05%    passed     97.75%
 103  200724_20-08518_HIV10-02405_FL24_S14_L000_read_103_count_1   24.68%    passed     99.95%
 104  200724_20-08518_HIV10-02405_FL24_S14_L000_read_104_count_1   24.05%    passed     99.79%
 105  200724_20-08518_HIV10-02405_FL24_S14_L000_read_105_count_1   24.05%    passed     98.55%
 106  200724_20-08518_HIV10-02405_FL24_S14_L000_read_106_count_1   24.05%    passed     98.90%
 107  200724_20-08518_HIV10-02405_FL24_S14_L000_read_107_count_1   24.05%    passed     99.59%
 108  200724_20-08518_HIV10-02405_FL24_S14_L000_read_108_count_1   24.05%    passed     97.32%
 109  200724_20-08518_HIV10-02405_FL24_S14_L000_read_109_count_1   24.05%    passed     99.51%
 110  200724_20-08518_HIV10-02405_FL24_S14_L000_read_110_count_1   24.05%    passed     97.95%
 111  200724_20-08518_HIV10-02405_FL24_S14_L000_read_111_count_1   24.05%    passed     98.84%
 112  200724_20-08518_HIV10-02405_FL24_S14_L000_read_112_count_1   24.05%    passed     90.91%
 113  200724_20-08518_HIV10-02405_FL24_S14_L000_read_113_count_1   24.05%    passed     99.98%
 114  200724_20-08518_HIV10-02405_FL24_S14_L000_read_114_count_1   24.05%    passed     99.79%
 115  200724_20-08518_HIV10-02405_FL24_S14_L000_read_115_count_1   24.05%    passed     99.35%
 116  200724_20-08518_HIV10-02405_FL24_S14_L000_read_116_count_1   24.05%    passed     96.34%
 117  200709_20-07994_HIV07-01067_FL21_S1_L000_read_1_count_410    23.42%    passed     99.80%
 118  200709_20-07994_HIV07-01067_FL21_S1_L000_read_2_count_157    23.42%    passed     97.03%
 119  200709_20-07994_HIV07-01067_FL21_S1_L000_read_3_count_157    23.42%    passed     99.42%
 120  200709_20-07994_HIV07-01067_FL21_S1_L000_read_4_count_53     23.42%    passed     97.47%
 121  200709_20-07994_HIV07-01067_FL21_S1_L000_read_5_count_38     23.42%    passed     97.32%
 122  200709_20-07994_HIV07-01067_FL21_S1_L000_read_6_count_8      23.42%    passed     97.70%
 123  200709_20-07994_HIV07-01067_FL21_S1_L000_read_7_count_8      23.42%    passed     96.10%
 124  200709_20-07994_HIV07-01067_FL21_S1_L000_read_8_count_6      23.42%    passed     99.42%
 125  200709_20-07994_HIV07-01067_FL21_S1_L000_read_9_count_6      23.42%    passed     99.94%
 126  200709_20-07994_HIV07-01067_FL21_S1_L000_read_10_count_6     23.42%    passed     97.32%
 127  200709_20-07994_HIV07-01067_FL21_S1_L000_read_11_count_4     23.42%    passed     99.80%
 128  200709_20-07994_HIV07-01067_FL21_S1_L000_read_12_count_4     23.42%    passed     99.21%
 129  200709_20-07994_HIV07-01067_FL21_S1_L000_read_13_count_4     23.42%    passed     99.42%
 130  200709_20-07994_HIV07-01067_FL21_S1_L000_read_14_count_3     23.42%    passed     92.86%
 131  200709_20-07994_HIV07-01067_FL21_S1_L000_read_15_count_2     23.42%    passed     99.42%
 132  200709_20-07994_HIV07-01067_FL21_S1_L000_read_16_count_2     23.42%    passed     99.92%
 133  200709_20-07994_HIV07-01067_FL21_S1_L000_read_17_count_2     23.42%    passed     99.42%
 134  200709_20-07994_HIV07-01067_FL21_S1_L000_read_18_count_2     23.42%    passed     94.39%
 135  200709_20-07994_HIV07-01067_FL21_S1_L000_read_19_count_2     23.42%    passed     99.42%
 136  200709_20-07994_HIV07-01067_FL21_S1_L000_read_20_count_2     23.42%    passed     94.39%
 137  200709_20-07994_HIV07-01067_FL21_S1_L000_read_21_count_2     23.42%    passed     99.21%
 138  200709_20-07994_HIV07-01067_FL21_S1_L000_read_22_count_2     26.58%    passed     99.24%
 139  200709_20-07994_HIV07-01067_FL21_S1_L000_read_23_count_2     23.42%    passed     99.42%
 140  200709_20-07994_HIV07-01067_FL21_S1_L000_read_24_count_1     23.42%    passed     91.61%
 141  200709_20-07994_HIV07-01067_FL21_S1_L000_read_25_count_1     23.42%    passed     98.62%
 142  200709_20-07994_HIV07-01067_FL21_S1_L000_read_26_count_1     23.42%    passed     96.10%
 143  200709_20-07994_HIV07-01067_FL21_S1_L000_read_27_count_1     23.42%    passed     97.47%
 144  200709_20-07994_HIV07-01067_FL21_S1_L000_read_28_count_1     23.42%    passed     97.32%
 145  200709_20-07994_HIV07-01067_FL21_S1_L000_read_29_count_1     23.42%    passed     97.70%
 146  200709_20-07994_HIV07-01067_FL21_S1_L000_read_30_count_1     23.42%    passed     99.41%
 147  200709_20-07994_HIV07-01067_FL21_S1_L000_read_31_count_1     24.05%    passed     99.35%
 148  200709_20-07994_HIV07-01067_FL21_S1_L000_read_32_count_1     23.42%    passed     96.81%
 149  200709_20-07994_HIV07-01067_FL21_S1_L000_read_33_count_1     23.42%    passed     99.21%
 150  200709_20-07994_HIV07-01067_FL21_S1_L000_read_34_count_1     23.42%    passed     99.50%
 151  200709_20-07994_HIV07-01067_FL21_S1_L000_read_35_count_1     23.42%    passed     99.92%
 152  200709_20-07994_HIV07-01067_FL21_S1_L000_read_36_count_1     24.05%    passed     99.35%
 153  200709_20-07994_HIV07-01067_FL21_S1_L000_read_37_count_1     23.42%    passed     94.39%
 154  200709_20-07994_HIV07-01067_FL21_S1_L000_read_38_count_1     22.15%    passed     97.39%
 155  200709_20-07994_HIV07-01067_FL21_S1_L000_read_39_count_1     23.42%    passed     97.58%
 156  200709_20-07994_HIV07-01067_FL21_S1_L000_read_40_count_1     23.42%    passed     92.86%
 157  200709_20-07994_HIV07-01067_FL21_S1_L000_read_41_count_1     23.42%    passed     99.42%
 158  200709_20-07994_HIV07-01067_FL21_S1_L000_read_42_count_1     23.42%    passed     96.76%
 159  200709_20-07994_HIV07-01067_FL21_S1_L000_read_43_count_1     23.42%    passed     92.86%
 160  200709_20-07994_HIV07-01067_FL21_S1_L000_read_44_count_1     23.42%    passed     99.42%
 161  200709_20-07994_HIV07-01067_FL21_S1_L000_read_45_count_1     23.42%    passed     99.42%
 162  200709_20-07994_HIV07-01067_FL21_S1_L000_read_46_count_1     23.42%    passed     99.92%
 163  200709_20-07994_HIV07-01067_FL21_S1_L000_read_47_count_1     23.42%    passed     87.39%
 164  200709_20-07994_HIV07-01067_FL21_S1_L000_read_48_count_1     23.42%    passed     99.42%
 165  200709_20-07994_HIV07-01067_FL21_S1_L000_read_49_count_1     23.42%    passed     89.35%
 166  200709_20-07994_HIV07-01067_FL21_S1_L000_read_50_count_1     23.42%    passed     97.58%
 167  200709_20-07994_HIV07-01067_FL21_S1_L000_read_51_count_1     23.42%    passed     96.81%
 168  200709_20-07994_HIV07-01067_FL21_S1_L000_read_52_count_1     23.42%    passed     99.21%
 169  200709_20-07994_HIV07-01067_FL21_S1_L000_read_53_count_1     23.42%    passed     99.42%
 170  200709_20-07994_HIV07-01067_FL21_S1_L000_read_54_count_1     23.42%    passed     99.41%
 171  200709_20-07994_HIV07-01067_FL21_S1_L000_read_55_count_1     23.42%    passed     96.69%
 172  200709_20-07994_HIV07-01067_FL21_S1_L000_read_56_count_1     23.42%    passed     99.42%
 173  200709_20-07994_HIV07-01067_FL21_S1_L000_read_57_count_1     23.42%    passed     92.86%
 174  200709_20-07994_HIV07-01067_FL21_S1_L000_read_58_count_1     24.05%    passed     99.51%
 175  200709_20-07994_HIV07-01067_FL21_S1_L000_read_59_count_1     23.42%    passed     99.21%
 176  200709_20-07994_HIV07-01067_FL21_S1_L000_read_60_count_1     23.42%    passed     92.86%
 177  200709_20-07994_HIV07-01067_FL21_S1_L000_read_61_count_1     23.42%    passed     90.36%
 178  200709_20-07994_HIV07-01067_FL21_S1_L000_read_62_count_1     23.42%    passed     93.84%
 179  200709_20-07994_HIV07-01067_FL21_S1_L000_read_63_count_1     23.42%    passed     99.50%
 180  200709_20-07994_HIV07-01067_FL21_S1_L000_read_64_count_1     23.42%    passed     98.29%
 181  200709_20-07994_HIV07-01067_FL21_S1_L000_read_65_count_1     23.42%    passed     99.05%
 182  200709_20-07994_HIV07-01067_FL21_S1_L000_read_66_count_1     23.42%    passed     99.92%
 183  200709_20-07994_HIV07-01067_FL21_S1_L000_read_67_count_1     23.42%    passed     91.57%
 184  200709_20-07994_HIV07-01067_FL21_S1_L000_read_68_count_1     23.42%    passed     97.47%
 185  200709_20-07994_HIV07-01067_FL21_S1_L000_read_69_count_1     23.42%    passed     97.58%
 186  200709_20-07994_HIV07-01067_FL21_S1_L000_read_70_count_1     23.42%    passed     89.35%
 187  200709_20-07994_HIV07-01067_FL21_S1_L000_read_71_count_1     23.42%    passed     99.21%
 188  200709_20-07994_HIV07-01067_FL21_S1_L000_read_72_count_1     23.42%    passed     99.41%
 189  200709_20-07994_HIV07-01067_FL21_S1_L000_read_73_count_1     23.42%    passed     96.10%
 190  200709_20-07994_HIV07-01067_FL21_S1_L000_read_74_count_1     23.42%    passed     99.41%
 191  200709_20-07994_HIV07-01067_FL21_S1_L000_read_75_count_1     24.05%    passed     99.51%
 192  200709_20-07994_HIV07-01067_FL21_S1_L000_read_76_count_1     23.42%    passed     98.62%
 193  200709_20-07994_HIV07-01067_FL21_S1_L000_read_77_count_1     23.42%    passed     98.93%
 194  200709_20-07994_HIV07-01067_FL21_S1_L000_read_78_count_1     23.42%    passed     96.69%
 195  200709_20-07994_HIV07-01067_FL21_S1_L000_read_79_count_1     23.42%    passed     96.10%
 196  200709_20-07994_HIV07-01067_FL21_S1_L000_read_80_count_1     23.42%    passed     87.53%
 197  200709_20-07994_HIV07-01067_FL21_S1_L000_read_81_count_1     23.42%    passed     99.21%
 198  200709_20-07994_HIV07-01067_FL21_S1_L000_read_82_count_1     23.42%    passed     92.37%
 199  200709_20-07994_HIV07-01067_FL21_S1_L000_read_83_count_1     23.42%    passed     98.62%
 200  200709_20-07994_HIV07-01067_FL21_S1_L000_read_84_count_1     23.42%    passed     99.42%
 201  200709_20-07994_HIV07-01067_FL21_S1_L000_read_85_count_1     23.42%    passed     99.92%
 202  200709_20-07994_HIV07-01067_FL21_S1_L000_read_86_count_1     23.42%    passed     99.80%
 203  200709_20-07994_HIV07-01067_FL21_S1_L000_read_87_count_1     23.42%    passed     97.70%
 204  200709_20-07994_HIV07-01067_FL21_S1_L000_read_88_count_1     23.42%    passed     97.47%
 205  200709_20-07994_HIV07-01067_FL21_S1_L000_read_89_count_1     23.42%    passed     99.42%
 206  200709_20-07994_HIV07-01067_FL21_S1_L000_read_90_count_1     23.42%    passed     99.21%
 207  200709_20-07994_HIV07-01067_FL21_S1_L000_read_91_count_1     23.42%    passed     98.62%
 208  200709_20-07994_HIV07-01067_FL21_S1_L000_read_92_count_1     23.42%    passed     94.39%
 209  200709_20-07994_HIV07-01067_FL21_S1_L000_read_93_count_1     23.42%    passed     99.42%
 210  200709_20-07994_HIV07-01067_FL21_S1_L000_read_94_count_1     23.42%    passed     99.05%
 211  200709_20-07994_HIV07-01067_FL21_S1_L000_read_95_count_1     23.42%    passed     98.62%
 212  200709_20-07994_HIV07-01067_FL21_S1_L000_read_96_count_1     23.42%    passed     99.21%
 213  200709_20-07994_HIV07-01067_FL21_S1_L000_read_97_count_1     23.42%    passed     99.46%
 214  200709_20-07994_HIV07-01067_FL21_S1_L000_read_98_count_1     23.42%    passed     99.80%
 215  200709_20-07994_HIV07-01067_FL21_S1_L000_read_99_count_1     23.42%    passed     96.81%
 216  200709_20-07994_HIV07-01067_FL21_S1_L000_read_100_count_1    23.42%    passed     99.21%
 217  200709_20-07994_HIV07-01067_FL21_S1_L000_read_101_count_1    24.05%    passed     99.51%
 218  200709_20-07994_HIV07-01067_FL21_S1_L000_read_102_count_1    23.42%    passed     97.70%
 219  200709_20-07994_HIV07-01067_FL21_S1_L000_read_103_count_1    23.42%    passed     92.22%
 220  200709_20-07994_HIV07-01067_FL21_S1_L000_read_104_count_1    23.42%    passed     99.42%
 221  200709_20-07994_HIV07-01067_FL21_S1_L000_read_105_count_1    23.42%    passed     99.80%
 222  200709_20-07994_HIV07-01067_FL21_S1_L000_read_106_count_1    23.42%    passed     97.03%
 223  200709_20-07994_HIV07-01067_FL21_S1_L000_read_107_count_1    23.42%    passed     97.70%
 224  200703_20-07825_HIV09-00618_FL18_S6_L000_read_1_count_1257   24.05%    passed     99.14%
 225  200703_20-07825_HIV09-00618_FL18_S6_L000_read_2_count_7      24.05%    passed     99.59%
 226  200703_20-07825_HIV09-00618_FL18_S6_L000_read_3_count_5      24.05%    passed     97.03%
 227  200703_20-07825_HIV09-00618_FL18_S6_L000_read_4_count_5      24.05%    passed     94.72%
 228  200703_20-07825_HIV09-00618_FL18_S6_L000_read_5_count_4      24.05%    passed     97.03%
 229  200703_20-07825_HIV09-00618_FL18_S6_L000_read_6_count_4      24.05%    passed     97.03%
 230  200703_20-07825_HIV09-00618_FL18_S6_L000_read_7_count_4      24.05%    passed     99.73%
 231  200703_20-07825_HIV09-00618_FL18_S6_L000_read_8_count_4      24.05%    passed     99.73%
 232  200703_20-07825_HIV09-00618_FL18_S6_L000_read_9_count_3      24.05%    passed     99.59%
 233  200703_20-07825_HIV09-00618_FL18_S6_L000_read_10_count_3     24.05%    passed     99.59%
 234  200703_20-07825_HIV09-00618_FL18_S6_L000_read_11_count_3     24.05%    passed     94.72%
 235  200703_20-07825_HIV09-00618_FL18_S6_L000_read_12_count_2     24.05%    passed     97.03%
 236  200703_20-07825_HIV09-00618_FL18_S6_L000_read_13_count_2     24.05%    passed     97.03%
 237  200703_20-07825_HIV09-00618_FL18_S6_L000_read_14_count_2     24.05%    passed     97.15%
 238  200703_20-07825_HIV09-00618_FL18_S6_L000_read_15_count_2     24.05%    passed     99.59%
 239  200703_20-07825_HIV09-00618_FL18_S6_L000_read_16_count_2     24.05%    passed     94.72%
 240  200703_20-07825_HIV09-00618_FL18_S6_L000_read_17_count_2     24.05%    passed     99.59%
 241  200703_20-07825_HIV09-00618_FL18_S6_L000_read_18_count_2     24.05%    passed     94.72%
 242  200703_20-07825_HIV09-00618_FL18_S6_L000_read_19_count_2     24.05%    passed     97.03%
 243  200703_20-07825_HIV09-00618_FL18_S6_L000_read_20_count_2     24.05%    passed     99.73%
 244  200703_20-07825_HIV09-00618_FL18_S6_L000_read_21_count_2     24.05%    passed     99.59%
 245  200703_20-07825_HIV09-00618_FL18_S6_L000_read_22_count_2     24.05%    passed     97.03%
 246  200703_20-07825_HIV09-00618_FL18_S6_L000_read_23_count_2     24.05%    passed     95.60%
 247  200703_20-07825_HIV09-00618_FL18_S6_L000_read_24_count_2     24.05%    passed     97.03%
 248  200703_20-07825_HIV09-00618_FL18_S6_L000_read_25_count_2     24.05%    passed     99.73%
 249  200703_20-07825_HIV09-00618_FL18_S6_L000_read_26_count_2     24.05%    passed     98.44%
 250  200703_20-07825_HIV09-00618_FL18_S6_L000_read_27_count_2     24.05%    passed     99.79%
 251  200703_20-07825_HIV09-00618_FL18_S6_L000_read_28_count_2     24.05%    passed     95.60%
 252  200703_20-07825_HIV09-00618_FL18_S6_L000_read_29_count_1     24.05%    passed     96.23%
 253  200703_20-07825_HIV09-00618_FL18_S6_L000_read_30_count_1     24.05%    passed     99.73%
 254  200703_20-07825_HIV09-00618_FL18_S6_L000_read_31_count_1     24.05%    passed     99.51%
 255  200703_20-07825_HIV09-00618_FL18_S6_L000_read_32_count_1     24.05%    passed     99.59%
 256  200703_20-07825_HIV09-00618_FL18_S6_L000_read_33_count_1     24.05%    passed     96.23%
 257  200703_20-07825_HIV09-00618_FL18_S6_L000_read_34_count_1     24.05%    passed     97.03%
 258  200703_20-07825_HIV09-00618_FL18_S6_L000_read_35_count_1     24.05%    passed     94.72%
 259  200703_20-07825_HIV09-00618_FL18_S6_L000_read_36_count_1     24.05%    passed     96.23%
 260  200703_20-07825_HIV09-00618_FL18_S6_L000_read_37_count_1     24.05%    passed     97.03%
 261  200703_20-07825_HIV09-00618_FL18_S6_L000_read_38_count_1     24.05%    passed     99.59%
 262  200703_20-07825_HIV09-00618_FL18_S6_L000_read_39_count_1     24.05%    passed     97.03%
 263  200703_20-07825_HIV09-00618_FL18_S6_L000_read_40_count_1     24.05%    passed     99.59%
 264  200703_20-07825_HIV09-00618_FL18_S6_L000_read_41_count_1     24.05%    passed     99.51%
 265  200703_20-07825_HIV09-00618_FL18_S6_L000_read_42_count_1     24.05%    passed     99.59%
 266  200703_20-07825_HIV09-00618_FL18_S6_L000_read_43_count_1     24.05%    passed     96.23%
 267  200703_20-07825_HIV09-00618_FL18_S6_L000_read_44_count_1     24.05%    passed     99.73%
 268  200703_20-07825_HIV09-00618_FL18_S6_L000_read_45_count_1     24.05%    passed     95.60%
 269  200703_20-07825_HIV09-00618_FL18_S6_L000_read_46_count_1     24.05%    passed     99.51%
 270  200703_20-07825_HIV09-00618_FL18_S6_L000_read_47_count_1     24.05%    passed     99.73%
 271  200703_20-07825_HIV09-00618_FL18_S6_L000_read_48_count_1     24.05%    passed     97.03%
 272  200703_20-07825_HIV09-00618_FL18_S6_L000_read_49_count_1     24.05%    passed     98.44%
 273  200703_20-07825_HIV09-00618_FL18_S6_L000_read_50_count_1     24.05%    passed     97.03%
 274  200703_20-07825_HIV09-00618_FL18_S6_L000_read_51_count_1     22.15%    passed     99.52%
 275  200703_20-07825_HIV09-00618_FL18_S6_L000_read_52_count_1     24.05%    passed     97.03%
 276  200703_20-07825_HIV09-00618_FL18_S6_L000_read_53_count_1     24.05%    passed     97.15%
 277  200703_20-07825_HIV09-00618_FL18_S6_L000_read_54_count_1     22.15%    passed     98.33%
 278  200703_20-07825_HIV09-00618_FL18_S6_L000_read_55_count_1     24.05%    passed     99.79%
 279  200703_20-07825_HIV09-00618_FL18_S6_L000_read_56_count_1     24.05%    passed     97.03%
 280  200703_20-07825_HIV09-00618_FL18_S6_L000_read_57_count_1     24.05%    passed     95.60%
 281  200703_20-07825_HIV09-00618_FL18_S6_L000_read_58_count_1     24.05%    passed     97.88%
 282  200703_20-07825_HIV09-00618_FL18_S6_L000_read_59_count_1     24.05%    passed     99.73%
 283  200703_20-07825_HIV09-00618_FL18_S6_L000_read_60_count_1     24.05%    passed     99.59%
 284  200703_20-07825_HIV09-00618_FL18_S6_L000_read_61_count_1     24.05%    passed     97.03%
 285  200703_20-07825_HIV09-00618_FL18_S6_L000_read_62_count_1     24.05%    passed     92.26%
 286  200703_20-07825_HIV09-00618_FL18_S6_L000_read_63_count_1     24.05%    passed     99.51%
 287  200703_20-07825_HIV09-00618_FL18_S6_L000_read_64_count_1     24.05%    passed     99.59%
 288  200703_20-07825_HIV09-00618_FL18_S6_L000_read_65_count_1     24.05%    passed     96.23%
 289  200703_20-07825_HIV09-00618_FL18_S6_L000_read_66_count_1     24.05%    passed     99.59%
 290  200703_20-07825_HIV09-00618_FL18_S6_L000_read_67_count_1     24.05%    passed     98.44%
 291  200703_20-07825_HIV09-00618_FL18_S6_L000_read_68_count_1     24.05%    passed     98.44%
 292  200703_20-07825_HIV09-00618_FL18_S6_L000_read_69_count_1     24.05%    passed     94.72%
 293  200703_20-07825_HIV09-00618_FL18_S6_L000_read_70_count_1     24.05%    passed     98.44%
 294  200703_20-07825_HIV09-00618_FL18_S6_L000_read_71_count_1     24.05%    passed     98.44%
 295  200703_20-07825_HIV09-00618_FL18_S6_L000_read_72_count_1     24.05%    passed     97.88%
 296  200703_20-07825_HIV09-00618_FL18_S6_L000_read_73_count_1     24.05%    passed     99.14%
 297  200703_20-07825_HIV09-00618_FL18_S6_L000_read_74_count_1     24.05%    passed     97.03%
 298  200703_20-07825_HIV09-00618_FL18_S6_L000_read_75_count_1     24.05%    passed     94.72%
 299  200703_20-07825_HIV09-00618_FL18_S6_L000_read_76_count_1     24.05%    passed     99.59%
 300  200703_20-07825_HIV09-00618_FL18_S6_L000_read_77_count_1     24.05%    passed     97.03%
 301  200703_20-07825_HIV09-00618_FL18_S6_L000_read_78_count_1     24.05%    passed     94.72%
 302  200703_20-07825_HIV09-00618_FL18_S6_L000_read_79_count_1     24.05%    passed     94.72%
 303  200703_20-07825_HIV09-00618_FL18_S6_L000_read_80_count_1     24.05%    passed     97.81%
 304  200703_20-07825_HIV09-00618_FL18_S6_L000_read_81_count_1     24.05%    passed     99.59%
 305  200703_20-07825_HIV09-00618_FL18_S6_L000_read_82_count_1     24.05%    passed     96.23%
 306  200703_20-07825_HIV09-00618_FL18_S6_L000_read_83_count_1     24.05%    passed     97.15%
 307  200703_20-07825_HIV09-00618_FL18_S6_L000_read_84_count_1     24.05%    passed     97.03%
 308  200703_20-07825_HIV09-00618_FL18_S6_L000_read_85_count_1     24.05%    passed     99.79%
 309  200703_20-07825_HIV09-00618_FL18_S6_L000_read_86_count_1     24.05%    passed     99.14%
 310  200703_20-07825_HIV09-00618_FL18_S6_L000_read_87_count_1     24.05%    passed     95.24%
 311  200703_20-07825_HIV09-00618_FL18_S6_L000_read_88_count_1     24.05%    passed     97.77%
 312  200703_20-07825_HIV09-00618_FL18_S6_L000_read_89_count_1     24.05%    passed     97.03%
 313  200703_20-07825_HIV09-00618_FL18_S6_L000_read_90_count_1     23.42%    passed     98.29%
 314  200703_20-07825_HIV09-00618_FL18_S6_L000_read_91_count_1     24.05%    passed     99.79%
 315  200703_20-07825_HIV09-00618_FL18_S6_L000_read_92_count_1     24.05%    passed     99.51%
 316  200703_20-07825_HIV09-00618_FL18_S6_L000_read_93_count_1     24.05%    passed     99.59%
 317  200703_20-07825_HIV09-00618_FL18_S6_L000_read_94_count_1     24.05%    passed     97.03%
 318  200703_20-07825_HIV09-00618_FL18_S6_L000_read_95_count_1     24.05%    passed     97.03%
 319  200703_20-07825_HIV09-00618_FL18_S6_L000_read_96_count_1     24.05%    passed     99.73%
 320  200703_20-07825_HIV09-00618_FL18_S6_L000_read_97_count_1     24.68%    passed     98.32%
 321  200703_20-07825_HIV09-00618_FL18_S6_L000_read_98_count_1     24.05%    passed     98.44%
 322  200703_20-07825_HIV09-00618_FL18_S6_L000_read_99_count_1     24.05%    passed     99.51%
 323  200703_20-07825_HIV09-00618_FL18_S6_L000_read_100_count_1    24.05%    passed     95.60%
 324  200703_20-07825_HIV09-00618_FL18_S6_L000_read_101_count_1    24.05%    passed     97.03%
 325  200703_20-07825_HIV09-00618_FL18_S6_L000_read_102_count_1    24.05%    passed     94.72%
 326  200814_20-09728_HIV09-02843_FL30_S2_L000_read_1_count_1079   24.05%    passed     99.75%
 327  200814_20-09728_HIV09-02843_FL30_S2_L000_read_2_count_162    24.05%    passed     98.55%
 328  200814_20-09728_HIV09-02843_FL30_S2_L000_read_3_count_58     24.05%    passed     99.79%
 329  200814_20-09728_HIV09-02843_FL30_S2_L000_read_4_count_55     24.05%    passed     99.75%
 330  200814_20-09728_HIV09-02843_FL30_S2_L000_read_5_count_40     24.05%    passed     95.00%
 331  200814_20-09728_HIV09-02843_FL30_S2_L000_read_6_count_32     24.05%    passed     99.79%
 332  200814_20-09728_HIV09-02843_FL30_S2_L000_read_7_count_32     24.05%    passed     98.55%
 333  200814_20-09728_HIV09-02843_FL30_S2_L000_read_8_count_23     24.05%    passed     92.51%
 334  200814_20-09728_HIV09-02843_FL30_S2_L000_read_9_count_18     24.05%    passed     98.55%
 335  200814_20-09728_HIV09-02843_FL30_S2_L000_read_10_count_18    24.05%    passed     98.55%
 336  200814_20-09728_HIV09-02843_FL30_S2_L000_read_11_count_15    24.05%    passed     97.39%
 337  200814_20-09728_HIV09-02843_FL30_S2_L000_read_12_count_10    24.05%    passed     95.00%
 338  200814_20-09728_HIV09-02843_FL30_S2_L000_read_13_count_8     24.05%    passed     99.55%
 339  200814_20-09728_HIV09-02843_FL30_S2_L000_read_14_count_5     24.05%    passed     99.19%
 340  200814_20-09728_HIV09-02843_FL30_S2_L000_read_15_count_5     24.05%    passed     97.81%
 341  200814_20-09728_HIV09-02843_FL30_S2_L000_read_16_count_4     24.05%    passed     99.79%
 342  200814_20-09728_HIV09-02843_FL30_S2_L000_read_17_count_4     24.05%    passed     97.81%
 343  200814_20-09728_HIV09-02843_FL30_S2_L000_read_18_count_3     24.05%    passed     99.79%
 344  200814_20-09728_HIV09-02843_FL30_S2_L000_read_19_count_3     24.05%    passed     99.79%
 345  200814_20-09728_HIV09-02843_FL30_S2_L000_read_20_count_3     24.05%    passed     99.55%
 346  200814_20-09728_HIV09-02843_FL30_S2_L000_read_21_count_3     24.05%    passed     97.81%
 347  200814_20-09728_HIV09-02843_FL30_S2_L000_read_22_count_2     24.05%    passed     99.79%
 348  200814_20-09728_HIV09-02843_FL30_S2_L000_read_23_count_2     24.05%    passed     98.07%
 349  200814_20-09728_HIV09-02843_FL30_S2_L000_read_24_count_2     24.68%    passed     99.47%
 350  200814_20-09728_HIV09-02843_FL30_S2_L000_read_25_count_2     24.05%    passed     95.99%
 351  200814_20-09728_HIV09-02843_FL30_S2_L000_read_26_count_2     24.05%    passed     97.81%
 352  200814_20-09728_HIV09-02843_FL30_S2_L000_read_27_count_2     24.05%    passed     99.19%
 353  200814_20-09728_HIV09-02843_FL30_S2_L000_read_28_count_2     24.68%    passed     99.47%
 354  200814_20-09728_HIV09-02843_FL30_S2_L000_read_29_count_2     24.05%    passed     99.19%
 355  200814_20-09728_HIV09-02843_FL30_S2_L000_read_30_count_2     24.05%    passed     99.59%
 356  200814_20-09728_HIV09-02843_FL30_S2_L000_read_31_count_2     24.05%    passed     99.79%
 357  200814_20-09728_HIV09-02843_FL30_S2_L000_read_32_count_1     24.05%    passed     95.00%
 358  200814_20-09728_HIV09-02843_FL30_S2_L000_read_33_count_1     24.05%    passed     98.84%
 359  200814_20-09728_HIV09-02843_FL30_S2_L000_read_34_count_1     24.68%    passed     99.95%
 360  200814_20-09728_HIV09-02843_FL30_S2_L000_read_35_count_1     24.05%    passed     99.59%
 361  200814_20-09728_HIV09-02843_FL30_S2_L000_read_36_count_1     24.05%    passed     97.32%
 362  200814_20-09728_HIV09-02843_FL30_S2_L000_read_37_count_1     18.35%    passed     91.33%
 363  200814_20-09728_HIV09-02843_FL30_S2_L000_read_38_count_1     24.05%    passed     99.98%
 364  200814_20-09728_HIV09-02843_FL30_S2_L000_read_39_count_1     24.05%    passed     98.72%
 365  200814_20-09728_HIV09-02843_FL30_S2_L000_read_40_count_1     24.68%    passed     99.47%
 366  200814_20-09728_HIV09-02843_FL30_S2_L000_read_41_count_1     24.05%    passed     98.07%
 367  200814_20-09728_HIV09-02843_FL30_S2_L000_read_42_count_1     24.05%    passed     99.59%
 368  200814_20-09728_HIV09-02843_FL30_S2_L000_read_43_count_1     24.05%    passed     98.17%
 369  200814_20-09728_HIV09-02843_FL30_S2_L000_read_44_count_1     24.05%    passed     99.55%
 370  200814_20-09728_HIV09-02843_FL30_S2_L000_read_45_count_1     24.05%    passed     92.52%
 371  200814_20-09728_HIV09-02843_FL30_S2_L000_read_46_count_1     24.05%    passed     97.81%
 372  200814_20-09728_HIV09-02843_FL30_S2_L000_read_47_count_1     24.05%    passed     99.14%
 373  200814_20-09728_HIV09-02843_FL30_S2_L000_read_48_count_1     24.05%    passed     97.39%
 374  200814_20-09728_HIV09-02843_FL30_S2_L000_read_49_count_1     24.05%    passed     99.79%
 375  200814_20-09728_HIV09-02843_FL30_S2_L000_read_50_count_1     24.05%    passed     99.55%
 376  200814_20-09728_HIV09-02843_FL30_S2_L000_read_51_count_1     24.05%    passed     97.88%
 377  200814_20-09728_HIV09-02843_FL30_S2_L000_read_52_count_1     24.05%    passed     97.32%
 378  200814_20-09728_HIV09-02843_FL30_S2_L000_read_53_count_1     24.05%    passed     98.07%
 379  200814_20-09728_HIV09-02843_FL30_S2_L000_read_54_count_1     24.05%    passed     99.75%
 380  200814_20-09728_HIV09-02843_FL30_S2_L000_read_55_count_1     24.05%    passed     99.59%
 381  200814_20-09728_HIV09-02843_FL30_S2_L000_read_56_count_1     24.05%    passed     93.97%
 382  200814_20-09728_HIV09-02843_FL30_S2_L000_read_57_count_1     24.05%    passed     99.55%
 383  200814_20-09728_HIV09-02843_FL30_S2_L000_read_58_count_1     24.05%    passed     98.55%
 384  200814_20-09728_HIV09-02843_FL30_S2_L000_read_59_count_1     24.05%    passed     97.88%
 385  200814_20-09728_HIV09-02843_FL30_S2_L000_read_60_count_1     24.05%    passed     96.34%
 386  200814_20-09728_HIV09-02843_FL30_S2_L000_read_61_count_1     24.05%    passed     99.98%
 387  200814_20-09728_HIV09-02843_FL30_S2_L000_read_62_count_1     24.05%    passed     99.19%
 388  200814_20-09728_HIV09-02843_FL30_S2_L000_read_63_count_1     24.05%    passed     98.17%
 389  200814_20-09728_HIV09-02843_FL30_S2_L000_read_64_count_1     24.05%    passed     96.34%
 390  200814_20-09728_HIV09-02843_FL30_S2_L000_read_65_count_1     24.05%    passed     99.55%
 391  200814_20-09728_HIV09-02843_FL30_S2_L000_read_66_count_1     24.05%    passed     98.55%
 392  200814_20-09728_HIV09-02843_FL30_S2_L000_read_67_count_1     23.42%    passed     92.02%
 393  200814_20-09728_HIV09-02843_FL30_S2_L000_read_68_count_1     24.05%    passed     99.55%
 394  200814_20-09728_HIV09-02843_FL30_S2_L000_read_69_count_1     24.05%    passed     98.17%
 395  200814_20-09728_HIV09-02843_FL30_S2_L000_read_70_count_1     24.05%    passed     98.55%
 396  200814_20-09728_HIV09-02843_FL30_S2_L000_read_71_count_1     24.05%    passed     98.90%
 397  200814_20-09728_HIV09-02843_FL30_S2_L000_read_72_count_1     24.05%    passed     99.79%
 398  200814_20-09728_HIV09-02843_FL30_S2_L000_read_73_count_1     24.05%    passed     99.59%
 399  200814_20-09728_HIV09-02843_FL30_S2_L000_read_74_count_1     24.05%    passed     98.17%
 400  200814_20-09728_HIV09-02843_FL30_S2_L000_read_75_count_1     24.05%    passed     95.45%
 401  200814_20-09728_HIV09-02843_FL30_S2_L000_read_76_count_1     24.05%    passed     99.79%
 402  200814_20-09728_HIV09-02843_FL30_S2_L000_read_77_count_1     24.05%    passed     98.55%
 403  200814_20-09728_HIV09-02843_FL30_S2_L000_read_78_count_1     24.05%    passed     99.79%
 404  200814_20-09728_HIV09-02843_FL30_S2_L000_read_79_count_1     24.05%    passed     95.00%
 405  200814_20-09728_HIV09-02843_FL30_S2_L000_read_80_count_1     24.05%    passed     99.79%
 406  200814_20-09728_HIV09-02843_FL30_S2_L000_read_81_count_1     24.05%    passed     98.78%
 407  200814_20-09728_HIV09-02843_FL30_S2_L000_read_82_count_1     24.05%    passed     99.98%
 408  200814_20-09728_HIV09-02843_FL30_S2_L000_read_83_count_1     24.68%    passed     97.17%
 409  200814_20-09728_HIV09-02843_FL30_S2_L000_read_84_count_1     24.05%    passed     96.89%
 410  200814_20-09728_HIV09-02843_FL30_S2_L000_read_85_count_1     24.05%    passed     98.90%
 411  200814_20-09728_HIV09-02843_FL30_S2_L000_read_86_count_1     24.05%    passed     99.55%
 412  200814_20-09728_HIV09-02843_FL30_S2_L000_read_87_count_1     24.05%    passed     99.79%
 413  200814_20-09728_HIV09-02843_FL30_S2_L000_read_88_count_1     24.05%    passed     99.55%
 414  200814_20-09728_HIV09-02843_FL30_S2_L000_read_89_count_1     24.05%    passed     99.98%
 415  200814_20-09728_HIV09-02843_FL30_S2_L000_read_90_count_1     24.05%    passed     99.79%
 416  200814_20-09728_HIV09-02843_FL30_S2_L000_read_91_count_1     24.05%    passed     92.87%
 417  200814_20-09728_HIV09-02843_FL30_S2_L000_read_92_count_1     24.05%    passed     97.39%
 418  200814_20-09728_HIV09-02843_FL30_S2_L000_read_93_count_1     24.05%    passed     98.07%
 419  200814_20-09728_HIV09-02843_FL30_S2_L000_read_94_count_1     24.05%    passed     99.98%
 420  200814_20-09728_HIV09-02843_FL30_S2_L000_read_95_count_1     24.05%    passed     97.81%
 421  200814_20-09728_HIV09-02843_FL30_S2_L000_read_96_count_1     24.68%    passed     99.95%
 422  200814_20-09728_HIV09-02843_FL30_S2_L000_read_97_count_1     24.05%    passed     98.90%
 423  200814_20-09728_HIV09-02843_FL30_S2_L000_read_98_count_1     24.05%    passed     91.80%
 424  200814_20-09728_HIV09-02843_FL30_S2_L000_read_99_count_1     24.05%    passed     99.55%
 425  200814_20-09728_HIV09-02843_FL30_S2_L000_read_100_count_1    24.05%    passed     98.78%
 426  200814_20-09728_HIV09-02843_FL30_S2_L000_read_101_count_1    25.95%    passed     97.46%
 427  200814_20-09728_HIV09-02843_FL30_S2_L000_read_102_count_1    24.05%    passed     98.72%
 428  200814_20-09728_HIV09-02843_FL30_S2_L000_read_103_count_1    24.05%    passed     64.03%
 429  200814_20-09728_HIV09-02843_FL30_S2_L000_read_104_count_1    24.05%    passed     99.55%
 430  200814_20-09728_HIV09-02843_FL30_S2_L000_read_105_count_1    24.05%    passed     98.07%
 431  200814_20-09728_HIV09-02843_FL30_S2_L000_read_106_count_1    24.05%    passed     99.59%
 432  200814_20-09728_HIV09-02843_FL30_S2_L000_read_107_count_1    24.05%    passed     97.32%
 433  200814_20-09728_HIV09-02843_FL30_S2_L000_read_108_count_1    24.05%    passed     97.81%
 434  200814_20-09728_HIV09-02843_FL30_S2_L000_read_109_count_1    24.05%    passed     99.59%
 435  200814_20-09728_HIV09-02843_FL30_S2_L000_read_110_count_1    24.05%    passed     98.17%
 436  200814_20-09728_HIV09-02843_FL30_S2_L000_read_111_count_1    24.05%    passed     98.72%
 437  200814_20-09728_HIV09-02843_FL30_S2_L000_read_112_count_1    24.05%    passed     97.81%
 438  200814_20-09728_HIV09-02843_FL30_S2_L000_read_113_count_1    22.15%    passed     98.06%
 439  200814_20-09728_HIV09-02843_FL30_S2_L000_read_114_count_1    24.05%    passed     99.19%
 440  200814_20-09728_HIV09-02843_FL30_S2_L000_read_115_count_1    24.05%    passed     98.90%
 441  200814_20-09728_HIV09-02843_FL30_S2_L000_read_116_count_1    24.05%    passed     95.00%
 442  200814_20-09728_HIV09-02843_FL30_S2_L000_read_117_count_1    24.05%    passed     99.19%
 443  200814_20-09728_HIV09-02843_FL30_S2_L000_read_118_count_1    24.05%    passed     93.88%
 444  200814_20-09728_HIV09-02843_FL30_S2_L000_read_119_count_1    24.05%    passed     99.59%
 445  200814_20-09728_HIV09-02843_FL30_S2_L000_read_120_count_1    24.05%    passed     95.00%
 446  200814_20-09728_HIV09-02843_FL30_S2_L000_read_121_count_1    24.05%    passed     98.55%
 447  200814_20-09728_HIV09-02843_FL30_S2_L000_read_122_count_1    24.05%    passed     99.79%
 448  200814_20-09728_HIV09-02843_FL30_S2_L000_read_123_count_1    24.05%    passed     99.19%
 449  200814_20-09728_HIV09-02843_FL30_S2_L000_read_124_count_1    24.05%    passed     95.45%
 450  200814_20-09728_HIV09-02843_FL30_S2_L000_read_125_count_1    24.05%    passed     99.98%
 451  200814_20-09728_HIV09-02843_FL30_S2_L000_read_126_count_1    24.05%    passed     99.79%
 452  200814_20-09728_HIV09-02843_FL30_S2_L000_read_127_count_1    24.05%    passed     98.55%
 453  200814_20-09728_HIV09-02843_FL30_S2_L000_read_128_count_1    24.05%    passed     97.71%
 454  200814_20-09728_HIV09-02843_FL30_S2_L000_read_129_count_1    24.05%    passed     96.34%
 455  200814_20-09728_HIV09-02843_FL30_S2_L000_read_130_count_1    24.05%    passed     99.75%
 456  200724_20-08522_HIV11-02415_FL24_S18_L000_read_1_count_387   24.05%    passed     99.19%
 457  200724_20-08522_HIV11-02415_FL24_S18_L000_read_2_count_159   24.05%    passed     99.24%
 458  200724_20-08522_HIV11-02415_FL24_S18_L000_read_3_count_34    24.05%    passed     94.90%
 459  200724_20-08522_HIV11-02415_FL24_S18_L000_read_4_count_29    24.05%    passed     94.81%
 460  200724_20-08522_HIV11-02415_FL24_S18_L000_read_5_count_15    24.05%    passed     99.98%
 461  200724_20-08522_HIV11-02415_FL24_S18_L000_read_6_count_11    24.05%    passed     97.71%
 462  200724_20-08522_HIV11-02415_FL24_S18_L000_read_7_count_10    24.05%    passed     99.19%
 463  200724_20-08522_HIV11-02415_FL24_S18_L000_read_8_count_10    24.05%    passed     99.19%
 464  200724_20-08522_HIV11-02415_FL24_S18_L000_read_9_count_9     24.05%    passed     99.98%
 465  200724_20-08522_HIV11-02415_FL24_S18_L000_read_10_count_8    24.05%    passed     99.19%
 466  200724_20-08522_HIV11-02415_FL24_S18_L000_read_11_count_7    24.05%    passed     97.71%
 467  200724_20-08522_HIV11-02415_FL24_S18_L000_read_12_count_6    24.05%    passed     97.71%
 468  200724_20-08522_HIV11-02415_FL24_S18_L000_read_13_count_6    24.05%    passed     99.19%
 469  200724_20-08522_HIV11-02415_FL24_S18_L000_read_14_count_5    24.05%    passed     95.08%
 470  200724_20-08522_HIV11-02415_FL24_S18_L000_read_15_count_4    24.05%    passed     99.98%
 471  200724_20-08522_HIV11-02415_FL24_S18_L000_read_16_count_3    24.05%    passed     97.71%
 472  200724_20-08522_HIV11-02415_FL24_S18_L000_read_17_count_3    24.05%    passed     99.24%
 473  200724_20-08522_HIV11-02415_FL24_S18_L000_read_18_count_3    24.05%    passed     98.78%
 474  200724_20-08522_HIV11-02415_FL24_S18_L000_read_19_count_3    24.05%    passed     98.07%
 475  200724_20-08522_HIV11-02415_FL24_S18_L000_read_20_count_3    24.05%    passed     99.55%
 476  200724_20-08522_HIV11-02415_FL24_S18_L000_read_21_count_3    24.05%    passed     99.24%
 477  200724_20-08522_HIV11-02415_FL24_S18_L000_read_22_count_2    24.05%    passed     99.24%
 478  200724_20-08522_HIV11-02415_FL24_S18_L000_read_23_count_2    24.05%    passed     99.24%
 479  200724_20-08522_HIV11-02415_FL24_S18_L000_read_24_count_2    24.05%    passed     92.65%
 480  200724_20-08522_HIV11-02415_FL24_S18_L000_read_25_count_2    24.05%    passed     99.24%
 481  200724_20-08522_HIV11-02415_FL24_S18_L000_read_26_count_2    24.05%    passed     95.12%
 482  200724_20-08522_HIV11-02415_FL24_S18_L000_read_27_count_2    24.05%    passed     99.79%
 483  200724_20-08522_HIV11-02415_FL24_S18_L000_read_28_count_2    24.05%    passed     94.81%
 484  200724_20-08522_HIV11-02415_FL24_S18_L000_read_29_count_2    24.05%    passed     99.24%
 485  200724_20-08522_HIV11-02415_FL24_S18_L000_read_30_count_2    24.05%    passed     99.75%
 486  200724_20-08522_HIV11-02415_FL24_S18_L000_read_31_count_2    24.05%    passed     99.19%
 487  200724_20-08522_HIV11-02415_FL24_S18_L000_read_32_count_2    24.05%    passed     99.24%
 488  200724_20-08522_HIV11-02415_FL24_S18_L000_read_33_count_2    24.05%    passed     99.24%
 489  200724_20-08522_HIV11-02415_FL24_S18_L000_read_34_count_2    24.05%    passed     99.75%
 490  200724_20-08522_HIV11-02415_FL24_S18_L000_read_35_count_2    24.05%    passed     99.79%
 491  200724_20-08522_HIV11-02415_FL24_S18_L000_read_36_count_2    24.05%    passed     98.07%
 492  200724_20-08522_HIV11-02415_FL24_S18_L000_read_37_count_2    24.05%    passed     99.19%
 493  200724_20-08522_HIV11-02415_FL24_S18_L000_read_38_count_2    24.05%    passed     99.55%
 494  200724_20-08522_HIV11-02415_FL24_S18_L000_read_39_count_2    24.05%    passed     97.91%
 495  200724_20-08522_HIV11-02415_FL24_S18_L000_read_40_count_2    24.05%    passed     95.12%
 496  200724_20-08522_HIV11-02415_FL24_S18_L000_read_41_count_2    24.05%    passed     99.24%
 497  200724_20-08522_HIV11-02415_FL24_S18_L000_read_42_count_2    24.05%    passed     99.55%
 498  200724_20-08522_HIV11-02415_FL24_S18_L000_read_43_count_2    24.05%    passed     98.03%
 499  200724_20-08522_HIV11-02415_FL24_S18_L000_read_44_count_2    24.05%    passed     99.24%
 500  200724_20-08522_HIV11-02415_FL24_S18_L000_read_45_count_2    24.05%    passed     99.98%
 501  200724_20-08522_HIV11-02415_FL24_S18_L000_read_46_count_1    24.05%    passed     99.75%
 502  200724_20-08522_HIV11-02415_FL24_S18_L000_read_47_count_1    24.05%    passed     97.91%
 503  200724_20-08522_HIV11-02415_FL24_S18_L000_read_48_count_1    24.05%    passed     98.39%
 504  200724_20-08522_HIV11-02415_FL24_S18_L000_read_49_count_1    24.05%    passed     94.90%
 505  200724_20-08522_HIV11-02415_FL24_S18_L000_read_50_count_1    24.05%    passed     98.78%
 506  200724_20-08522_HIV11-02415_FL24_S18_L000_read_51_count_1    24.05%    passed     99.79%
 507  200724_20-08522_HIV11-02415_FL24_S18_L000_read_52_count_1    24.05%    passed     99.98%
 508  200724_20-08522_HIV11-02415_FL24_S18_L000_read_53_count_1    24.05%    passed     94.81%
 509  200724_20-08522_HIV11-02415_FL24_S18_L000_read_54_count_1    24.05%    passed     98.78%
 510  200724_20-08522_HIV11-02415_FL24_S18_L000_read_55_count_1    23.42%    passed     91.29%
 511  200724_20-08522_HIV11-02415_FL24_S18_L000_read_56_count_1    24.05%    passed     99.98%
 512  200724_20-08522_HIV11-02415_FL24_S18_L000_read_57_count_1    24.05%    passed     97.45%
 513  200724_20-08522_HIV11-02415_FL24_S18_L000_read_58_count_1    23.42%    passed     98.44%
 514  200724_20-08522_HIV11-02415_FL24_S18_L000_read_59_count_1    24.05%    passed     97.77%
 515  200724_20-08522_HIV11-02415_FL24_S18_L000_read_60_count_1    24.05%    passed     97.71%
 516  200724_20-08522_HIV11-02415_FL24_S18_L000_read_61_count_1    24.05%    passed     92.92%
 517  200724_20-08522_HIV11-02415_FL24_S18_L000_read_62_count_1    24.05%    passed     99.19%
 518  200724_20-08522_HIV11-02415_FL24_S18_L000_read_63_count_1    24.05%    passed     99.24%
 519  200724_20-08522_HIV11-02415_FL24_S18_L000_read_64_count_1    24.05%    passed     98.78%
 520  200724_20-08522_HIV11-02415_FL24_S18_L000_read_65_count_1    24.05%    passed     96.06%
 521  200724_20-08522_HIV11-02415_FL24_S18_L000_read_66_count_1    24.05%    passed     99.98%
 522  200724_20-08522_HIV11-02415_FL24_S18_L000_read_67_count_1    24.05%    passed     99.73%
 523  200724_20-08522_HIV11-02415_FL24_S18_L000_read_68_count_1    24.05%    passed     97.71%
 524  200724_20-08522_HIV11-02415_FL24_S18_L000_read_69_count_1    24.05%    passed     97.91%
 525  200724_20-08522_HIV11-02415_FL24_S18_L000_read_70_count_1    24.05%    passed     99.24%
 526  200724_20-08522_HIV11-02415_FL24_S18_L000_read_71_count_1    24.05%    passed     99.19%
 527  200724_20-08522_HIV11-02415_FL24_S18_L000_read_72_count_1    24.05%    passed     90.15%
 528  200724_20-08522_HIV11-02415_FL24_S18_L000_read_73_count_1    24.05%    passed     97.77%
 529  200724_20-08522_HIV11-02415_FL24_S18_L000_read_74_count_1    24.05%    passed     97.32%
 530  200724_20-08522_HIV11-02415_FL24_S18_L000_read_75_count_1    24.05%    passed     95.12%
 531  200724_20-08522_HIV11-02415_FL24_S18_L000_read_76_count_1    24.05%    passed     92.65%
 532  200724_20-08522_HIV11-02415_FL24_S18_L000_read_77_count_1    24.05%    passed     92.10%
 533  200724_20-08522_HIV11-02415_FL24_S18_L000_read_78_count_1    24.05%    passed     97.71%
 534  200724_20-08522_HIV11-02415_FL24_S18_L000_read_79_count_1    24.05%    passed     98.39%
 535  200724_20-08522_HIV11-02415_FL24_S18_L000_read_80_count_1    24.05%    passed     92.10%
 536  200724_20-08522_HIV11-02415_FL24_S18_L000_read_81_count_1    24.05%    passed     99.24%
 537  200724_20-08522_HIV11-02415_FL24_S18_L000_read_82_count_1    24.05%    passed     99.73%
 538  200724_20-08522_HIV11-02415_FL24_S18_L000_read_83_count_1    24.05%    passed     96.06%
 539  200724_20-08522_HIV11-02415_FL24_S18_L000_read_84_count_1    24.05%    passed     98.39%
 540  200724_20-08522_HIV11-02415_FL24_S18_L000_read_85_count_1    24.05%    passed     99.79%
 541  200724_20-08522_HIV11-02415_FL24_S18_L000_read_86_count_1    24.05%    passed     99.98%
 542  200724_20-08522_HIV11-02415_FL24_S18_L000_read_87_count_1    24.05%    passed     99.24%
 543  200724_20-08522_HIV11-02415_FL24_S18_L000_read_88_count_1    24.05%    passed     95.12%
 544  200724_20-08522_HIV11-02415_FL24_S18_L000_read_89_count_1    24.05%    passed     98.78%
 545  200724_20-08522_HIV11-02415_FL24_S18_L000_read_90_count_1    24.05%    passed     99.73%
 546  200724_20-08522_HIV11-02415_FL24_S18_L000_read_91_count_1    24.05%    passed     99.24%
 547  200724_20-08522_HIV11-02415_FL24_S18_L000_read_92_count_1    24.05%    passed     99.24%
 548  200724_20-08522_HIV11-02415_FL24_S18_L000_read_93_count_1    24.05%    passed     99.24%
 549  200724_20-08522_HIV11-02415_FL24_S18_L000_read_94_count_1    24.05%    passed     92.65%
 550  200724_20-08522_HIV11-02415_FL24_S18_L000_read_95_count_1    24.05%    passed     95.82%
 551  200724_20-08522_HIV11-02415_FL24_S18_L000_read_96_count_1    24.05%    passed     99.98%
 552  200724_20-08522_HIV11-02415_FL24_S18_L000_read_97_count_1    24.05%    passed     99.19%
 553  200724_20-08522_HIV11-02415_FL24_S18_L000_read_98_count_1    24.05%    passed     97.91%
 554  200724_20-08522_HIV11-02415_FL24_S18_L000_read_99_count_1    24.05%    passed     95.12%
 555  200724_20-08522_HIV11-02415_FL24_S18_L000_read_100_count_1   24.05%    passed     99.19%
 556  200724_20-08522_HIV11-02415_FL24_S18_L000_read_101_count_1   24.05%    passed     92.65%
 557  200724_20-08522_HIV11-02415_FL24_S18_L000_read_102_count_1   24.05%    passed     99.79%
 558  200724_20-08522_HIV11-02415_FL24_S18_L000_read_103_count_1   24.05%    passed     98.78%
 559  200724_20-08522_HIV11-02415_FL24_S18_L000_read_104_count_1   24.05%    passed     97.71%
 560  200724_20-08522_HIV11-02415_FL24_S18_L000_read_105_count_1   24.05%    passed     97.77%
 561  200724_20-08522_HIV11-02415_FL24_S18_L000_read_106_count_1   24.05%    passed     99.35%
 562  200724_20-08522_HIV11-02415_FL24_S18_L000_read_107_count_1   24.05%    passed     98.39%
 563  200724_20-08522_HIV11-02415_FL24_S18_L000_read_108_count_1   24.05%    passed     93.88%
 564  200724_20-08522_HIV11-02415_FL24_S18_L000_read_109_count_1   24.05%    passed     98.39%
 565  200724_20-08522_HIV11-02415_FL24_S18_L000_read_110_count_1   24.05%    passed     99.24%
 566  200724_20-08522_HIV11-02415_FL24_S18_L000_read_111_count_1   24.05%    passed     98.39%
 567  200724_20-08522_HIV11-02415_FL24_S18_L000_read_112_count_1   24.05%    passed     92.65%
 568  200724_20-08522_HIV11-02415_FL24_S18_L000_read_113_count_1   24.05%    passed     97.71%
 569  200724_20-08522_HIV11-02415_FL24_S18_L000_read_114_count_1   24.05%    passed     99.24%
 570  200724_20-08522_HIV11-02415_FL24_S18_L000_read_115_count_1   24.05%    passed     90.15%
 571  200724_20-08522_HIV11-02415_FL24_S18_L000_read_116_count_1   24.05%    passed     99.24%
 572  200724_20-08522_HIV11-02415_FL24_S18_L000_read_117_count_1   24.05%    passed     97.77%
 573  200724_20-08522_HIV11-02415_FL24_S18_L000_read_118_count_1   24.05%    passed     99.55%
 574  200724_20-08522_HIV11-02415_FL24_S18_L000_read_119_count_1   24.05%    passed     98.78%
 575  200724_20-08522_HIV11-02415_FL24_S18_L000_read_120_count_1   23.42%    passed     99.10%
 576  200724_20-08522_HIV11-02415_FL24_S18_L000_read_121_count_1   24.05%    passed     97.77%
 577  200724_20-08522_HIV11-02415_FL24_S18_L000_read_122_count_1   24.05%    passed     97.71%
 578  200724_20-08522_HIV11-02415_FL24_S18_L000_read_123_count_1   24.05%    passed     99.98%
 579  200724_20-08522_HIV11-02415_FL24_S18_L000_read_124_count_1   24.05%    passed     98.78%
 580  200724_20-08522_HIV11-02415_FL24_S18_L000_read_125_count_1   24.05%    passed     98.03%
 581  200724_20-08522_HIV11-02415_FL24_S18_L000_read_126_count_1   24.05%    passed     99.35%
 582  200724_20-08522_HIV11-02415_FL24_S18_L000_read_127_count_1   24.05%    passed     95.69%
 583  200724_20-08522_HIV11-02415_FL24_S18_L000_read_128_count_1   24.05%    passed     91.49%
 584  200724_20-08522_HIV11-02415_FL24_S18_L000_read_129_count_1   24.05%    passed     97.91%
 585  200724_20-08522_HIV11-02415_FL24_S18_L000_read_130_count_1   23.42%    passed     93.66%
 586  200724_20-08522_HIV11-02415_FL24_S18_L000_read_131_count_1   24.05%    passed     98.55%
 587  200724_20-08522_HIV11-02415_FL24_S18_L000_read_132_count_1   24.05%    passed     99.79%
 588  200724_20-08522_HIV11-02415_FL24_S18_L000_read_133_count_1   24.05%    passed     98.78%
 589  200724_20-08522_HIV11-02415_FL24_S18_L000_read_134_count_1   24.05%    passed     97.91%
 590  200724_20-08522_HIV11-02415_FL24_S18_L000_read_135_count_1   24.05%    passed     97.45%
 591  200724_20-08522_HIV11-02415_FL24_S18_L000_read_136_count_1   24.05%    passed     97.71%
 592  200724_20-08522_HIV11-02415_FL24_S18_L000_read_137_count_1   24.05%    passed     94.81%
 593  200724_20-08522_HIV11-02415_FL24_S18_L000_read_138_count_1   24.05%    passed     90.15%
 594  200724_20-08522_HIV11-02415_FL24_S18_L000_read_139_count_1   24.05%    passed     99.98%
 595  200724_20-08522_HIV11-02415_FL24_S18_L000_read_140_count_1   24.05%    passed     98.03%
 596  200724_20-08522_HIV11-02415_FL24_S18_L000_read_141_count_1   24.05%    passed     94.81%
 597  200724_20-08522_HIV11-02415_FL24_S18_L000_read_142_count_1   24.05%    passed     98.39%
 598  200724_20-08522_HIV11-02415_FL24_S18_L000_read_143_count_1   24.05%    passed     98.39%
 599  200724_20-08522_HIV11-02415_FL24_S18_L000_read_144_count_1   24.05%    passed     98.55%
 600  200724_20-08522_HIV11-02415_FL24_S18_L000_read_145_count_1   24.05%    passed     97.45%
 601  200724_20-08522_HIV11-02415_FL24_S18_L000_read_146_count_1   24.05%    passed     99.79%
 602  200724_20-08522_HIV11-02415_FL24_S18_L000_read_147_count_1   24.05%    passed     97.77%
 603  200724_20-08522_HIV11-02415_FL24_S18_L000_read_148_count_1   24.05%    passed     98.55%
 604  200724_20-08522_HIV11-02415_FL24_S18_L000_read_149_count_1   24.05%    passed     99.24%
 605  200724_20-08522_HIV11-02415_FL24_S18_L000_read_150_count_1   20.25%    passed     99.49%
 606  200724_20-08522_HIV11-02415_FL24_S18_L000_read_151_count_1   24.05%    passed     97.45%
 607  200724_20-08522_HIV11-02415_FL24_S18_L000_read_152_count_1   24.05%    passed     99.24%
 608  200724_20-08522_HIV11-02415_FL24_S18_L000_read_153_count_1   23.42%    passed     98.41%
 609  200724_20-08522_HIV11-02415_FL24_S18_L000_read_154_count_1   24.05%    passed     99.79%
 610  200724_20-08522_HIV11-02415_FL24_S18_L000_read_155_count_1   24.05%    passed     99.73%
 611  200724_20-08522_HIV11-02415_FL24_S18_L000_read_156_count_1   24.05%    passed     95.12%
 612  200724_20-08522_HIV11-02415_FL24_S18_L000_read_157_count_1   24.05%    passed     97.77%
 613  200724_20-08522_HIV11-02415_FL24_S18_L000_read_158_count_1   24.05%    passed     99.24%
 614  200724_20-08522_HIV11-02415_FL24_S18_L000_read_159_count_1   24.05%    passed     99.98%
 615  200724_20-08522_HIV11-02415_FL24_S18_L000_read_160_count_1   24.68%    passed     99.05%
 616  200724_20-08522_HIV11-02415_FL24_S18_L000_read_161_count_1   24.05%    passed     97.71%
 617  200724_20-08522_HIV11-02415_FL24_S18_L000_read_162_count_1   24.05%    passed     99.55%
 618  200724_20-08522_HIV11-02415_FL24_S18_L000_read_163_count_1   24.05%    passed     95.12%
 619  200724_20-08522_HIV11-02415_FL24_S18_L000_read_164_count_1   24.05%    passed     91.49%
 620  200724_20-08522_HIV11-02415_FL24_S18_L000_read_165_count_1   24.68%    passed     94.14%
 621  200724_20-08522_HIV11-02415_FL24_S18_L000_read_166_count_1   24.05%    passed     94.52%
 622  200724_20-08522_HIV11-02415_FL24_S18_L000_read_167_count_1   24.05%    passed     94.47%
 623  B.FR.83.HXB2_LAI_IIIB_BRU.K03455                             24.05%    passed     99.55%
 624  C.BW.00.00BW07621.AF443088                                   24.05%    passed     84.19%
****  TOTAL                                                        23.93%  0 sequences failed composition chi2 test (p-value<5%; df=3)
NOTE: B.FR.83.HXB2_LAI_IIIB_BRU.K03455 is identical to 200724_20-08518_HIV10-02405_FL24_S14_L000_read_6_count_13 but kept for subsequent analysis
Checking for duplicate sequences: done in 0.00157684 secs using 230.8% CPU

Create initial parsimony tree by phylogenetic likelihood library (PLL)... 0.057 seconds

NOTE: 17 MB RAM (0 GB) is required!
WARNING: Number of threads seems too high for short alignments. Use -T AUTO to determine best number of threads.
Estimate model parameters (epsilon = 0.100)
1. Initial log-likelihood: -4638.546
2. Current log-likelihood: -4514.965
3. Current log-likelihood: -4513.835
4. Current log-likelihood: -4513.035
5. Current log-likelihood: -4511.251
6. Current log-likelihood: -4509.543
Optimal log-likelihood: -4509.461
Rate parameters:  A-C: 0.99627  A-G: 1.42902  A-T: 0.53228  C-G: 0.20935  C-T: 2.55095  G-T: 1.00000
Base frequencies:  A: 0.375  C: 0.151  G: 0.302  T: 0.172
Site proportion and rates:  (0.060,0.511) (0.157,0.534) (0.233,0.575) (0.258,0.868) (0.284,1.693) (0.009,5.452)
Parameters optimization took 6 rounds (4.642 sec)
Wrote distance file to... 
Computing ML distances based on estimated model parameters...
Calculating distance matrix: done in 0.94646 secs using 199.9% CPU
Computing ML distances took 0.947671 sec (of wall-clock time) 1.893292 sec (of CPU time)
Setting up auxiliary I and S matrices: done in 0.0059993 secs using 197.6% CPU
Constructing RapidNJ tree: done in 0.29024 secs using 142.4% CPU
Computing RapidNJ tree took 0.296409 sec (of wall-clock time) 0.425291 sec (of CPU time)
Log-likelihood of RapidNJ tree: -4475.498
--------------------------------------------------------------------
|             INITIALIZING CANDIDATE TREE SET                      |
--------------------------------------------------------------------
Generating 98 parsimony trees... 5.909 second
Computing log-likelihood of 98 initial trees ... 5.570 seconds
Current best score: -4475.498

Do NNI search on 20 best initial trees
Optimizing NNI: done in 0.670549 secs using 196.6% CPU
Estimate model parameters (epsilon = 0.100)
BETTER TREE FOUND at iteration 1: -4450.711
Optimizing NNI: done in 0.776205 secs using 197.9% CPU
Optimizing NNI: done in 0.775175 secs using 196% CPU
Optimizing NNI: done in 0.774012 secs using 196.1% CPU
Optimizing NNI: done in 0.929909 secs using 198.9% CPU
Optimizing NNI: done in 0.934575 secs using 195.8% CPU
Optimizing NNI: done in 1.13724 secs using 196.9% CPU
Optimizing NNI: done in 0.798102 secs using 198.6% CPU
Optimizing NNI: done in 0.783797 secs using 196.3% CPU
Optimizing NNI: done in 0.76398 secs using 197.2% CPU
Iteration 10 / LogL: -4488.642 / Time: 0h:0m:28s
Optimizing NNI: done in 1.12296 secs using 195.7% CPU
Optimizing NNI: done in 0.781046 secs using 198.2% CPU
Optimizing NNI: done in 0.667452 secs using 198.3% CPU
Optimizing NNI: done in 0.781668 secs using 195% CPU
Optimizing NNI: done in 0.648549 secs using 194.7% CPU
Optimizing NNI: done in 0.959733 secs using 199.1% CPU
Optimizing NNI: done in 0.931826 secs using 196% CPU
Optimizing NNI: done in 0.821588 secs using 195.7% CPU
Optimizing NNI: done in 0.922816 secs using 196.9% CPU
Optimizing NNI: done in 1.10631 secs using 194.4% CPU
Iteration 20 / LogL: -4496.901 / Time: 0h:0m:37s
Finish initializing candidate tree set (20)
Current best tree score: -4450.711 / CPU time: 31.116
Number of iterations: 20
--------------------------------------------------------------------
|               OPTIMIZING CANDIDATE TREE SET                      |
--------------------------------------------------------------------
Optimizing NNI: done in 1.11643 secs using 196.3% CPU
Optimizing NNI: done in 1.7462 secs using 197.3% CPU
Optimizing NNI: done in 1.40905 secs using 197.9% CPU
Optimizing NNI: done in 1.38817 secs using 195% CPU
Optimizing NNI: done in 1.24397 secs using 197.6% CPU
Optimizing NNI: done in 1.18199 secs using 197.5% CPU
Optimizing NNI: done in 1.35949 secs using 197.3% CPU
Optimizing NNI: done in 1.32939 secs using 196.5% CPU
Optimizing NNI: done in 1.03415 secs using 196.7% CPU
Optimizing NNI: done in 0.913249 secs using 198.9% CPU
Iteration 30 / LogL: -4466.986 / Time: 0h:0m:50s (0h:2m:4s left)
Optimizing NNI: done in 0.9499 secs using 196.8% CPU
Optimizing NNI: done in 1.22134 secs using 195.9% CPU
Optimizing NNI: done in 1.22264 secs using 196.1% CPU
Optimizing NNI: done in 1.10437 secs using 196.6% CPU
Optimizing NNI: done in 1.04915 secs using 196.4% CPU
Optimizing NNI: done in 0.976056 secs using 196.3% CPU
Optimizing NNI: done in 1.35888 secs using 198% CPU
Estimate model parameters (epsilon = 0.100)
BETTER TREE FOUND at iteration 37: -4448.854
Optimizing NNI: done in 1.38788 secs using 196.5% CPU
Optimizing NNI: done in 0.864079 secs using 196.7% CPU
Optimizing NNI: done in 1.20343 secs using 198.3% CPU
Iteration 40 / LogL: -4463.106 / Time: 0h:1m:4s (0h:2m:39s left)
Optimizing NNI: done in 1.21453 secs using 196.7% CPU
Optimizing NNI: done in 1.12582 secs using 195.9% CPU
Optimizing NNI: done in 1.00746 secs using 197.6% CPU
Optimizing NNI: done in 1.01846 secs using 199.7% CPU
Optimizing NNI: done in 1.18881 secs using 197.5% CPU
Estimate model parameters (epsilon = 0.100)
BETTER TREE FOUND at iteration 45: -4448.501
Optimizing NNI: done in 1.33046 secs using 197.7% CPU
Estimate model parameters (epsilon = 0.100)
BETTER TREE FOUND at iteration 46: -4448.296
Optimizing NNI: done in 0.850873 secs using 195.9% CPU
Optimizing NNI: done in 1.13975 secs using 196.1% CPU
Optimizing NNI: done in 1.037 secs using 195.3% CPU
Optimizing NNI: done in 0.891104 secs using 195% CPU
Estimate model parameters (epsilon = 0.100)
BETTER TREE FOUND at iteration 50: -4446.478
Iteration 50 / LogL: -4446.478 / Time: 0h:1m:19s (0h:2m:41s left)
Optimizing NNI: done in 0.863485 secs using 198% CPU
Optimizing NNI: done in 1.21411 secs using 196.2% CPU
Optimizing NNI: done in 0.903874 secs using 194.2% CPU
Optimizing NNI: done in 1.36858 secs using 196.9% CPU
Optimizing NNI: done in 1.09125 secs using 197.5% CPU
Optimizing NNI: done in 1.04349 secs using 195.4% CPU
Optimizing NNI: done in 0.968415 secs using 196.6% CPU
Optimizing NNI: done in 0.857938 secs using 196.5% CPU
Optimizing NNI: done in 0.879872 secs using 198.6% CPU
Optimizing NNI: done in 1.10416 secs using 194.9% CPU
Iteration 60 / LogL: -4460.437 / Time: 0h:1m:30s (0h:2m:17s left)
Optimizing NNI: done in 0.962996 secs using 195.9% CPU
Optimizing NNI: done in 1.14383 secs using 193.7% CPU
Optimizing NNI: done in 1.08131 secs using 197.9% CPU
Optimizing NNI: done in 1.05641 secs using 196.5% CPU
Optimizing NNI: done in 1.13935 secs using 198.6% CPU
Optimizing NNI: done in 1.1243 secs using 197.8% CPU
Optimizing NNI: done in 0.999923 secs using 196.7% CPU
Optimizing NNI: done in 1.11047 secs using 198.3% CPU
Optimizing NNI: done in 1.09638 secs using 197.3% CPU
Optimizing NNI: done in 0.769488 secs using 195.5% CPU
Iteration 70 / LogL: -4478.255 / Time: 0h:1m:41s (0h:1m:57s left)
Optimizing NNI: done in 1.04336 secs using 197.2% CPU
Optimizing NNI: done in 1.10973 secs using 197.2% CPU
Optimizing NNI: done in 0.906996 secs using 198.2% CPU
Optimizing NNI: done in 0.879286 secs using 196.4% CPU
Optimizing NNI: done in 1.16409 secs using 198.6% CPU
Optimizing NNI: done in 0.975045 secs using 197.6% CPU
Optimizing NNI: done in 1.02088 secs using 198.2% CPU
Optimizing NNI: done in 1.03234 secs using 198.3% CPU
Optimizing NNI: done in 1.12127 secs using 197% CPU
Optimizing NNI: done in 1.32324 secs using 198.2% CPU
Iteration 80 / LogL: -4451.129 / Time: 0h:1m:52s (0h:1m:39s left)
Optimizing NNI: done in 1.06466 secs using 197.9% CPU
Estimate model parameters (epsilon = 0.100)
BETTER TREE FOUND at iteration 81: -4444.600
Optimizing NNI: done in 0.782827 secs using 198.4% CPU
Optimizing NNI: done in 1.28173 secs using 197.5% CPU
Optimizing NNI: done in 1.03534 secs using 196.9% CPU
Optimizing NNI: done in 1.4594 secs using 197.5% CPU
Optimizing NNI: done in 1.13964 secs using 196.7% CPU
Optimizing NNI: done in 1.09837 secs using 197.1% CPU
Optimizing NNI: done in 1.28648 secs using 198.1% CPU
Optimizing NNI: done in 1.05667 secs using 196.4% CPU
Optimizing NNI: done in 1.3275 secs using 197.8% CPU
Iteration 90 / LogL: -4462.396 / Time: 0h:2m:5s (0h:2m:8s left)
Optimizing NNI: done in 1.02737 secs using 193.7% CPU
Optimizing NNI: done in 1.07908 secs using 195.5% CPU
Optimizing NNI: done in 0.961578 secs using 198.5% CPU
Optimizing NNI: done in 1.28777 secs using 196.5% CPU
Optimizing NNI: done in 0.931923 secs using 195.1% CPU
Optimizing NNI: done in 1.09242 secs using 198.4% CPU
Optimizing NNI: done in 1.04546 secs using 194% CPU
Optimizing NNI: done in 1.09078 secs using 196% CPU
Optimizing NNI: done in 1.02815 secs using 196.4% CPU
Optimizing NNI: done in 1.3609 secs using 196% CPU
Iteration 100 / LogL: -4444.877 / Time: 0h:2m:16s (0h:1m:51s left)
Optimizing NNI: done in 0.771803 secs using 196.7% CPU
Optimizing NNI: done in 1.2037 secs using 196.6% CPU
Optimizing NNI: done in 0.881452 secs using 196.5% CPU
Optimizing NNI: done in 0.937023 secs using 198.8% CPU
Optimizing NNI: done in 1.30459 secs using 197.4% CPU
Optimizing NNI: done in 1.01438 secs using 198.8% CPU
Optimizing NNI: done in 1.04878 secs using 197.1% CPU
Optimizing NNI: done in 0.981257 secs using 195.6% CPU
Optimizing NNI: done in 1.06529 secs using 194.2% CPU
Optimizing NNI: done in 1.05745 secs using 196.6% CPU
Iteration 110 / LogL: -4461.757 / Time: 0h:2m:27s (0h:1m:36s left)
Optimizing NNI: done in 1.17783 secs using 195.7% CPU
Optimizing NNI: done in 1.28301 secs using 197.2% CPU
Optimizing NNI: done in 1.14381 secs using 198.5% CPU
Optimizing NNI: done in 1.11301 secs using 198.6% CPU
Optimizing NNI: done in 1.21886 secs using 196.7% CPU
Optimizing NNI: done in 1.11595 secs using 195.9% CPU
Optimizing NNI: done in 1.15535 secs using 198.9% CPU
Optimizing NNI: done in 1.24782 secs using 198% CPU
Optimizing NNI: done in 1.03764 secs using 197% CPU
Optimizing NNI: done in 0.999421 secs using 196.7% CPU
Iteration 120 / LogL: -4468.045 / Time: 0h:2m:39s (0h:1m:21s left)
Optimizing NNI: done in 1.0872 secs using 194.8% CPU
Optimizing NNI: done in 1.11512 secs using 197% CPU
Optimizing NNI: done in 0.978078 secs using 196.9% CPU
Optimizing NNI: done in 1.20518 secs using 197.8% CPU
Optimizing NNI: done in 1.28919 secs using 196.7% CPU
Optimizing NNI: done in 0.877071 secs using 195.2% CPU
Optimizing NNI: done in 1.28161 secs using 198.3% CPU
Optimizing NNI: done in 1.29622 secs using 198.7% CPU
Optimizing NNI: done in 0.880123 secs using 196.3% CPU
Optimizing NNI: done in 1.11793 secs using 196.5% CPU
Iteration 130 / LogL: -4457.077 / Time: 0h:2m:51s (0h:1m:7s left)
Optimizing NNI: done in 1.0351 secs using 195.7% CPU
Optimizing NNI: done in 1.09646 secs using 195.9% CPU
Optimizing NNI: done in 1.23052 secs using 196.8% CPU
Optimizing NNI: done in 1.26372 secs using 197.7% CPU
Optimizing NNI: done in 0.939785 secs using 196.1% CPU
Optimizing NNI: done in 1.1634 secs using 198.6% CPU
Optimizing NNI: done in 1.44212 secs using 197.6% CPU
Optimizing NNI: done in 1.00072 secs using 197.8% CPU
Optimizing NNI: done in 1.26581 secs using 195% CPU
Optimizing NNI: done in 1.13667 secs using 196.3% CPU
Iteration 140 / LogL: -4451.647 / Time: 0h:3m:3s (0h:0m:54s left)
Optimizing NNI: done in 0.893319 secs using 194.9% CPU
Optimizing NNI: done in 1.04641 secs using 198.1% CPU
Optimizing NNI: done in 1.23796 secs using 195.5% CPU
Optimizing NNI: done in 1.29319 secs using 197.6% CPU
Optimizing NNI: done in 0.919873 secs using 197.7% CPU
Optimizing NNI: done in 1.50547 secs using 197.4% CPU
Optimizing NNI: done in 1.0399 secs using 196.1% CPU
Optimizing NNI: done in 0.973066 secs using 197.3% CPU
Optimizing NNI: done in 1.00961 secs using 196.5% CPU
Optimizing NNI: done in 0.872479 secs using 197.5% CPU
Iteration 150 / LogL: -4458.545 / Time: 0h:3m:15s (0h:0m:40s left)
Optimizing NNI: done in 1.17213 secs using 196.8% CPU
Optimizing NNI: done in 1.10812 secs using 196.3% CPU
Optimizing NNI: done in 1.03983 secs using 196.8% CPU
Optimizing NNI: done in 1.01062 secs using 197.2% CPU
Optimizing NNI: done in 1.09814 secs using 196.4% CPU
Optimizing NNI: done in 0.919617 secs using 196.8% CPU
Optimizing NNI: done in 1.02222 secs using 195.7% CPU
Optimizing NNI: done in 0.918708 secs using 197% CPU
Optimizing NNI: done in 1.00902 secs using 197.4% CPU
Optimizing NNI: done in 0.770238 secs using 198.5% CPU
Iteration 160 / LogL: -4455.588 / Time: 0h:3m:25s (0h:0m:27s left)
Optimizing NNI: done in 0.903512 secs using 197.2% CPU
Optimizing NNI: done in 0.952399 secs using 198.1% CPU
Optimizing NNI: done in 1.13766 secs using 196.3% CPU
Optimizing NNI: done in 1.4111 secs using 196.5% CPU
Optimizing NNI: done in 1.31943 secs using 196.6% CPU
Optimizing NNI: done in 0.996365 secs using 197.4% CPU
Optimizing NNI: done in 1.01876 secs using 197.2% CPU
Optimizing NNI: done in 1.10353 secs using 198.2% CPU
Optimizing NNI: done in 0.916712 secs using 197.2% CPU
Optimizing NNI: done in 1.01304 secs using 197.8% CPU
Iteration 170 / LogL: -4456.937 / Time: 0h:3m:37s (0h:0m:14s left)
Optimizing NNI: done in 1.00706 secs using 196% CPU
Optimizing NNI: done in 1.04789 secs using 196.9% CPU
Optimizing NNI: done in 1.02097 secs using 197% CPU
Optimizing NNI: done in 1.16987 secs using 198.6% CPU
Optimizing NNI: done in 1.10206 secs using 198.6% CPU
Optimizing NNI: done in 0.894656 secs using 196.4% CPU
Optimizing NNI: done in 1.25552 secs using 198.6% CPU
Estimate model parameters (epsilon = 0.100)
BETTER TREE FOUND at iteration 177: -4443.428
Optimizing NNI: done in 1.1675 secs using 196.4% CPU
Optimizing NNI: done in 0.779903 secs using 194.2% CPU
Optimizing NNI: done in 1.42019 secs using 194.6% CPU
Iteration 180 / LogL: -4447.677 / Time: 0h:3m:50s (0h:2m:4s left)
Optimizing NNI: done in 0.917076 secs using 193.1% CPU
Optimizing NNI: done in 1.13491 secs using 197.5% CPU
Optimizing NNI: done in 1.30359 secs using 196.5% CPU
Optimizing NNI: done in 0.859322 secs using 196.2% CPU
Optimizing NNI: done in 1.34181 secs using 196.5% CPU
Estimate model parameters (epsilon = 0.100)
BETTER TREE FOUND at iteration 185: -4440.805
Optimizing NNI: done in 0.907184 secs using 194.6% CPU
Optimizing NNI: done in 1.19974 secs using 197.3% CPU
Optimizing NNI: done in 0.916886 secs using 197.1% CPU
Optimizing NNI: done in 0.912874 secs using 194.1% CPU
Optimizing NNI: done in 0.915449 secs using 197.2% CPU
Iteration 190 / LogL: -4452.003 / Time: 0h:4m:2s (0h:2m:1s left)
Optimizing NNI: done in 1.14799 secs using 196.8% CPU
Optimizing NNI: done in 0.866088 secs using 195.9% CPU
Optimizing NNI: done in 1.40551 secs using 196.9% CPU
Optimizing NNI: done in 0.925377 secs using 198% CPU
Optimizing NNI: done in 0.92674 secs using 196.1% CPU
Optimizing NNI: done in 1.07601 secs using 195.8% CPU
Optimizing NNI: done in 1.06494 secs using 195.7% CPU
Optimizing NNI: done in 1.34334 secs using 197.5% CPU
Optimizing NNI: done in 0.764899 secs using 196.5% CPU
Optimizing NNI: done in 1.14459 secs using 197.1% CPU
Iteration 200 / LogL: -4447.639 / Time: 0h:4m:13s (0h:1m:48s left)
Optimizing NNI: done in 1.34885 secs using 197.7% CPU
Optimizing NNI: done in 1.23881 secs using 196.7% CPU
Optimizing NNI: done in 1.18914 secs using 195% CPU
Optimizing NNI: done in 1.16372 secs using 198.2% CPU
Optimizing NNI: done in 0.977616 secs using 198.1% CPU
Optimizing NNI: done in 0.938189 secs using 197.9% CPU
Optimizing NNI: done in 0.975594 secs using 197.4% CPU
Optimizing NNI: done in 1.07383 secs using 196.7% CPU
Optimizing NNI: done in 1.51123 secs using 196.4% CPU
Optimizing NNI: done in 1.29631 secs using 195.5% CPU
Iteration 210 / LogL: -4445.444 / Time: 0h:4m:25s (0h:1m:35s left)
Optimizing NNI: done in 1.27522 secs using 197.1% CPU
Optimizing NNI: done in 0.913335 secs using 195.8% CPU
Optimizing NNI: done in 1.24361 secs using 197.7% CPU
Optimizing NNI: done in 1.03247 secs using 197.6% CPU
Optimizing NNI: done in 1.00755 secs using 196.5% CPU
Optimizing NNI: done in 1.23182 secs using 197.4% CPU
Optimizing NNI: done in 1.10264 secs using 197.9% CPU
Optimizing NNI: done in 1.40112 secs using 197.6% CPU
Optimizing NNI: done in 0.763524 secs using 196.9% CPU
Optimizing NNI: done in 0.949031 secs using 199.4% CPU
Iteration 220 / LogL: -4447.878 / Time: 0h:4m:37s (0h:1m:22s left)
Optimizing NNI: done in 0.739411 secs using 197.8% CPU
Optimizing NNI: done in 0.996475 secs using 195.9% CPU
Optimizing NNI: done in 0.999895 secs using 198.3% CPU
Optimizing NNI: done in 1.20933 secs using 197.5% CPU
Optimizing NNI: done in 0.891722 secs using 196.8% CPU
Optimizing NNI: done in 0.897825 secs using 197.9% CPU
Optimizing NNI: done in 0.899324 secs using 196.9% CPU
Optimizing NNI: done in 1.25943 secs using 195.9% CPU
Optimizing NNI: done in 1.26231 secs using 197.9% CPU
Optimizing NNI: done in 1.25758 secs using 196% CPU
Iteration 230 / LogL: -4442.586 / Time: 0h:4m:48s (0h:1m:9s left)
Optimizing NNI: done in 1.05123 secs using 196.6% CPU
Optimizing NNI: done in 0.987828 secs using 197.5% CPU
Optimizing NNI: done in 0.771356 secs using 196.9% CPU
Optimizing NNI: done in 1.29752 secs using 196.1% CPU
Optimizing NNI: done in 1.36551 secs using 197.5% CPU
Optimizing NNI: done in 1.24355 secs using 195.1% CPU
Optimizing NNI: done in 1.14951 secs using 196.6% CPU
Optimizing NNI: done in 0.904094 secs using 195.9% CPU
Optimizing NNI: done in 1.11161 secs using 197.1% CPU
Optimizing NNI: done in 1.30184 secs using 198% CPU
Iteration 240 / LogL: -4449.183 / Time: 0h:5m:0s (0h:0m:56s left)
Optimizing NNI: done in 0.753867 secs using 198.1% CPU
Optimizing NNI: done in 1.12871 secs using 198.1% CPU
Optimizing NNI: done in 0.906196 secs using 198.7% CPU
Optimizing NNI: done in 0.743392 secs using 196.3% CPU
Optimizing NNI: done in 0.854247 secs using 196.4% CPU
Optimizing NNI: done in 1.00969 secs using 197.3% CPU
Optimizing NNI: done in 1.07367 secs using 197.9% CPU
Optimizing NNI: done in 1.29245 secs using 199.3% CPU
Estimate model parameters (epsilon = 0.100)
BETTER TREE FOUND at iteration 248: -4440.424
Optimizing NNI: done in 1.33397 secs using 195.6% CPU
Optimizing NNI: done in 1.18814 secs using 197.1% CPU
Iteration 250 / LogL: -4444.201 / Time: 0h:5m:11s (0h:2m:2s left)
Optimizing NNI: done in 1.35074 secs using 195.6% CPU
Optimizing NNI: done in 0.939618 secs using 198.2% CPU
Optimizing NNI: done in 0.919606 secs using 198.2% CPU
Optimizing NNI: done in 1.62127 secs using 197.8% CPU
Optimizing NNI: done in 0.985855 secs using 196.5% CPU
Optimizing NNI: done in 1.13645 secs using 197.4% CPU
Optimizing NNI: done in 1.31504 secs using 197.3% CPU
Optimizing NNI: done in 0.865954 secs using 196% CPU
Optimizing NNI: done in 0.725356 secs using 196.4% CPU
Optimizing NNI: done in 0.915415 secs using 199% CPU
Iteration 260 / LogL: -4447.088 / Time: 0h:5m:23s (0h:1m:49s left)
Optimizing NNI: done in 1.01965 secs using 197.2% CPU
Optimizing NNI: done in 1.11354 secs using 195.8% CPU
Optimizing NNI: done in 1.0704 secs using 196.3% CPU
Optimizing NNI: done in 1.27228 secs using 195.8% CPU
Optimizing NNI: done in 0.893202 secs using 198.3% CPU
Optimizing NNI: done in 0.890923 secs using 197.3% CPU
Optimizing NNI: done in 1.2748 secs using 195.2% CPU
Optimizing NNI: done in 1.13999 secs using 195.7% CPU
Optimizing NNI: done in 1.26593 secs using 197.5% CPU
Optimizing NNI: done in 1.05819 secs using 196.3% CPU
Iteration 270 / LogL: -4448.950 / Time: 0h:5m:34s (0h:1m:37s left)
Optimizing NNI: done in 1.25829 secs using 197.5% CPU
Optimizing NNI: done in 0.737049 secs using 197% CPU
Optimizing NNI: done in 0.736135 secs using 197.2% CPU
Optimizing NNI: done in 1.01038 secs using 198.5% CPU
Optimizing NNI: done in 0.870397 secs using 197.8% CPU
Optimizing NNI: done in 0.898094 secs using 197.8% CPU
Optimizing NNI: done in 1.13321 secs using 198.6% CPU
Optimizing NNI: done in 0.785619 secs using 198.1% CPU
Optimizing NNI: done in 0.877097 secs using 197% CPU
Optimizing NNI: done in 0.907137 secs using 197.3% CPU
Iteration 280 / LogL: -4460.984 / Time: 0h:5m:44s (0h:1m:23s left)
Optimizing NNI: done in 0.771198 secs using 197.9% CPU
Optimizing NNI: done in 1.06318 secs using 197.3% CPU
Optimizing NNI: done in 1.25314 secs using 198.5% CPU
Optimizing NNI: done in 1.03481 secs using 197.3% CPU
Optimizing NNI: done in 1.16755 secs using 197.2% CPU
Optimizing NNI: done in 1.18168 secs using 195.6% CPU
Optimizing NNI: done in 0.901109 secs using 196.6% CPU
Optimizing NNI: done in 1.07825 secs using 196.7% CPU
Optimizing NNI: done in 1.26146 secs using 196.2% CPU
Optimizing NNI: done in 1.1457 secs using 196.2% CPU
Iteration 290 / LogL: -4446.419 / Time: 0h:5m:56s (0h:1m:11s left)
Optimizing NNI: done in 0.899474 secs using 196.8% CPU
Optimizing NNI: done in 0.930512 secs using 195.8% CPU
Optimizing NNI: done in 1.27011 secs using 197.2% CPU
Optimizing NNI: done in 1.03279 secs using 197.9% CPU
Optimizing NNI: done in 0.89179 secs using 196.8% CPU
Optimizing NNI: done in 1.06284 secs using 196.6% CPU
Optimizing NNI: done in 1.40784 secs using 197.1% CPU
Optimizing NNI: done in 0.914189 secs using 197.1% CPU
Optimizing NNI: done in 1.00203 secs using 196.5% CPU
Optimizing NNI: done in 1.01648 secs using 197.6% CPU
Iteration 300 / LogL: -4448.607 / Time: 0h:6m:7s (0h:0m:58s left)
Optimizing NNI: done in 0.891787 secs using 197.3% CPU
Optimizing NNI: done in 0.77245 secs using 197.3% CPU
Optimizing NNI: done in 1.12785 secs using 196.8% CPU
Optimizing NNI: done in 0.866995 secs using 197.8% CPU
Optimizing NNI: done in 0.849703 secs using 197.8% CPU
Optimizing NNI: done in 1.21384 secs using 197.8% CPU
Optimizing NNI: done in 1.03202 secs using 196.9% CPU
Optimizing NNI: done in 0.723484 secs using 197.7% CPU
Optimizing NNI: done in 1.00305 secs using 196.8% CPU
Optimizing NNI: done in 1.21006 secs using 197.1% CPU
Iteration 310 / LogL: -4446.528 / Time: 0h:6m:17s (0h:0m:46s left)
Optimizing NNI: done in 1.04179 secs using 197% CPU
Optimizing NNI: done in 1.03674 secs using 198.3% CPU
Optimizing NNI: done in 0.974198 secs using 196.8% CPU
Optimizing NNI: done in 0.75957 secs using 198.3% CPU
Optimizing NNI: done in 1.15724 secs using 196.7% CPU
Optimizing NNI: done in 1.05191 secs using 197.6% CPU
Optimizing NNI: done in 1.15415 secs using 197.3% CPU
Optimizing NNI: done in 1.09723 secs using 198% CPU
Optimizing NNI: done in 1.14827 secs using 198.1% CPU
Optimizing NNI: done in 1.15518 secs using 197.6% CPU
Iteration 320 / LogL: -4456.868 / Time: 0h:6m:28s (0h:0m:34s left)
Optimizing NNI: done in 1.07233 secs using 195.4% CPU
Optimizing NNI: done in 1.35067 secs using 198.3% CPU
Optimizing NNI: done in 0.898126 secs using 196% CPU
Optimizing NNI: done in 0.907859 secs using 195.9% CPU
Optimizing NNI: done in 1.02585 secs using 194.3% CPU
Estimate model parameters (epsilon = 0.100)
BETTER TREE FOUND at iteration 325: -4438.711
Optimizing NNI: done in 1.00807 secs using 195.2% CPU
Optimizing NNI: done in 1.065 secs using 197.1% CPU
Optimizing NNI: done in 1.18915 secs using 196.1% CPU
Optimizing NNI: done in 1.02489 secs using 196.6% CPU
Optimizing NNI: done in 0.890246 secs using 197.8% CPU
Iteration 330 / LogL: -4447.250 / Time: 0h:6m:40s (0h:1m:55s left)
Optimizing NNI: done in 1.21783 secs using 197.1% CPU
Optimizing NNI: done in 0.854102 secs using 196.8% CPU
Optimizing NNI: done in 1.0439 secs using 195.3% CPU
Optimizing NNI: done in 1.06218 secs using 197% CPU
Optimizing NNI: done in 0.754767 secs using 197.4% CPU
Optimizing NNI: done in 1.07126 secs using 198.4% CPU
Optimizing NNI: done in 0.910023 secs using 194.9% CPU
Optimizing NNI: done in 0.821344 secs using 195.9% CPU
Optimizing NNI: done in 0.965095 secs using 196.4% CPU
Optimizing NNI: done in 1.49196 secs using 198.1% CPU
Iteration 340 / LogL: -4455.023 / Time: 0h:6m:51s (0h:1m:43s left)
Optimizing NNI: done in 1.32013 secs using 196.9% CPU
Optimizing NNI: done in 1.23764 secs using 195.9% CPU
Optimizing NNI: done in 0.902659 secs using 198.3% CPU
Optimizing NNI: done in 0.788588 secs using 197.8% CPU
Optimizing NNI: done in 0.750346 secs using 197.8% CPU
Optimizing NNI: done in 0.873833 secs using 197.8% CPU
Optimizing NNI: done in 0.918008 secs using 197.5% CPU
Optimizing NNI: done in 1.03367 secs using 196.6% CPU
Optimizing NNI: done in 1.12873 secs using 198.4% CPU
Optimizing NNI: done in 1.2434 secs using 198.3% CPU
Iteration 350 / LogL: -4446.425 / Time: 0h:7m:1s (0h:1m:30s left)
Optimizing NNI: done in 1.06662 secs using 197.3% CPU
Optimizing NNI: done in 0.87491 secs using 197.6% CPU
Optimizing NNI: done in 1.01236 secs using 196.2% CPU
Optimizing NNI: done in 1.04078 secs using 196.8% CPU
Optimizing NNI: done in 1.20025 secs using 196.2% CPU
Optimizing NNI: done in 1.10356 secs using 197.4% CPU
Optimizing NNI: done in 1.1255 secs using 196.9% CPU
Optimizing NNI: done in 0.899899 secs using 198% CPU
Optimizing NNI: done in 0.921039 secs using 196.2% CPU
Optimizing NNI: done in 0.87054 secs using 195.9% CPU
Iteration 360 / LogL: -4452.313 / Time: 0h:7m:12s (0h:1m:18s left)
Optimizing NNI: done in 1.02715 secs using 196.9% CPU
Optimizing NNI: done in 1.21949 secs using 197.3% CPU
Optimizing NNI: done in 1.03182 secs using 196.4% CPU
Optimizing NNI: done in 1.01584 secs using 198% CPU
Optimizing NNI: done in 0.932781 secs using 196.7% CPU
Optimizing NNI: done in 1.14711 secs using 196.8% CPU
Optimizing NNI: done in 1.0424 secs using 196.1% CPU
Optimizing NNI: done in 0.911332 secs using 195.9% CPU
Optimizing NNI: done in 1.15078 secs using 195.4% CPU
Optimizing NNI: done in 0.765184 secs using 196.5% CPU
Iteration 370 / LogL: -4463.422 / Time: 0h:7m:23s (0h:1m:6s left)
Optimizing NNI: done in 0.889999 secs using 196% CPU
Optimizing NNI: done in 1.0508 secs using 198.1% CPU
Optimizing NNI: done in 1.13919 secs using 197.5% CPU
Optimizing NNI: done in 1.08153 secs using 195.7% CPU
Optimizing NNI: done in 1.29071 secs using 196.2% CPU
Optimizing NNI: done in 0.852238 secs using 196.6% CPU
Optimizing NNI: done in 1.00927 secs using 195.3% CPU
Optimizing NNI: done in 1.06816 secs using 197.3% CPU
Optimizing NNI: done in 0.744032 secs using 196% CPU
Optimizing NNI: done in 0.915017 secs using 196.4% CPU
Iteration 380 / LogL: -4454.042 / Time: 0h:7m:33s (0h:0m:53s left)
Optimizing NNI: done in 0.897587 secs using 196.1% CPU
Optimizing NNI: done in 1.01838 secs using 198.1% CPU
Optimizing NNI: done in 0.913515 secs using 196.6% CPU
Optimizing NNI: done in 0.883171 secs using 197.3% CPU
Optimizing NNI: done in 0.880081 secs using 196.7% CPU
Optimizing NNI: done in 1.00434 secs using 195.9% CPU
Optimizing NNI: done in 1.16828 secs using 195.5% CPU
Optimizing NNI: done in 0.875588 secs using 194% CPU
Optimizing NNI: done in 1.00618 secs using 196.9% CPU
Optimizing NNI: done in 0.989912 secs using 197.2% CPU
Iteration 390 / LogL: -4447.648 / Time: 0h:7m:44s (0h:0m:41s left)
Optimizing NNI: done in 0.875646 secs using 198.1% CPU
Optimizing NNI: done in 0.881688 secs using 195.1% CPU
Optimizing NNI: done in 0.892926 secs using 197.6% CPU
Optimizing NNI: done in 0.914104 secs using 195.6% CPU
Optimizing NNI: done in 1.03352 secs using 197.4% CPU
Optimizing NNI: done in 1.02037 secs using 195.5% CPU
Optimizing NNI: done in 0.879076 secs using 197.3% CPU
Optimizing NNI: done in 0.824307 secs using 194.1% CPU
Optimizing NNI: done in 0.841096 secs using 196% CPU
Optimizing NNI: done in 1.11936 secs using 195.7% CPU
Iteration 400 / LogL: -4460.531 / Time: 0h:7m:53s (0h:0m:29s left)
Optimizing NNI: done in 1.11061 secs using 197.4% CPU
Optimizing NNI: done in 1.07963 secs using 197.3% CPU
Optimizing NNI: done in 0.882185 secs using 197.7% CPU
Optimizing NNI: done in 1.20575 secs using 196.8% CPU
Optimizing NNI: done in 0.836659 secs using 196.9% CPU
Optimizing NNI: done in 1.00617 secs using 196.5% CPU
Optimizing NNI: done in 0.88216 secs using 195.6% CPU
Optimizing NNI: done in 0.983832 secs using 197.1% CPU
Optimizing NNI: done in 1.03006 secs using 198.1% CPU
Optimizing NNI: done in 0.992493 secs using 196.2% CPU
Iteration 410 / LogL: -4442.557 / Time: 0h:8m:4s (0h:0m:17s left)
Optimizing NNI: done in 1.17437 secs using 196.6% CPU
Optimizing NNI: done in 0.860371 secs using 197.6% CPU
Optimizing NNI: done in 0.870818 secs using 197.3% CPU
Optimizing NNI: done in 1.17273 secs using 194.8% CPU
Optimizing NNI: done in 0.597004 secs using 195.7% CPU
Optimizing NNI: done in 0.961806 secs using 194.7% CPU
Optimizing NNI: done in 1.01671 secs using 194.7% CPU
Optimizing NNI: done in 1.11817 secs using 197.9% CPU
Optimizing NNI: done in 1.08232 secs using 197.8% CPU
Optimizing NNI: done in 1.10358 secs using 195.3% CPU
Iteration 420 / LogL: -4452.003 / Time: 0h:8m:15s (0h:0m:5s left)
Optimizing NNI: done in 1.16168 secs using 197.7% CPU
Optimizing NNI: done in 1.04409 secs using 198.7% CPU
Optimizing NNI: done in 1.0751 secs using 197.8% CPU
Optimizing NNI: done in 1.15477 secs using 197.6% CPU
Optimizing NNI: done in 0.996505 secs using 197% CPU
Optimizing NNI: done in 1.21965 secs using 197.6% CPU
TREE SEARCH COMPLETED AFTER 426 ITERATIONS / Time: 0h:8m:22s

--------------------------------------------------------------------
|                    FINALIZING TREE SEARCH                        |
--------------------------------------------------------------------
Performs final model parameters optimization
Estimate model parameters (epsilon = 0.010)
1. Initial log-likelihood: -4438.711
Optimal log-likelihood: -4438.707
Rate parameters:  A-C: 0.89520  A-G: 1.22141  A-T: 0.26259  C-G: 0.09646  C-T: 2.31777  G-T: 1.00000
Base frequencies:  A: 0.375  C: 0.151  G: 0.302  T: 0.172
Site proportion and rates:  (0.065,0.418) (0.164,0.422) (0.213,0.611) (0.394,1.000) (0.156,2.199) (0.009,4.170)
Parameters optimization took 1 rounds (0.661 sec)
BEST SCORE FOUND : -4438.707
Total tree length: 5.726

Total number of iterations: 426
CPU time used for tree search: 952.481 sec (0h:15m:52s)
Wall-clock time used for tree search: 495.674 sec (0h:8m:15s)
Total CPU time used: 966.147 sec (0h:16m:6s)
Total wall-clock time used: 502.756 sec (0h:8m:22s)

Analysis results written to: 
  IQ-TREE report:                IQTREE_bestTree.InWindow_2280_to_2530.iqtree
  Maximum-likelihood tree:       IQTREE_bestTree.InWindow_2280_to_2530.treefile
  Likelihood distances:          IQTREE_bestTree.InWindow_2280_to_2530.mldist
  Screen log file:               IQTREE_bestTree.InWindow_2280_to_2530.log

Date and Time: Tue Jul 25 09:02:52 2023
