IQ-TREE multicore version 2.2.2.7 COVID-edition for Linux 64-bit built Jun  7 2023
Developed by Bui Quang Minh, James Barbetti, Nguyen Lam Tung,
Olga Chernomor, Heiko Schmidt, Dominik Schrempf, Michael Woodhams, Ly Trong Nhan.

Host:    hpc-node03 (AVX2, FMA3, 1007 GB RAM)
Command: iqtree -s AlignedReadsInWindow_PositionsExcised_2260_to_2510.fasta -pre IQTREE_bestTree.InWindow_2260_to_2510 -m GTR+F+R6 -nt 4
Seed:    578071 (Using SPRNG - Scalable Parallel Random Number Generator)
Time:    Sun Jul 23 01:40:03 2023
Kernel:  AVX+FMA - 4 threads (4 CPU cores detected)

Reading alignment file AlignedReadsInWindow_PositionsExcised_2260_to_2510.fasta ... Fasta format detected
Reading fasta file: done in 0.00465702 secs using 89.74% CPU
Alignment most likely contains DNA/RNA sequences
Constructing alignment: done in 0.00151319 secs using 99.92% CPU
Alignment has 650 sequences with 169 columns, 154 distinct patterns
111 parsimony-informative, 20 singleton sites, 38 constant sites
                                                            Gap/Ambiguity  Composition  p-value
Analyzing sequences: done in 0.0138379 secs using 245% CPU
   1  200724_20-08522_HIV11-02415_FL24_S18_L000_read_1_count_351   20.71%    passed     99.41%
   2  200724_20-08522_HIV11-02415_FL24_S18_L000_read_2_count_142   20.71%    passed     99.58%
   3  200724_20-08522_HIV11-02415_FL24_S18_L000_read_3_count_36    20.71%    passed     96.71%
   4  200724_20-08522_HIV11-02415_FL24_S18_L000_read_4_count_28    20.71%    passed     97.00%
   5  200724_20-08522_HIV11-02415_FL24_S18_L000_read_5_count_19    20.71%    passed     96.71%
   6  200724_20-08522_HIV11-02415_FL24_S18_L000_read_6_count_12    20.71%    passed     99.41%
   7  200724_20-08522_HIV11-02415_FL24_S18_L000_read_7_count_11    20.71%    passed     99.99%
   8  200724_20-08522_HIV11-02415_FL24_S18_L000_read_8_count_10    20.71%    passed     99.99%
   9  200724_20-08522_HIV11-02415_FL24_S18_L000_read_9_count_9     20.71%    passed     99.41%
  10  200724_20-08522_HIV11-02415_FL24_S18_L000_read_10_count_9    20.71%    passed     99.41%
  11  200724_20-08522_HIV11-02415_FL24_S18_L000_read_11_count_9    20.71%    passed     97.88%
  12  200724_20-08522_HIV11-02415_FL24_S18_L000_read_12_count_5    20.71%    passed     99.41%
  13  200724_20-08522_HIV11-02415_FL24_S18_L000_read_13_count_5    20.71%    passed     97.44%
  14  200724_20-08522_HIV11-02415_FL24_S18_L000_read_14_count_4    20.71%    passed     89.57%
  15  200724_20-08522_HIV11-02415_FL24_S18_L000_read_15_count_4    20.71%    passed     97.88%
  16  200724_20-08522_HIV11-02415_FL24_S18_L000_read_16_count_4    20.71%    passed     99.99%
  17  200724_20-08522_HIV11-02415_FL24_S18_L000_read_17_count_3    20.71%    passed     92.09%
  18  200724_20-08522_HIV11-02415_FL24_S18_L000_read_18_count_3    20.71%    passed     98.62%
  19  200724_20-08522_HIV11-02415_FL24_S18_L000_read_19_count_3    20.71%    passed     99.58%
  20  200724_20-08522_HIV11-02415_FL24_S18_L000_read_20_count_3    20.71%    passed     98.46%
  21  200724_20-08522_HIV11-02415_FL24_S18_L000_read_21_count_3    20.71%    passed     94.55%
  22  200724_20-08522_HIV11-02415_FL24_S18_L000_read_22_count_3    20.71%    passed     98.95%
  23  200724_20-08522_HIV11-02415_FL24_S18_L000_read_23_count_3    20.71%    passed     99.58%
  24  200724_20-08522_HIV11-02415_FL24_S18_L000_read_24_count_3    20.71%    passed     99.77%
  25  200724_20-08522_HIV11-02415_FL24_S18_L000_read_25_count_3    20.71%    passed     99.49%
  26  200724_20-08522_HIV11-02415_FL24_S18_L000_read_26_count_2    20.71%    passed     96.71%
  27  200724_20-08522_HIV11-02415_FL24_S18_L000_read_27_count_2    20.71%    passed     99.58%
  28  200724_20-08522_HIV11-02415_FL24_S18_L000_read_28_count_2    20.71%    passed     99.49%
  29  200724_20-08522_HIV11-02415_FL24_S18_L000_read_29_count_2    20.71%    passed     99.41%
  30  200724_20-08522_HIV11-02415_FL24_S18_L000_read_30_count_2    20.71%    passed     98.09%
  31  200724_20-08522_HIV11-02415_FL24_S18_L000_read_31_count_2    20.71%    passed     96.82%
  32  200724_20-08522_HIV11-02415_FL24_S18_L000_read_32_count_2    20.71%    passed     99.49%
  33  200724_20-08522_HIV11-02415_FL24_S18_L000_read_33_count_2    20.71%    passed     96.38%
  34  200724_20-08522_HIV11-02415_FL24_S18_L000_read_34_count_2    20.71%    passed     96.38%
  35  200724_20-08522_HIV11-02415_FL24_S18_L000_read_35_count_2    20.71%    passed     99.99%
  36  200724_20-08522_HIV11-02415_FL24_S18_L000_read_36_count_2    20.71%    passed     96.38%
  37  200724_20-08522_HIV11-02415_FL24_S18_L000_read_37_count_2    20.71%    passed     97.00%
  38  200724_20-08522_HIV11-02415_FL24_S18_L000_read_38_count_2    20.71%    passed     99.58%
  39  200724_20-08522_HIV11-02415_FL24_S18_L000_read_39_count_2    20.71%    passed     99.58%
  40  200724_20-08522_HIV11-02415_FL24_S18_L000_read_40_count_2    20.71%    passed     96.38%
  41  200724_20-08522_HIV11-02415_FL24_S18_L000_read_41_count_2    20.71%    passed     99.58%
  42  200724_20-08522_HIV11-02415_FL24_S18_L000_read_42_count_2    20.71%    passed     98.95%
  43  200724_20-08522_HIV11-02415_FL24_S18_L000_read_43_count_2    20.71%    passed     99.58%
  44  200724_20-08522_HIV11-02415_FL24_S18_L000_read_44_count_2    20.71%    passed     99.99%
  45  200724_20-08522_HIV11-02415_FL24_S18_L000_read_45_count_1    20.71%    passed     99.11%
  46  200724_20-08522_HIV11-02415_FL24_S18_L000_read_46_count_1    20.71%    passed     98.16%
  47  200724_20-08522_HIV11-02415_FL24_S18_L000_read_47_count_1    20.71%    passed     97.88%
  48  200724_20-08522_HIV11-02415_FL24_S18_L000_read_48_count_1    20.71%    passed     99.63%
  49  200724_20-08522_HIV11-02415_FL24_S18_L000_read_49_count_1    20.71%    passed     81.49%
  50  200724_20-08522_HIV11-02415_FL24_S18_L000_read_50_count_1    20.71%    passed     99.41%
  51  200724_20-08522_HIV11-02415_FL24_S18_L000_read_51_count_1    20.71%    passed     99.41%
  52  200724_20-08522_HIV11-02415_FL24_S18_L000_read_52_count_1    20.71%    passed     99.86%
  53  200724_20-08522_HIV11-02415_FL24_S18_L000_read_53_count_1    21.30%    passed     96.39%
  54  200724_20-08522_HIV11-02415_FL24_S18_L000_read_54_count_1    20.71%    passed     93.26%
  55  200724_20-08522_HIV11-02415_FL24_S18_L000_read_55_count_1    20.71%    passed     99.41%
  56  200724_20-08522_HIV11-02415_FL24_S18_L000_read_56_count_1    20.71%    passed     98.95%
  57  200724_20-08522_HIV11-02415_FL24_S18_L000_read_57_count_1    20.71%    passed     99.58%
  58  200724_20-08522_HIV11-02415_FL24_S18_L000_read_58_count_1    20.71%    passed     96.71%
  59  200724_20-08522_HIV11-02415_FL24_S18_L000_read_59_count_1    20.71%    passed     99.99%
  60  200724_20-08522_HIV11-02415_FL24_S18_L000_read_60_count_1    20.71%    passed     97.00%
  61  200724_20-08522_HIV11-02415_FL24_S18_L000_read_61_count_1    20.71%    passed     97.44%
  62  200724_20-08522_HIV11-02415_FL24_S18_L000_read_62_count_1    20.71%    passed     99.48%
  63  200724_20-08522_HIV11-02415_FL24_S18_L000_read_63_count_1    20.71%    passed     99.58%
  64  200724_20-08522_HIV11-02415_FL24_S18_L000_read_64_count_1    20.71%    passed     98.76%
  65  200724_20-08522_HIV11-02415_FL24_S18_L000_read_65_count_1    20.71%    passed     94.55%
  66  200724_20-08522_HIV11-02415_FL24_S18_L000_read_66_count_1    20.71%    passed     99.41%
  67  200724_20-08522_HIV11-02415_FL24_S18_L000_read_67_count_1    20.71%    passed     98.46%
  68  200724_20-08522_HIV11-02415_FL24_S18_L000_read_68_count_1    20.71%    passed     99.77%
  69  200724_20-08522_HIV11-02415_FL24_S18_L000_read_69_count_1    20.71%    passed     96.38%
  70  200724_20-08522_HIV11-02415_FL24_S18_L000_read_70_count_1    20.71%    passed     99.58%
  71  200724_20-08522_HIV11-02415_FL24_S18_L000_read_71_count_1    20.71%    passed     93.26%
  72  200724_20-08522_HIV11-02415_FL24_S18_L000_read_72_count_1    20.71%    passed     99.86%
  73  200724_20-08522_HIV11-02415_FL24_S18_L000_read_73_count_1    20.71%    passed     93.40%
  74  200724_20-08522_HIV11-02415_FL24_S18_L000_read_74_count_1    20.71%    passed     97.44%
  75  200724_20-08522_HIV11-02415_FL24_S18_L000_read_75_count_1    20.71%    passed     99.58%
  76  200724_20-08522_HIV11-02415_FL24_S18_L000_read_76_count_1    20.71%    passed     98.95%
  77  200724_20-08522_HIV11-02415_FL24_S18_L000_read_77_count_1    20.71%    passed     98.46%
  78  200724_20-08522_HIV11-02415_FL24_S18_L000_read_78_count_1    20.71%    passed     95.66%
  79  200724_20-08522_HIV11-02415_FL24_S18_L000_read_79_count_1    20.71%    passed     99.99%
  80  200724_20-08522_HIV11-02415_FL24_S18_L000_read_80_count_1    17.16%    passed     99.39%
  81  200724_20-08522_HIV11-02415_FL24_S18_L000_read_81_count_1    20.71%    passed     96.38%
  82  200724_20-08522_HIV11-02415_FL24_S18_L000_read_82_count_1    20.71%    passed     99.58%
  83  200724_20-08522_HIV11-02415_FL24_S18_L000_read_83_count_1    20.71%    passed     98.95%
  84  200724_20-08522_HIV11-02415_FL24_S18_L000_read_84_count_1    20.71%    passed     99.41%
  85  200724_20-08522_HIV11-02415_FL24_S18_L000_read_85_count_1    20.71%    passed     99.11%
  86  200724_20-08522_HIV11-02415_FL24_S18_L000_read_86_count_1    20.71%    passed     99.58%
  87  200724_20-08522_HIV11-02415_FL24_S18_L000_read_87_count_1    20.71%    passed     99.58%
  88  200724_20-08522_HIV11-02415_FL24_S18_L000_read_88_count_1    20.12%    passed     98.60%
  89  200724_20-08522_HIV11-02415_FL24_S18_L000_read_89_count_1    20.71%    passed     99.77%
  90  200724_20-08522_HIV11-02415_FL24_S18_L000_read_90_count_1    20.71%    passed     98.16%
  91  200724_20-08522_HIV11-02415_FL24_S18_L000_read_91_count_1    20.71%    passed     97.00%
  92  200724_20-08522_HIV11-02415_FL24_S18_L000_read_92_count_1    20.71%    passed     99.63%
  93  200724_20-08522_HIV11-02415_FL24_S18_L000_read_93_count_1    20.71%    passed     99.41%
  94  200724_20-08522_HIV11-02415_FL24_S18_L000_read_94_count_1    20.71%    passed     95.54%
  95  200724_20-08522_HIV11-02415_FL24_S18_L000_read_95_count_1    20.71%    passed     93.27%
  96  200724_20-08522_HIV11-02415_FL24_S18_L000_read_96_count_1    20.71%    passed     99.41%
  97  200724_20-08522_HIV11-02415_FL24_S18_L000_read_97_count_1    20.71%    passed     96.71%
  98  200724_20-08522_HIV11-02415_FL24_S18_L000_read_98_count_1    20.71%    passed     96.38%
  99  200724_20-08522_HIV11-02415_FL24_S18_L000_read_99_count_1    20.12%    passed     98.93%
 100  200724_20-08522_HIV11-02415_FL24_S18_L000_read_100_count_1   20.71%    passed     99.58%
 101  200724_20-08522_HIV11-02415_FL24_S18_L000_read_101_count_1   20.71%    passed     98.95%
 102  200724_20-08522_HIV11-02415_FL24_S18_L000_read_102_count_1   20.71%    passed     98.62%
 103  200724_20-08522_HIV11-02415_FL24_S18_L000_read_103_count_1   20.71%    passed     99.58%
 104  200724_20-08522_HIV11-02415_FL24_S18_L000_read_104_count_1   20.71%    passed     98.16%
 105  200724_20-08522_HIV11-02415_FL24_S18_L000_read_105_count_1   20.71%    passed     94.00%
 106  200724_20-08522_HIV11-02415_FL24_S18_L000_read_106_count_1   20.71%    passed     96.38%
 107  200724_20-08522_HIV11-02415_FL24_S18_L000_read_107_count_1   20.71%    passed     97.88%
 108  200724_20-08522_HIV11-02415_FL24_S18_L000_read_108_count_1   20.71%    passed     94.68%
 109  200724_20-08522_HIV11-02415_FL24_S18_L000_read_109_count_1   20.12%    passed     99.36%
 110  200724_20-08522_HIV11-02415_FL24_S18_L000_read_110_count_1   20.71%    passed     96.38%
 111  200724_20-08522_HIV11-02415_FL24_S18_L000_read_111_count_1   20.71%    passed     99.77%
 112  200724_20-08522_HIV11-02415_FL24_S18_L000_read_112_count_1   20.71%    passed     99.41%
 113  200724_20-08522_HIV11-02415_FL24_S18_L000_read_113_count_1   20.71%    passed     99.11%
 114  200724_20-08522_HIV11-02415_FL24_S18_L000_read_114_count_1   20.71%    passed     99.11%
 115  200724_20-08522_HIV11-02415_FL24_S18_L000_read_115_count_1   20.71%    passed     99.63%
 116  200724_20-08522_HIV11-02415_FL24_S18_L000_read_116_count_1   20.71%    passed     99.99%
 117  200724_20-08522_HIV11-02415_FL24_S18_L000_read_117_count_1   20.71%    passed     99.58%
 118  200724_20-08522_HIV11-02415_FL24_S18_L000_read_118_count_1   20.71%    passed     98.95%
 119  200724_20-08522_HIV11-02415_FL24_S18_L000_read_119_count_1   20.71%    passed     99.77%
 120  200724_20-08522_HIV11-02415_FL24_S18_L000_read_120_count_1   20.71%    passed     99.86%
 121  200724_20-08522_HIV11-02415_FL24_S18_L000_read_121_count_1   20.71%    passed     99.86%
 122  200724_20-08522_HIV11-02415_FL24_S18_L000_read_122_count_1   20.71%    passed     98.62%
 123  200724_20-08522_HIV11-02415_FL24_S18_L000_read_123_count_1   20.71%    passed     98.62%
 124  200724_20-08522_HIV11-02415_FL24_S18_L000_read_124_count_1   20.71%    passed     98.76%
 125  200724_20-08522_HIV11-02415_FL24_S18_L000_read_125_count_1   20.71%    passed     99.86%
 126  200724_20-08522_HIV11-02415_FL24_S18_L000_read_126_count_1   20.71%    passed     97.13%
 127  200724_20-08522_HIV11-02415_FL24_S18_L000_read_127_count_1   20.71%    passed     98.76%
 128  200724_20-08522_HIV11-02415_FL24_S18_L000_read_128_count_1   20.71%    passed     94.55%
 129  200724_20-08522_HIV11-02415_FL24_S18_L000_read_129_count_1   20.71%    passed     93.26%
 130  200724_20-08522_HIV11-02415_FL24_S18_L000_read_130_count_1   20.71%    passed     97.88%
 131  200724_20-08522_HIV11-02415_FL24_S18_L000_read_131_count_1   20.71%    passed     98.95%
 132  200724_20-08522_HIV11-02415_FL24_S18_L000_read_132_count_1   20.71%    passed     97.44%
 133  200724_20-08522_HIV11-02415_FL24_S18_L000_read_133_count_1   20.71%    passed     98.20%
 134  200724_20-08522_HIV11-02415_FL24_S18_L000_read_134_count_1   20.71%    passed     96.71%
 135  200724_20-08522_HIV11-02415_FL24_S18_L000_read_135_count_1   20.71%    passed     99.86%
 136  200724_20-08522_HIV11-02415_FL24_S18_L000_read_136_count_1   20.71%    passed     98.16%
 137  200724_20-08522_HIV11-02415_FL24_S18_L000_read_137_count_1   20.71%    passed     99.45%
 138  200724_20-08522_HIV11-02415_FL24_S18_L000_read_138_count_1   20.71%    passed     99.77%
 139  200724_20-08522_HIV11-02415_FL24_S18_L000_read_139_count_1   20.71%    passed     94.68%
 140  200724_20-08522_HIV11-02415_FL24_S18_L000_read_140_count_1   20.71%    passed     97.44%
 141  200724_20-08522_HIV11-02415_FL24_S18_L000_read_141_count_1   20.12%    passed     94.30%
 142  200724_20-08522_HIV11-02415_FL24_S18_L000_read_142_count_1   20.71%    passed     99.11%
 143  200724_20-08522_HIV11-02415_FL24_S18_L000_read_143_count_1   20.71%    passed     99.63%
 144  200724_20-08522_HIV11-02415_FL24_S18_L000_read_144_count_1   20.12%    passed     88.74%
 145  200724_20-08522_HIV11-02415_FL24_S18_L000_read_145_count_1   20.71%    passed     97.88%
 146  200724_20-08522_HIV11-02415_FL24_S18_L000_read_146_count_1   20.71%    passed     98.16%
 147  200724_20-08522_HIV11-02415_FL24_S18_L000_read_147_count_1   20.71%    passed     98.62%
 148  200724_20-08522_HIV11-02415_FL24_S18_L000_read_148_count_1   20.71%    passed     99.58%
 149  200724_20-08522_HIV11-02415_FL24_S18_L000_read_149_count_1   20.71%    passed     99.48%
 150  200724_20-08522_HIV11-02415_FL24_S18_L000_read_150_count_1   20.71%    passed     98.16%
 151  200724_20-08522_HIV11-02415_FL24_S18_L000_read_151_count_1   20.71%    passed     99.58%
 152  200724_20-08522_HIV11-02415_FL24_S18_L000_read_152_count_1   20.71%    passed     98.62%
 153  200724_20-08522_HIV11-02415_FL24_S18_L000_read_153_count_1   20.71%    passed     97.00%
 154  200724_20-08522_HIV11-02415_FL24_S18_L000_read_154_count_1   20.71%    passed     99.99%
 155  200724_20-08522_HIV11-02415_FL24_S18_L000_read_155_count_1   20.71%    passed     98.62%
 156  200724_20-08522_HIV11-02415_FL24_S18_L000_read_156_count_1   21.30%    passed     99.51%
 157  200724_20-08522_HIV11-02415_FL24_S18_L000_read_157_count_1   20.71%    passed     98.76%
 158  200724_20-08522_HIV11-02415_FL24_S18_L000_read_158_count_1   20.71%    passed     99.41%
 159  200724_20-08522_HIV11-02415_FL24_S18_L000_read_159_count_1   20.71%    passed     96.71%
 160  200724_20-08522_HIV11-02415_FL24_S18_L000_read_160_count_1   20.71%    passed     93.98%
 161  200724_20-08522_HIV11-02415_FL24_S18_L000_read_161_count_1   20.71%    passed     99.58%
 162  200724_20-08522_HIV11-02415_FL24_S18_L000_read_162_count_1   21.30%    passed     99.76%
 163  200724_20-08522_HIV11-02415_FL24_S18_L000_read_163_count_1   20.71%    passed     98.20%
 164  200724_20-08522_HIV11-02415_FL24_S18_L000_read_164_count_1   20.71%    passed     98.95%
 165  200724_20-08522_HIV11-02415_FL24_S18_L000_read_165_count_1   20.71%    passed     96.04%
 166  200724_20-08522_HIV11-02415_FL24_S18_L000_read_166_count_1   20.71%    passed     99.58%
 167  200724_20-08522_HIV11-02415_FL24_S18_L000_read_167_count_1   20.71%    passed     97.88%
 168  200724_20-08522_HIV11-02415_FL24_S18_L000_read_168_count_1   21.30%    passed     96.08%
 169  200724_20-08522_HIV11-02415_FL24_S18_L000_read_169_count_1   20.71%    passed     99.49%
 170  200724_20-08522_HIV11-02415_FL24_S18_L000_read_170_count_1   20.71%    passed     96.38%
 171  200724_20-08522_HIV11-02415_FL24_S18_L000_read_171_count_1   20.71%    passed     96.38%
 172  200724_20-08522_HIV11-02415_FL24_S18_L000_read_172_count_1   20.71%    passed     97.44%
 173  200724_20-08522_HIV11-02415_FL24_S18_L000_read_173_count_1   20.71%    passed     98.76%
 174  200724_20-08522_HIV11-02415_FL24_S18_L000_read_174_count_1   20.71%    passed     96.71%
 175  200724_20-08522_HIV11-02415_FL24_S18_L000_read_175_count_1   20.71%    passed     97.88%
 176  200724_20-08522_HIV11-02415_FL24_S18_L000_read_176_count_1   20.71%    passed     98.95%
 177  200724_20-08522_HIV11-02415_FL24_S18_L000_read_177_count_1   20.71%    passed     96.71%
 178  200724_20-08522_HIV11-02415_FL24_S18_L000_read_178_count_1   20.71%    passed     98.95%
 179  200709_20-07994_HIV07-01067_FL21_S1_L000_read_1_count_367    20.12%    passed     99.87%
 180  200709_20-07994_HIV07-01067_FL21_S1_L000_read_2_count_153    20.12%    passed     99.65%
 181  200709_20-07994_HIV07-01067_FL21_S1_L000_read_3_count_127    20.12%    passed     97.87%
 182  200709_20-07994_HIV07-01067_FL21_S1_L000_read_4_count_47     20.12%    passed     98.11%
 183  200709_20-07994_HIV07-01067_FL21_S1_L000_read_5_count_29     20.12%    passed     98.26%
 184  200709_20-07994_HIV07-01067_FL21_S1_L000_read_6_count_11     20.12%    passed     97.34%
 185  200709_20-07994_HIV07-01067_FL21_S1_L000_read_7_count_6      20.12%    passed     99.65%
 186  200709_20-07994_HIV07-01067_FL21_S1_L000_read_8_count_5      20.12%    passed     98.28%
 187  200709_20-07994_HIV07-01067_FL21_S1_L000_read_9_count_4      20.12%    passed     99.98%
 188  200709_20-07994_HIV07-01067_FL21_S1_L000_read_10_count_4     20.12%    passed     99.87%
 189  200709_20-07994_HIV07-01067_FL21_S1_L000_read_11_count_4     20.12%    passed     98.26%
 190  200709_20-07994_HIV07-01067_FL21_S1_L000_read_12_count_2     20.12%    passed     99.65%
 191  200709_20-07994_HIV07-01067_FL21_S1_L000_read_13_count_2     20.12%    passed     99.65%
 192  200709_20-07994_HIV07-01067_FL21_S1_L000_read_14_count_2     20.12%    passed     95.72%
 193  200709_20-07994_HIV07-01067_FL21_S1_L000_read_15_count_2     20.12%    passed     99.65%
 194  200709_20-07994_HIV07-01067_FL21_S1_L000_read_16_count_2     20.12%    passed     95.72%
 195  200709_20-07994_HIV07-01067_FL21_S1_L000_read_17_count_2     23.08%    passed     99.33%
 196  200709_20-07994_HIV07-01067_FL21_S1_L000_read_18_count_2     20.12%    passed     98.28%
 197  200709_20-07994_HIV07-01067_FL21_S1_L000_read_19_count_2     20.12%    passed     99.21%
 198  200709_20-07994_HIV07-01067_FL21_S1_L000_read_20_count_2     20.12%    passed     99.65%
 199  200709_20-07994_HIV07-01067_FL21_S1_L000_read_21_count_2     20.12%    passed     99.65%
 200  200709_20-07994_HIV07-01067_FL21_S1_L000_read_22_count_2     20.12%    passed     98.11%
 201  200709_20-07994_HIV07-01067_FL21_S1_L000_read_23_count_2     20.12%    passed     99.65%
 202  200709_20-07994_HIV07-01067_FL21_S1_L000_read_24_count_1     20.12%    passed     99.89%
 203  200709_20-07994_HIV07-01067_FL21_S1_L000_read_25_count_1     20.71%    passed     99.45%
 204  200709_20-07994_HIV07-01067_FL21_S1_L000_read_26_count_1     20.12%    passed     98.11%
 205  200709_20-07994_HIV07-01067_FL21_S1_L000_read_27_count_1     20.12%    passed     99.21%
 206  200709_20-07994_HIV07-01067_FL21_S1_L000_read_28_count_1     20.12%    passed     98.11%
 207  200709_20-07994_HIV07-01067_FL21_S1_L000_read_29_count_1     20.12%    passed     99.89%
 208  200709_20-07994_HIV07-01067_FL21_S1_L000_read_30_count_1     20.12%    passed     99.55%
 209  200709_20-07994_HIV07-01067_FL21_S1_L000_read_31_count_1     20.12%    passed     94.22%
 210  200709_20-07994_HIV07-01067_FL21_S1_L000_read_32_count_1     20.12%    passed     96.72%
 211  200709_20-07994_HIV07-01067_FL21_S1_L000_read_33_count_1     20.12%    passed     92.12%
 212  200709_20-07994_HIV07-01067_FL21_S1_L000_read_34_count_1     20.12%    passed     99.33%
 213  200709_20-07994_HIV07-01067_FL21_S1_L000_read_35_count_1     20.12%    passed     99.44%
 214  200709_20-07994_HIV07-01067_FL21_S1_L000_read_36_count_1     20.12%    passed     99.21%
 215  200709_20-07994_HIV07-01067_FL21_S1_L000_read_37_count_1     20.71%    passed     99.45%
 216  200709_20-07994_HIV07-01067_FL21_S1_L000_read_38_count_1     20.12%    passed     94.13%
 217  200709_20-07994_HIV07-01067_FL21_S1_L000_read_39_count_1     20.12%    passed     98.45%
 218  200709_20-07994_HIV07-01067_FL21_S1_L000_read_40_count_1     20.12%    passed     95.72%
 219  200709_20-07994_HIV07-01067_FL21_S1_L000_read_41_count_1     20.12%    passed     97.34%
 220  200709_20-07994_HIV07-01067_FL21_S1_L000_read_42_count_1     20.12%    passed     98.45%
 221  200709_20-07994_HIV07-01067_FL21_S1_L000_read_43_count_1     20.12%    passed     98.26%
 222  200709_20-07994_HIV07-01067_FL21_S1_L000_read_44_count_1     20.12%    passed     91.17%
 223  200709_20-07994_HIV07-01067_FL21_S1_L000_read_45_count_1     20.12%    passed     98.45%
 224  200709_20-07994_HIV07-01067_FL21_S1_L000_read_46_count_1     20.12%    passed     98.11%
 225  200709_20-07994_HIV07-01067_FL21_S1_L000_read_47_count_1     20.71%    passed     99.70%
 226  200709_20-07994_HIV07-01067_FL21_S1_L000_read_48_count_1     20.12%    passed     94.13%
 227  200709_20-07994_HIV07-01067_FL21_S1_L000_read_49_count_1     20.12%    passed     98.28%
 228  200709_20-07994_HIV07-01067_FL21_S1_L000_read_50_count_1     20.12%    passed     99.21%
 229  200709_20-07994_HIV07-01067_FL21_S1_L000_read_51_count_1     20.12%    passed     99.21%
 230  200709_20-07994_HIV07-01067_FL21_S1_L000_read_52_count_1     20.12%    passed     99.65%
 231  200709_20-07994_HIV07-01067_FL21_S1_L000_read_53_count_1     20.12%    passed     99.55%
 232  200709_20-07994_HIV07-01067_FL21_S1_L000_read_54_count_1     20.12%    passed     97.18%
 233  200709_20-07994_HIV07-01067_FL21_S1_L000_read_55_count_1     20.12%    passed     99.65%
 234  200709_20-07994_HIV07-01067_FL21_S1_L000_read_56_count_1     20.12%    passed     94.13%
 235  200709_20-07994_HIV07-01067_FL21_S1_L000_read_57_count_1     18.93%    passed     98.06%
 236  200709_20-07994_HIV07-01067_FL21_S1_L000_read_58_count_1     20.12%    passed     93.96%
 237  200709_20-07994_HIV07-01067_FL21_S1_L000_read_59_count_1     20.12%    passed     99.65%
 238  200709_20-07994_HIV07-01067_FL21_S1_L000_read_60_count_1     20.12%    passed     99.21%
 239  200709_20-07994_HIV07-01067_FL21_S1_L000_read_61_count_1     20.12%    passed     99.70%
 240  200709_20-07994_HIV07-01067_FL21_S1_L000_read_62_count_1     20.12%    passed     99.21%
 241  200709_20-07994_HIV07-01067_FL21_S1_L000_read_63_count_1     20.12%    passed     99.65%
 242  200709_20-07994_HIV07-01067_FL21_S1_L000_read_64_count_1     20.12%    passed     99.70%
 243  200709_20-07994_HIV07-01067_FL21_S1_L000_read_65_count_1     20.12%    passed     99.65%
 244  200709_20-07994_HIV07-01067_FL21_S1_L000_read_66_count_1     20.12%    passed     95.37%
 245  200709_20-07994_HIV07-01067_FL21_S1_L000_read_67_count_1     20.12%    passed     99.70%
 246  200709_20-07994_HIV07-01067_FL21_S1_L000_read_68_count_1     20.12%    passed     96.72%
 247  200709_20-07994_HIV07-01067_FL21_S1_L000_read_69_count_1     20.12%    passed     99.55%
 248  200709_20-07994_HIV07-01067_FL21_S1_L000_read_70_count_1     20.12%    passed     98.45%
 249  200709_20-07994_HIV07-01067_FL21_S1_L000_read_71_count_1     20.12%    passed     99.65%
 250  200709_20-07994_HIV07-01067_FL21_S1_L000_read_72_count_1     20.12%    passed     97.76%
 251  200709_20-07994_HIV07-01067_FL21_S1_L000_read_73_count_1     20.12%    passed     99.65%
 252  200709_20-07994_HIV07-01067_FL21_S1_L000_read_74_count_1     20.12%    passed     99.21%
 253  200709_20-07994_HIV07-01067_FL21_S1_L000_read_75_count_1     20.12%    passed     91.45%
 254  200709_20-07994_HIV07-01067_FL21_S1_L000_read_76_count_1     20.12%    passed     95.72%
 255  200709_20-07994_HIV07-01067_FL21_S1_L000_read_77_count_1     20.71%    passed     99.70%
 256  200709_20-07994_HIV07-01067_FL21_S1_L000_read_78_count_1     20.12%    passed     99.55%
 257  200709_20-07994_HIV07-01067_FL21_S1_L000_read_79_count_1     20.12%    passed     97.34%
 258  200709_20-07994_HIV07-01067_FL21_S1_L000_read_80_count_1     20.12%    passed     98.28%
 259  200709_20-07994_HIV07-01067_FL21_S1_L000_read_81_count_1     20.12%    passed     92.12%
 260  200709_20-07994_HIV07-01067_FL21_S1_L000_read_82_count_1     20.12%    passed     99.21%
 261  200709_20-07994_HIV07-01067_FL21_S1_L000_read_83_count_1     20.12%    passed     99.65%
 262  200709_20-07994_HIV07-01067_FL21_S1_L000_read_84_count_1     20.12%    passed     95.14%
 263  200709_20-07994_HIV07-01067_FL21_S1_L000_read_85_count_1     20.12%    passed     93.67%
 264  200709_20-07994_HIV07-01067_FL21_S1_L000_read_86_count_1     20.12%    passed     99.33%
 265  200709_20-07994_HIV07-01067_FL21_S1_L000_read_87_count_1     20.12%    passed     99.21%
 266  200709_20-07994_HIV07-01067_FL21_S1_L000_read_88_count_1     20.12%    passed     98.58%
 267  200709_20-07994_HIV07-01067_FL21_S1_L000_read_89_count_1     20.12%    passed     99.87%
 268  200709_20-07994_HIV07-01067_FL21_S1_L000_read_90_count_1     20.12%    passed     92.12%
 269  200709_20-07994_HIV07-01067_FL21_S1_L000_read_91_count_1     20.12%    passed     99.21%
 270  200709_20-07994_HIV07-01067_FL21_S1_L000_read_92_count_1     20.12%    passed     97.87%
 271  200709_20-07994_HIV07-01067_FL21_S1_L000_read_93_count_1     20.12%    passed     95.37%
 272  200709_20-07994_HIV07-01067_FL21_S1_L000_read_94_count_1     20.12%    passed     99.21%
 273  200709_20-07994_HIV07-01067_FL21_S1_L000_read_95_count_1     20.12%    passed     94.13%
 274  200709_20-07994_HIV07-01067_FL21_S1_L000_read_96_count_1     20.12%    passed     99.70%
 275  200709_20-07994_HIV07-01067_FL21_S1_L000_read_97_count_1     20.71%    passed     99.70%
 276  200709_20-07994_HIV07-01067_FL21_S1_L000_read_98_count_1     20.12%    passed     98.28%
 277  200709_20-07994_HIV07-01067_FL21_S1_L000_read_99_count_1     20.12%    passed     99.89%
 278  200709_20-07994_HIV07-01067_FL21_S1_L000_read_100_count_1    20.12%    passed     93.15%
 279  200709_20-07994_HIV07-01067_FL21_S1_L000_read_101_count_1    20.12%    passed     99.65%
 280  200709_20-07994_HIV07-01067_FL21_S1_L000_read_102_count_1    20.12%    passed     97.87%
 281  200709_20-07994_HIV07-01067_FL21_S1_L000_read_103_count_1    20.12%    passed     99.55%
 282  200709_20-07994_HIV07-01067_FL21_S1_L000_read_104_count_1    20.12%    passed     98.45%
 283  200709_20-07994_HIV07-01067_FL21_S1_L000_read_105_count_1    20.12%    passed     94.13%
 284  200709_20-07994_HIV07-01067_FL21_S1_L000_read_106_count_1    20.12%    passed     95.72%
 285  200709_20-07994_HIV07-01067_FL21_S1_L000_read_107_count_1    20.12%    passed     99.21%
 286  200709_20-07994_HIV07-01067_FL21_S1_L000_read_108_count_1    20.12%    passed     99.65%
 287  200709_20-07994_HIV07-01067_FL21_S1_L000_read_109_count_1    20.12%    passed     98.28%
 288  200709_20-07994_HIV07-01067_FL21_S1_L000_read_110_count_1    20.12%    passed     98.28%
 289  200703_20-07825_HIV09-00618_FL18_S6_L000_read_1_count_1189   20.71%    passed     98.91%
 290  200703_20-07825_HIV09-00618_FL18_S6_L000_read_2_count_5      20.71%    passed     96.22%
 291  200703_20-07825_HIV09-00618_FL18_S6_L000_read_3_count_4      20.71%    passed     96.22%
 292  200703_20-07825_HIV09-00618_FL18_S6_L000_read_4_count_4      20.71%    passed     96.22%
 293  200703_20-07825_HIV09-00618_FL18_S6_L000_read_5_count_4      20.71%    passed     98.61%
 294  200703_20-07825_HIV09-00618_FL18_S6_L000_read_6_count_4      20.71%    passed     98.61%
 295  200703_20-07825_HIV09-00618_FL18_S6_L000_read_7_count_4      20.71%    passed     96.74%
 296  200703_20-07825_HIV09-00618_FL18_S6_L000_read_8_count_3      20.71%    passed     99.70%
 297  200703_20-07825_HIV09-00618_FL18_S6_L000_read_9_count_3      20.71%    passed     96.74%
 298  200703_20-07825_HIV09-00618_FL18_S6_L000_read_10_count_3     20.71%    passed     99.70%
 299  200703_20-07825_HIV09-00618_FL18_S6_L000_read_11_count_3     20.71%    passed     96.74%
 300  200703_20-07825_HIV09-00618_FL18_S6_L000_read_12_count_3     21.30%    passed     99.15%
 301  200703_20-07825_HIV09-00618_FL18_S6_L000_read_13_count_2     20.71%    passed     99.70%
 302  200703_20-07825_HIV09-00618_FL18_S6_L000_read_14_count_2     20.71%    passed     99.86%
 303  200703_20-07825_HIV09-00618_FL18_S6_L000_read_15_count_2     20.71%    passed     99.70%
 304  200703_20-07825_HIV09-00618_FL18_S6_L000_read_16_count_2     20.71%    passed     97.40%
 305  200703_20-07825_HIV09-00618_FL18_S6_L000_read_17_count_2     20.71%    passed     98.61%
 306  200703_20-07825_HIV09-00618_FL18_S6_L000_read_18_count_2     20.71%    passed     96.74%
 307  200703_20-07825_HIV09-00618_FL18_S6_L000_read_19_count_2     20.71%    passed     99.70%
 308  200703_20-07825_HIV09-00618_FL18_S6_L000_read_20_count_2     20.71%    passed     96.22%
 309  200703_20-07825_HIV09-00618_FL18_S6_L000_read_21_count_2     20.71%    passed     96.22%
 310  200703_20-07825_HIV09-00618_FL18_S6_L000_read_22_count_2     20.71%    passed     96.22%
 311  200703_20-07825_HIV09-00618_FL18_S6_L000_read_23_count_2     20.71%    passed     96.22%
 312  200703_20-07825_HIV09-00618_FL18_S6_L000_read_24_count_2     20.71%    passed     96.22%
 313  200703_20-07825_HIV09-00618_FL18_S6_L000_read_25_count_2     20.71%    passed     99.70%
 314  200703_20-07825_HIV09-00618_FL18_S6_L000_read_26_count_2     20.71%    passed     98.61%
 315  200703_20-07825_HIV09-00618_FL18_S6_L000_read_27_count_2     20.71%    passed     96.74%
 316  200703_20-07825_HIV09-00618_FL18_S6_L000_read_28_count_2     20.71%    passed     99.70%
 317  200703_20-07825_HIV09-00618_FL18_S6_L000_read_29_count_2     20.71%    passed     96.22%
 318  200703_20-07825_HIV09-00618_FL18_S6_L000_read_30_count_2     20.71%    passed     99.70%
 319  200703_20-07825_HIV09-00618_FL18_S6_L000_read_31_count_1     20.71%    passed     98.91%
 320  200703_20-07825_HIV09-00618_FL18_S6_L000_read_32_count_1     20.71%    passed     96.22%
 321  200703_20-07825_HIV09-00618_FL18_S6_L000_read_33_count_1     20.71%    passed     98.32%
 322  200703_20-07825_HIV09-00618_FL18_S6_L000_read_34_count_1     20.71%    passed     95.31%
 323  200703_20-07825_HIV09-00618_FL18_S6_L000_read_35_count_1     20.71%    passed     96.41%
 324  200703_20-07825_HIV09-00618_FL18_S6_L000_read_36_count_1     20.71%    passed     96.22%
 325  200703_20-07825_HIV09-00618_FL18_S6_L000_read_37_count_1     20.71%    passed     96.74%
 326  200703_20-07825_HIV09-00618_FL18_S6_L000_read_38_count_1     20.71%    passed     99.70%
 327  200703_20-07825_HIV09-00618_FL18_S6_L000_read_39_count_1     20.71%    passed     95.31%
 328  200703_20-07825_HIV09-00618_FL18_S6_L000_read_40_count_1     20.71%    passed     97.55%
 329  200703_20-07825_HIV09-00618_FL18_S6_L000_read_41_count_1     20.71%    passed     97.55%
 330  200703_20-07825_HIV09-00618_FL18_S6_L000_read_42_count_1     20.71%    passed     96.74%
 331  200703_20-07825_HIV09-00618_FL18_S6_L000_read_43_count_1     20.71%    passed     98.32%
 332  200703_20-07825_HIV09-00618_FL18_S6_L000_read_44_count_1     20.71%    passed     97.55%
 333  200703_20-07825_HIV09-00618_FL18_S6_L000_read_45_count_1     20.71%    passed     99.70%
 334  200703_20-07825_HIV09-00618_FL18_S6_L000_read_46_count_1     20.71%    passed     96.22%
 335  200703_20-07825_HIV09-00618_FL18_S6_L000_read_47_count_1     20.71%    passed     93.47%
 336  200703_20-07825_HIV09-00618_FL18_S6_L000_read_48_count_1     20.71%    passed     98.91%
 337  200703_20-07825_HIV09-00618_FL18_S6_L000_read_49_count_1     20.71%    passed     93.37%
 338  200703_20-07825_HIV09-00618_FL18_S6_L000_read_50_count_1     20.71%    passed     98.61%
 339  200703_20-07825_HIV09-00618_FL18_S6_L000_read_51_count_1     20.71%    passed     99.86%
 340  200703_20-07825_HIV09-00618_FL18_S6_L000_read_52_count_1     20.71%    passed     99.70%
 341  200703_20-07825_HIV09-00618_FL18_S6_L000_read_53_count_1     20.71%    passed     95.31%
 342  200703_20-07825_HIV09-00618_FL18_S6_L000_read_54_count_1     20.71%    passed     97.55%
 343  200703_20-07825_HIV09-00618_FL18_S6_L000_read_55_count_1     20.71%    passed     96.74%
 344  200703_20-07825_HIV09-00618_FL18_S6_L000_read_56_count_1     20.71%    passed     99.86%
 345  200703_20-07825_HIV09-00618_FL18_S6_L000_read_57_count_1     20.71%    passed     96.41%
 346  200703_20-07825_HIV09-00618_FL18_S6_L000_read_58_count_1     20.71%    passed     96.41%
 347  200703_20-07825_HIV09-00618_FL18_S6_L000_read_59_count_1     20.71%    passed     99.70%
 348  200703_20-07825_HIV09-00618_FL18_S6_L000_read_60_count_1     20.71%    passed     99.31%
 349  200703_20-07825_HIV09-00618_FL18_S6_L000_read_61_count_1     20.71%    passed     95.31%
 350  200703_20-07825_HIV09-00618_FL18_S6_L000_read_62_count_1     20.71%    passed     96.74%
 351  200703_20-07825_HIV09-00618_FL18_S6_L000_read_63_count_1     20.71%    passed     95.81%
 352  200703_20-07825_HIV09-00618_FL18_S6_L000_read_64_count_1     20.71%    passed     99.70%
 353  200703_20-07825_HIV09-00618_FL18_S6_L000_read_65_count_1     20.71%    passed     96.74%
 354  200703_20-07825_HIV09-00618_FL18_S6_L000_read_66_count_1     20.71%    passed     96.41%
 355  200703_20-07825_HIV09-00618_FL18_S6_L000_read_67_count_1     20.71%    passed     96.22%
 356  200703_20-07825_HIV09-00618_FL18_S6_L000_read_68_count_1     20.71%    passed     96.74%
 357  200703_20-07825_HIV09-00618_FL18_S6_L000_read_69_count_1     20.71%    passed     96.22%
 358  200703_20-07825_HIV09-00618_FL18_S6_L000_read_70_count_1     20.71%    passed     96.22%
 359  200703_20-07825_HIV09-00618_FL18_S6_L000_read_71_count_1     20.71%    passed     96.22%
 360  200703_20-07825_HIV09-00618_FL18_S6_L000_read_72_count_1     21.30%    passed     97.47%
 361  200703_20-07825_HIV09-00618_FL18_S6_L000_read_73_count_1     20.71%    passed     99.86%
 362  200703_20-07825_HIV09-00618_FL18_S6_L000_read_74_count_1     20.71%    passed     97.40%
 363  200703_20-07825_HIV09-00618_FL18_S6_L000_read_75_count_1     20.71%    passed     96.22%
 364  200703_20-07825_HIV09-00618_FL18_S6_L000_read_76_count_1     20.71%    passed     96.41%
 365  200703_20-07825_HIV09-00618_FL18_S6_L000_read_77_count_1     20.71%    passed     99.86%
 366  200703_20-07825_HIV09-00618_FL18_S6_L000_read_78_count_1     20.71%    passed     96.22%
 367  200703_20-07825_HIV09-00618_FL18_S6_L000_read_79_count_1     20.71%    passed     99.86%
 368  200703_20-07825_HIV09-00618_FL18_S6_L000_read_80_count_1     21.30%    passed     95.83%
 369  200703_20-07825_HIV09-00618_FL18_S6_L000_read_81_count_1     20.71%    passed     99.70%
 370  200703_20-07825_HIV09-00618_FL18_S6_L000_read_82_count_1     20.71%    passed     98.32%
 371  200703_20-07825_HIV09-00618_FL18_S6_L000_read_83_count_1     20.71%    passed     99.86%
 372  200703_20-07825_HIV09-00618_FL18_S6_L000_read_84_count_1     20.71%    passed     96.22%
 373  200703_20-07825_HIV09-00618_FL18_S6_L000_read_85_count_1     20.71%    passed     99.70%
 374  200703_20-07825_HIV09-00618_FL18_S6_L000_read_86_count_1     20.71%    passed     96.22%
 375  200703_20-07825_HIV09-00618_FL18_S6_L000_read_87_count_1     20.71%    passed     99.86%
 376  200703_20-07825_HIV09-00618_FL18_S6_L000_read_88_count_1     21.30%    passed     99.97%
 377  200703_20-07825_HIV09-00618_FL18_S6_L000_read_89_count_1     20.71%    passed     96.22%
 378  200703_20-07825_HIV09-00618_FL18_S6_L000_read_90_count_1     20.71%    passed     97.55%
 379  200703_20-07825_HIV09-00618_FL18_S6_L000_read_91_count_1     20.71%    passed     96.41%
 380  200703_20-07825_HIV09-00618_FL18_S6_L000_read_92_count_1     20.71%    passed     97.55%
 381  200703_20-07825_HIV09-00618_FL18_S6_L000_read_93_count_1     20.71%    passed     96.22%
 382  200703_20-07825_HIV09-00618_FL18_S6_L000_read_94_count_1     20.71%    passed     94.42%
 383  200703_20-07825_HIV09-00618_FL18_S6_L000_read_95_count_1     20.71%    passed     96.22%
 384  200703_20-07825_HIV09-00618_FL18_S6_L000_read_96_count_1     20.71%    passed     97.40%
 385  200703_20-07825_HIV09-00618_FL18_S6_L000_read_97_count_1     20.71%    passed     96.41%
 386  200703_20-07825_HIV09-00618_FL18_S6_L000_read_98_count_1     20.71%    passed     95.50%
 387  200703_20-07825_HIV09-00618_FL18_S6_L000_read_99_count_1     20.71%    passed     92.14%
 388  200703_20-07825_HIV09-00618_FL18_S6_L000_read_100_count_1    20.71%    passed     99.70%
 389  200703_20-07825_HIV09-00618_FL18_S6_L000_read_101_count_1    20.12%    passed     98.11%
 390  200703_20-07825_HIV09-00618_FL18_S6_L000_read_102_count_1    20.71%    passed     99.31%
 391  200703_20-07825_HIV09-00618_FL18_S6_L000_read_103_count_1    20.71%    passed     96.22%
 392  200703_20-07825_HIV09-00618_FL18_S6_L000_read_104_count_1    20.71%    passed     98.61%
 393  200703_20-07825_HIV09-00618_FL18_S6_L000_read_105_count_1    18.93%    passed     95.95%
 394  200703_20-07825_HIV09-00618_FL18_S6_L000_read_106_count_1    20.71%    passed     95.31%
 395  200703_20-07825_HIV09-00618_FL18_S6_L000_read_107_count_1    20.71%    passed     98.32%
 396  200703_20-07825_HIV09-00618_FL18_S6_L000_read_108_count_1    18.93%    passed     98.04%
 397  200703_20-07825_HIV09-00618_FL18_S6_L000_read_109_count_1    20.71%    passed     98.32%
 398  200703_20-07825_HIV09-00618_FL18_S6_L000_read_110_count_1    20.71%    passed     98.32%
 399  200703_20-07825_HIV09-00618_FL18_S6_L000_read_111_count_1    20.71%    passed     99.70%
 400  200703_20-07825_HIV09-00618_FL18_S6_L000_read_112_count_1    20.71%    passed     90.58%
 401  200703_20-07825_HIV09-00618_FL18_S6_L000_read_113_count_1    20.71%    passed     98.32%
 402  200814_20-09728_HIV09-02843_FL30_S2_L000_read_1_count_997    20.71%    passed     99.63%
 403  200814_20-09728_HIV09-02843_FL30_S2_L000_read_2_count_144    20.71%    passed     98.20%
 404  200814_20-09728_HIV09-02843_FL30_S2_L000_read_3_count_52     20.71%    passed     99.63%
 405  200814_20-09728_HIV09-02843_FL30_S2_L000_read_4_count_48     20.71%    passed     99.77%
 406  200814_20-09728_HIV09-02843_FL30_S2_L000_read_5_count_42     20.71%    passed     94.43%
 407  200814_20-09728_HIV09-02843_FL30_S2_L000_read_6_count_32     20.71%    passed     99.77%
 408  200814_20-09728_HIV09-02843_FL30_S2_L000_read_7_count_22     20.71%    passed     98.20%
 409  200814_20-09728_HIV09-02843_FL30_S2_L000_read_8_count_20     20.71%    passed     92.80%
 410  200814_20-09728_HIV09-02843_FL30_S2_L000_read_9_count_18     20.71%    passed     98.20%
 411  200814_20-09728_HIV09-02843_FL30_S2_L000_read_10_count_18    20.71%    passed     98.20%
 412  200814_20-09728_HIV09-02843_FL30_S2_L000_read_11_count_13    20.71%    passed     97.12%
 413  200814_20-09728_HIV09-02843_FL30_S2_L000_read_12_count_12    20.71%    passed     94.43%
 414  200814_20-09728_HIV09-02843_FL30_S2_L000_read_13_count_7     20.71%    passed     99.49%
 415  200814_20-09728_HIV09-02843_FL30_S2_L000_read_14_count_5     20.71%    passed     99.41%
 416  200814_20-09728_HIV09-02843_FL30_S2_L000_read_15_count_4     20.71%    passed     97.79%
 417  200814_20-09728_HIV09-02843_FL30_S2_L000_read_16_count_4     20.71%    passed     97.79%
 418  200814_20-09728_HIV09-02843_FL30_S2_L000_read_17_count_4     20.71%    passed     99.77%
 419  200814_20-09728_HIV09-02843_FL30_S2_L000_read_18_count_3     20.71%    passed     97.79%
 420  200814_20-09728_HIV09-02843_FL30_S2_L000_read_19_count_3     20.71%    passed     99.49%
 421  200814_20-09728_HIV09-02843_FL30_S2_L000_read_20_count_3     20.71%    passed     99.77%
 422  200814_20-09728_HIV09-02843_FL30_S2_L000_read_21_count_3     21.30%    passed     99.28%
 423  200814_20-09728_HIV09-02843_FL30_S2_L000_read_22_count_2     20.71%    passed     98.20%
 424  200814_20-09728_HIV09-02843_FL30_S2_L000_read_23_count_2     20.71%    passed     99.49%
 425  200814_20-09728_HIV09-02843_FL30_S2_L000_read_24_count_2     20.71%    passed     99.99%
 426  200814_20-09728_HIV09-02843_FL30_S2_L000_read_25_count_2     20.71%    passed     99.41%
 427  200814_20-09728_HIV09-02843_FL30_S2_L000_read_26_count_2     20.71%    passed     97.79%
 428  200814_20-09728_HIV09-02843_FL30_S2_L000_read_27_count_2     20.71%    passed     99.77%
 429  200814_20-09728_HIV09-02843_FL30_S2_L000_read_28_count_2     20.71%    passed     99.59%
 430  200814_20-09728_HIV09-02843_FL30_S2_L000_read_29_count_2     20.71%    passed     99.41%
 431  200814_20-09728_HIV09-02843_FL30_S2_L000_read_30_count_2     20.71%    passed     99.59%
 432  200814_20-09728_HIV09-02843_FL30_S2_L000_read_31_count_2     20.71%    passed     99.77%
 433  200814_20-09728_HIV09-02843_FL30_S2_L000_read_32_count_2     20.71%    passed     98.20%
 434  200814_20-09728_HIV09-02843_FL30_S2_L000_read_33_count_2     20.71%    passed     97.79%
 435  200814_20-09728_HIV09-02843_FL30_S2_L000_read_34_count_1     20.71%    passed     98.78%
 436  200814_20-09728_HIV09-02843_FL30_S2_L000_read_35_count_1     20.71%    passed     99.59%
 437  200814_20-09728_HIV09-02843_FL30_S2_L000_read_36_count_1     21.30%    passed     99.28%
 438  200814_20-09728_HIV09-02843_FL30_S2_L000_read_37_count_1     20.71%    passed     99.99%
 439  200814_20-09728_HIV09-02843_FL30_S2_L000_read_38_count_1     20.71%    passed     99.77%
 440  200814_20-09728_HIV09-02843_FL30_S2_L000_read_39_count_1     20.71%    passed     99.63%
 441  200814_20-09728_HIV09-02843_FL30_S2_L000_read_40_count_1     20.71%    passed     97.12%
 442  200814_20-09728_HIV09-02843_FL30_S2_L000_read_41_count_1     20.71%    passed     99.77%
 443  200814_20-09728_HIV09-02843_FL30_S2_L000_read_42_count_1     20.71%    passed     91.47%
 444  200814_20-09728_HIV09-02843_FL30_S2_L000_read_43_count_1     20.71%    passed     97.79%
 445  200814_20-09728_HIV09-02843_FL30_S2_L000_read_44_count_1     20.71%    passed     97.79%
 446  200814_20-09728_HIV09-02843_FL30_S2_L000_read_45_count_1     20.71%    passed     99.41%
 447  200814_20-09728_HIV09-02843_FL30_S2_L000_read_46_count_1     20.71%    passed     98.11%
 448  200814_20-09728_HIV09-02843_FL30_S2_L000_read_47_count_1     20.71%    passed     72.34%
 449  200814_20-09728_HIV09-02843_FL30_S2_L000_read_48_count_1     20.71%    passed     98.78%
 450  200814_20-09728_HIV09-02843_FL30_S2_L000_read_49_count_1     20.71%    passed     98.09%
 451  200814_20-09728_HIV09-02843_FL30_S2_L000_read_50_count_1     20.71%    passed     96.07%
 452  200814_20-09728_HIV09-02843_FL30_S2_L000_read_51_count_1     20.71%    passed     99.59%
 453  200814_20-09728_HIV09-02843_FL30_S2_L000_read_52_count_1     20.71%    passed     97.79%
 454  200814_20-09728_HIV09-02843_FL30_S2_L000_read_53_count_1     20.71%    passed     98.20%
 455  200814_20-09728_HIV09-02843_FL30_S2_L000_read_54_count_1     21.30%    passed     99.28%
 456  200814_20-09728_HIV09-02843_FL30_S2_L000_read_55_count_1     20.71%    passed     98.11%
 457  200814_20-09728_HIV09-02843_FL30_S2_L000_read_56_count_1     20.71%    passed     94.43%
 458  200814_20-09728_HIV09-02843_FL30_S2_L000_read_57_count_1     20.71%    passed     98.20%
 459  200814_20-09728_HIV09-02843_FL30_S2_L000_read_58_count_1     20.71%    passed     98.78%
 460  200814_20-09728_HIV09-02843_FL30_S2_L000_read_59_count_1     20.71%    passed     97.13%
 461  200814_20-09728_HIV09-02843_FL30_S2_L000_read_60_count_1     20.71%    passed     99.20%
 462  200814_20-09728_HIV09-02843_FL30_S2_L000_read_61_count_1     20.71%    passed     98.95%
 463  200814_20-09728_HIV09-02843_FL30_S2_L000_read_62_count_1     20.71%    passed     94.00%
 464  200814_20-09728_HIV09-02843_FL30_S2_L000_read_63_count_1     20.71%    passed     99.59%
 465  200814_20-09728_HIV09-02843_FL30_S2_L000_read_64_count_1     20.71%    passed     99.59%
 466  200814_20-09728_HIV09-02843_FL30_S2_L000_read_65_count_1     20.71%    passed     99.41%
 467  200814_20-09728_HIV09-02843_FL30_S2_L000_read_66_count_1     20.71%    passed     99.77%
 468  200814_20-09728_HIV09-02843_FL30_S2_L000_read_67_count_1     20.71%    passed     98.78%
 469  200814_20-09728_HIV09-02843_FL30_S2_L000_read_68_count_1     20.71%    passed     98.20%
 470  200814_20-09728_HIV09-02843_FL30_S2_L000_read_69_count_1     20.71%    passed     99.77%
 471  200814_20-09728_HIV09-02843_FL30_S2_L000_read_70_count_1     20.71%    passed     98.20%
 472  200814_20-09728_HIV09-02843_FL30_S2_L000_read_71_count_1     20.71%    passed     99.49%
 473  200814_20-09728_HIV09-02843_FL30_S2_L000_read_72_count_1     20.71%    passed     99.59%
 474  200814_20-09728_HIV09-02843_FL30_S2_L000_read_73_count_1     20.71%    passed     98.09%
 475  200814_20-09728_HIV09-02843_FL30_S2_L000_read_74_count_1     20.71%    passed     98.78%
 476  200814_20-09728_HIV09-02843_FL30_S2_L000_read_75_count_1     20.71%    passed     97.79%
 477  200814_20-09728_HIV09-02843_FL30_S2_L000_read_76_count_1     20.71%    passed     95.33%
 478  200814_20-09728_HIV09-02843_FL30_S2_L000_read_77_count_1     20.71%    passed     93.57%
 479  200814_20-09728_HIV09-02843_FL30_S2_L000_read_78_count_1     20.71%    passed     98.20%
 480  200814_20-09728_HIV09-02843_FL30_S2_L000_read_79_count_1     20.71%    passed     98.95%
 481  200814_20-09728_HIV09-02843_FL30_S2_L000_read_80_count_1     20.71%    passed     98.09%
 482  200814_20-09728_HIV09-02843_FL30_S2_L000_read_81_count_1     20.71%    passed     98.95%
 483  200814_20-09728_HIV09-02843_FL30_S2_L000_read_82_count_1     20.71%    passed     97.79%
 484  200814_20-09728_HIV09-02843_FL30_S2_L000_read_83_count_1     20.71%    passed     97.52%
 485  200814_20-09728_HIV09-02843_FL30_S2_L000_read_84_count_1     21.30%    passed     99.91%
 486  200814_20-09728_HIV09-02843_FL30_S2_L000_read_85_count_1     20.71%    passed     99.77%
 487  200814_20-09728_HIV09-02843_FL30_S2_L000_read_86_count_1     20.71%    passed     99.77%
 488  200814_20-09728_HIV09-02843_FL30_S2_L000_read_87_count_1     20.71%    passed     99.77%
 489  200814_20-09728_HIV09-02843_FL30_S2_L000_read_88_count_1     20.71%    passed     99.63%
 490  200814_20-09728_HIV09-02843_FL30_S2_L000_read_89_count_1     20.71%    passed     98.05%
 491  200814_20-09728_HIV09-02843_FL30_S2_L000_read_90_count_1     20.71%    passed     95.33%
 492  200814_20-09728_HIV09-02843_FL30_S2_L000_read_91_count_1     20.71%    passed     99.99%
 493  200814_20-09728_HIV09-02843_FL30_S2_L000_read_92_count_1     20.71%    passed     99.77%
 494  200814_20-09728_HIV09-02843_FL30_S2_L000_read_93_count_1     24.26%    passed     99.52%
 495  200814_20-09728_HIV09-02843_FL30_S2_L000_read_94_count_1     20.71%    passed     97.12%
 496  200814_20-09728_HIV09-02843_FL30_S2_L000_read_95_count_1     20.71%    passed     99.77%
 497  200814_20-09728_HIV09-02843_FL30_S2_L000_read_96_count_1     20.71%    passed     98.20%
 498  200814_20-09728_HIV09-02843_FL30_S2_L000_read_97_count_1     20.71%    passed     94.43%
 499  200814_20-09728_HIV09-02843_FL30_S2_L000_read_98_count_1     20.71%    passed     99.59%
 500  200814_20-09728_HIV09-02843_FL30_S2_L000_read_99_count_1     20.71%    passed     98.91%
 501  200814_20-09728_HIV09-02843_FL30_S2_L000_read_100_count_1    20.71%    passed     99.77%
 502  200814_20-09728_HIV09-02843_FL30_S2_L000_read_101_count_1    20.71%    passed     99.59%
 503  200814_20-09728_HIV09-02843_FL30_S2_L000_read_102_count_1    20.71%    passed     98.11%
 504  200814_20-09728_HIV09-02843_FL30_S2_L000_read_103_count_1    20.71%    passed     98.09%
 505  200814_20-09728_HIV09-02843_FL30_S2_L000_read_104_count_1    20.71%    passed     98.91%
 506  200814_20-09728_HIV09-02843_FL30_S2_L000_read_105_count_1    20.71%    passed     99.49%
 507  200814_20-09728_HIV09-02843_FL30_S2_L000_read_106_count_1    20.71%    passed     98.95%
 508  200814_20-09728_HIV09-02843_FL30_S2_L000_read_107_count_1    20.71%    passed     96.07%
 509  200814_20-09728_HIV09-02843_FL30_S2_L000_read_108_count_1    15.38%    passed     92.94%
 510  200814_20-09728_HIV09-02843_FL30_S2_L000_read_109_count_1    20.71%    passed     95.80%
 511  200814_20-09728_HIV09-02843_FL30_S2_L000_read_110_count_1    20.71%    passed     99.41%
 512  200814_20-09728_HIV09-02843_FL30_S2_L000_read_111_count_1    20.71%    passed     97.88%
 513  200814_20-09728_HIV09-02843_FL30_S2_L000_read_112_count_1    20.71%    passed     98.09%
 514  200814_20-09728_HIV09-02843_FL30_S2_L000_read_113_count_1    20.71%    passed     99.49%
 515  200814_20-09728_HIV09-02843_FL30_S2_L000_read_114_count_1    20.71%    passed     94.43%
 516  200814_20-09728_HIV09-02843_FL30_S2_L000_read_115_count_1    20.12%    passed     91.25%
 517  200814_20-09728_HIV09-02843_FL30_S2_L000_read_116_count_1    20.71%    passed     99.49%
 518  200814_20-09728_HIV09-02843_FL30_S2_L000_read_117_count_1    20.71%    passed     97.88%
 519  200814_20-09728_HIV09-02843_FL30_S2_L000_read_118_count_1    20.71%    passed     98.05%
 520  200814_20-09728_HIV09-02843_FL30_S2_L000_read_119_count_1    20.71%    passed     99.59%
 521  200814_20-09728_HIV09-02843_FL30_S2_L000_read_120_count_1    20.71%    passed     99.41%
 522  200814_20-09728_HIV09-02843_FL30_S2_L000_read_121_count_1    20.71%    passed     99.41%
 523  200814_20-09728_HIV09-02843_FL30_S2_L000_read_122_count_1    20.71%    passed     99.49%
 524  200814_20-09728_HIV09-02843_FL30_S2_L000_read_123_count_1    20.71%    passed     99.99%
 525  200814_20-09728_HIV09-02843_FL30_S2_L000_read_124_count_1    20.71%    passed     96.07%
 526  200814_20-09728_HIV09-02843_FL30_S2_L000_read_125_count_1    20.71%    passed     98.11%
 527  200814_20-09728_HIV09-02843_FL30_S2_L000_read_126_count_1    20.71%    passed     94.43%
 528  200814_20-09728_HIV09-02843_FL30_S2_L000_read_127_count_1    20.71%    passed     99.63%
 529  200814_20-09728_HIV09-02843_FL30_S2_L000_read_128_count_1    20.71%    passed     98.78%
 530  200814_20-09728_HIV09-02843_FL30_S2_L000_read_129_count_1    20.71%    passed     99.49%
 531  200724_20-08518_HIV10-02405_FL24_S14_L000_read_1_count_494   20.71%    passed     99.99%
 532  200724_20-08518_HIV10-02405_FL24_S14_L000_read_2_count_70    20.71%    passed     99.49%
 533  200724_20-08518_HIV10-02405_FL24_S14_L000_read_3_count_36    20.71%    passed     99.48%
 534  200724_20-08518_HIV10-02405_FL24_S14_L000_read_4_count_18    20.71%    passed     99.86%
 535  200724_20-08518_HIV10-02405_FL24_S14_L000_read_5_count_13    20.71%    passed     99.49%
 536  200724_20-08518_HIV10-02405_FL24_S14_L000_read_6_count_11    20.71%    passed     99.59%
 537  200724_20-08518_HIV10-02405_FL24_S14_L000_read_7_count_6     20.71%    passed     99.86%
 538  200724_20-08518_HIV10-02405_FL24_S14_L000_read_8_count_6     20.71%    passed     99.59%
 539  200724_20-08518_HIV10-02405_FL24_S14_L000_read_9_count_6     20.71%    passed     99.86%
 540  200724_20-08518_HIV10-02405_FL24_S14_L000_read_10_count_6    20.71%    passed     99.86%
 541  200724_20-08518_HIV10-02405_FL24_S14_L000_read_11_count_5    20.71%    passed     99.86%
 542  200724_20-08518_HIV10-02405_FL24_S14_L000_read_12_count_4    20.71%    passed     99.49%
 543  200724_20-08518_HIV10-02405_FL24_S14_L000_read_13_count_4    20.71%    passed     99.49%
 544  200724_20-08518_HIV10-02405_FL24_S14_L000_read_14_count_4    20.71%    passed     99.49%
 545  200724_20-08518_HIV10-02405_FL24_S14_L000_read_15_count_4    20.71%    passed     99.48%
 546  200724_20-08518_HIV10-02405_FL24_S14_L000_read_16_count_4    20.71%    passed     99.86%
 547  200724_20-08518_HIV10-02405_FL24_S14_L000_read_17_count_3    20.71%    passed     99.86%
 548  200724_20-08518_HIV10-02405_FL24_S14_L000_read_18_count_3    20.71%    passed     99.59%
 549  200724_20-08518_HIV10-02405_FL24_S14_L000_read_19_count_3    20.71%    passed     99.49%
 550  200724_20-08518_HIV10-02405_FL24_S14_L000_read_20_count_3    20.71%    passed     99.99%
 551  200724_20-08518_HIV10-02405_FL24_S14_L000_read_21_count_3    20.71%    passed     99.86%
 552  200724_20-08518_HIV10-02405_FL24_S14_L000_read_22_count_3    20.71%    passed     97.13%
 553  200724_20-08518_HIV10-02405_FL24_S14_L000_read_23_count_3    20.71%    passed     99.86%
 554  200724_20-08518_HIV10-02405_FL24_S14_L000_read_24_count_2    20.71%    passed     99.20%
 555  200724_20-08518_HIV10-02405_FL24_S14_L000_read_25_count_2    20.71%    passed     99.49%
 556  200724_20-08518_HIV10-02405_FL24_S14_L000_read_26_count_2    20.71%    passed     99.99%
 557  200724_20-08518_HIV10-02405_FL24_S14_L000_read_27_count_2    20.71%    passed     99.49%
 558  200724_20-08518_HIV10-02405_FL24_S14_L000_read_28_count_2    20.71%    passed     99.77%
 559  200724_20-08518_HIV10-02405_FL24_S14_L000_read_29_count_2    20.71%    passed     98.16%
 560  200724_20-08518_HIV10-02405_FL24_S14_L000_read_30_count_2    20.71%    passed     99.49%
 561  200724_20-08518_HIV10-02405_FL24_S14_L000_read_31_count_2    20.71%    passed     99.49%
 562  200724_20-08518_HIV10-02405_FL24_S14_L000_read_32_count_2    20.71%    passed     99.20%
 563  200724_20-08518_HIV10-02405_FL24_S14_L000_read_33_count_2    20.71%    passed     97.13%
 564  200724_20-08518_HIV10-02405_FL24_S14_L000_read_34_count_2    20.71%    passed     99.11%
 565  200724_20-08518_HIV10-02405_FL24_S14_L000_read_35_count_2    20.71%    passed     99.41%
 566  200724_20-08518_HIV10-02405_FL24_S14_L000_read_36_count_2    20.71%    passed     99.99%
 567  200724_20-08518_HIV10-02405_FL24_S14_L000_read_37_count_2    20.71%    passed     99.59%
 568  200724_20-08518_HIV10-02405_FL24_S14_L000_read_38_count_1    20.71%    passed     99.70%
 569  200724_20-08518_HIV10-02405_FL24_S14_L000_read_39_count_1    20.71%    passed     97.13%
 570  200724_20-08518_HIV10-02405_FL24_S14_L000_read_40_count_1    20.71%    passed     99.99%
 571  200724_20-08518_HIV10-02405_FL24_S14_L000_read_41_count_1    20.71%    passed     96.35%
 572  200724_20-08518_HIV10-02405_FL24_S14_L000_read_42_count_1    20.71%    passed     99.11%
 573  200724_20-08518_HIV10-02405_FL24_S14_L000_read_43_count_1    20.71%    passed     99.11%
 574  200724_20-08518_HIV10-02405_FL24_S14_L000_read_44_count_1    20.71%    passed     98.61%
 575  200724_20-08518_HIV10-02405_FL24_S14_L000_read_45_count_1    20.71%    passed     98.16%
 576  200724_20-08518_HIV10-02405_FL24_S14_L000_read_46_count_1    20.71%    passed     99.48%
 577  200724_20-08518_HIV10-02405_FL24_S14_L000_read_47_count_1    20.71%    passed     99.86%
 578  200724_20-08518_HIV10-02405_FL24_S14_L000_read_48_count_1    20.71%    passed     99.59%
 579  200724_20-08518_HIV10-02405_FL24_S14_L000_read_49_count_1    20.71%    passed     99.99%
 580  200724_20-08518_HIV10-02405_FL24_S14_L000_read_50_count_1    20.71%    passed     99.49%
 581  200724_20-08518_HIV10-02405_FL24_S14_L000_read_51_count_1    20.71%    passed     95.51%
 582  200724_20-08518_HIV10-02405_FL24_S14_L000_read_52_count_1    20.71%    passed     99.99%
 583  200724_20-08518_HIV10-02405_FL24_S14_L000_read_53_count_1    20.71%    passed     99.86%
 584  200724_20-08518_HIV10-02405_FL24_S14_L000_read_54_count_1    20.71%    passed     99.20%
 585  200724_20-08518_HIV10-02405_FL24_S14_L000_read_55_count_1    20.71%    passed     99.77%
 586  200724_20-08518_HIV10-02405_FL24_S14_L000_read_56_count_1    20.71%    passed     97.13%
 587  200724_20-08518_HIV10-02405_FL24_S14_L000_read_57_count_1    20.71%    passed     99.70%
 588  200724_20-08518_HIV10-02405_FL24_S14_L000_read_58_count_1    20.71%    passed     99.48%
 589  200724_20-08518_HIV10-02405_FL24_S14_L000_read_59_count_1    20.71%    passed     99.99%
 590  200724_20-08518_HIV10-02405_FL24_S14_L000_read_60_count_1    20.71%    passed     99.86%
 591  200724_20-08518_HIV10-02405_FL24_S14_L000_read_61_count_1    20.71%    passed     98.20%
 592  200724_20-08518_HIV10-02405_FL24_S14_L000_read_62_count_1    20.71%    passed     96.38%
 593  200724_20-08518_HIV10-02405_FL24_S14_L000_read_63_count_1    21.30%    passed     99.82%
 594  200724_20-08518_HIV10-02405_FL24_S14_L000_read_64_count_1    20.71%    passed     99.99%
 595  200724_20-08518_HIV10-02405_FL24_S14_L000_read_65_count_1    20.71%    passed     99.20%
 596  200724_20-08518_HIV10-02405_FL24_S14_L000_read_66_count_1    20.71%    passed     99.99%
 597  200724_20-08518_HIV10-02405_FL24_S14_L000_read_67_count_1    20.71%    passed     99.86%
 598  200724_20-08518_HIV10-02405_FL24_S14_L000_read_68_count_1    20.71%    passed     99.45%
 599  200724_20-08518_HIV10-02405_FL24_S14_L000_read_69_count_1    20.71%    passed     99.99%
 600  200724_20-08518_HIV10-02405_FL24_S14_L000_read_70_count_1    20.71%    passed     99.99%
 601  200724_20-08518_HIV10-02405_FL24_S14_L000_read_71_count_1    20.71%    passed     98.32%
 602  200724_20-08518_HIV10-02405_FL24_S14_L000_read_72_count_1    20.71%    passed     99.99%
 603  200724_20-08518_HIV10-02405_FL24_S14_L000_read_73_count_1    20.71%    passed     99.59%
 604  200724_20-08518_HIV10-02405_FL24_S14_L000_read_74_count_1    20.71%    passed     99.11%
 605  200724_20-08518_HIV10-02405_FL24_S14_L000_read_75_count_1    20.71%    passed     99.77%
 606  200724_20-08518_HIV10-02405_FL24_S14_L000_read_76_count_1    20.71%    passed     98.20%
 607  200724_20-08518_HIV10-02405_FL24_S14_L000_read_77_count_1    20.71%    passed     99.77%
 608  200724_20-08518_HIV10-02405_FL24_S14_L000_read_78_count_1    20.71%    passed     99.86%
 609  200724_20-08518_HIV10-02405_FL24_S14_L000_read_79_count_1    20.71%    passed     99.45%
 610  200724_20-08518_HIV10-02405_FL24_S14_L000_read_80_count_1    20.71%    passed     98.78%
 611  200724_20-08518_HIV10-02405_FL24_S14_L000_read_81_count_1    20.71%    passed     99.59%
 612  200724_20-08518_HIV10-02405_FL24_S14_L000_read_82_count_1    20.71%    passed     98.91%
 613  200724_20-08518_HIV10-02405_FL24_S14_L000_read_83_count_1    20.71%    passed     97.80%
 614  200724_20-08518_HIV10-02405_FL24_S14_L000_read_84_count_1    20.71%    passed     99.99%
 615  200724_20-08518_HIV10-02405_FL24_S14_L000_read_85_count_1    21.30%    passed     98.68%
 616  200724_20-08518_HIV10-02405_FL24_S14_L000_read_86_count_1    20.71%    passed     99.86%
 617  200724_20-08518_HIV10-02405_FL24_S14_L000_read_87_count_1    20.71%    passed     99.20%
 618  200724_20-08518_HIV10-02405_FL24_S14_L000_read_88_count_1    20.71%    passed     98.32%
 619  200724_20-08518_HIV10-02405_FL24_S14_L000_read_89_count_1    20.71%    passed     99.86%
 620  200724_20-08518_HIV10-02405_FL24_S14_L000_read_90_count_1    20.71%    passed     99.20%
 621  200724_20-08518_HIV10-02405_FL24_S14_L000_read_91_count_1    20.71%    passed     97.13%
 622  200724_20-08518_HIV10-02405_FL24_S14_L000_read_92_count_1    20.12%    passed     99.89%
 623  200724_20-08518_HIV10-02405_FL24_S14_L000_read_93_count_1    20.71%    passed     99.48%
 624  200724_20-08518_HIV10-02405_FL24_S14_L000_read_94_count_1    20.71%    passed     98.78%
 625  200724_20-08518_HIV10-02405_FL24_S14_L000_read_95_count_1    20.71%    passed     99.58%
 626  200724_20-08518_HIV10-02405_FL24_S14_L000_read_96_count_1    21.30%    passed     99.97%
 627  200724_20-08518_HIV10-02405_FL24_S14_L000_read_97_count_1    20.71%    passed     97.13%
 628  200724_20-08518_HIV10-02405_FL24_S14_L000_read_98_count_1    20.71%    passed     99.49%
 629  200724_20-08518_HIV10-02405_FL24_S14_L000_read_99_count_1    20.71%    passed     94.47%
 630  200724_20-08518_HIV10-02405_FL24_S14_L000_read_100_count_1   20.71%    passed     99.49%
 631  200724_20-08518_HIV10-02405_FL24_S14_L000_read_101_count_1   20.71%    passed     99.86%
 632  200724_20-08518_HIV10-02405_FL24_S14_L000_read_102_count_1   20.71%    passed     99.20%
 633  200724_20-08518_HIV10-02405_FL24_S14_L000_read_103_count_1   21.30%    passed     98.40%
 634  200724_20-08518_HIV10-02405_FL24_S14_L000_read_104_count_1   20.71%    passed     99.31%
 635  200724_20-08518_HIV10-02405_FL24_S14_L000_read_105_count_1   20.71%    passed     99.59%
 636  200724_20-08518_HIV10-02405_FL24_S14_L000_read_106_count_1   15.98%    passed     98.34%
 637  200724_20-08518_HIV10-02405_FL24_S14_L000_read_107_count_1   20.71%    passed     99.49%
 638  200724_20-08518_HIV10-02405_FL24_S14_L000_read_108_count_1   20.71%    passed     93.57%
 639  200724_20-08518_HIV10-02405_FL24_S14_L000_read_109_count_1   20.71%    passed     97.13%
 640  200724_20-08518_HIV10-02405_FL24_S14_L000_read_110_count_1   20.71%    passed     99.59%
 641  200724_20-08518_HIV10-02405_FL24_S14_L000_read_111_count_1   20.71%    passed     98.47%
 642  200724_20-08518_HIV10-02405_FL24_S14_L000_read_112_count_1   20.71%    passed     91.56%
 643  200724_20-08518_HIV10-02405_FL24_S14_L000_read_113_count_1   20.71%    passed     97.13%
 644  200724_20-08518_HIV10-02405_FL24_S14_L000_read_114_count_1   20.71%    passed     99.77%
 645  200724_20-08518_HIV10-02405_FL24_S14_L000_read_115_count_1   20.71%    passed     97.44%
 646  200724_20-08518_HIV10-02405_FL24_S14_L000_read_116_count_1   20.71%    passed     95.31%
 647  200724_20-08518_HIV10-02405_FL24_S14_L000_read_117_count_1   20.71%    passed     95.24%
 648  200724_20-08518_HIV10-02405_FL24_S14_L000_read_118_count_1   20.71%    passed     98.76%
 649  B.FR.83.HXB2_LAI_IIIB_BRU.K03455                             20.71%    passed     99.49%
 650  C.BW.00.00BW07621.AF443088                                   20.71%    passed     89.69%
****  TOTAL                                                        20.60%  0 sequences failed composition chi2 test (p-value<5%; df=3)
NOTE: B.FR.83.HXB2_LAI_IIIB_BRU.K03455 is identical to 200724_20-08518_HIV10-02405_FL24_S14_L000_read_5_count_13 but kept for subsequent analysis
Checking for duplicate sequences: done in 0.00895688 secs using 260.6% CPU

Create initial parsimony tree by phylogenetic likelihood library (PLL)... 0.075 seconds

NOTE: 20 MB RAM (0 GB) is required!
WARNING: Number of threads seems too high for short alignments. Use -T AUTO to determine best number of threads.
Estimate model parameters (epsilon = 0.100)
1. Initial log-likelihood: -4902.594
2. Current log-likelihood: -4750.261
3. Current log-likelihood: -4749.776
Optimal log-likelihood: -4749.718
Rate parameters:  A-C: 1.10640  A-G: 1.81111  A-T: 0.48424  C-G: 0.19392  C-T: 2.44918  G-T: 1.00000
Base frequencies:  A: 0.342  C: 0.187  G: 0.286  T: 0.185
Site proportion and rates:  (0.067,0.272) (0.120,0.373) (0.181,0.746) (0.256,0.916) (0.246,1.046) (0.129,2.402)
Parameters optimization took 3 rounds (2.192 sec)
Wrote distance file to... 
Computing ML distances based on estimated model parameters...
Calculating distance matrix: done in 0.5338 secs using 377.5% CPU
Computing ML distances took 0.534914 sec (of wall-clock time) 2.016190 sec (of CPU time)
Setting up auxiliary I and S matrices: done in 0.018818 secs using 188.7% CPU
Constructing RapidNJ tree: done in 1.25764 secs using 107.3% CPU
Computing RapidNJ tree took 1.276596 sec (of wall-clock time) 1.384786 sec (of CPU time)
Log-likelihood of RapidNJ tree: -4702.080
--------------------------------------------------------------------
|             INITIALIZING CANDIDATE TREE SET                      |
--------------------------------------------------------------------
Generating 98 parsimony trees... 8.284 second
Computing log-likelihood of 98 initial trees ... 5.527 seconds
Current best score: -4702.080

Do NNI search on 20 best initial trees
Optimizing NNI: done in 0.361333 secs using 394.5% CPU
Estimate model parameters (epsilon = 0.100)
BETTER TREE FOUND at iteration 1: -4675.870
Optimizing NNI: done in 0.834962 secs using 395.9% CPU
Optimizing NNI: done in 0.571302 secs using 395.4% CPU
Optimizing NNI: done in 0.861859 secs using 380% CPU
Optimizing NNI: done in 0.957564 secs using 390.4% CPU
Optimizing NNI: done in 0.574326 secs using 397.4% CPU
Optimizing NNI: done in 0.727293 secs using 398.5% CPU
Optimizing NNI: done in 0.844159 secs using 393.5% CPU
Optimizing NNI: done in 0.973235 secs using 395.4% CPU
Optimizing NNI: done in 0.73603 secs using 395.7% CPU
Iteration 10 / LogL: -4746.541 / Time: 0h:0m:27s
Optimizing NNI: done in 0.985445 secs using 379.5% CPU
Optimizing NNI: done in 0.917988 secs using 393.8% CPU
Optimizing NNI: done in 0.98448 secs using 393.2% CPU
Optimizing NNI: done in 0.581896 secs using 394.2% CPU
Optimizing NNI: done in 1.07981 secs using 395.8% CPU
Optimizing NNI: done in 1.05937 secs using 395.6% CPU
Optimizing NNI: done in 0.902755 secs using 376.5% CPU
Optimizing NNI: done in 0.875069 secs using 391% CPU
Optimizing NNI: done in 0.606305 secs using 394.5% CPU
Optimizing NNI: done in 0.923303 secs using 394% CPU
Iteration 20 / LogL: -4752.731 / Time: 0h:0m:36s
Finish initializing candidate tree set (20)
Current best tree score: -4675.870 / CPU time: 31.626
Number of iterations: 20
--------------------------------------------------------------------
|               OPTIMIZING CANDIDATE TREE SET                      |
--------------------------------------------------------------------
Optimizing NNI: done in 1.24753 secs using 394.7% CPU
Optimizing NNI: done in 0.875132 secs using 396.7% CPU
Optimizing NNI: done in 0.967606 secs using 377.3% CPU
Optimizing NNI: done in 1.06816 secs using 396.2% CPU
Optimizing NNI: done in 0.93297 secs using 395.7% CPU
Optimizing NNI: done in 0.997004 secs using 392.6% CPU
Optimizing NNI: done in 1.00084 secs using 392.8% CPU
Optimizing NNI: done in 1.01856 secs using 381.4% CPU
Optimizing NNI: done in 1.08738 secs using 393.7% CPU
Optimizing NNI: done in 1.07442 secs using 393.9% CPU
Iteration 30 / LogL: -4689.749 / Time: 0h:0m:47s (0h:1m:55s left)
Optimizing NNI: done in 1.17423 secs using 395.7% CPU
Optimizing NNI: done in 1.11516 secs using 398.5% CPU
Optimizing NNI: done in 1.09931 secs using 382.4% CPU
Optimizing NNI: done in 0.961464 secs using 396.4% CPU
Optimizing NNI: done in 1.25598 secs using 394.9% CPU
Optimizing NNI: done in 0.857209 secs using 395.8% CPU
Optimizing NNI: done in 0.849312 secs using 396% CPU
Optimizing NNI: done in 1.21342 secs using 382.2% CPU
Optimizing NNI: done in 1.11848 secs using 397.1% CPU
Optimizing NNI: done in 0.73458 secs using 391.4% CPU
Iteration 40 / LogL: -4699.391 / Time: 0h:0m:58s (0h:1m:30s left)
Optimizing NNI: done in 1.20181 secs using 394.6% CPU
Estimate model parameters (epsilon = 0.100)
BETTER TREE FOUND at iteration 41: -4672.991
Optimizing NNI: done in 1.01296 secs using 378.2% CPU
Optimizing NNI: done in 0.996876 secs using 395.7% CPU
Optimizing NNI: done in 0.931041 secs using 390.8% CPU
Optimizing NNI: done in 1.11872 secs using 396.1% CPU
Optimizing NNI: done in 1.15132 secs using 394.5% CPU
Optimizing NNI: done in 1.35486 secs using 381.4% CPU
Optimizing NNI: done in 1.03813 secs using 391.6% CPU
Optimizing NNI: done in 0.969448 secs using 395% CPU
Optimizing NNI: done in 1.11997 secs using 394.1% CPU
Iteration 50 / LogL: -4688.115 / Time: 0h:1m:10s (0h:2m:10s left)
Optimizing NNI: done in 0.867949 secs using 396.4% CPU
Optimizing NNI: done in 1.11841 secs using 379.8% CPU
Optimizing NNI: done in 1.16523 secs using 393.6% CPU
Optimizing NNI: done in 1.00248 secs using 394.8% CPU
Optimizing NNI: done in 0.904117 secs using 392.8% CPU
Optimizing NNI: done in 0.857011 secs using 394.6% CPU
Optimizing NNI: done in 1.42925 secs using 382% CPU
Optimizing NNI: done in 0.984698 secs using 393% CPU
Optimizing NNI: done in 0.972495 secs using 393.6% CPU
Optimizing NNI: done in 0.935792 secs using 396.8% CPU
Iteration 60 / LogL: -4704.614 / Time: 0h:1m:21s (0h:1m:51s left)
Optimizing NNI: done in 0.994941 secs using 395.9% CPU
Optimizing NNI: done in 0.84559 secs using 380.5% CPU
Optimizing NNI: done in 0.740789 secs using 393.5% CPU
Optimizing NNI: done in 1.09887 secs using 394% CPU
Optimizing NNI: done in 0.961411 secs using 396.1% CPU
Optimizing NNI: done in 0.846769 secs using 394.7% CPU
Optimizing NNI: done in 0.851852 secs using 396.2% CPU
Optimizing NNI: done in 0.880122 secs using 375.2% CPU
Optimizing NNI: done in 1.2163 secs using 395.1% CPU
Optimizing NNI: done in 1.21529 secs using 394.3% CPU
Iteration 70 / LogL: -4680.710 / Time: 0h:1m:31s (0h:1m:34s left)
Optimizing NNI: done in 1.05547 secs using 395.7% CPU
Optimizing NNI: done in 1.40208 secs using 385.2% CPU
Optimizing NNI: done in 0.860022 secs using 394.2% CPU
Optimizing NNI: done in 1.11621 secs using 396.7% CPU
Optimizing NNI: done in 1.28023 secs using 395.1% CPU
Optimizing NNI: done in 1.16835 secs using 395.5% CPU
Optimizing NNI: done in 1.17663 secs using 380.2% CPU
Optimizing NNI: done in 0.880068 secs using 394.8% CPU
Optimizing NNI: done in 0.98712 secs using 394.1% CPU
Optimizing NNI: done in 0.991067 secs using 394% CPU
Iteration 80 / LogL: -4673.112 / Time: 0h:1m:43s (0h:1m:19s left)
Optimizing NNI: done in 0.863645 secs using 393.8% CPU
Optimizing NNI: done in 0.95054 secs using 384.5% CPU
Optimizing NNI: done in 0.85398 secs using 397% CPU
Optimizing NNI: done in 0.983896 secs using 396% CPU
Optimizing NNI: done in 0.857433 secs using 393.3% CPU
Optimizing NNI: done in 1.00458 secs using 393.8% CPU
Optimizing NNI: done in 0.97279 secs using 393.6% CPU
Optimizing NNI: done in 0.904493 secs using 389.2% CPU
Optimizing NNI: done in 0.960181 secs using 395.7% CPU
Optimizing NNI: done in 0.848874 secs using 395.1% CPU
Iteration 90 / LogL: -4690.005 / Time: 0h:1m:53s (0h:1m:4s left)
Optimizing NNI: done in 0.824202 secs using 394.7% CPU
Optimizing NNI: done in 0.917016 secs using 394.4% CPU
Optimizing NNI: done in 1.11182 secs using 381.1% CPU
Optimizing NNI: done in 0.971816 secs using 394.1% CPU
Optimizing NNI: done in 0.856485 secs using 394.9% CPU
Optimizing NNI: done in 1.0198 secs using 393.3% CPU
Optimizing NNI: done in 0.96159 secs using 395.5% CPU
Optimizing NNI: done in 0.846533 secs using 382.6% CPU
Optimizing NNI: done in 0.827832 secs using 397.2% CPU
Optimizing NNI: done in 1.03283 secs using 394.6% CPU
Estimate model parameters (epsilon = 0.100)
BETTER TREE FOUND at iteration 100: -4672.851
Iteration 100 / LogL: -4672.851 / Time: 0h:2m:3s (0h:2m:4s left)
Optimizing NNI: done in 0.805372 secs using 394.2% CPU
Optimizing NNI: done in 0.87279 secs using 393.6% CPU
Optimizing NNI: done in 1.2333 secs using 382% CPU
Optimizing NNI: done in 1.24981 secs using 394.5% CPU
Optimizing NNI: done in 1.22861 secs using 393.5% CPU
Optimizing NNI: done in 0.913053 secs using 394% CPU
Optimizing NNI: done in 0.956199 secs using 394.1% CPU
Optimizing NNI: done in 0.861889 secs using 374.4% CPU
Optimizing NNI: done in 0.998492 secs using 393.9% CPU
Optimizing NNI: done in 0.84928 secs using 396.8% CPU
Iteration 110 / LogL: -4691.229 / Time: 0h:2m:14s (0h:1m:50s left)
Optimizing NNI: done in 1.09465 secs using 394.1% CPU
Optimizing NNI: done in 0.916592 secs using 395.7% CPU
Optimizing NNI: done in 1.13081 secs using 379.1% CPU
Optimizing NNI: done in 0.852709 secs using 393.7% CPU
Optimizing NNI: done in 0.972721 secs using 393.9% CPU
Optimizing NNI: done in 0.844496 secs using 395% CPU
Optimizing NNI: done in 0.876978 secs using 395.4% CPU
Optimizing NNI: done in 1.00388 secs using 397.6% CPU
Optimizing NNI: done in 0.943236 secs using 380.4% CPU
Optimizing NNI: done in 1.00749 secs using 392.6% CPU
Iteration 120 / LogL: -4710.266 / Time: 0h:2m:24s (0h:1m:37s left)
Optimizing NNI: done in 0.936706 secs using 394.6% CPU
Optimizing NNI: done in 0.81911 secs using 392.8% CPU
Optimizing NNI: done in 1.36236 secs using 394.3% CPU
Optimizing NNI: done in 1.21831 secs using 383.4% CPU
Optimizing NNI: done in 1.12524 secs using 396% CPU
Optimizing NNI: done in 0.983982 secs using 395.3% CPU
Optimizing NNI: done in 0.911588 secs using 395.8% CPU
Optimizing NNI: done in 1.02076 secs using 393.4% CPU
Optimizing NNI: done in 0.686118 secs using 374.6% CPU
Optimizing NNI: done in 0.814782 secs using 396.6% CPU
Iteration 130 / LogL: -4690.928 / Time: 0h:2m:35s (0h:1m:24s left)
Optimizing NNI: done in 1.13247 secs using 395.8% CPU
Optimizing NNI: done in 0.85164 secs using 396.3% CPU
Optimizing NNI: done in 0.965268 secs using 395.8% CPU
Optimizing NNI: done in 1.08687 secs using 383.7% CPU
Optimizing NNI: done in 0.828503 secs using 393.9% CPU
Optimizing NNI: done in 0.797287 secs using 394.9% CPU
Optimizing NNI: done in 0.976352 secs using 395.9% CPU
Optimizing NNI: done in 0.895469 secs using 393.7% CPU
Optimizing NNI: done in 0.991806 secs using 397.2% CPU
Optimizing NNI: done in 1.1764 secs using 381.1% CPU
Iteration 140 / LogL: -4683.529 / Time: 0h:2m:45s (0h:1m:11s left)
Optimizing NNI: done in 0.828136 secs using 396.2% CPU
Optimizing NNI: done in 0.905268 secs using 395.5% CPU
Optimizing NNI: done in 0.803235 secs using 395.2% CPU
Optimizing NNI: done in 0.835268 secs using 392.6% CPU
Optimizing NNI: done in 1.02272 secs using 385.7% CPU
Optimizing NNI: done in 0.706859 secs using 395.7% CPU
Optimizing NNI: done in 0.840236 secs using 395.4% CPU
Optimizing NNI: done in 0.886198 secs using 395.2% CPU
Optimizing NNI: done in 0.8379 secs using 392.3% CPU
Optimizing NNI: done in 0.960151 secs using 396% CPU
Iteration 150 / LogL: -4687.400 / Time: 0h:2m:54s (0h:0m:58s left)
Optimizing NNI: done in 1.10075 secs using 380.3% CPU
Optimizing NNI: done in 0.704439 secs using 392.8% CPU
Optimizing NNI: done in 0.893487 secs using 394.9% CPU
Optimizing NNI: done in 0.823712 secs using 394% CPU
Optimizing NNI: done in 0.818704 secs using 394.1% CPU
Optimizing NNI: done in 0.932835 secs using 392.1% CPU
Optimizing NNI: done in 0.990899 secs using 379% CPU
Optimizing NNI: done in 1.03682 secs using 395.6% CPU
Optimizing NNI: done in 0.852105 secs using 394.4% CPU
Optimizing NNI: done in 0.95482 secs using 393.2% CPU
Iteration 160 / LogL: -4684.434 / Time: 0h:3m:4s (0h:0m:46s left)
Optimizing NNI: done in 1.11088 secs using 395.2% CPU
Optimizing NNI: done in 1.30673 secs using 382.4% CPU
Estimate model parameters (epsilon = 0.100)
BETTER TREE FOUND at iteration 162: -4667.010
Optimizing NNI: done in 1.07914 secs using 392.1% CPU
Optimizing NNI: done in 1.04185 secs using 394.9% CPU
Optimizing NNI: done in 0.858242 secs using 396.1% CPU
Optimizing NNI: done in 0.836016 secs using 392.2% CPU
Optimizing NNI: done in 1.11813 secs using 382.6% CPU
Optimizing NNI: done in 0.806688 secs using 395.2% CPU
Optimizing NNI: done in 0.848847 secs using 395.3% CPU
Optimizing NNI: done in 0.853425 secs using 394.8% CPU
Iteration 170 / LogL: -4693.527 / Time: 0h:3m:15s (0h:1m:46s left)
Optimizing NNI: done in 0.845222 secs using 394.9% CPU
Optimizing NNI: done in 0.925155 secs using 377.6% CPU
Optimizing NNI: done in 1.09048 secs using 394.8% CPU
Optimizing NNI: done in 1.2032 secs using 395.6% CPU
Optimizing NNI: done in 0.825822 secs using 393.3% CPU
Optimizing NNI: done in 0.711864 secs using 393.6% CPU
Optimizing NNI: done in 1.03204 secs using 383.9% CPU
Optimizing NNI: done in 0.918251 secs using 397% CPU
Optimizing NNI: done in 0.8634 secs using 395.1% CPU
Optimizing NNI: done in 1.14361 secs using 395.6% CPU
Iteration 180 / LogL: -4671.027 / Time: 0h:3m:25s (0h:1m:34s left)
Optimizing NNI: done in 1.12539 secs using 394.1% CPU
Optimizing NNI: done in 1.33837 secs using 380.7% CPU
Optimizing NNI: done in 0.708627 secs using 396.7% CPU
Optimizing NNI: done in 0.942702 secs using 393.5% CPU
Optimizing NNI: done in 0.843248 secs using 394.6% CPU
Optimizing NNI: done in 0.978541 secs using 394.9% CPU
Optimizing NNI: done in 0.954437 secs using 394.3% CPU
Optimizing NNI: done in 1.10112 secs using 379.3% CPU
Optimizing NNI: done in 0.959665 secs using 396.6% CPU
Optimizing NNI: done in 0.727745 secs using 393.9% CPU
Iteration 190 / LogL: -4679.359 / Time: 0h:3m:36s (0h:1m:22s left)
Optimizing NNI: done in 1.15354 secs using 394.6% CPU
Optimizing NNI: done in 0.836093 secs using 393.2% CPU
Optimizing NNI: done in 1.42151 secs using 383.1% CPU
Optimizing NNI: done in 0.95581 secs using 394.3% CPU
Optimizing NNI: done in 1.29646 secs using 395.1% CPU
Optimizing NNI: done in 1.14307 secs using 396.9% CPU
Optimizing NNI: done in 1.45275 secs using 383.9% CPU
Optimizing NNI: done in 1.25235 secs using 394.3% CPU
Optimizing NNI: done in 1.059 secs using 396.2% CPU
Optimizing NNI: done in 0.947978 secs using 395.9% CPU
Iteration 200 / LogL: -4668.557 / Time: 0h:3m:48s (0h:1m:11s left)
Optimizing NNI: done in 0.867342 secs using 392.8% CPU
Optimizing NNI: done in 1.21939 secs using 379.6% CPU
Optimizing NNI: done in 1.27301 secs using 395.2% CPU
Optimizing NNI: done in 0.830772 secs using 396.3% CPU
Optimizing NNI: done in 0.841748 secs using 392.9% CPU
Optimizing NNI: done in 0.666193 secs using 390.8% CPU
Optimizing NNI: done in 0.698219 secs using 392.1% CPU
Optimizing NNI: done in 1.13554 secs using 380.3% CPU
Optimizing NNI: done in 1.05675 secs using 395% CPU
Optimizing NNI: done in 0.993187 secs using 392.2% CPU
Iteration 210 / LogL: -4667.429 / Time: 0h:3m:58s (0h:0m:59s left)
Optimizing NNI: done in 0.816992 secs using 396.6% CPU
Optimizing NNI: done in 0.943684 secs using 395.4% CPU
Optimizing NNI: done in 1.08253 secs using 379.8% CPU
Optimizing NNI: done in 1.14952 secs using 392.2% CPU
Optimizing NNI: done in 1.09926 secs using 394.9% CPU
Optimizing NNI: done in 1.31249 secs using 394.5% CPU
Optimizing NNI: done in 0.712012 secs using 393.5% CPU
Optimizing NNI: done in 0.867896 secs using 376.8% CPU
Optimizing NNI: done in 0.8678 secs using 393.9% CPU
Optimizing NNI: done in 0.866846 secs using 395.1% CPU
Iteration 220 / LogL: -4698.182 / Time: 0h:4m:8s (0h:0m:47s left)
Optimizing NNI: done in 0.937047 secs using 396% CPU
Optimizing NNI: done in 1.05839 secs using 393.5% CPU
Optimizing NNI: done in 1.18665 secs using 386.3% CPU
Optimizing NNI: done in 1.08215 secs using 393.6% CPU
Optimizing NNI: done in 0.838401 secs using 394.5% CPU
Optimizing NNI: done in 0.830016 secs using 396.7% CPU
Optimizing NNI: done in 0.720077 secs using 394.5% CPU
Optimizing NNI: done in 0.860129 secs using 394.3% CPU
Optimizing NNI: done in 0.9956 secs using 379.7% CPU
Optimizing NNI: done in 0.888591 secs using 395.3% CPU
Iteration 230 / LogL: -4668.235 / Time: 0h:4m:18s (0h:0m:36s left)
Optimizing NNI: done in 1.04777 secs using 395.8% CPU
Optimizing NNI: done in 1.1653 secs using 394.2% CPU
Optimizing NNI: done in 0.964854 secs using 397.2% CPU
Optimizing NNI: done in 1.17004 secs using 381% CPU
Optimizing NNI: done in 0.936514 secs using 394.5% CPU
Optimizing NNI: done in 0.939122 secs using 395.7% CPU
Optimizing NNI: done in 0.990456 secs using 394.1% CPU
Optimizing NNI: done in 0.726996 secs using 393.2% CPU
Optimizing NNI: done in 1.23905 secs using 384.7% CPU
Optimizing NNI: done in 1.26689 secs using 395% CPU
Iteration 240 / LogL: -4672.612 / Time: 0h:4m:29s (0h:0m:24s left)
Optimizing NNI: done in 1.16093 secs using 397% CPU
Optimizing NNI: done in 0.97546 secs using 391.7% CPU
Optimizing NNI: done in 0.916494 secs using 392.6% CPU
Optimizing NNI: done in 1.05364 secs using 380.1% CPU
Optimizing NNI: done in 0.954013 secs using 391.4% CPU
Optimizing NNI: done in 0.826481 secs using 393.9% CPU
Optimizing NNI: done in 0.990775 secs using 390.4% CPU
Optimizing NNI: done in 1.22353 secs using 395.9% CPU
Optimizing NNI: done in 1.17927 secs using 380.9% CPU
Optimizing NNI: done in 1.01594 secs using 393.3% CPU
Iteration 250 / LogL: -4678.844 / Time: 0h:4m:40s (0h:0m:13s left)
Optimizing NNI: done in 0.873473 secs using 397.1% CPU
Optimizing NNI: done in 0.84105 secs using 397.1% CPU
Optimizing NNI: done in 0.835764 secs using 394.9% CPU
Optimizing NNI: done in 0.78118 secs using 394.7% CPU
Optimizing NNI: done in 1.13366 secs using 380.2% CPU
Optimizing NNI: done in 1.02245 secs using 392.8% CPU
Optimizing NNI: done in 0.96593 secs using 393.6% CPU
Optimizing NNI: done in 1.1449 secs using 395.4% CPU
Optimizing NNI: done in 0.755106 secs using 395.4% CPU
Optimizing NNI: done in 1.2968 secs using 382.7% CPU
Iteration 260 / LogL: -4673.306 / Time: 0h:4m:51s (0h:0m:2s left)
Optimizing NNI: done in 1.01355 secs using 395.3% CPU
Optimizing NNI: done in 0.727291 secs using 393.7% CPU
Optimizing NNI: done in 0.885469 secs using 395% CPU
TREE SEARCH COMPLETED AFTER 263 ITERATIONS / Time: 0h:4m:54s

--------------------------------------------------------------------
|                    FINALIZING TREE SEARCH                        |
--------------------------------------------------------------------
Performs final model parameters optimization
Estimate model parameters (epsilon = 0.010)
1. Initial log-likelihood: -4667.010
Optimal log-likelihood: -4667.005
Rate parameters:  A-C: 1.03846  A-G: 1.54638  A-T: 0.21268  C-G: 0.08367  C-T: 2.00188  G-T: 1.00000
Base frequencies:  A: 0.342  C: 0.187  G: 0.286  T: 0.185
Site proportion and rates:  (0.065,0.303) (0.116,0.366) (0.185,0.761) (0.259,0.883) (0.242,0.990) (0.133,2.475)
Parameters optimization took 1 rounds (0.582 sec)
BEST SCORE FOUND : -4667.005
Total tree length: 5.217

Total number of iterations: 263
CPU time used for tree search: 1072.465 sec (0h:17m:52s)
Wall-clock time used for tree search: 289.441 sec (0h:4m:49s)
Total CPU time used: 1088.166 sec (0h:18m:8s)
Total wall-clock time used: 294.637 sec (0h:4m:54s)

Analysis results written to: 
  IQ-TREE report:                IQTREE_bestTree.InWindow_2260_to_2510.iqtree
  Maximum-likelihood tree:       IQTREE_bestTree.InWindow_2260_to_2510.treefile
  Likelihood distances:          IQTREE_bestTree.InWindow_2260_to_2510.mldist
  Screen log file:               IQTREE_bestTree.InWindow_2260_to_2510.log

Date and Time: Sun Jul 23 01:44:58 2023
