IQ-TREE multicore version 2.2.2.7 COVID-edition for Linux 64-bit built Jun  7 2023
Developed by Bui Quang Minh, James Barbetti, Nguyen Lam Tung,
Olga Chernomor, Heiko Schmidt, Dominik Schrempf, Michael Woodhams, Ly Trong Nhan.

Host:    hpc-node03 (AVX2, FMA3, 1007 GB RAM)
Command: iqtree -s AlignedReadsInWindow_PositionsExcised_2340_to_2590.fasta -pre IQTREE_bestTree.InWindow_2340_to_2590 -m GTR+F+R6 -nt 4
Seed:    438125 (Using SPRNG - Scalable Parallel Random Number Generator)
Time:    Sat Jul 22 23:04:23 2023
Kernel:  AVX+FMA - 4 threads (4 CPU cores detected)

Reading alignment file AlignedReadsInWindow_PositionsExcised_2340_to_2590.fasta ... Fasta format detected
Reading fasta file: done in 0.0060205 secs using 90.74% CPU
Alignment most likely contains DNA/RNA sequences
Constructing alignment: done in 0.00178912 secs using 99.99% CPU
Alignment has 878 sequences with 167 columns, 156 distinct patterns
125 parsimony-informative, 13 singleton sites, 29 constant sites
                                                            Gap/Ambiguity  Composition  p-value
Analyzing sequences: done in 0.00021827 secs using 877.8% CPU
   1  200724_20-08522_HIV11-02415_FL24_S18_L000_read_1_count_585   17.96%    passed     99.97%
   2  200724_20-08522_HIV11-02415_FL24_S18_L000_read_2_count_97    17.96%    passed     99.64%
   3  200724_20-08522_HIV11-02415_FL24_S18_L000_read_3_count_34    17.96%    passed     98.83%
   4  200724_20-08522_HIV11-02415_FL24_S18_L000_read_4_count_34    17.96%    passed     98.19%
   5  200724_20-08522_HIV11-02415_FL24_S18_L000_read_5_count_29    17.96%    passed     99.86%
   6  200724_20-08522_HIV11-02415_FL24_S18_L000_read_6_count_22    17.96%    passed     99.64%
   7  200724_20-08522_HIV11-02415_FL24_S18_L000_read_7_count_21    17.96%    passed     99.64%
   8  200724_20-08522_HIV11-02415_FL24_S18_L000_read_8_count_11    17.96%    passed     99.50%
   9  200724_20-08522_HIV11-02415_FL24_S18_L000_read_9_count_10    17.96%    passed     99.97%
  10  200724_20-08522_HIV11-02415_FL24_S18_L000_read_10_count_10   17.96%    passed     97.65%
  11  200724_20-08522_HIV11-02415_FL24_S18_L000_read_11_count_10   17.96%    passed     98.19%
  12  200724_20-08522_HIV11-02415_FL24_S18_L000_read_12_count_7    17.96%    passed     97.65%
  13  200724_20-08522_HIV11-02415_FL24_S18_L000_read_13_count_6    17.96%    passed     97.65%
  14  200724_20-08522_HIV11-02415_FL24_S18_L000_read_14_count_6    17.96%    passed     99.86%
  15  200724_20-08522_HIV11-02415_FL24_S18_L000_read_15_count_6    17.96%    passed     98.72%
  16  200724_20-08522_HIV11-02415_FL24_S18_L000_read_16_count_6    17.96%    passed     99.81%
  17  200724_20-08522_HIV11-02415_FL24_S18_L000_read_17_count_5    17.96%    passed     99.41%
  18  200724_20-08522_HIV11-02415_FL24_S18_L000_read_18_count_5    17.96%    passed     99.81%
  19  200724_20-08522_HIV11-02415_FL24_S18_L000_read_19_count_5    17.96%    passed     99.64%
  20  200724_20-08522_HIV11-02415_FL24_S18_L000_read_20_count_4    17.96%    passed     99.81%
  21  200724_20-08522_HIV11-02415_FL24_S18_L000_read_21_count_4    17.96%    passed     99.97%
  22  200724_20-08522_HIV11-02415_FL24_S18_L000_read_22_count_4    17.96%    passed     99.50%
  23  200724_20-08522_HIV11-02415_FL24_S18_L000_read_23_count_4    17.96%    passed     99.50%
  24  200724_20-08522_HIV11-02415_FL24_S18_L000_read_24_count_4    17.96%    passed     98.71%
  25  200724_20-08522_HIV11-02415_FL24_S18_L000_read_25_count_3    17.96%    passed     99.64%
  26  200724_20-08522_HIV11-02415_FL24_S18_L000_read_26_count_3    17.96%    passed     99.64%
  27  200724_20-08522_HIV11-02415_FL24_S18_L000_read_27_count_3    17.96%    passed     84.46%
  28  200724_20-08522_HIV11-02415_FL24_S18_L000_read_28_count_3    17.96%    passed     99.58%
  29  200724_20-08522_HIV11-02415_FL24_S18_L000_read_29_count_3    17.96%    passed     97.65%
  30  200724_20-08522_HIV11-02415_FL24_S18_L000_read_30_count_3    17.96%    passed     99.81%
  31  200724_20-08522_HIV11-02415_FL24_S18_L000_read_31_count_3    17.96%    passed     97.65%
  32  200724_20-08522_HIV11-02415_FL24_S18_L000_read_32_count_3    17.96%    passed     99.41%
  33  200724_20-08522_HIV11-02415_FL24_S18_L000_read_33_count_3    17.96%    passed     99.64%
  34  200724_20-08522_HIV11-02415_FL24_S18_L000_read_34_count_3    17.96%    passed     98.19%
  35  200724_20-08522_HIV11-02415_FL24_S18_L000_read_35_count_3    17.96%    passed     98.72%
  36  200724_20-08522_HIV11-02415_FL24_S18_L000_read_36_count_3    17.96%    passed     99.50%
  37  200724_20-08522_HIV11-02415_FL24_S18_L000_read_37_count_3    17.96%    passed     99.50%
  38  200724_20-08522_HIV11-02415_FL24_S18_L000_read_38_count_3    17.96%    passed     99.81%
  39  200724_20-08522_HIV11-02415_FL24_S18_L000_read_39_count_3    17.96%    passed     99.64%
  40  200724_20-08522_HIV11-02415_FL24_S18_L000_read_40_count_2    17.96%    passed     99.58%
  41  200724_20-08522_HIV11-02415_FL24_S18_L000_read_41_count_2    17.96%    passed     99.86%
  42  200724_20-08522_HIV11-02415_FL24_S18_L000_read_42_count_2    17.96%    passed     99.50%
  43  200724_20-08522_HIV11-02415_FL24_S18_L000_read_43_count_2    17.96%    passed     99.50%
  44  200724_20-08522_HIV11-02415_FL24_S18_L000_read_44_count_2    17.96%    passed     98.48%
  45  200724_20-08522_HIV11-02415_FL24_S18_L000_read_45_count_2    17.96%    passed     99.58%
  46  200724_20-08522_HIV11-02415_FL24_S18_L000_read_46_count_2    17.96%    passed     99.87%
  47  200724_20-08522_HIV11-02415_FL24_S18_L000_read_47_count_2    17.96%    passed     99.50%
  48  200724_20-08522_HIV11-02415_FL24_S18_L000_read_48_count_2    17.96%    passed     99.59%
  49  200724_20-08522_HIV11-02415_FL24_S18_L000_read_49_count_2    17.96%    passed     99.58%
  50  200724_20-08522_HIV11-02415_FL24_S18_L000_read_50_count_2    17.96%    passed     99.50%
  51  200724_20-08522_HIV11-02415_FL24_S18_L000_read_51_count_2    17.96%    passed     99.58%
  52  200724_20-08522_HIV11-02415_FL24_S18_L000_read_52_count_2    17.96%    passed     98.83%
  53  200724_20-08522_HIV11-02415_FL24_S18_L000_read_53_count_2    17.96%    passed     99.50%
  54  200724_20-08522_HIV11-02415_FL24_S18_L000_read_54_count_2    17.96%    passed     99.50%
  55  200724_20-08522_HIV11-02415_FL24_S18_L000_read_55_count_2    17.96%    passed     98.83%
  56  200724_20-08522_HIV11-02415_FL24_S18_L000_read_56_count_2    17.96%    passed     99.64%
  57  200724_20-08522_HIV11-02415_FL24_S18_L000_read_57_count_2    17.96%    passed     95.57%
  58  200724_20-08522_HIV11-02415_FL24_S18_L000_read_58_count_2    17.96%    passed     99.58%
  59  200724_20-08522_HIV11-02415_FL24_S18_L000_read_59_count_2    17.96%    passed     98.78%
  60  200724_20-08522_HIV11-02415_FL24_S18_L000_read_60_count_2    17.96%    passed     92.73%
  61  200724_20-08522_HIV11-02415_FL24_S18_L000_read_61_count_2    17.96%    passed     97.17%
  62  200724_20-08522_HIV11-02415_FL24_S18_L000_read_62_count_2    17.96%    passed     99.81%
  63  200724_20-08522_HIV11-02415_FL24_S18_L000_read_63_count_2    17.96%    passed     99.58%
  64  200724_20-08522_HIV11-02415_FL24_S18_L000_read_64_count_2    17.96%    passed     99.41%
  65  200724_20-08522_HIV11-02415_FL24_S18_L000_read_65_count_2    17.96%    passed     97.65%
  66  200724_20-08522_HIV11-02415_FL24_S18_L000_read_66_count_2    17.96%    passed     99.81%
  67  200724_20-08522_HIV11-02415_FL24_S18_L000_read_67_count_2    17.96%    passed     99.50%
  68  200724_20-08522_HIV11-02415_FL24_S18_L000_read_68_count_2    17.96%    passed     99.50%
  69  200724_20-08522_HIV11-02415_FL24_S18_L000_read_69_count_2    17.96%    passed     95.57%
  70  200724_20-08522_HIV11-02415_FL24_S18_L000_read_70_count_2    17.96%    passed     98.83%
  71  200724_20-08522_HIV11-02415_FL24_S18_L000_read_71_count_1    17.96%    passed     99.64%
  72  200724_20-08522_HIV11-02415_FL24_S18_L000_read_72_count_1    17.96%    passed     99.58%
  73  200724_20-08522_HIV11-02415_FL24_S18_L000_read_73_count_1    17.96%    passed     99.58%
  74  200724_20-08522_HIV11-02415_FL24_S18_L000_read_74_count_1    17.96%    passed     97.94%
  75  200724_20-08522_HIV11-02415_FL24_S18_L000_read_75_count_1    17.96%    passed     95.66%
  76  200724_20-08522_HIV11-02415_FL24_S18_L000_read_76_count_1    17.96%    passed     99.59%
  77  200724_20-08522_HIV11-02415_FL24_S18_L000_read_77_count_1    17.96%    passed     98.72%
  78  200724_20-08522_HIV11-02415_FL24_S18_L000_read_78_count_1    17.96%    passed     98.82%
  79  200724_20-08522_HIV11-02415_FL24_S18_L000_read_79_count_1    17.96%    passed     98.73%
  80  200724_20-08522_HIV11-02415_FL24_S18_L000_read_80_count_1    17.96%    passed     99.87%
  81  200724_20-08522_HIV11-02415_FL24_S18_L000_read_81_count_1    17.96%    passed     99.59%
  82  200724_20-08522_HIV11-02415_FL24_S18_L000_read_82_count_1    17.96%    passed     99.97%
  83  200724_20-08522_HIV11-02415_FL24_S18_L000_read_83_count_1    17.96%    passed     99.50%
  84  200724_20-08522_HIV11-02415_FL24_S18_L000_read_84_count_1    17.96%    passed     99.41%
  85  200724_20-08522_HIV11-02415_FL24_S18_L000_read_85_count_1    17.96%    passed     99.81%
  86  200724_20-08522_HIV11-02415_FL24_S18_L000_read_86_count_1    17.96%    passed     95.57%
  87  200724_20-08522_HIV11-02415_FL24_S18_L000_read_87_count_1    17.96%    passed     99.58%
  88  200724_20-08522_HIV11-02415_FL24_S18_L000_read_88_count_1    17.96%    passed     99.64%
  89  200724_20-08522_HIV11-02415_FL24_S18_L000_read_89_count_1    17.96%    passed     99.81%
  90  200724_20-08522_HIV11-02415_FL24_S18_L000_read_90_count_1    17.96%    passed     97.61%
  91  200724_20-08522_HIV11-02415_FL24_S18_L000_read_91_count_1    17.96%    passed     99.87%
  92  200724_20-08522_HIV11-02415_FL24_S18_L000_read_92_count_1    17.96%    passed     99.39%
  93  200724_20-08522_HIV11-02415_FL24_S18_L000_read_93_count_1    17.96%    passed     99.58%
  94  200724_20-08522_HIV11-02415_FL24_S18_L000_read_94_count_1    17.96%    passed     99.59%
  95  200724_20-08522_HIV11-02415_FL24_S18_L000_read_95_count_1    17.96%    passed     99.81%
  96  200724_20-08522_HIV11-02415_FL24_S18_L000_read_96_count_1    17.96%    passed     97.61%
  97  200724_20-08522_HIV11-02415_FL24_S18_L000_read_97_count_1    17.96%    passed     98.93%
  98  200724_20-08522_HIV11-02415_FL24_S18_L000_read_98_count_1    17.96%    passed     99.39%
  99  200724_20-08522_HIV11-02415_FL24_S18_L000_read_99_count_1    18.56%    passed     99.87%
 100  200724_20-08522_HIV11-02415_FL24_S18_L000_read_100_count_1   17.96%    passed     97.23%
 101  200724_20-08522_HIV11-02415_FL24_S18_L000_read_101_count_1   17.96%    passed     92.73%
 102  200724_20-08522_HIV11-02415_FL24_S18_L000_read_102_count_1   17.96%    passed     98.93%
 103  200724_20-08522_HIV11-02415_FL24_S18_L000_read_103_count_1   17.96%    passed     99.58%
 104  200724_20-08522_HIV11-02415_FL24_S18_L000_read_104_count_1   17.96%    passed     97.23%
 105  200724_20-08522_HIV11-02415_FL24_S18_L000_read_105_count_1   17.96%    passed     98.93%
 106  200724_20-08522_HIV11-02415_FL24_S18_L000_read_106_count_1   17.96%    passed     95.49%
 107  200724_20-08522_HIV11-02415_FL24_S18_L000_read_107_count_1   17.96%    passed     93.42%
 108  200724_20-08522_HIV11-02415_FL24_S18_L000_read_108_count_1   17.96%    passed     98.93%
 109  200724_20-08522_HIV11-02415_FL24_S18_L000_read_109_count_1   17.96%    passed     95.11%
 110  200724_20-08522_HIV11-02415_FL24_S18_L000_read_110_count_1   17.96%    passed     98.93%
 111  200724_20-08522_HIV11-02415_FL24_S18_L000_read_111_count_1   17.96%    passed     97.04%
 112  200724_20-08522_HIV11-02415_FL24_S18_L000_read_112_count_1   17.96%    passed     99.50%
 113  200724_20-08522_HIV11-02415_FL24_S18_L000_read_113_count_1   17.96%    passed     97.96%
 114  200724_20-08522_HIV11-02415_FL24_S18_L000_read_114_count_1   17.96%    passed     97.61%
 115  200724_20-08522_HIV11-02415_FL24_S18_L000_read_115_count_1   17.96%    passed     99.23%
 116  200724_20-08522_HIV11-02415_FL24_S18_L000_read_116_count_1   17.96%    passed     99.97%
 117  200724_20-08522_HIV11-02415_FL24_S18_L000_read_117_count_1   17.96%    passed     98.23%
 118  200724_20-08522_HIV11-02415_FL24_S18_L000_read_118_count_1   17.96%    passed     99.50%
 119  200724_20-08522_HIV11-02415_FL24_S18_L000_read_119_count_1   17.96%    passed     99.64%
 120  200724_20-08522_HIV11-02415_FL24_S18_L000_read_120_count_1   17.96%    passed     97.75%
 121  200724_20-08522_HIV11-02415_FL24_S18_L000_read_121_count_1   17.96%    passed     89.00%
 122  200724_20-08522_HIV11-02415_FL24_S18_L000_read_122_count_1   17.96%    passed     92.73%
 123  200724_20-08522_HIV11-02415_FL24_S18_L000_read_123_count_1   17.96%    passed     99.97%
 124  200724_20-08522_HIV11-02415_FL24_S18_L000_read_124_count_1   17.96%    passed     97.91%
 125  200724_20-08522_HIV11-02415_FL24_S18_L000_read_125_count_1   17.96%    passed     98.29%
 126  200724_20-08522_HIV11-02415_FL24_S18_L000_read_126_count_1   17.96%    passed     99.87%
 127  200724_20-08522_HIV11-02415_FL24_S18_L000_read_127_count_1   17.96%    passed     99.58%
 128  200724_20-08522_HIV11-02415_FL24_S18_L000_read_128_count_1   17.96%    passed     98.23%
 129  200724_20-08522_HIV11-02415_FL24_S18_L000_read_129_count_1   17.96%    passed     98.83%
 130  200724_20-08522_HIV11-02415_FL24_S18_L000_read_130_count_1   18.56%    passed     99.87%
 131  200724_20-08522_HIV11-02415_FL24_S18_L000_read_131_count_1   17.96%    passed     97.49%
 132  200724_20-08522_HIV11-02415_FL24_S18_L000_read_132_count_1   17.96%    passed     98.71%
 133  200724_20-08522_HIV11-02415_FL24_S18_L000_read_133_count_1   17.96%    passed     93.42%
 134  200724_20-08522_HIV11-02415_FL24_S18_L000_read_134_count_1   17.96%    passed     99.41%
 135  200724_20-08522_HIV11-02415_FL24_S18_L000_read_135_count_1   17.96%    passed     99.87%
 136  200724_20-08522_HIV11-02415_FL24_S18_L000_read_136_count_1   17.96%    passed     98.93%
 137  200724_20-08522_HIV11-02415_FL24_S18_L000_read_137_count_1   17.96%    passed     99.58%
 138  200724_20-08522_HIV11-02415_FL24_S18_L000_read_138_count_1   17.96%    passed     99.50%
 139  200724_20-08522_HIV11-02415_FL24_S18_L000_read_139_count_1   17.96%    passed     98.83%
 140  200724_20-08522_HIV11-02415_FL24_S18_L000_read_140_count_1   17.96%    passed     99.50%
 141  200724_20-08522_HIV11-02415_FL24_S18_L000_read_141_count_1   17.96%    passed     92.73%
 142  200724_20-08522_HIV11-02415_FL24_S18_L000_read_142_count_1   18.56%    passed     99.93%
 143  200724_20-08522_HIV11-02415_FL24_S18_L000_read_143_count_1   17.96%    passed     98.71%
 144  200724_20-08522_HIV11-02415_FL24_S18_L000_read_144_count_1   17.96%    passed     99.86%
 145  200724_20-08522_HIV11-02415_FL24_S18_L000_read_145_count_1   17.96%    passed     99.58%
 146  200724_20-08522_HIV11-02415_FL24_S18_L000_read_146_count_1   17.96%    passed     99.87%
 147  200724_20-08522_HIV11-02415_FL24_S18_L000_read_147_count_1   17.96%    passed     97.96%
 148  200724_20-08522_HIV11-02415_FL24_S18_L000_read_148_count_1   17.96%    passed     95.57%
 149  200724_20-08522_HIV11-02415_FL24_S18_L000_read_149_count_1   17.37%    passed     96.77%
 150  200724_20-08522_HIV11-02415_FL24_S18_L000_read_150_count_1   17.96%    passed     98.48%
 151  200724_20-08522_HIV11-02415_FL24_S18_L000_read_151_count_1   17.96%    passed     99.81%
 152  200724_20-08522_HIV11-02415_FL24_S18_L000_read_152_count_1   17.96%    passed     99.81%
 153  200724_20-08522_HIV11-02415_FL24_S18_L000_read_153_count_1   17.96%    passed     95.57%
 154  200724_20-08522_HIV11-02415_FL24_S18_L000_read_154_count_1   17.96%    passed     98.93%
 155  200724_20-08522_HIV11-02415_FL24_S18_L000_read_155_count_1   17.96%    passed     99.39%
 156  200724_20-08522_HIV11-02415_FL24_S18_L000_read_156_count_1   17.96%    passed     98.83%
 157  200724_20-08522_HIV11-02415_FL24_S18_L000_read_157_count_1   17.96%    passed     98.93%
 158  200724_20-08522_HIV11-02415_FL24_S18_L000_read_158_count_1   17.96%    passed     98.78%
 159  200724_20-08522_HIV11-02415_FL24_S18_L000_read_159_count_1   17.96%    passed     98.48%
 160  200724_20-08522_HIV11-02415_FL24_S18_L000_read_160_count_1   17.96%    passed     97.65%
 161  200724_20-08522_HIV11-02415_FL24_S18_L000_read_161_count_1   17.96%    passed     98.83%
 162  200724_20-08522_HIV11-02415_FL24_S18_L000_read_162_count_1   17.96%    passed     97.61%
 163  200724_20-08522_HIV11-02415_FL24_S18_L000_read_163_count_1   17.96%    passed     99.58%
 164  200724_20-08522_HIV11-02415_FL24_S18_L000_read_164_count_1   17.96%    passed     98.93%
 165  200724_20-08522_HIV11-02415_FL24_S18_L000_read_165_count_1   17.96%    passed     99.39%
 166  200724_20-08522_HIV11-02415_FL24_S18_L000_read_166_count_1   17.96%    passed     99.39%
 167  200724_20-08522_HIV11-02415_FL24_S18_L000_read_167_count_1   17.96%    passed     99.81%
 168  200724_20-08522_HIV11-02415_FL24_S18_L000_read_168_count_1   17.96%    passed     99.81%
 169  200724_20-08522_HIV11-02415_FL24_S18_L000_read_169_count_1   17.96%    passed     98.93%
 170  200724_20-08522_HIV11-02415_FL24_S18_L000_read_170_count_1   17.96%    passed     97.61%
 171  200724_20-08522_HIV11-02415_FL24_S18_L000_read_171_count_1   17.96%    passed     99.39%
 172  200724_20-08522_HIV11-02415_FL24_S18_L000_read_172_count_1   17.96%    passed     98.72%
 173  200724_20-08522_HIV11-02415_FL24_S18_L000_read_173_count_1   17.96%    passed     99.97%
 174  200724_20-08522_HIV11-02415_FL24_S18_L000_read_174_count_1   17.96%    passed     99.64%
 175  200724_20-08522_HIV11-02415_FL24_S18_L000_read_175_count_1   17.96%    passed     94.94%
 176  200724_20-08522_HIV11-02415_FL24_S18_L000_read_176_count_1   17.96%    passed     95.81%
 177  200724_20-08522_HIV11-02415_FL24_S18_L000_read_177_count_1   17.96%    passed     95.35%
 178  200724_20-08522_HIV11-02415_FL24_S18_L000_read_178_count_1   17.96%    passed     99.64%
 179  200724_20-08522_HIV11-02415_FL24_S18_L000_read_179_count_1   17.96%    passed     99.86%
 180  200724_20-08522_HIV11-02415_FL24_S18_L000_read_180_count_1   17.96%    passed     99.81%
 181  200724_20-08522_HIV11-02415_FL24_S18_L000_read_181_count_1   17.96%    passed     98.93%
 182  200724_20-08522_HIV11-02415_FL24_S18_L000_read_182_count_1   17.96%    passed     97.61%
 183  200724_20-08522_HIV11-02415_FL24_S18_L000_read_183_count_1   17.96%    passed     97.91%
 184  200724_20-08522_HIV11-02415_FL24_S18_L000_read_184_count_1   17.96%    passed     90.17%
 185  200724_20-08522_HIV11-02415_FL24_S18_L000_read_185_count_1   18.56%    passed     99.87%
 186  200724_20-08522_HIV11-02415_FL24_S18_L000_read_186_count_1   17.96%    passed     99.41%
 187  200724_20-08522_HIV11-02415_FL24_S18_L000_read_187_count_1   17.96%    passed     99.64%
 188  200724_20-08522_HIV11-02415_FL24_S18_L000_read_188_count_1   17.96%    passed     99.41%
 189  200724_20-08522_HIV11-02415_FL24_S18_L000_read_189_count_1   18.56%    passed     99.87%
 190  200724_20-08522_HIV11-02415_FL24_S18_L000_read_190_count_1   17.96%    passed     97.61%
 191  200724_20-08522_HIV11-02415_FL24_S18_L000_read_191_count_1   17.96%    passed     97.91%
 192  200724_20-08522_HIV11-02415_FL24_S18_L000_read_192_count_1   17.96%    passed     99.58%
 193  200724_20-08522_HIV11-02415_FL24_S18_L000_read_193_count_1   17.96%    passed     99.81%
 194  200724_20-08522_HIV11-02415_FL24_S18_L000_read_194_count_1   17.96%    passed     97.61%
 195  200724_20-08522_HIV11-02415_FL24_S18_L000_read_195_count_1   17.96%    passed     97.96%
 196  200724_20-08522_HIV11-02415_FL24_S18_L000_read_196_count_1   17.96%    passed     98.71%
 197  200724_20-08522_HIV11-02415_FL24_S18_L000_read_197_count_1   17.96%    passed     98.93%
 198  200724_20-08522_HIV11-02415_FL24_S18_L000_read_198_count_1   17.96%    passed     99.87%
 199  200724_20-08522_HIV11-02415_FL24_S18_L000_read_199_count_1   17.96%    passed     99.58%
 200  200724_20-08522_HIV11-02415_FL24_S18_L000_read_200_count_1   17.96%    passed     99.81%
 201  200724_20-08522_HIV11-02415_FL24_S18_L000_read_201_count_1   17.96%    passed     99.64%
 202  200724_20-08522_HIV11-02415_FL24_S18_L000_read_202_count_1   17.96%    passed     98.32%
 203  200724_20-08522_HIV11-02415_FL24_S18_L000_read_203_count_1   17.96%    passed     97.72%
 204  200724_20-08522_HIV11-02415_FL24_S18_L000_read_204_count_1   17.96%    passed     97.75%
 205  200724_20-08522_HIV11-02415_FL24_S18_L000_read_205_count_1   17.96%    passed     99.81%
 206  200724_20-08522_HIV11-02415_FL24_S18_L000_read_206_count_1   14.37%    passed     99.83%
 207  200724_20-08522_HIV11-02415_FL24_S18_L000_read_207_count_1   17.96%    passed     99.58%
 208  200724_20-08522_HIV11-02415_FL24_S18_L000_read_208_count_1   17.96%    passed     99.87%
 209  200724_20-08522_HIV11-02415_FL24_S18_L000_read_209_count_1   17.96%    passed     97.94%
 210  200724_20-08522_HIV11-02415_FL24_S18_L000_read_210_count_1   17.96%    passed     97.61%
 211  200724_20-08522_HIV11-02415_FL24_S18_L000_read_211_count_1   18.56%    passed     98.88%
 212  200724_20-08522_HIV11-02415_FL24_S18_L000_read_212_count_1   17.96%    passed     98.19%
 213  200724_20-08522_HIV11-02415_FL24_S18_L000_read_213_count_1   17.96%    passed     99.64%
 214  200724_20-08522_HIV11-02415_FL24_S18_L000_read_214_count_1   17.96%    passed     99.86%
 215  200724_20-08522_HIV11-02415_FL24_S18_L000_read_215_count_1   17.96%    passed     93.88%
 216  200724_20-08522_HIV11-02415_FL24_S18_L000_read_216_count_1   17.96%    passed     92.73%
 217  200724_20-08522_HIV11-02415_FL24_S18_L000_read_217_count_1   17.96%    passed     99.87%
 218  200724_20-08522_HIV11-02415_FL24_S18_L000_read_218_count_1   17.96%    passed     99.58%
 219  200724_20-08522_HIV11-02415_FL24_S18_L000_read_219_count_1   17.96%    passed     99.58%
 220  200724_20-08522_HIV11-02415_FL24_S18_L000_read_220_count_1   17.96%    passed     98.48%
 221  200724_20-08522_HIV11-02415_FL24_S18_L000_read_221_count_1   17.96%    passed     99.41%
 222  200724_20-08522_HIV11-02415_FL24_S18_L000_read_222_count_1   17.96%    passed     98.29%
 223  200724_20-08522_HIV11-02415_FL24_S18_L000_read_223_count_1   17.96%    passed     99.59%
 224  200724_20-08522_HIV11-02415_FL24_S18_L000_read_224_count_1   17.96%    passed     99.58%
 225  200724_20-08522_HIV11-02415_FL24_S18_L000_read_225_count_1   17.96%    passed     99.50%
 226  200724_20-08522_HIV11-02415_FL24_S18_L000_read_226_count_1   17.96%    passed     98.71%
 227  200724_20-08522_HIV11-02415_FL24_S18_L000_read_227_count_1   17.96%    passed     95.57%
 228  200724_20-08522_HIV11-02415_FL24_S18_L000_read_228_count_1   17.96%    passed     99.23%
 229  200724_20-08522_HIV11-02415_FL24_S18_L000_read_229_count_1   17.96%    passed     99.41%
 230  200724_20-08522_HIV11-02415_FL24_S18_L000_read_230_count_1   17.96%    passed     99.81%
 231  200724_20-08522_HIV11-02415_FL24_S18_L000_read_231_count_1   17.96%    passed     99.64%
 232  200724_20-08522_HIV11-02415_FL24_S18_L000_read_232_count_1   17.96%    passed     97.91%
 233  200724_20-08522_HIV11-02415_FL24_S18_L000_read_233_count_1   17.96%    passed     99.81%
 234  200724_20-08522_HIV11-02415_FL24_S18_L000_read_234_count_1   18.56%    passed     86.96%
 235  200724_20-08522_HIV11-02415_FL24_S18_L000_read_235_count_1   17.96%    passed     90.17%
 236  200724_20-08522_HIV11-02415_FL24_S18_L000_read_236_count_1   17.96%    passed     99.59%
 237  200724_20-08522_HIV11-02415_FL24_S18_L000_read_237_count_1   17.96%    passed     97.75%
 238  200724_20-08522_HIV11-02415_FL24_S18_L000_read_238_count_1   17.96%    passed     98.93%
 239  200724_20-08522_HIV11-02415_FL24_S18_L000_read_239_count_1   17.96%    passed     99.58%
 240  200724_20-08522_HIV11-02415_FL24_S18_L000_read_240_count_1   17.96%    passed     99.58%
 241  200724_20-08522_HIV11-02415_FL24_S18_L000_read_241_count_1   17.96%    passed     98.93%
 242  200724_20-08522_HIV11-02415_FL24_S18_L000_read_242_count_1   17.96%    passed     99.59%
 243  200724_20-08522_HIV11-02415_FL24_S18_L000_read_243_count_1   17.96%    passed     99.50%
 244  200724_20-08522_HIV11-02415_FL24_S18_L000_read_244_count_1   17.96%    passed     99.87%
 245  200724_20-08522_HIV11-02415_FL24_S18_L000_read_245_count_1   17.96%    passed     99.39%
 246  200724_20-08522_HIV11-02415_FL24_S18_L000_read_246_count_1   17.96%    passed     98.93%
 247  200724_20-08522_HIV11-02415_FL24_S18_L000_read_247_count_1   17.96%    passed     91.26%
 248  200724_20-08522_HIV11-02415_FL24_S18_L000_read_248_count_1   17.96%    passed     98.71%
 249  200724_20-08522_HIV11-02415_FL24_S18_L000_read_249_count_1   19.76%    passed     99.55%
 250  200709_20-07994_HIV07-01067_FL21_S1_L000_read_1_count_1076   17.96%    passed     99.58%
 251  200709_20-07994_HIV07-01067_FL21_S1_L000_read_2_count_280    17.96%    passed     99.86%
 252  200709_20-07994_HIV07-01067_FL21_S1_L000_read_3_count_18     17.96%    passed     99.59%
 253  200709_20-07994_HIV07-01067_FL21_S1_L000_read_4_count_11     17.96%    passed     99.64%
 254  200709_20-07994_HIV07-01067_FL21_S1_L000_read_5_count_8      17.96%    passed     98.23%
 255  200709_20-07994_HIV07-01067_FL21_S1_L000_read_6_count_6      17.96%    passed     99.86%
 256  200709_20-07994_HIV07-01067_FL21_S1_L000_read_7_count_5      17.96%    passed     99.59%
 257  200709_20-07994_HIV07-01067_FL21_S1_L000_read_8_count_5      17.96%    passed     99.97%
 258  200709_20-07994_HIV07-01067_FL21_S1_L000_read_9_count_4      17.96%    passed     99.39%
 259  200709_20-07994_HIV07-01067_FL21_S1_L000_read_10_count_4     17.96%    passed     99.86%
 260  200709_20-07994_HIV07-01067_FL21_S1_L000_read_11_count_4     17.96%    passed     98.23%
 261  200709_20-07994_HIV07-01067_FL21_S1_L000_read_12_count_3     18.56%    passed     99.49%
 262  200709_20-07994_HIV07-01067_FL21_S1_L000_read_13_count_3     17.96%    passed     97.14%
 263  200709_20-07994_HIV07-01067_FL21_S1_L000_read_14_count_3     17.96%    passed     99.59%
 264  200709_20-07994_HIV07-01067_FL21_S1_L000_read_15_count_3     17.96%    passed     99.59%
 265  200709_20-07994_HIV07-01067_FL21_S1_L000_read_16_count_3     17.96%    passed     97.11%
 266  200709_20-07994_HIV07-01067_FL21_S1_L000_read_17_count_2     17.96%    passed     99.59%
 267  200709_20-07994_HIV07-01067_FL21_S1_L000_read_18_count_2     17.96%    passed     98.72%
 268  200709_20-07994_HIV07-01067_FL21_S1_L000_read_19_count_2     17.96%    passed     99.59%
 269  200709_20-07994_HIV07-01067_FL21_S1_L000_read_20_count_2     17.96%    passed     99.87%
 270  200709_20-07994_HIV07-01067_FL21_S1_L000_read_21_count_2     18.56%    passed     98.73%
 271  200709_20-07994_HIV07-01067_FL21_S1_L000_read_22_count_2     17.96%    passed     99.64%
 272  200709_20-07994_HIV07-01067_FL21_S1_L000_read_23_count_2     17.96%    passed     99.59%
 273  200709_20-07994_HIV07-01067_FL21_S1_L000_read_24_count_2     17.96%    passed     87.40%
 274  200709_20-07994_HIV07-01067_FL21_S1_L000_read_25_count_2     17.96%    passed     97.11%
 275  200709_20-07994_HIV07-01067_FL21_S1_L000_read_26_count_2     17.96%    passed     99.87%
 276  200709_20-07994_HIV07-01067_FL21_S1_L000_read_27_count_2     17.96%    passed     99.59%
 277  200709_20-07994_HIV07-01067_FL21_S1_L000_read_28_count_2     17.96%    passed     98.71%
 278  200709_20-07994_HIV07-01067_FL21_S1_L000_read_29_count_2     17.96%    passed     98.23%
 279  200709_20-07994_HIV07-01067_FL21_S1_L000_read_30_count_2     17.96%    passed     99.87%
 280  200709_20-07994_HIV07-01067_FL21_S1_L000_read_31_count_2     17.96%    passed     99.86%
 281  200709_20-07994_HIV07-01067_FL21_S1_L000_read_32_count_2     17.96%    passed     97.11%
 282  200709_20-07994_HIV07-01067_FL21_S1_L000_read_33_count_2     17.96%    passed     99.59%
 283  200709_20-07994_HIV07-01067_FL21_S1_L000_read_34_count_2     17.96%    passed     98.23%
 284  200709_20-07994_HIV07-01067_FL21_S1_L000_read_35_count_2     17.96%    passed     99.59%
 285  200709_20-07994_HIV07-01067_FL21_S1_L000_read_36_count_2     17.96%    passed     99.59%
 286  200709_20-07994_HIV07-01067_FL21_S1_L000_read_37_count_2     18.56%    passed     99.49%
 287  200709_20-07994_HIV07-01067_FL21_S1_L000_read_38_count_2     17.96%    passed     98.23%
 288  200709_20-07994_HIV07-01067_FL21_S1_L000_read_39_count_2     17.96%    passed     98.23%
 289  200709_20-07994_HIV07-01067_FL21_S1_L000_read_40_count_2     17.96%    passed     98.23%
 290  200709_20-07994_HIV07-01067_FL21_S1_L000_read_41_count_2     17.96%    passed     99.59%
 291  200709_20-07994_HIV07-01067_FL21_S1_L000_read_42_count_2     17.96%    passed     98.19%
 292  200709_20-07994_HIV07-01067_FL21_S1_L000_read_43_count_2     17.96%    passed     99.97%
 293  200709_20-07994_HIV07-01067_FL21_S1_L000_read_44_count_2     17.96%    passed     99.59%
 294  200709_20-07994_HIV07-01067_FL21_S1_L000_read_45_count_2     17.96%    passed     99.86%
 295  200709_20-07994_HIV07-01067_FL21_S1_L000_read_46_count_1     17.96%    passed     99.58%
 296  200709_20-07994_HIV07-01067_FL21_S1_L000_read_47_count_1     17.96%    passed     98.29%
 297  200709_20-07994_HIV07-01067_FL21_S1_L000_read_48_count_1     17.96%    passed     99.64%
 298  200709_20-07994_HIV07-01067_FL21_S1_L000_read_49_count_1     17.96%    passed     99.86%
 299  200709_20-07994_HIV07-01067_FL21_S1_L000_read_50_count_1     16.77%    passed     99.96%
 300  200709_20-07994_HIV07-01067_FL21_S1_L000_read_51_count_1     17.96%    passed     93.93%
 301  200709_20-07994_HIV07-01067_FL21_S1_L000_read_52_count_1     18.56%    passed     99.80%
 302  200709_20-07994_HIV07-01067_FL21_S1_L000_read_53_count_1     17.96%    passed     97.16%
 303  200709_20-07994_HIV07-01067_FL21_S1_L000_read_54_count_1     17.96%    passed     99.59%
 304  200709_20-07994_HIV07-01067_FL21_S1_L000_read_55_count_1     17.96%    passed     98.17%
 305  200709_20-07994_HIV07-01067_FL21_S1_L000_read_56_count_1     17.96%    passed     98.23%
 306  200709_20-07994_HIV07-01067_FL21_S1_L000_read_57_count_1     18.56%    passed     96.00%
 307  200709_20-07994_HIV07-01067_FL21_S1_L000_read_58_count_1     17.96%    passed     95.10%
 308  200709_20-07994_HIV07-01067_FL21_S1_L000_read_59_count_1     17.96%    passed     97.11%
 309  200709_20-07994_HIV07-01067_FL21_S1_L000_read_60_count_1     17.96%    passed     98.71%
 310  200709_20-07994_HIV07-01067_FL21_S1_L000_read_61_count_1     17.96%    passed     98.90%
 311  200709_20-07994_HIV07-01067_FL21_S1_L000_read_62_count_1     17.96%    passed     97.65%
 312  200709_20-07994_HIV07-01067_FL21_S1_L000_read_63_count_1     17.96%    passed     99.59%
 313  200709_20-07994_HIV07-01067_FL21_S1_L000_read_64_count_1     17.96%    passed     97.11%
 314  200709_20-07994_HIV07-01067_FL21_S1_L000_read_65_count_1     13.77%    passed     99.41%
 315  200709_20-07994_HIV07-01067_FL21_S1_L000_read_66_count_1     17.96%    passed     98.19%
 316  200709_20-07994_HIV07-01067_FL21_S1_L000_read_67_count_1     17.96%    passed     99.64%
 317  200709_20-07994_HIV07-01067_FL21_S1_L000_read_68_count_1     18.56%    passed     99.92%
 318  200709_20-07994_HIV07-01067_FL21_S1_L000_read_69_count_1     17.96%    passed     99.59%
 319  200709_20-07994_HIV07-01067_FL21_S1_L000_read_70_count_1     17.96%    passed     99.86%
 320  200709_20-07994_HIV07-01067_FL21_S1_L000_read_71_count_1     17.96%    passed     98.19%
 321  200709_20-07994_HIV07-01067_FL21_S1_L000_read_72_count_1     17.96%    passed     97.11%
 322  200709_20-07994_HIV07-01067_FL21_S1_L000_read_73_count_1     17.96%    passed     99.87%
 323  200709_20-07994_HIV07-01067_FL21_S1_L000_read_74_count_1     17.96%    passed     98.72%
 324  200709_20-07994_HIV07-01067_FL21_S1_L000_read_75_count_1     17.96%    passed     98.23%
 325  200709_20-07994_HIV07-01067_FL21_S1_L000_read_76_count_1     17.96%    passed     99.97%
 326  200709_20-07994_HIV07-01067_FL21_S1_L000_read_77_count_1     17.96%    passed     97.11%
 327  200709_20-07994_HIV07-01067_FL21_S1_L000_read_78_count_1     17.96%    passed     98.23%
 328  200709_20-07994_HIV07-01067_FL21_S1_L000_read_79_count_1     17.96%    passed     99.86%
 329  200709_20-07994_HIV07-01067_FL21_S1_L000_read_80_count_1     17.96%    passed     99.97%
 330  200709_20-07994_HIV07-01067_FL21_S1_L000_read_81_count_1     17.96%    passed     99.59%
 331  200709_20-07994_HIV07-01067_FL21_S1_L000_read_82_count_1     17.96%    passed     98.23%
 332  200709_20-07994_HIV07-01067_FL21_S1_L000_read_83_count_1     17.96%    passed     98.71%
 333  200709_20-07994_HIV07-01067_FL21_S1_L000_read_84_count_1     17.96%    passed     98.71%
 334  200709_20-07994_HIV07-01067_FL21_S1_L000_read_85_count_1     17.96%    passed     98.82%
 335  200709_20-07994_HIV07-01067_FL21_S1_L000_read_86_count_1     17.96%    passed     99.81%
 336  200709_20-07994_HIV07-01067_FL21_S1_L000_read_87_count_1     17.96%    passed     98.17%
 337  200709_20-07994_HIV07-01067_FL21_S1_L000_read_88_count_1     18.56%    passed     99.74%
 338  200709_20-07994_HIV07-01067_FL21_S1_L000_read_89_count_1     17.96%    passed     98.19%
 339  200709_20-07994_HIV07-01067_FL21_S1_L000_read_90_count_1     17.96%    passed     98.62%
 340  200709_20-07994_HIV07-01067_FL21_S1_L000_read_91_count_1     17.96%    passed     99.97%
 341  200709_20-07994_HIV07-01067_FL21_S1_L000_read_92_count_1     17.96%    passed     99.97%
 342  200709_20-07994_HIV07-01067_FL21_S1_L000_read_93_count_1     17.96%    passed     99.87%
 343  200709_20-07994_HIV07-01067_FL21_S1_L000_read_94_count_1     17.96%    passed     98.72%
 344  200709_20-07994_HIV07-01067_FL21_S1_L000_read_95_count_1     17.96%    passed     98.23%
 345  200709_20-07994_HIV07-01067_FL21_S1_L000_read_96_count_1     17.96%    passed     99.64%
 346  200709_20-07994_HIV07-01067_FL21_S1_L000_read_97_count_1     17.96%    passed     99.64%
 347  200709_20-07994_HIV07-01067_FL21_S1_L000_read_98_count_1     17.96%    passed     98.23%
 348  200709_20-07994_HIV07-01067_FL21_S1_L000_read_99_count_1     17.96%    passed     98.29%
 349  200709_20-07994_HIV07-01067_FL21_S1_L000_read_100_count_1    17.96%    passed     98.17%
 350  200709_20-07994_HIV07-01067_FL21_S1_L000_read_101_count_1    17.96%    passed     99.86%
 351  200709_20-07994_HIV07-01067_FL21_S1_L000_read_102_count_1    17.96%    passed     99.64%
 352  200709_20-07994_HIV07-01067_FL21_S1_L000_read_103_count_1    17.96%    passed     98.23%
 353  200709_20-07994_HIV07-01067_FL21_S1_L000_read_104_count_1    17.96%    passed     99.64%
 354  200709_20-07994_HIV07-01067_FL21_S1_L000_read_105_count_1    17.96%    passed     98.17%
 355  200709_20-07994_HIV07-01067_FL21_S1_L000_read_106_count_1    17.96%    passed     97.16%
 356  200709_20-07994_HIV07-01067_FL21_S1_L000_read_107_count_1    17.96%    passed     98.71%
 357  200709_20-07994_HIV07-01067_FL21_S1_L000_read_108_count_1    17.96%    passed     98.72%
 358  200709_20-07994_HIV07-01067_FL21_S1_L000_read_109_count_1    17.96%    passed     99.86%
 359  200709_20-07994_HIV07-01067_FL21_S1_L000_read_110_count_1    17.96%    passed     99.59%
 360  200709_20-07994_HIV07-01067_FL21_S1_L000_read_111_count_1    17.96%    passed     97.11%
 361  200709_20-07994_HIV07-01067_FL21_S1_L000_read_112_count_1    17.96%    passed     98.71%
 362  200709_20-07994_HIV07-01067_FL21_S1_L000_read_113_count_1    17.96%    passed     95.10%
 363  200709_20-07994_HIV07-01067_FL21_S1_L000_read_114_count_1    17.96%    passed     99.87%
 364  200709_20-07994_HIV07-01067_FL21_S1_L000_read_115_count_1    17.96%    passed     98.17%
 365  200709_20-07994_HIV07-01067_FL21_S1_L000_read_116_count_1    17.96%    passed     99.87%
 366  200709_20-07994_HIV07-01067_FL21_S1_L000_read_117_count_1    17.96%    passed     99.59%
 367  200709_20-07994_HIV07-01067_FL21_S1_L000_read_118_count_1    17.96%    passed     99.58%
 368  200709_20-07994_HIV07-01067_FL21_S1_L000_read_119_count_1    17.96%    passed     99.87%
 369  200709_20-07994_HIV07-01067_FL21_S1_L000_read_120_count_1    17.96%    passed     98.23%
 370  200709_20-07994_HIV07-01067_FL21_S1_L000_read_121_count_1    17.96%    passed     98.17%
 371  200709_20-07994_HIV07-01067_FL21_S1_L000_read_122_count_1    17.96%    passed     98.17%
 372  200709_20-07994_HIV07-01067_FL21_S1_L000_read_123_count_1    17.96%    passed     93.93%
 373  200709_20-07994_HIV07-01067_FL21_S1_L000_read_124_count_1    17.96%    passed     98.17%
 374  200709_20-07994_HIV07-01067_FL21_S1_L000_read_125_count_1    17.96%    passed     99.86%
 375  200709_20-07994_HIV07-01067_FL21_S1_L000_read_126_count_1    17.96%    passed     98.71%
 376  200709_20-07994_HIV07-01067_FL21_S1_L000_read_127_count_1    17.37%    passed     99.99%
 377  200709_20-07994_HIV07-01067_FL21_S1_L000_read_128_count_1    17.96%    passed     99.64%
 378  200709_20-07994_HIV07-01067_FL21_S1_L000_read_129_count_1    17.96%    passed     98.72%
 379  200709_20-07994_HIV07-01067_FL21_S1_L000_read_130_count_1    17.96%    passed     99.41%
 380  200709_20-07994_HIV07-01067_FL21_S1_L000_read_131_count_1    17.96%    passed     98.72%
 381  200709_20-07994_HIV07-01067_FL21_S1_L000_read_132_count_1    17.96%    passed     99.59%
 382  200709_20-07994_HIV07-01067_FL21_S1_L000_read_133_count_1    17.96%    passed     99.59%
 383  200709_20-07994_HIV07-01067_FL21_S1_L000_read_134_count_1    17.96%    passed     99.87%
 384  200709_20-07994_HIV07-01067_FL21_S1_L000_read_135_count_1    17.96%    passed     98.23%
 385  200709_20-07994_HIV07-01067_FL21_S1_L000_read_136_count_1    17.96%    passed     98.29%
 386  200709_20-07994_HIV07-01067_FL21_S1_L000_read_137_count_1    17.96%    passed     98.62%
 387  200709_20-07994_HIV07-01067_FL21_S1_L000_read_138_count_1    17.96%    passed     99.81%
 388  200709_20-07994_HIV07-01067_FL21_S1_L000_read_139_count_1    17.96%    passed     99.97%
 389  200709_20-07994_HIV07-01067_FL21_S1_L000_read_140_count_1    17.96%    passed     99.39%
 390  200703_20-07825_HIV09-00618_FL18_S6_L000_read_1_count_1627   17.96%    passed     99.87%
 391  200703_20-07825_HIV09-00618_FL18_S6_L000_read_2_count_10     17.96%    passed     99.86%
 392  200703_20-07825_HIV09-00618_FL18_S6_L000_read_3_count_6      17.96%    passed     98.73%
 393  200703_20-07825_HIV09-00618_FL18_S6_L000_read_4_count_6      17.96%    passed     99.86%
 394  200703_20-07825_HIV09-00618_FL18_S6_L000_read_5_count_6      17.96%    passed     98.73%
 395  200703_20-07825_HIV09-00618_FL18_S6_L000_read_6_count_4      17.96%    passed     99.59%
 396  200703_20-07825_HIV09-00618_FL18_S6_L000_read_7_count_4      17.96%    passed     98.73%
 397  200703_20-07825_HIV09-00618_FL18_S6_L000_read_8_count_4      17.96%    passed     99.59%
 398  200703_20-07825_HIV09-00618_FL18_S6_L000_read_9_count_4      17.96%    passed     98.78%
 399  200703_20-07825_HIV09-00618_FL18_S6_L000_read_10_count_4     17.96%    passed     98.73%
 400  200703_20-07825_HIV09-00618_FL18_S6_L000_read_11_count_4     17.96%    passed     99.59%
 401  200703_20-07825_HIV09-00618_FL18_S6_L000_read_12_count_4     17.96%    passed     98.78%
 402  200703_20-07825_HIV09-00618_FL18_S6_L000_read_13_count_3     17.96%    passed     98.78%
 403  200703_20-07825_HIV09-00618_FL18_S6_L000_read_14_count_3     17.96%    passed     98.78%
 404  200703_20-07825_HIV09-00618_FL18_S6_L000_read_15_count_3     17.96%    passed     99.86%
 405  200703_20-07825_HIV09-00618_FL18_S6_L000_read_16_count_3     17.96%    passed     98.78%
 406  200703_20-07825_HIV09-00618_FL18_S6_L000_read_17_count_2     17.96%    passed     98.90%
 407  200703_20-07825_HIV09-00618_FL18_S6_L000_read_18_count_2     17.96%    passed     99.23%
 408  200703_20-07825_HIV09-00618_FL18_S6_L000_read_19_count_2     17.96%    passed     99.59%
 409  200703_20-07825_HIV09-00618_FL18_S6_L000_read_20_count_2     17.96%    passed     98.73%
 410  200703_20-07825_HIV09-00618_FL18_S6_L000_read_21_count_2     17.96%    passed     99.59%
 411  200703_20-07825_HIV09-00618_FL18_S6_L000_read_22_count_2     17.96%    passed     99.86%
 412  200703_20-07825_HIV09-00618_FL18_S6_L000_read_23_count_2     17.96%    passed     98.90%
 413  200703_20-07825_HIV09-00618_FL18_S6_L000_read_24_count_2     17.96%    passed     99.59%
 414  200703_20-07825_HIV09-00618_FL18_S6_L000_read_25_count_2     17.96%    passed     98.73%
 415  200703_20-07825_HIV09-00618_FL18_S6_L000_read_26_count_2     17.96%    passed     99.86%
 416  200703_20-07825_HIV09-00618_FL18_S6_L000_read_27_count_2     17.96%    passed     98.78%
 417  200703_20-07825_HIV09-00618_FL18_S6_L000_read_28_count_2     17.96%    passed     99.41%
 418  200703_20-07825_HIV09-00618_FL18_S6_L000_read_29_count_2     17.96%    passed     98.82%
 419  200703_20-07825_HIV09-00618_FL18_S6_L000_read_30_count_2     17.96%    passed     98.78%
 420  200703_20-07825_HIV09-00618_FL18_S6_L000_read_31_count_2     17.96%    passed     98.90%
 421  200703_20-07825_HIV09-00618_FL18_S6_L000_read_32_count_2     17.96%    passed     99.86%
 422  200703_20-07825_HIV09-00618_FL18_S6_L000_read_33_count_2     17.96%    passed     98.78%
 423  200703_20-07825_HIV09-00618_FL18_S6_L000_read_34_count_2     17.96%    passed     98.78%
 424  200703_20-07825_HIV09-00618_FL18_S6_L000_read_35_count_2     17.96%    passed     98.78%
 425  200703_20-07825_HIV09-00618_FL18_S6_L000_read_36_count_2     17.96%    passed     98.73%
 426  200703_20-07825_HIV09-00618_FL18_S6_L000_read_37_count_2     17.96%    passed     99.97%
 427  200703_20-07825_HIV09-00618_FL18_S6_L000_read_38_count_2     17.96%    passed     98.73%
 428  200703_20-07825_HIV09-00618_FL18_S6_L000_read_39_count_2     17.96%    passed     98.73%
 429  200703_20-07825_HIV09-00618_FL18_S6_L000_read_40_count_2     17.96%    passed     99.86%
 430  200703_20-07825_HIV09-00618_FL18_S6_L000_read_41_count_1     17.96%    passed     98.78%
 431  200703_20-07825_HIV09-00618_FL18_S6_L000_read_42_count_1     17.96%    passed     98.78%
 432  200703_20-07825_HIV09-00618_FL18_S6_L000_read_43_count_1     17.96%    passed     99.23%
 433  200703_20-07825_HIV09-00618_FL18_S6_L000_read_44_count_1     17.96%    passed     99.41%
 434  200703_20-07825_HIV09-00618_FL18_S6_L000_read_45_count_1     17.96%    passed     98.78%
 435  200703_20-07825_HIV09-00618_FL18_S6_L000_read_46_count_1     17.96%    passed     98.90%
 436  200703_20-07825_HIV09-00618_FL18_S6_L000_read_47_count_1     17.96%    passed     99.86%
 437  200703_20-07825_HIV09-00618_FL18_S6_L000_read_48_count_1     17.96%    passed     98.72%
 438  200703_20-07825_HIV09-00618_FL18_S6_L000_read_49_count_1     17.96%    passed     99.59%
 439  200703_20-07825_HIV09-00618_FL18_S6_L000_read_50_count_1     17.96%    passed     98.82%
 440  200703_20-07825_HIV09-00618_FL18_S6_L000_read_51_count_1     17.96%    passed     99.41%
 441  200703_20-07825_HIV09-00618_FL18_S6_L000_read_52_count_1     16.17%    passed     99.46%
 442  200703_20-07825_HIV09-00618_FL18_S6_L000_read_53_count_1     17.96%    passed     96.70%
 443  200703_20-07825_HIV09-00618_FL18_S6_L000_read_54_count_1     17.96%    passed     98.78%
 444  200703_20-07825_HIV09-00618_FL18_S6_L000_read_55_count_1     17.96%    passed     98.78%
 445  200703_20-07825_HIV09-00618_FL18_S6_L000_read_56_count_1     17.96%    passed     99.87%
 446  200703_20-07825_HIV09-00618_FL18_S6_L000_read_57_count_1     17.96%    passed     98.90%
 447  200703_20-07825_HIV09-00618_FL18_S6_L000_read_58_count_1     17.96%    passed     99.23%
 448  200703_20-07825_HIV09-00618_FL18_S6_L000_read_59_count_1     17.96%    passed     95.11%
 449  200703_20-07825_HIV09-00618_FL18_S6_L000_read_60_count_1     17.96%    passed     99.59%
 450  200703_20-07825_HIV09-00618_FL18_S6_L000_read_61_count_1     17.96%    passed     99.64%
 451  200703_20-07825_HIV09-00618_FL18_S6_L000_read_62_count_1     17.96%    passed     99.81%
 452  200703_20-07825_HIV09-00618_FL18_S6_L000_read_63_count_1     17.96%    passed     99.97%
 453  200703_20-07825_HIV09-00618_FL18_S6_L000_read_64_count_1     17.96%    passed     98.78%
 454  200703_20-07825_HIV09-00618_FL18_S6_L000_read_65_count_1     17.96%    passed     98.78%
 455  200703_20-07825_HIV09-00618_FL18_S6_L000_read_66_count_1     17.96%    passed     99.50%
 456  200703_20-07825_HIV09-00618_FL18_S6_L000_read_67_count_1     17.96%    passed     99.23%
 457  200703_20-07825_HIV09-00618_FL18_S6_L000_read_68_count_1     17.96%    passed     98.22%
 458  200703_20-07825_HIV09-00618_FL18_S6_L000_read_69_count_1     17.96%    passed     98.90%
 459  200703_20-07825_HIV09-00618_FL18_S6_L000_read_70_count_1     17.96%    passed     98.78%
 460  200703_20-07825_HIV09-00618_FL18_S6_L000_read_71_count_1     17.96%    passed     99.23%
 461  200703_20-07825_HIV09-00618_FL18_S6_L000_read_72_count_1     17.96%    passed     95.35%
 462  200703_20-07825_HIV09-00618_FL18_S6_L000_read_73_count_1     17.96%    passed     98.78%
 463  200703_20-07825_HIV09-00618_FL18_S6_L000_read_74_count_1     17.37%    passed     99.57%
 464  200703_20-07825_HIV09-00618_FL18_S6_L000_read_75_count_1     17.96%    passed     98.73%
 465  200703_20-07825_HIV09-00618_FL18_S6_L000_read_76_count_1     17.96%    passed     99.86%
 466  200703_20-07825_HIV09-00618_FL18_S6_L000_read_77_count_1     17.96%    passed     98.90%
 467  200703_20-07825_HIV09-00618_FL18_S6_L000_read_78_count_1     17.96%    passed     98.90%
 468  200703_20-07825_HIV09-00618_FL18_S6_L000_read_79_count_1     17.96%    passed     98.78%
 469  200703_20-07825_HIV09-00618_FL18_S6_L000_read_80_count_1     17.96%    passed     98.22%
 470  200703_20-07825_HIV09-00618_FL18_S6_L000_read_81_count_1     17.96%    passed     99.58%
 471  200703_20-07825_HIV09-00618_FL18_S6_L000_read_82_count_1     17.96%    passed     99.86%
 472  200703_20-07825_HIV09-00618_FL18_S6_L000_read_83_count_1     17.96%    passed     99.59%
 473  200703_20-07825_HIV09-00618_FL18_S6_L000_read_84_count_1     17.96%    passed     99.59%
 474  200703_20-07825_HIV09-00618_FL18_S6_L000_read_85_count_1     17.96%    passed     99.86%
 475  200703_20-07825_HIV09-00618_FL18_S6_L000_read_86_count_1     18.56%    passed     99.75%
 476  200703_20-07825_HIV09-00618_FL18_S6_L000_read_87_count_1     17.96%    passed     98.78%
 477  200703_20-07825_HIV09-00618_FL18_S6_L000_read_88_count_1     17.96%    passed     98.73%
 478  200703_20-07825_HIV09-00618_FL18_S6_L000_read_89_count_1     17.96%    passed     99.59%
 479  200703_20-07825_HIV09-00618_FL18_S6_L000_read_90_count_1     17.96%    passed     98.22%
 480  200703_20-07825_HIV09-00618_FL18_S6_L000_read_91_count_1     17.96%    passed     98.73%
 481  200703_20-07825_HIV09-00618_FL18_S6_L000_read_92_count_1     17.96%    passed     99.81%
 482  200703_20-07825_HIV09-00618_FL18_S6_L000_read_93_count_1     18.56%    passed     99.41%
 483  200703_20-07825_HIV09-00618_FL18_S6_L000_read_94_count_1     17.96%    passed     99.97%
 484  200703_20-07825_HIV09-00618_FL18_S6_L000_read_95_count_1     17.96%    passed     99.23%
 485  200703_20-07825_HIV09-00618_FL18_S6_L000_read_96_count_1     17.96%    passed     98.71%
 486  200703_20-07825_HIV09-00618_FL18_S6_L000_read_97_count_1     17.96%    passed     98.78%
 487  200703_20-07825_HIV09-00618_FL18_S6_L000_read_98_count_1     17.96%    passed     99.81%
 488  200703_20-07825_HIV09-00618_FL18_S6_L000_read_99_count_1     17.96%    passed     99.23%
 489  200703_20-07825_HIV09-00618_FL18_S6_L000_read_100_count_1    17.96%    passed     98.73%
 490  200703_20-07825_HIV09-00618_FL18_S6_L000_read_101_count_1    17.96%    passed     98.78%
 491  200703_20-07825_HIV09-00618_FL18_S6_L000_read_102_count_1    17.96%    passed     99.87%
 492  200703_20-07825_HIV09-00618_FL18_S6_L000_read_103_count_1    17.96%    passed     98.90%
 493  200703_20-07825_HIV09-00618_FL18_S6_L000_read_104_count_1    17.96%    passed     99.23%
 494  200703_20-07825_HIV09-00618_FL18_S6_L000_read_105_count_1    17.96%    passed     99.23%
 495  200703_20-07825_HIV09-00618_FL18_S6_L000_read_106_count_1    17.96%    passed     98.90%
 496  200703_20-07825_HIV09-00618_FL18_S6_L000_read_107_count_1    17.96%    passed     99.23%
 497  200703_20-07825_HIV09-00618_FL18_S6_L000_read_108_count_1    17.96%    passed     99.81%
 498  200703_20-07825_HIV09-00618_FL18_S6_L000_read_109_count_1    17.96%    passed     99.58%
 499  200703_20-07825_HIV09-00618_FL18_S6_L000_read_110_count_1    17.96%    passed     99.97%
 500  200703_20-07825_HIV09-00618_FL18_S6_L000_read_111_count_1    17.96%    passed     98.73%
 501  200703_20-07825_HIV09-00618_FL18_S6_L000_read_112_count_1    17.96%    passed     98.78%
 502  200703_20-07825_HIV09-00618_FL18_S6_L000_read_113_count_1    17.96%    passed     99.87%
 503  200703_20-07825_HIV09-00618_FL18_S6_L000_read_114_count_1    17.96%    passed     98.22%
 504  200703_20-07825_HIV09-00618_FL18_S6_L000_read_115_count_1    18.56%    passed     99.75%
 505  200703_20-07825_HIV09-00618_FL18_S6_L000_read_116_count_1    17.96%    passed     98.72%
 506  200703_20-07825_HIV09-00618_FL18_S6_L000_read_117_count_1    17.96%    passed     99.23%
 507  200703_20-07825_HIV09-00618_FL18_S6_L000_read_118_count_1    17.96%    passed     98.78%
 508  200703_20-07825_HIV09-00618_FL18_S6_L000_read_119_count_1    17.96%    passed     99.23%
 509  200703_20-07825_HIV09-00618_FL18_S6_L000_read_120_count_1    17.96%    passed     98.73%
 510  200703_20-07825_HIV09-00618_FL18_S6_L000_read_121_count_1    17.96%    passed     98.72%
 511  200703_20-07825_HIV09-00618_FL18_S6_L000_read_122_count_1    17.96%    passed     99.23%
 512  200703_20-07825_HIV09-00618_FL18_S6_L000_read_123_count_1    17.96%    passed     99.97%
 513  200703_20-07825_HIV09-00618_FL18_S6_L000_read_124_count_1    17.96%    passed     98.73%
 514  200703_20-07825_HIV09-00618_FL18_S6_L000_read_125_count_1    18.56%    passed     99.41%
 515  200703_20-07825_HIV09-00618_FL18_S6_L000_read_126_count_1    17.96%    passed     98.22%
 516  200703_20-07825_HIV09-00618_FL18_S6_L000_read_127_count_1    17.96%    passed     98.78%
 517  200703_20-07825_HIV09-00618_FL18_S6_L000_read_128_count_1    17.96%    passed     99.86%
 518  200703_20-07825_HIV09-00618_FL18_S6_L000_read_129_count_1    17.96%    passed     99.23%
 519  200703_20-07825_HIV09-00618_FL18_S6_L000_read_130_count_1    17.96%    passed     98.73%
 520  200703_20-07825_HIV09-00618_FL18_S6_L000_read_131_count_1    17.96%    passed     97.50%
 521  200703_20-07825_HIV09-00618_FL18_S6_L000_read_132_count_1    17.96%    passed     99.86%
 522  200703_20-07825_HIV09-00618_FL18_S6_L000_read_133_count_1    17.96%    passed     98.22%
 523  200703_20-07825_HIV09-00618_FL18_S6_L000_read_134_count_1    17.96%    passed     99.81%
 524  200703_20-07825_HIV09-00618_FL18_S6_L000_read_135_count_1    17.96%    passed     98.73%
 525  200703_20-07825_HIV09-00618_FL18_S6_L000_read_136_count_1    17.96%    passed     99.81%
 526  200703_20-07825_HIV09-00618_FL18_S6_L000_read_137_count_1    18.56%    passed     99.75%
 527  200703_20-07825_HIV09-00618_FL18_S6_L000_read_138_count_1    17.96%    passed     99.86%
 528  200814_20-09728_HIV09-02843_FL30_S2_L000_read_1_count_1270   17.96%    passed     99.23%
 529  200814_20-09728_HIV09-02843_FL30_S2_L000_read_2_count_262    17.96%    passed     99.81%
 530  200814_20-09728_HIV09-02843_FL30_S2_L000_read_3_count_77     17.96%    passed     99.81%
 531  200814_20-09728_HIV09-02843_FL30_S2_L000_read_4_count_69     17.96%    passed     96.73%
 532  200814_20-09728_HIV09-02843_FL30_S2_L000_read_5_count_41     17.96%    passed     96.73%
 533  200814_20-09728_HIV09-02843_FL30_S2_L000_read_6_count_33     17.96%    passed     99.81%
 534  200814_20-09728_HIV09-02843_FL30_S2_L000_read_7_count_25     17.96%    passed     98.32%
 535  200814_20-09728_HIV09-02843_FL30_S2_L000_read_8_count_18     17.96%    passed     97.72%
 536  200814_20-09728_HIV09-02843_FL30_S2_L000_read_9_count_16     17.96%    passed     98.32%
 537  200814_20-09728_HIV09-02843_FL30_S2_L000_read_10_count_14    17.96%    passed     96.70%
 538  200814_20-09728_HIV09-02843_FL30_S2_L000_read_11_count_13    17.96%    passed     99.23%
 539  200814_20-09728_HIV09-02843_FL30_S2_L000_read_12_count_12    17.96%    passed     96.70%
 540  200814_20-09728_HIV09-02843_FL30_S2_L000_read_13_count_11    17.96%    passed     99.50%
 541  200814_20-09728_HIV09-02843_FL30_S2_L000_read_14_count_9     17.96%    passed     96.70%
 542  200814_20-09728_HIV09-02843_FL30_S2_L000_read_15_count_8     17.96%    passed     99.87%
 543  200814_20-09728_HIV09-02843_FL30_S2_L000_read_16_count_8     17.96%    passed     99.81%
 544  200814_20-09728_HIV09-02843_FL30_S2_L000_read_17_count_7     17.96%    passed     99.50%
 545  200814_20-09728_HIV09-02843_FL30_S2_L000_read_18_count_5     17.96%    passed     96.70%
 546  200814_20-09728_HIV09-02843_FL30_S2_L000_read_19_count_4     17.96%    passed     99.87%
 547  200814_20-09728_HIV09-02843_FL30_S2_L000_read_20_count_4     17.96%    passed     98.78%
 548  200814_20-09728_HIV09-02843_FL30_S2_L000_read_21_count_3     17.96%    passed     96.73%
 549  200814_20-09728_HIV09-02843_FL30_S2_L000_read_22_count_3     17.96%    passed     99.81%
 550  200814_20-09728_HIV09-02843_FL30_S2_L000_read_23_count_3     17.96%    passed     99.41%
 551  200814_20-09728_HIV09-02843_FL30_S2_L000_read_24_count_3     17.96%    passed     96.70%
 552  200814_20-09728_HIV09-02843_FL30_S2_L000_read_25_count_2     17.96%    passed     97.12%
 553  200814_20-09728_HIV09-02843_FL30_S2_L000_read_26_count_2     17.96%    passed     96.29%
 554  200814_20-09728_HIV09-02843_FL30_S2_L000_read_27_count_2     17.96%    passed     96.70%
 555  200814_20-09728_HIV09-02843_FL30_S2_L000_read_28_count_2     17.96%    passed     96.70%
 556  200814_20-09728_HIV09-02843_FL30_S2_L000_read_29_count_2     17.96%    passed     96.73%
 557  200814_20-09728_HIV09-02843_FL30_S2_L000_read_30_count_2     17.96%    passed     96.73%
 558  200814_20-09728_HIV09-02843_FL30_S2_L000_read_31_count_2     17.96%    passed     96.29%
 559  200814_20-09728_HIV09-02843_FL30_S2_L000_read_32_count_2     17.96%    passed     99.23%
 560  200814_20-09728_HIV09-02843_FL30_S2_L000_read_33_count_2     17.96%    passed     99.50%
 561  200814_20-09728_HIV09-02843_FL30_S2_L000_read_34_count_2     17.96%    passed     96.73%
 562  200814_20-09728_HIV09-02843_FL30_S2_L000_read_35_count_2     17.96%    passed     98.32%
 563  200814_20-09728_HIV09-02843_FL30_S2_L000_read_36_count_2     17.96%    passed     96.70%
 564  200814_20-09728_HIV09-02843_FL30_S2_L000_read_37_count_2     17.96%    passed     98.32%
 565  200814_20-09728_HIV09-02843_FL30_S2_L000_read_38_count_2     17.96%    passed     96.73%
 566  200814_20-09728_HIV09-02843_FL30_S2_L000_read_39_count_2     18.56%    passed     99.75%
 567  200814_20-09728_HIV09-02843_FL30_S2_L000_read_40_count_2     17.96%    passed     99.50%
 568  200814_20-09728_HIV09-02843_FL30_S2_L000_read_41_count_2     17.96%    passed     96.70%
 569  200814_20-09728_HIV09-02843_FL30_S2_L000_read_42_count_1     17.96%    passed     93.48%
 570  200814_20-09728_HIV09-02843_FL30_S2_L000_read_43_count_1     19.16%    passed     99.79%
 571  200814_20-09728_HIV09-02843_FL30_S2_L000_read_44_count_1     17.96%    passed     98.32%
 572  200814_20-09728_HIV09-02843_FL30_S2_L000_read_45_count_1     17.96%    passed     99.41%
 573  200814_20-09728_HIV09-02843_FL30_S2_L000_read_46_count_1     17.96%    passed     93.80%
 574  200814_20-09728_HIV09-02843_FL30_S2_L000_read_47_count_1     17.96%    passed     99.87%
 575  200814_20-09728_HIV09-02843_FL30_S2_L000_read_48_count_1     17.96%    passed     99.81%
 576  200814_20-09728_HIV09-02843_FL30_S2_L000_read_49_count_1     17.96%    passed     98.78%
 577  200814_20-09728_HIV09-02843_FL30_S2_L000_read_50_count_1     17.96%    passed     99.39%
 578  200814_20-09728_HIV09-02843_FL30_S2_L000_read_51_count_1     17.96%    passed     99.81%
 579  200814_20-09728_HIV09-02843_FL30_S2_L000_read_52_count_1     17.96%    passed     99.59%
 580  200814_20-09728_HIV09-02843_FL30_S2_L000_read_53_count_1     17.96%    passed     99.41%
 581  200814_20-09728_HIV09-02843_FL30_S2_L000_read_54_count_1     17.96%    passed     99.81%
 582  200814_20-09728_HIV09-02843_FL30_S2_L000_read_55_count_1     17.96%    passed     99.41%
 583  200814_20-09728_HIV09-02843_FL30_S2_L000_read_56_count_1     17.96%    passed     96.29%
 584  200814_20-09728_HIV09-02843_FL30_S2_L000_read_57_count_1     17.96%    passed     99.81%
 585  200814_20-09728_HIV09-02843_FL30_S2_L000_read_58_count_1     17.96%    passed     93.48%
 586  200814_20-09728_HIV09-02843_FL30_S2_L000_read_59_count_1     17.96%    passed     99.41%
 587  200814_20-09728_HIV09-02843_FL30_S2_L000_read_60_count_1     17.96%    passed     97.12%
 588  200814_20-09728_HIV09-02843_FL30_S2_L000_read_61_count_1     17.96%    passed     98.29%
 589  200814_20-09728_HIV09-02843_FL30_S2_L000_read_62_count_1     17.96%    passed     96.70%
 590  200814_20-09728_HIV09-02843_FL30_S2_L000_read_63_count_1     17.96%    passed     96.29%
 591  200814_20-09728_HIV09-02843_FL30_S2_L000_read_64_count_1     13.17%    passed     98.48%
 592  200814_20-09728_HIV09-02843_FL30_S2_L000_read_65_count_1     17.96%    passed     99.58%
 593  200814_20-09728_HIV09-02843_FL30_S2_L000_read_66_count_1     17.96%    passed     98.32%
 594  200814_20-09728_HIV09-02843_FL30_S2_L000_read_67_count_1     17.96%    passed     99.87%
 595  200814_20-09728_HIV09-02843_FL30_S2_L000_read_68_count_1     17.96%    passed     98.78%
 596  200814_20-09728_HIV09-02843_FL30_S2_L000_read_69_count_1     17.96%    passed     99.87%
 597  200814_20-09728_HIV09-02843_FL30_S2_L000_read_70_count_1     17.96%    passed     96.29%
 598  200814_20-09728_HIV09-02843_FL30_S2_L000_read_71_count_1     17.96%    passed     96.73%
 599  200814_20-09728_HIV09-02843_FL30_S2_L000_read_72_count_1     17.96%    passed     98.73%
 600  200814_20-09728_HIV09-02843_FL30_S2_L000_read_73_count_1     17.96%    passed     97.72%
 601  200814_20-09728_HIV09-02843_FL30_S2_L000_read_74_count_1     17.96%    passed     94.26%
 602  200814_20-09728_HIV09-02843_FL30_S2_L000_read_75_count_1     17.96%    passed     98.32%
 603  200814_20-09728_HIV09-02843_FL30_S2_L000_read_76_count_1     17.96%    passed     91.24%
 604  200814_20-09728_HIV09-02843_FL30_S2_L000_read_77_count_1     17.96%    passed     96.73%
 605  200814_20-09728_HIV09-02843_FL30_S2_L000_read_78_count_1     17.96%    passed     99.87%
 606  200814_20-09728_HIV09-02843_FL30_S2_L000_read_79_count_1     17.96%    passed     97.12%
 607  200814_20-09728_HIV09-02843_FL30_S2_L000_read_80_count_1     17.96%    passed     98.73%
 608  200814_20-09728_HIV09-02843_FL30_S2_L000_read_81_count_1     17.96%    passed     96.73%
 609  200814_20-09728_HIV09-02843_FL30_S2_L000_read_82_count_1     17.96%    passed     98.78%
 610  200814_20-09728_HIV09-02843_FL30_S2_L000_read_83_count_1     17.96%    passed     96.70%
 611  200814_20-09728_HIV09-02843_FL30_S2_L000_read_84_count_1     18.56%    passed     98.54%
 612  200814_20-09728_HIV09-02843_FL30_S2_L000_read_85_count_1     17.96%    passed     99.87%
 613  200814_20-09728_HIV09-02843_FL30_S2_L000_read_86_count_1     17.96%    passed     99.50%
 614  200814_20-09728_HIV09-02843_FL30_S2_L000_read_87_count_1     18.56%    passed     98.54%
 615  200814_20-09728_HIV09-02843_FL30_S2_L000_read_88_count_1     17.96%    passed     95.35%
 616  200814_20-09728_HIV09-02843_FL30_S2_L000_read_89_count_1     17.96%    passed     98.32%
 617  200814_20-09728_HIV09-02843_FL30_S2_L000_read_90_count_1     17.96%    passed     98.32%
 618  200814_20-09728_HIV09-02843_FL30_S2_L000_read_91_count_1     17.96%    passed     99.81%
 619  200814_20-09728_HIV09-02843_FL30_S2_L000_read_92_count_1     17.96%    passed     96.70%
 620  200814_20-09728_HIV09-02843_FL30_S2_L000_read_93_count_1     17.96%    passed     99.23%
 621  200814_20-09728_HIV09-02843_FL30_S2_L000_read_94_count_1     17.96%    passed     99.50%
 622  200814_20-09728_HIV09-02843_FL30_S2_L000_read_95_count_1     17.96%    passed     91.24%
 623  200814_20-09728_HIV09-02843_FL30_S2_L000_read_96_count_1     17.96%    passed     96.70%
 624  200814_20-09728_HIV09-02843_FL30_S2_L000_read_97_count_1     17.96%    passed     95.25%
 625  200814_20-09728_HIV09-02843_FL30_S2_L000_read_98_count_1     17.96%    passed     97.12%
 626  200814_20-09728_HIV09-02843_FL30_S2_L000_read_99_count_1     17.96%    passed     97.12%
 627  200814_20-09728_HIV09-02843_FL30_S2_L000_read_100_count_1    17.96%    passed     96.73%
 628  200814_20-09728_HIV09-02843_FL30_S2_L000_read_101_count_1    17.96%    passed     99.41%
 629  200814_20-09728_HIV09-02843_FL30_S2_L000_read_102_count_1    18.56%    passed     95.27%
 630  200814_20-09728_HIV09-02843_FL30_S2_L000_read_103_count_1    17.37%    passed     94.19%
 631  200814_20-09728_HIV09-02843_FL30_S2_L000_read_104_count_1    17.96%    passed     92.20%
 632  200814_20-09728_HIV09-02843_FL30_S2_L000_read_105_count_1    18.56%    passed     99.74%
 633  200814_20-09728_HIV09-02843_FL30_S2_L000_read_106_count_1    17.96%    passed     96.70%
 634  200814_20-09728_HIV09-02843_FL30_S2_L000_read_107_count_1    17.96%    passed     96.29%
 635  200814_20-09728_HIV09-02843_FL30_S2_L000_read_108_count_1    17.96%    passed     97.12%
 636  200814_20-09728_HIV09-02843_FL30_S2_L000_read_109_count_1    17.96%    passed     97.72%
 637  200814_20-09728_HIV09-02843_FL30_S2_L000_read_110_count_1    17.96%    passed     99.23%
 638  200814_20-09728_HIV09-02843_FL30_S2_L000_read_111_count_1    17.96%    passed     97.72%
 639  200814_20-09728_HIV09-02843_FL30_S2_L000_read_112_count_1    17.96%    passed     97.91%
 640  200814_20-09728_HIV09-02843_FL30_S2_L000_read_113_count_1    17.96%    passed     91.68%
 641  200814_20-09728_HIV09-02843_FL30_S2_L000_read_114_count_1    17.96%    passed     96.73%
 642  200814_20-09728_HIV09-02843_FL30_S2_L000_read_115_count_1    17.96%    passed     99.23%
 643  200814_20-09728_HIV09-02843_FL30_S2_L000_read_116_count_1    17.96%    passed     96.29%
 644  200814_20-09728_HIV09-02843_FL30_S2_L000_read_117_count_1    17.96%    passed     99.50%
 645  200814_20-09728_HIV09-02843_FL30_S2_L000_read_118_count_1    17.96%    passed     97.17%
 646  200814_20-09728_HIV09-02843_FL30_S2_L000_read_119_count_1    17.96%    passed     96.73%
 647  200814_20-09728_HIV09-02843_FL30_S2_L000_read_120_count_1    17.96%    passed     93.48%
 648  200814_20-09728_HIV09-02843_FL30_S2_L000_read_121_count_1    17.96%    passed     97.72%
 649  200814_20-09728_HIV09-02843_FL30_S2_L000_read_122_count_1    17.96%    passed     98.32%
 650  200814_20-09728_HIV09-02843_FL30_S2_L000_read_123_count_1    17.96%    passed     99.81%
 651  200814_20-09728_HIV09-02843_FL30_S2_L000_read_124_count_1    17.96%    passed     97.72%
 652  200814_20-09728_HIV09-02843_FL30_S2_L000_read_125_count_1    17.96%    passed     99.41%
 653  200814_20-09728_HIV09-02843_FL30_S2_L000_read_126_count_1    17.96%    passed     98.55%
 654  200814_20-09728_HIV09-02843_FL30_S2_L000_read_127_count_1    17.96%    passed     97.75%
 655  200814_20-09728_HIV09-02843_FL30_S2_L000_read_128_count_1    17.96%    passed     99.23%
 656  200814_20-09728_HIV09-02843_FL30_S2_L000_read_129_count_1    17.96%    passed     99.87%
 657  200814_20-09728_HIV09-02843_FL30_S2_L000_read_130_count_1    17.96%    passed     97.75%
 658  200814_20-09728_HIV09-02843_FL30_S2_L000_read_131_count_1    17.96%    passed     96.29%
 659  200814_20-09728_HIV09-02843_FL30_S2_L000_read_132_count_1    17.96%    passed     94.57%
 660  200814_20-09728_HIV09-02843_FL30_S2_L000_read_133_count_1    17.96%    passed     99.81%
 661  200814_20-09728_HIV09-02843_FL30_S2_L000_read_134_count_1    17.96%    passed     99.41%
 662  200814_20-09728_HIV09-02843_FL30_S2_L000_read_135_count_1    17.96%    passed     97.12%
 663  200814_20-09728_HIV09-02843_FL30_S2_L000_read_136_count_1    17.37%    passed     97.87%
 664  200814_20-09728_HIV09-02843_FL30_S2_L000_read_137_count_1    17.96%    passed     99.87%
 665  200814_20-09728_HIV09-02843_FL30_S2_L000_read_138_count_1    17.96%    passed     97.94%
 666  200814_20-09728_HIV09-02843_FL30_S2_L000_read_139_count_1    17.96%    passed     96.29%
 667  200814_20-09728_HIV09-02843_FL30_S2_L000_read_140_count_1    17.96%    passed     99.41%
 668  200814_20-09728_HIV09-02843_FL30_S2_L000_read_141_count_1    17.96%    passed     98.78%
 669  200814_20-09728_HIV09-02843_FL30_S2_L000_read_142_count_1    17.96%    passed     98.73%
 670  200814_20-09728_HIV09-02843_FL30_S2_L000_read_143_count_1    17.96%    passed     96.73%
 671  200814_20-09728_HIV09-02843_FL30_S2_L000_read_144_count_1    17.96%    passed     99.23%
 672  200814_20-09728_HIV09-02843_FL30_S2_L000_read_145_count_1    17.96%    passed     97.12%
 673  200814_20-09728_HIV09-02843_FL30_S2_L000_read_146_count_1    17.96%    passed     91.24%
 674  200814_20-09728_HIV09-02843_FL30_S2_L000_read_147_count_1    17.96%    passed     99.97%
 675  200814_20-09728_HIV09-02843_FL30_S2_L000_read_148_count_1    17.96%    passed     96.73%
 676  200814_20-09728_HIV09-02843_FL30_S2_L000_read_149_count_1    17.96%    passed     94.26%
 677  200814_20-09728_HIV09-02843_FL30_S2_L000_read_150_count_1    18.56%    passed     98.18%
 678  200814_20-09728_HIV09-02843_FL30_S2_L000_read_151_count_1    17.96%    passed     97.75%
 679  200814_20-09728_HIV09-02843_FL30_S2_L000_read_152_count_1    17.96%    passed     96.73%
 680  200814_20-09728_HIV09-02843_FL30_S2_L000_read_153_count_1    17.96%    passed     98.32%
 681  200814_20-09728_HIV09-02843_FL30_S2_L000_read_154_count_1    17.96%    passed     96.29%
 682  200814_20-09728_HIV09-02843_FL30_S2_L000_read_155_count_1    17.96%    passed     99.23%
 683  200814_20-09728_HIV09-02843_FL30_S2_L000_read_156_count_1    17.96%    passed     98.71%
 684  200814_20-09728_HIV09-02843_FL30_S2_L000_read_157_count_1    17.96%    passed     99.23%
 685  200814_20-09728_HIV09-02843_FL30_S2_L000_read_158_count_1    17.96%    passed     98.32%
 686  200814_20-09728_HIV09-02843_FL30_S2_L000_read_159_count_1    17.96%    passed     97.72%
 687  200814_20-09728_HIV09-02843_FL30_S2_L000_read_160_count_1    17.96%    passed     96.29%
 688  200814_20-09728_HIV09-02843_FL30_S2_L000_read_161_count_1    17.96%    passed     99.23%
 689  200814_20-09728_HIV09-02843_FL30_S2_L000_read_162_count_1    17.96%    passed     97.72%
 690  200814_20-09728_HIV09-02843_FL30_S2_L000_read_163_count_1    17.96%    passed     96.29%
 691  200814_20-09728_HIV09-02843_FL30_S2_L000_read_164_count_1    17.96%    passed     95.35%
 692  200814_20-09728_HIV09-02843_FL30_S2_L000_read_165_count_1    17.96%    passed     99.41%
 693  200814_20-09728_HIV09-02843_FL30_S2_L000_read_166_count_1    17.96%    passed     97.12%
 694  200814_20-09728_HIV09-02843_FL30_S2_L000_read_167_count_1    17.96%    passed     99.23%
 695  200814_20-09728_HIV09-02843_FL30_S2_L000_read_168_count_1    17.96%    passed     99.41%
 696  200814_20-09728_HIV09-02843_FL30_S2_L000_read_169_count_1    17.96%    passed     91.24%
 697  200814_20-09728_HIV09-02843_FL30_S2_L000_read_170_count_1    17.96%    passed     96.70%
 698  200814_20-09728_HIV09-02843_FL30_S2_L000_read_171_count_1    17.96%    passed     98.73%
 699  200814_20-09728_HIV09-02843_FL30_S2_L000_read_172_count_1    17.96%    passed     99.97%
 700  200814_20-09728_HIV09-02843_FL30_S2_L000_read_173_count_1    17.96%    passed     97.12%
 701  200814_20-09728_HIV09-02843_FL30_S2_L000_read_174_count_1    17.96%    passed     97.91%
 702  200814_20-09728_HIV09-02843_FL30_S2_L000_read_175_count_1    17.96%    passed     91.24%
 703  200814_20-09728_HIV09-02843_FL30_S2_L000_read_176_count_1    18.56%    passed     95.32%
 704  200814_20-09728_HIV09-02843_FL30_S2_L000_read_177_count_1    17.96%    passed     99.58%
 705  200724_20-08518_HIV10-02405_FL24_S14_L000_read_1_count_554   17.96%    passed     99.58%
 706  200724_20-08518_HIV10-02405_FL24_S14_L000_read_2_count_131   17.96%    passed     99.64%
 707  200724_20-08518_HIV10-02405_FL24_S14_L000_read_3_count_46    17.96%    passed     98.17%
 708  200724_20-08518_HIV10-02405_FL24_S14_L000_read_4_count_17    17.96%    passed     99.86%
 709  200724_20-08518_HIV10-02405_FL24_S14_L000_read_5_count_15    17.96%    passed     98.23%
 710  200724_20-08518_HIV10-02405_FL24_S14_L000_read_6_count_15    17.96%    passed     98.23%
 711  200724_20-08518_HIV10-02405_FL24_S14_L000_read_7_count_13    17.96%    passed     99.86%
 712  200724_20-08518_HIV10-02405_FL24_S14_L000_read_8_count_12    17.96%    passed     98.23%
 713  200724_20-08518_HIV10-02405_FL24_S14_L000_read_9_count_11    17.96%    passed     99.39%
 714  200724_20-08518_HIV10-02405_FL24_S14_L000_read_10_count_11   17.96%    passed     94.42%
 715  200724_20-08518_HIV10-02405_FL24_S14_L000_read_11_count_9    17.96%    passed     98.23%
 716  200724_20-08518_HIV10-02405_FL24_S14_L000_read_12_count_7    17.96%    passed     99.97%
 717  200724_20-08518_HIV10-02405_FL24_S14_L000_read_13_count_7    17.96%    passed     99.59%
 718  200724_20-08518_HIV10-02405_FL24_S14_L000_read_14_count_6    17.96%    passed     99.86%
 719  200724_20-08518_HIV10-02405_FL24_S14_L000_read_15_count_5    17.96%    passed     98.23%
 720  200724_20-08518_HIV10-02405_FL24_S14_L000_read_16_count_5    17.96%    passed     99.58%
 721  200724_20-08518_HIV10-02405_FL24_S14_L000_read_17_count_5    17.96%    passed     99.86%
 722  200724_20-08518_HIV10-02405_FL24_S14_L000_read_18_count_5    17.96%    passed     99.41%
 723  200724_20-08518_HIV10-02405_FL24_S14_L000_read_19_count_4    17.96%    passed     97.11%
 724  200724_20-08518_HIV10-02405_FL24_S14_L000_read_20_count_4    17.96%    passed     94.42%
 725  200724_20-08518_HIV10-02405_FL24_S14_L000_read_21_count_4    17.96%    passed     97.65%
 726  200724_20-08518_HIV10-02405_FL24_S14_L000_read_22_count_4    17.96%    passed     97.65%
 727  200724_20-08518_HIV10-02405_FL24_S14_L000_read_23_count_4    17.96%    passed     98.23%
 728  200724_20-08518_HIV10-02405_FL24_S14_L000_read_24_count_4    17.96%    passed     98.71%
 729  200724_20-08518_HIV10-02405_FL24_S14_L000_read_25_count_3    17.96%    passed     99.86%
 730  200724_20-08518_HIV10-02405_FL24_S14_L000_read_26_count_3    17.96%    passed     97.65%
 731  200724_20-08518_HIV10-02405_FL24_S14_L000_read_27_count_3    17.96%    passed     99.86%
 732  200724_20-08518_HIV10-02405_FL24_S14_L000_read_28_count_3    17.96%    passed     99.64%
 733  200724_20-08518_HIV10-02405_FL24_S14_L000_read_29_count_3    17.96%    passed     99.97%
 734  200724_20-08518_HIV10-02405_FL24_S14_L000_read_30_count_3    17.96%    passed     97.65%
 735  200724_20-08518_HIV10-02405_FL24_S14_L000_read_31_count_3    17.96%    passed     98.19%
 736  200724_20-08518_HIV10-02405_FL24_S14_L000_read_32_count_3    17.96%    passed     99.86%
 737  200724_20-08518_HIV10-02405_FL24_S14_L000_read_33_count_2    17.96%    passed     99.59%
 738  200724_20-08518_HIV10-02405_FL24_S14_L000_read_34_count_2    17.96%    passed     99.97%
 739  200724_20-08518_HIV10-02405_FL24_S14_L000_read_35_count_2    17.96%    passed     99.41%
 740  200724_20-08518_HIV10-02405_FL24_S14_L000_read_36_count_2    17.96%    passed     98.23%
 741  200724_20-08518_HIV10-02405_FL24_S14_L000_read_37_count_2    17.96%    passed     99.59%
 742  200724_20-08518_HIV10-02405_FL24_S14_L000_read_38_count_2    17.96%    passed     98.72%
 743  200724_20-08518_HIV10-02405_FL24_S14_L000_read_39_count_2    17.96%    passed     97.11%
 744  200724_20-08518_HIV10-02405_FL24_S14_L000_read_40_count_2    17.96%    passed     99.86%
 745  200724_20-08518_HIV10-02405_FL24_S14_L000_read_41_count_2    17.96%    passed     99.59%
 746  200724_20-08518_HIV10-02405_FL24_S14_L000_read_42_count_2    17.96%    passed     99.97%
 747  200724_20-08518_HIV10-02405_FL24_S14_L000_read_43_count_2    17.96%    passed     99.59%
 748  200724_20-08518_HIV10-02405_FL24_S14_L000_read_44_count_2    17.96%    passed     99.86%
 749  200724_20-08518_HIV10-02405_FL24_S14_L000_read_45_count_2    17.96%    passed     97.16%
 750  200724_20-08518_HIV10-02405_FL24_S14_L000_read_46_count_2    17.96%    passed     98.71%
 751  200724_20-08518_HIV10-02405_FL24_S14_L000_read_47_count_2    17.96%    passed     99.86%
 752  200724_20-08518_HIV10-02405_FL24_S14_L000_read_48_count_2    17.96%    passed     97.65%
 753  200724_20-08518_HIV10-02405_FL24_S14_L000_read_49_count_2    17.96%    passed     99.86%
 754  200724_20-08518_HIV10-02405_FL24_S14_L000_read_50_count_2    17.96%    passed     98.71%
 755  200724_20-08518_HIV10-02405_FL24_S14_L000_read_51_count_2    17.96%    passed     99.86%
 756  200724_20-08518_HIV10-02405_FL24_S14_L000_read_52_count_2    17.96%    passed     99.64%
 757  200724_20-08518_HIV10-02405_FL24_S14_L000_read_53_count_1    17.96%    passed     97.61%
 758  200724_20-08518_HIV10-02405_FL24_S14_L000_read_54_count_1    17.96%    passed     99.97%
 759  200724_20-08518_HIV10-02405_FL24_S14_L000_read_55_count_1    17.96%    passed     97.11%
 760  200724_20-08518_HIV10-02405_FL24_S14_L000_read_56_count_1    17.96%    passed     99.86%
 761  200724_20-08518_HIV10-02405_FL24_S14_L000_read_57_count_1    17.96%    passed     99.41%
 762  200724_20-08518_HIV10-02405_FL24_S14_L000_read_58_count_1    17.96%    passed     93.96%
 763  200724_20-08518_HIV10-02405_FL24_S14_L000_read_59_count_1    17.96%    passed     99.39%
 764  200724_20-08518_HIV10-02405_FL24_S14_L000_read_60_count_1    17.96%    passed     98.19%
 765  200724_20-08518_HIV10-02405_FL24_S14_L000_read_61_count_1    17.96%    passed     99.97%
 766  200724_20-08518_HIV10-02405_FL24_S14_L000_read_62_count_1    17.96%    passed     99.39%
 767  200724_20-08518_HIV10-02405_FL24_S14_L000_read_63_count_1    17.96%    passed     98.71%
 768  200724_20-08518_HIV10-02405_FL24_S14_L000_read_64_count_1    17.96%    passed     98.19%
 769  200724_20-08518_HIV10-02405_FL24_S14_L000_read_65_count_1    17.96%    passed     99.59%
 770  200724_20-08518_HIV10-02405_FL24_S14_L000_read_66_count_1    17.96%    passed     95.14%
 771  200724_20-08518_HIV10-02405_FL24_S14_L000_read_67_count_1    17.96%    passed     97.91%
 772  200724_20-08518_HIV10-02405_FL24_S14_L000_read_68_count_1    17.96%    passed     98.73%
 773  200724_20-08518_HIV10-02405_FL24_S14_L000_read_69_count_1    17.96%    passed     99.97%
 774  200724_20-08518_HIV10-02405_FL24_S14_L000_read_70_count_1    17.96%    passed     98.23%
 775  200724_20-08518_HIV10-02405_FL24_S14_L000_read_71_count_1    17.96%    passed     88.25%
 776  200724_20-08518_HIV10-02405_FL24_S14_L000_read_72_count_1    17.96%    passed     93.93%
 777  200724_20-08518_HIV10-02405_FL24_S14_L000_read_73_count_1    17.96%    passed     98.48%
 778  200724_20-08518_HIV10-02405_FL24_S14_L000_read_74_count_1    17.96%    passed     95.10%
 779  200724_20-08518_HIV10-02405_FL24_S14_L000_read_75_count_1    17.96%    passed     99.58%
 780  200724_20-08518_HIV10-02405_FL24_S14_L000_read_76_count_1    17.96%    passed     94.42%
 781  200724_20-08518_HIV10-02405_FL24_S14_L000_read_77_count_1    17.96%    passed     99.41%
 782  200724_20-08518_HIV10-02405_FL24_S14_L000_read_78_count_1    17.96%    passed     99.97%
 783  200724_20-08518_HIV10-02405_FL24_S14_L000_read_79_count_1    17.96%    passed     99.58%
 784  200724_20-08518_HIV10-02405_FL24_S14_L000_read_80_count_1    17.96%    passed     99.58%
 785  200724_20-08518_HIV10-02405_FL24_S14_L000_read_81_count_1    17.96%    passed     95.14%
 786  200724_20-08518_HIV10-02405_FL24_S14_L000_read_82_count_1    17.96%    passed     99.41%
 787  200724_20-08518_HIV10-02405_FL24_S14_L000_read_83_count_1    17.96%    passed     99.64%
 788  200724_20-08518_HIV10-02405_FL24_S14_L000_read_84_count_1    17.96%    passed     97.65%
 789  200724_20-08518_HIV10-02405_FL24_S14_L000_read_85_count_1    17.96%    passed     93.42%
 790  200724_20-08518_HIV10-02405_FL24_S14_L000_read_86_count_1    17.96%    passed     99.58%
 791  200724_20-08518_HIV10-02405_FL24_S14_L000_read_87_count_1    17.96%    passed     99.59%
 792  200724_20-08518_HIV10-02405_FL24_S14_L000_read_88_count_1    17.96%    passed     95.81%
 793  200724_20-08518_HIV10-02405_FL24_S14_L000_read_89_count_1    17.96%    passed     99.58%
 794  200724_20-08518_HIV10-02405_FL24_S14_L000_read_90_count_1    17.96%    passed     98.19%
 795  200724_20-08518_HIV10-02405_FL24_S14_L000_read_91_count_1    17.96%    passed     98.72%
 796  200724_20-08518_HIV10-02405_FL24_S14_L000_read_92_count_1    17.96%    passed     99.39%
 797  200724_20-08518_HIV10-02405_FL24_S14_L000_read_93_count_1    17.96%    passed     99.97%
 798  200724_20-08518_HIV10-02405_FL24_S14_L000_read_94_count_1    17.96%    passed     98.23%
 799  200724_20-08518_HIV10-02405_FL24_S14_L000_read_95_count_1    17.96%    passed     99.97%
 800  200724_20-08518_HIV10-02405_FL24_S14_L000_read_96_count_1    17.96%    passed     99.86%
 801  200724_20-08518_HIV10-02405_FL24_S14_L000_read_97_count_1    17.96%    passed     98.82%
 802  200724_20-08518_HIV10-02405_FL24_S14_L000_read_98_count_1    17.96%    passed     99.59%
 803  200724_20-08518_HIV10-02405_FL24_S14_L000_read_99_count_1    17.96%    passed     99.86%
 804  200724_20-08518_HIV10-02405_FL24_S14_L000_read_100_count_1   17.96%    passed     99.41%
 805  200724_20-08518_HIV10-02405_FL24_S14_L000_read_101_count_1   17.96%    passed     97.16%
 806  200724_20-08518_HIV10-02405_FL24_S14_L000_read_102_count_1   17.96%    passed     99.86%
 807  200724_20-08518_HIV10-02405_FL24_S14_L000_read_103_count_1   18.56%    passed     99.49%
 808  200724_20-08518_HIV10-02405_FL24_S14_L000_read_104_count_1   17.96%    passed     98.23%
 809  200724_20-08518_HIV10-02405_FL24_S14_L000_read_105_count_1   17.96%    passed     98.17%
 810  200724_20-08518_HIV10-02405_FL24_S14_L000_read_106_count_1   17.96%    passed     94.42%
 811  200724_20-08518_HIV10-02405_FL24_S14_L000_read_107_count_1   17.96%    passed     99.59%
 812  200724_20-08518_HIV10-02405_FL24_S14_L000_read_108_count_1   17.96%    passed     99.41%
 813  200724_20-08518_HIV10-02405_FL24_S14_L000_read_109_count_1   17.96%    passed     98.62%
 814  200724_20-08518_HIV10-02405_FL24_S14_L000_read_110_count_1   17.96%    passed     95.57%
 815  200724_20-08518_HIV10-02405_FL24_S14_L000_read_111_count_1   17.96%    passed     99.97%
 816  200724_20-08518_HIV10-02405_FL24_S14_L000_read_112_count_1   17.96%    passed     97.65%
 817  200724_20-08518_HIV10-02405_FL24_S14_L000_read_113_count_1   17.96%    passed     99.59%
 818  200724_20-08518_HIV10-02405_FL24_S14_L000_read_114_count_1   17.96%    passed     99.39%
 819  200724_20-08518_HIV10-02405_FL24_S14_L000_read_115_count_1   17.96%    passed     98.48%
 820  200724_20-08518_HIV10-02405_FL24_S14_L000_read_116_count_1   17.96%    passed     99.59%
 821  200724_20-08518_HIV10-02405_FL24_S14_L000_read_117_count_1   17.96%    passed     98.19%
 822  200724_20-08518_HIV10-02405_FL24_S14_L000_read_118_count_1   17.96%    passed     98.62%
 823  200724_20-08518_HIV10-02405_FL24_S14_L000_read_119_count_1   17.96%    passed     99.41%
 824  200724_20-08518_HIV10-02405_FL24_S14_L000_read_120_count_1   17.96%    passed     97.50%
 825  200724_20-08518_HIV10-02405_FL24_S14_L000_read_121_count_1   17.96%    passed     99.64%
 826  200724_20-08518_HIV10-02405_FL24_S14_L000_read_122_count_1   17.96%    passed     99.97%
 827  200724_20-08518_HIV10-02405_FL24_S14_L000_read_123_count_1   17.96%    passed     98.23%
 828  200724_20-08518_HIV10-02405_FL24_S14_L000_read_124_count_1   17.96%    passed     99.97%
 829  200724_20-08518_HIV10-02405_FL24_S14_L000_read_125_count_1   17.96%    passed     81.57%
 830  200724_20-08518_HIV10-02405_FL24_S14_L000_read_126_count_1   17.96%    passed     99.59%
 831  200724_20-08518_HIV10-02405_FL24_S14_L000_read_127_count_1   17.96%    passed     99.97%
 832  200724_20-08518_HIV10-02405_FL24_S14_L000_read_128_count_1   17.96%    passed     99.86%
 833  200724_20-08518_HIV10-02405_FL24_S14_L000_read_129_count_1   17.96%    passed     94.42%
 834  200724_20-08518_HIV10-02405_FL24_S14_L000_read_130_count_1   17.96%    passed     98.19%
 835  200724_20-08518_HIV10-02405_FL24_S14_L000_read_131_count_1   17.96%    passed     98.17%
 836  200724_20-08518_HIV10-02405_FL24_S14_L000_read_132_count_1   17.96%    passed     97.11%
 837  200724_20-08518_HIV10-02405_FL24_S14_L000_read_133_count_1   17.96%    passed     94.42%
 838  200724_20-08518_HIV10-02405_FL24_S14_L000_read_134_count_1   17.96%    passed     99.64%
 839  200724_20-08518_HIV10-02405_FL24_S14_L000_read_135_count_1   17.96%    passed     98.23%
 840  200724_20-08518_HIV10-02405_FL24_S14_L000_read_136_count_1   17.96%    passed     98.29%
 841  200724_20-08518_HIV10-02405_FL24_S14_L000_read_137_count_1   17.96%    passed     99.59%
 842  200724_20-08518_HIV10-02405_FL24_S14_L000_read_138_count_1   17.96%    passed     98.48%
 843  200724_20-08518_HIV10-02405_FL24_S14_L000_read_139_count_1   17.96%    passed     97.49%
 844  200724_20-08518_HIV10-02405_FL24_S14_L000_read_140_count_1   17.96%    passed     95.81%
 845  200724_20-08518_HIV10-02405_FL24_S14_L000_read_141_count_1   17.96%    passed     98.23%
 846  200724_20-08518_HIV10-02405_FL24_S14_L000_read_142_count_1   17.96%    passed     99.64%
 847  200724_20-08518_HIV10-02405_FL24_S14_L000_read_143_count_1   17.96%    passed     98.82%
 848  200724_20-08518_HIV10-02405_FL24_S14_L000_read_144_count_1   17.96%    passed     98.83%
 849  200724_20-08518_HIV10-02405_FL24_S14_L000_read_145_count_1   17.96%    passed     99.59%
 850  200724_20-08518_HIV10-02405_FL24_S14_L000_read_146_count_1   17.96%    passed     99.97%
 851  200724_20-08518_HIV10-02405_FL24_S14_L000_read_147_count_1   17.96%    passed     99.81%
 852  200724_20-08518_HIV10-02405_FL24_S14_L000_read_148_count_1   17.96%    passed     94.42%
 853  200724_20-08518_HIV10-02405_FL24_S14_L000_read_149_count_1   17.96%    passed     99.86%
 854  200724_20-08518_HIV10-02405_FL24_S14_L000_read_150_count_1   17.96%    passed     99.58%
 855  200724_20-08518_HIV10-02405_FL24_S14_L000_read_151_count_1   17.96%    passed     98.23%
 856  200724_20-08518_HIV10-02405_FL24_S14_L000_read_152_count_1   17.96%    passed     99.86%
 857  200724_20-08518_HIV10-02405_FL24_S14_L000_read_153_count_1   17.96%    passed     98.48%
 858  200724_20-08518_HIV10-02405_FL24_S14_L000_read_154_count_1   17.96%    passed     97.50%
 859  200724_20-08518_HIV10-02405_FL24_S14_L000_read_155_count_1   17.96%    passed     99.64%
 860  200724_20-08518_HIV10-02405_FL24_S14_L000_read_156_count_1   17.96%    passed     97.04%
 861  200724_20-08518_HIV10-02405_FL24_S14_L000_read_157_count_1   17.96%    passed     99.58%
 862  200724_20-08518_HIV10-02405_FL24_S14_L000_read_158_count_1   17.96%    passed     99.59%
 863  200724_20-08518_HIV10-02405_FL24_S14_L000_read_159_count_1   17.96%    passed     99.59%
 864  200724_20-08518_HIV10-02405_FL24_S14_L000_read_160_count_1   17.96%    passed     99.97%
 865  200724_20-08518_HIV10-02405_FL24_S14_L000_read_161_count_1   17.96%    passed     97.65%
 866  200724_20-08518_HIV10-02405_FL24_S14_L000_read_162_count_1   17.96%    passed     98.71%
 867  200724_20-08518_HIV10-02405_FL24_S14_L000_read_163_count_1   17.96%    passed     99.41%
 868  200724_20-08518_HIV10-02405_FL24_S14_L000_read_164_count_1   17.96%    passed     90.17%
 869  200724_20-08518_HIV10-02405_FL24_S14_L000_read_165_count_1   17.96%    passed     95.14%
 870  200724_20-08518_HIV10-02405_FL24_S14_L000_read_166_count_1   17.96%    passed     98.23%
 871  200724_20-08518_HIV10-02405_FL24_S14_L000_read_167_count_1   17.96%    passed     99.64%
 872  200724_20-08518_HIV10-02405_FL24_S14_L000_read_168_count_1   17.96%    passed     97.11%
 873  200724_20-08518_HIV10-02405_FL24_S14_L000_read_169_count_1   17.96%    passed     99.58%
 874  200724_20-08518_HIV10-02405_FL24_S14_L000_read_170_count_1   17.96%    passed     98.55%
 875  200724_20-08518_HIV10-02405_FL24_S14_L000_read_171_count_1   17.96%    passed     99.97%
 876  200724_20-08518_HIV10-02405_FL24_S14_L000_read_172_count_1   17.96%    passed     98.71%
 877  B.FR.83.HXB2_LAI_IIIB_BRU.K03455                             17.96%    passed     99.87%
 878  C.BW.00.00BW07621.AF443088                                   17.96%    passed     89.97%
****  TOTAL                                                        17.96%  0 sequences failed composition chi2 test (p-value<5%; df=3)
NOTE: 200724_20-08518_HIV10-02405_FL24_S14_L000_read_36_count_2 is identical to 200709_20-07994_HIV07-01067_FL21_S1_L000_read_95_count_1 but kept for subsequent analysis
Checking for duplicate sequences: done in 0.00285299 secs using 229.4% CPU

Create initial parsimony tree by phylogenetic likelihood library (PLL)... 0.144 seconds

NOTE: 27 MB RAM (0 GB) is required!
WARNING: Number of threads seems too high for short alignments. Use -T AUTO to determine best number of threads.
Estimate model parameters (epsilon = 0.100)
1. Initial log-likelihood: -6644.721
2. Current log-likelihood: -6454.582
3. Current log-likelihood: -6453.394
4. Current log-likelihood: -6453.113
5. Current log-likelihood: -6452.906
6. Current log-likelihood: -6452.804
Optimal log-likelihood: -6452.751
Rate parameters:  A-C: 1.25619  A-G: 2.39541  A-T: 0.72435  C-G: 0.25015  C-T: 2.22952  G-T: 1.00000
Base frequencies:  A: 0.335  C: 0.179  G: 0.239  T: 0.247
Site proportion and rates:  (0.039,0.383) (0.107,0.464) (0.209,0.699) (0.302,0.838) (0.303,1.387) (0.041,2.872)
Parameters optimization took 6 rounds (5.400 sec)
Wrote distance file to... 
Computing ML distances based on estimated model parameters...
Calculating distance matrix: done in 0.979769 secs using 383.4% CPU
Computing ML distances took 0.981485 sec (of wall-clock time) 3.758229 sec (of CPU time)
Setting up auxiliary I and S matrices: done in 0.0223258 secs using 244% CPU
Constructing RapidNJ tree: done in 1.83124 secs using 116.6% CPU
Computing RapidNJ tree took 1.853697 sec (of wall-clock time) 2.190775 sec (of CPU time)
Log-likelihood of RapidNJ tree: -6378.549
--------------------------------------------------------------------
|             INITIALIZING CANDIDATE TREE SET                      |
--------------------------------------------------------------------
Generating 98 parsimony trees... 14.424 second
Computing log-likelihood of 98 initial trees ... 8.729 seconds
Current best score: -6378.549

Do NNI search on 20 best initial trees
Optimizing NNI: done in 1.89016 secs using 388.2% CPU
Estimate model parameters (epsilon = 0.100)
BETTER TREE FOUND at iteration 1: -6323.432
Optimizing NNI: done in 1.34294 secs using 391.5% CPU
Optimizing NNI: done in 1.08482 secs using 391.2% CPU
Optimizing NNI: done in 1.05126 secs using 390.7% CPU
Optimizing NNI: done in 1.29955 secs using 378.4% CPU
Optimizing NNI: done in 1.34755 secs using 387.8% CPU
Optimizing NNI: done in 1.62698 secs using 389.4% CPU
Optimizing NNI: done in 0.786637 secs using 388.8% CPU
Optimizing NNI: done in 0.929686 secs using 384.2% CPU
Optimizing NNI: done in 1.2787 secs using 377.8% CPU
Iteration 10 / LogL: -6428.098 / Time: 0h:0m:51s
Optimizing NNI: done in 1.22713 secs using 390.5% CPU
Optimizing NNI: done in 1.32553 secs using 388.3% CPU
Optimizing NNI: done in 1.13327 secs using 389.5% CPU
Optimizing NNI: done in 1.3981 secs using 380.6% CPU
Optimizing NNI: done in 0.979118 secs using 387.6% CPU
Optimizing NNI: done in 0.949229 secs using 386.6% CPU
Optimizing NNI: done in 1.86904 secs using 391.2% CPU
Optimizing NNI: done in 1.80839 secs using 384.2% CPU
Optimizing NNI: done in 1.46154 secs using 389% CPU
Optimizing NNI: done in 1.45964 secs using 385.9% CPU
Iteration 20 / LogL: -6437.288 / Time: 0h:1m:5s
Finish initializing candidate tree set (20)
Current best tree score: -6323.432 / CPU time: 55.870
Number of iterations: 20
--------------------------------------------------------------------
|               OPTIMIZING CANDIDATE TREE SET                      |
--------------------------------------------------------------------
Optimizing NNI: done in 1.81728 secs using 383% CPU
Optimizing NNI: done in 1.34449 secs using 388.6% CPU
Optimizing NNI: done in 1.73182 secs using 387.7% CPU
Optimizing NNI: done in 1.28198 secs using 389.5% CPU
Optimizing NNI: done in 2.05525 secs using 383.3% CPU
Optimizing NNI: done in 1.82962 secs using 388.4% CPU
Optimizing NNI: done in 1.85477 secs using 380.8% CPU
Optimizing NNI: done in 1.89874 secs using 389.1% CPU
Optimizing NNI: done in 1.63165 secs using 392.4% CPU
Optimizing NNI: done in 1.91001 secs using 384.1% CPU
Iteration 30 / LogL: -6352.958 / Time: 0h:1m:23s (0h:3m:24s left)
Optimizing NNI: done in 1.98523 secs using 391% CPU
Optimizing NNI: done in 1.63193 secs using 390.6% CPU
Optimizing NNI: done in 1.7196 secs using 383.9% CPU
Optimizing NNI: done in 1.85341 secs using 392.8% CPU
Optimizing NNI: done in 1.26271 secs using 392% CPU
Optimizing NNI: done in 1.53413 secs using 382.8% CPU
Optimizing NNI: done in 1.32894 secs using 388.8% CPU
Optimizing NNI: done in 1.95616 secs using 393% CPU
Optimizing NNI: done in 1.54422 secs using 381.8% CPU
Optimizing NNI: done in 1.50324 secs using 392.9% CPU
Iteration 40 / LogL: -6329.240 / Time: 0h:1m:41s (0h:2m:38s left)
Optimizing NNI: done in 1.21776 secs using 390.4% CPU
Optimizing NNI: done in 1.42378 secs using 387.8% CPU
Optimizing NNI: done in 1.72779 secs using 382.8% CPU
Optimizing NNI: done in 1.56728 secs using 389.6% CPU
Optimizing NNI: done in 2.09412 secs using 392.1% CPU
Optimizing NNI: done in 1.42045 secs using 380.3% CPU
Optimizing NNI: done in 1.30701 secs using 391.7% CPU
Optimizing NNI: done in 1.39641 secs using 390.9% CPU
Optimizing NNI: done in 1.35279 secs using 379.6% CPU
Optimizing NNI: done in 1.23454 secs using 389.8% CPU
Iteration 50 / LogL: -6344.016 / Time: 0h:1m:57s (0h:2m:1s left)
Optimizing NNI: done in 1.73497 secs using 392% CPU
Optimizing NNI: done in 1.49666 secs using 390.3% CPU
Optimizing NNI: done in 1.58013 secs using 381.3% CPU
Optimizing NNI: done in 1.53527 secs using 393% CPU
Optimizing NNI: done in 1.57138 secs using 391.4% CPU
Optimizing NNI: done in 1.44108 secs using 380.8% CPU
Optimizing NNI: done in 1.6342 secs using 392.1% CPU
Optimizing NNI: done in 1.39784 secs using 391.1% CPU
Optimizing NNI: done in 1.79786 secs using 382.9% CPU
Optimizing NNI: done in 1.35572 secs using 391.3% CPU
Iteration 60 / LogL: -6330.558 / Time: 0h:2m:13s (0h:1m:32s left)
Optimizing NNI: done in 1.4322 secs using 387.8% CPU
Optimizing NNI: done in 1.4823 secs using 388.3% CPU
Optimizing NNI: done in 1.4484 secs using 389.1% CPU
Optimizing NNI: done in 1.39692 secs using 388.2% CPU
Optimizing NNI: done in 1.46843 secs using 390.1% CPU
Optimizing NNI: done in 1.36535 secs using 378.6% CPU
Optimizing NNI: done in 1.7021 secs using 391.2% CPU
Optimizing NNI: done in 1.44749 secs using 389.3% CPU
Optimizing NNI: done in 1.48355 secs using 379.3% CPU
Optimizing NNI: done in 1.5245 secs using 390.1% CPU
Iteration 70 / LogL: -6335.940 / Time: 0h:2m:29s (0h:1m:7s left)
Optimizing NNI: done in 1.70029 secs using 390.5% CPU
Optimizing NNI: done in 1.27608 secs using 391.9% CPU
Optimizing NNI: done in 1.92571 secs using 384.6% CPU
Optimizing NNI: done in 1.67419 secs using 392.4% CPU
Optimizing NNI: done in 0.950192 secs using 389.6% CPU
Optimizing NNI: done in 1.57268 secs using 383% CPU
Optimizing NNI: done in 1.17695 secs using 388.6% CPU
Optimizing NNI: done in 1.71969 secs using 388.6% CPU
Optimizing NNI: done in 1.5959 secs using 382.2% CPU
Optimizing NNI: done in 1.20039 secs using 390% CPU
Iteration 80 / LogL: -6346.294 / Time: 0h:2m:45s (0h:0m:44s left)
Optimizing NNI: done in 1.30346 secs using 388.3% CPU
Optimizing NNI: done in 1.59579 secs using 390.7% CPU
Optimizing NNI: done in 1.4677 secs using 378.8% CPU
Optimizing NNI: done in 1.39674 secs using 390.3% CPU
Optimizing NNI: done in 1.67742 secs using 388.7% CPU
Optimizing NNI: done in 1.82003 secs using 383.7% CPU
Optimizing NNI: done in 1.58995 secs using 389.6% CPU
Optimizing NNI: done in 1.4088 secs using 389.9% CPU
Optimizing NNI: done in 1.38005 secs using 381.2% CPU
Optimizing NNI: done in 1.7696 secs using 389.3% CPU
Iteration 90 / LogL: -6325.344 / Time: 0h:3m:2s (0h:0m:22s left)
Optimizing NNI: done in 1.41786 secs using 390.7% CPU
Optimizing NNI: done in 1.26062 secs using 388.4% CPU
Optimizing NNI: done in 1.95224 secs using 382.7% CPU
Optimizing NNI: done in 1.73308 secs using 390.8% CPU
Optimizing NNI: done in 1.83906 secs using 384.2% CPU
Optimizing NNI: done in 1.43855 secs using 391.2% CPU
Optimizing NNI: done in 1.41919 secs using 392.3% CPU
Optimizing NNI: done in 1.155 secs using 390.2% CPU
Optimizing NNI: done in 1.4846 secs using 382.2% CPU
Optimizing NNI: done in 1.95216 secs using 390.3% CPU
Iteration 100 / LogL: -6343.442 / Time: 0h:3m:19s (0h:0m:2s left)
Optimizing NNI: done in 1.46275 secs using 387.1% CPU
Optimizing NNI: done in 1.6815 secs using 384.9% CPU
TREE SEARCH COMPLETED AFTER 102 ITERATIONS / Time: 0h:3m:22s

--------------------------------------------------------------------
|                    FINALIZING TREE SEARCH                        |
--------------------------------------------------------------------
Performs final model parameters optimization
Estimate model parameters (epsilon = 0.010)
1. Initial log-likelihood: -6323.432
Optimal log-likelihood: -6323.430
Rate parameters:  A-C: 1.46658  A-G: 2.51116  A-T: 0.38641  C-G: 0.15857  C-T: 2.04275  G-T: 1.00000
Base frequencies:  A: 0.335  C: 0.179  G: 0.239  T: 0.247
Site proportion and rates:  (0.051,0.370) (0.129,0.381) (0.288,0.870) (0.429,0.882) (0.082,2.287) (0.022,5.399)
Parameters optimization took 1 rounds (0.781 sec)
BEST SCORE FOUND : -6323.430
Total tree length: 7.196

Total number of iterations: 102
CPU time used for tree search: 682.739 sec (0h:11m:22s)
Wall-clock time used for tree search: 193.076 sec (0h:3m:13s)
Total CPU time used: 716.032 sec (0h:11m:56s)
Total wall-clock time used: 203.307 sec (0h:3m:23s)

Analysis results written to: 
  IQ-TREE report:                IQTREE_bestTree.InWindow_2340_to_2590.iqtree
  Maximum-likelihood tree:       IQTREE_bestTree.InWindow_2340_to_2590.treefile
  Likelihood distances:          IQTREE_bestTree.InWindow_2340_to_2590.mldist
  Screen log file:               IQTREE_bestTree.InWindow_2340_to_2590.log

Date and Time: Sat Jul 22 23:07:46 2023
