IQ-TREE multicore version 2.2.2.7 COVID-edition for Linux 64-bit built Jun  7 2023
Developed by Bui Quang Minh, James Barbetti, Nguyen Lam Tung,
Olga Chernomor, Heiko Schmidt, Dominik Schrempf, Michael Woodhams, Ly Trong Nhan.

Host:    hpc-node03 (AVX2, FMA3, 1007 GB RAM)
Command: iqtree -s AlignedReadsInWindow_PositionsExcised_4860_to_5110.fasta -pre IQTREE_bestTree.InWindow_4860_to_5110 -m GTR+F+R6 -nt 2
Seed:    811562 (Using SPRNG - Scalable Parallel Random Number Generator)
Time:    Tue Jul 25 12:16:24 2023
Kernel:  AVX+FMA - 2 threads (2 CPU cores detected)

Reading alignment file AlignedReadsInWindow_PositionsExcised_4860_to_5110.fasta ... Fasta format detected
Reading fasta file: done in 0.00615697 secs using 91.93% CPU
Alignment most likely contains DNA/RNA sequences
Constructing alignment: done in 0.00323204 secs using 91.09% CPU
Alignment has 774 sequences with 246 columns, 237 distinct patterns
171 parsimony-informative, 56 singleton sites, 19 constant sites
                                                            Gap/Ambiguity  Composition  p-value
Analyzing sequences: done in 0.000681333 secs using 131.4% CPU
   1  200724_20-08518_HIV10-02405_FL24_S14_L000_read_1_count_349    1.63%    passed     98.65%
   2  200724_20-08518_HIV10-02405_FL24_S14_L000_read_2_count_23     1.63%    passed     96.38%
   3  200724_20-08518_HIV10-02405_FL24_S14_L000_read_3_count_19     1.63%    passed     99.08%
   4  200724_20-08518_HIV10-02405_FL24_S14_L000_read_4_count_11     1.63%    passed     96.38%
   5  200724_20-08518_HIV10-02405_FL24_S14_L000_read_5_count_10     1.63%    passed     97.99%
   6  200724_20-08518_HIV10-02405_FL24_S14_L000_read_6_count_10     1.63%    passed     99.04%
   7  200724_20-08518_HIV10-02405_FL24_S14_L000_read_7_count_7      1.63%    passed     99.08%
   8  200724_20-08518_HIV10-02405_FL24_S14_L000_read_8_count_7      1.63%    passed     99.33%
   9  200724_20-08518_HIV10-02405_FL24_S14_L000_read_9_count_6      1.63%    passed     99.08%
  10  200724_20-08518_HIV10-02405_FL24_S14_L000_read_10_count_6     1.63%    passed     99.08%
  11  200724_20-08518_HIV10-02405_FL24_S14_L000_read_11_count_5     1.63%    passed     96.38%
  12  200724_20-08518_HIV10-02405_FL24_S14_L000_read_12_count_5     1.63%    passed     99.08%
  13  200724_20-08518_HIV10-02405_FL24_S14_L000_read_13_count_4     1.63%    passed     97.33%
  14  200724_20-08518_HIV10-02405_FL24_S14_L000_read_14_count_4     1.63%    passed     97.33%
  15  200724_20-08518_HIV10-02405_FL24_S14_L000_read_15_count_3     1.63%    passed     99.83%
  16  200724_20-08518_HIV10-02405_FL24_S14_L000_read_16_count_3     1.63%    passed     94.79%
  17  200724_20-08518_HIV10-02405_FL24_S14_L000_read_17_count_3     1.63%    passed     97.99%
  18  200724_20-08518_HIV10-02405_FL24_S14_L000_read_18_count_3     1.63%    passed     99.08%
  19  200724_20-08518_HIV10-02405_FL24_S14_L000_read_19_count_3     1.63%    passed     97.33%
  20  200724_20-08518_HIV10-02405_FL24_S14_L000_read_20_count_2     1.63%    passed     97.33%
  21  200724_20-08518_HIV10-02405_FL24_S14_L000_read_21_count_2     1.63%    passed     97.77%
  22  200724_20-08518_HIV10-02405_FL24_S14_L000_read_22_count_2     1.63%    passed     92.01%
  23  200724_20-08518_HIV10-02405_FL24_S14_L000_read_23_count_2     1.63%    passed     97.33%
  24  200724_20-08518_HIV10-02405_FL24_S14_L000_read_24_count_2     1.63%    passed     99.04%
  25  200724_20-08518_HIV10-02405_FL24_S14_L000_read_25_count_2     1.63%    passed     97.33%
  26  200724_20-08518_HIV10-02405_FL24_S14_L000_read_26_count_2     1.63%    passed     97.33%
  27  200724_20-08518_HIV10-02405_FL24_S14_L000_read_27_count_2     1.63%    passed     97.33%
  28  200724_20-08518_HIV10-02405_FL24_S14_L000_read_28_count_2     1.63%    passed     99.08%
  29  200724_20-08518_HIV10-02405_FL24_S14_L000_read_29_count_2     1.63%    passed     96.97%
  30  200724_20-08518_HIV10-02405_FL24_S14_L000_read_30_count_1     1.63%    passed     94.79%
  31  200724_20-08518_HIV10-02405_FL24_S14_L000_read_31_count_1     1.63%    passed     96.97%
  32  200724_20-08518_HIV10-02405_FL24_S14_L000_read_32_count_1     1.63%    passed     96.38%
  33  200724_20-08518_HIV10-02405_FL24_S14_L000_read_33_count_1     1.63%    passed     99.33%
  34  200724_20-08518_HIV10-02405_FL24_S14_L000_read_34_count_1     1.63%    passed     91.29%
  35  200724_20-08518_HIV10-02405_FL24_S14_L000_read_35_count_1     1.63%    passed     98.65%
  36  200724_20-08518_HIV10-02405_FL24_S14_L000_read_36_count_1     1.63%    passed     97.33%
  37  200724_20-08518_HIV10-02405_FL24_S14_L000_read_37_count_1     1.63%    passed     98.83%
  38  200724_20-08518_HIV10-02405_FL24_S14_L000_read_38_count_1     1.63%    passed     99.33%
  39  200724_20-08518_HIV10-02405_FL24_S14_L000_read_39_count_1     1.63%    passed     96.38%
  40  200724_20-08518_HIV10-02405_FL24_S14_L000_read_40_count_1     1.63%    passed     96.97%
  41  200724_20-08518_HIV10-02405_FL24_S14_L000_read_41_count_1     1.63%    passed     97.33%
  42  200724_20-08518_HIV10-02405_FL24_S14_L000_read_42_count_1     1.63%    passed     96.97%
  43  200724_20-08518_HIV10-02405_FL24_S14_L000_read_43_count_1     1.63%    passed     99.83%
  44  200724_20-08518_HIV10-02405_FL24_S14_L000_read_44_count_1     1.63%    passed     98.83%
  45  200724_20-08518_HIV10-02405_FL24_S14_L000_read_45_count_1     1.63%    passed     95.65%
  46  200724_20-08518_HIV10-02405_FL24_S14_L000_read_46_count_1     1.63%    passed     98.83%
  47  200724_20-08518_HIV10-02405_FL24_S14_L000_read_47_count_1     1.63%    passed     97.33%
  48  200724_20-08518_HIV10-02405_FL24_S14_L000_read_48_count_1     2.03%    passed     98.59%
  49  200724_20-08518_HIV10-02405_FL24_S14_L000_read_49_count_1     1.63%    passed     97.33%
  50  200724_20-08518_HIV10-02405_FL24_S14_L000_read_50_count_1     1.63%    passed     97.33%
  51  200724_20-08518_HIV10-02405_FL24_S14_L000_read_51_count_1     1.63%    passed     94.75%
  52  200724_20-08518_HIV10-02405_FL24_S14_L000_read_52_count_1     1.63%    passed     98.65%
  53  200724_20-08518_HIV10-02405_FL24_S14_L000_read_53_count_1     1.63%    passed     98.76%
  54  200724_20-08518_HIV10-02405_FL24_S14_L000_read_54_count_1     1.63%    passed     97.33%
  55  200724_20-08518_HIV10-02405_FL24_S14_L000_read_55_count_1     1.63%    passed     93.59%
  56  200724_20-08518_HIV10-02405_FL24_S14_L000_read_56_count_1     1.63%    passed     99.33%
  57  200724_20-08518_HIV10-02405_FL24_S14_L000_read_57_count_1     1.63%    passed     97.33%
  58  200724_20-08518_HIV10-02405_FL24_S14_L000_read_58_count_1     1.63%    passed     96.97%
  59  200724_20-08518_HIV10-02405_FL24_S14_L000_read_59_count_1     1.63%    passed     99.75%
  60  200724_20-08518_HIV10-02405_FL24_S14_L000_read_60_count_1     1.63%    passed     98.76%
  61  200724_20-08518_HIV10-02405_FL24_S14_L000_read_61_count_1     1.63%    passed     98.65%
  62  200724_20-08518_HIV10-02405_FL24_S14_L000_read_62_count_1     1.63%    passed     94.75%
  63  200724_20-08518_HIV10-02405_FL24_S14_L000_read_63_count_1     1.63%    passed    100.00%
  64  200724_20-08518_HIV10-02405_FL24_S14_L000_read_64_count_1     1.63%    passed     98.83%
  65  200724_20-08518_HIV10-02405_FL24_S14_L000_read_65_count_1     1.63%    passed     99.83%
  66  200724_20-08518_HIV10-02405_FL24_S14_L000_read_66_count_1     1.63%    passed     98.76%
  67  200724_20-08518_HIV10-02405_FL24_S14_L000_read_67_count_1     1.63%    passed     95.50%
  68  200724_20-08518_HIV10-02405_FL24_S14_L000_read_68_count_1     1.63%    passed     94.79%
  69  200724_20-08518_HIV10-02405_FL24_S14_L000_read_69_count_1     1.63%    passed     99.08%
  70  200724_20-08518_HIV10-02405_FL24_S14_L000_read_70_count_1     1.63%    passed     98.65%
  71  200724_20-08518_HIV10-02405_FL24_S14_L000_read_71_count_1     1.63%    passed     99.08%
  72  200724_20-08518_HIV10-02405_FL24_S14_L000_read_72_count_1     1.63%    passed     96.38%
  73  200724_20-08518_HIV10-02405_FL24_S14_L000_read_73_count_1     1.63%    passed     99.33%
  74  200724_20-08518_HIV10-02405_FL24_S14_L000_read_74_count_1     1.63%    passed     99.33%
  75  200724_20-08518_HIV10-02405_FL24_S14_L000_read_75_count_1     1.63%    passed     99.27%
  76  200724_20-08518_HIV10-02405_FL24_S14_L000_read_76_count_1     1.63%    passed     96.82%
  77  200724_20-08518_HIV10-02405_FL24_S14_L000_read_77_count_1     1.63%    passed     96.19%
  78  200724_20-08518_HIV10-02405_FL24_S14_L000_read_78_count_1     1.63%    passed     97.33%
  79  200724_20-08518_HIV10-02405_FL24_S14_L000_read_79_count_1     1.22%    passed     98.54%
  80  200724_20-08518_HIV10-02405_FL24_S14_L000_read_80_count_1     1.63%    passed     94.75%
  81  200724_20-08518_HIV10-02405_FL24_S14_L000_read_81_count_1     1.63%    passed     96.38%
  82  200724_20-08518_HIV10-02405_FL24_S14_L000_read_82_count_1     1.63%    passed     97.99%
  83  200724_20-08518_HIV10-02405_FL24_S14_L000_read_83_count_1     2.03%    passed     98.59%
  84  200724_20-08518_HIV10-02405_FL24_S14_L000_read_84_count_1     1.63%    passed     91.94%
  85  200724_20-08518_HIV10-02405_FL24_S14_L000_read_85_count_1     1.63%    passed     97.33%
  86  200724_20-08518_HIV10-02405_FL24_S14_L000_read_86_count_1     1.63%    passed     97.33%
  87  200724_20-08518_HIV10-02405_FL24_S14_L000_read_87_count_1     1.63%    passed     97.99%
  88  200724_20-08518_HIV10-02405_FL24_S14_L000_read_88_count_1     1.63%    passed     98.76%
  89  200724_20-08518_HIV10-02405_FL24_S14_L000_read_89_count_1     1.63%    passed     99.08%
  90  200724_20-08518_HIV10-02405_FL24_S14_L000_read_90_count_1     1.63%    passed     99.08%
  91  200724_20-08518_HIV10-02405_FL24_S14_L000_read_91_count_1     1.63%    passed     98.83%
  92  200724_20-08518_HIV10-02405_FL24_S14_L000_read_92_count_1     1.63%    passed     98.76%
  93  200724_20-08518_HIV10-02405_FL24_S14_L000_read_93_count_1     1.63%    passed     97.33%
  94  200724_20-08518_HIV10-02405_FL24_S14_L000_read_94_count_1     1.63%    passed     97.33%
  95  200724_20-08518_HIV10-02405_FL24_S14_L000_read_95_count_1     1.63%    passed     99.33%
  96  200724_20-08518_HIV10-02405_FL24_S14_L000_read_96_count_1     1.63%    passed     91.29%
  97  200724_20-08518_HIV10-02405_FL24_S14_L000_read_97_count_1     1.63%    passed     94.79%
  98  200724_20-08518_HIV10-02405_FL24_S14_L000_read_98_count_1     1.63%    passed     96.82%
  99  200724_20-08518_HIV10-02405_FL24_S14_L000_read_99_count_1     1.63%    passed     95.22%
 100  200724_20-08518_HIV10-02405_FL24_S14_L000_read_100_count_1    1.63%    passed     99.83%
 101  200724_20-08518_HIV10-02405_FL24_S14_L000_read_101_count_1    1.63%    passed     99.08%
 102  200724_20-08518_HIV10-02405_FL24_S14_L000_read_102_count_1    1.63%    passed     97.33%
 103  200724_20-08518_HIV10-02405_FL24_S14_L000_read_103_count_1    1.63%    passed     97.99%
 104  200724_20-08518_HIV10-02405_FL24_S14_L000_read_104_count_1    1.63%    passed     96.19%
 105  200724_20-08518_HIV10-02405_FL24_S14_L000_read_105_count_1    1.63%    passed     97.05%
 106  200724_20-08518_HIV10-02405_FL24_S14_L000_read_106_count_1    1.63%    passed     97.33%
 107  200724_20-08518_HIV10-02405_FL24_S14_L000_read_107_count_1    1.63%    passed     96.38%
 108  200724_20-08518_HIV10-02405_FL24_S14_L000_read_108_count_1    1.63%    passed     96.97%
 109  200724_20-08518_HIV10-02405_FL24_S14_L000_read_109_count_1    1.63%    passed     95.62%
 110  200724_20-08518_HIV10-02405_FL24_S14_L000_read_110_count_1    2.03%    passed     98.59%
 111  200724_20-08518_HIV10-02405_FL24_S14_L000_read_111_count_1    1.63%    passed     97.33%
 112  200724_20-08518_HIV10-02405_FL24_S14_L000_read_112_count_1    1.63%    passed     97.98%
 113  200724_20-08518_HIV10-02405_FL24_S14_L000_read_113_count_1    1.63%    passed     97.33%
 114  200724_20-08518_HIV10-02405_FL24_S14_L000_read_114_count_1    1.63%    passed     96.82%
 115  200724_20-08518_HIV10-02405_FL24_S14_L000_read_115_count_1    1.63%    passed     95.22%
 116  200724_20-08518_HIV10-02405_FL24_S14_L000_read_116_count_1    1.63%    passed     99.42%
 117  200724_20-08518_HIV10-02405_FL24_S14_L000_read_117_count_1    1.63%    passed     96.38%
 118  200724_20-08518_HIV10-02405_FL24_S14_L000_read_118_count_1    1.63%    passed     99.08%
 119  200724_20-08518_HIV10-02405_FL24_S14_L000_read_119_count_1    1.63%    passed     98.76%
 120  200709_20-07994_HIV07-01067_FL21_S1_L000_read_1_count_657     1.63%    passed     97.05%
 121  200709_20-07994_HIV07-01067_FL21_S1_L000_read_2_count_175     1.63%    passed     91.65%
 122  200709_20-07994_HIV07-01067_FL21_S1_L000_read_3_count_68      1.63%    passed     98.82%
 123  200709_20-07994_HIV07-01067_FL21_S1_L000_read_4_count_10      1.63%    passed     92.34%
 124  200709_20-07994_HIV07-01067_FL21_S1_L000_read_5_count_3       1.63%    passed     97.59%
 125  200709_20-07994_HIV07-01067_FL21_S1_L000_read_6_count_3       1.63%    passed     95.50%
 126  200709_20-07994_HIV07-01067_FL21_S1_L000_read_7_count_3       1.63%    passed     95.50%
 127  200709_20-07994_HIV07-01067_FL21_S1_L000_read_8_count_3       1.63%    passed     98.82%
 128  200709_20-07994_HIV07-01067_FL21_S1_L000_read_9_count_2       1.63%    passed     97.59%
 129  200709_20-07994_HIV07-01067_FL21_S1_L000_read_10_count_2      1.63%    passed     97.59%
 130  200709_20-07994_HIV07-01067_FL21_S1_L000_read_11_count_2      1.63%    passed     97.59%
 131  200709_20-07994_HIV07-01067_FL21_S1_L000_read_12_count_2      1.63%    passed     91.65%
 132  200709_20-07994_HIV07-01067_FL21_S1_L000_read_13_count_2      1.63%    passed     97.59%
 133  200709_20-07994_HIV07-01067_FL21_S1_L000_read_14_count_2      1.63%    passed     95.46%
 134  200709_20-07994_HIV07-01067_FL21_S1_L000_read_15_count_2      1.63%    passed     97.59%
 135  200709_20-07994_HIV07-01067_FL21_S1_L000_read_16_count_2      1.63%    passed     95.50%
 136  200709_20-07994_HIV07-01067_FL21_S1_L000_read_17_count_2      1.63%    passed     99.38%
 137  200709_20-07994_HIV07-01067_FL21_S1_L000_read_18_count_2      1.63%    passed     97.59%
 138  200709_20-07994_HIV07-01067_FL21_S1_L000_read_19_count_2      1.63%    passed     97.59%
 139  200709_20-07994_HIV07-01067_FL21_S1_L000_read_20_count_2      1.63%    passed     99.38%
 140  200709_20-07994_HIV07-01067_FL21_S1_L000_read_21_count_2      1.63%    passed     97.88%
 141  200709_20-07994_HIV07-01067_FL21_S1_L000_read_22_count_2      1.63%    passed     95.50%
 142  200709_20-07994_HIV07-01067_FL21_S1_L000_read_23_count_2      1.63%    passed     91.65%
 143  200709_20-07994_HIV07-01067_FL21_S1_L000_read_24_count_1      1.63%    passed     97.88%
 144  200709_20-07994_HIV07-01067_FL21_S1_L000_read_25_count_1      1.22%    passed     98.72%
 145  200709_20-07994_HIV07-01067_FL21_S1_L000_read_26_count_1      1.63%    passed     97.05%
 146  200709_20-07994_HIV07-01067_FL21_S1_L000_read_27_count_1      1.63%    passed     98.82%
 147  200709_20-07994_HIV07-01067_FL21_S1_L000_read_28_count_1      1.63%    passed     97.59%
 148  200709_20-07994_HIV07-01067_FL21_S1_L000_read_29_count_1      2.03%    passed     96.17%
 149  200709_20-07994_HIV07-01067_FL21_S1_L000_read_30_count_1      1.63%    passed     97.59%
 150  200709_20-07994_HIV07-01067_FL21_S1_L000_read_31_count_1      1.63%    passed     97.59%
 151  200709_20-07994_HIV07-01067_FL21_S1_L000_read_32_count_1      1.63%    passed     98.82%
 152  200709_20-07994_HIV07-01067_FL21_S1_L000_read_33_count_1      1.63%    passed     91.65%
 153  200709_20-07994_HIV07-01067_FL21_S1_L000_read_34_count_1      1.63%    passed     99.80%
 154  200709_20-07994_HIV07-01067_FL21_S1_L000_read_35_count_1      1.63%    passed     99.38%
 155  200709_20-07994_HIV07-01067_FL21_S1_L000_read_36_count_1      1.63%    passed     91.90%
 156  200709_20-07994_HIV07-01067_FL21_S1_L000_read_37_count_1      1.63%    passed     97.59%
 157  200709_20-07994_HIV07-01067_FL21_S1_L000_read_38_count_1      1.63%    passed     89.76%
 158  200709_20-07994_HIV07-01067_FL21_S1_L000_read_39_count_1      1.63%    passed     98.82%
 159  200709_20-07994_HIV07-01067_FL21_S1_L000_read_40_count_1      1.63%    passed     95.46%
 160  200709_20-07994_HIV07-01067_FL21_S1_L000_read_41_count_1      1.63%    passed     93.08%
 161  200709_20-07994_HIV07-01067_FL21_S1_L000_read_42_count_1      1.63%    passed     98.31%
 162  200709_20-07994_HIV07-01067_FL21_S1_L000_read_43_count_1      1.63%    passed     91.65%
 163  200709_20-07994_HIV07-01067_FL21_S1_L000_read_44_count_1      1.63%    passed     97.88%
 164  200709_20-07994_HIV07-01067_FL21_S1_L000_read_45_count_1      1.63%    passed     91.65%
 165  200709_20-07994_HIV07-01067_FL21_S1_L000_read_46_count_1      1.63%    passed     94.18%
 166  200709_20-07994_HIV07-01067_FL21_S1_L000_read_47_count_1      1.63%    passed     98.31%
 167  200709_20-07994_HIV07-01067_FL21_S1_L000_read_48_count_1      1.63%    passed     97.05%
 168  200709_20-07994_HIV07-01067_FL21_S1_L000_read_49_count_1      1.63%    passed     97.05%
 169  200709_20-07994_HIV07-01067_FL21_S1_L000_read_50_count_1      1.63%    passed     95.50%
 170  200709_20-07994_HIV07-01067_FL21_S1_L000_read_51_count_1      1.63%    passed     93.08%
 171  200709_20-07994_HIV07-01067_FL21_S1_L000_read_52_count_1      1.63%    passed     97.59%
 172  200709_20-07994_HIV07-01067_FL21_S1_L000_read_53_count_1      1.63%    passed     93.51%
 173  200709_20-07994_HIV07-01067_FL21_S1_L000_read_54_count_1      1.63%    passed     89.76%
 174  200709_20-07994_HIV07-01067_FL21_S1_L000_read_55_count_1      1.63%    passed     97.59%
 175  200709_20-07994_HIV07-01067_FL21_S1_L000_read_56_count_1      1.63%    passed     94.18%
 176  200709_20-07994_HIV07-01067_FL21_S1_L000_read_57_count_1      1.63%    passed     98.97%
 177  200709_20-07994_HIV07-01067_FL21_S1_L000_read_58_count_1      1.63%    passed     95.46%
 178  200709_20-07994_HIV07-01067_FL21_S1_L000_read_59_count_1      1.63%    passed     99.38%
 179  200709_20-07994_HIV07-01067_FL21_S1_L000_read_60_count_1      1.63%    passed     97.59%
 180  200709_20-07994_HIV07-01067_FL21_S1_L000_read_61_count_1      1.63%    passed     97.59%
 181  200709_20-07994_HIV07-01067_FL21_S1_L000_read_62_count_1      1.63%    passed     95.50%
 182  200709_20-07994_HIV07-01067_FL21_S1_L000_read_63_count_1      2.03%    passed     97.31%
 183  200709_20-07994_HIV07-01067_FL21_S1_L000_read_64_count_1      1.63%    passed     97.59%
 184  200709_20-07994_HIV07-01067_FL21_S1_L000_read_65_count_1      1.63%    passed     97.59%
 185  200709_20-07994_HIV07-01067_FL21_S1_L000_read_66_count_1      1.63%    passed     97.88%
 186  200709_20-07994_HIV07-01067_FL21_S1_L000_read_67_count_1      1.63%    passed     95.46%
 187  200709_20-07994_HIV07-01067_FL21_S1_L000_read_68_count_1      1.63%    passed     99.38%
 188  200709_20-07994_HIV07-01067_FL21_S1_L000_read_69_count_1      6.10%    passed     98.78%
 189  200709_20-07994_HIV07-01067_FL21_S1_L000_read_70_count_1      1.63%    passed     98.97%
 190  200709_20-07994_HIV07-01067_FL21_S1_L000_read_71_count_1      1.63%    passed     89.76%
 191  200709_20-07994_HIV07-01067_FL21_S1_L000_read_72_count_1      1.63%    passed     99.70%
 192  200709_20-07994_HIV07-01067_FL21_S1_L000_read_73_count_1      1.63%    passed     97.49%
 193  200709_20-07994_HIV07-01067_FL21_S1_L000_read_74_count_1      1.63%    passed     89.76%
 194  200709_20-07994_HIV07-01067_FL21_S1_L000_read_75_count_1      1.63%    passed     97.59%
 195  200709_20-07994_HIV07-01067_FL21_S1_L000_read_76_count_1      1.63%    passed     98.97%
 196  200709_20-07994_HIV07-01067_FL21_S1_L000_read_77_count_1      1.63%    passed     98.31%
 197  200709_20-07994_HIV07-01067_FL21_S1_L000_read_78_count_1      1.63%    passed     97.59%
 198  200709_20-07994_HIV07-01067_FL21_S1_L000_read_79_count_1      1.63%    passed     92.34%
 199  200709_20-07994_HIV07-01067_FL21_S1_L000_read_80_count_1      1.63%    passed     99.38%
 200  200709_20-07994_HIV07-01067_FL21_S1_L000_read_81_count_1      1.63%    passed     98.42%
 201  200709_20-07994_HIV07-01067_FL21_S1_L000_read_82_count_1      1.63%    passed     95.46%
 202  200709_20-07994_HIV07-01067_FL21_S1_L000_read_83_count_1      1.63%    passed     97.59%
 203  200709_20-07994_HIV07-01067_FL21_S1_L000_read_84_count_1      1.63%    passed     99.80%
 204  200709_20-07994_HIV07-01067_FL21_S1_L000_read_85_count_1      1.63%    passed     89.76%
 205  200709_20-07994_HIV07-01067_FL21_S1_L000_read_86_count_1      1.63%    passed     97.59%
 206  200709_20-07994_HIV07-01067_FL21_S1_L000_read_87_count_1      1.63%    passed     91.90%
 207  200709_20-07994_HIV07-01067_FL21_S1_L000_read_88_count_1      1.63%    passed     97.88%
 208  200709_20-07994_HIV07-01067_FL21_S1_L000_read_89_count_1      1.63%    passed     97.49%
 209  200709_20-07994_HIV07-01067_FL21_S1_L000_read_90_count_1      1.63%    passed     97.59%
 210  200709_20-07994_HIV07-01067_FL21_S1_L000_read_91_count_1      1.63%    passed     95.46%
 211  200709_20-07994_HIV07-01067_FL21_S1_L000_read_92_count_1      1.63%    passed     98.97%
 212  200709_20-07994_HIV07-01067_FL21_S1_L000_read_93_count_1      1.63%    passed     89.76%
 213  200709_20-07994_HIV07-01067_FL21_S1_L000_read_94_count_1      1.63%    passed     97.59%
 214  200709_20-07994_HIV07-01067_FL21_S1_L000_read_95_count_1      1.63%    passed     97.59%
 215  200709_20-07994_HIV07-01067_FL21_S1_L000_read_96_count_1      1.63%    passed     97.59%
 216  200709_20-07994_HIV07-01067_FL21_S1_L000_read_97_count_1      1.63%    passed     92.34%
 217  200709_20-07994_HIV07-01067_FL21_S1_L000_read_98_count_1      1.63%    passed     98.97%
 218  200709_20-07994_HIV07-01067_FL21_S1_L000_read_99_count_1      1.63%    passed     97.59%
 219  200709_20-07994_HIV07-01067_FL21_S1_L000_read_100_count_1     1.63%    passed     99.38%
 220  200709_20-07994_HIV07-01067_FL21_S1_L000_read_101_count_1     1.63%    passed     97.59%
 221  200709_20-07994_HIV07-01067_FL21_S1_L000_read_102_count_1     1.63%    passed     99.38%
 222  200709_20-07994_HIV07-01067_FL21_S1_L000_read_103_count_1     1.63%    passed     97.59%
 223  200709_20-07994_HIV07-01067_FL21_S1_L000_read_104_count_1     1.63%    passed     97.25%
 224  200709_20-07994_HIV07-01067_FL21_S1_L000_read_105_count_1     1.63%    passed     99.13%
 225  200709_20-07994_HIV07-01067_FL21_S1_L000_read_106_count_1     1.63%    passed     95.50%
 226  200709_20-07994_HIV07-01067_FL21_S1_L000_read_107_count_1     1.63%    passed     97.05%
 227  200709_20-07994_HIV07-01067_FL21_S1_L000_read_108_count_1     1.63%    passed     97.05%
 228  200709_20-07994_HIV07-01067_FL21_S1_L000_read_109_count_1     1.63%    passed     82.82%
 229  200709_20-07994_HIV07-01067_FL21_S1_L000_read_110_count_1     1.63%    passed     92.34%
 230  200709_20-07994_HIV07-01067_FL21_S1_L000_read_111_count_1     1.63%    passed     92.34%
 231  200709_20-07994_HIV07-01067_FL21_S1_L000_read_112_count_1     1.63%    passed     97.59%
 232  200709_20-07994_HIV07-01067_FL21_S1_L000_read_113_count_1     1.63%    passed     97.59%
 233  200709_20-07994_HIV07-01067_FL21_S1_L000_read_114_count_1     1.63%    passed     99.38%
 234  200709_20-07994_HIV07-01067_FL21_S1_L000_read_115_count_1     1.63%    passed     98.82%
 235  200709_20-07994_HIV07-01067_FL21_S1_L000_read_116_count_1     1.63%    passed     95.46%
 236  200709_20-07994_HIV07-01067_FL21_S1_L000_read_117_count_1     1.63%    passed     89.07%
 237  200709_20-07994_HIV07-01067_FL21_S1_L000_read_118_count_1     1.63%    passed     99.13%
 238  200709_20-07994_HIV07-01067_FL21_S1_L000_read_119_count_1     1.63%    passed     97.59%
 239  200709_20-07994_HIV07-01067_FL21_S1_L000_read_120_count_1     1.63%    passed     97.05%
 240  200709_20-07994_HIV07-01067_FL21_S1_L000_read_121_count_1     1.63%    passed     97.59%
 241  200709_20-07994_HIV07-01067_FL21_S1_L000_read_122_count_1     1.63%    passed     97.59%
 242  200709_20-07994_HIV07-01067_FL21_S1_L000_read_123_count_1     1.63%    passed     92.34%
 243  200709_20-07994_HIV07-01067_FL21_S1_L000_read_124_count_1     1.63%    passed     97.59%
 244  200709_20-07994_HIV07-01067_FL21_S1_L000_read_125_count_1     1.63%    passed     98.82%
 245  200709_20-07994_HIV07-01067_FL21_S1_L000_read_126_count_1     1.63%    passed     94.18%
 246  200709_20-07994_HIV07-01067_FL21_S1_L000_read_127_count_1     1.63%    passed     99.38%
 247  200709_20-07994_HIV07-01067_FL21_S1_L000_read_128_count_1     1.63%    passed     97.05%
 248  200709_20-07994_HIV07-01067_FL21_S1_L000_read_129_count_1     1.63%    passed     92.34%
 249  200709_20-07994_HIV07-01067_FL21_S1_L000_read_130_count_1     1.63%    passed     97.59%
 250  200709_20-07994_HIV07-01067_FL21_S1_L000_read_131_count_1     1.63%    passed     98.97%
 251  200709_20-07994_HIV07-01067_FL21_S1_L000_read_132_count_1     2.03%    passed     99.55%
 252  200709_20-07994_HIV07-01067_FL21_S1_L000_read_133_count_1     1.63%    passed     94.70%
 253  200709_20-07994_HIV07-01067_FL21_S1_L000_read_134_count_1     1.63%    passed     97.88%
 254  200709_20-07994_HIV07-01067_FL21_S1_L000_read_135_count_1     1.63%    passed     95.46%
 255  200709_20-07994_HIV07-01067_FL21_S1_L000_read_136_count_1     1.63%    passed     97.59%
 256  200709_20-07994_HIV07-01067_FL21_S1_L000_read_137_count_1     1.63%    passed     95.46%
 257  200709_20-07994_HIV07-01067_FL21_S1_L000_read_138_count_1     2.03%    passed     97.31%
 258  200709_20-07994_HIV07-01067_FL21_S1_L000_read_139_count_1     1.63%    passed     98.28%
 259  200709_20-07994_HIV07-01067_FL21_S1_L000_read_140_count_1     2.44%    passed     97.38%
 260  200709_20-07994_HIV07-01067_FL21_S1_L000_read_141_count_1     1.63%    passed     94.16%
 261  200709_20-07994_HIV07-01067_FL21_S1_L000_read_142_count_1     1.63%    passed     98.82%
 262  200709_20-07994_HIV07-01067_FL21_S1_L000_read_143_count_1     1.63%    passed     97.59%
 263  200709_20-07994_HIV07-01067_FL21_S1_L000_read_144_count_1     1.63%    passed     95.46%
 264  200709_20-07994_HIV07-01067_FL21_S1_L000_read_145_count_1     1.63%    passed     95.50%
 265  200709_20-07994_HIV07-01067_FL21_S1_L000_read_146_count_1     1.63%    passed     92.34%
 266  200709_20-07994_HIV07-01067_FL21_S1_L000_read_147_count_1     1.63%    passed     98.97%
 267  200709_20-07994_HIV07-01067_FL21_S1_L000_read_148_count_1     1.63%    passed     99.80%
 268  200709_20-07994_HIV07-01067_FL21_S1_L000_read_149_count_1     1.63%    passed     98.97%
 269  200709_20-07994_HIV07-01067_FL21_S1_L000_read_150_count_1     1.63%    passed     95.50%
 270  200709_20-07994_HIV07-01067_FL21_S1_L000_read_151_count_1     1.63%    passed     88.79%
 271  200709_20-07994_HIV07-01067_FL21_S1_L000_read_152_count_1     1.63%    passed     92.34%
 272  200709_20-07994_HIV07-01067_FL21_S1_L000_read_153_count_1     1.63%    passed     99.38%
 273  200709_20-07994_HIV07-01067_FL21_S1_L000_read_154_count_1     1.63%    passed     97.59%
 274  200709_20-07994_HIV07-01067_FL21_S1_L000_read_155_count_1     1.63%    passed     94.18%
 275  200709_20-07994_HIV07-01067_FL21_S1_L000_read_156_count_1     1.63%    passed     97.27%
 276  200709_20-07994_HIV07-01067_FL21_S1_L000_read_157_count_1     1.63%    passed     97.59%
 277  200709_20-07994_HIV07-01067_FL21_S1_L000_read_158_count_1     1.63%    passed     98.82%
 278  200709_20-07994_HIV07-01067_FL21_S1_L000_read_159_count_1     1.63%    passed     95.50%
 279  200709_20-07994_HIV07-01067_FL21_S1_L000_read_160_count_1     1.63%    passed     95.46%
 280  200709_20-07994_HIV07-01067_FL21_S1_L000_read_161_count_1     1.63%    passed     98.31%
 281  200709_20-07994_HIV07-01067_FL21_S1_L000_read_162_count_1     1.63%    passed     98.31%
 282  200709_20-07994_HIV07-01067_FL21_S1_L000_read_163_count_1     1.63%    passed     97.59%
 283  200709_20-07994_HIV07-01067_FL21_S1_L000_read_164_count_1     1.63%    passed     98.31%
 284  200709_20-07994_HIV07-01067_FL21_S1_L000_read_165_count_1     1.63%    passed     98.82%
 285  200709_20-07994_HIV07-01067_FL21_S1_L000_read_166_count_1     1.63%    passed     97.49%
 286  200709_20-07994_HIV07-01067_FL21_S1_L000_read_167_count_1     1.63%    passed     94.16%
 287  200709_20-07994_HIV07-01067_FL21_S1_L000_read_168_count_1     1.63%    passed     94.18%
 288  200709_20-07994_HIV07-01067_FL21_S1_L000_read_169_count_1     1.63%    passed     92.34%
 289  200709_20-07994_HIV07-01067_FL21_S1_L000_read_170_count_1     1.63%    passed     95.46%
 290  200709_20-07994_HIV07-01067_FL21_S1_L000_read_171_count_1     1.63%    passed     95.69%
 291  200703_20-07825_HIV09-00618_FL18_S6_L000_read_1_count_660     1.63%    passed    100.00%
 292  200703_20-07825_HIV09-00618_FL18_S6_L000_read_2_count_17      1.63%    passed     99.85%
 293  200703_20-07825_HIV09-00618_FL18_S6_L000_read_3_count_8       1.63%    passed     99.92%
 294  200703_20-07825_HIV09-00618_FL18_S6_L000_read_4_count_5       1.63%    passed     99.63%
 295  200703_20-07825_HIV09-00618_FL18_S6_L000_read_5_count_5       1.63%    passed     99.92%
 296  200703_20-07825_HIV09-00618_FL18_S6_L000_read_6_count_4       1.63%    passed     99.92%
 297  200703_20-07825_HIV09-00618_FL18_S6_L000_read_7_count_3       1.63%    passed     99.70%
 298  200703_20-07825_HIV09-00618_FL18_S6_L000_read_8_count_3       1.63%    passed     99.92%
 299  200703_20-07825_HIV09-00618_FL18_S6_L000_read_9_count_3       1.63%    passed     99.63%
 300  200703_20-07825_HIV09-00618_FL18_S6_L000_read_10_count_3      1.63%    passed     99.70%
 301  200703_20-07825_HIV09-00618_FL18_S6_L000_read_11_count_3      1.63%    passed     99.85%
 302  200703_20-07825_HIV09-00618_FL18_S6_L000_read_12_count_3      1.63%    passed     99.85%
 303  200703_20-07825_HIV09-00618_FL18_S6_L000_read_13_count_3      1.63%    passed     99.92%
 304  200703_20-07825_HIV09-00618_FL18_S6_L000_read_14_count_2      1.63%    passed     99.63%
 305  200703_20-07825_HIV09-00618_FL18_S6_L000_read_15_count_2      1.63%    passed     99.63%
 306  200703_20-07825_HIV09-00618_FL18_S6_L000_read_16_count_2      1.63%    passed     99.92%
 307  200703_20-07825_HIV09-00618_FL18_S6_L000_read_17_count_2      1.63%    passed     99.92%
 308  200703_20-07825_HIV09-00618_FL18_S6_L000_read_18_count_2      1.63%    passed     99.92%
 309  200703_20-07825_HIV09-00618_FL18_S6_L000_read_19_count_2      1.63%    passed     99.92%
 310  200703_20-07825_HIV09-00618_FL18_S6_L000_read_20_count_2      1.63%    passed     99.92%
 311  200703_20-07825_HIV09-00618_FL18_S6_L000_read_21_count_2      1.63%    passed     99.92%
 312  200703_20-07825_HIV09-00618_FL18_S6_L000_read_22_count_2      1.63%    passed     99.92%
 313  200703_20-07825_HIV09-00618_FL18_S6_L000_read_23_count_2      1.63%    passed     99.70%
 314  200703_20-07825_HIV09-00618_FL18_S6_L000_read_24_count_2      1.63%    passed     99.92%
 315  200703_20-07825_HIV09-00618_FL18_S6_L000_read_25_count_2      1.63%    passed     99.92%
 316  200703_20-07825_HIV09-00618_FL18_S6_L000_read_26_count_2      1.63%    passed     99.89%
 317  200703_20-07825_HIV09-00618_FL18_S6_L000_read_27_count_2      1.63%    passed     99.63%
 318  200703_20-07825_HIV09-00618_FL18_S6_L000_read_28_count_2      1.63%    passed     99.92%
 319  200703_20-07825_HIV09-00618_FL18_S6_L000_read_29_count_1      1.63%    passed     99.92%
 320  200703_20-07825_HIV09-00618_FL18_S6_L000_read_30_count_1      1.63%    passed     99.89%
 321  200703_20-07825_HIV09-00618_FL18_S6_L000_read_31_count_1      1.63%    passed     99.92%
 322  200703_20-07825_HIV09-00618_FL18_S6_L000_read_32_count_1      1.63%    passed     99.92%
 323  200703_20-07825_HIV09-00618_FL18_S6_L000_read_33_count_1      1.63%    passed     99.63%
 324  200703_20-07825_HIV09-00618_FL18_S6_L000_read_34_count_1      1.63%    passed     99.75%
 325  200703_20-07825_HIV09-00618_FL18_S6_L000_read_35_count_1      1.63%    passed     99.63%
 326  200703_20-07825_HIV09-00618_FL18_S6_L000_read_36_count_1      1.63%    passed     99.92%
 327  200703_20-07825_HIV09-00618_FL18_S6_L000_read_37_count_1      1.63%    passed     99.42%
 328  200703_20-07825_HIV09-00618_FL18_S6_L000_read_38_count_1      1.63%    passed     99.92%
 329  200703_20-07825_HIV09-00618_FL18_S6_L000_read_39_count_1      1.63%    passed     99.42%
 330  200703_20-07825_HIV09-00618_FL18_S6_L000_read_40_count_1      1.63%    passed     99.63%
 331  200703_20-07825_HIV09-00618_FL18_S6_L000_read_41_count_1      1.63%    passed     99.63%
 332  200703_20-07825_HIV09-00618_FL18_S6_L000_read_42_count_1      1.63%    passed     99.92%
 333  200703_20-07825_HIV09-00618_FL18_S6_L000_read_43_count_1      1.63%    passed     99.92%
 334  200703_20-07825_HIV09-00618_FL18_S6_L000_read_44_count_1      1.63%    passed     99.70%
 335  200703_20-07825_HIV09-00618_FL18_S6_L000_read_45_count_1      1.63%    passed     99.85%
 336  200703_20-07825_HIV09-00618_FL18_S6_L000_read_46_count_1      2.03%    passed     99.99%
 337  200703_20-07825_HIV09-00618_FL18_S6_L000_read_47_count_1      1.63%    passed     99.27%
 338  200703_20-07825_HIV09-00618_FL18_S6_L000_read_48_count_1      1.63%    passed     97.32%
 339  200703_20-07825_HIV09-00618_FL18_S6_L000_read_49_count_1      2.03%    passed     99.99%
 340  200703_20-07825_HIV09-00618_FL18_S6_L000_read_50_count_1      1.63%    passed     99.42%
 341  200703_20-07825_HIV09-00618_FL18_S6_L000_read_51_count_1      1.63%    passed     99.85%
 342  200703_20-07825_HIV09-00618_FL18_S6_L000_read_52_count_1      2.03%    passed     99.95%
 343  200703_20-07825_HIV09-00618_FL18_S6_L000_read_53_count_1      1.63%    passed     99.92%
 344  200703_20-07825_HIV09-00618_FL18_S6_L000_read_54_count_1      2.03%    passed     99.94%
 345  200703_20-07825_HIV09-00618_FL18_S6_L000_read_55_count_1      1.63%    passed     99.92%
 346  200703_20-07825_HIV09-00618_FL18_S6_L000_read_56_count_1      1.63%    passed     99.75%
 347  200703_20-07825_HIV09-00618_FL18_S6_L000_read_57_count_1      1.63%    passed     99.83%
 348  200703_20-07825_HIV09-00618_FL18_S6_L000_read_58_count_1      1.63%    passed     99.85%
 349  200703_20-07825_HIV09-00618_FL18_S6_L000_read_59_count_1      1.63%    passed     99.80%
 350  200703_20-07825_HIV09-00618_FL18_S6_L000_read_60_count_1      1.63%    passed     99.85%
 351  200703_20-07825_HIV09-00618_FL18_S6_L000_read_61_count_1      1.63%    passed     97.48%
 352  200703_20-07825_HIV09-00618_FL18_S6_L000_read_62_count_1      1.63%    passed     99.89%
 353  200703_20-07825_HIV09-00618_FL18_S6_L000_read_63_count_1      1.63%    passed     99.92%
 354  200703_20-07825_HIV09-00618_FL18_S6_L000_read_64_count_1      1.63%    passed     99.75%
 355  200703_20-07825_HIV09-00618_FL18_S6_L000_read_65_count_1      1.63%    passed     99.65%
 356  200703_20-07825_HIV09-00618_FL18_S6_L000_read_66_count_1      1.63%    passed     99.85%
 357  200703_20-07825_HIV09-00618_FL18_S6_L000_read_67_count_1      2.03%    passed     99.67%
 358  200703_20-07825_HIV09-00618_FL18_S6_L000_read_68_count_1      2.03%    passed     99.99%
 359  200703_20-07825_HIV09-00618_FL18_S6_L000_read_69_count_1      2.03%    passed     99.95%
 360  200703_20-07825_HIV09-00618_FL18_S6_L000_read_70_count_1      1.63%    passed    100.00%
 361  200703_20-07825_HIV09-00618_FL18_S6_L000_read_71_count_1      1.63%    passed     99.92%
 362  200703_20-07825_HIV09-00618_FL18_S6_L000_read_72_count_1      1.63%    passed     99.92%
 363  200703_20-07825_HIV09-00618_FL18_S6_L000_read_73_count_1      1.63%    passed     99.92%
 364  200703_20-07825_HIV09-00618_FL18_S6_L000_read_74_count_1      1.63%    passed     99.65%
 365  200703_20-07825_HIV09-00618_FL18_S6_L000_read_75_count_1      1.63%    passed     99.92%
 366  200703_20-07825_HIV09-00618_FL18_S6_L000_read_76_count_1      1.22%    passed     99.98%
 367  200703_20-07825_HIV09-00618_FL18_S6_L000_read_77_count_1      1.63%    passed     99.89%
 368  200703_20-07825_HIV09-00618_FL18_S6_L000_read_78_count_1      1.63%    passed     99.83%
 369  200703_20-07825_HIV09-00618_FL18_S6_L000_read_79_count_1      1.63%    passed     99.70%
 370  200703_20-07825_HIV09-00618_FL18_S6_L000_read_80_count_1      1.63%    passed     99.89%
 371  200703_20-07825_HIV09-00618_FL18_S6_L000_read_81_count_1      1.63%    passed     99.75%
 372  200703_20-07825_HIV09-00618_FL18_S6_L000_read_82_count_1      1.63%    passed     99.92%
 373  200703_20-07825_HIV09-00618_FL18_S6_L000_read_83_count_1      1.63%    passed     99.51%
 374  200703_20-07825_HIV09-00618_FL18_S6_L000_read_84_count_1      1.63%    passed     99.92%
 375  200703_20-07825_HIV09-00618_FL18_S6_L000_read_85_count_1      1.63%    passed     99.89%
 376  200703_20-07825_HIV09-00618_FL18_S6_L000_read_86_count_1      1.63%    passed     99.92%
 377  200703_20-07825_HIV09-00618_FL18_S6_L000_read_87_count_1      1.63%    passed     99.27%
 378  200703_20-07825_HIV09-00618_FL18_S6_L000_read_88_count_1      1.63%    passed     99.75%
 379  200703_20-07825_HIV09-00618_FL18_S6_L000_read_89_count_1      1.63%    passed     99.70%
 380  200703_20-07825_HIV09-00618_FL18_S6_L000_read_90_count_1      1.63%    passed     99.75%
 381  200703_20-07825_HIV09-00618_FL18_S6_L000_read_91_count_1      1.63%    passed     99.83%
 382  200703_20-07825_HIV09-00618_FL18_S6_L000_read_92_count_1      1.63%    passed     99.75%
 383  200703_20-07825_HIV09-00618_FL18_S6_L000_read_93_count_1      1.63%    passed     99.42%
 384  200703_20-07825_HIV09-00618_FL18_S6_L000_read_94_count_1      1.63%    passed     99.65%
 385  200703_20-07825_HIV09-00618_FL18_S6_L000_read_95_count_1      1.63%    passed     97.25%
 386  200703_20-07825_HIV09-00618_FL18_S6_L000_read_96_count_1      2.03%    passed     99.95%
 387  200703_20-07825_HIV09-00618_FL18_S6_L000_read_97_count_1      1.63%    passed     99.92%
 388  200703_20-07825_HIV09-00618_FL18_S6_L000_read_98_count_1      1.63%    passed    100.00%
 389  200703_20-07825_HIV09-00618_FL18_S6_L000_read_99_count_1      1.63%    passed     92.33%
 390  200703_20-07825_HIV09-00618_FL18_S6_L000_read_100_count_1     1.63%    passed     99.89%
 391  200703_20-07825_HIV09-00618_FL18_S6_L000_read_101_count_1     1.63%    passed     99.92%
 392  200703_20-07825_HIV09-00618_FL18_S6_L000_read_102_count_1     1.63%    passed     99.63%
 393  200703_20-07825_HIV09-00618_FL18_S6_L000_read_103_count_1     1.63%    passed     99.63%
 394  200703_20-07825_HIV09-00618_FL18_S6_L000_read_104_count_1     1.63%    passed     99.92%
 395  200703_20-07825_HIV09-00618_FL18_S6_L000_read_105_count_1     2.03%    passed     99.99%
 396  200703_20-07825_HIV09-00618_FL18_S6_L000_read_106_count_1     1.63%    passed     99.75%
 397  200703_20-07825_HIV09-00618_FL18_S6_L000_read_107_count_1     2.03%    passed     98.71%
 398  200703_20-07825_HIV09-00618_FL18_S6_L000_read_108_count_1     1.63%    passed     99.83%
 399  200703_20-07825_HIV09-00618_FL18_S6_L000_read_109_count_1     1.63%    passed     99.92%
 400  200703_20-07825_HIV09-00618_FL18_S6_L000_read_110_count_1     1.63%    passed     97.32%
 401  200703_20-07825_HIV09-00618_FL18_S6_L000_read_111_count_1     1.63%    passed     99.92%
 402  200703_20-07825_HIV09-00618_FL18_S6_L000_read_112_count_1     1.63%    passed     99.89%
 403  200703_20-07825_HIV09-00618_FL18_S6_L000_read_113_count_1     1.63%    passed     99.75%
 404  200703_20-07825_HIV09-00618_FL18_S6_L000_read_114_count_1     1.63%    passed     99.83%
 405  200703_20-07825_HIV09-00618_FL18_S6_L000_read_115_count_1     1.63%    passed     99.85%
 406  200703_20-07825_HIV09-00618_FL18_S6_L000_read_116_count_1     1.63%    passed     99.92%
 407  200703_20-07825_HIV09-00618_FL18_S6_L000_read_117_count_1     1.63%    passed     99.92%
 408  200703_20-07825_HIV09-00618_FL18_S6_L000_read_118_count_1     1.63%    passed    100.00%
 409  200703_20-07825_HIV09-00618_FL18_S6_L000_read_119_count_1     1.63%    passed     99.16%
 410  200703_20-07825_HIV09-00618_FL18_S6_L000_read_120_count_1     1.22%    passed     99.98%
 411  200703_20-07825_HIV09-00618_FL18_S6_L000_read_121_count_1     1.63%    passed     99.92%
 412  200703_20-07825_HIV09-00618_FL18_S6_L000_read_122_count_1     1.63%    passed     99.83%
 413  200703_20-07825_HIV09-00618_FL18_S6_L000_read_123_count_1     1.63%    passed     99.42%
 414  200703_20-07825_HIV09-00618_FL18_S6_L000_read_124_count_1     1.63%    passed     99.29%
 415  200703_20-07825_HIV09-00618_FL18_S6_L000_read_125_count_1     1.63%    passed     99.70%
 416  200703_20-07825_HIV09-00618_FL18_S6_L000_read_126_count_1     1.63%    passed     99.83%
 417  200703_20-07825_HIV09-00618_FL18_S6_L000_read_127_count_1     1.63%    passed     99.63%
 418  200814_20-09728_HIV09-02843_FL30_S2_L000_read_1_count_496     1.63%    passed     97.49%
 419  200814_20-09728_HIV09-02843_FL30_S2_L000_read_2_count_341     1.63%    passed     97.05%
 420  200814_20-09728_HIV09-02843_FL30_S2_L000_read_3_count_49      1.63%    passed     95.63%
 421  200814_20-09728_HIV09-02843_FL30_S2_L000_read_4_count_6       1.63%    passed     95.50%
 422  200814_20-09728_HIV09-02843_FL30_S2_L000_read_5_count_5       1.63%    passed     98.31%
 423  200814_20-09728_HIV09-02843_FL30_S2_L000_read_6_count_3       1.63%    passed     98.31%
 424  200814_20-09728_HIV09-02843_FL30_S2_L000_read_7_count_3       1.63%    passed     97.59%
 425  200814_20-09728_HIV09-02843_FL30_S2_L000_read_8_count_2       1.63%    passed     97.59%
 426  200814_20-09728_HIV09-02843_FL30_S2_L000_read_9_count_2       1.63%    passed     97.59%
 427  200814_20-09728_HIV09-02843_FL30_S2_L000_read_10_count_2      1.63%    passed     98.31%
 428  200814_20-09728_HIV09-02843_FL30_S2_L000_read_11_count_2      1.63%    passed     97.59%
 429  200814_20-09728_HIV09-02843_FL30_S2_L000_read_12_count_2      1.63%    passed     98.31%
 430  200814_20-09728_HIV09-02843_FL30_S2_L000_read_13_count_2      1.63%    passed     98.31%
 431  200814_20-09728_HIV09-02843_FL30_S2_L000_read_14_count_2      1.63%    passed     97.59%
 432  200814_20-09728_HIV09-02843_FL30_S2_L000_read_15_count_2      1.63%    passed     98.31%
 433  200814_20-09728_HIV09-02843_FL30_S2_L000_read_16_count_2      1.63%    passed     98.31%
 434  200814_20-09728_HIV09-02843_FL30_S2_L000_read_17_count_2      1.63%    passed     97.59%
 435  200814_20-09728_HIV09-02843_FL30_S2_L000_read_18_count_2      1.63%    passed     98.31%
 436  200814_20-09728_HIV09-02843_FL30_S2_L000_read_19_count_2      1.63%    passed     98.31%
 437  200814_20-09728_HIV09-02843_FL30_S2_L000_read_20_count_2      1.63%    passed     98.31%
 438  200814_20-09728_HIV09-02843_FL30_S2_L000_read_21_count_2      1.63%    passed     98.31%
 439  200814_20-09728_HIV09-02843_FL30_S2_L000_read_22_count_2      1.63%    passed     98.31%
 440  200814_20-09728_HIV09-02843_FL30_S2_L000_read_23_count_2      1.63%    passed     98.31%
 441  200814_20-09728_HIV09-02843_FL30_S2_L000_read_24_count_2      1.63%    passed     98.31%
 442  200814_20-09728_HIV09-02843_FL30_S2_L000_read_25_count_2      1.63%    passed     98.31%
 443  200814_20-09728_HIV09-02843_FL30_S2_L000_read_26_count_1      1.63%    passed     95.63%
 444  200814_20-09728_HIV09-02843_FL30_S2_L000_read_27_count_1      1.63%    passed     97.05%
 445  200814_20-09728_HIV09-02843_FL30_S2_L000_read_28_count_1      1.63%    passed     98.31%
 446  200814_20-09728_HIV09-02843_FL30_S2_L000_read_29_count_1      1.63%    passed     94.57%
 447  200814_20-09728_HIV09-02843_FL30_S2_L000_read_30_count_1      1.63%    passed     93.08%
 448  200814_20-09728_HIV09-02843_FL30_S2_L000_read_31_count_1      1.63%    passed     98.82%
 449  200814_20-09728_HIV09-02843_FL30_S2_L000_read_32_count_1      1.63%    passed     95.69%
 450  200814_20-09728_HIV09-02843_FL30_S2_L000_read_33_count_1      1.63%    passed     97.76%
 451  200814_20-09728_HIV09-02843_FL30_S2_L000_read_34_count_1      1.63%    passed     94.16%
 452  200814_20-09728_HIV09-02843_FL30_S2_L000_read_35_count_1      1.63%    passed     99.38%
 453  200814_20-09728_HIV09-02843_FL30_S2_L000_read_36_count_1      1.63%    passed     97.25%
 454  200814_20-09728_HIV09-02843_FL30_S2_L000_read_37_count_1      1.63%    passed     98.97%
 455  200814_20-09728_HIV09-02843_FL30_S2_L000_read_38_count_1      1.63%    passed     97.59%
 456  200814_20-09728_HIV09-02843_FL30_S2_L000_read_39_count_1      1.63%    passed     99.38%
 457  200814_20-09728_HIV09-02843_FL30_S2_L000_read_40_count_1      1.63%    passed     97.59%
 458  200814_20-09728_HIV09-02843_FL30_S2_L000_read_41_count_1      1.63%    passed     96.92%
 459  200814_20-09728_HIV09-02843_FL30_S2_L000_read_42_count_1      1.63%    passed     99.38%
 460  200814_20-09728_HIV09-02843_FL30_S2_L000_read_43_count_1      1.63%    passed     97.59%
 461  200814_20-09728_HIV09-02843_FL30_S2_L000_read_44_count_1      1.63%    passed     98.31%
 462  200814_20-09728_HIV09-02843_FL30_S2_L000_read_45_count_1      1.63%    passed     97.05%
 463  200814_20-09728_HIV09-02843_FL30_S2_L000_read_46_count_1      1.22%    passed     97.89%
 464  200814_20-09728_HIV09-02843_FL30_S2_L000_read_47_count_1      1.63%    passed     99.70%
 465  200814_20-09728_HIV09-02843_FL30_S2_L000_read_48_count_1      1.63%    passed     93.08%
 466  200814_20-09728_HIV09-02843_FL30_S2_L000_read_49_count_1      1.63%    passed     98.82%
 467  200814_20-09728_HIV09-02843_FL30_S2_L000_read_50_count_1      1.63%    passed     98.31%
 468  200814_20-09728_HIV09-02843_FL30_S2_L000_read_51_count_1      1.63%    passed     97.59%
 469  200814_20-09728_HIV09-02843_FL30_S2_L000_read_52_count_1      2.03%    passed     97.31%
 470  200814_20-09728_HIV09-02843_FL30_S2_L000_read_53_count_1      1.63%    passed     95.63%
 471  200814_20-09728_HIV09-02843_FL30_S2_L000_read_54_count_1      1.63%    passed     98.31%
 472  200814_20-09728_HIV09-02843_FL30_S2_L000_read_55_count_1      1.63%    passed     95.46%
 473  200814_20-09728_HIV09-02843_FL30_S2_L000_read_56_count_1      1.63%    passed     97.59%
 474  200814_20-09728_HIV09-02843_FL30_S2_L000_read_57_count_1      1.63%    passed     98.31%
 475  200814_20-09728_HIV09-02843_FL30_S2_L000_read_58_count_1      1.63%    passed     99.75%
 476  200814_20-09728_HIV09-02843_FL30_S2_L000_read_59_count_1      1.63%    passed     97.59%
 477  200814_20-09728_HIV09-02843_FL30_S2_L000_read_60_count_1      1.63%    passed     97.49%
 478  200814_20-09728_HIV09-02843_FL30_S2_L000_read_61_count_1      1.63%    passed     99.13%
 479  200814_20-09728_HIV09-02843_FL30_S2_L000_read_62_count_1      1.63%    passed     99.38%
 480  200814_20-09728_HIV09-02843_FL30_S2_L000_read_63_count_1      1.63%    passed     98.82%
 481  200814_20-09728_HIV09-02843_FL30_S2_L000_read_64_count_1      1.63%    passed     98.31%
 482  200814_20-09728_HIV09-02843_FL30_S2_L000_read_65_count_1      1.63%    passed     96.92%
 483  200814_20-09728_HIV09-02843_FL30_S2_L000_read_66_count_1      1.63%    passed     99.38%
 484  200814_20-09728_HIV09-02843_FL30_S2_L000_read_67_count_1      1.63%    passed     99.38%
 485  200814_20-09728_HIV09-02843_FL30_S2_L000_read_68_count_1      1.63%    passed     98.30%
 486  200814_20-09728_HIV09-02843_FL30_S2_L000_read_69_count_1      1.63%    passed     99.38%
 487  200814_20-09728_HIV09-02843_FL30_S2_L000_read_70_count_1      1.63%    passed     97.59%
 488  200814_20-09728_HIV09-02843_FL30_S2_L000_read_71_count_1      1.63%    passed     95.63%
 489  200814_20-09728_HIV09-02843_FL30_S2_L000_read_72_count_1      1.63%    passed     97.05%
 490  200814_20-09728_HIV09-02843_FL30_S2_L000_read_73_count_1      1.63%    passed     92.43%
 491  200814_20-09728_HIV09-02843_FL30_S2_L000_read_74_count_1      1.63%    passed     98.82%
 492  200814_20-09728_HIV09-02843_FL30_S2_L000_read_75_count_1      1.63%    passed     97.05%
 493  200814_20-09728_HIV09-02843_FL30_S2_L000_read_76_count_1      1.63%    passed     95.46%
 494  200814_20-09728_HIV09-02843_FL30_S2_L000_read_77_count_1      1.63%    passed     95.63%
 495  200814_20-09728_HIV09-02843_FL30_S2_L000_read_78_count_1      1.63%    passed     97.49%
 496  200814_20-09728_HIV09-02843_FL30_S2_L000_read_79_count_1      1.63%    passed     98.23%
 497  200814_20-09728_HIV09-02843_FL30_S2_L000_read_80_count_1      1.63%    passed     99.38%
 498  200814_20-09728_HIV09-02843_FL30_S2_L000_read_81_count_1      1.63%    passed     92.46%
 499  200814_20-09728_HIV09-02843_FL30_S2_L000_read_82_count_1      1.63%    passed     98.82%
 500  200814_20-09728_HIV09-02843_FL30_S2_L000_read_83_count_1      1.63%    passed     97.05%
 501  200814_20-09728_HIV09-02843_FL30_S2_L000_read_84_count_1      1.63%    passed     98.31%
 502  200814_20-09728_HIV09-02843_FL30_S2_L000_read_85_count_1      1.63%    passed     98.30%
 503  200814_20-09728_HIV09-02843_FL30_S2_L000_read_86_count_1      1.63%    passed     97.59%
 504  200814_20-09728_HIV09-02843_FL30_S2_L000_read_87_count_1      1.63%    passed     97.59%
 505  200814_20-09728_HIV09-02843_FL30_S2_L000_read_88_count_1      1.63%    passed     97.59%
 506  200814_20-09728_HIV09-02843_FL30_S2_L000_read_89_count_1      1.63%    passed     99.75%
 507  200814_20-09728_HIV09-02843_FL30_S2_L000_read_90_count_1      1.63%    passed     97.18%
 508  200814_20-09728_HIV09-02843_FL30_S2_L000_read_91_count_1      2.03%    passed     96.17%
 509  200814_20-09728_HIV09-02843_FL30_S2_L000_read_92_count_1      1.63%    passed     95.63%
 510  200814_20-09728_HIV09-02843_FL30_S2_L000_read_93_count_1      1.63%    passed     98.99%
 511  200814_20-09728_HIV09-02843_FL30_S2_L000_read_94_count_1      1.63%    passed     98.31%
 512  200814_20-09728_HIV09-02843_FL30_S2_L000_read_95_count_1      1.63%    passed     99.38%
 513  200814_20-09728_HIV09-02843_FL30_S2_L000_read_96_count_1      1.63%    passed     93.08%
 514  200814_20-09728_HIV09-02843_FL30_S2_L000_read_97_count_1      1.63%    passed     97.88%
 515  200814_20-09728_HIV09-02843_FL30_S2_L000_read_98_count_1      1.63%    passed     95.63%
 516  200814_20-09728_HIV09-02843_FL30_S2_L000_read_99_count_1      1.63%    passed     95.50%
 517  200814_20-09728_HIV09-02843_FL30_S2_L000_read_100_count_1     1.63%    passed     94.70%
 518  200814_20-09728_HIV09-02843_FL30_S2_L000_read_101_count_1     1.63%    passed     97.49%
 519  200814_20-09728_HIV09-02843_FL30_S2_L000_read_102_count_1     1.63%    passed     93.08%
 520  200814_20-09728_HIV09-02843_FL30_S2_L000_read_103_count_1     1.63%    passed     99.38%
 521  200814_20-09728_HIV09-02843_FL30_S2_L000_read_104_count_1     1.63%    passed     99.38%
 522  200814_20-09728_HIV09-02843_FL30_S2_L000_read_105_count_1     1.63%    passed     95.63%
 523  200814_20-09728_HIV09-02843_FL30_S2_L000_read_106_count_1     1.63%    passed     95.63%
 524  200814_20-09728_HIV09-02843_FL30_S2_L000_read_107_count_1     1.63%    passed     98.31%
 525  200814_20-09728_HIV09-02843_FL30_S2_L000_read_108_count_1     1.63%    passed     96.92%
 526  200814_20-09728_HIV09-02843_FL30_S2_L000_read_109_count_1     1.63%    passed     95.63%
 527  200814_20-09728_HIV09-02843_FL30_S2_L000_read_110_count_1     1.63%    passed     98.31%
 528  200814_20-09728_HIV09-02843_FL30_S2_L000_read_111_count_1     1.63%    passed     99.38%
 529  200814_20-09728_HIV09-02843_FL30_S2_L000_read_112_count_1     1.63%    passed     99.38%
 530  200814_20-09728_HIV09-02843_FL30_S2_L000_read_113_count_1     1.63%    passed     93.08%
 531  200814_20-09728_HIV09-02843_FL30_S2_L000_read_114_count_1     1.63%    passed     99.75%
 532  200814_20-09728_HIV09-02843_FL30_S2_L000_read_115_count_1     1.63%    passed     98.31%
 533  200814_20-09728_HIV09-02843_FL30_S2_L000_read_116_count_1     1.63%    passed     97.59%
 534  200814_20-09728_HIV09-02843_FL30_S2_L000_read_117_count_1     1.63%    passed     98.28%
 535  200814_20-09728_HIV09-02843_FL30_S2_L000_read_118_count_1     1.63%    passed     98.31%
 536  200814_20-09728_HIV09-02843_FL30_S2_L000_read_119_count_1     1.63%    passed     98.82%
 537  200814_20-09728_HIV09-02843_FL30_S2_L000_read_120_count_1     1.63%    passed     99.38%
 538  200814_20-09728_HIV09-02843_FL30_S2_L000_read_121_count_1     1.63%    passed     95.50%
 539  200814_20-09728_HIV09-02843_FL30_S2_L000_read_122_count_1     1.63%    passed     97.49%
 540  200814_20-09728_HIV09-02843_FL30_S2_L000_read_123_count_1     1.63%    passed     97.59%
 541  200814_20-09728_HIV09-02843_FL30_S2_L000_read_124_count_1     1.63%    passed     98.31%
 542  200814_20-09728_HIV09-02843_FL30_S2_L000_read_125_count_1     1.63%    passed     97.59%
 543  200814_20-09728_HIV09-02843_FL30_S2_L000_read_126_count_1     1.63%    passed     97.25%
 544  200814_20-09728_HIV09-02843_FL30_S2_L000_read_127_count_1     1.63%    passed     94.01%
 545  200814_20-09728_HIV09-02843_FL30_S2_L000_read_128_count_1     1.63%    passed     99.38%
 546  200814_20-09728_HIV09-02843_FL30_S2_L000_read_129_count_1     1.63%    passed     95.50%
 547  200814_20-09728_HIV09-02843_FL30_S2_L000_read_130_count_1     1.63%    passed     90.51%
 548  200814_20-09728_HIV09-02843_FL30_S2_L000_read_131_count_1     1.63%    passed     98.31%
 549  200814_20-09728_HIV09-02843_FL30_S2_L000_read_132_count_1     1.63%    passed     94.70%
 550  200814_20-09728_HIV09-02843_FL30_S2_L000_read_133_count_1     1.63%    passed     97.59%
 551  200814_20-09728_HIV09-02843_FL30_S2_L000_read_134_count_1     1.63%    passed     98.31%
 552  200814_20-09728_HIV09-02843_FL30_S2_L000_read_135_count_1     1.63%    passed     98.31%
 553  200724_20-08522_HIV11-02415_FL24_S18_L000_read_1_count_623    1.63%    passed     98.19%
 554  200724_20-08522_HIV11-02415_FL24_S18_L000_read_2_count_49     1.63%    passed     98.11%
 555  200724_20-08522_HIV11-02415_FL24_S18_L000_read_3_count_44     1.63%    passed     93.84%
 556  200724_20-08522_HIV11-02415_FL24_S18_L000_read_4_count_35     1.63%    passed     98.01%
 557  200724_20-08522_HIV11-02415_FL24_S18_L000_read_5_count_33     1.63%    passed     98.01%
 558  200724_20-08522_HIV11-02415_FL24_S18_L000_read_6_count_10     1.63%    passed     98.01%
 559  200724_20-08522_HIV11-02415_FL24_S18_L000_read_7_count_9      1.63%    passed     99.63%
 560  200724_20-08522_HIV11-02415_FL24_S18_L000_read_8_count_7      1.63%    passed     98.01%
 561  200724_20-08522_HIV11-02415_FL24_S18_L000_read_9_count_5      1.63%    passed     93.84%
 562  200724_20-08522_HIV11-02415_FL24_S18_L000_read_10_count_5     1.63%    passed     93.84%
 563  200724_20-08522_HIV11-02415_FL24_S18_L000_read_11_count_5     1.63%    passed     98.01%
 564  200724_20-08522_HIV11-02415_FL24_S18_L000_read_12_count_4     1.63%    passed     99.75%
 565  200724_20-08522_HIV11-02415_FL24_S18_L000_read_13_count_4     1.63%    passed     93.84%
 566  200724_20-08522_HIV11-02415_FL24_S18_L000_read_14_count_4     1.63%    passed     97.56%
 567  200724_20-08522_HIV11-02415_FL24_S18_L000_read_15_count_3     1.63%    passed     98.01%
 568  200724_20-08522_HIV11-02415_FL24_S18_L000_read_16_count_3     1.63%    passed     97.56%
 569  200724_20-08522_HIV11-02415_FL24_S18_L000_read_17_count_3     1.63%    passed     98.23%
 570  200724_20-08522_HIV11-02415_FL24_S18_L000_read_18_count_3     1.63%    passed     98.01%
 571  200724_20-08522_HIV11-02415_FL24_S18_L000_read_19_count_3     1.63%    passed     93.84%
 572  200724_20-08522_HIV11-02415_FL24_S18_L000_read_20_count_3     1.63%    passed     93.84%
 573  200724_20-08522_HIV11-02415_FL24_S18_L000_read_21_count_3     1.63%    passed     97.56%
 574  200724_20-08522_HIV11-02415_FL24_S18_L000_read_22_count_3     1.63%    passed     97.56%
 575  200724_20-08522_HIV11-02415_FL24_S18_L000_read_23_count_3     1.63%    passed     97.56%
 576  200724_20-08522_HIV11-02415_FL24_S18_L000_read_24_count_3     1.63%    passed     98.01%
 577  200724_20-08522_HIV11-02415_FL24_S18_L000_read_25_count_3     1.63%    passed     96.98%
 578  200724_20-08522_HIV11-02415_FL24_S18_L000_read_26_count_3     1.63%    passed     98.01%
 579  200724_20-08522_HIV11-02415_FL24_S18_L000_read_27_count_3     1.63%    passed     97.56%
 580  200724_20-08522_HIV11-02415_FL24_S18_L000_read_28_count_3     1.63%    passed     98.11%
 581  200724_20-08522_HIV11-02415_FL24_S18_L000_read_29_count_2     1.63%    passed     97.56%
 582  200724_20-08522_HIV11-02415_FL24_S18_L000_read_30_count_2     1.63%    passed     99.75%
 583  200724_20-08522_HIV11-02415_FL24_S18_L000_read_31_count_2     1.63%    passed     99.63%
 584  200724_20-08522_HIV11-02415_FL24_S18_L000_read_32_count_2     1.63%    passed     97.56%
 585  200724_20-08522_HIV11-02415_FL24_S18_L000_read_33_count_2     1.63%    passed     96.95%
 586  200724_20-08522_HIV11-02415_FL24_S18_L000_read_34_count_2     1.63%    passed     95.92%
 587  200724_20-08522_HIV11-02415_FL24_S18_L000_read_35_count_2     1.63%    passed     93.84%
 588  200724_20-08522_HIV11-02415_FL24_S18_L000_read_36_count_2     1.63%    passed     99.75%
 589  200724_20-08522_HIV11-02415_FL24_S18_L000_read_37_count_2     1.63%    passed     98.19%
 590  200724_20-08522_HIV11-02415_FL24_S18_L000_read_38_count_2     1.63%    passed     97.56%
 591  200724_20-08522_HIV11-02415_FL24_S18_L000_read_39_count_2     1.63%    passed     97.56%
 592  200724_20-08522_HIV11-02415_FL24_S18_L000_read_40_count_2     1.63%    passed     97.56%
 593  200724_20-08522_HIV11-02415_FL24_S18_L000_read_41_count_2     1.63%    passed     85.75%
 594  200724_20-08522_HIV11-02415_FL24_S18_L000_read_42_count_2     1.63%    passed     93.00%
 595  200724_20-08522_HIV11-02415_FL24_S18_L000_read_43_count_2     1.63%    passed     97.56%
 596  200724_20-08522_HIV11-02415_FL24_S18_L000_read_44_count_2     1.63%    passed     97.56%
 597  200724_20-08522_HIV11-02415_FL24_S18_L000_read_45_count_2     1.63%    passed     97.32%
 598  200724_20-08522_HIV11-02415_FL24_S18_L000_read_46_count_2     1.63%    passed     97.56%
 599  200724_20-08522_HIV11-02415_FL24_S18_L000_read_47_count_2     1.63%    passed     93.84%
 600  200724_20-08522_HIV11-02415_FL24_S18_L000_read_48_count_2     1.63%    passed     97.56%
 601  200724_20-08522_HIV11-02415_FL24_S18_L000_read_49_count_2     1.63%    passed     91.38%
 602  200724_20-08522_HIV11-02415_FL24_S18_L000_read_50_count_2     1.63%    passed     98.01%
 603  200724_20-08522_HIV11-02415_FL24_S18_L000_read_51_count_2     1.63%    passed     99.29%
 604  200724_20-08522_HIV11-02415_FL24_S18_L000_read_52_count_1     1.63%    passed     94.55%
 605  200724_20-08522_HIV11-02415_FL24_S18_L000_read_53_count_1     1.63%    passed     98.23%
 606  200724_20-08522_HIV11-02415_FL24_S18_L000_read_54_count_1     1.63%    passed     97.56%
 607  200724_20-08522_HIV11-02415_FL24_S18_L000_read_55_count_1     1.63%    passed     97.56%
 608  200724_20-08522_HIV11-02415_FL24_S18_L000_read_56_count_1     1.63%    passed     97.32%
 609  200724_20-08522_HIV11-02415_FL24_S18_L000_read_57_count_1     1.63%    passed     95.65%
 610  200724_20-08522_HIV11-02415_FL24_S18_L000_read_58_count_1     1.63%    passed     98.19%
 611  200724_20-08522_HIV11-02415_FL24_S18_L000_read_59_count_1     1.63%    passed     86.04%
 612  200724_20-08522_HIV11-02415_FL24_S18_L000_read_60_count_1     1.63%    passed     96.98%
 613  200724_20-08522_HIV11-02415_FL24_S18_L000_read_61_count_1     1.63%    passed     97.13%
 614  200724_20-08522_HIV11-02415_FL24_S18_L000_read_62_count_1     1.63%    passed     97.56%
 615  200724_20-08522_HIV11-02415_FL24_S18_L000_read_63_count_1     1.63%    passed     97.32%
 616  200724_20-08522_HIV11-02415_FL24_S18_L000_read_64_count_1     1.63%    passed     99.63%
 617  200724_20-08522_HIV11-02415_FL24_S18_L000_read_65_count_1     1.63%    passed     98.01%
 618  200724_20-08522_HIV11-02415_FL24_S18_L000_read_66_count_1     1.63%    passed     99.42%
 619  200724_20-08522_HIV11-02415_FL24_S18_L000_read_67_count_1     1.63%    passed     86.04%
 620  200724_20-08522_HIV11-02415_FL24_S18_L000_read_68_count_1     1.63%    passed     93.84%
 621  200724_20-08522_HIV11-02415_FL24_S18_L000_read_69_count_1     1.63%    passed     97.56%
 622  200724_20-08522_HIV11-02415_FL24_S18_L000_read_70_count_1     1.63%    passed     97.53%
 623  200724_20-08522_HIV11-02415_FL24_S18_L000_read_71_count_1     1.63%    passed     94.55%
 624  200724_20-08522_HIV11-02415_FL24_S18_L000_read_72_count_1     1.63%    passed     97.56%
 625  200724_20-08522_HIV11-02415_FL24_S18_L000_read_73_count_1     1.63%    passed     97.32%
 626  200724_20-08522_HIV11-02415_FL24_S18_L000_read_74_count_1     1.63%    passed     98.01%
 627  200724_20-08522_HIV11-02415_FL24_S18_L000_read_75_count_1     1.63%    passed     98.11%
 628  200724_20-08522_HIV11-02415_FL24_S18_L000_read_76_count_1     1.63%    passed     94.55%
 629  200724_20-08522_HIV11-02415_FL24_S18_L000_read_77_count_1     1.63%    passed     98.01%
 630  200724_20-08522_HIV11-02415_FL24_S18_L000_read_78_count_1     1.63%    passed     97.13%
 631  200724_20-08522_HIV11-02415_FL24_S18_L000_read_79_count_1     1.63%    passed     98.19%
 632  200724_20-08522_HIV11-02415_FL24_S18_L000_read_80_count_1     1.63%    passed     93.00%
 633  200724_20-08522_HIV11-02415_FL24_S18_L000_read_81_count_1     1.63%    passed     99.42%
 634  200724_20-08522_HIV11-02415_FL24_S18_L000_read_82_count_1     1.63%    passed     97.56%
 635  200724_20-08522_HIV11-02415_FL24_S18_L000_read_83_count_1     1.63%    passed     99.42%
 636  200724_20-08522_HIV11-02415_FL24_S18_L000_read_84_count_1     1.63%    passed     97.56%
 637  200724_20-08522_HIV11-02415_FL24_S18_L000_read_85_count_1     2.03%    passed     93.62%
 638  200724_20-08522_HIV11-02415_FL24_S18_L000_read_86_count_1     1.63%    passed     94.55%
 639  200724_20-08522_HIV11-02415_FL24_S18_L000_read_87_count_1     1.63%    passed     99.63%
 640  200724_20-08522_HIV11-02415_FL24_S18_L000_read_88_count_1     1.63%    passed     86.04%
 641  200724_20-08522_HIV11-02415_FL24_S18_L000_read_89_count_1     1.63%    passed     97.32%
 642  200724_20-08522_HIV11-02415_FL24_S18_L000_read_90_count_1     2.03%    passed     97.21%
 643  200724_20-08522_HIV11-02415_FL24_S18_L000_read_91_count_1     1.63%    passed     98.01%
 644  200724_20-08522_HIV11-02415_FL24_S18_L000_read_92_count_1     1.63%    passed     95.23%
 645  200724_20-08522_HIV11-02415_FL24_S18_L000_read_93_count_1     1.63%    passed     93.84%
 646  200724_20-08522_HIV11-02415_FL24_S18_L000_read_94_count_1     1.63%    passed     99.75%
 647  200724_20-08522_HIV11-02415_FL24_S18_L000_read_95_count_1     1.63%    passed     92.33%
 648  200724_20-08522_HIV11-02415_FL24_S18_L000_read_96_count_1     1.63%    passed     99.75%
 649  200724_20-08522_HIV11-02415_FL24_S18_L000_read_97_count_1     1.63%    passed     95.65%
 650  200724_20-08522_HIV11-02415_FL24_S18_L000_read_98_count_1     1.63%    passed     99.75%
 651  200724_20-08522_HIV11-02415_FL24_S18_L000_read_99_count_1     1.63%    passed     99.63%
 652  200724_20-08522_HIV11-02415_FL24_S18_L000_read_100_count_1    1.63%    passed     97.56%
 653  200724_20-08522_HIV11-02415_FL24_S18_L000_read_101_count_1    1.63%    passed     97.56%
 654  200724_20-08522_HIV11-02415_FL24_S18_L000_read_102_count_1    1.63%    passed     95.65%
 655  200724_20-08522_HIV11-02415_FL24_S18_L000_read_103_count_1    1.63%    passed     93.59%
 656  200724_20-08522_HIV11-02415_FL24_S18_L000_read_104_count_1    1.63%    passed     98.19%
 657  200724_20-08522_HIV11-02415_FL24_S18_L000_read_105_count_1    2.44%    passed     99.43%
 658  200724_20-08522_HIV11-02415_FL24_S18_L000_read_106_count_1    1.63%    passed     98.19%
 659  200724_20-08522_HIV11-02415_FL24_S18_L000_read_107_count_1    1.63%    passed     93.00%
 660  200724_20-08522_HIV11-02415_FL24_S18_L000_read_108_count_1    1.63%    passed     93.84%
 661  200724_20-08522_HIV11-02415_FL24_S18_L000_read_109_count_1    1.63%    passed     98.23%
 662  200724_20-08522_HIV11-02415_FL24_S18_L000_read_110_count_1    1.63%    passed     97.32%
 663  200724_20-08522_HIV11-02415_FL24_S18_L000_read_111_count_1    1.63%    passed     94.55%
 664  200724_20-08522_HIV11-02415_FL24_S18_L000_read_112_count_1    1.63%    passed     94.55%
 665  200724_20-08522_HIV11-02415_FL24_S18_L000_read_113_count_1    1.63%    passed     95.92%
 666  200724_20-08522_HIV11-02415_FL24_S18_L000_read_114_count_1    1.63%    passed     98.11%
 667  200724_20-08522_HIV11-02415_FL24_S18_L000_read_115_count_1    1.63%    passed     94.55%
 668  200724_20-08522_HIV11-02415_FL24_S18_L000_read_116_count_1    1.63%    passed     97.56%
 669  200724_20-08522_HIV11-02415_FL24_S18_L000_read_117_count_1    2.03%    passed     97.25%
 670  200724_20-08522_HIV11-02415_FL24_S18_L000_read_118_count_1    1.63%    passed     96.95%
 671  200724_20-08522_HIV11-02415_FL24_S18_L000_read_119_count_1    1.63%    passed     99.29%
 672  200724_20-08522_HIV11-02415_FL24_S18_L000_read_120_count_1    1.63%    passed     98.01%
 673  200724_20-08522_HIV11-02415_FL24_S18_L000_read_121_count_1    1.63%    passed     97.56%
 674  200724_20-08522_HIV11-02415_FL24_S18_L000_read_122_count_1    1.63%    passed     96.98%
 675  200724_20-08522_HIV11-02415_FL24_S18_L000_read_123_count_1    1.63%    passed     99.83%
 676  200724_20-08522_HIV11-02415_FL24_S18_L000_read_124_count_1    1.63%    passed     97.13%
 677  200724_20-08522_HIV11-02415_FL24_S18_L000_read_125_count_1    1.63%    passed     93.00%
 678  200724_20-08522_HIV11-02415_FL24_S18_L000_read_126_count_1    1.63%    passed     97.77%
 679  200724_20-08522_HIV11-02415_FL24_S18_L000_read_127_count_1    1.63%    passed     96.98%
 680  200724_20-08522_HIV11-02415_FL24_S18_L000_read_128_count_1    1.63%    passed     98.76%
 681  200724_20-08522_HIV11-02415_FL24_S18_L000_read_129_count_1    1.63%    passed     93.84%
 682  200724_20-08522_HIV11-02415_FL24_S18_L000_read_130_count_1    1.63%    passed     99.65%
 683  200724_20-08522_HIV11-02415_FL24_S18_L000_read_131_count_1    1.63%    passed     97.56%
 684  200724_20-08522_HIV11-02415_FL24_S18_L000_read_132_count_1    1.63%    passed     99.75%
 685  200724_20-08522_HIV11-02415_FL24_S18_L000_read_133_count_1    1.63%    passed     94.55%
 686  200724_20-08522_HIV11-02415_FL24_S18_L000_read_134_count_1    1.63%    passed     99.83%
 687  200724_20-08522_HIV11-02415_FL24_S18_L000_read_135_count_1    1.63%    passed     98.23%
 688  200724_20-08522_HIV11-02415_FL24_S18_L000_read_136_count_1    1.63%    passed     97.56%
 689  200724_20-08522_HIV11-02415_FL24_S18_L000_read_137_count_1    1.63%    passed     97.56%
 690  200724_20-08522_HIV11-02415_FL24_S18_L000_read_138_count_1    1.63%    passed     97.56%
 691  200724_20-08522_HIV11-02415_FL24_S18_L000_read_139_count_1    1.63%    passed     97.13%
 692  200724_20-08522_HIV11-02415_FL24_S18_L000_read_140_count_1    1.63%    passed     94.71%
 693  200724_20-08522_HIV11-02415_FL24_S18_L000_read_141_count_1    1.63%    passed     91.83%
 694  200724_20-08522_HIV11-02415_FL24_S18_L000_read_142_count_1    1.63%    passed     93.84%
 695  200724_20-08522_HIV11-02415_FL24_S18_L000_read_143_count_1    1.63%    passed     94.55%
 696  200724_20-08522_HIV11-02415_FL24_S18_L000_read_144_count_1    2.03%    passed     97.25%
 697  200724_20-08522_HIV11-02415_FL24_S18_L000_read_145_count_1    1.63%    passed     97.56%
 698  200724_20-08522_HIV11-02415_FL24_S18_L000_read_146_count_1    1.63%    passed     95.23%
 699  200724_20-08522_HIV11-02415_FL24_S18_L000_read_147_count_1    1.63%    passed     97.32%
 700  200724_20-08522_HIV11-02415_FL24_S18_L000_read_148_count_1    1.63%    passed     98.01%
 701  200724_20-08522_HIV11-02415_FL24_S18_L000_read_149_count_1    1.63%    passed     93.00%
 702  200724_20-08522_HIV11-02415_FL24_S18_L000_read_150_count_1    1.63%    passed     99.42%
 703  200724_20-08522_HIV11-02415_FL24_S18_L000_read_151_count_1    1.63%    passed     88.13%
 704  200724_20-08522_HIV11-02415_FL24_S18_L000_read_152_count_1    1.63%    passed     94.75%
 705  200724_20-08522_HIV11-02415_FL24_S18_L000_read_153_count_1    1.63%    passed     98.23%
 706  200724_20-08522_HIV11-02415_FL24_S18_L000_read_154_count_1    1.63%    passed     93.00%
 707  200724_20-08522_HIV11-02415_FL24_S18_L000_read_155_count_1    1.63%    passed     97.56%
 708  200724_20-08522_HIV11-02415_FL24_S18_L000_read_156_count_1    1.63%    passed     94.02%
 709  200724_20-08522_HIV11-02415_FL24_S18_L000_read_157_count_1    1.63%    passed     98.01%
 710  200724_20-08522_HIV11-02415_FL24_S18_L000_read_158_count_1    1.63%    passed     96.98%
 711  200724_20-08522_HIV11-02415_FL24_S18_L000_read_159_count_1    1.63%    passed     98.23%
 712  200724_20-08522_HIV11-02415_FL24_S18_L000_read_160_count_1    1.63%    passed     93.31%
 713  200724_20-08522_HIV11-02415_FL24_S18_L000_read_161_count_1    1.63%    passed     97.56%
 714  200724_20-08522_HIV11-02415_FL24_S18_L000_read_162_count_1    1.63%    passed     98.01%
 715  200724_20-08522_HIV11-02415_FL24_S18_L000_read_163_count_1    1.63%    passed     87.79%
 716  200724_20-08522_HIV11-02415_FL24_S18_L000_read_164_count_1    1.63%    passed     97.32%
 717  200724_20-08522_HIV11-02415_FL24_S18_L000_read_165_count_1    1.63%    passed     91.83%
 718  200724_20-08522_HIV11-02415_FL24_S18_L000_read_166_count_1    1.63%    passed     93.84%
 719  200724_20-08522_HIV11-02415_FL24_S18_L000_read_167_count_1    1.63%    passed     95.92%
 720  200724_20-08522_HIV11-02415_FL24_S18_L000_read_168_count_1    1.63%    passed     94.55%
 721  200724_20-08522_HIV11-02415_FL24_S18_L000_read_169_count_1    1.63%    passed     99.75%
 722  200724_20-08522_HIV11-02415_FL24_S18_L000_read_170_count_1    1.63%    passed     99.29%
 723  200724_20-08522_HIV11-02415_FL24_S18_L000_read_171_count_1    1.63%    passed     97.56%
 724  200724_20-08522_HIV11-02415_FL24_S18_L000_read_172_count_1    1.63%    passed     99.63%
 725  200724_20-08522_HIV11-02415_FL24_S18_L000_read_173_count_1    1.63%    passed     93.84%
 726  200724_20-08522_HIV11-02415_FL24_S18_L000_read_174_count_1    1.63%    passed     98.01%
 727  200724_20-08522_HIV11-02415_FL24_S18_L000_read_175_count_1    1.63%    passed     96.95%
 728  200724_20-08522_HIV11-02415_FL24_S18_L000_read_176_count_1    1.63%    passed     98.19%
 729  200724_20-08522_HIV11-02415_FL24_S18_L000_read_177_count_1    1.63%    passed     86.04%
 730  200724_20-08522_HIV11-02415_FL24_S18_L000_read_178_count_1    1.63%    passed     97.03%
 731  200724_20-08522_HIV11-02415_FL24_S18_L000_read_179_count_1    1.63%    passed     97.56%
 732  200724_20-08522_HIV11-02415_FL24_S18_L000_read_180_count_1    1.63%    passed     99.29%
 733  200724_20-08522_HIV11-02415_FL24_S18_L000_read_181_count_1    1.63%    passed     94.55%
 734  200724_20-08522_HIV11-02415_FL24_S18_L000_read_182_count_1    1.63%    passed     97.32%
 735  200724_20-08522_HIV11-02415_FL24_S18_L000_read_183_count_1    1.63%    passed     94.02%
 736  200724_20-08522_HIV11-02415_FL24_S18_L000_read_184_count_1    1.63%    passed     94.71%
 737  200724_20-08522_HIV11-02415_FL24_S18_L000_read_185_count_1    1.63%    passed     93.59%
 738  200724_20-08522_HIV11-02415_FL24_S18_L000_read_186_count_1    1.63%    passed     98.11%
 739  200724_20-08522_HIV11-02415_FL24_S18_L000_read_187_count_1    1.63%    passed     93.00%
 740  200724_20-08522_HIV11-02415_FL24_S18_L000_read_188_count_1    1.63%    passed     94.55%
 741  200724_20-08522_HIV11-02415_FL24_S18_L000_read_189_count_1    2.03%    passed     97.94%
 742  200724_20-08522_HIV11-02415_FL24_S18_L000_read_190_count_1    1.63%    passed     99.75%
 743  200724_20-08522_HIV11-02415_FL24_S18_L000_read_191_count_1    1.63%    passed     96.98%
 744  200724_20-08522_HIV11-02415_FL24_S18_L000_read_192_count_1    1.63%    passed     98.01%
 745  200724_20-08522_HIV11-02415_FL24_S18_L000_read_193_count_1    1.63%    passed     98.01%
 746  200724_20-08522_HIV11-02415_FL24_S18_L000_read_194_count_1    1.63%    passed     93.84%
 747  200724_20-08522_HIV11-02415_FL24_S18_L000_read_195_count_1    1.63%    passed     97.56%
 748  200724_20-08522_HIV11-02415_FL24_S18_L000_read_196_count_1    1.63%    passed     97.13%
 749  200724_20-08522_HIV11-02415_FL24_S18_L000_read_197_count_1    1.63%    passed     94.71%
 750  200724_20-08522_HIV11-02415_FL24_S18_L000_read_198_count_1    1.63%    passed     98.11%
 751  200724_20-08522_HIV11-02415_FL24_S18_L000_read_199_count_1    1.63%    passed     94.55%
 752  200724_20-08522_HIV11-02415_FL24_S18_L000_read_200_count_1    1.63%    passed     97.56%
 753  200724_20-08522_HIV11-02415_FL24_S18_L000_read_201_count_1    1.63%    passed     97.56%
 754  200724_20-08522_HIV11-02415_FL24_S18_L000_read_202_count_1    1.63%    passed     97.56%
 755  200724_20-08522_HIV11-02415_FL24_S18_L000_read_203_count_1    1.63%    passed     93.59%
 756  200724_20-08522_HIV11-02415_FL24_S18_L000_read_204_count_1    1.63%    passed     98.01%
 757  200724_20-08522_HIV11-02415_FL24_S18_L000_read_205_count_1    1.63%    passed     98.23%
 758  200724_20-08522_HIV11-02415_FL24_S18_L000_read_206_count_1    1.63%    passed     93.00%
 759  200724_20-08522_HIV11-02415_FL24_S18_L000_read_207_count_1    1.63%    passed     98.11%
 760  200724_20-08522_HIV11-02415_FL24_S18_L000_read_208_count_1    1.63%    passed     97.56%
 761  200724_20-08522_HIV11-02415_FL24_S18_L000_read_209_count_1    1.63%    passed     97.56%
 762  200724_20-08522_HIV11-02415_FL24_S18_L000_read_210_count_1    1.63%    passed     98.76%
 763  200724_20-08522_HIV11-02415_FL24_S18_L000_read_211_count_1    1.63%    passed     94.55%
 764  200724_20-08522_HIV11-02415_FL24_S18_L000_read_212_count_1    1.63%    passed     93.59%
 765  200724_20-08522_HIV11-02415_FL24_S18_L000_read_213_count_1    1.63%    passed     98.23%
 766  200724_20-08522_HIV11-02415_FL24_S18_L000_read_214_count_1    1.63%    passed     95.92%
 767  200724_20-08522_HIV11-02415_FL24_S18_L000_read_215_count_1    1.63%    passed     98.19%
 768  200724_20-08522_HIV11-02415_FL24_S18_L000_read_216_count_1    1.63%    passed     98.19%
 769  200724_20-08522_HIV11-02415_FL24_S18_L000_read_217_count_1    1.63%    passed     93.84%
 770  200724_20-08522_HIV11-02415_FL24_S18_L000_read_218_count_1    1.63%    passed     97.56%
 771  200724_20-08522_HIV11-02415_FL24_S18_L000_read_219_count_1    1.63%    passed     94.55%
 772  200724_20-08522_HIV11-02415_FL24_S18_L000_read_220_count_1    1.63%    passed     99.36%
 773  B.FR.83.HXB2_LAI_IIIB_BRU.K03455                              1.63%    passed     98.16%
 774  C.BW.00.00BW07621.AF443088                                    1.63%    passed     86.41%
****  TOTAL                                                         1.64%  0 sequences failed composition chi2 test (p-value<5%; df=3)
Checking for duplicate sequences: done in 0.002994 secs using 171.2% CPU

Create initial parsimony tree by phylogenetic likelihood library (PLL)... 0.113 seconds

NOTE: 36 MB RAM (0 GB) is required!
Estimate model parameters (epsilon = 0.100)
1. Initial log-likelihood: -6670.049
2. Current log-likelihood: -6474.366
3. Current log-likelihood: -6473.039
Optimal log-likelihood: -6472.969
Rate parameters:  A-C: 2.66161  A-G: 3.64651  A-T: 1.15252  C-G: 0.53591  C-T: 5.84216  G-T: 1.00000
Base frequencies:  A: 0.417  C: 0.120  G: 0.257  T: 0.207
Site proportion and rates:  (0.052,0.364) (0.141,0.512) (0.205,0.602) (0.225,0.831) (0.245,1.400) (0.133,1.926)
Parameters optimization took 3 rounds (5.136 sec)
Wrote distance file to... 
Computing ML distances based on estimated model parameters...
Calculating distance matrix: done in 1.68295 secs using 199.6% CPU
Computing ML distances took 1.685115 sec (of wall-clock time) 3.363331 sec (of CPU time)
Setting up auxiliary I and S matrices: done in 0.0410172 secs using 177.9% CPU
Constructing RapidNJ tree: done in 0.400187 secs using 143.3% CPU
Computing RapidNJ tree took 0.441410 sec (of wall-clock time) 0.646551 sec (of CPU time)
Log-likelihood of RapidNJ tree: -6435.085
--------------------------------------------------------------------
|             INITIALIZING CANDIDATE TREE SET                      |
--------------------------------------------------------------------
Generating 98 parsimony trees... 11.804 second
Computing log-likelihood of 98 initial trees ... 10.267 seconds
Current best score: -6435.085

Do NNI search on 20 best initial trees
Optimizing NNI: done in 0.99349 secs using 192% CPU
Estimate model parameters (epsilon = 0.100)
BETTER TREE FOUND at iteration 1: -6417.440
Optimizing NNI: done in 1.4998 secs using 192.5% CPU
Optimizing NNI: done in 0.785128 secs using 195.4% CPU
Optimizing NNI: done in 1.35609 secs using 197.7% CPU
Optimizing NNI: done in 0.908713 secs using 196.3% CPU
Optimizing NNI: done in 0.896907 secs using 191.1% CPU
Optimizing NNI: done in 1.58922 secs using 197.8% CPU
Optimizing NNI: done in 1.51588 secs using 197.1% CPU
Optimizing NNI: done in 1.21639 secs using 197.1% CPU
Optimizing NNI: done in 0.843558 secs using 198% CPU
Iteration 10 / LogL: -6464.713 / Time: 0h:0m:50s
Optimizing NNI: done in 0.869225 secs using 197.5% CPU
Optimizing NNI: done in 1.64733 secs using 197.3% CPU
Optimizing NNI: done in 1.30407 secs using 197.4% CPU
Optimizing NNI: done in 1.411 secs using 198.2% CPU
Optimizing NNI: done in 1.46986 secs using 197.3% CPU
Optimizing NNI: done in 1.0944 secs using 195.9% CPU
Optimizing NNI: done in 1.58875 secs using 197.7% CPU
Optimizing NNI: done in 0.636461 secs using 194% CPU
Optimizing NNI: done in 1.02556 secs using 194.5% CPU
Optimizing NNI: done in 0.831551 secs using 192% CPU
Iteration 20 / LogL: -6469.931 / Time: 0h:1m:2s
Finish initializing candidate tree set (20)
Current best tree score: -6417.440 / CPU time: 54.458
Number of iterations: 20
--------------------------------------------------------------------
|               OPTIMIZING CANDIDATE TREE SET                      |
--------------------------------------------------------------------
Optimizing NNI: done in 2.04821 secs using 194% CPU
Optimizing NNI: done in 2.35049 secs using 191.6% CPU
Optimizing NNI: done in 1.85039 secs using 194.7% CPU
Optimizing NNI: done in 1.6755 secs using 195.1% CPU
Optimizing NNI: done in 2.27601 secs using 195.9% CPU
Optimizing NNI: done in 2.07536 secs using 191.5% CPU
Optimizing NNI: done in 1.54388 secs using 192.3% CPU
Optimizing NNI: done in 2.26503 secs using 192.7% CPU
Optimizing NNI: done in 2.18011 secs using 196.4% CPU
Optimizing NNI: done in 1.62669 secs using 198% CPU
Iteration 30 / LogL: -6437.979 / Time: 0h:1m:23s (0h:3m:24s left)
Optimizing NNI: done in 1.8328 secs using 197.4% CPU
Optimizing NNI: done in 2.43501 secs using 198.4% CPU
Optimizing NNI: done in 1.62492 secs using 197.3% CPU
Optimizing NNI: done in 2.28926 secs using 198.1% CPU
Optimizing NNI: done in 2.10451 secs using 197.2% CPU
Optimizing NNI: done in 1.9158 secs using 197.7% CPU
Optimizing NNI: done in 1.89382 secs using 198.2% CPU
Optimizing NNI: done in 1.72462 secs using 198.1% CPU
Optimizing NNI: done in 1.58816 secs using 196.8% CPU
Optimizing NNI: done in 1.51942 secs using 197.4% CPU
Iteration 40 / LogL: -6444.028 / Time: 0h:1m:43s (0h:2m:41s left)
Optimizing NNI: done in 2.14368 secs using 197.6% CPU
Optimizing NNI: done in 2.06043 secs using 197.6% CPU
Optimizing NNI: done in 2.42681 secs using 197.4% CPU
Optimizing NNI: done in 1.64171 secs using 196.9% CPU
Optimizing NNI: done in 1.60062 secs using 196.7% CPU
Optimizing NNI: done in 1.52495 secs using 197.8% CPU
Optimizing NNI: done in 1.89032 secs using 196.3% CPU
Optimizing NNI: done in 1.93351 secs using 196.5% CPU
Optimizing NNI: done in 2.13741 secs using 197.1% CPU
Optimizing NNI: done in 1.42666 secs using 197.3% CPU
Iteration 50 / LogL: -6419.674 / Time: 0h:2m:3s (0h:2m:8s left)
Optimizing NNI: done in 1.73312 secs using 197.5% CPU
Optimizing NNI: done in 1.39292 secs using 196.3% CPU
Optimizing NNI: done in 1.72255 secs using 196.7% CPU
Optimizing NNI: done in 1.72415 secs using 196.2% CPU
Optimizing NNI: done in 1.8304 secs using 196.4% CPU
Optimizing NNI: done in 1.70827 secs using 197.4% CPU
Optimizing NNI: done in 1.73614 secs using 196% CPU
Optimizing NNI: done in 1.84424 secs using 196.8% CPU
Optimizing NNI: done in 1.74034 secs using 197.7% CPU
Optimizing NNI: done in 1.64203 secs using 197.3% CPU
Iteration 60 / LogL: -6436.482 / Time: 0h:2m:21s (0h:1m:38s left)
Optimizing NNI: done in 1.73871 secs using 196.7% CPU
Optimizing NNI: done in 1.58292 secs using 197.7% CPU
Optimizing NNI: done in 1.66918 secs using 197.7% CPU
Optimizing NNI: done in 1.70194 secs using 197.5% CPU
Optimizing NNI: done in 1.98107 secs using 196.4% CPU
Optimizing NNI: done in 2.08364 secs using 197.9% CPU
Optimizing NNI: done in 1.63063 secs using 194.5% CPU
Optimizing NNI: done in 1.57178 secs using 196.2% CPU
Optimizing NNI: done in 1.71677 secs using 197.3% CPU
Optimizing NNI: done in 2.2217 secs using 198.6% CPU
Iteration 70 / LogL: -6431.250 / Time: 0h:2m:40s (0h:1m:11s left)
Optimizing NNI: done in 2.0293 secs using 197% CPU
Optimizing NNI: done in 1.73634 secs using 196.6% CPU
Optimizing NNI: done in 1.40368 secs using 196.7% CPU
Optimizing NNI: done in 1.80521 secs using 197.8% CPU
Optimizing NNI: done in 1.9026 secs using 196.9% CPU
Optimizing NNI: done in 2.04495 secs using 197.1% CPU
Optimizing NNI: done in 1.96436 secs using 198.5% CPU
Optimizing NNI: done in 1.85529 secs using 196.3% CPU
Optimizing NNI: done in 1.75979 secs using 198% CPU
Optimizing NNI: done in 2.19888 secs using 196.1% CPU
Iteration 80 / LogL: -6431.876 / Time: 0h:2m:59s (0h:0m:47s left)
Optimizing NNI: done in 1.57785 secs using 197.5% CPU
Optimizing NNI: done in 1.90725 secs using 198.2% CPU
Optimizing NNI: done in 2.01728 secs using 197.3% CPU
Optimizing NNI: done in 2.05712 secs using 196.6% CPU
Optimizing NNI: done in 1.91559 secs using 196.1% CPU
Optimizing NNI: done in 1.65869 secs using 197% CPU
Optimizing NNI: done in 1.63765 secs using 197.4% CPU
Optimizing NNI: done in 1.57334 secs using 197.4% CPU
Optimizing NNI: done in 1.86771 secs using 196.4% CPU
Optimizing NNI: done in 1.96688 secs using 197.8% CPU
Iteration 90 / LogL: -6443.604 / Time: 0h:3m:18s (0h:0m:24s left)
Optimizing NNI: done in 1.3462 secs using 196.6% CPU
Optimizing NNI: done in 1.64973 secs using 197.3% CPU
Optimizing NNI: done in 1.87806 secs using 198.3% CPU
Optimizing NNI: done in 1.4233 secs using 196.2% CPU
Optimizing NNI: done in 1.68749 secs using 197.4% CPU
Optimizing NNI: done in 1.38115 secs using 197.1% CPU
Optimizing NNI: done in 1.65888 secs using 198% CPU
Optimizing NNI: done in 1.63236 secs using 197.4% CPU
Optimizing NNI: done in 1.81687 secs using 198.3% CPU
Optimizing NNI: done in 1.75889 secs using 197.5% CPU
Iteration 100 / LogL: -6423.276 / Time: 0h:3m:35s (0h:0m:2s left)
Optimizing NNI: done in 1.55735 secs using 197.1% CPU
Optimizing NNI: done in 1.96281 secs using 197.1% CPU
TREE SEARCH COMPLETED AFTER 102 ITERATIONS / Time: 0h:3m:39s

--------------------------------------------------------------------
|                    FINALIZING TREE SEARCH                        |
--------------------------------------------------------------------
Performs final model parameters optimization
Estimate model parameters (epsilon = 0.010)
1. Initial log-likelihood: -6417.440
Optimal log-likelihood: -6417.430
Rate parameters:  A-C: 2.86150  A-G: 3.87815  A-T: 1.13308  C-G: 0.43585  C-T: 6.43706  G-T: 1.00000
Base frequencies:  A: 0.417  C: 0.120  G: 0.257  T: 0.207
Site proportion and rates:  (0.058,0.362) (0.162,0.579) (0.239,0.651) (0.251,0.809) (0.282,1.704) (0.008,5.552)
Parameters optimization took 1 rounds (1.096 sec)
BEST SCORE FOUND : -6417.430
Total tree length: 3.689

Total number of iterations: 102
CPU time used for tree search: 397.875 sec (0h:6m:37s)
Wall-clock time used for tree search: 211.404 sec (0h:3m:31s)
Total CPU time used: 415.834 sec (0h:6m:55s)
Total wall-clock time used: 220.785 sec (0h:3m:40s)

Analysis results written to: 
  IQ-TREE report:                IQTREE_bestTree.InWindow_4860_to_5110.iqtree
  Maximum-likelihood tree:       IQTREE_bestTree.InWindow_4860_to_5110.treefile
  Likelihood distances:          IQTREE_bestTree.InWindow_4860_to_5110.mldist
  Screen log file:               IQTREE_bestTree.InWindow_4860_to_5110.log

Date and Time: Tue Jul 25 12:20:05 2023
