IQ-TREE multicore version 2.2.2.7 COVID-edition for Linux 64-bit built Jun  7 2023
Developed by Bui Quang Minh, James Barbetti, Nguyen Lam Tung,
Olga Chernomor, Heiko Schmidt, Dominik Schrempf, Michael Woodhams, Ly Trong Nhan.

Host:    hpc-node03 (AVX2, FMA3, 1007 GB RAM)
Command: iqtree -s AlignedReadsInWindow_PositionsExcised_4670_to_4920.fasta -pre IQTREE_bestTree.InWindow_4670_to_4920 -m GTR+F+R6 -nt 2
Seed:    200572 (Using SPRNG - Scalable Parallel Random Number Generator)
Time:    Tue Jul 25 12:10:44 2023
Kernel:  AVX+FMA - 2 threads (2 CPU cores detected)

Reading alignment file AlignedReadsInWindow_PositionsExcised_4670_to_4920.fasta ... Fasta format detected
Reading fasta file: done in 0.00330102 secs using 89.76% CPU
Alignment most likely contains DNA/RNA sequences
Constructing alignment: done in 0.00192069 secs using 166% CPU
Alignment has 459 sequences with 275 columns, 218 distinct patterns
114 parsimony-informative, 84 singleton sites, 77 constant sites
                                                            Gap/Ambiguity  Composition  p-value
Analyzing sequences: done in 0.000225945 secs using 1172% CPU
   1  200724_20-08518_HIV10-02405_FL24_S14_L000_read_1_count_144   13.45%    passed     98.19%
   2  200724_20-08518_HIV10-02405_FL24_S14_L000_read_2_count_20    13.45%    passed     96.15%
   3  200724_20-08518_HIV10-02405_FL24_S14_L000_read_3_count_7     13.45%    passed     96.15%
   4  200724_20-08518_HIV10-02405_FL24_S14_L000_read_4_count_7     13.45%    passed     91.14%
   5  200724_20-08518_HIV10-02405_FL24_S14_L000_read_5_count_7     13.45%    passed     96.03%
   6  200724_20-08518_HIV10-02405_FL24_S14_L000_read_6_count_6     13.45%    passed     98.45%
   7  200724_20-08518_HIV10-02405_FL24_S14_L000_read_7_count_5     13.45%    passed     96.15%
   8  200724_20-08518_HIV10-02405_FL24_S14_L000_read_8_count_5     13.45%    passed     99.08%
   9  200724_20-08518_HIV10-02405_FL24_S14_L000_read_9_count_5     13.45%    passed     96.03%
  10  200724_20-08518_HIV10-02405_FL24_S14_L000_read_10_count_5    13.45%    passed     96.03%
  11  200724_20-08518_HIV10-02405_FL24_S14_L000_read_11_count_4    13.45%    passed     96.15%
  12  200724_20-08518_HIV10-02405_FL24_S14_L000_read_12_count_4    13.45%    passed     93.64%
  13  200724_20-08518_HIV10-02405_FL24_S14_L000_read_13_count_3    13.45%    passed     88.40%
  14  200724_20-08518_HIV10-02405_FL24_S14_L000_read_14_count_3    13.45%    passed     96.03%
  15  200724_20-08518_HIV10-02405_FL24_S14_L000_read_15_count_3    13.45%    passed     88.40%
  16  200724_20-08518_HIV10-02405_FL24_S14_L000_read_16_count_3    13.45%    passed     93.64%
  17  200724_20-08518_HIV10-02405_FL24_S14_L000_read_17_count_2    13.45%    passed     96.85%
  18  200724_20-08518_HIV10-02405_FL24_S14_L000_read_18_count_2    13.45%    passed     93.64%
  19  200724_20-08518_HIV10-02405_FL24_S14_L000_read_19_count_2    13.45%    passed     96.85%
  20  200724_20-08518_HIV10-02405_FL24_S14_L000_read_20_count_2    13.45%    passed     98.22%
  21  200724_20-08518_HIV10-02405_FL24_S14_L000_read_21_count_2    13.45%    passed     99.08%
  22  200724_20-08518_HIV10-02405_FL24_S14_L000_read_22_count_2    13.45%    passed     96.15%
  23  200724_20-08518_HIV10-02405_FL24_S14_L000_read_23_count_2    13.45%    passed     92.59%
  24  200724_20-08518_HIV10-02405_FL24_S14_L000_read_24_count_1    13.45%    passed     96.85%
  25  200724_20-08518_HIV10-02405_FL24_S14_L000_read_25_count_1    13.45%    passed     96.15%
  26  200724_20-08518_HIV10-02405_FL24_S14_L000_read_26_count_1    13.45%    passed     96.43%
  27  200724_20-08518_HIV10-02405_FL24_S14_L000_read_27_count_1    13.45%    passed     96.03%
  28  200724_20-08518_HIV10-02405_FL24_S14_L000_read_28_count_1    13.45%    passed     96.03%
  29  200724_20-08518_HIV10-02405_FL24_S14_L000_read_29_count_1    13.45%    passed     98.45%
  30  200724_20-08518_HIV10-02405_FL24_S14_L000_read_30_count_1    13.45%    passed     99.25%
  31  200724_20-08518_HIV10-02405_FL24_S14_L000_read_31_count_1    13.45%    passed     91.77%
  32  200724_20-08518_HIV10-02405_FL24_S14_L000_read_32_count_1    13.45%    passed     95.30%
  33  200724_20-08518_HIV10-02405_FL24_S14_L000_read_33_count_1    13.45%    passed     84.24%
  34  200724_20-08518_HIV10-02405_FL24_S14_L000_read_34_count_1    13.45%    passed     93.55%
  35  200724_20-08518_HIV10-02405_FL24_S14_L000_read_35_count_1    13.45%    passed     92.59%
  36  200724_20-08518_HIV10-02405_FL24_S14_L000_read_36_count_1    13.45%    passed     99.08%
  37  200724_20-08518_HIV10-02405_FL24_S14_L000_read_37_count_1    13.45%    passed     93.51%
  38  200724_20-08518_HIV10-02405_FL24_S14_L000_read_38_count_1    13.45%    passed     99.08%
  39  200724_20-08518_HIV10-02405_FL24_S14_L000_read_39_count_1    13.45%    passed     99.08%
  40  200724_20-08518_HIV10-02405_FL24_S14_L000_read_40_count_1    13.82%    passed     97.35%
  41  200724_20-08518_HIV10-02405_FL24_S14_L000_read_41_count_1    13.45%    passed     99.08%
  42  200724_20-08518_HIV10-02405_FL24_S14_L000_read_42_count_1    13.45%    passed     98.19%
  43  200724_20-08518_HIV10-02405_FL24_S14_L000_read_43_count_1    13.45%    passed     96.43%
  44  200724_20-08518_HIV10-02405_FL24_S14_L000_read_44_count_1    13.45%    passed     92.55%
  45  200724_20-08518_HIV10-02405_FL24_S14_L000_read_45_count_1    13.45%    passed     92.59%
  46  200724_20-08518_HIV10-02405_FL24_S14_L000_read_46_count_1    13.45%    passed     98.22%
  47  200724_20-08518_HIV10-02405_FL24_S14_L000_read_47_count_1    13.82%    passed     97.35%
  48  200724_20-08518_HIV10-02405_FL24_S14_L000_read_48_count_1    13.45%    passed     96.15%
  49  200724_20-08518_HIV10-02405_FL24_S14_L000_read_49_count_1    13.45%    passed     93.64%
  50  200724_20-08518_HIV10-02405_FL24_S14_L000_read_50_count_1    13.45%    passed     96.85%
  51  200724_20-08518_HIV10-02405_FL24_S14_L000_read_51_count_1    13.45%    passed     96.85%
  52  200724_20-08518_HIV10-02405_FL24_S14_L000_read_52_count_1    13.82%    passed     97.35%
  53  200724_20-08518_HIV10-02405_FL24_S14_L000_read_53_count_1    13.45%    passed     96.47%
  54  200724_20-08518_HIV10-02405_FL24_S14_L000_read_54_count_1    13.45%    passed     96.47%
  55  200724_20-08518_HIV10-02405_FL24_S14_L000_read_55_count_1    13.45%    passed     96.84%
  56  200724_20-08518_HIV10-02405_FL24_S14_L000_read_56_count_1    13.82%    passed     90.42%
  57  200724_20-08518_HIV10-02405_FL24_S14_L000_read_57_count_1    13.45%    passed     99.08%
  58  200724_20-08518_HIV10-02405_FL24_S14_L000_read_58_count_1    13.45%    passed     95.30%
  59  200724_20-08518_HIV10-02405_FL24_S14_L000_read_59_count_1    13.45%    passed     99.08%
  60  200724_20-08518_HIV10-02405_FL24_S14_L000_read_60_count_1    13.45%    passed     96.85%
  61  200724_20-08518_HIV10-02405_FL24_S14_L000_read_61_count_1    13.45%    passed     99.08%
  62  200724_20-08518_HIV10-02405_FL24_S14_L000_read_62_count_1    13.45%    passed     98.22%
  63  200724_20-08518_HIV10-02405_FL24_S14_L000_read_63_count_1    13.45%    passed     96.85%
  64  200724_20-08518_HIV10-02405_FL24_S14_L000_read_64_count_1    13.45%    passed     92.59%
  65  200724_20-08518_HIV10-02405_FL24_S14_L000_read_65_count_1    13.45%    passed     96.03%
  66  200724_20-08518_HIV10-02405_FL24_S14_L000_read_66_count_1    13.45%    passed     98.48%
  67  200724_20-08518_HIV10-02405_FL24_S14_L000_read_67_count_1    13.09%    passed     98.54%
  68  200724_20-08518_HIV10-02405_FL24_S14_L000_read_68_count_1    13.45%    passed     98.48%
  69  200724_20-08518_HIV10-02405_FL24_S14_L000_read_69_count_1    13.45%    passed     99.19%
  70  200724_20-08518_HIV10-02405_FL24_S14_L000_read_70_count_1    13.45%    passed     96.03%
  71  200724_20-08518_HIV10-02405_FL24_S14_L000_read_71_count_1    13.45%    passed     98.19%
  72  200724_20-08518_HIV10-02405_FL24_S14_L000_read_72_count_1    13.45%    passed     91.77%
  73  200724_20-08518_HIV10-02405_FL24_S14_L000_read_73_count_1    13.45%    passed     98.45%
  74  200724_20-08518_HIV10-02405_FL24_S14_L000_read_74_count_1    13.45%    passed     98.19%
  75  200724_20-08518_HIV10-02405_FL24_S14_L000_read_75_count_1    13.45%    passed     98.48%
  76  200724_20-08518_HIV10-02405_FL24_S14_L000_read_76_count_1    13.45%    passed     84.34%
  77  200724_20-08518_HIV10-02405_FL24_S14_L000_read_77_count_1    13.45%    passed     96.84%
  78  200724_20-08518_HIV10-02405_FL24_S14_L000_read_78_count_1    13.45%    passed     93.04%
  79  200724_20-08518_HIV10-02405_FL24_S14_L000_read_79_count_1    13.09%    passed     91.69%
  80  200724_20-08518_HIV10-02405_FL24_S14_L000_read_80_count_1    13.45%    passed     92.59%
  81  200709_20-07994_HIV07-01067_FL21_S1_L000_read_1_count_420    13.45%    passed     99.88%
  82  200709_20-07994_HIV07-01067_FL21_S1_L000_read_2_count_81     13.45%    passed     99.73%
  83  200709_20-07994_HIV07-01067_FL21_S1_L000_read_3_count_6      13.45%    passed     99.06%
  84  200709_20-07994_HIV07-01067_FL21_S1_L000_read_4_count_3      13.45%    passed    100.00%
  85  200709_20-07994_HIV07-01067_FL21_S1_L000_read_5_count_2      13.45%    passed     99.53%
  86  200709_20-07994_HIV07-01067_FL21_S1_L000_read_6_count_2      13.45%    passed     99.06%
  87  200709_20-07994_HIV07-01067_FL21_S1_L000_read_7_count_2      13.45%    passed     99.53%
  88  200709_20-07994_HIV07-01067_FL21_S1_L000_read_8_count_2      13.45%    passed     99.53%
  89  200709_20-07994_HIV07-01067_FL21_S1_L000_read_9_count_2      13.45%    passed     99.88%
  90  200709_20-07994_HIV07-01067_FL21_S1_L000_read_10_count_2     13.45%    passed     99.06%
  91  200709_20-07994_HIV07-01067_FL21_S1_L000_read_11_count_2     13.45%    passed     99.06%
  92  200709_20-07994_HIV07-01067_FL21_S1_L000_read_12_count_1     13.45%    passed     96.94%
  93  200709_20-07994_HIV07-01067_FL21_S1_L000_read_13_count_1     13.45%    passed     99.06%
  94  200709_20-07994_HIV07-01067_FL21_S1_L000_read_14_count_1     13.45%    passed     99.24%
  95  200709_20-07994_HIV07-01067_FL21_S1_L000_read_15_count_1     13.45%    passed    100.00%
  96  200709_20-07994_HIV07-01067_FL21_S1_L000_read_16_count_1     13.45%    passed     99.79%
  97  200709_20-07994_HIV07-01067_FL21_S1_L000_read_17_count_1     13.45%    passed    100.00%
  98  200709_20-07994_HIV07-01067_FL21_S1_L000_read_18_count_1     13.45%    passed     99.24%
  99  200709_20-07994_HIV07-01067_FL21_S1_L000_read_19_count_1     13.45%    passed     99.37%
 100  200709_20-07994_HIV07-01067_FL21_S1_L000_read_20_count_1     13.45%    passed     99.53%
 101  200709_20-07994_HIV07-01067_FL21_S1_L000_read_21_count_1     13.82%    passed     99.95%
 102  200709_20-07994_HIV07-01067_FL21_S1_L000_read_22_count_1     13.45%    passed     99.52%
 103  200709_20-07994_HIV07-01067_FL21_S1_L000_read_23_count_1     13.45%    passed    100.00%
 104  200709_20-07994_HIV07-01067_FL21_S1_L000_read_24_count_1     13.45%    passed     99.04%
 105  200709_20-07994_HIV07-01067_FL21_S1_L000_read_25_count_1     13.45%    passed     99.04%
 106  200709_20-07994_HIV07-01067_FL21_S1_L000_read_26_count_1     13.45%    passed     99.06%
 107  200709_20-07994_HIV07-01067_FL21_S1_L000_read_27_count_1      2.55%    passed     97.34%
 108  200709_20-07994_HIV07-01067_FL21_S1_L000_read_28_count_1     13.82%    passed     99.67%
 109  200709_20-07994_HIV07-01067_FL21_S1_L000_read_29_count_1     13.82%    passed     99.95%
 110  200709_20-07994_HIV07-01067_FL21_S1_L000_read_30_count_1     13.45%    passed     99.53%
 111  200709_20-07994_HIV07-01067_FL21_S1_L000_read_31_count_1     13.45%    passed     99.06%
 112  200709_20-07994_HIV07-01067_FL21_S1_L000_read_32_count_1     13.45%    passed     96.94%
 113  200709_20-07994_HIV07-01067_FL21_S1_L000_read_33_count_1     13.45%    passed     99.06%
 114  200709_20-07994_HIV07-01067_FL21_S1_L000_read_34_count_1     13.45%    passed     99.78%
 115  200709_20-07994_HIV07-01067_FL21_S1_L000_read_35_count_1     13.45%    passed     99.74%
 116  200709_20-07994_HIV07-01067_FL21_S1_L000_read_36_count_1     13.45%    passed     98.45%
 117  200709_20-07994_HIV07-01067_FL21_S1_L000_read_37_count_1     13.45%    passed     99.73%
 118  200709_20-07994_HIV07-01067_FL21_S1_L000_read_38_count_1     13.45%    passed     98.40%
 119  200709_20-07994_HIV07-01067_FL21_S1_L000_read_39_count_1     13.45%    passed     98.22%
 120  200709_20-07994_HIV07-01067_FL21_S1_L000_read_40_count_1     13.45%    passed     99.88%
 121  200709_20-07994_HIV07-01067_FL21_S1_L000_read_41_count_1     13.45%    passed     99.53%
 122  200709_20-07994_HIV07-01067_FL21_S1_L000_read_42_count_1     13.45%    passed     99.88%
 123  200709_20-07994_HIV07-01067_FL21_S1_L000_read_43_count_1     13.45%    passed     99.53%
 124  200709_20-07994_HIV07-01067_FL21_S1_L000_read_44_count_1     13.45%    passed    100.00%
 125  200709_20-07994_HIV07-01067_FL21_S1_L000_read_45_count_1     13.45%    passed     99.53%
 126  200709_20-07994_HIV07-01067_FL21_S1_L000_read_46_count_1     13.45%    passed    100.00%
 127  200709_20-07994_HIV07-01067_FL21_S1_L000_read_47_count_1     13.45%    passed     99.23%
 128  200709_20-07994_HIV07-01067_FL21_S1_L000_read_48_count_1     13.45%    passed     99.06%
 129  200709_20-07994_HIV07-01067_FL21_S1_L000_read_49_count_1     13.45%    passed     99.52%
 130  200709_20-07994_HIV07-01067_FL21_S1_L000_read_50_count_1     13.45%    passed     99.06%
 131  200709_20-07994_HIV07-01067_FL21_S1_L000_read_51_count_1     13.45%    passed     99.37%
 132  200709_20-07994_HIV07-01067_FL21_S1_L000_read_52_count_1     13.45%    passed     99.52%
 133  200709_20-07994_HIV07-01067_FL21_S1_L000_read_53_count_1     13.45%    passed    100.00%
 134  200709_20-07994_HIV07-01067_FL21_S1_L000_read_54_count_1     13.45%    passed     99.24%
 135  200709_20-07994_HIV07-01067_FL21_S1_L000_read_55_count_1     13.45%    passed    100.00%
 136  200709_20-07994_HIV07-01067_FL21_S1_L000_read_56_count_1     13.45%    passed     99.53%
 137  200709_20-07994_HIV07-01067_FL21_S1_L000_read_57_count_1     13.45%    passed     99.73%
 138  200709_20-07994_HIV07-01067_FL21_S1_L000_read_58_count_1     13.45%    passed     99.04%
 139  200709_20-07994_HIV07-01067_FL21_S1_L000_read_59_count_1     13.45%    passed     99.73%
 140  200709_20-07994_HIV07-01067_FL21_S1_L000_read_60_count_1     13.45%    passed     93.13%
 141  200709_20-07994_HIV07-01067_FL21_S1_L000_read_61_count_1     13.45%    passed     99.86%
 142  200709_20-07994_HIV07-01067_FL21_S1_L000_read_62_count_1     13.82%    passed     99.42%
 143  200709_20-07994_HIV07-01067_FL21_S1_L000_read_63_count_1     13.45%    passed     99.06%
 144  200709_20-07994_HIV07-01067_FL21_S1_L000_read_64_count_1     13.45%    passed     99.90%
 145  200709_20-07994_HIV07-01067_FL21_S1_L000_read_65_count_1     13.45%    passed     99.24%
 146  200709_20-07994_HIV07-01067_FL21_S1_L000_read_66_count_1     13.45%    passed     99.06%
 147  200709_20-07994_HIV07-01067_FL21_S1_L000_read_67_count_1     13.45%    passed     99.04%
 148  200709_20-07994_HIV07-01067_FL21_S1_L000_read_68_count_1     13.45%    passed    100.00%
 149  200709_20-07994_HIV07-01067_FL21_S1_L000_read_69_count_1     13.45%    passed     99.06%
 150  200709_20-07994_HIV07-01067_FL21_S1_L000_read_70_count_1     13.45%    passed    100.00%
 151  200709_20-07994_HIV07-01067_FL21_S1_L000_read_71_count_1     13.45%    passed    100.00%
 152  200709_20-07994_HIV07-01067_FL21_S1_L000_read_72_count_1     13.45%    passed     99.79%
 153  200709_20-07994_HIV07-01067_FL21_S1_L000_read_73_count_1     13.45%    passed     99.81%
 154  200709_20-07994_HIV07-01067_FL21_S1_L000_read_74_count_1     13.82%    passed     99.95%
 155  200709_20-07994_HIV07-01067_FL21_S1_L000_read_75_count_1     13.45%    passed     99.53%
 156  200709_20-07994_HIV07-01067_FL21_S1_L000_read_76_count_1     13.45%    passed     99.74%
 157  200709_20-07994_HIV07-01067_FL21_S1_L000_read_77_count_1     13.45%    passed     99.06%
 158  200709_20-07994_HIV07-01067_FL21_S1_L000_read_78_count_1     13.09%    passed     95.86%
 159  200709_20-07994_HIV07-01067_FL21_S1_L000_read_79_count_1     13.45%    passed     99.74%
 160  200709_20-07994_HIV07-01067_FL21_S1_L000_read_80_count_1     13.45%    passed     99.06%
 161  200709_20-07994_HIV07-01067_FL21_S1_L000_read_81_count_1     13.45%    passed     99.06%
 162  200709_20-07994_HIV07-01067_FL21_S1_L000_read_82_count_1     13.45%    passed     99.74%
 163  200709_20-07994_HIV07-01067_FL21_S1_L000_read_83_count_1     13.45%    passed     98.82%
 164  200709_20-07994_HIV07-01067_FL21_S1_L000_read_84_count_1     13.45%    passed     99.83%
 165  200709_20-07994_HIV07-01067_FL21_S1_L000_read_85_count_1     13.45%    passed     99.52%
 166  200709_20-07994_HIV07-01067_FL21_S1_L000_read_86_count_1     13.45%    passed     99.73%
 167  200709_20-07994_HIV07-01067_FL21_S1_L000_read_87_count_1     13.45%    passed     99.29%
 168  200709_20-07994_HIV07-01067_FL21_S1_L000_read_88_count_1     13.45%    passed     99.07%
 169  200709_20-07994_HIV07-01067_FL21_S1_L000_read_89_count_1     13.45%    passed     99.73%
 170  200709_20-07994_HIV07-01067_FL21_S1_L000_read_90_count_1     13.45%    passed     99.88%
 171  200709_20-07994_HIV07-01067_FL21_S1_L000_read_91_count_1     13.09%    passed     99.99%
 172  200709_20-07994_HIV07-01067_FL21_S1_L000_read_92_count_1     13.45%    passed     99.86%
 173  200709_20-07994_HIV07-01067_FL21_S1_L000_read_93_count_1     13.45%    passed    100.00%
 174  200709_20-07994_HIV07-01067_FL21_S1_L000_read_94_count_1     13.45%    passed     99.53%
 175  200709_20-07994_HIV07-01067_FL21_S1_L000_read_95_count_1     13.45%    passed     99.90%
 176  200709_20-07994_HIV07-01067_FL21_S1_L000_read_96_count_1     13.45%    passed     99.79%
 177  200709_20-07994_HIV07-01067_FL21_S1_L000_read_97_count_1     13.45%    passed     99.74%
 178  200709_20-07994_HIV07-01067_FL21_S1_L000_read_98_count_1     13.45%    passed    100.00%
 179  200709_20-07994_HIV07-01067_FL21_S1_L000_read_99_count_1     13.45%    passed    100.00%
 180  200709_20-07994_HIV07-01067_FL21_S1_L000_read_100_count_1    13.45%    passed     99.52%
 181  200709_20-07994_HIV07-01067_FL21_S1_L000_read_101_count_1    13.45%    passed     99.90%
 182  200709_20-07994_HIV07-01067_FL21_S1_L000_read_102_count_1    13.45%    passed     99.73%
 183  200709_20-07994_HIV07-01067_FL21_S1_L000_read_103_count_1    13.45%    passed    100.00%
 184  200709_20-07994_HIV07-01067_FL21_S1_L000_read_104_count_1    13.45%    passed     99.78%
 185  200709_20-07994_HIV07-01067_FL21_S1_L000_read_105_count_1    13.45%    passed     99.88%
 186  200709_20-07994_HIV07-01067_FL21_S1_L000_read_106_count_1    13.45%    passed     98.40%
 187  200709_20-07994_HIV07-01067_FL21_S1_L000_read_107_count_1    13.45%    passed     96.94%
 188  200709_20-07994_HIV07-01067_FL21_S1_L000_read_108_count_1    13.45%    passed     99.53%
 189  200709_20-07994_HIV07-01067_FL21_S1_L000_read_109_count_1    13.45%    passed     99.53%
 190  200709_20-07994_HIV07-01067_FL21_S1_L000_read_110_count_1    13.45%    passed    100.00%
 191  200709_20-07994_HIV07-01067_FL21_S1_L000_read_111_count_1    13.45%    passed     99.90%
 192  200703_20-07825_HIV09-00618_FL18_S6_L000_read_1_count_350    13.45%    passed     99.00%
 193  200703_20-07825_HIV09-00618_FL18_S6_L000_read_2_count_3      13.45%    passed     98.45%
 194  200703_20-07825_HIV09-00618_FL18_S6_L000_read_3_count_3      13.45%    passed     98.45%
 195  200703_20-07825_HIV09-00618_FL18_S6_L000_read_4_count_2      13.45%    passed     99.86%
 196  200703_20-07825_HIV09-00618_FL18_S6_L000_read_5_count_1      13.45%    passed     96.83%
 197  200703_20-07825_HIV09-00618_FL18_S6_L000_read_6_count_1      13.45%    passed     99.18%
 198  200703_20-07825_HIV09-00618_FL18_S6_L000_read_7_count_1      13.45%    passed     99.86%
 199  200703_20-07825_HIV09-00618_FL18_S6_L000_read_8_count_1      13.45%    passed     96.83%
 200  200703_20-07825_HIV09-00618_FL18_S6_L000_read_9_count_1      13.45%    passed     98.45%
 201  200703_20-07825_HIV09-00618_FL18_S6_L000_read_10_count_1     13.45%    passed     99.18%
 202  200703_20-07825_HIV09-00618_FL18_S6_L000_read_11_count_1     13.45%    passed     96.83%
 203  200703_20-07825_HIV09-00618_FL18_S6_L000_read_12_count_1     13.45%    passed     96.83%
 204  200703_20-07825_HIV09-00618_FL18_S6_L000_read_13_count_1     13.45%    passed     98.45%
 205  200703_20-07825_HIV09-00618_FL18_S6_L000_read_14_count_1     13.82%    passed     98.40%
 206  200703_20-07825_HIV09-00618_FL18_S6_L000_read_15_count_1     13.45%    passed     97.40%
 207  200703_20-07825_HIV09-00618_FL18_S6_L000_read_16_count_1     13.45%    passed     97.91%
 208  200703_20-07825_HIV09-00618_FL18_S6_L000_read_17_count_1     13.09%    passed     97.73%
 209  200703_20-07825_HIV09-00618_FL18_S6_L000_read_18_count_1     13.45%    passed     99.86%
 210  200703_20-07825_HIV09-00618_FL18_S6_L000_read_19_count_1     13.45%    passed     97.40%
 211  200703_20-07825_HIV09-00618_FL18_S6_L000_read_20_count_1     13.45%    passed     98.45%
 212  200703_20-07825_HIV09-00618_FL18_S6_L000_read_21_count_1     13.45%    passed     96.83%
 213  200703_20-07825_HIV09-00618_FL18_S6_L000_read_22_count_1     13.45%    passed     96.83%
 214  200703_20-07825_HIV09-00618_FL18_S6_L000_read_23_count_1     13.45%    passed     97.40%
 215  200703_20-07825_HIV09-00618_FL18_S6_L000_read_24_count_1     16.73%    passed     99.42%
 216  200703_20-07825_HIV09-00618_FL18_S6_L000_read_25_count_1     13.45%    passed     98.45%
 217  200703_20-07825_HIV09-00618_FL18_S6_L000_read_26_count_1     13.45%    passed     99.86%
 218  200703_20-07825_HIV09-00618_FL18_S6_L000_read_27_count_1     13.45%    passed     98.45%
 219  200703_20-07825_HIV09-00618_FL18_S6_L000_read_28_count_1     13.45%    passed     99.86%
 220  200703_20-07825_HIV09-00618_FL18_S6_L000_read_29_count_1     13.45%    passed     96.83%
 221  200703_20-07825_HIV09-00618_FL18_S6_L000_read_30_count_1     13.45%    passed     98.45%
 222  200703_20-07825_HIV09-00618_FL18_S6_L000_read_31_count_1     16.73%    passed     92.53%
 223  200703_20-07825_HIV09-00618_FL18_S6_L000_read_32_count_1     13.45%    passed     96.83%
 224  200703_20-07825_HIV09-00618_FL18_S6_L000_read_33_count_1     13.45%    passed     98.86%
 225  200703_20-07825_HIV09-00618_FL18_S6_L000_read_34_count_1     13.45%    passed     97.91%
 226  200703_20-07825_HIV09-00618_FL18_S6_L000_read_35_count_1     13.45%    passed     96.83%
 227  200703_20-07825_HIV09-00618_FL18_S6_L000_read_36_count_1     13.45%    passed     99.18%
 228  200703_20-07825_HIV09-00618_FL18_S6_L000_read_37_count_1     13.45%    passed     96.83%
 229  200703_20-07825_HIV09-00618_FL18_S6_L000_read_38_count_1     13.45%    passed     97.94%
 230  200703_20-07825_HIV09-00618_FL18_S6_L000_read_39_count_1     13.45%    passed     97.91%
 231  200703_20-07825_HIV09-00618_FL18_S6_L000_read_40_count_1     13.45%    passed     99.34%
 232  200703_20-07825_HIV09-00618_FL18_S6_L000_read_41_count_1     13.45%    passed     96.83%
 233  200703_20-07825_HIV09-00618_FL18_S6_L000_read_42_count_1     13.45%    passed     95.90%
 234  200703_20-07825_HIV09-00618_FL18_S6_L000_read_43_count_1     13.45%    passed     96.83%
 235  200703_20-07825_HIV09-00618_FL18_S6_L000_read_44_count_1     13.45%    passed     97.40%
 236  200703_20-07825_HIV09-00618_FL18_S6_L000_read_45_count_1     13.45%    passed     96.83%
 237  200703_20-07825_HIV09-00618_FL18_S6_L000_read_46_count_1     13.45%    passed     98.03%
 238  200703_20-07825_HIV09-00618_FL18_S6_L000_read_47_count_1     12.73%    passed     97.30%
 239  200703_20-07825_HIV09-00618_FL18_S6_L000_read_48_count_1     13.45%    passed     99.51%
 240  200703_20-07825_HIV09-00618_FL18_S6_L000_read_49_count_1     13.45%    passed     97.40%
 241  200703_20-07825_HIV09-00618_FL18_S6_L000_read_50_count_1     13.45%    passed    100.00%
 242  200703_20-07825_HIV09-00618_FL18_S6_L000_read_51_count_1     13.45%    passed     96.83%
 243  200703_20-07825_HIV09-00618_FL18_S6_L000_read_52_count_1     13.45%    passed     96.83%
 244  200703_20-07825_HIV09-00618_FL18_S6_L000_read_53_count_1     13.45%    passed     99.34%
 245  200703_20-07825_HIV09-00618_FL18_S6_L000_read_54_count_1     13.45%    passed     96.83%
 246  200703_20-07825_HIV09-00618_FL18_S6_L000_read_55_count_1     13.45%    passed     98.86%
 247  200703_20-07825_HIV09-00618_FL18_S6_L000_read_56_count_1     13.45%    passed     97.94%
 248  200703_20-07825_HIV09-00618_FL18_S6_L000_read_57_count_1     13.45%    passed     97.40%
 249  200814_20-09728_HIV09-02843_FL30_S2_L000_read_1_count_179    13.45%    passed     96.46%
 250  200814_20-09728_HIV09-02843_FL30_S2_L000_read_2_count_27     13.45%    passed     99.21%
 251  200814_20-09728_HIV09-02843_FL30_S2_L000_read_3_count_23     13.45%    passed     94.83%
 252  200814_20-09728_HIV09-02843_FL30_S2_L000_read_4_count_21     13.45%    passed     96.97%
 253  200814_20-09728_HIV09-02843_FL30_S2_L000_read_5_count_19     13.45%    passed     94.83%
 254  200814_20-09728_HIV09-02843_FL30_S2_L000_read_6_count_15     13.45%    passed     96.46%
 255  200814_20-09728_HIV09-02843_FL30_S2_L000_read_7_count_15     13.45%    passed     94.83%
 256  200814_20-09728_HIV09-02843_FL30_S2_L000_read_8_count_12     13.45%    passed     94.83%
 257  200814_20-09728_HIV09-02843_FL30_S2_L000_read_9_count_11     13.45%    passed     96.97%
 258  200814_20-09728_HIV09-02843_FL30_S2_L000_read_10_count_9     13.45%    passed     99.21%
 259  200814_20-09728_HIV09-02843_FL30_S2_L000_read_11_count_9     13.45%    passed     96.97%
 260  200814_20-09728_HIV09-02843_FL30_S2_L000_read_12_count_9     13.45%    passed     96.97%
 261  200814_20-09728_HIV09-02843_FL30_S2_L000_read_13_count_5     13.45%    passed     96.97%
 262  200814_20-09728_HIV09-02843_FL30_S2_L000_read_14_count_5     13.45%    passed     96.97%
 263  200814_20-09728_HIV09-02843_FL30_S2_L000_read_15_count_4     13.45%    passed     96.97%
 264  200814_20-09728_HIV09-02843_FL30_S2_L000_read_16_count_4     13.45%    passed     94.83%
 265  200814_20-09728_HIV09-02843_FL30_S2_L000_read_17_count_4     13.45%    passed     94.83%
 266  200814_20-09728_HIV09-02843_FL30_S2_L000_read_18_count_4     13.45%    passed     96.46%
 267  200814_20-09728_HIV09-02843_FL30_S2_L000_read_19_count_2     13.45%    passed     94.83%
 268  200814_20-09728_HIV09-02843_FL30_S2_L000_read_20_count_2     13.45%    passed     96.97%
 269  200814_20-09728_HIV09-02843_FL30_S2_L000_read_21_count_1     13.45%    passed     99.21%
 270  200814_20-09728_HIV09-02843_FL30_S2_L000_read_22_count_1     13.45%    passed     98.52%
 271  200814_20-09728_HIV09-02843_FL30_S2_L000_read_23_count_1     12.73%    passed     89.97%
 272  200814_20-09728_HIV09-02843_FL30_S2_L000_read_24_count_1     13.45%    passed     96.97%
 273  200814_20-09728_HIV09-02843_FL30_S2_L000_read_25_count_1     13.45%    passed     93.65%
 274  200814_20-09728_HIV09-02843_FL30_S2_L000_read_26_count_1     13.45%    passed     97.85%
 275  200814_20-09728_HIV09-02843_FL30_S2_L000_read_27_count_1     13.45%    passed     99.53%
 276  200814_20-09728_HIV09-02843_FL30_S2_L000_read_28_count_1     13.45%    passed     97.85%
 277  200814_20-09728_HIV09-02843_FL30_S2_L000_read_29_count_1     13.45%    passed     93.65%
 278  200814_20-09728_HIV09-02843_FL30_S2_L000_read_30_count_1     13.45%    passed     90.51%
 279  200814_20-09728_HIV09-02843_FL30_S2_L000_read_31_count_1     13.45%    passed     96.97%
 280  200814_20-09728_HIV09-02843_FL30_S2_L000_read_32_count_1     13.45%    passed     96.73%
 281  200814_20-09728_HIV09-02843_FL30_S2_L000_read_33_count_1     13.45%    passed     94.83%
 282  200814_20-09728_HIV09-02843_FL30_S2_L000_read_34_count_1     13.82%    passed     97.74%
 283  200814_20-09728_HIV09-02843_FL30_S2_L000_read_35_count_1     13.45%    passed     98.03%
 284  200814_20-09728_HIV09-02843_FL30_S2_L000_read_36_count_1     13.45%    passed     91.42%
 285  200814_20-09728_HIV09-02843_FL30_S2_L000_read_37_count_1     13.45%    passed     96.46%
 286  200814_20-09728_HIV09-02843_FL30_S2_L000_read_38_count_1     13.45%    passed     96.46%
 287  200814_20-09728_HIV09-02843_FL30_S2_L000_read_39_count_1     13.45%    passed     95.53%
 288  200814_20-09728_HIV09-02843_FL30_S2_L000_read_40_count_1     13.45%    passed     99.21%
 289  200814_20-09728_HIV09-02843_FL30_S2_L000_read_41_count_1     13.45%    passed     96.46%
 290  200814_20-09728_HIV09-02843_FL30_S2_L000_read_42_count_1     13.45%    passed     97.85%
 291  200814_20-09728_HIV09-02843_FL30_S2_L000_read_43_count_1     13.45%    passed     91.80%
 292  200814_20-09728_HIV09-02843_FL30_S2_L000_read_44_count_1     13.82%    passed     98.89%
 293  200814_20-09728_HIV09-02843_FL30_S2_L000_read_45_count_1     12.73%    passed     87.61%
 294  200814_20-09728_HIV09-02843_FL30_S2_L000_read_46_count_1     13.45%    passed     97.85%
 295  200814_20-09728_HIV09-02843_FL30_S2_L000_read_47_count_1     13.45%    passed     98.03%
 296  200814_20-09728_HIV09-02843_FL30_S2_L000_read_48_count_1     13.45%    passed     94.46%
 297  200814_20-09728_HIV09-02843_FL30_S2_L000_read_49_count_1     13.82%    passed     95.97%
 298  200814_20-09728_HIV09-02843_FL30_S2_L000_read_50_count_1     13.09%    passed     94.37%
 299  200814_20-09728_HIV09-02843_FL30_S2_L000_read_51_count_1     13.45%    passed     99.21%
 300  200814_20-09728_HIV09-02843_FL30_S2_L000_read_52_count_1     13.45%    passed     94.83%
 301  200814_20-09728_HIV09-02843_FL30_S2_L000_read_53_count_1     13.45%    passed     97.79%
 302  200814_20-09728_HIV09-02843_FL30_S2_L000_read_54_count_1     13.45%    passed     96.73%
 303  200814_20-09728_HIV09-02843_FL30_S2_L000_read_55_count_1     13.82%    passed     95.97%
 304  200814_20-09728_HIV09-02843_FL30_S2_L000_read_56_count_1     13.09%    passed     95.52%
 305  200814_20-09728_HIV09-02843_FL30_S2_L000_read_57_count_1     13.45%    passed     98.52%
 306  200814_20-09728_HIV09-02843_FL30_S2_L000_read_58_count_1     13.45%    passed     97.79%
 307  200814_20-09728_HIV09-02843_FL30_S2_L000_read_59_count_1     13.45%    passed     96.97%
 308  200814_20-09728_HIV09-02843_FL30_S2_L000_read_60_count_1     13.45%    passed     98.86%
 309  200814_20-09728_HIV09-02843_FL30_S2_L000_read_61_count_1     13.45%    passed     97.85%
 310  200814_20-09728_HIV09-02843_FL30_S2_L000_read_62_count_1     13.45%    passed     94.63%
 311  200814_20-09728_HIV09-02843_FL30_S2_L000_read_63_count_1     13.45%    passed     93.65%
 312  200814_20-09728_HIV09-02843_FL30_S2_L000_read_64_count_1     13.45%    passed     98.03%
 313  200814_20-09728_HIV09-02843_FL30_S2_L000_read_65_count_1     13.45%    passed     98.16%
 314  200814_20-09728_HIV09-02843_FL30_S2_L000_read_66_count_1     13.45%    passed     91.32%
 315  200814_20-09728_HIV09-02843_FL30_S2_L000_read_67_count_1     13.45%    passed     98.86%
 316  200814_20-09728_HIV09-02843_FL30_S2_L000_read_68_count_1     13.45%    passed     91.88%
 317  200814_20-09728_HIV09-02843_FL30_S2_L000_read_69_count_1     13.45%    passed     96.97%
 318  200814_20-09728_HIV09-02843_FL30_S2_L000_read_70_count_1     13.45%    passed     96.97%
 319  200814_20-09728_HIV09-02843_FL30_S2_L000_read_71_count_1     13.45%    passed     93.65%
 320  200814_20-09728_HIV09-02843_FL30_S2_L000_read_72_count_1     13.45%    passed     93.22%
 321  200814_20-09728_HIV09-02843_FL30_S2_L000_read_73_count_1     13.45%    passed     96.49%
 322  200814_20-09728_HIV09-02843_FL30_S2_L000_read_74_count_1     13.45%    passed     91.88%
 323  200814_20-09728_HIV09-02843_FL30_S2_L000_read_75_count_1     13.45%    passed     97.79%
 324  200814_20-09728_HIV09-02843_FL30_S2_L000_read_76_count_1     13.45%    passed     97.91%
 325  200814_20-09728_HIV09-02843_FL30_S2_L000_read_77_count_1     13.45%    passed     95.53%
 326  200814_20-09728_HIV09-02843_FL30_S2_L000_read_78_count_1     13.45%    passed     94.83%
 327  200814_20-09728_HIV09-02843_FL30_S2_L000_read_79_count_1     13.45%    passed     94.63%
 328  200814_20-09728_HIV09-02843_FL30_S2_L000_read_80_count_1     13.45%    passed     91.80%
 329  200724_20-08522_HIV11-02415_FL24_S18_L000_read_1_count_331   13.45%    passed     99.81%
 330  200724_20-08522_HIV11-02415_FL24_S18_L000_read_2_count_25    13.45%    passed     99.74%
 331  200724_20-08522_HIV11-02415_FL24_S18_L000_read_3_count_15    13.45%    passed     99.74%
 332  200724_20-08522_HIV11-02415_FL24_S18_L000_read_4_count_7     13.45%    passed     99.74%
 333  200724_20-08522_HIV11-02415_FL24_S18_L000_read_5_count_5     13.45%    passed     99.25%
 334  200724_20-08522_HIV11-02415_FL24_S18_L000_read_6_count_5     13.45%    passed     99.74%
 335  200724_20-08522_HIV11-02415_FL24_S18_L000_read_7_count_4     13.45%    passed     99.07%
 336  200724_20-08522_HIV11-02415_FL24_S18_L000_read_8_count_3     13.45%    passed     99.74%
 337  200724_20-08522_HIV11-02415_FL24_S18_L000_read_9_count_3     13.45%    passed     99.74%
 338  200724_20-08522_HIV11-02415_FL24_S18_L000_read_10_count_3    13.45%    passed     99.74%
 339  200724_20-08522_HIV11-02415_FL24_S18_L000_read_11_count_3    13.45%    passed     99.36%
 340  200724_20-08522_HIV11-02415_FL24_S18_L000_read_12_count_3    13.45%    passed     99.74%
 341  200724_20-08522_HIV11-02415_FL24_S18_L000_read_13_count_3    13.45%    passed     98.39%
 342  200724_20-08522_HIV11-02415_FL24_S18_L000_read_14_count_2    13.45%    passed     98.60%
 343  200724_20-08522_HIV11-02415_FL24_S18_L000_read_15_count_2    13.45%    passed     99.51%
 344  200724_20-08522_HIV11-02415_FL24_S18_L000_read_16_count_2    13.45%    passed     99.37%
 345  200724_20-08522_HIV11-02415_FL24_S18_L000_read_17_count_2    13.45%    passed     99.07%
 346  200724_20-08522_HIV11-02415_FL24_S18_L000_read_18_count_2    13.45%    passed     99.79%
 347  200724_20-08522_HIV11-02415_FL24_S18_L000_read_19_count_2    13.45%    passed     99.78%
 348  200724_20-08522_HIV11-02415_FL24_S18_L000_read_20_count_2    13.45%    passed     98.45%
 349  200724_20-08522_HIV11-02415_FL24_S18_L000_read_21_count_2    22.55%    passed     84.41%
 350  200724_20-08522_HIV11-02415_FL24_S18_L000_read_22_count_2    13.45%    passed     99.51%
 351  200724_20-08522_HIV11-02415_FL24_S18_L000_read_23_count_2    13.45%    passed     99.51%
 352  200724_20-08522_HIV11-02415_FL24_S18_L000_read_24_count_2    13.45%    passed     99.74%
 353  200724_20-08522_HIV11-02415_FL24_S18_L000_read_25_count_2    13.45%    passed     99.37%
 354  200724_20-08522_HIV11-02415_FL24_S18_L000_read_26_count_2    13.45%    passed     99.74%
 355  200724_20-08522_HIV11-02415_FL24_S18_L000_read_27_count_2    13.45%    passed     99.25%
 356  200724_20-08522_HIV11-02415_FL24_S18_L000_read_28_count_2    13.45%    passed     99.36%
 357  200724_20-08522_HIV11-02415_FL24_S18_L000_read_29_count_2    13.45%    passed     99.36%
 358  200724_20-08522_HIV11-02415_FL24_S18_L000_read_30_count_2    13.45%    passed     99.36%
 359  200724_20-08522_HIV11-02415_FL24_S18_L000_read_31_count_1    13.45%    passed     99.36%
 360  200724_20-08522_HIV11-02415_FL24_S18_L000_read_32_count_1    13.82%    passed     99.95%
 361  200724_20-08522_HIV11-02415_FL24_S18_L000_read_33_count_1    13.45%    passed     99.78%
 362  200724_20-08522_HIV11-02415_FL24_S18_L000_read_34_count_1    13.45%    passed     99.34%
 363  200724_20-08522_HIV11-02415_FL24_S18_L000_read_35_count_1    13.45%    passed     99.36%
 364  200724_20-08522_HIV11-02415_FL24_S18_L000_read_36_count_1    13.45%    passed     99.78%
 365  200724_20-08522_HIV11-02415_FL24_S18_L000_read_37_count_1    13.45%    passed     99.51%
 366  200724_20-08522_HIV11-02415_FL24_S18_L000_read_38_count_1    13.45%    passed     99.73%
 367  200724_20-08522_HIV11-02415_FL24_S18_L000_read_39_count_1    13.45%    passed     94.81%
 368  200724_20-08522_HIV11-02415_FL24_S18_L000_read_40_count_1    13.45%    passed     97.17%
 369  200724_20-08522_HIV11-02415_FL24_S18_L000_read_41_count_1    13.45%    passed     99.07%
 370  200724_20-08522_HIV11-02415_FL24_S18_L000_read_42_count_1    13.45%    passed     99.07%
 371  200724_20-08522_HIV11-02415_FL24_S18_L000_read_43_count_1    13.45%    passed     99.25%
 372  200724_20-08522_HIV11-02415_FL24_S18_L000_read_44_count_1    13.45%    passed     99.07%
 373  200724_20-08522_HIV11-02415_FL24_S18_L000_read_45_count_1    13.45%    passed     99.36%
 374  200724_20-08522_HIV11-02415_FL24_S18_L000_read_46_count_1    13.45%    passed     99.25%
 375  200724_20-08522_HIV11-02415_FL24_S18_L000_read_47_count_1    13.45%    passed     98.39%
 376  200724_20-08522_HIV11-02415_FL24_S18_L000_read_48_count_1    13.45%    passed     99.36%
 377  200724_20-08522_HIV11-02415_FL24_S18_L000_read_49_count_1    13.45%    passed     99.36%
 378  200724_20-08522_HIV11-02415_FL24_S18_L000_read_50_count_1    13.45%    passed     98.48%
 379  200724_20-08522_HIV11-02415_FL24_S18_L000_read_51_count_1    13.45%    passed     99.79%
 380  200724_20-08522_HIV11-02415_FL24_S18_L000_read_52_count_1    13.45%    passed     99.51%
 381  200724_20-08522_HIV11-02415_FL24_S18_L000_read_53_count_1    13.82%    passed     99.69%
 382  200724_20-08522_HIV11-02415_FL24_S18_L000_read_54_count_1    13.45%    passed     98.60%
 383  200724_20-08522_HIV11-02415_FL24_S18_L000_read_55_count_1    13.45%    passed     99.36%
 384  200724_20-08522_HIV11-02415_FL24_S18_L000_read_56_count_1    13.45%    passed     99.78%
 385  200724_20-08522_HIV11-02415_FL24_S18_L000_read_57_count_1    13.45%    passed     99.36%
 386  200724_20-08522_HIV11-02415_FL24_S18_L000_read_58_count_1    13.45%    passed     99.51%
 387  200724_20-08522_HIV11-02415_FL24_S18_L000_read_59_count_1    13.45%    passed     98.54%
 388  200724_20-08522_HIV11-02415_FL24_S18_L000_read_60_count_1    13.45%    passed     99.36%
 389  200724_20-08522_HIV11-02415_FL24_S18_L000_read_61_count_1    13.45%    passed     98.45%
 390  200724_20-08522_HIV11-02415_FL24_S18_L000_read_62_count_1    21.09%    passed     85.08%
 391  200724_20-08522_HIV11-02415_FL24_S18_L000_read_63_count_1    13.09%    passed     99.91%
 392  200724_20-08522_HIV11-02415_FL24_S18_L000_read_64_count_1    13.45%    passed     95.62%
 393  200724_20-08522_HIV11-02415_FL24_S18_L000_read_65_count_1    13.45%    passed     99.07%
 394  200724_20-08522_HIV11-02415_FL24_S18_L000_read_66_count_1    13.82%    passed     98.22%
 395  200724_20-08522_HIV11-02415_FL24_S18_L000_read_67_count_1    13.45%    passed     92.74%
 396  200724_20-08522_HIV11-02415_FL24_S18_L000_read_68_count_1    13.45%    passed     99.25%
 397  200724_20-08522_HIV11-02415_FL24_S18_L000_read_69_count_1    13.45%    passed     92.87%
 398  200724_20-08522_HIV11-02415_FL24_S18_L000_read_70_count_1    13.45%    passed     99.25%
 399  200724_20-08522_HIV11-02415_FL24_S18_L000_read_71_count_1    13.45%    passed     99.74%
 400  200724_20-08522_HIV11-02415_FL24_S18_L000_read_72_count_1    13.45%    passed     99.81%
 401  200724_20-08522_HIV11-02415_FL24_S18_L000_read_73_count_1    13.45%    passed     99.73%
 402  200724_20-08522_HIV11-02415_FL24_S18_L000_read_74_count_1    13.45%    passed     99.53%
 403  200724_20-08522_HIV11-02415_FL24_S18_L000_read_75_count_1    13.45%    passed     99.37%
 404  200724_20-08522_HIV11-02415_FL24_S18_L000_read_76_count_1    13.45%    passed     99.74%
 405  200724_20-08522_HIV11-02415_FL24_S18_L000_read_77_count_1    13.45%    passed     99.51%
 406  200724_20-08522_HIV11-02415_FL24_S18_L000_read_78_count_1    13.45%    passed     99.07%
 407  200724_20-08522_HIV11-02415_FL24_S18_L000_read_79_count_1    13.45%    passed    100.00%
 408  200724_20-08522_HIV11-02415_FL24_S18_L000_read_80_count_1    13.45%    passed     99.53%
 409  200724_20-08522_HIV11-02415_FL24_S18_L000_read_81_count_1    13.45%    passed     99.25%
 410  200724_20-08522_HIV11-02415_FL24_S18_L000_read_82_count_1    16.73%    passed     94.89%
 411  200724_20-08522_HIV11-02415_FL24_S18_L000_read_83_count_1    13.45%    passed     98.60%
 412  200724_20-08522_HIV11-02415_FL24_S18_L000_read_84_count_1    13.45%    passed     97.67%
 413  200724_20-08522_HIV11-02415_FL24_S18_L000_read_85_count_1    13.45%    passed     99.37%
 414  200724_20-08522_HIV11-02415_FL24_S18_L000_read_86_count_1    13.82%    passed     99.59%
 415  200724_20-08522_HIV11-02415_FL24_S18_L000_read_87_count_1    13.45%    passed     98.39%
 416  200724_20-08522_HIV11-02415_FL24_S18_L000_read_88_count_1    13.45%    passed     99.78%
 417  200724_20-08522_HIV11-02415_FL24_S18_L000_read_89_count_1    13.45%    passed     99.25%
 418  200724_20-08522_HIV11-02415_FL24_S18_L000_read_90_count_1    13.45%    passed     99.74%
 419  200724_20-08522_HIV11-02415_FL24_S18_L000_read_91_count_1    13.45%    passed     99.81%
 420  200724_20-08522_HIV11-02415_FL24_S18_L000_read_92_count_1    13.45%    passed     99.79%
 421  200724_20-08522_HIV11-02415_FL24_S18_L000_read_93_count_1    13.45%    passed     97.86%
 422  200724_20-08522_HIV11-02415_FL24_S18_L000_read_94_count_1    13.45%    passed     98.60%
 423  200724_20-08522_HIV11-02415_FL24_S18_L000_read_95_count_1    13.45%    passed     99.36%
 424  200724_20-08522_HIV11-02415_FL24_S18_L000_read_96_count_1    13.45%    passed     96.92%
 425  200724_20-08522_HIV11-02415_FL24_S18_L000_read_97_count_1    13.45%    passed     97.42%
 426  200724_20-08522_HIV11-02415_FL24_S18_L000_read_98_count_1    13.45%    passed     98.60%
 427  200724_20-08522_HIV11-02415_FL24_S18_L000_read_99_count_1    13.45%    passed     99.78%
 428  200724_20-08522_HIV11-02415_FL24_S18_L000_read_100_count_1   13.45%    passed     99.79%
 429  200724_20-08522_HIV11-02415_FL24_S18_L000_read_101_count_1   13.82%    passed     99.69%
 430  200724_20-08522_HIV11-02415_FL24_S18_L000_read_102_count_1   13.45%    passed     98.60%
 431  200724_20-08522_HIV11-02415_FL24_S18_L000_read_103_count_1   13.45%    passed     98.39%
 432  200724_20-08522_HIV11-02415_FL24_S18_L000_read_104_count_1   13.45%    passed     98.60%
 433  200724_20-08522_HIV11-02415_FL24_S18_L000_read_105_count_1   13.45%    passed     99.07%
 434  200724_20-08522_HIV11-02415_FL24_S18_L000_read_106_count_1   13.45%    passed     98.60%
 435  200724_20-08522_HIV11-02415_FL24_S18_L000_read_107_count_1   13.45%    passed     97.28%
 436  200724_20-08522_HIV11-02415_FL24_S18_L000_read_108_count_1   13.45%    passed     99.36%
 437  200724_20-08522_HIV11-02415_FL24_S18_L000_read_109_count_1   13.45%    passed     99.81%
 438  200724_20-08522_HIV11-02415_FL24_S18_L000_read_110_count_1   13.45%    passed     99.74%
 439  200724_20-08522_HIV11-02415_FL24_S18_L000_read_111_count_1   13.45%    passed     99.51%
 440  200724_20-08522_HIV11-02415_FL24_S18_L000_read_112_count_1   13.45%    passed     99.79%
 441  200724_20-08522_HIV11-02415_FL24_S18_L000_read_113_count_1   13.45%    passed     97.26%
 442  200724_20-08522_HIV11-02415_FL24_S18_L000_read_114_count_1   13.45%    passed     98.39%
 443  200724_20-08522_HIV11-02415_FL24_S18_L000_read_115_count_1   13.45%    passed     99.78%
 444  200724_20-08522_HIV11-02415_FL24_S18_L000_read_116_count_1   13.45%    passed     98.54%
 445  200724_20-08522_HIV11-02415_FL24_S18_L000_read_117_count_1   13.45%    passed     99.51%
 446  200724_20-08522_HIV11-02415_FL24_S18_L000_read_118_count_1   13.45%    passed     99.78%
 447  200724_20-08522_HIV11-02415_FL24_S18_L000_read_119_count_1   13.45%    passed     98.39%
 448  200724_20-08522_HIV11-02415_FL24_S18_L000_read_120_count_1   13.45%    passed    100.00%
 449  200724_20-08522_HIV11-02415_FL24_S18_L000_read_121_count_1   13.45%    passed     98.81%
 450  200724_20-08522_HIV11-02415_FL24_S18_L000_read_122_count_1   13.45%    passed     93.93%
 451  200724_20-08522_HIV11-02415_FL24_S18_L000_read_123_count_1   13.45%    passed     99.81%
 452  200724_20-08522_HIV11-02415_FL24_S18_L000_read_124_count_1   13.45%    passed     99.37%
 453  200724_20-08522_HIV11-02415_FL24_S18_L000_read_125_count_1   13.09%    passed     99.69%
 454  200724_20-08522_HIV11-02415_FL24_S18_L000_read_126_count_1   13.45%    passed     98.81%
 455  200724_20-08522_HIV11-02415_FL24_S18_L000_read_127_count_1   13.45%    passed     97.34%
 456  200724_20-08522_HIV11-02415_FL24_S18_L000_read_128_count_1   13.45%    passed     94.71%
 457  200724_20-08522_HIV11-02415_FL24_S18_L000_read_129_count_1   13.45%    passed     99.36%
 458  B.FR.83.HXB2_LAI_IIIB_BRU.K03455                             13.45%    passed    100.00%
 459  C.BW.00.00BW07621.AF443088                                   13.45%    passed     96.08%
****  TOTAL                                                        13.49%  0 sequences failed composition chi2 test (p-value<5%; df=3)
Checking for duplicate sequences: done in 0.00106461 secs using 492.8% CPU

Create initial parsimony tree by phylogenetic likelihood library (PLL)... 0.035 seconds

NOTE: 20 MB RAM (0 GB) is required!
Estimate model parameters (epsilon = 0.100)
1. Initial log-likelihood: -4216.459
2. Current log-likelihood: -4098.792
3. Current log-likelihood: -4098.456
Optimal log-likelihood: -4098.421
Rate parameters:  A-C: 0.66459  A-G: 1.50847  A-T: 0.37868  C-G: 0.19384  C-T: 2.09403  G-T: 1.00000
Base frequencies:  A: 0.450  C: 0.126  G: 0.227  T: 0.197
Site proportion and rates:  (0.100,0.346) (0.156,0.478) (0.189,0.612) (0.203,0.840) (0.202,1.270) (0.150,2.325)
Parameters optimization took 3 rounds (2.211 sec)
Wrote distance file to... 
Computing ML distances based on estimated model parameters...
Calculating distance matrix: done in 0.700399 secs using 200% CPU
Computing ML distances took 0.701062 sec (of wall-clock time) 1.401155 sec (of CPU time)
Setting up auxiliary I and S matrices: done in 0.0259138 secs using 174.3% CPU
Constructing RapidNJ tree: done in 0.155397 secs using 129.1% CPU
Computing RapidNJ tree took 0.181454 sec (of wall-clock time) 0.248580 sec (of CPU time)
Log-likelihood of RapidNJ tree: -4087.588
--------------------------------------------------------------------
|             INITIALIZING CANDIDATE TREE SET                      |
--------------------------------------------------------------------
Generating 98 parsimony trees... 4.166 second
Computing log-likelihood of 98 initial trees ... 4.087 seconds
Current best score: -4075.389

Do NNI search on 20 best initial trees
Optimizing NNI: done in 0.553024 secs using 199.1% CPU
Estimate model parameters (epsilon = 0.100)
BETTER TREE FOUND at iteration 1: -4072.598
Optimizing NNI: done in 0.646862 secs using 197.7% CPU
Optimizing NNI: done in 0.437063 secs using 197% CPU
Optimizing NNI: done in 0.537274 secs using 195.3% CPU
Optimizing NNI: done in 0.700844 secs using 199.3% CPU
Optimizing NNI: done in 0.68668 secs using 196.7% CPU
Optimizing NNI: done in 0.54732 secs using 196.5% CPU
Optimizing NNI: done in 0.565891 secs using 198.2% CPU
Optimizing NNI: done in 0.547408 secs using 194.6% CPU
Optimizing NNI: done in 0.872715 secs using 196.7% CPU
Iteration 10 / LogL: -4080.924 / Time: 0h:0m:19s
Optimizing NNI: done in 0.58775 secs using 198.7% CPU
Optimizing NNI: done in 0.715045 secs using 196.8% CPU
Optimizing NNI: done in 0.574617 secs using 196.8% CPU
Optimizing NNI: done in 0.808377 secs using 199.4% CPU
Optimizing NNI: done in 0.568994 secs using 196.3% CPU
Optimizing NNI: done in 0.755031 secs using 195.9% CPU
Optimizing NNI: done in 1.01662 secs using 196.4% CPU
Estimate model parameters (epsilon = 0.100)
BETTER TREE FOUND at iteration 17: -4066.879
Optimizing NNI: done in 0.662411 secs using 197.2% CPU
Optimizing NNI: done in 0.595274 secs using 196.1% CPU
Optimizing NNI: done in 0.667899 secs using 198.2% CPU
Iteration 20 / LogL: -4089.078 / Time: 0h:0m:27s
Finish initializing candidate tree set (20)
Current best tree score: -4066.879 / CPU time: 24.166
Number of iterations: 20
--------------------------------------------------------------------
|               OPTIMIZING CANDIDATE TREE SET                      |
--------------------------------------------------------------------
Optimizing NNI: done in 0.988793 secs using 197.1% CPU
Optimizing NNI: done in 0.891371 secs using 195.1% CPU
Optimizing NNI: done in 0.945073 secs using 198.2% CPU
Optimizing NNI: done in 0.88903 secs using 196.7% CPU
Optimizing NNI: done in 0.619992 secs using 196.1% CPU
Optimizing NNI: done in 1.05484 secs using 197.4% CPU
Optimizing NNI: done in 0.770534 secs using 197.1% CPU
Optimizing NNI: done in 0.89477 secs using 197% CPU
Optimizing NNI: done in 0.821337 secs using 198.9% CPU
Optimizing NNI: done in 1.16178 secs using 195.7% CPU
Iteration 30 / LogL: -4075.303 / Time: 0h:0m:36s (0h:1m:50s left)
Optimizing NNI: done in 0.709483 secs using 197.5% CPU
Optimizing NNI: done in 1.17845 secs using 197.4% CPU
Optimizing NNI: done in 0.54617 secs using 198.9% CPU
Optimizing NNI: done in 0.588986 secs using 196.4% CPU
Optimizing NNI: done in 0.990242 secs using 196.5% CPU
Optimizing NNI: done in 0.776598 secs using 198.4% CPU
Optimizing NNI: done in 0.901068 secs using 195.9% CPU
Optimizing NNI: done in 1.10684 secs using 197.2% CPU
Optimizing NNI: done in 1.04576 secs using 197.5% CPU
Optimizing NNI: done in 0.833707 secs using 197.4% CPU
Iteration 40 / LogL: -4081.486 / Time: 0h:0m:45s (0h:1m:30s left)
Optimizing NNI: done in 0.899338 secs using 198.7% CPU
Optimizing NNI: done in 0.981475 secs using 197.8% CPU
Optimizing NNI: done in 1.0064 secs using 198.6% CPU
Optimizing NNI: done in 0.835933 secs using 196.2% CPU
Optimizing NNI: done in 1.10725 secs using 198.6% CPU
Optimizing NNI: done in 0.977678 secs using 197% CPU
Optimizing NNI: done in 0.942672 secs using 198.9% CPU
Optimizing NNI: done in 1.10801 secs using 197.5% CPU
Optimizing NNI: done in 0.940593 secs using 196.5% CPU
Optimizing NNI: done in 0.867508 secs using 197.3% CPU
Iteration 50 / LogL: -4086.503 / Time: 0h:0m:55s (0h:1m:16s left)
Optimizing NNI: done in 0.992115 secs using 198.4% CPU
Optimizing NNI: done in 1.06971 secs using 198.3% CPU
Optimizing NNI: done in 1.13812 secs using 197.4% CPU
Optimizing NNI: done in 0.97239 secs using 197.9% CPU
Optimizing NNI: done in 0.986028 secs using 197.8% CPU
Optimizing NNI: done in 1.00563 secs using 198.6% CPU
Optimizing NNI: done in 0.982264 secs using 197.7% CPU
Optimizing NNI: done in 0.98639 secs using 195.7% CPU
Optimizing NNI: done in 0.402598 secs using 199.3% CPU
Optimizing NNI: done in 0.975272 secs using 197.2% CPU
Iteration 60 / LogL: -4080.027 / Time: 0h:1m:5s (0h:1m:3s left)
Optimizing NNI: done in 0.765189 secs using 198.8% CPU
Optimizing NNI: done in 0.988091 secs using 195.9% CPU
Optimizing NNI: done in 1.10785 secs using 198.2% CPU
Estimate model parameters (epsilon = 0.100)
BETTER TREE FOUND at iteration 63: -4065.994
Optimizing NNI: done in 1.36205 secs using 197.2% CPU
Estimate model parameters (epsilon = 0.100)
BETTER TREE FOUND at iteration 64: -4065.307
Optimizing NNI: done in 1.0782 secs using 198.3% CPU
Optimizing NNI: done in 1.09226 secs using 198.5% CPU
Optimizing NNI: done in 0.88429 secs using 198.6% CPU
Optimizing NNI: done in 0.910249 secs using 197.1% CPU
Optimizing NNI: done in 0.751513 secs using 199% CPU
Optimizing NNI: done in 0.900639 secs using 197.7% CPU
Iteration 70 / LogL: -4082.990 / Time: 0h:1m:17s (0h:1m:45s left)
Optimizing NNI: done in 1.07662 secs using 199.2% CPU
Optimizing NNI: done in 1.08384 secs using 198.2% CPU
Optimizing NNI: done in 1.25763 secs using 196.7% CPU
Optimizing NNI: done in 0.981484 secs using 199% CPU
Optimizing NNI: done in 1.42687 secs using 197.5% CPU
Optimizing NNI: done in 0.931098 secs using 196.2% CPU
Optimizing NNI: done in 1.17141 secs using 195.9% CPU
Optimizing NNI: done in 1.63115 secs using 197.4% CPU
Optimizing NNI: done in 1.12242 secs using 194.8% CPU
Optimizing NNI: done in 1.13677 secs using 197.8% CPU
Iteration 80 / LogL: -4077.051 / Time: 0h:1m:29s (0h:1m:35s left)
Optimizing NNI: done in 1.09201 secs using 197.7% CPU
Optimizing NNI: done in 1.01308 secs using 195.9% CPU
Optimizing NNI: done in 0.753716 secs using 197.6% CPU
Optimizing NNI: done in 0.829987 secs using 197.3% CPU
Optimizing NNI: done in 0.727311 secs using 197.3% CPU
Optimizing NNI: done in 0.829087 secs using 199.4% CPU
Optimizing NNI: done in 0.889219 secs using 197.1% CPU
Optimizing NNI: done in 0.714289 secs using 199.1% CPU
Optimizing NNI: done in 1.29848 secs using 199.1% CPU
Optimizing NNI: done in 0.879364 secs using 197.3% CPU
Estimate model parameters (epsilon = 0.100)
BETTER TREE FOUND at iteration 90: -4062.917
Iteration 90 / LogL: -4062.917 / Time: 0h:1m:39s (0h:1m:51s left)
Optimizing NNI: done in 0.901552 secs using 199.3% CPU
Optimizing NNI: done in 0.747879 secs using 198.4% CPU
Optimizing NNI: done in 1.17403 secs using 197.8% CPU
Optimizing NNI: done in 1.02372 secs using 199.2% CPU
Optimizing NNI: done in 1.05631 secs using 195.4% CPU
Optimizing NNI: done in 0.938754 secs using 198.9% CPU
Optimizing NNI: done in 1.05461 secs using 198.2% CPU
Optimizing NNI: done in 1.1916 secs using 196.7% CPU
Optimizing NNI: done in 0.766024 secs using 197.6% CPU
Optimizing NNI: done in 0.774711 secs using 198.1% CPU
Iteration 100 / LogL: -4078.918 / Time: 0h:1m:49s (0h:1m:39s left)
Optimizing NNI: done in 0.987704 secs using 197.2% CPU
Optimizing NNI: done in 0.999398 secs using 196.9% CPU
Optimizing NNI: done in 1.17242 secs using 198.6% CPU
Optimizing NNI: done in 0.746076 secs using 199.2% CPU
Optimizing NNI: done in 0.732334 secs using 197.2% CPU
Optimizing NNI: done in 1.32143 secs using 198.4% CPU
Optimizing NNI: done in 0.934127 secs using 198.5% CPU
Optimizing NNI: done in 0.875389 secs using 198.2% CPU
Optimizing NNI: done in 1.09974 secs using 196.7% CPU
Optimizing NNI: done in 0.978952 secs using 196% CPU
Iteration 110 / LogL: -4073.937 / Time: 0h:1m:59s (0h:1m:27s left)
Optimizing NNI: done in 1.32143 secs using 196.9% CPU
Optimizing NNI: done in 0.847961 secs using 197.6% CPU
Optimizing NNI: done in 1.09763 secs using 197.3% CPU
Optimizing NNI: done in 1.16398 secs using 196.6% CPU
Optimizing NNI: done in 0.931718 secs using 197.9% CPU
Optimizing NNI: done in 1.13766 secs using 197.4% CPU
Optimizing NNI: done in 0.871541 secs using 199.1% CPU
Optimizing NNI: done in 0.752855 secs using 197.8% CPU
Optimizing NNI: done in 1.26033 secs using 198.1% CPU
Optimizing NNI: done in 0.923596 secs using 197% CPU
Iteration 120 / LogL: -4075.034 / Time: 0h:2m:10s (0h:1m:16s left)
Optimizing NNI: done in 1.08108 secs using 198.4% CPU
Optimizing NNI: done in 0.855516 secs using 196.8% CPU
Optimizing NNI: done in 1.17245 secs using 198.9% CPU
Optimizing NNI: done in 0.877315 secs using 199.4% CPU
Optimizing NNI: done in 0.994669 secs using 195.7% CPU
Optimizing NNI: done in 1.0006 secs using 196.3% CPU
Optimizing NNI: done in 0.751161 secs using 195.8% CPU
Optimizing NNI: done in 1.01368 secs using 197.9% CPU
Optimizing NNI: done in 1.11026 secs using 198.7% CPU
Optimizing NNI: done in 0.867218 secs using 197.8% CPU
Iteration 130 / LogL: -4079.076 / Time: 0h:2m:20s (0h:1m:5s left)
Optimizing NNI: done in 1.15143 secs using 198.7% CPU
Optimizing NNI: done in 0.84752 secs using 197.2% CPU
Optimizing NNI: done in 0.908687 secs using 198.6% CPU
Optimizing NNI: done in 0.986182 secs using 199.4% CPU
Optimizing NNI: done in 0.932243 secs using 198.2% CPU
Optimizing NNI: done in 0.769237 secs using 199.3% CPU
Optimizing NNI: done in 1.01602 secs using 196.8% CPU
Optimizing NNI: done in 0.759206 secs using 198% CPU
Optimizing NNI: done in 1.0104 secs using 199% CPU
Optimizing NNI: done in 1.0141 secs using 198.6% CPU
Iteration 140 / LogL: -4078.523 / Time: 0h:2m:29s (0h:0m:53s left)
Optimizing NNI: done in 1.05647 secs using 198.4% CPU
Estimate model parameters (epsilon = 0.100)
BETTER TREE FOUND at iteration 141: -4062.095
Optimizing NNI: done in 1.19721 secs using 197.6% CPU
Optimizing NNI: done in 1.05611 secs using 197.3% CPU
Optimizing NNI: done in 0.889881 secs using 199.3% CPU
Optimizing NNI: done in 0.777026 secs using 198.3% CPU
Optimizing NNI: done in 0.74635 secs using 198.6% CPU
Optimizing NNI: done in 1.04958 secs using 197.5% CPU
Optimizing NNI: done in 1.16257 secs using 196.3% CPU
Optimizing NNI: done in 1.24634 secs using 198.2% CPU
Optimizing NNI: done in 1.15237 secs using 197.5% CPU
Iteration 150 / LogL: -4063.552 / Time: 0h:2m:41s (0h:1m:38s left)
Optimizing NNI: done in 0.910588 secs using 198.4% CPU
Optimizing NNI: done in 0.940764 secs using 198.2% CPU
Optimizing NNI: done in 0.633146 secs using 196% CPU
Optimizing NNI: done in 1.03881 secs using 197.8% CPU
Optimizing NNI: done in 0.753766 secs using 194.5% CPU
Optimizing NNI: done in 1.20733 secs using 197.4% CPU
Optimizing NNI: done in 0.930749 secs using 198.4% CPU
Estimate model parameters (epsilon = 0.100)
BETTER TREE FOUND at iteration 157: -4061.590
Optimizing NNI: done in 1.29374 secs using 198.3% CPU
Optimizing NNI: done in 1.07474 secs using 198.6% CPU
Optimizing NNI: done in 0.983028 secs using 198.1% CPU
Iteration 160 / LogL: -4065.694 / Time: 0h:2m:52s (0h:1m:44s left)
Optimizing NNI: done in 0.760537 secs using 198.9% CPU
Optimizing NNI: done in 0.995981 secs using 198% CPU
Optimizing NNI: done in 0.800459 secs using 197.9% CPU
Optimizing NNI: done in 0.845414 secs using 198.4% CPU
Optimizing NNI: done in 0.734708 secs using 199.1% CPU
Optimizing NNI: done in 1.13299 secs using 197.4% CPU
Optimizing NNI: done in 1.15892 secs using 197.7% CPU
Optimizing NNI: done in 1.02753 secs using 198.1% CPU
Optimizing NNI: done in 1.39825 secs using 199% CPU
Optimizing NNI: done in 1.22335 secs using 197.8% CPU
Iteration 170 / LogL: -4071.548 / Time: 0h:3m:2s (0h:1m:33s left)
Optimizing NNI: done in 1.25442 secs using 197.6% CPU
Optimizing NNI: done in 1.01211 secs using 199.2% CPU
Optimizing NNI: done in 1.27876 secs using 197.9% CPU
Optimizing NNI: done in 1.18614 secs using 198.8% CPU
Optimizing NNI: done in 1.36167 secs using 197.8% CPU
Estimate model parameters (epsilon = 0.100)
BETTER TREE FOUND at iteration 175: -4061.407
Optimizing NNI: done in 0.772997 secs using 197.8% CPU
Optimizing NNI: done in 0.922531 secs using 198% CPU
Optimizing NNI: done in 0.937205 secs using 197.7% CPU
Optimizing NNI: done in 1.02026 secs using 198.4% CPU
Optimizing NNI: done in 0.999344 secs using 198.1% CPU
Iteration 180 / LogL: -4067.509 / Time: 0h:3m:14s (0h:1m:43s left)
Optimizing NNI: done in 1.05028 secs using 197.9% CPU
Optimizing NNI: done in 0.896675 secs using 199% CPU
Optimizing NNI: done in 1.09514 secs using 197.9% CPU
Optimizing NNI: done in 1.05177 secs using 198.9% CPU
Optimizing NNI: done in 0.756235 secs using 197.8% CPU
Optimizing NNI: done in 1.0374 secs using 197.5% CPU
Optimizing NNI: done in 0.902322 secs using 197.5% CPU
Estimate model parameters (epsilon = 0.100)
BETTER TREE FOUND at iteration 187: -4061.211
Optimizing NNI: done in 1.22009 secs using 198% CPU
Optimizing NNI: done in 0.714937 secs using 197.9% CPU
Optimizing NNI: done in 1.06336 secs using 197.1% CPU
Iteration 190 / LogL: -4067.616 / Time: 0h:3m:24s (0h:1m:45s left)
Optimizing NNI: done in 0.914666 secs using 198.8% CPU
Optimizing NNI: done in 0.905191 secs using 198.1% CPU
Optimizing NNI: done in 1.05484 secs using 196.7% CPU
Optimizing NNI: done in 0.749853 secs using 198.7% CPU
Optimizing NNI: done in 1.31419 secs using 199.5% CPU
Optimizing NNI: done in 1.09977 secs using 197.1% CPU
Optimizing NNI: done in 0.924468 secs using 196.9% CPU
Optimizing NNI: done in 0.90643 secs using 196.6% CPU
Optimizing NNI: done in 1.14734 secs using 198% CPU
Optimizing NNI: done in 0.889837 secs using 198.9% CPU
Iteration 200 / LogL: -4077.783 / Time: 0h:3m:35s (0h:1m:33s left)
Optimizing NNI: done in 0.888723 secs using 196.3% CPU
Optimizing NNI: done in 0.935949 secs using 197.4% CPU
Optimizing NNI: done in 0.921708 secs using 198.9% CPU
Optimizing NNI: done in 1.2893 secs using 196.8% CPU
Optimizing NNI: done in 0.857315 secs using 198.4% CPU
Optimizing NNI: done in 1.10811 secs using 197.1% CPU
Optimizing NNI: done in 0.820444 secs using 198.5% CPU
Optimizing NNI: done in 1.08261 secs using 197.5% CPU
Optimizing NNI: done in 0.91001 secs using 196.3% CPU
Optimizing NNI: done in 1.05363 secs using 197.9% CPU
Iteration 210 / LogL: -4067.822 / Time: 0h:3m:45s (0h:1m:22s left)
Optimizing NNI: done in 0.920282 secs using 198.2% CPU
Optimizing NNI: done in 1.08724 secs using 197.9% CPU
Optimizing NNI: done in 0.769994 secs using 198.7% CPU
Optimizing NNI: done in 0.973705 secs using 198.6% CPU
Optimizing NNI: done in 0.836844 secs using 197.5% CPU
Optimizing NNI: done in 0.88628 secs using 195.2% CPU
Optimizing NNI: done in 1.02328 secs using 197.7% CPU
Optimizing NNI: done in 0.753834 secs using 197.6% CPU
Optimizing NNI: done in 0.91701 secs using 197.7% CPU
Optimizing NNI: done in 0.914625 secs using 198.4% CPU
Iteration 220 / LogL: -4067.163 / Time: 0h:3m:54s (0h:1m:11s left)
Optimizing NNI: done in 0.72588 secs using 195.3% CPU
Optimizing NNI: done in 0.751148 secs using 199.6% CPU
Optimizing NNI: done in 0.92022 secs using 199.5% CPU
Estimate model parameters (epsilon = 0.100)
BETTER TREE FOUND at iteration 223: -4061.066
Optimizing NNI: done in 1.25814 secs using 197.9% CPU
Optimizing NNI: done in 0.871602 secs using 195.9% CPU
Optimizing NNI: done in 0.71641 secs using 197.7% CPU
Optimizing NNI: done in 1.08717 secs using 199% CPU
Optimizing NNI: done in 0.916934 secs using 197.7% CPU
Optimizing NNI: done in 0.884261 secs using 193.6% CPU
Optimizing NNI: done in 0.895516 secs using 197.8% CPU
Iteration 230 / LogL: -4061.684 / Time: 0h:4m:4s (0h:1m:39s left)
Optimizing NNI: done in 0.888831 secs using 197.2% CPU
Optimizing NNI: done in 0.923019 secs using 197.5% CPU
Optimizing NNI: done in 1.21599 secs using 198.7% CPU
Optimizing NNI: done in 1.04084 secs using 197.6% CPU
Optimizing NNI: done in 1.04212 secs using 197.1% CPU
Optimizing NNI: done in 0.775486 secs using 199% CPU
Optimizing NNI: done in 1.09698 secs using 197.7% CPU
Optimizing NNI: done in 1.00649 secs using 197% CPU
Optimizing NNI: done in 1.06568 secs using 198% CPU
Optimizing NNI: done in 0.861317 secs using 197.5% CPU
Iteration 240 / LogL: -4069.723 / Time: 0h:4m:14s (0h:1m:28s left)
Optimizing NNI: done in 1.16835 secs using 198.9% CPU
Optimizing NNI: done in 0.91463 secs using 197.5% CPU
Optimizing NNI: done in 0.794287 secs using 197.7% CPU
Optimizing NNI: done in 1.06607 secs using 197.9% CPU
Optimizing NNI: done in 0.874763 secs using 198.8% CPU
Optimizing NNI: done in 1.07599 secs using 197.4% CPU
Optimizing NNI: done in 0.768241 secs using 195.3% CPU
Optimizing NNI: done in 0.753067 secs using 196.7% CPU
Optimizing NNI: done in 1.2573 secs using 197.7% CPU
Optimizing NNI: done in 0.727206 secs using 197.9% CPU
Iteration 250 / LogL: -4072.550 / Time: 0h:4m:24s (0h:1m:17s left)
Optimizing NNI: done in 0.843508 secs using 197.2% CPU
Optimizing NNI: done in 1.18965 secs using 198.2% CPU
Optimizing NNI: done in 1.02137 secs using 197.5% CPU
Optimizing NNI: done in 0.948392 secs using 197% CPU
Optimizing NNI: done in 1.0269 secs using 197% CPU
Optimizing NNI: done in 0.933616 secs using 197.7% CPU
Optimizing NNI: done in 1.26954 secs using 197.3% CPU
Optimizing NNI: done in 1.23751 secs using 199.9% CPU
Optimizing NNI: done in 1.30413 secs using 196% CPU
Estimate model parameters (epsilon = 0.100)
BETTER TREE FOUND at iteration 259: -4060.384
Optimizing NNI: done in 0.891646 secs using 195.6% CPU
Iteration 260 / LogL: -4069.225 / Time: 0h:4m:36s (0h:1m:45s left)
Optimizing NNI: done in 0.873491 secs using 196.6% CPU
Optimizing NNI: done in 1.04671 secs using 198.6% CPU
Optimizing NNI: done in 0.764373 secs using 198.4% CPU
Optimizing NNI: done in 1.00959 secs using 197.1% CPU
Optimizing NNI: done in 0.875638 secs using 196.8% CPU
Optimizing NNI: done in 1.24335 secs using 196.5% CPU
Optimizing NNI: done in 0.776049 secs using 196.4% CPU
Optimizing NNI: done in 0.758785 secs using 198.1% CPU
Optimizing NNI: done in 0.924223 secs using 195.6% CPU
Optimizing NNI: done in 1.10099 secs using 197.4% CPU
Iteration 270 / LogL: -4095.309 / Time: 0h:4m:46s (0h:1m:34s left)
Optimizing NNI: done in 1.07778 secs using 197.2% CPU
Optimizing NNI: done in 1.08854 secs using 197% CPU
Optimizing NNI: done in 1.28864 secs using 199% CPU
Optimizing NNI: done in 0.784972 secs using 200.4% CPU
Optimizing NNI: done in 0.985027 secs using 197.5% CPU
Optimizing NNI: done in 1.29709 secs using 199% CPU
Optimizing NNI: done in 1.03515 secs using 198.1% CPU
Optimizing NNI: done in 1.31016 secs using 199.5% CPU
Optimizing NNI: done in 0.821823 secs using 198.3% CPU
Optimizing NNI: done in 1.25594 secs using 197.8% CPU
Iteration 280 / LogL: -4074.177 / Time: 0h:4m:57s (0h:1m:24s left)
Optimizing NNI: done in 1.34727 secs using 196.8% CPU
Optimizing NNI: done in 1.30378 secs using 196.9% CPU
Optimizing NNI: done in 1.05993 secs using 197.7% CPU
Optimizing NNI: done in 1.06001 secs using 195.5% CPU
Optimizing NNI: done in 1.15576 secs using 197.9% CPU
Optimizing NNI: done in 1.19659 secs using 196.6% CPU
Optimizing NNI: done in 1.23013 secs using 197.2% CPU
Optimizing NNI: done in 1.07646 secs using 197.3% CPU
Optimizing NNI: done in 0.738361 secs using 198.6% CPU
Optimizing NNI: done in 1.13963 secs using 195.8% CPU
Iteration 290 / LogL: -4095.743 / Time: 0h:5m:8s (0h:1m:13s left)
Optimizing NNI: done in 0.884515 secs using 198.1% CPU
Optimizing NNI: done in 1.0687 secs using 198.4% CPU
Optimizing NNI: done in 0.942748 secs using 197.6% CPU
Optimizing NNI: done in 1.25435 secs using 197.9% CPU
Optimizing NNI: done in 0.947581 secs using 198.8% CPU
Optimizing NNI: done in 0.90594 secs using 198.5% CPU
Optimizing NNI: done in 1.01459 secs using 197.8% CPU
Optimizing NNI: done in 0.973827 secs using 199% CPU
Optimizing NNI: done in 0.967987 secs using 197.1% CPU
Optimizing NNI: done in 1.05564 secs using 196.2% CPU
Iteration 300 / LogL: -4070.175 / Time: 0h:5m:19s (0h:1m:3s left)
Optimizing NNI: done in 1.16692 secs using 198.7% CPU
Optimizing NNI: done in 1.27777 secs using 198.6% CPU
Optimizing NNI: done in 1.24806 secs using 198.4% CPU
Optimizing NNI: done in 0.925994 secs using 197.2% CPU
Optimizing NNI: done in 0.770396 secs using 197.6% CPU
Optimizing NNI: done in 1.00968 secs using 197.8% CPU
Optimizing NNI: done in 0.967141 secs using 198.4% CPU
Optimizing NNI: done in 1.20898 secs using 197.2% CPU
Optimizing NNI: done in 0.992342 secs using 198.3% CPU
Optimizing NNI: done in 1.1958 secs using 198% CPU
Iteration 310 / LogL: -4080.158 / Time: 0h:5m:30s (0h:0m:52s left)
Optimizing NNI: done in 0.820193 secs using 198% CPU
Optimizing NNI: done in 1.05497 secs using 197.4% CPU
Optimizing NNI: done in 1.12078 secs using 196% CPU
Optimizing NNI: done in 0.973795 secs using 199% CPU
Optimizing NNI: done in 0.715818 secs using 199.5% CPU
Optimizing NNI: done in 1.2663 secs using 197.3% CPU
Optimizing NNI: done in 1.25681 secs using 197.4% CPU
Estimate model parameters (epsilon = 0.100)
BETTER TREE FOUND at iteration 317: -4059.857
Optimizing NNI: done in 0.884774 secs using 197.2% CPU
Optimizing NNI: done in 1.24898 secs using 198.3% CPU
Estimate model parameters (epsilon = 0.100)
BETTER TREE FOUND at iteration 319: -4059.823
Optimizing NNI: done in 1.26884 secs using 197.7% CPU
Iteration 320 / LogL: -4069.451 / Time: 0h:5m:42s (0h:1m:46s left)
Optimizing NNI: done in 1.2207 secs using 197.3% CPU
Optimizing NNI: done in 1.13349 secs using 198.8% CPU
Optimizing NNI: done in 0.831103 secs using 197.7% CPU
Optimizing NNI: done in 1.11335 secs using 198.8% CPU
Optimizing NNI: done in 0.942383 secs using 198.9% CPU
Optimizing NNI: done in 0.847075 secs using 196.3% CPU
Optimizing NNI: done in 1.00823 secs using 197.6% CPU
Optimizing NNI: done in 0.963135 secs using 199.3% CPU
Optimizing NNI: done in 0.917337 secs using 196.8% CPU
Optimizing NNI: done in 0.969726 secs using 199.4% CPU
Iteration 330 / LogL: -4079.910 / Time: 0h:5m:52s (0h:1m:35s left)
Optimizing NNI: done in 1.25527 secs using 198.5% CPU
Optimizing NNI: done in 1.22097 secs using 197% CPU
Optimizing NNI: done in 0.820834 secs using 197.9% CPU
Optimizing NNI: done in 0.804375 secs using 199% CPU
Optimizing NNI: done in 0.939994 secs using 197.4% CPU
Optimizing NNI: done in 1.21491 secs using 197.4% CPU
Optimizing NNI: done in 1.02237 secs using 198.2% CPU
Optimizing NNI: done in 0.941656 secs using 199% CPU
Optimizing NNI: done in 1.2631 secs using 198.5% CPU
Optimizing NNI: done in 0.837309 secs using 198.4% CPU
Iteration 340 / LogL: -4072.957 / Time: 0h:6m:3s (0h:1m:24s left)
Optimizing NNI: done in 0.976467 secs using 196.7% CPU
Optimizing NNI: done in 1.04818 secs using 198.1% CPU
Optimizing NNI: done in 0.972067 secs using 196.7% CPU
Optimizing NNI: done in 0.976976 secs using 197.4% CPU
Optimizing NNI: done in 0.846595 secs using 199.2% CPU
Optimizing NNI: done in 0.658333 secs using 199% CPU
Optimizing NNI: done in 0.949034 secs using 198.2% CPU
Optimizing NNI: done in 1.11848 secs using 198.3% CPU
Optimizing NNI: done in 1.1361 secs using 196.8% CPU
Optimizing NNI: done in 1.37056 secs using 197.8% CPU
Iteration 350 / LogL: -4060.380 / Time: 0h:6m:13s (0h:1m:13s left)
Optimizing NNI: done in 1.42277 secs using 198.4% CPU
Optimizing NNI: done in 0.787343 secs using 196% CPU
Optimizing NNI: done in 0.987783 secs using 198% CPU
BETTER TREE FOUND at iteration 353: -4059.821
Optimizing NNI: done in 0.97961 secs using 195.5% CPU
Optimizing NNI: done in 0.948577 secs using 197.4% CPU
Optimizing NNI: done in 0.979223 secs using 197.6% CPU
Optimizing NNI: done in 0.822155 secs using 197.8% CPU
Optimizing NNI: done in 1.43197 secs using 198.3% CPU
Optimizing NNI: done in 1.18755 secs using 198.7% CPU
Optimizing NNI: done in 0.947239 secs using 198.8% CPU
Iteration 360 / LogL: -4084.184 / Time: 0h:6m:24s (0h:1m:39s left)
Optimizing NNI: done in 1.10008 secs using 197.8% CPU
Optimizing NNI: done in 1.03723 secs using 196% CPU
Optimizing NNI: done in 1.2868 secs using 197.6% CPU
Optimizing NNI: done in 1.40267 secs using 197.5% CPU
Optimizing NNI: done in 1.47003 secs using 197.4% CPU
Optimizing NNI: done in 0.823379 secs using 198.1% CPU
Optimizing NNI: done in 1.06306 secs using 199.3% CPU
Optimizing NNI: done in 1.22818 secs using 198.4% CPU
Optimizing NNI: done in 1.06868 secs using 198.4% CPU
Optimizing NNI: done in 1.31058 secs using 198.3% CPU
Iteration 370 / LogL: -4060.448 / Time: 0h:6m:36s (0h:1m:29s left)
Optimizing NNI: done in 0.836637 secs using 199% CPU
Optimizing NNI: done in 1.208 secs using 197.3% CPU
Optimizing NNI: done in 1.08229 secs using 199% CPU
Optimizing NNI: done in 1.23339 secs using 198.9% CPU
Optimizing NNI: done in 0.959166 secs using 197.2% CPU
Optimizing NNI: done in 1.17086 secs using 196.7% CPU
Optimizing NNI: done in 0.843138 secs using 198.2% CPU
Optimizing NNI: done in 1.20686 secs using 196.8% CPU
Optimizing NNI: done in 1.35589 secs using 198.8% CPU
Optimizing NNI: done in 1.40301 secs using 197.5% CPU
Iteration 380 / LogL: -4065.381 / Time: 0h:6m:48s (0h:1m:18s left)
Optimizing NNI: done in 1.07845 secs using 196.8% CPU
Optimizing NNI: done in 1.0811 secs using 198.8% CPU
Optimizing NNI: done in 1.13594 secs using 197.9% CPU
Optimizing NNI: done in 1.36403 secs using 198.8% CPU
Optimizing NNI: done in 1.09063 secs using 197.6% CPU
Optimizing NNI: done in 0.652041 secs using 196.9% CPU
Optimizing NNI: done in 0.824373 secs using 193.6% CPU
Optimizing NNI: done in 0.980235 secs using 197.9% CPU
Optimizing NNI: done in 1.05248 secs using 197.3% CPU
Optimizing NNI: done in 0.678076 secs using 198.5% CPU
Iteration 390 / LogL: -4072.429 / Time: 0h:6m:58s (0h:1m:7s left)
Optimizing NNI: done in 1.45873 secs using 198.1% CPU
Optimizing NNI: done in 1.35065 secs using 198.9% CPU
Optimizing NNI: done in 0.817488 secs using 197.3% CPU
Optimizing NNI: done in 1.20533 secs using 197.9% CPU
Optimizing NNI: done in 0.9694 secs using 199% CPU
Optimizing NNI: done in 1.0679 secs using 197.8% CPU
Optimizing NNI: done in 0.981546 secs using 197.4% CPU
Optimizing NNI: done in 1.29324 secs using 196.2% CPU
Optimizing NNI: done in 1.25604 secs using 197.4% CPU
Optimizing NNI: done in 0.959142 secs using 196.7% CPU
Iteration 400 / LogL: -4099.133 / Time: 0h:7m:10s (0h:0m:57s left)
Optimizing NNI: done in 1.106 secs using 196.6% CPU
Optimizing NNI: done in 1.11305 secs using 195.9% CPU
Optimizing NNI: done in 1.17565 secs using 196.6% CPU
Optimizing NNI: done in 1.37963 secs using 198.9% CPU
Optimizing NNI: done in 1.31861 secs using 198.6% CPU
Optimizing NNI: done in 0.792603 secs using 197.9% CPU
Optimizing NNI: done in 0.900295 secs using 199.1% CPU
Optimizing NNI: done in 1.11327 secs using 198.8% CPU
Optimizing NNI: done in 0.944652 secs using 197.4% CPU
Optimizing NNI: done in 1.21674 secs using 198.3% CPU
Iteration 410 / LogL: -4064.109 / Time: 0h:7m:22s (0h:0m:46s left)
Optimizing NNI: done in 1.05446 secs using 196.3% CPU
Optimizing NNI: done in 0.930716 secs using 197.6% CPU
Optimizing NNI: done in 1.05701 secs using 197.2% CPU
Optimizing NNI: done in 0.9896 secs using 197% CPU
Optimizing NNI: done in 0.963837 secs using 197.1% CPU
Optimizing NNI: done in 1.05911 secs using 198.6% CPU
Optimizing NNI: done in 0.873019 secs using 198% CPU
Optimizing NNI: done in 1.1768 secs using 198.9% CPU
Optimizing NNI: done in 0.945646 secs using 198.5% CPU
Optimizing NNI: done in 0.8967 secs using 198.6% CPU
Iteration 420 / LogL: -4072.477 / Time: 0h:7m:32s (0h:0m:35s left)
Optimizing NNI: done in 0.939631 secs using 196.2% CPU
Optimizing NNI: done in 0.995291 secs using 197.7% CPU
Optimizing NNI: done in 1.31122 secs using 197.9% CPU
Optimizing NNI: done in 1.03002 secs using 198.2% CPU
Optimizing NNI: done in 0.76053 secs using 197.3% CPU
Optimizing NNI: done in 0.906703 secs using 198.8% CPU
Optimizing NNI: done in 1.04146 secs using 199.1% CPU
Optimizing NNI: done in 1.45255 secs using 197.8% CPU
Optimizing NNI: done in 0.891697 secs using 197.8% CPU
Optimizing NNI: done in 0.749625 secs using 197.7% CPU
Iteration 430 / LogL: -4073.584 / Time: 0h:7m:42s (0h:0m:24s left)
Optimizing NNI: done in 0.738236 secs using 194.8% CPU
Optimizing NNI: done in 0.892967 secs using 197.7% CPU
Optimizing NNI: done in 0.778781 secs using 198.1% CPU
Optimizing NNI: done in 0.753396 secs using 198.7% CPU
Optimizing NNI: done in 0.774128 secs using 197.6% CPU
Optimizing NNI: done in 0.913935 secs using 198.5% CPU
Optimizing NNI: done in 0.774485 secs using 198.1% CPU
Optimizing NNI: done in 0.776699 secs using 198.4% CPU
Optimizing NNI: done in 0.865921 secs using 197.9% CPU
Optimizing NNI: done in 0.474478 secs using 198.6% CPU
Iteration 440 / LogL: -4118.791 / Time: 0h:7m:50s (0h:0m:13s left)
Optimizing NNI: done in 0.890381 secs using 198.4% CPU
Optimizing NNI: done in 0.878721 secs using 197.4% CPU
Optimizing NNI: done in 0.921976 secs using 198.5% CPU
Optimizing NNI: done in 0.94191 secs using 197.2% CPU
Optimizing NNI: done in 1.45047 secs using 198.1% CPU
Optimizing NNI: done in 1.03496 secs using 195.8% CPU
Optimizing NNI: done in 0.886057 secs using 198% CPU
Optimizing NNI: done in 1.12574 secs using 197.7% CPU
Optimizing NNI: done in 0.619472 secs using 198.1% CPU
Optimizing NNI: done in 1.03567 secs using 197.7% CPU
Iteration 450 / LogL: -4089.762 / Time: 0h:8m:0s (0h:0m:3s left)
Optimizing NNI: done in 0.898098 secs using 199.3% CPU
Optimizing NNI: done in 0.785832 secs using 199.3% CPU
Optimizing NNI: done in 0.909954 secs using 198.5% CPU
Optimizing NNI: done in 1.02501 secs using 196.4% CPU
TREE SEARCH COMPLETED AFTER 454 ITERATIONS / Time: 0h:8m:4s

--------------------------------------------------------------------
|                    FINALIZING TREE SEARCH                        |
--------------------------------------------------------------------
Performs final model parameters optimization
Estimate model parameters (epsilon = 0.010)
1. Initial log-likelihood: -4059.821
Optimal log-likelihood: -4059.816
Rate parameters:  A-C: 0.68715  A-G: 1.50826  A-T: 0.24961  C-G: 0.14091  C-T: 1.99006  G-T: 1.00000
Base frequencies:  A: 0.450  C: 0.126  G: 0.227  T: 0.197
Site proportion and rates:  (0.104,0.521) (0.166,0.528) (0.198,0.535) (0.191,0.575) (0.199,1.500) (0.142,2.427)
Parameters optimization took 1 rounds (0.545 sec)
BEST SCORE FOUND : -4059.816
Total tree length: 2.348

Total number of iterations: 454
CPU time used for tree search: 938.454 sec (0h:15m:38s)
Wall-clock time used for tree search: 481.231 sec (0h:8m:1s)
Total CPU time used: 946.141 sec (0h:15m:46s)
Total wall-clock time used: 485.225 sec (0h:8m:5s)

Analysis results written to: 
  IQ-TREE report:                IQTREE_bestTree.InWindow_4670_to_4920.iqtree
  Maximum-likelihood tree:       IQTREE_bestTree.InWindow_4670_to_4920.treefile
  Likelihood distances:          IQTREE_bestTree.InWindow_4670_to_4920.mldist
  Screen log file:               IQTREE_bestTree.InWindow_4670_to_4920.log

Date and Time: Tue Jul 25 12:18:49 2023
