IQ-TREE multicore version 2.2.2.7 COVID-edition for Linux 64-bit built Jun  7 2023
Developed by Bui Quang Minh, James Barbetti, Nguyen Lam Tung,
Olga Chernomor, Heiko Schmidt, Dominik Schrempf, Michael Woodhams, Ly Trong Nhan.

Host:    hpc-node03 (AVX2, FMA3, 1007 GB RAM)
Command: iqtree -s AlignedReadsInWindow_PositionsExcised_4700_to_4950.fasta -pre IQTREE_bestTree.InWindow_4700_to_4950 -m GTR+F+R6 -nt 4
Seed:    211180 (Using SPRNG - Scalable Parallel Random Number Generator)
Time:    Sun Jul 23 04:24:23 2023
Kernel:  AVX+FMA - 4 threads (4 CPU cores detected)

Reading alignment file AlignedReadsInWindow_PositionsExcised_4700_to_4950.fasta ... Fasta format detected
Reading fasta file: done in 0.00473848 secs using 26.42% CPU
Alignment most likely contains DNA/RNA sequences
Constructing alignment: done in 0.00164103 secs using 208.8% CPU
Alignment has 435 sequences with 283 columns, 218 distinct patterns
102 parsimony-informative, 96 singleton sites, 85 constant sites
                                                            Gap/Ambiguity  Composition  p-value
Analyzing sequences: done in 0.0137682 secs using 315% CPU
   1  200724_20-08522_HIV11-02415_FL24_S18_L000_read_1_count_326   13.43%    passed     99.89%
   2  200724_20-08522_HIV11-02415_FL24_S18_L000_read_2_count_36    13.43%    passed     99.71%
   3  200724_20-08522_HIV11-02415_FL24_S18_L000_read_3_count_17    13.43%    passed     99.71%
   4  200724_20-08522_HIV11-02415_FL24_S18_L000_read_4_count_9     13.43%    passed     99.09%
   5  200724_20-08522_HIV11-02415_FL24_S18_L000_read_5_count_9     13.43%    passed     99.71%
   6  200724_20-08522_HIV11-02415_FL24_S18_L000_read_6_count_4     13.43%    passed     98.80%
   7  200724_20-08522_HIV11-02415_FL24_S18_L000_read_7_count_4     13.43%    passed     99.71%
   8  200724_20-08522_HIV11-02415_FL24_S18_L000_read_8_count_3     13.43%    passed     99.66%
   9  200724_20-08522_HIV11-02415_FL24_S18_L000_read_9_count_3     13.43%    passed     99.71%
  10  200724_20-08522_HIV11-02415_FL24_S18_L000_read_10_count_3    13.43%    passed     99.40%
  11  200724_20-08522_HIV11-02415_FL24_S18_L000_read_11_count_3    13.43%    passed     99.71%
  12  200724_20-08522_HIV11-02415_FL24_S18_L000_read_12_count_3    13.43%    passed     99.40%
  13  200724_20-08522_HIV11-02415_FL24_S18_L000_read_13_count_2    13.43%    passed     99.66%
  14  200724_20-08522_HIV11-02415_FL24_S18_L000_read_14_count_2    13.43%    passed     99.66%
  15  200724_20-08522_HIV11-02415_FL24_S18_L000_read_15_count_2    13.43%    passed     98.94%
  16  200724_20-08522_HIV11-02415_FL24_S18_L000_read_16_count_2    13.43%    passed     99.77%
  17  200724_20-08522_HIV11-02415_FL24_S18_L000_read_17_count_2    13.43%    passed     99.71%
  18  200724_20-08522_HIV11-02415_FL24_S18_L000_read_18_count_2    13.43%    passed     99.09%
  19  200724_20-08522_HIV11-02415_FL24_S18_L000_read_19_count_2    13.43%    passed     99.66%
  20  200724_20-08522_HIV11-02415_FL24_S18_L000_read_20_count_2    13.43%    passed     99.05%
  21  200724_20-08522_HIV11-02415_FL24_S18_L000_read_21_count_2    13.43%    passed     99.40%
  22  200724_20-08522_HIV11-02415_FL24_S18_L000_read_22_count_2    13.43%    passed     99.71%
  23  200724_20-08522_HIV11-02415_FL24_S18_L000_read_23_count_2    13.43%    passed     99.77%
  24  200724_20-08522_HIV11-02415_FL24_S18_L000_read_24_count_2    13.43%    passed     99.66%
  25  200724_20-08522_HIV11-02415_FL24_S18_L000_read_25_count_1    13.43%    passed     99.71%
  26  200724_20-08522_HIV11-02415_FL24_S18_L000_read_26_count_1    13.43%    passed     99.77%
  27  200724_20-08522_HIV11-02415_FL24_S18_L000_read_27_count_1    13.43%    passed     99.77%
  28  200724_20-08522_HIV11-02415_FL24_S18_L000_read_28_count_1    13.43%    passed     99.76%
  29  200724_20-08522_HIV11-02415_FL24_S18_L000_read_29_count_1    13.43%    passed     99.09%
  30  200724_20-08522_HIV11-02415_FL24_S18_L000_read_30_count_1    13.43%    passed     99.99%
  31  200724_20-08522_HIV11-02415_FL24_S18_L000_read_31_count_1    13.43%    passed     98.24%
  32  200724_20-08522_HIV11-02415_FL24_S18_L000_read_32_count_1    13.43%    passed     99.33%
  33  200724_20-08522_HIV11-02415_FL24_S18_L000_read_33_count_1    13.43%    passed     99.71%
  34  200724_20-08522_HIV11-02415_FL24_S18_L000_read_34_count_1    13.43%    passed     99.85%
  35  200724_20-08522_HIV11-02415_FL24_S18_L000_read_35_count_1    13.43%    passed     98.26%
  36  200724_20-08522_HIV11-02415_FL24_S18_L000_read_36_count_1    13.43%    passed     98.94%
  37  200724_20-08522_HIV11-02415_FL24_S18_L000_read_37_count_1    13.43%    passed     99.66%
  38  200724_20-08522_HIV11-02415_FL24_S18_L000_read_38_count_1    13.43%    passed     99.33%
  39  200724_20-08522_HIV11-02415_FL24_S18_L000_read_39_count_1    13.43%    passed     99.66%
  40  200724_20-08522_HIV11-02415_FL24_S18_L000_read_40_count_1    13.43%    passed     99.40%
  41  200724_20-08522_HIV11-02415_FL24_S18_L000_read_41_count_1    13.43%    passed     98.70%
  42  200724_20-08522_HIV11-02415_FL24_S18_L000_read_42_count_1    13.43%    passed     99.66%
  43  200724_20-08522_HIV11-02415_FL24_S18_L000_read_43_count_1    13.43%    passed     99.55%
  44  200724_20-08522_HIV11-02415_FL24_S18_L000_read_44_count_1    13.43%    passed     99.33%
  45  200724_20-08522_HIV11-02415_FL24_S18_L000_read_45_count_1    13.43%    passed     99.85%
  46  200724_20-08522_HIV11-02415_FL24_S18_L000_read_46_count_1    13.78%    passed     99.70%
  47  200724_20-08522_HIV11-02415_FL24_S18_L000_read_47_count_1    13.78%    passed     99.86%
  48  200724_20-08522_HIV11-02415_FL24_S18_L000_read_48_count_1    13.43%    passed     99.66%
  49  200724_20-08522_HIV11-02415_FL24_S18_L000_read_49_count_1    13.43%    passed     99.09%
  50  200724_20-08522_HIV11-02415_FL24_S18_L000_read_50_count_1    13.43%    passed     99.66%
  51  200724_20-08522_HIV11-02415_FL24_S18_L000_read_51_count_1    13.43%    passed     97.26%
  52  200724_20-08522_HIV11-02415_FL24_S18_L000_read_52_count_1    13.43%    passed     99.40%
  53  200724_20-08522_HIV11-02415_FL24_S18_L000_read_53_count_1    13.43%    passed     99.47%
  54  200724_20-08522_HIV11-02415_FL24_S18_L000_read_54_count_1    13.07%    passed     99.94%
  55  200724_20-08522_HIV11-02415_FL24_S18_L000_read_55_count_1    13.43%    passed     99.76%
  56  200724_20-08522_HIV11-02415_FL24_S18_L000_read_56_count_1    13.43%    passed     99.76%
  57  200724_20-08522_HIV11-02415_FL24_S18_L000_read_57_count_1    13.43%    passed     99.09%
  58  200724_20-08522_HIV11-02415_FL24_S18_L000_read_58_count_1    13.43%    passed     98.94%
  59  200724_20-08522_HIV11-02415_FL24_S18_L000_read_59_count_1    13.43%    passed     99.09%
  60  200724_20-08522_HIV11-02415_FL24_S18_L000_read_60_count_1    13.43%    passed     98.70%
  61  200724_20-08522_HIV11-02415_FL24_S18_L000_read_61_count_1    13.43%    passed     99.66%
  62  200724_20-08522_HIV11-02415_FL24_S18_L000_read_62_count_1    13.43%    passed     99.66%
  63  200724_20-08522_HIV11-02415_FL24_S18_L000_read_63_count_1    13.43%    passed     99.76%
  64  200724_20-08522_HIV11-02415_FL24_S18_L000_read_64_count_1    13.43%    passed     99.09%
  65  200724_20-08522_HIV11-02415_FL24_S18_L000_read_65_count_1    13.43%    passed     99.66%
  66  200724_20-08522_HIV11-02415_FL24_S18_L000_read_66_count_1    13.43%    passed     99.76%
  67  200724_20-08522_HIV11-02415_FL24_S18_L000_read_67_count_1    13.43%    passed     99.99%
  68  200724_20-08522_HIV11-02415_FL24_S18_L000_read_68_count_1    13.43%    passed     99.99%
  69  200724_20-08522_HIV11-02415_FL24_S18_L000_read_69_count_1    13.43%    passed     97.96%
  70  200724_20-08522_HIV11-02415_FL24_S18_L000_read_70_count_1    13.43%    passed     99.66%
  71  200724_20-08522_HIV11-02415_FL24_S18_L000_read_71_count_1    13.43%    passed     99.76%
  72  200724_20-08522_HIV11-02415_FL24_S18_L000_read_72_count_1    13.43%    passed     99.89%
  73  200724_20-08522_HIV11-02415_FL24_S18_L000_read_73_count_1    13.43%    passed     99.99%
  74  200724_20-08522_HIV11-02415_FL24_S18_L000_read_74_count_1    13.43%    passed     99.66%
  75  200724_20-08522_HIV11-02415_FL24_S18_L000_read_75_count_1    13.43%    passed     97.92%
  76  200724_20-08522_HIV11-02415_FL24_S18_L000_read_76_count_1    13.43%    passed     99.89%
  77  200724_20-08522_HIV11-02415_FL24_S18_L000_read_77_count_1    13.43%    passed     99.85%
  78  200724_20-08522_HIV11-02415_FL24_S18_L000_read_78_count_1    13.43%    passed     98.41%
  79  200724_20-08522_HIV11-02415_FL24_S18_L000_read_79_count_1    13.43%    passed     98.80%
  80  200724_20-08522_HIV11-02415_FL24_S18_L000_read_80_count_1    13.43%    passed     99.85%
  81  200724_20-08522_HIV11-02415_FL24_S18_L000_read_81_count_1    13.43%    passed     99.66%
  82  200724_20-08522_HIV11-02415_FL24_S18_L000_read_82_count_1    13.07%    passed     99.94%
  83  200724_20-08522_HIV11-02415_FL24_S18_L000_read_83_count_1    13.43%    passed     99.85%
  84  200724_20-08522_HIV11-02415_FL24_S18_L000_read_84_count_1    13.43%    passed     99.66%
  85  200724_20-08522_HIV11-02415_FL24_S18_L000_read_85_count_1    13.43%    passed     99.71%
  86  200724_20-08522_HIV11-02415_FL24_S18_L000_read_86_count_1    13.43%    passed     99.66%
  87  200724_20-08522_HIV11-02415_FL24_S18_L000_read_87_count_1    13.07%    passed     99.87%
  88  200724_20-08522_HIV11-02415_FL24_S18_L000_read_88_count_1    13.43%    passed     99.76%
  89  200724_20-08522_HIV11-02415_FL24_S18_L000_read_89_count_1    13.43%    passed     99.89%
  90  200724_20-08522_HIV11-02415_FL24_S18_L000_read_90_count_1    13.43%    passed     99.85%
  91  200724_20-08522_HIV11-02415_FL24_S18_L000_read_91_count_1    13.43%    passed     98.80%
  92  200724_20-08522_HIV11-02415_FL24_S18_L000_read_92_count_1    13.43%    passed     99.33%
  93  200724_20-08522_HIV11-02415_FL24_S18_L000_read_93_count_1    13.43%    passed     99.66%
  94  200724_20-08522_HIV11-02415_FL24_S18_L000_read_94_count_1    13.43%    passed     99.40%
  95  200724_20-08522_HIV11-02415_FL24_S18_L000_read_95_count_1    13.78%    passed     99.70%
  96  200724_20-08522_HIV11-02415_FL24_S18_L000_read_96_count_1    20.85%    passed     88.52%
  97  200724_20-08522_HIV11-02415_FL24_S18_L000_read_97_count_1    13.43%    passed     98.86%
  98  200724_20-08522_HIV11-02415_FL24_S18_L000_read_98_count_1    13.43%    passed     98.05%
  99  200724_20-08522_HIV11-02415_FL24_S18_L000_read_99_count_1    13.43%    passed     98.80%
 100  200724_20-08522_HIV11-02415_FL24_S18_L000_read_100_count_1   13.43%    passed     99.76%
 101  200724_20-08522_HIV11-02415_FL24_S18_L000_read_101_count_1   13.43%    passed     97.63%
 102  200724_20-08522_HIV11-02415_FL24_S18_L000_read_102_count_1   13.43%    passed     99.66%
 103  200724_20-08522_HIV11-02415_FL24_S18_L000_read_103_count_1   13.43%    passed     97.26%
 104  200724_20-08522_HIV11-02415_FL24_S18_L000_read_104_count_1   13.43%    passed     98.54%
 105  200724_20-08522_HIV11-02415_FL24_S18_L000_read_105_count_1   13.43%    passed     99.66%
 106  200724_20-08522_HIV11-02415_FL24_S18_L000_read_106_count_1   13.43%    passed     99.76%
 107  200724_20-08522_HIV11-02415_FL24_S18_L000_read_107_count_1   13.43%    passed     98.94%
 108  200724_20-08522_HIV11-02415_FL24_S18_L000_read_108_count_1   13.43%    passed     99.77%
 109  200724_20-08522_HIV11-02415_FL24_S18_L000_read_109_count_1   13.43%    passed     97.96%
 110  200724_20-08522_HIV11-02415_FL24_S18_L000_read_110_count_1   13.43%    passed     99.66%
 111  200724_20-08522_HIV11-02415_FL24_S18_L000_read_111_count_1   13.43%    passed     99.89%
 112  200724_20-08522_HIV11-02415_FL24_S18_L000_read_112_count_1   13.43%    passed     99.77%
 113  200724_20-08522_HIV11-02415_FL24_S18_L000_read_113_count_1   13.43%    passed     99.85%
 114  200724_20-08522_HIV11-02415_FL24_S18_L000_read_114_count_1   13.43%    passed     99.66%
 115  200724_20-08522_HIV11-02415_FL24_S18_L000_read_115_count_1   13.43%    passed     98.94%
 116  200724_20-08522_HIV11-02415_FL24_S18_L000_read_116_count_1   13.43%    passed     97.97%
 117  200724_20-08522_HIV11-02415_FL24_S18_L000_read_117_count_1   13.43%    passed     99.94%
 118  200724_20-08522_HIV11-02415_FL24_S18_L000_read_118_count_1   13.43%    passed     96.22%
 119  200724_20-08522_HIV11-02415_FL24_S18_L000_read_119_count_1   13.78%    passed     98.85%
 120  200724_20-08522_HIV11-02415_FL24_S18_L000_read_120_count_1   13.43%    passed     98.94%
 121  200724_20-08522_HIV11-02415_FL24_S18_L000_read_121_count_1   13.43%    passed     99.77%
 122  200724_20-08522_HIV11-02415_FL24_S18_L000_read_122_count_1   13.43%    passed     99.40%
 123  200724_20-08522_HIV11-02415_FL24_S18_L000_read_123_count_1   13.43%    passed     99.09%
 124  200724_20-08522_HIV11-02415_FL24_S18_L000_read_124_count_1   13.43%    passed     99.71%
 125  200724_20-08522_HIV11-02415_FL24_S18_L000_read_125_count_1   13.78%    passed     99.70%
 126  200724_20-08522_HIV11-02415_FL24_S18_L000_read_126_count_1   13.43%    passed     99.66%
 127  200724_20-08522_HIV11-02415_FL24_S18_L000_read_127_count_1   13.43%    passed     98.80%
 128  200724_20-08522_HIV11-02415_FL24_S18_L000_read_128_count_1   13.43%    passed     99.71%
 129  200724_20-08522_HIV11-02415_FL24_S18_L000_read_129_count_1   13.43%    passed     99.09%
 130  200724_20-08522_HIV11-02415_FL24_S18_L000_read_130_count_1   16.61%    passed     97.86%
 131  200724_20-08522_HIV11-02415_FL24_S18_L000_read_131_count_1   13.78%    passed     98.85%
 132  200724_20-08522_HIV11-02415_FL24_S18_L000_read_132_count_1   13.43%    passed     99.66%
 133  200709_20-07994_HIV07-01067_FL21_S1_L000_read_1_count_460    13.43%    passed     99.72%
 134  200709_20-07994_HIV07-01067_FL21_S1_L000_read_2_count_91     13.43%    passed     99.55%
 135  200709_20-07994_HIV07-01067_FL21_S1_L000_read_3_count_6      13.43%    passed     98.57%
 136  200709_20-07994_HIV07-01067_FL21_S1_L000_read_4_count_2      13.78%    passed     99.54%
 137  200709_20-07994_HIV07-01067_FL21_S1_L000_read_5_count_2      13.43%    passed     98.57%
 138  200709_20-07994_HIV07-01067_FL21_S1_L000_read_6_count_2      13.43%    passed     99.99%
 139  200709_20-07994_HIV07-01067_FL21_S1_L000_read_7_count_2      13.43%    passed     99.99%
 140  200709_20-07994_HIV07-01067_FL21_S1_L000_read_8_count_2      13.43%    passed     98.57%
 141  200709_20-07994_HIV07-01067_FL21_S1_L000_read_9_count_2      13.43%    passed     99.47%
 142  200709_20-07994_HIV07-01067_FL21_S1_L000_read_10_count_2     13.43%    passed     99.99%
 143  200709_20-07994_HIV07-01067_FL21_S1_L000_read_11_count_1     13.43%    passed     98.57%
 144  200709_20-07994_HIV07-01067_FL21_S1_L000_read_12_count_1     13.43%    passed     99.17%
 145  200709_20-07994_HIV07-01067_FL21_S1_L000_read_13_count_1     13.43%    passed     99.86%
 146  200709_20-07994_HIV07-01067_FL21_S1_L000_read_14_count_1     13.43%    passed     98.05%
 147  200709_20-07994_HIV07-01067_FL21_S1_L000_read_15_count_1     13.43%    passed     99.99%
 148  200709_20-07994_HIV07-01067_FL21_S1_L000_read_16_count_1      2.83%    passed     97.45%
 149  200709_20-07994_HIV07-01067_FL21_S1_L000_read_17_count_1     13.43%    passed     99.99%
 150  200709_20-07994_HIV07-01067_FL21_S1_L000_read_18_count_1     13.43%    passed     99.77%
 151  200709_20-07994_HIV07-01067_FL21_S1_L000_read_19_count_1     13.43%    passed     99.77%
 152  200709_20-07994_HIV07-01067_FL21_S1_L000_read_20_count_1     13.43%    passed     99.99%
 153  200709_20-07994_HIV07-01067_FL21_S1_L000_read_21_count_1     13.43%    passed     99.47%
 154  200709_20-07994_HIV07-01067_FL21_S1_L000_read_22_count_1     13.43%    passed     97.45%
 155  200709_20-07994_HIV07-01067_FL21_S1_L000_read_23_count_1     13.43%    passed     99.99%
 156  200709_20-07994_HIV07-01067_FL21_S1_L000_read_24_count_1     13.78%    passed     99.86%
 157  200709_20-07994_HIV07-01067_FL21_S1_L000_read_25_count_1     13.43%    passed     99.99%
 158  200709_20-07994_HIV07-01067_FL21_S1_L000_read_26_count_1     13.43%    passed     99.33%
 159  200709_20-07994_HIV07-01067_FL21_S1_L000_read_27_count_1     13.43%    passed     95.97%
 160  200709_20-07994_HIV07-01067_FL21_S1_L000_read_28_count_1     13.43%    passed     99.55%
 161  200709_20-07994_HIV07-01067_FL21_S1_L000_read_29_count_1     13.78%    passed     99.86%
 162  200709_20-07994_HIV07-01067_FL21_S1_L000_read_30_count_1     13.43%    passed     99.63%
 163  200709_20-07994_HIV07-01067_FL21_S1_L000_read_31_count_1     13.43%    passed     99.72%
 164  200709_20-07994_HIV07-01067_FL21_S1_L000_read_32_count_1     13.43%    passed     99.55%
 165  200709_20-07994_HIV07-01067_FL21_S1_L000_read_33_count_1     13.43%    passed     98.80%
 166  200709_20-07994_HIV07-01067_FL21_S1_L000_read_34_count_1     13.43%    passed     99.45%
 167  200709_20-07994_HIV07-01067_FL21_S1_L000_read_35_count_1     13.43%    passed     99.99%
 168  200709_20-07994_HIV07-01067_FL21_S1_L000_read_36_count_1     13.43%    passed     95.99%
 169  200709_20-07994_HIV07-01067_FL21_S1_L000_read_37_count_1     13.43%    passed     99.86%
 170  200709_20-07994_HIV07-01067_FL21_S1_L000_read_38_count_1     13.43%    passed     99.86%
 171  200709_20-07994_HIV07-01067_FL21_S1_L000_read_39_count_1     13.43%    passed     99.77%
 172  200709_20-07994_HIV07-01067_FL21_S1_L000_read_40_count_1     13.07%    passed     97.88%
 173  200709_20-07994_HIV07-01067_FL21_S1_L000_read_41_count_1     13.43%    passed     98.57%
 174  200709_20-07994_HIV07-01067_FL21_S1_L000_read_42_count_1     13.43%    passed     98.57%
 175  200709_20-07994_HIV07-01067_FL21_S1_L000_read_43_count_1     13.43%    passed     99.28%
 176  200709_20-07994_HIV07-01067_FL21_S1_L000_read_44_count_1     13.43%    passed     99.47%
 177  200709_20-07994_HIV07-01067_FL21_S1_L000_read_45_count_1     13.43%    passed     99.86%
 178  200709_20-07994_HIV07-01067_FL21_S1_L000_read_46_count_1     13.43%    passed     99.99%
 179  200709_20-07994_HIV07-01067_FL21_S1_L000_read_47_count_1     13.43%    passed     98.93%
 180  200709_20-07994_HIV07-01067_FL21_S1_L000_read_48_count_1     13.07%    passed     99.95%
 181  200709_20-07994_HIV07-01067_FL21_S1_L000_read_49_count_1     13.43%    passed     99.86%
 182  200709_20-07994_HIV07-01067_FL21_S1_L000_read_50_count_1     13.43%    passed     99.55%
 183  200709_20-07994_HIV07-01067_FL21_S1_L000_read_51_count_1     13.43%    passed     99.47%
 184  200709_20-07994_HIV07-01067_FL21_S1_L000_read_52_count_1     13.43%    passed     99.99%
 185  200709_20-07994_HIV07-01067_FL21_S1_L000_read_53_count_1     13.43%    passed     99.28%
 186  200709_20-07994_HIV07-01067_FL21_S1_L000_read_54_count_1     13.43%    passed     99.99%
 187  200709_20-07994_HIV07-01067_FL21_S1_L000_read_55_count_1     13.43%    passed     98.57%
 188  200709_20-07994_HIV07-01067_FL21_S1_L000_read_56_count_1     13.43%    passed     99.28%
 189  200709_20-07994_HIV07-01067_FL21_S1_L000_read_57_count_1     13.43%    passed     99.47%
 190  200709_20-07994_HIV07-01067_FL21_S1_L000_read_58_count_1     13.43%    passed     98.56%
 191  200709_20-07994_HIV07-01067_FL21_S1_L000_read_59_count_1     13.43%    passed     98.57%
 192  200709_20-07994_HIV07-01067_FL21_S1_L000_read_60_count_1     13.43%    passed     99.17%
 193  200709_20-07994_HIV07-01067_FL21_S1_L000_read_61_count_1     13.43%    passed     98.56%
 194  200709_20-07994_HIV07-01067_FL21_S1_L000_read_62_count_1     13.43%    passed     98.57%
 195  200709_20-07994_HIV07-01067_FL21_S1_L000_read_63_count_1     13.43%    passed     99.99%
 196  200709_20-07994_HIV07-01067_FL21_S1_L000_read_64_count_1     13.43%    passed     99.47%
 197  200709_20-07994_HIV07-01067_FL21_S1_L000_read_65_count_1     13.43%    passed     99.47%
 198  200709_20-07994_HIV07-01067_FL21_S1_L000_read_66_count_1     13.43%    passed     98.03%
 199  200709_20-07994_HIV07-01067_FL21_S1_L000_read_67_count_1     13.43%    passed     97.62%
 200  200709_20-07994_HIV07-01067_FL21_S1_L000_read_68_count_1     13.43%    passed     99.85%
 201  200709_20-07994_HIV07-01067_FL21_S1_L000_read_69_count_1     13.43%    passed     99.40%
 202  200709_20-07994_HIV07-01067_FL21_S1_L000_read_70_count_1     13.43%    passed     99.86%
 203  200709_20-07994_HIV07-01067_FL21_S1_L000_read_71_count_1     13.43%    passed     99.99%
 204  200709_20-07994_HIV07-01067_FL21_S1_L000_read_72_count_1     13.43%    passed     99.45%
 205  200709_20-07994_HIV07-01067_FL21_S1_L000_read_73_count_1     13.43%    passed     99.99%
 206  200709_20-07994_HIV07-01067_FL21_S1_L000_read_74_count_1     13.43%    passed     99.99%
 207  200709_20-07994_HIV07-01067_FL21_S1_L000_read_75_count_1     13.43%    passed     99.55%
 208  200709_20-07994_HIV07-01067_FL21_S1_L000_read_76_count_1     13.43%    passed     99.47%
 209  200709_20-07994_HIV07-01067_FL21_S1_L000_read_77_count_1     13.43%    passed     99.99%
 210  200709_20-07994_HIV07-01067_FL21_S1_L000_read_78_count_1     13.43%    passed     99.28%
 211  200709_20-07994_HIV07-01067_FL21_S1_L000_read_79_count_1     13.43%    passed     99.28%
 212  200709_20-07994_HIV07-01067_FL21_S1_L000_read_80_count_1     13.43%    passed     99.99%
 213  200709_20-07994_HIV07-01067_FL21_S1_L000_read_81_count_1     13.43%    passed     99.47%
 214  200709_20-07994_HIV07-01067_FL21_S1_L000_read_82_count_1     13.43%    passed     98.94%
 215  200709_20-07994_HIV07-01067_FL21_S1_L000_read_83_count_1     13.43%    passed     99.47%
 216  200709_20-07994_HIV07-01067_FL21_S1_L000_read_84_count_1     13.43%    passed     99.71%
 217  200709_20-07994_HIV07-01067_FL21_S1_L000_read_85_count_1     13.43%    passed     99.99%
 218  200709_20-07994_HIV07-01067_FL21_S1_L000_read_86_count_1     13.43%    passed     98.03%
 219  200709_20-07994_HIV07-01067_FL21_S1_L000_read_87_count_1     13.43%    passed     99.72%
 220  200709_20-07994_HIV07-01067_FL21_S1_L000_read_88_count_1     13.43%    passed     98.94%
 221  200709_20-07994_HIV07-01067_FL21_S1_L000_read_89_count_1     13.43%    passed     98.56%
 222  200709_20-07994_HIV07-01067_FL21_S1_L000_read_90_count_1     13.78%    passed     99.86%
 223  200709_20-07994_HIV07-01067_FL21_S1_L000_read_91_count_1     13.43%    passed     99.55%
 224  200709_20-07994_HIV07-01067_FL21_S1_L000_read_92_count_1     13.43%    passed     98.94%
 225  200709_20-07994_HIV07-01067_FL21_S1_L000_read_93_count_1     13.43%    passed     99.71%
 226  200709_20-07994_HIV07-01067_FL21_S1_L000_read_94_count_1     13.43%    passed     99.99%
 227  200709_20-07994_HIV07-01067_FL21_S1_L000_read_95_count_1     13.43%    passed     99.99%
 228  200709_20-07994_HIV07-01067_FL21_S1_L000_read_96_count_1     13.43%    passed     99.91%
 229  200709_20-07994_HIV07-01067_FL21_S1_L000_read_97_count_1     13.43%    passed     98.57%
 230  200709_20-07994_HIV07-01067_FL21_S1_L000_read_98_count_1     13.43%    passed     99.94%
 231  200709_20-07994_HIV07-01067_FL21_S1_L000_read_99_count_1     13.43%    passed     98.94%
 232  200709_20-07994_HIV07-01067_FL21_S1_L000_read_100_count_1    13.43%    passed     99.99%
 233  200709_20-07994_HIV07-01067_FL21_S1_L000_read_101_count_1    13.43%    passed     99.47%
 234  200709_20-07994_HIV07-01067_FL21_S1_L000_read_102_count_1    13.78%    passed     99.54%
 235  200709_20-07994_HIV07-01067_FL21_S1_L000_read_103_count_1    13.43%    passed     99.55%
 236  200709_20-07994_HIV07-01067_FL21_S1_L000_read_104_count_1    13.43%    passed     99.99%
 237  200709_20-07994_HIV07-01067_FL21_S1_L000_read_105_count_1    13.43%    passed     98.94%
 238  200709_20-07994_HIV07-01067_FL21_S1_L000_read_106_count_1    13.43%    passed     99.71%
 239  200709_20-07994_HIV07-01067_FL21_S1_L000_read_107_count_1    13.43%    passed     99.71%
 240  200703_20-07825_HIV09-00618_FL18_S6_L000_read_1_count_348    13.43%    passed     99.94%
 241  200703_20-07825_HIV09-00618_FL18_S6_L000_read_2_count_2      13.43%    passed     99.76%
 242  200703_20-07825_HIV09-00618_FL18_S6_L000_read_3_count_2      13.43%    passed     99.99%
 243  200703_20-07825_HIV09-00618_FL18_S6_L000_read_4_count_2      13.43%    passed     99.76%
 244  200703_20-07825_HIV09-00618_FL18_S6_L000_read_5_count_1      13.43%    passed     99.77%
 245  200703_20-07825_HIV09-00618_FL18_S6_L000_read_6_count_1      16.61%    passed     97.57%
 246  200703_20-07825_HIV09-00618_FL18_S6_L000_read_7_count_1      13.43%    passed     99.91%
 247  200703_20-07825_HIV09-00618_FL18_S6_L000_read_8_count_1      13.07%    passed     99.65%
 248  200703_20-07825_HIV09-00618_FL18_S6_L000_read_9_count_1      13.43%    passed     99.50%
 249  200703_20-07825_HIV09-00618_FL18_S6_L000_read_10_count_1     13.43%    passed     99.37%
 250  200703_20-07825_HIV09-00618_FL18_S6_L000_read_11_count_1     13.43%    passed     99.37%
 251  200703_20-07825_HIV09-00618_FL18_S6_L000_read_12_count_1     13.43%    passed     99.99%
 252  200703_20-07825_HIV09-00618_FL18_S6_L000_read_13_count_1     13.43%    passed     99.66%
 253  200703_20-07825_HIV09-00618_FL18_S6_L000_read_14_count_1     13.43%    passed     99.37%
 254  200703_20-07825_HIV09-00618_FL18_S6_L000_read_15_count_1     13.43%    passed     99.66%
 255  200703_20-07825_HIV09-00618_FL18_S6_L000_read_16_count_1     13.43%    passed     99.91%
 256  200703_20-07825_HIV09-00618_FL18_S6_L000_read_17_count_1     13.43%    passed     99.69%
 257  200703_20-07825_HIV09-00618_FL18_S6_L000_read_18_count_1     13.43%    passed     99.91%
 258  200703_20-07825_HIV09-00618_FL18_S6_L000_read_19_count_1     13.43%    passed     99.76%
 259  200703_20-07825_HIV09-00618_FL18_S6_L000_read_20_count_1     13.43%    passed     99.37%
 260  200703_20-07825_HIV09-00618_FL18_S6_L000_read_21_count_1     13.43%    passed     99.76%
 261  200703_20-07825_HIV09-00618_FL18_S6_L000_read_22_count_1     13.43%    passed     99.37%
 262  200703_20-07825_HIV09-00618_FL18_S6_L000_read_23_count_1     13.43%    passed     99.91%
 263  200703_20-07825_HIV09-00618_FL18_S6_L000_read_24_count_1     13.43%    passed     99.85%
 264  200703_20-07825_HIV09-00618_FL18_S6_L000_read_25_count_1     13.43%    passed     99.76%
 265  200703_20-07825_HIV09-00618_FL18_S6_L000_read_26_count_1     13.43%    passed     99.37%
 266  200703_20-07825_HIV09-00618_FL18_S6_L000_read_27_count_1     13.43%    passed     99.69%
 267  200703_20-07825_HIV09-00618_FL18_S6_L000_read_28_count_1     13.43%    passed     99.49%
 268  200703_20-07825_HIV09-00618_FL18_S6_L000_read_29_count_1     13.43%    passed     99.50%
 269  200703_20-07825_HIV09-00618_FL18_S6_L000_read_30_count_1     13.43%    passed     99.37%
 270  200703_20-07825_HIV09-00618_FL18_S6_L000_read_31_count_1     13.43%    passed     99.37%
 271  200703_20-07825_HIV09-00618_FL18_S6_L000_read_32_count_1     13.43%    passed     99.37%
 272  200703_20-07825_HIV09-00618_FL18_S6_L000_read_33_count_1     13.78%    passed     98.91%
 273  200703_20-07825_HIV09-00618_FL18_S6_L000_read_34_count_1     13.43%    passed     99.49%
 274  200703_20-07825_HIV09-00618_FL18_S6_L000_read_35_count_1     13.43%    passed     98.63%
 275  200703_20-07825_HIV09-00618_FL18_S6_L000_read_36_count_1     13.43%    passed     99.76%
 276  200703_20-07825_HIV09-00618_FL18_S6_L000_read_37_count_1     13.43%    passed     99.37%
 277  200703_20-07825_HIV09-00618_FL18_S6_L000_read_38_count_1     13.43%    passed     99.37%
 278  200703_20-07825_HIV09-00618_FL18_S6_L000_read_39_count_1     13.43%    passed     99.10%
 279  200703_20-07825_HIV09-00618_FL18_S6_L000_read_40_count_1     13.43%    passed     99.37%
 280  200703_20-07825_HIV09-00618_FL18_S6_L000_read_41_count_1     13.43%    passed     99.50%
 281  200703_20-07825_HIV09-00618_FL18_S6_L000_read_42_count_1     13.43%    passed     99.99%
 282  200703_20-07825_HIV09-00618_FL18_S6_L000_read_43_count_1     13.43%    passed     99.37%
 283  200703_20-07825_HIV09-00618_FL18_S6_L000_read_44_count_1     13.43%    passed     99.49%
 284  200703_20-07825_HIV09-00618_FL18_S6_L000_read_45_count_1     13.43%    passed     99.50%
 285  200703_20-07825_HIV09-00618_FL18_S6_L000_read_46_count_1     13.43%    passed     99.37%
 286  200703_20-07825_HIV09-00618_FL18_S6_L000_read_47_count_1     13.43%    passed     99.76%
 287  200703_20-07825_HIV09-00618_FL18_S6_L000_read_48_count_1     13.43%    passed     94.96%
 288  200703_20-07825_HIV09-00618_FL18_S6_L000_read_49_count_1     13.43%    passed     99.37%
 289  200703_20-07825_HIV09-00618_FL18_S6_L000_read_50_count_1     13.43%    passed     99.76%
 290  200703_20-07825_HIV09-00618_FL18_S6_L000_read_51_count_1     13.43%    passed     99.37%
 291  200703_20-07825_HIV09-00618_FL18_S6_L000_read_52_count_1     13.43%    passed     99.49%
 292  200703_20-07825_HIV09-00618_FL18_S6_L000_read_53_count_1     13.43%    passed     99.76%
 293  200703_20-07825_HIV09-00618_FL18_S6_L000_read_54_count_1     13.43%    passed     99.76%
 294  200703_20-07825_HIV09-00618_FL18_S6_L000_read_55_count_1     13.43%    passed     99.37%
 295  200814_20-09728_HIV09-02843_FL30_S2_L000_read_1_count_290    13.43%    passed     95.49%
 296  200814_20-09728_HIV09-02843_FL30_S2_L000_read_2_count_19     13.43%    passed     96.74%
 297  200814_20-09728_HIV09-02843_FL30_S2_L000_read_3_count_15     13.43%    passed     92.99%
 298  200814_20-09728_HIV09-02843_FL30_S2_L000_read_4_count_12     13.43%    passed     96.74%
 299  200814_20-09728_HIV09-02843_FL30_S2_L000_read_5_count_11     13.43%    passed     98.44%
 300  200814_20-09728_HIV09-02843_FL30_S2_L000_read_6_count_10     13.43%    passed     96.74%
 301  200814_20-09728_HIV09-02843_FL30_S2_L000_read_7_count_9      13.43%    passed     99.31%
 302  200814_20-09728_HIV09-02843_FL30_S2_L000_read_8_count_9      13.43%    passed     92.99%
 303  200814_20-09728_HIV09-02843_FL30_S2_L000_read_9_count_7      13.43%    passed     96.74%
 304  200814_20-09728_HIV09-02843_FL30_S2_L000_read_10_count_6     13.43%    passed     96.74%
 305  200814_20-09728_HIV09-02843_FL30_S2_L000_read_11_count_3     12.72%    passed     88.87%
 306  200814_20-09728_HIV09-02843_FL30_S2_L000_read_12_count_3     13.43%    passed     98.44%
 307  200814_20-09728_HIV09-02843_FL30_S2_L000_read_13_count_2     13.43%    passed     95.40%
 308  200814_20-09728_HIV09-02843_FL30_S2_L000_read_14_count_2     13.43%    passed     92.99%
 309  200814_20-09728_HIV09-02843_FL30_S2_L000_read_15_count_2     13.43%    passed     98.44%
 310  200814_20-09728_HIV09-02843_FL30_S2_L000_read_16_count_2     13.43%    passed     92.99%
 311  200814_20-09728_HIV09-02843_FL30_S2_L000_read_17_count_1     13.43%    passed     97.95%
 312  200814_20-09728_HIV09-02843_FL30_S2_L000_read_18_count_1     13.78%    passed     92.45%
 313  200814_20-09728_HIV09-02843_FL30_S2_L000_read_19_count_1     13.43%    passed     93.68%
 314  200814_20-09728_HIV09-02843_FL30_S2_L000_read_20_count_1     13.43%    passed     95.40%
 315  200814_20-09728_HIV09-02843_FL30_S2_L000_read_21_count_1     13.43%    passed     89.46%
 316  200814_20-09728_HIV09-02843_FL30_S2_L000_read_22_count_1     13.43%    passed     95.49%
 317  200814_20-09728_HIV09-02843_FL30_S2_L000_read_23_count_1     13.43%    passed     98.44%
 318  200814_20-09728_HIV09-02843_FL30_S2_L000_read_24_count_1     13.43%    passed     92.99%
 319  200814_20-09728_HIV09-02843_FL30_S2_L000_read_25_count_1     13.43%    passed     96.74%
 320  200814_20-09728_HIV09-02843_FL30_S2_L000_read_26_count_1     13.43%    passed     92.15%
 321  200814_20-09728_HIV09-02843_FL30_S2_L000_read_27_count_1     13.43%    passed     95.49%
 322  200814_20-09728_HIV09-02843_FL30_S2_L000_read_28_count_1     13.43%    passed     98.44%
 323  200814_20-09728_HIV09-02843_FL30_S2_L000_read_29_count_1     13.43%    passed     98.44%
 324  200814_20-09728_HIV09-02843_FL30_S2_L000_read_30_count_1     13.43%    passed     96.41%
 325  200814_20-09728_HIV09-02843_FL30_S2_L000_read_31_count_1     13.43%    passed     93.73%
 326  200814_20-09728_HIV09-02843_FL30_S2_L000_read_32_count_1     13.43%    passed     96.41%
 327  200814_20-09728_HIV09-02843_FL30_S2_L000_read_33_count_1     13.43%    passed     94.59%
 328  200814_20-09728_HIV09-02843_FL30_S2_L000_read_34_count_1     13.43%    passed     99.31%
 329  200814_20-09728_HIV09-02843_FL30_S2_L000_read_35_count_1     13.43%    passed     90.60%
 330  200814_20-09728_HIV09-02843_FL30_S2_L000_read_36_count_1     13.43%    passed     92.15%
 331  200814_20-09728_HIV09-02843_FL30_S2_L000_read_37_count_1     13.43%    passed     96.41%
 332  200814_20-09728_HIV09-02843_FL30_S2_L000_read_38_count_1     13.43%    passed     96.41%
 333  200814_20-09728_HIV09-02843_FL30_S2_L000_read_39_count_1     13.43%    passed     89.72%
 334  200814_20-09728_HIV09-02843_FL30_S2_L000_read_40_count_1     13.43%    passed     93.97%
 335  200814_20-09728_HIV09-02843_FL30_S2_L000_read_41_count_1     13.43%    passed     98.41%
 336  200814_20-09728_HIV09-02843_FL30_S2_L000_read_42_count_1     13.43%    passed     92.99%
 337  200814_20-09728_HIV09-02843_FL30_S2_L000_read_43_count_1     13.43%    passed     99.31%
 338  200814_20-09728_HIV09-02843_FL30_S2_L000_read_44_count_1     13.43%    passed     96.74%
 339  200814_20-09728_HIV09-02843_FL30_S2_L000_read_45_count_1     13.43%    passed     92.89%
 340  200814_20-09728_HIV09-02843_FL30_S2_L000_read_46_count_1     13.43%    passed     90.60%
 341  200814_20-09728_HIV09-02843_FL30_S2_L000_read_47_count_1     13.43%    passed     96.74%
 342  200814_20-09728_HIV09-02843_FL30_S2_L000_read_48_count_1     13.43%    passed     94.27%
 343  200814_20-09728_HIV09-02843_FL30_S2_L000_read_49_count_1     13.43%    passed     96.49%
 344  200814_20-09728_HIV09-02843_FL30_S2_L000_read_50_count_1     13.43%    passed     96.74%
 345  200814_20-09728_HIV09-02843_FL30_S2_L000_read_51_count_1     13.43%    passed     93.97%
 346  200814_20-09728_HIV09-02843_FL30_S2_L000_read_52_count_1     13.43%    passed     92.89%
 347  200814_20-09728_HIV09-02843_FL30_S2_L000_read_53_count_1     13.43%    passed     98.44%
 348  200814_20-09728_HIV09-02843_FL30_S2_L000_read_54_count_1     13.43%    passed     97.30%
 349  200814_20-09728_HIV09-02843_FL30_S2_L000_read_55_count_1     13.78%    passed     96.96%
 350  200814_20-09728_HIV09-02843_FL30_S2_L000_read_56_count_1     13.43%    passed     95.40%
 351  200814_20-09728_HIV09-02843_FL30_S2_L000_read_57_count_1     13.43%    passed     92.99%
 352  200814_20-09728_HIV09-02843_FL30_S2_L000_read_58_count_1     13.43%    passed     93.97%
 353  200814_20-09728_HIV09-02843_FL30_S2_L000_read_59_count_1     13.43%    passed     98.44%
 354  200814_20-09728_HIV09-02843_FL30_S2_L000_read_60_count_1     13.43%    passed     94.59%
 355  200814_20-09728_HIV09-02843_FL30_S2_L000_read_61_count_1     13.43%    passed     96.74%
 356  200814_20-09728_HIV09-02843_FL30_S2_L000_read_62_count_1     13.43%    passed     98.41%
 357  200814_20-09728_HIV09-02843_FL30_S2_L000_read_63_count_1     13.43%    passed     97.95%
 358  200724_20-08518_HIV10-02405_FL24_S14_L000_read_1_count_154   13.43%    passed     98.98%
 359  200724_20-08518_HIV10-02405_FL24_S14_L000_read_2_count_12    13.43%    passed     97.24%
 360  200724_20-08518_HIV10-02405_FL24_S14_L000_read_3_count_11    13.43%    passed     97.81%
 361  200724_20-08518_HIV10-02405_FL24_S14_L000_read_4_count_9     13.43%    passed     93.09%
 362  200724_20-08518_HIV10-02405_FL24_S14_L000_read_5_count_7     13.43%    passed     97.24%
 363  200724_20-08518_HIV10-02405_FL24_S14_L000_read_6_count_7     13.43%    passed     97.24%
 364  200724_20-08518_HIV10-02405_FL24_S14_L000_read_7_count_6     13.43%    passed     97.81%
 365  200724_20-08518_HIV10-02405_FL24_S14_L000_read_8_count_6     13.43%    passed     97.81%
 366  200724_20-08518_HIV10-02405_FL24_S14_L000_read_9_count_5     13.43%    passed     99.28%
 367  200724_20-08518_HIV10-02405_FL24_S14_L000_read_10_count_4    13.43%    passed     99.17%
 368  200724_20-08518_HIV10-02405_FL24_S14_L000_read_11_count_4    13.43%    passed     97.24%
 369  200724_20-08518_HIV10-02405_FL24_S14_L000_read_12_count_3    13.43%    passed     97.39%
 370  200724_20-08518_HIV10-02405_FL24_S14_L000_read_13_count_3    13.43%    passed     91.35%
 371  200724_20-08518_HIV10-02405_FL24_S14_L000_read_14_count_2    13.43%    passed     99.28%
 372  200724_20-08518_HIV10-02405_FL24_S14_L000_read_15_count_2    13.43%    passed     97.81%
 373  200724_20-08518_HIV10-02405_FL24_S14_L000_read_16_count_2    13.43%    passed     99.86%
 374  200724_20-08518_HIV10-02405_FL24_S14_L000_read_17_count_2    13.43%    passed     91.35%
 375  200724_20-08518_HIV10-02405_FL24_S14_L000_read_18_count_2    13.43%    passed     97.39%
 376  200724_20-08518_HIV10-02405_FL24_S14_L000_read_19_count_2    13.43%    passed     99.28%
 377  200724_20-08518_HIV10-02405_FL24_S14_L000_read_20_count_2    13.43%    passed     97.81%
 378  200724_20-08518_HIV10-02405_FL24_S14_L000_read_21_count_1    13.43%    passed     94.42%
 379  200724_20-08518_HIV10-02405_FL24_S14_L000_read_22_count_1    13.43%    passed     99.17%
 380  200724_20-08518_HIV10-02405_FL24_S14_L000_read_23_count_1    13.43%    passed     97.81%
 381  200724_20-08518_HIV10-02405_FL24_S14_L000_read_24_count_1    13.43%    passed     95.40%
 382  200724_20-08518_HIV10-02405_FL24_S14_L000_read_25_count_1    13.43%    passed     95.79%
 383  200724_20-08518_HIV10-02405_FL24_S14_L000_read_26_count_1    13.43%    passed     99.18%
 384  200724_20-08518_HIV10-02405_FL24_S14_L000_read_27_count_1    13.43%    passed     99.91%
 385  200724_20-08518_HIV10-02405_FL24_S14_L000_read_28_count_1    13.43%    passed     99.28%
 386  200724_20-08518_HIV10-02405_FL24_S14_L000_read_29_count_1    13.43%    passed     99.28%
 387  200724_20-08518_HIV10-02405_FL24_S14_L000_read_30_count_1    13.78%    passed     99.41%
 388  200724_20-08518_HIV10-02405_FL24_S14_L000_read_31_count_1    13.43%    passed     99.28%
 389  200724_20-08518_HIV10-02405_FL24_S14_L000_read_32_count_1    13.43%    passed     97.24%
 390  200724_20-08518_HIV10-02405_FL24_S14_L000_read_33_count_1    13.43%    passed     93.62%
 391  200724_20-08518_HIV10-02405_FL24_S14_L000_read_34_count_1    13.43%    passed     95.79%
 392  200724_20-08518_HIV10-02405_FL24_S14_L000_read_35_count_1    13.43%    passed     99.28%
 393  200724_20-08518_HIV10-02405_FL24_S14_L000_read_36_count_1    13.78%    passed     98.63%
 394  200724_20-08518_HIV10-02405_FL24_S14_L000_read_37_count_1    13.43%    passed     95.79%
 395  200724_20-08518_HIV10-02405_FL24_S14_L000_read_38_count_1    13.43%    passed     99.17%
 396  200724_20-08518_HIV10-02405_FL24_S14_L000_read_39_count_1    13.43%    passed     99.45%
 397  200724_20-08518_HIV10-02405_FL24_S14_L000_read_40_count_1    13.43%    passed     99.86%
 398  200724_20-08518_HIV10-02405_FL24_S14_L000_read_41_count_1    13.43%    passed     88.26%
 399  200724_20-08518_HIV10-02405_FL24_S14_L000_read_42_count_1    13.43%    passed     97.24%
 400  200724_20-08518_HIV10-02405_FL24_S14_L000_read_43_count_1    13.43%    passed     97.39%
 401  200724_20-08518_HIV10-02405_FL24_S14_L000_read_44_count_1    13.43%    passed     97.65%
 402  200724_20-08518_HIV10-02405_FL24_S14_L000_read_45_count_1    13.78%    passed     97.56%
 403  200724_20-08518_HIV10-02405_FL24_S14_L000_read_46_count_1    13.43%    passed     97.39%
 404  200724_20-08518_HIV10-02405_FL24_S14_L000_read_47_count_1    13.43%    passed     97.24%
 405  200724_20-08518_HIV10-02405_FL24_S14_L000_read_48_count_1    13.43%    passed     97.66%
 406  200724_20-08518_HIV10-02405_FL24_S14_L000_read_49_count_1    13.07%    passed     93.06%
 407  200724_20-08518_HIV10-02405_FL24_S14_L000_read_50_count_1    13.43%    passed     97.39%
 408  200724_20-08518_HIV10-02405_FL24_S14_L000_read_51_count_1    13.43%    passed     98.98%
 409  200724_20-08518_HIV10-02405_FL24_S14_L000_read_52_count_1    13.43%    passed     93.05%
 410  200724_20-08518_HIV10-02405_FL24_S14_L000_read_53_count_1    13.43%    passed     99.18%
 411  200724_20-08518_HIV10-02405_FL24_S14_L000_read_54_count_1    13.43%    passed     98.98%
 412  200724_20-08518_HIV10-02405_FL24_S14_L000_read_55_count_1    13.43%    passed     97.81%
 413  200724_20-08518_HIV10-02405_FL24_S14_L000_read_56_count_1    13.43%    passed     97.24%
 414  200724_20-08518_HIV10-02405_FL24_S14_L000_read_57_count_1    13.43%    passed     93.09%
 415  200724_20-08518_HIV10-02405_FL24_S14_L000_read_58_count_1    13.43%    passed     97.24%
 416  200724_20-08518_HIV10-02405_FL24_S14_L000_read_59_count_1    13.78%    passed     93.43%
 417  200724_20-08518_HIV10-02405_FL24_S14_L000_read_60_count_1    13.43%    passed     97.39%
 418  200724_20-08518_HIV10-02405_FL24_S14_L000_read_61_count_1    13.43%    passed     99.28%
 419  200724_20-08518_HIV10-02405_FL24_S14_L000_read_62_count_1    13.43%    passed     99.91%
 420  200724_20-08518_HIV10-02405_FL24_S14_L000_read_63_count_1    13.43%    passed     85.98%
 421  200724_20-08518_HIV10-02405_FL24_S14_L000_read_64_count_1    13.43%    passed     96.63%
 422  200724_20-08518_HIV10-02405_FL24_S14_L000_read_65_count_1    13.43%    passed     99.28%
 423  200724_20-08518_HIV10-02405_FL24_S14_L000_read_66_count_1    13.43%    passed     99.28%
 424  200724_20-08518_HIV10-02405_FL24_S14_L000_read_67_count_1    13.43%    passed     97.24%
 425  200724_20-08518_HIV10-02405_FL24_S14_L000_read_68_count_1    13.43%    passed     94.42%
 426  200724_20-08518_HIV10-02405_FL24_S14_L000_read_69_count_1    13.43%    passed     98.05%
 427  200724_20-08518_HIV10-02405_FL24_S14_L000_read_70_count_1    13.43%    passed     99.28%
 428  200724_20-08518_HIV10-02405_FL24_S14_L000_read_71_count_1    13.43%    passed     94.42%
 429  200724_20-08518_HIV10-02405_FL24_S14_L000_read_72_count_1    13.43%    passed     99.28%
 430  200724_20-08518_HIV10-02405_FL24_S14_L000_read_73_count_1    13.78%    passed     98.63%
 431  200724_20-08518_HIV10-02405_FL24_S14_L000_read_74_count_1    13.43%    passed     98.41%
 432  200724_20-08518_HIV10-02405_FL24_S14_L000_read_75_count_1    13.43%    passed     94.42%
 433  200724_20-08518_HIV10-02405_FL24_S14_L000_read_76_count_1    13.43%    passed     99.17%
 434  B.FR.83.HXB2_LAI_IIIB_BRU.K03455                             13.43%    passed     99.99%
 435  C.BW.00.00BW07621.AF443088                                   13.43%    passed     96.52%
****  TOTAL                                                        13.44%  0 sequences failed composition chi2 test (p-value<5%; df=3)
Checking for duplicate sequences: done in 0.000893641 secs using 1207% CPU

Create initial parsimony tree by phylogenetic likelihood library (PLL)... 0.041 seconds

NOTE: 18 MB RAM (0 GB) is required!
WARNING: Number of threads seems too high for short alignments. Use -T AUTO to determine best number of threads.
Estimate model parameters (epsilon = 0.100)
1. Initial log-likelihood: -4027.704
2. Current log-likelihood: -3914.303
3. Current log-likelihood: -3913.987
Optimal log-likelihood: -3913.975
Rate parameters:  A-C: 0.46657  A-G: 1.04877  A-T: 0.26795  C-G: 0.20554  C-T: 1.61686  G-T: 1.00000
Base frequencies:  A: 0.444  C: 0.148  G: 0.222  T: 0.187
Site proportion and rates:  (0.094,0.225) (0.147,0.553) (0.187,0.704) (0.210,0.858) (0.205,1.155) (0.158,2.213)
Parameters optimization took 3 rounds (1.768 sec)
Wrote distance file to... 
Computing ML distances based on estimated model parameters...
Calculating distance matrix: done in 0.349598 secs using 399.7% CPU
Computing ML distances took 0.350206 sec (of wall-clock time) 1.397785 sec (of CPU time)
Setting up auxiliary I and S matrices: done in 0.0110259 secs using 243.4% CPU
Constructing RapidNJ tree: done in 1.05336 secs using 106.7% CPU
Computing RapidNJ tree took 1.064497 sec (of wall-clock time) 1.150446 sec (of CPU time)
Log-likelihood of RapidNJ tree: -3907.818
--------------------------------------------------------------------
|             INITIALIZING CANDIDATE TREE SET                      |
--------------------------------------------------------------------
Generating 98 parsimony trees... 4.095 second
Computing log-likelihood of 98 initial trees ... 3.640 seconds
Current best score: -3897.427

Do NNI search on 20 best initial trees
Optimizing NNI: done in 0.635644 secs using 373.5% CPU
Estimate model parameters (epsilon = 0.100)
BETTER TREE FOUND at iteration 1: -3893.423
Optimizing NNI: done in 0.793455 secs using 374.5% CPU
Optimizing NNI: done in 0.437584 secs using 399.8% CPU
Optimizing NNI: done in 0.421272 secs using 396.2% CPU
Optimizing NNI: done in 0.322671 secs using 400% CPU
Optimizing NNI: done in 0.630121 secs using 398.3% CPU
Optimizing NNI: done in 0.483714 secs using 395.2% CPU
Optimizing NNI: done in 0.319559 secs using 395.4% CPU
Optimizing NNI: done in 0.596858 secs using 396.9% CPU
Optimizing NNI: done in 0.385093 secs using 397.1% CPU
Iteration 10 / LogL: -3901.923 / Time: 0h:0m:17s
Optimizing NNI: done in 0.304515 secs using 400.8% CPU
Optimizing NNI: done in 0.690551 secs using 394.2% CPU
Optimizing NNI: done in 0.42226 secs using 367.8% CPU
Optimizing NNI: done in 0.165324 secs using 384.6% CPU
Optimizing NNI: done in 0.596849 secs using 392.7% CPU
Optimizing NNI: done in 0.369924 secs using 397.4% CPU
Optimizing NNI: done in 0.539592 secs using 392.1% CPU
Optimizing NNI: done in 0.370474 secs using 392.6% CPU
Optimizing NNI: done in 0.489735 secs using 394% CPU
Optimizing NNI: done in 0.301547 secs using 398.5% CPU
Iteration 20 / LogL: -3908.389 / Time: 0h:0m:21s
Finish initializing candidate tree set (20)
Current best tree score: -3893.423 / CPU time: 18.113
Number of iterations: 20
--------------------------------------------------------------------
|               OPTIMIZING CANDIDATE TREE SET                      |
--------------------------------------------------------------------
Optimizing NNI: done in 0.788055 secs using 397.3% CPU
Optimizing NNI: done in 0.498371 secs using 393% CPU
Optimizing NNI: done in 0.663331 secs using 394.9% CPU
Optimizing NNI: done in 0.71615 secs using 374.6% CPU
Optimizing NNI: done in 0.764529 secs using 396% CPU
Optimizing NNI: done in 0.523327 secs using 397.3% CPU
Optimizing NNI: done in 0.604106 secs using 397.3% CPU
Optimizing NNI: done in 0.548326 secs using 395.5% CPU
Optimizing NNI: done in 0.550911 secs using 391.9% CPU
Optimizing NNI: done in 0.718046 secs using 397.5% CPU
Iteration 30 / LogL: -3901.523 / Time: 0h:0m:28s (0h:1m:9s left)
Optimizing NNI: done in 0.751439 secs using 396% CPU
Optimizing NNI: done in 0.525338 secs using 373% CPU
Optimizing NNI: done in 0.510976 secs using 393.9% CPU
Optimizing NNI: done in 0.553042 secs using 392.2% CPU
Optimizing NNI: done in 0.646051 secs using 397.2% CPU
Optimizing NNI: done in 0.729271 secs using 396.7% CPU
Optimizing NNI: done in 0.601887 secs using 398.6% CPU
Optimizing NNI: done in 0.824881 secs using 395.3% CPU
Optimizing NNI: done in 0.526358 secs using 397.1% CPU
Optimizing NNI: done in 0.803406 secs using 379.5% CPU
Iteration 40 / LogL: -3895.657 / Time: 0h:0m:35s (0h:0m:54s left)
Optimizing NNI: done in 0.55299 secs using 395.9% CPU
Optimizing NNI: done in 0.509398 secs using 393.7% CPU
Optimizing NNI: done in 0.764287 secs using 395.7% CPU
Estimate model parameters (epsilon = 0.100)
BETTER TREE FOUND at iteration 43: -3889.747
Optimizing NNI: done in 0.787753 secs using 394.5% CPU
Optimizing NNI: done in 0.504087 secs using 397.3% CPU
Optimizing NNI: done in 0.643931 secs using 393.8% CPU
Optimizing NNI: done in 0.788356 secs using 380.9% CPU
Optimizing NNI: done in 0.470626 secs using 394.9% CPU
Optimizing NNI: done in 0.519646 secs using 397.1% CPU
Optimizing NNI: done in 0.531846 secs using 396.3% CPU
Iteration 50 / LogL: -3906.353 / Time: 0h:0m:41s (0h:1m:19s left)
Optimizing NNI: done in 0.588577 secs using 398.6% CPU
Optimizing NNI: done in 0.559291 secs using 393.9% CPU
Optimizing NNI: done in 0.63668 secs using 394.7% CPU
Optimizing NNI: done in 0.513237 secs using 396.9% CPU
Optimizing NNI: done in 0.650199 secs using 395.3% CPU
Optimizing NNI: done in 1.07683 secs using 379.1% CPU
Optimizing NNI: done in 0.414315 secs using 393.5% CPU
Optimizing NNI: done in 0.626267 secs using 395.1% CPU
Estimate model parameters (epsilon = 0.100)
BETTER TREE FOUND at iteration 58: -3889.088
Optimizing NNI: done in 0.690559 secs using 397.7% CPU
Optimizing NNI: done in 0.739438 secs using 398.5% CPU
Iteration 60 / LogL: -3891.610 / Time: 0h:0m:49s (0h:1m:21s left)
Optimizing NNI: done in 0.714043 secs using 395.2% CPU
Optimizing NNI: done in 0.622441 secs using 393.7% CPU
Optimizing NNI: done in 0.647834 secs using 376.5% CPU
Optimizing NNI: done in 0.780446 secs using 396.3% CPU
Optimizing NNI: done in 0.641261 secs using 396.9% CPU
Optimizing NNI: done in 0.671289 secs using 394.9% CPU
Optimizing NNI: done in 0.542955 secs using 396.1% CPU
Optimizing NNI: done in 0.386144 secs using 399.4% CPU
Optimizing NNI: done in 0.664756 secs using 396.6% CPU
Optimizing NNI: done in 0.713361 secs using 392.7% CPU
Iteration 70 / LogL: -3889.749 / Time: 0h:0m:55s (0h:1m:11s left)
Optimizing NNI: done in 0.701304 secs using 374.7% CPU
Optimizing NNI: done in 0.672418 secs using 395.6% CPU
Estimate model parameters (epsilon = 0.100)
BETTER TREE FOUND at iteration 72: -3885.994
Optimizing NNI: done in 0.527559 secs using 395.5% CPU
Optimizing NNI: done in 0.692262 secs using 395.8% CPU
Optimizing NNI: done in 0.559331 secs using 397.5% CPU
Optimizing NNI: done in 0.436576 secs using 397.8% CPU
Optimizing NNI: done in 0.64859 secs using 394.8% CPU
Optimizing NNI: done in 0.853762 secs using 383.3% CPU
Optimizing NNI: done in 0.467802 secs using 393.6% CPU
Optimizing NNI: done in 0.66425 secs using 396.1% CPU
Iteration 80 / LogL: -3891.981 / Time: 0h:1m:3s (0h:1m:13s left)
Optimizing NNI: done in 0.67434 secs using 394.2% CPU
Optimizing NNI: done in 0.559963 secs using 395.7% CPU
Optimizing NNI: done in 0.560706 secs using 395.3% CPU
Optimizing NNI: done in 0.555212 secs using 399% CPU
Optimizing NNI: done in 0.533233 secs using 396.9% CPU
Optimizing NNI: done in 0.754261 secs using 395.4% CPU
Optimizing NNI: done in 0.521447 secs using 384.5% CPU
Optimizing NNI: done in 0.62433 secs using 394.7% CPU
Optimizing NNI: done in 0.555571 secs using 395.9% CPU
Optimizing NNI: done in 0.533736 secs using 393% CPU
Iteration 90 / LogL: -3887.407 / Time: 0h:1m:9s (0h:1m:3s left)
Optimizing NNI: done in 0.825547 secs using 397% CPU
Optimizing NNI: done in 0.566442 secs using 395.2% CPU
Optimizing NNI: done in 0.704988 secs using 394.5% CPU
Optimizing NNI: done in 0.633846 secs using 394.1% CPU
Optimizing NNI: done in 0.826004 secs using 376.4% CPU
Optimizing NNI: done in 0.440378 secs using 396.1% CPU
Optimizing NNI: done in 0.571971 secs using 395.8% CPU
Optimizing NNI: done in 0.638448 secs using 395.1% CPU
Optimizing NNI: done in 0.444038 secs using 394.6% CPU
Optimizing NNI: done in 0.649155 secs using 395.8% CPU
Iteration 100 / LogL: -3903.050 / Time: 0h:1m:15s (0h:0m:55s left)
Optimizing NNI: done in 0.410504 secs using 395.2% CPU
Optimizing NNI: done in 0.613555 secs using 394% CPU
Optimizing NNI: done in 0.705552 secs using 397.1% CPU
Optimizing NNI: done in 0.832955 secs using 374.9% CPU
Optimizing NNI: done in 0.656431 secs using 396.7% CPU
Optimizing NNI: done in 0.611163 secs using 395.4% CPU
Optimizing NNI: done in 0.627783 secs using 396.9% CPU
Optimizing NNI: done in 0.540176 secs using 397.7% CPU
Optimizing NNI: done in 0.458563 secs using 397.3% CPU
Optimizing NNI: done in 0.429546 secs using 394.3% CPU
Iteration 110 / LogL: -3887.405 / Time: 0h:1m:22s (0h:0m:46s left)
Optimizing NNI: done in 0.686322 secs using 397.2% CPU
Optimizing NNI: done in 0.876639 secs using 385.1% CPU
Optimizing NNI: done in 0.450801 secs using 396.7% CPU
Optimizing NNI: done in 0.449509 secs using 395.4% CPU
Optimizing NNI: done in 0.634316 secs using 393.9% CPU
Optimizing NNI: done in 0.694078 secs using 395.6% CPU
Optimizing NNI: done in 0.592506 secs using 397% CPU
Optimizing NNI: done in 0.528925 secs using 395.7% CPU
Optimizing NNI: done in 0.799653 secs using 394.6% CPU
Optimizing NNI: done in 0.61581 secs using 397.5% CPU
Iteration 120 / LogL: -3906.627 / Time: 0h:1m:28s (0h:0m:38s left)
Optimizing NNI: done in 0.821244 secs using 375.8% CPU
Optimizing NNI: done in 0.6401 secs using 397.4% CPU
Optimizing NNI: done in 0.558936 secs using 395.5% CPU
Estimate model parameters (epsilon = 0.100)
BETTER TREE FOUND at iteration 123: -3885.276
Optimizing NNI: done in 0.601446 secs using 395.9% CPU
Optimizing NNI: done in 0.532061 secs using 397.7% CPU
Optimizing NNI: done in 0.775095 secs using 397.5% CPU
Optimizing NNI: done in 0.730221 secs using 397.4% CPU
Optimizing NNI: done in 0.69196 secs using 374.6% CPU
Optimizing NNI: done in 0.537275 secs using 394.8% CPU
Optimizing NNI: done in 0.460578 secs using 394.4% CPU
Iteration 130 / LogL: -3906.387 / Time: 0h:1m:35s (0h:1m:9s left)
Optimizing NNI: done in 0.514361 secs using 399% CPU
Optimizing NNI: done in 0.558832 secs using 396.7% CPU
Optimizing NNI: done in 0.579075 secs using 394.9% CPU
Optimizing NNI: done in 0.838523 secs using 396.2% CPU
Estimate model parameters (epsilon = 0.100)
BETTER TREE FOUND at iteration 134: -3884.503
Optimizing NNI: done in 0.55879 secs using 394.9% CPU
Optimizing NNI: done in 0.810451 secs using 374.8% CPU
Optimizing NNI: done in 0.435547 secs using 391.2% CPU
Optimizing NNI: done in 0.647548 secs using 397.7% CPU
Optimizing NNI: done in 0.434818 secs using 392.5% CPU
Optimizing NNI: done in 0.61657 secs using 396.5% CPU
Iteration 140 / LogL: -3884.505 / Time: 0h:1m:42s (0h:1m:9s left)
Optimizing NNI: done in 0.556229 secs using 397% CPU
Optimizing NNI: done in 0.713044 secs using 392.8% CPU
Optimizing NNI: done in 0.542647 secs using 395.6% CPU
Optimizing NNI: done in 0.69955 secs using 396.8% CPU
Optimizing NNI: done in 0.860372 secs using 374.9% CPU
Optimizing NNI: done in 0.74415 secs using 398.9% CPU
Optimizing NNI: done in 0.607609 secs using 397.5% CPU
Optimizing NNI: done in 0.603637 secs using 394.7% CPU
Estimate model parameters (epsilon = 0.100)
BETTER TREE FOUND at iteration 148: -3884.278
Optimizing NNI: done in 0.669745 secs using 395% CPU
Optimizing NNI: done in 0.556169 secs using 397.7% CPU
Iteration 150 / LogL: -3918.431 / Time: 0h:1m:49s (0h:1m:12s left)
Optimizing NNI: done in 0.626825 secs using 395.1% CPU
Optimizing NNI: done in 0.778345 secs using 375% CPU
Optimizing NNI: done in 0.662336 secs using 395.9% CPU
Optimizing NNI: done in 0.53483 secs using 397.7% CPU
Optimizing NNI: done in 0.632133 secs using 396.8% CPU
Optimizing NNI: done in 0.799623 secs using 398.6% CPU
Optimizing NNI: done in 0.660291 secs using 396.2% CPU
Optimizing NNI: done in 0.768042 secs using 396.3% CPU
Optimizing NNI: done in 0.648569 secs using 396.7% CPU
Optimizing NNI: done in 0.833537 secs using 374.6% CPU
Iteration 160 / LogL: -3884.280 / Time: 0h:1m:57s (0h:1m:4s left)
Optimizing NNI: done in 0.676869 secs using 396.1% CPU
Optimizing NNI: done in 0.666359 secs using 394.7% CPU
Optimizing NNI: done in 0.639128 secs using 396.9% CPU
Optimizing NNI: done in 0.634605 secs using 396.6% CPU
Estimate model parameters (epsilon = 0.100)
BETTER TREE FOUND at iteration 164: -3883.603
Optimizing NNI: done in 0.856125 secs using 397.6% CPU
Optimizing NNI: done in 0.581043 secs using 399.8% CPU
Optimizing NNI: done in 0.816786 secs using 380% CPU
Optimizing NNI: done in 0.762706 secs using 397.9% CPU
Estimate model parameters (epsilon = 0.100)
BETTER TREE FOUND at iteration 168: -3882.908
Optimizing NNI: done in 0.699327 secs using 394.6% CPU
Optimizing NNI: done in 0.473377 secs using 394.1% CPU
Iteration 170 / LogL: -3906.307 / Time: 0h:2m:5s (0h:1m:12s left)
Optimizing NNI: done in 0.573227 secs using 396.6% CPU
Optimizing NNI: done in 0.638561 secs using 393.8% CPU
Optimizing NNI: done in 0.719801 secs using 397.8% CPU
Optimizing NNI: done in 0.9742 secs using 377% CPU
Optimizing NNI: done in 0.584507 secs using 393.6% CPU
Optimizing NNI: done in 0.631914 secs using 398.4% CPU
Optimizing NNI: done in 0.741777 secs using 397.7% CPU
Optimizing NNI: done in 0.688744 secs using 393.3% CPU
Optimizing NNI: done in 0.655065 secs using 397.4% CPU
Optimizing NNI: done in 0.582625 secs using 396.2% CPU
Iteration 180 / LogL: -3887.332 / Time: 0h:2m:12s (0h:1m:4s left)
Optimizing NNI: done in 0.800356 secs using 381.5% CPU
Optimizing NNI: done in 0.806952 secs using 395.4% CPU
Optimizing NNI: done in 0.53469 secs using 397% CPU
Optimizing NNI: done in 0.587244 secs using 397% CPU
Optimizing NNI: done in 0.679044 secs using 398.7% CPU
Optimizing NNI: done in 0.609293 secs using 396.7% CPU
Optimizing NNI: done in 0.563193 secs using 390.5% CPU
Optimizing NNI: done in 0.679571 secs using 394.3% CPU
Optimizing NNI: done in 0.961351 secs using 377.1% CPU
Optimizing NNI: done in 0.878357 secs using 396.9% CPU
Iteration 190 / LogL: -3886.776 / Time: 0h:2m:19s (0h:0m:57s left)
Optimizing NNI: done in 0.818109 secs using 396.6% CPU
Optimizing NNI: done in 0.694154 secs using 398.2% CPU
Optimizing NNI: done in 0.552539 secs using 393.9% CPU
Optimizing NNI: done in 0.713096 secs using 396.2% CPU
Optimizing NNI: done in 0.464768 secs using 396% CPU
Optimizing NNI: done in 1.23485 secs using 382.8% CPU
Optimizing NNI: done in 0.645018 secs using 397% CPU
Optimizing NNI: done in 0.547477 secs using 392.9% CPU
Optimizing NNI: done in 0.570228 secs using 398.1% CPU
Optimizing NNI: done in 0.802254 secs using 399.6% CPU
Iteration 200 / LogL: -3882.912 / Time: 0h:2m:27s (0h:0m:50s left)
Optimizing NNI: done in 0.338842 secs using 399.6% CPU
Optimizing NNI: done in 0.539455 secs using 398.7% CPU
Optimizing NNI: done in 0.55436 secs using 397.6% CPU
Optimizing NNI: done in 0.57935 secs using 395.5% CPU
Optimizing NNI: done in 0.826978 secs using 377.2% CPU
Optimizing NNI: done in 0.786277 secs using 397.6% CPU
Optimizing NNI: done in 0.600941 secs using 397.5% CPU
Optimizing NNI: done in 0.574382 secs using 394.6% CPU
Optimizing NNI: done in 0.672001 secs using 393.4% CPU
Optimizing NNI: done in 0.589926 secs using 400% CPU
Iteration 210 / LogL: -3889.445 / Time: 0h:2m:33s (0h:0m:42s left)
Optimizing NNI: done in 0.453543 secs using 394.6% CPU
Optimizing NNI: done in 0.541934 secs using 396.7% CPU
Optimizing NNI: done in 0.734379 secs using 377.9% CPU
Optimizing NNI: done in 0.631422 secs using 394.6% CPU
Optimizing NNI: done in 0.744986 secs using 397.2% CPU
Optimizing NNI: done in 0.706588 secs using 394.9% CPU
Optimizing NNI: done in 0.58346 secs using 394.1% CPU
Optimizing NNI: done in 0.737055 secs using 396.9% CPU
Optimizing NNI: done in 0.598401 secs using 396.8% CPU
Optimizing NNI: done in 0.66228 secs using 395.3% CPU
Iteration 220 / LogL: -3895.794 / Time: 0h:2m:40s (0h:0m:35s left)
Optimizing NNI: done in 0.779454 secs using 375.6% CPU
Optimizing NNI: done in 0.673264 secs using 395.9% CPU
Optimizing NNI: done in 0.733175 secs using 396.8% CPU
Optimizing NNI: done in 0.677121 secs using 393.6% CPU
Optimizing NNI: done in 0.574025 secs using 395.1% CPU
Optimizing NNI: done in 0.623522 secs using 396.3% CPU
Optimizing NNI: done in 0.709025 secs using 396.2% CPU
Optimizing NNI: done in 0.660021 secs using 396.9% CPU
Optimizing NNI: done in 0.75523 secs using 369.2% CPU
Optimizing NNI: done in 0.789027 secs using 393.5% CPU
Iteration 230 / LogL: -3884.019 / Time: 0h:2m:47s (0h:0m:27s left)
Optimizing NNI: done in 0.61335 secs using 397.4% CPU
Optimizing NNI: done in 0.730778 secs using 394.9% CPU
Optimizing NNI: done in 0.67393 secs using 393.2% CPU
Optimizing NNI: done in 0.642169 secs using 390.3% CPU
Optimizing NNI: done in 0.56973 secs using 394.9% CPU
Optimizing NNI: done in 0.675461 secs using 396.6% CPU
Optimizing NNI: done in 0.651373 secs using 386% CPU
Optimizing NNI: done in 0.584576 secs using 395.6% CPU
Optimizing NNI: done in 0.56594 secs using 396.1% CPU
Optimizing NNI: done in 0.657573 secs using 399.3% CPU
Iteration 240 / LogL: -3901.347 / Time: 0h:2m:54s (0h:0m:20s left)
Optimizing NNI: done in 0.644291 secs using 396.1% CPU
Optimizing NNI: done in 0.67352 secs using 393.4% CPU
Optimizing NNI: done in 0.69906 secs using 395.3% CPU
Optimizing NNI: done in 0.461156 secs using 393.2% CPU
Optimizing NNI: done in 0.630095 secs using 369.4% CPU
Optimizing NNI: done in 0.48175 secs using 393.9% CPU
Optimizing NNI: done in 0.593604 secs using 393.8% CPU
Optimizing NNI: done in 0.594138 secs using 399.6% CPU
Optimizing NNI: done in 0.596578 secs using 395.6% CPU
Optimizing NNI: done in 0.778259 secs using 396% CPU
Iteration 250 / LogL: -3898.122 / Time: 0h:3m:0s (0h:0m:13s left)
Optimizing NNI: done in 0.656071 secs using 394.5% CPU
Optimizing NNI: done in 0.601498 secs using 399.1% CPU
Optimizing NNI: done in 0.698306 secs using 377.9% CPU
Optimizing NNI: done in 0.672108 secs using 395.2% CPU
Optimizing NNI: done in 0.612735 secs using 395.7% CPU
Optimizing NNI: done in 0.834784 secs using 395.1% CPU
Optimizing NNI: done in 0.69554 secs using 396.2% CPU
Optimizing NNI: done in 0.755016 secs using 398.7% CPU
Optimizing NNI: done in 0.752579 secs using 396.6% CPU
Optimizing NNI: done in 0.690381 secs using 377.8% CPU
Iteration 260 / LogL: -3892.826 / Time: 0h:3m:7s (0h:0m:5s left)
Optimizing NNI: done in 0.694031 secs using 396.2% CPU
Optimizing NNI: done in 0.707356 secs using 392.3% CPU
Optimizing NNI: done in 0.459506 secs using 397.7% CPU
Optimizing NNI: done in 0.774956 secs using 396.5% CPU
Optimizing NNI: done in 0.595006 secs using 398.4% CPU
Optimizing NNI: done in 0.557609 secs using 395.5% CPU
Optimizing NNI: done in 0.731132 secs using 396.2% CPU
Optimizing NNI: done in 0.845209 secs using 375.7% CPU
Optimizing NNI: done in 0.638148 secs using 397.6% CPU
TREE SEARCH COMPLETED AFTER 269 ITERATIONS / Time: 0h:3m:14s

--------------------------------------------------------------------
|                    FINALIZING TREE SEARCH                        |
--------------------------------------------------------------------
Performs final model parameters optimization
Estimate model parameters (epsilon = 0.010)
1. Initial log-likelihood: -3882.908
Optimal log-likelihood: -3882.905
Rate parameters:  A-C: 0.50079  A-G: 1.04260  A-T: 0.22977  C-G: 0.17002  C-T: 1.64501  G-T: 1.00000
Base frequencies:  A: 0.444  C: 0.148  G: 0.222  T: 0.187
Site proportion and rates:  (0.093,0.224) (0.141,0.643) (0.183,0.721) (0.204,0.781) (0.187,1.042) (0.191,2.103)
Parameters optimization took 1 rounds (0.394 sec)
BEST SCORE FOUND : -3882.905
Total tree length: 2.099

Total number of iterations: 269
CPU time used for tree search: 722.269 sec (0h:12m:2s)
Wall-clock time used for tree search: 190.666 sec (0h:3m:10s)
Total CPU time used: 734.025 sec (0h:12m:14s)
Total wall-clock time used: 194.551 sec (0h:3m:14s)

Analysis results written to: 
  IQ-TREE report:                IQTREE_bestTree.InWindow_4700_to_4950.iqtree
  Maximum-likelihood tree:       IQTREE_bestTree.InWindow_4700_to_4950.treefile
  Likelihood distances:          IQTREE_bestTree.InWindow_4700_to_4950.mldist
  Screen log file:               IQTREE_bestTree.InWindow_4700_to_4950.log

Date and Time: Sun Jul 23 04:27:37 2023
