IQ-TREE multicore version 2.2.2.7 COVID-edition for Linux 64-bit built Jun  7 2023
Developed by Bui Quang Minh, James Barbetti, Nguyen Lam Tung,
Olga Chernomor, Heiko Schmidt, Dominik Schrempf, Michael Woodhams, Ly Trong Nhan.

Host:    hpc-node03 (AVX2, FMA3, 1007 GB RAM)
Command: iqtree -s AlignedReadsInWindow_PositionsExcised_2300_to_2550.fasta -pre IQTREE_bestTree.InWindow_2300_to_2550 -m GTR+F+R6 -nt 4
Seed:    938875 (Using SPRNG - Scalable Parallel Random Number Generator)
Time:    Sun Jul 23 01:23:42 2023
Kernel:  AVX+FMA - 4 threads (4 CPU cores detected)

Reading alignment file AlignedReadsInWindow_PositionsExcised_2300_to_2550.fasta ... Fasta format detected
Reading fasta file: done in 0.00589001 secs
Alignment most likely contains DNA/RNA sequences
Constructing alignment: done in 0.00158772 secs using 414.4% CPU
Alignment has 710 sequences with 160 columns, 146 distinct patterns
110 parsimony-informative, 14 singleton sites, 36 constant sites
                                                            Gap/Ambiguity  Composition  p-value
Analyzing sequences: done in 0.00079768 secs using 984.5% CPU
   1  200724_20-08522_HIV11-02415_FL24_S18_L000_read_1_count_434   22.50%    passed     98.29%
   2  200724_20-08522_HIV11-02415_FL24_S18_L000_read_2_count_81    22.50%    passed     98.98%
   3  200724_20-08522_HIV11-02415_FL24_S18_L000_read_3_count_32    22.50%    passed     94.21%
   4  200724_20-08522_HIV11-02415_FL24_S18_L000_read_4_count_21    22.50%    passed     95.21%
   5  200724_20-08522_HIV11-02415_FL24_S18_L000_read_5_count_19    22.50%    passed     99.93%
   6  200724_20-08522_HIV11-02415_FL24_S18_L000_read_6_count_15    22.50%    passed     98.98%
   7  200724_20-08522_HIV11-02415_FL24_S18_L000_read_7_count_12    22.50%    passed     98.25%
   8  200724_20-08522_HIV11-02415_FL24_S18_L000_read_8_count_11    22.50%    passed     98.98%
   9  200724_20-08522_HIV11-02415_FL24_S18_L000_read_9_count_9     22.50%    passed     98.98%
  10  200724_20-08522_HIV11-02415_FL24_S18_L000_read_10_count_8    22.50%    passed     98.29%
  11  200724_20-08522_HIV11-02415_FL24_S18_L000_read_11_count_8    22.50%    passed     95.21%
  12  200724_20-08522_HIV11-02415_FL24_S18_L000_read_12_count_6    22.50%    passed     99.93%
  13  200724_20-08522_HIV11-02415_FL24_S18_L000_read_13_count_6    22.50%    passed     99.91%
  14  200724_20-08522_HIV11-02415_FL24_S18_L000_read_14_count_6    22.50%    passed     98.25%
  15  200724_20-08522_HIV11-02415_FL24_S18_L000_read_15_count_4    22.50%    passed     98.98%
  16  200724_20-08522_HIV11-02415_FL24_S18_L000_read_16_count_4    22.50%    passed     99.93%
  17  200724_20-08522_HIV11-02415_FL24_S18_L000_read_17_count_4    22.50%    passed     98.25%
  18  200724_20-08522_HIV11-02415_FL24_S18_L000_read_18_count_4    22.50%    passed     98.92%
  19  200724_20-08522_HIV11-02415_FL24_S18_L000_read_19_count_4    22.50%    passed     98.25%
  20  200724_20-08522_HIV11-02415_FL24_S18_L000_read_20_count_3    22.50%    passed     97.45%
  21  200724_20-08522_HIV11-02415_FL24_S18_L000_read_21_count_3    22.50%    passed     95.66%
  22  200724_20-08522_HIV11-02415_FL24_S18_L000_read_22_count_3    22.50%    passed     98.98%
  23  200724_20-08522_HIV11-02415_FL24_S18_L000_read_23_count_3    22.50%    passed     95.66%
  24  200724_20-08522_HIV11-02415_FL24_S18_L000_read_24_count_3    22.50%    passed     95.66%
  25  200724_20-08522_HIV11-02415_FL24_S18_L000_read_25_count_2    22.50%    passed     90.83%
  26  200724_20-08522_HIV11-02415_FL24_S18_L000_read_26_count_2    22.50%    passed     98.92%
  27  200724_20-08522_HIV11-02415_FL24_S18_L000_read_27_count_2    22.50%    passed     92.53%
  28  200724_20-08522_HIV11-02415_FL24_S18_L000_read_28_count_2    22.50%    passed     99.93%
  29  200724_20-08522_HIV11-02415_FL24_S18_L000_read_29_count_2    22.50%    passed     95.66%
  30  200724_20-08522_HIV11-02415_FL24_S18_L000_read_30_count_2    22.50%    passed     95.66%
  31  200724_20-08522_HIV11-02415_FL24_S18_L000_read_31_count_2    22.50%    passed     92.53%
  32  200724_20-08522_HIV11-02415_FL24_S18_L000_read_32_count_2    22.50%    passed     90.13%
  33  200724_20-08522_HIV11-02415_FL24_S18_L000_read_33_count_2    22.50%    passed     97.45%
  34  200724_20-08522_HIV11-02415_FL24_S18_L000_read_34_count_2    22.50%    passed     95.58%
  35  200724_20-08522_HIV11-02415_FL24_S18_L000_read_35_count_2    22.50%    passed     98.92%
  36  200724_20-08522_HIV11-02415_FL24_S18_L000_read_36_count_2    22.50%    passed     99.91%
  37  200724_20-08522_HIV11-02415_FL24_S18_L000_read_37_count_2    22.50%    passed     95.58%
  38  200724_20-08522_HIV11-02415_FL24_S18_L000_read_38_count_2    22.50%    passed     95.66%
  39  200724_20-08522_HIV11-02415_FL24_S18_L000_read_39_count_2    22.50%    passed     95.66%
  40  200724_20-08522_HIV11-02415_FL24_S18_L000_read_40_count_2    22.50%    passed     98.92%
  41  200724_20-08522_HIV11-02415_FL24_S18_L000_read_41_count_2    22.50%    passed     98.92%
  42  200724_20-08522_HIV11-02415_FL24_S18_L000_read_42_count_2    22.50%    passed     99.91%
  43  200724_20-08522_HIV11-02415_FL24_S18_L000_read_43_count_2    22.50%    passed     98.97%
  44  200724_20-08522_HIV11-02415_FL24_S18_L000_read_44_count_1    22.50%    passed     98.25%
  45  200724_20-08522_HIV11-02415_FL24_S18_L000_read_45_count_1    22.50%    passed     98.98%
  46  200724_20-08522_HIV11-02415_FL24_S18_L000_read_46_count_1    22.50%    passed     99.50%
  47  200724_20-08522_HIV11-02415_FL24_S18_L000_read_47_count_1    22.50%    passed     95.66%
  48  200724_20-08522_HIV11-02415_FL24_S18_L000_read_48_count_1    22.50%    passed     98.98%
  49  200724_20-08522_HIV11-02415_FL24_S18_L000_read_49_count_1    22.50%    passed     98.61%
  50  200724_20-08522_HIV11-02415_FL24_S18_L000_read_50_count_1    22.50%    passed     91.28%
  51  200724_20-08522_HIV11-02415_FL24_S18_L000_read_51_count_1    22.50%    passed     98.98%
  52  200724_20-08522_HIV11-02415_FL24_S18_L000_read_52_count_1    23.12%    passed     97.81%
  53  200724_20-08522_HIV11-02415_FL24_S18_L000_read_53_count_1    22.50%    passed     98.61%
  54  200724_20-08522_HIV11-02415_FL24_S18_L000_read_54_count_1    22.50%    passed     94.70%
  55  200724_20-08522_HIV11-02415_FL24_S18_L000_read_55_count_1    22.50%    passed     99.44%
  56  200724_20-08522_HIV11-02415_FL24_S18_L000_read_56_count_1    22.50%    passed     99.44%
  57  200724_20-08522_HIV11-02415_FL24_S18_L000_read_57_count_1    22.50%    passed     97.11%
  58  200724_20-08522_HIV11-02415_FL24_S18_L000_read_58_count_1    22.50%    passed     98.98%
  59  200724_20-08522_HIV11-02415_FL24_S18_L000_read_59_count_1    22.50%    passed     95.21%
  60  200724_20-08522_HIV11-02415_FL24_S18_L000_read_60_count_1    21.88%    passed     93.15%
  61  200724_20-08522_HIV11-02415_FL24_S18_L000_read_61_count_1    22.50%    passed     99.50%
  62  200724_20-08522_HIV11-02415_FL24_S18_L000_read_62_count_1    22.50%    passed     94.16%
  63  200724_20-08522_HIV11-02415_FL24_S18_L000_read_63_count_1    22.50%    passed     98.66%
  64  200724_20-08522_HIV11-02415_FL24_S18_L000_read_64_count_1    22.50%    passed     98.66%
  65  200724_20-08522_HIV11-02415_FL24_S18_L000_read_65_count_1    22.50%    passed     95.21%
  66  200724_20-08522_HIV11-02415_FL24_S18_L000_read_66_count_1    22.50%    passed     90.94%
  67  200724_20-08522_HIV11-02415_FL24_S18_L000_read_67_count_1    21.88%    passed     98.26%
  68  200724_20-08522_HIV11-02415_FL24_S18_L000_read_68_count_1    22.50%    passed     97.45%
  69  200724_20-08522_HIV11-02415_FL24_S18_L000_read_69_count_1    22.50%    passed     91.55%
  70  200724_20-08522_HIV11-02415_FL24_S18_L000_read_70_count_1    22.50%    passed     95.66%
  71  200724_20-08522_HIV11-02415_FL24_S18_L000_read_71_count_1    22.50%    passed     97.45%
  72  200724_20-08522_HIV11-02415_FL24_S18_L000_read_72_count_1    22.50%    passed     98.98%
  73  200724_20-08522_HIV11-02415_FL24_S18_L000_read_73_count_1    22.50%    passed     95.57%
  74  200724_20-08522_HIV11-02415_FL24_S18_L000_read_74_count_1    22.50%    passed     98.66%
  75  200724_20-08522_HIV11-02415_FL24_S18_L000_read_75_count_1    22.50%    passed     97.11%
  76  200724_20-08522_HIV11-02415_FL24_S18_L000_read_76_count_1    22.50%    passed     97.45%
  77  200724_20-08522_HIV11-02415_FL24_S18_L000_read_77_count_1    22.50%    passed     98.98%
  78  200724_20-08522_HIV11-02415_FL24_S18_L000_read_78_count_1    22.50%    passed     98.92%
  79  200724_20-08522_HIV11-02415_FL24_S18_L000_read_79_count_1    22.50%    passed     96.50%
  80  200724_20-08522_HIV11-02415_FL24_S18_L000_read_80_count_1    22.50%    passed     98.29%
  81  200724_20-08522_HIV11-02415_FL24_S18_L000_read_81_count_1    22.50%    passed     97.11%
  82  200724_20-08522_HIV11-02415_FL24_S18_L000_read_82_count_1    22.50%    passed     96.50%
  83  200724_20-08522_HIV11-02415_FL24_S18_L000_read_83_count_1    22.50%    passed     98.29%
  84  200724_20-08522_HIV11-02415_FL24_S18_L000_read_84_count_1    22.50%    passed     95.66%
  85  200724_20-08522_HIV11-02415_FL24_S18_L000_read_85_count_1    22.50%    passed     97.11%
  86  200724_20-08522_HIV11-02415_FL24_S18_L000_read_86_count_1    22.50%    passed     93.06%
  87  200724_20-08522_HIV11-02415_FL24_S18_L000_read_87_count_1    22.50%    passed     94.70%
  88  200724_20-08522_HIV11-02415_FL24_S18_L000_read_88_count_1    23.12%    passed     97.74%
  89  200724_20-08522_HIV11-02415_FL24_S18_L000_read_89_count_1    22.50%    passed     94.70%
  90  200724_20-08522_HIV11-02415_FL24_S18_L000_read_90_count_1    22.50%    passed     98.66%
  91  200724_20-08522_HIV11-02415_FL24_S18_L000_read_91_count_1    22.50%    passed     97.11%
  92  200724_20-08522_HIV11-02415_FL24_S18_L000_read_92_count_1    22.50%    passed     96.50%
  93  200724_20-08522_HIV11-02415_FL24_S18_L000_read_93_count_1    22.50%    passed     95.58%
  94  200724_20-08522_HIV11-02415_FL24_S18_L000_read_94_count_1    22.50%    passed     95.58%
  95  200724_20-08522_HIV11-02415_FL24_S18_L000_read_95_count_1    22.50%    passed     94.72%
  96  200724_20-08522_HIV11-02415_FL24_S18_L000_read_96_count_1    22.50%    passed     93.21%
  97  200724_20-08522_HIV11-02415_FL24_S18_L000_read_97_count_1    22.50%    passed     97.47%
  98  200724_20-08522_HIV11-02415_FL24_S18_L000_read_98_count_1    22.50%    passed     90.94%
  99  200724_20-08522_HIV11-02415_FL24_S18_L000_read_99_count_1    22.50%    passed     95.66%
 100  200724_20-08522_HIV11-02415_FL24_S18_L000_read_100_count_1   22.50%    passed     98.92%
 101  200724_20-08522_HIV11-02415_FL24_S18_L000_read_101_count_1   18.75%    passed     98.22%
 102  200724_20-08522_HIV11-02415_FL24_S18_L000_read_102_count_1   22.50%    passed     98.29%
 103  200724_20-08522_HIV11-02415_FL24_S18_L000_read_103_count_1   22.50%    passed     94.16%
 104  200724_20-08522_HIV11-02415_FL24_S18_L000_read_104_count_1   22.50%    passed     97.45%
 105  200724_20-08522_HIV11-02415_FL24_S18_L000_read_105_count_1   22.50%    passed     98.66%
 106  200724_20-08522_HIV11-02415_FL24_S18_L000_read_106_count_1   22.50%    passed     97.45%
 107  200724_20-08522_HIV11-02415_FL24_S18_L000_read_107_count_1   22.50%    passed     99.50%
 108  200724_20-08522_HIV11-02415_FL24_S18_L000_read_108_count_1   22.50%    passed     98.98%
 109  200724_20-08522_HIV11-02415_FL24_S18_L000_read_109_count_1   22.50%    passed     98.98%
 110  200724_20-08522_HIV11-02415_FL24_S18_L000_read_110_count_1   22.50%    passed     98.98%
 111  200724_20-08522_HIV11-02415_FL24_S18_L000_read_111_count_1   22.50%    passed     97.45%
 112  200724_20-08522_HIV11-02415_FL24_S18_L000_read_112_count_1   22.50%    passed     95.21%
 113  200724_20-08522_HIV11-02415_FL24_S18_L000_read_113_count_1   22.50%    passed     98.92%
 114  200724_20-08522_HIV11-02415_FL24_S18_L000_read_114_count_1   22.50%    passed     93.06%
 115  200724_20-08522_HIV11-02415_FL24_S18_L000_read_115_count_1   22.50%    passed     98.29%
 116  200724_20-08522_HIV11-02415_FL24_S18_L000_read_116_count_1   22.50%    passed     98.25%
 117  200724_20-08522_HIV11-02415_FL24_S18_L000_read_117_count_1   22.50%    passed     95.58%
 118  200724_20-08522_HIV11-02415_FL24_S18_L000_read_118_count_1   22.50%    passed     99.93%
 119  200724_20-08522_HIV11-02415_FL24_S18_L000_read_119_count_1   22.50%    passed     97.45%
 120  200724_20-08522_HIV11-02415_FL24_S18_L000_read_120_count_1   22.50%    passed     98.98%
 121  200724_20-08522_HIV11-02415_FL24_S18_L000_read_121_count_1   22.50%    passed     99.50%
 122  200724_20-08522_HIV11-02415_FL24_S18_L000_read_122_count_1   22.50%    passed     99.50%
 123  200724_20-08522_HIV11-02415_FL24_S18_L000_read_123_count_1   22.50%    passed     92.93%
 124  200724_20-08522_HIV11-02415_FL24_S18_L000_read_124_count_1   22.50%    passed     98.98%
 125  200724_20-08522_HIV11-02415_FL24_S18_L000_read_125_count_1   22.50%    passed     98.29%
 126  200724_20-08522_HIV11-02415_FL24_S18_L000_read_126_count_1   22.50%    passed     98.98%
 127  200724_20-08522_HIV11-02415_FL24_S18_L000_read_127_count_1   22.50%    passed     99.50%
 128  200724_20-08522_HIV11-02415_FL24_S18_L000_read_128_count_1   22.50%    passed     94.72%
 129  200724_20-08522_HIV11-02415_FL24_S18_L000_read_129_count_1   22.50%    passed     95.58%
 130  200724_20-08522_HIV11-02415_FL24_S18_L000_read_130_count_1   22.50%    passed     98.25%
 131  200724_20-08522_HIV11-02415_FL24_S18_L000_read_131_count_1   23.12%    passed     97.74%
 132  200724_20-08522_HIV11-02415_FL24_S18_L000_read_132_count_1   22.50%    passed     99.50%
 133  200724_20-08522_HIV11-02415_FL24_S18_L000_read_133_count_1   22.50%    passed     95.66%
 134  200724_20-08522_HIV11-02415_FL24_S18_L000_read_134_count_1   22.50%    passed     98.29%
 135  200724_20-08522_HIV11-02415_FL24_S18_L000_read_135_count_1   22.50%    passed     98.98%
 136  200724_20-08522_HIV11-02415_FL24_S18_L000_read_136_count_1   22.50%    passed     91.28%
 137  200724_20-08522_HIV11-02415_FL24_S18_L000_read_137_count_1   22.50%    passed     97.11%
 138  200724_20-08522_HIV11-02415_FL24_S18_L000_read_138_count_1   22.50%    passed     98.25%
 139  200724_20-08522_HIV11-02415_FL24_S18_L000_read_139_count_1   22.50%    passed     92.93%
 140  200724_20-08522_HIV11-02415_FL24_S18_L000_read_140_count_1   22.50%    passed     99.93%
 141  200724_20-08522_HIV11-02415_FL24_S18_L000_read_141_count_1   22.50%    passed     94.70%
 142  200724_20-08522_HIV11-02415_FL24_S18_L000_read_142_count_1   22.50%    passed     95.66%
 143  200724_20-08522_HIV11-02415_FL24_S18_L000_read_143_count_1   22.50%    passed     99.50%
 144  200724_20-08522_HIV11-02415_FL24_S18_L000_read_144_count_1   22.50%    passed     94.70%
 145  200724_20-08522_HIV11-02415_FL24_S18_L000_read_145_count_1   22.50%    passed     98.92%
 146  200724_20-08522_HIV11-02415_FL24_S18_L000_read_146_count_1   22.50%    passed     95.57%
 147  200724_20-08522_HIV11-02415_FL24_S18_L000_read_147_count_1   22.50%    passed     98.92%
 148  200724_20-08522_HIV11-02415_FL24_S18_L000_read_148_count_1   22.50%    passed     98.97%
 149  200724_20-08522_HIV11-02415_FL24_S18_L000_read_149_count_1   22.50%    passed     95.58%
 150  200724_20-08522_HIV11-02415_FL24_S18_L000_read_150_count_1   22.50%    passed     98.89%
 151  200724_20-08522_HIV11-02415_FL24_S18_L000_read_151_count_1   21.88%    passed     92.03%
 152  200724_20-08522_HIV11-02415_FL24_S18_L000_read_152_count_1   22.50%    passed     98.97%
 153  200724_20-08522_HIV11-02415_FL24_S18_L000_read_153_count_1   22.50%    passed     95.66%
 154  200724_20-08522_HIV11-02415_FL24_S18_L000_read_154_count_1   21.88%    passed     96.55%
 155  200724_20-08522_HIV11-02415_FL24_S18_L000_read_155_count_1   22.50%    passed     97.11%
 156  200724_20-08522_HIV11-02415_FL24_S18_L000_read_156_count_1   22.50%    passed     98.98%
 157  200724_20-08522_HIV11-02415_FL24_S18_L000_read_157_count_1   22.50%    passed     99.44%
 158  200724_20-08522_HIV11-02415_FL24_S18_L000_read_158_count_1   22.50%    passed     99.49%
 159  200724_20-08522_HIV11-02415_FL24_S18_L000_read_159_count_1   22.50%    passed     97.47%
 160  200724_20-08522_HIV11-02415_FL24_S18_L000_read_160_count_1   22.50%    passed     95.58%
 161  200724_20-08522_HIV11-02415_FL24_S18_L000_read_161_count_1   22.50%    passed     98.97%
 162  200724_20-08522_HIV11-02415_FL24_S18_L000_read_162_count_1   22.50%    passed     98.92%
 163  200724_20-08522_HIV11-02415_FL24_S18_L000_read_163_count_1   22.50%    passed     97.47%
 164  200724_20-08522_HIV11-02415_FL24_S18_L000_read_164_count_1   22.50%    passed     98.25%
 165  200724_20-08522_HIV11-02415_FL24_S18_L000_read_165_count_1   22.50%    passed     99.44%
 166  200724_20-08522_HIV11-02415_FL24_S18_L000_read_166_count_1   22.50%    passed     98.98%
 167  200724_20-08522_HIV11-02415_FL24_S18_L000_read_167_count_1   22.50%    passed     94.72%
 168  200724_20-08522_HIV11-02415_FL24_S18_L000_read_168_count_1   22.50%    passed     92.53%
 169  200724_20-08522_HIV11-02415_FL24_S18_L000_read_169_count_1   22.50%    passed     99.50%
 170  200724_20-08522_HIV11-02415_FL24_S18_L000_read_170_count_1   22.50%    passed     94.72%
 171  200724_20-08522_HIV11-02415_FL24_S18_L000_read_171_count_1   22.50%    passed     99.50%
 172  200724_20-08522_HIV11-02415_FL24_S18_L000_read_172_count_1   22.50%    passed     98.25%
 173  200724_20-08522_HIV11-02415_FL24_S18_L000_read_173_count_1   22.50%    passed     97.01%
 174  200724_20-08522_HIV11-02415_FL24_S18_L000_read_174_count_1   22.50%    passed     99.50%
 175  200724_20-08522_HIV11-02415_FL24_S18_L000_read_175_count_1   22.50%    passed     98.97%
 176  200724_20-08522_HIV11-02415_FL24_S18_L000_read_176_count_1   22.50%    passed     98.61%
 177  200724_20-08522_HIV11-02415_FL24_S18_L000_read_177_count_1   22.50%    passed     97.11%
 178  200724_20-08522_HIV11-02415_FL24_S18_L000_read_178_count_1   22.50%    passed     96.79%
 179  200724_20-08522_HIV11-02415_FL24_S18_L000_read_179_count_1   22.50%    passed     95.66%
 180  200724_20-08522_HIV11-02415_FL24_S18_L000_read_180_count_1   22.50%    passed     96.92%
 181  200724_20-08522_HIV11-02415_FL24_S18_L000_read_181_count_1   22.50%    passed     93.14%
 182  200724_20-08522_HIV11-02415_FL24_S18_L000_read_182_count_1   22.50%    passed     90.94%
 183  200724_20-08522_HIV11-02415_FL24_S18_L000_read_183_count_1   22.50%    passed     98.66%
 184  200724_20-08522_HIV11-02415_FL24_S18_L000_read_184_count_1   22.50%    passed     95.66%
 185  200724_20-08522_HIV11-02415_FL24_S18_L000_read_185_count_1   22.50%    passed     98.97%
 186  200724_20-08522_HIV11-02415_FL24_S18_L000_read_186_count_1   22.50%    passed     90.83%
 187  200724_20-08522_HIV11-02415_FL24_S18_L000_read_187_count_1   22.50%    passed     94.70%
 188  200724_20-08522_HIV11-02415_FL24_S18_L000_read_188_count_1   22.50%    passed     95.58%
 189  200724_20-08522_HIV11-02415_FL24_S18_L000_read_189_count_1   22.50%    passed     95.58%
 190  200724_20-08522_HIV11-02415_FL24_S18_L000_read_190_count_1   22.50%    passed     94.16%
 191  200724_20-08522_HIV11-02415_FL24_S18_L000_read_191_count_1   22.50%    passed     98.29%
 192  200724_20-08522_HIV11-02415_FL24_S18_L000_read_192_count_1   22.50%    passed     95.58%
 193  200724_20-08522_HIV11-02415_FL24_S18_L000_read_193_count_1   22.50%    passed     97.47%
 194  200724_20-08522_HIV11-02415_FL24_S18_L000_read_194_count_1   21.88%    passed     96.55%
 195  200724_20-08522_HIV11-02415_FL24_S18_L000_read_195_count_1   22.50%    passed     98.66%
 196  200724_20-08522_HIV11-02415_FL24_S18_L000_read_196_count_1   22.50%    passed     98.97%
 197  200724_20-08522_HIV11-02415_FL24_S18_L000_read_197_count_1   22.50%    passed     98.98%
 198  200724_20-08522_HIV11-02415_FL24_S18_L000_read_198_count_1   22.50%    passed     97.11%
 199  200724_20-08522_HIV11-02415_FL24_S18_L000_read_199_count_1   22.50%    passed     98.29%
 200  200724_20-08522_HIV11-02415_FL24_S18_L000_read_200_count_1   22.50%    passed     94.70%
 201  200724_20-08522_HIV11-02415_FL24_S18_L000_read_201_count_1   22.50%    passed     98.92%
 202  200709_20-07994_HIV07-01067_FL21_S1_L000_read_1_count_996    21.88%    passed     99.66%
 203  200709_20-07994_HIV07-01067_FL21_S1_L000_read_2_count_231    21.88%    passed     98.67%
 204  200709_20-07994_HIV07-01067_FL21_S1_L000_read_3_count_21     21.88%    passed     99.19%
 205  200709_20-07994_HIV07-01067_FL21_S1_L000_read_4_count_8      21.88%    passed     99.04%
 206  200709_20-07994_HIV07-01067_FL21_S1_L000_read_5_count_7      21.88%    passed     99.04%
 207  200709_20-07994_HIV07-01067_FL21_S1_L000_read_6_count_6      21.88%    passed     98.67%
 208  200709_20-07994_HIV07-01067_FL21_S1_L000_read_7_count_3      21.88%    passed     99.19%
 209  200709_20-07994_HIV07-01067_FL21_S1_L000_read_8_count_3      21.88%    passed     98.67%
 210  200709_20-07994_HIV07-01067_FL21_S1_L000_read_9_count_3      21.88%    passed     99.19%
 211  200709_20-07994_HIV07-01067_FL21_S1_L000_read_10_count_3     21.88%    passed     99.19%
 212  200709_20-07994_HIV07-01067_FL21_S1_L000_read_11_count_3     21.88%    passed     99.19%
 213  200709_20-07994_HIV07-01067_FL21_S1_L000_read_12_count_2     21.88%    passed     89.12%
 214  200709_20-07994_HIV07-01067_FL21_S1_L000_read_13_count_2     21.88%    passed     96.56%
 215  200709_20-07994_HIV07-01067_FL21_S1_L000_read_14_count_2     21.88%    passed     99.19%
 216  200709_20-07994_HIV07-01067_FL21_S1_L000_read_15_count_2     21.88%    passed     93.96%
 217  200709_20-07994_HIV07-01067_FL21_S1_L000_read_16_count_2     21.88%    passed     99.04%
 218  200709_20-07994_HIV07-01067_FL21_S1_L000_read_17_count_2     21.88%    passed     99.04%
 219  200709_20-07994_HIV07-01067_FL21_S1_L000_read_18_count_2     21.88%    passed     99.04%
 220  200709_20-07994_HIV07-01067_FL21_S1_L000_read_19_count_2     21.88%    passed     98.01%
 221  200709_20-07994_HIV07-01067_FL21_S1_L000_read_20_count_2     21.88%    passed     99.71%
 222  200709_20-07994_HIV07-01067_FL21_S1_L000_read_21_count_2     21.88%    passed     99.04%
 223  200709_20-07994_HIV07-01067_FL21_S1_L000_read_22_count_2     21.88%    passed     98.54%
 224  200709_20-07994_HIV07-01067_FL21_S1_L000_read_23_count_2     21.88%    passed     99.86%
 225  200709_20-07994_HIV07-01067_FL21_S1_L000_read_24_count_2     21.88%    passed     98.54%
 226  200709_20-07994_HIV07-01067_FL21_S1_L000_read_25_count_2     21.88%    passed     98.01%
 227  200709_20-07994_HIV07-01067_FL21_S1_L000_read_26_count_1     21.88%    passed     99.04%
 228  200709_20-07994_HIV07-01067_FL21_S1_L000_read_27_count_1     22.50%    passed     99.07%
 229  200709_20-07994_HIV07-01067_FL21_S1_L000_read_28_count_1     21.88%    passed     98.54%
 230  200709_20-07994_HIV07-01067_FL21_S1_L000_read_29_count_1     22.50%    passed     95.70%
 231  200709_20-07994_HIV07-01067_FL21_S1_L000_read_30_count_1     21.88%    passed     99.04%
 232  200709_20-07994_HIV07-01067_FL21_S1_L000_read_31_count_1     20.62%    passed     99.27%
 233  200709_20-07994_HIV07-01067_FL21_S1_L000_read_32_count_1     21.88%    passed     99.04%
 234  200709_20-07994_HIV07-01067_FL21_S1_L000_read_33_count_1     21.88%    passed     98.01%
 235  200709_20-07994_HIV07-01067_FL21_S1_L000_read_34_count_1     17.50%    passed     98.58%
 236  200709_20-07994_HIV07-01067_FL21_S1_L000_read_35_count_1     21.88%    passed     97.57%
 237  200709_20-07994_HIV07-01067_FL21_S1_L000_read_36_count_1     21.88%    passed     97.82%
 238  200709_20-07994_HIV07-01067_FL21_S1_L000_read_37_count_1     21.88%    passed     93.96%
 239  200709_20-07994_HIV07-01067_FL21_S1_L000_read_38_count_1     21.88%    passed     97.57%
 240  200709_20-07994_HIV07-01067_FL21_S1_L000_read_39_count_1     21.88%    passed     97.57%
 241  200709_20-07994_HIV07-01067_FL21_S1_L000_read_40_count_1     21.88%    passed     98.67%
 242  200709_20-07994_HIV07-01067_FL21_S1_L000_read_41_count_1     22.50%    passed     99.07%
 243  200709_20-07994_HIV07-01067_FL21_S1_L000_read_42_count_1     22.50%    passed     99.18%
 244  200709_20-07994_HIV07-01067_FL21_S1_L000_read_43_count_1     21.88%    passed     94.95%
 245  200709_20-07994_HIV07-01067_FL21_S1_L000_read_44_count_1     21.88%    passed     99.04%
 246  200709_20-07994_HIV07-01067_FL21_S1_L000_read_45_count_1     21.88%    passed     99.71%
 247  200709_20-07994_HIV07-01067_FL21_S1_L000_read_46_count_1     21.88%    passed     93.96%
 248  200709_20-07994_HIV07-01067_FL21_S1_L000_read_47_count_1     22.50%    passed     99.18%
 249  200709_20-07994_HIV07-01067_FL21_S1_L000_read_48_count_1     21.88%    passed     99.66%
 250  200709_20-07994_HIV07-01067_FL21_S1_L000_read_49_count_1     21.88%    passed     91.25%
 251  200709_20-07994_HIV07-01067_FL21_S1_L000_read_50_count_1     22.50%    passed     99.18%
 252  200709_20-07994_HIV07-01067_FL21_S1_L000_read_51_count_1     21.88%    passed     99.04%
 253  200709_20-07994_HIV07-01067_FL21_S1_L000_read_52_count_1     21.88%    passed     97.57%
 254  200709_20-07994_HIV07-01067_FL21_S1_L000_read_53_count_1     21.88%    passed     98.54%
 255  200709_20-07994_HIV07-01067_FL21_S1_L000_read_54_count_1     21.88%    passed     99.04%
 256  200709_20-07994_HIV07-01067_FL21_S1_L000_read_55_count_1     21.88%    passed     97.82%
 257  200709_20-07994_HIV07-01067_FL21_S1_L000_read_56_count_1     21.88%    passed     98.54%
 258  200709_20-07994_HIV07-01067_FL21_S1_L000_read_57_count_1     21.88%    passed     97.43%
 259  200709_20-07994_HIV07-01067_FL21_S1_L000_read_58_count_1     21.88%    passed     97.71%
 260  200709_20-07994_HIV07-01067_FL21_S1_L000_read_59_count_1     21.88%    passed     99.86%
 261  200709_20-07994_HIV07-01067_FL21_S1_L000_read_60_count_1     21.88%    passed     98.54%
 262  200709_20-07994_HIV07-01067_FL21_S1_L000_read_61_count_1     21.88%    passed     99.19%
 263  200709_20-07994_HIV07-01067_FL21_S1_L000_read_62_count_1     21.88%    passed     96.56%
 264  200709_20-07994_HIV07-01067_FL21_S1_L000_read_63_count_1     21.88%    passed     99.04%
 265  200709_20-07994_HIV07-01067_FL21_S1_L000_read_64_count_1     21.88%    passed     99.19%
 266  200709_20-07994_HIV07-01067_FL21_S1_L000_read_65_count_1     21.88%    passed     99.19%
 267  200709_20-07994_HIV07-01067_FL21_S1_L000_read_66_count_1     21.88%    passed     99.04%
 268  200709_20-07994_HIV07-01067_FL21_S1_L000_read_67_count_1     21.88%    passed     97.57%
 269  200709_20-07994_HIV07-01067_FL21_S1_L000_read_68_count_1     21.88%    passed     99.66%
 270  200709_20-07994_HIV07-01067_FL21_S1_L000_read_69_count_1     21.88%    passed     99.19%
 271  200709_20-07994_HIV07-01067_FL21_S1_L000_read_70_count_1     21.88%    passed     97.71%
 272  200709_20-07994_HIV07-01067_FL21_S1_L000_read_71_count_1     21.88%    passed     99.19%
 273  200709_20-07994_HIV07-01067_FL21_S1_L000_read_72_count_1     21.88%    passed     97.57%
 274  200709_20-07994_HIV07-01067_FL21_S1_L000_read_73_count_1     21.88%    passed     97.71%
 275  200709_20-07994_HIV07-01067_FL21_S1_L000_read_74_count_1     21.88%    passed     97.71%
 276  200709_20-07994_HIV07-01067_FL21_S1_L000_read_75_count_1     21.88%    passed     99.86%
 277  200709_20-07994_HIV07-01067_FL21_S1_L000_read_76_count_1     21.88%    passed     98.01%
 278  200709_20-07994_HIV07-01067_FL21_S1_L000_read_77_count_1     21.88%    passed     96.56%
 279  200709_20-07994_HIV07-01067_FL21_S1_L000_read_78_count_1     21.88%    passed     98.67%
 280  200709_20-07994_HIV07-01067_FL21_S1_L000_read_79_count_1     21.88%    passed     82.81%
 281  200709_20-07994_HIV07-01067_FL21_S1_L000_read_80_count_1     21.88%    passed     99.04%
 282  200709_20-07994_HIV07-01067_FL21_S1_L000_read_81_count_1     21.88%    passed     99.88%
 283  200709_20-07994_HIV07-01067_FL21_S1_L000_read_82_count_1     21.88%    passed     97.00%
 284  200709_20-07994_HIV07-01067_FL21_S1_L000_read_83_count_1     21.88%    passed     99.86%
 285  200709_20-07994_HIV07-01067_FL21_S1_L000_read_84_count_1     21.88%    passed     99.04%
 286  200709_20-07994_HIV07-01067_FL21_S1_L000_read_85_count_1     21.88%    passed     99.04%
 287  200709_20-07994_HIV07-01067_FL21_S1_L000_read_86_count_1     21.88%    passed     97.57%
 288  200709_20-07994_HIV07-01067_FL21_S1_L000_read_87_count_1     21.88%    passed     99.04%
 289  200709_20-07994_HIV07-01067_FL21_S1_L000_read_88_count_1     21.88%    passed     97.57%
 290  200709_20-07994_HIV07-01067_FL21_S1_L000_read_89_count_1     21.88%    passed     99.71%
 291  200709_20-07994_HIV07-01067_FL21_S1_L000_read_90_count_1     21.88%    passed     97.82%
 292  200709_20-07994_HIV07-01067_FL21_S1_L000_read_91_count_1     21.88%    passed     93.96%
 293  200709_20-07994_HIV07-01067_FL21_S1_L000_read_92_count_1     21.88%    passed     98.67%
 294  200709_20-07994_HIV07-01067_FL21_S1_L000_read_93_count_1     21.88%    passed     99.04%
 295  200709_20-07994_HIV07-01067_FL21_S1_L000_read_94_count_1     21.88%    passed     97.00%
 296  200709_20-07994_HIV07-01067_FL21_S1_L000_read_95_count_1     21.88%    passed     97.82%
 297  200709_20-07994_HIV07-01067_FL21_S1_L000_read_96_count_1     21.88%    passed     98.54%
 298  200709_20-07994_HIV07-01067_FL21_S1_L000_read_97_count_1     21.88%    passed     94.05%
 299  200709_20-07994_HIV07-01067_FL21_S1_L000_read_98_count_1     21.88%    passed     99.88%
 300  200709_20-07994_HIV07-01067_FL21_S1_L000_read_99_count_1     21.88%    passed     97.43%
 301  200709_20-07994_HIV07-01067_FL21_S1_L000_read_100_count_1    21.88%    passed     99.88%
 302  200709_20-07994_HIV07-01067_FL21_S1_L000_read_101_count_1    21.88%    passed     97.71%
 303  200709_20-07994_HIV07-01067_FL21_S1_L000_read_102_count_1    21.88%    passed     99.04%
 304  200709_20-07994_HIV07-01067_FL21_S1_L000_read_103_count_1    21.88%    passed     99.19%
 305  200709_20-07994_HIV07-01067_FL21_S1_L000_read_104_count_1    21.88%    passed     97.57%
 306  200709_20-07994_HIV07-01067_FL21_S1_L000_read_105_count_1    21.88%    passed     97.82%
 307  200709_20-07994_HIV07-01067_FL21_S1_L000_read_106_count_1    21.88%    passed     97.57%
 308  200709_20-07994_HIV07-01067_FL21_S1_L000_read_107_count_1    21.88%    passed     99.04%
 309  200709_20-07994_HIV07-01067_FL21_S1_L000_read_108_count_1    21.88%    passed     97.71%
 310  200709_20-07994_HIV07-01067_FL21_S1_L000_read_109_count_1    21.88%    passed     99.19%
 311  200709_20-07994_HIV07-01067_FL21_S1_L000_read_110_count_1    21.88%    passed     99.66%
 312  200709_20-07994_HIV07-01067_FL21_S1_L000_read_111_count_1    21.88%    passed     97.57%
 313  200709_20-07994_HIV07-01067_FL21_S1_L000_read_112_count_1    21.88%    passed     99.19%
 314  200709_20-07994_HIV07-01067_FL21_S1_L000_read_113_count_1    21.88%    passed     85.32%
 315  200709_20-07994_HIV07-01067_FL21_S1_L000_read_114_count_1    21.88%    passed     93.96%
 316  200709_20-07994_HIV07-01067_FL21_S1_L000_read_115_count_1    21.88%    passed     99.19%
 317  200709_20-07994_HIV07-01067_FL21_S1_L000_read_116_count_1    21.88%    passed     97.82%
 318  200709_20-07994_HIV07-01067_FL21_S1_L000_read_117_count_1    21.88%    passed     99.19%
 319  200709_20-07994_HIV07-01067_FL21_S1_L000_read_118_count_1    21.88%    passed     92.63%
 320  200709_20-07994_HIV07-01067_FL21_S1_L000_read_119_count_1    21.88%    passed     99.86%
 321  200709_20-07994_HIV07-01067_FL21_S1_L000_read_120_count_1    21.88%    passed     99.86%
 322  200709_20-07994_HIV07-01067_FL21_S1_L000_read_121_count_1    21.88%    passed     99.19%
 323  200703_20-07825_HIV09-00618_FL18_S6_L000_read_1_count_1376   22.50%    passed     99.88%
 324  200703_20-07825_HIV09-00618_FL18_S6_L000_read_2_count_8      22.50%    passed     99.35%
 325  200703_20-07825_HIV09-00618_FL18_S6_L000_read_3_count_6      22.50%    passed     99.74%
 326  200703_20-07825_HIV09-00618_FL18_S6_L000_read_4_count_5      22.50%    passed     99.49%
 327  200703_20-07825_HIV09-00618_FL18_S6_L000_read_5_count_5      22.50%    passed     97.91%
 328  200703_20-07825_HIV09-00618_FL18_S6_L000_read_6_count_4      22.50%    passed     99.49%
 329  200703_20-07825_HIV09-00618_FL18_S6_L000_read_7_count_4      22.50%    passed     99.74%
 330  200703_20-07825_HIV09-00618_FL18_S6_L000_read_8_count_4      22.50%    passed     99.35%
 331  200703_20-07825_HIV09-00618_FL18_S6_L000_read_9_count_4      22.50%    passed     99.49%
 332  200703_20-07825_HIV09-00618_FL18_S6_L000_read_10_count_3     22.50%    passed     97.91%
 333  200703_20-07825_HIV09-00618_FL18_S6_L000_read_11_count_3     22.50%    passed     99.49%
 334  200703_20-07825_HIV09-00618_FL18_S6_L000_read_12_count_3     22.50%    passed     99.35%
 335  200703_20-07825_HIV09-00618_FL18_S6_L000_read_13_count_3     22.50%    passed     97.91%
 336  200703_20-07825_HIV09-00618_FL18_S6_L000_read_14_count_2     22.50%    passed     99.49%
 337  200703_20-07825_HIV09-00618_FL18_S6_L000_read_15_count_2     20.62%    passed     99.04%
 338  200703_20-07825_HIV09-00618_FL18_S6_L000_read_16_count_2     22.50%    passed     99.49%
 339  200703_20-07825_HIV09-00618_FL18_S6_L000_read_17_count_2     22.50%    passed     97.98%
 340  200703_20-07825_HIV09-00618_FL18_S6_L000_read_18_count_2     22.50%    passed     99.49%
 341  200703_20-07825_HIV09-00618_FL18_S6_L000_read_19_count_2     22.50%    passed     99.74%
 342  200703_20-07825_HIV09-00618_FL18_S6_L000_read_20_count_2     22.50%    passed     99.44%
 343  200703_20-07825_HIV09-00618_FL18_S6_L000_read_21_count_2     22.50%    passed     99.35%
 344  200703_20-07825_HIV09-00618_FL18_S6_L000_read_22_count_2     22.50%    passed     97.91%
 345  200703_20-07825_HIV09-00618_FL18_S6_L000_read_23_count_2     22.50%    passed     99.49%
 346  200703_20-07825_HIV09-00618_FL18_S6_L000_read_24_count_2     22.50%    passed     99.44%
 347  200703_20-07825_HIV09-00618_FL18_S6_L000_read_25_count_2     22.50%    passed     99.35%
 348  200703_20-07825_HIV09-00618_FL18_S6_L000_read_26_count_2     22.50%    passed     97.84%
 349  200703_20-07825_HIV09-00618_FL18_S6_L000_read_27_count_2     22.50%    passed     99.49%
 350  200703_20-07825_HIV09-00618_FL18_S6_L000_read_28_count_2     22.50%    passed     99.18%
 351  200703_20-07825_HIV09-00618_FL18_S6_L000_read_29_count_1     22.50%    passed     97.98%
 352  200703_20-07825_HIV09-00618_FL18_S6_L000_read_30_count_1     22.50%    passed     97.91%
 353  200703_20-07825_HIV09-00618_FL18_S6_L000_read_31_count_1     22.50%    passed     97.98%
 354  200703_20-07825_HIV09-00618_FL18_S6_L000_read_32_count_1     22.50%    passed     97.91%
 355  200703_20-07825_HIV09-00618_FL18_S6_L000_read_33_count_1     22.50%    passed     99.35%
 356  200703_20-07825_HIV09-00618_FL18_S6_L000_read_34_count_1     22.50%    passed     99.88%
 357  200703_20-07825_HIV09-00618_FL18_S6_L000_read_35_count_1     22.50%    passed     99.49%
 358  200703_20-07825_HIV09-00618_FL18_S6_L000_read_36_count_1     22.50%    passed     99.40%
 359  200703_20-07825_HIV09-00618_FL18_S6_L000_read_37_count_1     22.50%    passed     97.84%
 360  200703_20-07825_HIV09-00618_FL18_S6_L000_read_38_count_1     22.50%    passed     99.91%
 361  200703_20-07825_HIV09-00618_FL18_S6_L000_read_39_count_1     22.50%    passed     99.91%
 362  200703_20-07825_HIV09-00618_FL18_S6_L000_read_40_count_1     22.50%    passed     97.91%
 363  200703_20-07825_HIV09-00618_FL18_S6_L000_read_41_count_1     22.50%    passed     99.07%
 364  200703_20-07825_HIV09-00618_FL18_S6_L000_read_42_count_1     22.50%    passed     97.98%
 365  200703_20-07825_HIV09-00618_FL18_S6_L000_read_43_count_1     23.12%    passed     99.64%
 366  200703_20-07825_HIV09-00618_FL18_S6_L000_read_44_count_1     22.50%    passed     99.74%
 367  200703_20-07825_HIV09-00618_FL18_S6_L000_read_45_count_1     22.50%    passed     99.35%
 368  200703_20-07825_HIV09-00618_FL18_S6_L000_read_46_count_1     22.50%    passed     99.44%
 369  200703_20-07825_HIV09-00618_FL18_S6_L000_read_47_count_1     22.50%    passed     99.35%
 370  200703_20-07825_HIV09-00618_FL18_S6_L000_read_48_count_1     22.50%    passed     99.49%
 371  200703_20-07825_HIV09-00618_FL18_S6_L000_read_49_count_1     22.50%    passed     99.49%
 372  200703_20-07825_HIV09-00618_FL18_S6_L000_read_50_count_1     22.50%    passed     99.49%
 373  200703_20-07825_HIV09-00618_FL18_S6_L000_read_51_count_1     22.50%    passed     99.35%
 374  200703_20-07825_HIV09-00618_FL18_S6_L000_read_52_count_1     22.50%    passed     99.18%
 375  200703_20-07825_HIV09-00618_FL18_S6_L000_read_53_count_1     22.50%    passed     99.91%
 376  200703_20-07825_HIV09-00618_FL18_S6_L000_read_54_count_1     22.50%    passed     99.18%
 377  200703_20-07825_HIV09-00618_FL18_S6_L000_read_55_count_1     22.50%    passed     99.44%
 378  200703_20-07825_HIV09-00618_FL18_S6_L000_read_56_count_1     22.50%    passed     99.44%
 379  200703_20-07825_HIV09-00618_FL18_S6_L000_read_57_count_1     22.50%    passed     99.35%
 380  200703_20-07825_HIV09-00618_FL18_S6_L000_read_58_count_1     22.50%    passed     99.07%
 381  200703_20-07825_HIV09-00618_FL18_S6_L000_read_59_count_1     22.50%    passed     99.49%
 382  200703_20-07825_HIV09-00618_FL18_S6_L000_read_60_count_1     22.50%    passed     99.49%
 383  200703_20-07825_HIV09-00618_FL18_S6_L000_read_61_count_1     22.50%    passed     99.07%
 384  200703_20-07825_HIV09-00618_FL18_S6_L000_read_62_count_1     22.50%    passed     99.35%
 385  200703_20-07825_HIV09-00618_FL18_S6_L000_read_63_count_1     22.50%    passed     99.07%
 386  200703_20-07825_HIV09-00618_FL18_S6_L000_read_64_count_1     22.50%    passed     99.49%
 387  200703_20-07825_HIV09-00618_FL18_S6_L000_read_65_count_1     22.50%    passed     99.40%
 388  200703_20-07825_HIV09-00618_FL18_S6_L000_read_66_count_1     22.50%    passed     99.88%
 389  200703_20-07825_HIV09-00618_FL18_S6_L000_read_67_count_1     23.12%    passed     99.64%
 390  200703_20-07825_HIV09-00618_FL18_S6_L000_read_68_count_1     22.50%    passed     98.14%
 391  200703_20-07825_HIV09-00618_FL18_S6_L000_read_69_count_1     22.50%    passed     97.91%
 392  200703_20-07825_HIV09-00618_FL18_S6_L000_read_70_count_1     22.50%    passed     99.35%
 393  200703_20-07825_HIV09-00618_FL18_S6_L000_read_71_count_1     22.50%    passed     97.17%
 394  200703_20-07825_HIV09-00618_FL18_S6_L000_read_72_count_1     22.50%    passed     97.98%
 395  200703_20-07825_HIV09-00618_FL18_S6_L000_read_73_count_1     21.88%    passed     99.88%
 396  200703_20-07825_HIV09-00618_FL18_S6_L000_read_74_count_1     22.50%    passed     99.18%
 397  200703_20-07825_HIV09-00618_FL18_S6_L000_read_75_count_1     22.50%    passed     99.07%
 398  200703_20-07825_HIV09-00618_FL18_S6_L000_read_76_count_1     22.50%    passed     99.91%
 399  200703_20-07825_HIV09-00618_FL18_S6_L000_read_77_count_1     22.50%    passed     99.74%
 400  200703_20-07825_HIV09-00618_FL18_S6_L000_read_78_count_1     22.50%    passed     99.91%
 401  200703_20-07825_HIV09-00618_FL18_S6_L000_read_79_count_1     22.50%    passed     99.18%
 402  200703_20-07825_HIV09-00618_FL18_S6_L000_read_80_count_1     22.50%    passed     99.91%
 403  200703_20-07825_HIV09-00618_FL18_S6_L000_read_81_count_1     21.25%    passed     97.10%
 404  200703_20-07825_HIV09-00618_FL18_S6_L000_read_82_count_1     22.50%    passed     99.49%
 405  200703_20-07825_HIV09-00618_FL18_S6_L000_read_83_count_1     23.12%    passed     99.60%
 406  200703_20-07825_HIV09-00618_FL18_S6_L000_read_84_count_1     22.50%    passed     97.91%
 407  200703_20-07825_HIV09-00618_FL18_S6_L000_read_85_count_1     22.50%    passed     99.07%
 408  200703_20-07825_HIV09-00618_FL18_S6_L000_read_86_count_1     22.50%    passed     99.35%
 409  200703_20-07825_HIV09-00618_FL18_S6_L000_read_87_count_1     22.50%    passed     99.49%
 410  200703_20-07825_HIV09-00618_FL18_S6_L000_read_88_count_1     22.50%    passed     97.01%
 411  200703_20-07825_HIV09-00618_FL18_S6_L000_read_89_count_1     22.50%    passed     99.18%
 412  200703_20-07825_HIV09-00618_FL18_S6_L000_read_90_count_1     22.50%    passed     97.91%
 413  200703_20-07825_HIV09-00618_FL18_S6_L000_read_91_count_1     20.62%    passed     99.09%
 414  200703_20-07825_HIV09-00618_FL18_S6_L000_read_92_count_1     22.50%    passed     97.83%
 415  200703_20-07825_HIV09-00618_FL18_S6_L000_read_93_count_1     22.50%    passed     97.84%
 416  200703_20-07825_HIV09-00618_FL18_S6_L000_read_94_count_1     22.50%    passed     99.49%
 417  200703_20-07825_HIV09-00618_FL18_S6_L000_read_95_count_1     22.50%    passed     99.35%
 418  200703_20-07825_HIV09-00618_FL18_S6_L000_read_96_count_1     22.50%    passed     99.40%
 419  200703_20-07825_HIV09-00618_FL18_S6_L000_read_97_count_1     22.50%    passed     99.35%
 420  200703_20-07825_HIV09-00618_FL18_S6_L000_read_98_count_1     22.50%    passed     97.98%
 421  200703_20-07825_HIV09-00618_FL18_S6_L000_read_99_count_1     22.50%    passed     99.35%
 422  200703_20-07825_HIV09-00618_FL18_S6_L000_read_100_count_1    22.50%    passed     99.44%
 423  200703_20-07825_HIV09-00618_FL18_S6_L000_read_101_count_1    22.50%    passed     99.18%
 424  200703_20-07825_HIV09-00618_FL18_S6_L000_read_102_count_1    22.50%    passed     97.91%
 425  200703_20-07825_HIV09-00618_FL18_S6_L000_read_103_count_1    22.50%    passed     96.96%
 426  200703_20-07825_HIV09-00618_FL18_S6_L000_read_104_count_1    22.50%    passed     99.74%
 427  200703_20-07825_HIV09-00618_FL18_S6_L000_read_105_count_1    22.50%    passed     99.74%
 428  200703_20-07825_HIV09-00618_FL18_S6_L000_read_106_count_1    22.50%    passed     99.44%
 429  200703_20-07825_HIV09-00618_FL18_S6_L000_read_107_count_1    23.12%    passed     99.60%
 430  200703_20-07825_HIV09-00618_FL18_S6_L000_read_108_count_1    22.50%    passed     99.91%
 431  200703_20-07825_HIV09-00618_FL18_S6_L000_read_109_count_1    22.50%    passed     97.91%
 432  200703_20-07825_HIV09-00618_FL18_S6_L000_read_110_count_1    22.50%    passed     99.44%
 433  200703_20-07825_HIV09-00618_FL18_S6_L000_read_111_count_1    22.50%    passed     99.18%
 434  200703_20-07825_HIV09-00618_FL18_S6_L000_read_112_count_1    22.50%    passed     99.49%
 435  200703_20-07825_HIV09-00618_FL18_S6_L000_read_113_count_1    22.50%    passed     99.35%
 436  200703_20-07825_HIV09-00618_FL18_S6_L000_read_114_count_1    22.50%    passed     97.91%
 437  200814_20-09728_HIV09-02843_FL30_S2_L000_read_1_count_985    22.50%    passed     99.44%
 438  200814_20-09728_HIV09-02843_FL30_S2_L000_read_2_count_167    22.50%    passed     99.40%
 439  200814_20-09728_HIV09-02843_FL30_S2_L000_read_3_count_64     22.50%    passed     98.14%
 440  200814_20-09728_HIV09-02843_FL30_S2_L000_read_4_count_59     22.50%    passed     99.44%
 441  200814_20-09728_HIV09-02843_FL30_S2_L000_read_5_count_38     22.50%    passed     98.14%
 442  200814_20-09728_HIV09-02843_FL30_S2_L000_read_6_count_35     22.50%    passed     97.97%
 443  200814_20-09728_HIV09-02843_FL30_S2_L000_read_7_count_34     22.50%    passed     98.14%
 444  200814_20-09728_HIV09-02843_FL30_S2_L000_read_8_count_28     22.50%    passed     99.40%
 445  200814_20-09728_HIV09-02843_FL30_S2_L000_read_9_count_22     22.50%    passed     91.39%
 446  200814_20-09728_HIV09-02843_FL30_S2_L000_read_10_count_19    22.50%    passed     99.40%
 447  200814_20-09728_HIV09-02843_FL30_S2_L000_read_11_count_18    22.50%    passed     99.40%
 448  200814_20-09728_HIV09-02843_FL30_S2_L000_read_12_count_13    22.50%    passed     97.65%
 449  200814_20-09728_HIV09-02843_FL30_S2_L000_read_13_count_11    22.50%    passed     99.88%
 450  200814_20-09728_HIV09-02843_FL30_S2_L000_read_14_count_8     22.50%    passed     97.97%
 451  200814_20-09728_HIV09-02843_FL30_S2_L000_read_15_count_7     22.50%    passed     99.93%
 452  200814_20-09728_HIV09-02843_FL30_S2_L000_read_16_count_5     22.50%    passed     99.93%
 453  200814_20-09728_HIV09-02843_FL30_S2_L000_read_17_count_5     22.50%    passed     95.70%
 454  200814_20-09728_HIV09-02843_FL30_S2_L000_read_18_count_4     22.50%    passed     95.70%
 455  200814_20-09728_HIV09-02843_FL30_S2_L000_read_19_count_3     22.50%    passed     95.70%
 456  200814_20-09728_HIV09-02843_FL30_S2_L000_read_20_count_3     22.50%    passed     99.49%
 457  200814_20-09728_HIV09-02843_FL30_S2_L000_read_21_count_3     22.50%    passed     99.88%
 458  200814_20-09728_HIV09-02843_FL30_S2_L000_read_22_count_3     22.50%    passed     98.14%
 459  200814_20-09728_HIV09-02843_FL30_S2_L000_read_23_count_2     22.50%    passed     99.93%
 460  200814_20-09728_HIV09-02843_FL30_S2_L000_read_24_count_2     22.50%    passed     99.91%
 461  200814_20-09728_HIV09-02843_FL30_S2_L000_read_25_count_2     22.50%    passed     95.70%
 462  200814_20-09728_HIV09-02843_FL30_S2_L000_read_26_count_2     22.50%    passed     99.50%
 463  200814_20-09728_HIV09-02843_FL30_S2_L000_read_27_count_2     22.50%    passed     99.93%
 464  200814_20-09728_HIV09-02843_FL30_S2_L000_read_28_count_2     22.50%    passed     99.50%
 465  200814_20-09728_HIV09-02843_FL30_S2_L000_read_29_count_2     22.50%    passed     99.35%
 466  200814_20-09728_HIV09-02843_FL30_S2_L000_read_30_count_2     22.50%    passed     98.14%
 467  200814_20-09728_HIV09-02843_FL30_S2_L000_read_31_count_2     22.50%    passed     96.79%
 468  200814_20-09728_HIV09-02843_FL30_S2_L000_read_32_count_2     22.50%    passed     99.88%
 469  200814_20-09728_HIV09-02843_FL30_S2_L000_read_33_count_1     22.50%    passed     98.14%
 470  200814_20-09728_HIV09-02843_FL30_S2_L000_read_34_count_1     23.12%    passed     99.10%
 471  200814_20-09728_HIV09-02843_FL30_S2_L000_read_35_count_1     22.50%    passed     98.14%
 472  200814_20-09728_HIV09-02843_FL30_S2_L000_read_36_count_1     22.50%    passed     99.88%
 473  200814_20-09728_HIV09-02843_FL30_S2_L000_read_37_count_1     22.50%    passed     99.40%
 474  200814_20-09728_HIV09-02843_FL30_S2_L000_read_38_count_1     22.50%    passed     98.14%
 475  200814_20-09728_HIV09-02843_FL30_S2_L000_read_39_count_1     22.50%    passed     98.14%
 476  200814_20-09728_HIV09-02843_FL30_S2_L000_read_40_count_1     23.12%    passed     99.60%
 477  200814_20-09728_HIV09-02843_FL30_S2_L000_read_41_count_1     22.50%    passed     99.88%
 478  200814_20-09728_HIV09-02843_FL30_S2_L000_read_42_count_1     22.50%    passed     94.40%
 479  200814_20-09728_HIV09-02843_FL30_S2_L000_read_43_count_1     21.88%    passed     98.81%
 480  200814_20-09728_HIV09-02843_FL30_S2_L000_read_44_count_1     22.50%    passed     96.96%
 481  200814_20-09728_HIV09-02843_FL30_S2_L000_read_45_count_1     22.50%    passed     99.50%
 482  200814_20-09728_HIV09-02843_FL30_S2_L000_read_46_count_1     22.50%    passed     95.70%
 483  200814_20-09728_HIV09-02843_FL30_S2_L000_read_47_count_1     22.50%    passed     97.17%
 484  200814_20-09728_HIV09-02843_FL30_S2_L000_read_48_count_1     22.50%    passed     94.52%
 485  200814_20-09728_HIV09-02843_FL30_S2_L000_read_49_count_1     22.50%    passed     83.61%
 486  200814_20-09728_HIV09-02843_FL30_S2_L000_read_50_count_1     22.50%    passed     93.85%
 487  200814_20-09728_HIV09-02843_FL30_S2_L000_read_51_count_1     22.50%    passed     98.92%
 488  200814_20-09728_HIV09-02843_FL30_S2_L000_read_52_count_1     22.50%    passed     95.70%
 489  200814_20-09728_HIV09-02843_FL30_S2_L000_read_53_count_1     22.50%    passed     96.79%
 490  200814_20-09728_HIV09-02843_FL30_S2_L000_read_54_count_1     22.50%    passed     99.44%
 491  200814_20-09728_HIV09-02843_FL30_S2_L000_read_55_count_1     22.50%    passed     94.52%
 492  200814_20-09728_HIV09-02843_FL30_S2_L000_read_56_count_1     22.50%    passed     99.49%
 493  200814_20-09728_HIV09-02843_FL30_S2_L000_read_57_count_1     22.50%    passed     99.88%
 494  200814_20-09728_HIV09-02843_FL30_S2_L000_read_58_count_1     22.50%    passed     95.70%
 495  200814_20-09728_HIV09-02843_FL30_S2_L000_read_59_count_1     22.50%    passed     99.40%
 496  200814_20-09728_HIV09-02843_FL30_S2_L000_read_60_count_1     22.50%    passed     95.63%
 497  200814_20-09728_HIV09-02843_FL30_S2_L000_read_61_count_1     22.50%    passed     97.65%
 498  200814_20-09728_HIV09-02843_FL30_S2_L000_read_62_count_1     22.50%    passed     99.49%
 499  200814_20-09728_HIV09-02843_FL30_S2_L000_read_63_count_1     22.50%    passed     96.92%
 500  200814_20-09728_HIV09-02843_FL30_S2_L000_read_64_count_1     22.50%    passed     96.96%
 501  200814_20-09728_HIV09-02843_FL30_S2_L000_read_65_count_1     22.50%    passed     99.49%
 502  200814_20-09728_HIV09-02843_FL30_S2_L000_read_66_count_1     22.50%    passed     97.17%
 503  200814_20-09728_HIV09-02843_FL30_S2_L000_read_67_count_1     22.50%    passed     96.79%
 504  200814_20-09728_HIV09-02843_FL30_S2_L000_read_68_count_1     22.50%    passed     99.50%
 505  200814_20-09728_HIV09-02843_FL30_S2_L000_read_69_count_1     22.50%    passed     99.50%
 506  200814_20-09728_HIV09-02843_FL30_S2_L000_read_70_count_1     22.50%    passed     98.14%
 507  200814_20-09728_HIV09-02843_FL30_S2_L000_read_71_count_1     22.50%    passed     96.96%
 508  200814_20-09728_HIV09-02843_FL30_S2_L000_read_72_count_1     23.12%    passed     99.10%
 509  200814_20-09728_HIV09-02843_FL30_S2_L000_read_73_count_1     22.50%    passed     95.70%
 510  200814_20-09728_HIV09-02843_FL30_S2_L000_read_74_count_1     22.50%    passed     99.88%
 511  200814_20-09728_HIV09-02843_FL30_S2_L000_read_75_count_1     22.50%    passed     99.35%
 512  200814_20-09728_HIV09-02843_FL30_S2_L000_read_76_count_1     22.50%    passed     94.52%
 513  200814_20-09728_HIV09-02843_FL30_S2_L000_read_77_count_1     22.50%    passed     98.14%
 514  200814_20-09728_HIV09-02843_FL30_S2_L000_read_78_count_1     22.50%    passed     99.93%
 515  200814_20-09728_HIV09-02843_FL30_S2_L000_read_79_count_1     22.50%    passed     97.91%
 516  200814_20-09728_HIV09-02843_FL30_S2_L000_read_80_count_1     22.50%    passed     97.65%
 517  200814_20-09728_HIV09-02843_FL30_S2_L000_read_81_count_1     22.50%    passed     99.40%
 518  200814_20-09728_HIV09-02843_FL30_S2_L000_read_82_count_1     22.50%    passed     95.70%
 519  200814_20-09728_HIV09-02843_FL30_S2_L000_read_83_count_1     22.50%    passed     99.93%
 520  200814_20-09728_HIV09-02843_FL30_S2_L000_read_84_count_1     22.50%    passed     99.88%
 521  200814_20-09728_HIV09-02843_FL30_S2_L000_read_85_count_1     22.50%    passed     97.43%
 522  200814_20-09728_HIV09-02843_FL30_S2_L000_read_86_count_1     22.50%    passed     98.14%
 523  200814_20-09728_HIV09-02843_FL30_S2_L000_read_87_count_1     22.50%    passed     99.93%
 524  200814_20-09728_HIV09-02843_FL30_S2_L000_read_88_count_1     22.50%    passed     99.35%
 525  200814_20-09728_HIV09-02843_FL30_S2_L000_read_89_count_1     22.50%    passed     95.63%
 526  200814_20-09728_HIV09-02843_FL30_S2_L000_read_90_count_1     22.50%    passed     98.14%
 527  200814_20-09728_HIV09-02843_FL30_S2_L000_read_91_count_1     22.50%    passed     96.79%
 528  200814_20-09728_HIV09-02843_FL30_S2_L000_read_92_count_1     22.50%    passed     99.44%
 529  200814_20-09728_HIV09-02843_FL30_S2_L000_read_93_count_1     22.50%    passed     99.50%
 530  200814_20-09728_HIV09-02843_FL30_S2_L000_read_94_count_1     22.50%    passed     97.43%
 531  200814_20-09728_HIV09-02843_FL30_S2_L000_read_95_count_1     22.50%    passed     98.89%
 532  200814_20-09728_HIV09-02843_FL30_S2_L000_read_96_count_1     22.50%    passed     98.14%
 533  200814_20-09728_HIV09-02843_FL30_S2_L000_read_97_count_1     22.50%    passed     97.97%
 534  200814_20-09728_HIV09-02843_FL30_S2_L000_read_98_count_1     22.50%    passed     99.40%
 535  200814_20-09728_HIV09-02843_FL30_S2_L000_read_99_count_1     22.50%    passed     96.79%
 536  200814_20-09728_HIV09-02843_FL30_S2_L000_read_100_count_1    22.50%    passed     98.14%
 537  200814_20-09728_HIV09-02843_FL30_S2_L000_read_101_count_1    22.50%    passed     97.91%
 538  200814_20-09728_HIV09-02843_FL30_S2_L000_read_102_count_1    23.12%    passed     99.60%
 539  200814_20-09728_HIV09-02843_FL30_S2_L000_read_103_count_1    22.50%    passed     99.88%
 540  200814_20-09728_HIV09-02843_FL30_S2_L000_read_104_count_1    22.50%    passed     97.65%
 541  200814_20-09728_HIV09-02843_FL30_S2_L000_read_105_count_1    20.62%    passed     97.89%
 542  200814_20-09728_HIV09-02843_FL30_S2_L000_read_106_count_1    22.50%    passed     95.70%
 543  200814_20-09728_HIV09-02843_FL30_S2_L000_read_107_count_1    22.50%    passed     93.72%
 544  200814_20-09728_HIV09-02843_FL30_S2_L000_read_108_count_1    22.50%    passed     93.49%
 545  200814_20-09728_HIV09-02843_FL30_S2_L000_read_109_count_1    22.50%    passed     98.14%
 546  200814_20-09728_HIV09-02843_FL30_S2_L000_read_110_count_1    22.50%    passed     98.14%
 547  200814_20-09728_HIV09-02843_FL30_S2_L000_read_111_count_1    22.50%    passed     97.17%
 548  200814_20-09728_HIV09-02843_FL30_S2_L000_read_112_count_1    22.50%    passed     99.49%
 549  200814_20-09728_HIV09-02843_FL30_S2_L000_read_113_count_1    22.50%    passed     99.40%
 550  200814_20-09728_HIV09-02843_FL30_S2_L000_read_114_count_1    22.50%    passed     97.43%
 551  200814_20-09728_HIV09-02843_FL30_S2_L000_read_115_count_1    22.50%    passed     99.35%
 552  200814_20-09728_HIV09-02843_FL30_S2_L000_read_116_count_1    22.50%    passed     98.89%
 553  200814_20-09728_HIV09-02843_FL30_S2_L000_read_117_count_1    22.50%    passed     99.88%
 554  200814_20-09728_HIV09-02843_FL30_S2_L000_read_118_count_1    22.50%    passed     99.93%
 555  200814_20-09728_HIV09-02843_FL30_S2_L000_read_119_count_1    21.88%    passed     96.29%
 556  200814_20-09728_HIV09-02843_FL30_S2_L000_read_120_count_1    22.50%    passed     98.14%
 557  200814_20-09728_HIV09-02843_FL30_S2_L000_read_121_count_1    22.50%    passed     99.49%
 558  200814_20-09728_HIV09-02843_FL30_S2_L000_read_122_count_1    22.50%    passed     96.79%
 559  200814_20-09728_HIV09-02843_FL30_S2_L000_read_123_count_1    23.12%    passed     96.22%
 560  200814_20-09728_HIV09-02843_FL30_S2_L000_read_124_count_1    22.50%    passed     99.88%
 561  200814_20-09728_HIV09-02843_FL30_S2_L000_read_125_count_1    22.50%    passed     97.91%
 562  200814_20-09728_HIV09-02843_FL30_S2_L000_read_126_count_1    22.50%    passed     97.65%
 563  200814_20-09728_HIV09-02843_FL30_S2_L000_read_127_count_1    22.50%    passed     99.40%
 564  200814_20-09728_HIV09-02843_FL30_S2_L000_read_128_count_1    22.50%    passed     99.40%
 565  200814_20-09728_HIV09-02843_FL30_S2_L000_read_129_count_1    22.50%    passed     99.88%
 566  200814_20-09728_HIV09-02843_FL30_S2_L000_read_130_count_1    22.50%    passed     97.97%
 567  200814_20-09728_HIV09-02843_FL30_S2_L000_read_131_count_1    22.50%    passed     98.92%
 568  200814_20-09728_HIV09-02843_FL30_S2_L000_read_132_count_1    23.12%    passed     96.82%
 569  200814_20-09728_HIV09-02843_FL30_S2_L000_read_133_count_1    22.50%    passed     93.72%
 570  200814_20-09728_HIV09-02843_FL30_S2_L000_read_134_count_1    22.50%    passed     97.91%
 571  200814_20-09728_HIV09-02843_FL30_S2_L000_read_135_count_1    22.50%    passed     93.85%
 572  200814_20-09728_HIV09-02843_FL30_S2_L000_read_136_count_1    22.50%    passed     95.70%
 573  200814_20-09728_HIV09-02843_FL30_S2_L000_read_137_count_1    22.50%    passed     99.44%
 574  200814_20-09728_HIV09-02843_FL30_S2_L000_read_138_count_1    22.50%    passed     99.44%
 575  200814_20-09728_HIV09-02843_FL30_S2_L000_read_139_count_1    22.50%    passed     97.65%
 576  200814_20-09728_HIV09-02843_FL30_S2_L000_read_140_count_1    22.50%    passed     99.88%
 577  200814_20-09728_HIV09-02843_FL30_S2_L000_read_141_count_1    22.50%    passed     99.50%
 578  200814_20-09728_HIV09-02843_FL30_S2_L000_read_142_count_1    22.50%    passed     96.79%
 579  200814_20-09728_HIV09-02843_FL30_S2_L000_read_143_count_1    22.50%    passed     95.70%
 580  200724_20-08518_HIV10-02405_FL24_S14_L000_read_1_count_701   22.50%    passed     99.14%
 581  200724_20-08518_HIV10-02405_FL24_S14_L000_read_2_count_42    22.50%    passed     97.69%
 582  200724_20-08518_HIV10-02405_FL24_S14_L000_read_3_count_24    22.50%    passed     96.69%
 583  200724_20-08518_HIV10-02405_FL24_S14_L000_read_4_count_20    22.50%    passed     99.74%
 584  200724_20-08518_HIV10-02405_FL24_S14_L000_read_5_count_9     22.50%    passed     99.35%
 585  200724_20-08518_HIV10-02405_FL24_S14_L000_read_6_count_8     22.50%    passed     96.69%
 586  200724_20-08518_HIV10-02405_FL24_S14_L000_read_7_count_7     22.50%    passed     96.69%
 587  200724_20-08518_HIV10-02405_FL24_S14_L000_read_8_count_7     22.50%    passed     96.69%
 588  200724_20-08518_HIV10-02405_FL24_S14_L000_read_9_count_7     22.50%    passed     99.35%
 589  200724_20-08518_HIV10-02405_FL24_S14_L000_read_10_count_6    22.50%    passed     96.69%
 590  200724_20-08518_HIV10-02405_FL24_S14_L000_read_11_count_6    22.50%    passed     99.35%
 591  200724_20-08518_HIV10-02405_FL24_S14_L000_read_12_count_5    22.50%    passed     99.74%
 592  200724_20-08518_HIV10-02405_FL24_S14_L000_read_13_count_5    22.50%    passed     99.91%
 593  200724_20-08518_HIV10-02405_FL24_S14_L000_read_14_count_5    22.50%    passed     99.35%
 594  200724_20-08518_HIV10-02405_FL24_S14_L000_read_15_count_5    22.50%    passed     96.69%
 595  200724_20-08518_HIV10-02405_FL24_S14_L000_read_16_count_5    22.50%    passed     99.74%
 596  200724_20-08518_HIV10-02405_FL24_S14_L000_read_17_count_5    22.50%    passed     98.83%
 597  200724_20-08518_HIV10-02405_FL24_S14_L000_read_18_count_5    22.50%    passed     99.35%
 598  200724_20-08518_HIV10-02405_FL24_S14_L000_read_19_count_5    22.50%    passed     97.01%
 599  200724_20-08518_HIV10-02405_FL24_S14_L000_read_20_count_4    22.50%    passed     95.97%
 600  200724_20-08518_HIV10-02405_FL24_S14_L000_read_21_count_4    22.50%    passed     99.07%
 601  200724_20-08518_HIV10-02405_FL24_S14_L000_read_22_count_4    22.50%    passed     96.69%
 602  200724_20-08518_HIV10-02405_FL24_S14_L000_read_23_count_3    22.50%    passed     97.69%
 603  200724_20-08518_HIV10-02405_FL24_S14_L000_read_24_count_3    22.50%    passed     99.74%
 604  200724_20-08518_HIV10-02405_FL24_S14_L000_read_25_count_3    22.50%    passed     95.72%
 605  200724_20-08518_HIV10-02405_FL24_S14_L000_read_26_count_3    22.50%    passed     99.74%
 606  200724_20-08518_HIV10-02405_FL24_S14_L000_read_27_count_3    22.50%    passed     95.72%
 607  200724_20-08518_HIV10-02405_FL24_S14_L000_read_28_count_3    22.50%    passed     99.14%
 608  200724_20-08518_HIV10-02405_FL24_S14_L000_read_29_count_2    22.50%    passed     96.69%
 609  200724_20-08518_HIV10-02405_FL24_S14_L000_read_30_count_2    22.50%    passed     99.74%
 610  200724_20-08518_HIV10-02405_FL24_S14_L000_read_31_count_2    22.50%    passed     99.07%
 611  200724_20-08518_HIV10-02405_FL24_S14_L000_read_32_count_2    22.50%    passed     99.35%
 612  200724_20-08518_HIV10-02405_FL24_S14_L000_read_33_count_2    22.50%    passed     96.92%
 613  200724_20-08518_HIV10-02405_FL24_S14_L000_read_34_count_2    22.50%    passed     91.36%
 614  200724_20-08518_HIV10-02405_FL24_S14_L000_read_35_count_2    22.50%    passed     99.91%
 615  200724_20-08518_HIV10-02405_FL24_S14_L000_read_36_count_2    22.50%    passed     99.35%
 616  200724_20-08518_HIV10-02405_FL24_S14_L000_read_37_count_2    22.50%    passed     99.91%
 617  200724_20-08518_HIV10-02405_FL24_S14_L000_read_38_count_2    22.50%    passed     99.74%
 618  200724_20-08518_HIV10-02405_FL24_S14_L000_read_39_count_2    22.50%    passed     96.69%
 619  200724_20-08518_HIV10-02405_FL24_S14_L000_read_40_count_2    22.50%    passed     99.35%
 620  200724_20-08518_HIV10-02405_FL24_S14_L000_read_41_count_2    23.12%    passed     99.36%
 621  200724_20-08518_HIV10-02405_FL24_S14_L000_read_42_count_2    22.50%    passed     99.74%
 622  200724_20-08518_HIV10-02405_FL24_S14_L000_read_43_count_2    22.50%    passed     99.74%
 623  200724_20-08518_HIV10-02405_FL24_S14_L000_read_44_count_2    22.50%    passed     99.91%
 624  200724_20-08518_HIV10-02405_FL24_S14_L000_read_45_count_2    22.50%    passed     99.74%
 625  200724_20-08518_HIV10-02405_FL24_S14_L000_read_46_count_2    22.50%    passed     99.35%
 626  200724_20-08518_HIV10-02405_FL24_S14_L000_read_47_count_2    22.50%    passed     99.74%
 627  200724_20-08518_HIV10-02405_FL24_S14_L000_read_48_count_1    22.50%    passed     97.83%
 628  200724_20-08518_HIV10-02405_FL24_S14_L000_read_49_count_1    22.50%    passed     99.88%
 629  200724_20-08518_HIV10-02405_FL24_S14_L000_read_50_count_1    22.50%    passed     95.72%
 630  200724_20-08518_HIV10-02405_FL24_S14_L000_read_51_count_1    22.50%    passed     95.72%
 631  200724_20-08518_HIV10-02405_FL24_S14_L000_read_52_count_1    22.50%    passed     95.97%
 632  200724_20-08518_HIV10-02405_FL24_S14_L000_read_53_count_1    22.50%    passed     99.29%
 633  200724_20-08518_HIV10-02405_FL24_S14_L000_read_54_count_1    23.12%    passed     99.46%
 634  200724_20-08518_HIV10-02405_FL24_S14_L000_read_55_count_1    22.50%    passed     99.74%
 635  200724_20-08518_HIV10-02405_FL24_S14_L000_read_56_count_1    22.50%    passed     99.35%
 636  200724_20-08518_HIV10-02405_FL24_S14_L000_read_57_count_1    23.12%    passed     99.36%
 637  200724_20-08518_HIV10-02405_FL24_S14_L000_read_58_count_1    22.50%    passed     95.72%
 638  200724_20-08518_HIV10-02405_FL24_S14_L000_read_59_count_1    22.50%    passed     92.74%
 639  200724_20-08518_HIV10-02405_FL24_S14_L000_read_60_count_1    22.50%    passed     95.72%
 640  200724_20-08518_HIV10-02405_FL24_S14_L000_read_61_count_1    22.50%    passed     98.83%
 641  200724_20-08518_HIV10-02405_FL24_S14_L000_read_62_count_1    22.50%    passed     99.07%
 642  200724_20-08518_HIV10-02405_FL24_S14_L000_read_63_count_1    22.50%    passed     95.97%
 643  200724_20-08518_HIV10-02405_FL24_S14_L000_read_64_count_1    22.50%    passed     99.74%
 644  200724_20-08518_HIV10-02405_FL24_S14_L000_read_65_count_1    22.50%    passed     99.35%
 645  200724_20-08518_HIV10-02405_FL24_S14_L000_read_66_count_1    22.50%    passed     99.29%
 646  200724_20-08518_HIV10-02405_FL24_S14_L000_read_67_count_1    22.50%    passed     99.91%
 647  200724_20-08518_HIV10-02405_FL24_S14_L000_read_68_count_1    22.50%    passed     99.14%
 648  200724_20-08518_HIV10-02405_FL24_S14_L000_read_69_count_1    22.50%    passed     98.25%
 649  200724_20-08518_HIV10-02405_FL24_S14_L000_read_70_count_1    22.50%    passed     99.74%
 650  200724_20-08518_HIV10-02405_FL24_S14_L000_read_71_count_1    22.50%    passed     97.01%
 651  200724_20-08518_HIV10-02405_FL24_S14_L000_read_72_count_1    22.50%    passed     96.69%
 652  200724_20-08518_HIV10-02405_FL24_S14_L000_read_73_count_1    22.50%    passed     95.72%
 653  200724_20-08518_HIV10-02405_FL24_S14_L000_read_74_count_1    23.12%    passed     99.36%
 654  200724_20-08518_HIV10-02405_FL24_S14_L000_read_75_count_1    22.50%    passed     95.72%
 655  200724_20-08518_HIV10-02405_FL24_S14_L000_read_76_count_1    22.50%    passed     99.74%
 656  200724_20-08518_HIV10-02405_FL24_S14_L000_read_77_count_1    22.50%    passed     99.91%
 657  200724_20-08518_HIV10-02405_FL24_S14_L000_read_78_count_1    22.50%    passed     99.35%
 658  200724_20-08518_HIV10-02405_FL24_S14_L000_read_79_count_1    17.50%    passed     94.90%
 659  200724_20-08518_HIV10-02405_FL24_S14_L000_read_80_count_1    22.50%    passed     99.35%
 660  200724_20-08518_HIV10-02405_FL24_S14_L000_read_81_count_1    22.50%    passed     99.29%
 661  200724_20-08518_HIV10-02405_FL24_S14_L000_read_82_count_1    22.50%    passed     91.36%
 662  200724_20-08518_HIV10-02405_FL24_S14_L000_read_83_count_1    22.50%    passed     96.61%
 663  200724_20-08518_HIV10-02405_FL24_S14_L000_read_84_count_1    22.50%    passed     97.43%
 664  200724_20-08518_HIV10-02405_FL24_S14_L000_read_85_count_1    23.12%    passed     99.36%
 665  200724_20-08518_HIV10-02405_FL24_S14_L000_read_86_count_1    22.50%    passed     93.34%
 666  200724_20-08518_HIV10-02405_FL24_S14_L000_read_87_count_1    22.50%    passed     91.36%
 667  200724_20-08518_HIV10-02405_FL24_S14_L000_read_88_count_1    22.50%    passed     95.32%
 668  200724_20-08518_HIV10-02405_FL24_S14_L000_read_89_count_1    22.50%    passed     96.92%
 669  200724_20-08518_HIV10-02405_FL24_S14_L000_read_90_count_1    22.50%    passed     99.91%
 670  200724_20-08518_HIV10-02405_FL24_S14_L000_read_91_count_1    22.50%    passed     99.07%
 671  200724_20-08518_HIV10-02405_FL24_S14_L000_read_92_count_1    22.50%    passed     97.43%
 672  200724_20-08518_HIV10-02405_FL24_S14_L000_read_93_count_1    22.50%    passed     93.39%
 673  200724_20-08518_HIV10-02405_FL24_S14_L000_read_94_count_1    22.50%    passed     99.18%
 674  200724_20-08518_HIV10-02405_FL24_S14_L000_read_95_count_1    22.50%    passed     98.83%
 675  200724_20-08518_HIV10-02405_FL24_S14_L000_read_96_count_1    22.50%    passed     95.97%
 676  200724_20-08518_HIV10-02405_FL24_S14_L000_read_97_count_1    22.50%    passed     96.69%
 677  200724_20-08518_HIV10-02405_FL24_S14_L000_read_98_count_1    22.50%    passed     99.14%
 678  200724_20-08518_HIV10-02405_FL24_S14_L000_read_99_count_1    21.88%    passed     98.47%
 679  200724_20-08518_HIV10-02405_FL24_S14_L000_read_100_count_1   22.50%    passed     99.74%
 680  200724_20-08518_HIV10-02405_FL24_S14_L000_read_101_count_1   22.50%    passed     96.69%
 681  200724_20-08518_HIV10-02405_FL24_S14_L000_read_102_count_1   22.50%    passed     98.83%
 682  200724_20-08518_HIV10-02405_FL24_S14_L000_read_103_count_1   22.50%    passed     96.69%
 683  200724_20-08518_HIV10-02405_FL24_S14_L000_read_104_count_1   22.50%    passed     99.74%
 684  200724_20-08518_HIV10-02405_FL24_S14_L000_read_105_count_1   22.50%    passed     99.74%
 685  200724_20-08518_HIV10-02405_FL24_S14_L000_read_106_count_1   22.50%    passed     99.50%
 686  200724_20-08518_HIV10-02405_FL24_S14_L000_read_107_count_1   23.12%    passed     98.03%
 687  200724_20-08518_HIV10-02405_FL24_S14_L000_read_108_count_1   22.50%    passed     99.29%
 688  200724_20-08518_HIV10-02405_FL24_S14_L000_read_109_count_1   22.50%    passed     96.69%
 689  200724_20-08518_HIV10-02405_FL24_S14_L000_read_110_count_1   22.50%    passed     99.91%
 690  200724_20-08518_HIV10-02405_FL24_S14_L000_read_111_count_1   22.50%    passed     91.36%
 691  200724_20-08518_HIV10-02405_FL24_S14_L000_read_112_count_1   22.50%    passed     99.74%
 692  200724_20-08518_HIV10-02405_FL24_S14_L000_read_113_count_1   22.50%    passed     95.72%
 693  200724_20-08518_HIV10-02405_FL24_S14_L000_read_114_count_1   22.50%    passed     92.82%
 694  200724_20-08518_HIV10-02405_FL24_S14_L000_read_115_count_1   22.50%    passed     95.97%
 695  200724_20-08518_HIV10-02405_FL24_S14_L000_read_116_count_1   22.50%    passed     99.93%
 696  200724_20-08518_HIV10-02405_FL24_S14_L000_read_117_count_1   22.50%    passed     99.14%
 697  200724_20-08518_HIV10-02405_FL24_S14_L000_read_118_count_1   22.50%    passed     88.33%
 698  200724_20-08518_HIV10-02405_FL24_S14_L000_read_119_count_1   22.50%    passed     96.69%
 699  200724_20-08518_HIV10-02405_FL24_S14_L000_read_120_count_1   22.50%    passed     98.61%
 700  200724_20-08518_HIV10-02405_FL24_S14_L000_read_121_count_1   22.50%    passed     96.69%
 701  200724_20-08518_HIV10-02405_FL24_S14_L000_read_122_count_1   22.50%    passed     97.83%
 702  200724_20-08518_HIV10-02405_FL24_S14_L000_read_123_count_1   22.50%    passed     99.50%
 703  200724_20-08518_HIV10-02405_FL24_S14_L000_read_124_count_1   22.50%    passed     96.69%
 704  200724_20-08518_HIV10-02405_FL24_S14_L000_read_125_count_1   22.50%    passed     99.40%
 705  200724_20-08518_HIV10-02405_FL24_S14_L000_read_126_count_1   22.50%    passed     96.69%
 706  200724_20-08518_HIV10-02405_FL24_S14_L000_read_127_count_1   22.50%    passed     97.83%
 707  200724_20-08518_HIV10-02405_FL24_S14_L000_read_128_count_1   22.50%    passed     95.97%
 708  200724_20-08518_HIV10-02405_FL24_S14_L000_read_129_count_1   22.50%    passed     97.69%
 709  B.FR.83.HXB2_LAI_IIIB_BRU.K03455                             22.50%    passed     99.14%
 710  C.BW.00.00BW07621.AF443088                                   22.50%    passed     90.13%
****  TOTAL                                                        22.38%  0 sequences failed composition chi2 test (p-value<5%; df=3)
NOTE: B.FR.83.HXB2_LAI_IIIB_BRU.K03455 is identical to 200724_20-08518_HIV10-02405_FL24_S14_L000_read_1_count_701 but kept for subsequent analysis
Checking for duplicate sequences: done in 0.00212722 secs using 30.7% CPU

Create initial parsimony tree by phylogenetic likelihood library (PLL)... 0.074 seconds

NOTE: 20 MB RAM (0 GB) is required!
WARNING: Number of threads seems too high for short alignments. Use -T AUTO to determine best number of threads.
Estimate model parameters (epsilon = 0.100)
1. Initial log-likelihood: -5164.794
2. Current log-likelihood: -5016.409
3. Current log-likelihood: -5015.945
Optimal log-likelihood: -5015.854
Rate parameters:  A-C: 0.90043  A-G: 1.75589  A-T: 0.67298  C-G: 0.24545  C-T: 2.81049  G-T: 1.00000
Base frequencies:  A: 0.333  C: 0.156  G: 0.301  T: 0.210
Site proportion and rates:  (0.053,0.468) (0.128,0.488) (0.193,0.543) (0.224,0.814) (0.271,1.282) (0.132,2.119)
Parameters optimization took 3 rounds (2.531 sec)
Wrote distance file to... 
Computing ML distances based on estimated model parameters...
Calculating distance matrix: done in 0.624666 secs using 388.3% CPU
Computing ML distances took 0.664312 sec (of wall-clock time) 2.529607 sec (of CPU time)
Setting up auxiliary I and S matrices: done in 0.0141303 secs using 237.8% CPU
Constructing RapidNJ tree: done in 1.97468 secs using 109.1% CPU
Computing RapidNJ tree took 1.988961 sec (of wall-clock time) 2.187218 sec (of CPU time)
Log-likelihood of RapidNJ tree: -4982.009
--------------------------------------------------------------------
|             INITIALIZING CANDIDATE TREE SET                      |
--------------------------------------------------------------------
Generating 98 parsimony trees... 7.866 second
Computing log-likelihood of 98 initial trees ... 6.158 seconds
Current best score: -4982.009

Do NNI search on 20 best initial trees
Optimizing NNI: done in 0.714212 secs using 394% CPU
Estimate model parameters (epsilon = 0.100)
BETTER TREE FOUND at iteration 1: -4945.655
Optimizing NNI: done in 0.782362 secs using 393% CPU
Optimizing NNI: done in 1.06116 secs using 393.9% CPU
Optimizing NNI: done in 0.788094 secs using 394.9% CPU
Optimizing NNI: done in 0.892827 secs using 392.7% CPU
Optimizing NNI: done in 1.02142 secs using 391.4% CPU
Optimizing NNI: done in 1.11096 secs using 381.4% CPU
Optimizing NNI: done in 0.839264 secs using 394.6% CPU
Optimizing NNI: done in 0.699281 secs using 395% CPU
Optimizing NNI: done in 0.988168 secs using 393% CPU
Iteration 10 / LogL: -4990.148 / Time: 0h:0m:31s
Optimizing NNI: done in 1.26703 secs using 393.2% CPU
Optimizing NNI: done in 1.30384 secs using 383.4% CPU
Optimizing NNI: done in 0.822928 secs using 395.4% CPU
Optimizing NNI: done in 0.976629 secs using 393.8% CPU
Optimizing NNI: done in 0.83998 secs using 392% CPU
Optimizing NNI: done in 0.972454 secs using 392.9% CPU
Optimizing NNI: done in 1.48645 secs using 383% CPU
Optimizing NNI: done in 1.29287 secs using 393.2% CPU
Optimizing NNI: done in 1.46144 secs using 393.4% CPU
Optimizing NNI: done in 0.994102 secs using 390.4% CPU
Iteration 20 / LogL: -4994.680 / Time: 0h:0m:42s
Finish initializing candidate tree set (20)
Current best tree score: -4945.655 / CPU time: 36.703
Number of iterations: 20
--------------------------------------------------------------------
|               OPTIMIZING CANDIDATE TREE SET                      |
--------------------------------------------------------------------
Optimizing NNI: done in 1.01881 secs using 392.9% CPU
Optimizing NNI: done in 1.25867 secs using 383.2% CPU
Optimizing NNI: done in 1.28368 secs using 394% CPU
Optimizing NNI: done in 1.1773 secs using 394.3% CPU
Optimizing NNI: done in 1.11833 secs using 392.7% CPU
Optimizing NNI: done in 1.0886 secs using 378% CPU
Optimizing NNI: done in 1.46933 secs using 392.3% CPU
Optimizing NNI: done in 1.25954 secs using 393.7% CPU
Optimizing NNI: done in 1.16343 secs using 395.3% CPU
Optimizing NNI: done in 1.16617 secs using 380.8% CPU
Iteration 30 / LogL: -4977.026 / Time: 0h:0m:55s (0h:2m:15s left)
Optimizing NNI: done in 1.19835 secs using 392.6% CPU
Optimizing NNI: done in 0.925945 secs using 395.8% CPU
Optimizing NNI: done in 1.19509 secs using 394.5% CPU
Optimizing NNI: done in 1.10758 secs using 394.1% CPU
Estimate model parameters (epsilon = 0.100)
BETTER TREE FOUND at iteration 34: -4943.451
Optimizing NNI: done in 0.993342 secs using 391.9% CPU
Optimizing NNI: done in 0.96723 secs using 394.7% CPU
Optimizing NNI: done in 1.39715 secs using 392% CPU
Optimizing NNI: done in 1.18217 secs using 380.3% CPU
Optimizing NNI: done in 1.11371 secs using 395.2% CPU
Estimate model parameters (epsilon = 0.100)
BETTER TREE FOUND at iteration 39: -4941.813
Optimizing NNI: done in 1.05294 secs using 393.7% CPU
Estimate model parameters (epsilon = 0.100)
BETTER TREE FOUND at iteration 40: -4941.551
Iteration 40 / LogL: -4941.551 / Time: 0h:1m:10s (0h:3m:1s left)
Optimizing NNI: done in 1.37225 secs using 382.4% CPU
Optimizing NNI: done in 1.12924 secs using 393.4% CPU
Optimizing NNI: done in 1.17949 secs using 394.1% CPU
Optimizing NNI: done in 0.931964 secs using 392.3% CPU
Optimizing NNI: done in 1.78708 secs using 385.7% CPU
Optimizing NNI: done in 1.16052 secs using 392.8% CPU
Optimizing NNI: done in 1.19888 secs using 396% CPU
Optimizing NNI: done in 0.954821 secs using 395.5% CPU
Optimizing NNI: done in 1.10422 secs using 394% CPU
Optimizing NNI: done in 1.33261 secs using 383.7% CPU
Iteration 50 / LogL: -4942.680 / Time: 0h:1m:23s (0h:2m:33s left)
Optimizing NNI: done in 1.01948 secs using 392.5% CPU
Estimate model parameters (epsilon = 0.100)
BETTER TREE FOUND at iteration 51: -4940.702
Optimizing NNI: done in 1.12673 secs using 393.8% CPU
Optimizing NNI: done in 1.48505 secs using 382.3% CPU
Optimizing NNI: done in 1.63555 secs using 393.2% CPU
Optimizing NNI: done in 1.11955 secs using 394.3% CPU
Estimate model parameters (epsilon = 0.100)
BETTER TREE FOUND at iteration 55: -4937.773
Optimizing NNI: done in 1.20629 secs using 381.6% CPU
Estimate model parameters (epsilon = 0.100)
BETTER TREE FOUND at iteration 56: -4937.620
Optimizing NNI: done in 1.14814 secs using 395% CPU
Optimizing NNI: done in 1.0993 secs using 393.7% CPU
Optimizing NNI: done in 1.39866 secs using 383.8% CPU
Optimizing NNI: done in 1.19665 secs using 395% CPU
Iteration 60 / LogL: -4956.934 / Time: 0h:1m:41s (0h:2m:44s left)
Optimizing NNI: done in 1.20175 secs using 393.9% CPU
Optimizing NNI: done in 1.32409 secs using 391% CPU
Optimizing NNI: done in 1.43725 secs using 384.9% CPU
Optimizing NNI: done in 1.01433 secs using 395.1% CPU
Optimizing NNI: done in 1.09306 secs using 392.5% CPU
Optimizing NNI: done in 1.17147 secs using 394.2% CPU
Optimizing NNI: done in 1.2679 secs using 395.2% CPU
Optimizing NNI: done in 1.21098 secs using 380.6% CPU
Optimizing NNI: done in 1.26263 secs using 393% CPU
Optimizing NNI: done in 1.1615 secs using 392.4% CPU
Iteration 70 / LogL: -4944.756 / Time: 0h:1m:53s (0h:2m:21s left)
Optimizing NNI: done in 1.34411 secs using 395.3% CPU
Optimizing NNI: done in 1.13205 secs using 377.3% CPU
Optimizing NNI: done in 1.3141 secs using 393.4% CPU
Optimizing NNI: done in 1.36444 secs using 394.2% CPU
Optimizing NNI: done in 1.22755 secs using 391.9% CPU
Optimizing NNI: done in 0.992448 secs using 377.3% CPU
Optimizing NNI: done in 1.07659 secs using 394% CPU
Optimizing NNI: done in 1.16003 secs using 394.4% CPU
Optimizing NNI: done in 0.935604 secs using 393.5% CPU
Optimizing NNI: done in 0.924627 secs using 393.5% CPU
Iteration 80 / LogL: -4949.597 / Time: 0h:2m:6s (0h:2m:1s left)
Optimizing NNI: done in 1.32461 secs using 380.4% CPU
Optimizing NNI: done in 1.12664 secs using 392.6% CPU
Optimizing NNI: done in 0.799426 secs using 392% CPU
Optimizing NNI: done in 0.955127 secs using 392.6% CPU
Optimizing NNI: done in 1.11152 secs using 393.6% CPU
Optimizing NNI: done in 1.13951 secs using 380.2% CPU
Optimizing NNI: done in 1.10645 secs using 392.4% CPU
Optimizing NNI: done in 0.817997 secs using 393.3% CPU
Optimizing NNI: done in 0.909361 secs using 393.8% CPU
Optimizing NNI: done in 1.35569 secs using 394.1% CPU
Iteration 90 / LogL: -4955.542 / Time: 0h:2m:17s (0h:1m:42s left)
Optimizing NNI: done in 0.810023 secs using 389.6% CPU
Optimizing NNI: done in 1.2673 secs using 393.6% CPU
Optimizing NNI: done in 1.1736 secs using 392.8% CPU
Optimizing NNI: done in 1.21961 secs using 392.6% CPU
Optimizing NNI: done in 1.27757 secs using 381.2% CPU
Optimizing NNI: done in 1.56249 secs using 394.5% CPU
Optimizing NNI: done in 1.16085 secs using 392.5% CPU
Optimizing NNI: done in 1.0524 secs using 393.1% CPU
Optimizing NNI: done in 1.44771 secs using 382.7% CPU
Optimizing NNI: done in 1.13567 secs using 394.8% CPU
Iteration 100 / LogL: -4952.793 / Time: 0h:2m:30s (0h:1m:25s left)
Optimizing NNI: done in 1.03962 secs using 392.6% CPU
Estimate model parameters (epsilon = 0.100)
BETTER TREE FOUND at iteration 101: -4936.982
Optimizing NNI: done in 1.28433 secs using 380.5% CPU
Optimizing NNI: done in 1.26762 secs using 395.2% CPU
Optimizing NNI: done in 1.18809 secs using 394.5% CPU
Estimate model parameters (epsilon = 0.100)
BETTER TREE FOUND at iteration 104: -4935.956
Optimizing NNI: done in 1.17891 secs using 393.3% CPU
Optimizing NNI: done in 1.12584 secs using 380.9% CPU
Optimizing NNI: done in 0.962598 secs using 393.5% CPU
Optimizing NNI: done in 1.19113 secs using 394.8% CPU
Optimizing NNI: done in 1.22391 secs using 391.9% CPU
Optimizing NNI: done in 0.947677 secs using 391.6% CPU
Iteration 110 / LogL: -4953.143 / Time: 0h:2m:44s (0h:2m:22s left)
Optimizing NNI: done in 1.05208 secs using 387.5% CPU
Optimizing NNI: done in 0.892751 secs using 391.4% CPU
Optimizing NNI: done in 1.24986 secs using 394.2% CPU
Optimizing NNI: done in 0.932512 secs using 393.6% CPU
Optimizing NNI: done in 1.29931 secs using 383% CPU
Optimizing NNI: done in 1.07658 secs using 392.4% CPU
Optimizing NNI: done in 1.54026 secs using 393.8% CPU
Optimizing NNI: done in 0.990067 secs using 391.5% CPU
Optimizing NNI: done in 0.970321 secs using 388.3% CPU
Optimizing NNI: done in 1.37041 secs using 381.8% CPU
Iteration 120 / LogL: -4952.792 / Time: 0h:2m:56s (0h:2m:4s left)
Optimizing NNI: done in 1.31224 secs using 393.8% CPU
Optimizing NNI: done in 1.38955 secs using 393.5% CPU
Optimizing NNI: done in 1.39342 secs using 383.8% CPU
Optimizing NNI: done in 1.21544 secs using 395.1% CPU
Optimizing NNI: done in 1.10653 secs using 393.2% CPU
Optimizing NNI: done in 0.941057 secs using 392.6% CPU
Optimizing NNI: done in 1.10431 secs using 393.2% CPU
Optimizing NNI: done in 1.11633 secs using 381.2% CPU
Optimizing NNI: done in 0.942993 secs using 393.2% CPU
Optimizing NNI: done in 1.18298 secs using 392.8% CPU
Iteration 130 / LogL: -4950.026 / Time: 0h:3m:9s (0h:1m:48s left)
Optimizing NNI: done in 0.967712 secs using 394.2% CPU
Optimizing NNI: done in 1.4836 secs using 386.4% CPU
Optimizing NNI: done in 1.10838 secs using 395.3% CPU
Optimizing NNI: done in 1.38704 secs using 394.8% CPU
Optimizing NNI: done in 1.09406 secs using 391.1% CPU
Optimizing NNI: done in 1.34454 secs using 383.5% CPU
Optimizing NNI: done in 0.945404 secs using 394% CPU
Optimizing NNI: done in 0.801628 secs using 392% CPU
Optimizing NNI: done in 1.00051 secs using 394.6% CPU
Optimizing NNI: done in 1.17143 secs using 393.7% CPU
Iteration 140 / LogL: -4945.281 / Time: 0h:3m:21s (0h:1m:32s left)
Optimizing NNI: done in 1.09261 secs using 381.9% CPU
Optimizing NNI: done in 1.33689 secs using 393.4% CPU
Optimizing NNI: done in 0.979803 secs using 392.5% CPU
Optimizing NNI: done in 1.06202 secs using 393.3% CPU
Optimizing NNI: done in 0.961822 secs using 392.2% CPU
Optimizing NNI: done in 1.27655 secs using 380.7% CPU
Optimizing NNI: done in 0.955332 secs using 392.1% CPU
Optimizing NNI: done in 1.08465 secs using 393.2% CPU
Optimizing NNI: done in 1.02244 secs using 394.4% CPU
Optimizing NNI: done in 1.48892 secs using 385.2% CPU
Iteration 150 / LogL: -4949.771 / Time: 0h:3m:33s (0h:1m:17s left)
Optimizing NNI: done in 0.833476 secs using 391.9% CPU
Optimizing NNI: done in 1.30683 secs using 392.7% CPU
Optimizing NNI: done in 1.12975 secs using 391.8% CPU
Optimizing NNI: done in 1.58159 secs using 387.4% CPU
Optimizing NNI: done in 0.978065 secs using 391% CPU
Optimizing NNI: done in 0.910843 secs using 391% CPU
Optimizing NNI: done in 1.12665 secs using 393.9% CPU
Optimizing NNI: done in 1.25095 secs using 393% CPU
Optimizing NNI: done in 1.32452 secs using 382.1% CPU
Optimizing NNI: done in 1.01871 secs using 394% CPU
Iteration 160 / LogL: -4949.029 / Time: 0h:3m:45s (0h:1m:2s left)
Optimizing NNI: done in 0.938508 secs using 393.2% CPU
Optimizing NNI: done in 1.06228 secs using 395.2% CPU
Optimizing NNI: done in 1.13343 secs using 384.4% CPU
Optimizing NNI: done in 1.26123 secs using 393.7% CPU
Optimizing NNI: done in 1.18631 secs using 394.3% CPU
Optimizing NNI: done in 0.975075 secs using 393.7% CPU
Optimizing NNI: done in 1.1069 secs using 392.9% CPU
Optimizing NNI: done in 0.988623 secs using 378.4% CPU
Optimizing NNI: done in 1.09994 secs using 394.5% CPU
Optimizing NNI: done in 1.28693 secs using 392.7% CPU
Iteration 170 / LogL: -4942.037 / Time: 0h:3m:57s (0h:0m:47s left)
Optimizing NNI: done in 1.44426 secs using 396% CPU
Optimizing NNI: done in 1.29251 secs using 382.6% CPU
Optimizing NNI: done in 1.07045 secs using 393.9% CPU
Optimizing NNI: done in 0.952472 secs using 391.9% CPU
Optimizing NNI: done in 0.911001 secs using 395.7% CPU
Optimizing NNI: done in 0.940588 secs using 391.2% CPU
Optimizing NNI: done in 1.07546 secs using 377.9% CPU
Optimizing NNI: done in 1.18528 secs using 394.1% CPU
Optimizing NNI: done in 0.995375 secs using 393.4% CPU
Optimizing NNI: done in 1.33184 secs using 394.5% CPU
Iteration 180 / LogL: -4950.343 / Time: 0h:4m:9s (0h:0m:33s left)
Optimizing NNI: done in 1.18084 secs using 378.7% CPU
Optimizing NNI: done in 1.11848 secs using 394.5% CPU
Optimizing NNI: done in 1.33247 secs using 392.9% CPU
Optimizing NNI: done in 1.1435 secs using 395.4% CPU
Optimizing NNI: done in 1.16077 secs using 382% CPU
Optimizing NNI: done in 1.2271 secs using 392.6% CPU
Optimizing NNI: done in 1.14392 secs using 393.5% CPU
Optimizing NNI: done in 0.98249 secs using 394.1% CPU
Optimizing NNI: done in 1.03892 secs using 393.8% CPU
Optimizing NNI: done in 1.24923 secs using 380.9% CPU
Iteration 190 / LogL: -4942.122 / Time: 0h:4m:21s (0h:0m:19s left)
Optimizing NNI: done in 1.2597 secs using 391.8% CPU
Optimizing NNI: done in 1.30447 secs using 392.2% CPU
Optimizing NNI: done in 1.07328 secs using 393.7% CPU
Optimizing NNI: done in 1.45848 secs using 383.9% CPU
Optimizing NNI: done in 1.07512 secs using 393.8% CPU
Optimizing NNI: done in 0.814519 secs using 392.6% CPU
Optimizing NNI: done in 1.10563 secs using 392.5% CPU
Optimizing NNI: done in 1.25262 secs using 395.6% CPU
Optimizing NNI: done in 1.14832 secs using 381.3% CPU
Optimizing NNI: done in 1.15181 secs using 393.3% CPU
Iteration 200 / LogL: -4953.545 / Time: 0h:4m:34s (0h:0m:5s left)
Optimizing NNI: done in 1.51125 secs using 395.7% CPU
Optimizing NNI: done in 1.22285 secs using 396.6% CPU
Optimizing NNI: done in 1.27438 secs using 380.6% CPU
Optimizing NNI: done in 1.05728 secs using 395% CPU
Optimizing NNI: done in 0.92939 secs using 389.9% CPU
TREE SEARCH COMPLETED AFTER 205 ITERATIONS / Time: 0h:4m:40s

--------------------------------------------------------------------
|                    FINALIZING TREE SEARCH                        |
--------------------------------------------------------------------
Performs final model parameters optimization
Estimate model parameters (epsilon = 0.010)
1. Initial log-likelihood: -4935.956
Optimal log-likelihood: -4935.947
Rate parameters:  A-C: 1.05896  A-G: 1.80260  A-T: 0.49373  C-G: 0.10922  C-T: 2.83760  G-T: 1.00000
Base frequencies:  A: 0.333  C: 0.156  G: 0.301  T: 0.210
Site proportion and rates:  (0.170,0.548) (0.070,0.548) (0.253,0.548) (0.164,1.124) (0.266,1.292) (0.077,2.624)
Parameters optimization took 1 rounds (0.585 sec)
BEST SCORE FOUND : -4935.947
Total tree length: 5.959

Total number of iterations: 205
CPU time used for tree search: 1015.296 sec (0h:16m:55s)
Wall-clock time used for tree search: 274.658 sec (0h:4m:34s)
Total CPU time used: 1034.339 sec (0h:17m:14s)
Total wall-clock time used: 281.229 sec (0h:4m:41s)

Analysis results written to: 
  IQ-TREE report:                IQTREE_bestTree.InWindow_2300_to_2550.iqtree
  Maximum-likelihood tree:       IQTREE_bestTree.InWindow_2300_to_2550.treefile
  Likelihood distances:          IQTREE_bestTree.InWindow_2300_to_2550.mldist
  Screen log file:               IQTREE_bestTree.InWindow_2300_to_2550.log

Date and Time: Sun Jul 23 01:28:24 2023
