IQ-TREE multicore version 2.2.2.7 COVID-edition for Linux 64-bit built Jun  7 2023
Developed by Bui Quang Minh, James Barbetti, Nguyen Lam Tung,
Olga Chernomor, Heiko Schmidt, Dominik Schrempf, Michael Woodhams, Ly Trong Nhan.

Host:    hpc-node03 (AVX2, FMA3, 1007 GB RAM)
Command: iqtree -s AlignedReadsInWindow_PositionsExcised_4800_to_5050.fasta -pre IQTREE_bestTree.InWindow_4800_to_5050 -m GTR+F+R6 -nt 2
Seed:    461392 (Using SPRNG - Scalable Parallel Random Number Generator)
Time:    Tue Jul 25 12:15:14 2023
Kernel:  AVX+FMA - 2 threads (2 CPU cores detected)

Reading alignment file AlignedReadsInWindow_PositionsExcised_4800_to_5050.fasta ... Fasta format detected
Reading fasta file: done in 0.00110078 secs
Alignment most likely contains DNA/RNA sequences
Constructing alignment: done in 0.000491023 secs using 100% CPU
Alignment has 155 sequences with 245 columns, 126 distinct patterns
42 parsimony-informative, 82 singleton sites, 121 constant sites
                                                           Gap/Ambiguity  Composition  p-value
Analyzing sequences: done in 7.15754e-05 secs using 1470% CPU
   1  200724_20-08518_HIV10-02405_FL24_S14_L000_read_1_count_46    0.00%    passed     99.63%
   2  200724_20-08518_HIV10-02405_FL24_S14_L000_read_2_count_3     0.00%    passed     99.20%
   3  200724_20-08518_HIV10-02405_FL24_S14_L000_read_3_count_2     0.00%    passed     98.59%
   4  200724_20-08518_HIV10-02405_FL24_S14_L000_read_4_count_2     0.00%    passed     99.11%
   5  200724_20-08518_HIV10-02405_FL24_S14_L000_read_5_count_2     0.00%    passed     99.11%
   6  200724_20-08518_HIV10-02405_FL24_S14_L000_read_6_count_2     0.00%    passed     99.11%
   7  200724_20-08518_HIV10-02405_FL24_S14_L000_read_7_count_2     0.00%    passed     99.49%
   8  200724_20-08518_HIV10-02405_FL24_S14_L000_read_8_count_1     0.00%    passed     98.49%
   9  200724_20-08518_HIV10-02405_FL24_S14_L000_read_9_count_1     0.00%    passed     99.77%
  10  200724_20-08518_HIV10-02405_FL24_S14_L000_read_10_count_1    0.00%    passed     99.92%
  11  200724_20-08518_HIV10-02405_FL24_S14_L000_read_11_count_1    0.00%    passed     98.59%
  12  200724_20-08518_HIV10-02405_FL24_S14_L000_read_12_count_1    0.00%    passed     99.20%
  13  200724_20-08518_HIV10-02405_FL24_S14_L000_read_13_count_1    0.00%    passed     99.11%
  14  200724_20-08518_HIV10-02405_FL24_S14_L000_read_14_count_1    0.00%    passed     99.62%
  15  200724_20-08518_HIV10-02405_FL24_S14_L000_read_15_count_1    0.00%    passed     98.22%
  16  200724_20-08518_HIV10-02405_FL24_S14_L000_read_16_count_1    0.00%    passed     99.49%
  17  200724_20-08518_HIV10-02405_FL24_S14_L000_read_17_count_1    0.00%    passed     99.62%
  18  200724_20-08518_HIV10-02405_FL24_S14_L000_read_18_count_1    0.00%    passed     99.92%
  19  200724_20-08518_HIV10-02405_FL24_S14_L000_read_19_count_1    0.00%    passed     99.89%
  20  200724_20-08518_HIV10-02405_FL24_S14_L000_read_20_count_1    0.00%    passed     99.00%
  21  200724_20-08518_HIV10-02405_FL24_S14_L000_read_21_count_1    0.00%    passed     99.20%
  22  200724_20-08518_HIV10-02405_FL24_S14_L000_read_22_count_1    0.00%    passed     99.11%
  23  200724_20-08518_HIV10-02405_FL24_S14_L000_read_23_count_1    0.00%    passed     99.20%
  24  200724_20-08518_HIV10-02405_FL24_S14_L000_read_24_count_1    0.00%    passed     98.59%
  25  200724_20-08518_HIV10-02405_FL24_S14_L000_read_25_count_1    0.00%    passed     99.49%
  26  200724_20-08518_HIV10-02405_FL24_S14_L000_read_26_count_1    0.00%    passed     93.26%
  27  200724_20-08518_HIV10-02405_FL24_S14_L000_read_27_count_1    0.00%    passed     99.49%
  28  200709_20-07994_HIV07-01067_FL21_S1_L000_read_1_count_53     0.00%    passed     98.67%
  29  200709_20-07994_HIV07-01067_FL21_S1_L000_read_2_count_30     0.00%    passed     95.23%
  30  200709_20-07994_HIV07-01067_FL21_S1_L000_read_3_count_11     0.00%    passed     97.99%
  31  200709_20-07994_HIV07-01067_FL21_S1_L000_read_4_count_5      0.00%    passed     99.74%
  32  200709_20-07994_HIV07-01067_FL21_S1_L000_read_5_count_3      0.00%    passed     99.77%
  33  200709_20-07994_HIV07-01067_FL21_S1_L000_read_6_count_3      0.00%    passed     95.64%
  34  200709_20-07994_HIV07-01067_FL21_S1_L000_read_7_count_1      0.00%    passed     97.99%
  35  200709_20-07994_HIV07-01067_FL21_S1_L000_read_8_count_1      0.00%    passed     88.66%
  36  200709_20-07994_HIV07-01067_FL21_S1_L000_read_9_count_1      0.00%    passed     98.95%
  37  200709_20-07994_HIV07-01067_FL21_S1_L000_read_10_count_1     0.00%    passed     99.00%
  38  200709_20-07994_HIV07-01067_FL21_S1_L000_read_11_count_1     0.00%    passed     98.67%
  39  200709_20-07994_HIV07-01067_FL21_S1_L000_read_12_count_1     0.00%    passed     99.84%
  40  200709_20-07994_HIV07-01067_FL21_S1_L000_read_13_count_1     0.00%    passed     99.92%
  41  200709_20-07994_HIV07-01067_FL21_S1_L000_read_14_count_1     0.00%    passed     93.71%
  42  200709_20-07994_HIV07-01067_FL21_S1_L000_read_15_count_1     0.00%    passed     93.71%
  43  200709_20-07994_HIV07-01067_FL21_S1_L000_read_16_count_1     0.00%    passed     93.45%
  44  200709_20-07994_HIV07-01067_FL21_S1_L000_read_17_count_1     0.00%    passed     97.99%
  45  200709_20-07994_HIV07-01067_FL21_S1_L000_read_18_count_1     0.41%    passed     98.94%
  46  200709_20-07994_HIV07-01067_FL21_S1_L000_read_19_count_1     0.00%    passed     98.03%
  47  200709_20-07994_HIV07-01067_FL21_S1_L000_read_20_count_1     0.00%    passed     99.00%
  48  200709_20-07994_HIV07-01067_FL21_S1_L000_read_21_count_1     0.00%    passed     99.76%
  49  200709_20-07994_HIV07-01067_FL21_S1_L000_read_22_count_1     0.00%    passed     98.03%
  50  200709_20-07994_HIV07-01067_FL21_S1_L000_read_23_count_1     0.00%    passed     98.67%
  51  200709_20-07994_HIV07-01067_FL21_S1_L000_read_24_count_1     0.00%    passed     93.45%
  52  200709_20-07994_HIV07-01067_FL21_S1_L000_read_25_count_1     0.00%    passed     98.95%
  53  200709_20-07994_HIV07-01067_FL21_S1_L000_read_26_count_1     0.00%    passed     93.45%
  54  200709_20-07994_HIV07-01067_FL21_S1_L000_read_27_count_1     0.00%    passed     98.95%
  55  200709_20-07994_HIV07-01067_FL21_S1_L000_read_28_count_1     0.00%    passed     98.97%
  56  200709_20-07994_HIV07-01067_FL21_S1_L000_read_29_count_1     0.00%    passed     97.99%
  57  200709_20-07994_HIV07-01067_FL21_S1_L000_read_30_count_1     0.00%    passed     97.52%
  58  200709_20-07994_HIV07-01067_FL21_S1_L000_read_31_count_1     0.00%    passed     98.95%
  59  200709_20-07994_HIV07-01067_FL21_S1_L000_read_32_count_1     0.00%    passed     99.15%
  60  200709_20-07994_HIV07-01067_FL21_S1_L000_read_33_count_1     0.00%    passed     95.23%
  61  200709_20-07994_HIV07-01067_FL21_S1_L000_read_34_count_1     0.00%    passed     98.03%
  62  200709_20-07994_HIV07-01067_FL21_S1_L000_read_35_count_1     0.00%    passed     99.74%
  63  200709_20-07994_HIV07-01067_FL21_S1_L000_read_36_count_1     0.00%    passed     99.74%
  64  200703_20-07825_HIV09-00618_FL18_S6_L000_read_1_count_66     0.00%    passed     99.62%
  65  200703_20-07825_HIV09-00618_FL18_S6_L000_read_2_count_8      0.00%    passed     98.86%
  66  200703_20-07825_HIV09-00618_FL18_S6_L000_read_3_count_3      0.00%    passed     99.98%
  67  200703_20-07825_HIV09-00618_FL18_S6_L000_read_4_count_2      0.00%    passed     99.98%
  68  200703_20-07825_HIV09-00618_FL18_S6_L000_read_5_count_2      0.00%    passed     98.31%
  69  200703_20-07825_HIV09-00618_FL18_S6_L000_read_6_count_1      0.00%    passed     99.62%
  70  200703_20-07825_HIV09-00618_FL18_S6_L000_read_7_count_1      0.00%    passed     98.86%
  71  200703_20-07825_HIV09-00618_FL18_S6_L000_read_8_count_1      0.00%    passed     98.31%
  72  200703_20-07825_HIV09-00618_FL18_S6_L000_read_9_count_1      0.00%    passed     97.25%
  73  200703_20-07825_HIV09-00618_FL18_S6_L000_read_10_count_1     0.00%    passed     99.98%
  74  200703_20-07825_HIV09-00618_FL18_S6_L000_read_11_count_1     0.00%    passed     98.31%
  75  200703_20-07825_HIV09-00618_FL18_S6_L000_read_12_count_1     0.00%    passed     98.31%
  76  200703_20-07825_HIV09-00618_FL18_S6_L000_read_13_count_1     0.00%    passed     98.31%
  77  200703_20-07825_HIV09-00618_FL18_S6_L000_read_14_count_1     0.00%    passed     98.61%
  78  200703_20-07825_HIV09-00618_FL18_S6_L000_read_15_count_1     0.00%    passed     98.31%
  79  200703_20-07825_HIV09-00618_FL18_S6_L000_read_16_count_1     0.00%    passed     99.48%
  80  200703_20-07825_HIV09-00618_FL18_S6_L000_read_17_count_1     0.00%    passed     98.31%
  81  200703_20-07825_HIV09-00618_FL18_S6_L000_read_18_count_1     0.00%    passed     98.31%
  82  200814_20-09728_HIV09-02843_FL30_S2_L000_read_1_count_116    0.00%    passed     95.64%
  83  200814_20-09728_HIV09-02843_FL30_S2_L000_read_2_count_10     0.00%    passed     98.95%
  84  200814_20-09728_HIV09-02843_FL30_S2_L000_read_3_count_4      0.00%    passed     96.50%
  85  200814_20-09728_HIV09-02843_FL30_S2_L000_read_4_count_2      0.00%    passed     95.23%
  86  200814_20-09728_HIV09-02843_FL30_S2_L000_read_5_count_2      0.00%    passed     95.00%
  87  200814_20-09728_HIV09-02843_FL30_S2_L000_read_6_count_2      0.00%    passed     95.00%
  88  200814_20-09728_HIV09-02843_FL30_S2_L000_read_7_count_1      0.00%    passed     95.23%
  89  200814_20-09728_HIV09-02843_FL30_S2_L000_read_8_count_1      0.00%    passed     95.00%
  90  200814_20-09728_HIV09-02843_FL30_S2_L000_read_9_count_1      0.00%    passed     95.64%
  91  200814_20-09728_HIV09-02843_FL30_S2_L000_read_10_count_1     0.00%    passed     95.00%
  92  200814_20-09728_HIV09-02843_FL30_S2_L000_read_11_count_1     0.00%    passed     92.40%
  93  200814_20-09728_HIV09-02843_FL30_S2_L000_read_12_count_1     0.00%    passed     99.76%
  94  200814_20-09728_HIV09-02843_FL30_S2_L000_read_13_count_1     0.00%    passed     95.00%
  95  200814_20-09728_HIV09-02843_FL30_S2_L000_read_14_count_1     0.00%    passed     90.81%
  96  200814_20-09728_HIV09-02843_FL30_S2_L000_read_15_count_1     0.00%    passed     98.03%
  97  200814_20-09728_HIV09-02843_FL30_S2_L000_read_16_count_1     0.00%    passed     95.00%
  98  200814_20-09728_HIV09-02843_FL30_S2_L000_read_17_count_1     0.00%    passed     98.95%
  99  200814_20-09728_HIV09-02843_FL30_S2_L000_read_18_count_1     0.00%    passed     99.92%
 100  200814_20-09728_HIV09-02843_FL30_S2_L000_read_19_count_1     0.00%    passed     95.00%
 101  200814_20-09728_HIV09-02843_FL30_S2_L000_read_20_count_1     0.00%    passed     96.24%
 102  200814_20-09728_HIV09-02843_FL30_S2_L000_read_21_count_1     0.00%    passed     89.26%
 103  200814_20-09728_HIV09-02843_FL30_S2_L000_read_22_count_1     0.00%    passed     98.03%
 104  200814_20-09728_HIV09-02843_FL30_S2_L000_read_23_count_1     0.00%    passed     98.95%
 105  200814_20-09728_HIV09-02843_FL30_S2_L000_read_24_count_1     0.00%    passed     95.23%
 106  200814_20-09728_HIV09-02843_FL30_S2_L000_read_25_count_1     0.00%    passed     98.67%
 107  200814_20-09728_HIV09-02843_FL30_S2_L000_read_26_count_1     0.00%    passed     95.00%
 108  200724_20-08522_HIV11-02415_FL24_S18_L000_read_1_count_61    0.00%    passed     98.00%
 109  200724_20-08522_HIV11-02415_FL24_S18_L000_read_2_count_7     0.00%    passed     93.71%
 110  200724_20-08522_HIV11-02415_FL24_S18_L000_read_3_count_7     0.00%    passed     97.38%
 111  200724_20-08522_HIV11-02415_FL24_S18_L000_read_4_count_5     0.00%    passed     98.00%
 112  200724_20-08522_HIV11-02415_FL24_S18_L000_read_5_count_4     0.00%    passed     93.71%
 113  200724_20-08522_HIV11-02415_FL24_S18_L000_read_6_count_3     0.00%    passed     97.38%
 114  200724_20-08522_HIV11-02415_FL24_S18_L000_read_7_count_2     0.00%    passed     92.91%
 115  200724_20-08522_HIV11-02415_FL24_S18_L000_read_8_count_2     0.00%    passed     97.38%
 116  200724_20-08522_HIV11-02415_FL24_S18_L000_read_9_count_2     0.00%    passed     93.71%
 117  200724_20-08522_HIV11-02415_FL24_S18_L000_read_10_count_1    0.00%    passed     96.11%
 118  200724_20-08522_HIV11-02415_FL24_S18_L000_read_11_count_1    0.00%    passed     92.91%
 119  200724_20-08522_HIV11-02415_FL24_S18_L000_read_12_count_1    0.00%    passed     99.64%
 120  200724_20-08522_HIV11-02415_FL24_S18_L000_read_13_count_1    0.00%    passed     97.38%
 121  200724_20-08522_HIV11-02415_FL24_S18_L000_read_14_count_1    0.00%    passed     97.74%
 122  200724_20-08522_HIV11-02415_FL24_S18_L000_read_15_count_1    0.00%    passed     99.64%
 123  200724_20-08522_HIV11-02415_FL24_S18_L000_read_16_count_1    0.00%    passed     94.57%
 124  200724_20-08522_HIV11-02415_FL24_S18_L000_read_17_count_1    0.00%    passed     94.20%
 125  200724_20-08522_HIV11-02415_FL24_S18_L000_read_18_count_1    0.00%    passed     97.44%
 126  200724_20-08522_HIV11-02415_FL24_S18_L000_read_19_count_1    0.00%    passed     93.37%
 127  200724_20-08522_HIV11-02415_FL24_S18_L000_read_20_count_1    0.00%    passed     93.71%
 128  200724_20-08522_HIV11-02415_FL24_S18_L000_read_21_count_1    0.00%    passed     97.38%
 129  200724_20-08522_HIV11-02415_FL24_S18_L000_read_22_count_1    0.00%    passed     94.18%
 130  200724_20-08522_HIV11-02415_FL24_S18_L000_read_23_count_1    0.00%    passed     96.99%
 131  200724_20-08522_HIV11-02415_FL24_S18_L000_read_24_count_1    0.00%    passed     98.00%
 132  200724_20-08522_HIV11-02415_FL24_S18_L000_read_25_count_1    0.00%    passed     94.18%
 133  200724_20-08522_HIV11-02415_FL24_S18_L000_read_26_count_1    0.00%    passed     93.71%
 134  200724_20-08522_HIV11-02415_FL24_S18_L000_read_27_count_1    0.00%    passed     97.69%
 135  200724_20-08522_HIV11-02415_FL24_S18_L000_read_28_count_1    0.00%    passed     97.69%
 136  200724_20-08522_HIV11-02415_FL24_S18_L000_read_29_count_1    0.00%    passed     96.54%
 137  200724_20-08522_HIV11-02415_FL24_S18_L000_read_30_count_1    0.00%    passed     92.91%
 138  200724_20-08522_HIV11-02415_FL24_S18_L000_read_31_count_1    0.00%    passed     94.57%
 139  200724_20-08522_HIV11-02415_FL24_S18_L000_read_32_count_1    0.00%    passed     93.37%
 140  200724_20-08522_HIV11-02415_FL24_S18_L000_read_33_count_1    0.00%    passed     93.77%
 141  200724_20-08522_HIV11-02415_FL24_S18_L000_read_34_count_1    0.00%    passed     92.91%
 142  200724_20-08522_HIV11-02415_FL24_S18_L000_read_35_count_1    0.00%    passed     97.74%
 143  200724_20-08522_HIV11-02415_FL24_S18_L000_read_36_count_1    0.00%    passed     83.09%
 144  200724_20-08522_HIV11-02415_FL24_S18_L000_read_37_count_1    0.00%    passed     93.71%
 145  200724_20-08522_HIV11-02415_FL24_S18_L000_read_38_count_1    0.41%    passed     93.82%
 146  200724_20-08522_HIV11-02415_FL24_S18_L000_read_39_count_1    0.00%    passed     93.37%
 147  200724_20-08522_HIV11-02415_FL24_S18_L000_read_40_count_1    0.00%    passed     94.57%
 148  200724_20-08522_HIV11-02415_FL24_S18_L000_read_41_count_1    0.00%    passed     97.74%
 149  200724_20-08522_HIV11-02415_FL24_S18_L000_read_42_count_1    0.00%    passed     95.73%
 150  200724_20-08522_HIV11-02415_FL24_S18_L000_read_43_count_1    0.00%    passed     97.38%
 151  200724_20-08522_HIV11-02415_FL24_S18_L000_read_44_count_1    0.00%    passed     97.69%
 152  200724_20-08522_HIV11-02415_FL24_S18_L000_read_45_count_1    0.00%    passed     97.74%
 153  200724_20-08522_HIV11-02415_FL24_S18_L000_read_46_count_1    0.00%    passed     97.38%
 154  B.FR.83.HXB2_LAI_IIIB_BRU.K03455                             0.00%    passed     99.45%
 155  C.BW.00.00BW07621.AF443088                                   0.00%    passed     95.73%
****  TOTAL                                                        0.01%  0 sequences failed composition chi2 test (p-value<5%; df=3)
Checking for duplicate sequences: done in 0.000226637 secs using 381.2% CPU

Create initial parsimony tree by phylogenetic likelihood library (PLL)... 0.006 seconds

NOTE: 3 MB RAM (0 GB) is required!
WARNING: Number of threads seems too high for short alignments. Use -T AUTO to determine best number of threads.
Estimate model parameters (epsilon = 0.100)
1. Initial log-likelihood: -1747.798
2. Current log-likelihood: -1688.240
3. Current log-likelihood: -1686.477
4. Current log-likelihood: -1685.751
5. Current log-likelihood: -1685.345
6. Current log-likelihood: -1685.159
Optimal log-likelihood: -1685.070
Rate parameters:  A-C: 1.61337  A-G: 3.26567  A-T: 0.63146  C-G: 0.35979  C-T: 5.81749  G-T: 1.00000
Base frequencies:  A: 0.439  C: 0.134  G: 0.231  T: 0.196
Site proportion and rates:  (0.160,0.304) (0.187,0.553) (0.205,0.829) (0.213,1.055) (0.204,1.248) (0.031,6.477)
Parameters optimization took 6 rounds (0.995 sec)
Wrote distance file to... 
Computing ML distances based on estimated model parameters...
Calculating distance matrix: done in 0.089274 secs using 202.6% CPU
Computing ML distances took 0.089485 sec (of wall-clock time) 0.181004 sec (of CPU time)
Setting up auxiliary I and S matrices: done in 0.000754189 secs using 161.6% CPU
Constructing RapidNJ tree: done in 0.0473876 secs using 108.9% CPU
Computing RapidNJ tree took 0.048254 sec (of wall-clock time) 0.052899 sec (of CPU time)
Log-likelihood of RapidNJ tree: -1673.198
--------------------------------------------------------------------
|             INITIALIZING CANDIDATE TREE SET                      |
--------------------------------------------------------------------
Generating 98 parsimony trees... 0.604 second
Computing log-likelihood of 98 initial trees ... 0.765 seconds
Current best score: -1671.434

Do NNI search on 20 best initial trees
Optimizing NNI: done in 0.082069 secs using 197.4% CPU
Estimate model parameters (epsilon = 0.100)
BETTER TREE FOUND at iteration 1: -1666.429
Optimizing NNI: done in 0.0556241 secs using 193.5% CPU
Optimizing NNI: done in 0.0542731 secs using 203.2% CPU
Optimizing NNI: done in 0.056255 secs using 199.5% CPU
Optimizing NNI: done in 0.0551144 secs using 187.1% CPU
Optimizing NNI: done in 0.0548943 secs using 194.7% CPU
Optimizing NNI: done in 0.130687 secs using 197.9% CPU
Estimate model parameters (epsilon = 0.100)
BETTER TREE FOUND at iteration 7: -1665.169
Optimizing NNI: done in 0.0821822 secs using 192.4% CPU
Optimizing NNI: done in 0.0543004 secs using 188.4% CPU
Optimizing NNI: done in 0.081804 secs using 197.7% CPU
Iteration 10 / LogL: -1671.245 / Time: 0h:0m:4s
Optimizing NNI: done in 0.0798187 secs using 200.2% CPU
Optimizing NNI: done in 0.0551718 secs using 194.2% CPU
Optimizing NNI: done in 0.0533404 secs using 190% CPU
Optimizing NNI: done in 0.0558102 secs using 193.1% CPU
Optimizing NNI: done in 0.0552743 secs using 186.8% CPU
Optimizing NNI: done in 0.0573029 secs using 197.7% CPU
Optimizing NNI: done in 0.0552694 secs using 201.3% CPU
Optimizing NNI: done in 0.0551831 secs using 194.2% CPU
Optimizing NNI: done in 0.103652 secs using 188.8% CPU
Optimizing NNI: done in 0.0534649 secs using 197.3% CPU
Iteration 20 / LogL: -1675.068 / Time: 0h:0m:4s
Finish initializing candidate tree set (20)
Current best tree score: -1665.169 / CPU time: 3.534
Number of iterations: 20
--------------------------------------------------------------------
|               OPTIMIZING CANDIDATE TREE SET                      |
--------------------------------------------------------------------
Optimizing NNI: done in 0.159567 secs using 189.6% CPU
Optimizing NNI: done in 0.138048 secs using 198.5% CPU
Optimizing NNI: done in 0.1712 secs using 195.8% CPU
Optimizing NNI: done in 0.139244 secs using 197.7% CPU
Optimizing NNI: done in 0.137729 secs using 198.7% CPU
Optimizing NNI: done in 0.179681 secs using 195.7% CPU
Optimizing NNI: done in 0.1333 secs using 199% CPU
Optimizing NNI: done in 0.110635 secs using 194% CPU
Estimate model parameters (epsilon = 0.100)
BETTER TREE FOUND at iteration 28: -1665.018
Optimizing NNI: done in 0.162157 secs using 193.7% CPU
Optimizing NNI: done in 0.153759 secs using 191.1% CPU
Iteration 30 / LogL: -1669.415 / Time: 0h:0m:6s (0h:0m:21s left)
Optimizing NNI: done in 0.111923 secs using 200% CPU
Optimizing NNI: done in 0.112005 secs using 189.3% CPU
Optimizing NNI: done in 0.113969 secs using 201.8% CPU
Optimizing NNI: done in 0.11404 secs using 194.7% CPU
Optimizing NNI: done in 0.135583 secs using 197.3% CPU
Optimizing NNI: done in 0.167991 secs using 195.2% CPU
Optimizing NNI: done in 0.142569 secs using 192.6% CPU
Optimizing NNI: done in 0.138449 secs using 195.3% CPU
Optimizing NNI: done in 0.130773 secs using 200.9% CPU
Optimizing NNI: done in 0.165825 secs using 201.3% CPU
Iteration 40 / LogL: -1670.827 / Time: 0h:0m:7s (0h:0m:17s left)
Optimizing NNI: done in 0.14058 secs using 199.6% CPU
Optimizing NNI: done in 0.111103 secs using 197.2% CPU
Optimizing NNI: done in 0.142063 secs using 192.9% CPU
Optimizing NNI: done in 0.0847809 secs using 199.1% CPU
Optimizing NNI: done in 0.21747 secs using 199.3% CPU
Optimizing NNI: done in 0.115015 secs using 187% CPU
Optimizing NNI: done in 0.11358 secs using 198.6% CPU
Optimizing NNI: done in 0.1439 secs using 191.7% CPU
Optimizing NNI: done in 0.133204 secs using 202.1% CPU
Optimizing NNI: done in 0.134116 secs using 186.5% CPU
Iteration 50 / LogL: -1679.130 / Time: 0h:0m:9s (0h:0m:14s left)
Optimizing NNI: done in 0.209117 secs using 195.6% CPU
Estimate model parameters (epsilon = 0.100)
BETTER TREE FOUND at iteration 51: -1664.845
Optimizing NNI: done in 0.160627 secs using 194.6% CPU
Optimizing NNI: done in 0.113304 secs using 195.3% CPU
Optimizing NNI: done in 0.085897 secs using 197.8% CPU
Optimizing NNI: done in 0.234671 secs using 193.7% CPU
Optimizing NNI: done in 0.1592 secs using 200.5% CPU
Estimate model parameters (epsilon = 0.100)
BETTER TREE FOUND at iteration 56: -1664.481
Optimizing NNI: done in 0.121642 secs using 195.4% CPU
Optimizing NNI: done in 0.114677 secs using 201.1% CPU
Optimizing NNI: done in 0.114592 secs using 197.7% CPU
Optimizing NNI: done in 0.137083 secs using 196.3% CPU
Iteration 60 / LogL: -1666.708 / Time: 0h:0m:11s (0h:0m:17s left)
Optimizing NNI: done in 0.114651 secs using 197.7% CPU
Optimizing NNI: done in 0.129368 secs using 189.6% CPU
Optimizing NNI: done in 0.216238 secs using 199.9% CPU
Estimate model parameters (epsilon = 0.100)
BETTER TREE FOUND at iteration 63: -1662.578
Optimizing NNI: done in 0.138326 secs using 197.6% CPU
Optimizing NNI: done in 0.0854837 secs using 198.3% CPU
Optimizing NNI: done in 0.141345 secs using 199% CPU
Optimizing NNI: done in 0.139359 secs using 191.8% CPU
Estimate model parameters (epsilon = 0.100)
BETTER TREE FOUND at iteration 67: -1662.193
Optimizing NNI: done in 0.163291 secs using 195.5% CPU
Optimizing NNI: done in 0.212143 secs using 196.2% CPU
Optimizing NNI: done in 0.142539 secs using 198.2% CPU
Iteration 70 / LogL: -1662.535 / Time: 0h:0m:13s (0h:0m:18s left)
Optimizing NNI: done in 0.112294 secs using 199.7% CPU
Estimate model parameters (epsilon = 0.100)
BETTER TREE FOUND at iteration 71: -1661.822
Optimizing NNI: done in 0.168476 secs using 196.6% CPU
Optimizing NNI: done in 0.164173 secs using 197.5% CPU
Optimizing NNI: done in 0.135548 secs using 197.4% CPU
Optimizing NNI: done in 0.0888276 secs using 199% CPU
Optimizing NNI: done in 0.142232 secs using 195.6% CPU
Optimizing NNI: done in 0.140431 secs using 188.3% CPU
Optimizing NNI: done in 0.141409 secs using 193.3% CPU
Optimizing NNI: done in 0.116852 secs using 185.6% CPU
Optimizing NNI: done in 0.145149 secs using 196.4% CPU
Iteration 80 / LogL: -1662.164 / Time: 0h:0m:14s (0h:0m:17s left)
Optimizing NNI: done in 0.204651 secs using 197.7% CPU
Optimizing NNI: done in 0.138913 secs using 197.9% CPU
Optimizing NNI: done in 0.153171 secs using 199.2% CPU
Optimizing NNI: done in 0.118455 secs using 197.9% CPU
Optimizing NNI: done in 0.241372 secs using 194.4% CPU
BETTER TREE FOUND at iteration 85: -1661.822
Optimizing NNI: done in 0.117839 secs using 198.4% CPU
Optimizing NNI: done in 0.115013 secs using 193.9% CPU
Optimizing NNI: done in 0.143927 secs using 194.5% CPU
Optimizing NNI: done in 0.173271 secs using 194.7% CPU
Optimizing NNI: done in 0.166252 secs using 193.8% CPU
Iteration 90 / LogL: -1666.843 / Time: 0h:0m:16s (0h:0m:17s left)
Optimizing NNI: done in 0.170265 secs using 194% CPU
Optimizing NNI: done in 0.0923986 secs using 195.3% CPU
Optimizing NNI: done in 0.131337 secs using 197.5% CPU
Optimizing NNI: done in 0.093705 secs using 193.9% CPU
Optimizing NNI: done in 0.120822 secs using 196% CPU
Estimate model parameters (epsilon = 0.100)
BETTER TREE FOUND at iteration 95: -1661.460
Optimizing NNI: done in 0.135959 secs using 199.2% CPU
Optimizing NNI: done in 0.17183 secs using 193.1% CPU
Optimizing NNI: done in 0.170681 secs using 193.7% CPU
Optimizing NNI: done in 0.119575 secs using 200.3% CPU
Optimizing NNI: done in 0.134697 secs using 195% CPU
Iteration 100 / LogL: -1666.611 / Time: 0h:0m:17s (0h:0m:17s left)
Optimizing NNI: done in 0.199112 secs using 196.4% CPU
Optimizing NNI: done in 0.0921651 secs using 191.1% CPU
Optimizing NNI: done in 0.148811 secs using 199.5% CPU
Optimizing NNI: done in 0.122933 secs using 194.4% CPU
Optimizing NNI: done in 0.167033 secs using 198.2% CPU
Estimate model parameters (epsilon = 0.100)
BETTER TREE FOUND at iteration 105: -1661.254
Optimizing NNI: done in 0.187971 secs using 196.8% CPU
Optimizing NNI: done in 0.090822 secs using 196.9% CPU
Optimizing NNI: done in 0.123235 secs using 200.6% CPU
Optimizing NNI: done in 0.122903 secs using 194.4% CPU
Optimizing NNI: done in 0.0953116 secs using 200.7% CPU
Iteration 110 / LogL: -1668.497 / Time: 0h:0m:19s (0h:0m:17s left)
Optimizing NNI: done in 0.173872 secs using 196.6% CPU
Optimizing NNI: done in 0.119437 secs using 193.8% CPU
Optimizing NNI: done in 0.150095 secs using 201.3% CPU
Optimizing NNI: done in 0.116335 secs using 196.3% CPU
Optimizing NNI: done in 0.119873 secs using 200.1% CPU
Optimizing NNI: done in 0.143357 secs using 197.7% CPU
Optimizing NNI: done in 0.169722 secs using 194.3% CPU
Optimizing NNI: done in 0.133769 secs using 195.7% CPU
Optimizing NNI: done in 0.182726 secs using 200.7% CPU
Optimizing NNI: done in 0.140445 secs using 199.7% CPU
Iteration 120 / LogL: -1661.487 / Time: 0h:0m:21s (0h:0m:15s left)
Optimizing NNI: done in 0.167484 secs using 190.8% CPU
Optimizing NNI: done in 0.179115 secs using 200.5% CPU
Optimizing NNI: done in 0.155324 secs using 200.4% CPU
Optimizing NNI: done in 0.116858 secs using 195.9% CPU
Optimizing NNI: done in 0.123594 secs using 193.9% CPU
Optimizing NNI: done in 0.12066 secs using 199.4% CPU
Optimizing NNI: done in 0.210141 secs using 199% CPU
Optimizing NNI: done in 0.143304 secs using 192.1% CPU
Optimizing NNI: done in 0.164709 secs using 197.1% CPU
Optimizing NNI: done in 0.168765 secs using 194.8% CPU
Iteration 130 / LogL: -1665.987 / Time: 0h:0m:22s (0h:0m:13s left)
Optimizing NNI: done in 0.176402 secs using 195.2% CPU
BETTER TREE FOUND at iteration 131: -1661.254
Optimizing NNI: done in 0.14144 secs using 196.1% CPU
Optimizing NNI: done in 0.204951 secs using 197.6% CPU
Optimizing NNI: done in 0.193655 secs using 195% CPU
Optimizing NNI: done in 0.172961 secs using 194.8% CPU
Optimizing NNI: done in 0.145798 secs using 196% CPU
Optimizing NNI: done in 0.124081 secs using 193.5% CPU
Optimizing NNI: done in 0.148045 secs using 200% CPU
Optimizing NNI: done in 0.177038 secs using 190.4% CPU
Optimizing NNI: done in 0.14864 secs using 194.2% CPU
Iteration 140 / LogL: -1661.647 / Time: 0h:0m:24s (0h:0m:15s left)
Optimizing NNI: done in 0.149935 secs using 198.7% CPU
Optimizing NNI: done in 0.128169 secs using 199.9% CPU
Optimizing NNI: done in 0.121289 secs using 195.6% CPU
Optimizing NNI: done in 0.117043 secs using 195.7% CPU
Optimizing NNI: done in 0.182307 secs using 198.7% CPU
Optimizing NNI: done in 0.232808 secs using 196.2% CPU
Optimizing NNI: done in 0.21676 secs using 195.9% CPU
Optimizing NNI: done in 0.194231 secs using 198.8% CPU
Optimizing NNI: done in 0.142797 secs using 195.2% CPU
Optimizing NNI: done in 0.138151 secs using 201.3% CPU
Iteration 150 / LogL: -1661.308 / Time: 0h:0m:26s (0h:0m:14s left)
Optimizing NNI: done in 0.0926001 secs using 186.4% CPU
Optimizing NNI: done in 0.119946 secs using 196.7% CPU
Optimizing NNI: done in 0.150976 secs using 193.6% CPU
Optimizing NNI: done in 0.146877 secs using 195.3% CPU
Optimizing NNI: done in 0.134492 secs using 195.2% CPU
Optimizing NNI: done in 0.142377 secs using 195.5% CPU
Optimizing NNI: done in 0.175724 secs using 191% CPU
Optimizing NNI: done in 0.151896 secs using 200% CPU
Optimizing NNI: done in 0.176897 secs using 199.5% CPU
Optimizing NNI: done in 0.152753 secs using 186.4% CPU
Iteration 160 / LogL: -1670.567 / Time: 0h:0m:27s (0h:0m:12s left)
Optimizing NNI: done in 0.192585 secs using 199.7% CPU
Optimizing NNI: done in 0.11773 secs using 191.7% CPU
Optimizing NNI: done in 0.150072 secs using 195.9% CPU
Optimizing NNI: done in 0.170139 secs using 198.7% CPU
Optimizing NNI: done in 0.137335 secs using 199% CPU
Optimizing NNI: done in 0.150624 secs using 195.6% CPU
Optimizing NNI: done in 0.142842 secs using 198% CPU
Optimizing NNI: done in 0.121522 secs using 202% CPU
Optimizing NNI: done in 0.147813 secs using 200.1% CPU
Optimizing NNI: done in 0.202961 secs using 190.7% CPU
Iteration 170 / LogL: -1661.828 / Time: 0h:0m:29s (0h:0m:10s left)
Optimizing NNI: done in 0.162636 secs using 193.4% CPU
Optimizing NNI: done in 0.135421 secs using 197.5% CPU
Optimizing NNI: done in 0.142736 secs using 198.1% CPU
Optimizing NNI: done in 0.0933511 secs using 194.3% CPU
Optimizing NNI: done in 0.152127 secs using 192% CPU
Optimizing NNI: done in 0.120252 secs using 196.5% CPU
Optimizing NNI: done in 0.141072 secs using 196.4% CPU
Optimizing NNI: done in 0.118113 secs using 198.2% CPU
Optimizing NNI: done in 0.146202 secs using 193% CPU
Optimizing NNI: done in 0.120744 secs using 196.1% CPU
Iteration 180 / LogL: -1664.041 / Time: 0h:0m:30s (0h:0m:8s left)
Optimizing NNI: done in 0.133714 secs using 195.7% CPU
Optimizing NNI: done in 0.152258 secs using 197.2% CPU
Optimizing NNI: done in 0.16399 secs using 200% CPU
Optimizing NNI: done in 0.121632 secs using 192.1% CPU
Optimizing NNI: done in 0.0934607 secs using 198.4% CPU
Optimizing NNI: done in 0.167877 secs using 192.9% CPU
Optimizing NNI: done in 0.121171 secs using 195.8% CPU
Optimizing NNI: done in 0.205858 secs using 197.2% CPU
Optimizing NNI: done in 0.146768 secs using 192.6% CPU
Optimizing NNI: done in 0.143387 secs using 194.8% CPU
Iteration 190 / LogL: -1661.256 / Time: 0h:0m:32s (0h:0m:6s left)
Optimizing NNI: done in 0.148545 secs using 199.6% CPU
Optimizing NNI: done in 0.174127 secs using 194.2% CPU
Optimizing NNI: done in 0.124113 secs using 193.5% CPU
Optimizing NNI: done in 0.0946251 secs using 197.2% CPU
Optimizing NNI: done in 0.173004 secs using 192.5% CPU
Optimizing NNI: done in 0.207522 secs using 198.3% CPU
Optimizing NNI: done in 0.162414 secs using 196.1% CPU
Optimizing NNI: done in 0.144404 secs using 185.9% CPU
Optimizing NNI: done in 0.0936479 secs using 194% CPU
Optimizing NNI: done in 0.122333 secs using 198.1% CPU
Iteration 200 / LogL: -1668.058 / Time: 0h:0m:33s (0h:0m:5s left)
Optimizing NNI: done in 0.174227 secs using 194.1% CPU
Optimizing NNI: done in 0.152456 secs using 199.7% CPU
Optimizing NNI: done in 0.180831 secs using 195.1% CPU
Optimizing NNI: done in 0.146808 secs using 198.1% CPU
Optimizing NNI: done in 0.118428 secs using 194.6% CPU
Optimizing NNI: done in 0.186407 secs using 194.4% CPU
Optimizing NNI: done in 0.122639 secs using 194.6% CPU
Optimizing NNI: done in 0.181852 secs using 194.6% CPU
Optimizing NNI: done in 0.172945 secs using 197.1% CPU
Optimizing NNI: done in 0.123797 secs using 200.2% CPU
Iteration 210 / LogL: -1661.594 / Time: 0h:0m:35s (0h:0m:3s left)
Optimizing NNI: done in 0.0952002 secs using 196.7% CPU
Optimizing NNI: done in 0.15043 secs using 195.7% CPU
Optimizing NNI: done in 0.156199 secs using 197.3% CPU
Optimizing NNI: done in 0.109714 secs using 198.4% CPU
Optimizing NNI: done in 0.0926336 secs using 199.3% CPU
Optimizing NNI: done in 0.15317 secs using 196.6% CPU
Optimizing NNI: done in 0.0920573 secs using 199.9% CPU
Optimizing NNI: done in 0.189434 secs using 199.3% CPU
Optimizing NNI: done in 0.233911 secs using 192.3% CPU
Optimizing NNI: done in 0.15086 secs using 195.4% CPU
Iteration 220 / LogL: -1661.594 / Time: 0h:0m:36s (0h:0m:1s left)
Optimizing NNI: done in 0.176235 secs using 197.6% CPU
Optimizing NNI: done in 0.144403 secs using 199.7% CPU
Optimizing NNI: done in 0.169577 secs using 199.1% CPU
Optimizing NNI: done in 0.138972 secs using 200.7% CPU
Optimizing NNI: done in 0.0908972 secs using 188% CPU
Optimizing NNI: done in 0.148305 secs using 199.8% CPU
Optimizing NNI: done in 0.124197 secs using 199.8% CPU
Optimizing NNI: done in 0.15283 secs using 189% CPU
Optimizing NNI: done in 0.142333 secs using 198.4% CPU
Optimizing NNI: done in 0.11866 secs using 201.1% CPU
Iteration 230 / LogL: -1661.309 / Time: 0h:0m:38s (0h:0m:0s left)
Optimizing NNI: done in 0.170601 secs using 198.5% CPU
Optimizing NNI: done in 0.143237 secs using 194.9% CPU
TREE SEARCH COMPLETED AFTER 232 ITERATIONS / Time: 0h:0m:38s

--------------------------------------------------------------------
|                    FINALIZING TREE SEARCH                        |
--------------------------------------------------------------------
Performs final model parameters optimization
Estimate model parameters (epsilon = 0.010)
1. Initial log-likelihood: -1661.254
2. Current log-likelihood: -1661.236
3. Current log-likelihood: -1661.224
Optimal log-likelihood: -1661.214
Rate parameters:  A-C: 2.40652  A-G: 4.28360  A-T: 0.69462  C-G: 0.62631  C-T: 7.54957  G-T: 1.00000
Base frequencies:  A: 0.439  C: 0.134  G: 0.231  T: 0.196
Site proportion and rates:  (0.194,0.526) (0.215,0.570) (0.221,0.698) (0.212,0.836) (0.154,2.402) (0.004,16.775)
Parameters optimization took 3 rounds (0.424 sec)
BEST SCORE FOUND : -1661.214
Total tree length: 0.846

Total number of iterations: 232
CPU time used for tree search: 72.631 sec (0h:1m:12s)
Wall-clock time used for tree search: 37.258 sec (0h:0m:37s)
Total CPU time used: 75.788 sec (0h:1m:15s)
Total wall-clock time used: 38.885 sec (0h:0m:38s)

Analysis results written to: 
  IQ-TREE report:                IQTREE_bestTree.InWindow_4800_to_5050.iqtree
  Maximum-likelihood tree:       IQTREE_bestTree.InWindow_4800_to_5050.treefile
  Likelihood distances:          IQTREE_bestTree.InWindow_4800_to_5050.mldist
  Screen log file:               IQTREE_bestTree.InWindow_4800_to_5050.log

Date and Time: Tue Jul 25 12:15:53 2023
