IQ-TREE multicore version 2.2.2.7 COVID-edition for Linux 64-bit built Jun  7 2023
Developed by Bui Quang Minh, James Barbetti, Nguyen Lam Tung,
Olga Chernomor, Heiko Schmidt, Dominik Schrempf, Michael Woodhams, Ly Trong Nhan.

Host:    hpc-node03 (AVX2, FMA3, 1007 GB RAM)
Command: iqtree -s AlignedReadsInWindow_PositionsExcised_4910_to_5160.fasta -pre IQTREE_bestTree.InWindow_4910_to_5160 -m GTR+F+R6 -nt 4
Seed:    477619 (Using SPRNG - Scalable Parallel Random Number Generator)
Time:    Sun Jul 23 04:30:58 2023
Kernel:  AVX+FMA - 4 threads (4 CPU cores detected)

Reading alignment file AlignedReadsInWindow_PositionsExcised_4910_to_5160.fasta ... Fasta format detected
Reading fasta file: done in 0.00805484 secs using 94.06% CPU
Alignment most likely contains DNA/RNA sequences
Constructing alignment: done in 0.00230621 secs using 152.6% CPU
Alignment has 844 sequences with 245 columns, 232 distinct patterns
173 parsimony-informative, 51 singleton sites, 21 constant sites
                                                            Gap/Ambiguity  Composition  p-value
Analyzing sequences: done in 0.000421332 secs using 998.3% CPU
   1  200724_20-08522_HIV11-02415_FL24_S18_L000_read_1_count_322    1.22%    passed     98.53%
   2  200724_20-08522_HIV11-02415_FL24_S18_L000_read_2_count_70     1.22%    passed     97.77%
   3  200724_20-08522_HIV11-02415_FL24_S18_L000_read_3_count_67     1.22%    passed     97.52%
   4  200724_20-08522_HIV11-02415_FL24_S18_L000_read_4_count_31     1.22%    passed     98.84%
   5  200724_20-08522_HIV11-02415_FL24_S18_L000_read_5_count_27     1.22%    passed     97.77%
   6  200724_20-08522_HIV11-02415_FL24_S18_L000_read_6_count_24     1.22%    passed     94.53%
   7  200724_20-08522_HIV11-02415_FL24_S18_L000_read_7_count_23     1.22%    passed     97.77%
   8  200724_20-08522_HIV11-02415_FL24_S18_L000_read_8_count_18     1.22%    passed     97.18%
   9  200724_20-08522_HIV11-02415_FL24_S18_L000_read_9_count_10     1.22%    passed     97.77%
  10  200724_20-08522_HIV11-02415_FL24_S18_L000_read_10_count_9     1.22%    passed     97.77%
  11  200724_20-08522_HIV11-02415_FL24_S18_L000_read_11_count_5     1.22%    passed     99.46%
  12  200724_20-08522_HIV11-02415_FL24_S18_L000_read_12_count_5     1.22%    passed     97.77%
  13  200724_20-08522_HIV11-02415_FL24_S18_L000_read_13_count_4     1.22%    passed     94.53%
  14  200724_20-08522_HIV11-02415_FL24_S18_L000_read_14_count_4     1.22%    passed     93.50%
  15  200724_20-08522_HIV11-02415_FL24_S18_L000_read_15_count_4     1.22%    passed     94.53%
  16  200724_20-08522_HIV11-02415_FL24_S18_L000_read_16_count_4     1.22%    passed     98.52%
  17  200724_20-08522_HIV11-02415_FL24_S18_L000_read_17_count_4     1.22%    passed     94.53%
  18  200724_20-08522_HIV11-02415_FL24_S18_L000_read_18_count_4     1.22%    passed     98.52%
  19  200724_20-08522_HIV11-02415_FL24_S18_L000_read_19_count_3     1.22%    passed     99.46%
  20  200724_20-08522_HIV11-02415_FL24_S18_L000_read_20_count_3     1.22%    passed     99.85%
  21  200724_20-08522_HIV11-02415_FL24_S18_L000_read_21_count_3     1.22%    passed     97.77%
  22  200724_20-08522_HIV11-02415_FL24_S18_L000_read_22_count_3     1.22%    passed     93.50%
  23  200724_20-08522_HIV11-02415_FL24_S18_L000_read_23_count_3     1.22%    passed     96.02%
  24  200724_20-08522_HIV11-02415_FL24_S18_L000_read_24_count_3     1.22%    passed     97.00%
  25  200724_20-08522_HIV11-02415_FL24_S18_L000_read_25_count_3     1.22%    passed     97.52%
  26  200724_20-08522_HIV11-02415_FL24_S18_L000_read_26_count_3     1.22%    passed     98.52%
  27  200724_20-08522_HIV11-02415_FL24_S18_L000_read_27_count_2     1.22%    passed     93.50%
  28  200724_20-08522_HIV11-02415_FL24_S18_L000_read_28_count_2     1.22%    passed     97.18%
  29  200724_20-08522_HIV11-02415_FL24_S18_L000_read_29_count_2     1.22%    passed     94.51%
  30  200724_20-08522_HIV11-02415_FL24_S18_L000_read_30_count_2     1.22%    passed     98.52%
  31  200724_20-08522_HIV11-02415_FL24_S18_L000_read_31_count_2     1.22%    passed     97.77%
  32  200724_20-08522_HIV11-02415_FL24_S18_L000_read_32_count_2     1.22%    passed     98.84%
  33  200724_20-08522_HIV11-02415_FL24_S18_L000_read_33_count_2     1.22%    passed     95.21%
  34  200724_20-08522_HIV11-02415_FL24_S18_L000_read_34_count_2     1.22%    passed     94.53%
  35  200724_20-08522_HIV11-02415_FL24_S18_L000_read_35_count_2     1.22%    passed     99.46%
  36  200724_20-08522_HIV11-02415_FL24_S18_L000_read_36_count_2     1.22%    passed     97.18%
  37  200724_20-08522_HIV11-02415_FL24_S18_L000_read_37_count_2     1.22%    passed     97.77%
  38  200724_20-08522_HIV11-02415_FL24_S18_L000_read_38_count_2     1.22%    passed     96.02%
  39  200724_20-08522_HIV11-02415_FL24_S18_L000_read_39_count_2     1.22%    passed     98.66%
  40  200724_20-08522_HIV11-02415_FL24_S18_L000_read_40_count_2     1.22%    passed     97.77%
  41  200724_20-08522_HIV11-02415_FL24_S18_L000_read_41_count_2     1.22%    passed     96.02%
  42  200724_20-08522_HIV11-02415_FL24_S18_L000_read_42_count_2     1.22%    passed     98.52%
  43  200724_20-08522_HIV11-02415_FL24_S18_L000_read_43_count_2     1.22%    passed     98.44%
  44  200724_20-08522_HIV11-02415_FL24_S18_L000_read_44_count_2     1.22%    passed     98.66%
  45  200724_20-08522_HIV11-02415_FL24_S18_L000_read_45_count_2     1.22%    passed     97.77%
  46  200724_20-08522_HIV11-02415_FL24_S18_L000_read_46_count_2     1.22%    passed     99.85%
  47  200724_20-08522_HIV11-02415_FL24_S18_L000_read_47_count_2     1.22%    passed     99.40%
  48  200724_20-08522_HIV11-02415_FL24_S18_L000_read_48_count_2     1.22%    passed     96.02%
  49  200724_20-08522_HIV11-02415_FL24_S18_L000_read_49_count_2     1.22%    passed     96.02%
  50  200724_20-08522_HIV11-02415_FL24_S18_L000_read_50_count_2     1.22%    passed     98.52%
  51  200724_20-08522_HIV11-02415_FL24_S18_L000_read_51_count_2     1.22%    passed     97.77%
  52  200724_20-08522_HIV11-02415_FL24_S18_L000_read_52_count_2     1.22%    passed     98.52%
  53  200724_20-08522_HIV11-02415_FL24_S18_L000_read_53_count_1     1.22%    passed     97.73%
  54  200724_20-08522_HIV11-02415_FL24_S18_L000_read_54_count_1     1.22%    passed     94.51%
  55  200724_20-08522_HIV11-02415_FL24_S18_L000_read_55_count_1     1.22%    passed     97.52%
  56  200724_20-08522_HIV11-02415_FL24_S18_L000_read_56_count_1     1.22%    passed     99.40%
  57  200724_20-08522_HIV11-02415_FL24_S18_L000_read_57_count_1     1.22%    passed     88.49%
  58  200724_20-08522_HIV11-02415_FL24_S18_L000_read_58_count_1     1.22%    passed     97.00%
  59  200724_20-08522_HIV11-02415_FL24_S18_L000_read_59_count_1     1.22%    passed     99.46%
  60  200724_20-08522_HIV11-02415_FL24_S18_L000_read_60_count_1     1.22%    passed     98.53%
  61  200724_20-08522_HIV11-02415_FL24_S18_L000_read_61_count_1     1.22%    passed     97.00%
  62  200724_20-08522_HIV11-02415_FL24_S18_L000_read_62_count_1     1.22%    passed     98.84%
  63  200724_20-08522_HIV11-02415_FL24_S18_L000_read_63_count_1     1.22%    passed     97.18%
  64  200724_20-08522_HIV11-02415_FL24_S18_L000_read_64_count_1     1.22%    passed     97.77%
  65  200724_20-08522_HIV11-02415_FL24_S18_L000_read_65_count_1     1.22%    passed     99.85%
  66  200724_20-08522_HIV11-02415_FL24_S18_L000_read_66_count_1     1.22%    passed     98.52%
  67  200724_20-08522_HIV11-02415_FL24_S18_L000_read_67_count_1     1.22%    passed     88.49%
  68  200724_20-08522_HIV11-02415_FL24_S18_L000_read_68_count_1     1.22%    passed     98.52%
  69  200724_20-08522_HIV11-02415_FL24_S18_L000_read_69_count_1     1.22%    passed     97.51%
  70  200724_20-08522_HIV11-02415_FL24_S18_L000_read_70_count_1     1.22%    passed     98.58%
  71  200724_20-08522_HIV11-02415_FL24_S18_L000_read_71_count_1     1.22%    passed     95.02%
  72  200724_20-08522_HIV11-02415_FL24_S18_L000_read_72_count_1     1.22%    passed     97.52%
  73  200724_20-08522_HIV11-02415_FL24_S18_L000_read_73_count_1     1.22%    passed     94.53%
  74  200724_20-08522_HIV11-02415_FL24_S18_L000_read_74_count_1     1.22%    passed     97.77%
  75  200724_20-08522_HIV11-02415_FL24_S18_L000_read_75_count_1     1.22%    passed     96.02%
  76  200724_20-08522_HIV11-02415_FL24_S18_L000_read_76_count_1     1.22%    passed     97.18%
  77  200724_20-08522_HIV11-02415_FL24_S18_L000_read_77_count_1     1.22%    passed     98.52%
  78  200724_20-08522_HIV11-02415_FL24_S18_L000_read_78_count_1     1.22%    passed     99.46%
  79  200724_20-08522_HIV11-02415_FL24_S18_L000_read_79_count_1     1.22%    passed     99.85%
  80  200724_20-08522_HIV11-02415_FL24_S18_L000_read_80_count_1     1.22%    passed     98.44%
  81  200724_20-08522_HIV11-02415_FL24_S18_L000_read_81_count_1     1.22%    passed     97.18%
  82  200724_20-08522_HIV11-02415_FL24_S18_L000_read_82_count_1     1.22%    passed     98.66%
  83  200724_20-08522_HIV11-02415_FL24_S18_L000_read_83_count_1     1.22%    passed     95.79%
  84  200724_20-08522_HIV11-02415_FL24_S18_L000_read_84_count_1     1.22%    passed     98.54%
  85  200724_20-08522_HIV11-02415_FL24_S18_L000_read_85_count_1     1.22%    passed     93.45%
  86  200724_20-08522_HIV11-02415_FL24_S18_L000_read_86_count_1     1.22%    passed     97.18%
  87  200724_20-08522_HIV11-02415_FL24_S18_L000_read_87_count_1     1.22%    passed     98.53%
  88  200724_20-08522_HIV11-02415_FL24_S18_L000_read_88_count_1     1.22%    passed     95.21%
  89  200724_20-08522_HIV11-02415_FL24_S18_L000_read_89_count_1     1.22%    passed     92.64%
  90  200724_20-08522_HIV11-02415_FL24_S18_L000_read_90_count_1     1.22%    passed     99.66%
  91  200724_20-08522_HIV11-02415_FL24_S18_L000_read_91_count_1     1.22%    passed     95.24%
  92  200724_20-08522_HIV11-02415_FL24_S18_L000_read_92_count_1     1.22%    passed     94.51%
  93  200724_20-08522_HIV11-02415_FL24_S18_L000_read_93_count_1     1.22%    passed     97.73%
  94  200724_20-08522_HIV11-02415_FL24_S18_L000_read_94_count_1     1.22%    passed     98.17%
  95  200724_20-08522_HIV11-02415_FL24_S18_L000_read_95_count_1     1.22%    passed     98.53%
  96  200724_20-08522_HIV11-02415_FL24_S18_L000_read_96_count_1     1.22%    passed     97.00%
  97  200724_20-08522_HIV11-02415_FL24_S18_L000_read_97_count_1     1.22%    passed     98.52%
  98  200724_20-08522_HIV11-02415_FL24_S18_L000_read_98_count_1     1.22%    passed     96.02%
  99  200724_20-08522_HIV11-02415_FL24_S18_L000_read_99_count_1     1.22%    passed     98.52%
 100  200724_20-08522_HIV11-02415_FL24_S18_L000_read_100_count_1    1.22%    passed     98.52%
 101  200724_20-08522_HIV11-02415_FL24_S18_L000_read_101_count_1    1.22%    passed     94.51%
 102  200724_20-08522_HIV11-02415_FL24_S18_L000_read_102_count_1    1.22%    passed     97.18%
 103  200724_20-08522_HIV11-02415_FL24_S18_L000_read_103_count_1    1.63%    passed     96.70%
 104  200724_20-08522_HIV11-02415_FL24_S18_L000_read_104_count_1    1.22%    passed     98.44%
 105  200724_20-08522_HIV11-02415_FL24_S18_L000_read_105_count_1    1.22%    passed     98.53%
 106  200724_20-08522_HIV11-02415_FL24_S18_L000_read_106_count_1    1.22%    passed     97.73%
 107  200724_20-08522_HIV11-02415_FL24_S18_L000_read_107_count_1    1.22%    passed     97.18%
 108  200724_20-08522_HIV11-02415_FL24_S18_L000_read_108_count_1    1.22%    passed     97.77%
 109  200724_20-08522_HIV11-02415_FL24_S18_L000_read_109_count_1    1.22%    passed     97.52%
 110  200724_20-08522_HIV11-02415_FL24_S18_L000_read_110_count_1    1.22%    passed     95.24%
 111  200724_20-08522_HIV11-02415_FL24_S18_L000_read_111_count_1    1.22%    passed     99.85%
 112  200724_20-08522_HIV11-02415_FL24_S18_L000_read_112_count_1    1.22%    passed     98.53%
 113  200724_20-08522_HIV11-02415_FL24_S18_L000_read_113_count_1    1.22%    passed     96.02%
 114  200724_20-08522_HIV11-02415_FL24_S18_L000_read_114_count_1    1.22%    passed     95.68%
 115  200724_20-08522_HIV11-02415_FL24_S18_L000_read_115_count_1    1.22%    passed     87.11%
 116  200724_20-08522_HIV11-02415_FL24_S18_L000_read_116_count_1    1.22%    passed     96.02%
 117  200724_20-08522_HIV11-02415_FL24_S18_L000_read_117_count_1    1.22%    passed     99.66%
 118  200724_20-08522_HIV11-02415_FL24_S18_L000_read_118_count_1    1.22%    passed     89.07%
 119  200724_20-08522_HIV11-02415_FL24_S18_L000_read_119_count_1    1.22%    passed     95.37%
 120  200724_20-08522_HIV11-02415_FL24_S18_L000_read_120_count_1    1.22%    passed     98.52%
 121  200724_20-08522_HIV11-02415_FL24_S18_L000_read_121_count_1    1.22%    passed     96.02%
 122  200724_20-08522_HIV11-02415_FL24_S18_L000_read_122_count_1    1.22%    passed     98.52%
 123  200724_20-08522_HIV11-02415_FL24_S18_L000_read_123_count_1    1.22%    passed     98.53%
 124  200724_20-08522_HIV11-02415_FL24_S18_L000_read_124_count_1    1.22%    passed     94.53%
 125  200724_20-08522_HIV11-02415_FL24_S18_L000_read_125_count_1    1.22%    passed     94.51%
 126  200724_20-08522_HIV11-02415_FL24_S18_L000_read_126_count_1    1.22%    passed     98.53%
 127  200724_20-08522_HIV11-02415_FL24_S18_L000_read_127_count_1    1.22%    passed     94.51%
 128  200724_20-08522_HIV11-02415_FL24_S18_L000_read_128_count_1    1.63%    passed     97.44%
 129  200724_20-08522_HIV11-02415_FL24_S18_L000_read_129_count_1    1.22%    passed     98.52%
 130  200724_20-08522_HIV11-02415_FL24_S18_L000_read_130_count_1    1.22%    passed     98.53%
 131  200724_20-08522_HIV11-02415_FL24_S18_L000_read_131_count_1    1.22%    passed     97.18%
 132  200724_20-08522_HIV11-02415_FL24_S18_L000_read_132_count_1    1.22%    passed     95.02%
 133  200724_20-08522_HIV11-02415_FL24_S18_L000_read_133_count_1    1.22%    passed     97.22%
 134  200724_20-08522_HIV11-02415_FL24_S18_L000_read_134_count_1    1.22%    passed     99.66%
 135  200724_20-08522_HIV11-02415_FL24_S18_L000_read_135_count_1    1.22%    passed     98.53%
 136  200724_20-08522_HIV11-02415_FL24_S18_L000_read_136_count_1    1.22%    passed     93.50%
 137  200724_20-08522_HIV11-02415_FL24_S18_L000_read_137_count_1    1.22%    passed     97.18%
 138  200724_20-08522_HIV11-02415_FL24_S18_L000_read_138_count_1    1.22%    passed     95.24%
 139  200724_20-08522_HIV11-02415_FL24_S18_L000_read_139_count_1    1.22%    passed     98.53%
 140  200724_20-08522_HIV11-02415_FL24_S18_L000_read_140_count_1    1.22%    passed     98.53%
 141  200724_20-08522_HIV11-02415_FL24_S18_L000_read_141_count_1    1.22%    passed     98.52%
 142  200724_20-08522_HIV11-02415_FL24_S18_L000_read_142_count_1    1.22%    passed     98.52%
 143  200724_20-08522_HIV11-02415_FL24_S18_L000_read_143_count_1    1.22%    passed     99.85%
 144  200724_20-08522_HIV11-02415_FL24_S18_L000_read_144_count_1    1.22%    passed     94.53%
 145  200724_20-08522_HIV11-02415_FL24_S18_L000_read_145_count_1    1.22%    passed     98.44%
 146  200724_20-08522_HIV11-02415_FL24_S18_L000_read_146_count_1    1.63%    passed     95.30%
 147  200724_20-08522_HIV11-02415_FL24_S18_L000_read_147_count_1    1.22%    passed     98.53%
 148  200724_20-08522_HIV11-02415_FL24_S18_L000_read_148_count_1    1.22%    passed     99.46%
 149  200724_20-08522_HIV11-02415_FL24_S18_L000_read_149_count_1    1.63%    passed     98.04%
 150  200724_20-08522_HIV11-02415_FL24_S18_L000_read_150_count_1    1.22%    passed     98.54%
 151  200724_20-08522_HIV11-02415_FL24_S18_L000_read_151_count_1    1.22%    passed     98.52%
 152  200724_20-08522_HIV11-02415_FL24_S18_L000_read_152_count_1    1.22%    passed     94.51%
 153  200724_20-08522_HIV11-02415_FL24_S18_L000_read_153_count_1    1.22%    passed     85.94%
 154  200724_20-08522_HIV11-02415_FL24_S18_L000_read_154_count_1    1.22%    passed     98.84%
 155  200724_20-08522_HIV11-02415_FL24_S18_L000_read_155_count_1    1.22%    passed     95.79%
 156  200724_20-08522_HIV11-02415_FL24_S18_L000_read_156_count_1    1.22%    passed     97.52%
 157  200724_20-08522_HIV11-02415_FL24_S18_L000_read_157_count_1    2.04%    passed     97.03%
 158  200724_20-08522_HIV11-02415_FL24_S18_L000_read_158_count_1    1.22%    passed     98.66%
 159  200724_20-08522_HIV11-02415_FL24_S18_L000_read_159_count_1    1.22%    passed     94.51%
 160  200724_20-08522_HIV11-02415_FL24_S18_L000_read_160_count_1    1.22%    passed     90.27%
 161  200724_20-08522_HIV11-02415_FL24_S18_L000_read_161_count_1    1.22%    passed     97.00%
 162  200724_20-08522_HIV11-02415_FL24_S18_L000_read_162_count_1    1.22%    passed     92.28%
 163  200724_20-08522_HIV11-02415_FL24_S18_L000_read_163_count_1    1.22%    passed     98.44%
 164  200724_20-08522_HIV11-02415_FL24_S18_L000_read_164_count_1    1.22%    passed     98.44%
 165  200724_20-08522_HIV11-02415_FL24_S18_L000_read_165_count_1    1.22%    passed     98.52%
 166  200724_20-08522_HIV11-02415_FL24_S18_L000_read_166_count_1    1.22%    passed     94.53%
 167  200724_20-08522_HIV11-02415_FL24_S18_L000_read_167_count_1    1.22%    passed     97.73%
 168  200724_20-08522_HIV11-02415_FL24_S18_L000_read_168_count_1    1.22%    passed     97.00%
 169  200724_20-08522_HIV11-02415_FL24_S18_L000_read_169_count_1    1.22%    passed     98.52%
 170  200724_20-08522_HIV11-02415_FL24_S18_L000_read_170_count_1    1.22%    passed     96.02%
 171  200724_20-08522_HIV11-02415_FL24_S18_L000_read_171_count_1    1.22%    passed     92.28%
 172  200724_20-08522_HIV11-02415_FL24_S18_L000_read_172_count_1    1.22%    passed     99.40%
 173  200724_20-08522_HIV11-02415_FL24_S18_L000_read_173_count_1    1.22%    passed     94.39%
 174  200724_20-08522_HIV11-02415_FL24_S18_L000_read_174_count_1    1.22%    passed     98.54%
 175  200724_20-08522_HIV11-02415_FL24_S18_L000_read_175_count_1    1.22%    passed     92.28%
 176  200724_20-08522_HIV11-02415_FL24_S18_L000_read_176_count_1    1.22%    passed     92.28%
 177  200724_20-08522_HIV11-02415_FL24_S18_L000_read_177_count_1    1.22%    passed     95.24%
 178  200724_20-08522_HIV11-02415_FL24_S18_L000_read_178_count_1    1.22%    passed     98.52%
 179  200724_20-08522_HIV11-02415_FL24_S18_L000_read_179_count_1    1.22%    passed     93.50%
 180  200724_20-08522_HIV11-02415_FL24_S18_L000_read_180_count_1    1.22%    passed     97.18%
 181  200724_20-08522_HIV11-02415_FL24_S18_L000_read_181_count_1    1.22%    passed     97.77%
 182  200724_20-08522_HIV11-02415_FL24_S18_L000_read_182_count_1    1.22%    passed     98.53%
 183  200724_20-08522_HIV11-02415_FL24_S18_L000_read_183_count_1    2.04%    passed     97.52%
 184  200724_20-08522_HIV11-02415_FL24_S18_L000_read_184_count_1    1.22%    passed     95.90%
 185  200724_20-08522_HIV11-02415_FL24_S18_L000_read_185_count_1    1.22%    passed     98.52%
 186  200724_20-08522_HIV11-02415_FL24_S18_L000_read_186_count_1    1.22%    passed     97.00%
 187  200724_20-08522_HIV11-02415_FL24_S18_L000_read_187_count_1    1.22%    passed     98.52%
 188  200724_20-08522_HIV11-02415_FL24_S18_L000_read_188_count_1    1.22%    passed     98.52%
 189  200724_20-08522_HIV11-02415_FL24_S18_L000_read_189_count_1    1.22%    passed     97.18%
 190  200724_20-08522_HIV11-02415_FL24_S18_L000_read_190_count_1    1.22%    passed     98.53%
 191  200724_20-08522_HIV11-02415_FL24_S18_L000_read_191_count_1    1.22%    passed     99.85%
 192  200724_20-08522_HIV11-02415_FL24_S18_L000_read_192_count_1    1.22%    passed     94.53%
 193  200724_20-08522_HIV11-02415_FL24_S18_L000_read_193_count_1    1.22%    passed     98.52%
 194  200724_20-08522_HIV11-02415_FL24_S18_L000_read_194_count_1    1.22%    passed     98.53%
 195  200724_20-08522_HIV11-02415_FL24_S18_L000_read_195_count_1    1.22%    passed     97.73%
 196  200724_20-08522_HIV11-02415_FL24_S18_L000_read_196_count_1    1.22%    passed     97.77%
 197  200724_20-08522_HIV11-02415_FL24_S18_L000_read_197_count_1    1.22%    passed     95.00%
 198  200724_20-08522_HIV11-02415_FL24_S18_L000_read_198_count_1    1.22%    passed     92.47%
 199  200724_20-08522_HIV11-02415_FL24_S18_L000_read_199_count_1    1.22%    passed     98.53%
 200  200724_20-08522_HIV11-02415_FL24_S18_L000_read_200_count_1    1.22%    passed     95.79%
 201  200724_20-08522_HIV11-02415_FL24_S18_L000_read_201_count_1    1.22%    passed     99.85%
 202  200724_20-08522_HIV11-02415_FL24_S18_L000_read_202_count_1    1.22%    passed     97.00%
 203  200724_20-08522_HIV11-02415_FL24_S18_L000_read_203_count_1    1.22%    passed     93.50%
 204  200724_20-08522_HIV11-02415_FL24_S18_L000_read_204_count_1    1.22%    passed     98.44%
 205  200724_20-08522_HIV11-02415_FL24_S18_L000_read_205_count_1    1.22%    passed     94.53%
 206  200724_20-08522_HIV11-02415_FL24_S18_L000_read_206_count_1    1.22%    passed     94.53%
 207  200724_20-08522_HIV11-02415_FL24_S18_L000_read_207_count_1    1.22%    passed     99.71%
 208  200724_20-08522_HIV11-02415_FL24_S18_L000_read_208_count_1    1.22%    passed     99.73%
 209  200724_20-08522_HIV11-02415_FL24_S18_L000_read_209_count_1    1.22%    passed     98.52%
 210  200724_20-08522_HIV11-02415_FL24_S18_L000_read_210_count_1    1.22%    passed     97.77%
 211  200724_20-08522_HIV11-02415_FL24_S18_L000_read_211_count_1    1.22%    passed     97.18%
 212  200724_20-08522_HIV11-02415_FL24_S18_L000_read_212_count_1    1.22%    passed     94.53%
 213  200724_20-08522_HIV11-02415_FL24_S18_L000_read_213_count_1    1.22%    passed     92.28%
 214  200724_20-08522_HIV11-02415_FL24_S18_L000_read_214_count_1    1.22%    passed     95.83%
 215  200724_20-08522_HIV11-02415_FL24_S18_L000_read_215_count_1    1.22%    passed     98.52%
 216  200724_20-08522_HIV11-02415_FL24_S18_L000_read_216_count_1    1.22%    passed     92.28%
 217  200724_20-08522_HIV11-02415_FL24_S18_L000_read_217_count_1    1.22%    passed     98.44%
 218  200724_20-08522_HIV11-02415_FL24_S18_L000_read_218_count_1    1.22%    passed     99.66%
 219  200724_20-08522_HIV11-02415_FL24_S18_L000_read_219_count_1    1.22%    passed     98.52%
 220  200724_20-08522_HIV11-02415_FL24_S18_L000_read_220_count_1    1.22%    passed     95.90%
 221  200724_20-08522_HIV11-02415_FL24_S18_L000_read_221_count_1    1.22%    passed     98.53%
 222  200724_20-08522_HIV11-02415_FL24_S18_L000_read_222_count_1    1.22%    passed     94.51%
 223  200724_20-08522_HIV11-02415_FL24_S18_L000_read_223_count_1    1.22%    passed     98.52%
 224  200724_20-08522_HIV11-02415_FL24_S18_L000_read_224_count_1    1.22%    passed     88.91%
 225  200724_20-08522_HIV11-02415_FL24_S18_L000_read_225_count_1    1.22%    passed     97.18%
 226  200724_20-08522_HIV11-02415_FL24_S18_L000_read_226_count_1    1.22%    passed     99.85%
 227  200724_20-08522_HIV11-02415_FL24_S18_L000_read_227_count_1    1.22%    passed     98.44%
 228  200724_20-08522_HIV11-02415_FL24_S18_L000_read_228_count_1    1.22%    passed     99.46%
 229  200724_20-08522_HIV11-02415_FL24_S18_L000_read_229_count_1    1.22%    passed     97.73%
 230  200724_20-08522_HIV11-02415_FL24_S18_L000_read_230_count_1    1.22%    passed     97.00%
 231  200724_20-08522_HIV11-02415_FL24_S18_L000_read_231_count_1    1.22%    passed     96.62%
 232  200724_20-08522_HIV11-02415_FL24_S18_L000_read_232_count_1    2.04%    passed     83.46%
 233  200724_20-08522_HIV11-02415_FL24_S18_L000_read_233_count_1    1.22%    passed     99.40%
 234  200724_20-08522_HIV11-02415_FL24_S18_L000_read_234_count_1    1.22%    passed     95.37%
 235  200724_20-08522_HIV11-02415_FL24_S18_L000_read_235_count_1    1.22%    passed     97.18%
 236  200724_20-08522_HIV11-02415_FL24_S18_L000_read_236_count_1    1.22%    passed     98.54%
 237  200724_20-08522_HIV11-02415_FL24_S18_L000_read_237_count_1    1.22%    passed     98.52%
 238  200724_20-08522_HIV11-02415_FL24_S18_L000_read_238_count_1    1.22%    passed     98.44%
 239  200724_20-08522_HIV11-02415_FL24_S18_L000_read_239_count_1    1.22%    passed     97.18%
 240  200724_20-08522_HIV11-02415_FL24_S18_L000_read_240_count_1    1.22%    passed     94.53%
 241  200724_20-08522_HIV11-02415_FL24_S18_L000_read_241_count_1    1.22%    passed     91.84%
 242  200724_20-08522_HIV11-02415_FL24_S18_L000_read_242_count_1    1.22%    passed     95.24%
 243  200724_20-08522_HIV11-02415_FL24_S18_L000_read_243_count_1    1.22%    passed     99.91%
 244  200724_20-08522_HIV11-02415_FL24_S18_L000_read_244_count_1    1.22%    passed     97.73%
 245  200724_20-08522_HIV11-02415_FL24_S18_L000_read_245_count_1    1.22%    passed     94.53%
 246  200724_20-08522_HIV11-02415_FL24_S18_L000_read_246_count_1    1.22%    passed     98.52%
 247  200724_20-08522_HIV11-02415_FL24_S18_L000_read_247_count_1    1.22%    passed     97.00%
 248  200724_20-08522_HIV11-02415_FL24_S18_L000_read_248_count_1    1.22%    passed     98.52%
 249  200724_20-08522_HIV11-02415_FL24_S18_L000_read_249_count_1    1.22%    passed     99.85%
 250  200724_20-08522_HIV11-02415_FL24_S18_L000_read_250_count_1    1.22%    passed     95.79%
 251  200724_20-08522_HIV11-02415_FL24_S18_L000_read_251_count_1    1.22%    passed     99.85%
 252  200724_20-08522_HIV11-02415_FL24_S18_L000_read_252_count_1    1.22%    passed     97.52%
 253  200724_20-08522_HIV11-02415_FL24_S18_L000_read_253_count_1    1.22%    passed     94.51%
 254  200724_20-08522_HIV11-02415_FL24_S18_L000_read_254_count_1    1.22%    passed     95.79%
 255  200724_20-08522_HIV11-02415_FL24_S18_L000_read_255_count_1    1.22%    passed     97.18%
 256  200724_20-08522_HIV11-02415_FL24_S18_L000_read_256_count_1    1.22%    passed     87.09%
 257  200724_20-08522_HIV11-02415_FL24_S18_L000_read_257_count_1    1.22%    passed     97.52%
 258  200724_20-08522_HIV11-02415_FL24_S18_L000_read_258_count_1    1.22%    passed     98.52%
 259  200724_20-08522_HIV11-02415_FL24_S18_L000_read_259_count_1    1.22%    passed     97.77%
 260  200724_20-08522_HIV11-02415_FL24_S18_L000_read_260_count_1    1.22%    passed     90.56%
 261  200724_20-08522_HIV11-02415_FL24_S18_L000_read_261_count_1    2.04%    passed     98.96%
 262  200724_20-08522_HIV11-02415_FL24_S18_L000_read_262_count_1    1.22%    passed     99.85%
 263  200724_20-08522_HIV11-02415_FL24_S18_L000_read_263_count_1    1.22%    passed     94.51%
 264  200724_20-08522_HIV11-02415_FL24_S18_L000_read_264_count_1    1.22%    passed     98.53%
 265  200724_20-08522_HIV11-02415_FL24_S18_L000_read_265_count_1    1.22%    passed     97.18%
 266  200724_20-08522_HIV11-02415_FL24_S18_L000_read_266_count_1    1.22%    passed     95.24%
 267  200709_20-07994_HIV07-01067_FL21_S1_L000_read_1_count_510     1.22%    passed     89.51%
 268  200709_20-07994_HIV07-01067_FL21_S1_L000_read_2_count_86      1.22%    passed     89.51%
 269  200709_20-07994_HIV07-01067_FL21_S1_L000_read_3_count_57      1.22%    passed     80.49%
 270  200709_20-07994_HIV07-01067_FL21_S1_L000_read_4_count_52      1.22%    passed     92.38%
 271  200709_20-07994_HIV07-01067_FL21_S1_L000_read_5_count_33      1.22%    passed     95.35%
 272  200709_20-07994_HIV07-01067_FL21_S1_L000_read_6_count_4       1.22%    passed     86.45%
 273  200709_20-07994_HIV07-01067_FL21_S1_L000_read_7_count_3       1.22%    passed     86.45%
 274  200709_20-07994_HIV07-01067_FL21_S1_L000_read_8_count_3       1.22%    passed     77.32%
 275  200709_20-07994_HIV07-01067_FL21_S1_L000_read_9_count_2       1.22%    passed     92.26%
 276  200709_20-07994_HIV07-01067_FL21_S1_L000_read_10_count_2      1.22%    passed     85.17%
 277  200709_20-07994_HIV07-01067_FL21_S1_L000_read_11_count_2      1.22%    passed     85.17%
 278  200709_20-07994_HIV07-01067_FL21_S1_L000_read_12_count_2      1.22%    passed     95.35%
 279  200709_20-07994_HIV07-01067_FL21_S1_L000_read_13_count_2      1.22%    passed     80.49%
 280  200709_20-07994_HIV07-01067_FL21_S1_L000_read_14_count_2      1.22%    passed     91.34%
 281  200709_20-07994_HIV07-01067_FL21_S1_L000_read_15_count_2      1.22%    passed     91.34%
 282  200709_20-07994_HIV07-01067_FL21_S1_L000_read_16_count_2      1.22%    passed     86.45%
 283  200709_20-07994_HIV07-01067_FL21_S1_L000_read_17_count_2      1.22%    passed     86.45%
 284  200709_20-07994_HIV07-01067_FL21_S1_L000_read_18_count_2      1.22%    passed     80.49%
 285  200709_20-07994_HIV07-01067_FL21_S1_L000_read_19_count_2      1.22%    passed     86.45%
 286  200709_20-07994_HIV07-01067_FL21_S1_L000_read_20_count_1      1.22%    passed     80.49%
 287  200709_20-07994_HIV07-01067_FL21_S1_L000_read_21_count_1      1.22%    passed     91.34%
 288  200709_20-07994_HIV07-01067_FL21_S1_L000_read_22_count_1      1.22%    passed     82.10%
 289  200709_20-07994_HIV07-01067_FL21_S1_L000_read_23_count_1      1.22%    passed     80.49%
 290  200709_20-07994_HIV07-01067_FL21_S1_L000_read_24_count_1      1.22%    passed     92.38%
 291  200709_20-07994_HIV07-01067_FL21_S1_L000_read_25_count_1      1.22%    passed     92.26%
 292  200709_20-07994_HIV07-01067_FL21_S1_L000_read_26_count_1      1.22%    passed     86.45%
 293  200709_20-07994_HIV07-01067_FL21_S1_L000_read_27_count_1      1.22%    passed     86.45%
 294  200709_20-07994_HIV07-01067_FL21_S1_L000_read_28_count_1      1.22%    passed     95.53%
 295  200709_20-07994_HIV07-01067_FL21_S1_L000_read_29_count_1      1.22%    passed     95.35%
 296  200709_20-07994_HIV07-01067_FL21_S1_L000_read_30_count_1      1.22%    passed     95.35%
 297  200709_20-07994_HIV07-01067_FL21_S1_L000_read_31_count_1      1.22%    passed     86.45%
 298  200709_20-07994_HIV07-01067_FL21_S1_L000_read_32_count_1      1.22%    passed     92.26%
 299  200709_20-07994_HIV07-01067_FL21_S1_L000_read_33_count_1      1.22%    passed     94.52%
 300  200709_20-07994_HIV07-01067_FL21_S1_L000_read_34_count_1      1.22%    passed     86.45%
 301  200709_20-07994_HIV07-01067_FL21_S1_L000_read_35_count_1      1.22%    passed     95.35%
 302  200709_20-07994_HIV07-01067_FL21_S1_L000_read_36_count_1      1.22%    passed     84.44%
 303  200709_20-07994_HIV07-01067_FL21_S1_L000_read_37_count_1      1.22%    passed     77.32%
 304  200709_20-07994_HIV07-01067_FL21_S1_L000_read_38_count_1      1.22%    passed     92.26%
 305  200709_20-07994_HIV07-01067_FL21_S1_L000_read_39_count_1      1.22%    passed     86.45%
 306  200709_20-07994_HIV07-01067_FL21_S1_L000_read_40_count_1      1.22%    passed     86.45%
 307  200709_20-07994_HIV07-01067_FL21_S1_L000_read_41_count_1      1.22%    passed     86.45%
 308  200709_20-07994_HIV07-01067_FL21_S1_L000_read_42_count_1      1.22%    passed     82.44%
 309  200709_20-07994_HIV07-01067_FL21_S1_L000_read_43_count_1      1.22%    passed     95.35%
 310  200709_20-07994_HIV07-01067_FL21_S1_L000_read_44_count_1      1.22%    passed     91.34%
 311  200709_20-07994_HIV07-01067_FL21_S1_L000_read_45_count_1      1.22%    passed     95.35%
 312  200709_20-07994_HIV07-01067_FL21_S1_L000_read_46_count_1      1.22%    passed     94.52%
 313  200709_20-07994_HIV07-01067_FL21_S1_L000_read_47_count_1      1.22%    passed     86.45%
 314  200709_20-07994_HIV07-01067_FL21_S1_L000_read_48_count_1      1.22%    passed     94.52%
 315  200709_20-07994_HIV07-01067_FL21_S1_L000_read_49_count_1      1.22%    passed     84.44%
 316  200709_20-07994_HIV07-01067_FL21_S1_L000_read_50_count_1      1.22%    passed     86.45%
 317  200709_20-07994_HIV07-01067_FL21_S1_L000_read_51_count_1      1.22%    passed     85.17%
 318  200709_20-07994_HIV07-01067_FL21_S1_L000_read_52_count_1      1.22%    passed     86.45%
 319  200709_20-07994_HIV07-01067_FL21_S1_L000_read_53_count_1      1.22%    passed     86.45%
 320  200709_20-07994_HIV07-01067_FL21_S1_L000_read_54_count_1      1.22%    passed     82.44%
 321  200709_20-07994_HIV07-01067_FL21_S1_L000_read_55_count_1      1.22%    passed     86.45%
 322  200709_20-07994_HIV07-01067_FL21_S1_L000_read_56_count_1      1.22%    passed     88.56%
 323  200709_20-07994_HIV07-01067_FL21_S1_L000_read_57_count_1      1.22%    passed     86.45%
 324  200709_20-07994_HIV07-01067_FL21_S1_L000_read_58_count_1      1.22%    passed     89.79%
 325  200709_20-07994_HIV07-01067_FL21_S1_L000_read_59_count_1      1.22%    passed     85.17%
 326  200709_20-07994_HIV07-01067_FL21_S1_L000_read_60_count_1      1.22%    passed     98.22%
 327  200709_20-07994_HIV07-01067_FL21_S1_L000_read_61_count_1      1.22%    passed     87.58%
 328  200709_20-07994_HIV07-01067_FL21_S1_L000_read_62_count_1      1.22%    passed     92.26%
 329  200709_20-07994_HIV07-01067_FL21_S1_L000_read_63_count_1      1.22%    passed     95.35%
 330  200709_20-07994_HIV07-01067_FL21_S1_L000_read_64_count_1      1.22%    passed     91.34%
 331  200709_20-07994_HIV07-01067_FL21_S1_L000_read_65_count_1      1.22%    passed     82.44%
 332  200709_20-07994_HIV07-01067_FL21_S1_L000_read_66_count_1      1.22%    passed     89.51%
 333  200709_20-07994_HIV07-01067_FL21_S1_L000_read_67_count_1      1.22%    passed     80.49%
 334  200709_20-07994_HIV07-01067_FL21_S1_L000_read_68_count_1      1.22%    passed     91.34%
 335  200709_20-07994_HIV07-01067_FL21_S1_L000_read_69_count_1      1.22%    passed     92.38%
 336  200709_20-07994_HIV07-01067_FL21_S1_L000_read_70_count_1      1.22%    passed     96.51%
 337  200709_20-07994_HIV07-01067_FL21_S1_L000_read_71_count_1      1.22%    passed     91.34%
 338  200709_20-07994_HIV07-01067_FL21_S1_L000_read_72_count_1      1.22%    passed     95.35%
 339  200709_20-07994_HIV07-01067_FL21_S1_L000_read_73_count_1      1.22%    passed     89.51%
 340  200709_20-07994_HIV07-01067_FL21_S1_L000_read_74_count_1      1.22%    passed     86.45%
 341  200709_20-07994_HIV07-01067_FL21_S1_L000_read_75_count_1      1.22%    passed     87.72%
 342  200709_20-07994_HIV07-01067_FL21_S1_L000_read_76_count_1      1.22%    passed     92.64%
 343  200709_20-07994_HIV07-01067_FL21_S1_L000_read_77_count_1      1.22%    passed     91.34%
 344  200709_20-07994_HIV07-01067_FL21_S1_L000_read_78_count_1      1.22%    passed     77.32%
 345  200709_20-07994_HIV07-01067_FL21_S1_L000_read_79_count_1      1.22%    passed     91.34%
 346  200709_20-07994_HIV07-01067_FL21_S1_L000_read_80_count_1      1.22%    passed     92.38%
 347  200709_20-07994_HIV07-01067_FL21_S1_L000_read_81_count_1      1.22%    passed     77.32%
 348  200709_20-07994_HIV07-01067_FL21_S1_L000_read_82_count_1      1.22%    passed     86.45%
 349  200709_20-07994_HIV07-01067_FL21_S1_L000_read_83_count_1      1.22%    passed     88.19%
 350  200709_20-07994_HIV07-01067_FL21_S1_L000_read_84_count_1      1.22%    passed     86.45%
 351  200709_20-07994_HIV07-01067_FL21_S1_L000_read_85_count_1      1.22%    passed     85.17%
 352  200709_20-07994_HIV07-01067_FL21_S1_L000_read_86_count_1      1.22%    passed     89.51%
 353  200709_20-07994_HIV07-01067_FL21_S1_L000_read_87_count_1      1.22%    passed     85.17%
 354  200709_20-07994_HIV07-01067_FL21_S1_L000_read_88_count_1      1.22%    passed     86.45%
 355  200709_20-07994_HIV07-01067_FL21_S1_L000_read_89_count_1      1.22%    passed     85.17%
 356  200709_20-07994_HIV07-01067_FL21_S1_L000_read_90_count_1      1.22%    passed     86.45%
 357  200709_20-07994_HIV07-01067_FL21_S1_L000_read_91_count_1      1.22%    passed     88.96%
 358  200709_20-07994_HIV07-01067_FL21_S1_L000_read_92_count_1      1.22%    passed     86.45%
 359  200709_20-07994_HIV07-01067_FL21_S1_L000_read_93_count_1      1.22%    passed     85.17%
 360  200709_20-07994_HIV07-01067_FL21_S1_L000_read_94_count_1      1.22%    passed     91.34%
 361  200709_20-07994_HIV07-01067_FL21_S1_L000_read_95_count_1      1.22%    passed     86.45%
 362  200709_20-07994_HIV07-01067_FL21_S1_L000_read_96_count_1      1.22%    passed     86.45%
 363  200709_20-07994_HIV07-01067_FL21_S1_L000_read_97_count_1      1.22%    passed     91.34%
 364  200709_20-07994_HIV07-01067_FL21_S1_L000_read_98_count_1      1.22%    passed     87.58%
 365  200709_20-07994_HIV07-01067_FL21_S1_L000_read_99_count_1      1.63%    passed     90.74%
 366  200709_20-07994_HIV07-01067_FL21_S1_L000_read_100_count_1     1.22%    passed     86.45%
 367  200709_20-07994_HIV07-01067_FL21_S1_L000_read_101_count_1     1.22%    passed     91.34%
 368  200709_20-07994_HIV07-01067_FL21_S1_L000_read_102_count_1     1.22%    passed     80.49%
 369  200709_20-07994_HIV07-01067_FL21_S1_L000_read_103_count_1     1.22%    passed     84.44%
 370  200709_20-07994_HIV07-01067_FL21_S1_L000_read_104_count_1     1.22%    passed     96.51%
 371  200709_20-07994_HIV07-01067_FL21_S1_L000_read_105_count_1     1.22%    passed     86.45%
 372  200709_20-07994_HIV07-01067_FL21_S1_L000_read_106_count_1     1.22%    passed     86.45%
 373  200709_20-07994_HIV07-01067_FL21_S1_L000_read_107_count_1     1.22%    passed     89.79%
 374  200709_20-07994_HIV07-01067_FL21_S1_L000_read_108_count_1     1.22%    passed     86.45%
 375  200709_20-07994_HIV07-01067_FL21_S1_L000_read_109_count_1     1.22%    passed     89.79%
 376  200709_20-07994_HIV07-01067_FL21_S1_L000_read_110_count_1     1.22%    passed     91.34%
 377  200709_20-07994_HIV07-01067_FL21_S1_L000_read_111_count_1     1.22%    passed     85.17%
 378  200709_20-07994_HIV07-01067_FL21_S1_L000_read_112_count_1     1.22%    passed     88.96%
 379  200709_20-07994_HIV07-01067_FL21_S1_L000_read_113_count_1     1.22%    passed     98.22%
 380  200709_20-07994_HIV07-01067_FL21_S1_L000_read_114_count_1     1.22%    passed     92.64%
 381  200709_20-07994_HIV07-01067_FL21_S1_L000_read_115_count_1     1.22%    passed     88.96%
 382  200709_20-07994_HIV07-01067_FL21_S1_L000_read_116_count_1     1.22%    passed     95.35%
 383  200709_20-07994_HIV07-01067_FL21_S1_L000_read_117_count_1     1.22%    passed     85.17%
 384  200709_20-07994_HIV07-01067_FL21_S1_L000_read_118_count_1     1.22%    passed     82.10%
 385  200709_20-07994_HIV07-01067_FL21_S1_L000_read_119_count_1     1.22%    passed     86.45%
 386  200709_20-07994_HIV07-01067_FL21_S1_L000_read_120_count_1     1.22%    passed     85.17%
 387  200709_20-07994_HIV07-01067_FL21_S1_L000_read_121_count_1     1.22%    passed     84.44%
 388  200709_20-07994_HIV07-01067_FL21_S1_L000_read_122_count_1     1.22%    passed     88.96%
 389  200709_20-07994_HIV07-01067_FL21_S1_L000_read_123_count_1     1.22%    passed     86.45%
 390  200709_20-07994_HIV07-01067_FL21_S1_L000_read_124_count_1     1.22%    passed     86.45%
 391  200709_20-07994_HIV07-01067_FL21_S1_L000_read_125_count_1     1.22%    passed     88.96%
 392  200709_20-07994_HIV07-01067_FL21_S1_L000_read_126_count_1     1.22%    passed     85.17%
 393  200709_20-07994_HIV07-01067_FL21_S1_L000_read_127_count_1     1.22%    passed     96.51%
 394  200709_20-07994_HIV07-01067_FL21_S1_L000_read_128_count_1     1.22%    passed     86.45%
 395  200709_20-07994_HIV07-01067_FL21_S1_L000_read_129_count_1     1.22%    passed     80.49%
 396  200709_20-07994_HIV07-01067_FL21_S1_L000_read_130_count_1     1.22%    passed     92.26%
 397  200709_20-07994_HIV07-01067_FL21_S1_L000_read_131_count_1     1.22%    passed     94.52%
 398  200709_20-07994_HIV07-01067_FL21_S1_L000_read_132_count_1     1.22%    passed     86.45%
 399  200709_20-07994_HIV07-01067_FL21_S1_L000_read_133_count_1     1.22%    passed     84.74%
 400  200709_20-07994_HIV07-01067_FL21_S1_L000_read_134_count_1     1.63%    passed     84.80%
 401  200709_20-07994_HIV07-01067_FL21_S1_L000_read_135_count_1     1.22%    passed     92.64%
 402  200709_20-07994_HIV07-01067_FL21_S1_L000_read_136_count_1     1.22%    passed     86.45%
 403  200709_20-07994_HIV07-01067_FL21_S1_L000_read_137_count_1     1.22%    passed     89.79%
 404  200709_20-07994_HIV07-01067_FL21_S1_L000_read_138_count_1     1.22%    passed     86.45%
 405  200709_20-07994_HIV07-01067_FL21_S1_L000_read_139_count_1     1.22%    passed     77.32%
 406  200709_20-07994_HIV07-01067_FL21_S1_L000_read_140_count_1     1.22%    passed     92.64%
 407  200709_20-07994_HIV07-01067_FL21_S1_L000_read_141_count_1     1.22%    passed     86.45%
 408  200709_20-07994_HIV07-01067_FL21_S1_L000_read_142_count_1     1.22%    passed     89.79%
 409  200709_20-07994_HIV07-01067_FL21_S1_L000_read_143_count_1     1.22%    passed     95.35%
 410  200709_20-07994_HIV07-01067_FL21_S1_L000_read_144_count_1     1.22%    passed     86.45%
 411  200709_20-07994_HIV07-01067_FL21_S1_L000_read_145_count_1     1.22%    passed     85.17%
 412  200709_20-07994_HIV07-01067_FL21_S1_L000_read_146_count_1     1.22%    passed     86.45%
 413  200709_20-07994_HIV07-01067_FL21_S1_L000_read_147_count_1     1.22%    passed     88.96%
 414  200709_20-07994_HIV07-01067_FL21_S1_L000_read_148_count_1     1.22%    passed     95.53%
 415  200709_20-07994_HIV07-01067_FL21_S1_L000_read_149_count_1     1.22%    passed     92.14%
 416  200709_20-07994_HIV07-01067_FL21_S1_L000_read_150_count_1     1.22%    passed     80.49%
 417  200709_20-07994_HIV07-01067_FL21_S1_L000_read_151_count_1     1.22%    passed     81.52%
 418  200709_20-07994_HIV07-01067_FL21_S1_L000_read_152_count_1     1.22%    passed     86.45%
 419  200709_20-07994_HIV07-01067_FL21_S1_L000_read_153_count_1     1.22%    passed     86.45%
 420  200709_20-07994_HIV07-01067_FL21_S1_L000_read_154_count_1     1.22%    passed     85.17%
 421  200709_20-07994_HIV07-01067_FL21_S1_L000_read_155_count_1     1.22%    passed     89.79%
 422  200703_20-07825_HIV09-00618_FL18_S6_L000_read_1_count_586     1.22%    passed     99.99%
 423  200703_20-07825_HIV09-00618_FL18_S6_L000_read_2_count_24      1.22%    passed     99.99%
 424  200703_20-07825_HIV09-00618_FL18_S6_L000_read_3_count_19      1.22%    passed     99.00%
 425  200703_20-07825_HIV09-00618_FL18_S6_L000_read_4_count_13      1.22%    passed     99.00%
 426  200703_20-07825_HIV09-00618_FL18_S6_L000_read_5_count_12      1.22%    passed     99.91%
 427  200703_20-07825_HIV09-00618_FL18_S6_L000_read_6_count_11      1.22%    passed     98.98%
 428  200703_20-07825_HIV09-00618_FL18_S6_L000_read_7_count_10      1.22%    passed     99.84%
 429  200703_20-07825_HIV09-00618_FL18_S6_L000_read_8_count_6       1.22%    passed     99.65%
 430  200703_20-07825_HIV09-00618_FL18_S6_L000_read_9_count_6       1.22%    passed     99.84%
 431  200703_20-07825_HIV09-00618_FL18_S6_L000_read_10_count_6      1.22%    passed     99.91%
 432  200703_20-07825_HIV09-00618_FL18_S6_L000_read_11_count_4      1.22%    passed     99.62%
 433  200703_20-07825_HIV09-00618_FL18_S6_L000_read_12_count_4      1.22%    passed     99.66%
 434  200703_20-07825_HIV09-00618_FL18_S6_L000_read_13_count_4      1.22%    passed     99.91%
 435  200703_20-07825_HIV09-00618_FL18_S6_L000_read_14_count_4      1.22%    passed     99.35%
 436  200703_20-07825_HIV09-00618_FL18_S6_L000_read_15_count_3      1.22%    passed     99.91%
 437  200703_20-07825_HIV09-00618_FL18_S6_L000_read_16_count_3      1.22%    passed     99.91%
 438  200703_20-07825_HIV09-00618_FL18_S6_L000_read_17_count_3      1.22%    passed     99.84%
 439  200703_20-07825_HIV09-00618_FL18_S6_L000_read_18_count_3      1.22%    passed     99.62%
 440  200703_20-07825_HIV09-00618_FL18_S6_L000_read_19_count_3      1.22%    passed     99.84%
 441  200703_20-07825_HIV09-00618_FL18_S6_L000_read_20_count_3      1.22%    passed     99.66%
 442  200703_20-07825_HIV09-00618_FL18_S6_L000_read_21_count_2      1.22%    passed     99.84%
 443  200703_20-07825_HIV09-00618_FL18_S6_L000_read_22_count_2      1.22%    passed     99.65%
 444  200703_20-07825_HIV09-00618_FL18_S6_L000_read_23_count_2      1.22%    passed     99.62%
 445  200703_20-07825_HIV09-00618_FL18_S6_L000_read_24_count_2      1.22%    passed     99.84%
 446  200703_20-07825_HIV09-00618_FL18_S6_L000_read_25_count_2      1.22%    passed     99.65%
 447  200703_20-07825_HIV09-00618_FL18_S6_L000_read_26_count_2      1.63%    passed     99.98%
 448  200703_20-07825_HIV09-00618_FL18_S6_L000_read_27_count_2      1.22%    passed     99.84%
 449  200703_20-07825_HIV09-00618_FL18_S6_L000_read_28_count_2      1.22%    passed     99.84%
 450  200703_20-07825_HIV09-00618_FL18_S6_L000_read_29_count_2      1.22%    passed     99.84%
 451  200703_20-07825_HIV09-00618_FL18_S6_L000_read_30_count_2      1.22%    passed     99.91%
 452  200703_20-07825_HIV09-00618_FL18_S6_L000_read_31_count_2      1.22%    passed     99.66%
 453  200703_20-07825_HIV09-00618_FL18_S6_L000_read_32_count_2      1.22%    passed     99.84%
 454  200703_20-07825_HIV09-00618_FL18_S6_L000_read_33_count_2      1.22%    passed     99.84%
 455  200703_20-07825_HIV09-00618_FL18_S6_L000_read_34_count_2      1.22%    passed     99.91%
 456  200703_20-07825_HIV09-00618_FL18_S6_L000_read_35_count_2      1.22%    passed     99.84%
 457  200703_20-07825_HIV09-00618_FL18_S6_L000_read_36_count_2      1.22%    passed     99.91%
 458  200703_20-07825_HIV09-00618_FL18_S6_L000_read_37_count_2      1.22%    passed     99.91%
 459  200703_20-07825_HIV09-00618_FL18_S6_L000_read_38_count_2      1.22%    passed     99.84%
 460  200703_20-07825_HIV09-00618_FL18_S6_L000_read_39_count_2      1.22%    passed     99.84%
 461  200703_20-07825_HIV09-00618_FL18_S6_L000_read_40_count_2      1.22%    passed     99.99%
 462  200703_20-07825_HIV09-00618_FL18_S6_L000_read_41_count_1      1.22%    passed     99.99%
 463  200703_20-07825_HIV09-00618_FL18_S6_L000_read_42_count_1      1.63%    passed     99.98%
 464  200703_20-07825_HIV09-00618_FL18_S6_L000_read_43_count_1      1.22%    passed     99.91%
 465  200703_20-07825_HIV09-00618_FL18_S6_L000_read_44_count_1      1.22%    passed     99.85%
 466  200703_20-07825_HIV09-00618_FL18_S6_L000_read_45_count_1      1.22%    passed     99.84%
 467  200703_20-07825_HIV09-00618_FL18_S6_L000_read_46_count_1      0.82%    passed     99.68%
 468  200703_20-07825_HIV09-00618_FL18_S6_L000_read_47_count_1      1.22%    passed     97.38%
 469  200703_20-07825_HIV09-00618_FL18_S6_L000_read_48_count_1      1.22%    passed     99.84%
 470  200703_20-07825_HIV09-00618_FL18_S6_L000_read_49_count_1      1.22%    passed     99.99%
 471  200703_20-07825_HIV09-00618_FL18_S6_L000_read_50_count_1      1.22%    passed     99.73%
 472  200703_20-07825_HIV09-00618_FL18_S6_L000_read_51_count_1      1.22%    passed     99.91%
 473  200703_20-07825_HIV09-00618_FL18_S6_L000_read_52_count_1      1.63%    passed     99.98%
 474  200703_20-07825_HIV09-00618_FL18_S6_L000_read_53_count_1      1.22%    passed     99.60%
 475  200703_20-07825_HIV09-00618_FL18_S6_L000_read_54_count_1      1.22%    passed     99.00%
 476  200703_20-07825_HIV09-00618_FL18_S6_L000_read_55_count_1      1.22%    passed     99.84%
 477  200703_20-07825_HIV09-00618_FL18_S6_L000_read_56_count_1      1.63%    passed     99.98%
 478  200703_20-07825_HIV09-00618_FL18_S6_L000_read_57_count_1      1.22%    passed     99.60%
 479  200703_20-07825_HIV09-00618_FL18_S6_L000_read_58_count_1      1.22%    passed     99.91%
 480  200703_20-07825_HIV09-00618_FL18_S6_L000_read_59_count_1      1.22%    passed     99.91%
 481  200703_20-07825_HIV09-00618_FL18_S6_L000_read_60_count_1      1.22%    passed     99.84%
 482  200703_20-07825_HIV09-00618_FL18_S6_L000_read_61_count_1      1.22%    passed     96.99%
 483  200703_20-07825_HIV09-00618_FL18_S6_L000_read_62_count_1      1.22%    passed     99.66%
 484  200703_20-07825_HIV09-00618_FL18_S6_L000_read_63_count_1      1.22%    passed     99.37%
 485  200703_20-07825_HIV09-00618_FL18_S6_L000_read_64_count_1      1.22%    passed     99.50%
 486  200703_20-07825_HIV09-00618_FL18_S6_L000_read_65_count_1      1.63%    passed     99.98%
 487  200703_20-07825_HIV09-00618_FL18_S6_L000_read_66_count_1      1.22%    passed     99.85%
 488  200703_20-07825_HIV09-00618_FL18_S6_L000_read_67_count_1      1.22%    passed     99.84%
 489  200703_20-07825_HIV09-00618_FL18_S6_L000_read_68_count_1      1.22%    passed     99.84%
 490  200703_20-07825_HIV09-00618_FL18_S6_L000_read_69_count_1      1.22%    passed     99.91%
 491  200703_20-07825_HIV09-00618_FL18_S6_L000_read_70_count_1      1.22%    passed     99.85%
 492  200703_20-07825_HIV09-00618_FL18_S6_L000_read_71_count_1      1.22%    passed     99.00%
 493  200703_20-07825_HIV09-00618_FL18_S6_L000_read_72_count_1      0.82%    passed     99.97%
 494  200703_20-07825_HIV09-00618_FL18_S6_L000_read_73_count_1      1.22%    passed     96.85%
 495  200703_20-07825_HIV09-00618_FL18_S6_L000_read_74_count_1      1.22%    passed     99.37%
 496  200703_20-07825_HIV09-00618_FL18_S6_L000_read_75_count_1      1.22%    passed     99.84%
 497  200703_20-07825_HIV09-00618_FL18_S6_L000_read_76_count_1      1.22%    passed     99.48%
 498  200703_20-07825_HIV09-00618_FL18_S6_L000_read_77_count_1      1.22%    passed     99.91%
 499  200703_20-07825_HIV09-00618_FL18_S6_L000_read_78_count_1      1.22%    passed     99.85%
 500  200703_20-07825_HIV09-00618_FL18_S6_L000_read_79_count_1      1.22%    passed     99.84%
 501  200703_20-07825_HIV09-00618_FL18_S6_L000_read_80_count_1      1.22%    passed     99.91%
 502  200703_20-07825_HIV09-00618_FL18_S6_L000_read_81_count_1      1.22%    passed     99.92%
 503  200703_20-07825_HIV09-00618_FL18_S6_L000_read_82_count_1      1.22%    passed     99.84%
 504  200703_20-07825_HIV09-00618_FL18_S6_L000_read_83_count_1      1.22%    passed     99.26%
 505  200703_20-07825_HIV09-00618_FL18_S6_L000_read_84_count_1      1.22%    passed     99.84%
 506  200703_20-07825_HIV09-00618_FL18_S6_L000_read_85_count_1      1.22%    passed     99.84%
 507  200703_20-07825_HIV09-00618_FL18_S6_L000_read_86_count_1      1.22%    passed     99.62%
 508  200703_20-07825_HIV09-00618_FL18_S6_L000_read_87_count_1      1.22%    passed     99.91%
 509  200703_20-07825_HIV09-00618_FL18_S6_L000_read_88_count_1      1.22%    passed     99.84%
 510  200703_20-07825_HIV09-00618_FL18_S6_L000_read_89_count_1      1.22%    passed     99.85%
 511  200703_20-07825_HIV09-00618_FL18_S6_L000_read_90_count_1      1.22%    passed     99.91%
 512  200703_20-07825_HIV09-00618_FL18_S6_L000_read_91_count_1      1.22%    passed     99.00%
 513  200703_20-07825_HIV09-00618_FL18_S6_L000_read_92_count_1      1.22%    passed     99.66%
 514  200703_20-07825_HIV09-00618_FL18_S6_L000_read_93_count_1      1.22%    passed     99.46%
 515  200703_20-07825_HIV09-00618_FL18_S6_L000_read_94_count_1      1.22%    passed     99.00%
 516  200703_20-07825_HIV09-00618_FL18_S6_L000_read_95_count_1      1.22%    passed     99.84%
 517  200703_20-07825_HIV09-00618_FL18_S6_L000_read_96_count_1      1.22%    passed     97.99%
 518  200703_20-07825_HIV09-00618_FL18_S6_L000_read_97_count_1      1.22%    passed     99.84%
 519  200703_20-07825_HIV09-00618_FL18_S6_L000_read_98_count_1      1.22%    passed     99.66%
 520  200703_20-07825_HIV09-00618_FL18_S6_L000_read_99_count_1      1.22%    passed     99.84%
 521  200703_20-07825_HIV09-00618_FL18_S6_L000_read_100_count_1     1.22%    passed     99.00%
 522  200703_20-07825_HIV09-00618_FL18_S6_L000_read_101_count_1     1.63%    passed     99.99%
 523  200703_20-07825_HIV09-00618_FL18_S6_L000_read_102_count_1     1.22%    passed     99.48%
 524  200703_20-07825_HIV09-00618_FL18_S6_L000_read_103_count_1     1.22%    passed     99.84%
 525  200703_20-07825_HIV09-00618_FL18_S6_L000_read_104_count_1     1.22%    passed     99.66%
 526  200703_20-07825_HIV09-00618_FL18_S6_L000_read_105_count_1     1.22%    passed     99.84%
 527  200703_20-07825_HIV09-00618_FL18_S6_L000_read_106_count_1     1.22%    passed     99.91%
 528  200703_20-07825_HIV09-00618_FL18_S6_L000_read_107_count_1     1.22%    passed     99.35%
 529  200703_20-07825_HIV09-00618_FL18_S6_L000_read_108_count_1     1.22%    passed     99.66%
 530  200703_20-07825_HIV09-00618_FL18_S6_L000_read_109_count_1     1.22%    passed     99.84%
 531  200703_20-07825_HIV09-00618_FL18_S6_L000_read_110_count_1     1.22%    passed     99.84%
 532  200703_20-07825_HIV09-00618_FL18_S6_L000_read_111_count_1     1.22%    passed     99.84%
 533  200703_20-07825_HIV09-00618_FL18_S6_L000_read_112_count_1     1.22%    passed     99.73%
 534  200703_20-07825_HIV09-00618_FL18_S6_L000_read_113_count_1     1.22%    passed     99.65%
 535  200703_20-07825_HIV09-00618_FL18_S6_L000_read_114_count_1     1.22%    passed     99.85%
 536  200703_20-07825_HIV09-00618_FL18_S6_L000_read_115_count_1     1.22%    passed     99.91%
 537  200703_20-07825_HIV09-00618_FL18_S6_L000_read_116_count_1     1.63%    passed     99.75%
 538  200703_20-07825_HIV09-00618_FL18_S6_L000_read_117_count_1     1.22%    passed     99.84%
 539  200703_20-07825_HIV09-00618_FL18_S6_L000_read_118_count_1     1.22%    passed     99.91%
 540  200703_20-07825_HIV09-00618_FL18_S6_L000_read_119_count_1     1.22%    passed     99.84%
 541  200703_20-07825_HIV09-00618_FL18_S6_L000_read_120_count_1     1.22%    passed     99.84%
 542  200703_20-07825_HIV09-00618_FL18_S6_L000_read_121_count_1     1.22%    passed     99.84%
 543  200703_20-07825_HIV09-00618_FL18_S6_L000_read_122_count_1     1.22%    passed     99.84%
 544  200703_20-07825_HIV09-00618_FL18_S6_L000_read_123_count_1     1.22%    passed     99.92%
 545  200703_20-07825_HIV09-00618_FL18_S6_L000_read_124_count_1     1.22%    passed     99.30%
 546  200703_20-07825_HIV09-00618_FL18_S6_L000_read_125_count_1     1.22%    passed     98.94%
 547  200703_20-07825_HIV09-00618_FL18_S6_L000_read_126_count_1     1.22%    passed     99.62%
 548  200703_20-07825_HIV09-00618_FL18_S6_L000_read_127_count_1     1.22%    passed     99.84%
 549  200703_20-07825_HIV09-00618_FL18_S6_L000_read_128_count_1     0.82%    passed     99.96%
 550  200703_20-07825_HIV09-00618_FL18_S6_L000_read_129_count_1     1.22%    passed     99.73%
 551  200703_20-07825_HIV09-00618_FL18_S6_L000_read_130_count_1     1.22%    passed     99.91%
 552  200703_20-07825_HIV09-00618_FL18_S6_L000_read_131_count_1     1.22%    passed     99.30%
 553  200703_20-07825_HIV09-00618_FL18_S6_L000_read_132_count_1     1.63%    passed     99.63%
 554  200703_20-07825_HIV09-00618_FL18_S6_L000_read_133_count_1     1.22%    passed     99.84%
 555  200703_20-07825_HIV09-00618_FL18_S6_L000_read_134_count_1     1.22%    passed     99.84%
 556  200703_20-07825_HIV09-00618_FL18_S6_L000_read_135_count_1     1.22%    passed     99.35%
 557  200703_20-07825_HIV09-00618_FL18_S6_L000_read_136_count_1     1.22%    passed     99.84%
 558  200703_20-07825_HIV09-00618_FL18_S6_L000_read_137_count_1     1.63%    passed     99.47%
 559  200703_20-07825_HIV09-00618_FL18_S6_L000_read_138_count_1     1.22%    passed     99.85%
 560  200703_20-07825_HIV09-00618_FL18_S6_L000_read_139_count_1     1.22%    passed     99.62%
 561  200703_20-07825_HIV09-00618_FL18_S6_L000_read_140_count_1     1.22%    passed     99.84%
 562  200703_20-07825_HIV09-00618_FL18_S6_L000_read_141_count_1     1.22%    passed     99.35%
 563  200703_20-07825_HIV09-00618_FL18_S6_L000_read_142_count_1     1.22%    passed     99.85%
 564  200703_20-07825_HIV09-00618_FL18_S6_L000_read_143_count_1     1.22%    passed     99.35%
 565  200703_20-07825_HIV09-00618_FL18_S6_L000_read_144_count_1     1.22%    passed     99.84%
 566  200814_20-09728_HIV09-02843_FL30_S2_L000_read_1_count_234     1.22%    passed     85.59%
 567  200814_20-09728_HIV09-02843_FL30_S2_L000_read_2_count_230     1.22%    passed     83.33%
 568  200814_20-09728_HIV09-02843_FL30_S2_L000_read_3_count_139     1.22%    passed     85.59%
 569  200814_20-09728_HIV09-02843_FL30_S2_L000_read_4_count_72      1.22%    passed     91.41%
 570  200814_20-09728_HIV09-02843_FL30_S2_L000_read_5_count_53      1.22%    passed     86.64%
 571  200814_20-09728_HIV09-02843_FL30_S2_L000_read_6_count_42      1.22%    passed     86.64%
 572  200814_20-09728_HIV09-02843_FL30_S2_L000_read_7_count_39      1.22%    passed     78.33%
 573  200814_20-09728_HIV09-02843_FL30_S2_L000_read_8_count_6       1.22%    passed     78.33%
 574  200814_20-09728_HIV09-02843_FL30_S2_L000_read_9_count_4       1.22%    passed     91.41%
 575  200814_20-09728_HIV09-02843_FL30_S2_L000_read_10_count_3      1.22%    passed     88.78%
 576  200814_20-09728_HIV09-02843_FL30_S2_L000_read_11_count_2      1.22%    passed     91.41%
 577  200814_20-09728_HIV09-02843_FL30_S2_L000_read_12_count_2      1.22%    passed     78.33%
 578  200814_20-09728_HIV09-02843_FL30_S2_L000_read_13_count_2      1.22%    passed     88.78%
 579  200814_20-09728_HIV09-02843_FL30_S2_L000_read_14_count_2      2.04%    passed     87.63%
 580  200814_20-09728_HIV09-02843_FL30_S2_L000_read_15_count_2      1.22%    passed     91.41%
 581  200814_20-09728_HIV09-02843_FL30_S2_L000_read_16_count_2      1.22%    passed     88.78%
 582  200814_20-09728_HIV09-02843_FL30_S2_L000_read_17_count_2      1.22%    passed     95.60%
 583  200814_20-09728_HIV09-02843_FL30_S2_L000_read_18_count_2      1.22%    passed     91.41%
 584  200814_20-09728_HIV09-02843_FL30_S2_L000_read_19_count_1      1.22%    passed     89.47%
 585  200814_20-09728_HIV09-02843_FL30_S2_L000_read_20_count_1      1.63%    passed     87.91%
 586  200814_20-09728_HIV09-02843_FL30_S2_L000_read_21_count_1      1.22%    passed     87.38%
 587  200814_20-09728_HIV09-02843_FL30_S2_L000_read_22_count_1      1.22%    passed     79.90%
 588  200814_20-09728_HIV09-02843_FL30_S2_L000_read_23_count_1      1.22%    passed     91.41%
 589  200814_20-09728_HIV09-02843_FL30_S2_L000_read_24_count_1      1.22%    passed     86.64%
 590  200814_20-09728_HIV09-02843_FL30_S2_L000_read_25_count_1      1.22%    passed     86.64%
 591  200814_20-09728_HIV09-02843_FL30_S2_L000_read_26_count_1      1.22%    passed     87.38%
 592  200814_20-09728_HIV09-02843_FL30_S2_L000_read_27_count_1      1.22%    passed     86.64%
 593  200814_20-09728_HIV09-02843_FL30_S2_L000_read_28_count_1      1.22%    passed     91.41%
 594  200814_20-09728_HIV09-02843_FL30_S2_L000_read_29_count_1      1.22%    passed     83.04%
 595  200814_20-09728_HIV09-02843_FL30_S2_L000_read_30_count_1      1.22%    passed     91.41%
 596  200814_20-09728_HIV09-02843_FL30_S2_L000_read_31_count_1      1.22%    passed     78.08%
 597  200814_20-09728_HIV09-02843_FL30_S2_L000_read_32_count_1      1.22%    passed     91.92%
 598  200814_20-09728_HIV09-02843_FL30_S2_L000_read_33_count_1      1.22%    passed     79.97%
 599  200814_20-09728_HIV09-02843_FL30_S2_L000_read_34_count_1      1.22%    passed     86.64%
 600  200814_20-09728_HIV09-02843_FL30_S2_L000_read_35_count_1      1.22%    passed     91.41%
 601  200814_20-09728_HIV09-02843_FL30_S2_L000_read_36_count_1      1.22%    passed     86.21%
 602  200814_20-09728_HIV09-02843_FL30_S2_L000_read_37_count_1      1.22%    passed     78.33%
 603  200814_20-09728_HIV09-02843_FL30_S2_L000_read_38_count_1      1.22%    passed     91.41%
 604  200814_20-09728_HIV09-02843_FL30_S2_L000_read_39_count_1      1.22%    passed     91.41%
 605  200814_20-09728_HIV09-02843_FL30_S2_L000_read_40_count_1      1.22%    passed     89.20%
 606  200814_20-09728_HIV09-02843_FL30_S2_L000_read_41_count_1      1.22%    passed     91.92%
 607  200814_20-09728_HIV09-02843_FL30_S2_L000_read_42_count_1      1.22%    passed     87.38%
 608  200814_20-09728_HIV09-02843_FL30_S2_L000_read_43_count_1      1.22%    passed     83.26%
 609  200814_20-09728_HIV09-02843_FL30_S2_L000_read_44_count_1      1.22%    passed     77.37%
 610  200814_20-09728_HIV09-02843_FL30_S2_L000_read_45_count_1      1.22%    passed     91.92%
 611  200814_20-09728_HIV09-02843_FL30_S2_L000_read_46_count_1      1.22%    passed     91.92%
 612  200814_20-09728_HIV09-02843_FL30_S2_L000_read_47_count_1      1.22%    passed     91.41%
 613  200814_20-09728_HIV09-02843_FL30_S2_L000_read_48_count_1      1.22%    passed     91.06%
 614  200814_20-09728_HIV09-02843_FL30_S2_L000_read_49_count_1      1.22%    passed     87.38%
 615  200814_20-09728_HIV09-02843_FL30_S2_L000_read_50_count_1      1.22%    passed     83.26%
 616  200814_20-09728_HIV09-02843_FL30_S2_L000_read_51_count_1      1.22%    passed     91.41%
 617  200814_20-09728_HIV09-02843_FL30_S2_L000_read_52_count_1      1.22%    passed     86.64%
 618  200814_20-09728_HIV09-02843_FL30_S2_L000_read_53_count_1      1.22%    passed     88.78%
 619  200814_20-09728_HIV09-02843_FL30_S2_L000_read_54_count_1      1.22%    passed     88.78%
 620  200814_20-09728_HIV09-02843_FL30_S2_L000_read_55_count_1      1.22%    passed     88.78%
 621  200814_20-09728_HIV09-02843_FL30_S2_L000_read_56_count_1      2.04%    passed     88.40%
 622  200814_20-09728_HIV09-02843_FL30_S2_L000_read_57_count_1      1.22%    passed     88.78%
 623  200814_20-09728_HIV09-02843_FL30_S2_L000_read_58_count_1      1.22%    passed     88.78%
 624  200814_20-09728_HIV09-02843_FL30_S2_L000_read_59_count_1      1.22%    passed     88.78%
 625  200814_20-09728_HIV09-02843_FL30_S2_L000_read_60_count_1      1.22%    passed     87.38%
 626  200814_20-09728_HIV09-02843_FL30_S2_L000_read_61_count_1      1.22%    passed     86.64%
 627  200814_20-09728_HIV09-02843_FL30_S2_L000_read_62_count_1      1.22%    passed     83.04%
 628  200814_20-09728_HIV09-02843_FL30_S2_L000_read_63_count_1      1.22%    passed     76.55%
 629  200814_20-09728_HIV09-02843_FL30_S2_L000_read_64_count_1      1.22%    passed     91.41%
 630  200814_20-09728_HIV09-02843_FL30_S2_L000_read_65_count_1      1.22%    passed     86.21%
 631  200814_20-09728_HIV09-02843_FL30_S2_L000_read_66_count_1      1.22%    passed     87.38%
 632  200814_20-09728_HIV09-02843_FL30_S2_L000_read_67_count_1      1.22%    passed     75.26%
 633  200814_20-09728_HIV09-02843_FL30_S2_L000_read_68_count_1      1.63%    passed     87.91%
 634  200814_20-09728_HIV09-02843_FL30_S2_L000_read_69_count_1      1.22%    passed     87.93%
 635  200814_20-09728_HIV09-02843_FL30_S2_L000_read_70_count_1      1.22%    passed     88.78%
 636  200814_20-09728_HIV09-02843_FL30_S2_L000_read_71_count_1      1.22%    passed     79.90%
 637  200814_20-09728_HIV09-02843_FL30_S2_L000_read_72_count_1      1.22%    passed     91.41%
 638  200814_20-09728_HIV09-02843_FL30_S2_L000_read_73_count_1      1.22%    passed     91.41%
 639  200814_20-09728_HIV09-02843_FL30_S2_L000_read_74_count_1      1.22%    passed     91.41%
 640  200814_20-09728_HIV09-02843_FL30_S2_L000_read_75_count_1      1.22%    passed     87.38%
 641  200814_20-09728_HIV09-02843_FL30_S2_L000_read_76_count_1      1.22%    passed     81.89%
 642  200814_20-09728_HIV09-02843_FL30_S2_L000_read_77_count_1      1.22%    passed     85.59%
 643  200814_20-09728_HIV09-02843_FL30_S2_L000_read_78_count_1      1.22%    passed     91.41%
 644  200814_20-09728_HIV09-02843_FL30_S2_L000_read_79_count_1      1.22%    passed     91.41%
 645  200814_20-09728_HIV09-02843_FL30_S2_L000_read_80_count_1      1.22%    passed     94.31%
 646  200814_20-09728_HIV09-02843_FL30_S2_L000_read_81_count_1      0.82%    passed     89.37%
 647  200814_20-09728_HIV09-02843_FL30_S2_L000_read_82_count_1      1.22%    passed     89.20%
 648  200814_20-09728_HIV09-02843_FL30_S2_L000_read_83_count_1      1.22%    passed     78.94%
 649  200814_20-09728_HIV09-02843_FL30_S2_L000_read_84_count_1      1.22%    passed     83.04%
 650  200814_20-09728_HIV09-02843_FL30_S2_L000_read_85_count_1      1.22%    passed     80.65%
 651  200814_20-09728_HIV09-02843_FL30_S2_L000_read_86_count_1      1.22%    passed     91.41%
 652  200814_20-09728_HIV09-02843_FL30_S2_L000_read_87_count_1      1.22%    passed     85.59%
 653  200814_20-09728_HIV09-02843_FL30_S2_L000_read_88_count_1      1.22%    passed     86.64%
 654  200814_20-09728_HIV09-02843_FL30_S2_L000_read_89_count_1      1.22%    passed     89.20%
 655  200814_20-09728_HIV09-02843_FL30_S2_L000_read_90_count_1      1.22%    passed     91.41%
 656  200814_20-09728_HIV09-02843_FL30_S2_L000_read_91_count_1      1.22%    passed     87.93%
 657  200814_20-09728_HIV09-02843_FL30_S2_L000_read_92_count_1      1.22%    passed     85.35%
 658  200814_20-09728_HIV09-02843_FL30_S2_L000_read_93_count_1      1.22%    passed     91.41%
 659  200814_20-09728_HIV09-02843_FL30_S2_L000_read_94_count_1      1.22%    passed     86.21%
 660  200814_20-09728_HIV09-02843_FL30_S2_L000_read_95_count_1      1.22%    passed     83.04%
 661  200814_20-09728_HIV09-02843_FL30_S2_L000_read_96_count_1      1.22%    passed     85.59%
 662  200814_20-09728_HIV09-02843_FL30_S2_L000_read_97_count_1      1.22%    passed     88.78%
 663  200814_20-09728_HIV09-02843_FL30_S2_L000_read_98_count_1      1.22%    passed     76.55%
 664  200814_20-09728_HIV09-02843_FL30_S2_L000_read_99_count_1      1.22%    passed     79.90%
 665  200814_20-09728_HIV09-02843_FL30_S2_L000_read_100_count_1     1.22%    passed     86.64%
 666  200814_20-09728_HIV09-02843_FL30_S2_L000_read_101_count_1     1.22%    passed     91.41%
 667  200814_20-09728_HIV09-02843_FL30_S2_L000_read_102_count_1     1.22%    passed     86.64%
 668  200814_20-09728_HIV09-02843_FL30_S2_L000_read_103_count_1     1.22%    passed     91.41%
 669  200814_20-09728_HIV09-02843_FL30_S2_L000_read_104_count_1     1.22%    passed     80.65%
 670  200814_20-09728_HIV09-02843_FL30_S2_L000_read_105_count_1     1.22%    passed     91.41%
 671  200814_20-09728_HIV09-02843_FL30_S2_L000_read_106_count_1     1.22%    passed     91.41%
 672  200814_20-09728_HIV09-02843_FL30_S2_L000_read_107_count_1     1.22%    passed     81.89%
 673  200814_20-09728_HIV09-02843_FL30_S2_L000_read_108_count_1     1.22%    passed     80.65%
 674  200814_20-09728_HIV09-02843_FL30_S2_L000_read_109_count_1     1.22%    passed     86.21%
 675  200814_20-09728_HIV09-02843_FL30_S2_L000_read_110_count_1     1.22%    passed     88.78%
 676  200814_20-09728_HIV09-02843_FL30_S2_L000_read_111_count_1     1.22%    passed     87.93%
 677  200814_20-09728_HIV09-02843_FL30_S2_L000_read_112_count_1     1.22%    passed     88.78%
 678  200814_20-09728_HIV09-02843_FL30_S2_L000_read_113_count_1     1.22%    passed     91.41%
 679  200814_20-09728_HIV09-02843_FL30_S2_L000_read_114_count_1     1.22%    passed     79.90%
 680  200814_20-09728_HIV09-02843_FL30_S2_L000_read_115_count_1     1.22%    passed     95.40%
 681  200814_20-09728_HIV09-02843_FL30_S2_L000_read_116_count_1     1.22%    passed     93.15%
 682  200814_20-09728_HIV09-02843_FL30_S2_L000_read_117_count_1     1.22%    passed     87.38%
 683  200814_20-09728_HIV09-02843_FL30_S2_L000_read_118_count_1     1.22%    passed     91.41%
 684  200814_20-09728_HIV09-02843_FL30_S2_L000_read_119_count_1     1.22%    passed     88.78%
 685  200814_20-09728_HIV09-02843_FL30_S2_L000_read_120_count_1     1.22%    passed     86.64%
 686  200814_20-09728_HIV09-02843_FL30_S2_L000_read_121_count_1     1.22%    passed     76.55%
 687  200814_20-09728_HIV09-02843_FL30_S2_L000_read_122_count_1     1.22%    passed     85.35%
 688  200814_20-09728_HIV09-02843_FL30_S2_L000_read_123_count_1     1.22%    passed     88.18%
 689  200814_20-09728_HIV09-02843_FL30_S2_L000_read_124_count_1     1.22%    passed     89.47%
 690  200814_20-09728_HIV09-02843_FL30_S2_L000_read_125_count_1     1.22%    passed     85.59%
 691  200814_20-09728_HIV09-02843_FL30_S2_L000_read_126_count_1     1.22%    passed     87.38%
 692  200814_20-09728_HIV09-02843_FL30_S2_L000_read_127_count_1     1.22%    passed     83.33%
 693  200814_20-09728_HIV09-02843_FL30_S2_L000_read_128_count_1     1.22%    passed     86.21%
 694  200814_20-09728_HIV09-02843_FL30_S2_L000_read_129_count_1     1.22%    passed     91.28%
 695  200814_20-09728_HIV09-02843_FL30_S2_L000_read_130_count_1     1.22%    passed     89.20%
 696  200814_20-09728_HIV09-02843_FL30_S2_L000_read_131_count_1     1.22%    passed     95.60%
 697  200814_20-09728_HIV09-02843_FL30_S2_L000_read_132_count_1     1.22%    passed     91.41%
 698  200814_20-09728_HIV09-02843_FL30_S2_L000_read_133_count_1     1.22%    passed     85.35%
 699  200814_20-09728_HIV09-02843_FL30_S2_L000_read_134_count_1     1.22%    passed     88.78%
 700  200814_20-09728_HIV09-02843_FL30_S2_L000_read_135_count_1     1.22%    passed     83.04%
 701  200724_20-08518_HIV10-02405_FL24_S14_L000_read_1_count_186    1.22%    passed     98.98%
 702  200724_20-08518_HIV10-02405_FL24_S14_L000_read_2_count_53     1.22%    passed     97.31%
 703  200724_20-08518_HIV10-02405_FL24_S14_L000_read_3_count_26     1.22%    passed     97.31%
 704  200724_20-08518_HIV10-02405_FL24_S14_L000_read_4_count_23     1.22%    passed     98.98%
 705  200724_20-08518_HIV10-02405_FL24_S14_L000_read_5_count_12     1.22%    passed     95.62%
 706  200724_20-08518_HIV10-02405_FL24_S14_L000_read_6_count_11     1.22%    passed     98.28%
 707  200724_20-08518_HIV10-02405_FL24_S14_L000_read_7_count_9      1.22%    passed     98.98%
 708  200724_20-08518_HIV10-02405_FL24_S14_L000_read_8_count_9      1.22%    passed     99.65%
 709  200724_20-08518_HIV10-02405_FL24_S14_L000_read_9_count_8      1.22%    passed     98.79%
 710  200724_20-08518_HIV10-02405_FL24_S14_L000_read_10_count_4     1.22%    passed     98.98%
 711  200724_20-08518_HIV10-02405_FL24_S14_L000_read_11_count_4     1.22%    passed     99.65%
 712  200724_20-08518_HIV10-02405_FL24_S14_L000_read_12_count_3     1.22%    passed     99.65%
 713  200724_20-08518_HIV10-02405_FL24_S14_L000_read_13_count_3     1.22%    passed     98.98%
 714  200724_20-08518_HIV10-02405_FL24_S14_L000_read_14_count_3     1.22%    passed     94.28%
 715  200724_20-08518_HIV10-02405_FL24_S14_L000_read_15_count_3     1.22%    passed     97.31%
 716  200724_20-08518_HIV10-02405_FL24_S14_L000_read_16_count_3     1.22%    passed     97.06%
 717  200724_20-08518_HIV10-02405_FL24_S14_L000_read_17_count_3     1.22%    passed     98.52%
 718  200724_20-08518_HIV10-02405_FL24_S14_L000_read_18_count_3     1.22%    passed     96.05%
 719  200724_20-08518_HIV10-02405_FL24_S14_L000_read_19_count_3     1.22%    passed     97.60%
 720  200724_20-08518_HIV10-02405_FL24_S14_L000_read_20_count_3     1.22%    passed     99.65%
 721  200724_20-08518_HIV10-02405_FL24_S14_L000_read_21_count_2     1.22%    passed     95.62%
 722  200724_20-08518_HIV10-02405_FL24_S14_L000_read_22_count_2     1.22%    passed     98.98%
 723  200724_20-08518_HIV10-02405_FL24_S14_L000_read_23_count_2     1.22%    passed     94.28%
 724  200724_20-08518_HIV10-02405_FL24_S14_L000_read_24_count_2     1.22%    passed     94.28%
 725  200724_20-08518_HIV10-02405_FL24_S14_L000_read_25_count_2     1.22%    passed     96.05%
 726  200724_20-08518_HIV10-02405_FL24_S14_L000_read_26_count_2     1.22%    passed     99.65%
 727  200724_20-08518_HIV10-02405_FL24_S14_L000_read_27_count_2     1.22%    passed     99.65%
 728  200724_20-08518_HIV10-02405_FL24_S14_L000_read_28_count_2     1.22%    passed     96.99%
 729  200724_20-08518_HIV10-02405_FL24_S14_L000_read_29_count_2     1.22%    passed     94.28%
 730  200724_20-08518_HIV10-02405_FL24_S14_L000_read_30_count_2     1.22%    passed     98.98%
 731  200724_20-08518_HIV10-02405_FL24_S14_L000_read_31_count_2     1.22%    passed     95.51%
 732  200724_20-08518_HIV10-02405_FL24_S14_L000_read_32_count_2     1.22%    passed     99.65%
 733  200724_20-08518_HIV10-02405_FL24_S14_L000_read_33_count_2     1.22%    passed     99.00%
 734  200724_20-08518_HIV10-02405_FL24_S14_L000_read_34_count_2     1.22%    passed     99.73%
 735  200724_20-08518_HIV10-02405_FL24_S14_L000_read_35_count_1     1.22%    passed     97.31%
 736  200724_20-08518_HIV10-02405_FL24_S14_L000_read_36_count_1     1.22%    passed     94.28%
 737  200724_20-08518_HIV10-02405_FL24_S14_L000_read_37_count_1     1.22%    passed     98.98%
 738  200724_20-08518_HIV10-02405_FL24_S14_L000_read_38_count_1     1.22%    passed     98.52%
 739  200724_20-08518_HIV10-02405_FL24_S14_L000_read_39_count_1     1.22%    passed     94.28%
 740  200724_20-08518_HIV10-02405_FL24_S14_L000_read_40_count_1     1.22%    passed     94.28%
 741  200724_20-08518_HIV10-02405_FL24_S14_L000_read_41_count_1     1.22%    passed     96.05%
 742  200724_20-08518_HIV10-02405_FL24_S14_L000_read_42_count_1     1.22%    passed     96.55%
 743  200724_20-08518_HIV10-02405_FL24_S14_L000_read_43_count_1     1.22%    passed     95.62%
 744  200724_20-08518_HIV10-02405_FL24_S14_L000_read_44_count_1     1.63%    passed     98.87%
 745  200724_20-08518_HIV10-02405_FL24_S14_L000_read_45_count_1     1.22%    passed     89.67%
 746  200724_20-08518_HIV10-02405_FL24_S14_L000_read_46_count_1     1.22%    passed     97.31%
 747  200724_20-08518_HIV10-02405_FL24_S14_L000_read_47_count_1     1.22%    passed     96.99%
 748  200724_20-08518_HIV10-02405_FL24_S14_L000_read_48_count_1     1.22%    passed     97.31%
 749  200724_20-08518_HIV10-02405_FL24_S14_L000_read_49_count_1     1.22%    passed     98.64%
 750  200724_20-08518_HIV10-02405_FL24_S14_L000_read_50_count_1     1.22%    passed     97.31%
 751  200724_20-08518_HIV10-02405_FL24_S14_L000_read_51_count_1     1.22%    passed     99.51%
 752  200724_20-08518_HIV10-02405_FL24_S14_L000_read_52_count_1     1.22%    passed     89.67%
 753  200724_20-08518_HIV10-02405_FL24_S14_L000_read_53_count_1     1.22%    passed     97.31%
 754  200724_20-08518_HIV10-02405_FL24_S14_L000_read_54_count_1     1.22%    passed     98.28%
 755  200724_20-08518_HIV10-02405_FL24_S14_L000_read_55_count_1     1.22%    passed     97.06%
 756  200724_20-08518_HIV10-02405_FL24_S14_L000_read_56_count_1     1.22%    passed     90.89%
 757  200724_20-08518_HIV10-02405_FL24_S14_L000_read_57_count_1     1.22%    passed     99.65%
 758  200724_20-08518_HIV10-02405_FL24_S14_L000_read_58_count_1     1.22%    passed     97.31%
 759  200724_20-08518_HIV10-02405_FL24_S14_L000_read_59_count_1     1.22%    passed     98.98%
 760  200724_20-08518_HIV10-02405_FL24_S14_L000_read_60_count_1     1.22%    passed     98.28%
 761  200724_20-08518_HIV10-02405_FL24_S14_L000_read_61_count_1     1.22%    passed     96.99%
 762  200724_20-08518_HIV10-02405_FL24_S14_L000_read_62_count_1     1.22%    passed     94.28%
 763  200724_20-08518_HIV10-02405_FL24_S14_L000_read_63_count_1     1.22%    passed     94.28%
 764  200724_20-08518_HIV10-02405_FL24_S14_L000_read_64_count_1     1.22%    passed     98.98%
 765  200724_20-08518_HIV10-02405_FL24_S14_L000_read_65_count_1     1.22%    passed     93.81%
 766  200724_20-08518_HIV10-02405_FL24_S14_L000_read_66_count_1     1.22%    passed     99.65%
 767  200724_20-08518_HIV10-02405_FL24_S14_L000_read_67_count_1     1.22%    passed     99.84%
 768  200724_20-08518_HIV10-02405_FL24_S14_L000_read_68_count_1     1.22%    passed     94.28%
 769  200724_20-08518_HIV10-02405_FL24_S14_L000_read_69_count_1     1.22%    passed     98.28%
 770  200724_20-08518_HIV10-02405_FL24_S14_L000_read_70_count_1     1.22%    passed     96.99%
 771  200724_20-08518_HIV10-02405_FL24_S14_L000_read_71_count_1     1.22%    passed     97.60%
 772  200724_20-08518_HIV10-02405_FL24_S14_L000_read_72_count_1     1.22%    passed     99.37%
 773  200724_20-08518_HIV10-02405_FL24_S14_L000_read_73_count_1     1.22%    passed     97.60%
 774  200724_20-08518_HIV10-02405_FL24_S14_L000_read_74_count_1     1.22%    passed     97.31%
 775  200724_20-08518_HIV10-02405_FL24_S14_L000_read_75_count_1     1.22%    passed     97.60%
 776  200724_20-08518_HIV10-02405_FL24_S14_L000_read_76_count_1     1.22%    passed     97.31%
 777  200724_20-08518_HIV10-02405_FL24_S14_L000_read_77_count_1     1.22%    passed     95.29%
 778  200724_20-08518_HIV10-02405_FL24_S14_L000_read_78_count_1     1.22%    passed     92.34%
 779  200724_20-08518_HIV10-02405_FL24_S14_L000_read_79_count_1     1.22%    passed     99.30%
 780  200724_20-08518_HIV10-02405_FL24_S14_L000_read_80_count_1     1.22%    passed     89.67%
 781  200724_20-08518_HIV10-02405_FL24_S14_L000_read_81_count_1     1.22%    passed     98.06%
 782  200724_20-08518_HIV10-02405_FL24_S14_L000_read_82_count_1     1.22%    passed     98.28%
 783  200724_20-08518_HIV10-02405_FL24_S14_L000_read_83_count_1     1.22%    passed     96.05%
 784  200724_20-08518_HIV10-02405_FL24_S14_L000_read_84_count_1     1.22%    passed     99.84%
 785  200724_20-08518_HIV10-02405_FL24_S14_L000_read_85_count_1     1.22%    passed     98.98%
 786  200724_20-08518_HIV10-02405_FL24_S14_L000_read_86_count_1     1.22%    passed     99.65%
 787  200724_20-08518_HIV10-02405_FL24_S14_L000_read_87_count_1     1.22%    passed     99.65%
 788  200724_20-08518_HIV10-02405_FL24_S14_L000_read_88_count_1     1.22%    passed     99.84%
 789  200724_20-08518_HIV10-02405_FL24_S14_L000_read_89_count_1     1.22%    passed     98.47%
 790  200724_20-08518_HIV10-02405_FL24_S14_L000_read_90_count_1     1.22%    passed     95.62%
 791  200724_20-08518_HIV10-02405_FL24_S14_L000_read_91_count_1     1.22%    passed     99.00%
 792  200724_20-08518_HIV10-02405_FL24_S14_L000_read_92_count_1     1.22%    passed     98.47%
 793  200724_20-08518_HIV10-02405_FL24_S14_L000_read_93_count_1     1.22%    passed     94.28%
 794  200724_20-08518_HIV10-02405_FL24_S14_L000_read_94_count_1     1.63%    passed     96.50%
 795  200724_20-08518_HIV10-02405_FL24_S14_L000_read_95_count_1     1.22%    passed     97.31%
 796  200724_20-08518_HIV10-02405_FL24_S14_L000_read_96_count_1     1.22%    passed     98.28%
 797  200724_20-08518_HIV10-02405_FL24_S14_L000_read_97_count_1     1.22%    passed     92.31%
 798  200724_20-08518_HIV10-02405_FL24_S14_L000_read_98_count_1     1.22%    passed     99.00%
 799  200724_20-08518_HIV10-02405_FL24_S14_L000_read_99_count_1     1.22%    passed     99.73%
 800  200724_20-08518_HIV10-02405_FL24_S14_L000_read_100_count_1    1.22%    passed     98.53%
 801  200724_20-08518_HIV10-02405_FL24_S14_L000_read_101_count_1    1.22%    passed     98.28%
 802  200724_20-08518_HIV10-02405_FL24_S14_L000_read_102_count_1    1.22%    passed     89.67%
 803  200724_20-08518_HIV10-02405_FL24_S14_L000_read_103_count_1    1.22%    passed     99.65%
 804  200724_20-08518_HIV10-02405_FL24_S14_L000_read_104_count_1    1.63%    passed     98.64%
 805  200724_20-08518_HIV10-02405_FL24_S14_L000_read_105_count_1    1.22%    passed     99.00%
 806  200724_20-08518_HIV10-02405_FL24_S14_L000_read_106_count_1    1.22%    passed     97.31%
 807  200724_20-08518_HIV10-02405_FL24_S14_L000_read_107_count_1    1.22%    passed     89.67%
 808  200724_20-08518_HIV10-02405_FL24_S14_L000_read_108_count_1    1.22%    passed     99.65%
 809  200724_20-08518_HIV10-02405_FL24_S14_L000_read_109_count_1    1.22%    passed     97.31%
 810  200724_20-08518_HIV10-02405_FL24_S14_L000_read_110_count_1    1.22%    passed     98.98%
 811  200724_20-08518_HIV10-02405_FL24_S14_L000_read_111_count_1    1.22%    passed     96.99%
 812  200724_20-08518_HIV10-02405_FL24_S14_L000_read_112_count_1    1.22%    passed     97.60%
 813  200724_20-08518_HIV10-02405_FL24_S14_L000_read_113_count_1    1.22%    passed     98.98%
 814  200724_20-08518_HIV10-02405_FL24_S14_L000_read_114_count_1    1.22%    passed     93.81%
 815  200724_20-08518_HIV10-02405_FL24_S14_L000_read_115_count_1    1.22%    passed     97.31%
 816  200724_20-08518_HIV10-02405_FL24_S14_L000_read_116_count_1    1.22%    passed     96.05%
 817  200724_20-08518_HIV10-02405_FL24_S14_L000_read_117_count_1    1.22%    passed     96.55%
 818  200724_20-08518_HIV10-02405_FL24_S14_L000_read_118_count_1    1.22%    passed     98.98%
 819  200724_20-08518_HIV10-02405_FL24_S14_L000_read_119_count_1    1.22%    passed     94.28%
 820  200724_20-08518_HIV10-02405_FL24_S14_L000_read_120_count_1    1.22%    passed     99.73%
 821  200724_20-08518_HIV10-02405_FL24_S14_L000_read_121_count_1    1.22%    passed     92.82%
 822  200724_20-08518_HIV10-02405_FL24_S14_L000_read_122_count_1    1.22%    passed     97.60%
 823  200724_20-08518_HIV10-02405_FL24_S14_L000_read_123_count_1    1.22%    passed     97.31%
 824  200724_20-08518_HIV10-02405_FL24_S14_L000_read_124_count_1    1.22%    passed     99.65%
 825  200724_20-08518_HIV10-02405_FL24_S14_L000_read_125_count_1    1.22%    passed     98.98%
 826  200724_20-08518_HIV10-02405_FL24_S14_L000_read_126_count_1    1.22%    passed     98.52%
 827  200724_20-08518_HIV10-02405_FL24_S14_L000_read_127_count_1    1.22%    passed     96.55%
 828  200724_20-08518_HIV10-02405_FL24_S14_L000_read_128_count_1    1.22%    passed     96.55%
 829  200724_20-08518_HIV10-02405_FL24_S14_L000_read_129_count_1    1.22%    passed     94.28%
 830  200724_20-08518_HIV10-02405_FL24_S14_L000_read_130_count_1    1.22%    passed     99.73%
 831  200724_20-08518_HIV10-02405_FL24_S14_L000_read_131_count_1    1.22%    passed     99.65%
 832  200724_20-08518_HIV10-02405_FL24_S14_L000_read_132_count_1    1.22%    passed     98.28%
 833  200724_20-08518_HIV10-02405_FL24_S14_L000_read_133_count_1    1.22%    passed     94.28%
 834  200724_20-08518_HIV10-02405_FL24_S14_L000_read_134_count_1    1.22%    passed     96.55%
 835  200724_20-08518_HIV10-02405_FL24_S14_L000_read_135_count_1    1.22%    passed     97.31%
 836  200724_20-08518_HIV10-02405_FL24_S14_L000_read_136_count_1    1.22%    passed     97.31%
 837  200724_20-08518_HIV10-02405_FL24_S14_L000_read_137_count_1    1.22%    passed     99.00%
 838  200724_20-08518_HIV10-02405_FL24_S14_L000_read_138_count_1    1.22%    passed     97.31%
 839  200724_20-08518_HIV10-02405_FL24_S14_L000_read_139_count_1    1.22%    passed     99.84%
 840  200724_20-08518_HIV10-02405_FL24_S14_L000_read_140_count_1    1.22%    passed     97.60%
 841  200724_20-08518_HIV10-02405_FL24_S14_L000_read_141_count_1    1.22%    passed     98.98%
 842  200724_20-08518_HIV10-02405_FL24_S14_L000_read_142_count_1    1.22%    passed     94.28%
 843  B.FR.83.HXB2_LAI_IIIB_BRU.K03455                              1.22%    passed     98.15%
 844  C.BW.00.00BW07621.AF443088                                    1.22%    passed     89.19%
****  TOTAL                                                         1.24%  0 sequences failed composition chi2 test (p-value<5%; df=3)
NOTE: 200724_20-08518_HIV10-02405_FL24_S14_L000_read_100_count_1 is identical to 200724_20-08522_HIV11-02415_FL24_S18_L000_read_1_count_322 but kept for subsequent analysis
Checking for duplicate sequences: done in 0.0167302 secs using 274.3% CPU

Create initial parsimony tree by phylogenetic likelihood library (PLL)... 0.137 seconds

NOTE: 38 MB RAM (0 GB) is required!
WARNING: Number of threads seems too high for short alignments. Use -T AUTO to determine best number of threads.
Estimate model parameters (epsilon = 0.100)
1. Initial log-likelihood: -7390.027
2. Current log-likelihood: -7172.656
3. Current log-likelihood: -7170.802
4. Current log-likelihood: -7169.140
5. Current log-likelihood: -7168.403
Optimal log-likelihood: -7168.338
Rate parameters:  A-C: 1.35565  A-G: 2.61197  A-T: 0.76445  C-G: 0.29668  C-T: 4.19683  G-T: 1.00000
Base frequencies:  A: 0.396  C: 0.125  G: 0.280  T: 0.199
Site proportion and rates:  (0.072,0.195) (0.166,0.469) (0.217,0.555) (0.208,1.046) (0.316,1.546) (0.021,3.934)
Parameters optimization took 5 rounds (5.732 sec)
Wrote distance file to... 
Computing ML distances based on estimated model parameters...
Calculating distance matrix: done in 1.17132 secs using 389.3% CPU
Computing ML distances took 1.172946 sec (of wall-clock time) 4.561929 sec (of CPU time)
Setting up auxiliary I and S matrices: done in 0.0161338 secs using 242.9% CPU
Constructing RapidNJ tree: done in 1.93753 secs using 114.7% CPU
Computing RapidNJ tree took 1.953844 sec (of wall-clock time) 2.260852 sec (of CPU time)
Log-likelihood of RapidNJ tree: -7137.057
--------------------------------------------------------------------
|             INITIALIZING CANDIDATE TREE SET                      |
--------------------------------------------------------------------
Generating 98 parsimony trees... 13.816 second
Computing log-likelihood of 98 initial trees ... 9.738 seconds
Current best score: -7137.057

Do NNI search on 20 best initial trees
Optimizing NNI: done in 1.09217 secs using 390.9% CPU
Estimate model parameters (epsilon = 0.100)
BETTER TREE FOUND at iteration 1: -7105.278
Optimizing NNI: done in 0.918201 secs using 389.5% CPU
Optimizing NNI: done in 1.45745 secs using 380.9% CPU
Optimizing NNI: done in 0.895776 secs using 389% CPU
Optimizing NNI: done in 0.579684 secs using 391.1% CPU
Optimizing NNI: done in 0.964494 secs using 391.9% CPU
Optimizing NNI: done in 1.34577 secs using 390.2% CPU
Optimizing NNI: done in 1.10233 secs using 381% CPU
Optimizing NNI: done in 1.37504 secs using 391.7% CPU
Optimizing NNI: done in 1.29187 secs using 392.4% CPU
Iteration 10 / LogL: -7163.615 / Time: 0h:0m:47s
Optimizing NNI: done in 0.788815 secs using 388.4% CPU
Optimizing NNI: done in 1.27337 secs using 390% CPU
Optimizing NNI: done in 0.621854 secs using 368.9% CPU
Optimizing NNI: done in 1.0302 secs using 384.6% CPU
Optimizing NNI: done in 1.40131 secs using 392.3% CPU
Optimizing NNI: done in 1.24055 secs using 389.3% CPU
Optimizing NNI: done in 0.788697 secs using 386.8% CPU
Optimizing NNI: done in 1.16762 secs using 376.1% CPU
Optimizing NNI: done in 1.46445 secs using 391.8% CPU
Optimizing NNI: done in 1.17693 secs using 391.3% CPU
Iteration 20 / LogL: -7170.445 / Time: 0h:0m:58s
Finish initializing candidate tree set (20)
Current best tree score: -7105.278 / CPU time: 48.723
Number of iterations: 20
--------------------------------------------------------------------
|               OPTIMIZING CANDIDATE TREE SET                      |
--------------------------------------------------------------------
Optimizing NNI: done in 1.79587 secs using 393.3% CPU
Optimizing NNI: done in 1.8974 secs using 381.4% CPU
Optimizing NNI: done in 2.01022 secs using 392.7% CPU
Optimizing NNI: done in 1.88483 secs using 383.9% CPU
Optimizing NNI: done in 1.7187 secs using 392.2% CPU
Optimizing NNI: done in 2.07717 secs using 391.8% CPU
Optimizing NNI: done in 2.50124 secs using 386.3% CPU
Optimizing NNI: done in 2.10856 secs using 392.6% CPU
Estimate model parameters (epsilon = 0.100)
BETTER TREE FOUND at iteration 28: -7100.437
Optimizing NNI: done in 1.83541 secs using 382.8% CPU
Optimizing NNI: done in 1.91597 secs using 391.3% CPU
Iteration 30 / LogL: -7106.264 / Time: 0h:1m:20s (0h:4m:31s left)
Optimizing NNI: done in 2.06532 secs using 386.3% CPU
Optimizing NNI: done in 2.00615 secs using 391.8% CPU
Optimizing NNI: done in 1.61214 secs using 390.4% CPU
Optimizing NNI: done in 1.76368 secs using 382.7% CPU
Optimizing NNI: done in 1.55763 secs using 390.4% CPU
Optimizing NNI: done in 1.47014 secs using 389.3% CPU
Optimizing NNI: done in 2.11026 secs using 383.9% CPU
Optimizing NNI: done in 2.26025 secs using 390.7% CPU
Optimizing NNI: done in 1.39312 secs using 390.7% CPU
Optimizing NNI: done in 1.78335 secs using 380.6% CPU
Iteration 40 / LogL: -7139.999 / Time: 0h:1m:39s (0h:3m:44s left)
Optimizing NNI: done in 2.05331 secs using 389.2% CPU
Optimizing NNI: done in 1.88998 secs using 390.9% CPU
Optimizing NNI: done in 2.06875 secs using 383.1% CPU
Optimizing NNI: done in 2.01092 secs using 391.2% CPU
Optimizing NNI: done in 1.41586 secs using 388.5% CPU
Optimizing NNI: done in 1.50468 secs using 388.4% CPU
Optimizing NNI: done in 1.64026 secs using 389.9% CPU
Optimizing NNI: done in 1.38035 secs using 391% CPU
Optimizing NNI: done in 2.50598 secs using 387.7% CPU
Optimizing NNI: done in 2.07345 secs using 392.6% CPU
Iteration 50 / LogL: -7111.262 / Time: 0h:1m:59s (0h:3m:9s left)
Optimizing NNI: done in 2.06349 secs using 385.4% CPU
Optimizing NNI: done in 1.17226 secs using 387.9% CPU
Optimizing NNI: done in 1.9228 secs using 391.2% CPU
Optimizing NNI: done in 2.68795 secs using 387.7% CPU
Optimizing NNI: done in 1.79908 secs using 391.9% CPU
Optimizing NNI: done in 1.20134 secs using 391.1% CPU
Optimizing NNI: done in 2.21003 secs using 384.9% CPU
Optimizing NNI: done in 1.84714 secs using 389.1% CPU
Optimizing NNI: done in 1.61799 secs using 380.7% CPU
Optimizing NNI: done in 1.78195 secs using 388.9% CPU
Iteration 60 / LogL: -7107.691 / Time: 0h:2m:18s (0h:2m:39s left)
Optimizing NNI: done in 2.18194 secs using 393.3% CPU
Optimizing NNI: done in 1.95543 secs using 383.1% CPU
Optimizing NNI: done in 1.53552 secs using 390.9% CPU
Optimizing NNI: done in 1.60943 secs using 390.2% CPU
Optimizing NNI: done in 1.7754 secs using 382.4% CPU
Optimizing NNI: done in 1.65041 secs using 389.8% CPU
Optimizing NNI: done in 1.82914 secs using 391.5% CPU
Optimizing NNI: done in 1.98077 secs using 381.8% CPU
Optimizing NNI: done in 2.21169 secs using 393.5% CPU
Optimizing NNI: done in 1.61844 secs using 383.1% CPU
Iteration 70 / LogL: -7113.530 / Time: 0h:2m:38s (0h:2m:12s left)
Optimizing NNI: done in 1.78114 secs using 393.2% CPU
Optimizing NNI: done in 1.44274 secs using 388.8% CPU
Optimizing NNI: done in 2.06108 secs using 383.2% CPU
Optimizing NNI: done in 2.1657 secs using 391.7% CPU
Optimizing NNI: done in 1.66596 secs using 390.7% CPU
Optimizing NNI: done in 2.3226 secs using 384.4% CPU
Optimizing NNI: done in 1.67243 secs using 390.5% CPU
Optimizing NNI: done in 1.66199 secs using 389.9% CPU
Optimizing NNI: done in 1.84892 secs using 382.7% CPU
Optimizing NNI: done in 2.21907 secs using 392.4% CPU
Iteration 80 / LogL: -7120.083 / Time: 0h:2m:58s (0h:1m:48s left)
Optimizing NNI: done in 2.24915 secs using 384.9% CPU
Optimizing NNI: done in 2.03176 secs using 391% CPU
Optimizing NNI: done in 2.00398 secs using 390.5% CPU
Optimizing NNI: done in 1.78499 secs using 381.2% CPU
Optimizing NNI: done in 1.69436 secs using 388.2% CPU
Optimizing NNI: done in 1.89044 secs using 391.4% CPU
Optimizing NNI: done in 1.65671 secs using 383.5% CPU
Optimizing NNI: done in 1.85311 secs using 388.8% CPU
Optimizing NNI: done in 1.87482 secs using 384.8% CPU
Optimizing NNI: done in 2.32771 secs using 393.6% CPU
Iteration 90 / LogL: -7129.018 / Time: 0h:3m:18s (0h:1m:24s left)
Optimizing NNI: done in 1.89366 secs using 390.8% CPU
Optimizing NNI: done in 1.9556 secs using 384.1% CPU
Optimizing NNI: done in 1.64538 secs using 389.7% CPU
Optimizing NNI: done in 1.79064 secs using 389.6% CPU
Optimizing NNI: done in 1.74194 secs using 382.5% CPU
Optimizing NNI: done in 1.80446 secs using 392.7% CPU
Optimizing NNI: done in 1.38705 secs using 390.9% CPU
Optimizing NNI: done in 2.00813 secs using 384.3% CPU
Optimizing NNI: done in 1.93901 secs using 391.9% CPU
Optimizing NNI: done in 1.82313 secs using 382.6% CPU
Iteration 100 / LogL: -7134.989 / Time: 0h:3m:37s (0h:1m:1s left)
Optimizing NNI: done in 1.84311 secs using 390.4% CPU
Optimizing NNI: done in 1.70894 secs using 389.5% CPU
Optimizing NNI: done in 1.99293 secs using 383.3% CPU
Optimizing NNI: done in 1.88323 secs using 390.2% CPU
Optimizing NNI: done in 2.09637 secs using 391.4% CPU
Optimizing NNI: done in 1.62522 secs using 381.7% CPU
Optimizing NNI: done in 2.05816 secs using 391.6% CPU
Optimizing NNI: done in 1.8759 secs using 390.6% CPU
Optimizing NNI: done in 1.82953 secs using 391.3% CPU
Optimizing NNI: done in 1.652 secs using 389.1% CPU
Iteration 110 / LogL: -7101.946 / Time: 0h:3m:57s (0h:0m:39s left)
Optimizing NNI: done in 2.27575 secs using 384.3% CPU
Optimizing NNI: done in 1.46389 secs using 390% CPU
Optimizing NNI: done in 1.27281 secs using 389.3% CPU
Optimizing NNI: done in 1.82182 secs using 383.5% CPU
Optimizing NNI: done in 1.71976 secs using 389.6% CPU
Optimizing NNI: done in 1.94624 secs using 392% CPU
Optimizing NNI: done in 1.80877 secs using 381% CPU
Optimizing NNI: done in 1.65936 secs using 390% CPU
Optimizing NNI: done in 1.85872 secs using 391.7% CPU
Optimizing NNI: done in 1.78222 secs using 381.1% CPU
Iteration 120 / LogL: -7107.003 / Time: 0h:4m:16s (0h:0m:17s left)
Optimizing NNI: done in 1.66123 secs using 391.4% CPU
Optimizing NNI: done in 1.88099 secs using 389.9% CPU
Optimizing NNI: done in 2.06406 secs using 383.1% CPU
Optimizing NNI: done in 1.62258 secs using 390% CPU
Optimizing NNI: done in 1.82126 secs using 384.6% CPU
Optimizing NNI: done in 1.88141 secs using 388.5% CPU
Optimizing NNI: done in 1.73208 secs using 389.9% CPU
Optimizing NNI: done in 2.29451 secs using 385.1% CPU
Optimizing NNI: done in 1.69451 secs using 388.6% CPU
TREE SEARCH COMPLETED AFTER 129 ITERATIONS / Time: 0h:4m:33s

--------------------------------------------------------------------
|                    FINALIZING TREE SEARCH                        |
--------------------------------------------------------------------
Performs final model parameters optimization
Estimate model parameters (epsilon = 0.010)
1. Initial log-likelihood: -7100.437
Optimal log-likelihood: -7100.433
Rate parameters:  A-C: 1.37736  A-G: 2.61165  A-T: 0.57685  C-G: 0.22891  C-T: 3.49076  G-T: 1.00000
Base frequencies:  A: 0.396  C: 0.125  G: 0.280  T: 0.199
Site proportion and rates:  (0.081,0.198) (0.172,0.493) (0.226,0.577) (0.204,1.010) (0.300,1.581) (0.016,5.328)
Parameters optimization took 1 rounds (0.910 sec)
BEST SCORE FOUND : -7100.433
Total tree length: 4.188

Total number of iterations: 129
CPU time used for tree search: 953.784 sec (0h:15m:53s)
Wall-clock time used for tree search: 264.028 sec (0h:4m:24s)
Total CPU time used: 989.306 sec (0h:16m:29s)
Total wall-clock time used: 274.922 sec (0h:4m:34s)

Analysis results written to: 
  IQ-TREE report:                IQTREE_bestTree.InWindow_4910_to_5160.iqtree
  Maximum-likelihood tree:       IQTREE_bestTree.InWindow_4910_to_5160.treefile
  Likelihood distances:          IQTREE_bestTree.InWindow_4910_to_5160.mldist
  Screen log file:               IQTREE_bestTree.InWindow_4910_to_5160.log

Date and Time: Sun Jul 23 04:35:33 2023
