IQ-TREE multicore version 2.2.2.7 COVID-edition for Linux 64-bit built Jun  7 2023
Developed by Bui Quang Minh, James Barbetti, Nguyen Lam Tung,
Olga Chernomor, Heiko Schmidt, Dominik Schrempf, Michael Woodhams, Ly Trong Nhan.

Host:    hpc-node03 (AVX2, FMA3, 1007 GB RAM)
Command: iqtree -s AlignedReadsInWindow_PositionsExcised_4850_to_5100.fasta -pre IQTREE_bestTree.InWindow_4850_to_5100 -m GTR+F+R6 -nt 4
Seed:    544041 (Using SPRNG - Scalable Parallel Random Number Generator)
Time:    Sun Jul 23 04:29:23 2023
Kernel:  AVX+FMA - 4 threads (4 CPU cores detected)

Reading alignment file AlignedReadsInWindow_PositionsExcised_4850_to_5100.fasta ... Fasta format detected
Reading fasta file: done in 0.00669548 secs using 73.23% CPU
Alignment most likely contains DNA/RNA sequences
Constructing alignment: done in 0.00245344 secs using 306.7% CPU
Alignment has 788 sequences with 245 columns, 236 distinct patterns
172 parsimony-informative, 55 singleton sites, 18 constant sites
                                                            Gap/Ambiguity  Composition  p-value
Analyzing sequences: done in 0.014793 secs using 310.7% CPU
   1  200724_20-08522_HIV11-02415_FL24_S18_L000_read_1_count_631    1.22%    passed     97.51%
   2  200724_20-08522_HIV11-02415_FL24_S18_L000_read_2_count_53     1.22%    passed     97.60%
   3  200724_20-08522_HIV11-02415_FL24_S18_L000_read_3_count_39     1.22%    passed     92.74%
   4  200724_20-08522_HIV11-02415_FL24_S18_L000_read_4_count_33     1.22%    passed     96.72%
   5  200724_20-08522_HIV11-02415_FL24_S18_L000_read_5_count_30     1.22%    passed     96.72%
   6  200724_20-08522_HIV11-02415_FL24_S18_L000_read_6_count_10     1.22%    passed     96.72%
   7  200724_20-08522_HIV11-02415_FL24_S18_L000_read_7_count_8      1.22%    passed     99.21%
   8  200724_20-08522_HIV11-02415_FL24_S18_L000_read_8_count_7      1.22%    passed     96.72%
   9  200724_20-08522_HIV11-02415_FL24_S18_L000_read_9_count_6      1.22%    passed     92.74%
  10  200724_20-08522_HIV11-02415_FL24_S18_L000_read_10_count_5     1.22%    passed     96.72%
  11  200724_20-08522_HIV11-02415_FL24_S18_L000_read_11_count_5     1.22%    passed     92.74%
  12  200724_20-08522_HIV11-02415_FL24_S18_L000_read_12_count_4     1.22%    passed     92.74%
  13  200724_20-08522_HIV11-02415_FL24_S18_L000_read_13_count_4     1.22%    passed     97.39%
  14  200724_20-08522_HIV11-02415_FL24_S18_L000_read_14_count_4     1.22%    passed     99.49%
  15  200724_20-08522_HIV11-02415_FL24_S18_L000_read_15_count_4     1.22%    passed     97.39%
  16  200724_20-08522_HIV11-02415_FL24_S18_L000_read_16_count_4     1.22%    passed     97.39%
  17  200724_20-08522_HIV11-02415_FL24_S18_L000_read_17_count_3     1.22%    passed     96.72%
  18  200724_20-08522_HIV11-02415_FL24_S18_L000_read_18_count_3     1.22%    passed     96.72%
  19  200724_20-08522_HIV11-02415_FL24_S18_L000_read_19_count_3     1.22%    passed     97.39%
  20  200724_20-08522_HIV11-02415_FL24_S18_L000_read_20_count_3     1.22%    passed     96.58%
  21  200724_20-08522_HIV11-02415_FL24_S18_L000_read_21_count_3     1.22%    passed     97.39%
  22  200724_20-08522_HIV11-02415_FL24_S18_L000_read_22_count_3     1.22%    passed     97.15%
  23  200724_20-08522_HIV11-02415_FL24_S18_L000_read_23_count_3     1.22%    passed     92.74%
  24  200724_20-08522_HIV11-02415_FL24_S18_L000_read_24_count_3     1.22%    passed     97.60%
  25  200724_20-08522_HIV11-02415_FL24_S18_L000_read_25_count_3     1.22%    passed     92.74%
  26  200724_20-08522_HIV11-02415_FL24_S18_L000_read_26_count_2     1.22%    passed     96.37%
  27  200724_20-08522_HIV11-02415_FL24_S18_L000_read_27_count_2     1.22%    passed     92.58%
  28  200724_20-08522_HIV11-02415_FL24_S18_L000_read_28_count_2     1.22%    passed     99.49%
  29  200724_20-08522_HIV11-02415_FL24_S18_L000_read_29_count_2     1.22%    passed     97.39%
  30  200724_20-08522_HIV11-02415_FL24_S18_L000_read_30_count_2     1.22%    passed     96.31%
  31  200724_20-08522_HIV11-02415_FL24_S18_L000_read_31_count_2     1.22%    passed     97.39%
  32  200724_20-08522_HIV11-02415_FL24_S18_L000_read_32_count_2     1.22%    passed     99.21%
  33  200724_20-08522_HIV11-02415_FL24_S18_L000_read_33_count_2     1.22%    passed     97.39%
  34  200724_20-08522_HIV11-02415_FL24_S18_L000_read_34_count_2     1.22%    passed     96.72%
  35  200724_20-08522_HIV11-02415_FL24_S18_L000_read_35_count_2     1.22%    passed     98.95%
  36  200724_20-08522_HIV11-02415_FL24_S18_L000_read_36_count_2     1.22%    passed     92.74%
  37  200724_20-08522_HIV11-02415_FL24_S18_L000_read_37_count_2     1.22%    passed     94.83%
  38  200724_20-08522_HIV11-02415_FL24_S18_L000_read_38_count_2     1.22%    passed     96.72%
  39  200724_20-08522_HIV11-02415_FL24_S18_L000_read_39_count_2     1.22%    passed     99.21%
  40  200724_20-08522_HIV11-02415_FL24_S18_L000_read_40_count_2     1.22%    passed     97.39%
  41  200724_20-08522_HIV11-02415_FL24_S18_L000_read_41_count_2     1.22%    passed     97.39%
  42  200724_20-08522_HIV11-02415_FL24_S18_L000_read_42_count_2     1.22%    passed     97.51%
  43  200724_20-08522_HIV11-02415_FL24_S18_L000_read_43_count_2     1.22%    passed     97.39%
  44  200724_20-08522_HIV11-02415_FL24_S18_L000_read_44_count_2     1.22%    passed     96.37%
  45  200724_20-08522_HIV11-02415_FL24_S18_L000_read_45_count_2     1.22%    passed     83.58%
  46  200724_20-08522_HIV11-02415_FL24_S18_L000_read_46_count_2     1.22%    passed     92.74%
  47  200724_20-08522_HIV11-02415_FL24_S18_L000_read_47_count_2     1.22%    passed     93.71%
  48  200724_20-08522_HIV11-02415_FL24_S18_L000_read_48_count_2     1.22%    passed     97.39%
  49  200724_20-08522_HIV11-02415_FL24_S18_L000_read_49_count_1     1.22%    passed     87.37%
  50  200724_20-08522_HIV11-02415_FL24_S18_L000_read_50_count_1     1.22%    passed     87.21%
  51  200724_20-08522_HIV11-02415_FL24_S18_L000_read_51_count_1     1.22%    passed     97.14%
  52  200724_20-08522_HIV11-02415_FL24_S18_L000_read_52_count_1     1.22%    passed     99.35%
  53  200724_20-08522_HIV11-02415_FL24_S18_L000_read_53_count_1     1.22%    passed     93.71%
  54  200724_20-08522_HIV11-02415_FL24_S18_L000_read_54_count_1     1.22%    passed     93.41%
  55  200724_20-08522_HIV11-02415_FL24_S18_L000_read_55_count_1     1.22%    passed     84.68%
  56  200724_20-08522_HIV11-02415_FL24_S18_L000_read_56_count_1     1.22%    passed     97.51%
  57  200724_20-08522_HIV11-02415_FL24_S18_L000_read_57_count_1     1.22%    passed     91.74%
  58  200724_20-08522_HIV11-02415_FL24_S18_L000_read_58_count_1     1.22%    passed     99.35%
  59  200724_20-08522_HIV11-02415_FL24_S18_L000_read_59_count_1     1.22%    passed     86.75%
  60  200724_20-08522_HIV11-02415_FL24_S18_L000_read_60_count_1     1.22%    passed     93.71%
  61  200724_20-08522_HIV11-02415_FL24_S18_L000_read_61_count_1     1.22%    passed     93.71%
  62  200724_20-08522_HIV11-02415_FL24_S18_L000_read_62_count_1     1.22%    passed     96.58%
  63  200724_20-08522_HIV11-02415_FL24_S18_L000_read_63_count_1     1.22%    passed     97.51%
  64  200724_20-08522_HIV11-02415_FL24_S18_L000_read_64_count_1     1.22%    passed     97.39%
  65  200724_20-08522_HIV11-02415_FL24_S18_L000_read_65_count_1     1.22%    passed     98.33%
  66  200724_20-08522_HIV11-02415_FL24_S18_L000_read_66_count_1     1.22%    passed     96.72%
  67  200724_20-08522_HIV11-02415_FL24_S18_L000_read_67_count_1     1.22%    passed     93.71%
  68  200724_20-08522_HIV11-02415_FL24_S18_L000_read_68_count_1     1.22%    passed     96.37%
  69  200724_20-08522_HIV11-02415_FL24_S18_L000_read_69_count_1     1.22%    passed     99.49%
  70  200724_20-08522_HIV11-02415_FL24_S18_L000_read_70_count_1     1.22%    passed     96.65%
  71  200724_20-08522_HIV11-02415_FL24_S18_L000_read_71_count_1     1.22%    passed     99.21%
  72  200724_20-08522_HIV11-02415_FL24_S18_L000_read_72_count_1     1.22%    passed     99.49%
  73  200724_20-08522_HIV11-02415_FL24_S18_L000_read_73_count_1     1.22%    passed     96.58%
  74  200724_20-08522_HIV11-02415_FL24_S18_L000_read_74_count_1     1.22%    passed     96.72%
  75  200724_20-08522_HIV11-02415_FL24_S18_L000_read_75_count_1     1.22%    passed     97.14%
  76  200724_20-08522_HIV11-02415_FL24_S18_L000_read_76_count_1     1.22%    passed     93.71%
  77  200724_20-08522_HIV11-02415_FL24_S18_L000_read_77_count_1     1.22%    passed     96.72%
  78  200724_20-08522_HIV11-02415_FL24_S18_L000_read_78_count_1     1.22%    passed     97.39%
  79  200724_20-08522_HIV11-02415_FL24_S18_L000_read_79_count_1     1.22%    passed     97.39%
  80  200724_20-08522_HIV11-02415_FL24_S18_L000_read_80_count_1     1.22%    passed     93.41%
  81  200724_20-08522_HIV11-02415_FL24_S18_L000_read_81_count_1     1.22%    passed     97.39%
  82  200724_20-08522_HIV11-02415_FL24_S18_L000_read_82_count_1     1.22%    passed     84.68%
  83  200724_20-08522_HIV11-02415_FL24_S18_L000_read_83_count_1     1.22%    passed     93.71%
  84  200724_20-08522_HIV11-02415_FL24_S18_L000_read_84_count_1     1.22%    passed     97.14%
  85  200724_20-08522_HIV11-02415_FL24_S18_L000_read_85_count_1     1.22%    passed     96.72%
  86  200724_20-08522_HIV11-02415_FL24_S18_L000_read_86_count_1     1.22%    passed     93.14%
  87  200724_20-08522_HIV11-02415_FL24_S18_L000_read_87_count_1     1.22%    passed     99.49%
  88  200724_20-08522_HIV11-02415_FL24_S18_L000_read_88_count_1     1.22%    passed     91.74%
  89  200724_20-08522_HIV11-02415_FL24_S18_L000_read_89_count_1     1.22%    passed     93.15%
  90  200724_20-08522_HIV11-02415_FL24_S18_L000_read_90_count_1     1.22%    passed     92.74%
  91  200724_20-08522_HIV11-02415_FL24_S18_L000_read_91_count_1     1.22%    passed     97.39%
  92  200724_20-08522_HIV11-02415_FL24_S18_L000_read_92_count_1     1.22%    passed     93.15%
  93  200724_20-08522_HIV11-02415_FL24_S18_L000_read_93_count_1     1.22%    passed     99.21%
  94  200724_20-08522_HIV11-02415_FL24_S18_L000_read_94_count_1     1.22%    passed     99.21%
  95  200724_20-08522_HIV11-02415_FL24_S18_L000_read_95_count_1     1.22%    passed     97.39%
  96  200724_20-08522_HIV11-02415_FL24_S18_L000_read_96_count_1     1.22%    passed     92.74%
  97  200724_20-08522_HIV11-02415_FL24_S18_L000_read_97_count_1     1.63%    passed     96.79%
  98  200724_20-08522_HIV11-02415_FL24_S18_L000_read_98_count_1     1.22%    passed     97.39%
  99  200724_20-08522_HIV11-02415_FL24_S18_L000_read_99_count_1     1.22%    passed     97.15%
 100  200724_20-08522_HIV11-02415_FL24_S18_L000_read_100_count_1    1.22%    passed     92.58%
 101  200724_20-08522_HIV11-02415_FL24_S18_L000_read_101_count_1    1.22%    passed     92.74%
 102  200724_20-08522_HIV11-02415_FL24_S18_L000_read_102_count_1    1.22%    passed     90.39%
 103  200724_20-08522_HIV11-02415_FL24_S18_L000_read_103_count_1    1.22%    passed     93.15%
 104  200724_20-08522_HIV11-02415_FL24_S18_L000_read_104_count_1    1.22%    passed     97.60%
 105  200724_20-08522_HIV11-02415_FL24_S18_L000_read_105_count_1    1.22%    passed     99.21%
 106  200724_20-08522_HIV11-02415_FL24_S18_L000_read_106_count_1    1.22%    passed     97.39%
 107  200724_20-08522_HIV11-02415_FL24_S18_L000_read_107_count_1    1.22%    passed     96.37%
 108  200724_20-08522_HIV11-02415_FL24_S18_L000_read_108_count_1    1.22%    passed     92.74%
 109  200724_20-08522_HIV11-02415_FL24_S18_L000_read_109_count_1    1.22%    passed     97.39%
 110  200724_20-08522_HIV11-02415_FL24_S18_L000_read_110_count_1    1.22%    passed     96.58%
 111  200724_20-08522_HIV11-02415_FL24_S18_L000_read_111_count_1    1.22%    passed     97.60%
 112  200724_20-08522_HIV11-02415_FL24_S18_L000_read_112_count_1    1.22%    passed     92.58%
 113  200724_20-08522_HIV11-02415_FL24_S18_L000_read_113_count_1    1.22%    passed     91.24%
 114  200724_20-08522_HIV11-02415_FL24_S18_L000_read_114_count_1    1.22%    passed     98.33%
 115  200724_20-08522_HIV11-02415_FL24_S18_L000_read_115_count_1    1.22%    passed     97.39%
 116  200724_20-08522_HIV11-02415_FL24_S18_L000_read_116_count_1    1.22%    passed     97.39%
 117  200724_20-08522_HIV11-02415_FL24_S18_L000_read_117_count_1    1.22%    passed     92.74%
 118  200724_20-08522_HIV11-02415_FL24_S18_L000_read_118_count_1    1.22%    passed     93.71%
 119  200724_20-08522_HIV11-02415_FL24_S18_L000_read_119_count_1    1.22%    passed     93.71%
 120  200724_20-08522_HIV11-02415_FL24_S18_L000_read_120_count_1    1.22%    passed     93.14%
 121  200724_20-08522_HIV11-02415_FL24_S18_L000_read_121_count_1    1.22%    passed     93.71%
 122  200724_20-08522_HIV11-02415_FL24_S18_L000_read_122_count_1    1.22%    passed     93.90%
 123  200724_20-08522_HIV11-02415_FL24_S18_L000_read_123_count_1    1.22%    passed     91.74%
 124  200724_20-08522_HIV11-02415_FL24_S18_L000_read_124_count_1    1.22%    passed     97.39%
 125  200724_20-08522_HIV11-02415_FL24_S18_L000_read_125_count_1    1.22%    passed     97.39%
 126  200724_20-08522_HIV11-02415_FL24_S18_L000_read_126_count_1    1.22%    passed     96.31%
 127  200724_20-08522_HIV11-02415_FL24_S18_L000_read_127_count_1    1.22%    passed     97.39%
 128  200724_20-08522_HIV11-02415_FL24_S18_L000_read_128_count_1    1.22%    passed     99.49%
 129  200724_20-08522_HIV11-02415_FL24_S18_L000_read_129_count_1    1.22%    passed     97.39%
 130  200724_20-08522_HIV11-02415_FL24_S18_L000_read_130_count_1    1.22%    passed     97.60%
 131  200724_20-08522_HIV11-02415_FL24_S18_L000_read_131_count_1    1.22%    passed     96.37%
 132  200724_20-08522_HIV11-02415_FL24_S18_L000_read_132_count_1    1.22%    passed     93.71%
 133  200724_20-08522_HIV11-02415_FL24_S18_L000_read_133_count_1    1.22%    passed     97.14%
 134  200724_20-08522_HIV11-02415_FL24_S18_L000_read_134_count_1    1.22%    passed     97.39%
 135  200724_20-08522_HIV11-02415_FL24_S18_L000_read_135_count_1    1.22%    passed     98.95%
 136  200724_20-08522_HIV11-02415_FL24_S18_L000_read_136_count_1    1.22%    passed     97.14%
 137  200724_20-08522_HIV11-02415_FL24_S18_L000_read_137_count_1    1.22%    passed     97.51%
 138  200724_20-08522_HIV11-02415_FL24_S18_L000_read_138_count_1    1.22%    passed     93.71%
 139  200724_20-08522_HIV11-02415_FL24_S18_L000_read_139_count_1    1.22%    passed     99.41%
 140  200724_20-08522_HIV11-02415_FL24_S18_L000_read_140_count_1    1.22%    passed     99.21%
 141  200724_20-08522_HIV11-02415_FL24_S18_L000_read_141_count_1    1.22%    passed     94.83%
 142  200724_20-08522_HIV11-02415_FL24_S18_L000_read_142_count_1    1.22%    passed     92.58%
 143  200724_20-08522_HIV11-02415_FL24_S18_L000_read_143_count_1    1.22%    passed     96.31%
 144  200724_20-08522_HIV11-02415_FL24_S18_L000_read_144_count_1    1.22%    passed     97.39%
 145  200724_20-08522_HIV11-02415_FL24_S18_L000_read_145_count_1    1.22%    passed     99.49%
 146  200724_20-08522_HIV11-02415_FL24_S18_L000_read_146_count_1    1.22%    passed     96.37%
 147  200724_20-08522_HIV11-02415_FL24_S18_L000_read_147_count_1    1.22%    passed     97.39%
 148  200724_20-08522_HIV11-02415_FL24_S18_L000_read_148_count_1    1.22%    passed     97.39%
 149  200724_20-08522_HIV11-02415_FL24_S18_L000_read_149_count_1    1.22%    passed     96.72%
 150  200724_20-08522_HIV11-02415_FL24_S18_L000_read_150_count_1    1.22%    passed     92.58%
 151  200724_20-08522_HIV11-02415_FL24_S18_L000_read_151_count_1    1.22%    passed     92.58%
 152  200724_20-08522_HIV11-02415_FL24_S18_L000_read_152_count_1    1.22%    passed     92.74%
 153  200724_20-08522_HIV11-02415_FL24_S18_L000_read_153_count_1    1.22%    passed     99.41%
 154  200724_20-08522_HIV11-02415_FL24_S18_L000_read_154_count_1    1.22%    passed     97.51%
 155  200724_20-08522_HIV11-02415_FL24_S18_L000_read_155_count_1    1.22%    passed     93.71%
 156  200724_20-08522_HIV11-02415_FL24_S18_L000_read_156_count_1    1.22%    passed     84.68%
 157  200724_20-08522_HIV11-02415_FL24_S18_L000_read_157_count_1    1.22%    passed     99.35%
 158  200724_20-08522_HIV11-02415_FL24_S18_L000_read_158_count_1    1.22%    passed     94.83%
 159  200724_20-08522_HIV11-02415_FL24_S18_L000_read_159_count_1    1.22%    passed     98.03%
 160  200724_20-08522_HIV11-02415_FL24_S18_L000_read_160_count_1    1.22%    passed     84.68%
 161  200724_20-08522_HIV11-02415_FL24_S18_L000_read_161_count_1    1.63%    passed     96.44%
 162  200724_20-08522_HIV11-02415_FL24_S18_L000_read_162_count_1    1.63%    passed     92.95%
 163  200724_20-08522_HIV11-02415_FL24_S18_L000_read_163_count_1    1.22%    passed     92.74%
 164  200724_20-08522_HIV11-02415_FL24_S18_L000_read_164_count_1    1.22%    passed     97.15%
 165  200724_20-08522_HIV11-02415_FL24_S18_L000_read_165_count_1    1.22%    passed     93.71%
 166  200724_20-08522_HIV11-02415_FL24_S18_L000_read_166_count_1    1.22%    passed     97.39%
 167  200724_20-08522_HIV11-02415_FL24_S18_L000_read_167_count_1    1.22%    passed     96.72%
 168  200724_20-08522_HIV11-02415_FL24_S18_L000_read_168_count_1    1.22%    passed     97.39%
 169  200724_20-08522_HIV11-02415_FL24_S18_L000_read_169_count_1    1.22%    passed     92.74%
 170  200724_20-08522_HIV11-02415_FL24_S18_L000_read_170_count_1    1.22%    passed     99.49%
 171  200724_20-08522_HIV11-02415_FL24_S18_L000_read_171_count_1    1.22%    passed     99.49%
 172  200724_20-08522_HIV11-02415_FL24_S18_L000_read_172_count_1    1.22%    passed     97.60%
 173  200724_20-08522_HIV11-02415_FL24_S18_L000_read_173_count_1    1.22%    passed     93.71%
 174  200724_20-08522_HIV11-02415_FL24_S18_L000_read_174_count_1    1.22%    passed     93.71%
 175  200724_20-08522_HIV11-02415_FL24_S18_L000_read_175_count_1    1.22%    passed     96.31%
 176  200724_20-08522_HIV11-02415_FL24_S18_L000_read_176_count_1    1.22%    passed     99.49%
 177  200724_20-08522_HIV11-02415_FL24_S18_L000_read_177_count_1    1.22%    passed     96.37%
 178  200724_20-08522_HIV11-02415_FL24_S18_L000_read_178_count_1    1.22%    passed     92.74%
 179  200724_20-08522_HIV11-02415_FL24_S18_L000_read_179_count_1    1.22%    passed     97.39%
 180  200724_20-08522_HIV11-02415_FL24_S18_L000_read_180_count_1    1.22%    passed     99.59%
 181  200724_20-08522_HIV11-02415_FL24_S18_L000_read_181_count_1    1.63%    passed     96.44%
 182  200724_20-08522_HIV11-02415_FL24_S18_L000_read_182_count_1    1.22%    passed     97.39%
 183  200724_20-08522_HIV11-02415_FL24_S18_L000_read_183_count_1    1.22%    passed     98.03%
 184  200724_20-08522_HIV11-02415_FL24_S18_L000_read_184_count_1    1.22%    passed     96.72%
 185  200724_20-08522_HIV11-02415_FL24_S18_L000_read_185_count_1    1.22%    passed     96.58%
 186  200724_20-08522_HIV11-02415_FL24_S18_L000_read_186_count_1    1.22%    passed     96.72%
 187  200724_20-08522_HIV11-02415_FL24_S18_L000_read_187_count_1    1.22%    passed     95.81%
 188  200724_20-08522_HIV11-02415_FL24_S18_L000_read_188_count_1    1.22%    passed     99.21%
 189  200724_20-08522_HIV11-02415_FL24_S18_L000_read_189_count_1    1.22%    passed     97.15%
 190  200724_20-08522_HIV11-02415_FL24_S18_L000_read_190_count_1    1.63%    passed     95.28%
 191  200724_20-08522_HIV11-02415_FL24_S18_L000_read_191_count_1    1.22%    passed     97.39%
 192  200724_20-08522_HIV11-02415_FL24_S18_L000_read_192_count_1    1.22%    passed     96.72%
 193  200724_20-08522_HIV11-02415_FL24_S18_L000_read_193_count_1    1.22%    passed     97.51%
 194  200724_20-08522_HIV11-02415_FL24_S18_L000_read_194_count_1    1.22%    passed     95.69%
 195  200724_20-08522_HIV11-02415_FL24_S18_L000_read_195_count_1    1.22%    passed     91.59%
 196  200724_20-08522_HIV11-02415_FL24_S18_L000_read_196_count_1    1.22%    passed     96.37%
 197  200724_20-08522_HIV11-02415_FL24_S18_L000_read_197_count_1    1.22%    passed     97.60%
 198  200724_20-08522_HIV11-02415_FL24_S18_L000_read_198_count_1    1.22%    passed     97.39%
 199  200724_20-08522_HIV11-02415_FL24_S18_L000_read_199_count_1    1.22%    passed     97.39%
 200  200724_20-08522_HIV11-02415_FL24_S18_L000_read_200_count_1    1.22%    passed     96.72%
 201  200724_20-08522_HIV11-02415_FL24_S18_L000_read_201_count_1    1.22%    passed     97.39%
 202  200724_20-08522_HIV11-02415_FL24_S18_L000_read_202_count_1    1.22%    passed     98.33%
 203  200724_20-08522_HIV11-02415_FL24_S18_L000_read_203_count_1    1.22%    passed     96.31%
 204  200724_20-08522_HIV11-02415_FL24_S18_L000_read_204_count_1    2.04%    passed     99.19%
 205  200724_20-08522_HIV11-02415_FL24_S18_L000_read_205_count_1    1.22%    passed     78.42%
 206  200724_20-08522_HIV11-02415_FL24_S18_L000_read_206_count_1    1.22%    passed     99.35%
 207  200724_20-08522_HIV11-02415_FL24_S18_L000_read_207_count_1    1.22%    passed     99.49%
 208  200724_20-08522_HIV11-02415_FL24_S18_L000_read_208_count_1    1.22%    passed     97.39%
 209  200724_20-08522_HIV11-02415_FL24_S18_L000_read_209_count_1    1.22%    passed     93.41%
 210  200724_20-08522_HIV11-02415_FL24_S18_L000_read_210_count_1    1.22%    passed     97.60%
 211  200724_20-08522_HIV11-02415_FL24_S18_L000_read_211_count_1    1.22%    passed     97.15%
 212  200724_20-08522_HIV11-02415_FL24_S18_L000_read_212_count_1    1.22%    passed     97.39%
 213  200724_20-08522_HIV11-02415_FL24_S18_L000_read_213_count_1    1.22%    passed     97.51%
 214  200724_20-08522_HIV11-02415_FL24_S18_L000_read_214_count_1    1.22%    passed     91.74%
 215  200724_20-08522_HIV11-02415_FL24_S18_L000_read_215_count_1    1.22%    passed     99.49%
 216  200724_20-08522_HIV11-02415_FL24_S18_L000_read_216_count_1    1.22%    passed     96.72%
 217  200724_20-08522_HIV11-02415_FL24_S18_L000_read_217_count_1    1.22%    passed     99.35%
 218  200724_20-08522_HIV11-02415_FL24_S18_L000_read_218_count_1    1.22%    passed     92.74%
 219  200724_20-08522_HIV11-02415_FL24_S18_L000_read_219_count_1    1.22%    passed     95.81%
 220  200724_20-08522_HIV11-02415_FL24_S18_L000_read_220_count_1    1.22%    passed     98.33%
 221  200724_20-08522_HIV11-02415_FL24_S18_L000_read_221_count_1    1.22%    passed     97.15%
 222  200724_20-08522_HIV11-02415_FL24_S18_L000_read_222_count_1    1.22%    passed     96.58%
 223  200724_20-08522_HIV11-02415_FL24_S18_L000_read_223_count_1    1.22%    passed     95.81%
 224  200709_20-07994_HIV07-01067_FL21_S1_L000_read_1_count_694     1.22%    passed     98.72%
 225  200709_20-07994_HIV07-01067_FL21_S1_L000_read_2_count_191     1.22%    passed     95.46%
 226  200709_20-07994_HIV07-01067_FL21_S1_L000_read_3_count_61      1.22%    passed     99.76%
 227  200709_20-07994_HIV07-01067_FL21_S1_L000_read_4_count_11      1.22%    passed     96.06%
 228  200709_20-07994_HIV07-01067_FL21_S1_L000_read_5_count_4       1.22%    passed     99.76%
 229  200709_20-07994_HIV07-01067_FL21_S1_L000_read_6_count_3       1.22%    passed     99.13%
 230  200709_20-07994_HIV07-01067_FL21_S1_L000_read_7_count_3       1.22%    passed     97.41%
 231  200709_20-07994_HIV07-01067_FL21_S1_L000_read_8_count_3       1.22%    passed     97.41%
 232  200709_20-07994_HIV07-01067_FL21_S1_L000_read_9_count_3       1.22%    passed     99.13%
 233  200709_20-07994_HIV07-01067_FL21_S1_L000_read_10_count_2      1.22%    passed     97.41%
 234  200709_20-07994_HIV07-01067_FL21_S1_L000_read_11_count_2      1.22%    passed     99.13%
 235  200709_20-07994_HIV07-01067_FL21_S1_L000_read_12_count_2      1.22%    passed     97.41%
 236  200709_20-07994_HIV07-01067_FL21_S1_L000_read_13_count_2      1.22%    passed     95.46%
 237  200709_20-07994_HIV07-01067_FL21_S1_L000_read_14_count_2      1.22%    passed     99.73%
 238  200709_20-07994_HIV07-01067_FL21_S1_L000_read_15_count_2      1.22%    passed     99.13%
 239  200709_20-07994_HIV07-01067_FL21_S1_L000_read_16_count_2      1.22%    passed     95.46%
 240  200709_20-07994_HIV07-01067_FL21_S1_L000_read_17_count_2      1.22%    passed     97.41%
 241  200709_20-07994_HIV07-01067_FL21_S1_L000_read_18_count_2      1.22%    passed     99.13%
 242  200709_20-07994_HIV07-01067_FL21_S1_L000_read_19_count_2      1.22%    passed     99.13%
 243  200709_20-07994_HIV07-01067_FL21_S1_L000_read_20_count_2      1.22%    passed     99.13%
 244  200709_20-07994_HIV07-01067_FL21_S1_L000_read_21_count_2      1.22%    passed     99.13%
 245  200709_20-07994_HIV07-01067_FL21_S1_L000_read_22_count_2      1.22%    passed     99.73%
 246  200709_20-07994_HIV07-01067_FL21_S1_L000_read_23_count_2      1.22%    passed     99.09%
 247  200709_20-07994_HIV07-01067_FL21_S1_L000_read_24_count_2      1.22%    passed     98.18%
 248  200709_20-07994_HIV07-01067_FL21_S1_L000_read_25_count_2      1.22%    passed     99.13%
 249  200709_20-07994_HIV07-01067_FL21_S1_L000_read_26_count_2      1.22%    passed     99.06%
 250  200709_20-07994_HIV07-01067_FL21_S1_L000_read_27_count_2      1.22%    passed     99.13%
 251  200709_20-07994_HIV07-01067_FL21_S1_L000_read_28_count_2      1.22%    passed     99.13%
 252  200709_20-07994_HIV07-01067_FL21_S1_L000_read_29_count_2      1.22%    passed     99.13%
 253  200709_20-07994_HIV07-01067_FL21_S1_L000_read_30_count_1      1.63%    passed     98.11%
 254  200709_20-07994_HIV07-01067_FL21_S1_L000_read_31_count_1      1.22%    passed     98.72%
 255  200709_20-07994_HIV07-01067_FL21_S1_L000_read_32_count_1      1.22%    passed     99.76%
 256  200709_20-07994_HIV07-01067_FL21_S1_L000_read_33_count_1      1.22%    passed     99.73%
 257  200709_20-07994_HIV07-01067_FL21_S1_L000_read_34_count_1      1.22%    passed     93.89%
 258  200709_20-07994_HIV07-01067_FL21_S1_L000_read_35_count_1      1.22%    passed     89.07%
 259  200709_20-07994_HIV07-01067_FL21_S1_L000_read_36_count_1      1.22%    passed     99.13%
 260  200709_20-07994_HIV07-01067_FL21_S1_L000_read_37_count_1      1.22%    passed     99.73%
 261  200709_20-07994_HIV07-01067_FL21_S1_L000_read_38_count_1      1.22%    passed     98.18%
 262  200709_20-07994_HIV07-01067_FL21_S1_L000_read_39_count_1      1.22%    passed     99.06%
 263  200709_20-07994_HIV07-01067_FL21_S1_L000_read_40_count_1      1.22%    passed     96.06%
 264  200709_20-07994_HIV07-01067_FL21_S1_L000_read_41_count_1      1.22%    passed     93.74%
 265  200709_20-07994_HIV07-01067_FL21_S1_L000_read_42_count_1      1.22%    passed     98.85%
 266  200709_20-07994_HIV07-01067_FL21_S1_L000_read_43_count_1      1.22%    passed     99.13%
 267  200709_20-07994_HIV07-01067_FL21_S1_L000_read_44_count_1      1.22%    passed     96.06%
 268  200709_20-07994_HIV07-01067_FL21_S1_L000_read_45_count_1      1.22%    passed     98.18%
 269  200709_20-07994_HIV07-01067_FL21_S1_L000_read_46_count_1      1.22%    passed     99.13%
 270  200709_20-07994_HIV07-01067_FL21_S1_L000_read_47_count_1      1.22%    passed     99.06%
 271  200709_20-07994_HIV07-01067_FL21_S1_L000_read_48_count_1      1.22%    passed     98.18%
 272  200709_20-07994_HIV07-01067_FL21_S1_L000_read_49_count_1      1.22%    passed     97.41%
 273  200709_20-07994_HIV07-01067_FL21_S1_L000_read_50_count_1      1.22%    passed     99.09%
 274  200709_20-07994_HIV07-01067_FL21_S1_L000_read_51_count_1      1.22%    passed     99.85%
 275  200709_20-07994_HIV07-01067_FL21_S1_L000_read_52_count_1      1.63%    passed     99.91%
 276  200709_20-07994_HIV07-01067_FL21_S1_L000_read_53_count_1      1.22%    passed     95.80%
 277  200709_20-07994_HIV07-01067_FL21_S1_L000_read_54_count_1      1.22%    passed     95.68%
 278  200709_20-07994_HIV07-01067_FL21_S1_L000_read_55_count_1      1.22%    passed     96.06%
 279  200709_20-07994_HIV07-01067_FL21_S1_L000_read_56_count_1      1.22%    passed     98.18%
 280  200709_20-07994_HIV07-01067_FL21_S1_L000_read_57_count_1      1.22%    passed     95.80%
 281  200709_20-07994_HIV07-01067_FL21_S1_L000_read_58_count_1      1.22%    passed     99.13%
 282  200709_20-07994_HIV07-01067_FL21_S1_L000_read_59_count_1      1.22%    passed     97.41%
 283  200709_20-07994_HIV07-01067_FL21_S1_L000_read_60_count_1      1.22%    passed     98.18%
 284  200709_20-07994_HIV07-01067_FL21_S1_L000_read_61_count_1      1.22%    passed     99.13%
 285  200709_20-07994_HIV07-01067_FL21_S1_L000_read_62_count_1      1.22%    passed     99.13%
 286  200709_20-07994_HIV07-01067_FL21_S1_L000_read_63_count_1      1.22%    passed     99.85%
 287  200709_20-07994_HIV07-01067_FL21_S1_L000_read_64_count_1      1.22%    passed     99.93%
 288  200709_20-07994_HIV07-01067_FL21_S1_L000_read_65_count_1      1.22%    passed     98.18%
 289  200709_20-07994_HIV07-01067_FL21_S1_L000_read_66_count_1      1.22%    passed     93.89%
 290  200709_20-07994_HIV07-01067_FL21_S1_L000_read_67_count_1      1.22%    passed     99.13%
 291  200709_20-07994_HIV07-01067_FL21_S1_L000_read_68_count_1      1.22%    passed     97.11%
 292  200709_20-07994_HIV07-01067_FL21_S1_L000_read_69_count_1      1.22%    passed     98.72%
 293  200709_20-07994_HIV07-01067_FL21_S1_L000_read_70_count_1      1.22%    passed     95.46%
 294  200709_20-07994_HIV07-01067_FL21_S1_L000_read_71_count_1      1.22%    passed     99.76%
 295  200709_20-07994_HIV07-01067_FL21_S1_L000_read_72_count_1      1.22%    passed     97.41%
 296  200709_20-07994_HIV07-01067_FL21_S1_L000_read_73_count_1      1.22%    passed     93.74%
 297  200709_20-07994_HIV07-01067_FL21_S1_L000_read_74_count_1      1.22%    passed     97.11%
 298  200709_20-07994_HIV07-01067_FL21_S1_L000_read_75_count_1      1.63%    passed     99.04%
 299  200709_20-07994_HIV07-01067_FL21_S1_L000_read_76_count_1      1.22%    passed     96.40%
 300  200709_20-07994_HIV07-01067_FL21_S1_L000_read_77_count_1      1.63%    passed     99.04%
 301  200709_20-07994_HIV07-01067_FL21_S1_L000_read_78_count_1      1.22%    passed     99.13%
 302  200709_20-07994_HIV07-01067_FL21_S1_L000_read_79_count_1      1.22%    passed     99.83%
 303  200709_20-07994_HIV07-01067_FL21_S1_L000_read_80_count_1      1.22%    passed     99.13%
 304  200709_20-07994_HIV07-01067_FL21_S1_L000_read_81_count_1      1.22%    passed     95.46%
 305  200709_20-07994_HIV07-01067_FL21_S1_L000_read_82_count_1      1.22%    passed     99.76%
 306  200709_20-07994_HIV07-01067_FL21_S1_L000_read_83_count_1      1.22%    passed     98.72%
 307  200709_20-07994_HIV07-01067_FL21_S1_L000_read_84_count_1      1.22%    passed     99.13%
 308  200709_20-07994_HIV07-01067_FL21_S1_L000_read_85_count_1      1.22%    passed     99.13%
 309  200709_20-07994_HIV07-01067_FL21_S1_L000_read_86_count_1      1.22%    passed     99.73%
 310  200709_20-07994_HIV07-01067_FL21_S1_L000_read_87_count_1      1.22%    passed     99.73%
 311  200709_20-07994_HIV07-01067_FL21_S1_L000_read_88_count_1      1.22%    passed     96.06%
 312  200709_20-07994_HIV07-01067_FL21_S1_L000_read_89_count_1      1.22%    passed     99.13%
 313  200709_20-07994_HIV07-01067_FL21_S1_L000_read_90_count_1      1.22%    passed     93.74%
 314  200709_20-07994_HIV07-01067_FL21_S1_L000_read_91_count_1      1.22%    passed     97.11%
 315  200709_20-07994_HIV07-01067_FL21_S1_L000_read_92_count_1      1.22%    passed     98.72%
 316  200709_20-07994_HIV07-01067_FL21_S1_L000_read_93_count_1      1.22%    passed     98.18%
 317  200709_20-07994_HIV07-01067_FL21_S1_L000_read_94_count_1      1.22%    passed     98.39%
 318  200709_20-07994_HIV07-01067_FL21_S1_L000_read_95_count_1      1.22%    passed     99.13%
 319  200709_20-07994_HIV07-01067_FL21_S1_L000_read_96_count_1      1.22%    passed     99.13%
 320  200709_20-07994_HIV07-01067_FL21_S1_L000_read_97_count_1      1.22%    passed     97.01%
 321  200709_20-07994_HIV07-01067_FL21_S1_L000_read_98_count_1      1.22%    passed     99.85%
 322  200709_20-07994_HIV07-01067_FL21_S1_L000_read_99_count_1      1.22%    passed     93.74%
 323  200709_20-07994_HIV07-01067_FL21_S1_L000_read_100_count_1     1.22%    passed     96.74%
 324  200709_20-07994_HIV07-01067_FL21_S1_L000_read_101_count_1     1.22%    passed     99.09%
 325  200709_20-07994_HIV07-01067_FL21_S1_L000_read_102_count_1     0.82%    passed     99.61%
 326  200709_20-07994_HIV07-01067_FL21_S1_L000_read_103_count_1     1.22%    passed     98.18%
 327  200709_20-07994_HIV07-01067_FL21_S1_L000_read_104_count_1     1.22%    passed     98.72%
 328  200709_20-07994_HIV07-01067_FL21_S1_L000_read_105_count_1     1.22%    passed     96.32%
 329  200709_20-07994_HIV07-01067_FL21_S1_L000_read_106_count_1     1.22%    passed     98.39%
 330  200709_20-07994_HIV07-01067_FL21_S1_L000_read_107_count_1     1.22%    passed     99.95%
 331  200709_20-07994_HIV07-01067_FL21_S1_L000_read_108_count_1     1.22%    passed     98.18%
 332  200709_20-07994_HIV07-01067_FL21_S1_L000_read_109_count_1     1.22%    passed     99.13%
 333  200709_20-07994_HIV07-01067_FL21_S1_L000_read_110_count_1     1.22%    passed     99.06%
 334  200709_20-07994_HIV07-01067_FL21_S1_L000_read_111_count_1     1.22%    passed     99.13%
 335  200709_20-07994_HIV07-01067_FL21_S1_L000_read_112_count_1     1.22%    passed     98.18%
 336  200709_20-07994_HIV07-01067_FL21_S1_L000_read_113_count_1     5.71%    passed     99.03%
 337  200709_20-07994_HIV07-01067_FL21_S1_L000_read_114_count_1     1.22%    passed     99.85%
 338  200709_20-07994_HIV07-01067_FL21_S1_L000_read_115_count_1     1.22%    passed     96.06%
 339  200709_20-07994_HIV07-01067_FL21_S1_L000_read_116_count_1     1.22%    passed     99.09%
 340  200709_20-07994_HIV07-01067_FL21_S1_L000_read_117_count_1     1.22%    passed     99.13%
 341  200709_20-07994_HIV07-01067_FL21_S1_L000_read_118_count_1     1.22%    passed     99.76%
 342  200709_20-07994_HIV07-01067_FL21_S1_L000_read_119_count_1     1.22%    passed     99.76%
 343  200709_20-07994_HIV07-01067_FL21_S1_L000_read_120_count_1     1.22%    passed     96.06%
 344  200709_20-07994_HIV07-01067_FL21_S1_L000_read_121_count_1     1.22%    passed     99.73%
 345  200709_20-07994_HIV07-01067_FL21_S1_L000_read_122_count_1     1.22%    passed     99.13%
 346  200709_20-07994_HIV07-01067_FL21_S1_L000_read_123_count_1     1.22%    passed     96.06%
 347  200709_20-07994_HIV07-01067_FL21_S1_L000_read_124_count_1     1.22%    passed     99.73%
 348  200709_20-07994_HIV07-01067_FL21_S1_L000_read_125_count_1     1.22%    passed     99.13%
 349  200709_20-07994_HIV07-01067_FL21_S1_L000_read_126_count_1     1.22%    passed     98.72%
 350  200709_20-07994_HIV07-01067_FL21_S1_L000_read_127_count_1     1.22%    passed     98.39%
 351  200709_20-07994_HIV07-01067_FL21_S1_L000_read_128_count_1     1.22%    passed     98.39%
 352  200709_20-07994_HIV07-01067_FL21_S1_L000_read_129_count_1     1.22%    passed     99.73%
 353  200709_20-07994_HIV07-01067_FL21_S1_L000_read_130_count_1     1.22%    passed     97.11%
 354  200709_20-07994_HIV07-01067_FL21_S1_L000_read_131_count_1     1.22%    passed     99.21%
 355  200709_20-07994_HIV07-01067_FL21_S1_L000_read_132_count_1     2.04%    passed     99.19%
 356  200709_20-07994_HIV07-01067_FL21_S1_L000_read_133_count_1     1.22%    passed     99.13%
 357  200709_20-07994_HIV07-01067_FL21_S1_L000_read_134_count_1     1.22%    passed     95.64%
 358  200709_20-07994_HIV07-01067_FL21_S1_L000_read_135_count_1     1.22%    passed     99.85%
 359  200709_20-07994_HIV07-01067_FL21_S1_L000_read_136_count_1     1.22%    passed     99.76%
 360  200709_20-07994_HIV07-01067_FL21_S1_L000_read_137_count_1     1.22%    passed     95.64%
 361  200709_20-07994_HIV07-01067_FL21_S1_L000_read_138_count_1     1.22%    passed     98.72%
 362  200709_20-07994_HIV07-01067_FL21_S1_L000_read_139_count_1     1.22%    passed     99.13%
 363  200709_20-07994_HIV07-01067_FL21_S1_L000_read_140_count_1     1.22%    passed     97.41%
 364  200709_20-07994_HIV07-01067_FL21_S1_L000_read_141_count_1     1.22%    passed     99.13%
 365  200709_20-07994_HIV07-01067_FL21_S1_L000_read_142_count_1     1.22%    passed     99.76%
 366  200709_20-07994_HIV07-01067_FL21_S1_L000_read_143_count_1     1.22%    passed     99.93%
 367  200709_20-07994_HIV07-01067_FL21_S1_L000_read_144_count_1     1.22%    passed     99.73%
 368  200709_20-07994_HIV07-01067_FL21_S1_L000_read_145_count_1     1.22%    passed     96.06%
 369  200709_20-07994_HIV07-01067_FL21_S1_L000_read_146_count_1     1.22%    passed     99.13%
 370  200709_20-07994_HIV07-01067_FL21_S1_L000_read_147_count_1     1.22%    passed     98.18%
 371  200709_20-07994_HIV07-01067_FL21_S1_L000_read_148_count_1     1.22%    passed     99.13%
 372  200709_20-07994_HIV07-01067_FL21_S1_L000_read_149_count_1     1.22%    passed     96.06%
 373  200709_20-07994_HIV07-01067_FL21_S1_L000_read_150_count_1     1.22%    passed     99.83%
 374  200709_20-07994_HIV07-01067_FL21_S1_L000_read_151_count_1     1.22%    passed     99.85%
 375  200709_20-07994_HIV07-01067_FL21_S1_L000_read_152_count_1     1.22%    passed     99.13%
 376  200709_20-07994_HIV07-01067_FL21_S1_L000_read_153_count_1     1.22%    passed     99.13%
 377  200709_20-07994_HIV07-01067_FL21_S1_L000_read_154_count_1     1.22%    passed     99.13%
 378  200709_20-07994_HIV07-01067_FL21_S1_L000_read_155_count_1     1.22%    passed     98.18%
 379  200709_20-07994_HIV07-01067_FL21_S1_L000_read_156_count_1     1.22%    passed     98.18%
 380  200709_20-07994_HIV07-01067_FL21_S1_L000_read_157_count_1     1.22%    passed     99.13%
 381  200709_20-07994_HIV07-01067_FL21_S1_L000_read_158_count_1     1.22%    passed     99.06%
 382  200709_20-07994_HIV07-01067_FL21_S1_L000_read_159_count_1     1.22%    passed     99.73%
 383  200709_20-07994_HIV07-01067_FL21_S1_L000_read_160_count_1     1.22%    passed     99.76%
 384  200709_20-07994_HIV07-01067_FL21_S1_L000_read_161_count_1     1.22%    passed     98.18%
 385  200709_20-07994_HIV07-01067_FL21_S1_L000_read_162_count_1     1.22%    passed     99.06%
 386  200709_20-07994_HIV07-01067_FL21_S1_L000_read_163_count_1     1.22%    passed     99.13%
 387  200709_20-07994_HIV07-01067_FL21_S1_L000_read_164_count_1     1.22%    passed     99.09%
 388  200709_20-07994_HIV07-01067_FL21_S1_L000_read_165_count_1     1.22%    passed     99.85%
 389  200709_20-07994_HIV07-01067_FL21_S1_L000_read_166_count_1     1.22%    passed     93.74%
 390  200709_20-07994_HIV07-01067_FL21_S1_L000_read_167_count_1     1.22%    passed     99.09%
 391  200709_20-07994_HIV07-01067_FL21_S1_L000_read_168_count_1     1.22%    passed     98.72%
 392  200709_20-07994_HIV07-01067_FL21_S1_L000_read_169_count_1     1.22%    passed     99.13%
 393  200709_20-07994_HIV07-01067_FL21_S1_L000_read_170_count_1     1.22%    passed     95.46%
 394  200709_20-07994_HIV07-01067_FL21_S1_L000_read_171_count_1     1.22%    passed     99.13%
 395  200709_20-07994_HIV07-01067_FL21_S1_L000_read_172_count_1     1.22%    passed     99.48%
 396  200709_20-07994_HIV07-01067_FL21_S1_L000_read_173_count_1     1.22%    passed     98.18%
 397  200709_20-07994_HIV07-01067_FL21_S1_L000_read_174_count_1     1.22%    passed     99.85%
 398  200709_20-07994_HIV07-01067_FL21_S1_L000_read_175_count_1     1.22%    passed     99.73%
 399  200709_20-07994_HIV07-01067_FL21_S1_L000_read_176_count_1     1.22%    passed     99.73%
 400  200709_20-07994_HIV07-01067_FL21_S1_L000_read_177_count_1     1.22%    passed     96.06%
 401  200709_20-07994_HIV07-01067_FL21_S1_L000_read_178_count_1     1.22%    passed     99.85%
 402  200709_20-07994_HIV07-01067_FL21_S1_L000_read_179_count_1     1.22%    passed     98.72%
 403  200709_20-07994_HIV07-01067_FL21_S1_L000_read_180_count_1     1.22%    passed     99.13%
 404  200709_20-07994_HIV07-01067_FL21_S1_L000_read_181_count_1     0.82%    passed     97.94%
 405  200709_20-07994_HIV07-01067_FL21_S1_L000_read_182_count_1     1.22%    passed     99.04%
 406  200709_20-07994_HIV07-01067_FL21_S1_L000_read_183_count_1     1.22%    passed     98.72%
 407  200703_20-07825_HIV09-00618_FL18_S6_L000_read_1_count_661     1.22%    passed     99.98%
 408  200703_20-07825_HIV09-00618_FL18_S6_L000_read_2_count_16      1.22%    passed     99.93%
 409  200703_20-07825_HIV09-00618_FL18_S6_L000_read_3_count_10      1.22%    passed     99.72%
 410  200703_20-07825_HIV09-00618_FL18_S6_L000_read_4_count_5       1.22%    passed     99.35%
 411  200703_20-07825_HIV09-00618_FL18_S6_L000_read_5_count_5       1.22%    passed     99.72%
 412  200703_20-07825_HIV09-00618_FL18_S6_L000_read_6_count_4       1.22%    passed     99.72%
 413  200703_20-07825_HIV09-00618_FL18_S6_L000_read_7_count_3       1.22%    passed     99.35%
 414  200703_20-07825_HIV09-00618_FL18_S6_L000_read_8_count_3       1.22%    passed     99.35%
 415  200703_20-07825_HIV09-00618_FL18_S6_L000_read_9_count_3       1.22%    passed     99.72%
 416  200703_20-07825_HIV09-00618_FL18_S6_L000_read_10_count_3      1.22%    passed     99.85%
 417  200703_20-07825_HIV09-00618_FL18_S6_L000_read_11_count_3      1.22%    passed     99.93%
 418  200703_20-07825_HIV09-00618_FL18_S6_L000_read_12_count_3      1.22%    passed     99.93%
 419  200703_20-07825_HIV09-00618_FL18_S6_L000_read_13_count_2      1.22%    passed     99.72%
 420  200703_20-07825_HIV09-00618_FL18_S6_L000_read_14_count_2      1.22%    passed     99.72%
 421  200703_20-07825_HIV09-00618_FL18_S6_L000_read_15_count_2      1.22%    passed     99.72%
 422  200703_20-07825_HIV09-00618_FL18_S6_L000_read_16_count_2      1.22%    passed     99.35%
 423  200703_20-07825_HIV09-00618_FL18_S6_L000_read_17_count_2      1.22%    passed     99.77%
 424  200703_20-07825_HIV09-00618_FL18_S6_L000_read_18_count_2      1.22%    passed     99.85%
 425  200703_20-07825_HIV09-00618_FL18_S6_L000_read_19_count_2      1.22%    passed     99.85%
 426  200703_20-07825_HIV09-00618_FL18_S6_L000_read_20_count_2      1.22%    passed     99.72%
 427  200703_20-07825_HIV09-00618_FL18_S6_L000_read_21_count_2      1.22%    passed     99.72%
 428  200703_20-07825_HIV09-00618_FL18_S6_L000_read_22_count_2      1.22%    passed     99.72%
 429  200703_20-07825_HIV09-00618_FL18_S6_L000_read_23_count_2      1.22%    passed     99.72%
 430  200703_20-07825_HIV09-00618_FL18_S6_L000_read_24_count_2      1.22%    passed     99.72%
 431  200703_20-07825_HIV09-00618_FL18_S6_L000_read_25_count_2      1.22%    passed     99.35%
 432  200703_20-07825_HIV09-00618_FL18_S6_L000_read_26_count_2      1.22%    passed     99.72%
 433  200703_20-07825_HIV09-00618_FL18_S6_L000_read_27_count_2      1.22%    passed     99.72%
 434  200703_20-07825_HIV09-00618_FL18_S6_L000_read_28_count_1      1.22%    passed     99.85%
 435  200703_20-07825_HIV09-00618_FL18_S6_L000_read_29_count_1      1.22%    passed     99.83%
 436  200703_20-07825_HIV09-00618_FL18_S6_L000_read_30_count_1      1.22%    passed     99.49%
 437  200703_20-07825_HIV09-00618_FL18_S6_L000_read_31_count_1      1.22%    passed     99.72%
 438  200703_20-07825_HIV09-00618_FL18_S6_L000_read_32_count_1      1.22%    passed     99.72%
 439  200703_20-07825_HIV09-00618_FL18_S6_L000_read_33_count_1      1.63%    passed     99.92%
 440  200703_20-07825_HIV09-00618_FL18_S6_L000_read_34_count_1      1.22%    passed     98.84%
 441  200703_20-07825_HIV09-00618_FL18_S6_L000_read_35_count_1      1.22%    passed     99.85%
 442  200703_20-07825_HIV09-00618_FL18_S6_L000_read_36_count_1      1.22%    passed     96.58%
 443  200703_20-07825_HIV09-00618_FL18_S6_L000_read_37_count_1      1.22%    passed     99.77%
 444  200703_20-07825_HIV09-00618_FL18_S6_L000_read_38_count_1      1.22%    passed     99.72%
 445  200703_20-07825_HIV09-00618_FL18_S6_L000_read_39_count_1      1.22%    passed     96.58%
 446  200703_20-07825_HIV09-00618_FL18_S6_L000_read_40_count_1      1.22%    passed     99.72%
 447  200703_20-07825_HIV09-00618_FL18_S6_L000_read_41_count_1      1.63%    passed     99.88%
 448  200703_20-07825_HIV09-00618_FL18_S6_L000_read_42_count_1      1.22%    passed     99.41%
 449  200703_20-07825_HIV09-00618_FL18_S6_L000_read_43_count_1      1.22%    passed     97.71%
 450  200703_20-07825_HIV09-00618_FL18_S6_L000_read_44_count_1      1.22%    passed     99.77%
 451  200703_20-07825_HIV09-00618_FL18_S6_L000_read_45_count_1      1.22%    passed     99.93%
 452  200703_20-07825_HIV09-00618_FL18_S6_L000_read_46_count_1      1.22%    passed     99.40%
 453  200703_20-07825_HIV09-00618_FL18_S6_L000_read_47_count_1      1.22%    passed     99.93%
 454  200703_20-07825_HIV09-00618_FL18_S6_L000_read_48_count_1      1.22%    passed     99.72%
 455  200703_20-07825_HIV09-00618_FL18_S6_L000_read_49_count_1      1.22%    passed     99.41%
 456  200703_20-07825_HIV09-00618_FL18_S6_L000_read_50_count_1      1.22%    passed     99.72%
 457  200703_20-07825_HIV09-00618_FL18_S6_L000_read_51_count_1      1.22%    passed     99.72%
 458  200703_20-07825_HIV09-00618_FL18_S6_L000_read_52_count_1      1.63%    passed     99.96%
 459  200703_20-07825_HIV09-00618_FL18_S6_L000_read_53_count_1      1.22%    passed     99.72%
 460  200703_20-07825_HIV09-00618_FL18_S6_L000_read_54_count_1      1.22%    passed     99.95%
 461  200703_20-07825_HIV09-00618_FL18_S6_L000_read_55_count_1      1.22%    passed     99.48%
 462  200703_20-07825_HIV09-00618_FL18_S6_L000_read_56_count_1      1.22%    passed     99.35%
 463  200703_20-07825_HIV09-00618_FL18_S6_L000_read_57_count_1      1.22%    passed     99.35%
 464  200703_20-07825_HIV09-00618_FL18_S6_L000_read_58_count_1      1.22%    passed     99.77%
 465  200703_20-07825_HIV09-00618_FL18_S6_L000_read_59_count_1      1.22%    passed     99.77%
 466  200703_20-07825_HIV09-00618_FL18_S6_L000_read_60_count_1      1.22%    passed     99.95%
 467  200703_20-07825_HIV09-00618_FL18_S6_L000_read_61_count_1      1.22%    passed     99.72%
 468  200703_20-07825_HIV09-00618_FL18_S6_L000_read_62_count_1      1.63%    passed     99.92%
 469  200703_20-07825_HIV09-00618_FL18_S6_L000_read_63_count_1      1.22%    passed     99.72%
 470  200703_20-07825_HIV09-00618_FL18_S6_L000_read_64_count_1      1.22%    passed     99.35%
 471  200703_20-07825_HIV09-00618_FL18_S6_L000_read_65_count_1      1.22%    passed     99.85%
 472  200703_20-07825_HIV09-00618_FL18_S6_L000_read_66_count_1      1.22%    passed     99.85%
 473  200703_20-07825_HIV09-00618_FL18_S6_L000_read_67_count_1      1.63%    passed     97.79%
 474  200703_20-07825_HIV09-00618_FL18_S6_L000_read_68_count_1      1.22%    passed     99.41%
 475  200703_20-07825_HIV09-00618_FL18_S6_L000_read_69_count_1      1.22%    passed     99.41%
 476  200703_20-07825_HIV09-00618_FL18_S6_L000_read_70_count_1      1.22%    passed     99.72%
 477  200703_20-07825_HIV09-00618_FL18_S6_L000_read_71_count_1      1.22%    passed     99.98%
 478  200703_20-07825_HIV09-00618_FL18_S6_L000_read_72_count_1      1.22%    passed     99.85%
 479  200703_20-07825_HIV09-00618_FL18_S6_L000_read_73_count_1      1.22%    passed     99.72%
 480  200703_20-07825_HIV09-00618_FL18_S6_L000_read_74_count_1      1.22%    passed     96.15%
 481  200703_20-07825_HIV09-00618_FL18_S6_L000_read_75_count_1      1.22%    passed     99.72%
 482  200703_20-07825_HIV09-00618_FL18_S6_L000_read_76_count_1      1.22%    passed     99.59%
 483  200703_20-07825_HIV09-00618_FL18_S6_L000_read_77_count_1      1.63%    passed     99.92%
 484  200703_20-07825_HIV09-00618_FL18_S6_L000_read_78_count_1      1.22%    passed     99.77%
 485  200703_20-07825_HIV09-00618_FL18_S6_L000_read_79_count_1      1.22%    passed     99.35%
 486  200703_20-07825_HIV09-00618_FL18_S6_L000_read_80_count_1      1.22%    passed     99.77%
 487  200703_20-07825_HIV09-00618_FL18_S6_L000_read_81_count_1      1.22%    passed     99.85%
 488  200703_20-07825_HIV09-00618_FL18_S6_L000_read_82_count_1      1.22%    passed     99.93%
 489  200703_20-07825_HIV09-00618_FL18_S6_L000_read_83_count_1      1.22%    passed     98.84%
 490  200703_20-07825_HIV09-00618_FL18_S6_L000_read_84_count_1      1.22%    passed     99.98%
 491  200703_20-07825_HIV09-00618_FL18_S6_L000_read_85_count_1      1.22%    passed     99.35%
 492  200703_20-07825_HIV09-00618_FL18_S6_L000_read_86_count_1      1.63%    passed     99.73%
 493  200703_20-07825_HIV09-00618_FL18_S6_L000_read_87_count_1      1.22%    passed     98.61%
 494  200703_20-07825_HIV09-00618_FL18_S6_L000_read_88_count_1      1.22%    passed     99.72%
 495  200703_20-07825_HIV09-00618_FL18_S6_L000_read_89_count_1      1.22%    passed     99.93%
 496  200703_20-07825_HIV09-00618_FL18_S6_L000_read_90_count_1      1.22%    passed     99.83%
 497  200703_20-07825_HIV09-00618_FL18_S6_L000_read_91_count_1      1.22%    passed     99.67%
 498  200703_20-07825_HIV09-00618_FL18_S6_L000_read_92_count_1      1.22%    passed     98.61%
 499  200703_20-07825_HIV09-00618_FL18_S6_L000_read_93_count_1      1.22%    passed     99.41%
 500  200703_20-07825_HIV09-00618_FL18_S6_L000_read_94_count_1      1.22%    passed     99.48%
 501  200703_20-07825_HIV09-00618_FL18_S6_L000_read_95_count_1      1.63%    passed     99.96%
 502  200703_20-07825_HIV09-00618_FL18_S6_L000_read_96_count_1      1.22%    passed     99.72%
 503  200703_20-07825_HIV09-00618_FL18_S6_L000_read_97_count_1      1.22%    passed     99.72%
 504  200703_20-07825_HIV09-00618_FL18_S6_L000_read_98_count_1      1.63%    passed     99.96%
 505  200703_20-07825_HIV09-00618_FL18_S6_L000_read_99_count_1      1.22%    passed     99.77%
 506  200703_20-07825_HIV09-00618_FL18_S6_L000_read_100_count_1     1.22%    passed     99.72%
 507  200703_20-07825_HIV09-00618_FL18_S6_L000_read_101_count_1     1.22%    passed     99.85%
 508  200703_20-07825_HIV09-00618_FL18_S6_L000_read_102_count_1     1.22%    passed     99.41%
 509  200703_20-07825_HIV09-00618_FL18_S6_L000_read_103_count_1     1.22%    passed     99.98%
 510  200703_20-07825_HIV09-00618_FL18_S6_L000_read_104_count_1     1.22%    passed     99.72%
 511  200703_20-07825_HIV09-00618_FL18_S6_L000_read_105_count_1     1.22%    passed     99.98%
 512  200703_20-07825_HIV09-00618_FL18_S6_L000_read_106_count_1     1.22%    passed     99.72%
 513  200703_20-07825_HIV09-00618_FL18_S6_L000_read_107_count_1     1.22%    passed     99.93%
 514  200703_20-07825_HIV09-00618_FL18_S6_L000_read_108_count_1     1.22%    passed     99.72%
 515  200703_20-07825_HIV09-00618_FL18_S6_L000_read_109_count_1     1.22%    passed     99.35%
 516  200703_20-07825_HIV09-00618_FL18_S6_L000_read_110_count_1     1.22%    passed     99.49%
 517  200703_20-07825_HIV09-00618_FL18_S6_L000_read_111_count_1     1.22%    passed     99.72%
 518  200703_20-07825_HIV09-00618_FL18_S6_L000_read_112_count_1     1.22%    passed     99.35%
 519  200703_20-07825_HIV09-00618_FL18_S6_L000_read_113_count_1     1.22%    passed     99.93%
 520  200703_20-07825_HIV09-00618_FL18_S6_L000_read_114_count_1     1.22%    passed     99.85%
 521  200703_20-07825_HIV09-00618_FL18_S6_L000_read_115_count_1     1.22%    passed     99.72%
 522  200703_20-07825_HIV09-00618_FL18_S6_L000_read_116_count_1     1.22%    passed     99.72%
 523  200703_20-07825_HIV09-00618_FL18_S6_L000_read_117_count_1     1.22%    passed     98.84%
 524  200703_20-07825_HIV09-00618_FL18_S6_L000_read_118_count_1     1.22%    passed     99.21%
 525  200703_20-07825_HIV09-00618_FL18_S6_L000_read_119_count_1     1.22%    passed     99.41%
 526  200703_20-07825_HIV09-00618_FL18_S6_L000_read_120_count_1     1.22%    passed     99.49%
 527  200703_20-07825_HIV09-00618_FL18_S6_L000_read_121_count_1     1.22%    passed     99.98%
 528  200703_20-07825_HIV09-00618_FL18_S6_L000_read_122_count_1     1.22%    passed     99.72%
 529  200814_20-09728_HIV09-02843_FL30_S2_L000_read_1_count_865     1.22%    passed     95.46%
 530  200814_20-09728_HIV09-02843_FL30_S2_L000_read_2_count_50      1.22%    passed     93.74%
 531  200814_20-09728_HIV09-02843_FL30_S2_L000_read_3_count_7       1.22%    passed     93.74%
 532  200814_20-09728_HIV09-02843_FL30_S2_L000_read_4_count_6       1.22%    passed     96.06%
 533  200814_20-09728_HIV09-02843_FL30_S2_L000_read_5_count_4       1.22%    passed     96.06%
 534  200814_20-09728_HIV09-02843_FL30_S2_L000_read_6_count_3       1.22%    passed     96.06%
 535  200814_20-09728_HIV09-02843_FL30_S2_L000_read_7_count_3       1.22%    passed     96.06%
 536  200814_20-09728_HIV09-02843_FL30_S2_L000_read_8_count_3       1.22%    passed     96.06%
 537  200814_20-09728_HIV09-02843_FL30_S2_L000_read_9_count_3       1.22%    passed     96.06%
 538  200814_20-09728_HIV09-02843_FL30_S2_L000_read_10_count_3      1.22%    passed     96.06%
 539  200814_20-09728_HIV09-02843_FL30_S2_L000_read_11_count_3      1.22%    passed     96.06%
 540  200814_20-09728_HIV09-02843_FL30_S2_L000_read_12_count_3      1.22%    passed     96.06%
 541  200814_20-09728_HIV09-02843_FL30_S2_L000_read_13_count_2      1.22%    passed     96.06%
 542  200814_20-09728_HIV09-02843_FL30_S2_L000_read_14_count_2      1.22%    passed     96.06%
 543  200814_20-09728_HIV09-02843_FL30_S2_L000_read_15_count_2      1.22%    passed     96.06%
 544  200814_20-09728_HIV09-02843_FL30_S2_L000_read_16_count_2      1.22%    passed     96.06%
 545  200814_20-09728_HIV09-02843_FL30_S2_L000_read_17_count_2      1.22%    passed     96.06%
 546  200814_20-09728_HIV09-02843_FL30_S2_L000_read_18_count_2      1.22%    passed     96.06%
 547  200814_20-09728_HIV09-02843_FL30_S2_L000_read_19_count_2      1.22%    passed     96.06%
 548  200814_20-09728_HIV09-02843_FL30_S2_L000_read_20_count_2      1.22%    passed     96.06%
 549  200814_20-09728_HIV09-02843_FL30_S2_L000_read_21_count_2      1.22%    passed     98.18%
 550  200814_20-09728_HIV09-02843_FL30_S2_L000_read_22_count_2      1.22%    passed     96.06%
 551  200814_20-09728_HIV09-02843_FL30_S2_L000_read_23_count_2      1.22%    passed     96.06%
 552  200814_20-09728_HIV09-02843_FL30_S2_L000_read_24_count_2      1.22%    passed     98.18%
 553  200814_20-09728_HIV09-02843_FL30_S2_L000_read_25_count_2      1.22%    passed     96.06%
 554  200814_20-09728_HIV09-02843_FL30_S2_L000_read_26_count_1      1.22%    passed     96.06%
 555  200814_20-09728_HIV09-02843_FL30_S2_L000_read_27_count_1      1.22%    passed     95.80%
 556  200814_20-09728_HIV09-02843_FL30_S2_L000_read_28_count_1      1.22%    passed     96.06%
 557  200814_20-09728_HIV09-02843_FL30_S2_L000_read_29_count_1      1.22%    passed     97.11%
 558  200814_20-09728_HIV09-02843_FL30_S2_L000_read_30_count_1      1.22%    passed     98.18%
 559  200814_20-09728_HIV09-02843_FL30_S2_L000_read_31_count_1      1.22%    passed     96.06%
 560  200814_20-09728_HIV09-02843_FL30_S2_L000_read_32_count_1      1.22%    passed     89.79%
 561  200814_20-09728_HIV09-02843_FL30_S2_L000_read_33_count_1      1.22%    passed     99.13%
 562  200814_20-09728_HIV09-02843_FL30_S2_L000_read_34_count_1      1.22%    passed     95.46%
 563  200814_20-09728_HIV09-02843_FL30_S2_L000_read_35_count_1      1.22%    passed     98.18%
 564  200814_20-09728_HIV09-02843_FL30_S2_L000_read_36_count_1      1.22%    passed     96.06%
 565  200814_20-09728_HIV09-02843_FL30_S2_L000_read_37_count_1      1.22%    passed     98.18%
 566  200814_20-09728_HIV09-02843_FL30_S2_L000_read_38_count_1      1.22%    passed     99.13%
 567  200814_20-09728_HIV09-02843_FL30_S2_L000_read_39_count_1      1.22%    passed     96.06%
 568  200814_20-09728_HIV09-02843_FL30_S2_L000_read_40_count_1      1.22%    passed     93.89%
 569  200814_20-09728_HIV09-02843_FL30_S2_L000_read_41_count_1      1.22%    passed     99.13%
 570  200814_20-09728_HIV09-02843_FL30_S2_L000_read_42_count_1      1.22%    passed     98.72%
 571  200814_20-09728_HIV09-02843_FL30_S2_L000_read_43_count_1      1.22%    passed     98.18%
 572  200814_20-09728_HIV09-02843_FL30_S2_L000_read_44_count_1      1.22%    passed     97.11%
 573  200814_20-09728_HIV09-02843_FL30_S2_L000_read_45_count_1      1.22%    passed     98.18%
 574  200814_20-09728_HIV09-02843_FL30_S2_L000_read_46_count_1      1.22%    passed     98.72%
 575  200814_20-09728_HIV09-02843_FL30_S2_L000_read_47_count_1      0.82%    passed     95.78%
 576  200814_20-09728_HIV09-02843_FL30_S2_L000_read_48_count_1      1.22%    passed     98.18%
 577  200814_20-09728_HIV09-02843_FL30_S2_L000_read_49_count_1      1.22%    passed     93.74%
 578  200814_20-09728_HIV09-02843_FL30_S2_L000_read_50_count_1      1.22%    passed     93.74%
 579  200814_20-09728_HIV09-02843_FL30_S2_L000_read_51_count_1      1.22%    passed     96.06%
 580  200814_20-09728_HIV09-02843_FL30_S2_L000_read_52_count_1      1.22%    passed     96.06%
 581  200814_20-09728_HIV09-02843_FL30_S2_L000_read_53_count_1      1.22%    passed     99.13%
 582  200814_20-09728_HIV09-02843_FL30_S2_L000_read_54_count_1      1.22%    passed     91.55%
 583  200814_20-09728_HIV09-02843_FL30_S2_L000_read_55_count_1      1.22%    passed     92.50%
 584  200814_20-09728_HIV09-02843_FL30_S2_L000_read_56_count_1      1.22%    passed     98.18%
 585  200814_20-09728_HIV09-02843_FL30_S2_L000_read_57_count_1      1.22%    passed     95.80%
 586  200814_20-09728_HIV09-02843_FL30_S2_L000_read_58_count_1      1.22%    passed     96.06%
 587  200814_20-09728_HIV09-02843_FL30_S2_L000_read_59_count_1      1.22%    passed     98.18%
 588  200814_20-09728_HIV09-02843_FL30_S2_L000_read_60_count_1      1.22%    passed     98.18%
 589  200814_20-09728_HIV09-02843_FL30_S2_L000_read_61_count_1      1.22%    passed     99.17%
 590  200814_20-09728_HIV09-02843_FL30_S2_L000_read_62_count_1      1.22%    passed     95.64%
 591  200814_20-09728_HIV09-02843_FL30_S2_L000_read_63_count_1      1.22%    passed     95.80%
 592  200814_20-09728_HIV09-02843_FL30_S2_L000_read_64_count_1      1.22%    passed     98.72%
 593  200814_20-09728_HIV09-02843_FL30_S2_L000_read_65_count_1      1.22%    passed     96.06%
 594  200814_20-09728_HIV09-02843_FL30_S2_L000_read_66_count_1      1.22%    passed     96.06%
 595  200814_20-09728_HIV09-02843_FL30_S2_L000_read_67_count_1      1.22%    passed     98.76%
 596  200814_20-09728_HIV09-02843_FL30_S2_L000_read_68_count_1      1.63%    passed     95.90%
 597  200814_20-09728_HIV09-02843_FL30_S2_L000_read_69_count_1      1.22%    passed     93.74%
 598  200814_20-09728_HIV09-02843_FL30_S2_L000_read_70_count_1      1.22%    passed     89.07%
 599  200814_20-09728_HIV09-02843_FL30_S2_L000_read_71_count_1      1.22%    passed     96.74%
 600  200814_20-09728_HIV09-02843_FL30_S2_L000_read_72_count_1      1.22%    passed     96.06%
 601  200814_20-09728_HIV09-02843_FL30_S2_L000_read_73_count_1      1.22%    passed     93.89%
 602  200814_20-09728_HIV09-02843_FL30_S2_L000_read_74_count_1      1.22%    passed     91.55%
 603  200814_20-09728_HIV09-02843_FL30_S2_L000_read_75_count_1      1.22%    passed     98.72%
 604  200814_20-09728_HIV09-02843_FL30_S2_L000_read_76_count_1      1.22%    passed     96.06%
 605  200814_20-09728_HIV09-02843_FL30_S2_L000_read_77_count_1      1.22%    passed     93.89%
 606  200814_20-09728_HIV09-02843_FL30_S2_L000_read_78_count_1      1.22%    passed     95.80%
 607  200814_20-09728_HIV09-02843_FL30_S2_L000_read_79_count_1      1.22%    passed     98.18%
 608  200814_20-09728_HIV09-02843_FL30_S2_L000_read_80_count_1      1.22%    passed     90.41%
 609  200814_20-09728_HIV09-02843_FL30_S2_L000_read_81_count_1      1.22%    passed     90.41%
 610  200814_20-09728_HIV09-02843_FL30_S2_L000_read_82_count_1      1.22%    passed     96.06%
 611  200814_20-09728_HIV09-02843_FL30_S2_L000_read_83_count_1      1.22%    passed     96.06%
 612  200814_20-09728_HIV09-02843_FL30_S2_L000_read_84_count_1      1.22%    passed     93.89%
 613  200814_20-09728_HIV09-02843_FL30_S2_L000_read_85_count_1      1.22%    passed     93.74%
 614  200814_20-09728_HIV09-02843_FL30_S2_L000_read_86_count_1      1.22%    passed     96.74%
 615  200814_20-09728_HIV09-02843_FL30_S2_L000_read_87_count_1      1.22%    passed     92.50%
 616  200814_20-09728_HIV09-02843_FL30_S2_L000_read_88_count_1      1.22%    passed     96.06%
 617  200814_20-09728_HIV09-02843_FL30_S2_L000_read_89_count_1      1.22%    passed     96.06%
 618  200814_20-09728_HIV09-02843_FL30_S2_L000_read_90_count_1      1.22%    passed     90.73%
 619  200814_20-09728_HIV09-02843_FL30_S2_L000_read_91_count_1      1.22%    passed     98.72%
 620  200814_20-09728_HIV09-02843_FL30_S2_L000_read_92_count_1      1.22%    passed     94.14%
 621  200814_20-09728_HIV09-02843_FL30_S2_L000_read_93_count_1      1.22%    passed     88.00%
 622  200814_20-09728_HIV09-02843_FL30_S2_L000_read_94_count_1      1.22%    passed     95.80%
 623  200814_20-09728_HIV09-02843_FL30_S2_L000_read_95_count_1      1.22%    passed     95.64%
 624  200814_20-09728_HIV09-02843_FL30_S2_L000_read_96_count_1      1.22%    passed     93.89%
 625  200814_20-09728_HIV09-02843_FL30_S2_L000_read_97_count_1      1.22%    passed     91.94%
 626  200814_20-09728_HIV09-02843_FL30_S2_L000_read_98_count_1      1.22%    passed     95.46%
 627  200814_20-09728_HIV09-02843_FL30_S2_L000_read_99_count_1      1.63%    passed     94.62%
 628  200814_20-09728_HIV09-02843_FL30_S2_L000_read_100_count_1     1.22%    passed     95.80%
 629  200814_20-09728_HIV09-02843_FL30_S2_L000_read_101_count_1     1.22%    passed     93.42%
 630  200814_20-09728_HIV09-02843_FL30_S2_L000_read_102_count_1     1.22%    passed     94.14%
 631  200814_20-09728_HIV09-02843_FL30_S2_L000_read_103_count_1     1.22%    passed     93.74%
 632  200814_20-09728_HIV09-02843_FL30_S2_L000_read_104_count_1     1.22%    passed     90.89%
 633  200814_20-09728_HIV09-02843_FL30_S2_L000_read_105_count_1     1.22%    passed     96.06%
 634  200814_20-09728_HIV09-02843_FL30_S2_L000_read_106_count_1     1.22%    passed     95.64%
 635  200814_20-09728_HIV09-02843_FL30_S2_L000_read_107_count_1     1.22%    passed     98.72%
 636  200814_20-09728_HIV09-02843_FL30_S2_L000_read_108_count_1     1.22%    passed     98.18%
 637  200814_20-09728_HIV09-02843_FL30_S2_L000_read_109_count_1     1.22%    passed     96.06%
 638  200814_20-09728_HIV09-02843_FL30_S2_L000_read_110_count_1     1.22%    passed     97.41%
 639  200814_20-09728_HIV09-02843_FL30_S2_L000_read_111_count_1     1.22%    passed     95.80%
 640  200814_20-09728_HIV09-02843_FL30_S2_L000_read_112_count_1     1.22%    passed     93.74%
 641  200814_20-09728_HIV09-02843_FL30_S2_L000_read_113_count_1     1.22%    passed     98.72%
 642  200814_20-09728_HIV09-02843_FL30_S2_L000_read_114_count_1     1.22%    passed     96.06%
 643  200814_20-09728_HIV09-02843_FL30_S2_L000_read_115_count_1     1.22%    passed     95.46%
 644  200814_20-09728_HIV09-02843_FL30_S2_L000_read_116_count_1     1.22%    passed     96.74%
 645  200814_20-09728_HIV09-02843_FL30_S2_L000_read_117_count_1     1.22%    passed     96.06%
 646  200814_20-09728_HIV09-02843_FL30_S2_L000_read_118_count_1     1.22%    passed     95.46%
 647  200814_20-09728_HIV09-02843_FL30_S2_L000_read_119_count_1     1.22%    passed     95.80%
 648  200814_20-09728_HIV09-02843_FL30_S2_L000_read_120_count_1     1.22%    passed     93.74%
 649  200814_20-09728_HIV09-02843_FL30_S2_L000_read_121_count_1     1.22%    passed     98.39%
 650  200814_20-09728_HIV09-02843_FL30_S2_L000_read_122_count_1     1.22%    passed     93.74%
 651  200814_20-09728_HIV09-02843_FL30_S2_L000_read_123_count_1     1.22%    passed     93.89%
 652  200814_20-09728_HIV09-02843_FL30_S2_L000_read_124_count_1     1.22%    passed     90.41%
 653  200814_20-09728_HIV09-02843_FL30_S2_L000_read_125_count_1     1.22%    passed     93.89%
 654  200814_20-09728_HIV09-02843_FL30_S2_L000_read_126_count_1     1.22%    passed     98.18%
 655  200814_20-09728_HIV09-02843_FL30_S2_L000_read_127_count_1     1.22%    passed     97.41%
 656  200814_20-09728_HIV09-02843_FL30_S2_L000_read_128_count_1     1.22%    passed     98.18%
 657  200814_20-09728_HIV09-02843_FL30_S2_L000_read_129_count_1     1.22%    passed     98.18%
 658  200814_20-09728_HIV09-02843_FL30_S2_L000_read_130_count_1     1.22%    passed     98.72%
 659  200814_20-09728_HIV09-02843_FL30_S2_L000_read_131_count_1     1.22%    passed     95.80%
 660  200814_20-09728_HIV09-02843_FL30_S2_L000_read_132_count_1     1.22%    passed     96.06%
 661  200814_20-09728_HIV09-02843_FL30_S2_L000_read_133_count_1     1.22%    passed     90.41%
 662  200724_20-08518_HIV10-02405_FL24_S14_L000_read_1_count_371    1.22%    passed     98.95%
 663  200724_20-08518_HIV10-02405_FL24_S14_L000_read_2_count_22     1.22%    passed     99.59%
 664  200724_20-08518_HIV10-02405_FL24_S14_L000_read_3_count_22     1.22%    passed     98.15%
 665  200724_20-08518_HIV10-02405_FL24_S14_L000_read_4_count_12     1.22%    passed     98.15%
 666  200724_20-08518_HIV10-02405_FL24_S14_L000_read_5_count_10     1.22%    passed     98.81%
 667  200724_20-08518_HIV10-02405_FL24_S14_L000_read_6_count_7      1.22%    passed     99.02%
 668  200724_20-08518_HIV10-02405_FL24_S14_L000_read_7_count_7      1.22%    passed     99.59%
 669  200724_20-08518_HIV10-02405_FL24_S14_L000_read_8_count_6      1.22%    passed     99.59%
 670  200724_20-08518_HIV10-02405_FL24_S14_L000_read_9_count_6      1.22%    passed     99.59%
 671  200724_20-08518_HIV10-02405_FL24_S14_L000_read_10_count_5     1.22%    passed     99.59%
 672  200724_20-08518_HIV10-02405_FL24_S14_L000_read_11_count_5     1.22%    passed     98.15%
 673  200724_20-08518_HIV10-02405_FL24_S14_L000_read_12_count_4     1.22%    passed     97.29%
 674  200724_20-08518_HIV10-02405_FL24_S14_L000_read_13_count_3     1.22%    passed     99.80%
 675  200724_20-08518_HIV10-02405_FL24_S14_L000_read_14_count_3     1.22%    passed     97.29%
 676  200724_20-08518_HIV10-02405_FL24_S14_L000_read_15_count_3     1.22%    passed     94.20%
 677  200724_20-08518_HIV10-02405_FL24_S14_L000_read_16_count_3     1.22%    passed     97.29%
 678  200724_20-08518_HIV10-02405_FL24_S14_L000_read_17_count_2     1.22%    passed     97.29%
 679  200724_20-08518_HIV10-02405_FL24_S14_L000_read_18_count_2     1.22%    passed     98.95%
 680  200724_20-08518_HIV10-02405_FL24_S14_L000_read_19_count_2     1.22%    passed     97.29%
 681  200724_20-08518_HIV10-02405_FL24_S14_L000_read_20_count_2     1.22%    passed     99.67%
 682  200724_20-08518_HIV10-02405_FL24_S14_L000_read_21_count_2     1.22%    passed     99.59%
 683  200724_20-08518_HIV10-02405_FL24_S14_L000_read_22_count_2     1.22%    passed     96.29%
 684  200724_20-08518_HIV10-02405_FL24_S14_L000_read_23_count_2     1.22%    passed     99.04%
 685  200724_20-08518_HIV10-02405_FL24_S14_L000_read_24_count_2     1.22%    passed     98.28%
 686  200724_20-08518_HIV10-02405_FL24_S14_L000_read_25_count_2     1.22%    passed     98.95%
 687  200724_20-08518_HIV10-02405_FL24_S14_L000_read_26_count_2     1.22%    passed     97.29%
 688  200724_20-08518_HIV10-02405_FL24_S14_L000_read_27_count_2     1.22%    passed     97.29%
 689  200724_20-08518_HIV10-02405_FL24_S14_L000_read_28_count_2     1.22%    passed     98.81%
 690  200724_20-08518_HIV10-02405_FL24_S14_L000_read_29_count_2     1.22%    passed     97.29%
 691  200724_20-08518_HIV10-02405_FL24_S14_L000_read_30_count_2     1.22%    passed     98.81%
 692  200724_20-08518_HIV10-02405_FL24_S14_L000_read_31_count_2     1.22%    passed     99.59%
 693  200724_20-08518_HIV10-02405_FL24_S14_L000_read_32_count_1     1.22%    passed     97.29%
 694  200724_20-08518_HIV10-02405_FL24_S14_L000_read_33_count_1     1.22%    passed     97.29%
 695  200724_20-08518_HIV10-02405_FL24_S14_L000_read_34_count_1     1.22%    passed     99.80%
 696  200724_20-08518_HIV10-02405_FL24_S14_L000_read_35_count_1     1.22%    passed     94.20%
 697  200724_20-08518_HIV10-02405_FL24_S14_L000_read_36_count_1     1.22%    passed     97.29%
 698  200724_20-08518_HIV10-02405_FL24_S14_L000_read_37_count_1     1.22%    passed     97.29%
 699  200724_20-08518_HIV10-02405_FL24_S14_L000_read_38_count_1     1.22%    passed     98.01%
 700  200724_20-08518_HIV10-02405_FL24_S14_L000_read_39_count_1     1.22%    passed     99.67%
 701  200724_20-08518_HIV10-02405_FL24_S14_L000_read_40_count_1     1.22%    passed     97.29%
 702  200724_20-08518_HIV10-02405_FL24_S14_L000_read_41_count_1     1.22%    passed     99.02%
 703  200724_20-08518_HIV10-02405_FL24_S14_L000_read_42_count_1     1.22%    passed     98.95%
 704  200724_20-08518_HIV10-02405_FL24_S14_L000_read_43_count_1     1.22%    passed     98.95%
 705  200724_20-08518_HIV10-02405_FL24_S14_L000_read_44_count_1     1.22%    passed     97.29%
 706  200724_20-08518_HIV10-02405_FL24_S14_L000_read_45_count_1     1.22%    passed     99.02%
 707  200724_20-08518_HIV10-02405_FL24_S14_L000_read_46_count_1     1.22%    passed     99.59%
 708  200724_20-08518_HIV10-02405_FL24_S14_L000_read_47_count_1     1.22%    passed     71.73%
 709  200724_20-08518_HIV10-02405_FL24_S14_L000_read_48_count_1     1.22%    passed     96.48%
 710  200724_20-08518_HIV10-02405_FL24_S14_L000_read_49_count_1     1.22%    passed     99.59%
 711  200724_20-08518_HIV10-02405_FL24_S14_L000_read_50_count_1     1.22%    passed     98.15%
 712  200724_20-08518_HIV10-02405_FL24_S14_L000_read_51_count_1     1.22%    passed     99.59%
 713  200724_20-08518_HIV10-02405_FL24_S14_L000_read_52_count_1     1.22%    passed     97.29%
 714  200724_20-08518_HIV10-02405_FL24_S14_L000_read_53_count_1     1.22%    passed     97.29%
 715  200724_20-08518_HIV10-02405_FL24_S14_L000_read_54_count_1     1.22%    passed     96.77%
 716  200724_20-08518_HIV10-02405_FL24_S14_L000_read_55_count_1     1.22%    passed     98.01%
 717  200724_20-08518_HIV10-02405_FL24_S14_L000_read_56_count_1     1.22%    passed     98.81%
 718  200724_20-08518_HIV10-02405_FL24_S14_L000_read_57_count_1     1.22%    passed     97.29%
 719  200724_20-08518_HIV10-02405_FL24_S14_L000_read_58_count_1     1.22%    passed     95.32%
 720  200724_20-08518_HIV10-02405_FL24_S14_L000_read_59_count_1     1.22%    passed     94.48%
 721  200724_20-08518_HIV10-02405_FL24_S14_L000_read_60_count_1     1.22%    passed     99.61%
 722  200724_20-08518_HIV10-02405_FL24_S14_L000_read_61_count_1     1.22%    passed     97.29%
 723  200724_20-08518_HIV10-02405_FL24_S14_L000_read_62_count_1     1.22%    passed     99.61%
 724  200724_20-08518_HIV10-02405_FL24_S14_L000_read_63_count_1     1.22%    passed     97.29%
 725  200724_20-08518_HIV10-02405_FL24_S14_L000_read_64_count_1     1.22%    passed     99.80%
 726  200724_20-08518_HIV10-02405_FL24_S14_L000_read_65_count_1     1.63%    passed     98.75%
 727  200724_20-08518_HIV10-02405_FL24_S14_L000_read_66_count_1     1.22%    passed     99.80%
 728  200724_20-08518_HIV10-02405_FL24_S14_L000_read_67_count_1     1.22%    passed     98.15%
 729  200724_20-08518_HIV10-02405_FL24_S14_L000_read_68_count_1     1.22%    passed     95.32%
 730  200724_20-08518_HIV10-02405_FL24_S14_L000_read_69_count_1     1.22%    passed     98.18%
 731  200724_20-08518_HIV10-02405_FL24_S14_L000_read_70_count_1     1.22%    passed     94.20%
 732  200724_20-08518_HIV10-02405_FL24_S14_L000_read_71_count_1     1.22%    passed     99.67%
 733  200724_20-08518_HIV10-02405_FL24_S14_L000_read_72_count_1     1.22%    passed     94.20%
 734  200724_20-08518_HIV10-02405_FL24_S14_L000_read_73_count_1     1.22%    passed     99.59%
 735  200724_20-08518_HIV10-02405_FL24_S14_L000_read_74_count_1     1.22%    passed     99.02%
 736  200724_20-08518_HIV10-02405_FL24_S14_L000_read_75_count_1     1.22%    passed     98.55%
 737  200724_20-08518_HIV10-02405_FL24_S14_L000_read_76_count_1     1.22%    passed     98.15%
 738  200724_20-08518_HIV10-02405_FL24_S14_L000_read_77_count_1     1.22%    passed     98.95%
 739  200724_20-08518_HIV10-02405_FL24_S14_L000_read_78_count_1     1.22%    passed     97.29%
 740  200724_20-08518_HIV10-02405_FL24_S14_L000_read_79_count_1     1.22%    passed     98.95%
 741  200724_20-08518_HIV10-02405_FL24_S14_L000_read_80_count_1     1.63%    passed     98.75%
 742  200724_20-08518_HIV10-02405_FL24_S14_L000_read_81_count_1     1.22%    passed     96.29%
 743  200724_20-08518_HIV10-02405_FL24_S14_L000_read_82_count_1     1.22%    passed     98.15%
 744  200724_20-08518_HIV10-02405_FL24_S14_L000_read_83_count_1     1.22%    passed     97.29%
 745  200724_20-08518_HIV10-02405_FL24_S14_L000_read_84_count_1     1.22%    passed     99.61%
 746  200724_20-08518_HIV10-02405_FL24_S14_L000_read_85_count_1     1.22%    passed     99.67%
 747  200724_20-08518_HIV10-02405_FL24_S14_L000_read_86_count_1     1.22%    passed     97.29%
 748  200724_20-08518_HIV10-02405_FL24_S14_L000_read_87_count_1     1.22%    passed     97.39%
 749  200724_20-08518_HIV10-02405_FL24_S14_L000_read_88_count_1     1.22%    passed     99.67%
 750  200724_20-08518_HIV10-02405_FL24_S14_L000_read_89_count_1     1.22%    passed     96.77%
 751  200724_20-08518_HIV10-02405_FL24_S14_L000_read_90_count_1     0.82%    passed     99.00%
 752  200724_20-08518_HIV10-02405_FL24_S14_L000_read_91_count_1     1.22%    passed     98.81%
 753  200724_20-08518_HIV10-02405_FL24_S14_L000_read_92_count_1     1.22%    passed     98.81%
 754  200724_20-08518_HIV10-02405_FL24_S14_L000_read_93_count_1     1.22%    passed     96.39%
 755  200724_20-08518_HIV10-02405_FL24_S14_L000_read_94_count_1     1.22%    passed     96.29%
 756  200724_20-08518_HIV10-02405_FL24_S14_L000_read_95_count_1     1.22%    passed     98.01%
 757  200724_20-08518_HIV10-02405_FL24_S14_L000_read_96_count_1     1.22%    passed     98.01%
 758  200724_20-08518_HIV10-02405_FL24_S14_L000_read_97_count_1     1.22%    passed     98.95%
 759  200724_20-08518_HIV10-02405_FL24_S14_L000_read_98_count_1     1.63%    passed     98.75%
 760  200724_20-08518_HIV10-02405_FL24_S14_L000_read_99_count_1     1.22%    passed     98.95%
 761  200724_20-08518_HIV10-02405_FL24_S14_L000_read_100_count_1    1.22%    passed     97.29%
 762  200724_20-08518_HIV10-02405_FL24_S14_L000_read_101_count_1    1.22%    passed     99.59%
 763  200724_20-08518_HIV10-02405_FL24_S14_L000_read_102_count_1    1.22%    passed     97.39%
 764  200724_20-08518_HIV10-02405_FL24_S14_L000_read_103_count_1    1.22%    passed     98.15%
 765  200724_20-08518_HIV10-02405_FL24_S14_L000_read_104_count_1    1.22%    passed     99.02%
 766  200724_20-08518_HIV10-02405_FL24_S14_L000_read_105_count_1    1.22%    passed     99.02%
 767  200724_20-08518_HIV10-02405_FL24_S14_L000_read_106_count_1    1.22%    passed     98.95%
 768  200724_20-08518_HIV10-02405_FL24_S14_L000_read_107_count_1    1.22%    passed     97.29%
 769  200724_20-08518_HIV10-02405_FL24_S14_L000_read_108_count_1    1.22%    passed     98.01%
 770  200724_20-08518_HIV10-02405_FL24_S14_L000_read_109_count_1    1.22%    passed     98.18%
 771  200724_20-08518_HIV10-02405_FL24_S14_L000_read_110_count_1    1.22%    passed     99.02%
 772  200724_20-08518_HIV10-02405_FL24_S14_L000_read_111_count_1    1.22%    passed     98.25%
 773  200724_20-08518_HIV10-02405_FL24_S14_L000_read_112_count_1    1.22%    passed     99.85%
 774  200724_20-08518_HIV10-02405_FL24_S14_L000_read_113_count_1    1.22%    passed     99.02%
 775  200724_20-08518_HIV10-02405_FL24_S14_L000_read_114_count_1    1.22%    passed     98.01%
 776  200724_20-08518_HIV10-02405_FL24_S14_L000_read_115_count_1    1.22%    passed     99.61%
 777  200724_20-08518_HIV10-02405_FL24_S14_L000_read_116_count_1    1.22%    passed     98.81%
 778  200724_20-08518_HIV10-02405_FL24_S14_L000_read_117_count_1    1.22%    passed     99.02%
 779  200724_20-08518_HIV10-02405_FL24_S14_L000_read_118_count_1    1.22%    passed     97.29%
 780  200724_20-08518_HIV10-02405_FL24_S14_L000_read_119_count_1    1.22%    passed     97.01%
 781  200724_20-08518_HIV10-02405_FL24_S14_L000_read_120_count_1    1.22%    passed     97.29%
 782  200724_20-08518_HIV10-02405_FL24_S14_L000_read_121_count_1    1.22%    passed     98.28%
 783  200724_20-08518_HIV10-02405_FL24_S14_L000_read_122_count_1    1.22%    passed     98.55%
 784  200724_20-08518_HIV10-02405_FL24_S14_L000_read_123_count_1    1.22%    passed     99.80%
 785  200724_20-08518_HIV10-02405_FL24_S14_L000_read_124_count_1    1.22%    passed     98.15%
 786  200724_20-08518_HIV10-02405_FL24_S14_L000_read_125_count_1    1.22%    passed     98.15%
 787  B.FR.83.HXB2_LAI_IIIB_BRU.K03455                              1.22%    passed     98.33%
 788  C.BW.00.00BW07621.AF443088                                    1.22%    passed     91.41%
****  TOTAL                                                         1.24%  0 sequences failed composition chi2 test (p-value<5%; df=3)
Checking for duplicate sequences: done in 0.00249662 secs using 179.8% CPU

Create initial parsimony tree by phylogenetic likelihood library (PLL)... 0.113 seconds

NOTE: 36 MB RAM (0 GB) is required!
WARNING: Number of threads seems too high for short alignments. Use -T AUTO to determine best number of threads.
Estimate model parameters (epsilon = 0.100)
1. Initial log-likelihood: -6739.941
2. Current log-likelihood: -6548.335
3. Current log-likelihood: -6546.040
Optimal log-likelihood: -6546.024
Rate parameters:  A-C: 2.21080  A-G: 3.38090  A-T: 1.14693  C-G: 0.44530  C-T: 5.88939  G-T: 1.00000
Base frequencies:  A: 0.423  C: 0.131  G: 0.243  T: 0.203
Site proportion and rates:  (0.061,0.328) (0.143,0.466) (0.201,0.622) (0.229,0.857) (0.216,1.257) (0.150,2.135)
Parameters optimization took 3 rounds (3.440 sec)
Wrote distance file to... 
Computing ML distances based on estimated model parameters...
Calculating distance matrix: done in 0.927842 secs using 385.8% CPU
Computing ML distances took 0.929418 sec (of wall-clock time) 3.580752 sec (of CPU time)
Setting up auxiliary I and S matrices: done in 0.0205393 secs using 206.3% CPU
Constructing RapidNJ tree: done in 1.49152 secs using 119.4% CPU
Computing RapidNJ tree took 1.512190 sec (of wall-clock time) 1.822978 sec (of CPU time)
Log-likelihood of RapidNJ tree: -6501.269
--------------------------------------------------------------------
|             INITIALIZING CANDIDATE TREE SET                      |
--------------------------------------------------------------------
Generating 98 parsimony trees... 12.126 second
Computing log-likelihood of 98 initial trees ... 8.368 seconds
Current best score: -6501.269

Do NNI search on 20 best initial trees
Optimizing NNI: done in 0.994926 secs using 377.6% CPU
Estimate model parameters (epsilon = 0.100)
BETTER TREE FOUND at iteration 1: -6473.252
Optimizing NNI: done in 0.779833 secs using 378.8% CPU
Optimizing NNI: done in 1.10536 secs using 391.8% CPU
Optimizing NNI: done in 0.90714 secs using 393.2% CPU
Optimizing NNI: done in 1.52689 secs using 392.2% CPU
Optimizing NNI: done in 0.93521 secs using 390.6% CPU
Optimizing NNI: done in 1.43919 secs using 381.6% CPU
Optimizing NNI: done in 0.897002 secs using 391.1% CPU
Optimizing NNI: done in 1.07825 secs using 391.6% CPU
Optimizing NNI: done in 0.934979 secs using 391.3% CPU
Iteration 10 / LogL: -6535.629 / Time: 0h:0m:48s
Optimizing NNI: done in 1.28849 secs using 392% CPU
Optimizing NNI: done in 1.26999 secs using 380.6% CPU
Optimizing NNI: done in 0.85036 secs using 392.8% CPU
Optimizing NNI: done in 1.32562 secs using 394.4% CPU
Optimizing NNI: done in 0.655355 secs using 394.6% CPU
Optimizing NNI: done in 0.60717 secs using 389.3% CPU
Optimizing NNI: done in 0.832101 secs using 390% CPU
Optimizing NNI: done in 1.2039 secs using 378.7% CPU
Optimizing NNI: done in 0.916232 secs using 392.4% CPU
Optimizing NNI: done in 1.11297 secs using 391.3% CPU
Iteration 20 / LogL: -6533.883 / Time: 0h:0m:58s
Finish initializing candidate tree set (20)
Current best tree score: -6473.252 / CPU time: 51.485
Number of iterations: 20
--------------------------------------------------------------------
|               OPTIMIZING CANDIDATE TREE SET                      |
--------------------------------------------------------------------
Optimizing NNI: done in 1.2591 secs using 388.1% CPU
Optimizing NNI: done in 1.22961 secs using 390.1% CPU
Optimizing NNI: done in 1.75641 secs using 385.3% CPU
Optimizing NNI: done in 1.79147 secs using 391.7% CPU
Optimizing NNI: done in 1.39542 secs using 391.2% CPU
Optimizing NNI: done in 1.56592 secs using 383% CPU
Optimizing NNI: done in 1.07671 secs using 392.2% CPU
Optimizing NNI: done in 1.89555 secs using 394.9% CPU
Optimizing NNI: done in 1.95627 secs using 385.8% CPU
Optimizing NNI: done in 1.12925 secs using 393.2% CPU
Iteration 30 / LogL: -6506.240 / Time: 0h:1m:14s (0h:3m:1s left)
Optimizing NNI: done in 1.53979 secs using 393.9% CPU
Optimizing NNI: done in 1.65907 secs using 386.3% CPU
Optimizing NNI: done in 1.51149 secs using 394.8% CPU
Optimizing NNI: done in 1.27195 secs using 391.3% CPU
Optimizing NNI: done in 1.42918 secs using 392.3% CPU
Optimizing NNI: done in 1.7524 secs using 384.4% CPU
Optimizing NNI: done in 1.50688 secs using 394.7% CPU
Optimizing NNI: done in 1.20252 secs using 393.3% CPU
Optimizing NNI: done in 2.01963 secs using 385.9% CPU
Optimizing NNI: done in 1.42354 secs using 391.8% CPU
Iteration 40 / LogL: -6492.800 / Time: 0h:1m:30s (0h:2m:21s left)
Optimizing NNI: done in 1.23484 secs using 392.8% CPU
Optimizing NNI: done in 1.3665 secs using 394.3% CPU
Optimizing NNI: done in 1.5352 secs using 383% CPU
Optimizing NNI: done in 1.64926 secs using 393.9% CPU
Optimizing NNI: done in 1.22622 secs using 394.2% CPU
Optimizing NNI: done in 1.82182 secs using 384% CPU
Optimizing NNI: done in 1.66883 secs using 393.6% CPU
Optimizing NNI: done in 1.70359 secs using 393.6% CPU
Optimizing NNI: done in 1.69332 secs using 387.2% CPU
Optimizing NNI: done in 1.22528 secs using 392.8% CPU
Iteration 50 / LogL: -6520.909 / Time: 0h:1m:46s (0h:1m:51s left)
Optimizing NNI: done in 1.35973 secs using 393.7% CPU
Optimizing NNI: done in 1.23277 secs using 392.7% CPU
Optimizing NNI: done in 1.54814 secs using 382.2% CPU
Optimizing NNI: done in 1.20969 secs using 393.1% CPU
Optimizing NNI: done in 1.61677 secs using 392.7% CPU
Optimizing NNI: done in 1.34772 secs using 391.3% CPU
Optimizing NNI: done in 1.87885 secs using 386.3% CPU
Optimizing NNI: done in 1.62461 secs using 391.3% CPU
Optimizing NNI: done in 1.56383 secs using 391.8% CPU
Optimizing NNI: done in 1.60584 secs using 384.9% CPU
Iteration 60 / LogL: -6481.444 / Time: 0h:2m:2s (0h:1m:25s left)
Optimizing NNI: done in 1.60785 secs using 394.2% CPU
Optimizing NNI: done in 1.40779 secs using 392.7% CPU
Estimate model parameters (epsilon = 0.100)
BETTER TREE FOUND at iteration 62: -6468.005
Optimizing NNI: done in 1.59558 secs using 384.9% CPU
Optimizing NNI: done in 1.22782 secs using 393.7% CPU
Optimizing NNI: done in 1.53083 secs using 394.4% CPU
Optimizing NNI: done in 1.56345 secs using 383% CPU
Optimizing NNI: done in 1.58359 secs using 393.9% CPU
Optimizing NNI: done in 1.52795 secs using 394.4% CPU
Optimizing NNI: done in 1.98488 secs using 385.8% CPU
Optimizing NNI: done in 1.33358 secs using 394.1% CPU
Iteration 70 / LogL: -6494.102 / Time: 0h:2m:19s (0h:3m:6s left)
Optimizing NNI: done in 1.26714 secs using 394% CPU
Optimizing NNI: done in 1.21413 secs using 392.3% CPU
Optimizing NNI: done in 1.54722 secs using 382.4% CPU
Optimizing NNI: done in 1.33587 secs using 393.6% CPU
Optimizing NNI: done in 1.61531 secs using 394.2% CPU
Optimizing NNI: done in 1.52512 secs using 384.4% CPU
Optimizing NNI: done in 1.20205 secs using 392.4% CPU
Optimizing NNI: done in 1.2549 secs using 395.3% CPU
Optimizing NNI: done in 1.29087 secs using 392.3% CPU
Optimizing NNI: done in 1.91496 secs using 385.7% CPU
Iteration 80 / LogL: -6487.349 / Time: 0h:2m:35s (0h:2m:40s left)
Optimizing NNI: done in 1.57326 secs using 394.2% CPU
Optimizing NNI: done in 1.21716 secs using 395.9% CPU
Optimizing NNI: done in 1.76065 secs using 386.8% CPU
Optimizing NNI: done in 1.32564 secs using 393.9% CPU
Optimizing NNI: done in 1.29671 secs using 393.1% CPU
Optimizing NNI: done in 1.43261 secs using 394.9% CPU
Optimizing NNI: done in 1.96882 secs using 386.6% CPU
Optimizing NNI: done in 1.52264 secs using 393.4% CPU
Optimizing NNI: done in 1.5396 secs using 395.1% CPU
Optimizing NNI: done in 1.39366 secs using 380.2% CPU
Iteration 90 / LogL: -6479.570 / Time: 0h:2m:51s (0h:2m:18s left)
Optimizing NNI: done in 1.37269 secs using 391.2% CPU
Optimizing NNI: done in 1.22741 secs using 394.7% CPU
Optimizing NNI: done in 1.3594 secs using 395.7% CPU
Optimizing NNI: done in 1.73099 secs using 383.9% CPU
Optimizing NNI: done in 1.27559 secs using 392.8% CPU
Optimizing NNI: done in 1.63043 secs using 394.2% CPU
Optimizing NNI: done in 1.50604 secs using 384% CPU
Optimizing NNI: done in 1.57441 secs using 393.8% CPU
Optimizing NNI: done in 1.23647 secs using 393.5% CPU
Optimizing NNI: done in 1.32874 secs using 395.5% CPU
Iteration 100 / LogL: -6481.983 / Time: 0h:3m:6s (0h:1m:56s left)
Optimizing NNI: done in 1.66139 secs using 384.3% CPU
Optimizing NNI: done in 1.75452 secs using 390.5% CPU
Optimizing NNI: done in 1.24109 secs using 393.7% CPU
Optimizing NNI: done in 1.30412 secs using 385.2% CPU
Optimizing NNI: done in 1.20107 secs using 392.2% CPU
Optimizing NNI: done in 1.34445 secs using 394.4% CPU
Optimizing NNI: done in 1.28383 secs using 395.2% CPU
Optimizing NNI: done in 1.36539 secs using 382.4% CPU
Optimizing NNI: done in 1.25564 secs using 394.4% CPU
Optimizing NNI: done in 1.69081 secs using 391.8% CPU
Iteration 110 / LogL: -6481.019 / Time: 0h:3m:21s (0h:1m:35s left)
Optimizing NNI: done in 1.33427 secs using 392.3% CPU
Optimizing NNI: done in 1.20514 secs using 381.3% CPU
Optimizing NNI: done in 1.35009 secs using 393% CPU
Optimizing NNI: done in 1.84049 secs using 394.8% CPU
Optimizing NNI: done in 1.70081 secs using 382.2% CPU
Optimizing NNI: done in 1.73393 secs using 394.8% CPU
Optimizing NNI: done in 1.31975 secs using 391.4% CPU
Optimizing NNI: done in 1.25099 secs using 393.7% CPU
Optimizing NNI: done in 1.38901 secs using 381.7% CPU
Optimizing NNI: done in 1.60556 secs using 393.4% CPU
Iteration 120 / LogL: -6471.805 / Time: 0h:3m:37s (0h:1m:16s left)
Optimizing NNI: done in 1.35593 secs using 393% CPU
Optimizing NNI: done in 1.60808 secs using 383.3% CPU
Optimizing NNI: done in 1.07578 secs using 393.5% CPU
Optimizing NNI: done in 1.32027 secs using 392.1% CPU
Optimizing NNI: done in 1.39187 secs using 391.2% CPU
Optimizing NNI: done in 1.84167 secs using 386.2% CPU
Optimizing NNI: done in 1.50911 secs using 393.3% CPU
Optimizing NNI: done in 1.59285 secs using 393.5% CPU
Optimizing NNI: done in 1.72787 secs using 386.7% CPU
Optimizing NNI: done in 1.34927 secs using 394.6% CPU
Iteration 130 / LogL: -6490.939 / Time: 0h:3m:52s (0h:0m:57s left)
Optimizing NNI: done in 1.57039 secs using 391.9% CPU
Optimizing NNI: done in 1.81129 secs using 392.4% CPU
Optimizing NNI: done in 1.57517 secs using 393.8% CPU
Optimizing NNI: done in 1.60753 secs using 394.4% CPU
Optimizing NNI: done in 1.27703 secs using 394% CPU
Optimizing NNI: done in 1.35863 secs using 380.4% CPU
Optimizing NNI: done in 1.40825 secs using 394.1% CPU
Optimizing NNI: done in 1.50589 secs using 395.1% CPU
Optimizing NNI: done in 1.42742 secs using 385.2% CPU
Optimizing NNI: done in 1.53334 secs using 392.9% CPU
Iteration 140 / LogL: -6479.874 / Time: 0h:4m:8s (0h:0m:39s left)
Optimizing NNI: done in 1.62131 secs using 395.8% CPU
Estimate model parameters (epsilon = 0.100)
BETTER TREE FOUND at iteration 141: -6466.299
Optimizing NNI: done in 1.57859 secs using 389.7% CPU
Optimizing NNI: done in 1.56074 secs using 393.3% CPU
Optimizing NNI: done in 1.23477 secs using 393.9% CPU
Optimizing NNI: done in 1.89593 secs using 384.9% CPU
Optimizing NNI: done in 1.7623 secs using 393.7% CPU
Optimizing NNI: done in 1.5796 secs using 393% CPU
Optimizing NNI: done in 1.8095 secs using 386.3% CPU
Optimizing NNI: done in 1.59389 secs using 394.8% CPU
Optimizing NNI: done in 1.75908 secs using 393.6% CPU
Iteration 150 / LogL: -6478.096 / Time: 0h:4m:27s (0h:2m:43s left)
Optimizing NNI: done in 1.64961 secs using 383.7% CPU
Optimizing NNI: done in 1.6521 secs using 393.3% CPU
Optimizing NNI: done in 1.47738 secs using 393% CPU
Optimizing NNI: done in 1.4924 secs using 382.7% CPU
Optimizing NNI: done in 1.61924 secs using 394.6% CPU
Optimizing NNI: done in 1.19116 secs using 393.9% CPU
Optimizing NNI: done in 1.39438 secs using 392.6% CPU
Optimizing NNI: done in 1.90113 secs using 384.9% CPU
Optimizing NNI: done in 1.01678 secs using 391.3% CPU
Optimizing NNI: done in 1.03521 secs using 392.7% CPU
Iteration 160 / LogL: -6491.716 / Time: 0h:4m:43s (0h:2m:24s left)
Optimizing NNI: done in 1.60331 secs using 392.6% CPU
Optimizing NNI: done in 1.36777 secs using 387.6% CPU
Optimizing NNI: done in 1.24001 secs using 391.5% CPU
Optimizing NNI: done in 1.47169 secs using 390.5% CPU
Optimizing NNI: done in 1.77114 secs using 383.2% CPU
Optimizing NNI: done in 1.62867 secs using 392.5% CPU
Optimizing NNI: done in 1.35052 secs using 392.5% CPU
Optimizing NNI: done in 1.42096 secs using 394.2% CPU
Optimizing NNI: done in 1.61225 secs using 389.8% CPU
Optimizing NNI: done in 1.50663 secs using 391.8% CPU
Iteration 170 / LogL: -6479.326 / Time: 0h:4m:59s (0h:2m:5s left)
Optimizing NNI: done in 1.40203 secs using 393.7% CPU
Optimizing NNI: done in 1.72534 secs using 384.6% CPU
Optimizing NNI: done in 1.7047 secs using 394.2% CPU
Optimizing NNI: done in 1.31225 secs using 394.5% CPU
Optimizing NNI: done in 1.38546 secs using 381.5% CPU
Optimizing NNI: done in 1.28241 secs using 394.1% CPU
Optimizing NNI: done in 1.17583 secs using 395.1% CPU
Optimizing NNI: done in 1.36568 secs using 391.1% CPU
Optimizing NNI: done in 1.48515 secs using 382.9% CPU
Optimizing NNI: done in 1.66232 secs using 394.9% CPU
Iteration 180 / LogL: -6479.903 / Time: 0h:5m:14s (0h:1m:47s left)
Optimizing NNI: done in 1.57577 secs using 394% CPU
Optimizing NNI: done in 1.62805 secs using 382.5% CPU
Optimizing NNI: done in 1.43627 secs using 393.3% CPU
Optimizing NNI: done in 1.52915 secs using 393.2% CPU
Optimizing NNI: done in 1.3538 secs using 390.5% CPU
Optimizing NNI: done in 1.89848 secs using 386.2% CPU
Optimizing NNI: done in 1.35871 secs using 392.6% CPU
Optimizing NNI: done in 1.44083 secs using 392.9% CPU
Optimizing NNI: done in 1.55895 secs using 380.8% CPU
Optimizing NNI: done in 1.27202 secs using 392.7% CPU
Iteration 190 / LogL: -6484.104 / Time: 0h:5m:30s (0h:1m:29s left)
Optimizing NNI: done in 1.63591 secs using 395.2% CPU
Optimizing NNI: done in 1.77825 secs using 386.1% CPU
Optimizing NNI: done in 1.34993 secs using 393.6% CPU
Optimizing NNI: done in 1.40425 secs using 391.5% CPU
Optimizing NNI: done in 1.16669 secs using 390.5% CPU
Optimizing NNI: done in 1.72534 secs using 383.4% CPU
Optimizing NNI: done in 1.21925 secs using 392.9% CPU
Optimizing NNI: done in 1.34135 secs using 393% CPU
Optimizing NNI: done in 1.24401 secs using 393% CPU
Optimizing NNI: done in 1.54589 secs using 383.8% CPU
Iteration 200 / LogL: -6473.466 / Time: 0h:5m:46s (0h:1m:11s left)
Optimizing NNI: done in 1.65153 secs using 391.7% CPU
Optimizing NNI: done in 1.3257 secs using 392.5% CPU
Optimizing NNI: done in 1.42205 secs using 382.7% CPU
Optimizing NNI: done in 1.31123 secs using 393.9% CPU
Optimizing NNI: done in 1.3401 secs using 389.8% CPU
Optimizing NNI: done in 1.77759 secs using 395.1% CPU
Optimizing NNI: done in 1.89135 secs using 387.2% CPU
Optimizing NNI: done in 1.60603 secs using 394.7% CPU
Optimizing NNI: done in 1.58991 secs using 391.3% CPU
Optimizing NNI: done in 1.88332 secs using 385.9% CPU
Iteration 210 / LogL: -6474.116 / Time: 0h:6m:2s (0h:0m:53s left)
Optimizing NNI: done in 1.07211 secs using 392.4% CPU
Optimizing NNI: done in 1.26548 secs using 392.1% CPU
Optimizing NNI: done in 2.07739 secs using 385.9% CPU
Optimizing NNI: done in 1.37873 secs using 393.7% CPU
Optimizing NNI: done in 1.35074 secs using 393.5% CPU
Optimizing NNI: done in 1.15528 secs using 392.3% CPU
Optimizing NNI: done in 1.49509 secs using 381.4% CPU
Optimizing NNI: done in 1.2232 secs using 392.3% CPU
Optimizing NNI: done in 1.29624 secs using 394.4% CPU
Optimizing NNI: done in 1.59044 secs using 394.2% CPU
Iteration 220 / LogL: -6481.920 / Time: 0h:6m:17s (0h:0m:36s left)
Optimizing NNI: done in 1.75499 secs using 384.3% CPU
Optimizing NNI: done in 1.58335 secs using 392% CPU
Optimizing NNI: done in 1.16606 secs using 393.1% CPU
Optimizing NNI: done in 1.73664 secs using 384.7% CPU
Optimizing NNI: done in 1.40857 secs using 393.1% CPU
Optimizing NNI: done in 1.73794 secs using 392.8% CPU
Optimizing NNI: done in 2.02066 secs using 387.3% CPU
Optimizing NNI: done in 1.24426 secs using 393.5% CPU
Optimizing NNI: done in 1.1122 secs using 393.5% CPU
Optimizing NNI: done in 1.02935 secs using 392.3% CPU
Iteration 230 / LogL: -6483.292 / Time: 0h:6m:33s (0h:0m:18s left)
Optimizing NNI: done in 1.50728 secs using 384.2% CPU
Optimizing NNI: done in 1.52104 secs using 393.7% CPU
Optimizing NNI: done in 1.40597 secs using 394.3% CPU
Optimizing NNI: done in 1.48713 secs using 385.1% CPU
Optimizing NNI: done in 1.42526 secs using 391.2% CPU
Optimizing NNI: done in 1.33037 secs using 392.1% CPU
Optimizing NNI: done in 1.36154 secs using 393.2% CPU
Optimizing NNI: done in 1.33312 secs using 383.8% CPU
Optimizing NNI: done in 1.25114 secs using 393.2% CPU
Optimizing NNI: done in 1.33807 secs using 394.5% CPU
Iteration 240 / LogL: -6503.510 / Time: 0h:6m:48s (0h:0m:1s left)
Optimizing NNI: done in 1.16518 secs using 391.6% CPU
Optimizing NNI: done in 1.56713 secs using 383.5% CPU
TREE SEARCH COMPLETED AFTER 242 ITERATIONS / Time: 0h:6m:51s

--------------------------------------------------------------------
|                    FINALIZING TREE SEARCH                        |
--------------------------------------------------------------------
Performs final model parameters optimization
Estimate model parameters (epsilon = 0.010)
1. Initial log-likelihood: -6466.299
Optimal log-likelihood: -6466.292
Rate parameters:  A-C: 2.05181  A-G: 2.75723  A-T: 0.63149  C-G: 0.31650  C-T: 4.86469  G-T: 1.00000
Base frequencies:  A: 0.423  C: 0.131  G: 0.243  T: 0.203
Site proportion and rates:  (0.068,0.484) (0.166,0.496) (0.222,0.518) (0.193,0.823) (0.345,1.690) (0.004,6.249)
Parameters optimization took 1 rounds (0.734 sec)
BEST SCORE FOUND : -6466.292
Total tree length: 3.765

Total number of iterations: 242
CPU time used for tree search: 1490.297 sec (0h:24m:50s)
Wall-clock time used for tree search: 404.216 sec (0h:6m:44s)
Total CPU time used: 1514.808 sec (0h:25m:14s)
Total wall-clock time used: 411.927 sec (0h:6m:51s)

Analysis results written to: 
  IQ-TREE report:                IQTREE_bestTree.InWindow_4850_to_5100.iqtree
  Maximum-likelihood tree:       IQTREE_bestTree.InWindow_4850_to_5100.treefile
  Likelihood distances:          IQTREE_bestTree.InWindow_4850_to_5100.mldist
  Screen log file:               IQTREE_bestTree.InWindow_4850_to_5100.log

Date and Time: Sun Jul 23 04:36:15 2023
