IQ-TREE multicore version 2.2.2.7 COVID-edition for Linux 64-bit built Jun  7 2023
Developed by Bui Quang Minh, James Barbetti, Nguyen Lam Tung,
Olga Chernomor, Heiko Schmidt, Dominik Schrempf, Michael Woodhams, Ly Trong Nhan.

Host:    hpc-node03 (AVX2, FMA3, 1007 GB RAM)
Command: iqtree -s AlignedReadsInWindow_PositionsExcised_4680_to_4930.fasta -pre IQTREE_bestTree.InWindow_4680_to_4930 -m GTR+F+R6 -nt 4
Seed:    251943 (Using SPRNG - Scalable Parallel Random Number Generator)
Time:    Sun Jul 23 04:24:13 2023
Kernel:  AVX+FMA - 4 threads (4 CPU cores detected)

Reading alignment file AlignedReadsInWindow_PositionsExcised_4680_to_4930.fasta ... Fasta format detected
Reading fasta file: done in 0.00526185 secs using 43.1% CPU
Alignment most likely contains DNA/RNA sequences
Constructing alignment: done in 0.00165109 secs using 99.93% CPU
Alignment has 466 sequences with 279 columns, 219 distinct patterns
109 parsimony-informative, 88 singleton sites, 82 constant sites
                                                            Gap/Ambiguity  Composition  p-value
Analyzing sequences: done in 0.014299 secs using 294.5% CPU
   1  200724_20-08522_HIV11-02415_FL24_S18_L000_read_1_count_325   13.26%    passed     99.82%
   2  200724_20-08522_HIV11-02415_FL24_S18_L000_read_2_count_26    13.26%    passed     99.73%
   3  200724_20-08522_HIV11-02415_FL24_S18_L000_read_3_count_15    13.26%    passed     99.73%
   4  200724_20-08522_HIV11-02415_FL24_S18_L000_read_4_count_12    13.26%    passed     98.94%
   5  200724_20-08522_HIV11-02415_FL24_S18_L000_read_5_count_8     13.26%    passed     99.73%
   6  200724_20-08522_HIV11-02415_FL24_S18_L000_read_6_count_5     13.26%    passed     99.12%
   7  200724_20-08522_HIV11-02415_FL24_S18_L000_read_7_count_4     13.26%    passed     99.73%
   8  200724_20-08522_HIV11-02415_FL24_S18_L000_read_8_count_4     13.26%    passed     99.00%
   9  200724_20-08522_HIV11-02415_FL24_S18_L000_read_9_count_4     13.26%    passed     99.73%
  10  200724_20-08522_HIV11-02415_FL24_S18_L000_read_10_count_3    13.26%    passed     99.73%
  11  200724_20-08522_HIV11-02415_FL24_S18_L000_read_11_count_3    13.26%    passed     99.73%
  12  200724_20-08522_HIV11-02415_FL24_S18_L000_read_12_count_3    13.26%    passed     99.40%
  13  200724_20-08522_HIV11-02415_FL24_S18_L000_read_13_count_3    13.26%    passed     98.57%
  14  200724_20-08522_HIV11-02415_FL24_S18_L000_read_14_count_3    13.26%    passed     99.73%
  15  200724_20-08522_HIV11-02415_FL24_S18_L000_read_15_count_2    13.26%    passed     99.40%
  16  200724_20-08522_HIV11-02415_FL24_S18_L000_read_16_count_2    13.26%    passed     99.66%
  17  200724_20-08522_HIV11-02415_FL24_S18_L000_read_17_count_2    13.26%    passed     98.70%
  18  200724_20-08522_HIV11-02415_FL24_S18_L000_read_18_count_2    13.26%    passed     99.66%
  19  200724_20-08522_HIV11-02415_FL24_S18_L000_read_19_count_2    13.26%    passed     99.00%
  20  200724_20-08522_HIV11-02415_FL24_S18_L000_read_20_count_2    13.26%    passed     99.73%
  21  200724_20-08522_HIV11-02415_FL24_S18_L000_read_21_count_2    13.26%    passed     99.12%
  22  200724_20-08522_HIV11-02415_FL24_S18_L000_read_22_count_2    13.26%    passed     97.26%
  23  200724_20-08522_HIV11-02415_FL24_S18_L000_read_23_count_2    13.26%    passed     99.73%
  24  200724_20-08522_HIV11-02415_FL24_S18_L000_read_24_count_2    13.26%    passed     99.40%
  25  200724_20-08522_HIV11-02415_FL24_S18_L000_read_25_count_2    13.26%    passed     99.12%
  26  200724_20-08522_HIV11-02415_FL24_S18_L000_read_26_count_2    13.26%    passed     98.94%
  27  200724_20-08522_HIV11-02415_FL24_S18_L000_read_27_count_2    13.26%    passed     98.94%
  28  200724_20-08522_HIV11-02415_FL24_S18_L000_read_28_count_2    13.26%    passed     99.67%
  29  200724_20-08522_HIV11-02415_FL24_S18_L000_read_29_count_2    13.26%    passed     99.40%
  30  200724_20-08522_HIV11-02415_FL24_S18_L000_read_30_count_1    13.26%    passed     93.75%
  31  200724_20-08522_HIV11-02415_FL24_S18_L000_read_31_count_1    16.49%    passed     97.97%
  32  200724_20-08522_HIV11-02415_FL24_S18_L000_read_32_count_1    13.26%    passed     99.21%
  33  200724_20-08522_HIV11-02415_FL24_S18_L000_read_33_count_1    13.26%    passed     99.88%
  34  200724_20-08522_HIV11-02415_FL24_S18_L000_read_34_count_1    13.26%    passed     99.66%
  35  200724_20-08522_HIV11-02415_FL24_S18_L000_read_35_count_1    13.26%    passed     99.99%
  36  200724_20-08522_HIV11-02415_FL24_S18_L000_read_36_count_1    13.26%    passed     98.57%
  37  200724_20-08522_HIV11-02415_FL24_S18_L000_read_37_count_1    13.26%    passed     98.31%
  38  200724_20-08522_HIV11-02415_FL24_S18_L000_read_38_count_1    13.26%    passed     98.57%
  39  200724_20-08522_HIV11-02415_FL24_S18_L000_read_39_count_1    13.62%    passed     98.57%
  40  200724_20-08522_HIV11-02415_FL24_S18_L000_read_40_count_1    13.26%    passed     95.90%
  41  200724_20-08522_HIV11-02415_FL24_S18_L000_read_41_count_1    13.26%    passed     99.82%
  42  200724_20-08522_HIV11-02415_FL24_S18_L000_read_42_count_1    13.26%    passed     99.40%
  43  200724_20-08522_HIV11-02415_FL24_S18_L000_read_43_count_1    13.26%    passed     99.88%
  44  200724_20-08522_HIV11-02415_FL24_S18_L000_read_44_count_1    13.62%    passed     99.66%
  45  200724_20-08522_HIV11-02415_FL24_S18_L000_read_45_count_1    13.26%    passed     98.57%
  46  200724_20-08522_HIV11-02415_FL24_S18_L000_read_46_count_1    13.26%    passed     99.40%
  47  200724_20-08522_HIV11-02415_FL24_S18_L000_read_47_count_1    13.26%    passed     93.66%
  48  200724_20-08522_HIV11-02415_FL24_S18_L000_read_48_count_1    13.26%    passed     98.57%
  49  200724_20-08522_HIV11-02415_FL24_S18_L000_read_49_count_1    13.26%    passed     97.39%
  50  200724_20-08522_HIV11-02415_FL24_S18_L000_read_50_count_1    13.26%    passed     99.55%
  51  200724_20-08522_HIV11-02415_FL24_S18_L000_read_51_count_1    13.26%    passed     99.82%
  52  200724_20-08522_HIV11-02415_FL24_S18_L000_read_52_count_1    13.26%    passed     99.40%
  53  200724_20-08522_HIV11-02415_FL24_S18_L000_read_53_count_1    13.62%    passed     99.66%
  54  200724_20-08522_HIV11-02415_FL24_S18_L000_read_54_count_1    13.26%    passed     99.40%
  55  200724_20-08522_HIV11-02415_FL24_S18_L000_read_55_count_1    13.26%    passed     97.95%
  56  200724_20-08522_HIV11-02415_FL24_S18_L000_read_56_count_1    13.26%    passed     99.99%
  57  200724_20-08522_HIV11-02415_FL24_S18_L000_read_57_count_1    13.26%    passed     99.73%
  58  200724_20-08522_HIV11-02415_FL24_S18_L000_read_58_count_1    13.26%    passed     98.94%
  59  200724_20-08522_HIV11-02415_FL24_S18_L000_read_59_count_1    13.26%    passed     99.40%
  60  200724_20-08522_HIV11-02415_FL24_S18_L000_read_60_count_1    13.26%    passed     99.00%
  61  200724_20-08522_HIV11-02415_FL24_S18_L000_read_61_count_1    13.26%    passed     99.00%
  62  200724_20-08522_HIV11-02415_FL24_S18_L000_read_62_count_1    13.26%    passed     99.67%
  63  200724_20-08522_HIV11-02415_FL24_S18_L000_read_63_count_1    12.90%    passed     99.73%
  64  200724_20-08522_HIV11-02415_FL24_S18_L000_read_64_count_1    13.26%    passed     93.64%
  65  200724_20-08522_HIV11-02415_FL24_S18_L000_read_65_count_1    13.26%    passed     99.40%
  66  200724_20-08522_HIV11-02415_FL24_S18_L000_read_66_count_1    13.26%    passed     99.55%
  67  200724_20-08522_HIV11-02415_FL24_S18_L000_read_67_count_1    13.26%    passed     97.62%
  68  200724_20-08522_HIV11-02415_FL24_S18_L000_read_68_count_1    13.26%    passed     99.73%
  69  200724_20-08522_HIV11-02415_FL24_S18_L000_read_69_count_1    20.79%    passed     85.99%
  70  200724_20-08522_HIV11-02415_FL24_S18_L000_read_70_count_1    13.26%    passed     99.64%
  71  200724_20-08522_HIV11-02415_FL24_S18_L000_read_71_count_1    13.26%    passed     99.88%
  72  200724_20-08522_HIV11-02415_FL24_S18_L000_read_72_count_1    13.26%    passed     99.67%
  73  200724_20-08522_HIV11-02415_FL24_S18_L000_read_73_count_1    13.26%    passed     98.94%
  74  200724_20-08522_HIV11-02415_FL24_S18_L000_read_74_count_1    13.26%    passed     99.99%
  75  200724_20-08522_HIV11-02415_FL24_S18_L000_read_75_count_1    13.26%    passed     99.99%
  76  200724_20-08522_HIV11-02415_FL24_S18_L000_read_76_count_1    13.26%    passed     99.40%
  77  200724_20-08522_HIV11-02415_FL24_S18_L000_read_77_count_1    13.26%    passed     97.10%
  78  200724_20-08522_HIV11-02415_FL24_S18_L000_read_78_count_1    13.26%    passed     99.40%
  79  200724_20-08522_HIV11-02415_FL24_S18_L000_read_79_count_1    13.26%    passed     99.88%
  80  200724_20-08522_HIV11-02415_FL24_S18_L000_read_80_count_1    13.26%    passed     99.40%
  81  200724_20-08522_HIV11-02415_FL24_S18_L000_read_81_count_1    13.26%    passed     99.12%
  82  200724_20-08522_HIV11-02415_FL24_S18_L000_read_82_count_1    13.26%    passed     99.73%
  83  200724_20-08522_HIV11-02415_FL24_S18_L000_read_83_count_1    13.26%    passed     99.88%
  84  200724_20-08522_HIV11-02415_FL24_S18_L000_read_84_count_1    13.26%    passed     98.94%
  85  200724_20-08522_HIV11-02415_FL24_S18_L000_read_85_count_1    13.26%    passed     99.40%
  86  200724_20-08522_HIV11-02415_FL24_S18_L000_read_86_count_1    13.26%    passed     99.66%
  87  200724_20-08522_HIV11-02415_FL24_S18_L000_read_87_count_1    13.26%    passed     99.82%
  88  200724_20-08522_HIV11-02415_FL24_S18_L000_read_88_count_1    12.90%    passed     99.92%
  89  200724_20-08522_HIV11-02415_FL24_S18_L000_read_89_count_1    13.26%    passed     97.59%
  90  200724_20-08522_HIV11-02415_FL24_S18_L000_read_90_count_1    13.26%    passed     99.66%
  91  200724_20-08522_HIV11-02415_FL24_S18_L000_read_91_count_1    13.26%    passed     99.00%
  92  200724_20-08522_HIV11-02415_FL24_S18_L000_read_92_count_1    22.22%    passed     82.08%
  93  200724_20-08522_HIV11-02415_FL24_S18_L000_read_93_count_1    13.26%    passed     99.21%
  94  200724_20-08522_HIV11-02415_FL24_S18_L000_read_94_count_1    13.62%    passed     99.90%
  95  200724_20-08522_HIV11-02415_FL24_S18_L000_read_95_count_1    13.26%    passed     95.70%
  96  200724_20-08522_HIV11-02415_FL24_S18_L000_read_96_count_1    13.26%    passed     99.67%
  97  200724_20-08522_HIV11-02415_FL24_S18_L000_read_97_count_1    13.26%    passed     98.94%
  98  200724_20-08522_HIV11-02415_FL24_S18_L000_read_98_count_1    13.26%    passed     99.12%
  99  200724_20-08522_HIV11-02415_FL24_S18_L000_read_99_count_1    13.26%    passed     95.32%
 100  200724_20-08522_HIV11-02415_FL24_S18_L000_read_100_count_1   13.26%    passed     99.00%
 101  200724_20-08522_HIV11-02415_FL24_S18_L000_read_101_count_1   13.26%    passed     99.73%
 102  200724_20-08522_HIV11-02415_FL24_S18_L000_read_102_count_1   13.26%    passed     99.82%
 103  200724_20-08522_HIV11-02415_FL24_S18_L000_read_103_count_1   13.26%    passed     99.67%
 104  200724_20-08522_HIV11-02415_FL24_S18_L000_read_104_count_1   13.26%    passed     99.67%
 105  200724_20-08522_HIV11-02415_FL24_S18_L000_read_105_count_1   13.26%    passed     99.73%
 106  200724_20-08522_HIV11-02415_FL24_S18_L000_read_106_count_1   13.26%    passed     99.88%
 107  200724_20-08522_HIV11-02415_FL24_S18_L000_read_107_count_1   13.26%    passed     98.79%
 108  200724_20-08522_HIV11-02415_FL24_S18_L000_read_108_count_1   13.26%    passed     98.67%
 109  200724_20-08522_HIV11-02415_FL24_S18_L000_read_109_count_1   13.26%    passed     99.21%
 110  200724_20-08522_HIV11-02415_FL24_S18_L000_read_110_count_1   13.26%    passed     99.99%
 111  200724_20-08522_HIV11-02415_FL24_S18_L000_read_111_count_1   13.26%    passed     99.82%
 112  200724_20-08522_HIV11-02415_FL24_S18_L000_read_112_count_1   13.26%    passed     99.40%
 113  200724_20-08522_HIV11-02415_FL24_S18_L000_read_113_count_1   13.26%    passed     99.40%
 114  200724_20-08522_HIV11-02415_FL24_S18_L000_read_114_count_1   13.26%    passed     99.12%
 115  200724_20-08522_HIV11-02415_FL24_S18_L000_read_115_count_1   13.26%    passed     99.88%
 116  200724_20-08522_HIV11-02415_FL24_S18_L000_read_116_count_1   13.26%    passed     99.66%
 117  200724_20-08522_HIV11-02415_FL24_S18_L000_read_117_count_1   13.26%    passed     97.95%
 118  200724_20-08522_HIV11-02415_FL24_S18_L000_read_118_count_1   13.26%    passed     98.70%
 119  200724_20-08522_HIV11-02415_FL24_S18_L000_read_119_count_1   13.62%    passed     98.57%
 120  200724_20-08522_HIV11-02415_FL24_S18_L000_read_120_count_1   13.26%    passed     98.57%
 121  200724_20-08522_HIV11-02415_FL24_S18_L000_read_121_count_1   13.26%    passed     99.88%
 122  200724_20-08522_HIV11-02415_FL24_S18_L000_read_122_count_1   13.26%    passed     98.67%
 123  200724_20-08522_HIV11-02415_FL24_S18_L000_read_123_count_1   13.26%    passed     99.82%
 124  200724_20-08522_HIV11-02415_FL24_S18_L000_read_124_count_1   13.26%    passed     99.82%
 125  200724_20-08522_HIV11-02415_FL24_S18_L000_read_125_count_1   13.26%    passed     98.94%
 126  200724_20-08522_HIV11-02415_FL24_S18_L000_read_126_count_1   13.26%    passed     99.00%
 127  200724_20-08522_HIV11-02415_FL24_S18_L000_read_127_count_1   13.26%    passed     99.67%
 128  200724_20-08522_HIV11-02415_FL24_S18_L000_read_128_count_1   13.26%    passed     98.57%
 129  200724_20-08522_HIV11-02415_FL24_S18_L000_read_129_count_1   13.26%    passed     99.73%
 130  200724_20-08522_HIV11-02415_FL24_S18_L000_read_130_count_1   13.26%    passed     99.12%
 131  200724_20-08522_HIV11-02415_FL24_S18_L000_read_131_count_1   13.26%    passed     99.00%
 132  200709_20-07994_HIV07-01067_FL21_S1_L000_read_1_count_427    13.26%    passed     99.83%
 133  200709_20-07994_HIV07-01067_FL21_S1_L000_read_2_count_84     13.26%    passed     99.55%
 134  200709_20-07994_HIV07-01067_FL21_S1_L000_read_3_count_8      13.26%    passed     98.93%
 135  200709_20-07994_HIV07-01067_FL21_S1_L000_read_4_count_4      13.26%    passed     98.75%
 136  200709_20-07994_HIV07-01067_FL21_S1_L000_read_5_count_2      13.26%    passed     99.99%
 137  200709_20-07994_HIV07-01067_FL21_S1_L000_read_6_count_2      13.26%    passed     98.93%
 138  200709_20-07994_HIV07-01067_FL21_S1_L000_read_7_count_2      13.26%    passed     99.83%
 139  200709_20-07994_HIV07-01067_FL21_S1_L000_read_8_count_2      13.26%    passed     99.95%
 140  200709_20-07994_HIV07-01067_FL21_S1_L000_read_9_count_2      13.26%    passed     99.64%
 141  200709_20-07994_HIV07-01067_FL21_S1_L000_read_10_count_2     13.26%    passed     99.99%
 142  200709_20-07994_HIV07-01067_FL21_S1_L000_read_11_count_2     13.26%    passed     98.93%
 143  200709_20-07994_HIV07-01067_FL21_S1_L000_read_12_count_2     13.26%    passed     99.64%
 144  200709_20-07994_HIV07-01067_FL21_S1_L000_read_13_count_2     13.26%    passed     98.93%
 145  200709_20-07994_HIV07-01067_FL21_S1_L000_read_14_count_2     13.26%    passed     98.93%
 146  200709_20-07994_HIV07-01067_FL21_S1_L000_read_15_count_1     13.26%    passed     99.64%
 147  200709_20-07994_HIV07-01067_FL21_S1_L000_read_16_count_1     13.26%    passed     99.55%
 148  200709_20-07994_HIV07-01067_FL21_S1_L000_read_17_count_1     13.26%    passed     99.73%
 149  200709_20-07994_HIV07-01067_FL21_S1_L000_read_18_count_1     13.26%    passed     99.64%
 150  200709_20-07994_HIV07-01067_FL21_S1_L000_read_19_count_1     13.26%    passed     99.99%
 151  200709_20-07994_HIV07-01067_FL21_S1_L000_read_20_count_1     13.26%    passed     98.93%
 152  200709_20-07994_HIV07-01067_FL21_S1_L000_read_21_count_1     13.26%    passed     99.73%
 153  200709_20-07994_HIV07-01067_FL21_S1_L000_read_22_count_1     13.26%    passed     98.56%
 154  200709_20-07994_HIV07-01067_FL21_S1_L000_read_23_count_1     13.26%    passed     99.83%
 155  200709_20-07994_HIV07-01067_FL21_S1_L000_read_24_count_1     13.26%    passed     99.99%
 156  200709_20-07994_HIV07-01067_FL21_S1_L000_read_25_count_1      2.51%    passed     97.93%
 157  200709_20-07994_HIV07-01067_FL21_S1_L000_read_26_count_1     13.26%    passed     99.18%
 158  200709_20-07994_HIV07-01067_FL21_S1_L000_read_27_count_1     13.26%    passed     98.93%
 159  200709_20-07994_HIV07-01067_FL21_S1_L000_read_28_count_1     13.26%    passed     99.40%
 160  200709_20-07994_HIV07-01067_FL21_S1_L000_read_29_count_1     13.26%    passed     99.83%
 161  200709_20-07994_HIV07-01067_FL21_S1_L000_read_30_count_1     13.26%    passed     99.99%
 162  200709_20-07994_HIV07-01067_FL21_S1_L000_read_31_count_1     13.26%    passed     99.64%
 163  200709_20-07994_HIV07-01067_FL21_S1_L000_read_32_count_1     13.26%    passed     99.64%
 164  200709_20-07994_HIV07-01067_FL21_S1_L000_read_33_count_1     13.26%    passed     99.95%
 165  200709_20-07994_HIV07-01067_FL21_S1_L000_read_34_count_1     13.26%    passed     99.91%
 166  200709_20-07994_HIV07-01067_FL21_S1_L000_read_35_count_1     13.26%    passed     99.99%
 167  200709_20-07994_HIV07-01067_FL21_S1_L000_read_36_count_1     13.26%    passed     98.75%
 168  200709_20-07994_HIV07-01067_FL21_S1_L000_read_37_count_1     13.26%    passed     98.93%
 169  200709_20-07994_HIV07-01067_FL21_S1_L000_read_38_count_1     13.26%    passed     99.99%
 170  200709_20-07994_HIV07-01067_FL21_S1_L000_read_39_count_1     13.26%    passed     98.93%
 171  200709_20-07994_HIV07-01067_FL21_S1_L000_read_40_count_1     13.26%    passed     92.74%
 172  200709_20-07994_HIV07-01067_FL21_S1_L000_read_41_count_1     13.26%    passed     99.01%
 173  200709_20-07994_HIV07-01067_FL21_S1_L000_read_42_count_1     13.26%    passed     96.69%
 174  200709_20-07994_HIV07-01067_FL21_S1_L000_read_43_count_1     13.26%    passed     99.55%
 175  200709_20-07994_HIV07-01067_FL21_S1_L000_read_44_count_1     13.26%    passed     98.93%
 176  200709_20-07994_HIV07-01067_FL21_S1_L000_read_45_count_1     13.26%    passed     99.55%
 177  200709_20-07994_HIV07-01067_FL21_S1_L000_read_46_count_1     13.26%    passed     99.37%
 178  200709_20-07994_HIV07-01067_FL21_S1_L000_read_47_count_1     13.26%    passed     98.75%
 179  200709_20-07994_HIV07-01067_FL21_S1_L000_read_48_count_1     13.26%    passed     98.39%
 180  200709_20-07994_HIV07-01067_FL21_S1_L000_read_49_count_1     13.26%    passed     99.99%
 181  200709_20-07994_HIV07-01067_FL21_S1_L000_read_50_count_1     13.26%    passed     96.69%
 182  200709_20-07994_HIV07-01067_FL21_S1_L000_read_51_count_1     13.26%    passed     99.64%
 183  200709_20-07994_HIV07-01067_FL21_S1_L000_read_52_count_1     13.26%    passed     98.93%
 184  200709_20-07994_HIV07-01067_FL21_S1_L000_read_53_count_1     13.26%    passed     99.99%
 185  200709_20-07994_HIV07-01067_FL21_S1_L000_read_54_count_1     13.26%    passed     96.69%
 186  200709_20-07994_HIV07-01067_FL21_S1_L000_read_55_count_1     13.26%    passed     99.37%
 187  200709_20-07994_HIV07-01067_FL21_S1_L000_read_56_count_1     13.26%    passed     99.73%
 188  200709_20-07994_HIV07-01067_FL21_S1_L000_read_57_count_1     13.26%    passed     99.00%
 189  200709_20-07994_HIV07-01067_FL21_S1_L000_read_58_count_1     13.26%    passed     99.64%
 190  200709_20-07994_HIV07-01067_FL21_S1_L000_read_59_count_1     13.26%    passed     97.76%
 191  200709_20-07994_HIV07-01067_FL21_S1_L000_read_60_count_1     13.26%    passed     99.55%
 192  200709_20-07994_HIV07-01067_FL21_S1_L000_read_61_count_1     13.62%    passed     99.47%
 193  200709_20-07994_HIV07-01067_FL21_S1_L000_read_62_count_1     13.26%    passed     99.58%
 194  200709_20-07994_HIV07-01067_FL21_S1_L000_read_63_count_1     13.26%    passed     99.58%
 195  200709_20-07994_HIV07-01067_FL21_S1_L000_read_64_count_1     13.26%    passed     99.99%
 196  200709_20-07994_HIV07-01067_FL21_S1_L000_read_65_count_1     13.26%    passed     99.95%
 197  200709_20-07994_HIV07-01067_FL21_S1_L000_read_66_count_1     13.26%    passed     99.55%
 198  200709_20-07994_HIV07-01067_FL21_S1_L000_read_67_count_1     12.90%    passed     99.98%
 199  200709_20-07994_HIV07-01067_FL21_S1_L000_read_68_count_1     13.26%    passed     97.95%
 200  200709_20-07994_HIV07-01067_FL21_S1_L000_read_69_count_1     13.26%    passed     99.18%
 201  200709_20-07994_HIV07-01067_FL21_S1_L000_read_70_count_1     13.26%    passed     99.21%
 202  200709_20-07994_HIV07-01067_FL21_S1_L000_read_71_count_1     13.26%    passed     99.99%
 203  200709_20-07994_HIV07-01067_FL21_S1_L000_read_72_count_1     13.26%    passed     98.75%
 204  200709_20-07994_HIV07-01067_FL21_S1_L000_read_73_count_1     13.26%    passed     98.93%
 205  200709_20-07994_HIV07-01067_FL21_S1_L000_read_74_count_1     13.62%    passed     99.90%
 206  200709_20-07994_HIV07-01067_FL21_S1_L000_read_75_count_1     13.26%    passed     99.66%
 207  200709_20-07994_HIV07-01067_FL21_S1_L000_read_76_count_1     13.26%    passed     99.99%
 208  200709_20-07994_HIV07-01067_FL21_S1_L000_read_77_count_1     13.26%    passed     99.55%
 209  200709_20-07994_HIV07-01067_FL21_S1_L000_read_78_count_1     13.26%    passed     97.95%
 210  200709_20-07994_HIV07-01067_FL21_S1_L000_read_79_count_1     13.26%    passed     99.58%
 211  200709_20-07994_HIV07-01067_FL21_S1_L000_read_80_count_1     13.26%    passed     99.66%
 212  200709_20-07994_HIV07-01067_FL21_S1_L000_read_81_count_1     13.26%    passed     99.99%
 213  200709_20-07994_HIV07-01067_FL21_S1_L000_read_82_count_1     13.26%    passed     98.75%
 214  200709_20-07994_HIV07-01067_FL21_S1_L000_read_83_count_1     13.26%    passed     99.64%
 215  200709_20-07994_HIV07-01067_FL21_S1_L000_read_84_count_1     13.26%    passed     98.93%
 216  200709_20-07994_HIV07-01067_FL21_S1_L000_read_85_count_1     13.26%    passed     99.55%
 217  200709_20-07994_HIV07-01067_FL21_S1_L000_read_86_count_1     13.26%    passed     99.64%
 218  200709_20-07994_HIV07-01067_FL21_S1_L000_read_87_count_1     13.26%    passed     99.18%
 219  200709_20-07994_HIV07-01067_FL21_S1_L000_read_88_count_1     13.26%    passed     99.95%
 220  200709_20-07994_HIV07-01067_FL21_S1_L000_read_89_count_1     13.26%    passed     99.21%
 221  200709_20-07994_HIV07-01067_FL21_S1_L000_read_90_count_1     13.26%    passed     99.18%
 222  200709_20-07994_HIV07-01067_FL21_S1_L000_read_91_count_1     13.26%    passed     99.66%
 223  200709_20-07994_HIV07-01067_FL21_S1_L000_read_92_count_1     13.26%    passed     99.40%
 224  200709_20-07994_HIV07-01067_FL21_S1_L000_read_93_count_1     13.26%    passed     99.82%
 225  200709_20-07994_HIV07-01067_FL21_S1_L000_read_94_count_1     13.26%    passed     98.26%
 226  200709_20-07994_HIV07-01067_FL21_S1_L000_read_95_count_1     13.26%    passed     96.78%
 227  200709_20-07994_HIV07-01067_FL21_S1_L000_read_96_count_1     13.26%    passed     99.83%
 228  200709_20-07994_HIV07-01067_FL21_S1_L000_read_97_count_1     13.26%    passed     99.58%
 229  200709_20-07994_HIV07-01067_FL21_S1_L000_read_98_count_1     13.62%    passed     99.28%
 230  200709_20-07994_HIV07-01067_FL21_S1_L000_read_99_count_1     13.26%    passed     99.95%
 231  200709_20-07994_HIV07-01067_FL21_S1_L000_read_100_count_1    13.26%    passed     99.95%
 232  200709_20-07994_HIV07-01067_FL21_S1_L000_read_101_count_1    13.26%    passed     99.73%
 233  200709_20-07994_HIV07-01067_FL21_S1_L000_read_102_count_1    13.26%    passed     99.55%
 234  200709_20-07994_HIV07-01067_FL21_S1_L000_read_103_count_1    13.26%    passed     99.99%
 235  200709_20-07994_HIV07-01067_FL21_S1_L000_read_104_count_1    13.26%    passed     99.58%
 236  200709_20-07994_HIV07-01067_FL21_S1_L000_read_105_count_1    13.26%    passed     99.83%
 237  200709_20-07994_HIV07-01067_FL21_S1_L000_read_106_count_1    13.26%    passed     99.88%
 238  200709_20-07994_HIV07-01067_FL21_S1_L000_read_107_count_1    13.26%    passed     96.69%
 239  200709_20-07994_HIV07-01067_FL21_S1_L000_read_108_count_1    13.26%    passed     99.64%
 240  200709_20-07994_HIV07-01067_FL21_S1_L000_read_109_count_1    13.26%    passed     99.99%
 241  200709_20-07994_HIV07-01067_FL21_S1_L000_read_110_count_1    13.62%    passed     99.90%
 242  200709_20-07994_HIV07-01067_FL21_S1_L000_read_111_count_1    12.90%    passed     95.63%
 243  200709_20-07994_HIV07-01067_FL21_S1_L000_read_112_count_1    13.26%    passed     99.99%
 244  200709_20-07994_HIV07-01067_FL21_S1_L000_read_113_count_1    13.62%    passed     99.90%
 245  200709_20-07994_HIV07-01067_FL21_S1_L000_read_114_count_1    13.26%    passed     99.99%
 246  200703_20-07825_HIV09-00618_FL18_S6_L000_read_1_count_355    13.26%    passed     99.01%
 247  200703_20-07825_HIV09-00618_FL18_S6_L000_read_2_count_3      13.26%    passed     99.85%
 248  200703_20-07825_HIV09-00618_FL18_S6_L000_read_3_count_3      13.26%    passed     98.70%
 249  200703_20-07825_HIV09-00618_FL18_S6_L000_read_4_count_2      13.26%    passed     98.88%
 250  200703_20-07825_HIV09-00618_FL18_S6_L000_read_5_count_2      13.26%    passed     98.70%
 251  200703_20-07825_HIV09-00618_FL18_S6_L000_read_6_count_2      13.26%    passed     96.87%
 252  200703_20-07825_HIV09-00618_FL18_S6_L000_read_7_count_2      13.26%    passed     98.70%
 253  200703_20-07825_HIV09-00618_FL18_S6_L000_read_8_count_1      13.26%    passed     97.47%
 254  200703_20-07825_HIV09-00618_FL18_S6_L000_read_9_count_1      13.26%    passed     96.87%
 255  200703_20-07825_HIV09-00618_FL18_S6_L000_read_10_count_1     13.26%    passed     96.87%
 256  200703_20-07825_HIV09-00618_FL18_S6_L000_read_11_count_1     13.26%    passed     98.70%
 257  200703_20-07825_HIV09-00618_FL18_S6_L000_read_12_count_1     13.26%    passed     96.87%
 258  200703_20-07825_HIV09-00618_FL18_S6_L000_read_13_count_1     13.26%    passed     96.87%
 259  200703_20-07825_HIV09-00618_FL18_S6_L000_read_14_count_1     13.26%    passed     96.51%
 260  200703_20-07825_HIV09-00618_FL18_S6_L000_read_15_count_1     13.26%    passed     99.85%
 261  200703_20-07825_HIV09-00618_FL18_S6_L000_read_16_count_1     13.26%    passed     97.64%
 262  200703_20-07825_HIV09-00618_FL18_S6_L000_read_17_count_1     16.49%    passed     92.85%
 263  200703_20-07825_HIV09-00618_FL18_S6_L000_read_18_count_1     13.26%    passed     98.88%
 264  200703_20-07825_HIV09-00618_FL18_S6_L000_read_19_count_1     13.26%    passed     99.33%
 265  200703_20-07825_HIV09-00618_FL18_S6_L000_read_20_count_1     12.90%    passed     97.77%
 266  200703_20-07825_HIV09-00618_FL18_S6_L000_read_21_count_1     13.26%    passed     97.74%
 267  200703_20-07825_HIV09-00618_FL18_S6_L000_read_22_count_1     13.26%    passed     96.87%
 268  200703_20-07825_HIV09-00618_FL18_S6_L000_read_23_count_1     13.26%    passed     96.87%
 269  200703_20-07825_HIV09-00618_FL18_S6_L000_read_24_count_1     12.54%    passed     97.18%
 270  200703_20-07825_HIV09-00618_FL18_S6_L000_read_25_count_1     13.26%    passed     96.87%
 271  200703_20-07825_HIV09-00618_FL18_S6_L000_read_26_count_1     13.26%    passed     96.22%
 272  200703_20-07825_HIV09-00618_FL18_S6_L000_read_27_count_1     13.26%    passed     97.64%
 273  200703_20-07825_HIV09-00618_FL18_S6_L000_read_28_count_1     13.26%    passed     99.99%
 274  200703_20-07825_HIV09-00618_FL18_S6_L000_read_29_count_1     13.26%    passed     98.70%
 275  200703_20-07825_HIV09-00618_FL18_S6_L000_read_30_count_1     13.26%    passed     96.87%
 276  200703_20-07825_HIV09-00618_FL18_S6_L000_read_31_count_1     13.26%    passed     99.18%
 277  200703_20-07825_HIV09-00618_FL18_S6_L000_read_32_count_1     13.26%    passed     96.87%
 278  200703_20-07825_HIV09-00618_FL18_S6_L000_read_33_count_1     13.26%    passed     98.70%
 279  200703_20-07825_HIV09-00618_FL18_S6_L000_read_34_count_1     13.26%    passed     99.85%
 280  200703_20-07825_HIV09-00618_FL18_S6_L000_read_35_count_1     13.26%    passed     97.64%
 281  200703_20-07825_HIV09-00618_FL18_S6_L000_read_36_count_1     13.26%    passed     97.64%
 282  200703_20-07825_HIV09-00618_FL18_S6_L000_read_37_count_1     13.26%    passed     99.85%
 283  200703_20-07825_HIV09-00618_FL18_S6_L000_read_38_count_1     13.26%    passed     97.87%
 284  200703_20-07825_HIV09-00618_FL18_S6_L000_read_39_count_1     13.26%    passed     99.85%
 285  200703_20-07825_HIV09-00618_FL18_S6_L000_read_40_count_1     13.26%    passed     96.87%
 286  200703_20-07825_HIV09-00618_FL18_S6_L000_read_41_count_1     13.26%    passed     99.18%
 287  200703_20-07825_HIV09-00618_FL18_S6_L000_read_42_count_1     13.26%    passed     99.85%
 288  200703_20-07825_HIV09-00618_FL18_S6_L000_read_43_count_1     13.26%    passed     99.18%
 289  200703_20-07825_HIV09-00618_FL18_S6_L000_read_44_count_1     13.26%    passed     96.87%
 290  200703_20-07825_HIV09-00618_FL18_S6_L000_read_45_count_1     13.26%    passed     98.70%
 291  200703_20-07825_HIV09-00618_FL18_S6_L000_read_46_count_1     13.26%    passed     98.04%
 292  200703_20-07825_HIV09-00618_FL18_S6_L000_read_47_count_1     13.26%    passed     97.74%
 293  200703_20-07825_HIV09-00618_FL18_S6_L000_read_48_count_1     13.26%    passed     96.87%
 294  200703_20-07825_HIV09-00618_FL18_S6_L000_read_49_count_1     13.62%    passed     98.39%
 295  200703_20-07825_HIV09-00618_FL18_S6_L000_read_50_count_1     13.26%    passed     96.87%
 296  200703_20-07825_HIV09-00618_FL18_S6_L000_read_51_count_1     13.26%    passed     98.70%
 297  200703_20-07825_HIV09-00618_FL18_S6_L000_read_52_count_1     13.26%    passed     98.70%
 298  200703_20-07825_HIV09-00618_FL18_S6_L000_read_53_count_1     13.26%    passed     98.88%
 299  200703_20-07825_HIV09-00618_FL18_S6_L000_read_54_count_1     13.26%    passed     90.65%
 300  200703_20-07825_HIV09-00618_FL18_S6_L000_read_55_count_1     13.26%    passed     96.87%
 301  200703_20-07825_HIV09-00618_FL18_S6_L000_read_56_count_1     13.26%    passed     96.87%
 302  200703_20-07825_HIV09-00618_FL18_S6_L000_read_57_count_1     13.26%    passed     96.87%
 303  200703_20-07825_HIV09-00618_FL18_S6_L000_read_58_count_1     13.26%    passed     96.87%
 304  200703_20-07825_HIV09-00618_FL18_S6_L000_read_59_count_1     13.26%    passed     96.87%
 305  200703_20-07825_HIV09-00618_FL18_S6_L000_read_60_count_1     13.26%    passed     96.87%
 306  200703_20-07825_HIV09-00618_FL18_S6_L000_read_61_count_1     13.26%    passed     96.87%
 307  200703_20-07825_HIV09-00618_FL18_S6_L000_read_62_count_1     13.26%    passed     99.33%
 308  200703_20-07825_HIV09-00618_FL18_S6_L000_read_63_count_1     13.26%    passed     99.33%
 309  200703_20-07825_HIV09-00618_FL18_S6_L000_read_64_count_1     13.26%    passed     97.74%
 310  200814_20-09728_HIV09-02843_FL30_S2_L000_read_1_count_229    13.26%    passed     96.15%
 311  200814_20-09728_HIV09-02843_FL30_S2_L000_read_2_count_29     13.26%    passed     99.05%
 312  200814_20-09728_HIV09-02843_FL30_S2_L000_read_3_count_21     13.26%    passed     96.63%
 313  200814_20-09728_HIV09-02843_FL30_S2_L000_read_4_count_15     13.26%    passed     94.54%
 314  200814_20-09728_HIV09-02843_FL30_S2_L000_read_5_count_12     13.26%    passed     96.63%
 315  200814_20-09728_HIV09-02843_FL30_S2_L000_read_6_count_12     13.26%    passed     94.54%
 316  200814_20-09728_HIV09-02843_FL30_S2_L000_read_7_count_11     13.26%    passed     96.63%
 317  200814_20-09728_HIV09-02843_FL30_S2_L000_read_8_count_11     13.26%    passed     99.05%
 318  200814_20-09728_HIV09-02843_FL30_S2_L000_read_9_count_9      13.26%    passed     96.63%
 319  200814_20-09728_HIV09-02843_FL30_S2_L000_read_10_count_9     13.26%    passed     99.37%
 320  200814_20-09728_HIV09-02843_FL30_S2_L000_read_11_count_6     13.26%    passed     96.63%
 321  200814_20-09728_HIV09-02843_FL30_S2_L000_read_12_count_6     13.26%    passed     96.63%
 322  200814_20-09728_HIV09-02843_FL30_S2_L000_read_13_count_5     13.26%    passed     94.54%
 323  200814_20-09728_HIV09-02843_FL30_S2_L000_read_14_count_5     13.26%    passed     96.63%
 324  200814_20-09728_HIV09-02843_FL30_S2_L000_read_15_count_4     13.26%    passed     96.63%
 325  200814_20-09728_HIV09-02843_FL30_S2_L000_read_16_count_4     13.26%    passed     96.63%
 326  200814_20-09728_HIV09-02843_FL30_S2_L000_read_17_count_4     13.26%    passed     94.54%
 327  200814_20-09728_HIV09-02843_FL30_S2_L000_read_18_count_3     12.54%    passed     89.75%
 328  200814_20-09728_HIV09-02843_FL30_S2_L000_read_19_count_2     13.26%    passed     99.05%
 329  200814_20-09728_HIV09-02843_FL30_S2_L000_read_20_count_2     13.26%    passed     94.54%
 330  200814_20-09728_HIV09-02843_FL30_S2_L000_read_21_count_1     13.26%    passed     97.76%
 331  200814_20-09728_HIV09-02843_FL30_S2_L000_read_22_count_1     13.26%    passed     93.07%
 332  200814_20-09728_HIV09-02843_FL30_S2_L000_read_23_count_1     13.26%    passed     96.63%
 333  200814_20-09728_HIV09-02843_FL30_S2_L000_read_24_count_1     13.26%    passed     98.88%
 334  200814_20-09728_HIV09-02843_FL30_S2_L000_read_25_count_1     13.26%    passed     90.86%
 335  200814_20-09728_HIV09-02843_FL30_S2_L000_read_26_count_1     13.26%    passed     91.76%
 336  200814_20-09728_HIV09-02843_FL30_S2_L000_read_27_count_1     14.34%    passed     89.99%
 337  200814_20-09728_HIV09-02843_FL30_S2_L000_read_28_count_1     13.26%    passed     97.74%
 338  200814_20-09728_HIV09-02843_FL30_S2_L000_read_29_count_1     13.62%    passed     96.47%
 339  200814_20-09728_HIV09-02843_FL30_S2_L000_read_30_count_1     13.26%    passed     96.63%
 340  200814_20-09728_HIV09-02843_FL30_S2_L000_read_31_count_1     13.26%    passed     96.15%
 341  200814_20-09728_HIV09-02843_FL30_S2_L000_read_32_count_1     13.26%    passed     96.63%
 342  200814_20-09728_HIV09-02843_FL30_S2_L000_read_33_count_1     13.26%    passed     94.54%
 343  200814_20-09728_HIV09-02843_FL30_S2_L000_read_34_count_1     13.26%    passed     93.78%
 344  200814_20-09728_HIV09-02843_FL30_S2_L000_read_35_count_1     13.26%    passed     97.40%
 345  200814_20-09728_HIV09-02843_FL30_S2_L000_read_36_count_1     13.26%    passed     90.19%
 346  200814_20-09728_HIV09-02843_FL30_S2_L000_read_37_count_1     13.62%    passed     98.70%
 347  200814_20-09728_HIV09-02843_FL30_S2_L000_read_38_count_1     13.26%    passed     96.67%
 348  200814_20-09728_HIV09-02843_FL30_S2_L000_read_39_count_1     13.26%    passed     94.02%
 349  200814_20-09728_HIV09-02843_FL30_S2_L000_read_40_count_1     13.26%    passed     93.75%
 350  200814_20-09728_HIV09-02843_FL30_S2_L000_read_41_count_1     13.26%    passed     91.76%
 351  200814_20-09728_HIV09-02843_FL30_S2_L000_read_42_count_1     13.26%    passed     99.37%
 352  200814_20-09728_HIV09-02843_FL30_S2_L000_read_43_count_1     13.26%    passed     96.63%
 353  200814_20-09728_HIV09-02843_FL30_S2_L000_read_44_count_1     13.26%    passed     97.87%
 354  200814_20-09728_HIV09-02843_FL30_S2_L000_read_45_count_1     13.26%    passed     96.63%
 355  200814_20-09728_HIV09-02843_FL30_S2_L000_read_46_count_1     13.26%    passed     95.71%
 356  200814_20-09728_HIV09-02843_FL30_S2_L000_read_47_count_1     13.26%    passed     99.05%
 357  200814_20-09728_HIV09-02843_FL30_S2_L000_read_48_count_1     13.26%    passed     99.05%
 358  200814_20-09728_HIV09-02843_FL30_S2_L000_read_49_count_1     13.26%    passed     94.54%
 359  200814_20-09728_HIV09-02843_FL30_S2_L000_read_50_count_1     13.26%    passed     94.02%
 360  200814_20-09728_HIV09-02843_FL30_S2_L000_read_51_count_1     13.26%    passed     96.15%
 361  200814_20-09728_HIV09-02843_FL30_S2_L000_read_52_count_1     13.26%    passed     91.59%
 362  200814_20-09728_HIV09-02843_FL30_S2_L000_read_53_count_1     13.26%    passed     96.67%
 363  200814_20-09728_HIV09-02843_FL30_S2_L000_read_54_count_1     13.26%    passed     93.15%
 364  200814_20-09728_HIV09-02843_FL30_S2_L000_read_55_count_1     13.26%    passed     99.37%
 365  200814_20-09728_HIV09-02843_FL30_S2_L000_read_56_count_1     13.26%    passed     98.13%
 366  200814_20-09728_HIV09-02843_FL30_S2_L000_read_57_count_1     13.26%    passed     99.37%
 367  200814_20-09728_HIV09-02843_FL30_S2_L000_read_58_count_1     12.90%    passed     95.25%
 368  200814_20-09728_HIV09-02843_FL30_S2_L000_read_59_count_1     13.62%    passed     97.62%
 369  200814_20-09728_HIV09-02843_FL30_S2_L000_read_60_count_1     13.26%    passed     98.26%
 370  200814_20-09728_HIV09-02843_FL30_S2_L000_read_61_count_1     13.26%    passed     97.76%
 371  200814_20-09728_HIV09-02843_FL30_S2_L000_read_62_count_1     12.90%    passed     93.83%
 372  200814_20-09728_HIV09-02843_FL30_S2_L000_read_63_count_1     13.26%    passed     97.40%
 373  200814_20-09728_HIV09-02843_FL30_S2_L000_read_64_count_1     13.26%    passed     97.87%
 374  200814_20-09728_HIV09-02843_FL30_S2_L000_read_65_count_1     13.26%    passed     99.37%
 375  200814_20-09728_HIV09-02843_FL30_S2_L000_read_66_count_1     13.26%    passed     98.88%
 376  200814_20-09728_HIV09-02843_FL30_S2_L000_read_67_count_1     13.26%    passed     97.87%
 377  200814_20-09728_HIV09-02843_FL30_S2_L000_read_68_count_1     13.26%    passed     97.76%
 378  200724_20-08518_HIV10-02405_FL24_S14_L000_read_1_count_132   13.26%    passed     97.48%
 379  200724_20-08518_HIV10-02405_FL24_S14_L000_read_2_count_28    13.26%    passed     95.96%
 380  200724_20-08518_HIV10-02405_FL24_S14_L000_read_3_count_10    13.26%    passed     94.72%
 381  200724_20-08518_HIV10-02405_FL24_S14_L000_read_4_count_8     13.26%    passed     94.72%
 382  200724_20-08518_HIV10-02405_FL24_S14_L000_read_5_count_6     13.26%    passed     89.24%
 383  200724_20-08518_HIV10-02405_FL24_S14_L000_read_6_count_6     13.26%    passed     95.96%
 384  200724_20-08518_HIV10-02405_FL24_S14_L000_read_7_count_5     13.26%    passed     95.96%
 385  200724_20-08518_HIV10-02405_FL24_S14_L000_read_8_count_5     13.26%    passed     97.95%
 386  200724_20-08518_HIV10-02405_FL24_S14_L000_read_9_count_5     13.26%    passed     94.72%
 387  200724_20-08518_HIV10-02405_FL24_S14_L000_read_10_count_5    13.26%    passed     95.96%
 388  200724_20-08518_HIV10-02405_FL24_S14_L000_read_11_count_4    13.26%    passed     92.94%
 389  200724_20-08518_HIV10-02405_FL24_S14_L000_read_12_count_3    13.26%    passed     95.96%
 390  200724_20-08518_HIV10-02405_FL24_S14_L000_read_13_count_3    13.26%    passed     94.82%
 391  200724_20-08518_HIV10-02405_FL24_S14_L000_read_14_count_3    13.26%    passed     98.49%
 392  200724_20-08518_HIV10-02405_FL24_S14_L000_read_15_count_3    13.26%    passed     98.23%
 393  200724_20-08518_HIV10-02405_FL24_S14_L000_read_16_count_3    13.26%    passed     87.25%
 394  200724_20-08518_HIV10-02405_FL24_S14_L000_read_17_count_2    13.26%    passed     87.25%
 395  200724_20-08518_HIV10-02405_FL24_S14_L000_read_18_count_2    13.26%    passed     93.11%
 396  200724_20-08518_HIV10-02405_FL24_S14_L000_read_19_count_2    13.26%    passed     94.72%
 397  200724_20-08518_HIV10-02405_FL24_S14_L000_read_20_count_2    13.26%    passed     94.82%
 398  200724_20-08518_HIV10-02405_FL24_S14_L000_read_21_count_2    13.26%    passed     93.11%
 399  200724_20-08518_HIV10-02405_FL24_S14_L000_read_22_count_2    13.26%    passed     94.72%
 400  200724_20-08518_HIV10-02405_FL24_S14_L000_read_23_count_2    13.26%    passed     92.94%
 401  200724_20-08518_HIV10-02405_FL24_S14_L000_read_24_count_2    13.26%    passed     95.96%
 402  200724_20-08518_HIV10-02405_FL24_S14_L000_read_25_count_2    13.26%    passed     97.95%
 403  200724_20-08518_HIV10-02405_FL24_S14_L000_read_26_count_1    13.26%    passed     96.82%
 404  200724_20-08518_HIV10-02405_FL24_S14_L000_read_27_count_1    13.26%    passed     92.94%
 405  200724_20-08518_HIV10-02405_FL24_S14_L000_read_28_count_1    13.26%    passed     98.49%
 406  200724_20-08518_HIV10-02405_FL24_S14_L000_read_29_count_1    13.26%    passed     97.95%
 407  200724_20-08518_HIV10-02405_FL24_S14_L000_read_30_count_1    13.26%    passed     99.35%
 408  200724_20-08518_HIV10-02405_FL24_S14_L000_read_31_count_1    13.26%    passed     94.82%
 409  200724_20-08518_HIV10-02405_FL24_S14_L000_read_32_count_1    13.26%    passed     94.72%
 410  200724_20-08518_HIV10-02405_FL24_S14_L000_read_33_count_1    13.26%    passed     97.95%
 411  200724_20-08518_HIV10-02405_FL24_S14_L000_read_34_count_1    13.26%    passed     97.95%
 412  200724_20-08518_HIV10-02405_FL24_S14_L000_read_35_count_1    13.26%    passed     93.11%
 413  200724_20-08518_HIV10-02405_FL24_S14_L000_read_36_count_1    13.26%    passed     95.29%
 414  200724_20-08518_HIV10-02405_FL24_S14_L000_read_37_count_1    13.26%    passed     92.94%
 415  200724_20-08518_HIV10-02405_FL24_S14_L000_read_38_count_1    13.26%    passed     97.95%
 416  200724_20-08518_HIV10-02405_FL24_S14_L000_read_39_count_1    13.62%    passed     97.14%
 417  200724_20-08518_HIV10-02405_FL24_S14_L000_read_40_count_1    13.26%    passed     96.82%
 418  200724_20-08518_HIV10-02405_FL24_S14_L000_read_41_count_1    13.26%    passed     83.89%
 419  200724_20-08518_HIV10-02405_FL24_S14_L000_read_42_count_1    13.26%    passed     95.63%
 420  200724_20-08518_HIV10-02405_FL24_S14_L000_read_43_count_1    13.26%    passed     98.49%
 421  200724_20-08518_HIV10-02405_FL24_S14_L000_read_44_count_1    13.26%    passed     94.82%
 422  200724_20-08518_HIV10-02405_FL24_S14_L000_read_45_count_1    13.26%    passed     95.96%
 423  200724_20-08518_HIV10-02405_FL24_S14_L000_read_46_count_1    13.26%    passed     92.94%
 424  200724_20-08518_HIV10-02405_FL24_S14_L000_read_47_count_1    13.26%    passed     99.46%
 425  200724_20-08518_HIV10-02405_FL24_S14_L000_read_48_count_1    13.26%    passed     97.95%
 426  200724_20-08518_HIV10-02405_FL24_S14_L000_read_49_count_1    13.26%    passed     98.03%
 427  200724_20-08518_HIV10-02405_FL24_S14_L000_read_50_count_1    12.90%    passed     97.32%
 428  200724_20-08518_HIV10-02405_FL24_S14_L000_read_51_count_1    13.26%    passed     98.49%
 429  200724_20-08518_HIV10-02405_FL24_S14_L000_read_52_count_1    13.26%    passed     97.48%
 430  200724_20-08518_HIV10-02405_FL24_S14_L000_read_53_count_1    13.26%    passed     90.73%
 431  200724_20-08518_HIV10-02405_FL24_S14_L000_read_54_count_1    13.26%    passed     97.48%
 432  200724_20-08518_HIV10-02405_FL24_S14_L000_read_55_count_1    13.26%    passed     95.96%
 433  200724_20-08518_HIV10-02405_FL24_S14_L000_read_56_count_1    13.26%    passed     94.82%
 434  200724_20-08518_HIV10-02405_FL24_S14_L000_read_57_count_1    13.26%    passed     97.95%
 435  200724_20-08518_HIV10-02405_FL24_S14_L000_read_58_count_1    13.26%    passed     97.95%
 436  200724_20-08518_HIV10-02405_FL24_S14_L000_read_59_count_1    13.26%    passed     80.82%
 437  200724_20-08518_HIV10-02405_FL24_S14_L000_read_60_count_1    13.26%    passed     97.87%
 438  200724_20-08518_HIV10-02405_FL24_S14_L000_read_61_count_1    13.26%    passed     85.18%
 439  200724_20-08518_HIV10-02405_FL24_S14_L000_read_62_count_1    13.26%    passed     92.56%
 440  200724_20-08518_HIV10-02405_FL24_S14_L000_read_63_count_1    13.26%    passed     95.96%
 441  200724_20-08518_HIV10-02405_FL24_S14_L000_read_64_count_1    13.26%    passed     92.94%
 442  200724_20-08518_HIV10-02405_FL24_S14_L000_read_65_count_1    13.26%    passed     94.72%
 443  200724_20-08518_HIV10-02405_FL24_S14_L000_read_66_count_1    13.26%    passed     93.84%
 444  200724_20-08518_HIV10-02405_FL24_S14_L000_read_67_count_1    13.26%    passed     97.87%
 445  200724_20-08518_HIV10-02405_FL24_S14_L000_read_68_count_1    13.26%    passed     94.72%
 446  200724_20-08518_HIV10-02405_FL24_S14_L000_read_69_count_1    13.26%    passed     97.87%
 447  200724_20-08518_HIV10-02405_FL24_S14_L000_read_70_count_1    13.62%    passed     93.41%
 448  200724_20-08518_HIV10-02405_FL24_S14_L000_read_71_count_1    13.62%    passed     90.30%
 449  200724_20-08518_HIV10-02405_FL24_S14_L000_read_72_count_1    12.90%    passed     89.06%
 450  200724_20-08518_HIV10-02405_FL24_S14_L000_read_73_count_1    13.26%    passed     95.63%
 451  200724_20-08518_HIV10-02405_FL24_S14_L000_read_74_count_1    13.26%    passed     97.95%
 452  200724_20-08518_HIV10-02405_FL24_S14_L000_read_75_count_1    13.26%    passed     93.11%
 453  200724_20-08518_HIV10-02405_FL24_S14_L000_read_76_count_1    13.26%    passed     94.72%
 454  200724_20-08518_HIV10-02405_FL24_S14_L000_read_77_count_1    13.26%    passed     90.73%
 455  200724_20-08518_HIV10-02405_FL24_S14_L000_read_78_count_1    13.26%    passed     94.82%
 456  200724_20-08518_HIV10-02405_FL24_S14_L000_read_79_count_1    13.26%    passed     93.11%
 457  200724_20-08518_HIV10-02405_FL24_S14_L000_read_80_count_1    13.62%    passed     97.14%
 458  200724_20-08518_HIV10-02405_FL24_S14_L000_read_81_count_1    13.26%    passed     93.84%
 459  200724_20-08518_HIV10-02405_FL24_S14_L000_read_82_count_1    13.26%    passed     98.23%
 460  200724_20-08518_HIV10-02405_FL24_S14_L000_read_83_count_1    13.26%    passed     97.19%
 461  200724_20-08518_HIV10-02405_FL24_S14_L000_read_84_count_1    13.62%    passed     97.14%
 462  200724_20-08518_HIV10-02405_FL24_S14_L000_read_85_count_1    13.26%    passed     94.82%
 463  200724_20-08518_HIV10-02405_FL24_S14_L000_read_86_count_1    13.26%    passed     89.91%
 464  200724_20-08518_HIV10-02405_FL24_S14_L000_read_87_count_1    13.26%    passed     89.65%
 465  B.FR.83.HXB2_LAI_IIIB_BRU.K03455                             13.26%    passed     99.83%
 466  C.BW.00.00BW07621.AF443088                                   13.26%    passed     96.63%
****  TOTAL                                                        13.29%  0 sequences failed composition chi2 test (p-value<5%; df=3)
Checking for duplicate sequences: done in 0.00102124 secs using 1088% CPU

Create initial parsimony tree by phylogenetic likelihood library (PLL)... 0.050 seconds

NOTE: 20 MB RAM (0 GB) is required!
WARNING: Number of threads seems too high for short alignments. Use -T AUTO to determine best number of threads.
Estimate model parameters (epsilon = 0.100)
1. Initial log-likelihood: -4226.668
2. Current log-likelihood: -4116.566
3. Current log-likelihood: -4116.203
Optimal log-likelihood: -4116.119
Rate parameters:  A-C: 0.61744  A-G: 1.44851  A-T: 0.37163  C-G: 0.22355  C-T: 1.84001  G-T: 1.00000
Base frequencies:  A: 0.447  C: 0.137  G: 0.219  T: 0.197
Site proportion and rates:  (0.099,0.297) (0.159,0.512) (0.193,0.611) (0.200,0.742) (0.176,1.160) (0.175,2.403)
Parameters optimization took 3 rounds (1.983 sec)
Wrote distance file to... 
Computing ML distances based on estimated model parameters...
Calculating distance matrix: done in 0.40691 secs using 400.1% CPU
Computing ML distances took 0.407579 sec (of wall-clock time) 1.628654 sec (of CPU time)
Setting up auxiliary I and S matrices: done in 0.00705731 secs using 168.1% CPU
Constructing RapidNJ tree: done in 0.872054 secs using 116.7% CPU
Computing RapidNJ tree took 0.879234 sec (of wall-clock time) 1.029840 sec (of CPU time)
Log-likelihood of RapidNJ tree: -4119.275
--------------------------------------------------------------------
|             INITIALIZING CANDIDATE TREE SET                      |
--------------------------------------------------------------------
Generating 98 parsimony trees... 4.590 second
Computing log-likelihood of 98 initial trees ... 4.022 seconds
Current best score: -4101.495

Do NNI search on 20 best initial trees
Optimizing NNI: done in 0.43014 secs using 394.8% CPU
Estimate model parameters (epsilon = 0.100)
BETTER TREE FOUND at iteration 1: -4099.195
Optimizing NNI: done in 0.580088 secs using 395.9% CPU
Optimizing NNI: done in 0.503062 secs using 399.7% CPU
Optimizing NNI: done in 0.460346 secs using 391.1% CPU
Optimizing NNI: done in 0.493708 secs using 392.4% CPU
Optimizing NNI: done in 0.469133 secs using 396.6% CPU
Optimizing NNI: done in 0.779631 secs using 394.5% CPU
Optimizing NNI: done in 0.672096 secs using 397% CPU
Optimizing NNI: done in 0.598232 secs using 370.8% CPU
Optimizing NNI: done in 0.489183 secs using 393.4% CPU
Iteration 10 / LogL: -4106.186 / Time: 0h:0m:19s
Optimizing NNI: done in 0.591959 secs using 396.6% CPU
Optimizing NNI: done in 0.353565 secs using 397.5% CPU
Optimizing NNI: done in 0.751915 secs using 391.5% CPU
Optimizing NNI: done in 0.714 secs using 397.5% CPU
Optimizing NNI: done in 0.447356 secs using 395.1% CPU
Optimizing NNI: done in 0.830421 secs using 395.2% CPU
Optimizing NNI: done in 0.598355 secs using 396.1% CPU
Optimizing NNI: done in 0.65956 secs using 372% CPU
Optimizing NNI: done in 0.506156 secs using 388.8% CPU
Optimizing NNI: done in 0.517453 secs using 397.6% CPU
Iteration 20 / LogL: -4105.516 / Time: 0h:0m:25s
Finish initializing candidate tree set (20)
Current best tree score: -4099.195 / CPU time: 21.853
Number of iterations: 20
--------------------------------------------------------------------
|               OPTIMIZING CANDIDATE TREE SET                      |
--------------------------------------------------------------------
Optimizing NNI: done in 0.977993 secs using 396.1% CPU
Optimizing NNI: done in 0.784252 secs using 395.8% CPU
Optimizing NNI: done in 0.838889 secs using 396.1% CPU
Optimizing NNI: done in 0.593747 secs using 391.7% CPU
Optimizing NNI: done in 0.610969 secs using 393.3% CPU
Optimizing NNI: done in 0.858403 secs using 377.5% CPU
Optimizing NNI: done in 0.644345 secs using 397.3% CPU
Optimizing NNI: done in 0.709817 secs using 396.1% CPU
Optimizing NNI: done in 0.81492 secs using 397% CPU
Optimizing NNI: done in 0.784754 secs using 397.1% CPU
Iteration 30 / LogL: -4114.255 / Time: 0h:0m:33s (0h:1m:21s left)
Optimizing NNI: done in 0.574657 secs using 399.3% CPU
Optimizing NNI: done in 0.677263 secs using 395.3% CPU
Optimizing NNI: done in 0.47256 secs using 397.1% CPU
Optimizing NNI: done in 0.838659 secs using 377.6% CPU
Optimizing NNI: done in 1.03602 secs using 398% CPU
Optimizing NNI: done in 0.512909 secs using 395.5% CPU
Estimate model parameters (epsilon = 0.100)
BETTER TREE FOUND at iteration 36: -4098.782
Optimizing NNI: done in 0.749838 secs using 396.6% CPU
Optimizing NNI: done in 0.486224 secs using 394.5% CPU
Optimizing NNI: done in 1.16434 secs using 384.6% CPU
Optimizing NNI: done in 0.680653 secs using 396.7% CPU
Iteration 40 / LogL: -4105.357 / Time: 0h:0m:41s (0h:1m:43s left)
Optimizing NNI: done in 1.00916 secs using 393.3% CPU
Optimizing NNI: done in 0.693372 secs using 396.2% CPU
Optimizing NNI: done in 0.670328 secs using 393% CPU
Optimizing NNI: done in 0.80066 secs using 397.7% CPU
Optimizing NNI: done in 0.710609 secs using 395.5% CPU
Optimizing NNI: done in 0.878016 secs using 376.9% CPU
Optimizing NNI: done in 0.718325 secs using 399.5% CPU
Optimizing NNI: done in 0.609285 secs using 396.1% CPU
Optimizing NNI: done in 0.883961 secs using 396.4% CPU
Optimizing NNI: done in 0.495182 secs using 394.8% CPU
Iteration 50 / LogL: -4124.604 / Time: 0h:0m:49s (0h:1m:27s left)
Optimizing NNI: done in 0.745044 secs using 393.7% CPU
Optimizing NNI: done in 0.601827 secs using 397.1% CPU
Optimizing NNI: done in 1.07545 secs using 380.3% CPU
Optimizing NNI: done in 0.812613 secs using 395.3% CPU
Optimizing NNI: done in 0.92675 secs using 394.8% CPU
Optimizing NNI: done in 0.706315 secs using 396.7% CPU
Optimizing NNI: done in 0.751058 secs using 397.1% CPU
Optimizing NNI: done in 1.02057 secs using 397.4% CPU
Optimizing NNI: done in 0.615527 secs using 393.5% CPU
Optimizing NNI: done in 0.664676 secs using 385.6% CPU
Iteration 60 / LogL: -4103.432 / Time: 0h:0m:58s (0h:1m:14s left)
Optimizing NNI: done in 0.646198 secs using 395.9% CPU
Optimizing NNI: done in 0.669547 secs using 395.7% CPU
Optimizing NNI: done in 0.723158 secs using 396.5% CPU
Optimizing NNI: done in 0.697009 secs using 395.5% CPU
Optimizing NNI: done in 0.733909 secs using 396.5% CPU
Optimizing NNI: done in 0.682771 secs using 393.5% CPU
Optimizing NNI: done in 0.894132 secs using 378.4% CPU
Optimizing NNI: done in 0.670677 secs using 396.4% CPU
Optimizing NNI: done in 1.38997 secs using 397% CPU
Optimizing NNI: done in 0.690937 secs using 397% CPU
Iteration 70 / LogL: -4107.665 / Time: 0h:1m:6s (0h:1m:3s left)
Optimizing NNI: done in 0.480806 secs using 394.5% CPU
Optimizing NNI: done in 0.955579 secs using 396.3% CPU
Optimizing NNI: done in 0.808939 secs using 382% CPU
Optimizing NNI: done in 1.01439 secs using 398.1% CPU
Optimizing NNI: done in 0.541334 secs using 399.3% CPU
Optimizing NNI: done in 0.977411 secs using 397.5% CPU
Optimizing NNI: done in 0.733985 secs using 397% CPU
Optimizing NNI: done in 0.676825 secs using 397.6% CPU
Optimizing NNI: done in 0.595854 secs using 395.3% CPU
Optimizing NNI: done in 0.726216 secs using 372.8% CPU
Iteration 80 / LogL: -4120.671 / Time: 0h:1m:14s (0h:0m:52s left)
Optimizing NNI: done in 0.712003 secs using 394.4% CPU
Estimate model parameters (epsilon = 0.100)
BETTER TREE FOUND at iteration 81: -4097.649
Optimizing NNI: done in 0.585308 secs using 395.2% CPU
Optimizing NNI: done in 0.707197 secs using 397.5% CPU
Optimizing NNI: done in 0.650243 secs using 396.5% CPU
Optimizing NNI: done in 0.834267 secs using 396.3% CPU
Optimizing NNI: done in 0.751602 secs using 375.8% CPU
Optimizing NNI: done in 0.730388 secs using 396.3% CPU
Optimizing NNI: done in 0.670861 secs using 396.9% CPU
Optimizing NNI: done in 0.985959 secs using 396.1% CPU
Optimizing NNI: done in 0.807077 secs using 396.7% CPU
Iteration 90 / LogL: -4105.216 / Time: 0h:1m:22s (0h:1m:24s left)
Optimizing NNI: done in 0.97735 secs using 397.9% CPU
Optimizing NNI: done in 0.588161 secs using 397.1% CPU
Optimizing NNI: done in 0.831133 secs using 374.7% CPU
Optimizing NNI: done in 0.704266 secs using 395.9% CPU
Optimizing NNI: done in 0.697406 secs using 395.4% CPU
Optimizing NNI: done in 0.718813 secs using 396.9% CPU
Optimizing NNI: done in 0.591338 secs using 393.6% CPU
Optimizing NNI: done in 1.28018 secs using 394.6% CPU
Optimizing NNI: done in 0.791368 secs using 382.3% CPU
Optimizing NNI: done in 0.832067 secs using 398.5% CPU
Iteration 100 / LogL: -4106.948 / Time: 0h:1m:31s (0h:1m:14s left)
Optimizing NNI: done in 0.599056 secs using 396.5% CPU
Optimizing NNI: done in 0.697817 secs using 397.1% CPU
Optimizing NNI: done in 0.899302 secs using 395.3% CPU
Optimizing NNI: done in 0.688905 secs using 397.3% CPU
Optimizing NNI: done in 0.666623 secs using 397% CPU
Optimizing NNI: done in 1.08113 secs using 380.1% CPU
Optimizing NNI: done in 0.592194 secs using 395.1% CPU
Optimizing NNI: done in 0.585144 secs using 396% CPU
Optimizing NNI: done in 0.60614 secs using 391.6% CPU
Optimizing NNI: done in 0.559521 secs using 396.6% CPU
Iteration 110 / LogL: -4105.060 / Time: 0h:1m:38s (0h:1m:4s left)
Optimizing NNI: done in 0.80709 secs using 397.3% CPU
Optimizing NNI: done in 0.816949 secs using 396.2% CPU
Optimizing NNI: done in 0.633707 secs using 398.5% CPU
Optimizing NNI: done in 0.866933 secs using 377.6% CPU
Optimizing NNI: done in 0.580772 secs using 397.5% CPU
Optimizing NNI: done in 0.528401 secs using 399.5% CPU
Optimizing NNI: done in 0.679201 secs using 397.4% CPU
Optimizing NNI: done in 0.66686 secs using 398.7% CPU
Optimizing NNI: done in 0.629535 secs using 396.1% CPU
Estimate model parameters (epsilon = 0.100)
BETTER TREE FOUND at iteration 119: -4097.559
Optimizing NNI: done in 0.685429 secs using 394.1% CPU
Iteration 120 / LogL: -4108.322 / Time: 0h:1m:46s (0h:1m:28s left)
Optimizing NNI: done in 0.684998 secs using 372.4% CPU
Optimizing NNI: done in 0.792223 secs using 396.3% CPU
Optimizing NNI: done in 0.879765 secs using 398.2% CPU
Optimizing NNI: done in 0.804136 secs using 396.5% CPU
Optimizing NNI: done in 0.698684 secs using 392% CPU
Optimizing NNI: done in 0.824965 secs using 396% CPU
Optimizing NNI: done in 0.592861 secs using 394.2% CPU
Optimizing NNI: done in 0.853435 secs using 378.2% CPU
Optimizing NNI: done in 0.951843 secs using 397.5% CPU
Optimizing NNI: done in 0.669475 secs using 396.9% CPU
Iteration 130 / LogL: -4110.427 / Time: 0h:1m:54s (0h:1m:18s left)
Optimizing NNI: done in 0.913403 secs using 397.4% CPU
Optimizing NNI: done in 0.588577 secs using 396.3% CPU
Optimizing NNI: done in 0.576031 secs using 396.9% CPU
Optimizing NNI: done in 0.772705 secs using 397.1% CPU
Optimizing NNI: done in 0.738791 secs using 375.4% CPU
Optimizing NNI: done in 0.762618 secs using 394.8% CPU
Optimizing NNI: done in 0.554345 secs using 392.9% CPU
Optimizing NNI: done in 0.888174 secs using 395.4% CPU
Optimizing NNI: done in 0.570738 secs using 396.3% CPU
Optimizing NNI: done in 0.567184 secs using 396.1% CPU
Iteration 140 / LogL: -4115.261 / Time: 0h:2m:1s (0h:1m:9s left)
Optimizing NNI: done in 0.662052 secs using 393.6% CPU
Optimizing NNI: done in 0.899774 secs using 384.5% CPU
Optimizing NNI: done in 0.900156 secs using 395% CPU
Optimizing NNI: done in 0.914769 secs using 396% CPU
Estimate model parameters (epsilon = 0.100)
BETTER TREE FOUND at iteration 144: -4096.506
Optimizing NNI: done in 0.452911 secs using 398.3% CPU
Optimizing NNI: done in 0.920627 secs using 395.9% CPU
Optimizing NNI: done in 0.82774 secs using 395.7% CPU
Optimizing NNI: done in 1.00276 secs using 378.9% CPU
Optimizing NNI: done in 0.570687 secs using 395.1% CPU
Optimizing NNI: done in 0.770255 secs using 395.3% CPU
Iteration 150 / LogL: -4101.439 / Time: 0h:2m:10s (0h:1m:22s left)
Optimizing NNI: done in 0.899823 secs using 397.4% CPU
Optimizing NNI: done in 0.668322 secs using 394.2% CPU
Optimizing NNI: done in 0.719028 secs using 398.7% CPU
Optimizing NNI: done in 0.684474 secs using 396.9% CPU
Optimizing NNI: done in 0.688417 secs using 376.6% CPU
Optimizing NNI: done in 1.23748 secs using 396.6% CPU
Optimizing NNI: done in 0.667816 secs using 392.3% CPU
Optimizing NNI: done in 0.60011 secs using 393.9% CPU
Optimizing NNI: done in 0.805374 secs using 394% CPU
Optimizing NNI: done in 0.891206 secs using 394.9% CPU
Iteration 160 / LogL: -4111.311 / Time: 0h:2m:18s (0h:1m:13s left)
Optimizing NNI: done in 1.08334 secs using 381.1% CPU
Optimizing NNI: done in 0.786945 secs using 394.8% CPU
Optimizing NNI: done in 0.700459 secs using 395.2% CPU
Optimizing NNI: done in 0.716105 secs using 393.3% CPU
Optimizing NNI: done in 1.10812 secs using 394.5% CPU
Optimizing NNI: done in 0.671824 secs using 397.7% CPU
Optimizing NNI: done in 0.689221 secs using 394.8% CPU
Optimizing NNI: done in 0.983862 secs using 377.3% CPU
Optimizing NNI: done in 0.736933 secs using 392% CPU
Optimizing NNI: done in 0.876457 secs using 395.3% CPU
BETTER TREE FOUND at iteration 170: -4096.506
Iteration 170 / LogL: -4096.506 / Time: 0h:2m:27s (0h:1m:27s left)
Optimizing NNI: done in 0.651563 secs using 396.5% CPU
Optimizing NNI: done in 0.810121 secs using 395.7% CPU
Optimizing NNI: done in 0.715839 secs using 396.7% CPU
Optimizing NNI: done in 0.706204 secs using 397.4% CPU
Optimizing NNI: done in 0.743956 secs using 374.6% CPU
Optimizing NNI: done in 0.583531 secs using 397.3% CPU
Optimizing NNI: done in 0.784806 secs using 395.1% CPU
Optimizing NNI: done in 0.792055 secs using 393.2% CPU
Optimizing NNI: done in 0.781224 secs using 396.4% CPU
Optimizing NNI: done in 0.814118 secs using 398.7% CPU
Iteration 180 / LogL: -4096.611 / Time: 0h:2m:35s (0h:1m:17s left)
Optimizing NNI: done in 0.588675 secs using 396.3% CPU
Optimizing NNI: done in 0.928908 secs using 375.5% CPU
Optimizing NNI: done in 0.473795 secs using 395.5% CPU
Optimizing NNI: done in 0.568137 secs using 397.1% CPU
Optimizing NNI: done in 0.675193 secs using 396.2% CPU
Optimizing NNI: done in 0.807586 secs using 397.6% CPU
Optimizing NNI: done in 0.58511 secs using 395.3% CPU
Optimizing NNI: done in 0.580556 secs using 396.9% CPU
Optimizing NNI: done in 0.789629 secs using 394.6% CPU
Optimizing NNI: done in 0.958344 secs using 389.6% CPU
Estimate model parameters (epsilon = 0.100)
BETTER TREE FOUND at iteration 190: -4095.420
Iteration 190 / LogL: -4095.420 / Time: 0h:2m:42s (0h:1m:26s left)
Optimizing NNI: done in 0.805968 secs using 398.8% CPU
Optimizing NNI: done in 0.742552 secs using 397.3% CPU
Optimizing NNI: done in 0.651722 secs using 397.1% CPU
Optimizing NNI: done in 0.651318 secs using 399.1% CPU
Optimizing NNI: done in 0.692591 secs using 396.8% CPU
Optimizing NNI: done in 0.712802 secs using 373.4% CPU
Optimizing NNI: done in 0.684403 secs using 397.2% CPU
Optimizing NNI: done in 0.824772 secs using 393.9% CPU
Optimizing NNI: done in 0.77434 secs using 397.5% CPU
Optimizing NNI: done in 0.829362 secs using 396.1% CPU
Iteration 200 / LogL: -4101.403 / Time: 0h:2m:50s (0h:1m:17s left)
Optimizing NNI: done in 0.912793 secs using 397.4% CPU
Optimizing NNI: done in 0.664428 secs using 395.4% CPU
Optimizing NNI: done in 0.746424 secs using 373.4% CPU
Optimizing NNI: done in 0.577967 secs using 398.2% CPU
Optimizing NNI: done in 0.598198 secs using 398.2% CPU
Optimizing NNI: done in 0.657076 secs using 399.5% CPU
Optimizing NNI: done in 0.580205 secs using 395.7% CPU
Optimizing NNI: done in 0.637327 secs using 397.5% CPU
Optimizing NNI: done in 0.777628 secs using 394.7% CPU
Optimizing NNI: done in 0.699711 secs using 395.5% CPU
Iteration 210 / LogL: -4117.519 / Time: 0h:2m:57s (0h:1m:8s left)
Optimizing NNI: done in 1.10608 secs using 381.1% CPU
Optimizing NNI: done in 0.934238 secs using 396.7% CPU
Optimizing NNI: done in 0.592661 secs using 396.3% CPU
Optimizing NNI: done in 0.701973 secs using 396.9% CPU
Optimizing NNI: done in 0.575296 secs using 396.2% CPU
Optimizing NNI: done in 0.951564 secs using 394.7% CPU
Optimizing NNI: done in 0.857845 secs using 378.9% CPU
Optimizing NNI: done in 0.591328 secs using 397% CPU
Optimizing NNI: done in 0.67049 secs using 398.9% CPU
Optimizing NNI: done in 0.85866 secs using 393.8% CPU
Iteration 220 / LogL: -4096.521 / Time: 0h:3m:5s (0h:0m:59s left)
Optimizing NNI: done in 0.828661 secs using 394.9% CPU
Optimizing NNI: done in 0.693856 secs using 396.9% CPU
Optimizing NNI: done in 0.686085 secs using 396% CPU
Optimizing NNI: done in 0.831915 secs using 381.3% CPU
Optimizing NNI: done in 0.618035 secs using 393.8% CPU
Optimizing NNI: done in 0.81766 secs using 397.4% CPU
Optimizing NNI: done in 0.658871 secs using 393.8% CPU
Optimizing NNI: done in 0.807931 secs using 396.5% CPU
Optimizing NNI: done in 0.582295 secs using 393.7% CPU
Optimizing NNI: done in 0.58256 secs using 394.6% CPU
Iteration 230 / LogL: -4112.095 / Time: 0h:3m:13s (0h:0m:50s left)
Optimizing NNI: done in 0.575626 secs using 398.8% CPU
Optimizing NNI: done in 0.914335 secs using 376.5% CPU
Optimizing NNI: done in 0.778118 secs using 397.1% CPU
Optimizing NNI: done in 0.6913 secs using 399.1% CPU
Optimizing NNI: done in 0.729575 secs using 395.5% CPU
Optimizing NNI: done in 0.576948 secs using 396.7% CPU
Optimizing NNI: done in 0.893815 secs using 396.7% CPU
Optimizing NNI: done in 0.678552 secs using 394.7% CPU
Optimizing NNI: done in 1.13427 secs using 381.2% CPU
Estimate model parameters (epsilon = 0.100)
BETTER TREE FOUND at iteration 239: -4094.936
Optimizing NNI: done in 0.68045 secs using 396.2% CPU
Iteration 240 / LogL: -4097.661 / Time: 0h:3m:21s (0h:1m:23s left)
Optimizing NNI: done in 0.822684 secs using 396.6% CPU
Optimizing NNI: done in 0.704096 secs using 398.2% CPU
Optimizing NNI: done in 0.80481 secs using 396.7% CPU
Optimizing NNI: done in 0.818287 secs using 398.7% CPU
Optimizing NNI: done in 0.842748 secs using 377.6% CPU
Optimizing NNI: done in 0.701192 secs using 397.8% CPU
Optimizing NNI: done in 0.896589 secs using 397.6% CPU
Optimizing NNI: done in 0.706231 secs using 395.1% CPU
Optimizing NNI: done in 0.798678 secs using 397% CPU
Optimizing NNI: done in 0.581793 secs using 393.6% CPU
Iteration 250 / LogL: -4107.698 / Time: 0h:3m:29s (0h:1m:14s left)
Optimizing NNI: done in 0.790668 secs using 394.9% CPU
Optimizing NNI: done in 1.20883 secs using 383.7% CPU
Optimizing NNI: done in 0.468404 secs using 398.5% CPU
Optimizing NNI: done in 0.690255 secs using 396.1% CPU
Optimizing NNI: done in 0.679838 secs using 393.9% CPU
Optimizing NNI: done in 0.605917 secs using 394.4% CPU
Optimizing NNI: done in 0.594887 secs using 395.6% CPU
Optimizing NNI: done in 0.725575 secs using 397.1% CPU
Optimizing NNI: done in 0.850726 secs using 381.1% CPU
Optimizing NNI: done in 0.791118 secs using 396.3% CPU
Iteration 260 / LogL: -4106.144 / Time: 0h:3m:37s (0h:1m:6s left)
Optimizing NNI: done in 0.602326 secs using 398.1% CPU
Optimizing NNI: done in 0.830621 secs using 395.2% CPU
Estimate model parameters (epsilon = 0.100)
BETTER TREE FOUND at iteration 262: -4094.831
Optimizing NNI: done in 0.755896 secs using 395.8% CPU
Optimizing NNI: done in 0.696496 secs using 398% CPU
Optimizing NNI: done in 1.07478 secs using 383.1% CPU
Optimizing NNI: done in 0.524607 secs using 394.4% CPU
Optimizing NNI: done in 0.784258 secs using 397.3% CPU
Optimizing NNI: done in 0.688775 secs using 397.3% CPU
Optimizing NNI: done in 0.565518 secs using 396.4% CPU
Optimizing NNI: done in 0.702147 secs using 394.5% CPU
Iteration 270 / LogL: -4102.133 / Time: 0h:3m:45s (0h:1m:17s left)
Optimizing NNI: done in 0.884847 secs using 398.3% CPU
Optimizing NNI: done in 0.770634 secs using 383.6% CPU
Optimizing NNI: done in 0.689115 secs using 393.7% CPU
Optimizing NNI: done in 0.87021 secs using 394.6% CPU
Optimizing NNI: done in 0.714641 secs using 397.8% CPU
Optimizing NNI: done in 0.651482 secs using 396.5% CPU
Optimizing NNI: done in 0.719303 secs using 396.4% CPU
Optimizing NNI: done in 0.796813 secs using 397.1% CPU
Optimizing NNI: done in 0.961013 secs using 376.3% CPU
Optimizing NNI: done in 0.585944 secs using 394.8% CPU
Iteration 280 / LogL: -4111.113 / Time: 0h:3m:53s (0h:1m:8s left)
Optimizing NNI: done in 0.703802 secs using 396.1% CPU
Optimizing NNI: done in 0.593617 secs using 397.8% CPU
Optimizing NNI: done in 0.598646 secs using 396.7% CPU
Optimizing NNI: done in 0.750067 secs using 397% CPU
Optimizing NNI: done in 0.810247 secs using 395.2% CPU
Optimizing NNI: done in 0.812743 secs using 381.4% CPU
Optimizing NNI: done in 0.847877 secs using 398.1% CPU
Optimizing NNI: done in 0.600453 secs using 395.8% CPU
Optimizing NNI: done in 0.684559 secs using 394.5% CPU
Optimizing NNI: done in 0.678326 secs using 395.4% CPU
Iteration 290 / LogL: -4103.792 / Time: 0h:4m:0s (0h:1m:0s left)
Optimizing NNI: done in 0.645647 secs using 395.5% CPU
Optimizing NNI: done in 0.869444 secs using 394.9% CPU
Optimizing NNI: done in 0.475143 secs using 394.4% CPU
Optimizing NNI: done in 0.773 secs using 387.9% CPU
Optimizing NNI: done in 0.588447 secs using 397.7% CPU
Optimizing NNI: done in 0.566395 secs using 397.3% CPU
Estimate model parameters (epsilon = 0.100)
BETTER TREE FOUND at iteration 296: -4093.171
Optimizing NNI: done in 0.716474 secs using 394.8% CPU
Optimizing NNI: done in 0.858277 secs using 394.1% CPU
Optimizing NNI: done in 0.685152 secs using 396% CPU
Optimizing NNI: done in 0.789147 secs using 380.8% CPU
Iteration 300 / LogL: -4114.566 / Time: 0h:4m:8s (0h:1m:19s left)
Optimizing NNI: done in 0.803186 secs using 394.6% CPU
Optimizing NNI: done in 0.678428 secs using 398.3% CPU
Optimizing NNI: done in 0.788329 secs using 394.8% CPU
Optimizing NNI: done in 0.915853 secs using 395.7% CPU
Optimizing NNI: done in 0.777614 secs using 395.3% CPU
Optimizing NNI: done in 0.588327 secs using 393% CPU
Optimizing NNI: done in 0.921489 secs using 376.9% CPU
Optimizing NNI: done in 0.995657 secs using 396.5% CPU
Optimizing NNI: done in 0.679166 secs using 398.6% CPU
Optimizing NNI: done in 0.720843 secs using 394.7% CPU
Iteration 310 / LogL: -4113.524 / Time: 0h:4m:17s (0h:1m:11s left)
Optimizing NNI: done in 0.732879 secs using 399.1% CPU
Optimizing NNI: done in 0.702205 secs using 392.7% CPU
Optimizing NNI: done in 0.7274 secs using 397.3% CPU
Optimizing NNI: done in 0.710936 secs using 374% CPU
Optimizing NNI: done in 0.680066 secs using 395.8% CPU
Optimizing NNI: done in 0.529103 secs using 397.4% CPU
Optimizing NNI: done in 0.740048 secs using 396.7% CPU
Optimizing NNI: done in 0.807385 secs using 396.2% CPU
Optimizing NNI: done in 0.747975 secs using 395.7% CPU
Optimizing NNI: done in 0.83313 secs using 399.1% CPU
Iteration 320 / LogL: -4103.768 / Time: 0h:4m:24s (0h:1m:3s left)
Optimizing NNI: done in 0.682823 secs using 373.9% CPU
Optimizing NNI: done in 0.464322 secs using 396.3% CPU
Optimizing NNI: done in 0.677238 secs using 396.8% CPU
Optimizing NNI: done in 0.84801 secs using 397.1% CPU
Optimizing NNI: done in 0.563864 secs using 396.4% CPU
Optimizing NNI: done in 0.718665 secs using 394.9% CPU
Optimizing NNI: done in 0.547452 secs using 398.1% CPU
Optimizing NNI: done in 0.750784 secs using 394.1% CPU
Optimizing NNI: done in 0.917896 secs using 378.5% CPU
Optimizing NNI: done in 0.631883 secs using 397.5% CPU
Iteration 330 / LogL: -4093.278 / Time: 0h:4m:31s (0h:0m:54s left)
Optimizing NNI: done in 0.807651 secs using 394.2% CPU
Optimizing NNI: done in 0.831945 secs using 398.5% CPU
Optimizing NNI: done in 0.751047 secs using 395.3% CPU
Optimizing NNI: done in 0.634922 secs using 394.2% CPU
Optimizing NNI: done in 0.681088 secs using 398.1% CPU
Optimizing NNI: done in 0.866128 secs using 378.5% CPU
Optimizing NNI: done in 0.661235 secs using 394% CPU
Optimizing NNI: done in 0.660043 secs using 397.5% CPU
Optimizing NNI: done in 0.749931 secs using 392.8% CPU
Optimizing NNI: done in 0.680754 secs using 395.5% CPU
Iteration 340 / LogL: -4099.287 / Time: 0h:4m:39s (0h:0m:46s left)
Optimizing NNI: done in 0.659528 secs using 395.8% CPU
Optimizing NNI: done in 0.676177 secs using 393.4% CPU
Optimizing NNI: done in 0.790469 secs using 377.6% CPU
Optimizing NNI: done in 0.782429 secs using 396.5% CPU
Optimizing NNI: done in 0.797331 secs using 397.9% CPU
Optimizing NNI: done in 0.617838 secs using 397.8% CPU
Optimizing NNI: done in 0.715583 secs using 394.5% CPU
Optimizing NNI: done in 0.549948 secs using 396.7% CPU
Optimizing NNI: done in 0.765608 secs using 396.2% CPU
Optimizing NNI: done in 0.811472 secs using 381.9% CPU
Iteration 350 / LogL: -4103.291 / Time: 0h:4m:46s (0h:0m:37s left)
Optimizing NNI: done in 0.655967 secs using 395.6% CPU
Optimizing NNI: done in 0.653713 secs using 398.5% CPU
Optimizing NNI: done in 0.780345 secs using 396.2% CPU
Optimizing NNI: done in 0.738594 secs using 396% CPU
Optimizing NNI: done in 0.80449 secs using 396.8% CPU
Optimizing NNI: done in 0.765208 secs using 398.4% CPU
Optimizing NNI: done in 0.859979 secs using 380.1% CPU
Optimizing NNI: done in 0.790599 secs using 394.9% CPU
Optimizing NNI: done in 0.639288 secs using 397.8% CPU
Optimizing NNI: done in 0.571325 secs using 396.8% CPU
Iteration 360 / LogL: -4108.688 / Time: 0h:4m:54s (0h:0m:29s left)
Optimizing NNI: done in 0.886783 secs using 393.6% CPU
Optimizing NNI: done in 0.857454 secs using 396.7% CPU
Optimizing NNI: done in 0.680798 secs using 397.3% CPU
Optimizing NNI: done in 0.857293 secs using 377.4% CPU
Optimizing NNI: done in 0.621042 secs using 398.8% CPU
Optimizing NNI: done in 0.796177 secs using 397.9% CPU
Optimizing NNI: done in 0.818714 secs using 398.5% CPU
Optimizing NNI: done in 0.694527 secs using 397.2% CPU
Optimizing NNI: done in 0.804893 secs using 395.6% CPU
Optimizing NNI: done in 0.685131 secs using 393.7% CPU
Iteration 370 / LogL: -4097.477 / Time: 0h:5m:2s (0h:0m:21s left)
Optimizing NNI: done in 1.09643 secs using 382.7% CPU
Optimizing NNI: done in 0.754002 secs using 396% CPU
Optimizing NNI: done in 0.938489 secs using 397.9% CPU
Optimizing NNI: done in 0.760543 secs using 395.6% CPU
Optimizing NNI: done in 0.715946 secs using 396.1% CPU
Optimizing NNI: done in 0.686669 secs using 395.3% CPU
Optimizing NNI: done in 0.557942 secs using 397.4% CPU
Optimizing NNI: done in 0.869553 secs using 385.1% CPU
Optimizing NNI: done in 0.591608 secs using 396.8% CPU
Optimizing NNI: done in 0.690442 secs using 394.3% CPU
Iteration 380 / LogL: -4094.320 / Time: 0h:5m:10s (0h:0m:13s left)
Optimizing NNI: done in 0.826135 secs using 395.3% CPU
Optimizing NNI: done in 0.746418 secs using 395.2% CPU
Optimizing NNI: done in 0.578532 secs using 398% CPU
Optimizing NNI: done in 0.5671 secs using 396.7% CPU
Optimizing NNI: done in 1.18249 secs using 381.8% CPU
Optimizing NNI: done in 0.800126 secs using 396.4% CPU
Optimizing NNI: done in 0.696761 secs using 393.3% CPU
Optimizing NNI: done in 0.585409 secs using 398.6% CPU
Optimizing NNI: done in 0.790159 secs using 397.2% CPU
Optimizing NNI: done in 0.783844 secs using 393.4% CPU
Iteration 390 / LogL: -4096.564 / Time: 0h:5m:18s (0h:0m:4s left)
Optimizing NNI: done in 0.739357 secs using 397% CPU
Optimizing NNI: done in 0.924142 secs using 379.1% CPU
Optimizing NNI: done in 0.664918 secs using 390% CPU
Optimizing NNI: done in 0.609607 secs using 397.2% CPU
Optimizing NNI: done in 0.764338 secs using 397.7% CPU
Optimizing NNI: done in 0.692648 secs using 395.1% CPU
Optimizing NNI: done in 0.587924 secs using 397.9% CPU
TREE SEARCH COMPLETED AFTER 397 ITERATIONS / Time: 0h:5m:23s

--------------------------------------------------------------------
|                    FINALIZING TREE SEARCH                        |
--------------------------------------------------------------------
Performs final model parameters optimization
Estimate model parameters (epsilon = 0.010)
1. Initial log-likelihood: -4093.171
Optimal log-likelihood: -4093.164
Rate parameters:  A-C: 0.58811  A-G: 1.37952  A-T: 0.31548  C-G: 0.18690  C-T: 1.74855  G-T: 1.00000
Base frequencies:  A: 0.447  C: 0.137  G: 0.219  T: 0.197
Site proportion and rates:  (0.094,0.316) (0.155,0.557) (0.189,0.606) (0.194,0.660) (0.149,1.099) (0.219,2.185)
Parameters optimization took 1 rounds (0.471 sec)
BEST SCORE FOUND : -4093.164
Total tree length: 2.279

Total number of iterations: 397
CPU time used for tree search: 1218.862 sec (0h:20m:18s)
Wall-clock time used for tree search: 320.056 sec (0h:5m:20s)
Total CPU time used: 1231.970 sec (0h:20m:31s)
Total wall-clock time used: 324.151 sec (0h:5m:24s)

Analysis results written to: 
  IQ-TREE report:                IQTREE_bestTree.InWindow_4680_to_4930.iqtree
  Maximum-likelihood tree:       IQTREE_bestTree.InWindow_4680_to_4930.treefile
  Likelihood distances:          IQTREE_bestTree.InWindow_4680_to_4930.mldist
  Screen log file:               IQTREE_bestTree.InWindow_4680_to_4930.log

Date and Time: Sun Jul 23 04:29:37 2023
