IQ-TREE multicore version 2.2.2.7 COVID-edition for Linux 64-bit built Jun  7 2023
Developed by Bui Quang Minh, James Barbetti, Nguyen Lam Tung,
Olga Chernomor, Heiko Schmidt, Dominik Schrempf, Michael Woodhams, Ly Trong Nhan.

Host:    hpc-node03 (AVX2, FMA3, 1007 GB RAM)
Command: iqtree -s AlignedReadsInWindow_PositionsExcised_4600_to_4850.fasta -pre IQTREE_bestTree.InWindow_4600_to_4850 -m GTR+F+R6 -nt 2
Seed:    130842 (Using SPRNG - Scalable Parallel Random Number Generator)
Time:    Tue Jul 25 12:06:09 2023
Kernel:  AVX+FMA - 2 threads (2 CPU cores detected)

Reading alignment file AlignedReadsInWindow_PositionsExcised_4600_to_4850.fasta ... Fasta format detected
Reading fasta file: done in 0.00325909 secs using 86.1% CPU
Alignment most likely contains DNA/RNA sequences
Constructing alignment: done in 0.00131154 secs using 202.2% CPU
Alignment has 509 sequences with 236 columns, 206 distinct patterns
120 parsimony-informative, 69 singleton sites, 47 constant sites
                                                            Gap/Ambiguity  Composition  p-value
Analyzing sequences: done in 0.000280036 secs using 811.3% CPU
   1  200724_20-08518_HIV10-02405_FL24_S14_L000_read_1_count_106    3.81%    passed     93.85%
   2  200724_20-08518_HIV10-02405_FL24_S14_L000_read_2_count_40     3.81%    passed     97.09%
   3  200724_20-08518_HIV10-02405_FL24_S14_L000_read_3_count_37     3.81%    passed     91.26%
   4  200724_20-08518_HIV10-02405_FL24_S14_L000_read_4_count_8      3.81%    passed     97.09%
   5  200724_20-08518_HIV10-02405_FL24_S14_L000_read_5_count_8      3.81%    passed     97.60%
   6  200724_20-08518_HIV10-02405_FL24_S14_L000_read_6_count_4      3.81%    passed     98.18%
   7  200724_20-08518_HIV10-02405_FL24_S14_L000_read_7_count_3      3.81%    passed     98.18%
   8  200724_20-08518_HIV10-02405_FL24_S14_L000_read_8_count_3      3.81%    passed     95.16%
   9  200724_20-08518_HIV10-02405_FL24_S14_L000_read_9_count_3      3.81%    passed     94.84%
  10  200724_20-08518_HIV10-02405_FL24_S14_L000_read_10_count_3     3.81%    passed     91.26%
  11  200724_20-08518_HIV10-02405_FL24_S14_L000_read_11_count_2     3.81%    passed     98.18%
  12  200724_20-08518_HIV10-02405_FL24_S14_L000_read_12_count_2     3.81%    passed     98.15%
  13  200724_20-08518_HIV10-02405_FL24_S14_L000_read_13_count_2     3.81%    passed     87.22%
  14  200724_20-08518_HIV10-02405_FL24_S14_L000_read_14_count_2     3.81%    passed     91.10%
  15  200724_20-08518_HIV10-02405_FL24_S14_L000_read_15_count_2     3.81%    passed     93.85%
  16  200724_20-08518_HIV10-02405_FL24_S14_L000_read_16_count_2     3.81%    passed     91.26%
  17  200724_20-08518_HIV10-02405_FL24_S14_L000_read_17_count_2     3.81%    passed     91.26%
  18  200724_20-08518_HIV10-02405_FL24_S14_L000_read_18_count_2     3.81%    passed     98.15%
  19  200724_20-08518_HIV10-02405_FL24_S14_L000_read_19_count_2     3.81%    passed     94.84%
  20  200724_20-08518_HIV10-02405_FL24_S14_L000_read_20_count_2     3.81%    passed     87.22%
  21  200724_20-08518_HIV10-02405_FL24_S14_L000_read_21_count_2     3.81%    passed     91.26%
  22  200724_20-08518_HIV10-02405_FL24_S14_L000_read_22_count_2     3.81%    passed     87.43%
  23  200724_20-08518_HIV10-02405_FL24_S14_L000_read_23_count_1     3.81%    passed     87.81%
  24  200724_20-08518_HIV10-02405_FL24_S14_L000_read_24_count_1     3.39%    passed     86.10%
  25  200724_20-08518_HIV10-02405_FL24_S14_L000_read_25_count_1     3.81%    passed     91.26%
  26  200724_20-08518_HIV10-02405_FL24_S14_L000_read_26_count_1     3.81%    passed     91.10%
  27  200724_20-08518_HIV10-02405_FL24_S14_L000_read_27_count_1     3.81%    passed     91.77%
  28  200724_20-08518_HIV10-02405_FL24_S14_L000_read_28_count_1     3.81%    passed     95.91%
  29  200724_20-08518_HIV10-02405_FL24_S14_L000_read_29_count_1     3.81%    passed     93.85%
  30  200724_20-08518_HIV10-02405_FL24_S14_L000_read_30_count_1     3.81%    passed     91.26%
  31  200724_20-08518_HIV10-02405_FL24_S14_L000_read_31_count_1     4.24%    passed     95.87%
  32  200724_20-08518_HIV10-02405_FL24_S14_L000_read_32_count_1     3.81%    passed     89.34%
  33  200724_20-08518_HIV10-02405_FL24_S14_L000_read_33_count_1     3.81%    passed     98.18%
  34  200724_20-08518_HIV10-02405_FL24_S14_L000_read_34_count_1     3.81%    passed     87.43%
  35  200724_20-08518_HIV10-02405_FL24_S14_L000_read_35_count_1     3.81%    passed     97.74%
  36  200724_20-08518_HIV10-02405_FL24_S14_L000_read_36_count_1     3.81%    passed     97.09%
  37  200724_20-08518_HIV10-02405_FL24_S14_L000_read_37_count_1     3.81%    passed     91.26%
  38  200724_20-08518_HIV10-02405_FL24_S14_L000_read_38_count_1     3.81%    passed     97.09%
  39  200724_20-08518_HIV10-02405_FL24_S14_L000_read_39_count_1     3.81%    passed     97.09%
  40  200724_20-08518_HIV10-02405_FL24_S14_L000_read_40_count_1     3.81%    passed     87.43%
  41  200724_20-08518_HIV10-02405_FL24_S14_L000_read_41_count_1     3.81%    passed     98.15%
  42  200724_20-08518_HIV10-02405_FL24_S14_L000_read_42_count_1     3.39%    passed     94.14%
  43  200724_20-08518_HIV10-02405_FL24_S14_L000_read_43_count_1     3.81%    passed     94.84%
  44  200724_20-08518_HIV10-02405_FL24_S14_L000_read_44_count_1     3.81%    passed     92.55%
  45  200724_20-08518_HIV10-02405_FL24_S14_L000_read_45_count_1     3.81%    passed     93.85%
  46  200724_20-08518_HIV10-02405_FL24_S14_L000_read_46_count_1     3.81%    passed     94.39%
  47  200724_20-08518_HIV10-02405_FL24_S14_L000_read_47_count_1     3.81%    passed     95.16%
  48  200724_20-08518_HIV10-02405_FL24_S14_L000_read_48_count_1     3.81%    passed     93.85%
  49  200724_20-08518_HIV10-02405_FL24_S14_L000_read_49_count_1     3.81%    passed     93.85%
  50  200724_20-08518_HIV10-02405_FL24_S14_L000_read_50_count_1     3.81%    passed     93.85%
  51  200724_20-08518_HIV10-02405_FL24_S14_L000_read_51_count_1     3.81%    passed     88.15%
  52  200724_20-08518_HIV10-02405_FL24_S14_L000_read_52_count_1     3.81%    passed     87.81%
  53  200724_20-08518_HIV10-02405_FL24_S14_L000_read_53_count_1     3.81%    passed     91.62%
  54  200724_20-08518_HIV10-02405_FL24_S14_L000_read_54_count_1     3.81%    passed     94.39%
  55  200724_20-08518_HIV10-02405_FL24_S14_L000_read_55_count_1     3.39%    passed     97.81%
  56  200724_20-08518_HIV10-02405_FL24_S14_L000_read_56_count_1     3.81%    passed     96.75%
  57  200724_20-08518_HIV10-02405_FL24_S14_L000_read_57_count_1     3.81%    passed     87.22%
  58  200724_20-08518_HIV10-02405_FL24_S14_L000_read_58_count_1     3.81%    passed     98.15%
  59  200724_20-08518_HIV10-02405_FL24_S14_L000_read_59_count_1     3.81%    passed     95.16%
  60  200724_20-08518_HIV10-02405_FL24_S14_L000_read_60_count_1     3.81%    passed     94.84%
  61  200724_20-08518_HIV10-02405_FL24_S14_L000_read_61_count_1     3.81%    passed     94.84%
  62  200724_20-08518_HIV10-02405_FL24_S14_L000_read_62_count_1     3.39%    passed     89.08%
  63  200724_20-08518_HIV10-02405_FL24_S14_L000_read_63_count_1     3.81%    passed     94.84%
  64  200724_20-08518_HIV10-02405_FL24_S14_L000_read_64_count_1     3.81%    passed     94.84%
  65  200724_20-08518_HIV10-02405_FL24_S14_L000_read_65_count_1     3.81%    passed     84.97%
  66  200724_20-08518_HIV10-02405_FL24_S14_L000_read_66_count_1     4.24%    passed     89.67%
  67  200724_20-08518_HIV10-02405_FL24_S14_L000_read_67_count_1     3.81%    passed     98.18%
  68  200724_20-08518_HIV10-02405_FL24_S14_L000_read_68_count_1     3.81%    passed     98.18%
  69  200724_20-08518_HIV10-02405_FL24_S14_L000_read_69_count_1     3.81%    passed     91.26%
  70  200724_20-08518_HIV10-02405_FL24_S14_L000_read_70_count_1     3.81%    passed     91.62%
  71  200724_20-08518_HIV10-02405_FL24_S14_L000_read_71_count_1     3.81%    passed     95.16%
  72  200724_20-08518_HIV10-02405_FL24_S14_L000_read_72_count_1     3.81%    passed     87.22%
  73  200724_20-08518_HIV10-02405_FL24_S14_L000_read_73_count_1     3.81%    passed     91.26%
  74  200724_20-08518_HIV10-02405_FL24_S14_L000_read_74_count_1     3.81%    passed     97.09%
  75  200724_20-08518_HIV10-02405_FL24_S14_L000_read_75_count_1     4.24%    passed     93.07%
  76  200724_20-08518_HIV10-02405_FL24_S14_L000_read_76_count_1     3.81%    passed     93.85%
  77  200724_20-08518_HIV10-02405_FL24_S14_L000_read_77_count_1     3.81%    passed     91.62%
  78  200724_20-08518_HIV10-02405_FL24_S14_L000_read_78_count_1     3.81%    passed     97.09%
  79  200724_20-08518_HIV10-02405_FL24_S14_L000_read_79_count_1     4.24%    passed     95.07%
  80  200724_20-08518_HIV10-02405_FL24_S14_L000_read_80_count_1     3.81%    passed     98.59%
  81  200724_20-08518_HIV10-02405_FL24_S14_L000_read_81_count_1     3.81%    passed     96.75%
  82  200724_20-08518_HIV10-02405_FL24_S14_L000_read_82_count_1     3.81%    passed     95.04%
  83  200724_20-08518_HIV10-02405_FL24_S14_L000_read_83_count_1     3.81%    passed     91.26%
  84  200724_20-08518_HIV10-02405_FL24_S14_L000_read_84_count_1     3.81%    passed     98.15%
  85  200724_20-08518_HIV10-02405_FL24_S14_L000_read_85_count_1     3.81%    passed     94.84%
  86  200724_20-08518_HIV10-02405_FL24_S14_L000_read_86_count_1     3.81%    passed     98.18%
  87  200724_20-08518_HIV10-02405_FL24_S14_L000_read_87_count_1     3.81%    passed     95.16%
  88  200724_20-08518_HIV10-02405_FL24_S14_L000_read_88_count_1     3.81%    passed     93.85%
  89  200724_20-08518_HIV10-02405_FL24_S14_L000_read_89_count_1     4.24%    passed     93.07%
  90  200724_20-08518_HIV10-02405_FL24_S14_L000_read_90_count_1     3.81%    passed     84.97%
  91  200724_20-08518_HIV10-02405_FL24_S14_L000_read_91_count_1     3.81%    passed     95.44%
  92  200724_20-08518_HIV10-02405_FL24_S14_L000_read_92_count_1     3.81%    passed     94.39%
  93  200724_20-08518_HIV10-02405_FL24_S14_L000_read_93_count_1     3.81%    passed     87.47%
  94  200709_20-07994_HIV07-01067_FL21_S1_L000_read_1_count_398     3.81%    passed     99.82%
  95  200709_20-07994_HIV07-01067_FL21_S1_L000_read_2_count_64      3.81%    passed     99.30%
  96  200709_20-07994_HIV07-01067_FL21_S1_L000_read_3_count_5       3.81%    passed     99.86%
  97  200709_20-07994_HIV07-01067_FL21_S1_L000_read_4_count_4       3.81%    passed     99.86%
  98  200709_20-07994_HIV07-01067_FL21_S1_L000_read_5_count_4       3.81%    passed     99.86%
  99  200709_20-07994_HIV07-01067_FL21_S1_L000_read_6_count_3       3.81%    passed     99.86%
 100  200709_20-07994_HIV07-01067_FL21_S1_L000_read_7_count_3       3.81%    passed     98.66%
 101  200709_20-07994_HIV07-01067_FL21_S1_L000_read_8_count_2       3.81%    passed     99.23%
 102  200709_20-07994_HIV07-01067_FL21_S1_L000_read_9_count_2       3.81%    passed     99.23%
 103  200709_20-07994_HIV07-01067_FL21_S1_L000_read_10_count_2      3.81%    passed     99.86%
 104  200709_20-07994_HIV07-01067_FL21_S1_L000_read_11_count_2      3.81%    passed     98.66%
 105  200709_20-07994_HIV07-01067_FL21_S1_L000_read_12_count_2      3.81%    passed     99.23%
 106  200709_20-07994_HIV07-01067_FL21_S1_L000_read_13_count_2      3.81%    passed     99.84%
 107  200709_20-07994_HIV07-01067_FL21_S1_L000_read_14_count_2      3.81%    passed     98.66%
 108  200709_20-07994_HIV07-01067_FL21_S1_L000_read_15_count_2      3.81%    passed     99.82%
 109  200709_20-07994_HIV07-01067_FL21_S1_L000_read_16_count_2      3.81%    passed     99.86%
 110  200709_20-07994_HIV07-01067_FL21_S1_L000_read_17_count_2      3.81%    passed     98.53%
 111  200709_20-07994_HIV07-01067_FL21_S1_L000_read_18_count_2      3.81%    passed     99.86%
 112  200709_20-07994_HIV07-01067_FL21_S1_L000_read_19_count_1      3.81%    passed     98.16%
 113  200709_20-07994_HIV07-01067_FL21_S1_L000_read_20_count_1      3.81%    passed     99.23%
 114  200709_20-07994_HIV07-01067_FL21_S1_L000_read_21_count_1      3.81%    passed     99.71%
 115  200709_20-07994_HIV07-01067_FL21_S1_L000_read_22_count_1      3.81%    passed     98.66%
 116  200709_20-07994_HIV07-01067_FL21_S1_L000_read_23_count_1      3.81%    passed     98.53%
 117  200709_20-07994_HIV07-01067_FL21_S1_L000_read_24_count_1      3.81%    passed     98.66%
 118  200709_20-07994_HIV07-01067_FL21_S1_L000_read_25_count_1      3.81%    passed     98.74%
 119  200709_20-07994_HIV07-01067_FL21_S1_L000_read_26_count_1      3.81%    passed     99.30%
 120  200709_20-07994_HIV07-01067_FL21_S1_L000_read_27_count_1      3.81%    passed     97.74%
 121  200709_20-07994_HIV07-01067_FL21_S1_L000_read_28_count_1      3.81%    passed     98.53%
 122  200709_20-07994_HIV07-01067_FL21_S1_L000_read_29_count_1      3.81%    passed     97.54%
 123  200709_20-07994_HIV07-01067_FL21_S1_L000_read_30_count_1      3.81%    passed     98.66%
 124  200709_20-07994_HIV07-01067_FL21_S1_L000_read_31_count_1      3.81%    passed     99.86%
 125  200709_20-07994_HIV07-01067_FL21_S1_L000_read_32_count_1      3.81%    passed     98.07%
 126  200709_20-07994_HIV07-01067_FL21_S1_L000_read_33_count_1      3.81%    passed     98.76%
 127  200709_20-07994_HIV07-01067_FL21_S1_L000_read_34_count_1      3.81%    passed     98.66%
 128  200709_20-07994_HIV07-01067_FL21_S1_L000_read_35_count_1      3.81%    passed     99.86%
 129  200709_20-07994_HIV07-01067_FL21_S1_L000_read_36_count_1      3.81%    passed     99.23%
 130  200709_20-07994_HIV07-01067_FL21_S1_L000_read_37_count_1      3.81%    passed     99.23%
 131  200709_20-07994_HIV07-01067_FL21_S1_L000_read_38_count_1      3.81%    passed     97.20%
 132  200709_20-07994_HIV07-01067_FL21_S1_L000_read_39_count_1      3.81%    passed     97.74%
 133  200709_20-07994_HIV07-01067_FL21_S1_L000_read_40_count_1      3.81%    passed     99.23%
 134  200709_20-07994_HIV07-01067_FL21_S1_L000_read_41_count_1      3.81%    passed     99.60%
 135  200709_20-07994_HIV07-01067_FL21_S1_L000_read_42_count_1      3.81%    passed     99.86%
 136  200709_20-07994_HIV07-01067_FL21_S1_L000_read_43_count_1      4.24%    passed     99.80%
 137  200709_20-07994_HIV07-01067_FL21_S1_L000_read_44_count_1      4.24%    passed     99.54%
 138  200709_20-07994_HIV07-01067_FL21_S1_L000_read_45_count_1      3.81%    passed     99.86%
 139  200709_20-07994_HIV07-01067_FL21_S1_L000_read_46_count_1      3.81%    passed     99.82%
 140  200709_20-07994_HIV07-01067_FL21_S1_L000_read_47_count_1      3.81%    passed     99.23%
 141  200709_20-07994_HIV07-01067_FL21_S1_L000_read_48_count_1      3.81%    passed     97.55%
 142  200709_20-07994_HIV07-01067_FL21_S1_L000_read_49_count_1      3.81%    passed     98.66%
 143  200709_20-07994_HIV07-01067_FL21_S1_L000_read_50_count_1      3.81%    passed     99.84%
 144  200709_20-07994_HIV07-01067_FL21_S1_L000_read_51_count_1      3.81%    passed     97.55%
 145  200709_20-07994_HIV07-01067_FL21_S1_L000_read_52_count_1      3.81%    passed     99.23%
 146  200709_20-07994_HIV07-01067_FL21_S1_L000_read_53_count_1      3.81%    passed     98.16%
 147  200709_20-07994_HIV07-01067_FL21_S1_L000_read_54_count_1      3.81%    passed     99.23%
 148  200709_20-07994_HIV07-01067_FL21_S1_L000_read_55_count_1      3.81%    passed     99.30%
 149  200709_20-07994_HIV07-01067_FL21_S1_L000_read_56_count_1      4.66%    passed     97.22%
 150  200709_20-07994_HIV07-01067_FL21_S1_L000_read_57_count_1      3.81%    passed     98.66%
 151  200709_20-07994_HIV07-01067_FL21_S1_L000_read_58_count_1      3.81%    passed     99.23%
 152  200709_20-07994_HIV07-01067_FL21_S1_L000_read_59_count_1      3.81%    passed     99.33%
 153  200709_20-07994_HIV07-01067_FL21_S1_L000_read_60_count_1      3.81%    passed     99.33%
 154  200709_20-07994_HIV07-01067_FL21_S1_L000_read_61_count_1      3.81%    passed     99.84%
 155  200709_20-07994_HIV07-01067_FL21_S1_L000_read_62_count_1      3.81%    passed     98.76%
 156  200709_20-07994_HIV07-01067_FL21_S1_L000_read_63_count_1      3.81%    passed    100.00%
 157  200709_20-07994_HIV07-01067_FL21_S1_L000_read_64_count_1      3.81%    passed     98.66%
 158  200709_20-07994_HIV07-01067_FL21_S1_L000_read_65_count_1      3.81%    passed     97.97%
 159  200709_20-07994_HIV07-01067_FL21_S1_L000_read_66_count_1      3.81%    passed     99.23%
 160  200709_20-07994_HIV07-01067_FL21_S1_L000_read_67_count_1      3.81%    passed     98.07%
 161  200709_20-07994_HIV07-01067_FL21_S1_L000_read_68_count_1      3.81%    passed     99.23%
 162  200709_20-07994_HIV07-01067_FL21_S1_L000_read_69_count_1      3.81%    passed     99.84%
 163  200709_20-07994_HIV07-01067_FL21_S1_L000_read_70_count_1      4.66%    passed     99.60%
 164  200709_20-07994_HIV07-01067_FL21_S1_L000_read_71_count_1      3.81%    passed     99.84%
 165  200709_20-07994_HIV07-01067_FL21_S1_L000_read_72_count_1      3.81%    passed     99.23%
 166  200709_20-07994_HIV07-01067_FL21_S1_L000_read_73_count_1      3.81%    passed     99.86%
 167  200709_20-07994_HIV07-01067_FL21_S1_L000_read_74_count_1      3.81%    passed     99.86%
 168  200709_20-07994_HIV07-01067_FL21_S1_L000_read_75_count_1      4.24%    passed     99.54%
 169  200709_20-07994_HIV07-01067_FL21_S1_L000_read_76_count_1      3.81%    passed     99.30%
 170  200709_20-07994_HIV07-01067_FL21_S1_L000_read_77_count_1      3.81%    passed     97.97%
 171  200709_20-07994_HIV07-01067_FL21_S1_L000_read_78_count_1      3.81%    passed     98.53%
 172  200709_20-07994_HIV07-01067_FL21_S1_L000_read_79_count_1      3.81%    passed     99.41%
 173  200709_20-07994_HIV07-01067_FL21_S1_L000_read_80_count_1      3.81%    passed    100.00%
 174  200709_20-07994_HIV07-01067_FL21_S1_L000_read_81_count_1      4.24%    passed     99.54%
 175  200709_20-07994_HIV07-01067_FL21_S1_L000_read_82_count_1      3.81%    passed     99.84%
 176  200709_20-07994_HIV07-01067_FL21_S1_L000_read_83_count_1      3.81%    passed     99.23%
 177  200709_20-07994_HIV07-01067_FL21_S1_L000_read_84_count_1      3.81%    passed     99.82%
 178  200709_20-07994_HIV07-01067_FL21_S1_L000_read_85_count_1      3.81%    passed     99.68%
 179  200709_20-07994_HIV07-01067_FL21_S1_L000_read_86_count_1      3.81%    passed     99.71%
 180  200709_20-07994_HIV07-01067_FL21_S1_L000_read_87_count_1      3.81%    passed     98.16%
 181  200709_20-07994_HIV07-01067_FL21_S1_L000_read_88_count_1      4.24%    passed     99.80%
 182  200709_20-07994_HIV07-01067_FL21_S1_L000_read_89_count_1      3.81%    passed     99.86%
 183  200709_20-07994_HIV07-01067_FL21_S1_L000_read_90_count_1      3.81%    passed     99.86%
 184  200709_20-07994_HIV07-01067_FL21_S1_L000_read_91_count_1      3.81%    passed     97.31%
 185  200709_20-07994_HIV07-01067_FL21_S1_L000_read_92_count_1      3.81%    passed     98.16%
 186  200709_20-07994_HIV07-01067_FL21_S1_L000_read_93_count_1      3.81%    passed     99.23%
 187  200709_20-07994_HIV07-01067_FL21_S1_L000_read_94_count_1      3.81%    passed     99.30%
 188  200709_20-07994_HIV07-01067_FL21_S1_L000_read_95_count_1      3.81%    passed     98.53%
 189  200709_20-07994_HIV07-01067_FL21_S1_L000_read_96_count_1      3.81%    passed     99.82%
 190  200709_20-07994_HIV07-01067_FL21_S1_L000_read_97_count_1      3.81%    passed     99.86%
 191  200709_20-07994_HIV07-01067_FL21_S1_L000_read_98_count_1      3.81%    passed     99.54%
 192  200709_20-07994_HIV07-01067_FL21_S1_L000_read_99_count_1      3.81%    passed     98.66%
 193  200709_20-07994_HIV07-01067_FL21_S1_L000_read_100_count_1     3.39%    passed     99.07%
 194  200709_20-07994_HIV07-01067_FL21_S1_L000_read_101_count_1     3.81%    passed     99.41%
 195  200709_20-07994_HIV07-01067_FL21_S1_L000_read_102_count_1     3.81%    passed     98.66%
 196  200709_20-07994_HIV07-01067_FL21_S1_L000_read_103_count_1     3.81%    passed     98.76%
 197  200709_20-07994_HIV07-01067_FL21_S1_L000_read_104_count_1     3.81%    passed     99.54%
 198  200709_20-07994_HIV07-01067_FL21_S1_L000_read_105_count_1     3.81%    passed     99.23%
 199  200703_20-07825_HIV09-00618_FL18_S6_L000_read_1_count_363     3.81%    passed     97.55%
 200  200703_20-07825_HIV09-00618_FL18_S6_L000_read_2_count_4       3.81%    passed     94.33%
 201  200703_20-07825_HIV09-00618_FL18_S6_L000_read_3_count_3       3.81%    passed     99.23%
 202  200703_20-07825_HIV09-00618_FL18_S6_L000_read_4_count_3       3.81%    passed     95.67%
 203  200703_20-07825_HIV09-00618_FL18_S6_L000_read_5_count_3       2.97%    passed     97.40%
 204  200703_20-07825_HIV09-00618_FL18_S6_L000_read_6_count_2       3.81%    passed     99.23%
 205  200703_20-07825_HIV09-00618_FL18_S6_L000_read_7_count_2       3.81%    passed     97.59%
 206  200703_20-07825_HIV09-00618_FL18_S6_L000_read_8_count_2       3.81%    passed     99.23%
 207  200703_20-07825_HIV09-00618_FL18_S6_L000_read_9_count_2       3.81%    passed     90.36%
 208  200703_20-07825_HIV09-00618_FL18_S6_L000_read_10_count_1      3.81%    passed     95.67%
 209  200703_20-07825_HIV09-00618_FL18_S6_L000_read_11_count_1      3.81%    passed     99.23%
 210  200703_20-07825_HIV09-00618_FL18_S6_L000_read_12_count_1      3.81%    passed     94.57%
 211  200703_20-07825_HIV09-00618_FL18_S6_L000_read_13_count_1      3.81%    passed     95.67%
 212  200703_20-07825_HIV09-00618_FL18_S6_L000_read_14_count_1      3.81%    passed     94.33%
 213  200703_20-07825_HIV09-00618_FL18_S6_L000_read_15_count_1      3.81%    passed     98.76%
 214  200703_20-07825_HIV09-00618_FL18_S6_L000_read_16_count_1      3.81%    passed     97.59%
 215  200703_20-07825_HIV09-00618_FL18_S6_L000_read_17_count_1      3.81%    passed     95.74%
 216  200703_20-07825_HIV09-00618_FL18_S6_L000_read_18_count_1      3.81%    passed     96.34%
 217  200703_20-07825_HIV09-00618_FL18_S6_L000_read_19_count_1      3.81%    passed     94.33%
 218  200703_20-07825_HIV09-00618_FL18_S6_L000_read_20_count_1      3.81%    passed     95.74%
 219  200703_20-07825_HIV09-00618_FL18_S6_L000_read_21_count_1      3.81%    passed     97.59%
 220  200703_20-07825_HIV09-00618_FL18_S6_L000_read_22_count_1      3.81%    passed     94.33%
 221  200703_20-07825_HIV09-00618_FL18_S6_L000_read_23_count_1      3.81%    passed     97.59%
 222  200703_20-07825_HIV09-00618_FL18_S6_L000_read_24_count_1      3.81%    passed     99.23%
 223  200703_20-07825_HIV09-00618_FL18_S6_L000_read_25_count_1      3.81%    passed     94.33%
 224  200703_20-07825_HIV09-00618_FL18_S6_L000_read_26_count_1      3.81%    passed     98.07%
 225  200703_20-07825_HIV09-00618_FL18_S6_L000_read_27_count_1      3.39%    passed     96.06%
 226  200703_20-07825_HIV09-00618_FL18_S6_L000_read_28_count_1      3.81%    passed     98.76%
 227  200703_20-07825_HIV09-00618_FL18_S6_L000_read_29_count_1      3.81%    passed     95.67%
 228  200703_20-07825_HIV09-00618_FL18_S6_L000_read_30_count_1      3.81%    passed     95.67%
 229  200703_20-07825_HIV09-00618_FL18_S6_L000_read_31_count_1      3.81%    passed     95.44%
 230  200703_20-07825_HIV09-00618_FL18_S6_L000_read_32_count_1      3.81%    passed     94.33%
 231  200703_20-07825_HIV09-00618_FL18_S6_L000_read_33_count_1      3.81%    passed     95.74%
 232  200703_20-07825_HIV09-00618_FL18_S6_L000_read_34_count_1      3.81%    passed     94.33%
 233  200703_20-07825_HIV09-00618_FL18_S6_L000_read_35_count_1      3.81%    passed     95.74%
 234  200703_20-07825_HIV09-00618_FL18_S6_L000_read_36_count_1      3.81%    passed     98.76%
 235  200703_20-07825_HIV09-00618_FL18_S6_L000_read_37_count_1      3.81%    passed     98.07%
 236  200703_20-07825_HIV09-00618_FL18_S6_L000_read_38_count_1      3.81%    passed     99.23%
 237  200703_20-07825_HIV09-00618_FL18_S6_L000_read_39_count_1      3.81%    passed     98.07%
 238  200703_20-07825_HIV09-00618_FL18_S6_L000_read_40_count_1      3.81%    passed     95.44%
 239  200703_20-07825_HIV09-00618_FL18_S6_L000_read_41_count_1      3.81%    passed     99.82%
 240  200703_20-07825_HIV09-00618_FL18_S6_L000_read_42_count_1      3.81%    passed     94.33%
 241  200703_20-07825_HIV09-00618_FL18_S6_L000_read_43_count_1      3.81%    passed     99.23%
 242  200703_20-07825_HIV09-00618_FL18_S6_L000_read_44_count_1      3.81%    passed     94.33%
 243  200703_20-07825_HIV09-00618_FL18_S6_L000_read_45_count_1      3.81%    passed     94.57%
 244  200703_20-07825_HIV09-00618_FL18_S6_L000_read_46_count_1      3.81%    passed     95.74%
 245  200703_20-07825_HIV09-00618_FL18_S6_L000_read_47_count_1      3.81%    passed     95.67%
 246  200703_20-07825_HIV09-00618_FL18_S6_L000_read_48_count_1      3.81%    passed     94.33%
 247  200703_20-07825_HIV09-00618_FL18_S6_L000_read_49_count_1      3.81%    passed     94.33%
 248  200703_20-07825_HIV09-00618_FL18_S6_L000_read_50_count_1      3.81%    passed     89.35%
 249  200703_20-07825_HIV09-00618_FL18_S6_L000_read_51_count_1      3.81%    passed     95.67%
 250  200703_20-07825_HIV09-00618_FL18_S6_L000_read_52_count_1      3.81%    passed     95.44%
 251  200703_20-07825_HIV09-00618_FL18_S6_L000_read_53_count_1      3.81%    passed     99.23%
 252  200703_20-07825_HIV09-00618_FL18_S6_L000_read_54_count_1      4.24%    passed     96.15%
 253  200703_20-07825_HIV09-00618_FL18_S6_L000_read_55_count_1      4.24%    passed     98.50%
 254  200703_20-07825_HIV09-00618_FL18_S6_L000_read_56_count_1      3.81%    passed     95.44%
 255  200703_20-07825_HIV09-00618_FL18_S6_L000_read_57_count_1      3.81%    passed     98.16%
 256  200703_20-07825_HIV09-00618_FL18_S6_L000_read_58_count_1      3.81%    passed     97.59%
 257  200814_20-09728_HIV09-02843_FL30_S2_L000_read_1_count_183     3.81%    passed     97.54%
 258  200814_20-09728_HIV09-02843_FL30_S2_L000_read_2_count_35      3.81%    passed     99.65%
 259  200814_20-09728_HIV09-02843_FL30_S2_L000_read_3_count_33      3.81%    passed     96.89%
 260  200814_20-09728_HIV09-02843_FL30_S2_L000_read_4_count_21      3.81%    passed     97.24%
 261  200814_20-09728_HIV09-02843_FL30_S2_L000_read_5_count_19      3.81%    passed     97.24%
 262  200814_20-09728_HIV09-02843_FL30_S2_L000_read_6_count_18      3.81%    passed     96.89%
 263  200814_20-09728_HIV09-02843_FL30_S2_L000_read_7_count_16      3.81%    passed     96.89%
 264  200814_20-09728_HIV09-02843_FL30_S2_L000_read_8_count_14      3.81%    passed     97.24%
 265  200814_20-09728_HIV09-02843_FL30_S2_L000_read_9_count_9       3.81%    passed     96.89%
 266  200814_20-09728_HIV09-02843_FL30_S2_L000_read_10_count_8      3.81%    passed     99.65%
 267  200814_20-09728_HIV09-02843_FL30_S2_L000_read_11_count_7      3.81%    passed     94.56%
 268  200814_20-09728_HIV09-02843_FL30_S2_L000_read_12_count_6      3.81%    passed     97.24%
 269  200814_20-09728_HIV09-02843_FL30_S2_L000_read_13_count_6      3.81%    passed     97.24%
 270  200814_20-09728_HIV09-02843_FL30_S2_L000_read_14_count_6      3.81%    passed     97.24%
 271  200814_20-09728_HIV09-02843_FL30_S2_L000_read_15_count_6      3.81%    passed     95.15%
 272  200814_20-09728_HIV09-02843_FL30_S2_L000_read_16_count_5      3.81%    passed     96.89%
 273  200814_20-09728_HIV09-02843_FL30_S2_L000_read_17_count_4      3.81%    passed     97.54%
 274  200814_20-09728_HIV09-02843_FL30_S2_L000_read_18_count_4      3.81%    passed     99.47%
 275  200814_20-09728_HIV09-02843_FL30_S2_L000_read_19_count_3      3.81%    passed     97.54%
 276  200814_20-09728_HIV09-02843_FL30_S2_L000_read_20_count_3      4.24%    passed     97.47%
 277  200814_20-09728_HIV09-02843_FL30_S2_L000_read_21_count_2      3.81%    passed     99.65%
 278  200814_20-09728_HIV09-02843_FL30_S2_L000_read_22_count_2      3.81%    passed     94.56%
 279  200814_20-09728_HIV09-02843_FL30_S2_L000_read_23_count_2      3.81%    passed     99.25%
 280  200814_20-09728_HIV09-02843_FL30_S2_L000_read_24_count_2      3.81%    passed    100.00%
 281  200814_20-09728_HIV09-02843_FL30_S2_L000_read_25_count_2      3.81%    passed     99.65%
 282  200814_20-09728_HIV09-02843_FL30_S2_L000_read_26_count_2      3.81%    passed     95.91%
 283  200814_20-09728_HIV09-02843_FL30_S2_L000_read_27_count_2      4.24%    passed     97.38%
 284  200814_20-09728_HIV09-02843_FL30_S2_L000_read_28_count_2      3.81%    passed     98.76%
 285  200814_20-09728_HIV09-02843_FL30_S2_L000_read_29_count_2      3.81%    passed     96.89%
 286  200814_20-09728_HIV09-02843_FL30_S2_L000_read_30_count_1      3.81%    passed     97.24%
 287  200814_20-09728_HIV09-02843_FL30_S2_L000_read_31_count_1      3.81%    passed     95.15%
 288  200814_20-09728_HIV09-02843_FL30_S2_L000_read_32_count_1      3.81%    passed     94.56%
 289  200814_20-09728_HIV09-02843_FL30_S2_L000_read_33_count_1      3.81%    passed     99.59%
 290  200814_20-09728_HIV09-02843_FL30_S2_L000_read_34_count_1      3.81%    passed     97.85%
 291  200814_20-09728_HIV09-02843_FL30_S2_L000_read_35_count_1      3.81%    passed     95.91%
 292  200814_20-09728_HIV09-02843_FL30_S2_L000_read_36_count_1      3.81%    passed     99.65%
 293  200814_20-09728_HIV09-02843_FL30_S2_L000_read_37_count_1      3.81%    passed     97.01%
 294  200814_20-09728_HIV09-02843_FL30_S2_L000_read_38_count_1      3.81%    passed     95.15%
 295  200814_20-09728_HIV09-02843_FL30_S2_L000_read_39_count_1      3.81%    passed     99.47%
 296  200814_20-09728_HIV09-02843_FL30_S2_L000_read_40_count_1      3.81%    passed     98.38%
 297  200814_20-09728_HIV09-02843_FL30_S2_L000_read_41_count_1      3.81%    passed     95.42%
 298  200814_20-09728_HIV09-02843_FL30_S2_L000_read_42_count_1      3.81%    passed    100.00%
 299  200814_20-09728_HIV09-02843_FL30_S2_L000_read_43_count_1      3.81%    passed     95.32%
 300  200814_20-09728_HIV09-02843_FL30_S2_L000_read_44_count_1      3.81%    passed     95.42%
 301  200814_20-09728_HIV09-02843_FL30_S2_L000_read_45_count_1      3.81%    passed     98.16%
 302  200814_20-09728_HIV09-02843_FL30_S2_L000_read_46_count_1      3.81%    passed     97.54%
 303  200814_20-09728_HIV09-02843_FL30_S2_L000_read_47_count_1      3.81%    passed     94.42%
 304  200814_20-09728_HIV09-02843_FL30_S2_L000_read_48_count_1      3.81%    passed     95.42%
 305  200814_20-09728_HIV09-02843_FL30_S2_L000_read_49_count_1      3.81%    passed     97.54%
 306  200814_20-09728_HIV09-02843_FL30_S2_L000_read_50_count_1      3.81%    passed     95.15%
 307  200814_20-09728_HIV09-02843_FL30_S2_L000_read_51_count_1      3.81%    passed     95.32%
 308  200814_20-09728_HIV09-02843_FL30_S2_L000_read_52_count_1      3.81%    passed     98.76%
 309  200814_20-09728_HIV09-02843_FL30_S2_L000_read_53_count_1      3.81%    passed     94.56%
 310  200814_20-09728_HIV09-02843_FL30_S2_L000_read_54_count_1      3.81%    passed     98.38%
 311  200814_20-09728_HIV09-02843_FL30_S2_L000_read_55_count_1      4.24%    passed     99.57%
 312  200814_20-09728_HIV09-02843_FL30_S2_L000_read_56_count_1      3.81%    passed     94.56%
 313  200814_20-09728_HIV09-02843_FL30_S2_L000_read_57_count_1      3.81%    passed     93.71%
 314  200814_20-09728_HIV09-02843_FL30_S2_L000_read_58_count_1      3.81%    passed     99.65%
 315  200814_20-09728_HIV09-02843_FL30_S2_L000_read_59_count_1      3.81%    passed     92.79%
 316  200814_20-09728_HIV09-02843_FL30_S2_L000_read_60_count_1      4.24%    passed     94.46%
 317  200814_20-09728_HIV09-02843_FL30_S2_L000_read_61_count_1      3.81%    passed     99.25%
 318  200814_20-09728_HIV09-02843_FL30_S2_L000_read_62_count_1      3.81%    passed     96.89%
 319  200814_20-09728_HIV09-02843_FL30_S2_L000_read_63_count_1      3.81%    passed     97.54%
 320  200814_20-09728_HIV09-02843_FL30_S2_L000_read_64_count_1      3.81%    passed     97.54%
 321  200814_20-09728_HIV09-02843_FL30_S2_L000_read_65_count_1      3.81%    passed     94.56%
 322  200814_20-09728_HIV09-02843_FL30_S2_L000_read_66_count_1      3.81%    passed     95.32%
 323  200814_20-09728_HIV09-02843_FL30_S2_L000_read_67_count_1      3.81%    passed     97.74%
 324  200814_20-09728_HIV09-02843_FL30_S2_L000_read_68_count_1      4.24%    passed     99.57%
 325  200814_20-09728_HIV09-02843_FL30_S2_L000_read_69_count_1      3.81%    passed     99.65%
 326  200814_20-09728_HIV09-02843_FL30_S2_L000_read_70_count_1      3.81%    passed     96.89%
 327  200814_20-09728_HIV09-02843_FL30_S2_L000_read_71_count_1      3.81%    passed     97.54%
 328  200814_20-09728_HIV09-02843_FL30_S2_L000_read_72_count_1      3.81%    passed     95.15%
 329  200814_20-09728_HIV09-02843_FL30_S2_L000_read_73_count_1      3.81%    passed     97.24%
 330  200814_20-09728_HIV09-02843_FL30_S2_L000_read_74_count_1      3.81%    passed     98.76%
 331  200814_20-09728_HIV09-02843_FL30_S2_L000_read_75_count_1      3.39%    passed     95.68%
 332  200814_20-09728_HIV09-02843_FL30_S2_L000_read_76_count_1      4.24%    passed     97.38%
 333  200814_20-09728_HIV09-02843_FL30_S2_L000_read_77_count_1      3.81%    passed     98.16%
 334  200814_20-09728_HIV09-02843_FL30_S2_L000_read_78_count_1      3.81%    passed     97.74%
 335  200814_20-09728_HIV09-02843_FL30_S2_L000_read_79_count_1      3.81%    passed     98.38%
 336  200814_20-09728_HIV09-02843_FL30_S2_L000_read_80_count_1      3.81%    passed     98.10%
 337  200814_20-09728_HIV09-02843_FL30_S2_L000_read_81_count_1      3.81%    passed     96.91%
 338  200814_20-09728_HIV09-02843_FL30_S2_L000_read_82_count_1      2.97%    passed     91.17%
 339  200814_20-09728_HIV09-02843_FL30_S2_L000_read_83_count_1      3.81%    passed     98.76%
 340  200814_20-09728_HIV09-02843_FL30_S2_L000_read_84_count_1      3.81%    passed     94.10%
 341  200814_20-09728_HIV09-02843_FL30_S2_L000_read_85_count_1      3.81%    passed     97.24%
 342  200814_20-09728_HIV09-02843_FL30_S2_L000_read_86_count_1      3.81%    passed     97.54%
 343  200814_20-09728_HIV09-02843_FL30_S2_L000_read_87_count_1      3.81%    passed     98.38%
 344  200814_20-09728_HIV09-02843_FL30_S2_L000_read_88_count_1      3.81%    passed     91.66%
 345  200814_20-09728_HIV09-02843_FL30_S2_L000_read_89_count_1      3.81%    passed     99.65%
 346  200814_20-09728_HIV09-02843_FL30_S2_L000_read_90_count_1      3.81%    passed     95.32%
 347  200724_20-08522_HIV11-02415_FL24_S18_L000_read_1_count_129    3.81%    passed     98.66%
 348  200724_20-08522_HIV11-02415_FL24_S18_L000_read_2_count_53     3.81%    passed     98.74%
 349  200724_20-08522_HIV11-02415_FL24_S18_L000_read_3_count_41     3.81%    passed     97.99%
 350  200724_20-08522_HIV11-02415_FL24_S18_L000_read_4_count_23     3.81%    passed     99.71%
 351  200724_20-08522_HIV11-02415_FL24_S18_L000_read_5_count_17     3.81%    passed     98.74%
 352  200724_20-08522_HIV11-02415_FL24_S18_L000_read_6_count_11     3.81%    passed     98.74%
 353  200724_20-08522_HIV11-02415_FL24_S18_L000_read_7_count_7      3.81%    passed     99.54%
 354  200724_20-08522_HIV11-02415_FL24_S18_L000_read_8_count_5      3.81%    passed     98.74%
 355  200724_20-08522_HIV11-02415_FL24_S18_L000_read_9_count_5      3.81%    passed     99.54%
 356  200724_20-08522_HIV11-02415_FL24_S18_L000_read_10_count_3     3.81%    passed     98.74%
 357  200724_20-08522_HIV11-02415_FL24_S18_L000_read_11_count_3     3.81%    passed     96.17%
 358  200724_20-08522_HIV11-02415_FL24_S18_L000_read_12_count_3     3.81%    passed     97.99%
 359  200724_20-08522_HIV11-02415_FL24_S18_L000_read_13_count_3     3.81%    passed     98.74%
 360  200724_20-08522_HIV11-02415_FL24_S18_L000_read_14_count_3     3.81%    passed     97.99%
 361  200724_20-08522_HIV11-02415_FL24_S18_L000_read_15_count_3     3.81%    passed     99.71%
 362  200724_20-08522_HIV11-02415_FL24_S18_L000_read_16_count_3     3.81%    passed     97.74%
 363  200724_20-08522_HIV11-02415_FL24_S18_L000_read_17_count_2     3.81%    passed     99.71%
 364  200724_20-08522_HIV11-02415_FL24_S18_L000_read_18_count_2     3.81%    passed     98.74%
 365  200724_20-08522_HIV11-02415_FL24_S18_L000_read_19_count_2     3.81%    passed     98.74%
 366  200724_20-08522_HIV11-02415_FL24_S18_L000_read_20_count_2     3.81%    passed     98.55%
 367  200724_20-08522_HIV11-02415_FL24_S18_L000_read_21_count_2     3.81%    passed     98.53%
 368  200724_20-08522_HIV11-02415_FL24_S18_L000_read_22_count_2     3.81%    passed     97.74%
 369  200724_20-08522_HIV11-02415_FL24_S18_L000_read_23_count_2     3.81%    passed     96.17%
 370  200724_20-08522_HIV11-02415_FL24_S18_L000_read_24_count_2     3.81%    passed     99.82%
 371  200724_20-08522_HIV11-02415_FL24_S18_L000_read_25_count_2     3.81%    passed     99.54%
 372  200724_20-08522_HIV11-02415_FL24_S18_L000_read_26_count_2     3.81%    passed     98.92%
 373  200724_20-08522_HIV11-02415_FL24_S18_L000_read_27_count_2     3.81%    passed     95.10%
 374  200724_20-08522_HIV11-02415_FL24_S18_L000_read_28_count_2     3.81%    passed     92.91%
 375  200724_20-08522_HIV11-02415_FL24_S18_L000_read_29_count_1     3.81%    passed     99.23%
 376  200724_20-08522_HIV11-02415_FL24_S18_L000_read_30_count_1     3.81%    passed     95.20%
 377  200724_20-08522_HIV11-02415_FL24_S18_L000_read_31_count_1     3.81%    passed     98.74%
 378  200724_20-08522_HIV11-02415_FL24_S18_L000_read_32_count_1     3.81%    passed     99.54%
 379  200724_20-08522_HIV11-02415_FL24_S18_L000_read_33_count_1     3.81%    passed     98.55%
 380  200724_20-08522_HIV11-02415_FL24_S18_L000_read_34_count_1     3.81%    passed     98.74%
 381  200724_20-08522_HIV11-02415_FL24_S18_L000_read_35_count_1     3.81%    passed     97.47%
 382  200724_20-08522_HIV11-02415_FL24_S18_L000_read_36_count_1     3.81%    passed     98.53%
 383  200724_20-08522_HIV11-02415_FL24_S18_L000_read_37_count_1     3.81%    passed     99.82%
 384  200724_20-08522_HIV11-02415_FL24_S18_L000_read_38_count_1     3.81%    passed     99.41%
 385  200724_20-08522_HIV11-02415_FL24_S18_L000_read_39_count_1     3.81%    passed     98.66%
 386  200724_20-08522_HIV11-02415_FL24_S18_L000_read_40_count_1     3.81%    passed     97.14%
 387  200724_20-08522_HIV11-02415_FL24_S18_L000_read_41_count_1     3.81%    passed     99.41%
 388  200724_20-08522_HIV11-02415_FL24_S18_L000_read_42_count_1     3.81%    passed     95.80%
 389  200724_20-08522_HIV11-02415_FL24_S18_L000_read_43_count_1     3.81%    passed     98.66%
 390  200724_20-08522_HIV11-02415_FL24_S18_L000_read_44_count_1     3.81%    passed     97.74%
 391  200724_20-08522_HIV11-02415_FL24_S18_L000_read_45_count_1     3.81%    passed     98.66%
 392  200724_20-08522_HIV11-02415_FL24_S18_L000_read_46_count_1     3.81%    passed     92.94%
 393  200724_20-08522_HIV11-02415_FL24_S18_L000_read_47_count_1     3.81%    passed     97.14%
 394  200724_20-08522_HIV11-02415_FL24_S18_L000_read_48_count_1     3.81%    passed     99.82%
 395  200724_20-08522_HIV11-02415_FL24_S18_L000_read_49_count_1     3.81%    passed     97.25%
 396  200724_20-08522_HIV11-02415_FL24_S18_L000_read_50_count_1     3.81%    passed     99.86%
 397  200724_20-08522_HIV11-02415_FL24_S18_L000_read_51_count_1     3.81%    passed     99.86%
 398  200724_20-08522_HIV11-02415_FL24_S18_L000_read_52_count_1     3.81%    passed     98.77%
 399  200724_20-08522_HIV11-02415_FL24_S18_L000_read_53_count_1     3.81%    passed     97.74%
 400  200724_20-08522_HIV11-02415_FL24_S18_L000_read_54_count_1     3.81%    passed     99.82%
 401  200724_20-08522_HIV11-02415_FL24_S18_L000_read_55_count_1     3.81%    passed     99.54%
 402  200724_20-08522_HIV11-02415_FL24_S18_L000_read_56_count_1     3.81%    passed     97.77%
 403  200724_20-08522_HIV11-02415_FL24_S18_L000_read_57_count_1     3.81%    passed     99.71%
 404  200724_20-08522_HIV11-02415_FL24_S18_L000_read_58_count_1     3.81%    passed     98.74%
 405  200724_20-08522_HIV11-02415_FL24_S18_L000_read_59_count_1     3.81%    passed     98.74%
 406  200724_20-08522_HIV11-02415_FL24_S18_L000_read_60_count_1     3.81%    passed     99.82%
 407  200724_20-08522_HIV11-02415_FL24_S18_L000_read_61_count_1     3.81%    passed     99.54%
 408  200724_20-08522_HIV11-02415_FL24_S18_L000_read_62_count_1     3.81%    passed     97.25%
 409  200724_20-08522_HIV11-02415_FL24_S18_L000_read_63_count_1     3.81%    passed     96.17%
 410  200724_20-08522_HIV11-02415_FL24_S18_L000_read_64_count_1     3.81%    passed     98.65%
 411  200724_20-08522_HIV11-02415_FL24_S18_L000_read_65_count_1     3.81%    passed     96.33%
 412  200724_20-08522_HIV11-02415_FL24_S18_L000_read_66_count_1     3.81%    passed     98.66%
 413  200724_20-08522_HIV11-02415_FL24_S18_L000_read_67_count_1     3.81%    passed     97.99%
 414  200724_20-08522_HIV11-02415_FL24_S18_L000_read_68_count_1     3.81%    passed     99.33%
 415  200724_20-08522_HIV11-02415_FL24_S18_L000_read_69_count_1     3.81%    passed     98.66%
 416  200724_20-08522_HIV11-02415_FL24_S18_L000_read_70_count_1     3.81%    passed     93.78%
 417  200724_20-08522_HIV11-02415_FL24_S18_L000_read_71_count_1     3.81%    passed     98.55%
 418  200724_20-08522_HIV11-02415_FL24_S18_L000_read_72_count_1    18.22%    passed     97.01%
 419  200724_20-08522_HIV11-02415_FL24_S18_L000_read_73_count_1     3.81%    passed     96.17%
 420  200724_20-08522_HIV11-02415_FL24_S18_L000_read_74_count_1     3.81%    passed     98.55%
 421  200724_20-08522_HIV11-02415_FL24_S18_L000_read_75_count_1     3.81%    passed     92.91%
 422  200724_20-08522_HIV11-02415_FL24_S18_L000_read_76_count_1     3.81%    passed     96.33%
 423  200724_20-08522_HIV11-02415_FL24_S18_L000_read_77_count_1     3.81%    passed     97.77%
 424  200724_20-08522_HIV11-02415_FL24_S18_L000_read_78_count_1     3.81%    passed     97.25%
 425  200724_20-08522_HIV11-02415_FL24_S18_L000_read_79_count_1     3.81%    passed     98.57%
 426  200724_20-08522_HIV11-02415_FL24_S18_L000_read_80_count_1     3.81%    passed     98.53%
 427  200724_20-08522_HIV11-02415_FL24_S18_L000_read_81_count_1     3.81%    passed     97.99%
 428  200724_20-08522_HIV11-02415_FL24_S18_L000_read_82_count_1    14.41%    passed     90.80%
 429  200724_20-08522_HIV11-02415_FL24_S18_L000_read_83_count_1     3.81%    passed     99.71%
 430  200724_20-08522_HIV11-02415_FL24_S18_L000_read_84_count_1     3.81%    passed     99.33%
 431  200724_20-08522_HIV11-02415_FL24_S18_L000_read_85_count_1     3.81%    passed     95.83%
 432  200724_20-08522_HIV11-02415_FL24_S18_L000_read_86_count_1     4.24%    passed     94.59%
 433  200724_20-08522_HIV11-02415_FL24_S18_L000_read_87_count_1     3.81%    passed     95.10%
 434  200724_20-08522_HIV11-02415_FL24_S18_L000_read_88_count_1     3.81%    passed     98.55%
 435  200724_20-08522_HIV11-02415_FL24_S18_L000_read_89_count_1     3.81%    passed     98.12%
 436  200724_20-08522_HIV11-02415_FL24_S18_L000_read_90_count_1     3.81%    passed     93.60%
 437  200724_20-08522_HIV11-02415_FL24_S18_L000_read_91_count_1     3.81%    passed     97.99%
 438  200724_20-08522_HIV11-02415_FL24_S18_L000_read_92_count_1     3.81%    passed     96.17%
 439  200724_20-08522_HIV11-02415_FL24_S18_L000_read_93_count_1     3.81%    passed     95.80%
 440  200724_20-08522_HIV11-02415_FL24_S18_L000_read_94_count_1     3.81%    passed     98.55%
 441  200724_20-08522_HIV11-02415_FL24_S18_L000_read_95_count_1     3.81%    passed     98.74%
 442  200724_20-08522_HIV11-02415_FL24_S18_L000_read_96_count_1     3.81%    passed     98.74%
 443  200724_20-08522_HIV11-02415_FL24_S18_L000_read_97_count_1     3.81%    passed     97.77%
 444  200724_20-08522_HIV11-02415_FL24_S18_L000_read_98_count_1     3.81%    passed     98.65%
 445  200724_20-08522_HIV11-02415_FL24_S18_L000_read_99_count_1     3.81%    passed     98.77%
 446  200724_20-08522_HIV11-02415_FL24_S18_L000_read_100_count_1    3.81%    passed     96.17%
 447  200724_20-08522_HIV11-02415_FL24_S18_L000_read_101_count_1    3.81%    passed     99.41%
 448  200724_20-08522_HIV11-02415_FL24_S18_L000_read_102_count_1    3.81%    passed     98.66%
 449  200724_20-08522_HIV11-02415_FL24_S18_L000_read_103_count_1    3.81%    passed     97.77%
 450  200724_20-08522_HIV11-02415_FL24_S18_L000_read_104_count_1    3.81%    passed     96.17%
 451  200724_20-08522_HIV11-02415_FL24_S18_L000_read_105_count_1    3.81%    passed     97.99%
 452  200724_20-08522_HIV11-02415_FL24_S18_L000_read_106_count_1    3.81%    passed     99.82%
 453  200724_20-08522_HIV11-02415_FL24_S18_L000_read_107_count_1    3.81%    passed     99.71%
 454  200724_20-08522_HIV11-02415_FL24_S18_L000_read_108_count_1    3.81%    passed     98.18%
 455  200724_20-08522_HIV11-02415_FL24_S18_L000_read_109_count_1    3.81%    passed     98.55%
 456  200724_20-08522_HIV11-02415_FL24_S18_L000_read_110_count_1    3.81%    passed     97.77%
 457  200724_20-08522_HIV11-02415_FL24_S18_L000_read_111_count_1    3.81%    passed     96.17%
 458  200724_20-08522_HIV11-02415_FL24_S18_L000_read_112_count_1    3.39%    passed     98.90%
 459  200724_20-08522_HIV11-02415_FL24_S18_L000_read_113_count_1    3.81%    passed     97.99%
 460  200724_20-08522_HIV11-02415_FL24_S18_L000_read_114_count_1    3.81%    passed     98.59%
 461  200724_20-08522_HIV11-02415_FL24_S18_L000_read_115_count_1    3.81%    passed     98.65%
 462  200724_20-08522_HIV11-02415_FL24_S18_L000_read_116_count_1    3.81%    passed     98.66%
 463  200724_20-08522_HIV11-02415_FL24_S18_L000_read_117_count_1    3.81%    passed     99.71%
 464  200724_20-08522_HIV11-02415_FL24_S18_L000_read_118_count_1    3.81%    passed     97.77%
 465  200724_20-08522_HIV11-02415_FL24_S18_L000_read_119_count_1    3.81%    passed     95.83%
 466  200724_20-08522_HIV11-02415_FL24_S18_L000_read_120_count_1    3.81%    passed     98.53%
 467  200724_20-08522_HIV11-02415_FL24_S18_L000_read_121_count_1    3.81%    passed     98.66%
 468  200724_20-08522_HIV11-02415_FL24_S18_L000_read_122_count_1    3.81%    passed     97.74%
 469  200724_20-08522_HIV11-02415_FL24_S18_L000_read_123_count_1    3.81%    passed     98.74%
 470  200724_20-08522_HIV11-02415_FL24_S18_L000_read_124_count_1    3.81%    passed     99.41%
 471  200724_20-08522_HIV11-02415_FL24_S18_L000_read_125_count_1    3.81%    passed     99.41%
 472  200724_20-08522_HIV11-02415_FL24_S18_L000_read_126_count_1    3.81%    passed     97.74%
 473  200724_20-08522_HIV11-02415_FL24_S18_L000_read_127_count_1    3.81%    passed     97.47%
 474  200724_20-08522_HIV11-02415_FL24_S18_L000_read_128_count_1    3.81%    passed     96.16%
 475  200724_20-08522_HIV11-02415_FL24_S18_L000_read_129_count_1    3.81%    passed     98.65%
 476  200724_20-08522_HIV11-02415_FL24_S18_L000_read_130_count_1    3.81%    passed     97.77%
 477  200724_20-08522_HIV11-02415_FL24_S18_L000_read_131_count_1    3.81%    passed     99.33%
 478  200724_20-08522_HIV11-02415_FL24_S18_L000_read_132_count_1    3.81%    passed     91.21%
 479  200724_20-08522_HIV11-02415_FL24_S18_L000_read_133_count_1    3.81%    passed     90.52%
 480  200724_20-08522_HIV11-02415_FL24_S18_L000_read_134_count_1    3.81%    passed     98.65%
 481  200724_20-08522_HIV11-02415_FL24_S18_L000_read_135_count_1    3.81%    passed     97.14%
 482  200724_20-08522_HIV11-02415_FL24_S18_L000_read_136_count_1    3.81%    passed     97.99%
 483  200724_20-08522_HIV11-02415_FL24_S18_L000_read_137_count_1    3.81%    passed     99.82%
 484  200724_20-08522_HIV11-02415_FL24_S18_L000_read_138_count_1    3.81%    passed     99.86%
 485  200724_20-08522_HIV11-02415_FL24_S18_L000_read_139_count_1    3.81%    passed     98.55%
 486  200724_20-08522_HIV11-02415_FL24_S18_L000_read_140_count_1    3.81%    passed     97.77%
 487  200724_20-08522_HIV11-02415_FL24_S18_L000_read_141_count_1    3.81%    passed     98.77%
 488  200724_20-08522_HIV11-02415_FL24_S18_L000_read_142_count_1    3.81%    passed     95.80%
 489  200724_20-08522_HIV11-02415_FL24_S18_L000_read_143_count_1    3.81%    passed     95.20%
 490  200724_20-08522_HIV11-02415_FL24_S18_L000_read_144_count_1    3.81%    passed     99.93%
 491  200724_20-08522_HIV11-02415_FL24_S18_L000_read_145_count_1    3.81%    passed     95.79%
 492  200724_20-08522_HIV11-02415_FL24_S18_L000_read_146_count_1    3.81%    passed     95.10%
 493  200724_20-08522_HIV11-02415_FL24_S18_L000_read_147_count_1    3.81%    passed     96.33%
 494  200724_20-08522_HIV11-02415_FL24_S18_L000_read_148_count_1    3.81%    passed     94.65%
 495  200724_20-08522_HIV11-02415_FL24_S18_L000_read_149_count_1    3.81%    passed     97.99%
 496  200724_20-08522_HIV11-02415_FL24_S18_L000_read_150_count_1    3.81%    passed     97.25%
 497  200724_20-08522_HIV11-02415_FL24_S18_L000_read_151_count_1    3.81%    passed     97.25%
 498  200724_20-08522_HIV11-02415_FL24_S18_L000_read_152_count_1    3.39%    passed     98.90%
 499  200724_20-08522_HIV11-02415_FL24_S18_L000_read_153_count_1    3.81%    passed     98.66%
 500  200724_20-08522_HIV11-02415_FL24_S18_L000_read_154_count_1    3.81%    passed     97.99%
 501  200724_20-08522_HIV11-02415_FL24_S18_L000_read_155_count_1    3.81%    passed     97.14%
 502  200724_20-08522_HIV11-02415_FL24_S18_L000_read_156_count_1    6.78%    passed     83.24%
 503  200724_20-08522_HIV11-02415_FL24_S18_L000_read_157_count_1    3.81%    passed     96.17%
 504  200724_20-08522_HIV11-02415_FL24_S18_L000_read_158_count_1    3.81%    passed     97.74%
 505  200724_20-08522_HIV11-02415_FL24_S18_L000_read_159_count_1    3.81%    passed    100.00%
 506  200724_20-08522_HIV11-02415_FL24_S18_L000_read_160_count_1    3.81%    passed     96.33%
 507  200724_20-08522_HIV11-02415_FL24_S18_L000_read_161_count_1    3.81%    passed     98.74%
 508  B.FR.83.HXB2_LAI_IIIB_BRU.K03455                              3.81%    passed     99.23%
 509  C.BW.00.00BW07621.AF443088                                    3.81%    passed     95.80%
****  TOTAL                                                         3.88%  0 sequences failed composition chi2 test (p-value<5%; df=3)
Checking for duplicate sequences: done in 0.00113722 secs using 459.8% CPU

Create initial parsimony tree by phylogenetic likelihood library (PLL)... 0.043 seconds

NOTE: 20 MB RAM (0 GB) is required!
Estimate model parameters (epsilon = 0.100)
1. Initial log-likelihood: -4582.649
2. Current log-likelihood: -4441.830
3. Current log-likelihood: -4441.662
Optimal log-likelihood: -4441.634
Rate parameters:  A-C: 0.89848  A-G: 2.05538  A-T: 0.67254  C-G: 0.10644  C-T: 2.99355  G-T: 1.00000
Base frequencies:  A: 0.379  C: 0.155  G: 0.272  T: 0.194
Site proportion and rates:  (0.101,0.223) (0.163,0.474) (0.199,0.608) (0.205,0.783) (0.179,1.277) (0.153,2.542)
Parameters optimization took 3 rounds (2.970 sec)
Wrote distance file to... 
Computing ML distances based on estimated model parameters...
Calculating distance matrix: done in 0.857252 secs using 199.9% CPU
Computing ML distances took 0.858099 sec (of wall-clock time) 1.714826 sec (of CPU time)
Setting up auxiliary I and S matrices: done in 0.0151661 secs using 170.9% CPU
Constructing RapidNJ tree: done in 0.196465 secs using 129.7% CPU
Computing RapidNJ tree took 0.211785 sec (of wall-clock time) 0.280792 sec (of CPU time)
Log-likelihood of RapidNJ tree: -4420.205
--------------------------------------------------------------------
|             INITIALIZING CANDIDATE TREE SET                      |
--------------------------------------------------------------------
Generating 98 parsimony trees... 5.106 second
Computing log-likelihood of 98 initial trees ... 4.623 seconds
Current best score: -4411.265

Do NNI search on 20 best initial trees
Optimizing NNI: done in 0.443041 secs using 193.9% CPU
Estimate model parameters (epsilon = 0.100)
BETTER TREE FOUND at iteration 1: -4410.786
Optimizing NNI: done in 0.526115 secs using 196.6% CPU
Optimizing NNI: done in 0.558279 secs using 196% CPU
Optimizing NNI: done in 0.769399 secs using 197.2% CPU
Estimate model parameters (epsilon = 0.100)
BETTER TREE FOUND at iteration 4: -4388.774
Optimizing NNI: done in 0.425646 secs using 195.8% CPU
Optimizing NNI: done in 0.693825 secs using 199.2% CPU
Optimizing NNI: done in 0.419104 secs using 199.2% CPU
Optimizing NNI: done in 0.723673 secs using 199.5% CPU
Optimizing NNI: done in 0.874221 secs using 195.6% CPU
Optimizing NNI: done in 0.612542 secs using 200.6% CPU
Iteration 10 / LogL: -4429.875 / Time: 0h:0m:28s
Optimizing NNI: done in 0.942566 secs using 197.2% CPU
Optimizing NNI: done in 0.728457 secs using 198.8% CPU
Optimizing NNI: done in 0.875143 secs using 196% CPU
Optimizing NNI: done in 0.604836 secs using 196.6% CPU
Optimizing NNI: done in 0.309242 secs using 198.3% CPU
Optimizing NNI: done in 0.85936 secs using 198.7% CPU
Optimizing NNI: done in 0.893848 secs using 196.2% CPU
Optimizing NNI: done in 0.66566 secs using 197.9% CPU
Optimizing NNI: done in 0.759795 secs using 197.4% CPU
Optimizing NNI: done in 0.826144 secs using 195.4% CPU
Iteration 20 / LogL: -4428.909 / Time: 0h:0m:36s
Finish initializing candidate tree set (20)
Current best tree score: -4388.774 / CPU time: 32.101
Number of iterations: 20
--------------------------------------------------------------------
|               OPTIMIZING CANDIDATE TREE SET                      |
--------------------------------------------------------------------
Optimizing NNI: done in 0.998168 secs using 196.6% CPU
Optimizing NNI: done in 0.820222 secs using 196.1% CPU
Optimizing NNI: done in 0.99726 secs using 196.7% CPU
Optimizing NNI: done in 1.25584 secs using 195.9% CPU
Optimizing NNI: done in 0.831211 secs using 196.2% CPU
Optimizing NNI: done in 0.966765 secs using 197.2% CPU
Optimizing NNI: done in 0.880781 secs using 196.3% CPU
Optimizing NNI: done in 0.851228 secs using 194.9% CPU
Optimizing NNI: done in 0.574192 secs using 196.8% CPU
Optimizing NNI: done in 0.973567 secs using 197% CPU
Estimate model parameters (epsilon = 0.100)
BETTER TREE FOUND at iteration 30: -4388.230
Iteration 30 / LogL: -4388.230 / Time: 0h:0m:46s (0h:2m:41s left)
Optimizing NNI: done in 1.09628 secs using 197.8% CPU
Estimate model parameters (epsilon = 0.100)
BETTER TREE FOUND at iteration 31: -4387.110
Optimizing NNI: done in 0.86772 secs using 196.8% CPU
Optimizing NNI: done in 1.02501 secs using 198.3% CPU
Optimizing NNI: done in 0.868991 secs using 196.2% CPU
Optimizing NNI: done in 0.930005 secs using 198.9% CPU
Optimizing NNI: done in 1.13955 secs using 198.3% CPU
Optimizing NNI: done in 0.892736 secs using 197.7% CPU
Optimizing NNI: done in 0.95421 secs using 195.6% CPU
Optimizing NNI: done in 1.03161 secs using 197.7% CPU
Optimizing NNI: done in 1.10635 secs using 196.9% CPU
Iteration 40 / LogL: -4390.722 / Time: 0h:0m:57s (0h:2m:14s left)
Optimizing NNI: done in 0.594279 secs using 196.2% CPU
Optimizing NNI: done in 0.85942 secs using 197.3% CPU
Optimizing NNI: done in 0.893112 secs using 197.6% CPU
Optimizing NNI: done in 1.00699 secs using 195.7% CPU
Optimizing NNI: done in 1.02657 secs using 197% CPU
Optimizing NNI: done in 0.719584 secs using 198.4% CPU
Optimizing NNI: done in 0.968397 secs using 197.1% CPU
Optimizing NNI: done in 0.948764 secs using 196.1% CPU
Optimizing NNI: done in 1.37083 secs using 197.7% CPU
Optimizing NNI: done in 0.884712 secs using 198.6% CPU
Iteration 50 / LogL: -4408.080 / Time: 0h:1m:7s (0h:1m:51s left)
Optimizing NNI: done in 1.04294 secs using 198.2% CPU
Optimizing NNI: done in 1.09031 secs using 197.2% CPU
Optimizing NNI: done in 0.803744 secs using 197% CPU
Optimizing NNI: done in 0.840527 secs using 198% CPU
Optimizing NNI: done in 1.04172 secs using 197.5% CPU
Optimizing NNI: done in 0.848372 secs using 198.5% CPU
Optimizing NNI: done in 0.896781 secs using 199.5% CPU
Optimizing NNI: done in 1.24963 secs using 197.9% CPU
Optimizing NNI: done in 0.894481 secs using 197% CPU
Optimizing NNI: done in 0.995975 secs using 198% CPU
Iteration 60 / LogL: -4395.355 / Time: 0h:1m:17s (0h:1m:33s left)
Optimizing NNI: done in 1.07847 secs using 197.2% CPU
Optimizing NNI: done in 0.966731 secs using 196.8% CPU
Optimizing NNI: done in 1.2805 secs using 197.8% CPU
Optimizing NNI: done in 1.19819 secs using 197.1% CPU
Optimizing NNI: done in 0.851367 secs using 197.3% CPU
Optimizing NNI: done in 0.893031 secs using 196.7% CPU
Optimizing NNI: done in 0.85581 secs using 197.2% CPU
Optimizing NNI: done in 0.83347 secs using 196.9% CPU
Optimizing NNI: done in 1.05757 secs using 198% CPU
Optimizing NNI: done in 0.725249 secs using 199.8% CPU
Iteration 70 / LogL: -4396.628 / Time: 0h:1m:27s (0h:1m:17s left)
Optimizing NNI: done in 0.850529 secs using 197.3% CPU
Optimizing NNI: done in 0.96841 secs using 196.7% CPU
Optimizing NNI: done in 0.815883 secs using 197.1% CPU
Optimizing NNI: done in 0.964049 secs using 197.1% CPU
Optimizing NNI: done in 0.972667 secs using 198.3% CPU
Optimizing NNI: done in 0.990397 secs using 197.7% CPU
Optimizing NNI: done in 0.844833 secs using 197.5% CPU
Optimizing NNI: done in 0.721755 secs using 197% CPU
Optimizing NNI: done in 1.22914 secs using 197.3% CPU
Optimizing NNI: done in 0.980256 secs using 197.1% CPU
Iteration 80 / LogL: -4413.544 / Time: 0h:1m:37s (0h:1m:2s left)
Optimizing NNI: done in 0.946168 secs using 197.7% CPU
Optimizing NNI: done in 0.866222 secs using 197.4% CPU
Optimizing NNI: done in 0.875831 secs using 197.3% CPU
Optimizing NNI: done in 0.974044 secs using 198.6% CPU
Optimizing NNI: done in 0.688052 secs using 197.1% CPU
Optimizing NNI: done in 0.739738 secs using 198.4% CPU
Optimizing NNI: done in 0.792861 secs using 196.9% CPU
Optimizing NNI: done in 0.917484 secs using 198.1% CPU
Optimizing NNI: done in 0.955799 secs using 197.5% CPU
Optimizing NNI: done in 1.28849 secs using 196.5% CPU
Iteration 90 / LogL: -4404.623 / Time: 0h:1m:46s (0h:0m:49s left)
Optimizing NNI: done in 0.837156 secs using 195.6% CPU
Optimizing NNI: done in 0.97978 secs using 196.8% CPU
Optimizing NNI: done in 1.06008 secs using 198.1% CPU
Optimizing NNI: done in 0.844034 secs using 199.5% CPU
Optimizing NNI: done in 1.13539 secs using 197.9% CPU
Optimizing NNI: done in 0.994308 secs using 194.9% CPU
Optimizing NNI: done in 1.02552 secs using 197.5% CPU
Optimizing NNI: done in 0.857437 secs using 197% CPU
Optimizing NNI: done in 0.944639 secs using 197% CPU
Optimizing NNI: done in 1.16826 secs using 196.9% CPU
Iteration 100 / LogL: -4400.308 / Time: 0h:1m:57s (0h:0m:36s left)
Optimizing NNI: done in 0.913638 secs using 196.3% CPU
Optimizing NNI: done in 0.870369 secs using 197% CPU
Optimizing NNI: done in 0.922812 secs using 199.3% CPU
Optimizing NNI: done in 0.889239 secs using 196.7% CPU
Optimizing NNI: done in 0.972811 secs using 197.9% CPU
Optimizing NNI: done in 0.846747 secs using 199.2% CPU
Optimizing NNI: done in 0.825504 secs using 195% CPU
Optimizing NNI: done in 1.01055 secs using 197.8% CPU
Optimizing NNI: done in 0.872004 secs using 199.1% CPU
Optimizing NNI: done in 0.918269 secs using 198.9% CPU
Iteration 110 / LogL: -4395.811 / Time: 0h:2m:6s (0h:0m:24s left)
Optimizing NNI: done in 0.96296 secs using 198% CPU
Optimizing NNI: done in 1.07621 secs using 198.1% CPU
Optimizing NNI: done in 0.988658 secs using 195.9% CPU
Optimizing NNI: done in 1.17028 secs using 197.1% CPU
Optimizing NNI: done in 0.952206 secs using 196.2% CPU
Optimizing NNI: done in 1.19808 secs using 197.2% CPU
Optimizing NNI: done in 1.09924 secs using 196.1% CPU
Optimizing NNI: done in 0.845427 secs using 197.9% CPU
Optimizing NNI: done in 1.01954 secs using 196.1% CPU
Estimate model parameters (epsilon = 0.100)
BETTER TREE FOUND at iteration 119: -4386.781
Optimizing NNI: done in 1.00042 secs using 198.4% CPU
Iteration 120 / LogL: -4389.360 / Time: 0h:2m:17s (0h:1m:54s left)
Optimizing NNI: done in 0.931354 secs using 197.1% CPU
Optimizing NNI: done in 0.834896 secs using 195.8% CPU
Optimizing NNI: done in 0.917654 secs using 197.6% CPU
Optimizing NNI: done in 0.935797 secs using 197.9% CPU
Optimizing NNI: done in 0.873403 secs using 198% CPU
Optimizing NNI: done in 0.713262 secs using 199.3% CPU
Optimizing NNI: done in 1.08677 secs using 197.9% CPU
Optimizing NNI: done in 1.10246 secs using 197.6% CPU
Optimizing NNI: done in 0.978241 secs using 196.9% CPU
Optimizing NNI: done in 1.1055 secs using 197.7% CPU
Iteration 130 / LogL: -4394.912 / Time: 0h:2m:27s (0h:1m:41s left)
Optimizing NNI: done in 1.09736 secs using 198.8% CPU
Optimizing NNI: done in 0.844079 secs using 196.2% CPU
Optimizing NNI: done in 1.15109 secs using 196.3% CPU
Optimizing NNI: done in 1.09815 secs using 197.3% CPU
Optimizing NNI: done in 0.980228 secs using 197.9% CPU
Optimizing NNI: done in 0.83302 secs using 199.4% CPU
Optimizing NNI: done in 0.975582 secs using 197.2% CPU
Optimizing NNI: done in 1.20952 secs using 197.6% CPU
Optimizing NNI: done in 0.941975 secs using 198.9% CPU
Optimizing NNI: done in 1.02106 secs using 196.4% CPU
Iteration 140 / LogL: -4393.742 / Time: 0h:2m:38s (0h:1m:29s left)
Optimizing NNI: done in 1.0368 secs using 196.5% CPU
Optimizing NNI: done in 0.968939 secs using 196.2% CPU
Optimizing NNI: done in 0.887746 secs using 197.3% CPU
Optimizing NNI: done in 1.07916 secs using 196.7% CPU
Optimizing NNI: done in 1.10971 secs using 197.3% CPU
Optimizing NNI: done in 1.02477 secs using 196.4% CPU
Optimizing NNI: done in 0.850316 secs using 197.8% CPU
Optimizing NNI: done in 1.10728 secs using 196.8% CPU
Optimizing NNI: done in 1.16297 secs using 197.7% CPU
Optimizing NNI: done in 0.827195 secs using 197.7% CPU
Iteration 150 / LogL: -4396.542 / Time: 0h:2m:48s (0h:1m:18s left)
Optimizing NNI: done in 0.901253 secs using 198.5% CPU
Optimizing NNI: done in 0.984495 secs using 196.3% CPU
Optimizing NNI: done in 1.06305 secs using 198.6% CPU
Optimizing NNI: done in 0.871057 secs using 196.9% CPU
Optimizing NNI: done in 0.722761 secs using 196.3% CPU
Optimizing NNI: done in 0.586843 secs using 199.5% CPU
Optimizing NNI: done in 0.733942 secs using 197.5% CPU
Optimizing NNI: done in 0.86539 secs using 198% CPU
Optimizing NNI: done in 0.873888 secs using 198% CPU
Optimizing NNI: done in 0.984005 secs using 196.7% CPU
Iteration 160 / LogL: -4390.671 / Time: 0h:2m:57s (0h:1m:5s left)
Optimizing NNI: done in 1.16418 secs using 198.3% CPU
Optimizing NNI: done in 0.882597 secs using 196.5% CPU
Optimizing NNI: done in 1.01466 secs using 197.4% CPU
Optimizing NNI: done in 1.03011 secs using 196.7% CPU
Optimizing NNI: done in 1.09001 secs using 193.6% CPU
Estimate model parameters (epsilon = 0.100)
BETTER TREE FOUND at iteration 165: -4385.225
Optimizing NNI: done in 0.945206 secs using 198.2% CPU
Optimizing NNI: done in 0.835739 secs using 197.2% CPU
Optimizing NNI: done in 0.96496 secs using 197.4% CPU
Optimizing NNI: done in 0.736877 secs using 196.1% CPU
Optimizing NNI: done in 1.26573 secs using 197.6% CPU
Iteration 170 / LogL: -4398.214 / Time: 0h:3m:8s (0h:1m:46s left)
Optimizing NNI: done in 0.955372 secs using 197.6% CPU
Optimizing NNI: done in 1.23686 secs using 198.3% CPU
Optimizing NNI: done in 0.710116 secs using 196.3% CPU
Optimizing NNI: done in 0.958693 secs using 198.5% CPU
Optimizing NNI: done in 0.998382 secs using 198.2% CPU
Optimizing NNI: done in 1.0967 secs using 198.1% CPU
Optimizing NNI: done in 0.697021 secs using 199.3% CPU
Optimizing NNI: done in 0.992506 secs using 197.5% CPU
Optimizing NNI: done in 0.968318 secs using 197.1% CPU
Optimizing NNI: done in 0.969478 secs using 196.1% CPU
Iteration 180 / LogL: -4392.663 / Time: 0h:3m:18s (0h:1m:34s left)
Optimizing NNI: done in 0.871994 secs using 195.4% CPU
Optimizing NNI: done in 1.02369 secs using 195.3% CPU
Optimizing NNI: done in 0.844669 secs using 198% CPU
Optimizing NNI: done in 0.922099 secs using 195.9% CPU
Estimate model parameters (epsilon = 0.100)
BETTER TREE FOUND at iteration 184: -4384.147
Optimizing NNI: done in 0.87376 secs using 197.5% CPU
Optimizing NNI: done in 0.827588 secs using 197.6% CPU
Optimizing NNI: done in 1.01724 secs using 195.5% CPU
Optimizing NNI: done in 0.860443 secs using 198.6% CPU
Optimizing NNI: done in 1.19972 secs using 198% CPU
BETTER TREE FOUND at iteration 189: -4384.144
Optimizing NNI: done in 0.818596 secs using 196.3% CPU
Iteration 190 / LogL: -4395.943 / Time: 0h:3m:29s (0h:1m:49s left)
Optimizing NNI: done in 0.785827 secs using 195.7% CPU
Optimizing NNI: done in 0.710707 secs using 197.9% CPU
Optimizing NNI: done in 1.02043 secs using 195.6% CPU
Optimizing NNI: done in 0.867987 secs using 196.8% CPU
Optimizing NNI: done in 1.13523 secs using 196.9% CPU
Optimizing NNI: done in 0.969026 secs using 198.7% CPU
Optimizing NNI: done in 1.32318 secs using 197.6% CPU
Optimizing NNI: done in 1.00431 secs using 195.6% CPU
Optimizing NNI: done in 1.15392 secs using 197.4% CPU
Optimizing NNI: done in 1.07193 secs using 197.8% CPU
Iteration 200 / LogL: -4386.453 / Time: 0h:3m:39s (0h:1m:38s left)
Optimizing NNI: done in 0.809007 secs using 194.4% CPU
Optimizing NNI: done in 1.00951 secs using 197.1% CPU
Optimizing NNI: done in 1.31537 secs using 197.3% CPU
Optimizing NNI: done in 1.11449 secs using 197.3% CPU
Optimizing NNI: done in 0.728864 secs using 196.6% CPU
Optimizing NNI: done in 1.11243 secs using 198.5% CPU
Optimizing NNI: done in 1.02247 secs using 196.2% CPU
Optimizing NNI: done in 1.03711 secs using 197.6% CPU
Optimizing NNI: done in 1.31457 secs using 197.4% CPU
Optimizing NNI: done in 1.0369 secs using 198% CPU
Iteration 210 / LogL: -4386.190 / Time: 0h:3m:50s (0h:1m:27s left)
Optimizing NNI: done in 0.844148 secs using 196.2% CPU
Optimizing NNI: done in 0.98207 secs using 198.6% CPU
Optimizing NNI: done in 0.933822 secs using 197.2% CPU
Optimizing NNI: done in 1.14882 secs using 196.8% CPU
Optimizing NNI: done in 1.15882 secs using 197.7% CPU
Optimizing NNI: done in 0.869365 secs using 196.2% CPU
Optimizing NNI: done in 1.12704 secs using 198.3% CPU
Optimizing NNI: done in 0.985246 secs using 197.4% CPU
Optimizing NNI: done in 0.955476 secs using 198.4% CPU
Optimizing NNI: done in 0.92336 secs using 195.3% CPU
Iteration 220 / LogL: -4392.539 / Time: 0h:4m:0s (0h:1m:15s left)
Optimizing NNI: done in 1.08318 secs using 196.4% CPU
Optimizing NNI: done in 0.758222 secs using 197.6% CPU
Optimizing NNI: done in 1.29187 secs using 195.7% CPU
Optimizing NNI: done in 0.86843 secs using 198.6% CPU
Optimizing NNI: done in 1.02847 secs using 197.6% CPU
Optimizing NNI: done in 0.954809 secs using 197.2% CPU
Optimizing NNI: done in 0.982693 secs using 197.3% CPU
Optimizing NNI: done in 0.988603 secs using 197.9% CPU
Optimizing NNI: done in 0.868538 secs using 196.7% CPU
Estimate model parameters (epsilon = 0.100)
BETTER TREE FOUND at iteration 229: -4383.582
Optimizing NNI: done in 1.15715 secs using 197.8% CPU
Iteration 230 / LogL: -4404.800 / Time: 0h:4m:11s (0h:1m:48s left)
Optimizing NNI: done in 1.04551 secs using 197.2% CPU
Optimizing NNI: done in 1.00516 secs using 198.3% CPU
Optimizing NNI: done in 0.888724 secs using 197.2% CPU
Optimizing NNI: done in 0.875472 secs using 197.8% CPU
Optimizing NNI: done in 0.831483 secs using 195.3% CPU
Optimizing NNI: done in 0.997128 secs using 198.7% CPU
Optimizing NNI: done in 0.956428 secs using 195.8% CPU
Optimizing NNI: done in 1.08507 secs using 197% CPU
Optimizing NNI: done in 1.02092 secs using 198.3% CPU
Optimizing NNI: done in 1.33267 secs using 197.5% CPU
Iteration 240 / LogL: -4384.360 / Time: 0h:4m:22s (0h:1m:37s left)
Optimizing NNI: done in 0.97903 secs using 197.2% CPU
Optimizing NNI: done in 0.755942 secs using 196.8% CPU
Optimizing NNI: done in 1.20891 secs using 198.3% CPU
Optimizing NNI: done in 0.760838 secs using 195.2% CPU
Optimizing NNI: done in 1.14041 secs using 195% CPU
Optimizing NNI: done in 0.848219 secs using 196.2% CPU
Optimizing NNI: done in 0.869749 secs using 198.9% CPU
Optimizing NNI: done in 0.932946 secs using 197.8% CPU
Optimizing NNI: done in 0.76034 secs using 196.8% CPU
Optimizing NNI: done in 0.977373 secs using 197% CPU
Iteration 250 / LogL: -4396.860 / Time: 0h:4m:31s (0h:1m:26s left)
Optimizing NNI: done in 1.02732 secs using 197.3% CPU
Optimizing NNI: done in 0.960942 secs using 196.6% CPU
Optimizing NNI: done in 0.976236 secs using 197.5% CPU
Optimizing NNI: done in 0.89248 secs using 196.8% CPU
Estimate model parameters (epsilon = 0.100)
BETTER TREE FOUND at iteration 254: -4383.440
Optimizing NNI: done in 1.14138 secs using 198.1% CPU
Optimizing NNI: done in 0.814419 secs using 198.2% CPU
Optimizing NNI: done in 0.993321 secs using 196.2% CPU
Optimizing NNI: done in 1.328 secs using 197.9% CPU
Optimizing NNI: done in 1.03368 secs using 197.1% CPU
Optimizing NNI: done in 1.22451 secs using 198.6% CPU
Iteration 260 / LogL: -4385.009 / Time: 0h:4m:43s (0h:1m:42s left)
Optimizing NNI: done in 0.872992 secs using 198.1% CPU
Optimizing NNI: done in 1.01298 secs using 197.9% CPU
Optimizing NNI: done in 0.728602 secs using 198.8% CPU
Optimizing NNI: done in 1.12106 secs using 196.3% CPU
Optimizing NNI: done in 1.0452 secs using 198.3% CPU
Optimizing NNI: done in 0.911561 secs using 198.7% CPU
Optimizing NNI: done in 0.831203 secs using 198.2% CPU
Optimizing NNI: done in 0.963073 secs using 198.8% CPU
Optimizing NNI: done in 0.986509 secs using 196.1% CPU
Optimizing NNI: done in 0.771733 secs using 196.9% CPU
Iteration 270 / LogL: -4394.095 / Time: 0h:4m:53s (0h:1m:31s left)
Optimizing NNI: done in 1.0771 secs using 195.8% CPU
Optimizing NNI: done in 0.760187 secs using 198.9% CPU
Optimizing NNI: done in 1.11327 secs using 198.1% CPU
Optimizing NNI: done in 0.858408 secs using 196.5% CPU
Optimizing NNI: done in 1.16025 secs using 197.6% CPU
Optimizing NNI: done in 0.954795 secs using 196.4% CPU
Optimizing NNI: done in 0.843362 secs using 197.7% CPU
Optimizing NNI: done in 1.14049 secs using 198.6% CPU
Optimizing NNI: done in 0.886619 secs using 199.2% CPU
Optimizing NNI: done in 1.05047 secs using 196.3% CPU
Iteration 280 / LogL: -4402.645 / Time: 0h:5m:3s (0h:1m:20s left)
Optimizing NNI: done in 0.978446 secs using 196.5% CPU
Optimizing NNI: done in 0.9057 secs using 198.5% CPU
Optimizing NNI: done in 0.882427 secs using 198.8% CPU
Optimizing NNI: done in 0.846951 secs using 196.8% CPU
Optimizing NNI: done in 1.26644 secs using 198.2% CPU
Estimate model parameters (epsilon = 0.100)
BETTER TREE FOUND at iteration 285: -4383.216
Optimizing NNI: done in 0.868553 secs using 198.5% CPU
Optimizing NNI: done in 0.754017 secs using 196.5% CPU
Optimizing NNI: done in 1.0375 secs using 195.6% CPU
Estimate model parameters (epsilon = 0.100)
BETTER TREE FOUND at iteration 288: -4382.816
Optimizing NNI: done in 0.873541 secs using 197.1% CPU
Optimizing NNI: done in 0.858842 secs using 197.8% CPU
Iteration 290 / LogL: -4387.222 / Time: 0h:5m:14s (0h:1m:46s left)
Optimizing NNI: done in 0.862449 secs using 197.4% CPU
Optimizing NNI: done in 0.854634 secs using 197.3% CPU
Optimizing NNI: done in 0.962028 secs using 196.9% CPU
Optimizing NNI: done in 0.838572 secs using 197.3% CPU
Optimizing NNI: done in 1.0387 secs using 197% CPU
Optimizing NNI: done in 0.810019 secs using 198.3% CPU
Optimizing NNI: done in 0.719182 secs using 199% CPU
Optimizing NNI: done in 0.950913 secs using 198% CPU
Optimizing NNI: done in 0.717948 secs using 193.6% CPU
Optimizing NNI: done in 0.714549 secs using 198% CPU
Iteration 300 / LogL: -4388.981 / Time: 0h:5m:22s (0h:1m:35s left)
Optimizing NNI: done in 0.824194 secs using 197.6% CPU
Optimizing NNI: done in 0.72495 secs using 196.6% CPU
Optimizing NNI: done in 0.83397 secs using 196.4% CPU
Optimizing NNI: done in 0.965951 secs using 196.5% CPU
Optimizing NNI: done in 0.71672 secs using 197.7% CPU
Optimizing NNI: done in 0.868984 secs using 197.6% CPU
Optimizing NNI: done in 0.727209 secs using 197.9% CPU
Optimizing NNI: done in 0.95317 secs using 196.1% CPU
Optimizing NNI: done in 1.09332 secs using 197.3% CPU
Optimizing NNI: done in 1.00884 secs using 197.5% CPU
Iteration 310 / LogL: -4397.120 / Time: 0h:5m:31s (0h:1m:23s left)
Optimizing NNI: done in 1.02755 secs using 197.7% CPU
Optimizing NNI: done in 0.722451 secs using 196.9% CPU
Optimizing NNI: done in 1.07232 secs using 197.7% CPU
Optimizing NNI: done in 0.99959 secs using 198% CPU
Optimizing NNI: done in 0.723913 secs using 195% CPU
Optimizing NNI: done in 0.728347 secs using 195% CPU
Optimizing NNI: done in 1.09517 secs using 197.9% CPU
Optimizing NNI: done in 0.882142 secs using 196.6% CPU
Optimizing NNI: done in 1.02371 secs using 197.7% CPU
Optimizing NNI: done in 1.18025 secs using 196.6% CPU
Iteration 320 / LogL: -4395.241 / Time: 0h:5m:41s (0h:1m:12s left)
Optimizing NNI: done in 0.938764 secs using 197.6% CPU
Optimizing NNI: done in 0.890561 secs using 197.9% CPU
Optimizing NNI: done in 0.74418 secs using 196.7% CPU
Optimizing NNI: done in 0.718749 secs using 196.8% CPU
Optimizing NNI: done in 1.16427 secs using 197.9% CPU
Optimizing NNI: done in 0.741003 secs using 196.1% CPU
Optimizing NNI: done in 0.98347 secs using 195.2% CPU
Optimizing NNI: done in 1.16216 secs using 197.1% CPU
Optimizing NNI: done in 1.16221 secs using 197.7% CPU
Optimizing NNI: done in 0.904539 secs using 198.2% CPU
Iteration 330 / LogL: -4383.237 / Time: 0h:5m:51s (0h:1m:1s left)
Optimizing NNI: done in 0.858138 secs using 197.9% CPU
Optimizing NNI: done in 0.893707 secs using 196.2% CPU
Optimizing NNI: done in 0.931396 secs using 196.2% CPU
Optimizing NNI: done in 1.08238 secs using 196.8% CPU
Optimizing NNI: done in 0.891556 secs using 197.8% CPU
Optimizing NNI: done in 1.14772 secs using 196.9% CPU
Optimizing NNI: done in 1.07048 secs using 196.4% CPU
Optimizing NNI: done in 0.989363 secs using 197.8% CPU
Optimizing NNI: done in 0.929299 secs using 198.1% CPU
Optimizing NNI: done in 0.613652 secs using 196.5% CPU
Iteration 340 / LogL: -4397.258 / Time: 0h:6m:1s (0h:0m:51s left)
Optimizing NNI: done in 1.01988 secs using 196.9% CPU
Optimizing NNI: done in 0.853787 secs using 196.5% CPU
Optimizing NNI: done in 0.743179 secs using 198.5% CPU
Optimizing NNI: done in 0.981402 secs using 199% CPU
Optimizing NNI: done in 1.02654 secs using 195.5% CPU
Optimizing NNI: done in 0.956509 secs using 198.7% CPU
Optimizing NNI: done in 0.755878 secs using 197.4% CPU
Optimizing NNI: done in 0.870631 secs using 197.4% CPU
Optimizing NNI: done in 1.05039 secs using 196.7% CPU
Optimizing NNI: done in 1.04367 secs using 196.2% CPU
Iteration 350 / LogL: -4394.891 / Time: 0h:6m:11s (0h:0m:40s left)
Optimizing NNI: done in 0.883384 secs using 196.9% CPU
Optimizing NNI: done in 0.91875 secs using 197.5% CPU
Optimizing NNI: done in 1.1197 secs using 196.1% CPU
Optimizing NNI: done in 0.862319 secs using 197.9% CPU
Optimizing NNI: done in 1.02783 secs using 195.7% CPU
Optimizing NNI: done in 1.09225 secs using 197.4% CPU
Optimizing NNI: done in 0.853557 secs using 197.9% CPU
Optimizing NNI: done in 0.887238 secs using 198.7% CPU
Optimizing NNI: done in 1.04144 secs using 197.2% CPU
Optimizing NNI: done in 1.07521 secs using 197.8% CPU
Iteration 360 / LogL: -4399.905 / Time: 0h:6m:21s (0h:0m:29s left)
Optimizing NNI: done in 1.18921 secs using 197.5% CPU
Optimizing NNI: done in 1.11457 secs using 198.3% CPU
Optimizing NNI: done in 1.00914 secs using 197.9% CPU
Optimizing NNI: done in 1.0011 secs using 197.5% CPU
Optimizing NNI: done in 1.06892 secs using 197.3% CPU
Optimizing NNI: done in 0.972966 secs using 199.1% CPU
Optimizing NNI: done in 0.9435 secs using 199.2% CPU
Optimizing NNI: done in 1.06991 secs using 197.2% CPU
Optimizing NNI: done in 0.984353 secs using 199.2% CPU
Optimizing NNI: done in 0.972374 secs using 197.5% CPU
Iteration 370 / LogL: -4390.081 / Time: 0h:6m:32s (0h:0m:19s left)
Optimizing NNI: done in 0.96772 secs using 196.3% CPU
Optimizing NNI: done in 0.981603 secs using 198.6% CPU
Optimizing NNI: done in 0.888082 secs using 196.8% CPU
Optimizing NNI: done in 0.980481 secs using 197.1% CPU
Optimizing NNI: done in 1.03141 secs using 198.1% CPU
Optimizing NNI: done in 0.739182 secs using 196.3% CPU
Optimizing NNI: done in 0.861925 secs using 196.5% CPU
Optimizing NNI: done in 1.12682 secs using 198.3% CPU
Optimizing NNI: done in 0.888766 secs using 198.6% CPU
Optimizing NNI: done in 0.76317 secs using 199% CPU
Iteration 380 / LogL: -4390.612 / Time: 0h:6m:41s (0h:0m:8s left)
Optimizing NNI: done in 0.775757 secs using 198.5% CPU
Optimizing NNI: done in 1.10445 secs using 197.4% CPU
Estimate model parameters (epsilon = 0.100)
BETTER TREE FOUND at iteration 382: -4382.135
Optimizing NNI: done in 1.30025 secs using 198.7% CPU
Optimizing NNI: done in 0.738925 secs using 196.9% CPU
Optimizing NNI: done in 0.919492 secs using 196.1% CPU
Optimizing NNI: done in 1.08832 secs using 198.5% CPU
Optimizing NNI: done in 0.898254 secs using 195.7% CPU
Optimizing NNI: done in 0.859607 secs using 197.3% CPU
Optimizing NNI: done in 0.766194 secs using 198.1% CPU
Optimizing NNI: done in 0.890576 secs using 197.5% CPU
Iteration 390 / LogL: -4385.477 / Time: 0h:6m:52s (0h:1m:37s left)
Optimizing NNI: done in 0.921025 secs using 199% CPU
Optimizing NNI: done in 1.15829 secs using 199.5% CPU
Optimizing NNI: done in 0.771014 secs using 197.5% CPU
Optimizing NNI: done in 1.26925 secs using 197.4% CPU
Optimizing NNI: done in 0.891943 secs using 198.2% CPU
Optimizing NNI: done in 0.915651 secs using 198.7% CPU
Optimizing NNI: done in 0.744239 secs using 195.7% CPU
Optimizing NNI: done in 0.906473 secs using 197.5% CPU
Optimizing NNI: done in 0.60446 secs using 199.3% CPU
Optimizing NNI: done in 1.23099 secs using 197.8% CPU
Iteration 400 / LogL: -4390.282 / Time: 0h:7m:2s (0h:1m:26s left)
Optimizing NNI: done in 1.15164 secs using 197.9% CPU
Optimizing NNI: done in 1.28101 secs using 197.4% CPU
Optimizing NNI: done in 0.870199 secs using 196.1% CPU
Optimizing NNI: done in 0.759741 secs using 195.8% CPU
Optimizing NNI: done in 0.911923 secs using 196.5% CPU
Optimizing NNI: done in 0.753386 secs using 197.7% CPU
Optimizing NNI: done in 0.905792 secs using 197.1% CPU
Optimizing NNI: done in 0.865093 secs using 198% CPU
Optimizing NNI: done in 0.896602 secs using 198.1% CPU
Optimizing NNI: done in 0.897451 secs using 196.7% CPU
Iteration 410 / LogL: -4401.968 / Time: 0h:7m:11s (0h:1m:15s left)
Optimizing NNI: done in 1.21294 secs using 196% CPU
Optimizing NNI: done in 0.867985 secs using 196.8% CPU
Optimizing NNI: done in 1.04868 secs using 197.3% CPU
Optimizing NNI: done in 1.31073 secs using 198.6% CPU
Optimizing NNI: done in 0.980598 secs using 196.7% CPU
Optimizing NNI: done in 1.04409 secs using 196.9% CPU
Optimizing NNI: done in 1.26318 secs using 198.5% CPU
Optimizing NNI: done in 1.12272 secs using 198.3% CPU
Optimizing NNI: done in 1.08473 secs using 198.1% CPU
BETTER TREE FOUND at iteration 419: -4382.135
Optimizing NNI: done in 1.05436 secs using 198.6% CPU
Iteration 420 / LogL: -4395.810 / Time: 0h:7m:23s (0h:1m:44s left)
Optimizing NNI: done in 0.829915 secs using 198.8% CPU
Optimizing NNI: done in 1.02808 secs using 196.9% CPU
Optimizing NNI: done in 0.839443 secs using 198.6% CPU
Optimizing NNI: done in 1.40857 secs using 196.8% CPU
Optimizing NNI: done in 1.02372 secs using 198.9% CPU
Optimizing NNI: done in 1.13112 secs using 196.2% CPU
Optimizing NNI: done in 1.02403 secs using 198% CPU
Optimizing NNI: done in 1.03724 secs using 196.8% CPU
Optimizing NNI: done in 1.11089 secs using 196.9% CPU
Optimizing NNI: done in 1.0036 secs using 195.3% CPU
BETTER TREE FOUND at iteration 430: -4382.134
Iteration 430 / LogL: -4382.134 / Time: 0h:7m:33s (0h:1m:45s left)
Optimizing NNI: done in 0.8762 secs using 199.5% CPU
Optimizing NNI: done in 1.21532 secs using 196.8% CPU
Optimizing NNI: done in 1.15329 secs using 197.1% CPU
Optimizing NNI: done in 1.09558 secs using 198.2% CPU
Optimizing NNI: done in 0.757254 secs using 196.1% CPU
Optimizing NNI: done in 0.868318 secs using 197.7% CPU
Optimizing NNI: done in 0.893641 secs using 198.5% CPU
Optimizing NNI: done in 0.892555 secs using 196.8% CPU
Optimizing NNI: done in 1.10467 secs using 198.5% CPU
Optimizing NNI: done in 0.882015 secs using 198.9% CPU
Iteration 440 / LogL: -4392.989 / Time: 0h:7m:44s (0h:1m:35s left)
Optimizing NNI: done in 1.14918 secs using 197.1% CPU
Optimizing NNI: done in 1.10955 secs using 197.7% CPU
Optimizing NNI: done in 0.87858 secs using 197.4% CPU
Optimizing NNI: done in 0.978697 secs using 195.2% CPU
Estimate model parameters (epsilon = 0.100)
BETTER TREE FOUND at iteration 444: -4379.168
Optimizing NNI: done in 0.993648 secs using 197.4% CPU
Optimizing NNI: done in 0.843532 secs using 196.7% CPU
Optimizing NNI: done in 1.06387 secs using 197.8% CPU
Optimizing NNI: done in 0.973798 secs using 197.8% CPU
Optimizing NNI: done in 1.15201 secs using 198.6% CPU
Optimizing NNI: done in 0.992789 secs using 199.5% CPU
Iteration 450 / LogL: -4393.483 / Time: 0h:7m:55s (0h:1m:39s left)
Optimizing NNI: done in 1.20453 secs using 197.6% CPU
Optimizing NNI: done in 1.04244 secs using 198.2% CPU
Optimizing NNI: done in 1.02437 secs using 196.1% CPU
Optimizing NNI: done in 0.850214 secs using 198.3% CPU
Optimizing NNI: done in 0.667224 secs using 197.1% CPU
Optimizing NNI: done in 0.997077 secs using 196.3% CPU
Optimizing NNI: done in 1.08043 secs using 198.5% CPU
Optimizing NNI: done in 0.927854 secs using 195.7% CPU
Optimizing NNI: done in 1.01912 secs using 196.9% CPU
Optimizing NNI: done in 0.876332 secs using 199% CPU
Iteration 460 / LogL: -4387.077 / Time: 0h:8m:5s (0h:1m:28s left)
Optimizing NNI: done in 1.18769 secs using 198% CPU
Estimate model parameters (epsilon = 0.100)
BETTER TREE FOUND at iteration 461: -4378.559
Optimizing NNI: done in 0.853891 secs using 197.9% CPU
Optimizing NNI: done in 1.21596 secs using 198.4% CPU
Optimizing NNI: done in 0.706573 secs using 197.9% CPU
Optimizing NNI: done in 0.894123 secs using 197.5% CPU
Optimizing NNI: done in 0.897189 secs using 195.8% CPU
Optimizing NNI: done in 1.11078 secs using 197.9% CPU
Optimizing NNI: done in 0.841692 secs using 196.5% CPU
Optimizing NNI: done in 1.3584 secs using 198.1% CPU
Optimizing NNI: done in 1.10429 secs using 195.6% CPU
Iteration 470 / LogL: -4378.681 / Time: 0h:8m:16s (0h:1m:36s left)
Optimizing NNI: done in 0.797545 secs using 197.8% CPU
Optimizing NNI: done in 1.02757 secs using 198.5% CPU
Optimizing NNI: done in 1.02063 secs using 196% CPU
Optimizing NNI: done in 0.756418 secs using 197.3% CPU
Optimizing NNI: done in 0.984783 secs using 196.7% CPU
Optimizing NNI: done in 1.15623 secs using 198.6% CPU
Estimate model parameters (epsilon = 0.100)
BETTER TREE FOUND at iteration 476: -4376.085
Optimizing NNI: done in 1.09969 secs using 196.4% CPU
Estimate model parameters (epsilon = 0.100)
BETTER TREE FOUND at iteration 477: -4375.440
Optimizing NNI: done in 0.967417 secs using 197.6% CPU
Optimizing NNI: done in 1.20027 secs using 196.3% CPU
Optimizing NNI: done in 0.892718 secs using 199.9% CPU
Iteration 480 / LogL: -4389.102 / Time: 0h:8m:28s (0h:1m:42s left)
Optimizing NNI: done in 0.926558 secs using 198.4% CPU
Optimizing NNI: done in 1.02361 secs using 197.3% CPU
Optimizing NNI: done in 1.1216 secs using 198.4% CPU
Optimizing NNI: done in 0.869471 secs using 198.4% CPU
Optimizing NNI: done in 0.904596 secs using 196.4% CPU
Optimizing NNI: done in 1.00838 secs using 198% CPU
Optimizing NNI: done in 0.923216 secs using 197.1% CPU
Optimizing NNI: done in 0.867283 secs using 198.7% CPU
Optimizing NNI: done in 0.860667 secs using 199% CPU
Optimizing NNI: done in 0.929101 secs using 195.6% CPU
Iteration 490 / LogL: -4379.336 / Time: 0h:8m:38s (0h:1m:32s left)
Optimizing NNI: done in 0.859167 secs using 198.7% CPU
Optimizing NNI: done in 1.00303 secs using 198.1% CPU
Optimizing NNI: done in 0.756095 secs using 197.9% CPU
Optimizing NNI: done in 0.873241 secs using 198.5% CPU
Optimizing NNI: done in 0.984523 secs using 197.1% CPU
Optimizing NNI: done in 0.952901 secs using 199.5% CPU
Optimizing NNI: done in 1.26124 secs using 198% CPU
Optimizing NNI: done in 0.75222 secs using 197.8% CPU
Optimizing NNI: done in 0.97638 secs using 196.3% CPU
Optimizing NNI: done in 0.754 secs using 197.6% CPU
Iteration 500 / LogL: -4396.395 / Time: 0h:8m:47s (0h:1m:21s left)
Optimizing NNI: done in 0.937476 secs using 196.9% CPU
Optimizing NNI: done in 1.06838 secs using 196.2% CPU
Optimizing NNI: done in 0.883152 secs using 197.4% CPU
Optimizing NNI: done in 0.877688 secs using 196.2% CPU
Optimizing NNI: done in 0.971737 secs using 197.6% CPU
Optimizing NNI: done in 1.31194 secs using 196.3% CPU
Optimizing NNI: done in 0.914518 secs using 196.7% CPU
Optimizing NNI: done in 1.00478 secs using 197.1% CPU
Optimizing NNI: done in 1.05791 secs using 197.2% CPU
Optimizing NNI: done in 0.950426 secs using 198.9% CPU
Iteration 510 / LogL: -4387.537 / Time: 0h:8m:58s (0h:1m:10s left)
Optimizing NNI: done in 1.03597 secs using 197.7% CPU
Estimate model parameters (epsilon = 0.100)
BETTER TREE FOUND at iteration 511: -4374.393
Optimizing NNI: done in 1.04447 secs using 196.5% CPU
Optimizing NNI: done in 1.17733 secs using 197.5% CPU
Optimizing NNI: done in 1.09732 secs using 195.1% CPU
Optimizing NNI: done in 0.841755 secs using 197.4% CPU
Optimizing NNI: done in 0.889252 secs using 194% CPU
Optimizing NNI: done in 1.20205 secs using 196.5% CPU
Optimizing NNI: done in 1.02425 secs using 195.7% CPU
Optimizing NNI: done in 0.920132 secs using 196.1% CPU
Optimizing NNI: done in 0.604741 secs using 197.2% CPU
Iteration 520 / LogL: -4383.086 / Time: 0h:9m:8s (0h:1m:36s left)
Optimizing NNI: done in 0.909468 secs using 197.2% CPU
Optimizing NNI: done in 0.89033 secs using 196.1% CPU
Optimizing NNI: done in 0.963378 secs using 199.2% CPU
Optimizing NNI: done in 0.905843 secs using 195.8% CPU
Optimizing NNI: done in 1.02562 secs using 196.7% CPU
Optimizing NNI: done in 0.984805 secs using 193.4% CPU
Optimizing NNI: done in 0.958181 secs using 197.3% CPU
Optimizing NNI: done in 0.91596 secs using 195.2% CPU
Optimizing NNI: done in 1.2414 secs using 197.6% CPU
Estimate model parameters (epsilon = 0.100)
BETTER TREE FOUND at iteration 529: -4373.728
Optimizing NNI: done in 1.0826 secs using 196.8% CPU
Iteration 530 / LogL: -4375.450 / Time: 0h:9m:19s (0h:1m:44s left)
Optimizing NNI: done in 1.0098 secs using 195.9% CPU
Optimizing NNI: done in 1.0022 secs using 196.2% CPU
Optimizing NNI: done in 0.617705 secs using 195.8% CPU
Optimizing NNI: done in 1.2039 secs using 198.3% CPU
Optimizing NNI: done in 0.78499 secs using 197.8% CPU
Optimizing NNI: done in 1.51356 secs using 198.3% CPU
Optimizing NNI: done in 1.05243 secs using 197.7% CPU
Optimizing NNI: done in 0.92461 secs using 197.3% CPU
Optimizing NNI: done in 0.881906 secs using 198% CPU
Optimizing NNI: done in 0.997476 secs using 198.6% CPU
Iteration 540 / LogL: -4384.577 / Time: 0h:9m:30s (0h:1m:34s left)
Optimizing NNI: done in 1.08286 secs using 197.5% CPU
Optimizing NNI: done in 1.10602 secs using 196.9% CPU
Optimizing NNI: done in 1.10292 secs using 195.4% CPU
Optimizing NNI: done in 1.07402 secs using 196.8% CPU
Optimizing NNI: done in 0.798102 secs using 195.2% CPU
Optimizing NNI: done in 0.951373 secs using 197.1% CPU
Optimizing NNI: done in 0.967845 secs using 197.1% CPU
Optimizing NNI: done in 1.06359 secs using 196.7% CPU
Optimizing NNI: done in 1.20285 secs using 197.8% CPU
Optimizing NNI: done in 1.15438 secs using 195.6% CPU
Iteration 550 / LogL: -4386.054 / Time: 0h:9m:41s (0h:1m:23s left)
Optimizing NNI: done in 0.83084 secs using 198.7% CPU
Optimizing NNI: done in 0.922789 secs using 196.7% CPU
Optimizing NNI: done in 1.06515 secs using 196.9% CPU
Optimizing NNI: done in 0.940365 secs using 197.4% CPU
Optimizing NNI: done in 0.791345 secs using 198.1% CPU
Optimizing NNI: done in 0.880673 secs using 194.5% CPU
Optimizing NNI: done in 1.23885 secs using 196.2% CPU
Optimizing NNI: done in 0.95069 secs using 195.1% CPU
Optimizing NNI: done in 1.08687 secs using 196.8% CPU
Optimizing NNI: done in 1.20498 secs using 198.6% CPU
Iteration 560 / LogL: -4387.016 / Time: 0h:9m:51s (0h:1m:13s left)
Optimizing NNI: done in 1.00943 secs using 197.9% CPU
Optimizing NNI: done in 0.955903 secs using 196.7% CPU
Optimizing NNI: done in 1.11567 secs using 197.5% CPU
Optimizing NNI: done in 1.27762 secs using 196.7% CPU
Optimizing NNI: done in 0.908803 secs using 197.3% CPU
Optimizing NNI: done in 1.31605 secs using 198.8% CPU
Optimizing NNI: done in 0.969642 secs using 197.8% CPU
Optimizing NNI: done in 1.22462 secs using 197.3% CPU
Optimizing NNI: done in 1.34018 secs using 198.2% CPU
Optimizing NNI: done in 1.00227 secs using 196.6% CPU
Iteration 570 / LogL: -4373.731 / Time: 0h:10m:3s (0h:1m:2s left)
Optimizing NNI: done in 1.1984 secs using 196.5% CPU
Optimizing NNI: done in 1.10482 secs using 197.4% CPU
Optimizing NNI: done in 0.810446 secs using 195.3% CPU
Optimizing NNI: done in 0.969897 secs using 196.5% CPU
Optimizing NNI: done in 1.07628 secs using 197% CPU
Optimizing NNI: done in 0.798696 secs using 197.7% CPU
Optimizing NNI: done in 1.03235 secs using 198.8% CPU
Optimizing NNI: done in 0.798334 secs using 197.2% CPU
Optimizing NNI: done in 0.935869 secs using 196.6% CPU
Optimizing NNI: done in 0.915139 secs using 197.9% CPU
Iteration 580 / LogL: -4374.616 / Time: 0h:10m:13s (0h:0m:51s left)
Optimizing NNI: done in 0.889764 secs using 196.7% CPU
Optimizing NNI: done in 0.803067 secs using 197.1% CPU
Optimizing NNI: done in 0.900586 secs using 199% CPU
Optimizing NNI: done in 0.933706 secs using 196.4% CPU
Optimizing NNI: done in 1.22764 secs using 198.4% CPU
Optimizing NNI: done in 0.902783 secs using 197.9% CPU
Optimizing NNI: done in 0.863823 secs using 197.2% CPU
Optimizing NNI: done in 1.20911 secs using 198.3% CPU
Optimizing NNI: done in 1.23476 secs using 197.5% CPU
Optimizing NNI: done in 1.29122 secs using 196.3% CPU
Iteration 590 / LogL: -4386.589 / Time: 0h:10m:23s (0h:0m:41s left)
Optimizing NNI: done in 1.21127 secs using 196.1% CPU
Optimizing NNI: done in 1.05369 secs using 197.6% CPU
Optimizing NNI: done in 0.782617 secs using 198.1% CPU
Optimizing NNI: done in 1.07699 secs using 198% CPU
Optimizing NNI: done in 0.939022 secs using 197.5% CPU
Optimizing NNI: done in 1.46169 secs using 198.2% CPU
Optimizing NNI: done in 0.98136 secs using 197.4% CPU
Optimizing NNI: done in 0.962059 secs using 196.9% CPU
Optimizing NNI: done in 1.02013 secs using 198% CPU
Optimizing NNI: done in 0.930216 secs using 197.2% CPU
Iteration 600 / LogL: -4377.981 / Time: 0h:10m:34s (0h:0m:30s left)
Optimizing NNI: done in 1.13811 secs using 196.6% CPU
Optimizing NNI: done in 1.10868 secs using 197% CPU
Optimizing NNI: done in 1.05615 secs using 198.5% CPU
Optimizing NNI: done in 0.976901 secs using 197.5% CPU
Optimizing NNI: done in 0.799418 secs using 196.1% CPU
Optimizing NNI: done in 0.953802 secs using 198.5% CPU
Optimizing NNI: done in 1.22176 secs using 198.2% CPU
Optimizing NNI: done in 0.935411 secs using 195.4% CPU
Optimizing NNI: done in 1.1748 secs using 197% CPU
Optimizing NNI: done in 1.22271 secs using 197.2% CPU
Iteration 610 / LogL: -4373.734 / Time: 0h:10m:45s (0h:0m:20s left)
Optimizing NNI: done in 0.979197 secs using 198.4% CPU
Optimizing NNI: done in 0.977 secs using 198.3% CPU
Optimizing NNI: done in 1.19744 secs using 197.5% CPU
Optimizing NNI: done in 1.12527 secs using 198.5% CPU
Optimizing NNI: done in 0.930726 secs using 196.7% CPU
Optimizing NNI: done in 0.981978 secs using 195.7% CPU
Optimizing NNI: done in 0.971289 secs using 196.8% CPU
Optimizing NNI: done in 1.05378 secs using 197.9% CPU
Optimizing NNI: done in 1.13894 secs using 195.9% CPU
Optimizing NNI: done in 0.940676 secs using 198.2% CPU
Iteration 620 / LogL: -4382.965 / Time: 0h:10m:56s (0h:0m:9s left)
Optimizing NNI: done in 1.10302 secs using 197.9% CPU
Optimizing NNI: done in 1.22631 secs using 197.5% CPU
Optimizing NNI: done in 0.922756 secs using 197.5% CPU
Optimizing NNI: done in 1.43635 secs using 197.5% CPU
Optimizing NNI: done in 1.57032 secs using 197.6% CPU
Optimizing NNI: done in 1.2177 secs using 196.2% CPU
Optimizing NNI: done in 1.06903 secs using 195.8% CPU
Optimizing NNI: done in 0.818296 secs using 198.2% CPU
Optimizing NNI: done in 0.990554 secs using 198.1% CPU
BETTER TREE FOUND at iteration 629: -4373.727
Optimizing NNI: done in 1.12846 secs using 198.9% CPU
Iteration 630 / LogL: -4393.206 / Time: 0h:11m:8s (0h:1m:45s left)
Optimizing NNI: done in 0.868273 secs using 199% CPU
Optimizing NNI: done in 1.23266 secs using 197.3% CPU
Optimizing NNI: done in 0.96287 secs using 197.2% CPU
Optimizing NNI: done in 1.20678 secs using 195.1% CPU
Optimizing NNI: done in 1.12995 secs using 198.1% CPU
Optimizing NNI: done in 0.934553 secs using 198.9% CPU
Optimizing NNI: done in 1.10361 secs using 199.3% CPU
Optimizing NNI: done in 1.4456 secs using 197.7% CPU
Optimizing NNI: done in 0.940507 secs using 195.7% CPU
Optimizing NNI: done in 1.12261 secs using 196.6% CPU
Iteration 640 / LogL: -4376.191 / Time: 0h:11m:19s (0h:1m:34s left)
Optimizing NNI: done in 1.30419 secs using 196.6% CPU
Optimizing NNI: done in 1.12885 secs using 196.7% CPU
Optimizing NNI: done in 1.06323 secs using 197.1% CPU
Optimizing NNI: done in 1.18422 secs using 196.9% CPU
Optimizing NNI: done in 1.24386 secs using 198.4% CPU
Optimizing NNI: done in 1.03801 secs using 198.6% CPU
Optimizing NNI: done in 0.981122 secs using 197.4% CPU
Optimizing NNI: done in 1.19379 secs using 197.8% CPU
Optimizing NNI: done in 0.881627 secs using 197.1% CPU
Optimizing NNI: done in 0.945959 secs using 198.9% CPU
Iteration 650 / LogL: -4374.393 / Time: 0h:11m:31s (0h:1m:24s left)
Optimizing NNI: done in 0.829344 secs using 198.9% CPU
Optimizing NNI: done in 0.951359 secs using 199.2% CPU
Optimizing NNI: done in 0.957727 secs using 197.7% CPU
Optimizing NNI: done in 0.809082 secs using 197.9% CPU
Optimizing NNI: done in 1.30304 secs using 197.9% CPU
Optimizing NNI: done in 1.23534 secs using 198.4% CPU
Optimizing NNI: done in 1.07476 secs using 197.5% CPU
Optimizing NNI: done in 1.19851 secs using 198.8% CPU
Optimizing NNI: done in 0.941662 secs using 197.7% CPU
Optimizing NNI: done in 0.754387 secs using 197% CPU
Iteration 660 / LogL: -4383.104 / Time: 0h:11m:41s (0h:1m:13s left)
Optimizing NNI: done in 0.988095 secs using 198% CPU
Optimizing NNI: done in 0.945062 secs using 197.8% CPU
Optimizing NNI: done in 1.29315 secs using 198% CPU
Optimizing NNI: done in 1.18931 secs using 198.2% CPU
Optimizing NNI: done in 1.0323 secs using 195.7% CPU
Optimizing NNI: done in 1.20766 secs using 197.7% CPU
Optimizing NNI: done in 0.937815 secs using 198.1% CPU
Optimizing NNI: done in 0.89938 secs using 197.4% CPU
Optimizing NNI: done in 0.771525 secs using 198% CPU
Optimizing NNI: done in 0.807901 secs using 198.5% CPU
Iteration 670 / LogL: -4391.725 / Time: 0h:11m:52s (0h:1m:2s left)
Optimizing NNI: done in 1.36133 secs using 196.1% CPU
Optimizing NNI: done in 0.801024 secs using 196.9% CPU
Optimizing NNI: done in 1.23142 secs using 197.8% CPU
Optimizing NNI: done in 0.788536 secs using 196.4% CPU
Optimizing NNI: done in 1.21291 secs using 196% CPU
Optimizing NNI: done in 0.909906 secs using 198% CPU
Optimizing NNI: done in 1.13766 secs using 197% CPU
Optimizing NNI: done in 0.810998 secs using 197.6% CPU
Optimizing NNI: done in 0.950136 secs using 198.5% CPU
Optimizing NNI: done in 0.773553 secs using 197.2% CPU
Iteration 680 / LogL: -4374.285 / Time: 0h:12m:2s (0h:0m:52s left)
Optimizing NNI: done in 1.10746 secs using 198.2% CPU
Optimizing NNI: done in 0.89626 secs using 197.3% CPU
Optimizing NNI: done in 1.06677 secs using 197.9% CPU
Optimizing NNI: done in 1.09603 secs using 196% CPU
Optimizing NNI: done in 1.25721 secs using 195.4% CPU
Optimizing NNI: done in 1.06048 secs using 196.6% CPU
Optimizing NNI: done in 0.928706 secs using 197.8% CPU
Optimizing NNI: done in 0.749256 secs using 197.2% CPU
Optimizing NNI: done in 1.07417 secs using 194.9% CPU
Optimizing NNI: done in 1.02001 secs using 198.4% CPU
Iteration 690 / LogL: -4379.625 / Time: 0h:12m:13s (0h:0m:41s left)
Optimizing NNI: done in 1.38585 secs using 198.1% CPU
Optimizing NNI: done in 0.984219 secs using 199.6% CPU
Optimizing NNI: done in 0.75145 secs using 197.9% CPU
Optimizing NNI: done in 0.902242 secs using 198% CPU
Optimizing NNI: done in 0.838413 secs using 196.8% CPU
Optimizing NNI: done in 1.04676 secs using 198.6% CPU
Optimizing NNI: done in 1.27503 secs using 195.4% CPU
Optimizing NNI: done in 0.878136 secs using 197% CPU
Optimizing NNI: done in 1.00019 secs using 197.2% CPU
Optimizing NNI: done in 0.767566 secs using 199% CPU
Iteration 700 / LogL: -4386.641 / Time: 0h:12m:23s (0h:0m:30s left)
Optimizing NNI: done in 0.872272 secs using 197.7% CPU
Optimizing NNI: done in 0.89705 secs using 197.2% CPU
Optimizing NNI: done in 1.11375 secs using 197% CPU
Optimizing NNI: done in 1.05183 secs using 198.5% CPU
Optimizing NNI: done in 1.329 secs using 197.8% CPU
Optimizing NNI: done in 1.06532 secs using 197.6% CPU
Optimizing NNI: done in 0.790441 secs using 194.1% CPU
Optimizing NNI: done in 0.634183 secs using 196.5% CPU
Optimizing NNI: done in 0.891418 secs using 196.9% CPU
Optimizing NNI: done in 0.877841 secs using 198.4% CPU
Iteration 710 / LogL: -4388.901 / Time: 0h:12m:33s (0h:0m:20s left)
Optimizing NNI: done in 1.39921 secs using 196.9% CPU
Optimizing NNI: done in 0.989324 secs using 196.9% CPU
Optimizing NNI: done in 1.01366 secs using 196.7% CPU
Optimizing NNI: done in 1.0032 secs using 197.7% CPU
Optimizing NNI: done in 1.04982 secs using 197.2% CPU
Optimizing NNI: done in 1.01135 secs using 198.9% CPU
Optimizing NNI: done in 1.08289 secs using 197.9% CPU
Optimizing NNI: done in 1.01277 secs using 197.9% CPU
Optimizing NNI: done in 1.03393 secs using 197.1% CPU
Optimizing NNI: done in 1.17414 secs using 198.4% CPU
Iteration 720 / LogL: -4377.149 / Time: 0h:12m:44s (0h:0m:9s left)
Optimizing NNI: done in 1.30256 secs using 197% CPU
Optimizing NNI: done in 1.11557 secs using 196.4% CPU
Optimizing NNI: done in 0.894679 secs using 196.6% CPU
Optimizing NNI: done in 1.01947 secs using 198.1% CPU
Optimizing NNI: done in 0.898879 secs using 197.5% CPU
Optimizing NNI: done in 0.95672 secs using 197% CPU
Optimizing NNI: done in 1.01487 secs using 195.8% CPU
Optimizing NNI: done in 1.02031 secs using 196.8% CPU
Optimizing NNI: done in 0.829211 secs using 197.4% CPU
Optimizing NNI: done in 0.934838 secs using 199.3% CPU
Iteration 730 / LogL: -4374.777 / Time: 0h:12m:54s (0h:0m:-2s left)
TREE SEARCH COMPLETED AFTER 730 ITERATIONS / Time: 0h:12m:54s

--------------------------------------------------------------------
|                    FINALIZING TREE SEARCH                        |
--------------------------------------------------------------------
Performs final model parameters optimization
Estimate model parameters (epsilon = 0.010)
1. Initial log-likelihood: -4373.727
Optimal log-likelihood: -4373.726
Rate parameters:  A-C: 0.90262  A-G: 2.09474  A-T: 0.51390  C-G: 0.08411  C-T: 2.81606  G-T: 1.00000
Base frequencies:  A: 0.379  C: 0.155  G: 0.272  T: 0.194
Site proportion and rates:  (0.139,0.277) (0.186,0.590) (0.230,0.686) (0.228,0.759) (0.207,2.229) (0.010,6.144)
Parameters optimization took 1 rounds (0.586 sec)
BEST SCORE FOUND : -4373.726
Total tree length: 2.688

Total number of iterations: 730
CPU time used for tree search: 1496.028 sec (0h:24m:56s)
Wall-clock time used for tree search: 770.472 sec (0h:12m:50s)
Total CPU time used: 1505.762 sec (0h:25m:5s)
Total wall-clock time used: 775.538 sec (0h:12m:55s)

Analysis results written to: 
  IQ-TREE report:                IQTREE_bestTree.InWindow_4600_to_4850.iqtree
  Maximum-likelihood tree:       IQTREE_bestTree.InWindow_4600_to_4850.treefile
  Likelihood distances:          IQTREE_bestTree.InWindow_4600_to_4850.mldist
  Screen log file:               IQTREE_bestTree.InWindow_4600_to_4850.log

Date and Time: Tue Jul 25 12:19:04 2023
