IQ-TREE multicore version 2.2.2.7 COVID-edition for Linux 64-bit built Jun  7 2023
Developed by Bui Quang Minh, James Barbetti, Nguyen Lam Tung,
Olga Chernomor, Heiko Schmidt, Dominik Schrempf, Michael Woodhams, Ly Trong Nhan.

Host:    hpc-node03 (AVX2, FMA3, 1007 GB RAM)
Command: iqtree -s AlignedReadsInWindow_PositionsExcised_4540_to_4790.fasta -pre IQTREE_bestTree.InWindow_4540_to_4790 -m GTR+F+R6 -nt 4
Seed:    757386 (Using SPRNG - Scalable Parallel Random Number Generator)
Time:    Sun Jul 23 04:15:58 2023
Kernel:  AVX+FMA - 4 threads (4 CPU cores detected)

Reading alignment file AlignedReadsInWindow_PositionsExcised_4540_to_4790.fasta ... Fasta format detected
Reading fasta file: done in 0.00798702 secs using 83.35% CPU
Alignment most likely contains DNA/RNA sequences
Constructing alignment: done in 0.00224049 secs using 99.93% CPU
Alignment has 829 sequences with 230 columns, 220 distinct patterns
169 parsimony-informative, 41 singleton sites, 20 constant sites
                                                            Gap/Ambiguity  Composition  p-value
Analyzing sequences: done in 0.00026582 secs using 2409% CPU
   1  200724_20-08522_HIV11-02415_FL24_S18_L000_read_1_count_295    2.61%    passed     99.92%
   2  200724_20-08522_HIV11-02415_FL24_S18_L000_read_2_count_107    2.61%    passed     99.59%
   3  200724_20-08522_HIV11-02415_FL24_S18_L000_read_3_count_57     2.61%    passed     98.29%
   4  200724_20-08522_HIV11-02415_FL24_S18_L000_read_4_count_53     2.61%    passed     99.72%
   5  200724_20-08522_HIV11-02415_FL24_S18_L000_read_5_count_17     2.61%    passed     99.59%
   6  200724_20-08522_HIV11-02415_FL24_S18_L000_read_6_count_15     2.61%    passed     99.79%
   7  200724_20-08522_HIV11-02415_FL24_S18_L000_read_7_count_13     2.61%    passed     99.01%
   8  200724_20-08522_HIV11-02415_FL24_S18_L000_read_8_count_9      2.61%    passed     99.72%
   9  200724_20-08522_HIV11-02415_FL24_S18_L000_read_9_count_7      2.61%    passed     98.29%
  10  200724_20-08522_HIV11-02415_FL24_S18_L000_read_10_count_6     2.61%    passed     99.01%
  11  200724_20-08522_HIV11-02415_FL24_S18_L000_read_11_count_6     2.61%    passed     99.59%
  12  200724_20-08522_HIV11-02415_FL24_S18_L000_read_12_count_5     2.61%    passed     99.59%
  13  200724_20-08522_HIV11-02415_FL24_S18_L000_read_13_count_4     2.61%    passed     95.41%
  14  200724_20-08522_HIV11-02415_FL24_S18_L000_read_14_count_4     2.61%    passed     99.59%
  15  200724_20-08522_HIV11-02415_FL24_S18_L000_read_15_count_4     2.61%    passed     99.59%
  16  200724_20-08522_HIV11-02415_FL24_S18_L000_read_16_count_3     2.61%    passed     98.29%
  17  200724_20-08522_HIV11-02415_FL24_S18_L000_read_17_count_3     2.61%    passed     99.59%
  18  200724_20-08522_HIV11-02415_FL24_S18_L000_read_18_count_3     2.61%    passed     99.79%
  19  200724_20-08522_HIV11-02415_FL24_S18_L000_read_19_count_3     2.61%    passed     95.41%
  20  200724_20-08522_HIV11-02415_FL24_S18_L000_read_20_count_3     2.61%    passed     95.41%
  21  200724_20-08522_HIV11-02415_FL24_S18_L000_read_21_count_3     2.61%    passed     99.19%
  22  200724_20-08522_HIV11-02415_FL24_S18_L000_read_22_count_3     2.61%    passed     96.61%
  23  200724_20-08522_HIV11-02415_FL24_S18_L000_read_23_count_2     2.61%    passed     99.59%
  24  200724_20-08522_HIV11-02415_FL24_S18_L000_read_24_count_2     2.61%    passed     99.72%
  25  200724_20-08522_HIV11-02415_FL24_S18_L000_read_25_count_2     2.61%    passed     99.96%
  26  200724_20-08522_HIV11-02415_FL24_S18_L000_read_26_count_2     2.61%    passed     99.01%
  27  200724_20-08522_HIV11-02415_FL24_S18_L000_read_27_count_2     2.61%    passed     98.32%
  28  200724_20-08522_HIV11-02415_FL24_S18_L000_read_28_count_2     2.61%    passed     98.32%
  29  200724_20-08522_HIV11-02415_FL24_S18_L000_read_29_count_2     2.61%    passed     95.41%
  30  200724_20-08522_HIV11-02415_FL24_S18_L000_read_30_count_2     2.61%    passed     99.72%
  31  200724_20-08522_HIV11-02415_FL24_S18_L000_read_31_count_2     2.61%    passed     98.29%
  32  200724_20-08522_HIV11-02415_FL24_S18_L000_read_32_count_2     2.61%    passed     99.22%
  33  200724_20-08522_HIV11-02415_FL24_S18_L000_read_33_count_2     2.61%    passed     98.32%
  34  200724_20-08522_HIV11-02415_FL24_S18_L000_read_34_count_2     2.61%    passed     99.59%
  35  200724_20-08522_HIV11-02415_FL24_S18_L000_read_35_count_2     2.61%    passed     99.66%
  36  200724_20-08522_HIV11-02415_FL24_S18_L000_read_36_count_2     2.61%    passed     99.72%
  37  200724_20-08522_HIV11-02415_FL24_S18_L000_read_37_count_2     2.61%    passed     99.96%
  38  200724_20-08522_HIV11-02415_FL24_S18_L000_read_38_count_2     2.61%    passed     99.92%
  39  200724_20-08522_HIV11-02415_FL24_S18_L000_read_39_count_2     2.61%    passed     98.29%
  40  200724_20-08522_HIV11-02415_FL24_S18_L000_read_40_count_2     2.61%    passed     99.96%
  41  200724_20-08522_HIV11-02415_FL24_S18_L000_read_41_count_2     2.61%    passed     99.22%
  42  200724_20-08522_HIV11-02415_FL24_S18_L000_read_42_count_2     2.61%    passed     99.22%
  43  200724_20-08522_HIV11-02415_FL24_S18_L000_read_43_count_2     2.61%    passed     99.96%
  44  200724_20-08522_HIV11-02415_FL24_S18_L000_read_44_count_2     2.61%    passed     99.59%
  45  200724_20-08522_HIV11-02415_FL24_S18_L000_read_45_count_1     3.04%    passed     96.74%
  46  200724_20-08522_HIV11-02415_FL24_S18_L000_read_46_count_1     2.61%    passed     99.66%
  47  200724_20-08522_HIV11-02415_FL24_S18_L000_read_47_count_1     2.61%    passed     99.29%
  48  200724_20-08522_HIV11-02415_FL24_S18_L000_read_48_count_1     2.61%    passed     99.59%
  49  200724_20-08522_HIV11-02415_FL24_S18_L000_read_49_count_1     2.61%    passed     90.60%
  50  200724_20-08522_HIV11-02415_FL24_S18_L000_read_50_count_1     2.61%    passed     98.32%
  51  200724_20-08522_HIV11-02415_FL24_S18_L000_read_51_count_1     2.61%    passed     99.22%
  52  200724_20-08522_HIV11-02415_FL24_S18_L000_read_52_count_1     2.61%    passed     99.38%
  53  200724_20-08522_HIV11-02415_FL24_S18_L000_read_53_count_1     2.61%    passed     97.08%
  54  200724_20-08522_HIV11-02415_FL24_S18_L000_read_54_count_1     2.61%    passed     95.78%
  55  200724_20-08522_HIV11-02415_FL24_S18_L000_read_55_count_1     2.61%    passed     99.58%
  56  200724_20-08522_HIV11-02415_FL24_S18_L000_read_56_count_1     2.61%    passed     98.29%
  57  200724_20-08522_HIV11-02415_FL24_S18_L000_read_57_count_1     2.61%    passed     94.96%
  58  200724_20-08522_HIV11-02415_FL24_S18_L000_read_58_count_1     2.61%    passed     99.59%
  59  200724_20-08522_HIV11-02415_FL24_S18_L000_read_59_count_1     2.61%    passed     98.29%
  60  200724_20-08522_HIV11-02415_FL24_S18_L000_read_60_count_1     2.61%    passed     95.41%
  61  200724_20-08522_HIV11-02415_FL24_S18_L000_read_61_count_1     2.61%    passed     99.22%
  62  200724_20-08522_HIV11-02415_FL24_S18_L000_read_62_count_1     2.61%    passed     99.75%
  63  200724_20-08522_HIV11-02415_FL24_S18_L000_read_63_count_1     2.61%    passed     99.29%
  64  200724_20-08522_HIV11-02415_FL24_S18_L000_read_64_count_1     2.61%    passed     98.40%
  65  200724_20-08522_HIV11-02415_FL24_S18_L000_read_65_count_1     2.61%    passed     98.29%
  66  200724_20-08522_HIV11-02415_FL24_S18_L000_read_66_count_1     2.61%    passed     93.35%
  67  200724_20-08522_HIV11-02415_FL24_S18_L000_read_67_count_1     2.61%    passed     98.29%
  68  200724_20-08522_HIV11-02415_FL24_S18_L000_read_68_count_1     2.61%    passed     97.08%
  69  200724_20-08522_HIV11-02415_FL24_S18_L000_read_69_count_1     2.61%    passed     99.59%
  70  200724_20-08522_HIV11-02415_FL24_S18_L000_read_70_count_1     2.61%    passed     99.59%
  71  200724_20-08522_HIV11-02415_FL24_S18_L000_read_71_count_1     2.61%    passed     99.98%
  72  200724_20-08522_HIV11-02415_FL24_S18_L000_read_72_count_1     2.61%    passed     95.41%
  73  200724_20-08522_HIV11-02415_FL24_S18_L000_read_73_count_1     2.61%    passed     99.22%
  74  200724_20-08522_HIV11-02415_FL24_S18_L000_read_74_count_1     2.61%    passed     99.17%
  75  200724_20-08522_HIV11-02415_FL24_S18_L000_read_75_count_1     2.61%    passed     99.10%
  76  200724_20-08522_HIV11-02415_FL24_S18_L000_read_76_count_1     2.61%    passed     99.59%
  77  200724_20-08522_HIV11-02415_FL24_S18_L000_read_77_count_1     2.61%    passed     97.52%
  78  200724_20-08522_HIV11-02415_FL24_S18_L000_read_78_count_1     2.61%    passed     99.79%
  79  200724_20-08522_HIV11-02415_FL24_S18_L000_read_79_count_1     2.61%    passed     99.79%
  80  200724_20-08522_HIV11-02415_FL24_S18_L000_read_80_count_1     2.61%    passed     99.17%
  81  200724_20-08522_HIV11-02415_FL24_S18_L000_read_81_count_1     2.61%    passed     99.92%
  82  200724_20-08522_HIV11-02415_FL24_S18_L000_read_82_count_1     2.61%    passed     99.79%
  83  200724_20-08522_HIV11-02415_FL24_S18_L000_read_83_count_1     2.61%    passed     97.08%
  84  200724_20-08522_HIV11-02415_FL24_S18_L000_read_84_count_1     2.61%    passed     98.29%
  85  200724_20-08522_HIV11-02415_FL24_S18_L000_read_85_count_1     2.61%    passed     99.79%
  86  200724_20-08522_HIV11-02415_FL24_S18_L000_read_86_count_1     2.61%    passed     99.58%
  87  200724_20-08522_HIV11-02415_FL24_S18_L000_read_87_count_1     2.61%    passed     99.79%
  88  200724_20-08522_HIV11-02415_FL24_S18_L000_read_88_count_1     2.61%    passed     98.29%
  89  200724_20-08522_HIV11-02415_FL24_S18_L000_read_89_count_1     2.61%    passed     98.32%
  90  200724_20-08522_HIV11-02415_FL24_S18_L000_read_90_count_1     1.74%    passed     98.43%
  91  200724_20-08522_HIV11-02415_FL24_S18_L000_read_91_count_1     2.61%    passed     99.59%
  92  200724_20-08522_HIV11-02415_FL24_S18_L000_read_92_count_1     2.61%    passed     98.32%
  93  200724_20-08522_HIV11-02415_FL24_S18_L000_read_93_count_1     2.61%    passed     99.75%
  94  200724_20-08522_HIV11-02415_FL24_S18_L000_read_94_count_1     2.61%    passed     99.72%
  95  200724_20-08522_HIV11-02415_FL24_S18_L000_read_95_count_1     2.61%    passed     95.69%
  96  200724_20-08522_HIV11-02415_FL24_S18_L000_read_96_count_1     2.61%    passed     98.29%
  97  200724_20-08522_HIV11-02415_FL24_S18_L000_read_97_count_1     2.61%    passed     95.41%
  98  200724_20-08522_HIV11-02415_FL24_S18_L000_read_98_count_1     2.61%    passed     96.61%
  99  200724_20-08522_HIV11-02415_FL24_S18_L000_read_99_count_1     2.61%    passed     98.29%
 100  200724_20-08522_HIV11-02415_FL24_S18_L000_read_100_count_1    2.61%    passed     97.08%
 101  200724_20-08522_HIV11-02415_FL24_S18_L000_read_101_count_1    2.61%    passed     99.22%
 102  200724_20-08522_HIV11-02415_FL24_S18_L000_read_102_count_1    2.61%    passed     98.29%
 103  200724_20-08522_HIV11-02415_FL24_S18_L000_read_103_count_1    3.04%    passed     96.74%
 104  200724_20-08522_HIV11-02415_FL24_S18_L000_read_104_count_1    2.61%    passed     99.98%
 105  200724_20-08522_HIV11-02415_FL24_S18_L000_read_105_count_1    2.61%    passed     99.17%
 106  200724_20-08522_HIV11-02415_FL24_S18_L000_read_106_count_1    2.61%    passed     95.41%
 107  200724_20-08522_HIV11-02415_FL24_S18_L000_read_107_count_1    2.61%    passed     98.29%
 108  200724_20-08522_HIV11-02415_FL24_S18_L000_read_108_count_1    2.61%    passed     97.08%
 109  200724_20-08522_HIV11-02415_FL24_S18_L000_read_109_count_1    2.61%    passed     99.22%
 110  200724_20-08522_HIV11-02415_FL24_S18_L000_read_110_count_1    2.61%    passed     99.92%
 111  200724_20-08522_HIV11-02415_FL24_S18_L000_read_111_count_1    2.61%    passed     99.96%
 112  200724_20-08522_HIV11-02415_FL24_S18_L000_read_112_count_1    2.61%    passed     99.85%
 113  200724_20-08522_HIV11-02415_FL24_S18_L000_read_113_count_1    2.61%    passed     99.01%
 114  200724_20-08522_HIV11-02415_FL24_S18_L000_read_114_count_1    2.61%    passed     99.96%
 115  200724_20-08522_HIV11-02415_FL24_S18_L000_read_115_count_1    2.61%    passed     99.79%
 116  200724_20-08522_HIV11-02415_FL24_S18_L000_read_116_count_1    2.61%    passed     99.89%
 117  200724_20-08522_HIV11-02415_FL24_S18_L000_read_117_count_1    2.61%    passed     99.01%
 118  200724_20-08522_HIV11-02415_FL24_S18_L000_read_118_count_1    2.61%    passed     99.66%
 119  200724_20-08522_HIV11-02415_FL24_S18_L000_read_119_count_1    2.61%    passed     99.79%
 120  200724_20-08522_HIV11-02415_FL24_S18_L000_read_120_count_1    2.61%    passed     99.29%
 121  200724_20-08522_HIV11-02415_FL24_S18_L000_read_121_count_1    2.61%    passed     99.79%
 122  200724_20-08522_HIV11-02415_FL24_S18_L000_read_122_count_1    2.61%    passed     99.89%
 123  200724_20-08522_HIV11-02415_FL24_S18_L000_read_123_count_1    2.61%    passed     99.92%
 124  200724_20-08522_HIV11-02415_FL24_S18_L000_read_124_count_1    2.61%    passed     95.41%
 125  200724_20-08522_HIV11-02415_FL24_S18_L000_read_125_count_1    2.61%    passed     95.41%
 126  200724_20-08522_HIV11-02415_FL24_S18_L000_read_126_count_1    2.61%    passed     96.61%
 127  200724_20-08522_HIV11-02415_FL24_S18_L000_read_127_count_1    2.61%    passed     99.59%
 128  200724_20-08522_HIV11-02415_FL24_S18_L000_read_128_count_1    2.61%    passed     99.75%
 129  200724_20-08522_HIV11-02415_FL24_S18_L000_read_129_count_1    2.61%    passed     98.49%
 130  200724_20-08522_HIV11-02415_FL24_S18_L000_read_130_count_1    2.61%    passed     98.32%
 131  200724_20-08522_HIV11-02415_FL24_S18_L000_read_131_count_1    2.61%    passed     99.85%
 132  200724_20-08522_HIV11-02415_FL24_S18_L000_read_132_count_1    2.61%    passed     99.17%
 133  200724_20-08522_HIV11-02415_FL24_S18_L000_read_133_count_1    2.61%    passed     99.92%
 134  200724_20-08522_HIV11-02415_FL24_S18_L000_read_134_count_1    2.61%    passed     99.75%
 135  200724_20-08522_HIV11-02415_FL24_S18_L000_read_135_count_1    2.61%    passed     98.65%
 136  200724_20-08522_HIV11-02415_FL24_S18_L000_read_136_count_1    2.61%    passed     99.92%
 137  200724_20-08522_HIV11-02415_FL24_S18_L000_read_137_count_1    2.61%    passed     98.91%
 138  200724_20-08522_HIV11-02415_FL24_S18_L000_read_138_count_1    2.61%    passed     99.66%
 139  200724_20-08522_HIV11-02415_FL24_S18_L000_read_139_count_1    2.61%    passed     96.61%
 140  200724_20-08522_HIV11-02415_FL24_S18_L000_read_140_count_1    2.61%    passed     97.08%
 141  200724_20-08522_HIV11-02415_FL24_S18_L000_read_141_count_1    2.61%    passed     98.29%
 142  200724_20-08522_HIV11-02415_FL24_S18_L000_read_142_count_1    2.61%    passed     98.32%
 143  200724_20-08522_HIV11-02415_FL24_S18_L000_read_143_count_1    2.61%    passed     99.58%
 144  200724_20-08522_HIV11-02415_FL24_S18_L000_read_144_count_1    2.61%    passed     96.97%
 145  200724_20-08522_HIV11-02415_FL24_S18_L000_read_145_count_1    2.61%    passed     99.17%
 146  200724_20-08522_HIV11-02415_FL24_S18_L000_read_146_count_1    2.61%    passed     99.01%
 147  200724_20-08522_HIV11-02415_FL24_S18_L000_read_147_count_1    2.61%    passed     96.93%
 148  200724_20-08522_HIV11-02415_FL24_S18_L000_read_148_count_1    2.61%    passed     98.91%
 149  200724_20-08522_HIV11-02415_FL24_S18_L000_read_149_count_1    2.61%    passed     98.32%
 150  200724_20-08522_HIV11-02415_FL24_S18_L000_read_150_count_1    2.61%    passed     99.89%
 151  200724_20-08522_HIV11-02415_FL24_S18_L000_read_151_count_1    2.61%    passed     99.79%
 152  200724_20-08522_HIV11-02415_FL24_S18_L000_read_152_count_1    2.61%    passed     99.75%
 153  200724_20-08522_HIV11-02415_FL24_S18_L000_read_153_count_1    2.61%    passed     92.91%
 154  200724_20-08522_HIV11-02415_FL24_S18_L000_read_154_count_1    2.61%    passed     99.79%
 155  200724_20-08522_HIV11-02415_FL24_S18_L000_read_155_count_1    2.61%    passed     99.01%
 156  200724_20-08522_HIV11-02415_FL24_S18_L000_read_156_count_1    2.61%    passed     98.49%
 157  200724_20-08522_HIV11-02415_FL24_S18_L000_read_157_count_1    2.61%    passed     97.08%
 158  200724_20-08522_HIV11-02415_FL24_S18_L000_read_158_count_1    2.61%    passed     97.18%
 159  200724_20-08522_HIV11-02415_FL24_S18_L000_read_159_count_1    2.61%    passed     98.91%
 160  200724_20-08522_HIV11-02415_FL24_S18_L000_read_160_count_1    2.61%    passed     97.52%
 161  200724_20-08522_HIV11-02415_FL24_S18_L000_read_161_count_1    2.61%    passed     99.17%
 162  200724_20-08522_HIV11-02415_FL24_S18_L000_read_162_count_1    2.61%    passed     97.12%
 163  200724_20-08522_HIV11-02415_FL24_S18_L000_read_163_count_1    2.61%    passed     95.69%
 164  200724_20-08522_HIV11-02415_FL24_S18_L000_read_164_count_1    2.61%    passed     98.53%
 165  200724_20-08522_HIV11-02415_FL24_S18_L000_read_165_count_1    2.61%    passed     99.59%
 166  200724_20-08522_HIV11-02415_FL24_S18_L000_read_166_count_1    2.61%    passed     98.40%
 167  200724_20-08522_HIV11-02415_FL24_S18_L000_read_167_count_1    3.04%    passed     99.82%
 168  200724_20-08522_HIV11-02415_FL24_S18_L000_read_168_count_1    2.61%    passed     98.29%
 169  200724_20-08522_HIV11-02415_FL24_S18_L000_read_169_count_1    2.61%    passed     99.59%
 170  200724_20-08522_HIV11-02415_FL24_S18_L000_read_170_count_1    2.61%    passed     98.91%
 171  200724_20-08522_HIV11-02415_FL24_S18_L000_read_171_count_1    2.61%    passed     98.32%
 172  200724_20-08522_HIV11-02415_FL24_S18_L000_read_172_count_1    2.61%    passed     96.61%
 173  200724_20-08522_HIV11-02415_FL24_S18_L000_read_173_count_1    2.61%    passed     96.97%
 174  200724_20-08522_HIV11-02415_FL24_S18_L000_read_174_count_1    2.61%    passed     99.92%
 175  200724_20-08522_HIV11-02415_FL24_S18_L000_read_175_count_1    2.61%    passed     90.60%
 176  200724_20-08522_HIV11-02415_FL24_S18_L000_read_176_count_1    2.61%    passed     98.32%
 177  200724_20-08522_HIV11-02415_FL24_S18_L000_read_177_count_1    1.74%    passed     99.55%
 178  200724_20-08522_HIV11-02415_FL24_S18_L000_read_178_count_1    2.61%    passed     99.72%
 179  200724_20-08522_HIV11-02415_FL24_S18_L000_read_179_count_1    2.61%    passed     99.22%
 180  200724_20-08522_HIV11-02415_FL24_S18_L000_read_180_count_1    2.61%    passed     98.86%
 181  200724_20-08522_HIV11-02415_FL24_S18_L000_read_181_count_1    2.61%    passed     98.86%
 182  200724_20-08522_HIV11-02415_FL24_S18_L000_read_182_count_1    2.61%    passed     96.93%
 183  200724_20-08522_HIV11-02415_FL24_S18_L000_read_183_count_1    2.61%    passed     99.17%
 184  200724_20-08522_HIV11-02415_FL24_S18_L000_read_184_count_1    2.61%    passed     99.59%
 185  200724_20-08522_HIV11-02415_FL24_S18_L000_read_185_count_1    2.61%    passed     98.29%
 186  200724_20-08522_HIV11-02415_FL24_S18_L000_read_186_count_1    2.61%    passed     99.96%
 187  200724_20-08522_HIV11-02415_FL24_S18_L000_read_187_count_1    2.61%    passed     95.41%
 188  200724_20-08522_HIV11-02415_FL24_S18_L000_read_188_count_1    2.61%    passed     99.75%
 189  200724_20-08522_HIV11-02415_FL24_S18_L000_read_189_count_1    2.61%    passed     99.72%
 190  200724_20-08522_HIV11-02415_FL24_S18_L000_read_190_count_1    2.61%    passed     98.44%
 191  200724_20-08522_HIV11-02415_FL24_S18_L000_read_191_count_1    2.61%    passed     99.96%
 192  200724_20-08522_HIV11-02415_FL24_S18_L000_read_192_count_1    2.61%    passed     99.72%
 193  200724_20-08522_HIV11-02415_FL24_S18_L000_read_193_count_1    2.61%    passed     98.32%
 194  200724_20-08522_HIV11-02415_FL24_S18_L000_read_194_count_1    2.61%    passed     99.75%
 195  200724_20-08522_HIV11-02415_FL24_S18_L000_read_195_count_1    2.61%    passed     98.40%
 196  200724_20-08522_HIV11-02415_FL24_S18_L000_read_196_count_1    2.61%    passed     98.32%
 197  200724_20-08522_HIV11-02415_FL24_S18_L000_read_197_count_1    2.61%    passed     99.17%
 198  200724_20-08522_HIV11-02415_FL24_S18_L000_read_198_count_1    2.61%    passed     99.58%
 199  200724_20-08522_HIV11-02415_FL24_S18_L000_read_199_count_1    2.61%    passed     94.30%
 200  200724_20-08522_HIV11-02415_FL24_S18_L000_read_200_count_1    2.61%    passed     98.29%
 201  200724_20-08522_HIV11-02415_FL24_S18_L000_read_201_count_1    2.61%    passed     99.10%
 202  200724_20-08522_HIV11-02415_FL24_S18_L000_read_202_count_1    2.61%    passed     99.01%
 203  200724_20-08522_HIV11-02415_FL24_S18_L000_read_203_count_1    2.61%    passed     99.92%
 204  200724_20-08522_HIV11-02415_FL24_S18_L000_read_204_count_1    2.61%    passed     99.59%
 205  200724_20-08522_HIV11-02415_FL24_S18_L000_read_205_count_1    2.61%    passed     98.29%
 206  200724_20-08522_HIV11-02415_FL24_S18_L000_read_206_count_1    2.61%    passed     99.92%
 207  200724_20-08522_HIV11-02415_FL24_S18_L000_read_207_count_1    2.61%    passed     98.86%
 208  200724_20-08522_HIV11-02415_FL24_S18_L000_read_208_count_1    2.61%    passed     97.20%
 209  200724_20-08522_HIV11-02415_FL24_S18_L000_read_209_count_1    2.61%    passed     99.79%
 210  200724_20-08522_HIV11-02415_FL24_S18_L000_read_210_count_1    2.61%    passed     98.32%
 211  200724_20-08522_HIV11-02415_FL24_S18_L000_read_211_count_1    2.61%    passed     99.59%
 212  200724_20-08522_HIV11-02415_FL24_S18_L000_read_212_count_1    2.61%    passed     99.85%
 213  200724_20-08522_HIV11-02415_FL24_S18_L000_read_213_count_1    2.61%    passed     99.59%
 214  200724_20-08522_HIV11-02415_FL24_S18_L000_read_214_count_1    2.61%    passed     99.17%
 215  200724_20-08522_HIV11-02415_FL24_S18_L000_read_215_count_1    2.61%    passed     95.41%
 216  200724_20-08522_HIV11-02415_FL24_S18_L000_read_216_count_1    2.61%    passed     97.12%
 217  200724_20-08522_HIV11-02415_FL24_S18_L000_read_217_count_1    2.61%    passed     99.17%
 218  200724_20-08522_HIV11-02415_FL24_S18_L000_read_218_count_1    2.61%    passed     99.17%
 219  200724_20-08522_HIV11-02415_FL24_S18_L000_read_219_count_1    2.61%    passed     98.45%
 220  200724_20-08522_HIV11-02415_FL24_S18_L000_read_220_count_1    2.61%    passed     96.14%
 221  200724_20-08522_HIV11-02415_FL24_S18_L000_read_221_count_1    2.61%    passed     99.66%
 222  200724_20-08522_HIV11-02415_FL24_S18_L000_read_222_count_1    2.61%    passed     99.92%
 223  200724_20-08522_HIV11-02415_FL24_S18_L000_read_223_count_1    2.61%    passed     99.22%
 224  200724_20-08522_HIV11-02415_FL24_S18_L000_read_224_count_1    2.61%    passed     97.03%
 225  200724_20-08522_HIV11-02415_FL24_S18_L000_read_225_count_1    2.61%    passed     98.65%
 226  200724_20-08522_HIV11-02415_FL24_S18_L000_read_226_count_1    2.61%    passed     97.08%
 227  200724_20-08522_HIV11-02415_FL24_S18_L000_read_227_count_1    2.61%    passed     99.96%
 228  200724_20-08522_HIV11-02415_FL24_S18_L000_read_228_count_1    2.61%    passed     99.17%
 229  200724_20-08522_HIV11-02415_FL24_S18_L000_read_229_count_1    2.61%    passed     99.79%
 230  200724_20-08522_HIV11-02415_FL24_S18_L000_read_230_count_1    2.61%    passed     98.29%
 231  200724_20-08522_HIV11-02415_FL24_S18_L000_read_231_count_1    2.61%    passed     99.59%
 232  200724_20-08522_HIV11-02415_FL24_S18_L000_read_232_count_1    2.61%    passed     98.89%
 233  200724_20-08522_HIV11-02415_FL24_S18_L000_read_233_count_1    2.61%    passed     99.66%
 234  200724_20-08522_HIV11-02415_FL24_S18_L000_read_234_count_1    2.61%    passed     99.92%
 235  200724_20-08522_HIV11-02415_FL24_S18_L000_read_235_count_1    2.61%    passed     99.89%
 236  200724_20-08522_HIV11-02415_FL24_S18_L000_read_236_count_1    2.61%    passed     98.32%
 237  200724_20-08522_HIV11-02415_FL24_S18_L000_read_237_count_1    2.61%    passed     99.17%
 238  200724_20-08522_HIV11-02415_FL24_S18_L000_read_238_count_1    2.61%    passed     90.60%
 239  200724_20-08522_HIV11-02415_FL24_S18_L000_read_239_count_1    2.61%    passed     98.29%
 240  200724_20-08522_HIV11-02415_FL24_S18_L000_read_240_count_1    2.61%    passed     99.79%
 241  200724_20-08522_HIV11-02415_FL24_S18_L000_read_241_count_1    2.61%    passed     99.29%
 242  200709_20-07994_HIV07-01067_FL21_S1_L000_read_1_count_938     2.61%    passed     99.92%
 243  200709_20-07994_HIV07-01067_FL21_S1_L000_read_2_count_11      2.61%    passed     99.59%
 244  200709_20-07994_HIV07-01067_FL21_S1_L000_read_3_count_11      2.61%    passed     99.96%
 245  200709_20-07994_HIV07-01067_FL21_S1_L000_read_4_count_10      2.61%    passed     99.59%
 246  200709_20-07994_HIV07-01067_FL21_S1_L000_read_5_count_7       2.61%    passed     99.59%
 247  200709_20-07994_HIV07-01067_FL21_S1_L000_read_6_count_6       2.61%    passed     99.59%
 248  200709_20-07994_HIV07-01067_FL21_S1_L000_read_7_count_5       2.61%    passed     99.59%
 249  200709_20-07994_HIV07-01067_FL21_S1_L000_read_8_count_4       2.61%    passed     99.59%
 250  200709_20-07994_HIV07-01067_FL21_S1_L000_read_9_count_4       2.61%    passed     99.59%
 251  200709_20-07994_HIV07-01067_FL21_S1_L000_read_10_count_4      2.61%    passed     99.79%
 252  200709_20-07994_HIV07-01067_FL21_S1_L000_read_11_count_4      2.61%    passed     99.17%
 253  200709_20-07994_HIV07-01067_FL21_S1_L000_read_12_count_3      2.61%    passed     99.59%
 254  200709_20-07994_HIV07-01067_FL21_S1_L000_read_13_count_3      2.61%    passed     99.79%
 255  200709_20-07994_HIV07-01067_FL21_S1_L000_read_14_count_3      2.61%    passed     99.59%
 256  200709_20-07994_HIV07-01067_FL21_S1_L000_read_15_count_2      2.61%    passed     99.96%
 257  200709_20-07994_HIV07-01067_FL21_S1_L000_read_16_count_2      2.61%    passed     99.22%
 258  200709_20-07994_HIV07-01067_FL21_S1_L000_read_17_count_2      2.61%    passed     99.22%
 259  200709_20-07994_HIV07-01067_FL21_S1_L000_read_18_count_2      2.61%    passed     98.91%
 260  200709_20-07994_HIV07-01067_FL21_S1_L000_read_19_count_2      2.61%    passed     99.85%
 261  200709_20-07994_HIV07-01067_FL21_S1_L000_read_20_count_2      2.61%    passed     99.22%
 262  200709_20-07994_HIV07-01067_FL21_S1_L000_read_21_count_2      2.61%    passed     99.22%
 263  200709_20-07994_HIV07-01067_FL21_S1_L000_read_22_count_2      2.61%    passed     99.59%
 264  200709_20-07994_HIV07-01067_FL21_S1_L000_read_23_count_2      3.04%    passed     99.94%
 265  200709_20-07994_HIV07-01067_FL21_S1_L000_read_24_count_2      2.61%    passed     98.91%
 266  200709_20-07994_HIV07-01067_FL21_S1_L000_read_25_count_2      2.61%    passed     99.79%
 267  200709_20-07994_HIV07-01067_FL21_S1_L000_read_26_count_2      2.61%    passed     99.17%
 268  200709_20-07994_HIV07-01067_FL21_S1_L000_read_27_count_2      2.61%    passed     99.59%
 269  200709_20-07994_HIV07-01067_FL21_S1_L000_read_28_count_2      2.61%    passed     98.91%
 270  200709_20-07994_HIV07-01067_FL21_S1_L000_read_29_count_2      2.61%    passed     99.79%
 271  200709_20-07994_HIV07-01067_FL21_S1_L000_read_30_count_2      2.61%    passed     99.96%
 272  200709_20-07994_HIV07-01067_FL21_S1_L000_read_31_count_2      2.61%    passed     99.59%
 273  200709_20-07994_HIV07-01067_FL21_S1_L000_read_32_count_2      2.61%    passed     98.91%
 274  200709_20-07994_HIV07-01067_FL21_S1_L000_read_33_count_2      2.61%    passed     99.98%
 275  200709_20-07994_HIV07-01067_FL21_S1_L000_read_34_count_2      2.61%    passed     99.96%
 276  200709_20-07994_HIV07-01067_FL21_S1_L000_read_35_count_2      2.61%    passed     98.29%
 277  200709_20-07994_HIV07-01067_FL21_S1_L000_read_36_count_2      2.61%    passed     98.91%
 278  200709_20-07994_HIV07-01067_FL21_S1_L000_read_37_count_1      2.61%    passed     99.72%
 279  200709_20-07994_HIV07-01067_FL21_S1_L000_read_38_count_1      2.61%    passed     97.39%
 280  200709_20-07994_HIV07-01067_FL21_S1_L000_read_39_count_1      2.61%    passed     99.98%
 281  200709_20-07994_HIV07-01067_FL21_S1_L000_read_40_count_1      2.61%    passed     99.22%
 282  200709_20-07994_HIV07-01067_FL21_S1_L000_read_41_count_1      2.61%    passed     99.96%
 283  200709_20-07994_HIV07-01067_FL21_S1_L000_read_42_count_1      2.61%    passed     99.79%
 284  200709_20-07994_HIV07-01067_FL21_S1_L000_read_43_count_1      2.61%    passed     99.72%
 285  200709_20-07994_HIV07-01067_FL21_S1_L000_read_44_count_1      2.61%    passed     99.96%
 286  200709_20-07994_HIV07-01067_FL21_S1_L000_read_45_count_1      2.61%    passed     99.72%
 287  200709_20-07994_HIV07-01067_FL21_S1_L000_read_46_count_1      3.04%    passed     99.62%
 288  200709_20-07994_HIV07-01067_FL21_S1_L000_read_47_count_1      2.61%    passed     98.91%
 289  200709_20-07994_HIV07-01067_FL21_S1_L000_read_48_count_1      2.61%    passed     99.59%
 290  200709_20-07994_HIV07-01067_FL21_S1_L000_read_49_count_1      2.61%    passed     98.91%
 291  200709_20-07994_HIV07-01067_FL21_S1_L000_read_50_count_1      2.61%    passed     98.65%
 292  200709_20-07994_HIV07-01067_FL21_S1_L000_read_51_count_1      2.61%    passed     98.45%
 293  200709_20-07994_HIV07-01067_FL21_S1_L000_read_52_count_1      2.61%    passed     98.45%
 294  200709_20-07994_HIV07-01067_FL21_S1_L000_read_53_count_1      3.04%    passed     99.82%
 295  200709_20-07994_HIV07-01067_FL21_S1_L000_read_54_count_1      2.61%    passed     98.91%
 296  200709_20-07994_HIV07-01067_FL21_S1_L000_read_55_count_1      2.61%    passed     99.59%
 297  200709_20-07994_HIV07-01067_FL21_S1_L000_read_56_count_1      2.61%    passed     98.92%
 298  200709_20-07994_HIV07-01067_FL21_S1_L000_read_57_count_1      2.61%    passed     99.75%
 299  200709_20-07994_HIV07-01067_FL21_S1_L000_read_58_count_1      2.61%    passed     99.58%
 300  200709_20-07994_HIV07-01067_FL21_S1_L000_read_59_count_1      2.61%    passed     99.79%
 301  200709_20-07994_HIV07-01067_FL21_S1_L000_read_60_count_1      2.61%    passed     99.92%
 302  200709_20-07994_HIV07-01067_FL21_S1_L000_read_61_count_1      2.61%    passed     99.92%
 303  200709_20-07994_HIV07-01067_FL21_S1_L000_read_62_count_1      2.61%    passed     99.59%
 304  200709_20-07994_HIV07-01067_FL21_S1_L000_read_63_count_1      2.61%    passed     99.79%
 305  200709_20-07994_HIV07-01067_FL21_S1_L000_read_64_count_1      2.61%    passed     99.59%
 306  200709_20-07994_HIV07-01067_FL21_S1_L000_read_65_count_1      2.61%    passed     99.01%
 307  200709_20-07994_HIV07-01067_FL21_S1_L000_read_66_count_1      2.61%    passed     99.59%
 308  200709_20-07994_HIV07-01067_FL21_S1_L000_read_67_count_1      2.61%    passed     99.98%
 309  200709_20-07994_HIV07-01067_FL21_S1_L000_read_68_count_1      2.61%    passed     99.79%
 310  200709_20-07994_HIV07-01067_FL21_S1_L000_read_69_count_1      2.61%    passed     99.72%
 311  200709_20-07994_HIV07-01067_FL21_S1_L000_read_70_count_1      2.61%    passed     98.29%
 312  200709_20-07994_HIV07-01067_FL21_S1_L000_read_71_count_1      2.61%    passed     99.92%
 313  200709_20-07994_HIV07-01067_FL21_S1_L000_read_72_count_1      2.61%    passed     99.17%
 314  200709_20-07994_HIV07-01067_FL21_S1_L000_read_73_count_1      2.61%    passed     98.91%
 315  200709_20-07994_HIV07-01067_FL21_S1_L000_read_74_count_1      2.61%    passed     99.79%
 316  200709_20-07994_HIV07-01067_FL21_S1_L000_read_75_count_1      2.17%    passed     97.70%
 317  200709_20-07994_HIV07-01067_FL21_S1_L000_read_76_count_1      2.61%    passed     99.79%
 318  200709_20-07994_HIV07-01067_FL21_S1_L000_read_77_count_1      2.61%    passed     99.79%
 319  200709_20-07994_HIV07-01067_FL21_S1_L000_read_78_count_1      2.61%    passed     99.79%
 320  200709_20-07994_HIV07-01067_FL21_S1_L000_read_79_count_1      2.61%    passed     98.32%
 321  200709_20-07994_HIV07-01067_FL21_S1_L000_read_80_count_1      2.61%    passed     99.79%
 322  200709_20-07994_HIV07-01067_FL21_S1_L000_read_81_count_1      2.61%    passed     99.59%
 323  200709_20-07994_HIV07-01067_FL21_S1_L000_read_82_count_1      2.61%    passed     98.86%
 324  200709_20-07994_HIV07-01067_FL21_S1_L000_read_83_count_1      2.61%    passed     98.91%
 325  200709_20-07994_HIV07-01067_FL21_S1_L000_read_84_count_1      2.61%    passed     99.79%
 326  200709_20-07994_HIV07-01067_FL21_S1_L000_read_85_count_1      2.61%    passed     98.91%
 327  200709_20-07994_HIV07-01067_FL21_S1_L000_read_86_count_1      2.61%    passed     99.72%
 328  200709_20-07994_HIV07-01067_FL21_S1_L000_read_87_count_1      2.61%    passed     98.92%
 329  200709_20-07994_HIV07-01067_FL21_S1_L000_read_88_count_1      3.48%    passed     99.29%
 330  200709_20-07994_HIV07-01067_FL21_S1_L000_read_89_count_1      2.61%    passed     99.17%
 331  200709_20-07994_HIV07-01067_FL21_S1_L000_read_90_count_1      2.61%    passed     99.72%
 332  200709_20-07994_HIV07-01067_FL21_S1_L000_read_91_count_1      2.61%    passed     99.17%
 333  200709_20-07994_HIV07-01067_FL21_S1_L000_read_92_count_1      2.61%    passed     99.17%
 334  200709_20-07994_HIV07-01067_FL21_S1_L000_read_93_count_1      2.61%    passed     98.29%
 335  200709_20-07994_HIV07-01067_FL21_S1_L000_read_94_count_1      2.61%    passed     99.79%
 336  200709_20-07994_HIV07-01067_FL21_S1_L000_read_95_count_1      2.61%    passed     98.91%
 337  200709_20-07994_HIV07-01067_FL21_S1_L000_read_96_count_1      2.61%    passed     98.32%
 338  200709_20-07994_HIV07-01067_FL21_S1_L000_read_97_count_1      2.61%    passed     99.59%
 339  200709_20-07994_HIV07-01067_FL21_S1_L000_read_98_count_1      2.61%    passed     99.96%
 340  200709_20-07994_HIV07-01067_FL21_S1_L000_read_99_count_1      2.61%    passed     99.98%
 341  200709_20-07994_HIV07-01067_FL21_S1_L000_read_100_count_1     2.61%    passed     98.07%
 342  200709_20-07994_HIV07-01067_FL21_S1_L000_read_101_count_1     2.61%    passed     99.59%
 343  200709_20-07994_HIV07-01067_FL21_S1_L000_read_102_count_1     2.61%    passed     99.72%
 344  200709_20-07994_HIV07-01067_FL21_S1_L000_read_103_count_1     2.61%    passed     98.29%
 345  200709_20-07994_HIV07-01067_FL21_S1_L000_read_104_count_1     2.61%    passed     99.72%
 346  200709_20-07994_HIV07-01067_FL21_S1_L000_read_105_count_1     2.61%    passed     99.98%
 347  200709_20-07994_HIV07-01067_FL21_S1_L000_read_106_count_1     2.61%    passed     98.65%
 348  200709_20-07994_HIV07-01067_FL21_S1_L000_read_107_count_1     2.61%    passed     95.41%
 349  200709_20-07994_HIV07-01067_FL21_S1_L000_read_108_count_1     2.61%    passed     99.79%
 350  200709_20-07994_HIV07-01067_FL21_S1_L000_read_109_count_1     2.61%    passed     99.92%
 351  200709_20-07994_HIV07-01067_FL21_S1_L000_read_110_count_1     2.61%    passed     99.79%
 352  200709_20-07994_HIV07-01067_FL21_S1_L000_read_111_count_1     3.04%    passed     99.82%
 353  200709_20-07994_HIV07-01067_FL21_S1_L000_read_112_count_1     2.61%    passed     99.71%
 354  200709_20-07994_HIV07-01067_FL21_S1_L000_read_113_count_1     2.61%    passed     96.79%
 355  200709_20-07994_HIV07-01067_FL21_S1_L000_read_114_count_1     2.61%    passed     98.91%
 356  200709_20-07994_HIV07-01067_FL21_S1_L000_read_115_count_1     2.61%    passed     98.91%
 357  200709_20-07994_HIV07-01067_FL21_S1_L000_read_116_count_1     2.61%    passed     99.59%
 358  200709_20-07994_HIV07-01067_FL21_S1_L000_read_117_count_1     2.61%    passed     99.72%
 359  200709_20-07994_HIV07-01067_FL21_S1_L000_read_118_count_1     2.61%    passed     99.79%
 360  200709_20-07994_HIV07-01067_FL21_S1_L000_read_119_count_1     2.61%    passed     98.29%
 361  200709_20-07994_HIV07-01067_FL21_S1_L000_read_120_count_1     2.61%    passed     99.59%
 362  200709_20-07994_HIV07-01067_FL21_S1_L000_read_121_count_1     2.61%    passed     99.17%
 363  200709_20-07994_HIV07-01067_FL21_S1_L000_read_122_count_1     2.61%    passed     98.40%
 364  200709_20-07994_HIV07-01067_FL21_S1_L000_read_123_count_1     2.61%    passed     99.96%
 365  200709_20-07994_HIV07-01067_FL21_S1_L000_read_124_count_1     2.61%    passed     99.79%
 366  200709_20-07994_HIV07-01067_FL21_S1_L000_read_125_count_1     2.61%    passed     99.79%
 367  200709_20-07994_HIV07-01067_FL21_S1_L000_read_126_count_1     2.61%    passed     99.98%
 368  200709_20-07994_HIV07-01067_FL21_S1_L000_read_127_count_1     2.61%    passed     99.79%
 369  200709_20-07994_HIV07-01067_FL21_S1_L000_read_128_count_1     2.61%    passed     98.65%
 370  200709_20-07994_HIV07-01067_FL21_S1_L000_read_129_count_1     2.61%    passed     98.91%
 371  200709_20-07994_HIV07-01067_FL21_S1_L000_read_130_count_1     2.61%    passed     99.58%
 372  200709_20-07994_HIV07-01067_FL21_S1_L000_read_131_count_1     2.61%    passed     99.98%
 373  200709_20-07994_HIV07-01067_FL21_S1_L000_read_132_count_1     2.61%    passed     98.29%
 374  200709_20-07994_HIV07-01067_FL21_S1_L000_read_133_count_1     2.61%    passed     99.79%
 375  200709_20-07994_HIV07-01067_FL21_S1_L000_read_134_count_1     2.61%    passed     99.59%
 376  200709_20-07994_HIV07-01067_FL21_S1_L000_read_135_count_1     2.61%    passed     99.85%
 377  200709_20-07994_HIV07-01067_FL21_S1_L000_read_136_count_1     2.61%    passed     99.79%
 378  200709_20-07994_HIV07-01067_FL21_S1_L000_read_137_count_1     2.61%    passed     99.79%
 379  200709_20-07994_HIV07-01067_FL21_S1_L000_read_138_count_1     2.61%    passed     99.98%
 380  200709_20-07994_HIV07-01067_FL21_S1_L000_read_139_count_1     2.61%    passed     99.58%
 381  200709_20-07994_HIV07-01067_FL21_S1_L000_read_140_count_1     2.61%    passed     99.22%
 382  200709_20-07994_HIV07-01067_FL21_S1_L000_read_141_count_1     2.61%    passed     98.45%
 383  200709_20-07994_HIV07-01067_FL21_S1_L000_read_142_count_1     2.61%    passed     98.91%
 384  200709_20-07994_HIV07-01067_FL21_S1_L000_read_143_count_1     2.61%    passed     99.96%
 385  200709_20-07994_HIV07-01067_FL21_S1_L000_read_144_count_1     2.61%    passed     99.79%
 386  200709_20-07994_HIV07-01067_FL21_S1_L000_read_145_count_1     2.61%    passed     99.75%
 387  200709_20-07994_HIV07-01067_FL21_S1_L000_read_146_count_1     2.61%    passed     95.41%
 388  200709_20-07994_HIV07-01067_FL21_S1_L000_read_147_count_1     2.61%    passed     99.79%
 389  200709_20-07994_HIV07-01067_FL21_S1_L000_read_148_count_1     2.61%    passed     99.79%
 390  200709_20-07994_HIV07-01067_FL21_S1_L000_read_149_count_1     2.61%    passed     99.71%
 391  200709_20-07994_HIV07-01067_FL21_S1_L000_read_150_count_1     2.61%    passed     99.79%
 392  200709_20-07994_HIV07-01067_FL21_S1_L000_read_151_count_1     2.61%    passed     99.59%
 393  200709_20-07994_HIV07-01067_FL21_S1_L000_read_152_count_1     2.61%    passed     98.29%
 394  200709_20-07994_HIV07-01067_FL21_S1_L000_read_153_count_1     3.04%    passed     99.91%
 395  200709_20-07994_HIV07-01067_FL21_S1_L000_read_154_count_1     2.61%    passed     99.89%
 396  200709_20-07994_HIV07-01067_FL21_S1_L000_read_155_count_1     2.61%    passed     99.72%
 397  200709_20-07994_HIV07-01067_FL21_S1_L000_read_156_count_1     2.61%    passed     99.79%
 398  200709_20-07994_HIV07-01067_FL21_S1_L000_read_157_count_1     2.61%    passed     98.91%
 399  200709_20-07994_HIV07-01067_FL21_S1_L000_read_158_count_1     2.61%    passed     99.79%
 400  200703_20-07825_HIV09-00618_FL18_S6_L000_read_1_count_570     2.61%    passed     93.46%
 401  200703_20-07825_HIV09-00618_FL18_S6_L000_read_2_count_176     2.61%    passed     91.06%
 402  200703_20-07825_HIV09-00618_FL18_S6_L000_read_3_count_6       2.61%    passed     89.63%
 403  200703_20-07825_HIV09-00618_FL18_S6_L000_read_4_count_4       2.61%    passed     95.72%
 404  200703_20-07825_HIV09-00618_FL18_S6_L000_read_5_count_3       2.61%    passed     89.63%
 405  200703_20-07825_HIV09-00618_FL18_S6_L000_read_6_count_3       2.61%    passed     95.72%
 406  200703_20-07825_HIV09-00618_FL18_S6_L000_read_7_count_2       2.61%    passed     91.06%
 407  200703_20-07825_HIV09-00618_FL18_S6_L000_read_8_count_2       2.61%    passed     92.91%
 408  200703_20-07825_HIV09-00618_FL18_S6_L000_read_9_count_2       2.61%    passed     89.63%
 409  200703_20-07825_HIV09-00618_FL18_S6_L000_read_10_count_2      2.61%    passed     93.81%
 410  200703_20-07825_HIV09-00618_FL18_S6_L000_read_11_count_2      2.61%    passed     93.49%
 411  200703_20-07825_HIV09-00618_FL18_S6_L000_read_12_count_2      2.61%    passed     86.34%
 412  200703_20-07825_HIV09-00618_FL18_S6_L000_read_13_count_2      2.61%    passed     89.63%
 413  200703_20-07825_HIV09-00618_FL18_S6_L000_read_14_count_2      2.61%    passed     91.06%
 414  200703_20-07825_HIV09-00618_FL18_S6_L000_read_15_count_2      2.61%    passed     95.72%
 415  200703_20-07825_HIV09-00618_FL18_S6_L000_read_16_count_2      2.61%    passed     93.46%
 416  200703_20-07825_HIV09-00618_FL18_S6_L000_read_17_count_2      2.61%    passed     92.91%
 417  200703_20-07825_HIV09-00618_FL18_S6_L000_read_18_count_2      2.61%    passed     95.72%
 418  200703_20-07825_HIV09-00618_FL18_S6_L000_read_19_count_2      2.61%    passed     91.06%
 419  200703_20-07825_HIV09-00618_FL18_S6_L000_read_20_count_2      2.61%    passed     95.72%
 420  200703_20-07825_HIV09-00618_FL18_S6_L000_read_21_count_2      2.61%    passed     91.06%
 421  200703_20-07825_HIV09-00618_FL18_S6_L000_read_22_count_2      2.61%    passed     91.06%
 422  200703_20-07825_HIV09-00618_FL18_S6_L000_read_23_count_2      2.61%    passed     89.21%
 423  200703_20-07825_HIV09-00618_FL18_S6_L000_read_24_count_1      2.61%    passed     94.19%
 424  200703_20-07825_HIV09-00618_FL18_S6_L000_read_25_count_1      2.61%    passed     86.34%
 425  200703_20-07825_HIV09-00618_FL18_S6_L000_read_26_count_1      2.61%    passed     93.49%
 426  200703_20-07825_HIV09-00618_FL18_S6_L000_read_27_count_1      2.61%    passed     89.63%
 427  200703_20-07825_HIV09-00618_FL18_S6_L000_read_28_count_1      2.61%    passed     97.06%
 428  200703_20-07825_HIV09-00618_FL18_S6_L000_read_29_count_1      2.61%    passed     93.46%
 429  200703_20-07825_HIV09-00618_FL18_S6_L000_read_30_count_1      2.61%    passed     95.72%
 430  200703_20-07825_HIV09-00618_FL18_S6_L000_read_31_count_1      2.61%    passed     91.06%
 431  200703_20-07825_HIV09-00618_FL18_S6_L000_read_32_count_1      2.61%    passed     89.21%
 432  200703_20-07825_HIV09-00618_FL18_S6_L000_read_33_count_1      2.61%    passed     87.06%
 433  200703_20-07825_HIV09-00618_FL18_S6_L000_read_34_count_1      2.61%    passed     95.72%
 434  200703_20-07825_HIV09-00618_FL18_S6_L000_read_35_count_1      2.61%    passed     87.68%
 435  200703_20-07825_HIV09-00618_FL18_S6_L000_read_36_count_1      2.61%    passed     95.72%
 436  200703_20-07825_HIV09-00618_FL18_S6_L000_read_37_count_1      2.61%    passed     93.81%
 437  200703_20-07825_HIV09-00618_FL18_S6_L000_read_38_count_1      2.61%    passed     89.21%
 438  200703_20-07825_HIV09-00618_FL18_S6_L000_read_39_count_1      2.61%    passed     82.99%
 439  200703_20-07825_HIV09-00618_FL18_S6_L000_read_40_count_1      2.61%    passed     91.06%
 440  200703_20-07825_HIV09-00618_FL18_S6_L000_read_41_count_1      3.04%    passed     94.16%
 441  200703_20-07825_HIV09-00618_FL18_S6_L000_read_42_count_1      2.61%    passed     95.72%
 442  200703_20-07825_HIV09-00618_FL18_S6_L000_read_43_count_1      2.61%    passed     87.68%
 443  200703_20-07825_HIV09-00618_FL18_S6_L000_read_44_count_1      2.61%    passed     89.63%
 444  200703_20-07825_HIV09-00618_FL18_S6_L000_read_45_count_1      2.61%    passed     97.06%
 445  200703_20-07825_HIV09-00618_FL18_S6_L000_read_46_count_1      2.61%    passed     89.63%
 446  200703_20-07825_HIV09-00618_FL18_S6_L000_read_47_count_1      2.61%    passed     86.34%
 447  200703_20-07825_HIV09-00618_FL18_S6_L000_read_48_count_1      2.61%    passed     89.21%
 448  200703_20-07825_HIV09-00618_FL18_S6_L000_read_49_count_1      2.61%    passed     98.07%
 449  200703_20-07825_HIV09-00618_FL18_S6_L000_read_50_count_1      2.61%    passed     95.72%
 450  200703_20-07825_HIV09-00618_FL18_S6_L000_read_51_count_1      2.61%    passed     87.06%
 451  200703_20-07825_HIV09-00618_FL18_S6_L000_read_52_count_1      2.61%    passed     89.63%
 452  200703_20-07825_HIV09-00618_FL18_S6_L000_read_53_count_1      2.61%    passed     93.81%
 453  200703_20-07825_HIV09-00618_FL18_S6_L000_read_54_count_1      2.61%    passed     91.06%
 454  200703_20-07825_HIV09-00618_FL18_S6_L000_read_55_count_1      2.61%    passed     88.14%
 455  200703_20-07825_HIV09-00618_FL18_S6_L000_read_56_count_1      2.61%    passed     89.63%
 456  200703_20-07825_HIV09-00618_FL18_S6_L000_read_57_count_1      2.61%    passed     93.49%
 457  200703_20-07825_HIV09-00618_FL18_S6_L000_read_58_count_1      2.61%    passed     93.81%
 458  200703_20-07825_HIV09-00618_FL18_S6_L000_read_59_count_1      2.61%    passed     89.63%
 459  200703_20-07825_HIV09-00618_FL18_S6_L000_read_60_count_1      2.61%    passed     95.72%
 460  200703_20-07825_HIV09-00618_FL18_S6_L000_read_61_count_1      2.61%    passed     87.06%
 461  200703_20-07825_HIV09-00618_FL18_S6_L000_read_62_count_1      2.61%    passed     93.81%
 462  200703_20-07825_HIV09-00618_FL18_S6_L000_read_63_count_1      2.61%    passed     92.81%
 463  200703_20-07825_HIV09-00618_FL18_S6_L000_read_64_count_1      2.61%    passed     95.72%
 464  200703_20-07825_HIV09-00618_FL18_S6_L000_read_65_count_1      2.61%    passed     89.63%
 465  200703_20-07825_HIV09-00618_FL18_S6_L000_read_66_count_1      2.61%    passed     96.65%
 466  200703_20-07825_HIV09-00618_FL18_S6_L000_read_67_count_1      2.61%    passed     89.21%
 467  200703_20-07825_HIV09-00618_FL18_S6_L000_read_68_count_1      3.04%    passed     90.97%
 468  200703_20-07825_HIV09-00618_FL18_S6_L000_read_69_count_1      2.61%    passed     93.46%
 469  200703_20-07825_HIV09-00618_FL18_S6_L000_read_70_count_1      2.61%    passed     92.24%
 470  200703_20-07825_HIV09-00618_FL18_S6_L000_read_71_count_1      2.61%    passed     91.06%
 471  200703_20-07825_HIV09-00618_FL18_S6_L000_read_72_count_1      2.61%    passed     89.63%
 472  200703_20-07825_HIV09-00618_FL18_S6_L000_read_73_count_1      2.61%    passed     87.06%
 473  200703_20-07825_HIV09-00618_FL18_S6_L000_read_74_count_1      1.74%    passed     94.98%
 474  200703_20-07825_HIV09-00618_FL18_S6_L000_read_75_count_1      2.61%    passed     87.06%
 475  200703_20-07825_HIV09-00618_FL18_S6_L000_read_76_count_1      2.61%    passed     89.46%
 476  200703_20-07825_HIV09-00618_FL18_S6_L000_read_77_count_1      2.61%    passed     89.63%
 477  200703_20-07825_HIV09-00618_FL18_S6_L000_read_78_count_1      2.61%    passed     89.63%
 478  200703_20-07825_HIV09-00618_FL18_S6_L000_read_79_count_1      2.61%    passed     91.06%
 479  200703_20-07825_HIV09-00618_FL18_S6_L000_read_80_count_1      2.61%    passed     87.68%
 480  200703_20-07825_HIV09-00618_FL18_S6_L000_read_81_count_1      3.04%    passed     88.43%
 481  200703_20-07825_HIV09-00618_FL18_S6_L000_read_82_count_1      2.61%    passed     93.49%
 482  200703_20-07825_HIV09-00618_FL18_S6_L000_read_83_count_1      2.61%    passed     89.21%
 483  200703_20-07825_HIV09-00618_FL18_S6_L000_read_84_count_1      2.61%    passed     92.91%
 484  200703_20-07825_HIV09-00618_FL18_S6_L000_read_85_count_1      2.61%    passed     86.34%
 485  200703_20-07825_HIV09-00618_FL18_S6_L000_read_86_count_1      2.61%    passed     93.81%
 486  200703_20-07825_HIV09-00618_FL18_S6_L000_read_87_count_1      2.61%    passed     91.06%
 487  200703_20-07825_HIV09-00618_FL18_S6_L000_read_88_count_1      2.61%    passed     97.06%
 488  200703_20-07825_HIV09-00618_FL18_S6_L000_read_89_count_1      2.61%    passed     91.06%
 489  200703_20-07825_HIV09-00618_FL18_S6_L000_read_90_count_1      2.61%    passed     91.06%
 490  200703_20-07825_HIV09-00618_FL18_S6_L000_read_91_count_1      2.61%    passed     90.78%
 491  200703_20-07825_HIV09-00618_FL18_S6_L000_read_92_count_1      2.61%    passed     89.63%
 492  200703_20-07825_HIV09-00618_FL18_S6_L000_read_93_count_1      2.61%    passed     89.63%
 493  200703_20-07825_HIV09-00618_FL18_S6_L000_read_94_count_1      2.61%    passed     93.49%
 494  200703_20-07825_HIV09-00618_FL18_S6_L000_read_95_count_1      2.61%    passed     92.91%
 495  200703_20-07825_HIV09-00618_FL18_S6_L000_read_96_count_1      2.61%    passed     92.91%
 496  200703_20-07825_HIV09-00618_FL18_S6_L000_read_97_count_1      2.61%    passed     89.63%
 497  200703_20-07825_HIV09-00618_FL18_S6_L000_read_98_count_1      2.61%    passed     93.81%
 498  200703_20-07825_HIV09-00618_FL18_S6_L000_read_99_count_1      2.61%    passed     91.06%
 499  200703_20-07825_HIV09-00618_FL18_S6_L000_read_100_count_1     2.61%    passed     87.68%
 500  200703_20-07825_HIV09-00618_FL18_S6_L000_read_101_count_1     1.74%    passed     97.62%
 501  200703_20-07825_HIV09-00618_FL18_S6_L000_read_102_count_1     2.61%    passed     95.95%
 502  200703_20-07825_HIV09-00618_FL18_S6_L000_read_103_count_1     2.61%    passed     89.63%
 503  200703_20-07825_HIV09-00618_FL18_S6_L000_read_104_count_1     2.61%    passed     89.46%
 504  200703_20-07825_HIV09-00618_FL18_S6_L000_read_105_count_1     2.61%    passed     86.34%
 505  200703_20-07825_HIV09-00618_FL18_S6_L000_read_106_count_1     2.61%    passed     97.06%
 506  200703_20-07825_HIV09-00618_FL18_S6_L000_read_107_count_1     2.61%    passed     95.95%
 507  200703_20-07825_HIV09-00618_FL18_S6_L000_read_108_count_1     2.61%    passed     92.81%
 508  200703_20-07825_HIV09-00618_FL18_S6_L000_read_109_count_1     2.61%    passed     89.63%
 509  200703_20-07825_HIV09-00618_FL18_S6_L000_read_110_count_1     2.61%    passed     91.06%
 510  200703_20-07825_HIV09-00618_FL18_S6_L000_read_111_count_1     2.61%    passed     87.68%
 511  200703_20-07825_HIV09-00618_FL18_S6_L000_read_112_count_1     2.61%    passed     89.63%
 512  200703_20-07825_HIV09-00618_FL18_S6_L000_read_113_count_1     2.61%    passed     92.24%
 513  200703_20-07825_HIV09-00618_FL18_S6_L000_read_114_count_1     2.61%    passed     89.63%
 514  200703_20-07825_HIV09-00618_FL18_S6_L000_read_115_count_1     2.61%    passed     89.63%
 515  200703_20-07825_HIV09-00618_FL18_S6_L000_read_116_count_1     2.61%    passed     89.21%
 516  200814_20-09728_HIV09-02843_FL30_S2_L000_read_1_count_200     2.61%    passed     98.60%
 517  200814_20-09728_HIV09-02843_FL30_S2_L000_read_2_count_85      2.61%    passed     97.59%
 518  200814_20-09728_HIV09-02843_FL30_S2_L000_read_3_count_49      2.61%    passed     94.31%
 519  200814_20-09728_HIV09-02843_FL30_S2_L000_read_4_count_43      2.61%    passed     98.66%
 520  200814_20-09728_HIV09-02843_FL30_S2_L000_read_5_count_41      2.61%    passed     97.59%
 521  200814_20-09728_HIV09-02843_FL30_S2_L000_read_6_count_40      2.61%    passed     98.66%
 522  200814_20-09728_HIV09-02843_FL30_S2_L000_read_7_count_31      2.61%    passed     97.59%
 523  200814_20-09728_HIV09-02843_FL30_S2_L000_read_8_count_27      2.61%    passed     99.59%
 524  200814_20-09728_HIV09-02843_FL30_S2_L000_read_9_count_25      2.61%    passed     98.66%
 525  200814_20-09728_HIV09-02843_FL30_S2_L000_read_10_count_24     2.61%    passed     95.28%
 526  200814_20-09728_HIV09-02843_FL30_S2_L000_read_11_count_23     2.61%    passed     95.62%
 527  200814_20-09728_HIV09-02843_FL30_S2_L000_read_12_count_22     2.61%    passed     97.59%
 528  200814_20-09728_HIV09-02843_FL30_S2_L000_read_13_count_20     2.61%    passed     99.59%
 529  200814_20-09728_HIV09-02843_FL30_S2_L000_read_14_count_18     2.61%    passed     97.99%
 530  200814_20-09728_HIV09-02843_FL30_S2_L000_read_15_count_16     2.61%    passed     97.59%
 531  200814_20-09728_HIV09-02843_FL30_S2_L000_read_16_count_13     2.61%    passed     98.82%
 532  200814_20-09728_HIV09-02843_FL30_S2_L000_read_17_count_12     2.61%    passed     98.14%
 533  200814_20-09728_HIV09-02843_FL30_S2_L000_read_18_count_11     2.61%    passed     98.14%
 534  200814_20-09728_HIV09-02843_FL30_S2_L000_read_19_count_11     2.61%    passed     97.59%
 535  200814_20-09728_HIV09-02843_FL30_S2_L000_read_20_count_11     2.61%    passed     98.66%
 536  200814_20-09728_HIV09-02843_FL30_S2_L000_read_21_count_10     2.61%    passed     95.28%
 537  200814_20-09728_HIV09-02843_FL30_S2_L000_read_22_count_9      2.61%    passed     98.82%
 538  200814_20-09728_HIV09-02843_FL30_S2_L000_read_23_count_9      2.61%    passed     98.66%
 539  200814_20-09728_HIV09-02843_FL30_S2_L000_read_24_count_8      2.61%    passed     98.66%
 540  200814_20-09728_HIV09-02843_FL30_S2_L000_read_25_count_8      2.61%    passed     95.70%
 541  200814_20-09728_HIV09-02843_FL30_S2_L000_read_26_count_8      2.61%    passed     98.66%
 542  200814_20-09728_HIV09-02843_FL30_S2_L000_read_27_count_6      2.61%    passed     97.59%
 543  200814_20-09728_HIV09-02843_FL30_S2_L000_read_28_count_6      2.61%    passed     97.80%
 544  200814_20-09728_HIV09-02843_FL30_S2_L000_read_29_count_6      2.61%    passed     98.82%
 545  200814_20-09728_HIV09-02843_FL30_S2_L000_read_30_count_5      2.61%    passed     98.60%
 546  200814_20-09728_HIV09-02843_FL30_S2_L000_read_31_count_5      2.61%    passed     98.60%
 547  200814_20-09728_HIV09-02843_FL30_S2_L000_read_32_count_4      2.61%    passed     99.59%
 548  200814_20-09728_HIV09-02843_FL30_S2_L000_read_33_count_3      2.61%    passed     95.62%
 549  200814_20-09728_HIV09-02843_FL30_S2_L000_read_34_count_2      2.61%    passed     97.59%
 550  200814_20-09728_HIV09-02843_FL30_S2_L000_read_35_count_2      2.61%    passed     98.82%
 551  200814_20-09728_HIV09-02843_FL30_S2_L000_read_36_count_2      2.61%    passed     97.59%
 552  200814_20-09728_HIV09-02843_FL30_S2_L000_read_37_count_2      2.61%    passed     99.33%
 553  200814_20-09728_HIV09-02843_FL30_S2_L000_read_38_count_2      2.61%    passed     97.59%
 554  200814_20-09728_HIV09-02843_FL30_S2_L000_read_39_count_1      2.61%    passed     98.82%
 555  200814_20-09728_HIV09-02843_FL30_S2_L000_read_40_count_1      2.61%    passed     95.62%
 556  200814_20-09728_HIV09-02843_FL30_S2_L000_read_41_count_1      2.61%    passed     98.82%
 557  200814_20-09728_HIV09-02843_FL30_S2_L000_read_42_count_1      2.61%    passed     97.59%
 558  200814_20-09728_HIV09-02843_FL30_S2_L000_read_43_count_1      2.61%    passed     95.70%
 559  200814_20-09728_HIV09-02843_FL30_S2_L000_read_44_count_1      2.61%    passed     99.58%
 560  200814_20-09728_HIV09-02843_FL30_S2_L000_read_45_count_1      2.61%    passed     96.48%
 561  200814_20-09728_HIV09-02843_FL30_S2_L000_read_46_count_1      2.61%    passed     99.33%
 562  200814_20-09728_HIV09-02843_FL30_S2_L000_read_47_count_1      2.61%    passed     98.41%
 563  200814_20-09728_HIV09-02843_FL30_S2_L000_read_48_count_1      2.61%    passed     95.52%
 564  200814_20-09728_HIV09-02843_FL30_S2_L000_read_49_count_1      2.61%    passed     95.64%
 565  200814_20-09728_HIV09-02843_FL30_S2_L000_read_50_count_1      2.61%    passed     99.33%
 566  200814_20-09728_HIV09-02843_FL30_S2_L000_read_51_count_1      2.61%    passed     91.18%
 567  200814_20-09728_HIV09-02843_FL30_S2_L000_read_52_count_1      2.61%    passed     98.60%
 568  200814_20-09728_HIV09-02843_FL30_S2_L000_read_53_count_1      2.61%    passed     92.24%
 569  200814_20-09728_HIV09-02843_FL30_S2_L000_read_54_count_1      2.61%    passed     97.59%
 570  200814_20-09728_HIV09-02843_FL30_S2_L000_read_55_count_1      2.61%    passed     99.33%
 571  200814_20-09728_HIV09-02843_FL30_S2_L000_read_56_count_1      2.61%    passed     94.31%
 572  200814_20-09728_HIV09-02843_FL30_S2_L000_read_57_count_1      2.61%    passed     98.82%
 573  200814_20-09728_HIV09-02843_FL30_S2_L000_read_58_count_1      2.61%    passed     98.82%
 574  200814_20-09728_HIV09-02843_FL30_S2_L000_read_59_count_1      2.61%    passed     97.84%
 575  200814_20-09728_HIV09-02843_FL30_S2_L000_read_60_count_1      2.61%    passed     98.66%
 576  200814_20-09728_HIV09-02843_FL30_S2_L000_read_61_count_1      2.61%    passed     95.62%
 577  200814_20-09728_HIV09-02843_FL30_S2_L000_read_62_count_1      2.61%    passed     98.60%
 578  200814_20-09728_HIV09-02843_FL30_S2_L000_read_63_count_1      2.61%    passed     95.64%
 579  200814_20-09728_HIV09-02843_FL30_S2_L000_read_64_count_1      2.61%    passed     98.60%
 580  200814_20-09728_HIV09-02843_FL30_S2_L000_read_65_count_1      3.04%    passed     98.79%
 581  200814_20-09728_HIV09-02843_FL30_S2_L000_read_66_count_1      2.61%    passed     97.80%
 582  200814_20-09728_HIV09-02843_FL30_S2_L000_read_67_count_1      2.61%    passed     91.60%
 583  200814_20-09728_HIV09-02843_FL30_S2_L000_read_68_count_1      2.61%    passed     95.28%
 584  200814_20-09728_HIV09-02843_FL30_S2_L000_read_69_count_1      3.04%    passed     97.95%
 585  200814_20-09728_HIV09-02843_FL30_S2_L000_read_70_count_1      2.61%    passed     98.60%
 586  200814_20-09728_HIV09-02843_FL30_S2_L000_read_71_count_1      2.61%    passed     95.28%
 587  200814_20-09728_HIV09-02843_FL30_S2_L000_read_72_count_1      2.61%    passed     94.01%
 588  200814_20-09728_HIV09-02843_FL30_S2_L000_read_73_count_1      2.61%    passed     96.29%
 589  200814_20-09728_HIV09-02843_FL30_S2_L000_read_74_count_1      2.61%    passed     97.59%
 590  200814_20-09728_HIV09-02843_FL30_S2_L000_read_75_count_1      1.74%    passed     91.54%
 591  200814_20-09728_HIV09-02843_FL30_S2_L000_read_76_count_1      2.61%    passed     98.66%
 592  200814_20-09728_HIV09-02843_FL30_S2_L000_read_77_count_1      2.61%    passed     94.31%
 593  200814_20-09728_HIV09-02843_FL30_S2_L000_read_78_count_1      2.61%    passed     98.60%
 594  200814_20-09728_HIV09-02843_FL30_S2_L000_read_79_count_1      3.04%    passed     99.57%
 595  200814_20-09728_HIV09-02843_FL30_S2_L000_read_80_count_1      2.61%    passed     97.59%
 596  200814_20-09728_HIV09-02843_FL30_S2_L000_read_81_count_1      2.61%    passed     95.78%
 597  200814_20-09728_HIV09-02843_FL30_S2_L000_read_82_count_1      2.61%    passed     97.59%
 598  200814_20-09728_HIV09-02843_FL30_S2_L000_read_83_count_1      2.61%    passed     98.14%
 599  200814_20-09728_HIV09-02843_FL30_S2_L000_read_84_count_1      2.61%    passed     95.78%
 600  200814_20-09728_HIV09-02843_FL30_S2_L000_read_85_count_1      2.61%    passed     95.28%
 601  200814_20-09728_HIV09-02843_FL30_S2_L000_read_86_count_1      2.61%    passed     98.48%
 602  200814_20-09728_HIV09-02843_FL30_S2_L000_read_87_count_1      2.61%    passed     99.33%
 603  200814_20-09728_HIV09-02843_FL30_S2_L000_read_88_count_1      2.61%    passed     97.59%
 604  200814_20-09728_HIV09-02843_FL30_S2_L000_read_89_count_1      2.61%    passed     98.60%
 605  200814_20-09728_HIV09-02843_FL30_S2_L000_read_90_count_1      2.61%    passed     94.01%
 606  200814_20-09728_HIV09-02843_FL30_S2_L000_read_91_count_1      2.61%    passed     98.66%
 607  200814_20-09728_HIV09-02843_FL30_S2_L000_read_92_count_1      2.61%    passed     95.78%
 608  200814_20-09728_HIV09-02843_FL30_S2_L000_read_93_count_1      2.61%    passed     97.84%
 609  200814_20-09728_HIV09-02843_FL30_S2_L000_read_94_count_1      2.61%    passed     98.60%
 610  200814_20-09728_HIV09-02843_FL30_S2_L000_read_95_count_1      2.61%    passed     97.59%
 611  200814_20-09728_HIV09-02843_FL30_S2_L000_read_96_count_1      3.04%    passed     99.11%
 612  200814_20-09728_HIV09-02843_FL30_S2_L000_read_97_count_1      2.61%    passed     95.28%
 613  200814_20-09728_HIV09-02843_FL30_S2_L000_read_98_count_1      2.61%    passed     98.82%
 614  200814_20-09728_HIV09-02843_FL30_S2_L000_read_99_count_1      3.04%    passed     99.61%
 615  200814_20-09728_HIV09-02843_FL30_S2_L000_read_100_count_1     2.61%    passed     98.66%
 616  200814_20-09728_HIV09-02843_FL30_S2_L000_read_101_count_1     2.61%    passed     99.59%
 617  200814_20-09728_HIV09-02843_FL30_S2_L000_read_102_count_1     2.61%    passed     97.84%
 618  200814_20-09728_HIV09-02843_FL30_S2_L000_read_103_count_1     2.61%    passed     99.71%
 619  200814_20-09728_HIV09-02843_FL30_S2_L000_read_104_count_1     2.61%    passed     98.60%
 620  200814_20-09728_HIV09-02843_FL30_S2_L000_read_105_count_1     2.61%    passed     97.99%
 621  200814_20-09728_HIV09-02843_FL30_S2_L000_read_106_count_1     2.61%    passed     99.59%
 622  200814_20-09728_HIV09-02843_FL30_S2_L000_read_107_count_1     2.61%    passed     95.78%
 623  200814_20-09728_HIV09-02843_FL30_S2_L000_read_108_count_1     2.61%    passed     95.62%
 624  200814_20-09728_HIV09-02843_FL30_S2_L000_read_109_count_1     2.61%    passed     98.82%
 625  200814_20-09728_HIV09-02843_FL30_S2_L000_read_110_count_1     2.61%    passed     94.01%
 626  200814_20-09728_HIV09-02843_FL30_S2_L000_read_111_count_1     2.61%    passed     99.33%
 627  200814_20-09728_HIV09-02843_FL30_S2_L000_read_112_count_1     2.61%    passed     97.59%
 628  200814_20-09728_HIV09-02843_FL30_S2_L000_read_113_count_1     2.61%    passed     95.64%
 629  200814_20-09728_HIV09-02843_FL30_S2_L000_read_114_count_1     2.61%    passed     97.89%
 630  200814_20-09728_HIV09-02843_FL30_S2_L000_read_115_count_1     2.61%    passed     99.14%
 631  200814_20-09728_HIV09-02843_FL30_S2_L000_read_116_count_1     2.61%    passed     95.28%
 632  200814_20-09728_HIV09-02843_FL30_S2_L000_read_117_count_1     2.61%    passed     94.57%
 633  200814_20-09728_HIV09-02843_FL30_S2_L000_read_118_count_1     2.61%    passed     97.84%
 634  200814_20-09728_HIV09-02843_FL30_S2_L000_read_119_count_1     2.61%    passed     95.78%
 635  200814_20-09728_HIV09-02843_FL30_S2_L000_read_120_count_1     2.61%    passed     97.45%
 636  200814_20-09728_HIV09-02843_FL30_S2_L000_read_121_count_1     2.61%    passed     97.59%
 637  200814_20-09728_HIV09-02843_FL30_S2_L000_read_122_count_1     2.61%    passed     97.59%
 638  200814_20-09728_HIV09-02843_FL30_S2_L000_read_123_count_1     2.61%    passed     99.75%
 639  200814_20-09728_HIV09-02843_FL30_S2_L000_read_124_count_1     2.61%    passed     99.63%
 640  200814_20-09728_HIV09-02843_FL30_S2_L000_read_125_count_1     3.04%    passed     96.42%
 641  200814_20-09728_HIV09-02843_FL30_S2_L000_read_126_count_1     2.61%    passed     95.28%
 642  200814_20-09728_HIV09-02843_FL30_S2_L000_read_127_count_1     2.61%    passed     99.33%
 643  200814_20-09728_HIV09-02843_FL30_S2_L000_read_128_count_1     2.61%    passed     97.59%
 644  200814_20-09728_HIV09-02843_FL30_S2_L000_read_129_count_1     2.61%    passed     96.29%
 645  200814_20-09728_HIV09-02843_FL30_S2_L000_read_130_count_1     2.61%    passed     98.60%
 646  200814_20-09728_HIV09-02843_FL30_S2_L000_read_131_count_1     2.61%    passed     98.14%
 647  200814_20-09728_HIV09-02843_FL30_S2_L000_read_132_count_1     2.61%    passed     98.60%
 648  200814_20-09728_HIV09-02843_FL30_S2_L000_read_133_count_1     2.61%    passed     98.60%
 649  200814_20-09728_HIV09-02843_FL30_S2_L000_read_134_count_1     2.61%    passed     99.58%
 650  200814_20-09728_HIV09-02843_FL30_S2_L000_read_135_count_1     2.61%    passed     97.45%
 651  200814_20-09728_HIV09-02843_FL30_S2_L000_read_136_count_1     2.61%    passed     98.66%
 652  200814_20-09728_HIV09-02843_FL30_S2_L000_read_137_count_1     2.61%    passed     98.66%
 653  200814_20-09728_HIV09-02843_FL30_S2_L000_read_138_count_1     2.61%    passed     99.75%
 654  200814_20-09728_HIV09-02843_FL30_S2_L000_read_139_count_1     2.61%    passed     99.59%
 655  200814_20-09728_HIV09-02843_FL30_S2_L000_read_140_count_1     2.61%    passed     98.60%
 656  200814_20-09728_HIV09-02843_FL30_S2_L000_read_141_count_1     2.61%    passed     98.46%
 657  200814_20-09728_HIV09-02843_FL30_S2_L000_read_142_count_1     3.04%    passed     97.84%
 658  200814_20-09728_HIV09-02843_FL30_S2_L000_read_143_count_1     2.61%    passed     99.75%
 659  200814_20-09728_HIV09-02843_FL30_S2_L000_read_144_count_1     2.61%    passed     95.62%
 660  200814_20-09728_HIV09-02843_FL30_S2_L000_read_145_count_1     2.61%    passed     96.48%
 661  200814_20-09728_HIV09-02843_FL30_S2_L000_read_146_count_1     2.61%    passed     98.48%
 662  200814_20-09728_HIV09-02843_FL30_S2_L000_read_147_count_1     2.61%    passed     99.33%
 663  200814_20-09728_HIV09-02843_FL30_S2_L000_read_148_count_1     2.61%    passed     99.33%
 664  200814_20-09728_HIV09-02843_FL30_S2_L000_read_149_count_1     2.61%    passed     90.83%
 665  200814_20-09728_HIV09-02843_FL30_S2_L000_read_150_count_1     2.61%    passed     94.43%
 666  200814_20-09728_HIV09-02843_FL30_S2_L000_read_151_count_1     2.61%    passed     97.89%
 667  200814_20-09728_HIV09-02843_FL30_S2_L000_read_152_count_1     2.61%    passed     95.62%
 668  200814_20-09728_HIV09-02843_FL30_S2_L000_read_153_count_1     2.61%    passed     99.59%
 669  200814_20-09728_HIV09-02843_FL30_S2_L000_read_154_count_1     2.61%    passed     99.47%
 670  200814_20-09728_HIV09-02843_FL30_S2_L000_read_155_count_1     2.61%    passed     94.89%
 671  200814_20-09728_HIV09-02843_FL30_S2_L000_read_156_count_1     2.61%    passed     98.60%
 672  200814_20-09728_HIV09-02843_FL30_S2_L000_read_157_count_1     2.61%    passed     95.78%
 673  200814_20-09728_HIV09-02843_FL30_S2_L000_read_158_count_1     2.61%    passed     99.59%
 674  200724_20-08518_HIV10-02405_FL24_S14_L000_read_1_count_125    2.61%    passed     97.08%
 675  200724_20-08518_HIV10-02405_FL24_S14_L000_read_2_count_63     2.61%    passed     95.45%
 676  200724_20-08518_HIV10-02405_FL24_S14_L000_read_3_count_55     2.61%    passed     98.53%
 677  200724_20-08518_HIV10-02405_FL24_S14_L000_read_4_count_32     2.61%    passed     93.49%
 678  200724_20-08518_HIV10-02405_FL24_S14_L000_read_5_count_11     2.61%    passed     91.58%
 679  200724_20-08518_HIV10-02405_FL24_S14_L000_read_6_count_10     2.61%    passed     95.45%
 680  200724_20-08518_HIV10-02405_FL24_S14_L000_read_7_count_10     2.61%    passed     96.93%
 681  200724_20-08518_HIV10-02405_FL24_S14_L000_read_8_count_9      2.61%    passed     98.49%
 682  200724_20-08518_HIV10-02405_FL24_S14_L000_read_9_count_8      2.61%    passed     98.53%
 683  200724_20-08518_HIV10-02405_FL24_S14_L000_read_10_count_7     2.61%    passed     98.89%
 684  200724_20-08518_HIV10-02405_FL24_S14_L000_read_11_count_6     2.61%    passed     98.89%
 685  200724_20-08518_HIV10-02405_FL24_S14_L000_read_12_count_5     2.61%    passed     97.53%
 686  200724_20-08518_HIV10-02405_FL24_S14_L000_read_13_count_5     2.61%    passed     97.53%
 687  200724_20-08518_HIV10-02405_FL24_S14_L000_read_14_count_5     2.61%    passed     98.53%
 688  200724_20-08518_HIV10-02405_FL24_S14_L000_read_15_count_4     2.61%    passed     98.89%
 689  200724_20-08518_HIV10-02405_FL24_S14_L000_read_16_count_4     2.61%    passed     97.32%
 690  200724_20-08518_HIV10-02405_FL24_S14_L000_read_17_count_4     2.61%    passed     95.45%
 691  200724_20-08518_HIV10-02405_FL24_S14_L000_read_18_count_4     2.61%    passed     97.12%
 692  200724_20-08518_HIV10-02405_FL24_S14_L000_read_19_count_4     2.61%    passed     97.12%
 693  200724_20-08518_HIV10-02405_FL24_S14_L000_read_20_count_3     2.61%    passed     98.49%
 694  200724_20-08518_HIV10-02405_FL24_S14_L000_read_21_count_3     2.61%    passed     96.16%
 695  200724_20-08518_HIV10-02405_FL24_S14_L000_read_22_count_3     2.61%    passed     97.53%
 696  200724_20-08518_HIV10-02405_FL24_S14_L000_read_23_count_3     2.61%    passed     95.45%
 697  200724_20-08518_HIV10-02405_FL24_S14_L000_read_24_count_3     2.61%    passed     98.89%
 698  200724_20-08518_HIV10-02405_FL24_S14_L000_read_25_count_3     2.61%    passed     95.45%
 699  200724_20-08518_HIV10-02405_FL24_S14_L000_read_26_count_3     2.61%    passed     95.45%
 700  200724_20-08518_HIV10-02405_FL24_S14_L000_read_27_count_3     2.61%    passed     92.35%
 701  200724_20-08518_HIV10-02405_FL24_S14_L000_read_28_count_2     2.61%    passed     94.05%
 702  200724_20-08518_HIV10-02405_FL24_S14_L000_read_29_count_2     2.61%    passed     97.08%
 703  200724_20-08518_HIV10-02405_FL24_S14_L000_read_30_count_2     2.61%    passed     98.49%
 704  200724_20-08518_HIV10-02405_FL24_S14_L000_read_31_count_2     2.61%    passed     99.01%
 705  200724_20-08518_HIV10-02405_FL24_S14_L000_read_32_count_2     2.61%    passed     95.45%
 706  200724_20-08518_HIV10-02405_FL24_S14_L000_read_33_count_2     2.61%    passed     98.53%
 707  200724_20-08518_HIV10-02405_FL24_S14_L000_read_34_count_2     2.61%    passed     95.45%
 708  200724_20-08518_HIV10-02405_FL24_S14_L000_read_35_count_2     2.61%    passed     95.28%
 709  200724_20-08518_HIV10-02405_FL24_S14_L000_read_36_count_2     2.61%    passed     96.50%
 710  200724_20-08518_HIV10-02405_FL24_S14_L000_read_37_count_2     2.61%    passed     97.12%
 711  200724_20-08518_HIV10-02405_FL24_S14_L000_read_38_count_2     2.61%    passed     95.45%
 712  200724_20-08518_HIV10-02405_FL24_S14_L000_read_39_count_2     2.61%    passed     91.58%
 713  200724_20-08518_HIV10-02405_FL24_S14_L000_read_40_count_2     2.61%    passed     98.49%
 714  200724_20-08518_HIV10-02405_FL24_S14_L000_read_41_count_1     2.61%    passed     97.08%
 715  200724_20-08518_HIV10-02405_FL24_S14_L000_read_42_count_1     2.61%    passed     98.89%
 716  200724_20-08518_HIV10-02405_FL24_S14_L000_read_43_count_1     2.61%    passed     96.29%
 717  200724_20-08518_HIV10-02405_FL24_S14_L000_read_44_count_1     2.61%    passed     98.53%
 718  200724_20-08518_HIV10-02405_FL24_S14_L000_read_45_count_1     2.61%    passed     97.12%
 719  200724_20-08518_HIV10-02405_FL24_S14_L000_read_46_count_1     2.61%    passed     96.93%
 720  200724_20-08518_HIV10-02405_FL24_S14_L000_read_47_count_1     2.61%    passed     91.58%
 721  200724_20-08518_HIV10-02405_FL24_S14_L000_read_48_count_1     2.61%    passed     92.35%
 722  200724_20-08518_HIV10-02405_FL24_S14_L000_read_49_count_1     2.61%    passed     99.29%
 723  200724_20-08518_HIV10-02405_FL24_S14_L000_read_50_count_1     2.61%    passed     90.22%
 724  200724_20-08518_HIV10-02405_FL24_S14_L000_read_51_count_1     2.61%    passed     83.21%
 725  200724_20-08518_HIV10-02405_FL24_S14_L000_read_52_count_1     2.61%    passed     95.45%
 726  200724_20-08518_HIV10-02405_FL24_S14_L000_read_53_count_1     2.61%    passed     96.29%
 727  200724_20-08518_HIV10-02405_FL24_S14_L000_read_54_count_1     2.61%    passed     98.89%
 728  200724_20-08518_HIV10-02405_FL24_S14_L000_read_55_count_1     2.61%    passed     94.05%
 729  200724_20-08518_HIV10-02405_FL24_S14_L000_read_56_count_1     2.61%    passed     95.45%
 730  200724_20-08518_HIV10-02405_FL24_S14_L000_read_57_count_1     2.61%    passed     97.53%
 731  200724_20-08518_HIV10-02405_FL24_S14_L000_read_58_count_1     2.61%    passed     95.45%
 732  200724_20-08518_HIV10-02405_FL24_S14_L000_read_59_count_1     2.61%    passed     97.53%
 733  200724_20-08518_HIV10-02405_FL24_S14_L000_read_60_count_1     2.61%    passed     97.32%
 734  200724_20-08518_HIV10-02405_FL24_S14_L000_read_61_count_1     2.61%    passed     97.32%
 735  200724_20-08518_HIV10-02405_FL24_S14_L000_read_62_count_1     2.61%    passed     88.17%
 736  200724_20-08518_HIV10-02405_FL24_S14_L000_read_63_count_1     2.61%    passed     91.58%
 737  200724_20-08518_HIV10-02405_FL24_S14_L000_read_64_count_1     2.61%    passed     96.93%
 738  200724_20-08518_HIV10-02405_FL24_S14_L000_read_65_count_1     2.61%    passed     99.72%
 739  200724_20-08518_HIV10-02405_FL24_S14_L000_read_66_count_1     2.61%    passed     97.08%
 740  200724_20-08518_HIV10-02405_FL24_S14_L000_read_67_count_1     2.61%    passed     97.08%
 741  200724_20-08518_HIV10-02405_FL24_S14_L000_read_68_count_1     2.61%    passed     87.21%
 742  200724_20-08518_HIV10-02405_FL24_S14_L000_read_69_count_1     2.61%    passed     90.22%
 743  200724_20-08518_HIV10-02405_FL24_S14_L000_read_70_count_1     2.61%    passed     96.16%
 744  200724_20-08518_HIV10-02405_FL24_S14_L000_read_71_count_1     2.61%    passed     99.29%
 745  200724_20-08518_HIV10-02405_FL24_S14_L000_read_72_count_1     2.61%    passed     92.69%
 746  200724_20-08518_HIV10-02405_FL24_S14_L000_read_73_count_1     2.61%    passed     95.45%
 747  200724_20-08518_HIV10-02405_FL24_S14_L000_read_74_count_1     2.61%    passed     93.64%
 748  200724_20-08518_HIV10-02405_FL24_S14_L000_read_75_count_1     2.61%    passed     94.05%
 749  200724_20-08518_HIV10-02405_FL24_S14_L000_read_76_count_1     2.61%    passed     97.32%
 750  200724_20-08518_HIV10-02405_FL24_S14_L000_read_77_count_1     2.61%    passed     97.08%
 751  200724_20-08518_HIV10-02405_FL24_S14_L000_read_78_count_1     2.61%    passed     97.12%
 752  200724_20-08518_HIV10-02405_FL24_S14_L000_read_79_count_1     2.61%    passed     92.85%
 753  200724_20-08518_HIV10-02405_FL24_S14_L000_read_80_count_1     2.61%    passed     96.50%
 754  200724_20-08518_HIV10-02405_FL24_S14_L000_read_81_count_1     2.61%    passed     98.49%
 755  200724_20-08518_HIV10-02405_FL24_S14_L000_read_82_count_1     2.61%    passed     97.32%
 756  200724_20-08518_HIV10-02405_FL24_S14_L000_read_83_count_1     2.61%    passed     94.05%
 757  200724_20-08518_HIV10-02405_FL24_S14_L000_read_84_count_1     2.61%    passed     82.88%
 758  200724_20-08518_HIV10-02405_FL24_S14_L000_read_85_count_1     3.04%    passed     95.24%
 759  200724_20-08518_HIV10-02405_FL24_S14_L000_read_86_count_1     2.61%    passed     98.89%
 760  200724_20-08518_HIV10-02405_FL24_S14_L000_read_87_count_1     2.61%    passed     97.53%
 761  200724_20-08518_HIV10-02405_FL24_S14_L000_read_88_count_1     2.61%    passed     83.84%
 762  200724_20-08518_HIV10-02405_FL24_S14_L000_read_89_count_1     2.61%    passed     98.41%
 763  200724_20-08518_HIV10-02405_FL24_S14_L000_read_90_count_1     2.61%    passed     99.29%
 764  200724_20-08518_HIV10-02405_FL24_S14_L000_read_91_count_1     2.61%    passed     98.49%
 765  200724_20-08518_HIV10-02405_FL24_S14_L000_read_92_count_1     2.61%    passed     95.57%
 766  200724_20-08518_HIV10-02405_FL24_S14_L000_read_93_count_1     2.61%    passed     98.49%
 767  200724_20-08518_HIV10-02405_FL24_S14_L000_read_94_count_1     2.61%    passed     97.32%
 768  200724_20-08518_HIV10-02405_FL24_S14_L000_read_95_count_1     2.61%    passed     97.08%
 769  200724_20-08518_HIV10-02405_FL24_S14_L000_read_96_count_1     2.61%    passed     97.12%
 770  200724_20-08518_HIV10-02405_FL24_S14_L000_read_97_count_1     2.61%    passed     97.08%
 771  200724_20-08518_HIV10-02405_FL24_S14_L000_read_98_count_1     2.61%    passed     98.89%
 772  200724_20-08518_HIV10-02405_FL24_S14_L000_read_99_count_1     2.61%    passed     97.12%
 773  200724_20-08518_HIV10-02405_FL24_S14_L000_read_100_count_1    2.61%    passed     98.53%
 774  200724_20-08518_HIV10-02405_FL24_S14_L000_read_101_count_1    2.61%    passed     97.39%
 775  200724_20-08518_HIV10-02405_FL24_S14_L000_read_102_count_1    2.61%    passed     99.01%
 776  200724_20-08518_HIV10-02405_FL24_S14_L000_read_103_count_1    2.61%    passed     86.76%
 777  200724_20-08518_HIV10-02405_FL24_S14_L000_read_104_count_1    2.61%    passed     97.08%
 778  200724_20-08518_HIV10-02405_FL24_S14_L000_read_105_count_1    2.61%    passed     93.49%
 779  200724_20-08518_HIV10-02405_FL24_S14_L000_read_106_count_1    2.61%    passed     96.50%
 780  200724_20-08518_HIV10-02405_FL24_S14_L000_read_107_count_1    2.61%    passed     97.12%
 781  200724_20-08518_HIV10-02405_FL24_S14_L000_read_108_count_1    2.61%    passed     92.69%
 782  200724_20-08518_HIV10-02405_FL24_S14_L000_read_109_count_1    2.61%    passed     95.57%
 783  200724_20-08518_HIV10-02405_FL24_S14_L000_read_110_count_1    2.61%    passed     95.57%
 784  200724_20-08518_HIV10-02405_FL24_S14_L000_read_111_count_1    2.61%    passed     98.89%
 785  200724_20-08518_HIV10-02405_FL24_S14_L000_read_112_count_1    2.61%    passed     98.89%
 786  200724_20-08518_HIV10-02405_FL24_S14_L000_read_113_count_1    2.61%    passed     97.53%
 787  200724_20-08518_HIV10-02405_FL24_S14_L000_read_114_count_1    2.61%    passed     98.53%
 788  200724_20-08518_HIV10-02405_FL24_S14_L000_read_115_count_1    2.61%    passed     93.49%
 789  200724_20-08518_HIV10-02405_FL24_S14_L000_read_116_count_1    2.61%    passed     97.53%
 790  200724_20-08518_HIV10-02405_FL24_S14_L000_read_117_count_1    2.61%    passed     94.05%
 791  200724_20-08518_HIV10-02405_FL24_S14_L000_read_118_count_1    2.61%    passed     96.93%
 792  200724_20-08518_HIV10-02405_FL24_S14_L000_read_119_count_1    2.61%    passed     88.17%
 793  200724_20-08518_HIV10-02405_FL24_S14_L000_read_120_count_1    2.61%    passed     98.44%
 794  200724_20-08518_HIV10-02405_FL24_S14_L000_read_121_count_1    2.61%    passed     97.32%
 795  200724_20-08518_HIV10-02405_FL24_S14_L000_read_122_count_1    2.61%    passed     99.29%
 796  200724_20-08518_HIV10-02405_FL24_S14_L000_read_123_count_1    2.61%    passed     98.53%
 797  200724_20-08518_HIV10-02405_FL24_S14_L000_read_124_count_1    2.61%    passed     97.08%
 798  200724_20-08518_HIV10-02405_FL24_S14_L000_read_125_count_1    2.61%    passed     91.58%
 799  200724_20-08518_HIV10-02405_FL24_S14_L000_read_126_count_1    2.61%    passed     96.16%
 800  200724_20-08518_HIV10-02405_FL24_S14_L000_read_127_count_1    2.61%    passed     98.53%
 801  200724_20-08518_HIV10-02405_FL24_S14_L000_read_128_count_1    2.61%    passed     99.29%
 802  200724_20-08518_HIV10-02405_FL24_S14_L000_read_129_count_1    2.61%    passed     96.93%
 803  200724_20-08518_HIV10-02405_FL24_S14_L000_read_130_count_1    2.61%    passed     98.89%
 804  200724_20-08518_HIV10-02405_FL24_S14_L000_read_131_count_1    2.61%    passed     93.75%
 805  200724_20-08518_HIV10-02405_FL24_S14_L000_read_132_count_1    2.61%    passed     98.89%
 806  200724_20-08518_HIV10-02405_FL24_S14_L000_read_133_count_1    2.61%    passed     99.72%
 807  200724_20-08518_HIV10-02405_FL24_S14_L000_read_134_count_1    2.61%    passed     93.42%
 808  200724_20-08518_HIV10-02405_FL24_S14_L000_read_135_count_1    2.61%    passed     98.49%
 809  200724_20-08518_HIV10-02405_FL24_S14_L000_read_136_count_1    2.61%    passed     98.89%
 810  200724_20-08518_HIV10-02405_FL24_S14_L000_read_137_count_1    2.61%    passed     96.16%
 811  200724_20-08518_HIV10-02405_FL24_S14_L000_read_138_count_1    2.61%    passed     93.75%
 812  200724_20-08518_HIV10-02405_FL24_S14_L000_read_139_count_1    2.61%    passed     98.49%
 813  200724_20-08518_HIV10-02405_FL24_S14_L000_read_140_count_1    2.61%    passed     97.32%
 814  200724_20-08518_HIV10-02405_FL24_S14_L000_read_141_count_1    2.61%    passed     97.08%
 815  200724_20-08518_HIV10-02405_FL24_S14_L000_read_142_count_1    2.61%    passed     97.08%
 816  200724_20-08518_HIV10-02405_FL24_S14_L000_read_143_count_1    2.61%    passed     96.48%
 817  200724_20-08518_HIV10-02405_FL24_S14_L000_read_144_count_1    2.61%    passed     95.45%
 818  200724_20-08518_HIV10-02405_FL24_S14_L000_read_145_count_1    2.61%    passed     77.92%
 819  200724_20-08518_HIV10-02405_FL24_S14_L000_read_146_count_1    2.61%    passed     93.49%
 820  200724_20-08518_HIV10-02405_FL24_S14_L000_read_147_count_1    2.61%    passed     89.49%
 821  200724_20-08518_HIV10-02405_FL24_S14_L000_read_148_count_1    2.61%    passed     95.45%
 822  200724_20-08518_HIV10-02405_FL24_S14_L000_read_149_count_1    2.61%    passed     97.12%
 823  200724_20-08518_HIV10-02405_FL24_S14_L000_read_150_count_1    2.61%    passed     98.53%
 824  200724_20-08518_HIV10-02405_FL24_S14_L000_read_151_count_1    2.61%    passed     98.49%
 825  200724_20-08518_HIV10-02405_FL24_S14_L000_read_152_count_1    2.61%    passed     87.25%
 826  200724_20-08518_HIV10-02405_FL24_S14_L000_read_153_count_1    2.61%    passed     98.89%
 827  200724_20-08518_HIV10-02405_FL24_S14_L000_read_154_count_1    3.04%    passed     97.89%
 828  B.FR.83.HXB2_LAI_IIIB_BRU.K03455                              2.61%    passed     98.46%
 829  C.BW.00.00BW07621.AF443088                                    2.61%    passed     99.47%
****  TOTAL                                                         2.61%  0 sequences failed composition chi2 test (p-value<5%; df=3)
Checking for duplicate sequences: done in 0.0109107 secs using 215% CPU

Create initial parsimony tree by phylogenetic likelihood library (PLL)... 0.126 seconds

NOTE: 36 MB RAM (0 GB) is required!
WARNING: Number of threads seems too high for short alignments. Use -T AUTO to determine best number of threads.
Estimate model parameters (epsilon = 0.100)
1. Initial log-likelihood: -7291.135
2. Current log-likelihood: -7013.712
3. Current log-likelihood: -7012.944
4. Current log-likelihood: -7012.733
Optimal log-likelihood: -7012.645
Rate parameters:  A-C: 0.61610  A-G: 1.92851  A-T: 0.43873  C-G: 0.10179  C-T: 2.31513  G-T: 1.00000
Base frequencies:  A: 0.386  C: 0.181  G: 0.232  T: 0.200
Site proportion and rates:  (0.058,0.247) (0.166,0.527) (0.236,0.600) (0.230,0.845) (0.253,1.516) (0.057,3.119)
Parameters optimization took 4 rounds (4.267 sec)
Wrote distance file to... 
Computing ML distances based on estimated model parameters...
Calculating distance matrix: done in 0.940396 secs using 398.3% CPU
Computing ML distances took 0.949173 sec (of wall-clock time) 3.764977 sec (of CPU time)
Setting up auxiliary I and S matrices: done in 0.0247374 secs using 271.6% CPU
Constructing RapidNJ tree: done in 1.67618 secs using 115.9% CPU
Computing RapidNJ tree took 1.701090 sec (of wall-clock time) 2.009996 sec (of CPU time)
Log-likelihood of RapidNJ tree: -7016.714
--------------------------------------------------------------------
|             INITIALIZING CANDIDATE TREE SET                      |
--------------------------------------------------------------------
Generating 98 parsimony trees... 13.422 second
Computing log-likelihood of 98 initial trees ... 9.039 seconds
Current best score: -7001.230

Do NNI search on 20 best initial trees
Optimizing NNI: done in 0.656794 secs using 393% CPU
Estimate model parameters (epsilon = 0.100)
BETTER TREE FOUND at iteration 1: -6999.960
Optimizing NNI: done in 1.00517 secs using 375.1% CPU
Optimizing NNI: done in 1.03112 secs using 393% CPU
Optimizing NNI: done in 1.3568 secs using 395.4% CPU
Estimate model parameters (epsilon = 0.100)
BETTER TREE FOUND at iteration 4: -6996.418
Optimizing NNI: done in 0.776343 secs using 376.8% CPU
Optimizing NNI: done in 1.02148 secs using 388.1% CPU
Optimizing NNI: done in 0.692796 secs using 390.3% CPU
Optimizing NNI: done in 0.674719 secs using 393% CPU
Optimizing NNI: done in 0.272131 secs using 398.4% CPU
Optimizing NNI: done in 0.658809 secs using 393.5% CPU
Iteration 10 / LogL: -7011.644 / Time: 0h:0m:42s
Optimizing NNI: done in 0.915925 secs using 391.3% CPU
Optimizing NNI: done in 1.32015 secs using 382.2% CPU
Optimizing NNI: done in 0.672127 secs using 384.7% CPU
Optimizing NNI: done in 1.28024 secs using 393% CPU
Estimate model parameters (epsilon = 0.100)
BETTER TREE FOUND at iteration 14: -6978.230
Optimizing NNI: done in 0.729097 secs using 389.6% CPU
Optimizing NNI: done in 1.2061 secs using 378.1% CPU
Optimizing NNI: done in 0.970069 secs using 388.2% CPU
Optimizing NNI: done in 1.14129 secs using 393.7% CPU
Optimizing NNI: done in 1.17687 secs using 391.6% CPU
Optimizing NNI: done in 1.29998 secs using 390.2% CPU
Iteration 20 / LogL: -7019.412 / Time: 0h:0m:55s
Finish initializing candidate tree set (20)
Current best tree score: -6978.230 / CPU time: 47.450
Number of iterations: 20
--------------------------------------------------------------------
|               OPTIMIZING CANDIDATE TREE SET                      |
--------------------------------------------------------------------
Optimizing NNI: done in 1.73137 secs using 388.4% CPU
Estimate model parameters (epsilon = 0.100)
BETTER TREE FOUND at iteration 21: -6974.919
Optimizing NNI: done in 1.65566 secs using 393.3% CPU
Optimizing NNI: done in 1.79195 secs using 381.1% CPU
Optimizing NNI: done in 1.01703 secs using 392.1% CPU
Optimizing NNI: done in 1.38285 secs using 388.6% CPU
Optimizing NNI: done in 1.73024 secs using 393.2% CPU
Estimate model parameters (epsilon = 0.100)
BETTER TREE FOUND at iteration 26: -6974.598
Optimizing NNI: done in 1.49598 secs using 390.6% CPU
Optimizing NNI: done in 1.32193 secs using 393.2% CPU
Optimizing NNI: done in 2.01147 secs using 385.4% CPU
Optimizing NNI: done in 1.3496 secs using 392.2% CPU
Iteration 30 / LogL: -6994.812 / Time: 0h:1m:14s (0h:4m:4s left)
Optimizing NNI: done in 1.94857 secs using 392.3% CPU
Optimizing NNI: done in 1.59076 secs using 383.6% CPU
Optimizing NNI: done in 1.6041 secs using 392% CPU
Optimizing NNI: done in 1.91352 secs using 390.9% CPU
Optimizing NNI: done in 1.91681 secs using 384.3% CPU
Optimizing NNI: done in 1.59998 secs using 390% CPU
Optimizing NNI: done in 1.39722 secs using 391.5% CPU
Optimizing NNI: done in 1.98589 secs using 385.3% CPU
Optimizing NNI: done in 1.51027 secs using 391.1% CPU
Optimizing NNI: done in 2.46954 secs using 392.1% CPU
Iteration 40 / LogL: -6983.229 / Time: 0h:1m:33s (0h:3m:25s left)
Optimizing NNI: done in 1.87195 secs using 383.9% CPU
Optimizing NNI: done in 1.84954 secs using 391.4% CPU
Optimizing NNI: done in 1.31717 secs using 389.9% CPU
Optimizing NNI: done in 1.70622 secs using 382.8% CPU
Optimizing NNI: done in 1.61975 secs using 392% CPU
Optimizing NNI: done in 1.96509 secs using 390.7% CPU
Optimizing NNI: done in 1.95041 secs using 384.8% CPU
Optimizing NNI: done in 1.36402 secs using 391.3% CPU
Optimizing NNI: done in 1.70224 secs using 392.7% CPU
Optimizing NNI: done in 2.11929 secs using 384.6% CPU
Iteration 50 / LogL: -6991.307 / Time: 0h:1m:51s (0h:2m:53s left)
Optimizing NNI: done in 1.7014 secs using 390.6% CPU
Optimizing NNI: done in 2.53769 secs using 387.4% CPU
Optimizing NNI: done in 1.4107 secs using 390.1% CPU
Optimizing NNI: done in 1.81339 secs using 395.1% CPU
Optimizing NNI: done in 1.44904 secs using 385.3% CPU
Optimizing NNI: done in 1.93946 secs using 391.9% CPU
Optimizing NNI: done in 1.36376 secs using 394.1% CPU
Optimizing NNI: done in 1.69166 secs using 387.2% CPU
Optimizing NNI: done in 1.73588 secs using 393.3% CPU
Optimizing NNI: done in 1.75608 secs using 392.4% CPU
Estimate model parameters (epsilon = 0.100)
BETTER TREE FOUND at iteration 60: -6969.870
Iteration 60 / LogL: -6969.870 / Time: 0h:2m:12s (0h:3m:43s left)
Optimizing NNI: done in 1.71278 secs using 389.5% CPU
Optimizing NNI: done in 1.7844 secs using 391.8% CPU
Optimizing NNI: done in 2.12328 secs using 386.3% CPU
Optimizing NNI: done in 1.78821 secs using 393.1% CPU
Optimizing NNI: done in 1.47946 secs using 391.7% CPU
Estimate model parameters (epsilon = 0.100)
BETTER TREE FOUND at iteration 65: -6969.613
Optimizing NNI: done in 1.96545 secs using 393.5% CPU
Optimizing NNI: done in 1.69213 secs using 391.2% CPU
Optimizing NNI: done in 1.79755 secs using 385% CPU
Optimizing NNI: done in 2.31168 secs using 393.1% CPU
Optimizing NNI: done in 1.89334 secs using 390.7% CPU
Iteration 70 / LogL: -6981.277 / Time: 0h:2m:32s (0h:3m:29s left)
Optimizing NNI: done in 1.52826 secs using 380.4% CPU
Optimizing NNI: done in 1.71187 secs using 392.8% CPU
Optimizing NNI: done in 1.73686 secs using 391.4% CPU
Optimizing NNI: done in 2.48562 secs using 385.6% CPU
Estimate model parameters (epsilon = 0.100)
BETTER TREE FOUND at iteration 74: -6966.949
Optimizing NNI: done in 1.37383 secs using 393.6% CPU
Optimizing NNI: done in 1.76147 secs using 383.7% CPU
Optimizing NNI: done in 2.15976 secs using 392.2% CPU
Optimizing NNI: done in 1.90702 secs using 393.1% CPU
Optimizing NNI: done in 1.68792 secs using 383.5% CPU
Optimizing NNI: done in 1.33237 secs using 390.3% CPU
Iteration 80 / LogL: -6971.123 / Time: 0h:2m:52s (0h:3m:25s left)
Optimizing NNI: done in 1.66534 secs using 390.8% CPU
Optimizing NNI: done in 1.63938 secs using 382.4% CPU
Optimizing NNI: done in 1.88458 secs using 389% CPU
Optimizing NNI: done in 1.75084 secs using 392.4% CPU
Optimizing NNI: done in 1.79158 secs using 382.7% CPU
Optimizing NNI: done in 1.66063 secs using 392.5% CPU
Optimizing NNI: done in 2.23133 secs using 391.1% CPU
Optimizing NNI: done in 1.90994 secs using 382.4% CPU
Estimate model parameters (epsilon = 0.100)
BETTER TREE FOUND at iteration 88: -6962.277
Optimizing NNI: done in 2.12641 secs using 386.7% CPU
Optimizing NNI: done in 2.00999 secs using 391.7% CPU
Iteration 90 / LogL: -6966.901 / Time: 0h:3m:14s (0h:3m:33s left)
Optimizing NNI: done in 1.41195 secs using 390.3% CPU
Optimizing NNI: done in 2.21592 secs using 384.3% CPU
Optimizing NNI: done in 1.64993 secs using 391.1% CPU
Optimizing NNI: done in 1.65599 secs using 392.3% CPU
Estimate model parameters (epsilon = 0.100)
BETTER TREE FOUND at iteration 94: -6960.202
Optimizing NNI: done in 1.82825 secs using 393.6% CPU
Optimizing NNI: done in 1.94998 secs using 391% CPU
Optimizing NNI: done in 2.2639 secs using 385.3% CPU
Optimizing NNI: done in 2.03709 secs using 392.1% CPU
Optimizing NNI: done in 2.3622 secs using 387.5% CPU
Optimizing NNI: done in 1.80402 secs using 393.5% CPU
Iteration 100 / LogL: -6965.545 / Time: 0h:3m:35s (0h:3m:24s left)
Optimizing NNI: done in 1.98466 secs using 391.7% CPU
Optimizing NNI: done in 1.66723 secs using 382.5% CPU
Optimizing NNI: done in 1.37915 secs using 390.6% CPU
Optimizing NNI: done in 1.38114 secs using 390.4% CPU
Optimizing NNI: done in 1.74819 secs using 391.2% CPU
Optimizing NNI: done in 1.61783 secs using 392.4% CPU
Optimizing NNI: done in 1.61516 secs using 391.6% CPU
Optimizing NNI: done in 1.50996 secs using 391.6% CPU
Optimizing NNI: done in 1.47574 secs using 383.2% CPU
Optimizing NNI: done in 1.84341 secs using 390.5% CPU
Iteration 110 / LogL: -6972.822 / Time: 0h:3m:52s (0h:2m:59s left)
Optimizing NNI: done in 1.6385 secs using 392.3% CPU
Optimizing NNI: done in 1.67448 secs using 382.3% CPU
Optimizing NNI: done in 1.41224 secs using 391.7% CPU
Optimizing NNI: done in 1.70465 secs using 391.1% CPU
Optimizing NNI: done in 1.52526 secs using 381.4% CPU
Optimizing NNI: done in 2.1714 secs using 392.9% CPU
Optimizing NNI: done in 1.58263 secs using 389.9% CPU
Optimizing NNI: done in 1.88207 secs using 380.8% CPU
Optimizing NNI: done in 1.66899 secs using 392.3% CPU
Optimizing NNI: done in 1.31132 secs using 390.1% CPU
Iteration 120 / LogL: -6990.760 / Time: 0h:4m:10s (0h:2m:35s left)
Optimizing NNI: done in 2.45269 secs using 386.1% CPU
Optimizing NNI: done in 1.79807 secs using 390.7% CPU
Optimizing NNI: done in 1.25473 secs using 389.7% CPU
Optimizing NNI: done in 1.64773 secs using 381.9% CPU
Optimizing NNI: done in 1.62246 secs using 392.3% CPU
Optimizing NNI: done in 1.65796 secs using 393.6% CPU
Optimizing NNI: done in 2.00912 secs using 385.1% CPU
Optimizing NNI: done in 1.8152 secs using 389.8% CPU
Optimizing NNI: done in 1.55197 secs using 391% CPU
Optimizing NNI: done in 1.67322 secs using 380.1% CPU
Iteration 130 / LogL: -6962.798 / Time: 0h:4m:29s (0h:2m:13s left)
Optimizing NNI: done in 1.17558 secs using 387.4% CPU
Optimizing NNI: done in 1.73401 secs using 393.8% CPU
Optimizing NNI: done in 1.54374 secs using 381.1% CPU
Optimizing NNI: done in 1.58812 secs using 390% CPU
Optimizing NNI: done in 1.53024 secs using 388.8% CPU
Optimizing NNI: done in 2.13761 secs using 383% CPU
Optimizing NNI: done in 1.70755 secs using 391.3% CPU
Optimizing NNI: done in 1.3464 secs using 391.9% CPU
Optimizing NNI: done in 1.53117 secs using 381.9% CPU
Optimizing NNI: done in 1.54318 secs using 391.1% CPU
Iteration 140 / LogL: -6980.777 / Time: 0h:4m:45s (0h:1m:51s left)
Optimizing NNI: done in 1.60348 secs using 388.4% CPU
Optimizing NNI: done in 2.0363 secs using 383.2% CPU
Optimizing NNI: done in 1.7288 secs using 391.6% CPU
Optimizing NNI: done in 1.55065 secs using 390.5% CPU
Optimizing NNI: done in 2.25943 secs using 384.5% CPU
Optimizing NNI: done in 1.58809 secs using 391.5% CPU
Optimizing NNI: done in 1.55723 secs using 389.9% CPU
Optimizing NNI: done in 1.79909 secs using 382.3% CPU
Optimizing NNI: done in 1.56938 secs using 392.2% CPU
Optimizing NNI: done in 1.96678 secs using 389.6% CPU
Iteration 150 / LogL: -6969.416 / Time: 0h:5m:4s (0h:1m:29s left)
Optimizing NNI: done in 1.8519 secs using 382.9% CPU
Optimizing NNI: done in 1.61859 secs using 390.3% CPU
Optimizing NNI: done in 1.74233 secs using 391.4% CPU
Optimizing NNI: done in 1.738 secs using 382% CPU
Optimizing NNI: done in 2.02873 secs using 391.6% CPU
Optimizing NNI: done in 1.54921 secs using 389.9% CPU
Optimizing NNI: done in 1.74936 secs using 381.5% CPU
Optimizing NNI: done in 2.14516 secs using 391.5% CPU
Optimizing NNI: done in 1.62119 secs using 391.1% CPU
Optimizing NNI: done in 1.5184 secs using 381.4% CPU
Iteration 160 / LogL: -6964.574 / Time: 0h:5m:23s (0h:1m:9s left)
Optimizing NNI: done in 1.51879 secs using 391.9% CPU
Optimizing NNI: done in 1.59861 secs using 388.7% CPU
Optimizing NNI: done in 2.1262 secs using 386.4% CPU
Optimizing NNI: done in 1.64543 secs using 390.9% CPU
Optimizing NNI: done in 2.0478 secs using 391.5% CPU
Optimizing NNI: done in 1.9704 secs using 384% CPU
Optimizing NNI: done in 1.37484 secs using 390.9% CPU
Optimizing NNI: done in 1.87627 secs using 390.8% CPU
Optimizing NNI: done in 1.53047 secs using 381.9% CPU
Optimizing NNI: done in 1.51923 secs using 392.4% CPU
Iteration 170 / LogL: -6973.936 / Time: 0h:5m:41s (0h:0m:48s left)
Optimizing NNI: done in 1.87745 secs using 393.1% CPU
Optimizing NNI: done in 1.56112 secs using 382.6% CPU
Optimizing NNI: done in 2.17201 secs using 392.1% CPU
Optimizing NNI: done in 1.33821 secs using 391.3% CPU
Optimizing NNI: done in 1.38499 secs using 382.5% CPU
Optimizing NNI: done in 1.68738 secs using 389.4% CPU
Optimizing NNI: done in 1.54494 secs using 391.3% CPU
Optimizing NNI: done in 1.55148 secs using 381.3% CPU
Optimizing NNI: done in 1.80683 secs using 390.7% CPU
Optimizing NNI: done in 1.65852 secs using 391.2% CPU
Iteration 180 / LogL: -6986.392 / Time: 0h:5m:59s (0h:0m:28s left)
Optimizing NNI: done in 1.73475 secs using 383.2% CPU
Optimizing NNI: done in 1.71474 secs using 392.3% CPU
Optimizing NNI: done in 1.86943 secs using 392.1% CPU
Optimizing NNI: done in 2.2881 secs using 385.9% CPU
Optimizing NNI: done in 1.40304 secs using 391.7% CPU
Optimizing NNI: done in 1.65757 secs using 391.6% CPU
Optimizing NNI: done in 2.02041 secs using 384.4% CPU
Optimizing NNI: done in 1.94258 secs using 390.3% CPU
Optimizing NNI: done in 2.18296 secs using 390.5% CPU
Optimizing NNI: done in 1.86374 secs using 383.1% CPU
Iteration 190 / LogL: -6969.692 / Time: 0h:6m:19s (0h:0m:8s left)
Optimizing NNI: done in 1.2989 secs using 389.8% CPU
Optimizing NNI: done in 1.6017 secs using 391.2% CPU
Optimizing NNI: done in 1.49235 secs using 381.1% CPU
Optimizing NNI: done in 1.5763 secs using 391.4% CPU
Optimizing NNI: done in 1.62519 secs using 390.6% CPU
TREE SEARCH COMPLETED AFTER 195 ITERATIONS / Time: 0h:6m:27s

--------------------------------------------------------------------
|                    FINALIZING TREE SEARCH                        |
--------------------------------------------------------------------
Performs final model parameters optimization
Estimate model parameters (epsilon = 0.010)
1. Initial log-likelihood: -6960.202
Optimal log-likelihood: -6960.195
Rate parameters:  A-C: 0.63145  A-G: 1.79237  A-T: 0.32326  C-G: 0.06647  C-T: 2.12679  G-T: 1.00000
Base frequencies:  A: 0.386  C: 0.181  G: 0.232  T: 0.200
Site proportion and rates:  (0.047,0.296) (0.178,0.567) (0.250,0.579) (0.200,0.721) (0.300,1.635) (0.025,4.225)
Parameters optimization took 1 rounds (0.839 sec)
BEST SCORE FOUND : -6960.195
Total tree length: 4.422

Total number of iterations: 195
CPU time used for tree search: 1387.287 sec (0h:23m:7s)
Wall-clock time used for tree search: 379.186 sec (0h:6m:19s)
Total CPU time used: 1416.016 sec (0h:23m:36s)
Total wall-clock time used: 388.147 sec (0h:6m:28s)

Analysis results written to: 
  IQ-TREE report:                IQTREE_bestTree.InWindow_4540_to_4790.iqtree
  Maximum-likelihood tree:       IQTREE_bestTree.InWindow_4540_to_4790.treefile
  Likelihood distances:          IQTREE_bestTree.InWindow_4540_to_4790.mldist
  Screen log file:               IQTREE_bestTree.InWindow_4540_to_4790.log

Date and Time: Sun Jul 23 04:22:27 2023
