IQ-TREE multicore version 2.2.2.7 COVID-edition for Linux 64-bit built Jun  7 2023
Developed by Bui Quang Minh, James Barbetti, Nguyen Lam Tung,
Olga Chernomor, Heiko Schmidt, Dominik Schrempf, Michael Woodhams, Ly Trong Nhan.

Host:    hpc-node03 (AVX2, FMA3, 1007 GB RAM)
Command: iqtree -s AlignedReadsInWindow_PositionsExcised_4630_to_4880.fasta -pre IQTREE_bestTree.InWindow_4630_to_4880 -m GTR+F+R6 -nt 2
Seed:    91492 (Using SPRNG - Scalable Parallel Random Number Generator)
Time:    Tue Jul 25 12:08:04 2023
Kernel:  AVX+FMA - 2 threads (2 CPU cores detected)

Reading alignment file AlignedReadsInWindow_PositionsExcised_4630_to_4880.fasta ... Fasta format detected
Reading fasta file: done in 0.00283735 secs using 69.15% CPU
Alignment most likely contains DNA/RNA sequences
Constructing alignment: done in 0.00151429 secs using 59.96% CPU
Alignment has 418 sequences with 265 columns, 200 distinct patterns
103 parsimony-informative, 76 singleton sites, 86 constant sites
                                                            Gap/Ambiguity  Composition  p-value
Analyzing sequences: done in 0.000176191 secs using 1171% CPU
   1  200724_20-08518_HIV10-02405_FL24_S14_L000_read_1_count_88    14.34%    passed     98.70%
   2  200724_20-08518_HIV10-02405_FL24_S14_L000_read_2_count_30    14.34%    passed     97.67%
   3  200724_20-08518_HIV10-02405_FL24_S14_L000_read_3_count_21    14.34%    passed     96.56%
   4  200724_20-08518_HIV10-02405_FL24_S14_L000_read_4_count_7     14.34%    passed     96.56%
   5  200724_20-08518_HIV10-02405_FL24_S14_L000_read_5_count_6     14.34%    passed     97.67%
   6  200724_20-08518_HIV10-02405_FL24_S14_L000_read_6_count_6     14.34%    passed     88.12%
   7  200724_20-08518_HIV10-02405_FL24_S14_L000_read_7_count_3     14.34%    passed     95.27%
   8  200724_20-08518_HIV10-02405_FL24_S14_L000_read_8_count_3     14.34%    passed     96.56%
   9  200724_20-08518_HIV10-02405_FL24_S14_L000_read_9_count_3     14.34%    passed     96.56%
  10  200724_20-08518_HIV10-02405_FL24_S14_L000_read_10_count_3    14.34%    passed     92.72%
  11  200724_20-08518_HIV10-02405_FL24_S14_L000_read_11_count_3    14.34%    passed     99.57%
  12  200724_20-08518_HIV10-02405_FL24_S14_L000_read_12_count_2    14.34%    passed     94.40%
  13  200724_20-08518_HIV10-02405_FL24_S14_L000_read_13_count_2    14.34%    passed     95.27%
  14  200724_20-08518_HIV10-02405_FL24_S14_L000_read_14_count_2    14.34%    passed     94.40%
  15  200724_20-08518_HIV10-02405_FL24_S14_L000_read_15_count_2    14.34%    passed     98.06%
  16  200724_20-08518_HIV10-02405_FL24_S14_L000_read_16_count_2    14.34%    passed     98.08%
  17  200724_20-08518_HIV10-02405_FL24_S14_L000_read_17_count_1    14.34%    passed     99.57%
  18  200724_20-08518_HIV10-02405_FL24_S14_L000_read_18_count_1    14.34%    passed     99.57%
  19  200724_20-08518_HIV10-02405_FL24_S14_L000_read_19_count_1    14.34%    passed     92.72%
  20  200724_20-08518_HIV10-02405_FL24_S14_L000_read_20_count_1    14.34%    passed     95.82%
  21  200724_20-08518_HIV10-02405_FL24_S14_L000_read_21_count_1    14.34%    passed     92.72%
  22  200724_20-08518_HIV10-02405_FL24_S14_L000_read_22_count_1    14.34%    passed     98.76%
  23  200724_20-08518_HIV10-02405_FL24_S14_L000_read_23_count_1    14.34%    passed     95.27%
  24  200724_20-08518_HIV10-02405_FL24_S14_L000_read_24_count_1    14.34%    passed     96.63%
  25  200724_20-08518_HIV10-02405_FL24_S14_L000_read_25_count_1    14.34%    passed     95.53%
  26  200724_20-08518_HIV10-02405_FL24_S14_L000_read_26_count_1    14.72%    passed     97.73%
  27  200724_20-08518_HIV10-02405_FL24_S14_L000_read_27_count_1    14.34%    passed     99.57%
  28  200724_20-08518_HIV10-02405_FL24_S14_L000_read_28_count_1    14.34%    passed     98.06%
  29  200724_20-08518_HIV10-02405_FL24_S14_L000_read_29_count_1    14.34%    passed     98.70%
  30  200724_20-08518_HIV10-02405_FL24_S14_L000_read_30_count_1    14.34%    passed     96.56%
  31  200724_20-08518_HIV10-02405_FL24_S14_L000_read_31_count_1    14.34%    passed     96.10%
  32  200724_20-08518_HIV10-02405_FL24_S14_L000_read_32_count_1    14.34%    passed     91.23%
  33  200724_20-08518_HIV10-02405_FL24_S14_L000_read_33_count_1    14.34%    passed     88.12%
  34  200724_20-08518_HIV10-02405_FL24_S14_L000_read_34_count_1    14.34%    passed     95.27%
  35  200724_20-08518_HIV10-02405_FL24_S14_L000_read_35_count_1    13.96%    passed     99.13%
  36  200724_20-08518_HIV10-02405_FL24_S14_L000_read_36_count_1    14.34%    passed     98.76%
  37  200724_20-08518_HIV10-02405_FL24_S14_L000_read_37_count_1    14.34%    passed     98.56%
  38  200724_20-08518_HIV10-02405_FL24_S14_L000_read_38_count_1    14.34%    passed     98.70%
  39  200724_20-08518_HIV10-02405_FL24_S14_L000_read_39_count_1    14.34%    passed     98.08%
  40  200724_20-08518_HIV10-02405_FL24_S14_L000_read_40_count_1    14.34%    passed     97.67%
  41  200724_20-08518_HIV10-02405_FL24_S14_L000_read_41_count_1    14.34%    passed     91.02%
  42  200724_20-08518_HIV10-02405_FL24_S14_L000_read_42_count_1    14.34%    passed     95.82%
  43  200724_20-08518_HIV10-02405_FL24_S14_L000_read_43_count_1    14.72%    passed     97.73%
  44  200724_20-08518_HIV10-02405_FL24_S14_L000_read_44_count_1    14.34%    passed     98.76%
  45  200724_20-08518_HIV10-02405_FL24_S14_L000_read_45_count_1    14.34%    passed     96.10%
  46  200724_20-08518_HIV10-02405_FL24_S14_L000_read_46_count_1    14.72%    passed     89.47%
  47  200724_20-08518_HIV10-02405_FL24_S14_L000_read_47_count_1    13.96%    passed     88.94%
  48  200724_20-08518_HIV10-02405_FL24_S14_L000_read_48_count_1    14.34%    passed     95.27%
  49  200724_20-08518_HIV10-02405_FL24_S14_L000_read_49_count_1    14.34%    passed     91.58%
  50  200724_20-08518_HIV10-02405_FL24_S14_L000_read_50_count_1    14.34%    passed     95.38%
  51  200724_20-08518_HIV10-02405_FL24_S14_L000_read_51_count_1    14.34%    passed     95.83%
  52  200724_20-08518_HIV10-02405_FL24_S14_L000_read_52_count_1    14.34%    passed     98.76%
  53  200724_20-08518_HIV10-02405_FL24_S14_L000_read_53_count_1    14.34%    passed     98.76%
  54  200724_20-08518_HIV10-02405_FL24_S14_L000_read_54_count_1    14.34%    passed     89.80%
  55  200724_20-08518_HIV10-02405_FL24_S14_L000_read_55_count_1    14.34%    passed     96.63%
  56  200724_20-08518_HIV10-02405_FL24_S14_L000_read_56_count_1    14.34%    passed     92.72%
  57  200724_20-08518_HIV10-02405_FL24_S14_L000_read_57_count_1    14.34%    passed     84.99%
  58  200724_20-08518_HIV10-02405_FL24_S14_L000_read_58_count_1    14.34%    passed     94.97%
  59  200724_20-08518_HIV10-02405_FL24_S14_L000_read_59_count_1    14.34%    passed     96.51%
  60  200724_20-08518_HIV10-02405_FL24_S14_L000_read_60_count_1    14.34%    passed     95.27%
  61  200724_20-08518_HIV10-02405_FL24_S14_L000_read_61_count_1    14.72%    passed     99.82%
  62  200724_20-08518_HIV10-02405_FL24_S14_L000_read_62_count_1    14.34%    passed     94.40%
  63  200724_20-08518_HIV10-02405_FL24_S14_L000_read_63_count_1    14.34%    passed     98.08%
  64  200724_20-08518_HIV10-02405_FL24_S14_L000_read_64_count_1    14.34%    passed     99.57%
  65  200724_20-08518_HIV10-02405_FL24_S14_L000_read_65_count_1    14.34%    passed     97.67%
  66  200724_20-08518_HIV10-02405_FL24_S14_L000_read_66_count_1    14.34%    passed     96.56%
  67  200724_20-08518_HIV10-02405_FL24_S14_L000_read_67_count_1    14.34%    passed     98.76%
  68  200724_20-08518_HIV10-02405_FL24_S14_L000_read_68_count_1    14.34%    passed     92.72%
  69  200724_20-08518_HIV10-02405_FL24_S14_L000_read_69_count_1    14.34%    passed     80.37%
  70  200724_20-08518_HIV10-02405_FL24_S14_L000_read_70_count_1    14.34%    passed     84.99%
  71  200724_20-08518_HIV10-02405_FL24_S14_L000_read_71_count_1    14.34%    passed     99.30%
  72  200724_20-08518_HIV10-02405_FL24_S14_L000_read_72_count_1    14.34%    passed     98.70%
  73  200724_20-08518_HIV10-02405_FL24_S14_L000_read_73_count_1    14.34%    passed     96.63%
  74  200724_20-08518_HIV10-02405_FL24_S14_L000_read_74_count_1    14.34%    passed     98.06%
  75  200724_20-08518_HIV10-02405_FL24_S14_L000_read_75_count_1    14.34%    passed     95.27%
  76  200724_20-08518_HIV10-02405_FL24_S14_L000_read_76_count_1    14.34%    passed     94.40%
  77  200724_20-08518_HIV10-02405_FL24_S14_L000_read_77_count_1    14.34%    passed     98.08%
  78  200724_20-08518_HIV10-02405_FL24_S14_L000_read_78_count_1    14.34%    passed     96.56%
  79  200724_20-08518_HIV10-02405_FL24_S14_L000_read_79_count_1    14.34%    passed     93.51%
  80  200709_20-07994_HIV07-01067_FL21_S1_L000_read_1_count_363    14.34%    passed     99.84%
  81  200709_20-07994_HIV07-01067_FL21_S1_L000_read_2_count_66     14.34%    passed     98.98%
  82  200709_20-07994_HIV07-01067_FL21_S1_L000_read_3_count_5      14.34%    passed     99.56%
  83  200709_20-07994_HIV07-01067_FL21_S1_L000_read_4_count_3      14.34%    passed     99.98%
  84  200709_20-07994_HIV07-01067_FL21_S1_L000_read_5_count_3      14.34%    passed     99.56%
  85  200709_20-07994_HIV07-01067_FL21_S1_L000_read_6_count_2      14.34%    passed     99.98%
  86  200709_20-07994_HIV07-01067_FL21_S1_L000_read_7_count_2      14.34%    passed     99.98%
  87  200709_20-07994_HIV07-01067_FL21_S1_L000_read_8_count_2      14.34%    passed     99.56%
  88  200709_20-07994_HIV07-01067_FL21_S1_L000_read_9_count_2      14.34%    passed     99.75%
  89  200709_20-07994_HIV07-01067_FL21_S1_L000_read_10_count_2     14.34%    passed     99.56%
  90  200709_20-07994_HIV07-01067_FL21_S1_L000_read_11_count_2     14.34%    passed     99.56%
  91  200709_20-07994_HIV07-01067_FL21_S1_L000_read_12_count_2     14.34%    passed     98.98%
  92  200709_20-07994_HIV07-01067_FL21_S1_L000_read_13_count_2     14.34%    passed     99.98%
  93  200709_20-07994_HIV07-01067_FL21_S1_L000_read_14_count_1     14.34%    passed     98.30%
  94  200709_20-07994_HIV07-01067_FL21_S1_L000_read_15_count_1     14.72%    passed     99.77%
  95  200709_20-07994_HIV07-01067_FL21_S1_L000_read_16_count_1     14.34%    passed     99.62%
  96  200709_20-07994_HIV07-01067_FL21_S1_L000_read_17_count_1     14.34%    passed     99.75%
  97  200709_20-07994_HIV07-01067_FL21_S1_L000_read_18_count_1     14.34%    passed     98.39%
  98  200709_20-07994_HIV07-01067_FL21_S1_L000_read_19_count_1     14.34%    passed     98.55%
  99  200709_20-07994_HIV07-01067_FL21_S1_L000_read_20_count_1     14.34%    passed     99.75%
 100  200709_20-07994_HIV07-01067_FL21_S1_L000_read_21_count_1     14.34%    passed     98.34%
 101  200709_20-07994_HIV07-01067_FL21_S1_L000_read_22_count_1     14.34%    passed     99.84%
 102  200709_20-07994_HIV07-01067_FL21_S1_L000_read_23_count_1     14.34%    passed     99.16%
 103  200709_20-07994_HIV07-01067_FL21_S1_L000_read_24_count_1     14.34%    passed     99.56%
 104  200709_20-07994_HIV07-01067_FL21_S1_L000_read_25_count_1     14.34%    passed     99.83%
 105  200709_20-07994_HIV07-01067_FL21_S1_L000_read_26_count_1     14.34%    passed     99.53%
 106  200709_20-07994_HIV07-01067_FL21_S1_L000_read_27_count_1     14.34%    passed     99.62%
 107  200709_20-07994_HIV07-01067_FL21_S1_L000_read_28_count_1     14.34%    passed     99.98%
 108  200709_20-07994_HIV07-01067_FL21_S1_L000_read_29_count_1     14.34%    passed     99.84%
 109  200709_20-07994_HIV07-01067_FL21_S1_L000_read_30_count_1     14.34%    passed     99.98%
 110  200709_20-07994_HIV07-01067_FL21_S1_L000_read_31_count_1     14.34%    passed     99.62%
 111  200709_20-07994_HIV07-01067_FL21_S1_L000_read_32_count_1     14.34%    passed     98.98%
 112  200709_20-07994_HIV07-01067_FL21_S1_L000_read_33_count_1     14.34%    passed     98.30%
 113  200709_20-07994_HIV07-01067_FL21_S1_L000_read_34_count_1     14.72%    passed     99.77%
 114  200709_20-07994_HIV07-01067_FL21_S1_L000_read_35_count_1     14.34%    passed     99.83%
 115  200709_20-07994_HIV07-01067_FL21_S1_L000_read_36_count_1     14.34%    passed     99.75%
 116  200709_20-07994_HIV07-01067_FL21_S1_L000_read_37_count_1     13.96%    passed     97.79%
 117  200709_20-07994_HIV07-01067_FL21_S1_L000_read_38_count_1     14.34%    passed     99.29%
 118  200709_20-07994_HIV07-01067_FL21_S1_L000_read_39_count_1     14.34%    passed     99.75%
 119  200709_20-07994_HIV07-01067_FL21_S1_L000_read_40_count_1     14.34%    passed     98.78%
 120  200709_20-07994_HIV07-01067_FL21_S1_L000_read_41_count_1     14.34%    passed     99.75%
 121  200709_20-07994_HIV07-01067_FL21_S1_L000_read_42_count_1     14.34%    passed     99.95%
 122  200709_20-07994_HIV07-01067_FL21_S1_L000_read_43_count_1     14.34%    passed     99.98%
 123  200709_20-07994_HIV07-01067_FL21_S1_L000_read_44_count_1     14.34%    passed     95.79%
 124  200709_20-07994_HIV07-01067_FL21_S1_L000_read_45_count_1     14.34%    passed     99.91%
 125  200709_20-07994_HIV07-01067_FL21_S1_L000_read_46_count_1     14.34%    passed     99.56%
 126  200709_20-07994_HIV07-01067_FL21_S1_L000_read_47_count_1     14.34%    passed     99.62%
 127  200709_20-07994_HIV07-01067_FL21_S1_L000_read_48_count_1     14.34%    passed     98.39%
 128  200709_20-07994_HIV07-01067_FL21_S1_L000_read_49_count_1     14.72%    passed     99.77%
 129  200709_20-07994_HIV07-01067_FL21_S1_L000_read_50_count_1     14.34%    passed     99.98%
 130  200709_20-07994_HIV07-01067_FL21_S1_L000_read_51_count_1     14.34%    passed     95.79%
 131  200709_20-07994_HIV07-01067_FL21_S1_L000_read_52_count_1     14.34%    passed     99.56%
 132  200709_20-07994_HIV07-01067_FL21_S1_L000_read_53_count_1     14.34%    passed     99.91%
 133  200709_20-07994_HIV07-01067_FL21_S1_L000_read_54_count_1     14.34%    passed     98.59%
 134  200709_20-07994_HIV07-01067_FL21_S1_L000_read_55_count_1     14.34%    passed     99.62%
 135  200709_20-07994_HIV07-01067_FL21_S1_L000_read_56_count_1     14.72%    passed     99.65%
 136  200709_20-07994_HIV07-01067_FL21_S1_L000_read_57_count_1     14.34%    passed     99.98%
 137  200709_20-07994_HIV07-01067_FL21_S1_L000_read_58_count_1     14.34%    passed     96.09%
 138  200709_20-07994_HIV07-01067_FL21_S1_L000_read_59_count_1     14.34%    passed     98.30%
 139  200709_20-07994_HIV07-01067_FL21_S1_L000_read_60_count_1     14.34%    passed     99.62%
 140  200709_20-07994_HIV07-01067_FL21_S1_L000_read_61_count_1      3.02%    passed     99.43%
 141  200709_20-07994_HIV07-01067_FL21_S1_L000_read_62_count_1     14.34%    passed     99.83%
 142  200709_20-07994_HIV07-01067_FL21_S1_L000_read_63_count_1     14.34%    passed     99.29%
 143  200709_20-07994_HIV07-01067_FL21_S1_L000_read_64_count_1     14.34%    passed     98.98%
 144  200709_20-07994_HIV07-01067_FL21_S1_L000_read_65_count_1     14.34%    passed     99.75%
 145  200709_20-07994_HIV07-01067_FL21_S1_L000_read_66_count_1     14.34%    passed     99.56%
 146  200709_20-07994_HIV07-01067_FL21_S1_L000_read_67_count_1     14.34%    passed     99.95%
 147  200709_20-07994_HIV07-01067_FL21_S1_L000_read_68_count_1     14.34%    passed     99.56%
 148  200709_20-07994_HIV07-01067_FL21_S1_L000_read_69_count_1     14.34%    passed     99.56%
 149  200709_20-07994_HIV07-01067_FL21_S1_L000_read_70_count_1     14.34%    passed     99.32%
 150  200709_20-07994_HIV07-01067_FL21_S1_L000_read_71_count_1     14.34%    passed     98.39%
 151  200709_20-07994_HIV07-01067_FL21_S1_L000_read_72_count_1     14.34%    passed     99.95%
 152  200709_20-07994_HIV07-01067_FL21_S1_L000_read_73_count_1     14.34%    passed     98.16%
 153  200709_20-07994_HIV07-01067_FL21_S1_L000_read_74_count_1     14.34%    passed     98.98%
 154  200709_20-07994_HIV07-01067_FL21_S1_L000_read_75_count_1     14.34%    passed     99.13%
 155  200709_20-07994_HIV07-01067_FL21_S1_L000_read_76_count_1     14.34%    passed     99.62%
 156  200709_20-07994_HIV07-01067_FL21_S1_L000_read_77_count_1     14.34%    passed     98.59%
 157  200709_20-07994_HIV07-01067_FL21_S1_L000_read_78_count_1     14.34%    passed     99.62%
 158  200709_20-07994_HIV07-01067_FL21_S1_L000_read_79_count_1     14.34%    passed     98.34%
 159  200709_20-07994_HIV07-01067_FL21_S1_L000_read_80_count_1     14.34%    passed     99.16%
 160  200709_20-07994_HIV07-01067_FL21_S1_L000_read_81_count_1     14.34%    passed     99.53%
 161  200709_20-07994_HIV07-01067_FL21_S1_L000_read_82_count_1     14.34%    passed     99.62%
 162  200709_20-07994_HIV07-01067_FL21_S1_L000_read_83_count_1     14.34%    passed     98.34%
 163  200709_20-07994_HIV07-01067_FL21_S1_L000_read_84_count_1     14.34%    passed     99.62%
 164  200709_20-07994_HIV07-01067_FL21_S1_L000_read_85_count_1     14.34%    passed     99.56%
 165  200709_20-07994_HIV07-01067_FL21_S1_L000_read_86_count_1     14.34%    passed     98.81%
 166  200709_20-07994_HIV07-01067_FL21_S1_L000_read_87_count_1     14.34%    passed     99.62%
 167  200709_20-07994_HIV07-01067_FL21_S1_L000_read_88_count_1     14.34%    passed     99.56%
 168  200709_20-07994_HIV07-01067_FL21_S1_L000_read_89_count_1     14.34%    passed     99.56%
 169  200709_20-07994_HIV07-01067_FL21_S1_L000_read_90_count_1     14.34%    passed     99.84%
 170  200709_20-07994_HIV07-01067_FL21_S1_L000_read_91_count_1     14.34%    passed     99.95%
 171  200709_20-07994_HIV07-01067_FL21_S1_L000_read_92_count_1     14.34%    passed     99.16%
 172  200709_20-07994_HIV07-01067_FL21_S1_L000_read_93_count_1     14.34%    passed     98.98%
 173  200709_20-07994_HIV07-01067_FL21_S1_L000_read_94_count_1     14.72%    passed     98.57%
 174  200709_20-07994_HIV07-01067_FL21_S1_L000_read_95_count_1     14.34%    passed     96.09%
 175  200709_20-07994_HIV07-01067_FL21_S1_L000_read_96_count_1     14.34%    passed     98.34%
 176  200709_20-07994_HIV07-01067_FL21_S1_L000_read_97_count_1     14.34%    passed     99.56%
 177  200709_20-07994_HIV07-01067_FL21_S1_L000_read_98_count_1     14.34%    passed     98.30%
 178  200709_20-07994_HIV07-01067_FL21_S1_L000_read_99_count_1     14.72%    passed     99.94%
 179  200709_20-07994_HIV07-01067_FL21_S1_L000_read_100_count_1    14.34%    passed     99.62%
 180  200703_20-07825_HIV09-00618_FL18_S6_L000_read_1_count_308    14.34%    passed     96.63%
 181  200703_20-07825_HIV09-00618_FL18_S6_L000_read_2_count_3      14.34%    passed     95.06%
 182  200703_20-07825_HIV09-00618_FL18_S6_L000_read_3_count_2      14.34%    passed     98.93%
 183  200703_20-07825_HIV09-00618_FL18_S6_L000_read_4_count_2      14.34%    passed     98.93%
 184  200703_20-07825_HIV09-00618_FL18_S6_L000_read_5_count_2      14.34%    passed     98.93%
 185  200703_20-07825_HIV09-00618_FL18_S6_L000_read_6_count_2      13.58%    passed     95.09%
 186  200703_20-07825_HIV09-00618_FL18_S6_L000_read_7_count_2      14.34%    passed     98.93%
 187  200703_20-07825_HIV09-00618_FL18_S6_L000_read_8_count_2      14.34%    passed     95.06%
 188  200703_20-07825_HIV09-00618_FL18_S6_L000_read_9_count_1      14.34%    passed     95.06%
 189  200703_20-07825_HIV09-00618_FL18_S6_L000_read_10_count_1     14.34%    passed     97.02%
 190  200703_20-07825_HIV09-00618_FL18_S6_L000_read_11_count_1     14.34%    passed     94.80%
 191  200703_20-07825_HIV09-00618_FL18_S6_L000_read_12_count_1     14.34%    passed     95.06%
 192  200703_20-07825_HIV09-00618_FL18_S6_L000_read_13_count_1     14.34%    passed     92.53%
 193  200703_20-07825_HIV09-00618_FL18_S6_L000_read_14_count_1     14.34%    passed     92.53%
 194  200703_20-07825_HIV09-00618_FL18_S6_L000_read_15_count_1     14.34%    passed     98.93%
 195  200703_20-07825_HIV09-00618_FL18_S6_L000_read_16_count_1     14.34%    passed     98.93%
 196  200703_20-07825_HIV09-00618_FL18_S6_L000_read_17_count_1     14.34%    passed     99.83%
 197  200703_20-07825_HIV09-00618_FL18_S6_L000_read_18_count_1     14.34%    passed     97.16%
 198  200703_20-07825_HIV09-00618_FL18_S6_L000_read_19_count_1     14.34%    passed     94.04%
 199  200703_20-07825_HIV09-00618_FL18_S6_L000_read_20_count_1     14.34%    passed     92.53%
 200  200703_20-07825_HIV09-00618_FL18_S6_L000_read_21_count_1     14.34%    passed     92.53%
 201  200703_20-07825_HIV09-00618_FL18_S6_L000_read_22_count_1     14.34%    passed     92.53%
 202  200703_20-07825_HIV09-00618_FL18_S6_L000_read_23_count_1     14.34%    passed     92.53%
 203  200703_20-07825_HIV09-00618_FL18_S6_L000_read_24_count_1     14.34%    passed     94.06%
 204  200703_20-07825_HIV09-00618_FL18_S6_L000_read_25_count_1     14.34%    passed     97.81%
 205  200703_20-07825_HIV09-00618_FL18_S6_L000_read_26_count_1     14.34%    passed     92.53%
 206  200703_20-07825_HIV09-00618_FL18_S6_L000_read_27_count_1     14.34%    passed     92.53%
 207  200703_20-07825_HIV09-00618_FL18_S6_L000_read_28_count_1     14.34%    passed     91.00%
 208  200703_20-07825_HIV09-00618_FL18_S6_L000_read_29_count_1     14.34%    passed     96.18%
 209  200703_20-07825_HIV09-00618_FL18_S6_L000_read_30_count_1     14.34%    passed     92.53%
 210  200703_20-07825_HIV09-00618_FL18_S6_L000_read_31_count_1     14.34%    passed     97.53%
 211  200703_20-07825_HIV09-00618_FL18_S6_L000_read_32_count_1     14.34%    passed     94.06%
 212  200703_20-07825_HIV09-00618_FL18_S6_L000_read_33_count_1     13.96%    passed     94.21%
 213  200703_20-07825_HIV09-00618_FL18_S6_L000_read_34_count_1     14.34%    passed     92.53%
 214  200703_20-07825_HIV09-00618_FL18_S6_L000_read_35_count_1     14.34%    passed     95.06%
 215  200703_20-07825_HIV09-00618_FL18_S6_L000_read_36_count_1     14.34%    passed     92.53%
 216  200703_20-07825_HIV09-00618_FL18_S6_L000_read_37_count_1     14.34%    passed     93.59%
 217  200703_20-07825_HIV09-00618_FL18_S6_L000_read_38_count_1     14.34%    passed     95.06%
 218  200703_20-07825_HIV09-00618_FL18_S6_L000_read_39_count_1     14.34%    passed     92.53%
 219  200703_20-07825_HIV09-00618_FL18_S6_L000_read_40_count_1     14.34%    passed     95.06%
 220  200814_20-09728_HIV09-02843_FL30_S2_L000_read_1_count_153    14.34%    passed     99.62%
 221  200814_20-09728_HIV09-02843_FL30_S2_L000_read_2_count_25     14.34%    passed     99.83%
 222  200814_20-09728_HIV09-02843_FL30_S2_L000_read_3_count_20     14.34%    passed     98.59%
 223  200814_20-09728_HIV09-02843_FL30_S2_L000_read_4_count_18     14.34%    passed     99.84%
 224  200814_20-09728_HIV09-02843_FL30_S2_L000_read_5_count_13     14.34%    passed     98.59%
 225  200814_20-09728_HIV09-02843_FL30_S2_L000_read_6_count_13     14.34%    passed     98.59%
 226  200814_20-09728_HIV09-02843_FL30_S2_L000_read_7_count_12     14.34%    passed     99.62%
 227  200814_20-09728_HIV09-02843_FL30_S2_L000_read_8_count_10     14.34%    passed     99.84%
 228  200814_20-09728_HIV09-02843_FL30_S2_L000_read_9_count_10     14.34%    passed     98.59%
 229  200814_20-09728_HIV09-02843_FL30_S2_L000_read_10_count_8     14.34%    passed     99.84%
 230  200814_20-09728_HIV09-02843_FL30_S2_L000_read_11_count_7     14.34%    passed     99.84%
 231  200814_20-09728_HIV09-02843_FL30_S2_L000_read_12_count_7     14.34%    passed     99.84%
 232  200814_20-09728_HIV09-02843_FL30_S2_L000_read_13_count_5     14.34%    passed     99.84%
 233  200814_20-09728_HIV09-02843_FL30_S2_L000_read_14_count_5     14.34%    passed     98.59%
 234  200814_20-09728_HIV09-02843_FL30_S2_L000_read_15_count_4     14.34%    passed     99.83%
 235  200814_20-09728_HIV09-02843_FL30_S2_L000_read_16_count_4     14.34%    passed     99.84%
 236  200814_20-09728_HIV09-02843_FL30_S2_L000_read_17_count_3     14.34%    passed     99.62%
 237  200814_20-09728_HIV09-02843_FL30_S2_L000_read_18_count_3     14.34%    passed     99.84%
 238  200814_20-09728_HIV09-02843_FL30_S2_L000_read_19_count_2     14.34%    passed     98.93%
 239  200814_20-09728_HIV09-02843_FL30_S2_L000_read_20_count_2     14.34%    passed     96.18%
 240  200814_20-09728_HIV09-02843_FL30_S2_L000_read_21_count_2     14.34%    passed     98.59%
 241  200814_20-09728_HIV09-02843_FL30_S2_L000_read_22_count_2     14.34%    passed     99.83%
 242  200814_20-09728_HIV09-02843_FL30_S2_L000_read_23_count_2     14.34%    passed     99.08%
 243  200814_20-09728_HIV09-02843_FL30_S2_L000_read_24_count_1     14.34%    passed     96.18%
 244  200814_20-09728_HIV09-02843_FL30_S2_L000_read_25_count_1     14.34%    passed     99.62%
 245  200814_20-09728_HIV09-02843_FL30_S2_L000_read_26_count_1     14.34%    passed     96.18%
 246  200814_20-09728_HIV09-02843_FL30_S2_L000_read_27_count_1     14.34%    passed     99.91%
 247  200814_20-09728_HIV09-02843_FL30_S2_L000_read_28_count_1     14.34%    passed     99.32%
 248  200814_20-09728_HIV09-02843_FL30_S2_L000_read_29_count_1     14.72%    passed     99.31%
 249  200814_20-09728_HIV09-02843_FL30_S2_L000_read_30_count_1     14.34%    passed     98.97%
 250  200814_20-09728_HIV09-02843_FL30_S2_L000_read_31_count_1     14.34%    passed     99.08%
 251  200814_20-09728_HIV09-02843_FL30_S2_L000_read_32_count_1     14.34%    passed     99.06%
 252  200814_20-09728_HIV09-02843_FL30_S2_L000_read_33_count_1     14.34%    passed     99.29%
 253  200814_20-09728_HIV09-02843_FL30_S2_L000_read_34_count_1     14.34%    passed     98.98%
 254  200814_20-09728_HIV09-02843_FL30_S2_L000_read_35_count_1     14.34%    passed     99.84%
 255  200814_20-09728_HIV09-02843_FL30_S2_L000_read_36_count_1     14.34%    passed     98.98%
 256  200814_20-09728_HIV09-02843_FL30_S2_L000_read_37_count_1     14.34%    passed     99.32%
 257  200814_20-09728_HIV09-02843_FL30_S2_L000_read_38_count_1     14.34%    passed     98.34%
 258  200814_20-09728_HIV09-02843_FL30_S2_L000_read_39_count_1     14.34%    passed     97.53%
 259  200814_20-09728_HIV09-02843_FL30_S2_L000_read_40_count_1     14.34%    passed     99.84%
 260  200814_20-09728_HIV09-02843_FL30_S2_L000_read_41_count_1     14.34%    passed     99.83%
 261  200814_20-09728_HIV09-02843_FL30_S2_L000_read_42_count_1     14.34%    passed     97.70%
 262  200814_20-09728_HIV09-02843_FL30_S2_L000_read_43_count_1     14.34%    passed     99.83%
 263  200814_20-09728_HIV09-02843_FL30_S2_L000_read_44_count_1     14.34%    passed     99.62%
 264  200814_20-09728_HIV09-02843_FL30_S2_L000_read_45_count_1     14.34%    passed     99.83%
 265  200814_20-09728_HIV09-02843_FL30_S2_L000_read_46_count_1     14.34%    passed     98.93%
 266  200814_20-09728_HIV09-02843_FL30_S2_L000_read_47_count_1     14.34%    passed     99.91%
 267  200814_20-09728_HIV09-02843_FL30_S2_L000_read_48_count_1     14.34%    passed     99.08%
 268  200814_20-09728_HIV09-02843_FL30_S2_L000_read_49_count_1     14.72%    passed     99.31%
 269  200814_20-09728_HIV09-02843_FL30_S2_L000_read_50_count_1     14.34%    passed     99.62%
 270  200814_20-09728_HIV09-02843_FL30_S2_L000_read_51_count_1     14.34%    passed     99.29%
 271  200814_20-09728_HIV09-02843_FL30_S2_L000_read_52_count_1     14.34%    passed     99.75%
 272  200814_20-09728_HIV09-02843_FL30_S2_L000_read_53_count_1     14.34%    passed     96.74%
 273  200814_20-09728_HIV09-02843_FL30_S2_L000_read_54_count_1     14.72%    passed     99.57%
 274  200814_20-09728_HIV09-02843_FL30_S2_L000_read_55_count_1     14.34%    passed     99.95%
 275  200814_20-09728_HIV09-02843_FL30_S2_L000_read_56_count_1     14.34%    passed     99.91%
 276  200814_20-09728_HIV09-02843_FL30_S2_L000_read_57_count_1     14.34%    passed     99.62%
 277  200814_20-09728_HIV09-02843_FL30_S2_L000_read_58_count_1     13.96%    passed     99.11%
 278  200814_20-09728_HIV09-02843_FL30_S2_L000_read_59_count_1     14.34%    passed     99.83%
 279  200814_20-09728_HIV09-02843_FL30_S2_L000_read_60_count_1     14.34%    passed     98.59%
 280  200814_20-09728_HIV09-02843_FL30_S2_L000_read_61_count_1     14.34%    passed     96.00%
 281  200814_20-09728_HIV09-02843_FL30_S2_L000_read_62_count_1     14.34%    passed     99.29%
 282  200814_20-09728_HIV09-02843_FL30_S2_L000_read_63_count_1     14.34%    passed     98.81%
 283  200814_20-09728_HIV09-02843_FL30_S2_L000_read_64_count_1     13.96%    passed     98.89%
 284  200814_20-09728_HIV09-02843_FL30_S2_L000_read_65_count_1     14.34%    passed     96.59%
 285  200814_20-09728_HIV09-02843_FL30_S2_L000_read_66_count_1     14.34%    passed     97.70%
 286  200814_20-09728_HIV09-02843_FL30_S2_L000_read_67_count_1     13.58%    passed     95.73%
 287  200814_20-09728_HIV09-02843_FL30_S2_L000_read_68_count_1     14.72%    passed     99.77%
 288  200814_20-09728_HIV09-02843_FL30_S2_L000_read_69_count_1     14.34%    passed     99.83%
 289  200814_20-09728_HIV09-02843_FL30_S2_L000_read_70_count_1     14.34%    passed     98.34%
 290  200814_20-09728_HIV09-02843_FL30_S2_L000_read_71_count_1     14.34%    passed     99.84%
 291  200814_20-09728_HIV09-02843_FL30_S2_L000_read_72_count_1     14.34%    passed     98.93%
 292  200814_20-09728_HIV09-02843_FL30_S2_L000_read_73_count_1     14.34%    passed     97.81%
 293  200814_20-09728_HIV09-02843_FL30_S2_L000_read_74_count_1     14.34%    passed     99.56%
 294  200814_20-09728_HIV09-02843_FL30_S2_L000_read_75_count_1     14.34%    passed     98.16%
 295  200814_20-09728_HIV09-02843_FL30_S2_L000_read_76_count_1     14.34%    passed     99.91%
 296  200724_20-08522_HIV11-02415_FL24_S18_L000_read_1_count_257   14.34%    passed     99.98%
 297  200724_20-08522_HIV11-02415_FL24_S18_L000_read_2_count_25    14.34%    passed     99.95%
 298  200724_20-08522_HIV11-02415_FL24_S18_L000_read_3_count_18    14.34%    passed     99.78%
 299  200724_20-08522_HIV11-02415_FL24_S18_L000_read_4_count_11    14.34%    passed     99.78%
 300  200724_20-08522_HIV11-02415_FL24_S18_L000_read_5_count_5     14.34%    passed     99.75%
 301  200724_20-08522_HIV11-02415_FL24_S18_L000_read_6_count_4     14.34%    passed     99.78%
 302  200724_20-08522_HIV11-02415_FL24_S18_L000_read_7_count_4     14.34%    passed     99.78%
 303  200724_20-08522_HIV11-02415_FL24_S18_L000_read_8_count_4     14.34%    passed     99.78%
 304  200724_20-08522_HIV11-02415_FL24_S18_L000_read_9_count_3     14.34%    passed     99.78%
 305  200724_20-08522_HIV11-02415_FL24_S18_L000_read_10_count_3    14.34%    passed     99.78%
 306  200724_20-08522_HIV11-02415_FL24_S18_L000_read_11_count_3    14.34%    passed     99.95%
 307  200724_20-08522_HIV11-02415_FL24_S18_L000_read_12_count_3    14.34%    passed     99.84%
 308  200724_20-08522_HIV11-02415_FL24_S18_L000_read_13_count_3    14.34%    passed     99.84%
 309  200724_20-08522_HIV11-02415_FL24_S18_L000_read_14_count_3    14.34%    passed     99.78%
 310  200724_20-08522_HIV11-02415_FL24_S18_L000_read_15_count_2    23.77%    passed     81.53%
 311  200724_20-08522_HIV11-02415_FL24_S18_L000_read_16_count_2    14.34%    passed     99.06%
 312  200724_20-08522_HIV11-02415_FL24_S18_L000_read_17_count_2    14.34%    passed     98.75%
 313  200724_20-08522_HIV11-02415_FL24_S18_L000_read_18_count_2    14.34%    passed     98.75%
 314  200724_20-08522_HIV11-02415_FL24_S18_L000_read_19_count_2    14.34%    passed     99.40%
 315  200724_20-08522_HIV11-02415_FL24_S18_L000_read_20_count_2    14.34%    passed     99.83%
 316  200724_20-08522_HIV11-02415_FL24_S18_L000_read_21_count_2    14.34%    passed     99.75%
 317  200724_20-08522_HIV11-02415_FL24_S18_L000_read_22_count_2    14.34%    passed     99.91%
 318  200724_20-08522_HIV11-02415_FL24_S18_L000_read_23_count_2    14.34%    passed     99.63%
 319  200724_20-08522_HIV11-02415_FL24_S18_L000_read_24_count_2    14.34%    passed     99.63%
 320  200724_20-08522_HIV11-02415_FL24_S18_L000_read_25_count_2    14.34%    passed     99.84%
 321  200724_20-08522_HIV11-02415_FL24_S18_L000_read_26_count_2    14.34%    passed     99.83%
 322  200724_20-08522_HIV11-02415_FL24_S18_L000_read_27_count_1    14.34%    passed     99.83%
 323  200724_20-08522_HIV11-02415_FL24_S18_L000_read_28_count_1    14.34%    passed     98.83%
 324  200724_20-08522_HIV11-02415_FL24_S18_L000_read_29_count_1    14.34%    passed     99.83%
 325  200724_20-08522_HIV11-02415_FL24_S18_L000_read_30_count_1    14.34%    passed     99.95%
 326  200724_20-08522_HIV11-02415_FL24_S18_L000_read_31_count_1    14.34%    passed     99.95%
 327  200724_20-08522_HIV11-02415_FL24_S18_L000_read_32_count_1    14.34%    passed     96.59%
 328  200724_20-08522_HIV11-02415_FL24_S18_L000_read_33_count_1    14.34%    passed     99.75%
 329  200724_20-08522_HIV11-02415_FL24_S18_L000_read_34_count_1    14.34%    passed     99.81%
 330  200724_20-08522_HIV11-02415_FL24_S18_L000_read_35_count_1    14.34%    passed     98.75%
 331  200724_20-08522_HIV11-02415_FL24_S18_L000_read_36_count_1    14.34%    passed     98.69%
 332  200724_20-08522_HIV11-02415_FL24_S18_L000_read_37_count_1    14.34%    passed     98.88%
 333  200724_20-08522_HIV11-02415_FL24_S18_L000_read_38_count_1    14.34%    passed     98.26%
 334  200724_20-08522_HIV11-02415_FL24_S18_L000_read_39_count_1    14.34%    passed     91.92%
 335  200724_20-08522_HIV11-02415_FL24_S18_L000_read_40_count_1    13.96%    passed     99.98%
 336  200724_20-08522_HIV11-02415_FL24_S18_L000_read_41_count_1    14.34%    passed     99.63%
 337  200724_20-08522_HIV11-02415_FL24_S18_L000_read_42_count_1    14.34%    passed     99.78%
 338  200724_20-08522_HIV11-02415_FL24_S18_L000_read_43_count_1    14.34%    passed     99.83%
 339  200724_20-08522_HIV11-02415_FL24_S18_L000_read_44_count_1    14.34%    passed     96.26%
 340  200724_20-08522_HIV11-02415_FL24_S18_L000_read_45_count_1    14.34%    passed     99.83%
 341  200724_20-08522_HIV11-02415_FL24_S18_L000_read_46_count_1    14.34%    passed     99.76%
 342  200724_20-08522_HIV11-02415_FL24_S18_L000_read_47_count_1    14.34%    passed     97.15%
 343  200724_20-08522_HIV11-02415_FL24_S18_L000_read_48_count_1    13.96%    passed     99.95%
 344  200724_20-08522_HIV11-02415_FL24_S18_L000_read_49_count_1    14.34%    passed     99.81%
 345  200724_20-08522_HIV11-02415_FL24_S18_L000_read_50_count_1    14.34%    passed     99.75%
 346  200724_20-08522_HIV11-02415_FL24_S18_L000_read_51_count_1    14.34%    passed     98.75%
 347  200724_20-08522_HIV11-02415_FL24_S18_L000_read_52_count_1    14.72%    passed     99.94%
 348  200724_20-08522_HIV11-02415_FL24_S18_L000_read_53_count_1    14.34%    passed     99.63%
 349  200724_20-08522_HIV11-02415_FL24_S18_L000_read_54_count_1    14.34%    passed     99.84%
 350  200724_20-08522_HIV11-02415_FL24_S18_L000_read_55_count_1    14.34%    passed     98.78%
 351  200724_20-08522_HIV11-02415_FL24_S18_L000_read_56_count_1    14.34%    passed     99.53%
 352  200724_20-08522_HIV11-02415_FL24_S18_L000_read_57_count_1    14.34%    passed     99.98%
 353  200724_20-08522_HIV11-02415_FL24_S18_L000_read_58_count_1    14.34%    passed     99.95%
 354  200724_20-08522_HIV11-02415_FL24_S18_L000_read_59_count_1    14.34%    passed     99.29%
 355  200724_20-08522_HIV11-02415_FL24_S18_L000_read_60_count_1    14.34%    passed     99.84%
 356  200724_20-08522_HIV11-02415_FL24_S18_L000_read_61_count_1    14.34%    passed     99.53%
 357  200724_20-08522_HIV11-02415_FL24_S18_L000_read_62_count_1    14.34%    passed     99.81%
 358  200724_20-08522_HIV11-02415_FL24_S18_L000_read_63_count_1    16.98%    passed     99.01%
 359  200724_20-08522_HIV11-02415_FL24_S18_L000_read_64_count_1    14.34%    passed     99.29%
 360  200724_20-08522_HIV11-02415_FL24_S18_L000_read_65_count_1    14.34%    passed     99.40%
 361  200724_20-08522_HIV11-02415_FL24_S18_L000_read_66_count_1    14.72%    passed     99.94%
 362  200724_20-08522_HIV11-02415_FL24_S18_L000_read_67_count_1    14.34%    passed     99.81%
 363  200724_20-08522_HIV11-02415_FL24_S18_L000_read_68_count_1    14.34%    passed     99.83%
 364  200724_20-08522_HIV11-02415_FL24_S18_L000_read_69_count_1    14.34%    passed     99.84%
 365  200724_20-08522_HIV11-02415_FL24_S18_L000_read_70_count_1    14.34%    passed     99.40%
 366  200724_20-08522_HIV11-02415_FL24_S18_L000_read_71_count_1    14.34%    passed     99.30%
 367  200724_20-08522_HIV11-02415_FL24_S18_L000_read_72_count_1    14.72%    passed     99.12%
 368  200724_20-08522_HIV11-02415_FL24_S18_L000_read_73_count_1    14.34%    passed     98.27%
 369  200724_20-08522_HIV11-02415_FL24_S18_L000_read_74_count_1    14.34%    passed     99.78%
 370  200724_20-08522_HIV11-02415_FL24_S18_L000_read_75_count_1    14.34%    passed     99.95%
 371  200724_20-08522_HIV11-02415_FL24_S18_L000_read_76_count_1    14.34%    passed     98.75%
 372  200724_20-08522_HIV11-02415_FL24_S18_L000_read_77_count_1    14.34%    passed     96.69%
 373  200724_20-08522_HIV11-02415_FL24_S18_L000_read_78_count_1    14.34%    passed     99.06%
 374  200724_20-08522_HIV11-02415_FL24_S18_L000_read_79_count_1    14.34%    passed     99.78%
 375  200724_20-08522_HIV11-02415_FL24_S18_L000_read_80_count_1    14.34%    passed     99.57%
 376  200724_20-08522_HIV11-02415_FL24_S18_L000_read_81_count_1    14.34%    passed     98.75%
 377  200724_20-08522_HIV11-02415_FL24_S18_L000_read_82_count_1    14.34%    passed     99.98%
 378  200724_20-08522_HIV11-02415_FL24_S18_L000_read_83_count_1    14.34%    passed     99.84%
 379  200724_20-08522_HIV11-02415_FL24_S18_L000_read_84_count_1    27.17%    passed     89.81%
 380  200724_20-08522_HIV11-02415_FL24_S18_L000_read_85_count_1    14.34%    passed     99.24%
 381  200724_20-08522_HIV11-02415_FL24_S18_L000_read_86_count_1    14.34%    passed     99.83%
 382  200724_20-08522_HIV11-02415_FL24_S18_L000_read_87_count_1    16.98%    passed     93.21%
 383  200724_20-08522_HIV11-02415_FL24_S18_L000_read_88_count_1    14.34%    passed     99.91%
 384  200724_20-08522_HIV11-02415_FL24_S18_L000_read_89_count_1    14.34%    passed     99.83%
 385  200724_20-08522_HIV11-02415_FL24_S18_L000_read_90_count_1    14.34%    passed     99.78%
 386  200724_20-08522_HIV11-02415_FL24_S18_L000_read_91_count_1    14.34%    passed     99.98%
 387  200724_20-08522_HIV11-02415_FL24_S18_L000_read_92_count_1    14.34%    passed     99.81%
 388  200724_20-08522_HIV11-02415_FL24_S18_L000_read_93_count_1    14.34%    passed     99.98%
 389  200724_20-08522_HIV11-02415_FL24_S18_L000_read_94_count_1    14.34%    passed     99.76%
 390  200724_20-08522_HIV11-02415_FL24_S18_L000_read_95_count_1    14.34%    passed     99.76%
 391  200724_20-08522_HIV11-02415_FL24_S18_L000_read_96_count_1    14.34%    passed     94.54%
 392  200724_20-08522_HIV11-02415_FL24_S18_L000_read_97_count_1    14.34%    passed     99.63%
 393  200724_20-08522_HIV11-02415_FL24_S18_L000_read_98_count_1    14.34%    passed     99.40%
 394  200724_20-08522_HIV11-02415_FL24_S18_L000_read_99_count_1    14.34%    passed     99.40%
 395  200724_20-08522_HIV11-02415_FL24_S18_L000_read_100_count_1   14.34%    passed     99.84%
 396  200724_20-08522_HIV11-02415_FL24_S18_L000_read_101_count_1   14.34%    passed     99.78%
 397  200724_20-08522_HIV11-02415_FL24_S18_L000_read_102_count_1   14.34%    passed     97.71%
 398  200724_20-08522_HIV11-02415_FL24_S18_L000_read_103_count_1   14.34%    passed     99.98%
 399  200724_20-08522_HIV11-02415_FL24_S18_L000_read_104_count_1   14.34%    passed     99.75%
 400  200724_20-08522_HIV11-02415_FL24_S18_L000_read_105_count_1   14.34%    passed     99.53%
 401  200724_20-08522_HIV11-02415_FL24_S18_L000_read_106_count_1   14.34%    passed     99.81%
 402  200724_20-08522_HIV11-02415_FL24_S18_L000_read_107_count_1   14.34%    passed     99.95%
 403  200724_20-08522_HIV11-02415_FL24_S18_L000_read_108_count_1   14.34%    passed     99.75%
 404  200724_20-08522_HIV11-02415_FL24_S18_L000_read_109_count_1   14.34%    passed     99.56%
 405  200724_20-08522_HIV11-02415_FL24_S18_L000_read_110_count_1   14.34%    passed     99.81%
 406  200724_20-08522_HIV11-02415_FL24_S18_L000_read_111_count_1   14.34%    passed     99.76%
 407  200724_20-08522_HIV11-02415_FL24_S18_L000_read_112_count_1   14.34%    passed     99.98%
 408  200724_20-08522_HIV11-02415_FL24_S18_L000_read_113_count_1   14.34%    passed     99.56%
 409  200724_20-08522_HIV11-02415_FL24_S18_L000_read_114_count_1   13.96%    passed     99.98%
 410  200724_20-08522_HIV11-02415_FL24_S18_L000_read_115_count_1   14.34%    passed     99.78%
 411  200724_20-08522_HIV11-02415_FL24_S18_L000_read_116_count_1   14.34%    passed     99.53%
 412  200724_20-08522_HIV11-02415_FL24_S18_L000_read_117_count_1   14.34%    passed     99.63%
 413  200724_20-08522_HIV11-02415_FL24_S18_L000_read_118_count_1   14.34%    passed     99.84%
 414  200724_20-08522_HIV11-02415_FL24_S18_L000_read_119_count_1   14.34%    passed     99.76%
 415  200724_20-08522_HIV11-02415_FL24_S18_L000_read_120_count_1   14.34%    passed     99.83%
 416  200724_20-08522_HIV11-02415_FL24_S18_L000_read_121_count_1   14.34%    passed     99.91%
 417  B.FR.83.HXB2_LAI_IIIB_BRU.K03455                             14.34%    passed     99.98%
 418  C.BW.00.00BW07621.AF443088                                   14.34%    passed     84.50%
****  TOTAL                                                        14.38%  0 sequences failed composition chi2 test (p-value<5%; df=3)
Checking for duplicate sequences: done in 0.00086705 secs using 229.1% CPU

Create initial parsimony tree by phylogenetic likelihood library (PLL)... 0.030 seconds

NOTE: 16 MB RAM (0 GB) is required!
Estimate model parameters (epsilon = 0.100)
1. Initial log-likelihood: -3823.119
2. Current log-likelihood: -3706.282
3. Current log-likelihood: -3705.936
4. Current log-likelihood: -3705.757
5. Current log-likelihood: -3705.606
6. Current log-likelihood: -3705.484
Optimal log-likelihood: -3705.395
Rate parameters:  A-C: 0.81329  A-G: 1.92341  A-T: 0.42534  C-G: 0.21002  C-T: 2.54315  G-T: 1.00000
Base frequencies:  A: 0.446  C: 0.143  G: 0.221  T: 0.190
Site proportion and rates:  (0.126,0.361) (0.180,0.438) (0.201,0.545) (0.200,0.910) (0.219,1.516) (0.074,3.402)
Parameters optimization took 6 rounds (3.335 sec)
Wrote distance file to... 
Computing ML distances based on estimated model parameters...
Calculating distance matrix: done in 0.666929 secs using 200% CPU
Computing ML distances took 0.667492 sec (of wall-clock time) 1.334366 sec (of CPU time)
Setting up auxiliary I and S matrices: done in 0.0209193 secs using 173.5% CPU
Constructing RapidNJ tree: done in 0.125683 secs using 118.4% CPU
Computing RapidNJ tree took 0.146767 sec (of wall-clock time) 0.185173 sec (of CPU time)
Log-likelihood of RapidNJ tree: -3719.159
--------------------------------------------------------------------
|             INITIALIZING CANDIDATE TREE SET                      |
--------------------------------------------------------------------
Generating 98 parsimony trees... 3.521 second
Computing log-likelihood of 98 initial trees ... 3.456 seconds
Current best score: -3691.168

Do NNI search on 20 best initial trees
Optimizing NNI: done in 0.486676 secs using 196.2% CPU
Estimate model parameters (epsilon = 0.100)
BETTER TREE FOUND at iteration 1: -3689.281
Optimizing NNI: done in 0.578679 secs using 198.1% CPU
Estimate model parameters (epsilon = 0.100)
BETTER TREE FOUND at iteration 2: -3687.092
Optimizing NNI: done in 0.493534 secs using 198.9% CPU
Optimizing NNI: done in 0.559399 secs using 196.5% CPU
Optimizing NNI: done in 0.564763 secs using 196.3% CPU
Optimizing NNI: done in 0.574013 secs using 196.9% CPU
Optimizing NNI: done in 0.470291 secs using 195.3% CPU
Optimizing NNI: done in 0.487601 secs using 196.8% CPU
Optimizing NNI: done in 0.585299 secs using 199.8% CPU
Optimizing NNI: done in 0.746347 secs using 199.1% CPU
Iteration 10 / LogL: -3691.708 / Time: 0h:0m:19s
Optimizing NNI: done in 0.684378 secs using 196.4% CPU
Optimizing NNI: done in 0.615119 secs using 197.5% CPU
Optimizing NNI: done in 0.569758 secs using 198.3% CPU
Optimizing NNI: done in 0.655728 secs using 197% CPU
Optimizing NNI: done in 0.548322 secs using 198.5% CPU
Optimizing NNI: done in 0.636835 secs using 198% CPU
Optimizing NNI: done in 0.462216 secs using 196.1% CPU
Optimizing NNI: done in 0.448666 secs using 195.4% CPU
Optimizing NNI: done in 0.452291 secs using 198.2% CPU
Optimizing NNI: done in 0.540274 secs using 197% CPU
Iteration 20 / LogL: -3697.788 / Time: 0h:0m:25s
Finish initializing candidate tree set (20)
Current best tree score: -3687.092 / CPU time: 20.543
Number of iterations: 20
--------------------------------------------------------------------
|               OPTIMIZING CANDIDATE TREE SET                      |
--------------------------------------------------------------------
Optimizing NNI: done in 0.591192 secs using 198.8% CPU
Optimizing NNI: done in 0.56372 secs using 196.5% CPU
Optimizing NNI: done in 0.631302 secs using 197.6% CPU
Optimizing NNI: done in 0.92983 secs using 198.1% CPU
Estimate model parameters (epsilon = 0.100)
BETTER TREE FOUND at iteration 24: -3685.239
Optimizing NNI: done in 0.988786 secs using 196.7% CPU
Optimizing NNI: done in 0.727745 secs using 197.3% CPU
BETTER TREE FOUND at iteration 26: -3685.235
Optimizing NNI: done in 0.786651 secs using 196.6% CPU
Optimizing NNI: done in 0.460602 secs using 199% CPU
Optimizing NNI: done in 0.693759 secs using 197.4% CPU
Optimizing NNI: done in 0.484324 secs using 199.1% CPU
Iteration 30 / LogL: -3713.497 / Time: 0h:0m:32s (0h:1m:47s left)
Optimizing NNI: done in 0.565524 secs using 195.5% CPU
Optimizing NNI: done in 0.599922 secs using 198% CPU
Optimizing NNI: done in 0.775601 secs using 195.4% CPU
Optimizing NNI: done in 0.734706 secs using 195.8% CPU
Optimizing NNI: done in 0.674784 secs using 197.8% CPU
Optimizing NNI: done in 0.667258 secs using 198.9% CPU
Optimizing NNI: done in 0.635617 secs using 194.4% CPU
Optimizing NNI: done in 0.67399 secs using 196.1% CPU
Optimizing NNI: done in 0.741286 secs using 196% CPU
Optimizing NNI: done in 0.583321 secs using 198% CPU
Iteration 40 / LogL: -3703.839 / Time: 0h:0m:39s (0h:1m:27s left)
Optimizing NNI: done in 0.672814 secs using 198.7% CPU
Optimizing NNI: done in 0.574199 secs using 198.2% CPU
Optimizing NNI: done in 0.696058 secs using 196.5% CPU
Optimizing NNI: done in 0.887936 secs using 197.8% CPU
Optimizing NNI: done in 0.725869 secs using 196.4% CPU
Optimizing NNI: done in 0.680387 secs using 197% CPU
Optimizing NNI: done in 0.94078 secs using 196.9% CPU
Optimizing NNI: done in 0.872699 secs using 197.2% CPU
Estimate model parameters (epsilon = 0.100)
BETTER TREE FOUND at iteration 48: -3684.516
Optimizing NNI: done in 0.669644 secs using 197.4% CPU
Optimizing NNI: done in 0.670775 secs using 197.8% CPU
Iteration 50 / LogL: -3690.041 / Time: 0h:0m:47s (0h:1m:35s left)
Optimizing NNI: done in 0.7477 secs using 197.4% CPU
Optimizing NNI: done in 0.531153 secs using 198.7% CPU
Optimizing NNI: done in 0.887747 secs using 198.7% CPU
Optimizing NNI: done in 0.622515 secs using 195.7% CPU
Optimizing NNI: done in 0.689251 secs using 198.1% CPU
Optimizing NNI: done in 0.772023 secs using 198.4% CPU
Optimizing NNI: done in 0.691819 secs using 194.8% CPU
Optimizing NNI: done in 0.773903 secs using 198.2% CPU
Optimizing NNI: done in 0.698584 secs using 197.9% CPU
Optimizing NNI: done in 0.672976 secs using 196.9% CPU
Iteration 60 / LogL: -3691.073 / Time: 0h:0m:55s (0h:1m:22s left)
Optimizing NNI: done in 0.761615 secs using 196.1% CPU
Optimizing NNI: done in 0.704879 secs using 192.5% CPU
Optimizing NNI: done in 0.580753 secs using 197.1% CPU
Optimizing NNI: done in 0.826546 secs using 197.3% CPU
Optimizing NNI: done in 0.660338 secs using 199.3% CPU
Optimizing NNI: done in 0.691337 secs using 198.9% CPU
Optimizing NNI: done in 1.02215 secs using 195.5% CPU
Optimizing NNI: done in 0.900652 secs using 196.8% CPU
Optimizing NNI: done in 0.784667 secs using 197.9% CPU
Optimizing NNI: done in 0.932539 secs using 197.4% CPU
Iteration 70 / LogL: -3697.395 / Time: 0h:1m:3s (0h:1m:11s left)
Optimizing NNI: done in 0.939047 secs using 198.4% CPU
Optimizing NNI: done in 0.78266 secs using 198.6% CPU
Optimizing NNI: done in 0.596545 secs using 197.9% CPU
Optimizing NNI: done in 0.633018 secs using 199.2% CPU
Optimizing NNI: done in 0.803916 secs using 198.5% CPU
Optimizing NNI: done in 0.728888 secs using 197.1% CPU
Optimizing NNI: done in 0.566344 secs using 196.8% CPU
Optimizing NNI: done in 0.585502 secs using 197% CPU
Optimizing NNI: done in 0.619385 secs using 198.2% CPU
Optimizing NNI: done in 0.779613 secs using 196.5% CPU
Iteration 80 / LogL: -3689.597 / Time: 0h:1m:10s (0h:1m:0s left)
Optimizing NNI: done in 0.685877 secs using 197.4% CPU
Optimizing NNI: done in 0.708228 secs using 197.7% CPU
Optimizing NNI: done in 0.5753 secs using 196% CPU
Optimizing NNI: done in 0.68261 secs using 196.7% CPU
Optimizing NNI: done in 0.869957 secs using 197.5% CPU
Estimate model parameters (epsilon = 0.100)
BETTER TREE FOUND at iteration 85: -3684.397
Optimizing NNI: done in 0.695029 secs using 197.3% CPU
Optimizing NNI: done in 0.734274 secs using 199.1% CPU
Optimizing NNI: done in 0.759594 secs using 197.4% CPU
Optimizing NNI: done in 0.736929 secs using 197.2% CPU
Optimizing NNI: done in 0.645133 secs using 198% CPU
Iteration 90 / LogL: -3692.067 / Time: 0h:1m:18s (0h:1m:23s left)
Optimizing NNI: done in 0.780414 secs using 197.9% CPU
Optimizing NNI: done in 0.469728 secs using 197.9% CPU
Optimizing NNI: done in 0.657181 secs using 199.2% CPU
Optimizing NNI: done in 0.618278 secs using 198.3% CPU
Optimizing NNI: done in 0.581806 secs using 197.6% CPU
Optimizing NNI: done in 0.631008 secs using 197% CPU
Optimizing NNI: done in 0.60471 secs using 197.9% CPU
Optimizing NNI: done in 0.655841 secs using 198.8% CPU
Optimizing NNI: done in 0.802323 secs using 196.2% CPU
Optimizing NNI: done in 0.625346 secs using 197.9% CPU
Estimate model parameters (epsilon = 0.100)
BETTER TREE FOUND at iteration 100: -3684.205
Iteration 100 / LogL: -3684.205 / Time: 0h:1m:25s (0h:1m:26s left)
Optimizing NNI: done in 0.666086 secs using 197.9% CPU
Optimizing NNI: done in 0.849082 secs using 196.1% CPU
Optimizing NNI: done in 0.438469 secs using 196.7% CPU
Optimizing NNI: done in 0.932568 secs using 196.9% CPU
Optimizing NNI: done in 0.849734 secs using 195.6% CPU
Optimizing NNI: done in 0.748252 secs using 197.3% CPU
Optimizing NNI: done in 0.578627 secs using 198.9% CPU
Optimizing NNI: done in 0.675239 secs using 196.6% CPU
Optimizing NNI: done in 0.645992 secs using 196.6% CPU
Optimizing NNI: done in 0.67376 secs using 196.2% CPU
Iteration 110 / LogL: -3691.640 / Time: 0h:1m:32s (0h:1m:16s left)
Optimizing NNI: done in 0.653244 secs using 195.5% CPU
Optimizing NNI: done in 0.710987 secs using 199% CPU
Optimizing NNI: done in 0.56272 secs using 197.4% CPU
Optimizing NNI: done in 0.746947 secs using 197.5% CPU
Optimizing NNI: done in 0.469951 secs using 199.6% CPU
Optimizing NNI: done in 0.681208 secs using 198.6% CPU
Optimizing NNI: done in 0.571152 secs using 195.2% CPU
Optimizing NNI: done in 0.718377 secs using 196.3% CPU
Estimate model parameters (epsilon = 0.100)
BETTER TREE FOUND at iteration 118: -3683.537
Optimizing NNI: done in 0.675484 secs using 199.5% CPU
Optimizing NNI: done in 0.664842 secs using 196.9% CPU
Iteration 120 / LogL: -3695.319 / Time: 0h:1m:40s (0h:1m:22s left)
Optimizing NNI: done in 0.586206 secs using 197.6% CPU
Optimizing NNI: done in 0.810371 secs using 195.3% CPU
Optimizing NNI: done in 0.636552 secs using 197.4% CPU
Optimizing NNI: done in 0.70883 secs using 197.1% CPU
Optimizing NNI: done in 0.667201 secs using 199.5% CPU
Optimizing NNI: done in 0.793683 secs using 198.8% CPU
Optimizing NNI: done in 0.71058 secs using 195.1% CPU
Optimizing NNI: done in 0.679704 secs using 198.9% CPU
Optimizing NNI: done in 0.661171 secs using 198.6% CPU
Optimizing NNI: done in 0.578283 secs using 195.5% CPU
Iteration 130 / LogL: -3690.228 / Time: 0h:1m:47s (0h:1m:13s left)
Optimizing NNI: done in 0.826981 secs using 197.7% CPU
Optimizing NNI: done in 0.452111 secs using 195.6% CPU
Optimizing NNI: done in 0.571176 secs using 196.6% CPU
Optimizing NNI: done in 0.641528 secs using 197.9% CPU
Optimizing NNI: done in 0.575298 secs using 199.4% CPU
Optimizing NNI: done in 0.737422 secs using 195.5% CPU
Optimizing NNI: done in 0.77213 secs using 194.8% CPU
Optimizing NNI: done in 0.765766 secs using 197.2% CPU
Estimate model parameters (epsilon = 0.100)
BETTER TREE FOUND at iteration 138: -3683.263
Optimizing NNI: done in 0.854049 secs using 198.4% CPU
Optimizing NNI: done in 0.713558 secs using 197.5% CPU
Iteration 140 / LogL: -3687.772 / Time: 0h:1m:54s (0h:1m:20s left)
Optimizing NNI: done in 0.565316 secs using 199.1% CPU
Optimizing NNI: done in 0.74146 secs using 195.5% CPU
Optimizing NNI: done in 0.786677 secs using 199.1% CPU
Estimate model parameters (epsilon = 0.100)
BETTER TREE FOUND at iteration 143: -3682.751
Optimizing NNI: done in 0.739079 secs using 199% CPU
Optimizing NNI: done in 0.721852 secs using 198.1% CPU
Optimizing NNI: done in 0.579539 secs using 198.7% CPU
Optimizing NNI: done in 0.652084 secs using 197.5% CPU
Optimizing NNI: done in 0.620476 secs using 198% CPU
Optimizing NNI: done in 0.576098 secs using 197.9% CPU
Optimizing NNI: done in 0.829276 secs using 194.5% CPU
Iteration 150 / LogL: -3682.800 / Time: 0h:2m:2s (0h:1m:16s left)
Optimizing NNI: done in 0.720116 secs using 197.2% CPU
Optimizing NNI: done in 0.936418 secs using 197% CPU
Optimizing NNI: done in 0.870846 secs using 198.3% CPU
Optimizing NNI: done in 0.564605 secs using 199.9% CPU
Optimizing NNI: done in 0.456017 secs using 196.5% CPU
Optimizing NNI: done in 0.727451 secs using 197.3% CPU
Optimizing NNI: done in 0.886682 secs using 198.3% CPU
Optimizing NNI: done in 0.657696 secs using 197.3% CPU
Optimizing NNI: done in 0.580184 secs using 197.9% CPU
Optimizing NNI: done in 0.679883 secs using 197.1% CPU
Iteration 160 / LogL: -3686.749 / Time: 0h:2m:9s (0h:1m:7s left)
Optimizing NNI: done in 0.615855 secs using 196.1% CPU
Optimizing NNI: done in 0.942581 secs using 198% CPU
Optimizing NNI: done in 0.67889 secs using 197.2% CPU
Optimizing NNI: done in 0.647966 secs using 196.9% CPU
Optimizing NNI: done in 0.716474 secs using 198.3% CPU
Optimizing NNI: done in 0.660385 secs using 198.7% CPU
Optimizing NNI: done in 0.690121 secs using 198% CPU
Optimizing NNI: done in 0.707319 secs using 197.8% CPU
Optimizing NNI: done in 0.773603 secs using 196.7% CPU
Optimizing NNI: done in 0.769993 secs using 195.6% CPU
Iteration 170 / LogL: -3686.543 / Time: 0h:2m:17s (0h:0m:59s left)
Optimizing NNI: done in 0.885107 secs using 197.2% CPU
Optimizing NNI: done in 0.647108 secs using 197% CPU
Optimizing NNI: done in 0.566623 secs using 196.7% CPU
Optimizing NNI: done in 0.684307 secs using 195.9% CPU
Optimizing NNI: done in 0.651215 secs using 197% CPU
Optimizing NNI: done in 0.727276 secs using 196.2% CPU
Optimizing NNI: done in 0.684776 secs using 196.4% CPU
Optimizing NNI: done in 0.770072 secs using 194.5% CPU
Optimizing NNI: done in 0.769438 secs using 198.3% CPU
Optimizing NNI: done in 0.667894 secs using 197% CPU
Iteration 180 / LogL: -3692.243 / Time: 0h:2m:24s (0h:0m:50s left)
Optimizing NNI: done in 0.853777 secs using 197.4% CPU
Optimizing NNI: done in 0.553356 secs using 194.7% CPU
Optimizing NNI: done in 0.72914 secs using 197.6% CPU
Optimizing NNI: done in 0.65225 secs using 198.1% CPU
Optimizing NNI: done in 0.56574 secs using 195.4% CPU
Optimizing NNI: done in 0.739087 secs using 196.3% CPU
Optimizing NNI: done in 0.657441 secs using 195.5% CPU
Optimizing NNI: done in 0.798165 secs using 197.2% CPU
Optimizing NNI: done in 0.564101 secs using 197.1% CPU
Optimizing NNI: done in 0.733617 secs using 196.5% CPU
Iteration 190 / LogL: -3687.898 / Time: 0h:2m:31s (0h:0m:42s left)
Optimizing NNI: done in 0.649817 secs using 197.9% CPU
Optimizing NNI: done in 0.653901 secs using 199.1% CPU
Optimizing NNI: done in 0.531552 secs using 199.3% CPU
Optimizing NNI: done in 0.696419 secs using 197.6% CPU
Optimizing NNI: done in 0.718783 secs using 196.3% CPU
Optimizing NNI: done in 0.566911 secs using 196.7% CPU
Optimizing NNI: done in 0.455451 secs using 198.4% CPU
Optimizing NNI: done in 0.687739 secs using 196.5% CPU
Optimizing NNI: done in 0.410521 secs using 195.5% CPU
Optimizing NNI: done in 0.731717 secs using 196.2% CPU
Iteration 200 / LogL: -3701.367 / Time: 0h:2m:38s (0h:0m:34s left)
Optimizing NNI: done in 0.673797 secs using 198% CPU
Optimizing NNI: done in 0.820585 secs using 195.1% CPU
Optimizing NNI: done in 0.647305 secs using 196.4% CPU
Optimizing NNI: done in 0.576542 secs using 196.4% CPU
Optimizing NNI: done in 0.680846 secs using 197.5% CPU
Optimizing NNI: done in 0.573685 secs using 197.6% CPU
Optimizing NNI: done in 0.653228 secs using 197.4% CPU
Optimizing NNI: done in 0.822634 secs using 197.7% CPU
Optimizing NNI: done in 0.711533 secs using 198.4% CPU
Optimizing NNI: done in 0.782007 secs using 199.2% CPU
Iteration 210 / LogL: -3687.082 / Time: 0h:2m:45s (0h:0m:26s left)
Optimizing NNI: done in 0.773596 secs using 198.2% CPU
Optimizing NNI: done in 0.661251 secs using 196.8% CPU
Optimizing NNI: done in 0.695763 secs using 198.9% CPU
Optimizing NNI: done in 0.679312 secs using 196% CPU
Optimizing NNI: done in 0.686786 secs using 196.7% CPU
Optimizing NNI: done in 0.933246 secs using 196.9% CPU
Optimizing NNI: done in 0.761805 secs using 197.7% CPU
Optimizing NNI: done in 0.674135 secs using 198.5% CPU
Optimizing NNI: done in 0.564276 secs using 195% CPU
Optimizing NNI: done in 0.683977 secs using 198.2% CPU
Iteration 220 / LogL: -3690.251 / Time: 0h:2m:52s (0h:0m:18s left)
Optimizing NNI: done in 0.680952 secs using 198.1% CPU
Optimizing NNI: done in 0.670095 secs using 197.3% CPU
Optimizing NNI: done in 1.22694 secs using 197.5% CPU
Optimizing NNI: done in 0.738197 secs using 197% CPU
Optimizing NNI: done in 0.551334 secs using 197.2% CPU
Optimizing NNI: done in 0.737827 secs using 198.7% CPU
Optimizing NNI: done in 0.962824 secs using 198% CPU
Optimizing NNI: done in 0.754167 secs using 197.1% CPU
Optimizing NNI: done in 0.683124 secs using 197.8% CPU
Optimizing NNI: done in 0.681514 secs using 198% CPU
Iteration 230 / LogL: -3686.002 / Time: 0h:3m:0s (0h:0m:10s left)
Optimizing NNI: done in 0.675592 secs using 197.7% CPU
Optimizing NNI: done in 0.570699 secs using 196% CPU
Optimizing NNI: done in 0.679279 secs using 199.5% CPU
Optimizing NNI: done in 0.657319 secs using 199.8% CPU
Optimizing NNI: done in 0.659785 secs using 195.8% CPU
Optimizing NNI: done in 0.551374 secs using 197.2% CPU
Optimizing NNI: done in 0.830299 secs using 196.4% CPU
Optimizing NNI: done in 0.753118 secs using 195.6% CPU
Optimizing NNI: done in 0.582779 secs using 197.5% CPU
Optimizing NNI: done in 0.666976 secs using 197.2% CPU
Iteration 240 / LogL: -3684.418 / Time: 0h:3m:7s (0h:0m:2s left)
Optimizing NNI: done in 0.766735 secs using 195.5% CPU
Optimizing NNI: done in 0.563326 secs using 198% CPU
Optimizing NNI: done in 0.784914 secs using 195.8% CPU
Optimizing NNI: done in 0.687675 secs using 196.6% CPU
TREE SEARCH COMPLETED AFTER 244 ITERATIONS / Time: 0h:3m:10s

--------------------------------------------------------------------
|                    FINALIZING TREE SEARCH                        |
--------------------------------------------------------------------
Performs final model parameters optimization
Estimate model parameters (epsilon = 0.010)
1. Initial log-likelihood: -3682.751
Optimal log-likelihood: -3682.747
Rate parameters:  A-C: 0.77860  A-G: 1.91209  A-T: 0.36665  C-G: 0.18621  C-T: 2.46655  G-T: 1.00000
Base frequencies:  A: 0.446  C: 0.143  G: 0.221  T: 0.190
Site proportion and rates:  (0.125,0.418) (0.180,0.441) (0.200,0.484) (0.186,0.909) (0.209,1.449) (0.100,2.991)
Parameters optimization took 1 rounds (0.452 sec)
BEST SCORE FOUND : -3682.747
Total tree length: 2.221

Total number of iterations: 244
CPU time used for tree search: 360.007 sec (0h:6m:0s)
Wall-clock time used for tree search: 185.913 sec (0h:3m:5s)
Total CPU time used: 369.602 sec (0h:6m:9s)
Total wall-clock time used: 190.843 sec (0h:3m:10s)

Analysis results written to: 
  IQ-TREE report:                IQTREE_bestTree.InWindow_4630_to_4880.iqtree
  Maximum-likelihood tree:       IQTREE_bestTree.InWindow_4630_to_4880.treefile
  Likelihood distances:          IQTREE_bestTree.InWindow_4630_to_4880.mldist
  Screen log file:               IQTREE_bestTree.InWindow_4630_to_4880.log

Date and Time: Tue Jul 25 12:11:14 2023
