IQ-TREE multicore version 2.2.2.7 COVID-edition for Linux 64-bit built Jun  7 2023
Developed by Bui Quang Minh, James Barbetti, Nguyen Lam Tung,
Olga Chernomor, Heiko Schmidt, Dominik Schrempf, Michael Woodhams, Ly Trong Nhan.

Host:    hpc-node03 (AVX2, FMA3, 1007 GB RAM)
Command: iqtree -s AlignedReadsInWindow_PositionsExcised_4560_to_4810.fasta -pre IQTREE_bestTree.InWindow_4560_to_4810 -m GTR+F+R6 -nt 2
Seed:    7609 (Using SPRNG - Scalable Parallel Random Number Generator)
Time:    Tue Jul 25 12:03:09 2023
Kernel:  AVX+FMA - 2 threads (2 CPU cores detected)

Reading alignment file AlignedReadsInWindow_PositionsExcised_4560_to_4810.fasta ... Fasta format detected
Reading fasta file: done in 0.00670416 secs using 95.79% CPU
Alignment most likely contains DNA/RNA sequences
Constructing alignment: done in 0.00294239 secs using 130.9% CPU
Alignment has 858 sequences with 231 columns, 226 distinct patterns
167 parsimony-informative, 49 singleton sites, 14 constant sites
                                                            Gap/Ambiguity  Composition  p-value
Analyzing sequences: done in 0.000478729 secs using 393.5% CPU
   1  200724_20-08518_HIV10-02405_FL24_S14_L000_read_1_count_137    3.03%    passed     97.39%
   2  200724_20-08518_HIV10-02405_FL24_S14_L000_read_2_count_72     3.03%    passed     98.81%
   3  200724_20-08518_HIV10-02405_FL24_S14_L000_read_3_count_61     3.03%    passed     95.73%
   4  200724_20-08518_HIV10-02405_FL24_S14_L000_read_4_count_43     3.03%    passed     93.75%
   5  200724_20-08518_HIV10-02405_FL24_S14_L000_read_5_count_12     3.03%    passed     91.77%
   6  200724_20-08518_HIV10-02405_FL24_S14_L000_read_6_count_11     3.03%    passed     98.81%
   7  200724_20-08518_HIV10-02405_FL24_S14_L000_read_7_count_11     3.03%    passed     97.13%
   8  200724_20-08518_HIV10-02405_FL24_S14_L000_read_8_count_10     3.03%    passed     95.73%
   9  200724_20-08518_HIV10-02405_FL24_S14_L000_read_9_count_8      3.03%    passed     99.23%
  10  200724_20-08518_HIV10-02405_FL24_S14_L000_read_10_count_7     3.03%    passed     98.74%
  11  200724_20-08518_HIV10-02405_FL24_S14_L000_read_11_count_6     3.03%    passed     97.93%
  12  200724_20-08518_HIV10-02405_FL24_S14_L000_read_12_count_5     3.03%    passed     97.93%
  13  200724_20-08518_HIV10-02405_FL24_S14_L000_read_13_count_5     3.03%    passed     95.73%
  14  200724_20-08518_HIV10-02405_FL24_S14_L000_read_14_count_4     3.03%    passed     98.81%
  15  200724_20-08518_HIV10-02405_FL24_S14_L000_read_15_count_4     3.03%    passed     98.74%
  16  200724_20-08518_HIV10-02405_FL24_S14_L000_read_16_count_4     3.03%    passed     97.41%
  17  200724_20-08518_HIV10-02405_FL24_S14_L000_read_17_count_4     3.03%    passed     99.23%
  18  200724_20-08518_HIV10-02405_FL24_S14_L000_read_18_count_3     3.03%    passed     96.31%
  19  200724_20-08518_HIV10-02405_FL24_S14_L000_read_19_count_3     3.03%    passed     97.39%
  20  200724_20-08518_HIV10-02405_FL24_S14_L000_read_20_count_3     3.03%    passed     99.23%
  21  200724_20-08518_HIV10-02405_FL24_S14_L000_read_21_count_3     3.03%    passed     97.39%
  22  200724_20-08518_HIV10-02405_FL24_S14_L000_read_22_count_3     3.03%    passed     97.41%
  23  200724_20-08518_HIV10-02405_FL24_S14_L000_read_23_count_3     3.03%    passed     95.73%
  24  200724_20-08518_HIV10-02405_FL24_S14_L000_read_24_count_3     3.03%    passed     98.74%
  25  200724_20-08518_HIV10-02405_FL24_S14_L000_read_25_count_3     3.03%    passed     95.73%
  26  200724_20-08518_HIV10-02405_FL24_S14_L000_read_26_count_3     3.03%    passed     95.73%
  27  200724_20-08518_HIV10-02405_FL24_S14_L000_read_27_count_3     3.03%    passed     95.73%
  28  200724_20-08518_HIV10-02405_FL24_S14_L000_read_28_count_2     3.03%    passed     97.93%
  29  200724_20-08518_HIV10-02405_FL24_S14_L000_read_29_count_2     3.03%    passed     95.73%
  30  200724_20-08518_HIV10-02405_FL24_S14_L000_read_30_count_2     3.03%    passed     97.39%
  31  200724_20-08518_HIV10-02405_FL24_S14_L000_read_31_count_2     3.03%    passed     97.87%
  32  200724_20-08518_HIV10-02405_FL24_S14_L000_read_32_count_2     3.03%    passed     97.07%
  33  200724_20-08518_HIV10-02405_FL24_S14_L000_read_33_count_2     3.03%    passed     97.93%
  34  200724_20-08518_HIV10-02405_FL24_S14_L000_read_34_count_2     3.03%    passed     97.41%
  35  200724_20-08518_HIV10-02405_FL24_S14_L000_read_35_count_2     3.03%    passed     95.73%
  36  200724_20-08518_HIV10-02405_FL24_S14_L000_read_36_count_2     3.03%    passed     95.73%
  37  200724_20-08518_HIV10-02405_FL24_S14_L000_read_37_count_2     3.03%    passed     95.43%
  38  200724_20-08518_HIV10-02405_FL24_S14_L000_read_38_count_2     3.03%    passed     99.23%
  39  200724_20-08518_HIV10-02405_FL24_S14_L000_read_39_count_2     3.03%    passed     92.64%
  40  200724_20-08518_HIV10-02405_FL24_S14_L000_read_40_count_2     3.03%    passed     94.59%
  41  200724_20-08518_HIV10-02405_FL24_S14_L000_read_41_count_2     3.03%    passed     99.11%
  42  200724_20-08518_HIV10-02405_FL24_S14_L000_read_42_count_2     3.03%    passed     98.74%
  43  200724_20-08518_HIV10-02405_FL24_S14_L000_read_43_count_1     3.03%    passed     97.04%
  44  200724_20-08518_HIV10-02405_FL24_S14_L000_read_44_count_1     3.03%    passed     93.75%
  45  200724_20-08518_HIV10-02405_FL24_S14_L000_read_45_count_1     3.03%    passed     97.52%
  46  200724_20-08518_HIV10-02405_FL24_S14_L000_read_46_count_1     3.03%    passed     98.91%
  47  200724_20-08518_HIV10-02405_FL24_S14_L000_read_47_count_1     3.03%    passed     99.44%
  48  200724_20-08518_HIV10-02405_FL24_S14_L000_read_48_count_1     3.46%    passed     94.88%
  49  200724_20-08518_HIV10-02405_FL24_S14_L000_read_49_count_1     3.03%    passed     97.68%
  50  200724_20-08518_HIV10-02405_FL24_S14_L000_read_50_count_1     3.03%    passed     98.74%
  51  200724_20-08518_HIV10-02405_FL24_S14_L000_read_51_count_1     3.03%    passed     93.75%
  52  200724_20-08518_HIV10-02405_FL24_S14_L000_read_52_count_1     3.03%    passed     99.44%
  53  200724_20-08518_HIV10-02405_FL24_S14_L000_read_53_count_1     3.03%    passed     99.23%
  54  200724_20-08518_HIV10-02405_FL24_S14_L000_read_54_count_1     3.03%    passed     94.43%
  55  200724_20-08518_HIV10-02405_FL24_S14_L000_read_55_count_1     3.03%    passed     93.79%
  56  200724_20-08518_HIV10-02405_FL24_S14_L000_read_56_count_1     3.03%    passed     92.64%
  57  200724_20-08518_HIV10-02405_FL24_S14_L000_read_57_count_1     3.03%    passed     99.23%
  58  200724_20-08518_HIV10-02405_FL24_S14_L000_read_58_count_1     3.03%    passed     83.71%
  59  200724_20-08518_HIV10-02405_FL24_S14_L000_read_59_count_1     3.03%    passed     99.23%
  60  200724_20-08518_HIV10-02405_FL24_S14_L000_read_60_count_1     3.03%    passed     91.77%
  61  200724_20-08518_HIV10-02405_FL24_S14_L000_read_61_count_1     3.03%    passed     98.74%
  62  200724_20-08518_HIV10-02405_FL24_S14_L000_read_62_count_1     3.03%    passed     98.81%
  63  200724_20-08518_HIV10-02405_FL24_S14_L000_read_63_count_1     3.03%    passed     98.74%
  64  200724_20-08518_HIV10-02405_FL24_S14_L000_read_64_count_1     3.03%    passed     93.10%
  65  200724_20-08518_HIV10-02405_FL24_S14_L000_read_65_count_1     3.03%    passed     99.44%
  66  200724_20-08518_HIV10-02405_FL24_S14_L000_read_66_count_1     2.60%    passed     96.32%
  67  200724_20-08518_HIV10-02405_FL24_S14_L000_read_67_count_1     3.03%    passed     97.41%
  68  200724_20-08518_HIV10-02405_FL24_S14_L000_read_68_count_1     3.03%    passed     97.93%
  69  200724_20-08518_HIV10-02405_FL24_S14_L000_read_69_count_1     3.03%    passed     97.41%
  70  200724_20-08518_HIV10-02405_FL24_S14_L000_read_70_count_1     3.03%    passed     98.81%
  71  200724_20-08518_HIV10-02405_FL24_S14_L000_read_71_count_1     3.03%    passed     90.56%
  72  200724_20-08518_HIV10-02405_FL24_S14_L000_read_72_count_1     3.03%    passed     97.41%
  73  200724_20-08518_HIV10-02405_FL24_S14_L000_read_73_count_1     3.03%    passed     97.52%
  74  200724_20-08518_HIV10-02405_FL24_S14_L000_read_74_count_1     3.03%    passed     97.41%
  75  200724_20-08518_HIV10-02405_FL24_S14_L000_read_75_count_1     3.03%    passed     97.52%
  76  200724_20-08518_HIV10-02405_FL24_S14_L000_read_76_count_1     3.03%    passed     97.87%
  77  200724_20-08518_HIV10-02405_FL24_S14_L000_read_77_count_1     3.46%    passed     97.01%
  78  200724_20-08518_HIV10-02405_FL24_S14_L000_read_78_count_1     3.03%    passed     98.81%
  79  200724_20-08518_HIV10-02405_FL24_S14_L000_read_79_count_1     3.03%    passed     97.52%
  80  200724_20-08518_HIV10-02405_FL24_S14_L000_read_80_count_1     3.03%    passed     99.23%
  81  200724_20-08518_HIV10-02405_FL24_S14_L000_read_81_count_1     3.03%    passed     93.75%
  82  200724_20-08518_HIV10-02405_FL24_S14_L000_read_82_count_1     3.03%    passed     94.43%
  83  200724_20-08518_HIV10-02405_FL24_S14_L000_read_83_count_1     3.03%    passed     97.87%
  84  200724_20-08518_HIV10-02405_FL24_S14_L000_read_84_count_1     3.03%    passed     95.73%
  85  200724_20-08518_HIV10-02405_FL24_S14_L000_read_85_count_1     3.03%    passed     91.46%
  86  200724_20-08518_HIV10-02405_FL24_S14_L000_read_86_count_1     3.46%    passed     96.73%
  87  200724_20-08518_HIV10-02405_FL24_S14_L000_read_87_count_1     3.03%    passed     99.23%
  88  200724_20-08518_HIV10-02405_FL24_S14_L000_read_88_count_1     3.03%    passed     97.07%
  89  200724_20-08518_HIV10-02405_FL24_S14_L000_read_89_count_1     3.03%    passed     99.44%
  90  200724_20-08518_HIV10-02405_FL24_S14_L000_read_90_count_1     3.03%    passed     97.07%
  91  200724_20-08518_HIV10-02405_FL24_S14_L000_read_91_count_1     3.03%    passed     97.39%
  92  200724_20-08518_HIV10-02405_FL24_S14_L000_read_92_count_1     3.03%    passed     96.31%
  93  200724_20-08518_HIV10-02405_FL24_S14_L000_read_93_count_1     3.03%    passed     96.31%
  94  200724_20-08518_HIV10-02405_FL24_S14_L000_read_94_count_1     3.03%    passed     95.73%
  95  200724_20-08518_HIV10-02405_FL24_S14_L000_read_95_count_1     3.03%    passed     92.64%
  96  200724_20-08518_HIV10-02405_FL24_S14_L000_read_96_count_1     3.03%    passed     93.79%
  97  200724_20-08518_HIV10-02405_FL24_S14_L000_read_97_count_1     3.03%    passed     97.93%
  98  200724_20-08518_HIV10-02405_FL24_S14_L000_read_98_count_1     3.03%    passed     94.43%
  99  200724_20-08518_HIV10-02405_FL24_S14_L000_read_99_count_1     3.03%    passed     94.28%
 100  200724_20-08518_HIV10-02405_FL24_S14_L000_read_100_count_1    3.03%    passed     96.04%
 101  200724_20-08518_HIV10-02405_FL24_S14_L000_read_101_count_1    3.03%    passed     97.07%
 102  200724_20-08518_HIV10-02405_FL24_S14_L000_read_102_count_1    3.03%    passed     98.74%
 103  200724_20-08518_HIV10-02405_FL24_S14_L000_read_103_count_1    3.03%    passed     97.39%
 104  200724_20-08518_HIV10-02405_FL24_S14_L000_read_104_count_1    3.03%    passed     93.10%
 105  200724_20-08518_HIV10-02405_FL24_S14_L000_read_105_count_1    3.03%    passed     83.38%
 106  200724_20-08518_HIV10-02405_FL24_S14_L000_read_106_count_1    3.03%    passed     87.74%
 107  200724_20-08518_HIV10-02405_FL24_S14_L000_read_107_count_1    3.03%    passed     96.31%
 108  200724_20-08518_HIV10-02405_FL24_S14_L000_read_108_count_1    3.46%    passed     98.14%
 109  200724_20-08518_HIV10-02405_FL24_S14_L000_read_109_count_1    3.03%    passed     97.93%
 110  200724_20-08518_HIV10-02405_FL24_S14_L000_read_110_count_1    3.03%    passed     91.77%
 111  200724_20-08518_HIV10-02405_FL24_S14_L000_read_111_count_1    3.03%    passed     97.87%
 112  200724_20-08518_HIV10-02405_FL24_S14_L000_read_112_count_1    3.03%    passed     96.31%
 113  200724_20-08518_HIV10-02405_FL24_S14_L000_read_113_count_1    3.03%    passed     99.23%
 114  200724_20-08518_HIV10-02405_FL24_S14_L000_read_114_count_1    3.03%    passed     98.58%
 115  200724_20-08518_HIV10-02405_FL24_S14_L000_read_115_count_1    3.03%    passed     98.74%
 116  200724_20-08518_HIV10-02405_FL24_S14_L000_read_116_count_1    3.03%    passed     97.41%
 117  200724_20-08518_HIV10-02405_FL24_S14_L000_read_117_count_1    3.03%    passed     97.03%
 118  200724_20-08518_HIV10-02405_FL24_S14_L000_read_118_count_1    3.03%    passed     98.81%
 119  200724_20-08518_HIV10-02405_FL24_S14_L000_read_119_count_1    3.03%    passed     92.64%
 120  200724_20-08518_HIV10-02405_FL24_S14_L000_read_120_count_1    3.46%    passed     93.26%
 121  200724_20-08518_HIV10-02405_FL24_S14_L000_read_121_count_1    3.03%    passed     93.79%
 122  200724_20-08518_HIV10-02405_FL24_S14_L000_read_122_count_1    3.03%    passed     93.75%
 123  200724_20-08518_HIV10-02405_FL24_S14_L000_read_123_count_1    3.03%    passed     97.87%
 124  200724_20-08518_HIV10-02405_FL24_S14_L000_read_124_count_1    3.03%    passed     94.43%
 125  200724_20-08518_HIV10-02405_FL24_S14_L000_read_125_count_1    3.03%    passed     99.81%
 126  200724_20-08518_HIV10-02405_FL24_S14_L000_read_126_count_1    3.03%    passed     95.73%
 127  200724_20-08518_HIV10-02405_FL24_S14_L000_read_127_count_1    3.03%    passed     97.52%
 128  200724_20-08518_HIV10-02405_FL24_S14_L000_read_128_count_1    3.03%    passed     97.41%
 129  200724_20-08518_HIV10-02405_FL24_S14_L000_read_129_count_1    3.03%    passed     92.96%
 130  200724_20-08518_HIV10-02405_FL24_S14_L000_read_130_count_1    3.03%    passed     98.81%
 131  200724_20-08518_HIV10-02405_FL24_S14_L000_read_131_count_1    3.03%    passed     88.33%
 132  200724_20-08518_HIV10-02405_FL24_S14_L000_read_132_count_1    3.03%    passed     93.10%
 133  200724_20-08518_HIV10-02405_FL24_S14_L000_read_133_count_1    3.03%    passed     97.52%
 134  200724_20-08518_HIV10-02405_FL24_S14_L000_read_134_count_1    3.03%    passed     93.75%
 135  200724_20-08518_HIV10-02405_FL24_S14_L000_read_135_count_1    3.03%    passed     94.28%
 136  200724_20-08518_HIV10-02405_FL24_S14_L000_read_136_count_1    3.03%    passed     98.58%
 137  200724_20-08518_HIV10-02405_FL24_S14_L000_read_137_count_1    3.03%    passed     91.77%
 138  200724_20-08518_HIV10-02405_FL24_S14_L000_read_138_count_1    3.03%    passed     97.41%
 139  200724_20-08518_HIV10-02405_FL24_S14_L000_read_139_count_1    3.03%    passed     97.39%
 140  200724_20-08518_HIV10-02405_FL24_S14_L000_read_140_count_1    3.03%    passed     98.81%
 141  200724_20-08518_HIV10-02405_FL24_S14_L000_read_141_count_1    3.03%    passed     97.41%
 142  200724_20-08518_HIV10-02405_FL24_S14_L000_read_142_count_1    3.03%    passed     99.23%
 143  200724_20-08518_HIV10-02405_FL24_S14_L000_read_143_count_1    3.03%    passed     96.31%
 144  200724_20-08518_HIV10-02405_FL24_S14_L000_read_144_count_1    3.03%    passed     99.11%
 145  200724_20-08518_HIV10-02405_FL24_S14_L000_read_145_count_1    3.03%    passed     98.81%
 146  200724_20-08518_HIV10-02405_FL24_S14_L000_read_146_count_1    3.03%    passed     95.73%
 147  200724_20-08518_HIV10-02405_FL24_S14_L000_read_147_count_1    3.03%    passed     94.43%
 148  200724_20-08518_HIV10-02405_FL24_S14_L000_read_148_count_1    3.03%    passed     91.77%
 149  200724_20-08518_HIV10-02405_FL24_S14_L000_read_149_count_1    3.03%    passed     97.39%
 150  200724_20-08518_HIV10-02405_FL24_S14_L000_read_150_count_1    3.03%    passed     93.10%
 151  200724_20-08518_HIV10-02405_FL24_S14_L000_read_151_count_1    3.03%    passed     97.52%
 152  200724_20-08518_HIV10-02405_FL24_S14_L000_read_152_count_1    3.03%    passed     96.04%
 153  200724_20-08518_HIV10-02405_FL24_S14_L000_read_153_count_1    3.03%    passed     97.32%
 154  200724_20-08518_HIV10-02405_FL24_S14_L000_read_154_count_1    3.03%    passed     98.74%
 155  200724_20-08518_HIV10-02405_FL24_S14_L000_read_155_count_1    3.46%    passed     95.61%
 156  200724_20-08518_HIV10-02405_FL24_S14_L000_read_156_count_1    3.03%    passed     97.87%
 157  200724_20-08518_HIV10-02405_FL24_S14_L000_read_157_count_1    3.03%    passed     99.23%
 158  200724_20-08518_HIV10-02405_FL24_S14_L000_read_158_count_1    3.03%    passed     98.58%
 159  200724_20-08518_HIV10-02405_FL24_S14_L000_read_159_count_1    3.46%    passed     97.01%
 160  200709_20-07994_HIV07-01067_FL21_S1_L000_read_1_count_783     3.03%    passed     99.91%
 161  200709_20-07994_HIV07-01067_FL21_S1_L000_read_2_count_161     3.03%    passed     99.94%
 162  200709_20-07994_HIV07-01067_FL21_S1_L000_read_3_count_10      3.03%    passed     99.98%
 163  200709_20-07994_HIV07-01067_FL21_S1_L000_read_4_count_6       3.03%    passed     99.54%
 164  200709_20-07994_HIV07-01067_FL21_S1_L000_read_5_count_6       3.03%    passed     99.54%
 165  200709_20-07994_HIV07-01067_FL21_S1_L000_read_6_count_6       3.03%    passed     99.54%
 166  200709_20-07994_HIV07-01067_FL21_S1_L000_read_7_count_5       3.03%    passed     99.54%
 167  200709_20-07994_HIV07-01067_FL21_S1_L000_read_8_count_4       3.03%    passed     99.54%
 168  200709_20-07994_HIV07-01067_FL21_S1_L000_read_9_count_4       3.03%    passed     99.91%
 169  200709_20-07994_HIV07-01067_FL21_S1_L000_read_10_count_4      3.03%    passed     99.54%
 170  200709_20-07994_HIV07-01067_FL21_S1_L000_read_11_count_4      3.03%    passed     99.80%
 171  200709_20-07994_HIV07-01067_FL21_S1_L000_read_12_count_3      3.03%    passed     99.54%
 172  200709_20-07994_HIV07-01067_FL21_S1_L000_read_13_count_3      3.03%    passed     99.54%
 173  200709_20-07994_HIV07-01067_FL21_S1_L000_read_14_count_2      3.03%    passed     99.82%
 174  200709_20-07994_HIV07-01067_FL21_S1_L000_read_15_count_2      3.03%    passed     99.82%
 175  200709_20-07994_HIV07-01067_FL21_S1_L000_read_16_count_2      3.03%    passed     98.74%
 176  200709_20-07994_HIV07-01067_FL21_S1_L000_read_17_count_2      3.03%    passed     99.80%
 177  200709_20-07994_HIV07-01067_FL21_S1_L000_read_18_count_2      3.03%    passed     99.91%
 178  200709_20-07994_HIV07-01067_FL21_S1_L000_read_19_count_2      3.03%    passed     98.74%
 179  200709_20-07994_HIV07-01067_FL21_S1_L000_read_20_count_2      3.03%    passed     99.98%
 180  200709_20-07994_HIV07-01067_FL21_S1_L000_read_21_count_2      3.03%    passed     99.23%
 181  200709_20-07994_HIV07-01067_FL21_S1_L000_read_22_count_2      3.03%    passed     99.94%
 182  200709_20-07994_HIV07-01067_FL21_S1_L000_read_23_count_2      3.03%    passed     99.98%
 183  200709_20-07994_HIV07-01067_FL21_S1_L000_read_24_count_2      3.03%    passed     99.82%
 184  200709_20-07994_HIV07-01067_FL21_S1_L000_read_25_count_2      3.03%    passed     99.82%
 185  200709_20-07994_HIV07-01067_FL21_S1_L000_read_26_count_2      3.03%    passed     99.34%
 186  200709_20-07994_HIV07-01067_FL21_S1_L000_read_27_count_2      3.03%    passed     99.98%
 187  200709_20-07994_HIV07-01067_FL21_S1_L000_read_28_count_2      3.03%    passed     98.74%
 188  200709_20-07994_HIV07-01067_FL21_S1_L000_read_29_count_2      3.03%    passed     99.36%
 189  200709_20-07994_HIV07-01067_FL21_S1_L000_read_30_count_2      3.03%    passed     99.94%
 190  200709_20-07994_HIV07-01067_FL21_S1_L000_read_31_count_2      3.03%    passed     99.54%
 191  200709_20-07994_HIV07-01067_FL21_S1_L000_read_32_count_2      3.03%    passed     99.34%
 192  200709_20-07994_HIV07-01067_FL21_S1_L000_read_33_count_2      3.03%    passed     99.82%
 193  200709_20-07994_HIV07-01067_FL21_S1_L000_read_34_count_2      3.03%    passed     98.74%
 194  200709_20-07994_HIV07-01067_FL21_S1_L000_read_35_count_2      3.46%    passed     99.91%
 195  200709_20-07994_HIV07-01067_FL21_S1_L000_read_36_count_2      3.03%    passed     99.67%
 196  200709_20-07994_HIV07-01067_FL21_S1_L000_read_37_count_2      3.03%    passed     99.54%
 197  200709_20-07994_HIV07-01067_FL21_S1_L000_read_38_count_1      3.03%    passed     99.94%
 198  200709_20-07994_HIV07-01067_FL21_S1_L000_read_39_count_1      3.46%    passed     99.79%
 199  200709_20-07994_HIV07-01067_FL21_S1_L000_read_40_count_1      3.03%    passed     99.36%
 200  200709_20-07994_HIV07-01067_FL21_S1_L000_read_41_count_1      3.03%    passed     99.54%
 201  200709_20-07994_HIV07-01067_FL21_S1_L000_read_42_count_1      3.03%    passed     98.92%
 202  200709_20-07994_HIV07-01067_FL21_S1_L000_read_43_count_1      3.03%    passed     99.23%
 203  200709_20-07994_HIV07-01067_FL21_S1_L000_read_44_count_1      3.03%    passed     99.23%
 204  200709_20-07994_HIV07-01067_FL21_S1_L000_read_45_count_1      3.03%    passed     99.54%
 205  200709_20-07994_HIV07-01067_FL21_S1_L000_read_46_count_1      3.03%    passed     99.94%
 206  200709_20-07994_HIV07-01067_FL21_S1_L000_read_47_count_1      3.03%    passed     99.54%
 207  200709_20-07994_HIV07-01067_FL21_S1_L000_read_48_count_1      3.03%    passed     99.82%
 208  200709_20-07994_HIV07-01067_FL21_S1_L000_read_49_count_1      3.03%    passed     99.80%
 209  200709_20-07994_HIV07-01067_FL21_S1_L000_read_50_count_1      3.03%    passed     98.74%
 210  200709_20-07994_HIV07-01067_FL21_S1_L000_read_51_count_1      3.03%    passed     99.88%
 211  200709_20-07994_HIV07-01067_FL21_S1_L000_read_52_count_1      3.03%    passed     99.54%
 212  200709_20-07994_HIV07-01067_FL21_S1_L000_read_53_count_1      3.03%    passed     99.34%
 213  200709_20-07994_HIV07-01067_FL21_S1_L000_read_54_count_1      3.03%    passed     96.73%
 214  200709_20-07994_HIV07-01067_FL21_S1_L000_read_55_count_1      3.03%    passed     99.82%
 215  200709_20-07994_HIV07-01067_FL21_S1_L000_read_56_count_1      3.03%    passed     99.82%
 216  200709_20-07994_HIV07-01067_FL21_S1_L000_read_57_count_1      3.03%    passed     98.07%
 217  200709_20-07994_HIV07-01067_FL21_S1_L000_read_58_count_1      3.46%    passed     99.63%
 218  200709_20-07994_HIV07-01067_FL21_S1_L000_read_59_count_1      3.03%    passed     99.08%
 219  200709_20-07994_HIV07-01067_FL21_S1_L000_read_60_count_1      3.03%    passed     99.54%
 220  200709_20-07994_HIV07-01067_FL21_S1_L000_read_61_count_1      3.03%    passed     98.74%
 221  200709_20-07994_HIV07-01067_FL21_S1_L000_read_62_count_1      3.03%    passed     99.82%
 222  200709_20-07994_HIV07-01067_FL21_S1_L000_read_63_count_1      3.03%    passed     98.73%
 223  200709_20-07994_HIV07-01067_FL21_S1_L000_read_64_count_1      3.03%    passed     99.80%
 224  200709_20-07994_HIV07-01067_FL21_S1_L000_read_65_count_1      3.03%    passed     99.80%
 225  200709_20-07994_HIV07-01067_FL21_S1_L000_read_66_count_1      3.03%    passed     98.74%
 226  200709_20-07994_HIV07-01067_FL21_S1_L000_read_67_count_1      3.03%    passed     99.11%
 227  200709_20-07994_HIV07-01067_FL21_S1_L000_read_68_count_1      3.03%    passed     99.82%
 228  200709_20-07994_HIV07-01067_FL21_S1_L000_read_69_count_1      3.03%    passed     99.67%
 229  200709_20-07994_HIV07-01067_FL21_S1_L000_read_70_count_1      3.03%    passed     99.82%
 230  200709_20-07994_HIV07-01067_FL21_S1_L000_read_71_count_1      3.03%    passed     99.82%
 231  200709_20-07994_HIV07-01067_FL21_S1_L000_read_72_count_1      3.03%    passed     98.74%
 232  200709_20-07994_HIV07-01067_FL21_S1_L000_read_73_count_1      3.03%    passed     95.31%
 233  200709_20-07994_HIV07-01067_FL21_S1_L000_read_74_count_1      3.03%    passed     99.34%
 234  200709_20-07994_HIV07-01067_FL21_S1_L000_read_75_count_1      3.03%    passed     99.54%
 235  200709_20-07994_HIV07-01067_FL21_S1_L000_read_76_count_1      3.03%    passed     99.91%
 236  200709_20-07994_HIV07-01067_FL21_S1_L000_read_77_count_1      3.03%    passed     99.81%
 237  200709_20-07994_HIV07-01067_FL21_S1_L000_read_78_count_1      3.03%    passed     99.82%
 238  200709_20-07994_HIV07-01067_FL21_S1_L000_read_79_count_1      3.03%    passed     99.82%
 239  200709_20-07994_HIV07-01067_FL21_S1_L000_read_80_count_1      3.03%    passed     99.82%
 240  200709_20-07994_HIV07-01067_FL21_S1_L000_read_81_count_1      3.90%    passed     98.92%
 241  200709_20-07994_HIV07-01067_FL21_S1_L000_read_82_count_1      3.03%    passed     98.74%
 242  200709_20-07994_HIV07-01067_FL21_S1_L000_read_83_count_1      2.60%    passed     97.47%
 243  200709_20-07994_HIV07-01067_FL21_S1_L000_read_84_count_1      3.03%    passed     99.82%
 244  200709_20-07994_HIV07-01067_FL21_S1_L000_read_85_count_1      3.03%    passed     98.40%
 245  200709_20-07994_HIV07-01067_FL21_S1_L000_read_86_count_1      3.46%    passed     99.76%
 246  200709_20-07994_HIV07-01067_FL21_S1_L000_read_87_count_1      3.03%    passed     99.54%
 247  200709_20-07994_HIV07-01067_FL21_S1_L000_read_88_count_1      3.03%    passed     98.73%
 248  200709_20-07994_HIV07-01067_FL21_S1_L000_read_89_count_1      3.03%    passed     98.92%
 249  200709_20-07994_HIV07-01067_FL21_S1_L000_read_90_count_1      3.03%    passed     99.94%
 250  200709_20-07994_HIV07-01067_FL21_S1_L000_read_91_count_1      3.03%    passed     99.82%
 251  200709_20-07994_HIV07-01067_FL21_S1_L000_read_92_count_1      3.03%    passed     99.67%
 252  200709_20-07994_HIV07-01067_FL21_S1_L000_read_93_count_1      3.03%    passed     99.54%
 253  200709_20-07994_HIV07-01067_FL21_S1_L000_read_94_count_1      3.03%    passed     99.72%
 254  200709_20-07994_HIV07-01067_FL21_S1_L000_read_95_count_1      3.03%    passed     99.81%
 255  200709_20-07994_HIV07-01067_FL21_S1_L000_read_96_count_1      3.03%    passed     99.67%
 256  200709_20-07994_HIV07-01067_FL21_S1_L000_read_97_count_1      3.03%    passed     99.54%
 257  200709_20-07994_HIV07-01067_FL21_S1_L000_read_98_count_1      3.03%    passed     99.80%
 258  200709_20-07994_HIV07-01067_FL21_S1_L000_read_99_count_1      3.03%    passed     99.94%
 259  200709_20-07994_HIV07-01067_FL21_S1_L000_read_100_count_1     3.03%    passed     99.82%
 260  200709_20-07994_HIV07-01067_FL21_S1_L000_read_101_count_1     3.03%    passed     97.68%
 261  200709_20-07994_HIV07-01067_FL21_S1_L000_read_102_count_1     3.03%    passed     99.67%
 262  200709_20-07994_HIV07-01067_FL21_S1_L000_read_103_count_1     3.03%    passed     98.19%
 263  200709_20-07994_HIV07-01067_FL21_S1_L000_read_104_count_1     3.03%    passed     95.31%
 264  200709_20-07994_HIV07-01067_FL21_S1_L000_read_105_count_1     3.03%    passed     90.60%
 265  200709_20-07994_HIV07-01067_FL21_S1_L000_read_106_count_1     3.03%    passed     99.94%
 266  200709_20-07994_HIV07-01067_FL21_S1_L000_read_107_count_1     3.03%    passed     99.67%
 267  200709_20-07994_HIV07-01067_FL21_S1_L000_read_108_count_1     3.03%    passed     99.82%
 268  200709_20-07994_HIV07-01067_FL21_S1_L000_read_109_count_1     3.03%    passed     99.67%
 269  200709_20-07994_HIV07-01067_FL21_S1_L000_read_110_count_1     3.03%    passed     99.34%
 270  200709_20-07994_HIV07-01067_FL21_S1_L000_read_111_count_1     3.03%    passed     96.91%
 271  200709_20-07994_HIV07-01067_FL21_S1_L000_read_112_count_1     3.03%    passed     99.82%
 272  200709_20-07994_HIV07-01067_FL21_S1_L000_read_113_count_1     3.46%    passed     99.91%
 273  200709_20-07994_HIV07-01067_FL21_S1_L000_read_114_count_1     3.03%    passed     99.54%
 274  200709_20-07994_HIV07-01067_FL21_S1_L000_read_115_count_1     3.03%    passed     99.91%
 275  200709_20-07994_HIV07-01067_FL21_S1_L000_read_116_count_1     3.03%    passed     99.80%
 276  200709_20-07994_HIV07-01067_FL21_S1_L000_read_117_count_1     3.03%    passed     99.54%
 277  200709_20-07994_HIV07-01067_FL21_S1_L000_read_118_count_1     3.03%    passed     99.98%
 278  200709_20-07994_HIV07-01067_FL21_S1_L000_read_119_count_1     3.03%    passed     98.07%
 279  200709_20-07994_HIV07-01067_FL21_S1_L000_read_120_count_1     3.03%    passed     99.82%
 280  200709_20-07994_HIV07-01067_FL21_S1_L000_read_121_count_1     3.03%    passed     99.34%
 281  200709_20-07994_HIV07-01067_FL21_S1_L000_read_122_count_1     3.46%    passed     99.91%
 282  200709_20-07994_HIV07-01067_FL21_S1_L000_read_123_count_1     3.03%    passed     98.73%
 283  200709_20-07994_HIV07-01067_FL21_S1_L000_read_124_count_1     3.03%    passed     99.72%
 284  200709_20-07994_HIV07-01067_FL21_S1_L000_read_125_count_1     3.03%    passed     98.07%
 285  200709_20-07994_HIV07-01067_FL21_S1_L000_read_126_count_1     3.03%    passed     99.81%
 286  200709_20-07994_HIV07-01067_FL21_S1_L000_read_127_count_1     3.03%    passed     99.82%
 287  200709_20-07994_HIV07-01067_FL21_S1_L000_read_128_count_1     3.03%    passed     99.23%
 288  200709_20-07994_HIV07-01067_FL21_S1_L000_read_129_count_1     3.03%    passed     95.31%
 289  200709_20-07994_HIV07-01067_FL21_S1_L000_read_130_count_1     3.03%    passed     98.55%
 290  200709_20-07994_HIV07-01067_FL21_S1_L000_read_131_count_1     3.03%    passed     99.54%
 291  200709_20-07994_HIV07-01067_FL21_S1_L000_read_132_count_1     3.03%    passed     98.74%
 292  200709_20-07994_HIV07-01067_FL21_S1_L000_read_133_count_1     3.03%    passed     99.67%
 293  200709_20-07994_HIV07-01067_FL21_S1_L000_read_134_count_1     3.03%    passed     99.67%
 294  200709_20-07994_HIV07-01067_FL21_S1_L000_read_135_count_1     3.03%    passed     99.72%
 295  200709_20-07994_HIV07-01067_FL21_S1_L000_read_136_count_1     3.03%    passed     99.80%
 296  200709_20-07994_HIV07-01067_FL21_S1_L000_read_137_count_1     3.03%    passed     98.74%
 297  200709_20-07994_HIV07-01067_FL21_S1_L000_read_138_count_1     3.03%    passed     99.82%
 298  200709_20-07994_HIV07-01067_FL21_S1_L000_read_139_count_1     3.03%    passed     98.74%
 299  200709_20-07994_HIV07-01067_FL21_S1_L000_read_140_count_1     3.03%    passed     98.53%
 300  200709_20-07994_HIV07-01067_FL21_S1_L000_read_141_count_1     3.03%    passed     99.36%
 301  200709_20-07994_HIV07-01067_FL21_S1_L000_read_142_count_1     3.03%    passed     99.17%
 302  200709_20-07994_HIV07-01067_FL21_S1_L000_read_143_count_1     3.03%    passed     99.36%
 303  200709_20-07994_HIV07-01067_FL21_S1_L000_read_144_count_1     3.03%    passed     99.81%
 304  200709_20-07994_HIV07-01067_FL21_S1_L000_read_145_count_1     3.03%    passed     99.43%
 305  200709_20-07994_HIV07-01067_FL21_S1_L000_read_146_count_1     3.03%    passed     99.23%
 306  200709_20-07994_HIV07-01067_FL21_S1_L000_read_147_count_1     3.03%    passed     99.81%
 307  200709_20-07994_HIV07-01067_FL21_S1_L000_read_148_count_1     3.03%    passed     98.74%
 308  200709_20-07994_HIV07-01067_FL21_S1_L000_read_149_count_1     3.03%    passed     99.36%
 309  200709_20-07994_HIV07-01067_FL21_S1_L000_read_150_count_1     3.03%    passed     99.98%
 310  200709_20-07994_HIV07-01067_FL21_S1_L000_read_151_count_1     3.46%    passed     99.62%
 311  200709_20-07994_HIV07-01067_FL21_S1_L000_read_152_count_1     3.03%    passed     99.67%
 312  200709_20-07994_HIV07-01067_FL21_S1_L000_read_153_count_1     3.03%    passed     99.91%
 313  200709_20-07994_HIV07-01067_FL21_S1_L000_read_154_count_1     3.03%    passed     99.80%
 314  200709_20-07994_HIV07-01067_FL21_S1_L000_read_155_count_1     3.03%    passed     99.81%
 315  200709_20-07994_HIV07-01067_FL21_S1_L000_read_156_count_1     3.03%    passed     98.55%
 316  200709_20-07994_HIV07-01067_FL21_S1_L000_read_157_count_1     3.03%    passed     99.82%
 317  200709_20-07994_HIV07-01067_FL21_S1_L000_read_158_count_1     3.03%    passed     99.82%
 318  200709_20-07994_HIV07-01067_FL21_S1_L000_read_159_count_1     3.03%    passed     99.80%
 319  200709_20-07994_HIV07-01067_FL21_S1_L000_read_160_count_1     3.03%    passed     99.54%
 320  200709_20-07994_HIV07-01067_FL21_S1_L000_read_161_count_1     3.03%    passed     99.91%
 321  200709_20-07994_HIV07-01067_FL21_S1_L000_read_162_count_1     3.03%    passed     99.67%
 322  200709_20-07994_HIV07-01067_FL21_S1_L000_read_163_count_1     3.03%    passed     99.82%
 323  200709_20-07994_HIV07-01067_FL21_S1_L000_read_164_count_1     3.03%    passed     99.36%
 324  200709_20-07994_HIV07-01067_FL21_S1_L000_read_165_count_1     3.03%    passed     99.80%
 325  200709_20-07994_HIV07-01067_FL21_S1_L000_read_166_count_1     3.03%    passed     99.81%
 326  200709_20-07994_HIV07-01067_FL21_S1_L000_read_167_count_1     3.03%    passed     98.74%
 327  200709_20-07994_HIV07-01067_FL21_S1_L000_read_168_count_1     3.03%    passed     99.34%
 328  200709_20-07994_HIV07-01067_FL21_S1_L000_read_169_count_1     3.03%    passed     99.67%
 329  200709_20-07994_HIV07-01067_FL21_S1_L000_read_170_count_1     3.03%    passed     99.36%
 330  200709_20-07994_HIV07-01067_FL21_S1_L000_read_171_count_1     3.03%    passed     99.98%
 331  200703_20-07825_HIV09-00618_FL18_S6_L000_read_1_count_548     3.03%    passed     92.10%
 332  200703_20-07825_HIV09-00618_FL18_S6_L000_read_2_count_180     3.03%    passed     88.15%
 333  200703_20-07825_HIV09-00618_FL18_S6_L000_read_3_count_7       3.03%    passed     87.51%
 334  200703_20-07825_HIV09-00618_FL18_S6_L000_read_4_count_4       3.03%    passed     95.08%
 335  200703_20-07825_HIV09-00618_FL18_S6_L000_read_5_count_3       3.03%    passed     87.51%
 336  200703_20-07825_HIV09-00618_FL18_S6_L000_read_6_count_3       3.03%    passed     95.08%
 337  200703_20-07825_HIV09-00618_FL18_S6_L000_read_7_count_2       3.03%    passed     91.40%
 338  200703_20-07825_HIV09-00618_FL18_S6_L000_read_8_count_2       3.03%    passed     95.08%
 339  200703_20-07825_HIV09-00618_FL18_S6_L000_read_9_count_2       3.03%    passed     90.09%
 340  200703_20-07825_HIV09-00618_FL18_S6_L000_read_10_count_2      3.03%    passed     87.51%
 341  200703_20-07825_HIV09-00618_FL18_S6_L000_read_11_count_2      3.03%    passed     95.08%
 342  200703_20-07825_HIV09-00618_FL18_S6_L000_read_12_count_2      3.03%    passed     81.64%
 343  200703_20-07825_HIV09-00618_FL18_S6_L000_read_13_count_2      3.46%    passed     89.43%
 344  200703_20-07825_HIV09-00618_FL18_S6_L000_read_14_count_2      3.03%    passed     88.15%
 345  200703_20-07825_HIV09-00618_FL18_S6_L000_read_15_count_2      3.03%    passed     87.51%
 346  200703_20-07825_HIV09-00618_FL18_S6_L000_read_16_count_2      3.03%    passed     88.15%
 347  200703_20-07825_HIV09-00618_FL18_S6_L000_read_17_count_2      3.03%    passed     90.09%
 348  200703_20-07825_HIV09-00618_FL18_S6_L000_read_18_count_2      3.03%    passed     95.08%
 349  200703_20-07825_HIV09-00618_FL18_S6_L000_read_19_count_2      3.03%    passed     88.15%
 350  200703_20-07825_HIV09-00618_FL18_S6_L000_read_20_count_2      3.03%    passed     95.08%
 351  200703_20-07825_HIV09-00618_FL18_S6_L000_read_21_count_2      3.03%    passed     95.08%
 352  200703_20-07825_HIV09-00618_FL18_S6_L000_read_22_count_2      3.03%    passed     95.08%
 353  200703_20-07825_HIV09-00618_FL18_S6_L000_read_23_count_2      3.03%    passed     81.64%
 354  200703_20-07825_HIV09-00618_FL18_S6_L000_read_24_count_2      3.03%    passed     95.08%
 355  200703_20-07825_HIV09-00618_FL18_S6_L000_read_25_count_2      3.03%    passed     88.15%
 356  200703_20-07825_HIV09-00618_FL18_S6_L000_read_26_count_1      3.03%    passed     95.08%
 357  200703_20-07825_HIV09-00618_FL18_S6_L000_read_27_count_1      3.46%    passed     91.95%
 358  200703_20-07825_HIV09-00618_FL18_S6_L000_read_28_count_1      3.03%    passed     88.15%
 359  200703_20-07825_HIV09-00618_FL18_S6_L000_read_29_count_1      3.03%    passed     88.15%
 360  200703_20-07825_HIV09-00618_FL18_S6_L000_read_30_count_1      3.03%    passed     87.51%
 361  200703_20-07825_HIV09-00618_FL18_S6_L000_read_31_count_1      2.16%    passed     94.50%
 362  200703_20-07825_HIV09-00618_FL18_S6_L000_read_32_count_1      3.03%    passed     95.08%
 363  200703_20-07825_HIV09-00618_FL18_S6_L000_read_33_count_1      3.03%    passed     87.51%
 364  200703_20-07825_HIV09-00618_FL18_S6_L000_read_34_count_1      3.03%    passed     87.51%
 365  200703_20-07825_HIV09-00618_FL18_S6_L000_read_35_count_1      3.03%    passed     87.51%
 366  200703_20-07825_HIV09-00618_FL18_S6_L000_read_36_count_1      3.03%    passed     88.15%
 367  200703_20-07825_HIV09-00618_FL18_S6_L000_read_37_count_1      3.03%    passed     88.57%
 368  200703_20-07825_HIV09-00618_FL18_S6_L000_read_38_count_1      3.03%    passed     88.15%
 369  200703_20-07825_HIV09-00618_FL18_S6_L000_read_39_count_1      3.03%    passed     95.08%
 370  200703_20-07825_HIV09-00618_FL18_S6_L000_read_40_count_1      3.03%    passed     88.15%
 371  200703_20-07825_HIV09-00618_FL18_S6_L000_read_41_count_1      3.03%    passed     91.40%
 372  200703_20-07825_HIV09-00618_FL18_S6_L000_read_42_count_1      3.03%    passed     87.51%
 373  200703_20-07825_HIV09-00618_FL18_S6_L000_read_43_count_1      3.03%    passed     93.73%
 374  200703_20-07825_HIV09-00618_FL18_S6_L000_read_44_count_1      3.03%    passed     96.66%
 375  200703_20-07825_HIV09-00618_FL18_S6_L000_read_45_count_1      3.03%    passed     83.36%
 376  200703_20-07825_HIV09-00618_FL18_S6_L000_read_46_count_1      3.03%    passed     83.36%
 377  200703_20-07825_HIV09-00618_FL18_S6_L000_read_47_count_1      3.03%    passed     88.57%
 378  200703_20-07825_HIV09-00618_FL18_S6_L000_read_48_count_1      3.03%    passed     88.15%
 379  200703_20-07825_HIV09-00618_FL18_S6_L000_read_49_count_1      3.03%    passed     85.52%
 380  200703_20-07825_HIV09-00618_FL18_S6_L000_read_50_count_1      3.03%    passed     87.51%
 381  200703_20-07825_HIV09-00618_FL18_S6_L000_read_51_count_1      3.03%    passed     92.31%
 382  200703_20-07825_HIV09-00618_FL18_S6_L000_read_52_count_1      3.03%    passed     88.15%
 383  200703_20-07825_HIV09-00618_FL18_S6_L000_read_53_count_1      3.46%    passed     89.24%
 384  200703_20-07825_HIV09-00618_FL18_S6_L000_read_54_count_1      3.03%    passed     87.51%
 385  200703_20-07825_HIV09-00618_FL18_S6_L000_read_55_count_1      3.03%    passed     81.64%
 386  200703_20-07825_HIV09-00618_FL18_S6_L000_read_56_count_1      3.03%    passed     92.10%
 387  200703_20-07825_HIV09-00618_FL18_S6_L000_read_57_count_1      3.03%    passed     85.52%
 388  200703_20-07825_HIV09-00618_FL18_S6_L000_read_58_count_1      3.03%    passed     90.09%
 389  200703_20-07825_HIV09-00618_FL18_S6_L000_read_59_count_1      3.03%    passed     85.52%
 390  200703_20-07825_HIV09-00618_FL18_S6_L000_read_60_count_1      3.03%    passed     95.08%
 391  200703_20-07825_HIV09-00618_FL18_S6_L000_read_61_count_1      3.03%    passed     93.97%
 392  200703_20-07825_HIV09-00618_FL18_S6_L000_read_62_count_1      3.03%    passed     96.34%
 393  200703_20-07825_HIV09-00618_FL18_S6_L000_read_63_count_1      3.03%    passed     96.25%
 394  200703_20-07825_HIV09-00618_FL18_S6_L000_read_64_count_1      3.03%    passed     93.97%
 395  200703_20-07825_HIV09-00618_FL18_S6_L000_read_65_count_1      3.03%    passed     83.36%
 396  200703_20-07825_HIV09-00618_FL18_S6_L000_read_66_count_1      3.03%    passed     92.77%
 397  200703_20-07825_HIV09-00618_FL18_S6_L000_read_67_count_1      3.03%    passed     85.52%
 398  200703_20-07825_HIV09-00618_FL18_S6_L000_read_68_count_1      3.03%    passed     92.31%
 399  200703_20-07825_HIV09-00618_FL18_S6_L000_read_69_count_1      3.03%    passed     80.11%
 400  200703_20-07825_HIV09-00618_FL18_S6_L000_read_70_count_1      3.03%    passed     84.53%
 401  200703_20-07825_HIV09-00618_FL18_S6_L000_read_71_count_1      3.03%    passed     92.10%
 402  200703_20-07825_HIV09-00618_FL18_S6_L000_read_72_count_1      3.03%    passed     91.40%
 403  200703_20-07825_HIV09-00618_FL18_S6_L000_read_73_count_1      3.03%    passed     88.57%
 404  200703_20-07825_HIV09-00618_FL18_S6_L000_read_74_count_1      3.03%    passed     81.64%
 405  200703_20-07825_HIV09-00618_FL18_S6_L000_read_75_count_1      3.03%    passed     96.34%
 406  200703_20-07825_HIV09-00618_FL18_S6_L000_read_76_count_1      3.03%    passed     93.73%
 407  200703_20-07825_HIV09-00618_FL18_S6_L000_read_77_count_1      3.03%    passed     88.15%
 408  200703_20-07825_HIV09-00618_FL18_S6_L000_read_78_count_1      3.03%    passed     93.97%
 409  200703_20-07825_HIV09-00618_FL18_S6_L000_read_79_count_1      3.03%    passed     92.10%
 410  200703_20-07825_HIV09-00618_FL18_S6_L000_read_80_count_1      3.03%    passed     88.15%
 411  200703_20-07825_HIV09-00618_FL18_S6_L000_read_81_count_1      3.03%    passed     93.73%
 412  200703_20-07825_HIV09-00618_FL18_S6_L000_read_82_count_1      3.03%    passed     93.97%
 413  200703_20-07825_HIV09-00618_FL18_S6_L000_read_83_count_1      3.03%    passed     88.15%
 414  200703_20-07825_HIV09-00618_FL18_S6_L000_read_84_count_1      3.03%    passed     93.73%
 415  200703_20-07825_HIV09-00618_FL18_S6_L000_read_85_count_1      3.03%    passed     87.51%
 416  200703_20-07825_HIV09-00618_FL18_S6_L000_read_86_count_1      3.03%    passed     88.57%
 417  200703_20-07825_HIV09-00618_FL18_S6_L000_read_87_count_1      3.03%    passed     88.15%
 418  200703_20-07825_HIV09-00618_FL18_S6_L000_read_88_count_1      3.03%    passed     87.51%
 419  200703_20-07825_HIV09-00618_FL18_S6_L000_read_89_count_1      3.03%    passed     89.15%
 420  200703_20-07825_HIV09-00618_FL18_S6_L000_read_90_count_1      3.03%    passed     96.34%
 421  200703_20-07825_HIV09-00618_FL18_S6_L000_read_91_count_1      3.03%    passed     96.66%
 422  200703_20-07825_HIV09-00618_FL18_S6_L000_read_92_count_1      3.03%    passed     88.57%
 423  200703_20-07825_HIV09-00618_FL18_S6_L000_read_93_count_1      3.03%    passed     88.57%
 424  200703_20-07825_HIV09-00618_FL18_S6_L000_read_94_count_1      3.03%    passed     88.15%
 425  200703_20-07825_HIV09-00618_FL18_S6_L000_read_95_count_1      3.03%    passed     84.96%
 426  200703_20-07825_HIV09-00618_FL18_S6_L000_read_96_count_1      3.03%    passed     83.36%
 427  200703_20-07825_HIV09-00618_FL18_S6_L000_read_97_count_1      3.03%    passed     93.73%
 428  200703_20-07825_HIV09-00618_FL18_S6_L000_read_98_count_1      3.03%    passed     89.15%
 429  200703_20-07825_HIV09-00618_FL18_S6_L000_read_99_count_1      3.03%    passed     87.51%
 430  200703_20-07825_HIV09-00618_FL18_S6_L000_read_100_count_1     3.03%    passed     85.52%
 431  200703_20-07825_HIV09-00618_FL18_S6_L000_read_101_count_1     3.03%    passed     93.73%
 432  200703_20-07825_HIV09-00618_FL18_S6_L000_read_102_count_1     3.03%    passed     90.09%
 433  200703_20-07825_HIV09-00618_FL18_S6_L000_read_103_count_1     3.03%    passed     87.51%
 434  200703_20-07825_HIV09-00618_FL18_S6_L000_read_104_count_1     3.03%    passed     91.40%
 435  200703_20-07825_HIV09-00618_FL18_S6_L000_read_105_count_1     3.03%    passed     87.51%
 436  200814_20-09728_HIV09-02843_FL30_S2_L000_read_1_count_299     3.03%    passed     97.53%
 437  200814_20-09728_HIV09-02843_FL30_S2_L000_read_2_count_52      3.03%    passed     91.08%
 438  200814_20-09728_HIV09-02843_FL30_S2_L000_read_3_count_38      3.03%    passed     98.12%
 439  200814_20-09728_HIV09-02843_FL30_S2_L000_read_4_count_38      3.03%    passed     95.82%
 440  200814_20-09728_HIV09-02843_FL30_S2_L000_read_5_count_36      3.03%    passed     99.36%
 441  200814_20-09728_HIV09-02843_FL30_S2_L000_read_6_count_36      3.03%    passed     98.12%
 442  200814_20-09728_HIV09-02843_FL30_S2_L000_read_7_count_34      3.03%    passed     98.12%
 443  200814_20-09728_HIV09-02843_FL30_S2_L000_read_8_count_31      3.03%    passed     95.82%
 444  200814_20-09728_HIV09-02843_FL30_S2_L000_read_9_count_29      3.03%    passed     95.82%
 445  200814_20-09728_HIV09-02843_FL30_S2_L000_read_10_count_24     3.03%    passed     93.17%
 446  200814_20-09728_HIV09-02843_FL30_S2_L000_read_11_count_22     3.03%    passed     92.67%
 447  200814_20-09728_HIV09-02843_FL30_S2_L000_read_12_count_19     3.03%    passed     97.51%
 448  200814_20-09728_HIV09-02843_FL30_S2_L000_read_13_count_17     3.03%    passed     99.36%
 449  200814_20-09728_HIV09-02843_FL30_S2_L000_read_14_count_13     3.03%    passed     95.82%
 450  200814_20-09728_HIV09-02843_FL30_S2_L000_read_15_count_12     3.03%    passed     98.12%
 451  200814_20-09728_HIV09-02843_FL30_S2_L000_read_16_count_12     3.03%    passed     96.21%
 452  200814_20-09728_HIV09-02843_FL30_S2_L000_read_17_count_10     3.03%    passed     99.36%
 453  200814_20-09728_HIV09-02843_FL30_S2_L000_read_18_count_10     3.03%    passed     98.12%
 454  200814_20-09728_HIV09-02843_FL30_S2_L000_read_19_count_9      3.03%    passed     95.82%
 455  200814_20-09728_HIV09-02843_FL30_S2_L000_read_20_count_8      3.03%    passed     93.94%
 456  200814_20-09728_HIV09-02843_FL30_S2_L000_read_21_count_8      3.03%    passed     98.12%
 457  200814_20-09728_HIV09-02843_FL30_S2_L000_read_22_count_8      3.03%    passed     97.53%
 458  200814_20-09728_HIV09-02843_FL30_S2_L000_read_23_count_6      3.03%    passed     98.07%
 459  200814_20-09728_HIV09-02843_FL30_S2_L000_read_24_count_6      3.03%    passed     97.77%
 460  200814_20-09728_HIV09-02843_FL30_S2_L000_read_25_count_6      3.03%    passed     98.12%
 461  200814_20-09728_HIV09-02843_FL30_S2_L000_read_26_count_5      3.03%    passed     97.53%
 462  200814_20-09728_HIV09-02843_FL30_S2_L000_read_27_count_5      3.03%    passed     99.36%
 463  200814_20-09728_HIV09-02843_FL30_S2_L000_read_28_count_2      3.46%    passed     97.75%
 464  200814_20-09728_HIV09-02843_FL30_S2_L000_read_29_count_2      3.03%    passed     99.36%
 465  200814_20-09728_HIV09-02843_FL30_S2_L000_read_30_count_2      3.03%    passed     98.09%
 466  200814_20-09728_HIV09-02843_FL30_S2_L000_read_31_count_2      3.03%    passed     95.82%
 467  200814_20-09728_HIV09-02843_FL30_S2_L000_read_32_count_2      3.03%    passed     98.09%
 468  200814_20-09728_HIV09-02843_FL30_S2_L000_read_33_count_2      3.03%    passed     95.82%
 469  200814_20-09728_HIV09-02843_FL30_S2_L000_read_34_count_2      3.03%    passed     97.53%
 470  200814_20-09728_HIV09-02843_FL30_S2_L000_read_35_count_1      3.03%    passed     95.82%
 471  200814_20-09728_HIV09-02843_FL30_S2_L000_read_36_count_1      3.03%    passed     92.67%
 472  200814_20-09728_HIV09-02843_FL30_S2_L000_read_37_count_1      3.03%    passed     93.48%
 473  200814_20-09728_HIV09-02843_FL30_S2_L000_read_38_count_1      3.03%    passed     95.34%
 474  200814_20-09728_HIV09-02843_FL30_S2_L000_read_39_count_1      3.03%    passed     92.99%
 475  200814_20-09728_HIV09-02843_FL30_S2_L000_read_40_count_1      3.03%    passed     93.17%
 476  200814_20-09728_HIV09-02843_FL30_S2_L000_read_41_count_1      3.03%    passed     85.59%
 477  200814_20-09728_HIV09-02843_FL30_S2_L000_read_42_count_1      3.03%    passed     99.36%
 478  200814_20-09728_HIV09-02843_FL30_S2_L000_read_43_count_1      3.03%    passed     96.46%
 479  200814_20-09728_HIV09-02843_FL30_S2_L000_read_44_count_1      3.03%    passed     99.72%
 480  200814_20-09728_HIV09-02843_FL30_S2_L000_read_45_count_1      3.03%    passed     97.53%
 481  200814_20-09728_HIV09-02843_FL30_S2_L000_read_46_count_1      3.03%    passed     97.66%
 482  200814_20-09728_HIV09-02843_FL30_S2_L000_read_47_count_1      3.03%    passed     99.36%
 483  200814_20-09728_HIV09-02843_FL30_S2_L000_read_48_count_1      3.03%    passed     98.12%
 484  200814_20-09728_HIV09-02843_FL30_S2_L000_read_49_count_1      3.03%    passed     96.46%
 485  200814_20-09728_HIV09-02843_FL30_S2_L000_read_50_count_1      3.03%    passed     89.69%
 486  200814_20-09728_HIV09-02843_FL30_S2_L000_read_51_count_1      3.03%    passed     97.53%
 487  200814_20-09728_HIV09-02843_FL30_S2_L000_read_52_count_1      3.03%    passed     93.94%
 488  200814_20-09728_HIV09-02843_FL30_S2_L000_read_53_count_1      3.03%    passed     97.53%
 489  200814_20-09728_HIV09-02843_FL30_S2_L000_read_54_count_1      3.03%    passed     97.53%
 490  200814_20-09728_HIV09-02843_FL30_S2_L000_read_55_count_1      3.03%    passed     95.45%
 491  200814_20-09728_HIV09-02843_FL30_S2_L000_read_56_count_1      3.03%    passed     91.71%
 492  200814_20-09728_HIV09-02843_FL30_S2_L000_read_57_count_1      3.03%    passed     96.21%
 493  200814_20-09728_HIV09-02843_FL30_S2_L000_read_58_count_1      3.03%    passed     93.17%
 494  200814_20-09728_HIV09-02843_FL30_S2_L000_read_59_count_1      3.03%    passed     97.53%
 495  200814_20-09728_HIV09-02843_FL30_S2_L000_read_60_count_1      3.03%    passed     95.82%
 496  200814_20-09728_HIV09-02843_FL30_S2_L000_read_61_count_1      3.46%    passed     97.77%
 497  200814_20-09728_HIV09-02843_FL30_S2_L000_read_62_count_1      3.03%    passed     99.11%
 498  200814_20-09728_HIV09-02843_FL30_S2_L000_read_63_count_1      3.03%    passed     97.51%
 499  200814_20-09728_HIV09-02843_FL30_S2_L000_read_64_count_1      3.03%    passed     97.53%
 500  200814_20-09728_HIV09-02843_FL30_S2_L000_read_65_count_1      3.03%    passed     95.45%
 501  200814_20-09728_HIV09-02843_FL30_S2_L000_read_66_count_1      3.03%    passed     97.51%
 502  200814_20-09728_HIV09-02843_FL30_S2_L000_read_67_count_1      3.03%    passed     98.66%
 503  200814_20-09728_HIV09-02843_FL30_S2_L000_read_68_count_1      3.03%    passed     94.25%
 504  200814_20-09728_HIV09-02843_FL30_S2_L000_read_69_count_1      3.03%    passed     97.53%
 505  200814_20-09728_HIV09-02843_FL30_S2_L000_read_70_count_1      3.03%    passed     95.82%
 506  200814_20-09728_HIV09-02843_FL30_S2_L000_read_71_count_1      3.03%    passed     91.71%
 507  200814_20-09728_HIV09-02843_FL30_S2_L000_read_72_count_1      3.03%    passed     91.88%
 508  200814_20-09728_HIV09-02843_FL30_S2_L000_read_73_count_1      3.03%    passed     92.67%
 509  200814_20-09728_HIV09-02843_FL30_S2_L000_read_74_count_1      3.03%    passed     95.41%
 510  200814_20-09728_HIV09-02843_FL30_S2_L000_read_75_count_1      3.03%    passed     98.09%
 511  200814_20-09728_HIV09-02843_FL30_S2_L000_read_76_count_1      3.03%    passed     95.47%
 512  200814_20-09728_HIV09-02843_FL30_S2_L000_read_77_count_1      3.03%    passed     95.82%
 513  200814_20-09728_HIV09-02843_FL30_S2_L000_read_78_count_1      2.16%    passed     90.90%
 514  200814_20-09728_HIV09-02843_FL30_S2_L000_read_79_count_1      3.03%    passed     98.45%
 515  200814_20-09728_HIV09-02843_FL30_S2_L000_read_80_count_1      3.03%    passed     87.52%
 516  200814_20-09728_HIV09-02843_FL30_S2_L000_read_81_count_1      3.03%    passed     98.09%
 517  200814_20-09728_HIV09-02843_FL30_S2_L000_read_82_count_1      3.03%    passed     95.82%
 518  200814_20-09728_HIV09-02843_FL30_S2_L000_read_83_count_1      3.46%    passed     96.72%
 519  200814_20-09728_HIV09-02843_FL30_S2_L000_read_84_count_1      3.03%    passed     94.25%
 520  200814_20-09728_HIV09-02843_FL30_S2_L000_read_85_count_1      3.03%    passed     99.27%
 521  200814_20-09728_HIV09-02843_FL30_S2_L000_read_86_count_1      3.03%    passed     98.07%
 522  200814_20-09728_HIV09-02843_FL30_S2_L000_read_87_count_1      3.03%    passed     94.25%
 523  200814_20-09728_HIV09-02843_FL30_S2_L000_read_88_count_1      3.03%    passed     98.09%
 524  200814_20-09728_HIV09-02843_FL30_S2_L000_read_89_count_1      3.03%    passed     99.36%
 525  200814_20-09728_HIV09-02843_FL30_S2_L000_read_90_count_1      3.03%    passed     98.12%
 526  200814_20-09728_HIV09-02843_FL30_S2_L000_read_91_count_1      2.60%    passed     96.81%
 527  200814_20-09728_HIV09-02843_FL30_S2_L000_read_92_count_1      3.03%    passed     95.82%
 528  200814_20-09728_HIV09-02843_FL30_S2_L000_read_93_count_1      3.03%    passed     95.45%
 529  200814_20-09728_HIV09-02843_FL30_S2_L000_read_94_count_1      3.03%    passed     94.81%
 530  200814_20-09728_HIV09-02843_FL30_S2_L000_read_95_count_1      3.03%    passed     95.47%
 531  200814_20-09728_HIV09-02843_FL30_S2_L000_read_96_count_1      3.03%    passed     96.21%
 532  200814_20-09728_HIV09-02843_FL30_S2_L000_read_97_count_1      3.03%    passed     99.11%
 533  200814_20-09728_HIV09-02843_FL30_S2_L000_read_98_count_1      3.03%    passed     96.02%
 534  200814_20-09728_HIV09-02843_FL30_S2_L000_read_99_count_1      3.03%    passed     91.08%
 535  200814_20-09728_HIV09-02843_FL30_S2_L000_read_100_count_1     3.03%    passed     96.46%
 536  200814_20-09728_HIV09-02843_FL30_S2_L000_read_101_count_1     3.03%    passed     95.82%
 537  200814_20-09728_HIV09-02843_FL30_S2_L000_read_102_count_1     3.03%    passed     99.36%
 538  200814_20-09728_HIV09-02843_FL30_S2_L000_read_103_count_1     3.03%    passed     91.71%
 539  200814_20-09728_HIV09-02843_FL30_S2_L000_read_104_count_1     3.03%    passed     92.67%
 540  200814_20-09728_HIV09-02843_FL30_S2_L000_read_105_count_1     3.03%    passed     99.11%
 541  200814_20-09728_HIV09-02843_FL30_S2_L000_read_106_count_1     3.03%    passed     99.36%
 542  200814_20-09728_HIV09-02843_FL30_S2_L000_read_107_count_1     3.03%    passed     95.82%
 543  200814_20-09728_HIV09-02843_FL30_S2_L000_read_108_count_1     3.03%    passed     95.47%
 544  200814_20-09728_HIV09-02843_FL30_S2_L000_read_109_count_1     3.46%    passed     92.13%
 545  200814_20-09728_HIV09-02843_FL30_S2_L000_read_110_count_1     3.03%    passed     99.25%
 546  200814_20-09728_HIV09-02843_FL30_S2_L000_read_111_count_1     3.03%    passed     95.82%
 547  200814_20-09728_HIV09-02843_FL30_S2_L000_read_112_count_1     3.03%    passed     93.17%
 548  200814_20-09728_HIV09-02843_FL30_S2_L000_read_113_count_1     3.03%    passed     97.53%
 549  200814_20-09728_HIV09-02843_FL30_S2_L000_read_114_count_1     3.03%    passed     92.67%
 550  200814_20-09728_HIV09-02843_FL30_S2_L000_read_115_count_1     3.03%    passed     99.11%
 551  200814_20-09728_HIV09-02843_FL30_S2_L000_read_116_count_1     3.03%    passed     98.07%
 552  200814_20-09728_HIV09-02843_FL30_S2_L000_read_117_count_1     3.03%    passed     98.45%
 553  200814_20-09728_HIV09-02843_FL30_S2_L000_read_118_count_1     3.03%    passed     99.72%
 554  200814_20-09728_HIV09-02843_FL30_S2_L000_read_119_count_1     3.46%    passed     98.81%
 555  200814_20-09728_HIV09-02843_FL30_S2_L000_read_120_count_1     3.03%    passed     95.82%
 556  200814_20-09728_HIV09-02843_FL30_S2_L000_read_121_count_1     3.03%    passed     94.25%
 557  200814_20-09728_HIV09-02843_FL30_S2_L000_read_122_count_1     3.03%    passed     92.67%
 558  200814_20-09728_HIV09-02843_FL30_S2_L000_read_123_count_1     3.03%    passed     95.82%
 559  200814_20-09728_HIV09-02843_FL30_S2_L000_read_124_count_1     3.46%    passed     96.45%
 560  200814_20-09728_HIV09-02843_FL30_S2_L000_read_125_count_1     3.03%    passed     98.09%
 561  200814_20-09728_HIV09-02843_FL30_S2_L000_read_126_count_1     3.03%    passed     95.81%
 562  200814_20-09728_HIV09-02843_FL30_S2_L000_read_127_count_1     3.03%    passed     94.25%
 563  200814_20-09728_HIV09-02843_FL30_S2_L000_read_128_count_1     3.03%    passed     98.07%
 564  200814_20-09728_HIV09-02843_FL30_S2_L000_read_129_count_1     3.03%    passed     91.08%
 565  200814_20-09728_HIV09-02843_FL30_S2_L000_read_130_count_1     3.03%    passed     99.36%
 566  200814_20-09728_HIV09-02843_FL30_S2_L000_read_131_count_1     3.03%    passed     91.34%
 567  200814_20-09728_HIV09-02843_FL30_S2_L000_read_132_count_1     3.03%    passed     99.11%
 568  200814_20-09728_HIV09-02843_FL30_S2_L000_read_133_count_1     3.03%    passed     99.11%
 569  200814_20-09728_HIV09-02843_FL30_S2_L000_read_134_count_1     3.03%    passed     97.53%
 570  200814_20-09728_HIV09-02843_FL30_S2_L000_read_135_count_1     3.03%    passed     96.85%
 571  200814_20-09728_HIV09-02843_FL30_S2_L000_read_136_count_1     3.03%    passed     99.27%
 572  200814_20-09728_HIV09-02843_FL30_S2_L000_read_137_count_1     2.60%    passed     95.37%
 573  200814_20-09728_HIV09-02843_FL30_S2_L000_read_138_count_1     3.03%    passed     92.67%
 574  200814_20-09728_HIV09-02843_FL30_S2_L000_read_139_count_1     3.46%    passed     96.72%
 575  200814_20-09728_HIV09-02843_FL30_S2_L000_read_140_count_1     3.03%    passed     97.53%
 576  200814_20-09728_HIV09-02843_FL30_S2_L000_read_141_count_1     3.03%    passed     97.53%
 577  200814_20-09728_HIV09-02843_FL30_S2_L000_read_142_count_1     3.03%    passed     95.47%
 578  200814_20-09728_HIV09-02843_FL30_S2_L000_read_143_count_1     3.03%    passed     99.11%
 579  200814_20-09728_HIV09-02843_FL30_S2_L000_read_144_count_1     3.03%    passed     88.23%
 580  200814_20-09728_HIV09-02843_FL30_S2_L000_read_145_count_1     3.03%    passed     94.25%
 581  200814_20-09728_HIV09-02843_FL30_S2_L000_read_146_count_1     3.03%    passed     99.25%
 582  200814_20-09728_HIV09-02843_FL30_S2_L000_read_147_count_1     3.03%    passed     99.36%
 583  200814_20-09728_HIV09-02843_FL30_S2_L000_read_148_count_1     3.03%    passed     98.09%
 584  200814_20-09728_HIV09-02843_FL30_S2_L000_read_149_count_1     3.03%    passed     99.11%
 585  200814_20-09728_HIV09-02843_FL30_S2_L000_read_150_count_1     3.03%    passed     99.36%
 586  200814_20-09728_HIV09-02843_FL30_S2_L000_read_151_count_1     3.03%    passed     99.27%
 587  200814_20-09728_HIV09-02843_FL30_S2_L000_read_152_count_1     3.03%    passed     95.45%
 588  200814_20-09728_HIV09-02843_FL30_S2_L000_read_153_count_1     3.03%    passed     94.25%
 589  200814_20-09728_HIV09-02843_FL30_S2_L000_read_154_count_1     3.03%    passed     99.67%
 590  200814_20-09728_HIV09-02843_FL30_S2_L000_read_155_count_1     3.90%    passed     99.10%
 591  200814_20-09728_HIV09-02843_FL30_S2_L000_read_156_count_1     3.03%    passed     96.21%
 592  200814_20-09728_HIV09-02843_FL30_S2_L000_read_157_count_1     3.03%    passed     98.09%
 593  200814_20-09728_HIV09-02843_FL30_S2_L000_read_158_count_1     3.03%    passed     97.51%
 594  200814_20-09728_HIV09-02843_FL30_S2_L000_read_159_count_1     3.03%    passed     95.45%
 595  200814_20-09728_HIV09-02843_FL30_S2_L000_read_160_count_1     3.03%    passed     98.07%
 596  200814_20-09728_HIV09-02843_FL30_S2_L000_read_161_count_1     3.46%    passed     98.78%
 597  200724_20-08522_HIV11-02415_FL24_S18_L000_read_1_count_300    3.03%    passed     99.91%
 598  200724_20-08522_HIV11-02415_FL24_S18_L000_read_2_count_108    3.03%    passed     99.54%
 599  200724_20-08522_HIV11-02415_FL24_S18_L000_read_3_count_52     3.03%    passed     98.19%
 600  200724_20-08522_HIV11-02415_FL24_S18_L000_read_4_count_51     3.03%    passed     99.81%
 601  200724_20-08522_HIV11-02415_FL24_S18_L000_read_5_count_15     3.03%    passed     99.54%
 602  200724_20-08522_HIV11-02415_FL24_S18_L000_read_6_count_14     3.03%    passed     99.82%
 603  200724_20-08522_HIV11-02415_FL24_S18_L000_read_7_count_11     3.03%    passed     99.11%
 604  200724_20-08522_HIV11-02415_FL24_S18_L000_read_8_count_8      3.03%    passed     99.81%
 605  200724_20-08522_HIV11-02415_FL24_S18_L000_read_9_count_7      3.03%    passed     98.19%
 606  200724_20-08522_HIV11-02415_FL24_S18_L000_read_10_count_6     3.03%    passed     99.54%
 607  200724_20-08522_HIV11-02415_FL24_S18_L000_read_11_count_6     3.03%    passed     99.11%
 608  200724_20-08522_HIV11-02415_FL24_S18_L000_read_12_count_5     3.03%    passed     99.54%
 609  200724_20-08522_HIV11-02415_FL24_S18_L000_read_13_count_4     3.03%    passed     99.54%
 610  200724_20-08522_HIV11-02415_FL24_S18_L000_read_14_count_3     3.03%    passed     99.82%
 611  200724_20-08522_HIV11-02415_FL24_S18_L000_read_15_count_3     3.03%    passed     99.27%
 612  200724_20-08522_HIV11-02415_FL24_S18_L000_read_16_count_3     3.03%    passed     99.81%
 613  200724_20-08522_HIV11-02415_FL24_S18_L000_read_17_count_3     3.03%    passed     95.31%
 614  200724_20-08522_HIV11-02415_FL24_S18_L000_read_18_count_3     3.03%    passed     99.54%
 615  200724_20-08522_HIV11-02415_FL24_S18_L000_read_19_count_3     3.03%    passed     99.54%
 616  200724_20-08522_HIV11-02415_FL24_S18_L000_read_20_count_3     3.03%    passed     99.54%
 617  200724_20-08522_HIV11-02415_FL24_S18_L000_read_21_count_3     3.03%    passed     95.31%
 618  200724_20-08522_HIV11-02415_FL24_S18_L000_read_22_count_3     3.03%    passed     95.31%
 619  200724_20-08522_HIV11-02415_FL24_S18_L000_read_23_count_2     3.03%    passed     99.11%
 620  200724_20-08522_HIV11-02415_FL24_S18_L000_read_24_count_2     3.03%    passed     99.54%
 621  200724_20-08522_HIV11-02415_FL24_S18_L000_read_25_count_2     3.03%    passed     98.07%
 622  200724_20-08522_HIV11-02415_FL24_S18_L000_read_26_count_2     3.03%    passed     98.07%
 623  200724_20-08522_HIV11-02415_FL24_S18_L000_read_27_count_2     3.03%    passed     96.29%
 624  200724_20-08522_HIV11-02415_FL24_S18_L000_read_28_count_2     3.03%    passed     98.74%
 625  200724_20-08522_HIV11-02415_FL24_S18_L000_read_29_count_2     3.03%    passed     99.54%
 626  200724_20-08522_HIV11-02415_FL24_S18_L000_read_30_count_2     3.03%    passed     99.81%
 627  200724_20-08522_HIV11-02415_FL24_S18_L000_read_31_count_2     3.03%    passed     98.74%
 628  200724_20-08522_HIV11-02415_FL24_S18_L000_read_32_count_2     3.03%    passed     98.19%
 629  200724_20-08522_HIV11-02415_FL24_S18_L000_read_33_count_2     3.03%    passed     99.34%
 630  200724_20-08522_HIV11-02415_FL24_S18_L000_read_34_count_2     3.03%    passed     99.67%
 631  200724_20-08522_HIV11-02415_FL24_S18_L000_read_35_count_2     3.03%    passed     98.19%
 632  200724_20-08522_HIV11-02415_FL24_S18_L000_read_36_count_2     3.03%    passed     99.98%
 633  200724_20-08522_HIV11-02415_FL24_S18_L000_read_37_count_2     3.03%    passed     99.98%
 634  200724_20-08522_HIV11-02415_FL24_S18_L000_read_38_count_2     3.03%    passed     98.19%
 635  200724_20-08522_HIV11-02415_FL24_S18_L000_read_39_count_2     3.03%    passed     99.98%
 636  200724_20-08522_HIV11-02415_FL24_S18_L000_read_40_count_2     3.03%    passed     99.34%
 637  200724_20-08522_HIV11-02415_FL24_S18_L000_read_41_count_1     3.03%    passed     95.13%
 638  200724_20-08522_HIV11-02415_FL24_S18_L000_read_42_count_1     3.03%    passed     98.07%
 639  200724_20-08522_HIV11-02415_FL24_S18_L000_read_43_count_1     3.03%    passed     99.11%
 640  200724_20-08522_HIV11-02415_FL24_S18_L000_read_44_count_1     3.03%    passed     99.91%
 641  200724_20-08522_HIV11-02415_FL24_S18_L000_read_45_count_1     3.03%    passed     99.23%
 642  200724_20-08522_HIV11-02415_FL24_S18_L000_read_46_count_1     3.03%    passed     99.88%
 643  200724_20-08522_HIV11-02415_FL24_S18_L000_read_47_count_1     3.03%    passed     97.95%
 644  200724_20-08522_HIV11-02415_FL24_S18_L000_read_48_count_1     3.03%    passed     99.54%
 645  200724_20-08522_HIV11-02415_FL24_S18_L000_read_49_count_1     3.03%    passed     99.44%
 646  200724_20-08522_HIV11-02415_FL24_S18_L000_read_50_count_1     3.03%    passed     99.54%
 647  200724_20-08522_HIV11-02415_FL24_S18_L000_read_51_count_1     3.03%    passed     98.07%
 648  200724_20-08522_HIV11-02415_FL24_S18_L000_read_52_count_1     2.16%    passed     99.14%
 649  200724_20-08522_HIV11-02415_FL24_S18_L000_read_53_count_1     3.03%    passed     99.54%
 650  200724_20-08522_HIV11-02415_FL24_S18_L000_read_54_count_1     3.03%    passed     98.19%
 651  200724_20-08522_HIV11-02415_FL24_S18_L000_read_55_count_1     3.03%    passed     99.82%
 652  200724_20-08522_HIV11-02415_FL24_S18_L000_read_56_count_1     3.03%    passed     98.07%
 653  200724_20-08522_HIV11-02415_FL24_S18_L000_read_57_count_1     3.03%    passed     96.29%
 654  200724_20-08522_HIV11-02415_FL24_S18_L000_read_58_count_1     3.03%    passed     99.34%
 655  200724_20-08522_HIV11-02415_FL24_S18_L000_read_59_count_1     3.03%    passed     97.19%
 656  200724_20-08522_HIV11-02415_FL24_S18_L000_read_60_count_1     3.03%    passed     98.74%
 657  200724_20-08522_HIV11-02415_FL24_S18_L000_read_61_count_1     3.03%    passed     99.10%
 658  200724_20-08522_HIV11-02415_FL24_S18_L000_read_62_count_1     3.03%    passed     99.82%
 659  200724_20-08522_HIV11-02415_FL24_S18_L000_read_63_count_1     3.03%    passed     99.80%
 660  200724_20-08522_HIV11-02415_FL24_S18_L000_read_64_count_1     3.03%    passed     99.91%
 661  200724_20-08522_HIV11-02415_FL24_S18_L000_read_65_count_1     6.06%    passed     80.67%
 662  200724_20-08522_HIV11-02415_FL24_S18_L000_read_66_count_1     3.03%    passed     99.91%
 663  200724_20-08522_HIV11-02415_FL24_S18_L000_read_67_count_1     3.03%    passed     99.54%
 664  200724_20-08522_HIV11-02415_FL24_S18_L000_read_68_count_1     3.03%    passed     99.34%
 665  200724_20-08522_HIV11-02415_FL24_S18_L000_read_69_count_1     3.03%    passed     99.54%
 666  200724_20-08522_HIV11-02415_FL24_S18_L000_read_70_count_1     3.03%    passed     97.19%
 667  200724_20-08522_HIV11-02415_FL24_S18_L000_read_71_count_1     3.03%    passed     98.72%
 668  200724_20-08522_HIV11-02415_FL24_S18_L000_read_72_count_1     3.03%    passed     99.34%
 669  200724_20-08522_HIV11-02415_FL24_S18_L000_read_73_count_1     3.03%    passed     98.19%
 670  200724_20-08522_HIV11-02415_FL24_S18_L000_read_74_count_1     3.03%    passed     95.72%
 671  200724_20-08522_HIV11-02415_FL24_S18_L000_read_75_count_1     3.03%    passed     98.19%
 672  200724_20-08522_HIV11-02415_FL24_S18_L000_read_76_count_1     3.03%    passed     99.81%
 673  200724_20-08522_HIV11-02415_FL24_S18_L000_read_77_count_1     3.03%    passed     98.30%
 674  200724_20-08522_HIV11-02415_FL24_S18_L000_read_78_count_1     3.03%    passed     97.26%
 675  200724_20-08522_HIV11-02415_FL24_S18_L000_read_79_count_1     3.03%    passed     99.91%
 676  200724_20-08522_HIV11-02415_FL24_S18_L000_read_80_count_1     3.03%    passed     95.59%
 677  200724_20-08522_HIV11-02415_FL24_S18_L000_read_81_count_1     3.46%    passed     98.42%
 678  200724_20-08522_HIV11-02415_FL24_S18_L000_read_82_count_1     3.03%    passed     99.82%
 679  200724_20-08522_HIV11-02415_FL24_S18_L000_read_83_count_1     3.03%    passed     99.54%
 680  200724_20-08522_HIV11-02415_FL24_S18_L000_read_84_count_1     3.03%    passed     99.10%
 681  200724_20-08522_HIV11-02415_FL24_S18_L000_read_85_count_1     3.03%    passed     99.91%
 682  200724_20-08522_HIV11-02415_FL24_S18_L000_read_86_count_1     3.03%    passed     95.31%
 683  200724_20-08522_HIV11-02415_FL24_S18_L000_read_87_count_1     3.03%    passed     99.10%
 684  200724_20-08522_HIV11-02415_FL24_S18_L000_read_88_count_1     3.03%    passed     98.07%
 685  200724_20-08522_HIV11-02415_FL24_S18_L000_read_89_count_1     3.03%    passed     99.54%
 686  200724_20-08522_HIV11-02415_FL24_S18_L000_read_90_count_1     3.03%    passed     93.02%
 687  200724_20-08522_HIV11-02415_FL24_S18_L000_read_91_count_1     3.03%    passed     96.91%
 688  200724_20-08522_HIV11-02415_FL24_S18_L000_read_92_count_1     3.03%    passed     99.23%
 689  200724_20-08522_HIV11-02415_FL24_S18_L000_read_93_count_1     3.03%    passed     96.73%
 690  200724_20-08522_HIV11-02415_FL24_S18_L000_read_94_count_1     3.03%    passed     98.30%
 691  200724_20-08522_HIV11-02415_FL24_S18_L000_read_95_count_1     3.03%    passed     99.98%
 692  200724_20-08522_HIV11-02415_FL24_S18_L000_read_96_count_1     3.03%    passed     99.81%
 693  200724_20-08522_HIV11-02415_FL24_S18_L000_read_97_count_1     3.03%    passed     97.32%
 694  200724_20-08522_HIV11-02415_FL24_S18_L000_read_98_count_1     3.03%    passed     99.10%
 695  200724_20-08522_HIV11-02415_FL24_S18_L000_read_99_count_1     3.03%    passed     99.94%
 696  200724_20-08522_HIV11-02415_FL24_S18_L000_read_100_count_1    3.03%    passed     90.60%
 697  200724_20-08522_HIV11-02415_FL24_S18_L000_read_101_count_1    3.03%    passed     98.74%
 698  200724_20-08522_HIV11-02415_FL24_S18_L000_read_102_count_1    3.03%    passed     99.91%
 699  200724_20-08522_HIV11-02415_FL24_S18_L000_read_103_count_1    3.03%    passed     95.13%
 700  200724_20-08522_HIV11-02415_FL24_S18_L000_read_104_count_1    3.03%    passed     99.23%
 701  200724_20-08522_HIV11-02415_FL24_S18_L000_read_105_count_1    3.03%    passed     96.86%
 702  200724_20-08522_HIV11-02415_FL24_S18_L000_read_106_count_1    3.46%    passed     96.62%
 703  200724_20-08522_HIV11-02415_FL24_S18_L000_read_107_count_1    3.03%    passed     95.31%
 704  200724_20-08522_HIV11-02415_FL24_S18_L000_read_108_count_1    3.03%    passed     96.25%
 705  200724_20-08522_HIV11-02415_FL24_S18_L000_read_109_count_1    3.03%    passed     98.19%
 706  200724_20-08522_HIV11-02415_FL24_S18_L000_read_110_count_1    3.03%    passed     97.19%
 707  200724_20-08522_HIV11-02415_FL24_S18_L000_read_111_count_1    3.03%    passed     97.13%
 708  200724_20-08522_HIV11-02415_FL24_S18_L000_read_112_count_1    3.03%    passed     99.82%
 709  200724_20-08522_HIV11-02415_FL24_S18_L000_read_113_count_1    3.03%    passed     99.91%
 710  200724_20-08522_HIV11-02415_FL24_S18_L000_read_114_count_1    3.03%    passed     99.88%
 711  200724_20-08522_HIV11-02415_FL24_S18_L000_read_115_count_1    3.03%    passed     99.44%
 712  200724_20-08522_HIV11-02415_FL24_S18_L000_read_116_count_1    3.03%    passed     99.23%
 713  200724_20-08522_HIV11-02415_FL24_S18_L000_read_117_count_1    3.03%    passed     96.29%
 714  200724_20-08522_HIV11-02415_FL24_S18_L000_read_118_count_1    3.03%    passed     97.19%
 715  200724_20-08522_HIV11-02415_FL24_S18_L000_read_119_count_1    3.03%    passed     96.91%
 716  200724_20-08522_HIV11-02415_FL24_S18_L000_read_120_count_1    3.03%    passed     98.19%
 717  200724_20-08522_HIV11-02415_FL24_S18_L000_read_121_count_1    3.03%    passed     98.07%
 718  200724_20-08522_HIV11-02415_FL24_S18_L000_read_122_count_1    3.03%    passed     99.54%
 719  200724_20-08522_HIV11-02415_FL24_S18_L000_read_123_count_1    3.03%    passed     99.23%
 720  200724_20-08522_HIV11-02415_FL24_S18_L000_read_124_count_1   17.75%    passed     96.07%
 721  200724_20-08522_HIV11-02415_FL24_S18_L000_read_125_count_1    3.03%    passed     99.98%
 722  200724_20-08522_HIV11-02415_FL24_S18_L000_read_126_count_1    3.03%    passed     99.11%
 723  200724_20-08522_HIV11-02415_FL24_S18_L000_read_127_count_1    3.03%    passed     95.31%
 724  200724_20-08522_HIV11-02415_FL24_S18_L000_read_128_count_1    3.03%    passed     99.23%
 725  200724_20-08522_HIV11-02415_FL24_S18_L000_read_129_count_1    3.03%    passed     99.91%
 726  200724_20-08522_HIV11-02415_FL24_S18_L000_read_130_count_1    3.03%    passed     99.81%
 727  200724_20-08522_HIV11-02415_FL24_S18_L000_read_131_count_1    3.03%    passed     98.55%
 728  200724_20-08522_HIV11-02415_FL24_S18_L000_read_132_count_1    3.03%    passed     98.74%
 729  200724_20-08522_HIV11-02415_FL24_S18_L000_read_133_count_1    3.03%    passed     99.36%
 730  200724_20-08522_HIV11-02415_FL24_S18_L000_read_134_count_1    3.03%    passed     99.54%
 731  200724_20-08522_HIV11-02415_FL24_S18_L000_read_135_count_1    3.03%    passed     99.17%
 732  200724_20-08522_HIV11-02415_FL24_S18_L000_read_136_count_1    3.03%    passed     99.23%
 733  200724_20-08522_HIV11-02415_FL24_S18_L000_read_137_count_1    3.03%    passed     99.81%
 734  200724_20-08522_HIV11-02415_FL24_S18_L000_read_138_count_1    3.03%    passed     99.94%
 735  200724_20-08522_HIV11-02415_FL24_S18_L000_read_139_count_1    3.03%    passed     96.51%
 736  200724_20-08522_HIV11-02415_FL24_S18_L000_read_140_count_1    3.03%    passed     99.54%
 737  200724_20-08522_HIV11-02415_FL24_S18_L000_read_141_count_1    3.03%    passed     99.17%
 738  200724_20-08522_HIV11-02415_FL24_S18_L000_read_142_count_1    3.03%    passed     95.31%
 739  200724_20-08522_HIV11-02415_FL24_S18_L000_read_143_count_1    3.03%    passed     99.36%
 740  200724_20-08522_HIV11-02415_FL24_S18_L000_read_144_count_1    3.46%    passed     98.86%
 741  200724_20-08522_HIV11-02415_FL24_S18_L000_read_145_count_1    3.03%    passed     98.19%
 742  200724_20-08522_HIV11-02415_FL24_S18_L000_read_146_count_1    3.03%    passed     92.78%
 743  200724_20-08522_HIV11-02415_FL24_S18_L000_read_147_count_1    3.46%    passed     99.91%
 744  200724_20-08522_HIV11-02415_FL24_S18_L000_read_148_count_1    3.03%    passed     99.23%
 745  200724_20-08522_HIV11-02415_FL24_S18_L000_read_149_count_1    3.03%    passed     98.30%
 746  200724_20-08522_HIV11-02415_FL24_S18_L000_read_150_count_1    3.03%    passed     97.13%
 747  200724_20-08522_HIV11-02415_FL24_S18_L000_read_151_count_1    3.03%    passed     99.67%
 748  200724_20-08522_HIV11-02415_FL24_S18_L000_read_152_count_1    3.46%    passed     99.91%
 749  200724_20-08522_HIV11-02415_FL24_S18_L000_read_153_count_1    3.03%    passed     99.44%
 750  200724_20-08522_HIV11-02415_FL24_S18_L000_read_154_count_1    3.03%    passed     97.03%
 751  200724_20-08522_HIV11-02415_FL24_S18_L000_read_155_count_1    3.03%    passed     96.29%
 752  200724_20-08522_HIV11-02415_FL24_S18_L000_read_156_count_1    3.03%    passed     97.19%
 753  200724_20-08522_HIV11-02415_FL24_S18_L000_read_157_count_1    3.03%    passed     99.82%
 754  200724_20-08522_HIV11-02415_FL24_S18_L000_read_158_count_1    3.03%    passed     99.80%
 755  200724_20-08522_HIV11-02415_FL24_S18_L000_read_159_count_1    3.03%    passed     99.54%
 756  200724_20-08522_HIV11-02415_FL24_S18_L000_read_160_count_1    3.03%    passed     90.60%
 757  200724_20-08522_HIV11-02415_FL24_S18_L000_read_161_count_1    3.03%    passed     90.91%
 758  200724_20-08522_HIV11-02415_FL24_S18_L000_read_162_count_1    3.03%    passed     98.19%
 759  200724_20-08522_HIV11-02415_FL24_S18_L000_read_163_count_1    3.03%    passed     98.07%
 760  200724_20-08522_HIV11-02415_FL24_S18_L000_read_164_count_1    3.03%    passed     95.31%
 761  200724_20-08522_HIV11-02415_FL24_S18_L000_read_165_count_1    3.03%    passed     98.07%
 762  200724_20-08522_HIV11-02415_FL24_S18_L000_read_166_count_1    3.03%    passed     98.55%
 763  200724_20-08522_HIV11-02415_FL24_S18_L000_read_167_count_1    3.03%    passed     96.29%
 764  200724_20-08522_HIV11-02415_FL24_S18_L000_read_168_count_1    3.03%    passed     98.74%
 765  200724_20-08522_HIV11-02415_FL24_S18_L000_read_169_count_1    3.03%    passed     99.34%
 766  200724_20-08522_HIV11-02415_FL24_S18_L000_read_170_count_1    3.03%    passed     90.60%
 767  200724_20-08522_HIV11-02415_FL24_S18_L000_read_171_count_1    3.46%    passed     99.86%
 768  200724_20-08522_HIV11-02415_FL24_S18_L000_read_172_count_1    3.03%    passed     97.95%
 769  200724_20-08522_HIV11-02415_FL24_S18_L000_read_173_count_1    3.03%    passed     98.07%
 770  200724_20-08522_HIV11-02415_FL24_S18_L000_read_174_count_1    3.46%    passed     99.76%
 771  200724_20-08522_HIV11-02415_FL24_S18_L000_read_175_count_1    3.03%    passed     99.54%
 772  200724_20-08522_HIV11-02415_FL24_S18_L000_read_176_count_1    3.03%    passed     99.11%
 773  200724_20-08522_HIV11-02415_FL24_S18_L000_read_177_count_1    3.03%    passed     99.23%
 774  200724_20-08522_HIV11-02415_FL24_S18_L000_read_178_count_1    3.46%    passed     99.98%
 775  200724_20-08522_HIV11-02415_FL24_S18_L000_read_179_count_1    3.03%    passed     99.54%
 776  200724_20-08522_HIV11-02415_FL24_S18_L000_read_180_count_1    3.03%    passed     98.74%
 777  200724_20-08522_HIV11-02415_FL24_S18_L000_read_181_count_1    3.03%    passed     98.93%
 778  200724_20-08522_HIV11-02415_FL24_S18_L000_read_182_count_1    3.03%    passed     96.86%
 779  200724_20-08522_HIV11-02415_FL24_S18_L000_read_183_count_1    3.03%    passed     99.36%
 780  200724_20-08522_HIV11-02415_FL24_S18_L000_read_184_count_1    3.03%    passed     99.82%
 781  200724_20-08522_HIV11-02415_FL24_S18_L000_read_185_count_1    3.03%    passed     97.19%
 782  200724_20-08522_HIV11-02415_FL24_S18_L000_read_186_count_1    3.03%    passed     95.29%
 783  200724_20-08522_HIV11-02415_FL24_S18_L000_read_187_count_1    3.03%    passed     98.30%
 784  200724_20-08522_HIV11-02415_FL24_S18_L000_read_188_count_1    3.03%    passed     99.88%
 785  200724_20-08522_HIV11-02415_FL24_S18_L000_read_189_count_1    3.03%    passed     98.58%
 786  200724_20-08522_HIV11-02415_FL24_S18_L000_read_190_count_1    3.03%    passed     99.88%
 787  200724_20-08522_HIV11-02415_FL24_S18_L000_read_191_count_1    3.03%    passed     98.19%
 788  200724_20-08522_HIV11-02415_FL24_S18_L000_read_192_count_1    3.03%    passed     99.94%
 789  200724_20-08522_HIV11-02415_FL24_S18_L000_read_193_count_1    3.03%    passed     95.31%
 790  200724_20-08522_HIV11-02415_FL24_S18_L000_read_194_count_1    3.03%    passed     98.30%
 791  200724_20-08522_HIV11-02415_FL24_S18_L000_read_195_count_1    3.03%    passed     98.19%
 792  200724_20-08522_HIV11-02415_FL24_S18_L000_read_196_count_1    3.03%    passed     93.02%
 793  200724_20-08522_HIV11-02415_FL24_S18_L000_read_197_count_1    2.16%    passed     99.39%
 794  200724_20-08522_HIV11-02415_FL24_S18_L000_read_198_count_1    3.03%    passed     98.19%
 795  200724_20-08522_HIV11-02415_FL24_S18_L000_read_199_count_1    3.03%    passed     99.23%
 796  200724_20-08522_HIV11-02415_FL24_S18_L000_read_200_count_1    3.03%    passed     98.30%
 797  200724_20-08522_HIV11-02415_FL24_S18_L000_read_201_count_1    3.03%    passed     99.54%
 798  200724_20-08522_HIV11-02415_FL24_S18_L000_read_202_count_1    3.03%    passed     99.88%
 799  200724_20-08522_HIV11-02415_FL24_S18_L000_read_203_count_1    3.03%    passed     98.74%
 800  200724_20-08522_HIV11-02415_FL24_S18_L000_read_204_count_1    3.03%    passed     99.98%
 801  200724_20-08522_HIV11-02415_FL24_S18_L000_read_205_count_1    3.03%    passed     98.19%
 802  200724_20-08522_HIV11-02415_FL24_S18_L000_read_206_count_1    2.16%    passed     98.40%
 803  200724_20-08522_HIV11-02415_FL24_S18_L000_read_207_count_1    3.03%    passed     99.23%
 804  200724_20-08522_HIV11-02415_FL24_S18_L000_read_208_count_1    3.03%    passed     99.91%
 805  200724_20-08522_HIV11-02415_FL24_S18_L000_read_209_count_1    3.03%    passed     98.40%
 806  200724_20-08522_HIV11-02415_FL24_S18_L000_read_210_count_1    3.03%    passed     99.82%
 807  200724_20-08522_HIV11-02415_FL24_S18_L000_read_211_count_1    3.03%    passed     99.34%
 808  200724_20-08522_HIV11-02415_FL24_S18_L000_read_212_count_1    3.03%    passed     96.73%
 809  200724_20-08522_HIV11-02415_FL24_S18_L000_read_213_count_1    3.03%    passed     99.91%
 810  200724_20-08522_HIV11-02415_FL24_S18_L000_read_214_count_1    7.79%    passed     98.07%
 811  200724_20-08522_HIV11-02415_FL24_S18_L000_read_215_count_1    3.03%    passed     99.54%
 812  200724_20-08522_HIV11-02415_FL24_S18_L000_read_216_count_1    3.03%    passed     99.91%
 813  200724_20-08522_HIV11-02415_FL24_S18_L000_read_217_count_1    3.03%    passed     98.07%
 814  200724_20-08522_HIV11-02415_FL24_S18_L000_read_218_count_1    3.03%    passed     99.88%
 815  200724_20-08522_HIV11-02415_FL24_S18_L000_read_219_count_1    3.03%    passed     99.34%
 816  200724_20-08522_HIV11-02415_FL24_S18_L000_read_220_count_1    3.03%    passed     97.19%
 817  200724_20-08522_HIV11-02415_FL24_S18_L000_read_221_count_1    3.03%    passed     99.94%
 818  200724_20-08522_HIV11-02415_FL24_S18_L000_read_222_count_1    3.03%    passed     97.95%
 819  200724_20-08522_HIV11-02415_FL24_S18_L000_read_223_count_1    3.03%    passed     96.86%
 820  200724_20-08522_HIV11-02415_FL24_S18_L000_read_224_count_1    3.03%    passed     99.91%
 821  200724_20-08522_HIV11-02415_FL24_S18_L000_read_225_count_1    3.03%    passed     95.31%
 822  200724_20-08522_HIV11-02415_FL24_S18_L000_read_226_count_1    3.03%    passed     99.54%
 823  200724_20-08522_HIV11-02415_FL24_S18_L000_read_227_count_1    3.03%    passed     99.88%
 824  200724_20-08522_HIV11-02415_FL24_S18_L000_read_228_count_1    3.03%    passed     98.81%
 825  200724_20-08522_HIV11-02415_FL24_S18_L000_read_229_count_1    3.03%    passed     98.19%
 826  200724_20-08522_HIV11-02415_FL24_S18_L000_read_230_count_1    3.03%    passed     99.91%
 827  200724_20-08522_HIV11-02415_FL24_S18_L000_read_231_count_1    3.03%    passed     98.30%
 828  200724_20-08522_HIV11-02415_FL24_S18_L000_read_232_count_1    3.03%    passed     98.19%
 829  200724_20-08522_HIV11-02415_FL24_S18_L000_read_233_count_1    3.03%    passed     99.54%
 830  200724_20-08522_HIV11-02415_FL24_S18_L000_read_234_count_1    3.03%    passed     96.73%
 831  200724_20-08522_HIV11-02415_FL24_S18_L000_read_235_count_1    3.03%    passed     99.67%
 832  200724_20-08522_HIV11-02415_FL24_S18_L000_read_236_count_1    3.03%    passed     96.86%
 833  200724_20-08522_HIV11-02415_FL24_S18_L000_read_237_count_1    3.03%    passed     99.91%
 834  200724_20-08522_HIV11-02415_FL24_S18_L000_read_238_count_1    3.03%    passed     98.40%
 835  200724_20-08522_HIV11-02415_FL24_S18_L000_read_239_count_1    3.03%    passed     97.19%
 836  200724_20-08522_HIV11-02415_FL24_S18_L000_read_240_count_1    3.03%    passed     99.23%
 837  200724_20-08522_HIV11-02415_FL24_S18_L000_read_241_count_1    3.03%    passed     95.31%
 838  200724_20-08522_HIV11-02415_FL24_S18_L000_read_242_count_1    3.03%    passed     99.67%
 839  200724_20-08522_HIV11-02415_FL24_S18_L000_read_243_count_1    3.03%    passed     98.30%
 840  200724_20-08522_HIV11-02415_FL24_S18_L000_read_244_count_1    3.03%    passed     95.31%
 841  200724_20-08522_HIV11-02415_FL24_S18_L000_read_245_count_1    3.03%    passed     94.59%
 842  200724_20-08522_HIV11-02415_FL24_S18_L000_read_246_count_1    3.03%    passed     99.82%
 843  200724_20-08522_HIV11-02415_FL24_S18_L000_read_247_count_1    3.03%    passed     99.80%
 844  200724_20-08522_HIV11-02415_FL24_S18_L000_read_248_count_1    3.03%    passed     99.82%
 845  200724_20-08522_HIV11-02415_FL24_S18_L000_read_249_count_1    3.03%    passed     99.23%
 846  200724_20-08522_HIV11-02415_FL24_S18_L000_read_250_count_1    3.03%    passed     95.31%
 847  200724_20-08522_HIV11-02415_FL24_S18_L000_read_251_count_1    3.03%    passed     99.54%
 848  200724_20-08522_HIV11-02415_FL24_S18_L000_read_252_count_1    3.03%    passed     99.11%
 849  200724_20-08522_HIV11-02415_FL24_S18_L000_read_253_count_1    3.03%    passed     99.82%
 850  200724_20-08522_HIV11-02415_FL24_S18_L000_read_254_count_1    3.03%    passed     99.11%
 851  200724_20-08522_HIV11-02415_FL24_S18_L000_read_255_count_1    3.03%    passed     98.40%
 852  200724_20-08522_HIV11-02415_FL24_S18_L000_read_256_count_1    3.03%    passed     99.17%
 853  200724_20-08522_HIV11-02415_FL24_S18_L000_read_257_count_1    3.03%    passed     99.91%
 854  200724_20-08522_HIV11-02415_FL24_S18_L000_read_258_count_1    3.03%    passed     97.32%
 855  200724_20-08522_HIV11-02415_FL24_S18_L000_read_259_count_1    3.03%    passed     96.14%
 856  200724_20-08522_HIV11-02415_FL24_S18_L000_read_260_count_1    3.03%    passed     99.44%
 857  B.FR.83.HXB2_LAI_IIIB_BRU.K03455                              3.03%    passed     95.92%
 858  C.BW.00.00BW07621.AF443088                                    3.03%    passed     98.53%
****  TOTAL                                                         3.07%  0 sequences failed composition chi2 test (p-value<5%; df=3)
Checking for duplicate sequences: done in 0.00294989 secs using 125.3% CPU

Create initial parsimony tree by phylogenetic likelihood library (PLL)... 0.119 seconds

NOTE: 38 MB RAM (0 GB) is required!
Estimate model parameters (epsilon = 0.100)
1. Initial log-likelihood: -7588.908
2. Current log-likelihood: -7306.060
3. Current log-likelihood: -7304.745
4. Current log-likelihood: -7304.238
5. Current log-likelihood: -7303.991
6. Current log-likelihood: -7303.890
Optimal log-likelihood: -7303.854
Rate parameters:  A-C: 0.57986  A-G: 1.58766  A-T: 0.45035  C-G: 0.04554  C-T: 2.24859  G-T: 1.00000
Base frequencies:  A: 0.382  C: 0.167  G: 0.251  T: 0.200
Site proportion and rates:  (0.060,0.532) (0.175,0.563) (0.249,0.600) (0.233,0.796) (0.252,1.676) (0.030,3.688)
Parameters optimization took 6 rounds (8.708 sec)
Wrote distance file to... 
Computing ML distances based on estimated model parameters...
Calculating distance matrix: done in 1.89612 secs using 199.8% CPU
Computing ML distances took 1.898573 sec (of wall-clock time) 3.792048 sec (of CPU time)
Setting up auxiliary I and S matrices: done in 0.0199705 secs using 177.2% CPU
Constructing RapidNJ tree: done in 0.515494 secs using 130.9% CPU
Computing RapidNJ tree took 0.535682 sec (of wall-clock time) 0.710358 sec (of CPU time)
Log-likelihood of RapidNJ tree: -7279.738
--------------------------------------------------------------------
|             INITIALIZING CANDIDATE TREE SET                      |
--------------------------------------------------------------------
Generating 98 parsimony trees... 13.391 second
Computing log-likelihood of 98 initial trees ... 9.774 seconds
Current best score: -7274.707

Do NNI search on 20 best initial trees
Optimizing NNI: done in 1.22621 secs using 196.6% CPU
Estimate model parameters (epsilon = 0.100)
BETTER TREE FOUND at iteration 1: -7268.841
Optimizing NNI: done in 1.15433 secs using 195% CPU
Optimizing NNI: done in 1.33104 secs using 197.7% CPU
Optimizing NNI: done in 1.57078 secs using 197.2% CPU
Estimate model parameters (epsilon = 0.100)
BETTER TREE FOUND at iteration 4: -7250.195
Optimizing NNI: done in 0.838803 secs using 195.8% CPU
Optimizing NNI: done in 1.19757 secs using 194.9% CPU
Optimizing NNI: done in 1.53239 secs using 195.8% CPU
Optimizing NNI: done in 1.19474 secs using 197.9% CPU
Optimizing NNI: done in 1.22826 secs using 194.8% CPU
Optimizing NNI: done in 1.11212 secs using 196.2% CPU
Iteration 10 / LogL: -7289.861 / Time: 0h:0m:57s
Optimizing NNI: done in 1.32624 secs using 194.9% CPU
Optimizing NNI: done in 1.23217 secs using 195.5% CPU
Optimizing NNI: done in 0.928712 secs using 197.9% CPU
Optimizing NNI: done in 1.24396 secs using 195.9% CPU
Optimizing NNI: done in 1.46624 secs using 197.1% CPU
Optimizing NNI: done in 1.50031 secs using 195% CPU
Optimizing NNI: done in 0.89537 secs using 194.3% CPU
Optimizing NNI: done in 0.909562 secs using 196.3% CPU
Optimizing NNI: done in 1.55143 secs using 196% CPU
Optimizing NNI: done in 1.46701 secs using 196.8% CPU
Iteration 20 / LogL: -7294.935 / Time: 0h:1m:10s
Finish initializing candidate tree set (20)
Current best tree score: -7250.195 / CPU time: 58.063
Number of iterations: 20
--------------------------------------------------------------------
|               OPTIMIZING CANDIDATE TREE SET                      |
--------------------------------------------------------------------
Optimizing NNI: done in 2.03622 secs using 196.5% CPU
Optimizing NNI: done in 1.80783 secs using 196.2% CPU
Optimizing NNI: done in 2.10061 secs using 196.4% CPU
Optimizing NNI: done in 1.97006 secs using 196.3% CPU
Optimizing NNI: done in 2.37827 secs using 196% CPU
Optimizing NNI: done in 1.9778 secs using 195.5% CPU
Optimizing NNI: done in 2.94773 secs using 196.2% CPU
Optimizing NNI: done in 1.75227 secs using 195.5% CPU
Optimizing NNI: done in 2.36764 secs using 196.6% CPU
Optimizing NNI: done in 2.58824 secs using 196.1% CPU
Iteration 30 / LogL: -7310.323 / Time: 0h:1m:33s (0h:3m:57s left)
Optimizing NNI: done in 2.24613 secs using 194.6% CPU
Optimizing NNI: done in 2.61612 secs using 195.6% CPU
Optimizing NNI: done in 1.76102 secs using 196.7% CPU
Optimizing NNI: done in 2.06041 secs using 194.1% CPU
Optimizing NNI: done in 1.74871 secs using 195.6% CPU
Optimizing NNI: done in 2.92418 secs using 197.6% CPU
Optimizing NNI: done in 2.23272 secs using 197.2% CPU
Optimizing NNI: done in 2.83237 secs using 196.2% CPU
Optimizing NNI: done in 2.23567 secs using 196% CPU
Optimizing NNI: done in 2.33151 secs using 196.5% CPU
Iteration 40 / LogL: -7267.397 / Time: 0h:1m:57s (0h:3m:12s left)
Optimizing NNI: done in 2.27075 secs using 197.1% CPU
Optimizing NNI: done in 2.27004 secs using 195.9% CPU
Optimizing NNI: done in 2.24748 secs using 197.4% CPU
Optimizing NNI: done in 1.90001 secs using 195.5% CPU
Optimizing NNI: done in 1.8031 secs using 196.5% CPU
Optimizing NNI: done in 2.09626 secs using 197% CPU
Optimizing NNI: done in 1.72545 secs using 195% CPU
Optimizing NNI: done in 1.76981 secs using 195.4% CPU
Optimizing NNI: done in 2.49572 secs using 196.3% CPU
Optimizing NNI: done in 2.4246 secs using 196.4% CPU
Iteration 50 / LogL: -7259.383 / Time: 0h:2m:19s (0h:2m:33s left)
Optimizing NNI: done in 2.02915 secs using 195.5% CPU
Optimizing NNI: done in 1.74724 secs using 196.3% CPU
Optimizing NNI: done in 1.71097 secs using 196.4% CPU
Optimizing NNI: done in 2.13445 secs using 197.2% CPU
Optimizing NNI: done in 2.00176 secs using 195.5% CPU
Optimizing NNI: done in 2.01685 secs using 196% CPU
Optimizing NNI: done in 1.75101 secs using 196.1% CPU
Optimizing NNI: done in 1.96125 secs using 197.3% CPU
Optimizing NNI: done in 1.81873 secs using 196.5% CPU
Optimizing NNI: done in 2.21404 secs using 195.2% CPU
Iteration 60 / LogL: -7280.678 / Time: 0h:2m:40s (0h:1m:59s left)
Optimizing NNI: done in 2.30119 secs using 196.9% CPU
Optimizing NNI: done in 1.83334 secs using 196.8% CPU
Optimizing NNI: done in 1.87993 secs using 195.8% CPU
Optimizing NNI: done in 2.26828 secs using 196.6% CPU
Optimizing NNI: done in 1.9638 secs using 197.6% CPU
Optimizing NNI: done in 1.95305 secs using 195.5% CPU
Optimizing NNI: done in 1.95844 secs using 196.1% CPU
Optimizing NNI: done in 2.11313 secs using 196.4% CPU
Optimizing NNI: done in 1.56676 secs using 195.6% CPU
Optimizing NNI: done in 2.33833 secs using 196.7% CPU
Iteration 70 / LogL: -7259.566 / Time: 0h:3m:1s (0h:1m:29s left)
Optimizing NNI: done in 2.01273 secs using 196.7% CPU
Optimizing NNI: done in 2.60501 secs using 196.3% CPU
Optimizing NNI: done in 2.50247 secs using 196.7% CPU
Optimizing NNI: done in 1.71687 secs using 197.1% CPU
Optimizing NNI: done in 1.73052 secs using 196.1% CPU
Optimizing NNI: done in 2.4022 secs using 196.5% CPU
Optimizing NNI: done in 2.02811 secs using 196% CPU
Optimizing NNI: done in 2.08199 secs using 195.9% CPU
Optimizing NNI: done in 1.67412 secs using 196.2% CPU
Optimizing NNI: done in 1.81812 secs using 197.1% CPU
Iteration 80 / LogL: -7308.067 / Time: 0h:3m:23s (0h:1m:1s left)
Optimizing NNI: done in 2.32723 secs using 196.3% CPU
Optimizing NNI: done in 2.0946 secs using 196.7% CPU
Optimizing NNI: done in 1.89004 secs using 195% CPU
Optimizing NNI: done in 2.09606 secs using 195.2% CPU
Optimizing NNI: done in 1.76194 secs using 196.5% CPU
Optimizing NNI: done in 2.22426 secs using 195.8% CPU
Optimizing NNI: done in 1.9766 secs using 196.7% CPU
Optimizing NNI: done in 2.57806 secs using 197.1% CPU
Optimizing NNI: done in 2.21334 secs using 196.4% CPU
Optimizing NNI: done in 2.33801 secs using 196% CPU
Iteration 90 / LogL: -7265.095 / Time: 0h:3m:45s (0h:0m:35s left)
Optimizing NNI: done in 1.93494 secs using 195.3% CPU
Optimizing NNI: done in 2.09332 secs using 195.7% CPU
Optimizing NNI: done in 2.43239 secs using 195.2% CPU
Optimizing NNI: done in 2.29776 secs using 195.9% CPU
Optimizing NNI: done in 1.89107 secs using 196.4% CPU
Optimizing NNI: done in 2.31066 secs using 195% CPU
Optimizing NNI: done in 1.75625 secs using 195.4% CPU
Optimizing NNI: done in 2.50109 secs using 195.4% CPU
Optimizing NNI: done in 2.00775 secs using 195.6% CPU
Optimizing NNI: done in 1.56074 secs using 194.7% CPU
Iteration 100 / LogL: -7276.924 / Time: 0h:4m:7s (0h:0m:10s left)
Optimizing NNI: done in 2.35953 secs using 197.3% CPU
Optimizing NNI: done in 1.66145 secs using 196.5% CPU
Optimizing NNI: done in 2.15204 secs using 197.3% CPU
Optimizing NNI: done in 1.46332 secs using 196.5% CPU
Optimizing NNI: done in 1.91422 secs using 196.3% CPU
TREE SEARCH COMPLETED AFTER 105 ITERATIONS / Time: 0h:4m:18s

--------------------------------------------------------------------
|                    FINALIZING TREE SEARCH                        |
--------------------------------------------------------------------
Performs final model parameters optimization
Estimate model parameters (epsilon = 0.010)
1. Initial log-likelihood: -7250.195
Optimal log-likelihood: -7250.193
Rate parameters:  A-C: 0.59602  A-G: 1.53536  A-T: 0.35740  C-G: 0.02821  C-T: 2.26919  G-T: 1.00000
Base frequencies:  A: 0.382  C: 0.167  G: 0.251  T: 0.200
Site proportion and rates:  (0.064,0.545) (0.185,0.554) (0.260,0.571) (0.228,0.855) (0.232,1.672) (0.032,4.158)
Parameters optimization took 1 rounds (1.185 sec)
BEST SCORE FOUND : -7250.193
Total tree length: 4.604

Total number of iterations: 105
CPU time used for tree search: 461.465 sec (0h:7m:41s)
Wall-clock time used for tree search: 245.786 sec (0h:4m:5s)
Total CPU time used: 487.314 sec (0h:8m:7s)
Total wall-clock time used: 259.220 sec (0h:4m:19s)

Analysis results written to: 
  IQ-TREE report:                IQTREE_bestTree.InWindow_4560_to_4810.iqtree
  Maximum-likelihood tree:       IQTREE_bestTree.InWindow_4560_to_4810.treefile
  Likelihood distances:          IQTREE_bestTree.InWindow_4560_to_4810.mldist
  Screen log file:               IQTREE_bestTree.InWindow_4560_to_4810.log

Date and Time: Tue Jul 25 12:07:28 2023
