IQ-TREE multicore version 2.2.2.7 COVID-edition for Linux 64-bit built Jun  7 2023
Developed by Bui Quang Minh, James Barbetti, Nguyen Lam Tung,
Olga Chernomor, Heiko Schmidt, Dominik Schrempf, Michael Woodhams, Ly Trong Nhan.

Host:    hpc-node03 (AVX2, FMA3, 1007 GB RAM)
Command: iqtree -s AlignedReadsInWindow_PositionsExcised_4890_to_5140.fasta -pre IQTREE_bestTree.InWindow_4890_to_5140 -m GTR+F+R6 -nt 2
Seed:    787767 (Using SPRNG - Scalable Parallel Random Number Generator)
Time:    Tue Jul 25 12:17:34 2023
Kernel:  AVX+FMA - 2 threads (2 CPU cores detected)

Reading alignment file AlignedReadsInWindow_PositionsExcised_4890_to_5140.fasta ... Fasta format detected
Reading fasta file: done in 0.00499222 secs using 89.22% CPU
Alignment most likely contains DNA/RNA sequences
Constructing alignment: done in 0.00257142 secs using 192.6% CPU
Alignment has 722 sequences with 244 columns, 231 distinct patterns
155 parsimony-informative, 68 singleton sites, 21 constant sites
                                                            Gap/Ambiguity  Composition  p-value
Analyzing sequences: done in 0.00042018 secs using 927.5% CPU
   1  200724_20-08518_HIV10-02405_FL24_S14_L000_read_1_count_219    0.82%    passed     99.30%
   2  200724_20-08518_HIV10-02405_FL24_S14_L000_read_2_count_84     0.82%    passed     98.42%
   3  200724_20-08518_HIV10-02405_FL24_S14_L000_read_3_count_13     0.82%    passed     99.47%
   4  200724_20-08518_HIV10-02405_FL24_S14_L000_read_4_count_8      0.82%    passed     95.84%
   5  200724_20-08518_HIV10-02405_FL24_S14_L000_read_5_count_8      0.82%    passed     98.25%
   6  200724_20-08518_HIV10-02405_FL24_S14_L000_read_6_count_7      0.82%    passed     99.76%
   7  200724_20-08518_HIV10-02405_FL24_S14_L000_read_7_count_7      0.82%    passed     99.30%
   8  200724_20-08518_HIV10-02405_FL24_S14_L000_read_8_count_5      0.82%    passed     99.47%
   9  200724_20-08518_HIV10-02405_FL24_S14_L000_read_9_count_4      0.82%    passed     99.47%
  10  200724_20-08518_HIV10-02405_FL24_S14_L000_read_10_count_4     0.82%    passed     99.47%
  11  200724_20-08518_HIV10-02405_FL24_S14_L000_read_11_count_4     0.82%    passed     99.47%
  12  200724_20-08518_HIV10-02405_FL24_S14_L000_read_12_count_3     0.82%    passed     98.42%
  13  200724_20-08518_HIV10-02405_FL24_S14_L000_read_13_count_3     0.82%    passed     99.66%
  14  200724_20-08518_HIV10-02405_FL24_S14_L000_read_14_count_3     0.82%    passed     99.66%
  15  200724_20-08518_HIV10-02405_FL24_S14_L000_read_15_count_3     0.82%    passed     97.06%
  16  200724_20-08518_HIV10-02405_FL24_S14_L000_read_16_count_3     0.82%    passed     99.30%
  17  200724_20-08518_HIV10-02405_FL24_S14_L000_read_17_count_3     0.82%    passed     96.44%
  18  200724_20-08518_HIV10-02405_FL24_S14_L000_read_18_count_3     0.82%    passed     97.32%
  19  200724_20-08518_HIV10-02405_FL24_S14_L000_read_19_count_3     0.82%    passed     99.06%
  20  200724_20-08518_HIV10-02405_FL24_S14_L000_read_20_count_2     0.82%    passed     98.42%
  21  200724_20-08518_HIV10-02405_FL24_S14_L000_read_21_count_2     0.82%    passed     93.03%
  22  200724_20-08518_HIV10-02405_FL24_S14_L000_read_22_count_2     0.82%    passed     99.30%
  23  200724_20-08518_HIV10-02405_FL24_S14_L000_read_23_count_2     0.82%    passed     96.80%
  24  200724_20-08518_HIV10-02405_FL24_S14_L000_read_24_count_2     0.82%    passed     98.42%
  25  200724_20-08518_HIV10-02405_FL24_S14_L000_read_25_count_2     0.82%    passed     98.42%
  26  200724_20-08518_HIV10-02405_FL24_S14_L000_read_26_count_2     0.82%    passed     98.42%
  27  200724_20-08518_HIV10-02405_FL24_S14_L000_read_27_count_2     0.82%    passed     95.84%
  28  200724_20-08518_HIV10-02405_FL24_S14_L000_read_28_count_2     0.82%    passed     98.25%
  29  200724_20-08518_HIV10-02405_FL24_S14_L000_read_29_count_2     0.82%    passed     97.06%
  30  200724_20-08518_HIV10-02405_FL24_S14_L000_read_30_count_2     0.82%    passed     99.93%
  31  200724_20-08518_HIV10-02405_FL24_S14_L000_read_31_count_2     0.82%    passed     99.04%
  32  200724_20-08518_HIV10-02405_FL24_S14_L000_read_32_count_2     0.82%    passed     98.61%
  33  200724_20-08518_HIV10-02405_FL24_S14_L000_read_33_count_1     0.82%    passed     98.77%
  34  200724_20-08518_HIV10-02405_FL24_S14_L000_read_34_count_1     0.82%    passed     96.44%
  35  200724_20-08518_HIV10-02405_FL24_S14_L000_read_35_count_1     0.82%    passed     98.42%
  36  200724_20-08518_HIV10-02405_FL24_S14_L000_read_36_count_1     0.82%    passed     96.44%
  37  200724_20-08518_HIV10-02405_FL24_S14_L000_read_37_count_1     0.82%    passed     99.47%
  38  200724_20-08518_HIV10-02405_FL24_S14_L000_read_38_count_1     0.82%    passed     99.66%
  39  200724_20-08518_HIV10-02405_FL24_S14_L000_read_39_count_1     0.82%    passed     95.45%
  40  200724_20-08518_HIV10-02405_FL24_S14_L000_read_40_count_1     0.82%    passed     98.42%
  41  200724_20-08518_HIV10-02405_FL24_S14_L000_read_41_count_1     0.82%    passed     97.06%
  42  200724_20-08518_HIV10-02405_FL24_S14_L000_read_42_count_1     0.82%    passed     98.00%
  43  200724_20-08518_HIV10-02405_FL24_S14_L000_read_43_count_1     0.82%    passed     92.47%
  44  200724_20-08518_HIV10-02405_FL24_S14_L000_read_44_count_1     0.82%    passed     99.47%
  45  200724_20-08518_HIV10-02405_FL24_S14_L000_read_45_count_1     1.23%    passed     97.96%
  46  200724_20-08518_HIV10-02405_FL24_S14_L000_read_46_count_1     0.82%    passed     95.84%
  47  200724_20-08518_HIV10-02405_FL24_S14_L000_read_47_count_1     0.82%    passed     98.42%
  48  200724_20-08518_HIV10-02405_FL24_S14_L000_read_48_count_1     0.82%    passed     97.25%
  49  200724_20-08518_HIV10-02405_FL24_S14_L000_read_49_count_1     0.82%    passed     99.93%
  50  200724_20-08518_HIV10-02405_FL24_S14_L000_read_50_count_1     0.82%    passed     98.42%
  51  200724_20-08518_HIV10-02405_FL24_S14_L000_read_51_count_1     0.82%    passed     97.32%
  52  200724_20-08518_HIV10-02405_FL24_S14_L000_read_52_count_1     0.82%    passed     99.30%
  53  200724_20-08518_HIV10-02405_FL24_S14_L000_read_53_count_1     0.82%    passed     99.30%
  54  200724_20-08518_HIV10-02405_FL24_S14_L000_read_54_count_1     0.82%    passed     89.36%
  55  200724_20-08518_HIV10-02405_FL24_S14_L000_read_55_count_1     0.82%    passed     93.44%
  56  200724_20-08518_HIV10-02405_FL24_S14_L000_read_56_count_1     0.82%    passed     99.47%
  57  200724_20-08518_HIV10-02405_FL24_S14_L000_read_57_count_1     0.82%    passed     99.30%
  58  200724_20-08518_HIV10-02405_FL24_S14_L000_read_58_count_1     0.82%    passed     98.42%
  59  200724_20-08518_HIV10-02405_FL24_S14_L000_read_59_count_1     0.82%    passed     96.44%
  60  200724_20-08518_HIV10-02405_FL24_S14_L000_read_60_count_1     0.82%    passed     98.25%
  61  200724_20-08518_HIV10-02405_FL24_S14_L000_read_61_count_1     0.82%    passed     99.04%
  62  200724_20-08518_HIV10-02405_FL24_S14_L000_read_62_count_1     0.82%    passed     99.47%
  63  200724_20-08518_HIV10-02405_FL24_S14_L000_read_63_count_1     0.82%    passed     99.30%
  64  200724_20-08518_HIV10-02405_FL24_S14_L000_read_64_count_1     0.82%    passed     98.00%
  65  200724_20-08518_HIV10-02405_FL24_S14_L000_read_65_count_1     0.82%    passed     99.66%
  66  200724_20-08518_HIV10-02405_FL24_S14_L000_read_66_count_1     0.82%    passed     99.97%
  67  200724_20-08518_HIV10-02405_FL24_S14_L000_read_67_count_1     0.82%    passed     99.47%
  68  200724_20-08518_HIV10-02405_FL24_S14_L000_read_68_count_1     0.82%    passed     97.91%
  69  200724_20-08518_HIV10-02405_FL24_S14_L000_read_69_count_1     0.82%    passed     99.30%
  70  200724_20-08518_HIV10-02405_FL24_S14_L000_read_70_count_1     0.82%    passed     98.00%
  71  200724_20-08518_HIV10-02405_FL24_S14_L000_read_71_count_1     0.82%    passed     99.06%
  72  200724_20-08518_HIV10-02405_FL24_S14_L000_read_72_count_1     0.82%    passed     98.00%
  73  200724_20-08518_HIV10-02405_FL24_S14_L000_read_73_count_1     0.82%    passed     99.66%
  74  200724_20-08518_HIV10-02405_FL24_S14_L000_read_74_count_1     0.82%    passed     96.44%
  75  200724_20-08518_HIV10-02405_FL24_S14_L000_read_75_count_1     0.82%    passed     99.30%
  76  200724_20-08518_HIV10-02405_FL24_S14_L000_read_76_count_1     0.82%    passed     96.80%
  77  200724_20-08518_HIV10-02405_FL24_S14_L000_read_77_count_1     0.82%    passed     96.44%
  78  200724_20-08518_HIV10-02405_FL24_S14_L000_read_78_count_1     0.82%    passed     99.30%
  79  200724_20-08518_HIV10-02405_FL24_S14_L000_read_79_count_1     0.82%    passed     99.88%
  80  200724_20-08518_HIV10-02405_FL24_S14_L000_read_80_count_1     0.82%    passed     98.25%
  81  200724_20-08518_HIV10-02405_FL24_S14_L000_read_81_count_1     0.82%    passed     96.44%
  82  200724_20-08518_HIV10-02405_FL24_S14_L000_read_82_count_1     0.82%    passed     96.44%
  83  200724_20-08518_HIV10-02405_FL24_S14_L000_read_83_count_1     0.82%    passed     98.00%
  84  200724_20-08518_HIV10-02405_FL24_S14_L000_read_84_count_1     0.82%    passed     99.30%
  85  200724_20-08518_HIV10-02405_FL24_S14_L000_read_85_count_1     0.82%    passed     97.06%
  86  200724_20-08518_HIV10-02405_FL24_S14_L000_read_86_count_1     0.82%    passed     96.44%
  87  200724_20-08518_HIV10-02405_FL24_S14_L000_read_87_count_1     0.82%    passed     98.25%
  88  200724_20-08518_HIV10-02405_FL24_S14_L000_read_88_count_1     0.82%    passed     99.13%
  89  200724_20-08518_HIV10-02405_FL24_S14_L000_read_89_count_1     0.82%    passed     98.42%
  90  200724_20-08518_HIV10-02405_FL24_S14_L000_read_90_count_1     0.82%    passed     95.84%
  91  200724_20-08518_HIV10-02405_FL24_S14_L000_read_91_count_1     0.82%    passed     98.42%
  92  200724_20-08518_HIV10-02405_FL24_S14_L000_read_92_count_1     1.23%    passed     99.20%
  93  200724_20-08518_HIV10-02405_FL24_S14_L000_read_93_count_1     0.82%    passed     98.42%
  94  200724_20-08518_HIV10-02405_FL24_S14_L000_read_94_count_1     0.82%    passed     99.93%
  95  200724_20-08518_HIV10-02405_FL24_S14_L000_read_95_count_1     0.82%    passed     97.06%
  96  200724_20-08518_HIV10-02405_FL24_S14_L000_read_96_count_1     0.82%    passed     98.25%
  97  200724_20-08518_HIV10-02405_FL24_S14_L000_read_97_count_1     0.82%    passed     90.45%
  98  200724_20-08518_HIV10-02405_FL24_S14_L000_read_98_count_1     0.82%    passed     97.91%
  99  200724_20-08518_HIV10-02405_FL24_S14_L000_read_99_count_1     0.82%    passed     95.84%
 100  200724_20-08518_HIV10-02405_FL24_S14_L000_read_100_count_1    0.82%    passed     97.06%
 101  200724_20-08518_HIV10-02405_FL24_S14_L000_read_101_count_1    0.82%    passed     98.42%
 102  200724_20-08518_HIV10-02405_FL24_S14_L000_read_102_count_1    0.82%    passed     99.30%
 103  200724_20-08518_HIV10-02405_FL24_S14_L000_read_103_count_1    0.82%    passed     91.48%
 104  200724_20-08518_HIV10-02405_FL24_S14_L000_read_104_count_1    0.82%    passed     96.80%
 105  200724_20-08518_HIV10-02405_FL24_S14_L000_read_105_count_1    0.82%    passed     98.25%
 106  200724_20-08518_HIV10-02405_FL24_S14_L000_read_106_count_1    0.82%    passed     97.25%
 107  200724_20-08518_HIV10-02405_FL24_S14_L000_read_107_count_1    0.82%    passed     99.47%
 108  200724_20-08518_HIV10-02405_FL24_S14_L000_read_108_count_1    0.82%    passed     98.42%
 109  200724_20-08518_HIV10-02405_FL24_S14_L000_read_109_count_1    0.82%    passed     97.32%
 110  200724_20-08518_HIV10-02405_FL24_S14_L000_read_110_count_1    0.82%    passed     96.44%
 111  200724_20-08518_HIV10-02405_FL24_S14_L000_read_111_count_1    1.23%    passed     99.20%
 112  200724_20-08518_HIV10-02405_FL24_S14_L000_read_112_count_1    0.82%    passed     98.42%
 113  200724_20-08518_HIV10-02405_FL24_S14_L000_read_113_count_1    0.82%    passed     99.30%
 114  200724_20-08518_HIV10-02405_FL24_S14_L000_read_114_count_1    0.82%    passed     99.94%
 115  200724_20-08518_HIV10-02405_FL24_S14_L000_read_115_count_1    0.82%    passed     98.61%
 116  200724_20-08518_HIV10-02405_FL24_S14_L000_read_116_count_1    0.82%    passed     96.44%
 117  200724_20-08518_HIV10-02405_FL24_S14_L000_read_117_count_1    0.82%    passed     99.47%
 118  200724_20-08518_HIV10-02405_FL24_S14_L000_read_118_count_1    0.82%    passed     98.25%
 119  200724_20-08518_HIV10-02405_FL24_S14_L000_read_119_count_1    0.82%    passed     97.06%
 120  200709_20-07994_HIV07-01067_FL21_S1_L000_read_1_count_485     0.82%    passed     89.77%
 121  200709_20-07994_HIV07-01067_FL21_S1_L000_read_2_count_76      0.82%    passed     89.77%
 122  200709_20-07994_HIV07-01067_FL21_S1_L000_read_3_count_55      0.82%    passed     80.99%
 123  200709_20-07994_HIV07-01067_FL21_S1_L000_read_4_count_55      0.82%    passed     93.37%
 124  200709_20-07994_HIV07-01067_FL21_S1_L000_read_5_count_39      0.82%    passed     95.45%
 125  200709_20-07994_HIV07-01067_FL21_S1_L000_read_6_count_5       0.82%    passed     87.00%
 126  200709_20-07994_HIV07-01067_FL21_S1_L000_read_7_count_3       0.82%    passed     91.28%
 127  200709_20-07994_HIV07-01067_FL21_S1_L000_read_8_count_3       0.82%    passed     78.11%
 128  200709_20-07994_HIV07-01067_FL21_S1_L000_read_9_count_2       0.82%    passed     86.48%
 129  200709_20-07994_HIV07-01067_FL21_S1_L000_read_10_count_2      0.82%    passed     87.00%
 130  200709_20-07994_HIV07-01067_FL21_S1_L000_read_11_count_2      0.82%    passed     87.00%
 131  200709_20-07994_HIV07-01067_FL21_S1_L000_read_12_count_2      0.82%    passed     91.28%
 132  200709_20-07994_HIV07-01067_FL21_S1_L000_read_13_count_2      0.82%    passed     98.27%
 133  200709_20-07994_HIV07-01067_FL21_S1_L000_read_14_count_2      0.82%    passed     95.17%
 134  200709_20-07994_HIV07-01067_FL21_S1_L000_read_15_count_2      0.82%    passed     87.00%
 135  200709_20-07994_HIV07-01067_FL21_S1_L000_read_16_count_2      0.82%    passed     80.99%
 136  200709_20-07994_HIV07-01067_FL21_S1_L000_read_17_count_2      0.82%    passed     95.45%
 137  200709_20-07994_HIV07-01067_FL21_S1_L000_read_18_count_2      0.82%    passed     91.28%
 138  200709_20-07994_HIV07-01067_FL21_S1_L000_read_19_count_1      0.82%    passed     88.55%
 139  200709_20-07994_HIV07-01067_FL21_S1_L000_read_20_count_1      0.82%    passed     87.00%
 140  200709_20-07994_HIV07-01067_FL21_S1_L000_read_21_count_1      0.82%    passed     86.48%
 141  200709_20-07994_HIV07-01067_FL21_S1_L000_read_22_count_1      0.82%    passed     87.00%
 142  200709_20-07994_HIV07-01067_FL21_S1_L000_read_23_count_1      0.82%    passed     93.37%
 143  200709_20-07994_HIV07-01067_FL21_S1_L000_read_24_count_1      0.82%    passed     89.39%
 144  200709_20-07994_HIV07-01067_FL21_S1_L000_read_25_count_1      0.82%    passed     87.00%
 145  200709_20-07994_HIV07-01067_FL21_S1_L000_read_26_count_1      0.82%    passed     90.30%
 146  200709_20-07994_HIV07-01067_FL21_S1_L000_read_27_count_1      0.82%    passed     95.45%
 147  200709_20-07994_HIV07-01067_FL21_S1_L000_read_28_count_1      0.82%    passed     87.00%
 148  200709_20-07994_HIV07-01067_FL21_S1_L000_read_29_count_1      0.82%    passed     91.28%
 149  200709_20-07994_HIV07-01067_FL21_S1_L000_read_30_count_1      0.82%    passed     87.00%
 150  200709_20-07994_HIV07-01067_FL21_S1_L000_read_31_count_1      0.82%    passed     88.55%
 151  200709_20-07994_HIV07-01067_FL21_S1_L000_read_32_count_1      0.82%    passed     78.11%
 152  200709_20-07994_HIV07-01067_FL21_S1_L000_read_33_count_1      1.23%    passed     91.06%
 153  200709_20-07994_HIV07-01067_FL21_S1_L000_read_34_count_1      0.82%    passed     87.00%
 154  200709_20-07994_HIV07-01067_FL21_S1_L000_read_35_count_1      0.82%    passed     86.48%
 155  200709_20-07994_HIV07-01067_FL21_S1_L000_read_36_count_1      0.82%    passed     82.92%
 156  200709_20-07994_HIV07-01067_FL21_S1_L000_read_37_count_1      0.82%    passed     87.00%
 157  200709_20-07994_HIV07-01067_FL21_S1_L000_read_38_count_1      0.82%    passed     91.60%
 158  200709_20-07994_HIV07-01067_FL21_S1_L000_read_39_count_1      0.82%    passed     97.24%
 159  200709_20-07994_HIV07-01067_FL21_S1_L000_read_40_count_1      0.82%    passed     89.39%
 160  200709_20-07994_HIV07-01067_FL21_S1_L000_read_41_count_1      0.82%    passed     95.45%
 161  200709_20-07994_HIV07-01067_FL21_S1_L000_read_42_count_1      0.82%    passed     86.48%
 162  200709_20-07994_HIV07-01067_FL21_S1_L000_read_43_count_1      0.82%    passed     86.48%
 163  200709_20-07994_HIV07-01067_FL21_S1_L000_read_44_count_1      0.82%    passed     91.28%
 164  200709_20-07994_HIV07-01067_FL21_S1_L000_read_45_count_1      0.82%    passed     95.45%
 165  200709_20-07994_HIV07-01067_FL21_S1_L000_read_46_count_1      0.82%    passed     91.28%
 166  200709_20-07994_HIV07-01067_FL21_S1_L000_read_47_count_1      0.82%    passed     86.48%
 167  200709_20-07994_HIV07-01067_FL21_S1_L000_read_48_count_1      0.82%    passed     95.17%
 168  200709_20-07994_HIV07-01067_FL21_S1_L000_read_49_count_1      0.82%    passed     80.99%
 169  200709_20-07994_HIV07-01067_FL21_S1_L000_read_50_count_1      0.82%    passed     88.55%
 170  200709_20-07994_HIV07-01067_FL21_S1_L000_read_51_count_1      0.82%    passed     87.00%
 171  200709_20-07994_HIV07-01067_FL21_S1_L000_read_52_count_1      0.82%    passed     91.60%
 172  200709_20-07994_HIV07-01067_FL21_S1_L000_read_53_count_1      0.82%    passed     87.00%
 173  200709_20-07994_HIV07-01067_FL21_S1_L000_read_54_count_1      0.82%    passed     91.05%
 174  200709_20-07994_HIV07-01067_FL21_S1_L000_read_55_count_1      0.82%    passed     87.00%
 175  200709_20-07994_HIV07-01067_FL21_S1_L000_read_56_count_1      0.82%    passed     87.00%
 176  200709_20-07994_HIV07-01067_FL21_S1_L000_read_57_count_1      0.82%    passed     87.00%
 177  200709_20-07994_HIV07-01067_FL21_S1_L000_read_58_count_1      0.82%    passed     95.45%
 178  200709_20-07994_HIV07-01067_FL21_S1_L000_read_59_count_1      0.82%    passed     87.00%
 179  200709_20-07994_HIV07-01067_FL21_S1_L000_read_60_count_1      0.82%    passed     90.30%
 180  200709_20-07994_HIV07-01067_FL21_S1_L000_read_61_count_1      0.82%    passed     87.00%
 181  200709_20-07994_HIV07-01067_FL21_S1_L000_read_62_count_1      0.82%    passed     87.00%
 182  200709_20-07994_HIV07-01067_FL21_S1_L000_read_63_count_1      0.82%    passed     82.61%
 183  200709_20-07994_HIV07-01067_FL21_S1_L000_read_64_count_1      0.82%    passed     86.48%
 184  200709_20-07994_HIV07-01067_FL21_S1_L000_read_65_count_1      0.82%    passed     90.30%
 185  200709_20-07994_HIV07-01067_FL21_S1_L000_read_66_count_1      0.82%    passed     89.39%
 186  200709_20-07994_HIV07-01067_FL21_S1_L000_read_67_count_1      0.82%    passed     87.00%
 187  200709_20-07994_HIV07-01067_FL21_S1_L000_read_68_count_1      0.82%    passed     82.61%
 188  200709_20-07994_HIV07-01067_FL21_S1_L000_read_69_count_1      0.82%    passed     89.77%
 189  200709_20-07994_HIV07-01067_FL21_S1_L000_read_70_count_1      0.82%    passed     95.17%
 190  200709_20-07994_HIV07-01067_FL21_S1_L000_read_71_count_1      0.82%    passed     86.48%
 191  200709_20-07994_HIV07-01067_FL21_S1_L000_read_72_count_1      0.82%    passed     87.00%
 192  200709_20-07994_HIV07-01067_FL21_S1_L000_read_73_count_1      0.82%    passed     83.13%
 193  200709_20-07994_HIV07-01067_FL21_S1_L000_read_74_count_1      0.82%    passed     80.99%
 194  200709_20-07994_HIV07-01067_FL21_S1_L000_read_75_count_1      0.82%    passed     90.30%
 195  200709_20-07994_HIV07-01067_FL21_S1_L000_read_76_count_1      0.82%    passed     91.28%
 196  200709_20-07994_HIV07-01067_FL21_S1_L000_read_77_count_1      0.82%    passed     80.99%
 197  200709_20-07994_HIV07-01067_FL21_S1_L000_read_78_count_1      0.82%    passed     80.99%
 198  200709_20-07994_HIV07-01067_FL21_S1_L000_read_79_count_1      0.82%    passed     86.48%
 199  200709_20-07994_HIV07-01067_FL21_S1_L000_read_80_count_1      0.82%    passed     95.17%
 200  200709_20-07994_HIV07-01067_FL21_S1_L000_read_81_count_1      0.82%    passed     87.00%
 201  200709_20-07994_HIV07-01067_FL21_S1_L000_read_82_count_1      0.82%    passed     93.02%
 202  200709_20-07994_HIV07-01067_FL21_S1_L000_read_83_count_1      0.82%    passed     87.00%
 203  200709_20-07994_HIV07-01067_FL21_S1_L000_read_84_count_1      0.82%    passed     87.00%
 204  200709_20-07994_HIV07-01067_FL21_S1_L000_read_85_count_1      0.82%    passed     86.48%
 205  200709_20-07994_HIV07-01067_FL21_S1_L000_read_86_count_1      0.82%    passed     91.60%
 206  200709_20-07994_HIV07-01067_FL21_S1_L000_read_87_count_1      0.82%    passed     97.24%
 207  200709_20-07994_HIV07-01067_FL21_S1_L000_read_88_count_1      0.82%    passed     88.55%
 208  200709_20-07994_HIV07-01067_FL21_S1_L000_read_89_count_1      0.82%    passed     95.45%
 209  200709_20-07994_HIV07-01067_FL21_S1_L000_read_90_count_1      0.82%    passed     91.28%
 210  200709_20-07994_HIV07-01067_FL21_S1_L000_read_91_count_1      0.82%    passed     82.92%
 211  200709_20-07994_HIV07-01067_FL21_S1_L000_read_92_count_1      0.82%    passed     91.28%
 212  200709_20-07994_HIV07-01067_FL21_S1_L000_read_93_count_1      0.82%    passed     78.11%
 213  200709_20-07994_HIV07-01067_FL21_S1_L000_read_94_count_1      0.82%    passed     87.00%
 214  200709_20-07994_HIV07-01067_FL21_S1_L000_read_95_count_1      0.82%    passed     87.00%
 215  200709_20-07994_HIV07-01067_FL21_S1_L000_read_96_count_1      0.82%    passed     95.45%
 216  200709_20-07994_HIV07-01067_FL21_S1_L000_read_97_count_1      0.82%    passed     87.00%
 217  200709_20-07994_HIV07-01067_FL21_S1_L000_read_98_count_1      0.82%    passed     87.00%
 218  200709_20-07994_HIV07-01067_FL21_S1_L000_read_99_count_1      0.82%    passed     89.39%
 219  200709_20-07994_HIV07-01067_FL21_S1_L000_read_100_count_1     0.82%    passed     93.37%
 220  200709_20-07994_HIV07-01067_FL21_S1_L000_read_101_count_1     0.82%    passed     83.48%
 221  200709_20-07994_HIV07-01067_FL21_S1_L000_read_102_count_1     0.82%    passed     90.30%
 222  200709_20-07994_HIV07-01067_FL21_S1_L000_read_103_count_1     0.82%    passed     95.45%
 223  200709_20-07994_HIV07-01067_FL21_S1_L000_read_104_count_1     0.82%    passed     89.39%
 224  200709_20-07994_HIV07-01067_FL21_S1_L000_read_105_count_1     0.82%    passed     95.87%
 225  200709_20-07994_HIV07-01067_FL21_S1_L000_read_106_count_1     0.82%    passed     93.02%
 226  200709_20-07994_HIV07-01067_FL21_S1_L000_read_107_count_1     0.82%    passed     87.00%
 227  200709_20-07994_HIV07-01067_FL21_S1_L000_read_108_count_1     0.82%    passed     95.45%
 228  200709_20-07994_HIV07-01067_FL21_S1_L000_read_109_count_1     0.82%    passed     87.00%
 229  200709_20-07994_HIV07-01067_FL21_S1_L000_read_110_count_1     0.82%    passed     87.00%
 230  200709_20-07994_HIV07-01067_FL21_S1_L000_read_111_count_1     0.82%    passed     80.99%
 231  200709_20-07994_HIV07-01067_FL21_S1_L000_read_112_count_1     0.82%    passed     89.77%
 232  200709_20-07994_HIV07-01067_FL21_S1_L000_read_113_count_1     5.33%    passed     91.57%
 233  200709_20-07994_HIV07-01067_FL21_S1_L000_read_114_count_1     0.82%    passed     95.45%
 234  200709_20-07994_HIV07-01067_FL21_S1_L000_read_115_count_1     0.82%    passed     93.02%
 235  200709_20-07994_HIV07-01067_FL21_S1_L000_read_116_count_1     0.82%    passed     87.00%
 236  200709_20-07994_HIV07-01067_FL21_S1_L000_read_117_count_1     0.82%    passed     87.00%
 237  200709_20-07994_HIV07-01067_FL21_S1_L000_read_118_count_1     0.82%    passed     87.00%
 238  200709_20-07994_HIV07-01067_FL21_S1_L000_read_119_count_1     0.82%    passed     83.88%
 239  200709_20-07994_HIV07-01067_FL21_S1_L000_read_120_count_1     0.82%    passed     93.37%
 240  200709_20-07994_HIV07-01067_FL21_S1_L000_read_121_count_1     0.82%    passed     87.00%
 241  200709_20-07994_HIV07-01067_FL21_S1_L000_read_122_count_1     0.82%    passed     86.48%
 242  200709_20-07994_HIV07-01067_FL21_S1_L000_read_123_count_1     0.82%    passed     87.00%
 243  200709_20-07994_HIV07-01067_FL21_S1_L000_read_124_count_1     0.82%    passed     82.61%
 244  200709_20-07994_HIV07-01067_FL21_S1_L000_read_125_count_1     0.82%    passed     89.77%
 245  200709_20-07994_HIV07-01067_FL21_S1_L000_read_126_count_1     0.82%    passed     87.00%
 246  200709_20-07994_HIV07-01067_FL21_S1_L000_read_127_count_1     0.82%    passed     86.48%
 247  200709_20-07994_HIV07-01067_FL21_S1_L000_read_128_count_1     0.82%    passed     87.00%
 248  200709_20-07994_HIV07-01067_FL21_S1_L000_read_129_count_1     0.82%    passed     91.28%
 249  200709_20-07994_HIV07-01067_FL21_S1_L000_read_130_count_1     0.82%    passed     97.24%
 250  200709_20-07994_HIV07-01067_FL21_S1_L000_read_131_count_1     0.82%    passed     91.60%
 251  200709_20-07994_HIV07-01067_FL21_S1_L000_read_132_count_1     0.82%    passed     86.48%
 252  200709_20-07994_HIV07-01067_FL21_S1_L000_read_133_count_1     0.82%    passed     83.88%
 253  200709_20-07994_HIV07-01067_FL21_S1_L000_read_134_count_1     0.82%    passed     87.00%
 254  200709_20-07994_HIV07-01067_FL21_S1_L000_read_135_count_1     0.82%    passed     95.45%
 255  200709_20-07994_HIV07-01067_FL21_S1_L000_read_136_count_1     0.82%    passed     87.00%
 256  200709_20-07994_HIV07-01067_FL21_S1_L000_read_137_count_1     0.82%    passed     91.28%
 257  200703_20-07825_HIV09-00618_FL18_S6_L000_read_1_count_472     0.82%    passed     99.94%
 258  200703_20-07825_HIV09-00618_FL18_S6_L000_read_2_count_85      0.82%    passed     99.91%
 259  200703_20-07825_HIV09-00618_FL18_S6_L000_read_3_count_13      0.82%    passed     99.94%
 260  200703_20-07825_HIV09-00618_FL18_S6_L000_read_4_count_8       0.82%    passed     99.41%
 261  200703_20-07825_HIV09-00618_FL18_S6_L000_read_5_count_5       0.82%    passed     99.91%
 262  200703_20-07825_HIV09-00618_FL18_S6_L000_read_6_count_4       0.82%    passed     99.28%
 263  200703_20-07825_HIV09-00618_FL18_S6_L000_read_7_count_3       0.82%    passed     99.91%
 264  200703_20-07825_HIV09-00618_FL18_S6_L000_read_8_count_3       0.82%    passed     99.72%
 265  200703_20-07825_HIV09-00618_FL18_S6_L000_read_9_count_3       0.82%    passed     99.57%
 266  200703_20-07825_HIV09-00618_FL18_S6_L000_read_10_count_3      0.82%    passed     99.28%
 267  200703_20-07825_HIV09-00618_FL18_S6_L000_read_11_count_3      0.82%    passed     99.91%
 268  200703_20-07825_HIV09-00618_FL18_S6_L000_read_12_count_3      0.82%    passed     99.57%
 269  200703_20-07825_HIV09-00618_FL18_S6_L000_read_13_count_2      0.82%    passed     99.91%
 270  200703_20-07825_HIV09-00618_FL18_S6_L000_read_14_count_2      0.82%    passed     99.72%
 271  200703_20-07825_HIV09-00618_FL18_S6_L000_read_15_count_2      0.82%    passed     99.28%
 272  200703_20-07825_HIV09-00618_FL18_S6_L000_read_16_count_2      0.82%    passed     99.57%
 273  200703_20-07825_HIV09-00618_FL18_S6_L000_read_17_count_2      0.82%    passed     99.72%
 274  200703_20-07825_HIV09-00618_FL18_S6_L000_read_18_count_2      0.82%    passed     99.91%
 275  200703_20-07825_HIV09-00618_FL18_S6_L000_read_19_count_2      0.82%    passed     99.28%
 276  200703_20-07825_HIV09-00618_FL18_S6_L000_read_20_count_2      0.82%    passed     99.91%
 277  200703_20-07825_HIV09-00618_FL18_S6_L000_read_21_count_2      0.82%    passed     99.61%
 278  200703_20-07825_HIV09-00618_FL18_S6_L000_read_22_count_2      0.82%    passed     99.61%
 279  200703_20-07825_HIV09-00618_FL18_S6_L000_read_23_count_2      0.82%    passed     99.91%
 280  200703_20-07825_HIV09-00618_FL18_S6_L000_read_24_count_2      0.82%    passed     99.28%
 281  200703_20-07825_HIV09-00618_FL18_S6_L000_read_25_count_1      0.82%    passed     98.91%
 282  200703_20-07825_HIV09-00618_FL18_S6_L000_read_26_count_1      0.82%    passed     99.61%
 283  200703_20-07825_HIV09-00618_FL18_S6_L000_read_27_count_1      0.82%    passed     99.89%
 284  200703_20-07825_HIV09-00618_FL18_S6_L000_read_28_count_1      0.82%    passed     99.91%
 285  200703_20-07825_HIV09-00618_FL18_S6_L000_read_29_count_1      0.82%    passed     98.46%
 286  200703_20-07825_HIV09-00618_FL18_S6_L000_read_30_count_1      0.82%    passed     98.90%
 287  200703_20-07825_HIV09-00618_FL18_S6_L000_read_31_count_1      0.82%    passed     99.83%
 288  200703_20-07825_HIV09-00618_FL18_S6_L000_read_32_count_1      0.82%    passed     99.41%
 289  200703_20-07825_HIV09-00618_FL18_S6_L000_read_33_count_1      0.82%    passed     99.33%
 290  200703_20-07825_HIV09-00618_FL18_S6_L000_read_34_count_1      0.82%    passed     99.91%
 291  200703_20-07825_HIV09-00618_FL18_S6_L000_read_35_count_1      0.82%    passed     99.34%
 292  200703_20-07825_HIV09-00618_FL18_S6_L000_read_36_count_1      0.82%    passed     99.91%
 293  200703_20-07825_HIV09-00618_FL18_S6_L000_read_37_count_1      0.82%    passed     99.88%
 294  200703_20-07825_HIV09-00618_FL18_S6_L000_read_38_count_1      0.82%    passed     99.91%
 295  200703_20-07825_HIV09-00618_FL18_S6_L000_read_39_count_1      0.82%    passed     99.91%
 296  200703_20-07825_HIV09-00618_FL18_S6_L000_read_40_count_1      0.82%    passed     98.68%
 297  200703_20-07825_HIV09-00618_FL18_S6_L000_read_41_count_1      0.41%    passed     99.98%
 298  200703_20-07825_HIV09-00618_FL18_S6_L000_read_42_count_1      0.82%    passed     99.41%
 299  200703_20-07825_HIV09-00618_FL18_S6_L000_read_43_count_1      0.82%    passed     99.91%
 300  200703_20-07825_HIV09-00618_FL18_S6_L000_read_44_count_1      0.82%    passed     99.61%
 301  200703_20-07825_HIV09-00618_FL18_S6_L000_read_45_count_1      0.82%    passed     99.91%
 302  200703_20-07825_HIV09-00618_FL18_S6_L000_read_46_count_1      0.82%    passed     99.61%
 303  200703_20-07825_HIV09-00618_FL18_S6_L000_read_47_count_1      0.82%    passed     99.57%
 304  200703_20-07825_HIV09-00618_FL18_S6_L000_read_48_count_1      0.82%    passed     99.83%
 305  200703_20-07825_HIV09-00618_FL18_S6_L000_read_49_count_1      0.82%    passed     99.91%
 306  200703_20-07825_HIV09-00618_FL18_S6_L000_read_50_count_1      0.82%    passed     99.91%
 307  200703_20-07825_HIV09-00618_FL18_S6_L000_read_51_count_1      0.82%    passed     99.23%
 308  200703_20-07825_HIV09-00618_FL18_S6_L000_read_52_count_1      0.82%    passed     97.95%
 309  200703_20-07825_HIV09-00618_FL18_S6_L000_read_53_count_1      0.82%    passed     99.28%
 310  200703_20-07825_HIV09-00618_FL18_S6_L000_read_54_count_1      0.82%    passed     99.28%
 311  200703_20-07825_HIV09-00618_FL18_S6_L000_read_55_count_1      0.82%    passed     99.41%
 312  200703_20-07825_HIV09-00618_FL18_S6_L000_read_56_count_1      0.82%    passed     99.21%
 313  200703_20-07825_HIV09-00618_FL18_S6_L000_read_57_count_1      0.82%    passed     99.91%
 314  200703_20-07825_HIV09-00618_FL18_S6_L000_read_58_count_1      0.82%    passed     99.97%
 315  200703_20-07825_HIV09-00618_FL18_S6_L000_read_59_count_1      0.82%    passed     98.91%
 316  200703_20-07825_HIV09-00618_FL18_S6_L000_read_60_count_1      0.82%    passed     99.91%
 317  200703_20-07825_HIV09-00618_FL18_S6_L000_read_61_count_1      0.82%    passed     99.91%
 318  200703_20-07825_HIV09-00618_FL18_S6_L000_read_62_count_1      1.23%    passed     99.89%
 319  200703_20-07825_HIV09-00618_FL18_S6_L000_read_63_count_1      0.82%    passed     99.28%
 320  200703_20-07825_HIV09-00618_FL18_S6_L000_read_64_count_1      0.82%    passed     99.91%
 321  200703_20-07825_HIV09-00618_FL18_S6_L000_read_65_count_1      0.82%    passed     99.91%
 322  200703_20-07825_HIV09-00618_FL18_S6_L000_read_66_count_1      1.23%    passed     99.89%
 323  200703_20-07825_HIV09-00618_FL18_S6_L000_read_67_count_1      1.23%    passed     99.89%
 324  200703_20-07825_HIV09-00618_FL18_S6_L000_read_68_count_1      0.82%    passed     99.91%
 325  200703_20-07825_HIV09-00618_FL18_S6_L000_read_69_count_1      0.82%    passed     99.28%
 326  200703_20-07825_HIV09-00618_FL18_S6_L000_read_70_count_1      0.82%    passed     99.94%
 327  200703_20-07825_HIV09-00618_FL18_S6_L000_read_71_count_1      0.82%    passed     99.57%
 328  200703_20-07825_HIV09-00618_FL18_S6_L000_read_72_count_1      0.82%    passed     99.72%
 329  200703_20-07825_HIV09-00618_FL18_S6_L000_read_73_count_1      0.82%    passed     99.67%
 330  200703_20-07825_HIV09-00618_FL18_S6_L000_read_74_count_1      0.82%    passed     99.57%
 331  200703_20-07825_HIV09-00618_FL18_S6_L000_read_75_count_1      0.82%    passed     99.57%
 332  200703_20-07825_HIV09-00618_FL18_S6_L000_read_76_count_1      0.82%    passed     99.91%
 333  200703_20-07825_HIV09-00618_FL18_S6_L000_read_77_count_1      0.82%    passed     99.83%
 334  200703_20-07825_HIV09-00618_FL18_S6_L000_read_78_count_1      1.23%    passed     99.96%
 335  200703_20-07825_HIV09-00618_FL18_S6_L000_read_79_count_1      0.82%    passed     98.90%
 336  200703_20-07825_HIV09-00618_FL18_S6_L000_read_80_count_1      0.82%    passed     99.57%
 337  200703_20-07825_HIV09-00618_FL18_S6_L000_read_81_count_1      1.23%    passed     99.69%
 338  200703_20-07825_HIV09-00618_FL18_S6_L000_read_82_count_1      0.82%    passed     99.91%
 339  200703_20-07825_HIV09-00618_FL18_S6_L000_read_83_count_1      0.82%    passed     99.91%
 340  200703_20-07825_HIV09-00618_FL18_S6_L000_read_84_count_1      0.82%    passed     99.41%
 341  200703_20-07825_HIV09-00618_FL18_S6_L000_read_85_count_1      0.82%    passed     99.83%
 342  200703_20-07825_HIV09-00618_FL18_S6_L000_read_86_count_1      0.82%    passed     99.67%
 343  200703_20-07825_HIV09-00618_FL18_S6_L000_read_87_count_1      0.82%    passed     99.23%
 344  200703_20-07825_HIV09-00618_FL18_S6_L000_read_88_count_1      0.82%    passed     99.91%
 345  200703_20-07825_HIV09-00618_FL18_S6_L000_read_89_count_1      0.82%    passed     99.41%
 346  200703_20-07825_HIV09-00618_FL18_S6_L000_read_90_count_1      0.82%    passed     99.34%
 347  200703_20-07825_HIV09-00618_FL18_S6_L000_read_91_count_1      0.82%    passed     99.34%
 348  200703_20-07825_HIV09-00618_FL18_S6_L000_read_92_count_1      0.82%    passed     99.91%
 349  200703_20-07825_HIV09-00618_FL18_S6_L000_read_93_count_1      0.82%    passed     99.83%
 350  200703_20-07825_HIV09-00618_FL18_S6_L000_read_94_count_1      0.82%    passed     99.91%
 351  200703_20-07825_HIV09-00618_FL18_S6_L000_read_95_count_1      1.23%    passed     99.89%
 352  200703_20-07825_HIV09-00618_FL18_S6_L000_read_96_count_1      0.82%    passed     98.38%
 353  200703_20-07825_HIV09-00618_FL18_S6_L000_read_97_count_1      0.82%    passed     99.41%
 354  200703_20-07825_HIV09-00618_FL18_S6_L000_read_98_count_1      0.82%    passed     99.89%
 355  200703_20-07825_HIV09-00618_FL18_S6_L000_read_99_count_1      0.82%    passed     99.23%
 356  200703_20-07825_HIV09-00618_FL18_S6_L000_read_100_count_1     0.82%    passed     99.61%
 357  200703_20-07825_HIV09-00618_FL18_S6_L000_read_101_count_1     0.82%    passed     99.21%
 358  200703_20-07825_HIV09-00618_FL18_S6_L000_read_102_count_1     0.82%    passed     99.21%
 359  200703_20-07825_HIV09-00618_FL18_S6_L000_read_103_count_1     1.23%    passed     99.89%
 360  200703_20-07825_HIV09-00618_FL18_S6_L000_read_104_count_1     0.82%    passed     99.23%
 361  200703_20-07825_HIV09-00618_FL18_S6_L000_read_105_count_1     0.82%    passed     99.94%
 362  200703_20-07825_HIV09-00618_FL18_S6_L000_read_106_count_1     0.82%    passed     99.91%
 363  200703_20-07825_HIV09-00618_FL18_S6_L000_read_107_count_1     0.82%    passed     99.41%
 364  200703_20-07825_HIV09-00618_FL18_S6_L000_read_108_count_1     0.82%    passed     99.91%
 365  200703_20-07825_HIV09-00618_FL18_S6_L000_read_109_count_1     1.23%    passed     99.88%
 366  200703_20-07825_HIV09-00618_FL18_S6_L000_read_110_count_1     0.82%    passed     99.21%
 367  200703_20-07825_HIV09-00618_FL18_S6_L000_read_111_count_1     0.82%    passed     99.28%
 368  200703_20-07825_HIV09-00618_FL18_S6_L000_read_112_count_1     0.82%    passed     99.91%
 369  200703_20-07825_HIV09-00618_FL18_S6_L000_read_113_count_1     0.82%    passed     98.46%
 370  200703_20-07825_HIV09-00618_FL18_S6_L000_read_114_count_1     0.82%    passed     99.91%
 371  200703_20-07825_HIV09-00618_FL18_S6_L000_read_115_count_1     0.82%    passed     99.91%
 372  200814_20-09728_HIV09-02843_FL30_S2_L000_read_1_count_203     0.82%    passed     94.32%
 373  200814_20-09728_HIV09-02843_FL30_S2_L000_read_2_count_177     0.82%    passed     92.36%
 374  200814_20-09728_HIV09-02843_FL30_S2_L000_read_3_count_123     0.82%    passed     94.32%
 375  200814_20-09728_HIV09-02843_FL30_S2_L000_read_4_count_56      0.82%    passed     97.53%
 376  200814_20-09728_HIV09-02843_FL30_S2_L000_read_5_count_44      0.82%    passed     95.15%
 377  200814_20-09728_HIV09-02843_FL30_S2_L000_read_6_count_35      0.82%    passed     89.44%
 378  200814_20-09728_HIV09-02843_FL30_S2_L000_read_7_count_33      0.82%    passed     95.15%
 379  200814_20-09728_HIV09-02843_FL30_S2_L000_read_8_count_5       0.82%    passed     97.53%
 380  200814_20-09728_HIV09-02843_FL30_S2_L000_read_9_count_3       0.82%    passed     95.47%
 381  200814_20-09728_HIV09-02843_FL30_S2_L000_read_10_count_2      0.82%    passed     97.53%
 382  200814_20-09728_HIV09-02843_FL30_S2_L000_read_11_count_2      0.82%    passed     97.53%
 383  200814_20-09728_HIV09-02843_FL30_S2_L000_read_12_count_2      0.82%    passed     95.47%
 384  200814_20-09728_HIV09-02843_FL30_S2_L000_read_13_count_2      0.82%    passed     95.47%
 385  200814_20-09728_HIV09-02843_FL30_S2_L000_read_14_count_2      0.82%    passed     89.44%
 386  200814_20-09728_HIV09-02843_FL30_S2_L000_read_15_count_2      1.64%    passed     95.14%
 387  200814_20-09728_HIV09-02843_FL30_S2_L000_read_16_count_2      0.82%    passed     97.53%
 388  200814_20-09728_HIV09-02843_FL30_S2_L000_read_17_count_2      0.82%    passed     95.47%
 389  200814_20-09728_HIV09-02843_FL30_S2_L000_read_18_count_1      0.82%    passed     92.30%
 390  200814_20-09728_HIV09-02843_FL30_S2_L000_read_19_count_1      0.82%    passed     96.12%
 391  200814_20-09728_HIV09-02843_FL30_S2_L000_read_20_count_1      0.82%    passed     92.30%
 392  200814_20-09728_HIV09-02843_FL30_S2_L000_read_21_count_1      0.82%    passed     95.74%
 393  200814_20-09728_HIV09-02843_FL30_S2_L000_read_22_count_1      0.82%    passed     99.25%
 394  200814_20-09728_HIV09-02843_FL30_S2_L000_read_23_count_1      0.82%    passed     98.33%
 395  200814_20-09728_HIV09-02843_FL30_S2_L000_read_24_count_1      0.82%    passed     95.82%
 396  200814_20-09728_HIV09-02843_FL30_S2_L000_read_25_count_1      0.82%    passed     96.13%
 397  200814_20-09728_HIV09-02843_FL30_S2_L000_read_26_count_1      0.82%    passed     95.47%
 398  200814_20-09728_HIV09-02843_FL30_S2_L000_read_27_count_1      0.82%    passed     97.53%
 399  200814_20-09728_HIV09-02843_FL30_S2_L000_read_28_count_1      0.82%    passed     95.47%
 400  200814_20-09728_HIV09-02843_FL30_S2_L000_read_29_count_1      0.82%    passed     97.53%
 401  200814_20-09728_HIV09-02843_FL30_S2_L000_read_30_count_1      0.82%    passed     94.32%
 402  200814_20-09728_HIV09-02843_FL30_S2_L000_read_31_count_1      0.82%    passed     95.15%
 403  200814_20-09728_HIV09-02843_FL30_S2_L000_read_32_count_1      0.82%    passed     94.79%
 404  200814_20-09728_HIV09-02843_FL30_S2_L000_read_33_count_1      0.82%    passed     97.53%
 405  200814_20-09728_HIV09-02843_FL30_S2_L000_read_34_count_1      0.82%    passed     97.53%
 406  200814_20-09728_HIV09-02843_FL30_S2_L000_read_35_count_1      0.82%    passed     94.79%
 407  200814_20-09728_HIV09-02843_FL30_S2_L000_read_36_count_1      0.82%    passed     97.86%
 408  200814_20-09728_HIV09-02843_FL30_S2_L000_read_37_count_1      0.82%    passed     90.86%
 409  200814_20-09728_HIV09-02843_FL30_S2_L000_read_38_count_1      0.82%    passed     92.18%
 410  200814_20-09728_HIV09-02843_FL30_S2_L000_read_39_count_1      0.82%    passed     95.47%
 411  200814_20-09728_HIV09-02843_FL30_S2_L000_read_40_count_1      0.41%    passed     96.36%
 412  200814_20-09728_HIV09-02843_FL30_S2_L000_read_41_count_1      0.82%    passed     97.59%
 413  200814_20-09728_HIV09-02843_FL30_S2_L000_read_42_count_1      0.82%    passed     99.25%
 414  200814_20-09728_HIV09-02843_FL30_S2_L000_read_43_count_1      0.82%    passed     99.25%
 415  200814_20-09728_HIV09-02843_FL30_S2_L000_read_44_count_1      0.82%    passed     91.10%
 416  200814_20-09728_HIV09-02843_FL30_S2_L000_read_45_count_1      0.82%    passed     95.47%
 417  200814_20-09728_HIV09-02843_FL30_S2_L000_read_46_count_1      0.82%    passed     95.15%
 418  200814_20-09728_HIV09-02843_FL30_S2_L000_read_47_count_1      0.82%    passed     92.18%
 419  200814_20-09728_HIV09-02843_FL30_S2_L000_read_48_count_1      0.82%    passed     97.53%
 420  200814_20-09728_HIV09-02843_FL30_S2_L000_read_49_count_1      0.82%    passed     97.53%
 421  200814_20-09728_HIV09-02843_FL30_S2_L000_read_50_count_1      0.82%    passed     86.59%
 422  200814_20-09728_HIV09-02843_FL30_S2_L000_read_51_count_1      0.82%    passed     95.74%
 423  200814_20-09728_HIV09-02843_FL30_S2_L000_read_52_count_1      0.82%    passed     95.15%
 424  200814_20-09728_HIV09-02843_FL30_S2_L000_read_53_count_1      0.82%    passed     98.47%
 425  200814_20-09728_HIV09-02843_FL30_S2_L000_read_54_count_1      0.82%    passed     92.18%
 426  200814_20-09728_HIV09-02843_FL30_S2_L000_read_55_count_1      0.82%    passed     97.86%
 427  200814_20-09728_HIV09-02843_FL30_S2_L000_read_56_count_1      0.82%    passed     96.13%
 428  200814_20-09728_HIV09-02843_FL30_S2_L000_read_57_count_1      0.82%    passed     90.86%
 429  200814_20-09728_HIV09-02843_FL30_S2_L000_read_58_count_1      0.82%    passed     97.86%
 430  200814_20-09728_HIV09-02843_FL30_S2_L000_read_59_count_1      0.82%    passed     95.47%
 431  200814_20-09728_HIV09-02843_FL30_S2_L000_read_60_count_1      0.82%    passed     95.47%
 432  200814_20-09728_HIV09-02843_FL30_S2_L000_read_61_count_1      0.82%    passed     92.18%
 433  200814_20-09728_HIV09-02843_FL30_S2_L000_read_62_count_1      0.82%    passed     99.25%
 434  200814_20-09728_HIV09-02843_FL30_S2_L000_read_63_count_1      0.82%    passed     94.32%
 435  200814_20-09728_HIV09-02843_FL30_S2_L000_read_64_count_1      0.82%    passed     97.53%
 436  200814_20-09728_HIV09-02843_FL30_S2_L000_read_65_count_1      0.82%    passed     87.77%
 437  200814_20-09728_HIV09-02843_FL30_S2_L000_read_66_count_1      0.82%    passed     95.47%
 438  200814_20-09728_HIV09-02843_FL30_S2_L000_read_67_count_1      0.82%    passed     97.53%
 439  200814_20-09728_HIV09-02843_FL30_S2_L000_read_68_count_1      0.82%    passed     97.53%
 440  200814_20-09728_HIV09-02843_FL30_S2_L000_read_69_count_1      0.82%    passed     95.74%
 441  200814_20-09728_HIV09-02843_FL30_S2_L000_read_70_count_1      0.82%    passed     97.53%
 442  200814_20-09728_HIV09-02843_FL30_S2_L000_read_71_count_1      0.82%    passed     95.47%
 443  200814_20-09728_HIV09-02843_FL30_S2_L000_read_72_count_1      0.82%    passed     97.59%
 444  200814_20-09728_HIV09-02843_FL30_S2_L000_read_73_count_1      0.82%    passed     97.53%
 445  200814_20-09728_HIV09-02843_FL30_S2_L000_read_74_count_1      0.82%    passed     97.53%
 446  200814_20-09728_HIV09-02843_FL30_S2_L000_read_75_count_1      1.23%    passed     93.50%
 447  200814_20-09728_HIV09-02843_FL30_S2_L000_read_76_count_1      0.82%    passed     95.15%
 448  200814_20-09728_HIV09-02843_FL30_S2_L000_read_77_count_1      0.82%    passed     97.53%
 449  200814_20-09728_HIV09-02843_FL30_S2_L000_read_78_count_1      0.82%    passed     88.44%
 450  200814_20-09728_HIV09-02843_FL30_S2_L000_read_79_count_1      0.82%    passed     86.91%
 451  200814_20-09728_HIV09-02843_FL30_S2_L000_read_80_count_1      0.82%    passed     95.47%
 452  200814_20-09728_HIV09-02843_FL30_S2_L000_read_81_count_1      0.82%    passed     97.53%
 453  200814_20-09728_HIV09-02843_FL30_S2_L000_read_82_count_1      0.82%    passed     97.53%
 454  200814_20-09728_HIV09-02843_FL30_S2_L000_read_83_count_1      0.82%    passed     97.86%
 455  200814_20-09728_HIV09-02843_FL30_S2_L000_read_84_count_1      0.82%    passed     94.79%
 456  200814_20-09728_HIV09-02843_FL30_S2_L000_read_85_count_1      0.82%    passed     95.74%
 457  200814_20-09728_HIV09-02843_FL30_S2_L000_read_86_count_1      0.82%    passed     91.53%
 458  200814_20-09728_HIV09-02843_FL30_S2_L000_read_87_count_1      0.82%    passed     95.15%
 459  200814_20-09728_HIV09-02843_FL30_S2_L000_read_88_count_1      0.82%    passed     97.53%
 460  200814_20-09728_HIV09-02843_FL30_S2_L000_read_89_count_1      0.82%    passed     95.15%
 461  200814_20-09728_HIV09-02843_FL30_S2_L000_read_90_count_1      0.82%    passed     89.25%
 462  200814_20-09728_HIV09-02843_FL30_S2_L000_read_91_count_1      0.82%    passed     95.47%
 463  200814_20-09728_HIV09-02843_FL30_S2_L000_read_92_count_1      0.82%    passed     95.15%
 464  200814_20-09728_HIV09-02843_FL30_S2_L000_read_93_count_1      0.82%    passed     87.76%
 465  200814_20-09728_HIV09-02843_FL30_S2_L000_read_94_count_1      0.82%    passed     97.53%
 466  200814_20-09728_HIV09-02843_FL30_S2_L000_read_95_count_1      0.82%    passed     89.44%
 467  200814_20-09728_HIV09-02843_FL30_S2_L000_read_96_count_1      0.82%    passed     99.15%
 468  200814_20-09728_HIV09-02843_FL30_S2_L000_read_97_count_1      0.82%    passed     95.47%
 469  200814_20-09728_HIV09-02843_FL30_S2_L000_read_98_count_1      0.82%    passed     90.92%
 470  200814_20-09728_HIV09-02843_FL30_S2_L000_read_99_count_1      0.82%    passed     95.82%
 471  200814_20-09728_HIV09-02843_FL30_S2_L000_read_100_count_1     0.82%    passed     97.53%
 472  200814_20-09728_HIV09-02843_FL30_S2_L000_read_101_count_1     0.82%    passed     95.15%
 473  200814_20-09728_HIV09-02843_FL30_S2_L000_read_102_count_1     0.82%    passed     97.53%
 474  200814_20-09728_HIV09-02843_FL30_S2_L000_read_103_count_1     0.82%    passed     99.89%
 475  200814_20-09728_HIV09-02843_FL30_S2_L000_read_104_count_1     0.82%    passed     97.53%
 476  200814_20-09728_HIV09-02843_FL30_S2_L000_read_105_count_1     0.82%    passed     87.76%
 477  200814_20-09728_HIV09-02843_FL30_S2_L000_read_106_count_1     0.82%    passed     96.12%
 478  200814_20-09728_HIV09-02843_FL30_S2_L000_read_107_count_1     0.82%    passed     89.44%
 479  200814_20-09728_HIV09-02843_FL30_S2_L000_read_108_count_1     0.82%    passed     92.30%
 480  200814_20-09728_HIV09-02843_FL30_S2_L000_read_109_count_1     0.82%    passed     94.32%
 481  200814_20-09728_HIV09-02843_FL30_S2_L000_read_110_count_1     0.82%    passed     90.86%
 482  200814_20-09728_HIV09-02843_FL30_S2_L000_read_111_count_1     0.82%    passed     97.53%
 483  200814_20-09728_HIV09-02843_FL30_S2_L000_read_112_count_1     0.82%    passed     92.30%
 484  200814_20-09728_HIV09-02843_FL30_S2_L000_read_113_count_1     0.82%    passed     97.53%
 485  200814_20-09728_HIV09-02843_FL30_S2_L000_read_114_count_1     0.82%    passed     94.32%
 486  200814_20-09728_HIV09-02843_FL30_S2_L000_read_115_count_1     1.64%    passed     95.86%
 487  200814_20-09728_HIV09-02843_FL30_S2_L000_read_116_count_1     0.82%    passed     95.15%
 488  200814_20-09728_HIV09-02843_FL30_S2_L000_read_117_count_1     0.82%    passed     95.74%
 489  200814_20-09728_HIV09-02843_FL30_S2_L000_read_118_count_1     0.82%    passed     95.74%
 490  200814_20-09728_HIV09-02843_FL30_S2_L000_read_119_count_1     0.82%    passed     95.74%
 491  200814_20-09728_HIV09-02843_FL30_S2_L000_read_120_count_1     0.82%    passed     97.53%
 492  200724_20-08522_HIV11-02415_FL24_S18_L000_read_1_count_324    0.82%    passed     99.28%
 493  200724_20-08522_HIV11-02415_FL24_S18_L000_read_2_count_85     0.82%    passed     98.77%
 494  200724_20-08522_HIV11-02415_FL24_S18_L000_read_3_count_70     0.82%    passed     98.68%
 495  200724_20-08522_HIV11-02415_FL24_S18_L000_read_4_count_33     0.82%    passed     99.23%
 496  200724_20-08522_HIV11-02415_FL24_S18_L000_read_5_count_28     0.82%    passed     98.68%
 497  200724_20-08522_HIV11-02415_FL24_S18_L000_read_6_count_26     0.82%    passed     96.55%
 498  200724_20-08522_HIV11-02415_FL24_S18_L000_read_7_count_20     0.82%    passed     98.68%
 499  200724_20-08522_HIV11-02415_FL24_S18_L000_read_8_count_9      0.82%    passed     98.68%
 500  200724_20-08522_HIV11-02415_FL24_S18_L000_read_9_count_8      0.82%    passed     98.68%
 501  200724_20-08522_HIV11-02415_FL24_S18_L000_read_10_count_5     0.82%    passed     97.14%
 502  200724_20-08522_HIV11-02415_FL24_S18_L000_read_11_count_5     0.82%    passed     99.83%
 503  200724_20-08522_HIV11-02415_FL24_S18_L000_read_12_count_5     0.82%    passed     95.68%
 504  200724_20-08522_HIV11-02415_FL24_S18_L000_read_13_count_4     0.82%    passed     98.55%
 505  200724_20-08522_HIV11-02415_FL24_S18_L000_read_14_count_4     0.82%    passed     96.55%
 506  200724_20-08522_HIV11-02415_FL24_S18_L000_read_15_count_4     0.82%    passed     99.21%
 507  200724_20-08522_HIV11-02415_FL24_S18_L000_read_16_count_4     0.82%    passed     99.21%
 508  200724_20-08522_HIV11-02415_FL24_S18_L000_read_17_count_3     0.82%    passed     96.55%
 509  200724_20-08522_HIV11-02415_FL24_S18_L000_read_18_count_3     0.82%    passed     96.55%
 510  200724_20-08522_HIV11-02415_FL24_S18_L000_read_19_count_3     0.82%    passed     98.68%
 511  200724_20-08522_HIV11-02415_FL24_S18_L000_read_20_count_3     0.82%    passed     99.94%
 512  200724_20-08522_HIV11-02415_FL24_S18_L000_read_21_count_3     0.82%    passed     99.21%
 513  200724_20-08522_HIV11-02415_FL24_S18_L000_read_22_count_2     0.82%    passed     99.94%
 514  200724_20-08522_HIV11-02415_FL24_S18_L000_read_23_count_2     0.82%    passed     97.06%
 515  200724_20-08522_HIV11-02415_FL24_S18_L000_read_24_count_2     0.82%    passed     99.61%
 516  200724_20-08522_HIV11-02415_FL24_S18_L000_read_25_count_2     0.82%    passed     99.47%
 517  200724_20-08522_HIV11-02415_FL24_S18_L000_read_26_count_2     0.82%    passed     98.25%
 518  200724_20-08522_HIV11-02415_FL24_S18_L000_read_27_count_2     0.82%    passed     98.68%
 519  200724_20-08522_HIV11-02415_FL24_S18_L000_read_28_count_2     0.82%    passed     99.21%
 520  200724_20-08522_HIV11-02415_FL24_S18_L000_read_29_count_2     0.82%    passed     95.06%
 521  200724_20-08522_HIV11-02415_FL24_S18_L000_read_30_count_2     0.82%    passed     95.68%
 522  200724_20-08522_HIV11-02415_FL24_S18_L000_read_31_count_2     0.82%    passed     99.21%
 523  200724_20-08522_HIV11-02415_FL24_S18_L000_read_32_count_2     0.82%    passed     99.28%
 524  200724_20-08522_HIV11-02415_FL24_S18_L000_read_33_count_2     0.82%    passed     98.46%
 525  200724_20-08522_HIV11-02415_FL24_S18_L000_read_34_count_2     0.82%    passed     99.21%
 526  200724_20-08522_HIV11-02415_FL24_S18_L000_read_35_count_2     0.82%    passed     97.14%
 527  200724_20-08522_HIV11-02415_FL24_S18_L000_read_36_count_2     0.82%    passed     98.55%
 528  200724_20-08522_HIV11-02415_FL24_S18_L000_read_37_count_2     0.82%    passed     98.68%
 529  200724_20-08522_HIV11-02415_FL24_S18_L000_read_38_count_2     0.82%    passed     99.47%
 530  200724_20-08522_HIV11-02415_FL24_S18_L000_read_39_count_2     0.82%    passed     99.21%
 531  200724_20-08522_HIV11-02415_FL24_S18_L000_read_40_count_2     0.82%    passed     97.14%
 532  200724_20-08522_HIV11-02415_FL24_S18_L000_read_41_count_2     0.82%    passed     98.68%
 533  200724_20-08522_HIV11-02415_FL24_S18_L000_read_42_count_2     0.82%    passed     97.06%
 534  200724_20-08522_HIV11-02415_FL24_S18_L000_read_43_count_2     0.82%    passed     96.45%
 535  200724_20-08522_HIV11-02415_FL24_S18_L000_read_44_count_2     0.82%    passed     98.68%
 536  200724_20-08522_HIV11-02415_FL24_S18_L000_read_45_count_2     0.82%    passed     98.77%
 537  200724_20-08522_HIV11-02415_FL24_S18_L000_read_46_count_2     0.82%    passed     98.68%
 538  200724_20-08522_HIV11-02415_FL24_S18_L000_read_47_count_1     0.82%    passed     95.37%
 539  200724_20-08522_HIV11-02415_FL24_S18_L000_read_48_count_1     0.82%    passed     97.06%
 540  200724_20-08522_HIV11-02415_FL24_S18_L000_read_49_count_1     0.82%    passed     99.28%
 541  200724_20-08522_HIV11-02415_FL24_S18_L000_read_50_count_1     0.82%    passed     97.77%
 542  200724_20-08522_HIV11-02415_FL24_S18_L000_read_51_count_1     0.82%    passed     99.28%
 543  200724_20-08522_HIV11-02415_FL24_S18_L000_read_52_count_1     0.82%    passed     98.55%
 544  200724_20-08522_HIV11-02415_FL24_S18_L000_read_53_count_1     0.82%    passed     97.51%
 545  200724_20-08522_HIV11-02415_FL24_S18_L000_read_54_count_1     0.82%    passed     99.21%
 546  200724_20-08522_HIV11-02415_FL24_S18_L000_read_55_count_1     0.82%    passed     96.55%
 547  200724_20-08522_HIV11-02415_FL24_S18_L000_read_56_count_1     0.82%    passed     97.32%
 548  200724_20-08522_HIV11-02415_FL24_S18_L000_read_57_count_1     0.82%    passed     98.25%
 549  200724_20-08522_HIV11-02415_FL24_S18_L000_read_58_count_1     0.82%    passed     98.55%
 550  200724_20-08522_HIV11-02415_FL24_S18_L000_read_59_count_1     0.82%    passed     99.21%
 551  200724_20-08522_HIV11-02415_FL24_S18_L000_read_60_count_1     0.82%    passed     99.83%
 552  200724_20-08522_HIV11-02415_FL24_S18_L000_read_61_count_1     0.82%    passed     96.71%
 553  200724_20-08522_HIV11-02415_FL24_S18_L000_read_62_count_1     0.82%    passed     99.21%
 554  200724_20-08522_HIV11-02415_FL24_S18_L000_read_63_count_1     0.82%    passed     99.94%
 555  200724_20-08522_HIV11-02415_FL24_S18_L000_read_64_count_1     0.82%    passed     99.21%
 556  200724_20-08522_HIV11-02415_FL24_S18_L000_read_65_count_1     0.82%    passed     96.45%
 557  200724_20-08522_HIV11-02415_FL24_S18_L000_read_66_count_1     0.82%    passed     99.28%
 558  200724_20-08522_HIV11-02415_FL24_S18_L000_read_67_count_1     0.82%    passed     98.89%
 559  200724_20-08522_HIV11-02415_FL24_S18_L000_read_68_count_1     0.82%    passed     99.21%
 560  200724_20-08522_HIV11-02415_FL24_S18_L000_read_69_count_1     0.82%    passed     92.63%
 561  200724_20-08522_HIV11-02415_FL24_S18_L000_read_70_count_1     0.82%    passed     98.77%
 562  200724_20-08522_HIV11-02415_FL24_S18_L000_read_71_count_1     0.82%    passed     98.55%
 563  200724_20-08522_HIV11-02415_FL24_S18_L000_read_72_count_1     0.82%    passed     97.16%
 564  200724_20-08522_HIV11-02415_FL24_S18_L000_read_73_count_1     0.82%    passed     98.55%
 565  200724_20-08522_HIV11-02415_FL24_S18_L000_read_74_count_1     0.82%    passed     99.47%
 566  200724_20-08522_HIV11-02415_FL24_S18_L000_read_75_count_1     0.82%    passed     99.28%
 567  200724_20-08522_HIV11-02415_FL24_S18_L000_read_76_count_1     0.82%    passed     97.51%
 568  200724_20-08522_HIV11-02415_FL24_S18_L000_read_77_count_1     0.82%    passed     98.91%
 569  200724_20-08522_HIV11-02415_FL24_S18_L000_read_78_count_1     0.82%    passed     96.55%
 570  200724_20-08522_HIV11-02415_FL24_S18_L000_read_79_count_1     0.82%    passed     96.45%
 571  200724_20-08522_HIV11-02415_FL24_S18_L000_read_80_count_1     0.82%    passed     95.68%
 572  200724_20-08522_HIV11-02415_FL24_S18_L000_read_81_count_1     0.82%    passed     98.90%
 573  200724_20-08522_HIV11-02415_FL24_S18_L000_read_82_count_1     0.82%    passed     99.28%
 574  200724_20-08522_HIV11-02415_FL24_S18_L000_read_83_count_1     0.82%    passed     99.21%
 575  200724_20-08522_HIV11-02415_FL24_S18_L000_read_84_count_1     0.82%    passed     96.72%
 576  200724_20-08522_HIV11-02415_FL24_S18_L000_read_85_count_1     0.82%    passed     99.28%
 577  200724_20-08522_HIV11-02415_FL24_S18_L000_read_86_count_1     0.82%    passed     99.91%
 578  200724_20-08522_HIV11-02415_FL24_S18_L000_read_87_count_1     0.82%    passed     98.25%
 579  200724_20-08522_HIV11-02415_FL24_S18_L000_read_88_count_1     0.82%    passed     99.91%
 580  200724_20-08522_HIV11-02415_FL24_S18_L000_read_89_count_1     0.82%    passed     97.39%
 581  200724_20-08522_HIV11-02415_FL24_S18_L000_read_90_count_1     0.82%    passed     99.28%
 582  200724_20-08522_HIV11-02415_FL24_S18_L000_read_91_count_1     0.82%    passed     97.77%
 583  200724_20-08522_HIV11-02415_FL24_S18_L000_read_92_count_1     0.82%    passed     99.57%
 584  200724_20-08522_HIV11-02415_FL24_S18_L000_read_93_count_1     0.82%    passed     97.14%
 585  200724_20-08522_HIV11-02415_FL24_S18_L000_read_94_count_1     0.82%    passed     99.83%
 586  200724_20-08522_HIV11-02415_FL24_S18_L000_read_95_count_1     0.82%    passed     96.45%
 587  200724_20-08522_HIV11-02415_FL24_S18_L000_read_96_count_1     0.82%    passed     98.68%
 588  200724_20-08522_HIV11-02415_FL24_S18_L000_read_97_count_1     0.82%    passed     99.21%
 589  200724_20-08522_HIV11-02415_FL24_S18_L000_read_98_count_1     0.82%    passed     98.90%
 590  200724_20-08522_HIV11-02415_FL24_S18_L000_read_99_count_1     0.82%    passed     99.28%
 591  200724_20-08522_HIV11-02415_FL24_S18_L000_read_100_count_1    0.82%    passed     99.28%
 592  200724_20-08522_HIV11-02415_FL24_S18_L000_read_101_count_1    0.82%    passed     99.28%
 593  200724_20-08522_HIV11-02415_FL24_S18_L000_read_102_count_1    0.82%    passed     94.54%
 594  200724_20-08522_HIV11-02415_FL24_S18_L000_read_103_count_1    0.82%    passed     98.25%
 595  200724_20-08522_HIV11-02415_FL24_S18_L000_read_104_count_1    0.82%    passed     99.21%
 596  200724_20-08522_HIV11-02415_FL24_S18_L000_read_105_count_1    0.82%    passed     97.14%
 597  200724_20-08522_HIV11-02415_FL24_S18_L000_read_106_count_1    0.82%    passed     99.21%
 598  200724_20-08522_HIV11-02415_FL24_S18_L000_read_107_count_1    0.82%    passed     97.16%
 599  200724_20-08522_HIV11-02415_FL24_S18_L000_read_108_count_1    0.82%    passed     91.98%
 600  200724_20-08522_HIV11-02415_FL24_S18_L000_read_109_count_1    0.82%    passed     99.21%
 601  200724_20-08522_HIV11-02415_FL24_S18_L000_read_110_count_1    0.82%    passed     98.90%
 602  200724_20-08522_HIV11-02415_FL24_S18_L000_read_111_count_1    0.82%    passed     96.70%
 603  200724_20-08522_HIV11-02415_FL24_S18_L000_read_112_count_1    0.82%    passed     99.94%
 604  200724_20-08522_HIV11-02415_FL24_S18_L000_read_113_count_1    0.82%    passed     98.25%
 605  200724_20-08522_HIV11-02415_FL24_S18_L000_read_114_count_1    0.82%    passed     96.55%
 606  200724_20-08522_HIV11-02415_FL24_S18_L000_read_115_count_1    0.82%    passed     99.83%
 607  200724_20-08522_HIV11-02415_FL24_S18_L000_read_116_count_1    0.82%    passed     98.25%
 608  200724_20-08522_HIV11-02415_FL24_S18_L000_read_117_count_1    0.82%    passed     99.89%
 609  200724_20-08522_HIV11-02415_FL24_S18_L000_read_118_count_1    0.82%    passed     99.21%
 610  200724_20-08522_HIV11-02415_FL24_S18_L000_read_119_count_1    1.64%    passed     99.59%
 611  200724_20-08522_HIV11-02415_FL24_S18_L000_read_120_count_1    0.82%    passed     99.21%
 612  200724_20-08522_HIV11-02415_FL24_S18_L000_read_121_count_1    1.23%    passed     96.63%
 613  200724_20-08522_HIV11-02415_FL24_S18_L000_read_122_count_1    0.82%    passed     99.21%
 614  200724_20-08522_HIV11-02415_FL24_S18_L000_read_123_count_1    0.82%    passed     98.68%
 615  200724_20-08522_HIV11-02415_FL24_S18_L000_read_124_count_1    1.23%    passed     98.85%
 616  200724_20-08522_HIV11-02415_FL24_S18_L000_read_125_count_1    1.64%    passed     98.73%
 617  200724_20-08522_HIV11-02415_FL24_S18_L000_read_126_count_1    0.82%    passed     99.23%
 618  200724_20-08522_HIV11-02415_FL24_S18_L000_read_127_count_1    1.64%    passed     98.91%
 619  200724_20-08522_HIV11-02415_FL24_S18_L000_read_128_count_1    0.82%    passed     96.45%
 620  200724_20-08522_HIV11-02415_FL24_S18_L000_read_129_count_1    0.82%    passed     97.06%
 621  200724_20-08522_HIV11-02415_FL24_S18_L000_read_130_count_1    0.82%    passed     97.14%
 622  200724_20-08522_HIV11-02415_FL24_S18_L000_read_131_count_1    0.82%    passed     95.06%
 623  200724_20-08522_HIV11-02415_FL24_S18_L000_read_132_count_1    0.82%    passed     98.55%
 624  200724_20-08522_HIV11-02415_FL24_S18_L000_read_133_count_1    0.82%    passed     98.34%
 625  200724_20-08522_HIV11-02415_FL24_S18_L000_read_134_count_1    1.23%    passed     97.69%
 626  200724_20-08522_HIV11-02415_FL24_S18_L000_read_135_count_1    0.82%    passed     95.85%
 627  200724_20-08522_HIV11-02415_FL24_S18_L000_read_136_count_1    1.64%    passed     94.43%
 628  200724_20-08522_HIV11-02415_FL24_S18_L000_read_137_count_1    0.82%    passed     96.55%
 629  200724_20-08522_HIV11-02415_FL24_S18_L000_read_138_count_1    0.82%    passed     96.45%
 630  200724_20-08522_HIV11-02415_FL24_S18_L000_read_139_count_1    0.82%    passed     98.68%
 631  200724_20-08522_HIV11-02415_FL24_S18_L000_read_140_count_1    0.82%    passed     95.68%
 632  200724_20-08522_HIV11-02415_FL24_S18_L000_read_141_count_1    0.82%    passed     97.75%
 633  200724_20-08522_HIV11-02415_FL24_S18_L000_read_142_count_1    0.82%    passed     99.21%
 634  200724_20-08522_HIV11-02415_FL24_S18_L000_read_143_count_1    0.82%    passed     98.68%
 635  200724_20-08522_HIV11-02415_FL24_S18_L000_read_144_count_1    0.82%    passed     99.28%
 636  200724_20-08522_HIV11-02415_FL24_S18_L000_read_145_count_1    0.82%    passed     96.45%
 637  200724_20-08522_HIV11-02415_FL24_S18_L000_read_146_count_1    0.82%    passed     96.55%
 638  200724_20-08522_HIV11-02415_FL24_S18_L000_read_147_count_1    1.23%    passed     98.73%
 639  200724_20-08522_HIV11-02415_FL24_S18_L000_read_148_count_1    0.82%    passed     99.28%
 640  200724_20-08522_HIV11-02415_FL24_S18_L000_read_149_count_1    0.82%    passed     90.71%
 641  200724_20-08522_HIV11-02415_FL24_S18_L000_read_150_count_1    0.82%    passed     96.45%
 642  200724_20-08522_HIV11-02415_FL24_S18_L000_read_151_count_1    0.82%    passed     98.38%
 643  200724_20-08522_HIV11-02415_FL24_S18_L000_read_152_count_1    0.82%    passed     97.16%
 644  200724_20-08522_HIV11-02415_FL24_S18_L000_read_153_count_1    0.82%    passed     96.55%
 645  200724_20-08522_HIV11-02415_FL24_S18_L000_read_154_count_1    0.82%    passed     98.91%
 646  200724_20-08522_HIV11-02415_FL24_S18_L000_read_155_count_1    0.82%    passed     98.46%
 647  200724_20-08522_HIV11-02415_FL24_S18_L000_read_156_count_1    0.82%    passed     96.55%
 648  200724_20-08522_HIV11-02415_FL24_S18_L000_read_157_count_1    0.82%    passed     95.06%
 649  200724_20-08522_HIV11-02415_FL24_S18_L000_read_158_count_1    0.82%    passed     98.55%
 650  200724_20-08522_HIV11-02415_FL24_S18_L000_read_159_count_1    0.82%    passed     97.14%
 651  200724_20-08522_HIV11-02415_FL24_S18_L000_read_160_count_1    0.82%    passed     99.94%
 652  200724_20-08522_HIV11-02415_FL24_S18_L000_read_161_count_1    0.82%    passed     98.68%
 653  200724_20-08522_HIV11-02415_FL24_S18_L000_read_162_count_1    0.82%    passed     99.15%
 654  200724_20-08522_HIV11-02415_FL24_S18_L000_read_163_count_1    0.82%    passed     98.77%
 655  200724_20-08522_HIV11-02415_FL24_S18_L000_read_164_count_1    0.82%    passed     99.83%
 656  200724_20-08522_HIV11-02415_FL24_S18_L000_read_165_count_1    0.82%    passed     98.25%
 657  200724_20-08522_HIV11-02415_FL24_S18_L000_read_166_count_1    0.82%    passed     99.21%
 658  200724_20-08522_HIV11-02415_FL24_S18_L000_read_167_count_1    0.82%    passed     96.45%
 659  200724_20-08522_HIV11-02415_FL24_S18_L000_read_168_count_1    0.82%    passed     99.21%
 660  200724_20-08522_HIV11-02415_FL24_S18_L000_read_169_count_1    0.82%    passed     99.23%
 661  200724_20-08522_HIV11-02415_FL24_S18_L000_read_170_count_1    0.82%    passed     99.15%
 662  200724_20-08522_HIV11-02415_FL24_S18_L000_read_171_count_1    0.82%    passed     99.23%
 663  200724_20-08522_HIV11-02415_FL24_S18_L000_read_172_count_1    0.82%    passed     97.77%
 664  200724_20-08522_HIV11-02415_FL24_S18_L000_read_173_count_1    0.82%    passed     96.45%
 665  200724_20-08522_HIV11-02415_FL24_S18_L000_read_174_count_1    0.82%    passed     96.55%
 666  200724_20-08522_HIV11-02415_FL24_S18_L000_read_175_count_1    0.82%    passed     97.16%
 667  200724_20-08522_HIV11-02415_FL24_S18_L000_read_176_count_1    0.82%    passed     98.46%
 668  200724_20-08522_HIV11-02415_FL24_S18_L000_read_177_count_1    0.82%    passed     99.30%
 669  200724_20-08522_HIV11-02415_FL24_S18_L000_read_178_count_1    0.82%    passed     99.21%
 670  200724_20-08522_HIV11-02415_FL24_S18_L000_read_179_count_1    0.82%    passed     99.23%
 671  200724_20-08522_HIV11-02415_FL24_S18_L000_read_180_count_1    1.64%    passed     87.83%
 672  200724_20-08522_HIV11-02415_FL24_S18_L000_read_181_count_1    0.82%    passed     99.94%
 673  200724_20-08522_HIV11-02415_FL24_S18_L000_read_182_count_1    0.82%    passed     98.55%
 674  200724_20-08522_HIV11-02415_FL24_S18_L000_read_183_count_1    0.82%    passed     97.14%
 675  200724_20-08522_HIV11-02415_FL24_S18_L000_read_184_count_1    0.82%    passed     98.31%
 676  200724_20-08522_HIV11-02415_FL24_S18_L000_read_185_count_1    0.82%    passed     95.68%
 677  200724_20-08522_HIV11-02415_FL24_S18_L000_read_186_count_1    0.82%    passed     99.94%
 678  200724_20-08522_HIV11-02415_FL24_S18_L000_read_187_count_1    0.82%    passed     97.14%
 679  200724_20-08522_HIV11-02415_FL24_S18_L000_read_188_count_1    0.82%    passed     96.55%
 680  200724_20-08522_HIV11-02415_FL24_S18_L000_read_189_count_1    0.82%    passed     96.55%
 681  200724_20-08522_HIV11-02415_FL24_S18_L000_read_190_count_1    0.82%    passed     95.06%
 682  200724_20-08522_HIV11-02415_FL24_S18_L000_read_191_count_1    0.82%    passed     99.28%
 683  200724_20-08522_HIV11-02415_FL24_S18_L000_read_192_count_1    1.23%    passed     98.73%
 684  200724_20-08522_HIV11-02415_FL24_S18_L000_read_193_count_1    0.82%    passed     98.68%
 685  200724_20-08522_HIV11-02415_FL24_S18_L000_read_194_count_1    0.82%    passed     99.94%
 686  200724_20-08522_HIV11-02415_FL24_S18_L000_read_195_count_1    0.82%    passed     96.71%
 687  200724_20-08522_HIV11-02415_FL24_S18_L000_read_196_count_1    0.82%    passed     99.28%
 688  200724_20-08522_HIV11-02415_FL24_S18_L000_read_197_count_1    0.82%    passed     97.51%
 689  200724_20-08522_HIV11-02415_FL24_S18_L000_read_198_count_1    0.82%    passed     99.93%
 690  200724_20-08522_HIV11-02415_FL24_S18_L000_read_199_count_1    0.82%    passed     95.06%
 691  200724_20-08522_HIV11-02415_FL24_S18_L000_read_200_count_1    0.82%    passed     98.55%
 692  200724_20-08522_HIV11-02415_FL24_S18_L000_read_201_count_1    0.82%    passed     95.68%
 693  200724_20-08522_HIV11-02415_FL24_S18_L000_read_202_count_1    0.82%    passed     99.21%
 694  200724_20-08522_HIV11-02415_FL24_S18_L000_read_203_count_1    0.82%    passed     99.57%
 695  200724_20-08522_HIV11-02415_FL24_S18_L000_read_204_count_1    0.82%    passed     99.04%
 696  200724_20-08522_HIV11-02415_FL24_S18_L000_read_205_count_1    0.82%    passed     90.71%
 697  200724_20-08522_HIV11-02415_FL24_S18_L000_read_206_count_1    0.82%    passed     93.35%
 698  200724_20-08522_HIV11-02415_FL24_S18_L000_read_207_count_1    0.82%    passed     98.91%
 699  200724_20-08522_HIV11-02415_FL24_S18_L000_read_208_count_1    0.82%    passed     99.28%
 700  200724_20-08522_HIV11-02415_FL24_S18_L000_read_209_count_1    0.82%    passed     99.30%
 701  200724_20-08522_HIV11-02415_FL24_S18_L000_read_210_count_1    0.82%    passed     98.25%
 702  200724_20-08522_HIV11-02415_FL24_S18_L000_read_211_count_1    0.82%    passed     98.25%
 703  200724_20-08522_HIV11-02415_FL24_S18_L000_read_212_count_1    0.82%    passed     99.21%
 704  200724_20-08522_HIV11-02415_FL24_S18_L000_read_213_count_1    0.82%    passed     98.91%
 705  200724_20-08522_HIV11-02415_FL24_S18_L000_read_214_count_1    0.82%    passed     99.21%
 706  200724_20-08522_HIV11-02415_FL24_S18_L000_read_215_count_1    0.82%    passed     98.46%
 707  200724_20-08522_HIV11-02415_FL24_S18_L000_read_216_count_1    0.82%    passed     95.68%
 708  200724_20-08522_HIV11-02415_FL24_S18_L000_read_217_count_1    0.82%    passed     99.15%
 709  200724_20-08522_HIV11-02415_FL24_S18_L000_read_218_count_1    0.82%    passed     98.91%
 710  200724_20-08522_HIV11-02415_FL24_S18_L000_read_219_count_1    0.82%    passed     94.74%
 711  200724_20-08522_HIV11-02415_FL24_S18_L000_read_220_count_1    0.82%    passed     98.55%
 712  200724_20-08522_HIV11-02415_FL24_S18_L000_read_221_count_1    0.82%    passed     96.71%
 713  200724_20-08522_HIV11-02415_FL24_S18_L000_read_222_count_1    0.82%    passed     96.68%
 714  200724_20-08522_HIV11-02415_FL24_S18_L000_read_223_count_1    0.82%    passed     90.59%
 715  200724_20-08522_HIV11-02415_FL24_S18_L000_read_224_count_1    0.82%    passed     96.71%
 716  200724_20-08522_HIV11-02415_FL24_S18_L000_read_225_count_1    0.82%    passed     98.77%
 717  200724_20-08522_HIV11-02415_FL24_S18_L000_read_226_count_1    0.82%    passed     98.25%
 718  200724_20-08522_HIV11-02415_FL24_S18_L000_read_227_count_1    0.82%    passed     98.77%
 719  200724_20-08522_HIV11-02415_FL24_S18_L000_read_228_count_1    0.82%    passed     98.55%
 720  200724_20-08522_HIV11-02415_FL24_S18_L000_read_229_count_1    0.82%    passed     95.84%
 721  B.FR.83.HXB2_LAI_IIIB_BRU.K03455                              0.82%    passed     99.91%
 722  C.BW.00.00BW07621.AF443088                                    0.82%    passed     89.86%
****  TOTAL                                                         0.84%  0 sequences failed composition chi2 test (p-value<5%; df=3)
Checking for duplicate sequences: done in 0.00227608 secs using 115.5% CPU

Create initial parsimony tree by phylogenetic likelihood library (PLL)... 0.091 seconds

NOTE: 33 MB RAM (0 GB) is required!
Estimate model parameters (epsilon = 0.100)
1. Initial log-likelihood: -6299.558
2. Current log-likelihood: -6103.535
3. Current log-likelihood: -6101.109
4. Current log-likelihood: -6098.988
5. Current log-likelihood: -6098.082
Optimal log-likelihood: -6097.993
Rate parameters:  A-C: 1.57774  A-G: 3.18847  A-T: 0.88710  C-G: 0.24649  C-T: 4.28824  G-T: 1.00000
Base frequencies:  A: 0.393  C: 0.126  G: 0.267  T: 0.214
Site proportion and rates:  (0.081,0.337) (0.173,0.497) (0.229,0.632) (0.237,0.918) (0.266,1.717) (0.013,5.197)
Parameters optimization took 5 rounds (6.734 sec)
Wrote distance file to... 
Computing ML distances based on estimated model parameters...
Calculating distance matrix: done in 1.62479 secs using 199.4% CPU
Computing ML distances took 1.626832 sec (of wall-clock time) 3.239549 sec (of CPU time)
Setting up auxiliary I and S matrices: done in 0.0353169 secs using 190.1% CPU
Constructing RapidNJ tree: done in 0.370777 secs using 142.7% CPU
Computing RapidNJ tree took 0.406304 sec (of wall-clock time) 0.596345 sec (of CPU time)
Log-likelihood of RapidNJ tree: -6055.735
--------------------------------------------------------------------
|             INITIALIZING CANDIDATE TREE SET                      |
--------------------------------------------------------------------
Generating 98 parsimony trees... 10.094 second
Computing log-likelihood of 98 initial trees ... 8.496 seconds
Current best score: -6055.735

Do NNI search on 20 best initial trees
Optimizing NNI: done in 0.819093 secs using 196.7% CPU
Estimate model parameters (epsilon = 0.100)
BETTER TREE FOUND at iteration 1: -6039.222
Optimizing NNI: done in 1.46132 secs using 196.7% CPU
Optimizing NNI: done in 1.44924 secs using 198.5% CPU
Optimizing NNI: done in 1.32849 secs using 196.9% CPU
Optimizing NNI: done in 0.778457 secs using 197.9% CPU
Optimizing NNI: done in 1.50648 secs using 198.2% CPU
Optimizing NNI: done in 0.763634 secs using 197.5% CPU
Optimizing NNI: done in 0.695143 secs using 198.4% CPU
Optimizing NNI: done in 0.737183 secs using 196.3% CPU
Optimizing NNI: done in 1.05447 secs using 195.5% CPU
Iteration 10 / LogL: -6089.209 / Time: 0h:0m:42s
Optimizing NNI: done in 1.00873 secs using 197.3% CPU
Optimizing NNI: done in 1.14132 secs using 198.1% CPU
Optimizing NNI: done in 0.956288 secs using 196% CPU
Optimizing NNI: done in 1.15026 secs using 198% CPU
Optimizing NNI: done in 0.743636 secs using 196.4% CPU
Optimizing NNI: done in 0.654793 secs using 199.6% CPU
Optimizing NNI: done in 1.18412 secs using 196.8% CPU
Optimizing NNI: done in 0.901794 secs using 196% CPU
Optimizing NNI: done in 0.979327 secs using 196.7% CPU
Optimizing NNI: done in 0.455091 secs using 197.6% CPU
Iteration 20 / LogL: -6099.955 / Time: 0h:0m:52s
Finish initializing candidate tree set (20)
Current best tree score: -6039.222 / CPU time: 42.433
Number of iterations: 20
--------------------------------------------------------------------
|               OPTIMIZING CANDIDATE TREE SET                      |
--------------------------------------------------------------------
Optimizing NNI: done in 1.52446 secs using 197.8% CPU
Optimizing NNI: done in 1.47094 secs using 197.2% CPU
Optimizing NNI: done in 1.48743 secs using 197.7% CPU
Optimizing NNI: done in 1.7988 secs using 197.1% CPU
Optimizing NNI: done in 1.20446 secs using 196.9% CPU
Optimizing NNI: done in 1.75408 secs using 198.1% CPU
Optimizing NNI: done in 1.48715 secs using 198.4% CPU
Optimizing NNI: done in 1.80846 secs using 196.9% CPU
Optimizing NNI: done in 1.32933 secs using 198.2% CPU
Optimizing NNI: done in 1.65844 secs using 198.3% CPU
Iteration 30 / LogL: -6050.452 / Time: 0h:1m:8s (0h:2m:47s left)
Optimizing NNI: done in 1.32562 secs using 196.3% CPU
Optimizing NNI: done in 1.68922 secs using 197.2% CPU
Optimizing NNI: done in 1.56609 secs using 197.3% CPU
Optimizing NNI: done in 1.44719 secs using 198.5% CPU
Optimizing NNI: done in 1.43873 secs using 197.7% CPU
Optimizing NNI: done in 1.7352 secs using 196.5% CPU
Optimizing NNI: done in 1.5373 secs using 196.4% CPU
Optimizing NNI: done in 1.44094 secs using 198.1% CPU
Optimizing NNI: done in 1.45646 secs using 196.7% CPU
Optimizing NNI: done in 1.17246 secs using 196.4% CPU
Iteration 40 / LogL: -6051.128 / Time: 0h:1m:24s (0h:2m:11s left)
Optimizing NNI: done in 1.55844 secs using 196.5% CPU
Optimizing NNI: done in 1.24471 secs using 198.5% CPU
Optimizing NNI: done in 1.21543 secs using 197.5% CPU
Optimizing NNI: done in 1.29903 secs using 197.2% CPU
Optimizing NNI: done in 1.468 secs using 196.5% CPU
Optimizing NNI: done in 1.42496 secs using 197.7% CPU
Optimizing NNI: done in 1.36524 secs using 197.2% CPU
Optimizing NNI: done in 1.11815 secs using 197.6% CPU
Optimizing NNI: done in 1.5884 secs using 197% CPU
Optimizing NNI: done in 1.33722 secs using 197.3% CPU
Iteration 50 / LogL: -6047.894 / Time: 0h:1m:38s (0h:1m:42s left)
Optimizing NNI: done in 1.80802 secs using 197.8% CPU
Optimizing NNI: done in 1.23662 secs using 196.4% CPU
Optimizing NNI: done in 1.59246 secs using 197.6% CPU
Optimizing NNI: done in 1.78637 secs using 196.5% CPU
Optimizing NNI: done in 1.40043 secs using 197% CPU
Optimizing NNI: done in 1.74962 secs using 196.4% CPU
Estimate model parameters (epsilon = 0.100)
BETTER TREE FOUND at iteration 56: -6038.820
Optimizing NNI: done in 1.25683 secs using 197.8% CPU
Optimizing NNI: done in 1.70746 secs using 198% CPU
Optimizing NNI: done in 1.41765 secs using 195.7% CPU
Optimizing NNI: done in 1.53936 secs using 196.3% CPU
Estimate model parameters (epsilon = 0.100)
BETTER TREE FOUND at iteration 60: -6033.662
Iteration 60 / LogL: -6033.662 / Time: 0h:1m:56s (0h:3m:17s left)
Optimizing NNI: done in 1.48707 secs using 196.7% CPU
Optimizing NNI: done in 1.12369 secs using 198% CPU
Optimizing NNI: done in 1.5685 secs using 198.8% CPU
Optimizing NNI: done in 1.26396 secs using 197.1% CPU
Optimizing NNI: done in 1.33359 secs using 196% CPU
Optimizing NNI: done in 1.2904 secs using 197% CPU
Optimizing NNI: done in 1.31972 secs using 196.5% CPU
Optimizing NNI: done in 1.48742 secs using 196.2% CPU
Optimizing NNI: done in 1.56786 secs using 198.3% CPU
Optimizing NNI: done in 1.31569 secs using 196.9% CPU
Iteration 70 / LogL: -6047.455 / Time: 0h:2m:11s (0h:2m:50s left)
Optimizing NNI: done in 1.58924 secs using 197.6% CPU
Optimizing NNI: done in 1.6361 secs using 197.1% CPU
Optimizing NNI: done in 1.28503 secs using 197.8% CPU
Optimizing NNI: done in 1.79702 secs using 197.7% CPU
Optimizing NNI: done in 1.28014 secs using 196% CPU
Optimizing NNI: done in 1.79677 secs using 196.1% CPU
Optimizing NNI: done in 1.98839 secs using 197.9% CPU
Optimizing NNI: done in 1.51617 secs using 197.3% CPU
Optimizing NNI: done in 1.64679 secs using 197.6% CPU
Optimizing NNI: done in 1.64711 secs using 197.5% CPU
Iteration 80 / LogL: -6041.350 / Time: 0h:2m:28s (0h:2m:29s left)
Optimizing NNI: done in 1.51464 secs using 198% CPU
Optimizing NNI: done in 1.28256 secs using 197% CPU
Optimizing NNI: done in 1.34739 secs using 197.8% CPU
Optimizing NNI: done in 1.47732 secs using 197.2% CPU
Optimizing NNI: done in 1.71435 secs using 196.3% CPU
Optimizing NNI: done in 1.97735 secs using 197.3% CPU
Optimizing NNI: done in 0.965397 secs using 198.4% CPU
Optimizing NNI: done in 1.34374 secs using 197.1% CPU
Optimizing NNI: done in 1.53047 secs using 198.6% CPU
Optimizing NNI: done in 1.76263 secs using 197.1% CPU
Iteration 90 / LogL: -6045.427 / Time: 0h:2m:43s (0h:2m:8s left)
Optimizing NNI: done in 1.5642 secs using 197.8% CPU
Estimate model parameters (epsilon = 0.100)
BETTER TREE FOUND at iteration 91: -6033.586
Optimizing NNI: done in 1.33726 secs using 196.8% CPU
Optimizing NNI: done in 1.38707 secs using 198.4% CPU
Optimizing NNI: done in 1.55856 secs using 197.5% CPU
Optimizing NNI: done in 1.76857 secs using 197.3% CPU
Optimizing NNI: done in 1.22891 secs using 197.8% CPU
Optimizing NNI: done in 1.5121 secs using 198% CPU
Optimizing NNI: done in 1.48382 secs using 195.9% CPU
Optimizing NNI: done in 1.49512 secs using 197.8% CPU
Optimizing NNI: done in 1.33653 secs using 196.3% CPU
Iteration 100 / LogL: -6045.259 / Time: 0h:3m:0s (0h:2m:45s left)
Optimizing NNI: done in 1.54171 secs using 197.1% CPU
Optimizing NNI: done in 1.1544 secs using 195.7% CPU
Optimizing NNI: done in 1.5381 secs using 197.2% CPU
Optimizing NNI: done in 1.72389 secs using 197.4% CPU
Optimizing NNI: done in 1.24584 secs using 195.1% CPU
Optimizing NNI: done in 1.87287 secs using 196.7% CPU
Optimizing NNI: done in 1.68908 secs using 197.5% CPU
Optimizing NNI: done in 1.27246 secs using 196.7% CPU
Optimizing NNI: done in 1.76258 secs using 197% CPU
Optimizing NNI: done in 1.3793 secs using 197.7% CPU
Iteration 110 / LogL: -6042.139 / Time: 0h:3m:16s (0h:2m:25s left)
Optimizing NNI: done in 1.21567 secs using 196.6% CPU
Optimizing NNI: done in 1.4583 secs using 196.6% CPU
Optimizing NNI: done in 1.41834 secs using 197.9% CPU
Optimizing NNI: done in 1.50005 secs using 196.6% CPU
Optimizing NNI: done in 1.10173 secs using 197.6% CPU
Optimizing NNI: done in 1.5839 secs using 196.5% CPU
Optimizing NNI: done in 1.48455 secs using 197.4% CPU
Optimizing NNI: done in 1.34049 secs using 196.5% CPU
Optimizing NNI: done in 1.9104 secs using 197.2% CPU
Optimizing NNI: done in 1.3461 secs using 197.5% CPU
Iteration 120 / LogL: -6047.976 / Time: 0h:3m:31s (0h:2m:6s left)
Optimizing NNI: done in 2.15153 secs using 196.7% CPU
Optimizing NNI: done in 1.29783 secs using 198.3% CPU
Optimizing NNI: done in 1.4643 secs using 198.2% CPU
Optimizing NNI: done in 2.17714 secs using 197.2% CPU
Optimizing NNI: done in 1.54192 secs using 196.9% CPU
Optimizing NNI: done in 1.31217 secs using 197.9% CPU
Optimizing NNI: done in 1.58539 secs using 198.1% CPU
Optimizing NNI: done in 1.1198 secs using 197.9% CPU
Optimizing NNI: done in 1.45809 secs using 197.5% CPU
Optimizing NNI: done in 1.38425 secs using 198.2% CPU
Iteration 130 / LogL: -6047.594 / Time: 0h:3m:47s (0h:1m:47s left)
Optimizing NNI: done in 1.73178 secs using 197.9% CPU
Optimizing NNI: done in 1.31176 secs using 194.7% CPU
Optimizing NNI: done in 1.41814 secs using 197.9% CPU
Optimizing NNI: done in 1.31791 secs using 197.7% CPU
Optimizing NNI: done in 1.4095 secs using 196.7% CPU
Optimizing NNI: done in 1.60733 secs using 196.8% CPU
Optimizing NNI: done in 1.41451 secs using 196.4% CPU
Optimizing NNI: done in 1.29518 secs using 197% CPU
Optimizing NNI: done in 1.42621 secs using 197.7% CPU
Optimizing NNI: done in 1.55517 secs using 196.9% CPU
Iteration 140 / LogL: -6046.140 / Time: 0h:4m:2s (0h:1m:29s left)
Optimizing NNI: done in 1.96997 secs using 198.3% CPU
Optimizing NNI: done in 1.57437 secs using 198.2% CPU
Optimizing NNI: done in 1.27921 secs using 196.9% CPU
Optimizing NNI: done in 1.52524 secs using 196.7% CPU
Optimizing NNI: done in 1.73664 secs using 197.3% CPU
Optimizing NNI: done in 1.54708 secs using 197.8% CPU
Optimizing NNI: done in 1.73189 secs using 197.4% CPU
Optimizing NNI: done in 1.27539 secs using 198% CPU
Optimizing NNI: done in 2.04106 secs using 197.8% CPU
Optimizing NNI: done in 1.79531 secs using 197.6% CPU
Iteration 150 / LogL: -6046.722 / Time: 0h:4m:20s (0h:1m:11s left)
Optimizing NNI: done in 1.39097 secs using 197.3% CPU
Optimizing NNI: done in 1.71146 secs using 196% CPU
Optimizing NNI: done in 1.69124 secs using 198.1% CPU
Optimizing NNI: done in 1.50567 secs using 198.4% CPU
Optimizing NNI: done in 1.56749 secs using 197.4% CPU
Optimizing NNI: done in 1.54346 secs using 196.8% CPU
Optimizing NNI: done in 1.09325 secs using 197.2% CPU
Optimizing NNI: done in 1.68826 secs using 197.5% CPU
Optimizing NNI: done in 0.921941 secs using 198.5% CPU
Optimizing NNI: done in 1.68809 secs using 197.5% CPU
Iteration 160 / LogL: -6055.073 / Time: 0h:4m:35s (0h:0m:53s left)
Optimizing NNI: done in 1.39984 secs using 195.7% CPU
Optimizing NNI: done in 1.53625 secs using 197.2% CPU
Optimizing NNI: done in 1.19798 secs using 197% CPU
Optimizing NNI: done in 1.60861 secs using 196.9% CPU
Optimizing NNI: done in 1.15333 secs using 197.2% CPU
Optimizing NNI: done in 1.40168 secs using 196.2% CPU
Optimizing NNI: done in 1.47399 secs using 196.2% CPU
Optimizing NNI: done in 1.85091 secs using 195.8% CPU
Optimizing NNI: done in 1.70008 secs using 197.5% CPU
Optimizing NNI: done in 1.4247 secs using 196.2% CPU
Iteration 170 / LogL: -6038.186 / Time: 0h:4m:51s (0h:0m:36s left)
Optimizing NNI: done in 1.28498 secs using 196.3% CPU
Optimizing NNI: done in 1.36374 secs using 198.6% CPU
Optimizing NNI: done in 1.50959 secs using 198.8% CPU
Optimizing NNI: done in 1.67242 secs using 197.4% CPU
Optimizing NNI: done in 1.37478 secs using 198% CPU
Optimizing NNI: done in 1.39714 secs using 197.7% CPU
Optimizing NNI: done in 1.20026 secs using 196.8% CPU
Optimizing NNI: done in 1.60262 secs using 199% CPU
Optimizing NNI: done in 1.47009 secs using 197.1% CPU
Optimizing NNI: done in 1.49309 secs using 197.9% CPU
Iteration 180 / LogL: -6055.257 / Time: 0h:5m:6s (0h:0m:18s left)
Optimizing NNI: done in 1.46134 secs using 198.3% CPU
Optimizing NNI: done in 1.31991 secs using 196.6% CPU
Optimizing NNI: done in 1.58733 secs using 196.9% CPU
Optimizing NNI: done in 1.45574 secs using 196.3% CPU
Optimizing NNI: done in 1.18773 secs using 197.7% CPU
Optimizing NNI: done in 1.34661 secs using 196.7% CPU
Optimizing NNI: done in 1.54452 secs using 195.6% CPU
Estimate model parameters (epsilon = 0.100)
BETTER TREE FOUND at iteration 187: -6032.505
Optimizing NNI: done in 1.77541 secs using 198% CPU
Optimizing NNI: done in 1.55557 secs using 197.1% CPU
Optimizing NNI: done in 1.60713 secs using 197% CPU
Iteration 190 / LogL: -6045.006 / Time: 0h:5m:23s (0h:2m:45s left)
Optimizing NNI: done in 1.80873 secs using 197.2% CPU
Optimizing NNI: done in 1.37144 secs using 195.2% CPU
Optimizing NNI: done in 1.75321 secs using 195.9% CPU
Optimizing NNI: done in 1.37084 secs using 198.1% CPU
Optimizing NNI: done in 1.56608 secs using 198% CPU
Optimizing NNI: done in 1.15148 secs using 197.1% CPU
Optimizing NNI: done in 1.60662 secs using 196.9% CPU
Optimizing NNI: done in 1.3349 secs using 197% CPU
Optimizing NNI: done in 2.01632 secs using 195.5% CPU
Optimizing NNI: done in 1.42798 secs using 196.3% CPU
Iteration 200 / LogL: -6056.296 / Time: 0h:5m:39s (0h:2m:28s left)
Optimizing NNI: done in 1.33182 secs using 197.1% CPU
Optimizing NNI: done in 1.41342 secs using 197.9% CPU
Optimizing NNI: done in 1.34818 secs using 197.5% CPU
Optimizing NNI: done in 1.53471 secs using 198.9% CPU
Optimizing NNI: done in 1.4029 secs using 198.7% CPU
Optimizing NNI: done in 1.80191 secs using 197.9% CPU
Optimizing NNI: done in 1.93846 secs using 196.4% CPU
Optimizing NNI: done in 1.57674 secs using 197.3% CPU
Optimizing NNI: done in 1.36718 secs using 197.3% CPU
Optimizing NNI: done in 1.13968 secs using 197.1% CPU
Iteration 210 / LogL: -6050.905 / Time: 0h:5m:54s (0h:2m:10s left)
Optimizing NNI: done in 1.53787 secs using 196.6% CPU
Optimizing NNI: done in 1.73615 secs using 197.2% CPU
Optimizing NNI: done in 1.38389 secs using 197% CPU
Optimizing NNI: done in 1.32857 secs using 197.3% CPU
Optimizing NNI: done in 1.67403 secs using 196.1% CPU
Optimizing NNI: done in 1.1591 secs using 198.2% CPU
Optimizing NNI: done in 1.48962 secs using 196.7% CPU
Optimizing NNI: done in 1.67932 secs using 197.4% CPU
Optimizing NNI: done in 1.50638 secs using 197.7% CPU
Optimizing NNI: done in 1.4249 secs using 197.8% CPU
Iteration 220 / LogL: -6043.000 / Time: 0h:6m:10s (0h:1m:53s left)
Optimizing NNI: done in 1.31443 secs using 196.8% CPU
Optimizing NNI: done in 1.36602 secs using 198.3% CPU
Optimizing NNI: done in 1.81701 secs using 197.7% CPU
Optimizing NNI: done in 1.71152 secs using 197.1% CPU
Optimizing NNI: done in 1.2774 secs using 197.9% CPU
Optimizing NNI: done in 1.57654 secs using 198.3% CPU
Optimizing NNI: done in 1.35392 secs using 197% CPU
Optimizing NNI: done in 1.29395 secs using 198.4% CPU
Optimizing NNI: done in 1.5383 secs using 197.5% CPU
Optimizing NNI: done in 1.94259 secs using 197.1% CPU
Iteration 230 / LogL: -6053.651 / Time: 0h:6m:26s (0h:1m:36s left)
Optimizing NNI: done in 1.41263 secs using 197.7% CPU
Optimizing NNI: done in 1.44583 secs using 195.5% CPU
Optimizing NNI: done in 1.07988 secs using 197% CPU
Optimizing NNI: done in 1.57805 secs using 197% CPU
Optimizing NNI: done in 1.61205 secs using 196.2% CPU
Optimizing NNI: done in 1.32892 secs using 197% CPU
Optimizing NNI: done in 1.36111 secs using 197.8% CPU
Optimizing NNI: done in 1.4557 secs using 197.4% CPU
Optimizing NNI: done in 1.61331 secs using 198.3% CPU
Optimizing NNI: done in 1.76624 secs using 197.8% CPU
Iteration 240 / LogL: -6044.286 / Time: 0h:6m:42s (0h:1m:19s left)
Optimizing NNI: done in 1.49452 secs using 196.7% CPU
Optimizing NNI: done in 1.36377 secs using 197.1% CPU
Optimizing NNI: done in 1.858 secs using 196.3% CPU
Optimizing NNI: done in 1.5916 secs using 197.9% CPU
Optimizing NNI: done in 1.51688 secs using 197.7% CPU
Optimizing NNI: done in 1.36363 secs using 198.5% CPU
Optimizing NNI: done in 1.37499 secs using 197.7% CPU
Optimizing NNI: done in 1.17154 secs using 195.6% CPU
Optimizing NNI: done in 1.70099 secs using 197.6% CPU
Optimizing NNI: done in 1.31819 secs using 196% CPU
Iteration 250 / LogL: -6053.127 / Time: 0h:6m:57s (0h:1m:2s left)
Optimizing NNI: done in 1.47189 secs using 198.2% CPU
Optimizing NNI: done in 1.1869 secs using 196.7% CPU
Optimizing NNI: done in 1.7392 secs using 198.4% CPU
Optimizing NNI: done in 1.3866 secs using 196% CPU
Optimizing NNI: done in 1.59521 secs using 198.4% CPU
Optimizing NNI: done in 1.92968 secs using 198.2% CPU
Optimizing NNI: done in 1.48822 secs using 197.5% CPU
Optimizing NNI: done in 1.51997 secs using 195.3% CPU
Optimizing NNI: done in 1.48293 secs using 197.3% CPU
Optimizing NNI: done in 1.6133 secs using 196.1% CPU
Iteration 260 / LogL: -6047.793 / Time: 0h:7m:13s (0h:0m:45s left)
Optimizing NNI: done in 1.57186 secs using 197.5% CPU
Optimizing NNI: done in 1.55607 secs using 196.9% CPU
Optimizing NNI: done in 1.75743 secs using 197.7% CPU
Optimizing NNI: done in 1.35776 secs using 194.5% CPU
Optimizing NNI: done in 1.36603 secs using 197% CPU
Optimizing NNI: done in 1.446 secs using 197.1% CPU
Optimizing NNI: done in 1.85649 secs using 197.6% CPU
Optimizing NNI: done in 1.58951 secs using 198.6% CPU
Optimizing NNI: done in 1.22504 secs using 196.4% CPU
Optimizing NNI: done in 1.54724 secs using 196.5% CPU
Iteration 270 / LogL: -6035.808 / Time: 0h:7m:29s (0h:0m:28s left)
Optimizing NNI: done in 1.35316 secs using 197.8% CPU
Optimizing NNI: done in 1.61293 secs using 198% CPU
Optimizing NNI: done in 1.57062 secs using 197.3% CPU
Estimate model parameters (epsilon = 0.100)
BETTER TREE FOUND at iteration 273: -6032.173
Optimizing NNI: done in 1.65711 secs using 196.2% CPU
Optimizing NNI: done in 1.43702 secs using 198.1% CPU
Optimizing NNI: done in 1.55485 secs using 197.3% CPU
Optimizing NNI: done in 1.62202 secs using 196% CPU
Optimizing NNI: done in 1.96356 secs using 197.6% CPU
Optimizing NNI: done in 1.52538 secs using 197.8% CPU
Optimizing NNI: done in 1.72413 secs using 197.2% CPU
Iteration 280 / LogL: -6036.892 / Time: 0h:7m:47s (0h:2m:35s left)
Optimizing NNI: done in 1.28351 secs using 198.2% CPU
Optimizing NNI: done in 1.39271 secs using 197.9% CPU
Optimizing NNI: done in 1.93439 secs using 196.6% CPU
Optimizing NNI: done in 1.19044 secs using 195.9% CPU
Optimizing NNI: done in 1.41868 secs using 197.1% CPU
Optimizing NNI: done in 1.73014 secs using 197.5% CPU
Optimizing NNI: done in 1.92446 secs using 197.7% CPU
Optimizing NNI: done in 1.48277 secs using 197.5% CPU
Optimizing NNI: done in 1.92936 secs using 198% CPU
Optimizing NNI: done in 2.00738 secs using 198.9% CPU
Iteration 290 / LogL: -6036.442 / Time: 0h:8m:4s (0h:2m:19s left)
Optimizing NNI: done in 1.799 secs using 196.7% CPU
Optimizing NNI: done in 1.60323 secs using 198.2% CPU
Optimizing NNI: done in 1.48842 secs using 198% CPU
Optimizing NNI: done in 1.69635 secs using 196.9% CPU
Optimizing NNI: done in 1.60904 secs using 197.7% CPU
Optimizing NNI: done in 1.96012 secs using 197.5% CPU
Optimizing NNI: done in 1.82561 secs using 198% CPU
Optimizing NNI: done in 1.67313 secs using 196.9% CPU
Optimizing NNI: done in 1.24324 secs using 197.9% CPU
Optimizing NNI: done in 1.55539 secs using 197.4% CPU
Iteration 300 / LogL: -6042.850 / Time: 0h:8m:22s (0h:2m:2s left)
Optimizing NNI: done in 1.39418 secs using 197.4% CPU
Optimizing NNI: done in 1.61561 secs using 197.9% CPU
Optimizing NNI: done in 1.13783 secs using 196.7% CPU
Optimizing NNI: done in 1.31717 secs using 197.6% CPU
Optimizing NNI: done in 1.56121 secs using 196.9% CPU
Optimizing NNI: done in 1.40355 secs using 197.2% CPU
Optimizing NNI: done in 1.5527 secs using 197.7% CPU
Estimate model parameters (epsilon = 0.100)
BETTER TREE FOUND at iteration 307: -6029.361
Optimizing NNI: done in 1.35934 secs using 197.1% CPU
Optimizing NNI: done in 1.6438 secs using 197.2% CPU
Optimizing NNI: done in 1.33491 secs using 197.3% CPU
Iteration 310 / LogL: -6064.794 / Time: 0h:8m:39s (0h:2m:43s left)
Optimizing NNI: done in 1.38135 secs using 196.8% CPU
Optimizing NNI: done in 1.4025 secs using 197.3% CPU
Optimizing NNI: done in 1.54749 secs using 197.8% CPU
Optimizing NNI: done in 1.36115 secs using 195.5% CPU
Optimizing NNI: done in 1.442 secs using 197.6% CPU
Optimizing NNI: done in 2.00796 secs using 197.7% CPU
Optimizing NNI: done in 1.82683 secs using 197.7% CPU
Optimizing NNI: done in 0.971302 secs using 197.2% CPU
Optimizing NNI: done in 1.14592 secs using 196.8% CPU
Optimizing NNI: done in 1.33583 secs using 198.5% CPU
Iteration 320 / LogL: -6047.874 / Time: 0h:8m:54s (0h:2m:25s left)
Optimizing NNI: done in 1.40989 secs using 198% CPU
Optimizing NNI: done in 1.67912 secs using 197.1% CPU
Optimizing NNI: done in 1.34412 secs using 196.5% CPU
Optimizing NNI: done in 1.29171 secs using 196.9% CPU
Optimizing NNI: done in 1.57117 secs using 196.4% CPU
Optimizing NNI: done in 1.15754 secs using 198.6% CPU
Optimizing NNI: done in 1.53643 secs using 197.9% CPU
Optimizing NNI: done in 1.36022 secs using 196.7% CPU
Optimizing NNI: done in 1.29321 secs using 196.5% CPU
Optimizing NNI: done in 1.94502 secs using 196.9% CPU
Iteration 330 / LogL: -6046.412 / Time: 0h:9m:10s (0h:2m:8s left)
Optimizing NNI: done in 1.42115 secs using 197.7% CPU
Optimizing NNI: done in 1.38977 secs using 197.3% CPU
Optimizing NNI: done in 1.56216 secs using 195.7% CPU
Optimizing NNI: done in 1.09342 secs using 196.6% CPU
Optimizing NNI: done in 1.31939 secs using 195.5% CPU
Optimizing NNI: done in 1.97821 secs using 197.4% CPU
Optimizing NNI: done in 1.66941 secs using 198.3% CPU
Optimizing NNI: done in 1.36352 secs using 195.9% CPU
Optimizing NNI: done in 1.74691 secs using 197.3% CPU
Optimizing NNI: done in 1.67276 secs using 197% CPU
Iteration 340 / LogL: -6091.953 / Time: 0h:9m:26s (0h:1m:51s left)
Optimizing NNI: done in 1.33505 secs using 197% CPU
Optimizing NNI: done in 1.82063 secs using 196.9% CPU
Optimizing NNI: done in 1.7113 secs using 196.6% CPU
Optimizing NNI: done in 1.69401 secs using 197.1% CPU
Optimizing NNI: done in 1.41909 secs using 197.1% CPU
Optimizing NNI: done in 1.53797 secs using 197.8% CPU
Optimizing NNI: done in 1.55061 secs using 197.6% CPU
Optimizing NNI: done in 1.61932 secs using 197.7% CPU
Optimizing NNI: done in 2.04634 secs using 198.3% CPU
Optimizing NNI: done in 1.6091 secs using 197.9% CPU
Iteration 350 / LogL: -6034.361 / Time: 0h:9m:43s (0h:1m:35s left)
Optimizing NNI: done in 1.66739 secs using 197.9% CPU
Optimizing NNI: done in 1.58346 secs using 197.4% CPU
Optimizing NNI: done in 1.58442 secs using 196.4% CPU
Optimizing NNI: done in 1.63065 secs using 197.6% CPU
Optimizing NNI: done in 1.20372 secs using 197.5% CPU
Optimizing NNI: done in 1.55715 secs using 197.1% CPU
Optimizing NNI: done in 1.37939 secs using 197.2% CPU
Optimizing NNI: done in 1.53964 secs using 197.8% CPU
Optimizing NNI: done in 1.48336 secs using 196.9% CPU
Optimizing NNI: done in 1.67664 secs using 195.8% CPU
Iteration 360 / LogL: -6039.284 / Time: 0h:9m:59s (0h:1m:18s left)
Optimizing NNI: done in 1.77657 secs using 198.2% CPU
Optimizing NNI: done in 1.35709 secs using 197.3% CPU
Optimizing NNI: done in 1.96041 secs using 196.5% CPU
Optimizing NNI: done in 1.60369 secs using 197.6% CPU
Optimizing NNI: done in 1.68478 secs using 196.8% CPU
Optimizing NNI: done in 1.55016 secs using 196.8% CPU
Optimizing NNI: done in 1.60568 secs using 197.5% CPU
Optimizing NNI: done in 1.58543 secs using 198.2% CPU
Optimizing NNI: done in 1.15654 secs using 196.9% CPU
Optimizing NNI: done in 0.889421 secs using 198.3% CPU
Iteration 370 / LogL: -6061.332 / Time: 0h:10m:15s (0h:1m:1s left)
Optimizing NNI: done in 1.37442 secs using 197% CPU
Optimizing NNI: done in 1.67788 secs using 198.2% CPU
Optimizing NNI: done in 1.58277 secs using 196.9% CPU
Optimizing NNI: done in 1.41 secs using 198.5% CPU
Optimizing NNI: done in 1.23615 secs using 197.8% CPU
Optimizing NNI: done in 1.3602 secs using 196.5% CPU
Optimizing NNI: done in 1.27362 secs using 198% CPU
Optimizing NNI: done in 1.33947 secs using 195.5% CPU
Optimizing NNI: done in 1.36685 secs using 197.4% CPU
Optimizing NNI: done in 1.60291 secs using 197% CPU
Iteration 380 / LogL: -6046.759 / Time: 0h:10m:30s (0h:0m:44s left)
Optimizing NNI: done in 1.39784 secs using 196.8% CPU
Optimizing NNI: done in 1.56217 secs using 197.5% CPU
Optimizing NNI: done in 1.76871 secs using 199% CPU
Optimizing NNI: done in 1.48062 secs using 195.4% CPU
Optimizing NNI: done in 1.55259 secs using 197.3% CPU
Optimizing NNI: done in 1.55849 secs using 197.6% CPU
Optimizing NNI: done in 1.51171 secs using 196.9% CPU
Optimizing NNI: done in 1.50874 secs using 197% CPU
Optimizing NNI: done in 1.72956 secs using 198.1% CPU
Optimizing NNI: done in 1.56407 secs using 197.8% CPU
Iteration 390 / LogL: -6039.972 / Time: 0h:10m:46s (0h:0m:28s left)
Optimizing NNI: done in 1.69632 secs using 196.7% CPU
Optimizing NNI: done in 1.65648 secs using 197.1% CPU
Optimizing NNI: done in 2.08872 secs using 197% CPU
Optimizing NNI: done in 1.66695 secs using 197.5% CPU
Optimizing NNI: done in 1.15871 secs using 196.9% CPU
Optimizing NNI: done in 1.36813 secs using 197.4% CPU
Optimizing NNI: done in 1.72738 secs using 198% CPU
Optimizing NNI: done in 1.36373 secs using 196.8% CPU
Optimizing NNI: done in 1.67959 secs using 196.5% CPU
Optimizing NNI: done in 1.51279 secs using 197.1% CPU
Iteration 400 / LogL: -6034.454 / Time: 0h:11m:3s (0h:0m:11s left)
Optimizing NNI: done in 1.16329 secs using 197.6% CPU
Optimizing NNI: done in 1.31546 secs using 197.2% CPU
Optimizing NNI: done in 1.49447 secs using 198.8% CPU
Optimizing NNI: done in 1.53645 secs using 196.6% CPU
Optimizing NNI: done in 1.57668 secs using 197.2% CPU
Optimizing NNI: done in 1.78854 secs using 197.4% CPU
Optimizing NNI: done in 1.76191 secs using 196.6% CPU
Optimizing NNI: done in 1.58357 secs using 197.5% CPU
TREE SEARCH COMPLETED AFTER 408 ITERATIONS / Time: 0h:11m:16s

--------------------------------------------------------------------
|                    FINALIZING TREE SEARCH                        |
--------------------------------------------------------------------
Performs final model parameters optimization
Estimate model parameters (epsilon = 0.010)
1. Initial log-likelihood: -6029.361
Optimal log-likelihood: -6029.352
Rate parameters:  A-C: 1.36790  A-G: 2.86728  A-T: 0.63934  C-G: 0.18662  C-T: 3.41955  G-T: 1.00000
Base frequencies:  A: 0.393  C: 0.126  G: 0.267  T: 0.214
Site proportion and rates:  (0.109,0.314) (0.173,0.591) (0.251,0.762) (0.266,0.856) (0.187,1.896) (0.014,6.377)
Parameters optimization took 1 rounds (0.885 sec)
BEST SCORE FOUND : -6029.352
Total tree length: 3.500

Total number of iterations: 408
CPU time used for tree search: 1281.280 sec (0h:21m:21s)
Wall-clock time used for tree search: 666.618 sec (0h:11m:6s)
Total CPU time used: 1301.781 sec (0h:21m:41s)
Total wall-clock time used: 677.215 sec (0h:11m:17s)

Analysis results written to: 
  IQ-TREE report:                IQTREE_bestTree.InWindow_4890_to_5140.iqtree
  Maximum-likelihood tree:       IQTREE_bestTree.InWindow_4890_to_5140.treefile
  Likelihood distances:          IQTREE_bestTree.InWindow_4890_to_5140.mldist
  Screen log file:               IQTREE_bestTree.InWindow_4890_to_5140.log

Date and Time: Tue Jul 25 12:28:52 2023
