IQ-TREE multicore version 2.2.2.7 COVID-edition for Linux 64-bit built Jun  7 2023
Developed by Bui Quang Minh, James Barbetti, Nguyen Lam Tung,
Olga Chernomor, Heiko Schmidt, Dominik Schrempf, Michael Woodhams, Ly Trong Nhan.

Host:    hpc-node03 (AVX2, FMA3, 1007 GB RAM)
Command: iqtree -s AlignedReadsInWindow_PositionsExcised_4830_to_5080.fasta -pre IQTREE_bestTree.InWindow_4830_to_5080 -m GTR+F+R6 -nt 2
Seed:    489136 (Using SPRNG - Scalable Parallel Random Number Generator)
Time:    Tue Jul 25 12:15:29 2023
Kernel:  AVX+FMA - 2 threads (2 CPU cores detected)

Reading alignment file AlignedReadsInWindow_PositionsExcised_4830_to_5080.fasta ... Fasta format detected
Reading fasta file: done in 0.00437665 secs using 92.26% CPU
Alignment most likely contains DNA/RNA sequences
Constructing alignment: done in 0.00200879 secs using 204.9% CPU
Alignment has 678 sequences with 246 columns, 233 distinct patterns
156 parsimony-informative, 68 singleton sites, 22 constant sites
                                                            Gap/Ambiguity  Composition  p-value
Analyzing sequences: done in 0.000304222 secs using 884.9% CPU
   1  200724_20-08518_HIV10-02405_FL24_S14_L000_read_1_count_312    1.63%    passed     99.48%
   2  200724_20-08518_HIV10-02405_FL24_S14_L000_read_2_count_20     1.63%    passed     99.64%
   3  200724_20-08518_HIV10-02405_FL24_S14_L000_read_3_count_14     1.63%    passed     98.84%
   4  200724_20-08518_HIV10-02405_FL24_S14_L000_read_4_count_9      1.63%    passed     98.84%
   5  200724_20-08518_HIV10-02405_FL24_S14_L000_read_5_count_8      1.63%    passed     99.64%
   6  200724_20-08518_HIV10-02405_FL24_S14_L000_read_6_count_6      1.63%    passed     99.56%
   7  200724_20-08518_HIV10-02405_FL24_S14_L000_read_7_count_5      1.63%    passed     98.84%
   8  200724_20-08518_HIV10-02405_FL24_S14_L000_read_8_count_5      1.63%    passed     99.64%
   9  200724_20-08518_HIV10-02405_FL24_S14_L000_read_9_count_5      1.63%    passed     99.64%
  10  200724_20-08518_HIV10-02405_FL24_S14_L000_read_10_count_3     1.63%    passed     98.60%
  11  200724_20-08518_HIV10-02405_FL24_S14_L000_read_11_count_3     1.63%    passed     99.86%
  12  200724_20-08518_HIV10-02405_FL24_S14_L000_read_12_count_2     1.63%    passed     99.56%
  13  200724_20-08518_HIV10-02405_FL24_S14_L000_read_13_count_2     1.63%    passed     96.56%
  14  200724_20-08518_HIV10-02405_FL24_S14_L000_read_14_count_2     1.63%    passed     98.60%
  15  200724_20-08518_HIV10-02405_FL24_S14_L000_read_15_count_2     1.63%    passed     97.79%
  16  200724_20-08518_HIV10-02405_FL24_S14_L000_read_16_count_2     1.63%    passed     99.64%
  17  200724_20-08518_HIV10-02405_FL24_S14_L000_read_17_count_2     1.63%    passed     99.06%
  18  200724_20-08518_HIV10-02405_FL24_S14_L000_read_18_count_2     1.63%    passed     98.60%
  19  200724_20-08518_HIV10-02405_FL24_S14_L000_read_19_count_2     1.63%    passed     98.60%
  20  200724_20-08518_HIV10-02405_FL24_S14_L000_read_20_count_2     1.63%    passed     99.06%
  21  200724_20-08518_HIV10-02405_FL24_S14_L000_read_21_count_2     1.63%    passed     98.60%
  22  200724_20-08518_HIV10-02405_FL24_S14_L000_read_22_count_2     1.63%    passed     99.06%
  23  200724_20-08518_HIV10-02405_FL24_S14_L000_read_23_count_2     1.63%    passed     99.67%
  24  200724_20-08518_HIV10-02405_FL24_S14_L000_read_24_count_1     1.63%    passed     97.79%
  25  200724_20-08518_HIV10-02405_FL24_S14_L000_read_25_count_1     1.63%    passed     99.56%
  26  200724_20-08518_HIV10-02405_FL24_S14_L000_read_26_count_1     1.63%    passed     98.91%
  27  200724_20-08518_HIV10-02405_FL24_S14_L000_read_27_count_1     1.63%    passed     98.60%
  28  200724_20-08518_HIV10-02405_FL24_S14_L000_read_28_count_1     1.63%    passed     98.60%
  29  200724_20-08518_HIV10-02405_FL24_S14_L000_read_29_count_1     1.63%    passed     98.61%
  30  200724_20-08518_HIV10-02405_FL24_S14_L000_read_30_count_1     1.63%    passed     98.84%
  31  200724_20-08518_HIV10-02405_FL24_S14_L000_read_31_count_1     1.63%    passed     96.34%
  32  200724_20-08518_HIV10-02405_FL24_S14_L000_read_32_count_1     1.63%    passed     97.79%
  33  200724_20-08518_HIV10-02405_FL24_S14_L000_read_33_count_1     1.63%    passed     99.24%
  34  200724_20-08518_HIV10-02405_FL24_S14_L000_read_34_count_1     1.63%    passed     98.84%
  35  200724_20-08518_HIV10-02405_FL24_S14_L000_read_35_count_1     1.63%    passed     98.47%
  36  200724_20-08518_HIV10-02405_FL24_S14_L000_read_36_count_1     1.63%    passed     97.79%
  37  200724_20-08518_HIV10-02405_FL24_S14_L000_read_37_count_1     1.63%    passed     98.60%
  38  200724_20-08518_HIV10-02405_FL24_S14_L000_read_38_count_1     1.63%    passed     98.47%
  39  200724_20-08518_HIV10-02405_FL24_S14_L000_read_39_count_1     1.63%    passed     98.84%
  40  200724_20-08518_HIV10-02405_FL24_S14_L000_read_40_count_1     1.63%    passed     99.67%
  41  200724_20-08518_HIV10-02405_FL24_S14_L000_read_41_count_1     1.63%    passed     98.60%
  42  200724_20-08518_HIV10-02405_FL24_S14_L000_read_42_count_1     1.63%    passed     97.68%
  43  200724_20-08518_HIV10-02405_FL24_S14_L000_read_43_count_1     1.63%    passed     99.86%
  44  200724_20-08518_HIV10-02405_FL24_S14_L000_read_44_count_1     1.63%    passed     96.63%
  45  200724_20-08518_HIV10-02405_FL24_S14_L000_read_45_count_1     1.63%    passed     99.86%
  46  200724_20-08518_HIV10-02405_FL24_S14_L000_read_46_count_1     1.63%    passed     97.87%
  47  200724_20-08518_HIV10-02405_FL24_S14_L000_read_47_count_1     1.63%    passed     95.00%
  48  200724_20-08518_HIV10-02405_FL24_S14_L000_read_48_count_1     1.22%    passed     99.36%
  49  200724_20-08518_HIV10-02405_FL24_S14_L000_read_49_count_1     1.63%    passed     99.48%
  50  200724_20-08518_HIV10-02405_FL24_S14_L000_read_50_count_1     1.63%    passed     99.67%
  51  200724_20-08518_HIV10-02405_FL24_S14_L000_read_51_count_1     1.63%    passed     99.06%
  52  200724_20-08518_HIV10-02405_FL24_S14_L000_read_52_count_1     2.03%    passed     99.49%
  53  200724_20-08518_HIV10-02405_FL24_S14_L000_read_53_count_1     1.63%    passed     97.95%
  54  200724_20-08518_HIV10-02405_FL24_S14_L000_read_54_count_1     1.63%    passed     99.67%
  55  200724_20-08518_HIV10-02405_FL24_S14_L000_read_55_count_1     1.63%    passed     99.67%
  56  200724_20-08518_HIV10-02405_FL24_S14_L000_read_56_count_1     1.63%    passed     99.24%
  57  200724_20-08518_HIV10-02405_FL24_S14_L000_read_57_count_1     1.63%    passed     99.94%
  58  200724_20-08518_HIV10-02405_FL24_S14_L000_read_58_count_1     1.63%    passed     99.56%
  59  200724_20-08518_HIV10-02405_FL24_S14_L000_read_59_count_1     1.63%    passed     98.43%
  60  200724_20-08518_HIV10-02405_FL24_S14_L000_read_60_count_1     1.63%    passed     99.06%
  61  200724_20-08518_HIV10-02405_FL24_S14_L000_read_61_count_1     1.63%    passed     98.47%
  62  200724_20-08518_HIV10-02405_FL24_S14_L000_read_62_count_1     1.63%    passed     97.45%
  63  200724_20-08518_HIV10-02405_FL24_S14_L000_read_63_count_1     1.63%    passed     99.64%
  64  200724_20-08518_HIV10-02405_FL24_S14_L000_read_64_count_1     1.63%    passed     99.86%
  65  200724_20-08518_HIV10-02405_FL24_S14_L000_read_65_count_1     1.63%    passed     98.60%
  66  200724_20-08518_HIV10-02405_FL24_S14_L000_read_66_count_1     1.63%    passed     98.60%
  67  200724_20-08518_HIV10-02405_FL24_S14_L000_read_67_count_1     1.63%    passed     96.54%
  68  200724_20-08518_HIV10-02405_FL24_S14_L000_read_68_count_1     1.63%    passed     98.60%
  69  200724_20-08518_HIV10-02405_FL24_S14_L000_read_69_count_1     1.63%    passed     96.13%
  70  200724_20-08518_HIV10-02405_FL24_S14_L000_read_70_count_1     1.63%    passed     97.68%
  71  200724_20-08518_HIV10-02405_FL24_S14_L000_read_71_count_1     1.63%    passed     98.60%
  72  200724_20-08518_HIV10-02405_FL24_S14_L000_read_72_count_1     1.63%    passed     98.84%
  73  200724_20-08518_HIV10-02405_FL24_S14_L000_read_73_count_1     1.63%    passed     98.47%
  74  200724_20-08518_HIV10-02405_FL24_S14_L000_read_74_count_1     1.63%    passed     98.60%
  75  200724_20-08518_HIV10-02405_FL24_S14_L000_read_75_count_1     1.63%    passed     59.19%
  76  200724_20-08518_HIV10-02405_FL24_S14_L000_read_76_count_1     1.63%    passed     98.84%
  77  200724_20-08518_HIV10-02405_FL24_S14_L000_read_77_count_1     1.63%    passed     98.67%
  78  200724_20-08518_HIV10-02405_FL24_S14_L000_read_78_count_1     1.63%    passed     99.67%
  79  200724_20-08518_HIV10-02405_FL24_S14_L000_read_79_count_1     1.63%    passed     99.94%
  80  200724_20-08518_HIV10-02405_FL24_S14_L000_read_80_count_1     1.63%    passed     99.67%
  81  200724_20-08518_HIV10-02405_FL24_S14_L000_read_81_count_1     1.63%    passed     96.91%
  82  200724_20-08518_HIV10-02405_FL24_S14_L000_read_82_count_1     1.63%    passed     99.64%
  83  200724_20-08518_HIV10-02405_FL24_S14_L000_read_83_count_1     1.63%    passed     99.86%
  84  200724_20-08518_HIV10-02405_FL24_S14_L000_read_84_count_1     1.63%    passed     99.06%
  85  200724_20-08518_HIV10-02405_FL24_S14_L000_read_85_count_1     1.63%    passed     98.60%
  86  200724_20-08518_HIV10-02405_FL24_S14_L000_read_86_count_1     1.63%    passed     98.60%
  87  200724_20-08518_HIV10-02405_FL24_S14_L000_read_87_count_1     1.63%    passed     98.60%
  88  200724_20-08518_HIV10-02405_FL24_S14_L000_read_88_count_1     1.63%    passed     94.08%
  89  200724_20-08518_HIV10-02405_FL24_S14_L000_read_89_count_1     1.63%    passed     99.64%
  90  200724_20-08518_HIV10-02405_FL24_S14_L000_read_90_count_1     1.63%    passed     99.64%
  91  200724_20-08518_HIV10-02405_FL24_S14_L000_read_91_count_1     1.63%    passed     98.47%
  92  200724_20-08518_HIV10-02405_FL24_S14_L000_read_92_count_1     1.63%    passed     96.56%
  93  200724_20-08518_HIV10-02405_FL24_S14_L000_read_93_count_1     1.63%    passed     98.91%
  94  200724_20-08518_HIV10-02405_FL24_S14_L000_read_94_count_1     1.63%    passed     99.86%
  95  200724_20-08518_HIV10-02405_FL24_S14_L000_read_95_count_1     1.63%    passed     96.56%
  96  200724_20-08518_HIV10-02405_FL24_S14_L000_read_96_count_1     1.63%    passed     98.60%
  97  200724_20-08518_HIV10-02405_FL24_S14_L000_read_97_count_1     1.63%    passed     98.43%
  98  200724_20-08518_HIV10-02405_FL24_S14_L000_read_98_count_1     1.63%    passed     98.60%
  99  200724_20-08518_HIV10-02405_FL24_S14_L000_read_99_count_1     1.63%    passed     99.67%
 100  200724_20-08518_HIV10-02405_FL24_S14_L000_read_100_count_1    1.63%    passed     99.67%
 101  200724_20-08518_HIV10-02405_FL24_S14_L000_read_101_count_1    1.63%    passed     99.94%
 102  200724_20-08518_HIV10-02405_FL24_S14_L000_read_102_count_1    1.63%    passed     99.94%
 103  200709_20-07994_HIV07-01067_FL21_S1_L000_read_1_count_566     1.63%    passed     98.85%
 104  200709_20-07994_HIV07-01067_FL21_S1_L000_read_2_count_164     1.63%    passed     95.66%
 105  200709_20-07994_HIV07-01067_FL21_S1_L000_read_3_count_47      1.63%    passed     99.80%
 106  200709_20-07994_HIV07-01067_FL21_S1_L000_read_4_count_8       1.63%    passed     96.02%
 107  200709_20-07994_HIV07-01067_FL21_S1_L000_read_5_count_4       1.63%    passed     97.76%
 108  200709_20-07994_HIV07-01067_FL21_S1_L000_read_6_count_3       1.63%    passed     99.80%
 109  200709_20-07994_HIV07-01067_FL21_S1_L000_read_7_count_2       1.63%    passed     99.27%
 110  200709_20-07994_HIV07-01067_FL21_S1_L000_read_8_count_2       1.63%    passed     98.85%
 111  200709_20-07994_HIV07-01067_FL21_S1_L000_read_9_count_2       1.63%    passed     99.09%
 112  200709_20-07994_HIV07-01067_FL21_S1_L000_read_10_count_2      1.63%    passed     97.76%
 113  200709_20-07994_HIV07-01067_FL21_S1_L000_read_11_count_2      1.63%    passed     99.09%
 114  200709_20-07994_HIV07-01067_FL21_S1_L000_read_12_count_2      1.63%    passed     99.09%
 115  200709_20-07994_HIV07-01067_FL21_S1_L000_read_13_count_2      1.63%    passed     99.09%
 116  200709_20-07994_HIV07-01067_FL21_S1_L000_read_14_count_2      1.63%    passed     95.66%
 117  200709_20-07994_HIV07-01067_FL21_S1_L000_read_15_count_2      1.63%    passed     98.25%
 118  200709_20-07994_HIV07-01067_FL21_S1_L000_read_16_count_2      1.63%    passed     99.09%
 119  200709_20-07994_HIV07-01067_FL21_S1_L000_read_17_count_2      1.63%    passed     99.81%
 120  200709_20-07994_HIV07-01067_FL21_S1_L000_read_18_count_2      1.63%    passed     97.76%
 121  200709_20-07994_HIV07-01067_FL21_S1_L000_read_19_count_2      1.63%    passed     96.02%
 122  200709_20-07994_HIV07-01067_FL21_S1_L000_read_20_count_2      1.22%    passed     98.08%
 123  200709_20-07994_HIV07-01067_FL21_S1_L000_read_21_count_2      1.63%    passed     97.76%
 124  200709_20-07994_HIV07-01067_FL21_S1_L000_read_22_count_2      1.63%    passed     99.09%
 125  200709_20-07994_HIV07-01067_FL21_S1_L000_read_23_count_2      1.63%    passed     99.09%
 126  200709_20-07994_HIV07-01067_FL21_S1_L000_read_24_count_2      1.63%    passed     97.76%
 127  200709_20-07994_HIV07-01067_FL21_S1_L000_read_25_count_2      1.63%    passed     99.09%
 128  200709_20-07994_HIV07-01067_FL21_S1_L000_read_26_count_2      1.63%    passed     99.09%
 129  200709_20-07994_HIV07-01067_FL21_S1_L000_read_27_count_2      1.63%    passed     99.09%
 130  200709_20-07994_HIV07-01067_FL21_S1_L000_read_28_count_2      1.63%    passed     99.09%
 131  200709_20-07994_HIV07-01067_FL21_S1_L000_read_29_count_2      1.63%    passed     99.09%
 132  200709_20-07994_HIV07-01067_FL21_S1_L000_read_30_count_2      1.63%    passed     99.09%
 133  200709_20-07994_HIV07-01067_FL21_S1_L000_read_31_count_2      1.63%    passed     99.81%
 134  200709_20-07994_HIV07-01067_FL21_S1_L000_read_32_count_1      1.63%    passed     99.81%
 135  200709_20-07994_HIV07-01067_FL21_S1_L000_read_33_count_1      1.63%    passed     98.62%
 136  200709_20-07994_HIV07-01067_FL21_S1_L000_read_34_count_1      1.63%    passed     98.85%
 137  200709_20-07994_HIV07-01067_FL21_S1_L000_read_35_count_1      1.63%    passed     99.80%
 138  200709_20-07994_HIV07-01067_FL21_S1_L000_read_36_count_1      1.63%    passed     99.80%
 139  200709_20-07994_HIV07-01067_FL21_S1_L000_read_37_count_1      1.63%    passed     99.09%
 140  200709_20-07994_HIV07-01067_FL21_S1_L000_read_38_count_1      1.63%    passed     98.25%
 141  200709_20-07994_HIV07-01067_FL21_S1_L000_read_39_count_1      1.63%    passed     96.02%
 142  200709_20-07994_HIV07-01067_FL21_S1_L000_read_40_count_1      1.63%    passed     99.27%
 143  200709_20-07994_HIV07-01067_FL21_S1_L000_read_41_count_1      1.63%    passed     96.02%
 144  200709_20-07994_HIV07-01067_FL21_S1_L000_read_42_count_1      1.63%    passed     96.02%
 145  200709_20-07994_HIV07-01067_FL21_S1_L000_read_43_count_1      1.63%    passed     98.25%
 146  200709_20-07994_HIV07-01067_FL21_S1_L000_read_44_count_1      1.63%    passed     99.85%
 147  200709_20-07994_HIV07-01067_FL21_S1_L000_read_45_count_1      1.63%    passed     99.80%
 148  200709_20-07994_HIV07-01067_FL21_S1_L000_read_46_count_1      1.63%    passed     97.76%
 149  200709_20-07994_HIV07-01067_FL21_S1_L000_read_47_count_1      1.63%    passed     99.09%
 150  200709_20-07994_HIV07-01067_FL21_S1_L000_read_48_count_1      1.63%    passed     99.80%
 151  200709_20-07994_HIV07-01067_FL21_S1_L000_read_49_count_1      1.63%    passed     99.81%
 152  200709_20-07994_HIV07-01067_FL21_S1_L000_read_50_count_1      2.03%    passed     99.10%
 153  200709_20-07994_HIV07-01067_FL21_S1_L000_read_51_count_1      1.63%    passed     99.09%
 154  200709_20-07994_HIV07-01067_FL21_S1_L000_read_52_count_1      1.63%    passed     99.09%
 155  200709_20-07994_HIV07-01067_FL21_S1_L000_read_53_count_1      1.63%    passed     96.10%
 156  200709_20-07994_HIV07-01067_FL21_S1_L000_read_54_count_1      1.63%    passed     98.25%
 157  200709_20-07994_HIV07-01067_FL21_S1_L000_read_55_count_1      1.63%    passed     99.09%
 158  200709_20-07994_HIV07-01067_FL21_S1_L000_read_56_count_1      1.63%    passed     98.25%
 159  200709_20-07994_HIV07-01067_FL21_S1_L000_read_57_count_1      1.63%    passed     99.09%
 160  200709_20-07994_HIV07-01067_FL21_S1_L000_read_58_count_1      1.63%    passed     99.11%
 161  200709_20-07994_HIV07-01067_FL21_S1_L000_read_59_count_1      1.63%    passed     94.00%
 162  200709_20-07994_HIV07-01067_FL21_S1_L000_read_60_count_1      1.63%    passed     99.80%
 163  200709_20-07994_HIV07-01067_FL21_S1_L000_read_61_count_1      1.63%    passed     99.09%
 164  200709_20-07994_HIV07-01067_FL21_S1_L000_read_62_count_1      1.63%    passed     98.25%
 165  200709_20-07994_HIV07-01067_FL21_S1_L000_read_63_count_1      1.63%    passed     99.97%
 166  200709_20-07994_HIV07-01067_FL21_S1_L000_read_64_count_1      1.63%    passed     99.81%
 167  200709_20-07994_HIV07-01067_FL21_S1_L000_read_65_count_1      1.63%    passed     99.09%
 168  200709_20-07994_HIV07-01067_FL21_S1_L000_read_66_count_1      1.63%    passed     97.76%
 169  200709_20-07994_HIV07-01067_FL21_S1_L000_read_67_count_1      1.63%    passed     99.94%
 170  200709_20-07994_HIV07-01067_FL21_S1_L000_read_68_count_1      1.63%    passed     98.25%
 171  200709_20-07994_HIV07-01067_FL21_S1_L000_read_69_count_1      1.63%    passed     99.80%
 172  200709_20-07994_HIV07-01067_FL21_S1_L000_read_70_count_1      1.63%    passed     94.20%
 173  200709_20-07994_HIV07-01067_FL21_S1_L000_read_71_count_1      1.63%    passed     99.80%
 174  200709_20-07994_HIV07-01067_FL21_S1_L000_read_72_count_1      1.63%    passed     96.53%
 175  200709_20-07994_HIV07-01067_FL21_S1_L000_read_73_count_1      1.63%    passed     99.26%
 176  200709_20-07994_HIV07-01067_FL21_S1_L000_read_74_count_1      1.63%    passed     98.25%
 177  200709_20-07994_HIV07-01067_FL21_S1_L000_read_75_count_1      1.63%    passed     99.80%
 178  200709_20-07994_HIV07-01067_FL21_S1_L000_read_76_count_1      1.63%    passed     98.25%
 179  200709_20-07994_HIV07-01067_FL21_S1_L000_read_77_count_1      1.63%    passed     98.85%
 180  200709_20-07994_HIV07-01067_FL21_S1_L000_read_78_count_1      1.63%    passed     99.09%
 181  200709_20-07994_HIV07-01067_FL21_S1_L000_read_79_count_1      1.63%    passed     95.66%
 182  200709_20-07994_HIV07-01067_FL21_S1_L000_read_80_count_1      1.63%    passed     99.09%
 183  200709_20-07994_HIV07-01067_FL21_S1_L000_read_81_count_1      1.63%    passed     99.27%
 184  200709_20-07994_HIV07-01067_FL21_S1_L000_read_82_count_1      1.63%    passed     95.34%
 185  200709_20-07994_HIV07-01067_FL21_S1_L000_read_83_count_1      1.63%    passed     99.80%
 186  200709_20-07994_HIV07-01067_FL21_S1_L000_read_84_count_1      1.63%    passed     97.76%
 187  200709_20-07994_HIV07-01067_FL21_S1_L000_read_85_count_1      1.63%    passed     96.02%
 188  200709_20-07994_HIV07-01067_FL21_S1_L000_read_86_count_1      1.63%    passed     98.85%
 189  200709_20-07994_HIV07-01067_FL21_S1_L000_read_87_count_1      1.63%    passed     99.11%
 190  200709_20-07994_HIV07-01067_FL21_S1_L000_read_88_count_1      1.63%    passed     96.02%
 191  200709_20-07994_HIV07-01067_FL21_S1_L000_read_89_count_1      1.63%    passed     98.62%
 192  200709_20-07994_HIV07-01067_FL21_S1_L000_read_90_count_1      1.63%    passed     99.81%
 193  200709_20-07994_HIV07-01067_FL21_S1_L000_read_91_count_1      1.63%    passed     95.66%
 194  200709_20-07994_HIV07-01067_FL21_S1_L000_read_92_count_1      0.81%    passed     95.83%
 195  200709_20-07994_HIV07-01067_FL21_S1_L000_read_93_count_1      1.63%    passed     99.11%
 196  200709_20-07994_HIV07-01067_FL21_S1_L000_read_94_count_1      1.63%    passed     99.09%
 197  200709_20-07994_HIV07-01067_FL21_S1_L000_read_95_count_1      1.63%    passed     96.02%
 198  200709_20-07994_HIV07-01067_FL21_S1_L000_read_96_count_1      1.63%    passed     99.81%
 199  200709_20-07994_HIV07-01067_FL21_S1_L000_read_97_count_1      1.63%    passed     97.38%
 200  200709_20-07994_HIV07-01067_FL21_S1_L000_read_98_count_1      1.63%    passed     99.09%
 201  200709_20-07994_HIV07-01067_FL21_S1_L000_read_99_count_1      2.03%    passed     98.36%
 202  200709_20-07994_HIV07-01067_FL21_S1_L000_read_100_count_1     1.63%    passed     95.34%
 203  200709_20-07994_HIV07-01067_FL21_S1_L000_read_101_count_1     1.63%    passed     99.09%
 204  200709_20-07994_HIV07-01067_FL21_S1_L000_read_102_count_1     1.63%    passed     94.20%
 205  200709_20-07994_HIV07-01067_FL21_S1_L000_read_103_count_1     1.63%    passed     99.18%
 206  200709_20-07994_HIV07-01067_FL21_S1_L000_read_104_count_1     1.63%    passed     95.88%
 207  200709_20-07994_HIV07-01067_FL21_S1_L000_read_105_count_1     1.63%    passed     99.81%
 208  200709_20-07994_HIV07-01067_FL21_S1_L000_read_106_count_1     1.63%    passed     98.61%
 209  200709_20-07994_HIV07-01067_FL21_S1_L000_read_107_count_1     1.63%    passed     99.09%
 210  200709_20-07994_HIV07-01067_FL21_S1_L000_read_108_count_1     1.63%    passed     94.20%
 211  200709_20-07994_HIV07-01067_FL21_S1_L000_read_109_count_1     1.63%    passed     97.38%
 212  200709_20-07994_HIV07-01067_FL21_S1_L000_read_110_count_1     1.63%    passed     99.09%
 213  200709_20-07994_HIV07-01067_FL21_S1_L000_read_111_count_1     1.63%    passed     99.09%
 214  200709_20-07994_HIV07-01067_FL21_S1_L000_read_112_count_1     1.63%    passed     96.02%
 215  200709_20-07994_HIV07-01067_FL21_S1_L000_read_113_count_1     1.63%    passed     98.25%
 216  200709_20-07994_HIV07-01067_FL21_S1_L000_read_114_count_1     1.63%    passed     95.66%
 217  200709_20-07994_HIV07-01067_FL21_S1_L000_read_115_count_1     1.63%    passed     99.09%
 218  200709_20-07994_HIV07-01067_FL21_S1_L000_read_116_count_1     1.63%    passed     96.02%
 219  200709_20-07994_HIV07-01067_FL21_S1_L000_read_117_count_1     1.63%    passed     99.27%
 220  200709_20-07994_HIV07-01067_FL21_S1_L000_read_118_count_1     1.63%    passed     99.81%
 221  200709_20-07994_HIV07-01067_FL21_S1_L000_read_119_count_1     1.63%    passed     99.09%
 222  200709_20-07994_HIV07-01067_FL21_S1_L000_read_120_count_1     1.63%    passed     99.80%
 223  200709_20-07994_HIV07-01067_FL21_S1_L000_read_121_count_1     1.63%    passed     99.97%
 224  200709_20-07994_HIV07-01067_FL21_S1_L000_read_122_count_1     1.63%    passed     99.09%
 225  200709_20-07994_HIV07-01067_FL21_S1_L000_read_123_count_1     1.63%    passed     99.81%
 226  200709_20-07994_HIV07-01067_FL21_S1_L000_read_124_count_1     1.63%    passed     99.80%
 227  200709_20-07994_HIV07-01067_FL21_S1_L000_read_125_count_1     1.22%    passed     99.70%
 228  200709_20-07994_HIV07-01067_FL21_S1_L000_read_126_count_1     1.63%    passed     99.09%
 229  200709_20-07994_HIV07-01067_FL21_S1_L000_read_127_count_1     1.63%    passed     99.27%
 230  200709_20-07994_HIV07-01067_FL21_S1_L000_read_128_count_1     1.63%    passed     99.80%
 231  200709_20-07994_HIV07-01067_FL21_S1_L000_read_129_count_1     1.63%    passed     84.95%
 232  200709_20-07994_HIV07-01067_FL21_S1_L000_read_130_count_1     1.63%    passed     99.11%
 233  200709_20-07994_HIV07-01067_FL21_S1_L000_read_131_count_1     1.63%    passed     98.25%
 234  200709_20-07994_HIV07-01067_FL21_S1_L000_read_132_count_1     1.63%    passed     94.00%
 235  200709_20-07994_HIV07-01067_FL21_S1_L000_read_133_count_1     1.63%    passed     97.76%
 236  200709_20-07994_HIV07-01067_FL21_S1_L000_read_134_count_1     1.63%    passed     98.85%
 237  200709_20-07994_HIV07-01067_FL21_S1_L000_read_135_count_1     1.63%    passed     97.38%
 238  200709_20-07994_HIV07-01067_FL21_S1_L000_read_136_count_1     1.63%    passed     97.76%
 239  200709_20-07994_HIV07-01067_FL21_S1_L000_read_137_count_1     1.63%    passed     99.09%
 240  200709_20-07994_HIV07-01067_FL21_S1_L000_read_138_count_1     1.63%    passed     94.20%
 241  200709_20-07994_HIV07-01067_FL21_S1_L000_read_139_count_1     1.63%    passed     98.25%
 242  200709_20-07994_HIV07-01067_FL21_S1_L000_read_140_count_1     1.63%    passed     99.09%
 243  200709_20-07994_HIV07-01067_FL21_S1_L000_read_141_count_1     1.63%    passed     96.02%
 244  200709_20-07994_HIV07-01067_FL21_S1_L000_read_142_count_1     1.63%    passed     98.61%
 245  200709_20-07994_HIV07-01067_FL21_S1_L000_read_143_count_1     1.63%    passed     99.09%
 246  200709_20-07994_HIV07-01067_FL21_S1_L000_read_144_count_1     1.63%    passed     99.85%
 247  200709_20-07994_HIV07-01067_FL21_S1_L000_read_145_count_1     1.63%    passed     99.09%
 248  200709_20-07994_HIV07-01067_FL21_S1_L000_read_146_count_1     1.63%    passed     98.25%
 249  200709_20-07994_HIV07-01067_FL21_S1_L000_read_147_count_1     1.63%    passed     99.80%
 250  200709_20-07994_HIV07-01067_FL21_S1_L000_read_148_count_1     1.63%    passed     99.81%
 251  200709_20-07994_HIV07-01067_FL21_S1_L000_read_149_count_1     1.63%    passed     99.80%
 252  200709_20-07994_HIV07-01067_FL21_S1_L000_read_150_count_1     1.63%    passed     97.13%
 253  200709_20-07994_HIV07-01067_FL21_S1_L000_read_151_count_1     1.63%    passed     96.10%
 254  200709_20-07994_HIV07-01067_FL21_S1_L000_read_152_count_1     1.63%    passed     89.39%
 255  200709_20-07994_HIV07-01067_FL21_S1_L000_read_153_count_1     1.63%    passed     99.09%
 256  200709_20-07994_HIV07-01067_FL21_S1_L000_read_154_count_1     1.63%    passed     99.81%
 257  200709_20-07994_HIV07-01067_FL21_S1_L000_read_155_count_1     1.63%    passed     99.09%
 258  200709_20-07994_HIV07-01067_FL21_S1_L000_read_156_count_1     1.63%    passed     98.85%
 259  200709_20-07994_HIV07-01067_FL21_S1_L000_read_157_count_1     1.63%    passed     99.11%
 260  200709_20-07994_HIV07-01067_FL21_S1_L000_read_158_count_1     1.63%    passed     98.85%
 261  200709_20-07994_HIV07-01067_FL21_S1_L000_read_159_count_1     1.63%    passed     99.09%
 262  200709_20-07994_HIV07-01067_FL21_S1_L000_read_160_count_1     1.63%    passed     99.09%
 263  200709_20-07994_HIV07-01067_FL21_S1_L000_read_161_count_1     1.63%    passed     99.09%
 264  200709_20-07994_HIV07-01067_FL21_S1_L000_read_162_count_1     1.63%    passed     97.76%
 265  200709_20-07994_HIV07-01067_FL21_S1_L000_read_163_count_1     1.63%    passed     94.20%
 266  200709_20-07994_HIV07-01067_FL21_S1_L000_read_164_count_1     1.63%    passed     98.61%
 267  200709_20-07994_HIV07-01067_FL21_S1_L000_read_165_count_1     1.63%    passed     96.80%
 268  200709_20-07994_HIV07-01067_FL21_S1_L000_read_166_count_1     1.63%    passed     99.80%
 269  200703_20-07825_HIV09-00618_FL18_S6_L000_read_1_count_525     1.63%    passed     99.97%
 270  200703_20-07825_HIV09-00618_FL18_S6_L000_read_2_count_14      1.63%    passed     99.97%
 271  200703_20-07825_HIV09-00618_FL18_S6_L000_read_3_count_5       1.63%    passed     99.56%
 272  200703_20-07825_HIV09-00618_FL18_S6_L000_read_4_count_3       1.63%    passed     99.36%
 273  200703_20-07825_HIV09-00618_FL18_S6_L000_read_5_count_3       1.63%    passed     99.56%
 274  200703_20-07825_HIV09-00618_FL18_S6_L000_read_6_count_3       1.63%    passed     99.36%
 275  200703_20-07825_HIV09-00618_FL18_S6_L000_read_7_count_3       1.63%    passed     99.56%
 276  200703_20-07825_HIV09-00618_FL18_S6_L000_read_8_count_3       1.63%    passed     99.36%
 277  200703_20-07825_HIV09-00618_FL18_S6_L000_read_9_count_2       1.63%    passed     99.56%
 278  200703_20-07825_HIV09-00618_FL18_S6_L000_read_10_count_2      1.63%    passed     99.56%
 279  200703_20-07825_HIV09-00618_FL18_S6_L000_read_11_count_2      1.63%    passed     99.80%
 280  200703_20-07825_HIV09-00618_FL18_S6_L000_read_12_count_2      1.63%    passed     99.97%
 281  200703_20-07825_HIV09-00618_FL18_S6_L000_read_13_count_2      1.63%    passed     99.80%
 282  200703_20-07825_HIV09-00618_FL18_S6_L000_read_14_count_2      1.63%    passed     99.56%
 283  200703_20-07825_HIV09-00618_FL18_S6_L000_read_15_count_2      1.63%    passed     99.56%
 284  200703_20-07825_HIV09-00618_FL18_S6_L000_read_16_count_2      1.63%    passed     99.56%
 285  200703_20-07825_HIV09-00618_FL18_S6_L000_read_17_count_2      1.63%    passed     99.56%
 286  200703_20-07825_HIV09-00618_FL18_S6_L000_read_18_count_2      1.63%    passed     99.56%
 287  200703_20-07825_HIV09-00618_FL18_S6_L000_read_19_count_2      1.63%    passed     99.36%
 288  200703_20-07825_HIV09-00618_FL18_S6_L000_read_20_count_2      1.63%    passed     99.80%
 289  200703_20-07825_HIV09-00618_FL18_S6_L000_read_21_count_1      1.63%    passed     99.70%
 290  200703_20-07825_HIV09-00618_FL18_S6_L000_read_22_count_1      1.63%    passed     99.70%
 291  200703_20-07825_HIV09-00618_FL18_S6_L000_read_23_count_1      1.63%    passed     99.70%
 292  200703_20-07825_HIV09-00618_FL18_S6_L000_read_24_count_1      1.63%    passed     99.97%
 293  200703_20-07825_HIV09-00618_FL18_S6_L000_read_25_count_1      2.03%    passed     99.86%
 294  200703_20-07825_HIV09-00618_FL18_S6_L000_read_26_count_1      1.63%    passed     99.56%
 295  200703_20-07825_HIV09-00618_FL18_S6_L000_read_27_count_1      1.63%    passed     99.56%
 296  200703_20-07825_HIV09-00618_FL18_S6_L000_read_28_count_1      1.63%    passed     99.56%
 297  200703_20-07825_HIV09-00618_FL18_S6_L000_read_29_count_1      2.03%    passed     99.97%
 298  200703_20-07825_HIV09-00618_FL18_S6_L000_read_30_count_1      2.03%    passed     99.87%
 299  200703_20-07825_HIV09-00618_FL18_S6_L000_read_31_count_1      1.63%    passed     99.97%
 300  200703_20-07825_HIV09-00618_FL18_S6_L000_read_32_count_1      1.63%    passed     99.80%
 301  200703_20-07825_HIV09-00618_FL18_S6_L000_read_33_count_1      1.63%    passed     99.56%
 302  200703_20-07825_HIV09-00618_FL18_S6_L000_read_34_count_1      1.63%    passed     99.56%
 303  200703_20-07825_HIV09-00618_FL18_S6_L000_read_35_count_1      1.63%    passed     99.70%
 304  200703_20-07825_HIV09-00618_FL18_S6_L000_read_36_count_1      1.63%    passed     99.56%
 305  200703_20-07825_HIV09-00618_FL18_S6_L000_read_37_count_1      1.63%    passed     99.56%
 306  200703_20-07825_HIV09-00618_FL18_S6_L000_read_38_count_1      1.63%    passed     99.36%
 307  200703_20-07825_HIV09-00618_FL18_S6_L000_read_39_count_1      1.63%    passed     99.56%
 308  200703_20-07825_HIV09-00618_FL18_S6_L000_read_40_count_1      1.63%    passed     98.15%
 309  200703_20-07825_HIV09-00618_FL18_S6_L000_read_41_count_1      2.03%    passed     99.14%
 310  200703_20-07825_HIV09-00618_FL18_S6_L000_read_42_count_1      1.63%    passed     99.86%
 311  200703_20-07825_HIV09-00618_FL18_S6_L000_read_43_count_1      1.63%    passed     99.37%
 312  200703_20-07825_HIV09-00618_FL18_S6_L000_read_44_count_1      1.63%    passed     99.85%
 313  200703_20-07825_HIV09-00618_FL18_S6_L000_read_45_count_1      1.63%    passed     99.56%
 314  200703_20-07825_HIV09-00618_FL18_S6_L000_read_46_count_1      1.63%    passed     99.97%
 315  200703_20-07825_HIV09-00618_FL18_S6_L000_read_47_count_1      1.63%    passed     99.56%
 316  200703_20-07825_HIV09-00618_FL18_S6_L000_read_48_count_1      1.63%    passed     99.56%
 317  200703_20-07825_HIV09-00618_FL18_S6_L000_read_49_count_1      1.63%    passed     99.56%
 318  200703_20-07825_HIV09-00618_FL18_S6_L000_read_50_count_1      1.63%    passed     98.15%
 319  200703_20-07825_HIV09-00618_FL18_S6_L000_read_51_count_1      1.63%    passed     99.86%
 320  200703_20-07825_HIV09-00618_FL18_S6_L000_read_52_count_1      1.63%    passed     99.85%
 321  200703_20-07825_HIV09-00618_FL18_S6_L000_read_53_count_1      1.63%    passed     99.36%
 322  200703_20-07825_HIV09-00618_FL18_S6_L000_read_54_count_1      1.63%    passed     99.56%
 323  200703_20-07825_HIV09-00618_FL18_S6_L000_read_55_count_1      1.63%    passed     99.37%
 324  200703_20-07825_HIV09-00618_FL18_S6_L000_read_56_count_1      2.03%    passed     99.97%
 325  200703_20-07825_HIV09-00618_FL18_S6_L000_read_57_count_1      1.63%    passed     99.37%
 326  200703_20-07825_HIV09-00618_FL18_S6_L000_read_58_count_1      1.63%    passed     99.55%
 327  200703_20-07825_HIV09-00618_FL18_S6_L000_read_59_count_1      1.63%    passed     99.97%
 328  200703_20-07825_HIV09-00618_FL18_S6_L000_read_60_count_1      1.63%    passed     98.24%
 329  200703_20-07825_HIV09-00618_FL18_S6_L000_read_61_count_1      2.03%    passed     99.64%
 330  200703_20-07825_HIV09-00618_FL18_S6_L000_read_62_count_1      1.63%    passed     99.56%
 331  200703_20-07825_HIV09-00618_FL18_S6_L000_read_63_count_1      1.63%    passed     99.56%
 332  200703_20-07825_HIV09-00618_FL18_S6_L000_read_64_count_1      1.63%    passed     99.97%
 333  200703_20-07825_HIV09-00618_FL18_S6_L000_read_65_count_1      1.63%    passed     99.94%
 334  200703_20-07825_HIV09-00618_FL18_S6_L000_read_66_count_1      1.63%    passed     99.57%
 335  200703_20-07825_HIV09-00618_FL18_S6_L000_read_67_count_1      1.63%    passed     99.56%
 336  200703_20-07825_HIV09-00618_FL18_S6_L000_read_68_count_1      1.63%    passed     99.56%
 337  200703_20-07825_HIV09-00618_FL18_S6_L000_read_69_count_1      1.63%    passed     99.56%
 338  200703_20-07825_HIV09-00618_FL18_S6_L000_read_70_count_1      1.63%    passed     99.56%
 339  200703_20-07825_HIV09-00618_FL18_S6_L000_read_71_count_1      1.63%    passed     99.36%
 340  200703_20-07825_HIV09-00618_FL18_S6_L000_read_72_count_1      1.63%    passed     99.97%
 341  200703_20-07825_HIV09-00618_FL18_S6_L000_read_73_count_1      1.63%    passed     99.26%
 342  200703_20-07825_HIV09-00618_FL18_S6_L000_read_74_count_1      2.03%    passed     99.86%
 343  200703_20-07825_HIV09-00618_FL18_S6_L000_read_75_count_1      1.63%    passed     99.57%
 344  200703_20-07825_HIV09-00618_FL18_S6_L000_read_76_count_1      1.63%    passed     98.67%
 345  200703_20-07825_HIV09-00618_FL18_S6_L000_read_77_count_1      1.63%    passed     99.37%
 346  200703_20-07825_HIV09-00618_FL18_S6_L000_read_78_count_1      1.63%    passed     99.57%
 347  200703_20-07825_HIV09-00618_FL18_S6_L000_read_79_count_1      1.63%    passed     99.36%
 348  200703_20-07825_HIV09-00618_FL18_S6_L000_read_80_count_1      1.63%    passed     99.57%
 349  200703_20-07825_HIV09-00618_FL18_S6_L000_read_81_count_1      1.63%    passed     99.56%
 350  200703_20-07825_HIV09-00618_FL18_S6_L000_read_82_count_1      1.63%    passed     99.36%
 351  200703_20-07825_HIV09-00618_FL18_S6_L000_read_83_count_1      2.03%    passed     99.97%
 352  200703_20-07825_HIV09-00618_FL18_S6_L000_read_84_count_1      1.63%    passed     98.15%
 353  200703_20-07825_HIV09-00618_FL18_S6_L000_read_85_count_1      1.63%    passed     99.56%
 354  200703_20-07825_HIV09-00618_FL18_S6_L000_read_86_count_1      1.63%    passed     99.56%
 355  200703_20-07825_HIV09-00618_FL18_S6_L000_read_87_count_1      1.63%    passed     99.97%
 356  200703_20-07825_HIV09-00618_FL18_S6_L000_read_88_count_1      1.63%    passed     99.56%
 357  200703_20-07825_HIV09-00618_FL18_S6_L000_read_89_count_1      1.63%    passed     99.36%
 358  200703_20-07825_HIV09-00618_FL18_S6_L000_read_90_count_1      1.63%    passed     99.36%
 359  200703_20-07825_HIV09-00618_FL18_S6_L000_read_91_count_1      1.63%    passed     98.67%
 360  200703_20-07825_HIV09-00618_FL18_S6_L000_read_92_count_1      1.63%    passed     99.37%
 361  200703_20-07825_HIV09-00618_FL18_S6_L000_read_93_count_1      1.63%    passed     99.56%
 362  200703_20-07825_HIV09-00618_FL18_S6_L000_read_94_count_1      1.63%    passed     99.56%
 363  200703_20-07825_HIV09-00618_FL18_S6_L000_read_95_count_1      1.63%    passed     96.73%
 364  200703_20-07825_HIV09-00618_FL18_S6_L000_read_96_count_1      1.63%    passed     98.67%
 365  200814_20-09728_HIV09-02843_FL30_S2_L000_read_1_count_687     1.63%    passed     95.66%
 366  200814_20-09728_HIV09-02843_FL30_S2_L000_read_2_count_35      1.63%    passed     94.20%
 367  200814_20-09728_HIV09-02843_FL30_S2_L000_read_3_count_5       1.63%    passed     96.02%
 368  200814_20-09728_HIV09-02843_FL30_S2_L000_read_4_count_4       1.63%    passed     94.20%
 369  200814_20-09728_HIV09-02843_FL30_S2_L000_read_5_count_3       1.63%    passed     96.02%
 370  200814_20-09728_HIV09-02843_FL30_S2_L000_read_6_count_3       1.63%    passed     96.02%
 371  200814_20-09728_HIV09-02843_FL30_S2_L000_read_7_count_3       1.63%    passed     96.02%
 372  200814_20-09728_HIV09-02843_FL30_S2_L000_read_8_count_2       1.63%    passed     98.25%
 373  200814_20-09728_HIV09-02843_FL30_S2_L000_read_9_count_2       1.63%    passed     96.02%
 374  200814_20-09728_HIV09-02843_FL30_S2_L000_read_10_count_2      1.63%    passed     96.02%
 375  200814_20-09728_HIV09-02843_FL30_S2_L000_read_11_count_2      1.63%    passed     96.02%
 376  200814_20-09728_HIV09-02843_FL30_S2_L000_read_12_count_2      1.63%    passed     96.02%
 377  200814_20-09728_HIV09-02843_FL30_S2_L000_read_13_count_2      1.63%    passed     98.85%
 378  200814_20-09728_HIV09-02843_FL30_S2_L000_read_14_count_2      1.63%    passed     96.02%
 379  200814_20-09728_HIV09-02843_FL30_S2_L000_read_15_count_2      1.63%    passed     96.10%
 380  200814_20-09728_HIV09-02843_FL30_S2_L000_read_16_count_2      1.63%    passed     96.02%
 381  200814_20-09728_HIV09-02843_FL30_S2_L000_read_17_count_2      1.63%    passed     96.02%
 382  200814_20-09728_HIV09-02843_FL30_S2_L000_read_18_count_2      1.63%    passed     98.25%
 383  200814_20-09728_HIV09-02843_FL30_S2_L000_read_19_count_2      1.63%    passed     96.02%
 384  200814_20-09728_HIV09-02843_FL30_S2_L000_read_20_count_1      1.63%    passed     96.02%
 385  200814_20-09728_HIV09-02843_FL30_S2_L000_read_21_count_1      1.63%    passed     92.86%
 386  200814_20-09728_HIV09-02843_FL30_S2_L000_read_22_count_1      1.63%    passed     98.85%
 387  200814_20-09728_HIV09-02843_FL30_S2_L000_read_23_count_1      1.63%    passed     98.25%
 388  200814_20-09728_HIV09-02843_FL30_S2_L000_read_24_count_1      1.63%    passed     99.09%
 389  200814_20-09728_HIV09-02843_FL30_S2_L000_read_25_count_1      1.63%    passed     91.69%
 390  200814_20-09728_HIV09-02843_FL30_S2_L000_read_26_count_1      1.63%    passed     98.85%
 391  200814_20-09728_HIV09-02843_FL30_S2_L000_read_27_count_1      1.63%    passed     98.25%
 392  200814_20-09728_HIV09-02843_FL30_S2_L000_read_28_count_1      1.63%    passed     94.20%
 393  200814_20-09728_HIV09-02843_FL30_S2_L000_read_29_count_1      1.63%    passed     96.02%
 394  200814_20-09728_HIV09-02843_FL30_S2_L000_read_30_count_1      1.63%    passed     94.20%
 395  200814_20-09728_HIV09-02843_FL30_S2_L000_read_31_count_1      1.63%    passed     98.61%
 396  200814_20-09728_HIV09-02843_FL30_S2_L000_read_32_count_1      1.63%    passed     96.02%
 397  200814_20-09728_HIV09-02843_FL30_S2_L000_read_33_count_1      1.63%    passed     97.76%
 398  200814_20-09728_HIV09-02843_FL30_S2_L000_read_34_count_1      1.63%    passed     88.72%
 399  200814_20-09728_HIV09-02843_FL30_S2_L000_read_35_count_1      1.63%    passed     98.25%
 400  200814_20-09728_HIV09-02843_FL30_S2_L000_read_36_count_1      1.63%    passed     98.85%
 401  200814_20-09728_HIV09-02843_FL30_S2_L000_read_37_count_1      1.63%    passed     96.02%
 402  200814_20-09728_HIV09-02843_FL30_S2_L000_read_38_count_1      1.63%    passed     96.80%
 403  200814_20-09728_HIV09-02843_FL30_S2_L000_read_39_count_1      1.63%    passed     94.20%
 404  200814_20-09728_HIV09-02843_FL30_S2_L000_read_40_count_1      1.63%    passed     88.72%
 405  200814_20-09728_HIV09-02843_FL30_S2_L000_read_41_count_1      1.63%    passed     90.84%
 406  200814_20-09728_HIV09-02843_FL30_S2_L000_read_42_count_1      1.63%    passed     96.02%
 407  200814_20-09728_HIV09-02843_FL30_S2_L000_read_43_count_1      1.63%    passed     96.02%
 408  200814_20-09728_HIV09-02843_FL30_S2_L000_read_44_count_1      1.63%    passed     95.66%
 409  200814_20-09728_HIV09-02843_FL30_S2_L000_read_45_count_1      1.63%    passed     94.20%
 410  200814_20-09728_HIV09-02843_FL30_S2_L000_read_46_count_1      2.03%    passed     96.02%
 411  200814_20-09728_HIV09-02843_FL30_S2_L000_read_47_count_1      1.63%    passed     96.02%
 412  200814_20-09728_HIV09-02843_FL30_S2_L000_read_48_count_1      1.63%    passed     95.66%
 413  200814_20-09728_HIV09-02843_FL30_S2_L000_read_49_count_1      1.63%    passed     96.02%
 414  200814_20-09728_HIV09-02843_FL30_S2_L000_read_50_count_1      1.63%    passed     96.02%
 415  200814_20-09728_HIV09-02843_FL30_S2_L000_read_51_count_1      1.63%    passed     98.85%
 416  200814_20-09728_HIV09-02843_FL30_S2_L000_read_52_count_1      1.63%    passed     96.02%
 417  200814_20-09728_HIV09-02843_FL30_S2_L000_read_53_count_1      1.63%    passed     98.85%
 418  200814_20-09728_HIV09-02843_FL30_S2_L000_read_54_count_1      1.63%    passed     95.34%
 419  200814_20-09728_HIV09-02843_FL30_S2_L000_read_55_count_1      1.63%    passed     96.02%
 420  200814_20-09728_HIV09-02843_FL30_S2_L000_read_56_count_1      1.63%    passed     96.02%
 421  200814_20-09728_HIV09-02843_FL30_S2_L000_read_57_count_1      1.63%    passed     91.69%
 422  200814_20-09728_HIV09-02843_FL30_S2_L000_read_58_count_1      1.63%    passed     96.02%
 423  200814_20-09728_HIV09-02843_FL30_S2_L000_read_59_count_1      1.63%    passed     97.38%
 424  200814_20-09728_HIV09-02843_FL30_S2_L000_read_60_count_1      1.63%    passed     94.20%
 425  200814_20-09728_HIV09-02843_FL30_S2_L000_read_61_count_1      1.63%    passed     95.66%
 426  200814_20-09728_HIV09-02843_FL30_S2_L000_read_62_count_1      1.63%    passed     96.02%
 427  200814_20-09728_HIV09-02843_FL30_S2_L000_read_63_count_1      1.63%    passed     96.02%
 428  200814_20-09728_HIV09-02843_FL30_S2_L000_read_64_count_1      1.63%    passed     98.25%
 429  200814_20-09728_HIV09-02843_FL30_S2_L000_read_65_count_1      1.63%    passed     96.10%
 430  200814_20-09728_HIV09-02843_FL30_S2_L000_read_66_count_1      1.63%    passed     96.02%
 431  200814_20-09728_HIV09-02843_FL30_S2_L000_read_67_count_1      1.63%    passed     94.00%
 432  200814_20-09728_HIV09-02843_FL30_S2_L000_read_68_count_1      1.63%    passed     96.02%
 433  200814_20-09728_HIV09-02843_FL30_S2_L000_read_69_count_1      1.63%    passed     98.24%
 434  200814_20-09728_HIV09-02843_FL30_S2_L000_read_70_count_1      1.63%    passed     96.10%
 435  200814_20-09728_HIV09-02843_FL30_S2_L000_read_71_count_1      1.63%    passed     98.25%
 436  200814_20-09728_HIV09-02843_FL30_S2_L000_read_72_count_1      1.63%    passed     91.69%
 437  200814_20-09728_HIV09-02843_FL30_S2_L000_read_73_count_1      1.63%    passed     99.09%
 438  200814_20-09728_HIV09-02843_FL30_S2_L000_read_74_count_1      1.63%    passed     98.25%
 439  200814_20-09728_HIV09-02843_FL30_S2_L000_read_75_count_1      1.63%    passed     97.76%
 440  200814_20-09728_HIV09-02843_FL30_S2_L000_read_76_count_1      1.63%    passed     95.34%
 441  200814_20-09728_HIV09-02843_FL30_S2_L000_read_77_count_1      1.63%    passed     96.02%
 442  200814_20-09728_HIV09-02843_FL30_S2_L000_read_78_count_1      1.63%    passed     96.80%
 443  200814_20-09728_HIV09-02843_FL30_S2_L000_read_79_count_1      1.63%    passed     94.00%
 444  200814_20-09728_HIV09-02843_FL30_S2_L000_read_80_count_1      1.63%    passed     94.00%
 445  200814_20-09728_HIV09-02843_FL30_S2_L000_read_81_count_1      1.63%    passed     94.20%
 446  200814_20-09728_HIV09-02843_FL30_S2_L000_read_82_count_1      1.63%    passed     94.00%
 447  200814_20-09728_HIV09-02843_FL30_S2_L000_read_83_count_1      1.63%    passed     96.80%
 448  200814_20-09728_HIV09-02843_FL30_S2_L000_read_84_count_1      1.63%    passed     98.85%
 449  200814_20-09728_HIV09-02843_FL30_S2_L000_read_85_count_1      1.63%    passed     94.00%
 450  200814_20-09728_HIV09-02843_FL30_S2_L000_read_86_count_1      1.63%    passed     95.66%
 451  200814_20-09728_HIV09-02843_FL30_S2_L000_read_87_count_1      1.63%    passed     95.66%
 452  200814_20-09728_HIV09-02843_FL30_S2_L000_read_88_count_1      1.63%    passed     94.20%
 453  200814_20-09728_HIV09-02843_FL30_S2_L000_read_89_count_1      1.63%    passed     98.25%
 454  200814_20-09728_HIV09-02843_FL30_S2_L000_read_90_count_1      1.63%    passed     94.00%
 455  200814_20-09728_HIV09-02843_FL30_S2_L000_read_91_count_1      1.63%    passed     96.02%
 456  200814_20-09728_HIV09-02843_FL30_S2_L000_read_92_count_1      1.63%    passed     95.34%
 457  200814_20-09728_HIV09-02843_FL30_S2_L000_read_93_count_1      1.63%    passed     90.84%
 458  200814_20-09728_HIV09-02843_FL30_S2_L000_read_94_count_1      1.63%    passed     94.20%
 459  200814_20-09728_HIV09-02843_FL30_S2_L000_read_95_count_1      1.63%    passed     98.85%
 460  200814_20-09728_HIV09-02843_FL30_S2_L000_read_96_count_1      1.63%    passed     94.00%
 461  200814_20-09728_HIV09-02843_FL30_S2_L000_read_97_count_1      1.63%    passed     95.34%
 462  200814_20-09728_HIV09-02843_FL30_S2_L000_read_98_count_1      1.63%    passed     96.02%
 463  200814_20-09728_HIV09-02843_FL30_S2_L000_read_99_count_1      1.63%    passed     96.02%
 464  200814_20-09728_HIV09-02843_FL30_S2_L000_read_100_count_1     1.63%    passed     99.05%
 465  200814_20-09728_HIV09-02843_FL30_S2_L000_read_101_count_1     1.63%    passed     96.02%
 466  200814_20-09728_HIV09-02843_FL30_S2_L000_read_102_count_1     1.63%    passed     94.00%
 467  200814_20-09728_HIV09-02843_FL30_S2_L000_read_103_count_1     1.63%    passed     98.85%
 468  200814_20-09728_HIV09-02843_FL30_S2_L000_read_104_count_1     1.63%    passed     98.25%
 469  200814_20-09728_HIV09-02843_FL30_S2_L000_read_105_count_1     1.63%    passed     96.02%
 470  200814_20-09728_HIV09-02843_FL30_S2_L000_read_106_count_1     1.63%    passed     89.82%
 471  200724_20-08522_HIV11-02415_FL24_S18_L000_read_1_count_400    1.63%    passed     97.77%
 472  200724_20-08522_HIV11-02415_FL24_S18_L000_read_2_count_94     1.63%    passed     97.18%
 473  200724_20-08522_HIV11-02415_FL24_S18_L000_read_3_count_32     1.63%    passed     97.78%
 474  200724_20-08522_HIV11-02415_FL24_S18_L000_read_4_count_31     1.63%    passed     93.26%
 475  200724_20-08522_HIV11-02415_FL24_S18_L000_read_5_count_17     1.63%    passed     97.18%
 476  200724_20-08522_HIV11-02415_FL24_S18_L000_read_6_count_15     1.63%    passed     97.18%
 477  200724_20-08522_HIV11-02415_FL24_S18_L000_read_7_count_9      1.63%    passed     97.52%
 478  200724_20-08522_HIV11-02415_FL24_S18_L000_read_8_count_7      1.63%    passed     95.54%
 479  200724_20-08522_HIV11-02415_FL24_S18_L000_read_9_count_6      1.63%    passed     97.18%
 480  200724_20-08522_HIV11-02415_FL24_S18_L000_read_10_count_5     1.63%    passed     95.54%
 481  200724_20-08522_HIV11-02415_FL24_S18_L000_read_11_count_5     1.63%    passed     97.78%
 482  200724_20-08522_HIV11-02415_FL24_S18_L000_read_12_count_5     1.63%    passed     93.26%
 483  200724_20-08522_HIV11-02415_FL24_S18_L000_read_13_count_4     1.63%    passed     93.26%
 484  200724_20-08522_HIV11-02415_FL24_S18_L000_read_14_count_4     1.63%    passed     98.68%
 485  200724_20-08522_HIV11-02415_FL24_S18_L000_read_15_count_4     1.63%    passed     99.57%
 486  200724_20-08522_HIV11-02415_FL24_S18_L000_read_16_count_3     1.63%    passed     93.26%
 487  200724_20-08522_HIV11-02415_FL24_S18_L000_read_17_count_3     1.63%    passed     97.18%
 488  200724_20-08522_HIV11-02415_FL24_S18_L000_read_18_count_3     1.63%    passed     97.77%
 489  200724_20-08522_HIV11-02415_FL24_S18_L000_read_19_count_3     1.63%    passed     93.26%
 490  200724_20-08522_HIV11-02415_FL24_S18_L000_read_20_count_3     1.63%    passed     97.45%
 491  200724_20-08522_HIV11-02415_FL24_S18_L000_read_21_count_3     1.63%    passed     99.37%
 492  200724_20-08522_HIV11-02415_FL24_S18_L000_read_22_count_3     1.63%    passed     97.52%
 493  200724_20-08522_HIV11-02415_FL24_S18_L000_read_23_count_3     1.63%    passed     97.78%
 494  200724_20-08522_HIV11-02415_FL24_S18_L000_read_24_count_2     1.63%    passed     99.37%
 495  200724_20-08522_HIV11-02415_FL24_S18_L000_read_25_count_2     1.63%    passed     97.45%
 496  200724_20-08522_HIV11-02415_FL24_S18_L000_read_26_count_2     1.63%    passed     92.85%
 497  200724_20-08522_HIV11-02415_FL24_S18_L000_read_27_count_2     1.63%    passed     92.51%
 498  200724_20-08522_HIV11-02415_FL24_S18_L000_read_28_count_2     1.63%    passed     96.73%
 499  200724_20-08522_HIV11-02415_FL24_S18_L000_read_29_count_2     1.63%    passed     97.45%
 500  200724_20-08522_HIV11-02415_FL24_S18_L000_read_30_count_2     1.63%    passed     99.37%
 501  200724_20-08522_HIV11-02415_FL24_S18_L000_read_31_count_2     1.63%    passed     97.52%
 502  200724_20-08522_HIV11-02415_FL24_S18_L000_read_32_count_2     1.63%    passed     96.74%
 503  200724_20-08522_HIV11-02415_FL24_S18_L000_read_33_count_2     1.63%    passed     92.51%
 504  200724_20-08522_HIV11-02415_FL24_S18_L000_read_34_count_2     1.63%    passed     82.54%
 505  200724_20-08522_HIV11-02415_FL24_S18_L000_read_35_count_2     1.63%    passed     97.77%
 506  200724_20-08522_HIV11-02415_FL24_S18_L000_read_36_count_2     1.63%    passed     97.45%
 507  200724_20-08522_HIV11-02415_FL24_S18_L000_read_37_count_2     1.63%    passed     92.51%
 508  200724_20-08522_HIV11-02415_FL24_S18_L000_read_38_count_2     1.63%    passed     97.45%
 509  200724_20-08522_HIV11-02415_FL24_S18_L000_read_39_count_1     1.63%    passed     97.45%
 510  200724_20-08522_HIV11-02415_FL24_S18_L000_read_40_count_1     1.63%    passed     92.51%
 511  200724_20-08522_HIV11-02415_FL24_S18_L000_read_41_count_1     1.63%    passed     97.18%
 512  200724_20-08522_HIV11-02415_FL24_S18_L000_read_42_count_1     1.63%    passed     97.45%
 513  200724_20-08522_HIV11-02415_FL24_S18_L000_read_43_count_1     1.63%    passed     97.18%
 514  200724_20-08522_HIV11-02415_FL24_S18_L000_read_44_count_1     1.63%    passed     99.19%
 515  200724_20-08522_HIV11-02415_FL24_S18_L000_read_45_count_1     1.63%    passed     97.45%
 516  200724_20-08522_HIV11-02415_FL24_S18_L000_read_46_count_1     1.63%    passed     93.26%
 517  200724_20-08522_HIV11-02415_FL24_S18_L000_read_47_count_1     1.63%    passed     92.85%
 518  200724_20-08522_HIV11-02415_FL24_S18_L000_read_48_count_1     1.63%    passed     97.45%
 519  200724_20-08522_HIV11-02415_FL24_S18_L000_read_49_count_1     1.63%    passed     98.68%
 520  200724_20-08522_HIV11-02415_FL24_S18_L000_read_50_count_1     1.63%    passed     97.06%
 521  200724_20-08522_HIV11-02415_FL24_S18_L000_read_51_count_1     1.63%    passed     97.45%
 522  200724_20-08522_HIV11-02415_FL24_S18_L000_read_52_count_1     1.63%    passed     96.13%
 523  200724_20-08522_HIV11-02415_FL24_S18_L000_read_53_count_1     1.63%    passed     93.26%
 524  200724_20-08522_HIV11-02415_FL24_S18_L000_read_54_count_1     1.63%    passed     97.45%
 525  200724_20-08522_HIV11-02415_FL24_S18_L000_read_55_count_1     1.63%    passed     96.73%
 526  200724_20-08522_HIV11-02415_FL24_S18_L000_read_56_count_1     1.63%    passed     93.26%
 527  200724_20-08522_HIV11-02415_FL24_S18_L000_read_57_count_1     1.63%    passed     97.77%
 528  200724_20-08522_HIV11-02415_FL24_S18_L000_read_58_count_1     1.63%    passed     93.80%
 529  200724_20-08522_HIV11-02415_FL24_S18_L000_read_59_count_1     1.63%    passed     93.81%
 530  200724_20-08522_HIV11-02415_FL24_S18_L000_read_60_count_1     1.63%    passed     99.37%
 531  200724_20-08522_HIV11-02415_FL24_S18_L000_read_61_count_1     1.63%    passed     93.80%
 532  200724_20-08522_HIV11-02415_FL24_S18_L000_read_62_count_1     1.63%    passed     95.54%
 533  200724_20-08522_HIV11-02415_FL24_S18_L000_read_63_count_1     1.63%    passed     97.45%
 534  200724_20-08522_HIV11-02415_FL24_S18_L000_read_64_count_1     1.63%    passed     99.37%
 535  200724_20-08522_HIV11-02415_FL24_S18_L000_read_65_count_1     1.63%    passed     94.13%
 536  200724_20-08522_HIV11-02415_FL24_S18_L000_read_66_count_1     1.63%    passed     96.73%
 537  200724_20-08522_HIV11-02415_FL24_S18_L000_read_67_count_1     1.63%    passed     93.26%
 538  200724_20-08522_HIV11-02415_FL24_S18_L000_read_68_count_1     1.63%    passed     94.13%
 539  200724_20-08522_HIV11-02415_FL24_S18_L000_read_69_count_1     1.63%    passed     97.52%
 540  200724_20-08522_HIV11-02415_FL24_S18_L000_read_70_count_1     1.63%    passed     99.19%
 541  200724_20-08522_HIV11-02415_FL24_S18_L000_read_71_count_1     1.63%    passed     99.37%
 542  200724_20-08522_HIV11-02415_FL24_S18_L000_read_72_count_1     1.63%    passed     97.77%
 543  200724_20-08522_HIV11-02415_FL24_S18_L000_read_73_count_1     1.63%    passed     97.45%
 544  200724_20-08522_HIV11-02415_FL24_S18_L000_read_74_count_1     1.63%    passed     94.13%
 545  200724_20-08522_HIV11-02415_FL24_S18_L000_read_75_count_1     1.63%    passed     93.74%
 546  200724_20-08522_HIV11-02415_FL24_S18_L000_read_76_count_1     1.63%    passed     97.77%
 547  200724_20-08522_HIV11-02415_FL24_S18_L000_read_77_count_1     1.63%    passed     99.37%
 548  200724_20-08522_HIV11-02415_FL24_S18_L000_read_78_count_1     1.63%    passed     97.77%
 549  200724_20-08522_HIV11-02415_FL24_S18_L000_read_79_count_1     1.63%    passed     95.54%
 550  200724_20-08522_HIV11-02415_FL24_S18_L000_read_80_count_1     1.63%    passed     94.13%
 551  200724_20-08522_HIV11-02415_FL24_S18_L000_read_81_count_1     1.63%    passed     98.68%
 552  200724_20-08522_HIV11-02415_FL24_S18_L000_read_82_count_1     1.63%    passed     96.73%
 553  200724_20-08522_HIV11-02415_FL24_S18_L000_read_83_count_1     1.63%    passed     96.28%
 554  200724_20-08522_HIV11-02415_FL24_S18_L000_read_84_count_1     1.63%    passed     85.54%
 555  200724_20-08522_HIV11-02415_FL24_S18_L000_read_85_count_1     1.63%    passed     97.18%
 556  200724_20-08522_HIV11-02415_FL24_S18_L000_read_86_count_1     1.63%    passed     97.52%
 557  200724_20-08522_HIV11-02415_FL24_S18_L000_read_87_count_1     1.63%    passed     97.77%
 558  200724_20-08522_HIV11-02415_FL24_S18_L000_read_88_count_1     1.63%    passed     96.74%
 559  200724_20-08522_HIV11-02415_FL24_S18_L000_read_89_count_1     1.63%    passed     93.26%
 560  200724_20-08522_HIV11-02415_FL24_S18_L000_read_90_count_1     1.63%    passed     85.54%
 561  200724_20-08522_HIV11-02415_FL24_S18_L000_read_91_count_1     1.63%    passed     99.57%
 562  200724_20-08522_HIV11-02415_FL24_S18_L000_read_92_count_1     1.63%    passed     96.13%
 563  200724_20-08522_HIV11-02415_FL24_S18_L000_read_93_count_1     1.63%    passed     84.70%
 564  200724_20-08522_HIV11-02415_FL24_S18_L000_read_94_count_1     1.63%    passed     96.13%
 565  200724_20-08522_HIV11-02415_FL24_S18_L000_read_95_count_1     1.63%    passed     97.18%
 566  200724_20-08522_HIV11-02415_FL24_S18_L000_read_96_count_1     1.63%    passed     97.13%
 567  200724_20-08522_HIV11-02415_FL24_S18_L000_read_97_count_1     1.63%    passed     97.45%
 568  200724_20-08522_HIV11-02415_FL24_S18_L000_read_98_count_1     1.63%    passed     99.36%
 569  200724_20-08522_HIV11-02415_FL24_S18_L000_read_99_count_1     1.63%    passed     99.19%
 570  200724_20-08522_HIV11-02415_FL24_S18_L000_read_100_count_1    1.63%    passed     94.13%
 571  200724_20-08522_HIV11-02415_FL24_S18_L000_read_101_count_1    1.63%    passed     99.37%
 572  200724_20-08522_HIV11-02415_FL24_S18_L000_read_102_count_1    1.63%    passed     93.80%
 573  200724_20-08522_HIV11-02415_FL24_S18_L000_read_103_count_1    1.63%    passed     93.26%
 574  200724_20-08522_HIV11-02415_FL24_S18_L000_read_104_count_1    1.63%    passed     96.28%
 575  200724_20-08522_HIV11-02415_FL24_S18_L000_read_105_count_1    2.03%    passed     93.30%
 576  200724_20-08522_HIV11-02415_FL24_S18_L000_read_106_count_1    1.63%    passed     97.78%
 577  200724_20-08522_HIV11-02415_FL24_S18_L000_read_107_count_1    1.63%    passed     95.73%
 578  200724_20-08522_HIV11-02415_FL24_S18_L000_read_108_count_1    1.63%    passed     92.51%
 579  200724_20-08522_HIV11-02415_FL24_S18_L000_read_109_count_1    1.63%    passed     95.89%
 580  200724_20-08522_HIV11-02415_FL24_S18_L000_read_110_count_1    1.63%    passed     97.78%
 581  200724_20-08522_HIV11-02415_FL24_S18_L000_read_111_count_1    1.63%    passed     97.45%
 582  200724_20-08522_HIV11-02415_FL24_S18_L000_read_112_count_1    1.63%    passed     97.45%
 583  200724_20-08522_HIV11-02415_FL24_S18_L000_read_113_count_1    1.63%    passed     97.45%
 584  200724_20-08522_HIV11-02415_FL24_S18_L000_read_114_count_1    1.63%    passed     92.58%
 585  200724_20-08522_HIV11-02415_FL24_S18_L000_read_115_count_1    1.63%    passed     97.52%
 586  200724_20-08522_HIV11-02415_FL24_S18_L000_read_116_count_1    1.63%    passed     92.51%
 587  200724_20-08522_HIV11-02415_FL24_S18_L000_read_117_count_1    1.63%    passed     95.54%
 588  200724_20-08522_HIV11-02415_FL24_S18_L000_read_118_count_1    1.63%    passed     97.13%
 589  200724_20-08522_HIV11-02415_FL24_S18_L000_read_119_count_1    1.63%    passed     99.57%
 590  200724_20-08522_HIV11-02415_FL24_S18_L000_read_120_count_1    1.63%    passed     96.73%
 591  200724_20-08522_HIV11-02415_FL24_S18_L000_read_121_count_1    1.63%    passed     94.42%
 592  200724_20-08522_HIV11-02415_FL24_S18_L000_read_122_count_1    1.63%    passed     92.85%
 593  200724_20-08522_HIV11-02415_FL24_S18_L000_read_123_count_1    1.63%    passed     98.68%
 594  200724_20-08522_HIV11-02415_FL24_S18_L000_read_124_count_1    1.63%    passed     97.13%
 595  200724_20-08522_HIV11-02415_FL24_S18_L000_read_125_count_1    1.63%    passed     93.26%
 596  200724_20-08522_HIV11-02415_FL24_S18_L000_read_126_count_1    1.63%    passed     99.37%
 597  200724_20-08522_HIV11-02415_FL24_S18_L000_read_127_count_1    1.63%    passed     97.52%
 598  200724_20-08522_HIV11-02415_FL24_S18_L000_read_128_count_1    1.63%    passed     88.08%
 599  200724_20-08522_HIV11-02415_FL24_S18_L000_read_129_count_1    1.63%    passed     97.18%
 600  200724_20-08522_HIV11-02415_FL24_S18_L000_read_130_count_1    1.63%    passed     97.78%
 601  200724_20-08522_HIV11-02415_FL24_S18_L000_read_131_count_1    1.63%    passed     97.18%
 602  200724_20-08522_HIV11-02415_FL24_S18_L000_read_132_count_1    1.63%    passed     96.13%
 603  200724_20-08522_HIV11-02415_FL24_S18_L000_read_133_count_1    1.63%    passed     97.45%
 604  200724_20-08522_HIV11-02415_FL24_S18_L000_read_134_count_1    1.63%    passed     93.26%
 605  200724_20-08522_HIV11-02415_FL24_S18_L000_read_135_count_1    1.63%    passed     91.05%
 606  200724_20-08522_HIV11-02415_FL24_S18_L000_read_136_count_1    1.63%    passed     95.73%
 607  200724_20-08522_HIV11-02415_FL24_S18_L000_read_137_count_1    1.63%    passed     97.77%
 608  200724_20-08522_HIV11-02415_FL24_S18_L000_read_138_count_1    1.63%    passed     97.45%
 609  200724_20-08522_HIV11-02415_FL24_S18_L000_read_139_count_1    1.63%    passed     93.26%
 610  200724_20-08522_HIV11-02415_FL24_S18_L000_read_140_count_1    1.63%    passed     95.54%
 611  200724_20-08522_HIV11-02415_FL24_S18_L000_read_141_count_1    1.63%    passed     97.45%
 612  200724_20-08522_HIV11-02415_FL24_S18_L000_read_142_count_1    1.63%    passed     97.45%
 613  200724_20-08522_HIV11-02415_FL24_S18_L000_read_143_count_1    1.63%    passed     95.54%
 614  200724_20-08522_HIV11-02415_FL24_S18_L000_read_144_count_1    2.03%    passed     97.19%
 615  200724_20-08522_HIV11-02415_FL24_S18_L000_read_145_count_1    1.63%    passed     99.57%
 616  200724_20-08522_HIV11-02415_FL24_S18_L000_read_146_count_1    1.63%    passed     94.13%
 617  200724_20-08522_HIV11-02415_FL24_S18_L000_read_147_count_1    1.63%    passed     87.48%
 618  200724_20-08522_HIV11-02415_FL24_S18_L000_read_148_count_1    1.63%    passed     97.13%
 619  200724_20-08522_HIV11-02415_FL24_S18_L000_read_149_count_1    1.63%    passed     97.45%
 620  200724_20-08522_HIV11-02415_FL24_S18_L000_read_150_count_1    2.03%    passed     96.73%
 621  200724_20-08522_HIV11-02415_FL24_S18_L000_read_151_count_1    1.63%    passed     97.45%
 622  200724_20-08522_HIV11-02415_FL24_S18_L000_read_152_count_1    1.63%    passed     93.80%
 623  200724_20-08522_HIV11-02415_FL24_S18_L000_read_153_count_1    1.63%    passed     99.57%
 624  200724_20-08522_HIV11-02415_FL24_S18_L000_read_154_count_1    1.63%    passed     94.13%
 625  200724_20-08522_HIV11-02415_FL24_S18_L000_read_155_count_1    1.63%    passed     97.45%
 626  200724_20-08522_HIV11-02415_FL24_S18_L000_read_156_count_1    1.63%    passed     95.54%
 627  200724_20-08522_HIV11-02415_FL24_S18_L000_read_157_count_1    1.63%    passed     99.57%
 628  200724_20-08522_HIV11-02415_FL24_S18_L000_read_158_count_1    1.63%    passed     96.74%
 629  200724_20-08522_HIV11-02415_FL24_S18_L000_read_159_count_1    1.63%    passed     96.28%
 630  200724_20-08522_HIV11-02415_FL24_S18_L000_read_160_count_1    1.63%    passed     97.77%
 631  200724_20-08522_HIV11-02415_FL24_S18_L000_read_161_count_1    1.63%    passed     96.28%
 632  200724_20-08522_HIV11-02415_FL24_S18_L000_read_162_count_1    1.63%    passed     97.18%
 633  200724_20-08522_HIV11-02415_FL24_S18_L000_read_163_count_1    1.63%    passed     96.74%
 634  200724_20-08522_HIV11-02415_FL24_S18_L000_read_164_count_1    1.63%    passed     97.77%
 635  200724_20-08522_HIV11-02415_FL24_S18_L000_read_165_count_1    1.63%    passed     97.45%
 636  200724_20-08522_HIV11-02415_FL24_S18_L000_read_166_count_1    1.63%    passed     93.74%
 637  200724_20-08522_HIV11-02415_FL24_S18_L000_read_167_count_1    1.63%    passed     99.37%
 638  200724_20-08522_HIV11-02415_FL24_S18_L000_read_168_count_1    1.63%    passed     97.52%
 639  200724_20-08522_HIV11-02415_FL24_S18_L000_read_169_count_1    1.63%    passed     92.85%
 640  200724_20-08522_HIV11-02415_FL24_S18_L000_read_170_count_1    1.63%    passed     93.26%
 641  200724_20-08522_HIV11-02415_FL24_S18_L000_read_171_count_1    1.63%    passed     99.37%
 642  200724_20-08522_HIV11-02415_FL24_S18_L000_read_172_count_1    1.63%    passed     97.77%
 643  200724_20-08522_HIV11-02415_FL24_S18_L000_read_173_count_1    1.63%    passed     97.52%
 644  200724_20-08522_HIV11-02415_FL24_S18_L000_read_174_count_1    1.63%    passed     97.45%
 645  200724_20-08522_HIV11-02415_FL24_S18_L000_read_175_count_1    1.63%    passed     97.18%
 646  200724_20-08522_HIV11-02415_FL24_S18_L000_read_176_count_1    1.63%    passed     96.73%
 647  200724_20-08522_HIV11-02415_FL24_S18_L000_read_177_count_1    1.63%    passed     99.57%
 648  200724_20-08522_HIV11-02415_FL24_S18_L000_read_178_count_1    1.63%    passed     94.13%
 649  200724_20-08522_HIV11-02415_FL24_S18_L000_read_179_count_1    1.63%    passed     97.13%
 650  200724_20-08522_HIV11-02415_FL24_S18_L000_read_180_count_1    1.63%    passed     95.73%
 651  200724_20-08522_HIV11-02415_FL24_S18_L000_read_181_count_1    1.63%    passed     93.31%
 652  200724_20-08522_HIV11-02415_FL24_S18_L000_read_182_count_1    1.63%    passed     97.45%
 653  200724_20-08522_HIV11-02415_FL24_S18_L000_read_183_count_1    1.63%    passed     97.18%
 654  200724_20-08522_HIV11-02415_FL24_S18_L000_read_184_count_1    1.63%    passed     97.45%
 655  200724_20-08522_HIV11-02415_FL24_S18_L000_read_185_count_1    1.63%    passed     93.80%
 656  200724_20-08522_HIV11-02415_FL24_S18_L000_read_186_count_1    1.63%    passed     97.45%
 657  200724_20-08522_HIV11-02415_FL24_S18_L000_read_187_count_1    1.63%    passed     99.57%
 658  200724_20-08522_HIV11-02415_FL24_S18_L000_read_188_count_1    1.63%    passed     99.19%
 659  200724_20-08522_HIV11-02415_FL24_S18_L000_read_189_count_1    1.63%    passed     93.26%
 660  200724_20-08522_HIV11-02415_FL24_S18_L000_read_190_count_1    1.63%    passed     94.13%
 661  200724_20-08522_HIV11-02415_FL24_S18_L000_read_191_count_1    1.63%    passed     94.13%
 662  200724_20-08522_HIV11-02415_FL24_S18_L000_read_192_count_1    1.63%    passed     97.45%
 663  200724_20-08522_HIV11-02415_FL24_S18_L000_read_193_count_1    1.63%    passed     97.45%
 664  200724_20-08522_HIV11-02415_FL24_S18_L000_read_194_count_1    1.63%    passed     97.45%
 665  200724_20-08522_HIV11-02415_FL24_S18_L000_read_195_count_1    1.63%    passed     93.26%
 666  200724_20-08522_HIV11-02415_FL24_S18_L000_read_196_count_1    1.63%    passed     97.45%
 667  200724_20-08522_HIV11-02415_FL24_S18_L000_read_197_count_1    1.63%    passed     93.26%
 668  200724_20-08522_HIV11-02415_FL24_S18_L000_read_198_count_1    1.63%    passed     99.37%
 669  200724_20-08522_HIV11-02415_FL24_S18_L000_read_199_count_1    1.63%    passed     95.71%
 670  200724_20-08522_HIV11-02415_FL24_S18_L000_read_200_count_1    1.63%    passed     97.77%
 671  200724_20-08522_HIV11-02415_FL24_S18_L000_read_201_count_1    1.63%    passed     99.37%
 672  200724_20-08522_HIV11-02415_FL24_S18_L000_read_202_count_1    1.63%    passed     99.37%
 673  200724_20-08522_HIV11-02415_FL24_S18_L000_read_203_count_1    1.63%    passed     99.57%
 674  200724_20-08522_HIV11-02415_FL24_S18_L000_read_204_count_1    1.63%    passed     87.48%
 675  200724_20-08522_HIV11-02415_FL24_S18_L000_read_205_count_1    1.63%    passed     93.26%
 676  200724_20-08522_HIV11-02415_FL24_S18_L000_read_206_count_1    1.63%    passed     95.71%
 677  B.FR.83.HXB2_LAI_IIIB_BRU.K03455                              1.63%    passed     98.68%
 678  C.BW.00.00BW07621.AF443088                                    1.63%    passed     92.30%
****  TOTAL                                                         1.63%  0 sequences failed composition chi2 test (p-value<5%; df=3)
Checking for duplicate sequences: done in 0.00202649 secs using 93.41% CPU

Create initial parsimony tree by phylogenetic likelihood library (PLL)... 0.077 seconds

NOTE: 31 MB RAM (0 GB) is required!
Estimate model parameters (epsilon = 0.100)
1. Initial log-likelihood: -5934.227
2. Current log-likelihood: -5748.365
3. Current log-likelihood: -5747.208
4. Current log-likelihood: -5747.076
Optimal log-likelihood: -5747.004
Rate parameters:  A-C: 1.93567  A-G: 3.65732  A-T: 0.96712  C-G: 0.48833  C-T: 5.03126  G-T: 1.00000
Base frequencies:  A: 0.428  C: 0.135  G: 0.234  T: 0.203
Site proportion and rates:  (0.066,0.398) (0.146,0.485) (0.195,0.563) (0.202,0.786) (0.229,1.512) (0.162,1.775)
Parameters optimization took 4 rounds (4.605 sec)
Wrote distance file to... 
Computing ML distances based on estimated model parameters...
Calculating distance matrix: done in 1.37296 secs using 199.8% CPU
Computing ML distances took 1.374448 sec (of wall-clock time) 2.744238 sec (of CPU time)
Setting up auxiliary I and S matrices: done in 0.0290121 secs using 206.5% CPU
Constructing RapidNJ tree: done in 0.300227 secs using 127.8% CPU
Computing RapidNJ tree took 0.329423 sec (of wall-clock time) 0.443636 sec (of CPU time)
Log-likelihood of RapidNJ tree: -5722.691
--------------------------------------------------------------------
|             INITIALIZING CANDIDATE TREE SET                      |
--------------------------------------------------------------------
Generating 98 parsimony trees... 8.893 second
Computing log-likelihood of 98 initial trees ... 7.927 seconds
Current best score: -5722.691

Do NNI search on 20 best initial trees
Optimizing NNI: done in 0.768506 secs using 196.8% CPU
Estimate model parameters (epsilon = 0.100)
BETTER TREE FOUND at iteration 1: -5705.920
Optimizing NNI: done in 1.12515 secs using 198.4% CPU
Optimizing NNI: done in 1.20341 secs using 198.6% CPU
Optimizing NNI: done in 1.25389 secs using 196.8% CPU
Optimizing NNI: done in 0.945523 secs using 196.1% CPU
Optimizing NNI: done in 0.959504 secs using 196.8% CPU
Optimizing NNI: done in 0.919276 secs using 197.6% CPU
Optimizing NNI: done in 0.94295 secs using 198% CPU
Optimizing NNI: done in 1.38145 secs using 197.4% CPU
Optimizing NNI: done in 0.916539 secs using 196.9% CPU
Iteration 10 / LogL: -5748.422 / Time: 0h:0m:45s
Optimizing NNI: done in 0.929229 secs using 197.3% CPU
Optimizing NNI: done in 1.16495 secs using 198.2% CPU
Optimizing NNI: done in 1.18285 secs using 197.9% CPU
Optimizing NNI: done in 0.735239 secs using 196.5% CPU
Optimizing NNI: done in 0.717007 secs using 197.7% CPU
Optimizing NNI: done in 0.729287 secs using 196.8% CPU
Optimizing NNI: done in 0.757065 secs using 198.4% CPU
Optimizing NNI: done in 1.38333 secs using 197.7% CPU
Optimizing NNI: done in 1.33301 secs using 196.7% CPU
Optimizing NNI: done in 0.73098 secs using 196.5% CPU
Iteration 20 / LogL: -5756.733 / Time: 0h:0m:55s
Finish initializing candidate tree set (20)
Current best tree score: -5705.920 / CPU time: 48.044
Number of iterations: 20
--------------------------------------------------------------------
|               OPTIMIZING CANDIDATE TREE SET                      |
--------------------------------------------------------------------
Optimizing NNI: done in 1.42773 secs using 198.1% CPU
Optimizing NNI: done in 1.348 secs using 198.5% CPU
Optimizing NNI: done in 1.37096 secs using 195.1% CPU
Optimizing NNI: done in 1.36198 secs using 198.2% CPU
Optimizing NNI: done in 1.5603 secs using 197.4% CPU
Optimizing NNI: done in 1.37665 secs using 197.7% CPU
Optimizing NNI: done in 1.71564 secs using 198.4% CPU
Optimizing NNI: done in 1.19547 secs using 196.8% CPU
Optimizing NNI: done in 1.468 secs using 197.9% CPU
Optimizing NNI: done in 1.64286 secs using 196.6% CPU
Iteration 30 / LogL: -5716.628 / Time: 0h:1m:10s (0h:2m:52s left)
Optimizing NNI: done in 1.47146 secs using 197.6% CPU
Optimizing NNI: done in 1.871 secs using 196.7% CPU
Optimizing NNI: done in 1.95106 secs using 197% CPU
Optimizing NNI: done in 1.852 secs using 197.4% CPU
Optimizing NNI: done in 1.64076 secs using 197.3% CPU
Optimizing NNI: done in 1.3545 secs using 197.3% CPU
Optimizing NNI: done in 1.34969 secs using 197.6% CPU
Optimizing NNI: done in 1.17195 secs using 198% CPU
Optimizing NNI: done in 1.69704 secs using 197.6% CPU
Optimizing NNI: done in 1.28979 secs using 196.9% CPU
Iteration 40 / LogL: -5725.104 / Time: 0h:1m:26s (0h:2m:15s left)
Optimizing NNI: done in 1.73214 secs using 198% CPU
Optimizing NNI: done in 1.949 secs using 195.3% CPU
Optimizing NNI: done in 1.52196 secs using 197.2% CPU
Optimizing NNI: done in 1.76891 secs using 197.6% CPU
Optimizing NNI: done in 1.83236 secs using 197% CPU
Optimizing NNI: done in 1.95147 secs using 197.9% CPU
Optimizing NNI: done in 1.57819 secs using 196.4% CPU
Optimizing NNI: done in 1.49812 secs using 198% CPU
Optimizing NNI: done in 1.47627 secs using 198.4% CPU
Optimizing NNI: done in 1.95015 secs using 197.8% CPU
Iteration 50 / LogL: -5717.460 / Time: 0h:1m:44s (0h:1m:48s left)
Optimizing NNI: done in 1.88198 secs using 198% CPU
Optimizing NNI: done in 1.05695 secs using 196.9% CPU
Optimizing NNI: done in 1.90903 secs using 195.5% CPU
Optimizing NNI: done in 1.51308 secs using 196% CPU
Optimizing NNI: done in 1.86311 secs using 197.9% CPU
Optimizing NNI: done in 1.5674 secs using 198.5% CPU
Optimizing NNI: done in 1.8298 secs using 197.1% CPU
Optimizing NNI: done in 1.73296 secs using 197.4% CPU
Optimizing NNI: done in 1.61358 secs using 196.7% CPU
Optimizing NNI: done in 1.61559 secs using 196.8% CPU
Iteration 60 / LogL: -5716.856 / Time: 0h:2m:2s (0h:1m:24s left)
Optimizing NNI: done in 1.63657 secs using 197% CPU
Optimizing NNI: done in 1.66947 secs using 196.8% CPU
Optimizing NNI: done in 1.61438 secs using 198.2% CPU
Optimizing NNI: done in 1.42738 secs using 197.8% CPU
Optimizing NNI: done in 1.83161 secs using 194.7% CPU
Estimate model parameters (epsilon = 0.100)
BETTER TREE FOUND at iteration 65: -5705.210
Optimizing NNI: done in 1.60228 secs using 197.1% CPU
Optimizing NNI: done in 1.69987 secs using 198.6% CPU
Optimizing NNI: done in 1.55711 secs using 196% CPU
Optimizing NNI: done in 1.68036 secs using 198.3% CPU
Optimizing NNI: done in 1.68332 secs using 198% CPU
Iteration 70 / LogL: -5733.727 / Time: 0h:2m:21s (0h:3m:14s left)
Optimizing NNI: done in 1.59129 secs using 196.7% CPU
Optimizing NNI: done in 1.75423 secs using 197.8% CPU
Optimizing NNI: done in 1.57125 secs using 196.5% CPU
Optimizing NNI: done in 1.55542 secs using 197% CPU
Optimizing NNI: done in 1.81637 secs using 198.2% CPU
Optimizing NNI: done in 1.65942 secs using 197.6% CPU
Optimizing NNI: done in 1.53572 secs using 197.5% CPU
Optimizing NNI: done in 1.53934 secs using 198.1% CPU
Optimizing NNI: done in 1.16696 secs using 196.8% CPU
Optimizing NNI: done in 1.24071 secs using 199.1% CPU
Iteration 80 / LogL: -5730.299 / Time: 0h:2m:37s (0h:2m:49s left)
Optimizing NNI: done in 2.19944 secs using 197.6% CPU
Optimizing NNI: done in 1.43469 secs using 198.2% CPU
Optimizing NNI: done in 1.65835 secs using 196% CPU
Optimizing NNI: done in 1.3076 secs using 198.8% CPU
Optimizing NNI: done in 1.6273 secs using 196.2% CPU
Optimizing NNI: done in 1.28052 secs using 198.5% CPU
Optimizing NNI: done in 1.77461 secs using 197.8% CPU
Optimizing NNI: done in 1.37341 secs using 197% CPU
Optimizing NNI: done in 1.41824 secs using 197.3% CPU
Optimizing NNI: done in 1.39102 secs using 198.1% CPU
Iteration 90 / LogL: -5714.030 / Time: 0h:2m:53s (0h:2m:26s left)
Optimizing NNI: done in 1.3197 secs using 197.6% CPU
Optimizing NNI: done in 2.02005 secs using 197.6% CPU
Optimizing NNI: done in 1.63126 secs using 197.9% CPU
Optimizing NNI: done in 1.40179 secs using 197.6% CPU
Optimizing NNI: done in 1.44639 secs using 197.3% CPU
Optimizing NNI: done in 1.29378 secs using 197.1% CPU
Optimizing NNI: done in 1.89084 secs using 196.9% CPU
Optimizing NNI: done in 1.30416 secs using 196.2% CPU
Optimizing NNI: done in 1.42435 secs using 198.2% CPU
Optimizing NNI: done in 1.23968 secs using 197.8% CPU
Iteration 100 / LogL: -5717.333 / Time: 0h:3m:9s (0h:2m:4s left)
Optimizing NNI: done in 1.44204 secs using 199.1% CPU
Optimizing NNI: done in 1.16912 secs using 197.6% CPU
Optimizing NNI: done in 1.36388 secs using 197.5% CPU
Optimizing NNI: done in 1.69933 secs using 197.2% CPU
Optimizing NNI: done in 1.48649 secs using 196.9% CPU
Optimizing NNI: done in 1.27956 secs using 197.2% CPU
Optimizing NNI: done in 1.62731 secs using 196.8% CPU
Optimizing NNI: done in 1.36456 secs using 197.7% CPU
Optimizing NNI: done in 1.4837 secs using 198.3% CPU
Optimizing NNI: done in 1.41682 secs using 198% CPU
Iteration 110 / LogL: -5712.836 / Time: 0h:3m:24s (0h:1m:43s left)
Optimizing NNI: done in 1.49972 secs using 196.4% CPU
Optimizing NNI: done in 1.39646 secs using 197.4% CPU
Optimizing NNI: done in 1.5742 secs using 197.8% CPU
Optimizing NNI: done in 1.43109 secs using 196.7% CPU
Optimizing NNI: done in 1.59045 secs using 198.4% CPU
Optimizing NNI: done in 1.86633 secs using 197.8% CPU
Optimizing NNI: done in 1.47592 secs using 197.3% CPU
Optimizing NNI: done in 1.53129 secs using 196.5% CPU
Optimizing NNI: done in 1.34089 secs using 197.6% CPU
Optimizing NNI: done in 1.4678 secs using 198.3% CPU
Iteration 120 / LogL: -5709.738 / Time: 0h:3m:40s (0h:1m:23s left)
Optimizing NNI: done in 1.37386 secs using 198.3% CPU
Optimizing NNI: done in 1.41331 secs using 198.6% CPU
Optimizing NNI: done in 1.69105 secs using 197.3% CPU
Optimizing NNI: done in 1.46508 secs using 196.3% CPU
Optimizing NNI: done in 1.55019 secs using 197.4% CPU
Optimizing NNI: done in 1.69162 secs using 197.5% CPU
Optimizing NNI: done in 1.66884 secs using 199% CPU
Optimizing NNI: done in 1.81843 secs using 196.7% CPU
Optimizing NNI: done in 1.43597 secs using 198.5% CPU
Optimizing NNI: done in 1.46951 secs using 197.3% CPU
Iteration 130 / LogL: -5711.411 / Time: 0h:3m:56s (0h:1m:4s left)
Optimizing NNI: done in 1.57402 secs using 199.1% CPU
Optimizing NNI: done in 1.42542 secs using 197.2% CPU
Optimizing NNI: done in 1.33295 secs using 198.5% CPU
Optimizing NNI: done in 1.40973 secs using 197.4% CPU
Optimizing NNI: done in 1.41629 secs using 198.3% CPU
Optimizing NNI: done in 1.46433 secs using 196.1% CPU
Optimizing NNI: done in 1.18596 secs using 197.6% CPU
Optimizing NNI: done in 1.47236 secs using 197.3% CPU
Optimizing NNI: done in 1.25592 secs using 196.6% CPU
Optimizing NNI: done in 1.68289 secs using 197.1% CPU
Iteration 140 / LogL: -5711.317 / Time: 0h:4m:11s (0h:0m:45s left)
Optimizing NNI: done in 1.51433 secs using 197% CPU
Optimizing NNI: done in 1.27991 secs using 196.9% CPU
Optimizing NNI: done in 1.80469 secs using 197.7% CPU
Optimizing NNI: done in 1.03404 secs using 197.9% CPU
Optimizing NNI: done in 1.35168 secs using 197.4% CPU
Optimizing NNI: done in 1.52512 secs using 198.3% CPU
Optimizing NNI: done in 1.47702 secs using 196.7% CPU
Optimizing NNI: done in 1.34201 secs using 195.7% CPU
Optimizing NNI: done in 1.11929 secs using 195.8% CPU
Optimizing NNI: done in 1.44743 secs using 198.1% CPU
Iteration 150 / LogL: -5722.264 / Time: 0h:4m:26s (0h:0m:26s left)
Optimizing NNI: done in 1.8852 secs using 197.2% CPU
Optimizing NNI: done in 1.16608 secs using 197.8% CPU
Optimizing NNI: done in 1.7711 secs using 196.5% CPU
Optimizing NNI: done in 1.5186 secs using 197.8% CPU
Optimizing NNI: done in 1.02897 secs using 196% CPU
Optimizing NNI: done in 1.51887 secs using 196.6% CPU
Optimizing NNI: done in 1.4713 secs using 197.2% CPU
Optimizing NNI: done in 1.27495 secs using 198.2% CPU
Optimizing NNI: done in 1.36106 secs using 198.2% CPU
Optimizing NNI: done in 1.85949 secs using 197.6% CPU
Iteration 160 / LogL: -5724.591 / Time: 0h:4m:41s (0h:0m:8s left)
Optimizing NNI: done in 1.46887 secs using 197.7% CPU
Optimizing NNI: done in 1.40198 secs using 197.9% CPU
Optimizing NNI: done in 1.28591 secs using 196.4% CPU
Optimizing NNI: done in 1.59727 secs using 197.4% CPU
Optimizing NNI: done in 1.55 secs using 198.1% CPU
Optimizing NNI: done in 1.32691 secs using 196.9% CPU
TREE SEARCH COMPLETED AFTER 166 ITERATIONS / Time: 0h:4m:50s

--------------------------------------------------------------------
|                    FINALIZING TREE SEARCH                        |
--------------------------------------------------------------------
Performs final model parameters optimization
Estimate model parameters (epsilon = 0.010)
1. Initial log-likelihood: -5705.210
Optimal log-likelihood: -5705.204
Rate parameters:  A-C: 1.79102  A-G: 3.24822  A-T: 0.65522  C-G: 0.38073  C-T: 4.71668  G-T: 1.00000
Base frequencies:  A: 0.428  C: 0.135  G: 0.234  T: 0.203
Site proportion and rates:  (0.074,0.428) (0.164,0.507) (0.217,0.572) (0.212,0.819) (0.323,1.676) (0.010,4.607)
Parameters optimization took 1 rounds (0.885 sec)
BEST SCORE FOUND : -5705.204
Total tree length: 3.291

Total number of iterations: 166
CPU time used for tree search: 543.176 sec (0h:9m:3s)
Wall-clock time used for tree search: 283.483 sec (0h:4m:43s)
Total CPU time used: 558.567 sec (0h:9m:18s)
Total wall-clock time used: 291.487 sec (0h:4m:51s)

Analysis results written to: 
  IQ-TREE report:                IQTREE_bestTree.InWindow_4830_to_5080.iqtree
  Maximum-likelihood tree:       IQTREE_bestTree.InWindow_4830_to_5080.treefile
  Likelihood distances:          IQTREE_bestTree.InWindow_4830_to_5080.mldist
  Screen log file:               IQTREE_bestTree.InWindow_4830_to_5080.log

Date and Time: Tue Jul 25 12:20:21 2023
