IQ-TREE multicore version 2.2.2.7 COVID-edition for Linux 64-bit built Jun  7 2023
Developed by Bui Quang Minh, James Barbetti, Nguyen Lam Tung,
Olga Chernomor, Heiko Schmidt, Dominik Schrempf, Michael Woodhams, Ly Trong Nhan.

Host:    hpc-node03 (AVX2, FMA3, 1007 GB RAM)
Command: iqtree -s AlignedReadsInWindow_PositionsExcised_4930_to_5180.fasta -pre IQTREE_bestTree.InWindow_4930_to_5180 -m GTR+F+R6 -nt 2
Seed:    739095 (Using SPRNG - Scalable Parallel Random Number Generator)
Time:    Tue Jul 25 12:19:14 2023
Kernel:  AVX+FMA - 2 threads (2 CPU cores detected)

Reading alignment file AlignedReadsInWindow_PositionsExcised_4930_to_5180.fasta ... Fasta format detected
Reading fasta file: done in 0.00560362 secs using 94.87% CPU
Alignment most likely contains DNA/RNA sequences
Constructing alignment: done in 0.00253655 secs using 189.8% CPU
Alignment has 912 sequences with 244 columns, 234 distinct patterns
184 parsimony-informative, 44 singleton sites, 16 constant sites
                                                            Gap/Ambiguity  Composition  p-value
Analyzing sequences: done in 0.000439547 secs using 979.6% CPU
   1  200724_20-08518_HIV10-02405_FL24_S14_L000_read_1_count_193    0.82%    passed     99.86%
   2  200724_20-08518_HIV10-02405_FL24_S14_L000_read_2_count_55     0.82%    passed     99.09%
   3  200724_20-08518_HIV10-02405_FL24_S14_L000_read_3_count_25     0.82%    passed     99.09%
   4  200724_20-08518_HIV10-02405_FL24_S14_L000_read_4_count_22     0.82%    passed     99.86%
   5  200724_20-08518_HIV10-02405_FL24_S14_L000_read_5_count_14     0.82%    passed     98.10%
   6  200724_20-08518_HIV10-02405_FL24_S14_L000_read_6_count_12     0.82%    passed     99.31%
   7  200724_20-08518_HIV10-02405_FL24_S14_L000_read_7_count_9      0.82%    passed     99.86%
   8  200724_20-08518_HIV10-02405_FL24_S14_L000_read_8_count_7      0.82%    passed     99.99%
   9  200724_20-08518_HIV10-02405_FL24_S14_L000_read_9_count_6      0.82%    passed     99.54%
  10  200724_20-08518_HIV10-02405_FL24_S14_L000_read_10_count_5     0.82%    passed     99.45%
  11  200724_20-08518_HIV10-02405_FL24_S14_L000_read_11_count_5     0.82%    passed     96.49%
  12  200724_20-08518_HIV10-02405_FL24_S14_L000_read_12_count_4     0.82%    passed     99.86%
  13  200724_20-08518_HIV10-02405_FL24_S14_L000_read_13_count_4     0.82%    passed     99.09%
  14  200724_20-08518_HIV10-02405_FL24_S14_L000_read_14_count_4     0.82%    passed     99.99%
  15  200724_20-08518_HIV10-02405_FL24_S14_L000_read_15_count_4     0.82%    passed     99.65%
  16  200724_20-08518_HIV10-02405_FL24_S14_L000_read_16_count_4     0.82%    passed     97.15%
  17  200724_20-08518_HIV10-02405_FL24_S14_L000_read_17_count_3     0.82%    passed     97.15%
  18  200724_20-08518_HIV10-02405_FL24_S14_L000_read_18_count_3     0.82%    passed     99.99%
  19  200724_20-08518_HIV10-02405_FL24_S14_L000_read_19_count_3     0.82%    passed     99.99%
  20  200724_20-08518_HIV10-02405_FL24_S14_L000_read_20_count_3     0.82%    passed     97.15%
  21  200724_20-08518_HIV10-02405_FL24_S14_L000_read_21_count_3     0.82%    passed     99.16%
  22  200724_20-08518_HIV10-02405_FL24_S14_L000_read_22_count_3     0.82%    passed     98.59%
  23  200724_20-08518_HIV10-02405_FL24_S14_L000_read_23_count_2     0.82%    passed     98.45%
  24  200724_20-08518_HIV10-02405_FL24_S14_L000_read_24_count_2     0.82%    passed     97.28%
  25  200724_20-08518_HIV10-02405_FL24_S14_L000_read_25_count_2     0.82%    passed     97.97%
  26  200724_20-08518_HIV10-02405_FL24_S14_L000_read_26_count_2     0.82%    passed     99.09%
  27  200724_20-08518_HIV10-02405_FL24_S14_L000_read_27_count_2     0.82%    passed     97.97%
  28  200724_20-08518_HIV10-02405_FL24_S14_L000_read_28_count_2     0.82%    passed     99.61%
  29  200724_20-08518_HIV10-02405_FL24_S14_L000_read_29_count_2     0.82%    passed     99.86%
  30  200724_20-08518_HIV10-02405_FL24_S14_L000_read_30_count_2     0.82%    passed     99.09%
  31  200724_20-08518_HIV10-02405_FL24_S14_L000_read_31_count_2     0.82%    passed     99.09%
  32  200724_20-08518_HIV10-02405_FL24_S14_L000_read_32_count_2     0.82%    passed     98.10%
  33  200724_20-08518_HIV10-02405_FL24_S14_L000_read_33_count_2     0.82%    passed     97.15%
  34  200724_20-08518_HIV10-02405_FL24_S14_L000_read_34_count_2     0.82%    passed     99.99%
  35  200724_20-08518_HIV10-02405_FL24_S14_L000_read_35_count_2     0.82%    passed     99.86%
  36  200724_20-08518_HIV10-02405_FL24_S14_L000_read_36_count_2     0.82%    passed     99.45%
  37  200724_20-08518_HIV10-02405_FL24_S14_L000_read_37_count_2     0.82%    passed     99.99%
  38  200724_20-08518_HIV10-02405_FL24_S14_L000_read_38_count_2     0.82%    passed     97.15%
  39  200724_20-08518_HIV10-02405_FL24_S14_L000_read_39_count_2     0.82%    passed     99.86%
  40  200724_20-08518_HIV10-02405_FL24_S14_L000_read_40_count_2     0.82%    passed     99.64%
  41  200724_20-08518_HIV10-02405_FL24_S14_L000_read_41_count_2     0.82%    passed     99.86%
  42  200724_20-08518_HIV10-02405_FL24_S14_L000_read_42_count_2     0.82%    passed     99.99%
  43  200724_20-08518_HIV10-02405_FL24_S14_L000_read_43_count_2     0.82%    passed     99.31%
  44  200724_20-08518_HIV10-02405_FL24_S14_L000_read_44_count_1     1.23%    passed     99.70%
  45  200724_20-08518_HIV10-02405_FL24_S14_L000_read_45_count_1     0.82%    passed     99.99%
  46  200724_20-08518_HIV10-02405_FL24_S14_L000_read_46_count_1     0.82%    passed     97.15%
  47  200724_20-08518_HIV10-02405_FL24_S14_L000_read_47_count_1     0.82%    passed     99.31%
  48  200724_20-08518_HIV10-02405_FL24_S14_L000_read_48_count_1     0.82%    passed     99.64%
  49  200724_20-08518_HIV10-02405_FL24_S14_L000_read_49_count_1     0.82%    passed     98.59%
  50  200724_20-08518_HIV10-02405_FL24_S14_L000_read_50_count_1     0.82%    passed     98.21%
  51  200724_20-08518_HIV10-02405_FL24_S14_L000_read_51_count_1     0.82%    passed     99.16%
  52  200724_20-08518_HIV10-02405_FL24_S14_L000_read_52_count_1     0.82%    passed     98.93%
  53  200724_20-08518_HIV10-02405_FL24_S14_L000_read_53_count_1     0.82%    passed     99.86%
  54  200724_20-08518_HIV10-02405_FL24_S14_L000_read_54_count_1     0.82%    passed     99.97%
  55  200724_20-08518_HIV10-02405_FL24_S14_L000_read_55_count_1     0.82%    passed     99.31%
  56  200724_20-08518_HIV10-02405_FL24_S14_L000_read_56_count_1     0.82%    passed     97.15%
  57  200724_20-08518_HIV10-02405_FL24_S14_L000_read_57_count_1     0.82%    passed     96.49%
  58  200724_20-08518_HIV10-02405_FL24_S14_L000_read_58_count_1     0.82%    passed     98.45%
  59  200724_20-08518_HIV10-02405_FL24_S14_L000_read_59_count_1     1.23%    passed     98.54%
  60  200724_20-08518_HIV10-02405_FL24_S14_L000_read_60_count_1     0.82%    passed     98.59%
  61  200724_20-08518_HIV10-02405_FL24_S14_L000_read_61_count_1     0.82%    passed     99.59%
  62  200724_20-08518_HIV10-02405_FL24_S14_L000_read_62_count_1     0.82%    passed     99.09%
  63  200724_20-08518_HIV10-02405_FL24_S14_L000_read_63_count_1     0.82%    passed     99.61%
  64  200724_20-08518_HIV10-02405_FL24_S14_L000_read_64_count_1     1.23%    passed     99.80%
  65  200724_20-08518_HIV10-02405_FL24_S14_L000_read_65_count_1     0.82%    passed     97.15%
  66  200724_20-08518_HIV10-02405_FL24_S14_L000_read_66_count_1     0.82%    passed     98.93%
  67  200724_20-08518_HIV10-02405_FL24_S14_L000_read_67_count_1     0.82%    passed     95.32%
  68  200724_20-08518_HIV10-02405_FL24_S14_L000_read_68_count_1     0.82%    passed     99.63%
  69  200724_20-08518_HIV10-02405_FL24_S14_L000_read_69_count_1     0.82%    passed     99.86%
  70  200724_20-08518_HIV10-02405_FL24_S14_L000_read_70_count_1     0.82%    passed     99.97%
  71  200724_20-08518_HIV10-02405_FL24_S14_L000_read_71_count_1     0.82%    passed     98.93%
  72  200724_20-08518_HIV10-02405_FL24_S14_L000_read_72_count_1     0.82%    passed     99.86%
  73  200724_20-08518_HIV10-02405_FL24_S14_L000_read_73_count_1     0.82%    passed     98.59%
  74  200724_20-08518_HIV10-02405_FL24_S14_L000_read_74_count_1     0.82%    passed     97.97%
  75  200724_20-08518_HIV10-02405_FL24_S14_L000_read_75_count_1     0.82%    passed     93.68%
  76  200724_20-08518_HIV10-02405_FL24_S14_L000_read_76_count_1     0.82%    passed     98.45%
  77  200724_20-08518_HIV10-02405_FL24_S14_L000_read_77_count_1     0.82%    passed     99.16%
  78  200724_20-08518_HIV10-02405_FL24_S14_L000_read_78_count_1     0.82%    passed     97.97%
  79  200724_20-08518_HIV10-02405_FL24_S14_L000_read_79_count_1     0.82%    passed     93.68%
  80  200724_20-08518_HIV10-02405_FL24_S14_L000_read_80_count_1     0.82%    passed     99.09%
  81  200724_20-08518_HIV10-02405_FL24_S14_L000_read_81_count_1     0.82%    passed     98.10%
  82  200724_20-08518_HIV10-02405_FL24_S14_L000_read_82_count_1     0.82%    passed     99.86%
  83  200724_20-08518_HIV10-02405_FL24_S14_L000_read_83_count_1     0.82%    passed     99.09%
  84  200724_20-08518_HIV10-02405_FL24_S14_L000_read_84_count_1     0.82%    passed     95.93%
  85  200724_20-08518_HIV10-02405_FL24_S14_L000_read_85_count_1     0.82%    passed     97.15%
  86  200724_20-08518_HIV10-02405_FL24_S14_L000_read_86_count_1     0.82%    passed     97.15%
  87  200724_20-08518_HIV10-02405_FL24_S14_L000_read_87_count_1     0.82%    passed     95.50%
  88  200724_20-08518_HIV10-02405_FL24_S14_L000_read_88_count_1     0.82%    passed     99.09%
  89  200724_20-08518_HIV10-02405_FL24_S14_L000_read_89_count_1     0.82%    passed     99.97%
  90  200724_20-08518_HIV10-02405_FL24_S14_L000_read_90_count_1     0.82%    passed     99.09%
  91  200724_20-08518_HIV10-02405_FL24_S14_L000_read_91_count_1     0.82%    passed     98.10%
  92  200724_20-08518_HIV10-02405_FL24_S14_L000_read_92_count_1     0.82%    passed     99.99%
  93  200724_20-08518_HIV10-02405_FL24_S14_L000_read_93_count_1     0.82%    passed     99.65%
  94  200724_20-08518_HIV10-02405_FL24_S14_L000_read_94_count_1     0.82%    passed     92.16%
  95  200724_20-08518_HIV10-02405_FL24_S14_L000_read_95_count_1     0.82%    passed     99.31%
  96  200724_20-08518_HIV10-02405_FL24_S14_L000_read_96_count_1     0.82%    passed     96.84%
  97  200724_20-08518_HIV10-02405_FL24_S14_L000_read_97_count_1     0.82%    passed     99.31%
  98  200724_20-08518_HIV10-02405_FL24_S14_L000_read_98_count_1     0.82%    passed     99.09%
  99  200724_20-08518_HIV10-02405_FL24_S14_L000_read_99_count_1     0.82%    passed     99.65%
 100  200724_20-08518_HIV10-02405_FL24_S14_L000_read_100_count_1    0.82%    passed     97.29%
 101  200724_20-08518_HIV10-02405_FL24_S14_L000_read_101_count_1    0.82%    passed     99.31%
 102  200724_20-08518_HIV10-02405_FL24_S14_L000_read_102_count_1    0.82%    passed     98.45%
 103  200724_20-08518_HIV10-02405_FL24_S14_L000_read_103_count_1    0.82%    passed     99.99%
 104  200724_20-08518_HIV10-02405_FL24_S14_L000_read_104_count_1    0.82%    passed     97.15%
 105  200724_20-08518_HIV10-02405_FL24_S14_L000_read_105_count_1    0.82%    passed     97.29%
 106  200724_20-08518_HIV10-02405_FL24_S14_L000_read_106_count_1    0.82%    passed     99.31%
 107  200724_20-08518_HIV10-02405_FL24_S14_L000_read_107_count_1    0.82%    passed     97.93%
 108  200724_20-08518_HIV10-02405_FL24_S14_L000_read_108_count_1    0.82%    passed     99.86%
 109  200724_20-08518_HIV10-02405_FL24_S14_L000_read_109_count_1    0.82%    passed     95.93%
 110  200724_20-08518_HIV10-02405_FL24_S14_L000_read_110_count_1    0.82%    passed     99.10%
 111  200724_20-08518_HIV10-02405_FL24_S14_L000_read_111_count_1    0.82%    passed     99.09%
 112  200724_20-08518_HIV10-02405_FL24_S14_L000_read_112_count_1    0.82%    passed     99.51%
 113  200724_20-08518_HIV10-02405_FL24_S14_L000_read_113_count_1    0.82%    passed     99.16%
 114  200724_20-08518_HIV10-02405_FL24_S14_L000_read_114_count_1    0.82%    passed     96.35%
 115  200724_20-08518_HIV10-02405_FL24_S14_L000_read_115_count_1    0.82%    passed     99.16%
 116  200724_20-08518_HIV10-02405_FL24_S14_L000_read_116_count_1    0.82%    passed     99.61%
 117  200724_20-08518_HIV10-02405_FL24_S14_L000_read_117_count_1    0.82%    passed     98.96%
 118  200724_20-08518_HIV10-02405_FL24_S14_L000_read_118_count_1    0.82%    passed     98.96%
 119  200724_20-08518_HIV10-02405_FL24_S14_L000_read_119_count_1    0.82%    passed     99.61%
 120  200724_20-08518_HIV10-02405_FL24_S14_L000_read_120_count_1    0.82%    passed     97.15%
 121  200724_20-08518_HIV10-02405_FL24_S14_L000_read_121_count_1    0.82%    passed     99.61%
 122  200724_20-08518_HIV10-02405_FL24_S14_L000_read_122_count_1    0.82%    passed     99.97%
 123  200724_20-08518_HIV10-02405_FL24_S14_L000_read_123_count_1    0.82%    passed     99.61%
 124  200724_20-08518_HIV10-02405_FL24_S14_L000_read_124_count_1    0.82%    passed     98.45%
 125  200724_20-08518_HIV10-02405_FL24_S14_L000_read_125_count_1    0.82%    passed     93.68%
 126  200724_20-08518_HIV10-02405_FL24_S14_L000_read_126_count_1    0.82%    passed     99.77%
 127  200724_20-08518_HIV10-02405_FL24_S14_L000_read_127_count_1    0.82%    passed     99.61%
 128  200724_20-08518_HIV10-02405_FL24_S14_L000_read_128_count_1    0.82%    passed     99.86%
 129  200724_20-08518_HIV10-02405_FL24_S14_L000_read_129_count_1    0.82%    passed     98.45%
 130  200724_20-08518_HIV10-02405_FL24_S14_L000_read_130_count_1    0.82%    passed     99.99%
 131  200724_20-08518_HIV10-02405_FL24_S14_L000_read_131_count_1    0.82%    passed     99.16%
 132  200724_20-08518_HIV10-02405_FL24_S14_L000_read_132_count_1    0.82%    passed     99.31%
 133  200724_20-08518_HIV10-02405_FL24_S14_L000_read_133_count_1    0.82%    passed     97.97%
 134  200724_20-08518_HIV10-02405_FL24_S14_L000_read_134_count_1    0.82%    passed     97.15%
 135  200724_20-08518_HIV10-02405_FL24_S14_L000_read_135_count_1    0.82%    passed     99.31%
 136  200724_20-08518_HIV10-02405_FL24_S14_L000_read_136_count_1    0.82%    passed     99.09%
 137  200724_20-08518_HIV10-02405_FL24_S14_L000_read_137_count_1    0.82%    passed     99.51%
 138  200724_20-08518_HIV10-02405_FL24_S14_L000_read_138_count_1    0.82%    passed     99.16%
 139  200724_20-08518_HIV10-02405_FL24_S14_L000_read_139_count_1    0.82%    passed     98.71%
 140  200724_20-08518_HIV10-02405_FL24_S14_L000_read_140_count_1    0.82%    passed     97.28%
 141  200724_20-08518_HIV10-02405_FL24_S14_L000_read_141_count_1    0.82%    passed     99.77%
 142  200724_20-08518_HIV10-02405_FL24_S14_L000_read_142_count_1    0.82%    passed     99.61%
 143  200724_20-08518_HIV10-02405_FL24_S14_L000_read_143_count_1    0.82%    passed     99.09%
 144  200724_20-08518_HIV10-02405_FL24_S14_L000_read_144_count_1    0.82%    passed     97.97%
 145  200724_20-08518_HIV10-02405_FL24_S14_L000_read_145_count_1    0.82%    passed     98.93%
 146  200724_20-08518_HIV10-02405_FL24_S14_L000_read_146_count_1    0.82%    passed     99.16%
 147  200724_20-08518_HIV10-02405_FL24_S14_L000_read_147_count_1    0.82%    passed     95.87%
 148  200724_20-08518_HIV10-02405_FL24_S14_L000_read_148_count_1    0.82%    passed     99.16%
 149  200724_20-08518_HIV10-02405_FL24_S14_L000_read_149_count_1    0.82%    passed     98.93%
 150  200724_20-08518_HIV10-02405_FL24_S14_L000_read_150_count_1    0.82%    passed     98.93%
 151  200724_20-08518_HIV10-02405_FL24_S14_L000_read_151_count_1    0.82%    passed     98.93%
 152  200724_20-08518_HIV10-02405_FL24_S14_L000_read_152_count_1    0.82%    passed     99.31%
 153  200724_20-08518_HIV10-02405_FL24_S14_L000_read_153_count_1    0.82%    passed     99.64%
 154  200724_20-08518_HIV10-02405_FL24_S14_L000_read_154_count_1    0.82%    passed     95.25%
 155  200724_20-08518_HIV10-02405_FL24_S14_L000_read_155_count_1    0.82%    passed     99.99%
 156  200724_20-08518_HIV10-02405_FL24_S14_L000_read_156_count_1    0.82%    passed     99.64%
 157  200724_20-08518_HIV10-02405_FL24_S14_L000_read_157_count_1    0.82%    passed     99.97%
 158  200724_20-08518_HIV10-02405_FL24_S14_L000_read_158_count_1    0.82%    passed     96.17%
 159  200724_20-08518_HIV10-02405_FL24_S14_L000_read_159_count_1    0.82%    passed     97.97%
 160  200724_20-08518_HIV10-02405_FL24_S14_L000_read_160_count_1    0.82%    passed     95.32%
 161  200709_20-07994_HIV07-01067_FL21_S1_L000_read_1_count_524     0.82%    passed     72.82%
 162  200709_20-07994_HIV07-01067_FL21_S1_L000_read_2_count_97      0.82%    passed     72.82%
 163  200709_20-07994_HIV07-01067_FL21_S1_L000_read_3_count_59      0.82%    passed     60.52%
 164  200709_20-07994_HIV07-01067_FL21_S1_L000_read_4_count_54      0.82%    passed     79.21%
 165  200709_20-07994_HIV07-01067_FL21_S1_L000_read_5_count_37      0.82%    passed     83.23%
 166  200709_20-07994_HIV07-01067_FL21_S1_L000_read_6_count_4       0.82%    passed     69.06%
 167  200709_20-07994_HIV07-01067_FL21_S1_L000_read_7_count_4       0.82%    passed     69.06%
 168  200709_20-07994_HIV07-01067_FL21_S1_L000_read_8_count_3       0.82%    passed     69.06%
 169  200709_20-07994_HIV07-01067_FL21_S1_L000_read_9_count_3       0.82%    passed     57.14%
 170  200709_20-07994_HIV07-01067_FL21_S1_L000_read_10_count_3      0.82%    passed     69.06%
 171  200709_20-07994_HIV07-01067_FL21_S1_L000_read_11_count_3      0.82%    passed     75.41%
 172  200709_20-07994_HIV07-01067_FL21_S1_L000_read_12_count_3      0.82%    passed     60.52%
 173  200709_20-07994_HIV07-01067_FL21_S1_L000_read_13_count_2      0.82%    passed     83.23%
 174  200709_20-07994_HIV07-01067_FL21_S1_L000_read_14_count_2      0.82%    passed     76.32%
 175  200709_20-07994_HIV07-01067_FL21_S1_L000_read_15_count_2      0.82%    passed     75.41%
 176  200709_20-07994_HIV07-01067_FL21_S1_L000_read_16_count_2      0.82%    passed     69.06%
 177  200709_20-07994_HIV07-01067_FL21_S1_L000_read_17_count_2      0.82%    passed     69.06%
 178  200709_20-07994_HIV07-01067_FL21_S1_L000_read_18_count_2      0.82%    passed     60.52%
 179  200709_20-07994_HIV07-01067_FL21_S1_L000_read_19_count_2      0.82%    passed     69.06%
 180  200709_20-07994_HIV07-01067_FL21_S1_L000_read_20_count_2      0.82%    passed     69.06%
 181  200709_20-07994_HIV07-01067_FL21_S1_L000_read_21_count_2      0.82%    passed     69.06%
 182  200709_20-07994_HIV07-01067_FL21_S1_L000_read_22_count_2      0.82%    passed     69.06%
 183  200709_20-07994_HIV07-01067_FL21_S1_L000_read_23_count_2      0.82%    passed     69.06%
 184  200709_20-07994_HIV07-01067_FL21_S1_L000_read_24_count_2      0.82%    passed     75.41%
 185  200709_20-07994_HIV07-01067_FL21_S1_L000_read_25_count_2      0.82%    passed     69.06%
 186  200709_20-07994_HIV07-01067_FL21_S1_L000_read_26_count_2      0.82%    passed     69.06%
 187  200709_20-07994_HIV07-01067_FL21_S1_L000_read_27_count_2      0.82%    passed     68.00%
 188  200709_20-07994_HIV07-01067_FL21_S1_L000_read_28_count_2      0.82%    passed     75.41%
 189  200709_20-07994_HIV07-01067_FL21_S1_L000_read_29_count_2      0.82%    passed     69.06%
 190  200709_20-07994_HIV07-01067_FL21_S1_L000_read_30_count_1      0.82%    passed     69.06%
 191  200709_20-07994_HIV07-01067_FL21_S1_L000_read_31_count_1      0.82%    passed     76.32%
 192  200709_20-07994_HIV07-01067_FL21_S1_L000_read_32_count_1      0.82%    passed     57.14%
 193  200709_20-07994_HIV07-01067_FL21_S1_L000_read_33_count_1      0.82%    passed     83.23%
 194  200709_20-07994_HIV07-01067_FL21_S1_L000_read_34_count_1      0.82%    passed     69.06%
 195  200709_20-07994_HIV07-01067_FL21_S1_L000_read_35_count_1      0.82%    passed     79.21%
 196  200709_20-07994_HIV07-01067_FL21_S1_L000_read_36_count_1      0.82%    passed     68.00%
 197  200709_20-07994_HIV07-01067_FL21_S1_L000_read_37_count_1      0.82%    passed     69.06%
 198  200709_20-07994_HIV07-01067_FL21_S1_L000_read_38_count_1      0.82%    passed     69.06%
 199  200709_20-07994_HIV07-01067_FL21_S1_L000_read_39_count_1      0.82%    passed     61.52%
 200  200709_20-07994_HIV07-01067_FL21_S1_L000_read_40_count_1      0.82%    passed     79.36%
 201  200709_20-07994_HIV07-01067_FL21_S1_L000_read_41_count_1      0.82%    passed     57.14%
 202  200709_20-07994_HIV07-01067_FL21_S1_L000_read_42_count_1      0.82%    passed     76.32%
 203  200709_20-07994_HIV07-01067_FL21_S1_L000_read_43_count_1      0.82%    passed     69.06%
 204  200709_20-07994_HIV07-01067_FL21_S1_L000_read_44_count_1      0.82%    passed     87.91%
 205  200709_20-07994_HIV07-01067_FL21_S1_L000_read_45_count_1      0.82%    passed     74.86%
 206  200709_20-07994_HIV07-01067_FL21_S1_L000_read_46_count_1      0.82%    passed     82.32%
 207  200709_20-07994_HIV07-01067_FL21_S1_L000_read_47_count_1      0.82%    passed     68.00%
 208  200709_20-07994_HIV07-01067_FL21_S1_L000_read_48_count_1      0.82%    passed     74.86%
 209  200709_20-07994_HIV07-01067_FL21_S1_L000_read_49_count_1      0.82%    passed     69.06%
 210  200709_20-07994_HIV07-01067_FL21_S1_L000_read_50_count_1      0.82%    passed     57.14%
 211  200709_20-07994_HIV07-01067_FL21_S1_L000_read_51_count_1      0.82%    passed     69.06%
 212  200709_20-07994_HIV07-01067_FL21_S1_L000_read_52_count_1      0.82%    passed     79.21%
 213  200709_20-07994_HIV07-01067_FL21_S1_L000_read_53_count_1      0.82%    passed     82.32%
 214  200709_20-07994_HIV07-01067_FL21_S1_L000_read_54_count_1      0.82%    passed     73.76%
 215  200709_20-07994_HIV07-01067_FL21_S1_L000_read_55_count_1      0.82%    passed     83.23%
 216  200709_20-07994_HIV07-01067_FL21_S1_L000_read_56_count_1      0.82%    passed     83.23%
 217  200709_20-07994_HIV07-01067_FL21_S1_L000_read_57_count_1      0.82%    passed     69.06%
 218  200709_20-07994_HIV07-01067_FL21_S1_L000_read_58_count_1      1.23%    passed     74.79%
 219  200709_20-07994_HIV07-01067_FL21_S1_L000_read_59_count_1      0.82%    passed     84.17%
 220  200709_20-07994_HIV07-01067_FL21_S1_L000_read_60_count_1      0.82%    passed     69.06%
 221  200709_20-07994_HIV07-01067_FL21_S1_L000_read_61_count_1      0.82%    passed     90.87%
 222  200709_20-07994_HIV07-01067_FL21_S1_L000_read_62_count_1      0.82%    passed     68.00%
 223  200709_20-07994_HIV07-01067_FL21_S1_L000_read_63_count_1      0.82%    passed     74.86%
 224  200709_20-07994_HIV07-01067_FL21_S1_L000_read_64_count_1      0.82%    passed     79.36%
 225  200709_20-07994_HIV07-01067_FL21_S1_L000_read_65_count_1      0.82%    passed     75.41%
 226  200709_20-07994_HIV07-01067_FL21_S1_L000_read_66_count_1      0.82%    passed     68.00%
 227  200709_20-07994_HIV07-01067_FL21_S1_L000_read_67_count_1      0.82%    passed     69.06%
 228  200709_20-07994_HIV07-01067_FL21_S1_L000_read_68_count_1      0.82%    passed     82.32%
 229  200709_20-07994_HIV07-01067_FL21_S1_L000_read_69_count_1      0.82%    passed     70.99%
 230  200709_20-07994_HIV07-01067_FL21_S1_L000_read_70_count_1      0.82%    passed     69.06%
 231  200709_20-07994_HIV07-01067_FL21_S1_L000_read_71_count_1      0.82%    passed     75.41%
 232  200709_20-07994_HIV07-01067_FL21_S1_L000_read_72_count_1      0.82%    passed     63.91%
 233  200709_20-07994_HIV07-01067_FL21_S1_L000_read_73_count_1      0.82%    passed     60.52%
 234  200709_20-07994_HIV07-01067_FL21_S1_L000_read_74_count_1      0.82%    passed     83.23%
 235  200709_20-07994_HIV07-01067_FL21_S1_L000_read_75_count_1      0.82%    passed     57.14%
 236  200709_20-07994_HIV07-01067_FL21_S1_L000_read_76_count_1      0.82%    passed     60.52%
 237  200709_20-07994_HIV07-01067_FL21_S1_L000_read_77_count_1      0.82%    passed     74.27%
 238  200709_20-07994_HIV07-01067_FL21_S1_L000_read_78_count_1      0.82%    passed     82.32%
 239  200709_20-07994_HIV07-01067_FL21_S1_L000_read_79_count_1      0.82%    passed     72.97%
 240  200709_20-07994_HIV07-01067_FL21_S1_L000_read_80_count_1      0.82%    passed     69.06%
 241  200709_20-07994_HIV07-01067_FL21_S1_L000_read_81_count_1      0.82%    passed     72.82%
 242  200709_20-07994_HIV07-01067_FL21_S1_L000_read_82_count_1      0.82%    passed     64.61%
 243  200709_20-07994_HIV07-01067_FL21_S1_L000_read_83_count_1      0.82%    passed     69.06%
 244  200709_20-07994_HIV07-01067_FL21_S1_L000_read_84_count_1      0.82%    passed     62.89%
 245  200709_20-07994_HIV07-01067_FL21_S1_L000_read_85_count_1      0.82%    passed     75.41%
 246  200709_20-07994_HIV07-01067_FL21_S1_L000_read_86_count_1      0.82%    passed     58.52%
 247  200709_20-07994_HIV07-01067_FL21_S1_L000_read_87_count_1      0.82%    passed     60.52%
 248  200709_20-07994_HIV07-01067_FL21_S1_L000_read_88_count_1      0.82%    passed     69.06%
 249  200709_20-07994_HIV07-01067_FL21_S1_L000_read_89_count_1      0.82%    passed     72.97%
 250  200709_20-07994_HIV07-01067_FL21_S1_L000_read_90_count_1      0.82%    passed     74.86%
 251  200709_20-07994_HIV07-01067_FL21_S1_L000_read_91_count_1      0.82%    passed     68.00%
 252  200709_20-07994_HIV07-01067_FL21_S1_L000_read_92_count_1      0.82%    passed     68.00%
 253  200709_20-07994_HIV07-01067_FL21_S1_L000_read_93_count_1      0.82%    passed     79.21%
 254  200709_20-07994_HIV07-01067_FL21_S1_L000_read_94_count_1      0.82%    passed     79.21%
 255  200709_20-07994_HIV07-01067_FL21_S1_L000_read_95_count_1      0.82%    passed     69.06%
 256  200709_20-07994_HIV07-01067_FL21_S1_L000_read_96_count_1      0.82%    passed     68.00%
 257  200709_20-07994_HIV07-01067_FL21_S1_L000_read_97_count_1      0.82%    passed     60.52%
 258  200709_20-07994_HIV07-01067_FL21_S1_L000_read_98_count_1      1.23%    passed     67.51%
 259  200709_20-07994_HIV07-01067_FL21_S1_L000_read_99_count_1      0.82%    passed     83.47%
 260  200709_20-07994_HIV07-01067_FL21_S1_L000_read_100_count_1     0.82%    passed     57.14%
 261  200709_20-07994_HIV07-01067_FL21_S1_L000_read_101_count_1     0.82%    passed     69.06%
 262  200709_20-07994_HIV07-01067_FL21_S1_L000_read_102_count_1     0.82%    passed     82.32%
 263  200709_20-07994_HIV07-01067_FL21_S1_L000_read_103_count_1     0.82%    passed     62.89%
 264  200709_20-07994_HIV07-01067_FL21_S1_L000_read_104_count_1     0.82%    passed     62.89%
 265  200709_20-07994_HIV07-01067_FL21_S1_L000_read_105_count_1     0.82%    passed     57.14%
 266  200709_20-07994_HIV07-01067_FL21_S1_L000_read_106_count_1     0.82%    passed     69.06%
 267  200709_20-07994_HIV07-01067_FL21_S1_L000_read_107_count_1     0.82%    passed     84.17%
 268  200709_20-07994_HIV07-01067_FL21_S1_L000_read_108_count_1     0.82%    passed     69.06%
 269  200709_20-07994_HIV07-01067_FL21_S1_L000_read_109_count_1     0.82%    passed     75.41%
 270  200709_20-07994_HIV07-01067_FL21_S1_L000_read_110_count_1     0.82%    passed     76.32%
 271  200709_20-07994_HIV07-01067_FL21_S1_L000_read_111_count_1     0.82%    passed     69.06%
 272  200709_20-07994_HIV07-01067_FL21_S1_L000_read_112_count_1     0.82%    passed     64.24%
 273  200709_20-07994_HIV07-01067_FL21_S1_L000_read_113_count_1     0.82%    passed     72.97%
 274  200709_20-07994_HIV07-01067_FL21_S1_L000_read_114_count_1     0.82%    passed     72.97%
 275  200709_20-07994_HIV07-01067_FL21_S1_L000_read_115_count_1     0.82%    passed     83.23%
 276  200709_20-07994_HIV07-01067_FL21_S1_L000_read_116_count_1     0.82%    passed     75.41%
 277  200709_20-07994_HIV07-01067_FL21_S1_L000_read_117_count_1     0.82%    passed     75.41%
 278  200709_20-07994_HIV07-01067_FL21_S1_L000_read_118_count_1     0.82%    passed     69.06%
 279  200709_20-07994_HIV07-01067_FL21_S1_L000_read_119_count_1     0.82%    passed     68.00%
 280  200709_20-07994_HIV07-01067_FL21_S1_L000_read_120_count_1     0.82%    passed     75.41%
 281  200709_20-07994_HIV07-01067_FL21_S1_L000_read_121_count_1     0.82%    passed     79.36%
 282  200709_20-07994_HIV07-01067_FL21_S1_L000_read_122_count_1     0.82%    passed     75.41%
 283  200709_20-07994_HIV07-01067_FL21_S1_L000_read_123_count_1     0.82%    passed     68.00%
 284  200709_20-07994_HIV07-01067_FL21_S1_L000_read_124_count_1     0.82%    passed     83.23%
 285  200709_20-07994_HIV07-01067_FL21_S1_L000_read_125_count_1     0.82%    passed     74.86%
 286  200709_20-07994_HIV07-01067_FL21_S1_L000_read_126_count_1     0.82%    passed     69.06%
 287  200709_20-07994_HIV07-01067_FL21_S1_L000_read_127_count_1     0.82%    passed     83.23%
 288  200709_20-07994_HIV07-01067_FL21_S1_L000_read_128_count_1     0.82%    passed     79.36%
 289  200709_20-07994_HIV07-01067_FL21_S1_L000_read_129_count_1     0.82%    passed     83.23%
 290  200709_20-07994_HIV07-01067_FL21_S1_L000_read_130_count_1     0.82%    passed     69.06%
 291  200709_20-07994_HIV07-01067_FL21_S1_L000_read_131_count_1     0.82%    passed     69.06%
 292  200709_20-07994_HIV07-01067_FL21_S1_L000_read_132_count_1     0.82%    passed     69.06%
 293  200709_20-07994_HIV07-01067_FL21_S1_L000_read_133_count_1     0.82%    passed     76.32%
 294  200709_20-07994_HIV07-01067_FL21_S1_L000_read_134_count_1     0.82%    passed     72.82%
 295  200709_20-07994_HIV07-01067_FL21_S1_L000_read_135_count_1     0.82%    passed     60.52%
 296  200709_20-07994_HIV07-01067_FL21_S1_L000_read_136_count_1     0.82%    passed     61.52%
 297  200709_20-07994_HIV07-01067_FL21_S1_L000_read_137_count_1     0.82%    passed     69.06%
 298  200709_20-07994_HIV07-01067_FL21_S1_L000_read_138_count_1     0.82%    passed     72.82%
 299  200709_20-07994_HIV07-01067_FL21_S1_L000_read_139_count_1     0.82%    passed     76.32%
 300  200709_20-07994_HIV07-01067_FL21_S1_L000_read_140_count_1     0.82%    passed     69.06%
 301  200709_20-07994_HIV07-01067_FL21_S1_L000_read_141_count_1     0.82%    passed     70.99%
 302  200709_20-07994_HIV07-01067_FL21_S1_L000_read_142_count_1     0.82%    passed     69.06%
 303  200709_20-07994_HIV07-01067_FL21_S1_L000_read_143_count_1     0.82%    passed     69.06%
 304  200709_20-07994_HIV07-01067_FL21_S1_L000_read_144_count_1     0.82%    passed     68.00%
 305  200709_20-07994_HIV07-01067_FL21_S1_L000_read_145_count_1     0.82%    passed     76.32%
 306  200709_20-07994_HIV07-01067_FL21_S1_L000_read_146_count_1     0.82%    passed     82.32%
 307  200709_20-07994_HIV07-01067_FL21_S1_L000_read_147_count_1     0.82%    passed     69.06%
 308  200709_20-07994_HIV07-01067_FL21_S1_L000_read_148_count_1     0.82%    passed     83.23%
 309  200709_20-07994_HIV07-01067_FL21_S1_L000_read_149_count_1     0.82%    passed     75.41%
 310  200709_20-07994_HIV07-01067_FL21_S1_L000_read_150_count_1     0.82%    passed     62.89%
 311  200709_20-07994_HIV07-01067_FL21_S1_L000_read_151_count_1     0.82%    passed     69.06%
 312  200709_20-07994_HIV07-01067_FL21_S1_L000_read_152_count_1     0.82%    passed     68.00%
 313  200709_20-07994_HIV07-01067_FL21_S1_L000_read_153_count_1     0.82%    passed     64.61%
 314  200709_20-07994_HIV07-01067_FL21_S1_L000_read_154_count_1     0.82%    passed     72.97%
 315  200709_20-07994_HIV07-01067_FL21_S1_L000_read_155_count_1     0.82%    passed     79.69%
 316  200709_20-07994_HIV07-01067_FL21_S1_L000_read_156_count_1     0.82%    passed     69.06%
 317  200709_20-07994_HIV07-01067_FL21_S1_L000_read_157_count_1     0.82%    passed     83.23%
 318  200709_20-07994_HIV07-01067_FL21_S1_L000_read_158_count_1     0.82%    passed     74.86%
 319  200709_20-07994_HIV07-01067_FL21_S1_L000_read_159_count_1     1.23%    passed     74.79%
 320  200709_20-07994_HIV07-01067_FL21_S1_L000_read_160_count_1     0.82%    passed     74.86%
 321  200703_20-07825_HIV09-00618_FL18_S6_L000_read_1_count_675     0.82%    passed     99.16%
 322  200703_20-07825_HIV09-00618_FL18_S6_L000_read_2_count_29      0.82%    passed     99.16%
 323  200703_20-07825_HIV09-00618_FL18_S6_L000_read_3_count_21      0.82%    passed     95.87%
 324  200703_20-07825_HIV09-00618_FL18_S6_L000_read_4_count_15      0.82%    passed     99.45%
 325  200703_20-07825_HIV09-00618_FL18_S6_L000_read_5_count_12      0.82%    passed     95.87%
 326  200703_20-07825_HIV09-00618_FL18_S6_L000_read_6_count_11      0.82%    passed     95.25%
 327  200703_20-07825_HIV09-00618_FL18_S6_L000_read_7_count_10      0.82%    passed     98.10%
 328  200703_20-07825_HIV09-00618_FL18_S6_L000_read_8_count_6       0.82%    passed     98.10%
 329  200703_20-07825_HIV09-00618_FL18_S6_L000_read_9_count_6       0.82%    passed     99.45%
 330  200703_20-07825_HIV09-00618_FL18_S6_L000_read_10_count_5      0.82%    passed     99.45%
 331  200703_20-07825_HIV09-00618_FL18_S6_L000_read_11_count_5      0.82%    passed     97.25%
 332  200703_20-07825_HIV09-00618_FL18_S6_L000_read_12_count_4      0.82%    passed     98.10%
 333  200703_20-07825_HIV09-00618_FL18_S6_L000_read_13_count_4      0.82%    passed     99.86%
 334  200703_20-07825_HIV09-00618_FL18_S6_L000_read_14_count_4      0.82%    passed     94.87%
 335  200703_20-07825_HIV09-00618_FL18_S6_L000_read_15_count_3      0.82%    passed     98.10%
 336  200703_20-07825_HIV09-00618_FL18_S6_L000_read_16_count_3      0.82%    passed     96.35%
 337  200703_20-07825_HIV09-00618_FL18_S6_L000_read_17_count_3      0.82%    passed     99.45%
 338  200703_20-07825_HIV09-00618_FL18_S6_L000_read_18_count_3      0.82%    passed     96.35%
 339  200703_20-07825_HIV09-00618_FL18_S6_L000_read_19_count_3      0.82%    passed     99.45%
 340  200703_20-07825_HIV09-00618_FL18_S6_L000_read_20_count_3      0.82%    passed     97.25%
 341  200703_20-07825_HIV09-00618_FL18_S6_L000_read_21_count_3      0.82%    passed     99.86%
 342  200703_20-07825_HIV09-00618_FL18_S6_L000_read_22_count_2      0.82%    passed     99.31%
 343  200703_20-07825_HIV09-00618_FL18_S6_L000_read_23_count_2      1.23%    passed     98.90%
 344  200703_20-07825_HIV09-00618_FL18_S6_L000_read_24_count_2      0.82%    passed     98.10%
 345  200703_20-07825_HIV09-00618_FL18_S6_L000_read_25_count_2      0.82%    passed     98.10%
 346  200703_20-07825_HIV09-00618_FL18_S6_L000_read_26_count_2      0.82%    passed     98.10%
 347  200703_20-07825_HIV09-00618_FL18_S6_L000_read_27_count_2      0.82%    passed     98.10%
 348  200703_20-07825_HIV09-00618_FL18_S6_L000_read_28_count_2      0.82%    passed     98.10%
 349  200703_20-07825_HIV09-00618_FL18_S6_L000_read_29_count_2      0.82%    passed     98.10%
 350  200703_20-07825_HIV09-00618_FL18_S6_L000_read_30_count_2      0.82%    passed     98.10%
 351  200703_20-07825_HIV09-00618_FL18_S6_L000_read_31_count_2      0.82%    passed     99.45%
 352  200703_20-07825_HIV09-00618_FL18_S6_L000_read_32_count_2      0.82%    passed     99.45%
 353  200703_20-07825_HIV09-00618_FL18_S6_L000_read_33_count_2      0.82%    passed     96.35%
 354  200703_20-07825_HIV09-00618_FL18_S6_L000_read_34_count_2      0.82%    passed     98.10%
 355  200703_20-07825_HIV09-00618_FL18_S6_L000_read_35_count_2      0.82%    passed     98.10%
 356  200703_20-07825_HIV09-00618_FL18_S6_L000_read_36_count_2      0.82%    passed     98.10%
 357  200703_20-07825_HIV09-00618_FL18_S6_L000_read_37_count_2      0.82%    passed     99.45%
 358  200703_20-07825_HIV09-00618_FL18_S6_L000_read_38_count_2      0.82%    passed     99.16%
 359  200703_20-07825_HIV09-00618_FL18_S6_L000_read_39_count_2      0.82%    passed     98.10%
 360  200703_20-07825_HIV09-00618_FL18_S6_L000_read_40_count_1      0.82%    passed     98.10%
 361  200703_20-07825_HIV09-00618_FL18_S6_L000_read_41_count_1      0.82%    passed     98.10%
 362  200703_20-07825_HIV09-00618_FL18_S6_L000_read_42_count_1      1.23%    passed     98.90%
 363  200703_20-07825_HIV09-00618_FL18_S6_L000_read_43_count_1      0.82%    passed     99.16%
 364  200703_20-07825_HIV09-00618_FL18_S6_L000_read_44_count_1      0.82%    passed     98.02%
 365  200703_20-07825_HIV09-00618_FL18_S6_L000_read_45_count_1      0.82%    passed     94.87%
 366  200703_20-07825_HIV09-00618_FL18_S6_L000_read_46_count_1      0.82%    passed     95.50%
 367  200703_20-07825_HIV09-00618_FL18_S6_L000_read_47_count_1      0.82%    passed     98.93%
 368  200703_20-07825_HIV09-00618_FL18_S6_L000_read_48_count_1      0.82%    passed     97.14%
 369  200703_20-07825_HIV09-00618_FL18_S6_L000_read_49_count_1      0.82%    passed     99.16%
 370  200703_20-07825_HIV09-00618_FL18_S6_L000_read_50_count_1      1.23%    passed     97.42%
 371  200703_20-07825_HIV09-00618_FL18_S6_L000_read_51_count_1      0.82%    passed     98.10%
 372  200703_20-07825_HIV09-00618_FL18_S6_L000_read_52_count_1      0.82%    passed     97.28%
 373  200703_20-07825_HIV09-00618_FL18_S6_L000_read_53_count_1      0.82%    passed     95.50%
 374  200703_20-07825_HIV09-00618_FL18_S6_L000_read_54_count_1      0.82%    passed     98.10%
 375  200703_20-07825_HIV09-00618_FL18_S6_L000_read_55_count_1      0.82%    passed     99.16%
 376  200703_20-07825_HIV09-00618_FL18_S6_L000_read_56_count_1      0.82%    passed     99.16%
 377  200703_20-07825_HIV09-00618_FL18_S6_L000_read_57_count_1      0.82%    passed     98.25%
 378  200703_20-07825_HIV09-00618_FL18_S6_L000_read_58_count_1      0.82%    passed     95.87%
 379  200703_20-07825_HIV09-00618_FL18_S6_L000_read_59_count_1      0.82%    passed     98.17%
 380  200703_20-07825_HIV09-00618_FL18_S6_L000_read_60_count_1      0.82%    passed     99.76%
 381  200703_20-07825_HIV09-00618_FL18_S6_L000_read_61_count_1      1.23%    passed     98.65%
 382  200703_20-07825_HIV09-00618_FL18_S6_L000_read_62_count_1      0.82%    passed     96.35%
 383  200703_20-07825_HIV09-00618_FL18_S6_L000_read_63_count_1      0.82%    passed     99.31%
 384  200703_20-07825_HIV09-00618_FL18_S6_L000_read_64_count_1      0.82%    passed     98.10%
 385  200703_20-07825_HIV09-00618_FL18_S6_L000_read_65_count_1      0.82%    passed     97.88%
 386  200703_20-07825_HIV09-00618_FL18_S6_L000_read_66_count_1      1.23%    passed     98.90%
 387  200703_20-07825_HIV09-00618_FL18_S6_L000_read_67_count_1      0.82%    passed     94.87%
 388  200703_20-07825_HIV09-00618_FL18_S6_L000_read_68_count_1      0.82%    passed     92.16%
 389  200703_20-07825_HIV09-00618_FL18_S6_L000_read_69_count_1      0.41%    passed     99.27%
 390  200703_20-07825_HIV09-00618_FL18_S6_L000_read_70_count_1      0.82%    passed     99.45%
 391  200703_20-07825_HIV09-00618_FL18_S6_L000_read_71_count_1      0.82%    passed     98.10%
 392  200703_20-07825_HIV09-00618_FL18_S6_L000_read_72_count_1      0.41%    passed     99.33%
 393  200703_20-07825_HIV09-00618_FL18_S6_L000_read_73_count_1      0.82%    passed     97.15%
 394  200703_20-07825_HIV09-00618_FL18_S6_L000_read_74_count_1      0.82%    passed     98.10%
 395  200703_20-07825_HIV09-00618_FL18_S6_L000_read_75_count_1      0.82%    passed     99.09%
 396  200703_20-07825_HIV09-00618_FL18_S6_L000_read_76_count_1      0.82%    passed     98.10%
 397  200703_20-07825_HIV09-00618_FL18_S6_L000_read_77_count_1      0.82%    passed     97.28%
 398  200703_20-07825_HIV09-00618_FL18_S6_L000_read_78_count_1      0.82%    passed     98.10%
 399  200703_20-07825_HIV09-00618_FL18_S6_L000_read_79_count_1      0.82%    passed     97.25%
 400  200703_20-07825_HIV09-00618_FL18_S6_L000_read_80_count_1      0.82%    passed     99.31%
 401  200703_20-07825_HIV09-00618_FL18_S6_L000_read_81_count_1      0.82%    passed     99.31%
 402  200703_20-07825_HIV09-00618_FL18_S6_L000_read_82_count_1      0.82%    passed     98.10%
 403  200703_20-07825_HIV09-00618_FL18_S6_L000_read_83_count_1      0.82%    passed     98.10%
 404  200703_20-07825_HIV09-00618_FL18_S6_L000_read_84_count_1      0.82%    passed     99.45%
 405  200703_20-07825_HIV09-00618_FL18_S6_L000_read_85_count_1      0.82%    passed     98.10%
 406  200703_20-07825_HIV09-00618_FL18_S6_L000_read_86_count_1      0.82%    passed     95.87%
 407  200703_20-07825_HIV09-00618_FL18_S6_L000_read_87_count_1      1.23%    passed     97.42%
 408  200703_20-07825_HIV09-00618_FL18_S6_L000_read_88_count_1      0.82%    passed     99.45%
 409  200703_20-07825_HIV09-00618_FL18_S6_L000_read_89_count_1      0.82%    passed     99.31%
 410  200703_20-07825_HIV09-00618_FL18_S6_L000_read_90_count_1      0.82%    passed     95.50%
 411  200703_20-07825_HIV09-00618_FL18_S6_L000_read_91_count_1      0.82%    passed     99.16%
 412  200703_20-07825_HIV09-00618_FL18_S6_L000_read_92_count_1      0.82%    passed     99.31%
 413  200703_20-07825_HIV09-00618_FL18_S6_L000_read_93_count_1      0.82%    passed     98.10%
 414  200703_20-07825_HIV09-00618_FL18_S6_L000_read_94_count_1      0.82%    passed     98.17%
 415  200703_20-07825_HIV09-00618_FL18_S6_L000_read_95_count_1      0.82%    passed     99.45%
 416  200703_20-07825_HIV09-00618_FL18_S6_L000_read_96_count_1      0.82%    passed     99.59%
 417  200703_20-07825_HIV09-00618_FL18_S6_L000_read_97_count_1      0.82%    passed     98.10%
 418  200703_20-07825_HIV09-00618_FL18_S6_L000_read_98_count_1      0.82%    passed     99.31%
 419  200703_20-07825_HIV09-00618_FL18_S6_L000_read_99_count_1      0.82%    passed     99.31%
 420  200703_20-07825_HIV09-00618_FL18_S6_L000_read_100_count_1     0.82%    passed     97.28%
 421  200703_20-07825_HIV09-00618_FL18_S6_L000_read_101_count_1     0.82%    passed     96.35%
 422  200703_20-07825_HIV09-00618_FL18_S6_L000_read_102_count_1     0.82%    passed     98.17%
 423  200703_20-07825_HIV09-00618_FL18_S6_L000_read_103_count_1     0.82%    passed     98.10%
 424  200703_20-07825_HIV09-00618_FL18_S6_L000_read_104_count_1     0.82%    passed     95.25%
 425  200703_20-07825_HIV09-00618_FL18_S6_L000_read_105_count_1     0.82%    passed     99.45%
 426  200703_20-07825_HIV09-00618_FL18_S6_L000_read_106_count_1     0.82%    passed     97.97%
 427  200703_20-07825_HIV09-00618_FL18_S6_L000_read_107_count_1     0.82%    passed     98.17%
 428  200703_20-07825_HIV09-00618_FL18_S6_L000_read_108_count_1     0.82%    passed     98.17%
 429  200703_20-07825_HIV09-00618_FL18_S6_L000_read_109_count_1     0.82%    passed     99.86%
 430  200703_20-07825_HIV09-00618_FL18_S6_L000_read_110_count_1     0.82%    passed     97.28%
 431  200703_20-07825_HIV09-00618_FL18_S6_L000_read_111_count_1     0.82%    passed     99.09%
 432  200703_20-07825_HIV09-00618_FL18_S6_L000_read_112_count_1     0.82%    passed     99.16%
 433  200703_20-07825_HIV09-00618_FL18_S6_L000_read_113_count_1     0.41%    passed     99.62%
 434  200703_20-07825_HIV09-00618_FL18_S6_L000_read_114_count_1     0.82%    passed     97.97%
 435  200703_20-07825_HIV09-00618_FL18_S6_L000_read_115_count_1     0.82%    passed     99.76%
 436  200703_20-07825_HIV09-00618_FL18_S6_L000_read_116_count_1     0.82%    passed     99.16%
 437  200703_20-07825_HIV09-00618_FL18_S6_L000_read_117_count_1     0.82%    passed     95.50%
 438  200703_20-07825_HIV09-00618_FL18_S6_L000_read_118_count_1     0.82%    passed     98.10%
 439  200703_20-07825_HIV09-00618_FL18_S6_L000_read_119_count_1     0.82%    passed     99.59%
 440  200703_20-07825_HIV09-00618_FL18_S6_L000_read_120_count_1     0.82%    passed     99.86%
 441  200703_20-07825_HIV09-00618_FL18_S6_L000_read_121_count_1     0.82%    passed     99.45%
 442  200703_20-07825_HIV09-00618_FL18_S6_L000_read_122_count_1     0.82%    passed     98.10%
 443  200703_20-07825_HIV09-00618_FL18_S6_L000_read_123_count_1     0.82%    passed     97.25%
 444  200703_20-07825_HIV09-00618_FL18_S6_L000_read_124_count_1     0.82%    passed     96.81%
 445  200703_20-07825_HIV09-00618_FL18_S6_L000_read_125_count_1     0.82%    passed     99.09%
 446  200703_20-07825_HIV09-00618_FL18_S6_L000_read_126_count_1     0.82%    passed     98.10%
 447  200703_20-07825_HIV09-00618_FL18_S6_L000_read_127_count_1     0.82%    passed     99.64%
 448  200703_20-07825_HIV09-00618_FL18_S6_L000_read_128_count_1     0.82%    passed     98.10%
 449  200703_20-07825_HIV09-00618_FL18_S6_L000_read_129_count_1     0.41%    passed     99.27%
 450  200703_20-07825_HIV09-00618_FL18_S6_L000_read_130_count_1     0.82%    passed     98.10%
 451  200703_20-07825_HIV09-00618_FL18_S6_L000_read_131_count_1     0.82%    passed     98.10%
 452  200703_20-07825_HIV09-00618_FL18_S6_L000_read_132_count_1     0.82%    passed     98.10%
 453  200703_20-07825_HIV09-00618_FL18_S6_L000_read_133_count_1     0.82%    passed     99.65%
 454  200703_20-07825_HIV09-00618_FL18_S6_L000_read_134_count_1     0.82%    passed     99.71%
 455  200703_20-07825_HIV09-00618_FL18_S6_L000_read_135_count_1     1.23%    passed     97.42%
 456  200703_20-07825_HIV09-00618_FL18_S6_L000_read_136_count_1     0.82%    passed     96.35%
 457  200703_20-07825_HIV09-00618_FL18_S6_L000_read_137_count_1     0.82%    passed     99.16%
 458  200703_20-07825_HIV09-00618_FL18_S6_L000_read_138_count_1     0.82%    passed     99.86%
 459  200703_20-07825_HIV09-00618_FL18_S6_L000_read_139_count_1     0.82%    passed     99.45%
 460  200703_20-07825_HIV09-00618_FL18_S6_L000_read_140_count_1     0.82%    passed     99.76%
 461  200703_20-07825_HIV09-00618_FL18_S6_L000_read_141_count_1     0.82%    passed     98.10%
 462  200703_20-07825_HIV09-00618_FL18_S6_L000_read_142_count_1     0.82%    passed     95.87%
 463  200703_20-07825_HIV09-00618_FL18_S6_L000_read_143_count_1     0.82%    passed     97.28%
 464  200703_20-07825_HIV09-00618_FL18_S6_L000_read_144_count_1     0.82%    passed     96.35%
 465  200703_20-07825_HIV09-00618_FL18_S6_L000_read_145_count_1     0.82%    passed     99.45%
 466  200703_20-07825_HIV09-00618_FL18_S6_L000_read_146_count_1     0.82%    passed     96.35%
 467  200703_20-07825_HIV09-00618_FL18_S6_L000_read_147_count_1     0.82%    passed     99.16%
 468  200703_20-07825_HIV09-00618_FL18_S6_L000_read_148_count_1     0.82%    passed     98.10%
 469  200703_20-07825_HIV09-00618_FL18_S6_L000_read_149_count_1     0.82%    passed     99.31%
 470  200703_20-07825_HIV09-00618_FL18_S6_L000_read_150_count_1     0.82%    passed     98.10%
 471  200703_20-07825_HIV09-00618_FL18_S6_L000_read_151_count_1     0.82%    passed     98.10%
 472  200703_20-07825_HIV09-00618_FL18_S6_L000_read_152_count_1     0.82%    passed     97.88%
 473  200703_20-07825_HIV09-00618_FL18_S6_L000_read_153_count_1     0.82%    passed     98.10%
 474  200814_20-09728_HIV09-02843_FL30_S2_L000_read_1_count_262     0.82%    passed     84.44%
 475  200814_20-09728_HIV09-02843_FL30_S2_L000_read_2_count_219     0.82%    passed     82.95%
 476  200814_20-09728_HIV09-02843_FL30_S2_L000_read_3_count_172     0.82%    passed     84.44%
 477  200814_20-09728_HIV09-02843_FL30_S2_L000_read_4_count_84      0.82%    passed     90.62%
 478  200814_20-09728_HIV09-02843_FL30_S2_L000_read_5_count_58      0.82%    passed     85.75%
 479  200814_20-09728_HIV09-02843_FL30_S2_L000_read_6_count_46      0.82%    passed     76.83%
 480  200814_20-09728_HIV09-02843_FL30_S2_L000_read_7_count_44      0.82%    passed     88.73%
 481  200814_20-09728_HIV09-02843_FL30_S2_L000_read_8_count_40      0.82%    passed     85.75%
 482  200814_20-09728_HIV09-02843_FL30_S2_L000_read_9_count_7       0.82%    passed     76.83%
 483  200814_20-09728_HIV09-02843_FL30_S2_L000_read_10_count_6      0.82%    passed     90.62%
 484  200814_20-09728_HIV09-02843_FL30_S2_L000_read_11_count_2      0.82%    passed     95.14%
 485  200814_20-09728_HIV09-02843_FL30_S2_L000_read_12_count_2      0.82%    passed     90.62%
 486  200814_20-09728_HIV09-02843_FL30_S2_L000_read_13_count_2      0.82%    passed     88.73%
 487  200814_20-09728_HIV09-02843_FL30_S2_L000_read_14_count_2      0.82%    passed     90.62%
 488  200814_20-09728_HIV09-02843_FL30_S2_L000_read_15_count_2      0.82%    passed     88.73%
 489  200814_20-09728_HIV09-02843_FL30_S2_L000_read_16_count_2      0.82%    passed     90.62%
 490  200814_20-09728_HIV09-02843_FL30_S2_L000_read_17_count_2      0.82%    passed     76.83%
 491  200814_20-09728_HIV09-02843_FL30_S2_L000_read_18_count_1      0.82%    passed     88.85%
 492  200814_20-09728_HIV09-02843_FL30_S2_L000_read_19_count_1      0.82%    passed     90.62%
 493  200814_20-09728_HIV09-02843_FL30_S2_L000_read_20_count_1      0.82%    passed     88.45%
 494  200814_20-09728_HIV09-02843_FL30_S2_L000_read_21_count_1      0.82%    passed     86.76%
 495  200814_20-09728_HIV09-02843_FL30_S2_L000_read_22_count_1      0.82%    passed     85.75%
 496  200814_20-09728_HIV09-02843_FL30_S2_L000_read_23_count_1      0.82%    passed     91.39%
 497  200814_20-09728_HIV09-02843_FL30_S2_L000_read_24_count_1      0.82%    passed     81.68%
 498  200814_20-09728_HIV09-02843_FL30_S2_L000_read_25_count_1      0.82%    passed     84.44%
 499  200814_20-09728_HIV09-02843_FL30_S2_L000_read_26_count_1      0.82%    passed     85.95%
 500  200814_20-09728_HIV09-02843_FL30_S2_L000_read_27_count_1      0.82%    passed     76.07%
 501  200814_20-09728_HIV09-02843_FL30_S2_L000_read_28_count_1      0.82%    passed     95.14%
 502  200814_20-09728_HIV09-02843_FL30_S2_L000_read_29_count_1      0.82%    passed     78.84%
 503  200814_20-09728_HIV09-02843_FL30_S2_L000_read_30_count_1      0.82%    passed     82.59%
 504  200814_20-09728_HIV09-02843_FL30_S2_L000_read_31_count_1      0.82%    passed     85.75%
 505  200814_20-09728_HIV09-02843_FL30_S2_L000_read_32_count_1      0.82%    passed     92.83%
 506  200814_20-09728_HIV09-02843_FL30_S2_L000_read_33_count_1      0.82%    passed     78.64%
 507  200814_20-09728_HIV09-02843_FL30_S2_L000_read_34_count_1      0.82%    passed     93.63%
 508  200814_20-09728_HIV09-02843_FL30_S2_L000_read_35_count_1      0.82%    passed     82.95%
 509  200814_20-09728_HIV09-02843_FL30_S2_L000_read_36_count_1      0.82%    passed     90.62%
 510  200814_20-09728_HIV09-02843_FL30_S2_L000_read_37_count_1      0.82%    passed     78.64%
 511  200814_20-09728_HIV09-02843_FL30_S2_L000_read_38_count_1      0.82%    passed     76.83%
 512  200814_20-09728_HIV09-02843_FL30_S2_L000_read_39_count_1      0.82%    passed     90.62%
 513  200814_20-09728_HIV09-02843_FL30_S2_L000_read_40_count_1      0.82%    passed     85.75%
 514  200814_20-09728_HIV09-02843_FL30_S2_L000_read_41_count_1      0.82%    passed     81.68%
 515  200814_20-09728_HIV09-02843_FL30_S2_L000_read_42_count_1      0.82%    passed     90.62%
 516  200814_20-09728_HIV09-02843_FL30_S2_L000_read_43_count_1      0.82%    passed     90.76%
 517  200814_20-09728_HIV09-02843_FL30_S2_L000_read_44_count_1      0.82%    passed     90.62%
 518  200814_20-09728_HIV09-02843_FL30_S2_L000_read_45_count_1      0.82%    passed     90.62%
 519  200814_20-09728_HIV09-02843_FL30_S2_L000_read_46_count_1      0.82%    passed     88.73%
 520  200814_20-09728_HIV09-02843_FL30_S2_L000_read_47_count_1      0.82%    passed     84.44%
 521  200814_20-09728_HIV09-02843_FL30_S2_L000_read_48_count_1      0.82%    passed     79.33%
 522  200814_20-09728_HIV09-02843_FL30_S2_L000_read_49_count_1      0.82%    passed     85.95%
 523  200814_20-09728_HIV09-02843_FL30_S2_L000_read_50_count_1      0.82%    passed     90.62%
 524  200814_20-09728_HIV09-02843_FL30_S2_L000_read_51_count_1      0.82%    passed     91.39%
 525  200814_20-09728_HIV09-02843_FL30_S2_L000_read_52_count_1      1.23%    passed     86.78%
 526  200814_20-09728_HIV09-02843_FL30_S2_L000_read_53_count_1      0.82%    passed     90.62%
 527  200814_20-09728_HIV09-02843_FL30_S2_L000_read_54_count_1      0.82%    passed     83.69%
 528  200814_20-09728_HIV09-02843_FL30_S2_L000_read_55_count_1      0.82%    passed     75.82%
 529  200814_20-09728_HIV09-02843_FL30_S2_L000_read_56_count_1      0.82%    passed     76.83%
 530  200814_20-09728_HIV09-02843_FL30_S2_L000_read_57_count_1      0.82%    passed     82.59%
 531  200814_20-09728_HIV09-02843_FL30_S2_L000_read_58_count_1      0.82%    passed     88.73%
 532  200814_20-09728_HIV09-02843_FL30_S2_L000_read_59_count_1      0.82%    passed     84.44%
 533  200814_20-09728_HIV09-02843_FL30_S2_L000_read_60_count_1      0.82%    passed     88.73%
 534  200814_20-09728_HIV09-02843_FL30_S2_L000_read_61_count_1      0.82%    passed     90.62%
 535  200814_20-09728_HIV09-02843_FL30_S2_L000_read_62_count_1      0.82%    passed     91.39%
 536  200814_20-09728_HIV09-02843_FL30_S2_L000_read_63_count_1      0.82%    passed     93.02%
 537  200814_20-09728_HIV09-02843_FL30_S2_L000_read_64_count_1      0.82%    passed     78.64%
 538  200814_20-09728_HIV09-02843_FL30_S2_L000_read_65_count_1      0.82%    passed     88.73%
 539  200814_20-09728_HIV09-02843_FL30_S2_L000_read_66_count_1      0.82%    passed     85.75%
 540  200814_20-09728_HIV09-02843_FL30_S2_L000_read_67_count_1      0.82%    passed     85.75%
 541  200814_20-09728_HIV09-02843_FL30_S2_L000_read_68_count_1      0.82%    passed     78.64%
 542  200814_20-09728_HIV09-02843_FL30_S2_L000_read_69_count_1      0.82%    passed     90.62%
 543  200814_20-09728_HIV09-02843_FL30_S2_L000_read_70_count_1      0.82%    passed     79.00%
 544  200814_20-09728_HIV09-02843_FL30_S2_L000_read_71_count_1      0.82%    passed     85.75%
 545  200814_20-09728_HIV09-02843_FL30_S2_L000_read_72_count_1      0.82%    passed     83.69%
 546  200814_20-09728_HIV09-02843_FL30_S2_L000_read_73_count_1      0.82%    passed     85.75%
 547  200814_20-09728_HIV09-02843_FL30_S2_L000_read_74_count_1      0.82%    passed     85.95%
 548  200814_20-09728_HIV09-02843_FL30_S2_L000_read_75_count_1      0.82%    passed     85.95%
 549  200814_20-09728_HIV09-02843_FL30_S2_L000_read_76_count_1      0.82%    passed     82.59%
 550  200814_20-09728_HIV09-02843_FL30_S2_L000_read_77_count_1      0.82%    passed     86.76%
 551  200814_20-09728_HIV09-02843_FL30_S2_L000_read_78_count_1      0.82%    passed     94.51%
 552  200814_20-09728_HIV09-02843_FL30_S2_L000_read_79_count_1      0.82%    passed     88.85%
 553  200814_20-09728_HIV09-02843_FL30_S2_L000_read_80_count_1      0.82%    passed     85.75%
 554  200814_20-09728_HIV09-02843_FL30_S2_L000_read_81_count_1      0.82%    passed     90.62%
 555  200814_20-09728_HIV09-02843_FL30_S2_L000_read_82_count_1      0.82%    passed     90.62%
 556  200814_20-09728_HIV09-02843_FL30_S2_L000_read_83_count_1      0.82%    passed     88.73%
 557  200814_20-09728_HIV09-02843_FL30_S2_L000_read_84_count_1      0.82%    passed     90.62%
 558  200814_20-09728_HIV09-02843_FL30_S2_L000_read_85_count_1      0.82%    passed     85.75%
 559  200814_20-09728_HIV09-02843_FL30_S2_L000_read_86_count_1      0.82%    passed     85.63%
 560  200814_20-09728_HIV09-02843_FL30_S2_L000_read_87_count_1      0.82%    passed     90.62%
 561  200814_20-09728_HIV09-02843_FL30_S2_L000_read_88_count_1      0.82%    passed     91.39%
 562  200814_20-09728_HIV09-02843_FL30_S2_L000_read_89_count_1      0.82%    passed     76.83%
 563  200814_20-09728_HIV09-02843_FL30_S2_L000_read_90_count_1      0.82%    passed     84.44%
 564  200814_20-09728_HIV09-02843_FL30_S2_L000_read_91_count_1      0.82%    passed     85.95%
 565  200814_20-09728_HIV09-02843_FL30_S2_L000_read_92_count_1      0.82%    passed     75.82%
 566  200814_20-09728_HIV09-02843_FL30_S2_L000_read_93_count_1      0.82%    passed     85.63%
 567  200814_20-09728_HIV09-02843_FL30_S2_L000_read_94_count_1      1.23%    passed     86.78%
 568  200814_20-09728_HIV09-02843_FL30_S2_L000_read_95_count_1      0.82%    passed     91.57%
 569  200814_20-09728_HIV09-02843_FL30_S2_L000_read_96_count_1      2.46%    passed     85.36%
 570  200814_20-09728_HIV09-02843_FL30_S2_L000_read_97_count_1      0.82%    passed     91.57%
 571  200814_20-09728_HIV09-02843_FL30_S2_L000_read_98_count_1      0.82%    passed     88.85%
 572  200814_20-09728_HIV09-02843_FL30_S2_L000_read_99_count_1      0.82%    passed     90.62%
 573  200814_20-09728_HIV09-02843_FL30_S2_L000_read_100_count_1     0.82%    passed     73.60%
 574  200814_20-09728_HIV09-02843_FL30_S2_L000_read_101_count_1     0.82%    passed     88.45%
 575  200814_20-09728_HIV09-02843_FL30_S2_L000_read_102_count_1     0.82%    passed     88.73%
 576  200814_20-09728_HIV09-02843_FL30_S2_L000_read_103_count_1     0.82%    passed     75.82%
 577  200814_20-09728_HIV09-02843_FL30_S2_L000_read_104_count_1     0.82%    passed     81.87%
 578  200814_20-09728_HIV09-02843_FL30_S2_L000_read_105_count_1     0.82%    passed     91.39%
 579  200814_20-09728_HIV09-02843_FL30_S2_L000_read_106_count_1     0.82%    passed     88.73%
 580  200814_20-09728_HIV09-02843_FL30_S2_L000_read_107_count_1     0.82%    passed     88.73%
 581  200814_20-09728_HIV09-02843_FL30_S2_L000_read_108_count_1     0.82%    passed     76.07%
 582  200814_20-09728_HIV09-02843_FL30_S2_L000_read_109_count_1     0.82%    passed     88.73%
 583  200814_20-09728_HIV09-02843_FL30_S2_L000_read_110_count_1     1.64%    passed     86.98%
 584  200814_20-09728_HIV09-02843_FL30_S2_L000_read_111_count_1     0.82%    passed     90.62%
 585  200814_20-09728_HIV09-02843_FL30_S2_L000_read_112_count_1     0.82%    passed     85.63%
 586  200814_20-09728_HIV09-02843_FL30_S2_L000_read_113_count_1     0.82%    passed     88.85%
 587  200814_20-09728_HIV09-02843_FL30_S2_L000_read_114_count_1     0.82%    passed     86.76%
 588  200814_20-09728_HIV09-02843_FL30_S2_L000_read_115_count_1     0.82%    passed     78.09%
 589  200814_20-09728_HIV09-02843_FL30_S2_L000_read_116_count_1     0.82%    passed     85.63%
 590  200814_20-09728_HIV09-02843_FL30_S2_L000_read_117_count_1     1.23%    passed     86.78%
 591  200814_20-09728_HIV09-02843_FL30_S2_L000_read_118_count_1     0.82%    passed     88.73%
 592  200814_20-09728_HIV09-02843_FL30_S2_L000_read_119_count_1     0.82%    passed     85.75%
 593  200814_20-09728_HIV09-02843_FL30_S2_L000_read_120_count_1     0.82%    passed     85.95%
 594  200814_20-09728_HIV09-02843_FL30_S2_L000_read_121_count_1     0.82%    passed     78.84%
 595  200814_20-09728_HIV09-02843_FL30_S2_L000_read_122_count_1     0.82%    passed     95.14%
 596  200814_20-09728_HIV09-02843_FL30_S2_L000_read_123_count_1     0.82%    passed     81.68%
 597  200814_20-09728_HIV09-02843_FL30_S2_L000_read_124_count_1     0.82%    passed     90.62%
 598  200814_20-09728_HIV09-02843_FL30_S2_L000_read_125_count_1     0.82%    passed     87.21%
 599  200814_20-09728_HIV09-02843_FL30_S2_L000_read_126_count_1     0.82%    passed     86.76%
 600  200814_20-09728_HIV09-02843_FL30_S2_L000_read_127_count_1     0.82%    passed     85.63%
 601  200814_20-09728_HIV09-02843_FL30_S2_L000_read_128_count_1     0.82%    passed     85.63%
 602  200814_20-09728_HIV09-02843_FL30_S2_L000_read_129_count_1     0.82%    passed     78.84%
 603  200814_20-09728_HIV09-02843_FL30_S2_L000_read_130_count_1     0.82%    passed     85.95%
 604  200814_20-09728_HIV09-02843_FL30_S2_L000_read_131_count_1     0.82%    passed     90.62%
 605  200814_20-09728_HIV09-02843_FL30_S2_L000_read_132_count_1     0.82%    passed     88.73%
 606  200814_20-09728_HIV09-02843_FL30_S2_L000_read_133_count_1     0.82%    passed     90.62%
 607  200814_20-09728_HIV09-02843_FL30_S2_L000_read_134_count_1     0.82%    passed     81.68%
 608  200814_20-09728_HIV09-02843_FL30_S2_L000_read_135_count_1     0.82%    passed     95.57%
 609  200814_20-09728_HIV09-02843_FL30_S2_L000_read_136_count_1     1.23%    passed     87.59%
 610  200814_20-09728_HIV09-02843_FL30_S2_L000_read_137_count_1     0.82%    passed     81.68%
 611  200814_20-09728_HIV09-02843_FL30_S2_L000_read_138_count_1     0.82%    passed     85.75%
 612  200814_20-09728_HIV09-02843_FL30_S2_L000_read_139_count_1     0.82%    passed     91.39%
 613  200814_20-09728_HIV09-02843_FL30_S2_L000_read_140_count_1     0.82%    passed     85.63%
 614  200814_20-09728_HIV09-02843_FL30_S2_L000_read_141_count_1     0.82%    passed     93.02%
 615  200814_20-09728_HIV09-02843_FL30_S2_L000_read_142_count_1     0.82%    passed     78.64%
 616  200814_20-09728_HIV09-02843_FL30_S2_L000_read_143_count_1     0.82%    passed     81.68%
 617  200814_20-09728_HIV09-02843_FL30_S2_L000_read_144_count_1     0.82%    passed     90.62%
 618  200814_20-09728_HIV09-02843_FL30_S2_L000_read_145_count_1     0.82%    passed     81.87%
 619  200814_20-09728_HIV09-02843_FL30_S2_L000_read_146_count_1     1.64%    passed     87.06%
 620  200814_20-09728_HIV09-02843_FL30_S2_L000_read_147_count_1     0.82%    passed     88.73%
 621  200814_20-09728_HIV09-02843_FL30_S2_L000_read_148_count_1     0.82%    passed     93.02%
 622  200814_20-09728_HIV09-02843_FL30_S2_L000_read_149_count_1     0.82%    passed     85.95%
 623  200814_20-09728_HIV09-02843_FL30_S2_L000_read_150_count_1     0.82%    passed     90.62%
 624  200724_20-08522_HIV11-02415_FL24_S18_L000_read_1_count_355    0.82%    passed     97.93%
 625  200724_20-08522_HIV11-02415_FL24_S18_L000_read_2_count_76     0.82%    passed     96.81%
 626  200724_20-08522_HIV11-02415_FL24_S18_L000_read_3_count_69     0.82%    passed     96.97%
 627  200724_20-08522_HIV11-02415_FL24_S18_L000_read_4_count_30     0.82%    passed     98.43%
 628  200724_20-08522_HIV11-02415_FL24_S18_L000_read_5_count_26     0.82%    passed     96.97%
 629  200724_20-08522_HIV11-02415_FL24_S18_L000_read_6_count_23     0.82%    passed     96.97%
 630  200724_20-08522_HIV11-02415_FL24_S18_L000_read_7_count_19     0.82%    passed     96.97%
 631  200724_20-08522_HIV11-02415_FL24_S18_L000_read_8_count_16     0.82%    passed     96.34%
 632  200724_20-08522_HIV11-02415_FL24_S18_L000_read_9_count_10     0.82%    passed     96.97%
 633  200724_20-08522_HIV11-02415_FL24_S18_L000_read_10_count_8     0.82%    passed     96.97%
 634  200724_20-08522_HIV11-02415_FL24_S18_L000_read_11_count_6     0.82%    passed     96.97%
 635  200724_20-08522_HIV11-02415_FL24_S18_L000_read_12_count_5     0.82%    passed     98.02%
 636  200724_20-08522_HIV11-02415_FL24_S18_L000_read_13_count_4     0.82%    passed     98.25%
 637  200724_20-08522_HIV11-02415_FL24_S18_L000_read_14_count_3     0.82%    passed     93.23%
 638  200724_20-08522_HIV11-02415_FL24_S18_L000_read_15_count_3     0.82%    passed     99.71%
 639  200724_20-08522_HIV11-02415_FL24_S18_L000_read_16_count_3     0.82%    passed     97.86%
 640  200724_20-08522_HIV11-02415_FL24_S18_L000_read_17_count_3     0.82%    passed     99.10%
 641  200724_20-08522_HIV11-02415_FL24_S18_L000_read_18_count_3     0.82%    passed     94.92%
 642  200724_20-08522_HIV11-02415_FL24_S18_L000_read_19_count_3     0.82%    passed     96.35%
 643  200724_20-08522_HIV11-02415_FL24_S18_L000_read_20_count_3     0.82%    passed     99.16%
 644  200724_20-08522_HIV11-02415_FL24_S18_L000_read_21_count_3     0.82%    passed     93.23%
 645  200724_20-08522_HIV11-02415_FL24_S18_L000_read_22_count_3     0.82%    passed     99.45%
 646  200724_20-08522_HIV11-02415_FL24_S18_L000_read_23_count_3     0.82%    passed     94.27%
 647  200724_20-08522_HIV11-02415_FL24_S18_L000_read_24_count_3     0.82%    passed     94.92%
 648  200724_20-08522_HIV11-02415_FL24_S18_L000_read_25_count_3     0.82%    passed     96.81%
 649  200724_20-08522_HIV11-02415_FL24_S18_L000_read_26_count_3     0.82%    passed     98.02%
 650  200724_20-08522_HIV11-02415_FL24_S18_L000_read_27_count_3     0.82%    passed     98.02%
 651  200724_20-08522_HIV11-02415_FL24_S18_L000_read_28_count_3     0.82%    passed     93.23%
 652  200724_20-08522_HIV11-02415_FL24_S18_L000_read_29_count_2     0.82%    passed     96.34%
 653  200724_20-08522_HIV11-02415_FL24_S18_L000_read_30_count_2     0.82%    passed     98.43%
 654  200724_20-08522_HIV11-02415_FL24_S18_L000_read_31_count_2     0.82%    passed     91.99%
 655  200724_20-08522_HIV11-02415_FL24_S18_L000_read_32_count_2     0.82%    passed     99.71%
 656  200724_20-08522_HIV11-02415_FL24_S18_L000_read_33_count_2     0.82%    passed     94.92%
 657  200724_20-08522_HIV11-02415_FL24_S18_L000_read_34_count_2     0.82%    passed     93.23%
 658  200724_20-08522_HIV11-02415_FL24_S18_L000_read_35_count_2     0.82%    passed     91.99%
 659  200724_20-08522_HIV11-02415_FL24_S18_L000_read_36_count_2     0.82%    passed     93.36%
 660  200724_20-08522_HIV11-02415_FL24_S18_L000_read_37_count_2     0.82%    passed     98.08%
 661  200724_20-08522_HIV11-02415_FL24_S18_L000_read_38_count_2     0.82%    passed     94.92%
 662  200724_20-08522_HIV11-02415_FL24_S18_L000_read_39_count_2     0.82%    passed     99.71%
 663  200724_20-08522_HIV11-02415_FL24_S18_L000_read_40_count_2     0.82%    passed     96.34%
 664  200724_20-08522_HIV11-02415_FL24_S18_L000_read_41_count_2     0.82%    passed     96.81%
 665  200724_20-08522_HIV11-02415_FL24_S18_L000_read_42_count_2     0.82%    passed     94.92%
 666  200724_20-08522_HIV11-02415_FL24_S18_L000_read_43_count_2     0.82%    passed     96.97%
 667  200724_20-08522_HIV11-02415_FL24_S18_L000_read_44_count_2     0.82%    passed     97.93%
 668  200724_20-08522_HIV11-02415_FL24_S18_L000_read_45_count_2     0.82%    passed     98.02%
 669  200724_20-08522_HIV11-02415_FL24_S18_L000_read_46_count_2     0.82%    passed     98.25%
 670  200724_20-08522_HIV11-02415_FL24_S18_L000_read_47_count_2     0.82%    passed     98.02%
 671  200724_20-08522_HIV11-02415_FL24_S18_L000_read_48_count_2     0.82%    passed     94.92%
 672  200724_20-08522_HIV11-02415_FL24_S18_L000_read_49_count_2     0.82%    passed     91.99%
 673  200724_20-08522_HIV11-02415_FL24_S18_L000_read_50_count_2     0.82%    passed     98.02%
 674  200724_20-08522_HIV11-02415_FL24_S18_L000_read_51_count_2     0.82%    passed     99.10%
 675  200724_20-08522_HIV11-02415_FL24_S18_L000_read_52_count_1     0.82%    passed     99.10%
 676  200724_20-08522_HIV11-02415_FL24_S18_L000_read_53_count_1     0.82%    passed     93.23%
 677  200724_20-08522_HIV11-02415_FL24_S18_L000_read_54_count_1     0.82%    passed     97.86%
 678  200724_20-08522_HIV11-02415_FL24_S18_L000_read_55_count_1     0.82%    passed     96.97%
 679  200724_20-08522_HIV11-02415_FL24_S18_L000_read_56_count_1     0.82%    passed     88.93%
 680  200724_20-08522_HIV11-02415_FL24_S18_L000_read_57_count_1     0.82%    passed     97.93%
 681  200724_20-08522_HIV11-02415_FL24_S18_L000_read_58_count_1     0.82%    passed     99.71%
 682  200724_20-08522_HIV11-02415_FL24_S18_L000_read_59_count_1     0.82%    passed     94.98%
 683  200724_20-08522_HIV11-02415_FL24_S18_L000_read_60_count_1     0.82%    passed     97.28%
 684  200724_20-08522_HIV11-02415_FL24_S18_L000_read_61_count_1     0.82%    passed     96.97%
 685  200724_20-08522_HIV11-02415_FL24_S18_L000_read_62_count_1     0.82%    passed     94.92%
 686  200724_20-08522_HIV11-02415_FL24_S18_L000_read_63_count_1     0.82%    passed     96.34%
 687  200724_20-08522_HIV11-02415_FL24_S18_L000_read_64_count_1     0.82%    passed     98.08%
 688  200724_20-08522_HIV11-02415_FL24_S18_L000_read_65_count_1     0.82%    passed     96.81%
 689  200724_20-08522_HIV11-02415_FL24_S18_L000_read_66_count_1     0.82%    passed     98.02%
 690  200724_20-08522_HIV11-02415_FL24_S18_L000_read_67_count_1     0.82%    passed     99.76%
 691  200724_20-08522_HIV11-02415_FL24_S18_L000_read_68_count_1     0.82%    passed     98.02%
 692  200724_20-08522_HIV11-02415_FL24_S18_L000_read_69_count_1     0.82%    passed     98.21%
 693  200724_20-08522_HIV11-02415_FL24_S18_L000_read_70_count_1     0.82%    passed     90.91%
 694  200724_20-08522_HIV11-02415_FL24_S18_L000_read_71_count_1     0.82%    passed     94.85%
 695  200724_20-08522_HIV11-02415_FL24_S18_L000_read_72_count_1     0.82%    passed     91.53%
 696  200724_20-08522_HIV11-02415_FL24_S18_L000_read_73_count_1     0.82%    passed     98.25%
 697  200724_20-08522_HIV11-02415_FL24_S18_L000_read_74_count_1     0.82%    passed     85.21%
 698  200724_20-08522_HIV11-02415_FL24_S18_L000_read_75_count_1     0.82%    passed     96.81%
 699  200724_20-08522_HIV11-02415_FL24_S18_L000_read_76_count_1     0.82%    passed     98.02%
 700  200724_20-08522_HIV11-02415_FL24_S18_L000_read_77_count_1     0.82%    passed     98.02%
 701  200724_20-08522_HIV11-02415_FL24_S18_L000_read_78_count_1     0.82%    passed     83.69%
 702  200724_20-08522_HIV11-02415_FL24_S18_L000_read_79_count_1     0.82%    passed     93.97%
 703  200724_20-08522_HIV11-02415_FL24_S18_L000_read_80_count_1     0.82%    passed     98.02%
 704  200724_20-08522_HIV11-02415_FL24_S18_L000_read_81_count_1     0.82%    passed     97.93%
 705  200724_20-08522_HIV11-02415_FL24_S18_L000_read_82_count_1     0.82%    passed     97.28%
 706  200724_20-08522_HIV11-02415_FL24_S18_L000_read_83_count_1     0.82%    passed     87.74%
 707  200724_20-08522_HIV11-02415_FL24_S18_L000_read_84_count_1     0.82%    passed     98.02%
 708  200724_20-08522_HIV11-02415_FL24_S18_L000_read_85_count_1     0.82%    passed     96.97%
 709  200724_20-08522_HIV11-02415_FL24_S18_L000_read_86_count_1     0.82%    passed     99.10%
 710  200724_20-08522_HIV11-02415_FL24_S18_L000_read_87_count_1     0.82%    passed     96.34%
 711  200724_20-08522_HIV11-02415_FL24_S18_L000_read_88_count_1     0.82%    passed     94.73%
 712  200724_20-08522_HIV11-02415_FL24_S18_L000_read_89_count_1     0.82%    passed     99.86%
 713  200724_20-08522_HIV11-02415_FL24_S18_L000_read_90_count_1     0.82%    passed     98.02%
 714  200724_20-08522_HIV11-02415_FL24_S18_L000_read_91_count_1     0.82%    passed     94.27%
 715  200724_20-08522_HIV11-02415_FL24_S18_L000_read_92_count_1     0.82%    passed     96.57%
 716  200724_20-08522_HIV11-02415_FL24_S18_L000_read_93_count_1     0.82%    passed     96.34%
 717  200724_20-08522_HIV11-02415_FL24_S18_L000_read_94_count_1     1.23%    passed     95.68%
 718  200724_20-08522_HIV11-02415_FL24_S18_L000_read_95_count_1     0.82%    passed     98.02%
 719  200724_20-08522_HIV11-02415_FL24_S18_L000_read_96_count_1     0.82%    passed     93.36%
 720  200724_20-08522_HIV11-02415_FL24_S18_L000_read_97_count_1     0.82%    passed     96.34%
 721  200724_20-08522_HIV11-02415_FL24_S18_L000_read_98_count_1     0.82%    passed     94.64%
 722  200724_20-08522_HIV11-02415_FL24_S18_L000_read_99_count_1     0.82%    passed     97.93%
 723  200724_20-08522_HIV11-02415_FL24_S18_L000_read_100_count_1    0.82%    passed     98.02%
 724  200724_20-08522_HIV11-02415_FL24_S18_L000_read_101_count_1    0.82%    passed     97.86%
 725  200724_20-08522_HIV11-02415_FL24_S18_L000_read_102_count_1    0.82%    passed     95.83%
 726  200724_20-08522_HIV11-02415_FL24_S18_L000_read_103_count_1    0.82%    passed     93.23%
 727  200724_20-08522_HIV11-02415_FL24_S18_L000_read_104_count_1    0.82%    passed     97.93%
 728  200724_20-08522_HIV11-02415_FL24_S18_L000_read_105_count_1    0.82%    passed     94.92%
 729  200724_20-08522_HIV11-02415_FL24_S18_L000_read_106_count_1    1.23%    passed     95.68%
 730  200724_20-08522_HIV11-02415_FL24_S18_L000_read_107_count_1    0.82%    passed     98.02%
 731  200724_20-08522_HIV11-02415_FL24_S18_L000_read_108_count_1    0.82%    passed     98.02%
 732  200724_20-08522_HIV11-02415_FL24_S18_L000_read_109_count_1    0.82%    passed     96.97%
 733  200724_20-08522_HIV11-02415_FL24_S18_L000_read_110_count_1    0.82%    passed     90.91%
 734  200724_20-08522_HIV11-02415_FL24_S18_L000_read_111_count_1    0.82%    passed     94.73%
 735  200724_20-08522_HIV11-02415_FL24_S18_L000_read_112_count_1    0.82%    passed     98.02%
 736  200724_20-08522_HIV11-02415_FL24_S18_L000_read_113_count_1    0.82%    passed     86.95%
 737  200724_20-08522_HIV11-02415_FL24_S18_L000_read_114_count_1    0.82%    passed     94.92%
 738  200724_20-08522_HIV11-02415_FL24_S18_L000_read_115_count_1    0.82%    passed     98.02%
 739  200724_20-08522_HIV11-02415_FL24_S18_L000_read_116_count_1    0.82%    passed     97.86%
 740  200724_20-08522_HIV11-02415_FL24_S18_L000_read_117_count_1    0.82%    passed     96.35%
 741  200724_20-08522_HIV11-02415_FL24_S18_L000_read_118_count_1    0.82%    passed     98.02%
 742  200724_20-08522_HIV11-02415_FL24_S18_L000_read_119_count_1    0.82%    passed     96.34%
 743  200724_20-08522_HIV11-02415_FL24_S18_L000_read_120_count_1    0.82%    passed     97.93%
 744  200724_20-08522_HIV11-02415_FL24_S18_L000_read_121_count_1    0.82%    passed     94.92%
 745  200724_20-08522_HIV11-02415_FL24_S18_L000_read_122_count_1    0.82%    passed     96.34%
 746  200724_20-08522_HIV11-02415_FL24_S18_L000_read_123_count_1    0.82%    passed     98.21%
 747  200724_20-08522_HIV11-02415_FL24_S18_L000_read_124_count_1    0.82%    passed     98.02%
 748  200724_20-08522_HIV11-02415_FL24_S18_L000_read_125_count_1    0.82%    passed     99.71%
 749  200724_20-08522_HIV11-02415_FL24_S18_L000_read_126_count_1    0.82%    passed     94.73%
 750  200724_20-08522_HIV11-02415_FL24_S18_L000_read_127_count_1    0.82%    passed     93.97%
 751  200724_20-08522_HIV11-02415_FL24_S18_L000_read_128_count_1    0.82%    passed     98.02%
 752  200724_20-08522_HIV11-02415_FL24_S18_L000_read_129_count_1    0.82%    passed     96.35%
 753  200724_20-08522_HIV11-02415_FL24_S18_L000_read_130_count_1    0.82%    passed     96.34%
 754  200724_20-08522_HIV11-02415_FL24_S18_L000_read_131_count_1    0.82%    passed     86.84%
 755  200724_20-08522_HIV11-02415_FL24_S18_L000_read_132_count_1    0.82%    passed     90.91%
 756  200724_20-08522_HIV11-02415_FL24_S18_L000_read_133_count_1    0.82%    passed     98.02%
 757  200724_20-08522_HIV11-02415_FL24_S18_L000_read_134_count_1    0.82%    passed     94.85%
 758  200724_20-08522_HIV11-02415_FL24_S18_L000_read_135_count_1    0.82%    passed     98.02%
 759  200724_20-08522_HIV11-02415_FL24_S18_L000_read_136_count_1    0.82%    passed     97.86%
 760  200724_20-08522_HIV11-02415_FL24_S18_L000_read_137_count_1    0.82%    passed     97.93%
 761  200724_20-08522_HIV11-02415_FL24_S18_L000_read_138_count_1    0.82%    passed     99.71%
 762  200724_20-08522_HIV11-02415_FL24_S18_L000_read_139_count_1    1.23%    passed     90.41%
 763  200724_20-08522_HIV11-02415_FL24_S18_L000_read_140_count_1    0.82%    passed     98.02%
 764  200724_20-08522_HIV11-02415_FL24_S18_L000_read_141_count_1    0.82%    passed     97.93%
 765  200724_20-08522_HIV11-02415_FL24_S18_L000_read_142_count_1    0.82%    passed     67.14%
 766  200724_20-08522_HIV11-02415_FL24_S18_L000_read_143_count_1    0.82%    passed     96.35%
 767  200724_20-08522_HIV11-02415_FL24_S18_L000_read_144_count_1    0.82%    passed     90.32%
 768  200724_20-08522_HIV11-02415_FL24_S18_L000_read_145_count_1    0.82%    passed     97.28%
 769  200724_20-08522_HIV11-02415_FL24_S18_L000_read_146_count_1    0.82%    passed     94.92%
 770  200724_20-08522_HIV11-02415_FL24_S18_L000_read_147_count_1    0.82%    passed     98.21%
 771  200724_20-08522_HIV11-02415_FL24_S18_L000_read_148_count_1    0.82%    passed     91.53%
 772  200724_20-08522_HIV11-02415_FL24_S18_L000_read_149_count_1    0.82%    passed     98.02%
 773  200724_20-08522_HIV11-02415_FL24_S18_L000_read_150_count_1    0.82%    passed     98.02%
 774  200724_20-08522_HIV11-02415_FL24_S18_L000_read_151_count_1    0.82%    passed     93.97%
 775  200724_20-08522_HIV11-02415_FL24_S18_L000_read_152_count_1    0.82%    passed     96.81%
 776  200724_20-08522_HIV11-02415_FL24_S18_L000_read_153_count_1    0.82%    passed     96.97%
 777  200724_20-08522_HIV11-02415_FL24_S18_L000_read_154_count_1    0.82%    passed     94.64%
 778  200724_20-08522_HIV11-02415_FL24_S18_L000_read_155_count_1    0.82%    passed     96.34%
 779  200724_20-08522_HIV11-02415_FL24_S18_L000_read_156_count_1    0.82%    passed     96.34%
 780  200724_20-08522_HIV11-02415_FL24_S18_L000_read_157_count_1    0.82%    passed     99.10%
 781  200724_20-08522_HIV11-02415_FL24_S18_L000_read_158_count_1    0.82%    passed     96.35%
 782  200724_20-08522_HIV11-02415_FL24_S18_L000_read_159_count_1    0.82%    passed     99.71%
 783  200724_20-08522_HIV11-02415_FL24_S18_L000_read_160_count_1    0.82%    passed     97.93%
 784  200724_20-08522_HIV11-02415_FL24_S18_L000_read_161_count_1    0.82%    passed     94.64%
 785  200724_20-08522_HIV11-02415_FL24_S18_L000_read_162_count_1    0.82%    passed     99.16%
 786  200724_20-08522_HIV11-02415_FL24_S18_L000_read_163_count_1    0.82%    passed     88.93%
 787  200724_20-08522_HIV11-02415_FL24_S18_L000_read_164_count_1    1.23%    passed     96.68%
 788  200724_20-08522_HIV11-02415_FL24_S18_L000_read_165_count_1    0.82%    passed     94.73%
 789  200724_20-08522_HIV11-02415_FL24_S18_L000_read_166_count_1    0.82%    passed     99.45%
 790  200724_20-08522_HIV11-02415_FL24_S18_L000_read_167_count_1    0.82%    passed     96.34%
 791  200724_20-08522_HIV11-02415_FL24_S18_L000_read_168_count_1    0.82%    passed     93.97%
 792  200724_20-08522_HIV11-02415_FL24_S18_L000_read_169_count_1    0.82%    passed     98.43%
 793  200724_20-08522_HIV11-02415_FL24_S18_L000_read_170_count_1    0.82%    passed     91.99%
 794  200724_20-08522_HIV11-02415_FL24_S18_L000_read_171_count_1    0.82%    passed     96.97%
 795  200724_20-08522_HIV11-02415_FL24_S18_L000_read_172_count_1    0.82%    passed     99.45%
 796  200724_20-08522_HIV11-02415_FL24_S18_L000_read_173_count_1    0.82%    passed     96.97%
 797  200724_20-08522_HIV11-02415_FL24_S18_L000_read_174_count_1    0.82%    passed     96.35%
 798  200724_20-08522_HIV11-02415_FL24_S18_L000_read_175_count_1    0.82%    passed     99.45%
 799  200724_20-08522_HIV11-02415_FL24_S18_L000_read_176_count_1    0.82%    passed     96.34%
 800  200724_20-08522_HIV11-02415_FL24_S18_L000_read_177_count_1    0.82%    passed     96.97%
 801  200724_20-08522_HIV11-02415_FL24_S18_L000_read_178_count_1    0.82%    passed     93.23%
 802  200724_20-08522_HIV11-02415_FL24_S18_L000_read_179_count_1    0.82%    passed     98.04%
 803  200724_20-08522_HIV11-02415_FL24_S18_L000_read_180_count_1    0.82%    passed     97.93%
 804  200724_20-08522_HIV11-02415_FL24_S18_L000_read_181_count_1    0.82%    passed     96.34%
 805  200724_20-08522_HIV11-02415_FL24_S18_L000_read_182_count_1    0.82%    passed     97.13%
 806  200724_20-08522_HIV11-02415_FL24_S18_L000_read_183_count_1    0.82%    passed     90.91%
 807  200724_20-08522_HIV11-02415_FL24_S18_L000_read_184_count_1    0.82%    passed     93.23%
 808  200724_20-08522_HIV11-02415_FL24_S18_L000_read_185_count_1    0.82%    passed     98.02%
 809  200724_20-08522_HIV11-02415_FL24_S18_L000_read_186_count_1    0.82%    passed     97.28%
 810  200724_20-08522_HIV11-02415_FL24_S18_L000_read_187_count_1    0.82%    passed     99.99%
 811  200724_20-08522_HIV11-02415_FL24_S18_L000_read_188_count_1    0.82%    passed     98.02%
 812  200724_20-08522_HIV11-02415_FL24_S18_L000_read_189_count_1    0.82%    passed     94.28%
 813  200724_20-08522_HIV11-02415_FL24_S18_L000_read_190_count_1    0.82%    passed     99.10%
 814  200724_20-08522_HIV11-02415_FL24_S18_L000_read_191_count_1    0.82%    passed     94.73%
 815  200724_20-08522_HIV11-02415_FL24_S18_L000_read_192_count_1    0.82%    passed     99.76%
 816  200724_20-08522_HIV11-02415_FL24_S18_L000_read_193_count_1    0.82%    passed     99.76%
 817  200724_20-08522_HIV11-02415_FL24_S18_L000_read_194_count_1    0.82%    passed     96.81%
 818  200724_20-08522_HIV11-02415_FL24_S18_L000_read_195_count_1    0.82%    passed     91.92%
 819  200724_20-08522_HIV11-02415_FL24_S18_L000_read_196_count_1    0.82%    passed     98.25%
 820  200724_20-08522_HIV11-02415_FL24_S18_L000_read_197_count_1    0.82%    passed     97.28%
 821  200724_20-08522_HIV11-02415_FL24_S18_L000_read_198_count_1    0.82%    passed     96.34%
 822  200724_20-08522_HIV11-02415_FL24_S18_L000_read_199_count_1    0.82%    passed     97.93%
 823  200724_20-08522_HIV11-02415_FL24_S18_L000_read_200_count_1    0.82%    passed     97.86%
 824  200724_20-08522_HIV11-02415_FL24_S18_L000_read_201_count_1    0.82%    passed     98.02%
 825  200724_20-08522_HIV11-02415_FL24_S18_L000_read_202_count_1    0.82%    passed     93.36%
 826  200724_20-08522_HIV11-02415_FL24_S18_L000_read_203_count_1    0.82%    passed     96.33%
 827  200724_20-08522_HIV11-02415_FL24_S18_L000_read_204_count_1    0.82%    passed     99.65%
 828  200724_20-08522_HIV11-02415_FL24_S18_L000_read_205_count_1    0.82%    passed     97.93%
 829  200724_20-08522_HIV11-02415_FL24_S18_L000_read_206_count_1    0.82%    passed     99.16%
 830  200724_20-08522_HIV11-02415_FL24_S18_L000_read_207_count_1    0.82%    passed     97.86%
 831  200724_20-08522_HIV11-02415_FL24_S18_L000_read_208_count_1    0.82%    passed     94.73%
 832  200724_20-08522_HIV11-02415_FL24_S18_L000_read_209_count_1    0.82%    passed     98.43%
 833  200724_20-08522_HIV11-02415_FL24_S18_L000_read_210_count_1    0.82%    passed     98.02%
 834  200724_20-08522_HIV11-02415_FL24_S18_L000_read_211_count_1    0.82%    passed     97.86%
 835  200724_20-08522_HIV11-02415_FL24_S18_L000_read_212_count_1    0.82%    passed     94.73%
 836  200724_20-08522_HIV11-02415_FL24_S18_L000_read_213_count_1    0.82%    passed     93.23%
 837  200724_20-08522_HIV11-02415_FL24_S18_L000_read_214_count_1    0.82%    passed     99.16%
 838  200724_20-08522_HIV11-02415_FL24_S18_L000_read_215_count_1    0.82%    passed     93.23%
 839  200724_20-08522_HIV11-02415_FL24_S18_L000_read_216_count_1    0.82%    passed     85.07%
 840  200724_20-08522_HIV11-02415_FL24_S18_L000_read_217_count_1    0.82%    passed     94.44%
 841  200724_20-08522_HIV11-02415_FL24_S18_L000_read_218_count_1    0.82%    passed     96.81%
 842  200724_20-08522_HIV11-02415_FL24_S18_L000_read_219_count_1    0.82%    passed     98.02%
 843  200724_20-08522_HIV11-02415_FL24_S18_L000_read_220_count_1    0.82%    passed     99.71%
 844  200724_20-08522_HIV11-02415_FL24_S18_L000_read_221_count_1    0.82%    passed     98.02%
 845  200724_20-08522_HIV11-02415_FL24_S18_L000_read_222_count_1    0.82%    passed     96.35%
 846  200724_20-08522_HIV11-02415_FL24_S18_L000_read_223_count_1    0.82%    passed     97.86%
 847  200724_20-08522_HIV11-02415_FL24_S18_L000_read_224_count_1    0.82%    passed     98.43%
 848  200724_20-08522_HIV11-02415_FL24_S18_L000_read_225_count_1    0.82%    passed     94.85%
 849  200724_20-08522_HIV11-02415_FL24_S18_L000_read_226_count_1    0.82%    passed     97.28%
 850  200724_20-08522_HIV11-02415_FL24_S18_L000_read_227_count_1    0.82%    passed     98.02%
 851  200724_20-08522_HIV11-02415_FL24_S18_L000_read_228_count_1    0.82%    passed     94.92%
 852  200724_20-08522_HIV11-02415_FL24_S18_L000_read_229_count_1    0.82%    passed     98.02%
 853  200724_20-08522_HIV11-02415_FL24_S18_L000_read_230_count_1    0.82%    passed     97.86%
 854  200724_20-08522_HIV11-02415_FL24_S18_L000_read_231_count_1    0.82%    passed     97.28%
 855  200724_20-08522_HIV11-02415_FL24_S18_L000_read_232_count_1    0.82%    passed     98.17%
 856  200724_20-08522_HIV11-02415_FL24_S18_L000_read_233_count_1    0.82%    passed     99.16%
 857  200724_20-08522_HIV11-02415_FL24_S18_L000_read_234_count_1    0.82%    passed     98.43%
 858  200724_20-08522_HIV11-02415_FL24_S18_L000_read_235_count_1    0.82%    passed     97.93%
 859  200724_20-08522_HIV11-02415_FL24_S18_L000_read_236_count_1    0.82%    passed     93.23%
 860  200724_20-08522_HIV11-02415_FL24_S18_L000_read_237_count_1    0.82%    passed     98.02%
 861  200724_20-08522_HIV11-02415_FL24_S18_L000_read_238_count_1    0.82%    passed     91.99%
 862  200724_20-08522_HIV11-02415_FL24_S18_L000_read_239_count_1    0.82%    passed     99.16%
 863  200724_20-08522_HIV11-02415_FL24_S18_L000_read_240_count_1    0.82%    passed     93.23%
 864  200724_20-08522_HIV11-02415_FL24_S18_L000_read_241_count_1    0.82%    passed     97.75%
 865  200724_20-08522_HIV11-02415_FL24_S18_L000_read_242_count_1    0.82%    passed     97.86%
 866  200724_20-08522_HIV11-02415_FL24_S18_L000_read_243_count_1    0.82%    passed     90.91%
 867  200724_20-08522_HIV11-02415_FL24_S18_L000_read_244_count_1    0.82%    passed     96.35%
 868  200724_20-08522_HIV11-02415_FL24_S18_L000_read_245_count_1    0.82%    passed     88.54%
 869  200724_20-08522_HIV11-02415_FL24_S18_L000_read_246_count_1    0.82%    passed     99.76%
 870  200724_20-08522_HIV11-02415_FL24_S18_L000_read_247_count_1    0.82%    passed     94.16%
 871  200724_20-08522_HIV11-02415_FL24_S18_L000_read_248_count_1    0.82%    passed     97.86%
 872  200724_20-08522_HIV11-02415_FL24_S18_L000_read_249_count_1    0.82%    passed     94.73%
 873  200724_20-08522_HIV11-02415_FL24_S18_L000_read_250_count_1    0.82%    passed     93.36%
 874  200724_20-08522_HIV11-02415_FL24_S18_L000_read_251_count_1    0.82%    passed     97.93%
 875  200724_20-08522_HIV11-02415_FL24_S18_L000_read_252_count_1    0.82%    passed     93.23%
 876  200724_20-08522_HIV11-02415_FL24_S18_L000_read_253_count_1    0.82%    passed     94.85%
 877  200724_20-08522_HIV11-02415_FL24_S18_L000_read_254_count_1    0.82%    passed     93.23%
 878  200724_20-08522_HIV11-02415_FL24_S18_L000_read_255_count_1    0.82%    passed     94.92%
 879  200724_20-08522_HIV11-02415_FL24_S18_L000_read_256_count_1    0.82%    passed     97.93%
 880  200724_20-08522_HIV11-02415_FL24_S18_L000_read_257_count_1    1.23%    passed     96.79%
 881  200724_20-08522_HIV11-02415_FL24_S18_L000_read_258_count_1    0.82%    passed     93.23%
 882  200724_20-08522_HIV11-02415_FL24_S18_L000_read_259_count_1    0.82%    passed     90.91%
 883  200724_20-08522_HIV11-02415_FL24_S18_L000_read_260_count_1    0.82%    passed     98.02%
 884  200724_20-08522_HIV11-02415_FL24_S18_L000_read_261_count_1    0.82%    passed     93.36%
 885  200724_20-08522_HIV11-02415_FL24_S18_L000_read_262_count_1    0.82%    passed     93.23%
 886  200724_20-08522_HIV11-02415_FL24_S18_L000_read_263_count_1    0.82%    passed     94.92%
 887  200724_20-08522_HIV11-02415_FL24_S18_L000_read_264_count_1    1.64%    passed     81.41%
 888  200724_20-08522_HIV11-02415_FL24_S18_L000_read_265_count_1    0.82%    passed     97.93%
 889  200724_20-08522_HIV11-02415_FL24_S18_L000_read_266_count_1    0.82%    passed     98.02%
 890  200724_20-08522_HIV11-02415_FL24_S18_L000_read_267_count_1    0.82%    passed     91.99%
 891  200724_20-08522_HIV11-02415_FL24_S18_L000_read_268_count_1    0.82%    passed     96.33%
 892  200724_20-08522_HIV11-02415_FL24_S18_L000_read_269_count_1    0.82%    passed     94.44%
 893  200724_20-08522_HIV11-02415_FL24_S18_L000_read_270_count_1    0.82%    passed     93.97%
 894  200724_20-08522_HIV11-02415_FL24_S18_L000_read_271_count_1    0.82%    passed     97.93%
 895  200724_20-08522_HIV11-02415_FL24_S18_L000_read_272_count_1    0.82%    passed     93.36%
 896  200724_20-08522_HIV11-02415_FL24_S18_L000_read_273_count_1    0.82%    passed     94.27%
 897  200724_20-08522_HIV11-02415_FL24_S18_L000_read_274_count_1    0.82%    passed     83.69%
 898  200724_20-08522_HIV11-02415_FL24_S18_L000_read_275_count_1    0.82%    passed     97.93%
 899  200724_20-08522_HIV11-02415_FL24_S18_L000_read_276_count_1    0.82%    passed     93.23%
 900  200724_20-08522_HIV11-02415_FL24_S18_L000_read_277_count_1    0.82%    passed     97.93%
 901  200724_20-08522_HIV11-02415_FL24_S18_L000_read_278_count_1    0.82%    passed     99.10%
 902  200724_20-08522_HIV11-02415_FL24_S18_L000_read_279_count_1    0.82%    passed     99.16%
 903  200724_20-08522_HIV11-02415_FL24_S18_L000_read_280_count_1    0.82%    passed     96.35%
 904  200724_20-08522_HIV11-02415_FL24_S18_L000_read_281_count_1    0.82%    passed     98.02%
 905  200724_20-08522_HIV11-02415_FL24_S18_L000_read_282_count_1    0.82%    passed     97.93%
 906  200724_20-08522_HIV11-02415_FL24_S18_L000_read_283_count_1    0.82%    passed     97.93%
 907  200724_20-08522_HIV11-02415_FL24_S18_L000_read_284_count_1    0.82%    passed     97.93%
 908  200724_20-08522_HIV11-02415_FL24_S18_L000_read_285_count_1    0.82%    passed     98.43%
 909  200724_20-08522_HIV11-02415_FL24_S18_L000_read_286_count_1    0.82%    passed     96.97%
 910  200724_20-08522_HIV11-02415_FL24_S18_L000_read_287_count_1    0.82%    passed     93.36%
 911  B.FR.83.HXB2_LAI_IIIB_BRU.K03455                              0.82%    passed     90.30%
 912  C.BW.00.00BW07621.AF443088                                    0.82%    passed     98.66%
****  TOTAL                                                         0.83%  0 sequences failed composition chi2 test (p-value<5%; df=3)
NOTE: 200724_20-08522_HIV11-02415_FL24_S18_L000_read_1_count_355 is identical to 200724_20-08518_HIV10-02405_FL24_S14_L000_read_107_count_1 but kept for subsequent analysis
Checking for duplicate sequences: done in 0.00300848 secs using 101.1% CPU

Create initial parsimony tree by phylogenetic likelihood library (PLL)... 0.146 seconds

NOTE: 42 MB RAM (0 GB) is required!
Estimate model parameters (epsilon = 0.100)
1. Initial log-likelihood: -8083.698
2. Current log-likelihood: -7866.162
3. Current log-likelihood: -7863.079
4. Current log-likelihood: -7857.953
Optimal log-likelihood: -7857.863
Rate parameters:  A-C: 1.74277  A-G: 2.53285  A-T: 0.74376  C-G: 0.36142  C-T: 3.95683  G-T: 1.00000
Base frequencies:  A: 0.408  C: 0.120  G: 0.264  T: 0.208
Site proportion and rates:  (0.084,0.202) (0.144,0.402) (0.207,0.689) (0.250,0.959) (0.306,1.623) (0.008,5.430)
Parameters optimization took 4 rounds (6.745 sec)
Wrote distance file to... 
Computing ML distances based on estimated model parameters...
Calculating distance matrix: done in 2.19053 secs using 200% CPU
Computing ML distances took 2.193408 sec (of wall-clock time) 4.383579 sec (of CPU time)
Setting up auxiliary I and S matrices: done in 0.0498563 secs using 186.1% CPU
Constructing RapidNJ tree: done in 0.514342 secs using 152.5% CPU
Computing RapidNJ tree took 0.564408 sec (of wall-clock time) 0.877402 sec (of CPU time)
Log-likelihood of RapidNJ tree: -7812.498
--------------------------------------------------------------------
|             INITIALIZING CANDIDATE TREE SET                      |
--------------------------------------------------------------------
Generating 98 parsimony trees... 15.338 second
Computing log-likelihood of 98 initial trees ... 11.514 seconds
Current best score: -7807.911

Do NNI search on 20 best initial trees
Optimizing NNI: done in 1.50304 secs using 197.7% CPU
Estimate model parameters (epsilon = 0.100)
BETTER TREE FOUND at iteration 1: -7801.554
Optimizing NNI: done in 1.50444 secs using 196.7% CPU
Optimizing NNI: done in 1.23336 secs using 196.5% CPU
Optimizing NNI: done in 1.94507 secs using 196.1% CPU
Estimate model parameters (epsilon = 0.100)
BETTER TREE FOUND at iteration 4: -7800.902
Optimizing NNI: done in 1.91616 secs using 196.5% CPU
Estimate model parameters (epsilon = 0.100)
BETTER TREE FOUND at iteration 5: -7754.345
Optimizing NNI: done in 1.15944 secs using 195.9% CPU
Optimizing NNI: done in 1.81557 secs using 196.5% CPU
Optimizing NNI: done in 1.51829 secs using 195.2% CPU
Optimizing NNI: done in 1.77792 secs using 197.7% CPU
Optimizing NNI: done in 1.57539 secs using 196.5% CPU
Iteration 10 / LogL: -7814.339 / Time: 0h:1m:3s
Optimizing NNI: done in 1.70393 secs using 196% CPU
Optimizing NNI: done in 1.02892 secs using 192.5% CPU
Optimizing NNI: done in 0.970548 secs using 196.4% CPU
Optimizing NNI: done in 1.08268 secs using 193.9% CPU
Optimizing NNI: done in 1.28638 secs using 197.6% CPU
Optimizing NNI: done in 0.993384 secs using 196.4% CPU
Optimizing NNI: done in 1.75876 secs using 196.6% CPU
Optimizing NNI: done in 1.52926 secs using 196.2% CPU
Optimizing NNI: done in 1.2933 secs using 196.2% CPU
Optimizing NNI: done in 1.53764 secs using 196.2% CPU
Iteration 20 / LogL: -7819.754 / Time: 0h:1m:16s
Finish initializing candidate tree set (20)
Current best tree score: -7754.345 / CPU time: 65.983
Number of iterations: 20
--------------------------------------------------------------------
|               OPTIMIZING CANDIDATE TREE SET                      |
--------------------------------------------------------------------
Optimizing NNI: done in 2.61495 secs using 196.4% CPU
Optimizing NNI: done in 2.13611 secs using 194.2% CPU
Optimizing NNI: done in 2.23862 secs using 195.2% CPU
Optimizing NNI: done in 2.20134 secs using 196.1% CPU
Optimizing NNI: done in 2.82256 secs using 196.5% CPU
Optimizing NNI: done in 2.63337 secs using 195.4% CPU
Optimizing NNI: done in 1.95778 secs using 196.1% CPU
Optimizing NNI: done in 2.60149 secs using 195.4% CPU
Optimizing NNI: done in 2.90173 secs using 196.4% CPU
Optimizing NNI: done in 2.58695 secs using 195.8% CPU
Iteration 30 / LogL: -7785.849 / Time: 0h:1m:42s (0h:4m:25s left)
Optimizing NNI: done in 1.89464 secs using 195.2% CPU
Optimizing NNI: done in 2.39845 secs using 196.1% CPU
Optimizing NNI: done in 2.75443 secs using 197% CPU
Optimizing NNI: done in 2.05192 secs using 196% CPU
Optimizing NNI: done in 2.13167 secs using 195.6% CPU
Optimizing NNI: done in 2.59644 secs using 195.7% CPU
Optimizing NNI: done in 2.38029 secs using 195.8% CPU
Optimizing NNI: done in 2.63097 secs using 195.9% CPU
Optimizing NNI: done in 2.39427 secs using 194.8% CPU
Optimizing NNI: done in 2.35331 secs using 195.6% CPU
Iteration 40 / LogL: -7791.584 / Time: 0h:2m:7s (0h:3m:32s left)
Optimizing NNI: done in 2.11062 secs using 195.3% CPU
Optimizing NNI: done in 2.60305 secs using 195.7% CPU
Optimizing NNI: done in 2.06204 secs using 195% CPU
Optimizing NNI: done in 2.64119 secs using 196.2% CPU
Optimizing NNI: done in 2.38037 secs using 195.4% CPU
Optimizing NNI: done in 2.37944 secs using 195.8% CPU
Optimizing NNI: done in 2.8918 secs using 195.2% CPU
Optimizing NNI: done in 2.18124 secs using 195.7% CPU
Optimizing NNI: done in 2.51691 secs using 196.1% CPU
Optimizing NNI: done in 2.15908 secs using 194.6% CPU
Iteration 50 / LogL: -7760.162 / Time: 0h:2m:32s (0h:2m:51s left)
Optimizing NNI: done in 2.73752 secs using 195.8% CPU
Optimizing NNI: done in 2.32126 secs using 196.4% CPU
Optimizing NNI: done in 2.05572 secs using 195.4% CPU
Optimizing NNI: done in 2.46783 secs using 195.5% CPU
Optimizing NNI: done in 2.62181 secs using 196.2% CPU
Optimizing NNI: done in 2.50144 secs using 197.5% CPU
Optimizing NNI: done in 2.11436 secs using 196.6% CPU
Optimizing NNI: done in 2.56374 secs using 197.3% CPU
Optimizing NNI: done in 2.21371 secs using 195.5% CPU
Optimizing NNI: done in 2.18599 secs using 196.6% CPU
Iteration 60 / LogL: -7774.460 / Time: 0h:2m:57s (0h:2m:15s left)
Optimizing NNI: done in 2.08675 secs using 196.7% CPU
Optimizing NNI: done in 2.35361 secs using 195.4% CPU
Optimizing NNI: done in 2.15378 secs using 196.1% CPU
Optimizing NNI: done in 2.36072 secs using 196.5% CPU
Optimizing NNI: done in 1.92823 secs using 194% CPU
Optimizing NNI: done in 1.77176 secs using 196.4% CPU
Optimizing NNI: done in 2.12638 secs using 196.9% CPU
Optimizing NNI: done in 2.10839 secs using 196.4% CPU
Optimizing NNI: done in 2.57384 secs using 196.1% CPU
Optimizing NNI: done in 2.8023 secs using 196.4% CPU
Iteration 70 / LogL: -7770.731 / Time: 0h:3m:21s (0h:1m:42s left)
Optimizing NNI: done in 2.27782 secs using 196.5% CPU
Optimizing NNI: done in 1.55742 secs using 197.1% CPU
Optimizing NNI: done in 2.46786 secs using 197.1% CPU
Optimizing NNI: done in 2.741 secs using 197.1% CPU
Optimizing NNI: done in 2.39399 secs using 196.6% CPU
Optimizing NNI: done in 2.40648 secs using 196.1% CPU
Optimizing NNI: done in 2.25036 secs using 196.2% CPU
Optimizing NNI: done in 2.83335 secs using 196.5% CPU
Optimizing NNI: done in 2.22602 secs using 195.6% CPU
Optimizing NNI: done in 1.90033 secs using 194.8% CPU
Iteration 80 / LogL: -7774.351 / Time: 0h:3m:45s (0h:1m:11s left)
Optimizing NNI: done in 2.57961 secs using 196.8% CPU
Optimizing NNI: done in 2.43016 secs using 195.7% CPU
Optimizing NNI: done in 2.32749 secs using 196.3% CPU
Optimizing NNI: done in 2.82453 secs using 196.6% CPU
Optimizing NNI: done in 2.18031 secs using 195.9% CPU
Optimizing NNI: done in 2.26963 secs using 196.3% CPU
Optimizing NNI: done in 2.1712 secs using 195.7% CPU
Optimizing NNI: done in 2.31791 secs using 196.8% CPU
Optimizing NNI: done in 2.17424 secs using 195.2% CPU
Optimizing NNI: done in 2.02544 secs using 196.8% CPU
Iteration 90 / LogL: -7761.940 / Time: 0h:4m:10s (0h:0m:42s left)
Optimizing NNI: done in 2.25906 secs using 194.2% CPU
Optimizing NNI: done in 2.51802 secs using 196.1% CPU
Optimizing NNI: done in 2.22856 secs using 196.1% CPU
Optimizing NNI: done in 2.55482 secs using 196.1% CPU
Optimizing NNI: done in 2.25792 secs using 196.6% CPU
Optimizing NNI: done in 2.07972 secs using 195.8% CPU
Optimizing NNI: done in 2.35296 secs using 196.1% CPU
Optimizing NNI: done in 2.86747 secs using 196.6% CPU
Optimizing NNI: done in 2.11982 secs using 196% CPU
Optimizing NNI: done in 2.08956 secs using 195.6% CPU
Iteration 100 / LogL: -7770.121 / Time: 0h:4m:34s (0h:0m:13s left)
Optimizing NNI: done in 2.75077 secs using 196.2% CPU
Optimizing NNI: done in 2.29386 secs using 195% CPU
Optimizing NNI: done in 2.47913 secs using 195.6% CPU
Optimizing NNI: done in 1.96892 secs using 195.1% CPU
Optimizing NNI: done in 2.6751 secs using 197% CPU
Optimizing NNI: done in 2.97717 secs using 196% CPU
TREE SEARCH COMPLETED AFTER 106 ITERATIONS / Time: 0h:4m:50s

--------------------------------------------------------------------
|                    FINALIZING TREE SEARCH                        |
--------------------------------------------------------------------
Performs final model parameters optimization
Estimate model parameters (epsilon = 0.010)
1. Initial log-likelihood: -7754.345
2. Current log-likelihood: -7754.322
3. Current log-likelihood: -7754.306
4. Current log-likelihood: -7754.294
Optimal log-likelihood: -7754.284
Rate parameters:  A-C: 1.61349  A-G: 2.38509  A-T: 0.53930  C-G: 0.28342  C-T: 3.38101  G-T: 1.00000
Base frequencies:  A: 0.408  C: 0.120  G: 0.264  T: 0.208
Site proportion and rates:  (0.096,0.242) (0.140,0.318) (0.220,0.835) (0.284,0.930) (0.252,1.705) (0.009,6.068)
Parameters optimization took 4 rounds (5.313 sec)
BEST SCORE FOUND : -7754.284
Total tree length: 4.585

Total number of iterations: 106
CPU time used for tree search: 525.562 sec (0h:8m:45s)
Wall-clock time used for tree search: 280.039 sec (0h:4m:40s)
Total CPU time used: 556.832 sec (0h:9m:16s)
Total wall-clock time used: 296.136 sec (0h:4m:56s)

Analysis results written to: 
  IQ-TREE report:                IQTREE_bestTree.InWindow_4930_to_5180.iqtree
  Maximum-likelihood tree:       IQTREE_bestTree.InWindow_4930_to_5180.treefile
  Likelihood distances:          IQTREE_bestTree.InWindow_4930_to_5180.mldist
  Screen log file:               IQTREE_bestTree.InWindow_4930_to_5180.log

Date and Time: Tue Jul 25 12:24:10 2023
