IQ-TREE multicore version 2.2.2.7 COVID-edition for Linux 64-bit built Jun  7 2023
Developed by Bui Quang Minh, James Barbetti, Nguyen Lam Tung,
Olga Chernomor, Heiko Schmidt, Dominik Schrempf, Michael Woodhams, Ly Trong Nhan.

Host:    hpc-node03 (AVX2, FMA3, 1007 GB RAM)
Command: iqtree -s AlignedReadsInWindow_PositionsExcised_4710_to_4960.fasta -pre IQTREE_bestTree.InWindow_4710_to_4960 -m GTR+F+R6 -nt 4
Seed:    259694 (Using SPRNG - Scalable Parallel Random Number Generator)
Time:    Sun Jul 23 04:24:33 2023
Kernel:  AVX+FMA - 4 threads (4 CPU cores detected)

Reading alignment file AlignedReadsInWindow_PositionsExcised_4710_to_4960.fasta ... Fasta format detected
Reading fasta file: done in 0.00356604 secs
Alignment most likely contains DNA/RNA sequences
Constructing alignment: done in 0.00197418 secs using 179.4% CPU
Alignment has 434 sequences with 283 columns, 218 distinct patterns
108 parsimony-informative, 91 singleton sites, 84 constant sites
                                                            Gap/Ambiguity  Composition  p-value
Analyzing sequences: done in 0.0142816 secs using 297.1% CPU
   1  200724_20-08522_HIV11-02415_FL24_S18_L000_read_1_count_327   13.43%    passed     99.41%
   2  200724_20-08522_HIV11-02415_FL24_S18_L000_read_2_count_32    13.43%    passed     99.02%
   3  200724_20-08522_HIV11-02415_FL24_S18_L000_read_3_count_21    13.43%    passed     99.02%
   4  200724_20-08522_HIV11-02415_FL24_S18_L000_read_4_count_10    13.43%    passed     97.37%
   5  200724_20-08522_HIV11-02415_FL24_S18_L000_read_5_count_4     13.43%    passed     99.03%
   6  200724_20-08522_HIV11-02415_FL24_S18_L000_read_6_count_4     13.43%    passed     99.02%
   7  200724_20-08522_HIV11-02415_FL24_S18_L000_read_7_count_3     13.43%    passed     99.03%
   8  200724_20-08522_HIV11-02415_FL24_S18_L000_read_8_count_3     13.43%    passed     99.02%
   9  200724_20-08522_HIV11-02415_FL24_S18_L000_read_9_count_3     13.43%    passed     99.02%
  10  200724_20-08522_HIV11-02415_FL24_S18_L000_read_10_count_3    13.43%    passed     99.16%
  11  200724_20-08522_HIV11-02415_FL24_S18_L000_read_11_count_2    13.43%    passed     99.02%
  12  200724_20-08522_HIV11-02415_FL24_S18_L000_read_12_count_2    13.43%    passed     99.03%
  13  200724_20-08522_HIV11-02415_FL24_S18_L000_read_13_count_2    13.43%    passed     99.16%
  14  200724_20-08522_HIV11-02415_FL24_S18_L000_read_14_count_2    13.43%    passed     99.58%
  15  200724_20-08522_HIV11-02415_FL24_S18_L000_read_15_count_2    13.43%    passed     99.16%
  16  200724_20-08522_HIV11-02415_FL24_S18_L000_read_16_count_2    13.43%    passed     97.54%
  17  200724_20-08522_HIV11-02415_FL24_S18_L000_read_17_count_2    13.43%    passed     99.04%
  18  200724_20-08522_HIV11-02415_FL24_S18_L000_read_18_count_2    13.43%    passed     99.86%
  19  200724_20-08522_HIV11-02415_FL24_S18_L000_read_19_count_2    13.43%    passed     97.37%
  20  200724_20-08522_HIV11-02415_FL24_S18_L000_read_20_count_2    13.43%    passed     99.86%
  21  200724_20-08522_HIV11-02415_FL24_S18_L000_read_21_count_2    13.43%    passed     99.16%
  22  200724_20-08522_HIV11-02415_FL24_S18_L000_read_22_count_2    13.43%    passed     97.37%
  23  200724_20-08522_HIV11-02415_FL24_S18_L000_read_23_count_2    13.43%    passed     99.02%
  24  200724_20-08522_HIV11-02415_FL24_S18_L000_read_24_count_1    13.43%    passed     97.54%
  25  200724_20-08522_HIV11-02415_FL24_S18_L000_read_25_count_1    13.43%    passed     99.04%
  26  200724_20-08522_HIV11-02415_FL24_S18_L000_read_26_count_1    13.43%    passed     99.03%
  27  200724_20-08522_HIV11-02415_FL24_S18_L000_read_27_count_1    13.43%    passed     99.03%
  28  200724_20-08522_HIV11-02415_FL24_S18_L000_read_28_count_1    13.07%    passed     99.51%
  29  200724_20-08522_HIV11-02415_FL24_S18_L000_read_29_count_1    16.61%    passed     95.93%
  30  200724_20-08522_HIV11-02415_FL24_S18_L000_read_30_count_1    13.43%    passed     96.07%
  31  200724_20-08522_HIV11-02415_FL24_S18_L000_read_31_count_1    13.43%    passed     96.80%
  32  200724_20-08522_HIV11-02415_FL24_S18_L000_read_32_count_1    13.43%    passed     99.02%
  33  200724_20-08522_HIV11-02415_FL24_S18_L000_read_33_count_1    13.43%    passed     99.94%
  34  200724_20-08522_HIV11-02415_FL24_S18_L000_read_34_count_1    13.43%    passed     99.16%
  35  200724_20-08522_HIV11-02415_FL24_S18_L000_read_35_count_1    13.43%    passed     99.04%
  36  200724_20-08522_HIV11-02415_FL24_S18_L000_read_36_count_1    13.43%    passed     96.82%
  37  200724_20-08522_HIV11-02415_FL24_S18_L000_read_37_count_1    13.07%    passed     99.51%
  38  200724_20-08522_HIV11-02415_FL24_S18_L000_read_38_count_1    13.43%    passed     99.16%
  39  200724_20-08522_HIV11-02415_FL24_S18_L000_read_39_count_1    13.43%    passed     99.08%
  40  200724_20-08522_HIV11-02415_FL24_S18_L000_read_40_count_1    13.78%    passed     99.73%
  41  200724_20-08522_HIV11-02415_FL24_S18_L000_read_41_count_1    13.43%    passed     99.89%
  42  200724_20-08522_HIV11-02415_FL24_S18_L000_read_42_count_1    13.43%    passed     97.37%
  43  200724_20-08522_HIV11-02415_FL24_S18_L000_read_43_count_1    13.43%    passed     99.94%
  44  200724_20-08522_HIV11-02415_FL24_S18_L000_read_44_count_1    13.43%    passed     99.08%
  45  200724_20-08522_HIV11-02415_FL24_S18_L000_read_45_count_1    13.43%    passed     99.16%
  46  200724_20-08522_HIV11-02415_FL24_S18_L000_read_46_count_1    13.43%    passed     99.94%
  47  200724_20-08522_HIV11-02415_FL24_S18_L000_read_47_count_1    13.43%    passed     96.89%
  48  200724_20-08522_HIV11-02415_FL24_S18_L000_read_48_count_1    13.43%    passed     99.04%
  49  200724_20-08522_HIV11-02415_FL24_S18_L000_read_49_count_1    13.43%    passed     96.07%
  50  200724_20-08522_HIV11-02415_FL24_S18_L000_read_50_count_1    13.43%    passed     99.16%
  51  200724_20-08522_HIV11-02415_FL24_S18_L000_read_51_count_1    13.43%    passed     99.02%
  52  200724_20-08522_HIV11-02415_FL24_S18_L000_read_52_count_1    13.43%    passed     97.54%
  53  200724_20-08522_HIV11-02415_FL24_S18_L000_read_53_count_1    13.43%    passed     99.16%
  54  200724_20-08522_HIV11-02415_FL24_S18_L000_read_54_count_1    13.43%    passed     95.13%
  55  200724_20-08522_HIV11-02415_FL24_S18_L000_read_55_count_1    13.43%    passed     98.85%
  56  200724_20-08522_HIV11-02415_FL24_S18_L000_read_56_count_1    13.43%    passed     99.02%
  57  200724_20-08522_HIV11-02415_FL24_S18_L000_read_57_count_1    13.43%    passed     98.23%
  58  200724_20-08522_HIV11-02415_FL24_S18_L000_read_58_count_1    13.43%    passed     99.03%
  59  200724_20-08522_HIV11-02415_FL24_S18_L000_read_59_count_1    13.43%    passed     96.11%
  60  200724_20-08522_HIV11-02415_FL24_S18_L000_read_60_count_1    13.43%    passed     97.83%
  61  200724_20-08522_HIV11-02415_FL24_S18_L000_read_61_count_1    13.78%    passed     99.01%
  62  200724_20-08522_HIV11-02415_FL24_S18_L000_read_62_count_1    13.43%    passed     99.04%
  63  200724_20-08522_HIV11-02415_FL24_S18_L000_read_63_count_1    13.43%    passed     97.54%
  64  200724_20-08522_HIV11-02415_FL24_S18_L000_read_64_count_1    13.43%    passed     99.41%
  65  200724_20-08522_HIV11-02415_FL24_S18_L000_read_65_count_1    13.07%    passed     99.48%
  66  200724_20-08522_HIV11-02415_FL24_S18_L000_read_66_count_1    13.43%    passed     96.99%
  67  200724_20-08522_HIV11-02415_FL24_S18_L000_read_67_count_1    13.43%    passed     99.08%
  68  200724_20-08522_HIV11-02415_FL24_S18_L000_read_68_count_1    13.43%    passed     97.37%
  69  200724_20-08522_HIV11-02415_FL24_S18_L000_read_69_count_1    13.43%    passed     99.58%
  70  200724_20-08522_HIV11-02415_FL24_S18_L000_read_70_count_1    13.43%    passed     99.41%
  71  200724_20-08522_HIV11-02415_FL24_S18_L000_read_71_count_1    13.43%    passed     99.16%
  72  200724_20-08522_HIV11-02415_FL24_S18_L000_read_72_count_1    13.43%    passed     96.99%
  73  200724_20-08522_HIV11-02415_FL24_S18_L000_read_73_count_1    13.43%    passed     99.16%
  74  200724_20-08522_HIV11-02415_FL24_S18_L000_read_74_count_1    13.43%    passed     96.73%
  75  200724_20-08522_HIV11-02415_FL24_S18_L000_read_75_count_1    13.43%    passed     99.94%
  76  200724_20-08522_HIV11-02415_FL24_S18_L000_read_76_count_1    13.43%    passed     99.03%
  77  200724_20-08522_HIV11-02415_FL24_S18_L000_read_77_count_1    13.43%    passed     99.04%
  78  200724_20-08522_HIV11-02415_FL24_S18_L000_read_78_count_1    13.43%    passed     99.41%
  79  200724_20-08522_HIV11-02415_FL24_S18_L000_read_79_count_1    13.43%    passed     96.05%
  80  200724_20-08522_HIV11-02415_FL24_S18_L000_read_80_count_1    13.43%    passed     99.08%
  81  200724_20-08522_HIV11-02415_FL24_S18_L000_read_81_count_1    13.43%    passed     99.16%
  82  200724_20-08522_HIV11-02415_FL24_S18_L000_read_82_count_1    13.43%    passed     98.36%
  83  200724_20-08522_HIV11-02415_FL24_S18_L000_read_83_count_1    13.43%    passed     97.74%
  84  200724_20-08522_HIV11-02415_FL24_S18_L000_read_84_count_1    13.43%    passed     97.37%
  85  200724_20-08522_HIV11-02415_FL24_S18_L000_read_85_count_1    13.43%    passed     99.08%
  86  200724_20-08522_HIV11-02415_FL24_S18_L000_read_86_count_1    13.43%    passed     98.56%
  87  200724_20-08522_HIV11-02415_FL24_S18_L000_read_87_count_1    13.43%    passed     99.02%
  88  200724_20-08522_HIV11-02415_FL24_S18_L000_read_88_count_1    13.43%    passed     96.89%
  89  200724_20-08522_HIV11-02415_FL24_S18_L000_read_89_count_1    13.43%    passed     99.86%
  90  200724_20-08522_HIV11-02415_FL24_S18_L000_read_90_count_1    13.43%    passed     99.04%
  91  200724_20-08522_HIV11-02415_FL24_S18_L000_read_91_count_1    13.43%    passed     99.86%
  92  200724_20-08522_HIV11-02415_FL24_S18_L000_read_92_count_1    13.43%    passed     99.92%
  93  200724_20-08522_HIV11-02415_FL24_S18_L000_read_93_count_1    13.43%    passed     99.16%
  94  200724_20-08522_HIV11-02415_FL24_S18_L000_read_94_count_1    13.43%    passed     99.04%
  95  200724_20-08522_HIV11-02415_FL24_S18_L000_read_95_count_1    20.85%    passed     89.40%
  96  200724_20-08522_HIV11-02415_FL24_S18_L000_read_96_count_1    13.43%    passed     98.85%
  97  200724_20-08522_HIV11-02415_FL24_S18_L000_read_97_count_1    13.43%    passed     97.37%
  98  200724_20-08522_HIV11-02415_FL24_S18_L000_read_98_count_1    13.43%    passed     97.37%
  99  200724_20-08522_HIV11-02415_FL24_S18_L000_read_99_count_1    13.43%    passed     99.16%
 100  200724_20-08522_HIV11-02415_FL24_S18_L000_read_100_count_1   13.43%    passed     92.74%
 101  200724_20-08522_HIV11-02415_FL24_S18_L000_read_101_count_1   13.43%    passed     98.85%
 102  200724_20-08522_HIV11-02415_FL24_S18_L000_read_102_count_1   13.43%    passed     96.07%
 103  200724_20-08522_HIV11-02415_FL24_S18_L000_read_103_count_1   13.43%    passed     97.37%
 104  200724_20-08522_HIV11-02415_FL24_S18_L000_read_104_count_1   13.43%    passed     99.02%
 105  200724_20-08522_HIV11-02415_FL24_S18_L000_read_105_count_1   13.43%    passed     99.16%
 106  200724_20-08522_HIV11-02415_FL24_S18_L000_read_106_count_1   13.43%    passed     99.16%
 107  200724_20-08522_HIV11-02415_FL24_S18_L000_read_107_count_1   13.43%    passed     97.30%
 108  200724_20-08522_HIV11-02415_FL24_S18_L000_read_108_count_1   13.43%    passed     99.08%
 109  200724_20-08522_HIV11-02415_FL24_S18_L000_read_109_count_1   13.43%    passed     99.16%
 110  200724_20-08522_HIV11-02415_FL24_S18_L000_read_110_count_1   13.43%    passed     97.54%
 111  200724_20-08522_HIV11-02415_FL24_S18_L000_read_111_count_1   13.43%    passed     99.86%
 112  200724_20-08522_HIV11-02415_FL24_S18_L000_read_112_count_1   13.43%    passed     97.74%
 113  200724_20-08522_HIV11-02415_FL24_S18_L000_read_113_count_1   13.43%    passed     98.85%
 114  200724_20-08522_HIV11-02415_FL24_S18_L000_read_114_count_1   13.78%    passed     99.01%
 115  200724_20-08522_HIV11-02415_FL24_S18_L000_read_115_count_1   13.43%    passed     99.16%
 116  200724_20-08522_HIV11-02415_FL24_S18_L000_read_116_count_1   13.78%    passed     97.01%
 117  200724_20-08522_HIV11-02415_FL24_S18_L000_read_117_count_1   13.43%    passed     97.54%
 118  200724_20-08522_HIV11-02415_FL24_S18_L000_read_118_count_1   13.43%    passed     99.86%
 119  200724_20-08522_HIV11-02415_FL24_S18_L000_read_119_count_1   13.43%    passed     99.08%
 120  200724_20-08522_HIV11-02415_FL24_S18_L000_read_120_count_1   13.43%    passed     99.16%
 121  200724_20-08522_HIV11-02415_FL24_S18_L000_read_121_count_1   13.43%    passed     98.85%
 122  200724_20-08522_HIV11-02415_FL24_S18_L000_read_122_count_1   13.43%    passed     97.37%
 123  200724_20-08522_HIV11-02415_FL24_S18_L000_read_123_count_1   13.43%    passed     99.04%
 124  200724_20-08522_HIV11-02415_FL24_S18_L000_read_124_count_1   13.43%    passed     97.74%
 125  200724_20-08522_HIV11-02415_FL24_S18_L000_read_125_count_1   13.43%    passed     99.16%
 126  200724_20-08522_HIV11-02415_FL24_S18_L000_read_126_count_1   13.43%    passed     97.37%
 127  200724_20-08522_HIV11-02415_FL24_S18_L000_read_127_count_1   13.43%    passed     99.04%
 128  200724_20-08522_HIV11-02415_FL24_S18_L000_read_128_count_1   13.43%    passed     99.94%
 129  200724_20-08522_HIV11-02415_FL24_S18_L000_read_129_count_1   13.78%    passed     97.01%
 130  200724_20-08522_HIV11-02415_FL24_S18_L000_read_130_count_1   13.43%    passed     97.74%
 131  200724_20-08522_HIV11-02415_FL24_S18_L000_read_131_count_1   13.43%    passed     97.37%
 132  200724_20-08522_HIV11-02415_FL24_S18_L000_read_132_count_1   13.43%    passed     99.04%
 133  200724_20-08522_HIV11-02415_FL24_S18_L000_read_133_count_1   13.43%    passed     99.16%
 134  200709_20-07994_HIV07-01067_FL21_S1_L000_read_1_count_498    13.43%    passed     99.39%
 135  200709_20-07994_HIV07-01067_FL21_S1_L000_read_2_count_93     13.43%    passed     98.96%
 136  200709_20-07994_HIV07-01067_FL21_S1_L000_read_3_count_2      13.43%    passed     99.56%
 137  200709_20-07994_HIV07-01067_FL21_S1_L000_read_4_count_2      13.78%    passed     98.94%
 138  200709_20-07994_HIV07-01067_FL21_S1_L000_read_5_count_2      13.43%    passed     99.56%
 139  200709_20-07994_HIV07-01067_FL21_S1_L000_read_6_count_2      13.43%    passed     98.47%
 140  200709_20-07994_HIV07-01067_FL21_S1_L000_read_7_count_2      13.43%    passed     99.89%
 141  200709_20-07994_HIV07-01067_FL21_S1_L000_read_8_count_2      13.43%    passed     98.47%
 142  200709_20-07994_HIV07-01067_FL21_S1_L000_read_9_count_2      13.43%    passed     98.47%
 143  200709_20-07994_HIV07-01067_FL21_S1_L000_read_10_count_2     13.43%    passed     99.56%
 144  200709_20-07994_HIV07-01067_FL21_S1_L000_read_11_count_1     13.43%    passed     99.13%
 145  200709_20-07994_HIV07-01067_FL21_S1_L000_read_12_count_1     13.43%    passed     99.89%
 146  200709_20-07994_HIV07-01067_FL21_S1_L000_read_13_count_1     13.43%    passed     99.29%
 147  200709_20-07994_HIV07-01067_FL21_S1_L000_read_14_count_1     13.43%    passed     99.89%
 148  200709_20-07994_HIV07-01067_FL21_S1_L000_read_15_count_1     13.43%    passed     98.92%
 149  200709_20-07994_HIV07-01067_FL21_S1_L000_read_16_count_1     13.43%    passed     99.56%
 150  200709_20-07994_HIV07-01067_FL21_S1_L000_read_17_count_1     13.43%    passed     96.76%
 151  200709_20-07994_HIV07-01067_FL21_S1_L000_read_18_count_1     13.43%    passed     99.10%
 152  200709_20-07994_HIV07-01067_FL21_S1_L000_read_19_count_1     13.43%    passed     99.49%
 153  200709_20-07994_HIV07-01067_FL21_S1_L000_read_20_count_1     13.43%    passed     99.56%
 154  200709_20-07994_HIV07-01067_FL21_S1_L000_read_21_count_1     13.43%    passed     98.96%
 155  200709_20-07994_HIV07-01067_FL21_S1_L000_read_22_count_1     13.07%    passed     99.46%
 156  200709_20-07994_HIV07-01067_FL21_S1_L000_read_23_count_1     13.43%    passed     99.56%
 157  200709_20-07994_HIV07-01067_FL21_S1_L000_read_24_count_1     13.43%    passed     94.78%
 158  200709_20-07994_HIV07-01067_FL21_S1_L000_read_25_count_1     13.43%    passed     98.47%
 159  200709_20-07994_HIV07-01067_FL21_S1_L000_read_26_count_1     13.43%    passed     99.39%
 160  200709_20-07994_HIV07-01067_FL21_S1_L000_read_27_count_1     13.43%    passed     97.53%
 161  200709_20-07994_HIV07-01067_FL21_S1_L000_read_28_count_1     13.43%    passed     95.81%
 162  200709_20-07994_HIV07-01067_FL21_S1_L000_read_29_count_1     13.43%    passed     98.47%
 163  200709_20-07994_HIV07-01067_FL21_S1_L000_read_30_count_1     13.43%    passed     99.56%
 164  200709_20-07994_HIV07-01067_FL21_S1_L000_read_31_count_1     13.43%    passed     99.89%
 165  200709_20-07994_HIV07-01067_FL21_S1_L000_read_32_count_1     13.43%    passed     97.52%
 166  200709_20-07994_HIV07-01067_FL21_S1_L000_read_33_count_1     13.43%    passed     99.56%
 167  200709_20-07994_HIV07-01067_FL21_S1_L000_read_34_count_1     13.43%    passed     96.37%
 168  200709_20-07994_HIV07-01067_FL21_S1_L000_read_35_count_1     13.43%    passed     99.51%
 169  200709_20-07994_HIV07-01067_FL21_S1_L000_read_36_count_1     13.43%    passed     99.10%
 170  200709_20-07994_HIV07-01067_FL21_S1_L000_read_37_count_1     13.43%    passed     95.95%
 171  200709_20-07994_HIV07-01067_FL21_S1_L000_read_38_count_1     13.43%    passed     99.97%
 172  200709_20-07994_HIV07-01067_FL21_S1_L000_read_39_count_1     13.43%    passed     98.92%
 173  200709_20-07994_HIV07-01067_FL21_S1_L000_read_40_count_1     13.43%    passed     99.92%
 174  200709_20-07994_HIV07-01067_FL21_S1_L000_read_41_count_1     13.43%    passed     99.89%
 175  200709_20-07994_HIV07-01067_FL21_S1_L000_read_42_count_1      2.83%    passed     97.34%
 176  200709_20-07994_HIV07-01067_FL21_S1_L000_read_43_count_1     13.43%    passed     99.89%
 177  200709_20-07994_HIV07-01067_FL21_S1_L000_read_44_count_1     13.43%    passed     98.96%
 178  200709_20-07994_HIV07-01067_FL21_S1_L000_read_45_count_1     13.43%    passed     98.47%
 179  200709_20-07994_HIV07-01067_FL21_S1_L000_read_46_count_1     13.43%    passed     99.39%
 180  200709_20-07994_HIV07-01067_FL21_S1_L000_read_47_count_1     13.43%    passed     99.56%
 181  200709_20-07994_HIV07-01067_FL21_S1_L000_read_48_count_1     13.43%    passed     99.56%
 182  200709_20-07994_HIV07-01067_FL21_S1_L000_read_49_count_1     13.43%    passed     99.56%
 183  200709_20-07994_HIV07-01067_FL21_S1_L000_read_50_count_1     13.43%    passed     99.56%
 184  200709_20-07994_HIV07-01067_FL21_S1_L000_read_51_count_1     13.43%    passed     99.89%
 185  200709_20-07994_HIV07-01067_FL21_S1_L000_read_52_count_1     13.43%    passed     98.47%
 186  200709_20-07994_HIV07-01067_FL21_S1_L000_read_53_count_1     13.43%    passed     98.47%
 187  200709_20-07994_HIV07-01067_FL21_S1_L000_read_54_count_1     13.43%    passed     99.89%
 188  200709_20-07994_HIV07-01067_FL21_S1_L000_read_55_count_1     13.43%    passed     97.70%
 189  200709_20-07994_HIV07-01067_FL21_S1_L000_read_56_count_1     13.78%    passed     99.58%
 190  200709_20-07994_HIV07-01067_FL21_S1_L000_read_57_count_1     13.43%    passed     99.10%
 191  200709_20-07994_HIV07-01067_FL21_S1_L000_read_58_count_1     13.43%    passed     99.92%
 192  200709_20-07994_HIV07-01067_FL21_S1_L000_read_59_count_1     13.07%    passed     99.05%
 193  200709_20-07994_HIV07-01067_FL21_S1_L000_read_60_count_1     13.43%    passed     99.10%
 194  200709_20-07994_HIV07-01067_FL21_S1_L000_read_61_count_1     13.43%    passed     99.10%
 195  200709_20-07994_HIV07-01067_FL21_S1_L000_read_62_count_1     13.43%    passed     98.47%
 196  200709_20-07994_HIV07-01067_FL21_S1_L000_read_63_count_1     13.43%    passed     99.39%
 197  200709_20-07994_HIV07-01067_FL21_S1_L000_read_64_count_1     13.43%    passed     99.10%
 198  200709_20-07994_HIV07-01067_FL21_S1_L000_read_65_count_1     13.43%    passed     99.56%
 199  200709_20-07994_HIV07-01067_FL21_S1_L000_read_66_count_1     13.43%    passed     97.85%
 200  200709_20-07994_HIV07-01067_FL21_S1_L000_read_67_count_1     13.43%    passed     99.92%
 201  200709_20-07994_HIV07-01067_FL21_S1_L000_read_68_count_1     13.43%    passed     98.92%
 202  200709_20-07994_HIV07-01067_FL21_S1_L000_read_69_count_1     13.43%    passed     99.56%
 203  200709_20-07994_HIV07-01067_FL21_S1_L000_read_70_count_1     13.43%    passed     98.96%
 204  200709_20-07994_HIV07-01067_FL21_S1_L000_read_71_count_1     13.43%    passed     98.22%
 205  200709_20-07994_HIV07-01067_FL21_S1_L000_read_72_count_1     13.43%    passed     99.56%
 206  200709_20-07994_HIV07-01067_FL21_S1_L000_read_73_count_1     13.43%    passed     98.10%
 207  200709_20-07994_HIV07-01067_FL21_S1_L000_read_74_count_1     13.43%    passed     97.53%
 208  200709_20-07994_HIV07-01067_FL21_S1_L000_read_75_count_1     13.43%    passed     99.92%
 209  200709_20-07994_HIV07-01067_FL21_S1_L000_read_76_count_1     13.43%    passed     99.89%
 210  200709_20-07994_HIV07-01067_FL21_S1_L000_read_77_count_1     13.43%    passed     98.92%
 211  200709_20-07994_HIV07-01067_FL21_S1_L000_read_78_count_1     13.43%    passed     99.13%
 212  200709_20-07994_HIV07-01067_FL21_S1_L000_read_79_count_1     13.43%    passed     95.81%
 213  200709_20-07994_HIV07-01067_FL21_S1_L000_read_80_count_1     13.43%    passed     99.56%
 214  200709_20-07994_HIV07-01067_FL21_S1_L000_read_81_count_1     13.43%    passed     99.56%
 215  200709_20-07994_HIV07-01067_FL21_S1_L000_read_82_count_1     13.43%    passed     99.56%
 216  200709_20-07994_HIV07-01067_FL21_S1_L000_read_83_count_1     13.43%    passed     99.51%
 217  200709_20-07994_HIV07-01067_FL21_S1_L000_read_84_count_1     13.78%    passed     99.58%
 218  200709_20-07994_HIV07-01067_FL21_S1_L000_read_85_count_1     13.43%    passed     98.22%
 219  200709_20-07994_HIV07-01067_FL21_S1_L000_read_86_count_1     13.43%    passed     99.89%
 220  200709_20-07994_HIV07-01067_FL21_S1_L000_read_87_count_1     13.43%    passed     98.96%
 221  200709_20-07994_HIV07-01067_FL21_S1_L000_read_88_count_1     13.43%    passed     99.56%
 222  200709_20-07994_HIV07-01067_FL21_S1_L000_read_89_count_1     13.43%    passed     99.56%
 223  200709_20-07994_HIV07-01067_FL21_S1_L000_read_90_count_1     13.43%    passed     99.89%
 224  200709_20-07994_HIV07-01067_FL21_S1_L000_read_91_count_1     13.43%    passed     97.24%
 225  200709_20-07994_HIV07-01067_FL21_S1_L000_read_92_count_1     13.43%    passed     98.47%
 226  200709_20-07994_HIV07-01067_FL21_S1_L000_read_93_count_1     13.43%    passed     99.51%
 227  200709_20-07994_HIV07-01067_FL21_S1_L000_read_94_count_1     13.43%    passed     99.20%
 228  200709_20-07994_HIV07-01067_FL21_S1_L000_read_95_count_1     13.43%    passed     97.52%
 229  200709_20-07994_HIV07-01067_FL21_S1_L000_read_96_count_1     13.43%    passed     97.53%
 230  200709_20-07994_HIV07-01067_FL21_S1_L000_read_97_count_1     13.43%    passed     99.51%
 231  200709_20-07994_HIV07-01067_FL21_S1_L000_read_98_count_1     13.43%    passed     99.10%
 232  200709_20-07994_HIV07-01067_FL21_S1_L000_read_99_count_1     13.78%    passed     98.94%
 233  200709_20-07994_HIV07-01067_FL21_S1_L000_read_100_count_1    13.43%    passed     99.56%
 234  200709_20-07994_HIV07-01067_FL21_S1_L000_read_101_count_1    13.43%    passed     99.56%
 235  200709_20-07994_HIV07-01067_FL21_S1_L000_read_102_count_1    13.43%    passed     99.56%
 236  200709_20-07994_HIV07-01067_FL21_S1_L000_read_103_count_1    13.43%    passed     99.89%
 237  200709_20-07994_HIV07-01067_FL21_S1_L000_read_104_count_1    13.43%    passed     98.96%
 238  200709_20-07994_HIV07-01067_FL21_S1_L000_read_105_count_1    13.43%    passed     97.53%
 239  200709_20-07994_HIV07-01067_FL21_S1_L000_read_106_count_1    13.43%    passed     99.51%
 240  200709_20-07994_HIV07-01067_FL21_S1_L000_read_107_count_1    13.43%    passed     99.51%
 241  200709_20-07994_HIV07-01067_FL21_S1_L000_read_108_count_1    13.43%    passed     99.56%
 242  200709_20-07994_HIV07-01067_FL21_S1_L000_read_109_count_1    13.43%    passed     97.53%
 243  200703_20-07825_HIV09-00618_FL18_S6_L000_read_1_count_342    13.43%    passed     99.92%
 244  200703_20-07825_HIV09-00618_FL18_S6_L000_read_2_count_2      13.43%    passed     99.04%
 245  200703_20-07825_HIV09-00618_FL18_S6_L000_read_3_count_2      13.43%    passed     99.94%
 246  200703_20-07825_HIV09-00618_FL18_S6_L000_read_4_count_2      13.43%    passed     99.04%
 247  200703_20-07825_HIV09-00618_FL18_S6_L000_read_5_count_1      13.78%    passed     99.78%
 248  200703_20-07825_HIV09-00618_FL18_S6_L000_read_6_count_1      13.43%    passed     99.94%
 249  200703_20-07825_HIV09-00618_FL18_S6_L000_read_7_count_1      13.43%    passed     99.03%
 250  200703_20-07825_HIV09-00618_FL18_S6_L000_read_8_count_1      13.43%    passed     99.43%
 251  200703_20-07825_HIV09-00618_FL18_S6_L000_read_9_count_1      13.43%    passed     99.90%
 252  200703_20-07825_HIV09-00618_FL18_S6_L000_read_10_count_1     13.43%    passed     99.97%
 253  200703_20-07825_HIV09-00618_FL18_S6_L000_read_11_count_1     13.43%    passed     99.71%
 254  200703_20-07825_HIV09-00618_FL18_S6_L000_read_12_count_1     13.43%    passed     99.43%
 255  200703_20-07825_HIV09-00618_FL18_S6_L000_read_13_count_1     13.43%    passed     99.04%
 256  200703_20-07825_HIV09-00618_FL18_S6_L000_read_14_count_1     13.43%    passed     99.94%
 257  200703_20-07825_HIV09-00618_FL18_S6_L000_read_15_count_1     13.43%    passed     99.97%
 258  200703_20-07825_HIV09-00618_FL18_S6_L000_read_16_count_1     13.43%    passed     99.71%
 259  200703_20-07825_HIV09-00618_FL18_S6_L000_read_17_count_1     13.43%    passed     99.71%
 260  200703_20-07825_HIV09-00618_FL18_S6_L000_read_18_count_1     13.43%    passed     99.43%
 261  200703_20-07825_HIV09-00618_FL18_S6_L000_read_19_count_1     13.43%    passed     99.68%
 262  200703_20-07825_HIV09-00618_FL18_S6_L000_read_20_count_1     13.43%    passed     99.04%
 263  200703_20-07825_HIV09-00618_FL18_S6_L000_read_21_count_1     13.43%    passed     99.04%
 264  200703_20-07825_HIV09-00618_FL18_S6_L000_read_22_count_1     13.43%    passed     99.72%
 265  200703_20-07825_HIV09-00618_FL18_S6_L000_read_23_count_1     13.43%    passed     99.43%
 266  200703_20-07825_HIV09-00618_FL18_S6_L000_read_24_count_1     13.43%    passed     99.44%
 267  200703_20-07825_HIV09-00618_FL18_S6_L000_read_25_count_1     13.43%    passed     99.43%
 268  200703_20-07825_HIV09-00618_FL18_S6_L000_read_26_count_1     13.43%    passed     99.04%
 269  200703_20-07825_HIV09-00618_FL18_S6_L000_read_27_count_1     13.43%    passed     99.32%
 270  200703_20-07825_HIV09-00618_FL18_S6_L000_read_28_count_1     13.43%    passed     99.71%
 271  200703_20-07825_HIV09-00618_FL18_S6_L000_read_29_count_1     13.43%    passed     99.97%
 272  200703_20-07825_HIV09-00618_FL18_S6_L000_read_30_count_1     13.07%    passed     99.71%
 273  200703_20-07825_HIV09-00618_FL18_S6_L000_read_31_count_1     13.43%    passed     99.08%
 274  200703_20-07825_HIV09-00618_FL18_S6_L000_read_32_count_1     13.43%    passed     99.43%
 275  200703_20-07825_HIV09-00618_FL18_S6_L000_read_33_count_1     13.43%    passed     99.43%
 276  200703_20-07825_HIV09-00618_FL18_S6_L000_read_34_count_1     13.43%    passed     99.43%
 277  200703_20-07825_HIV09-00618_FL18_S6_L000_read_35_count_1     13.43%    passed     99.04%
 278  200703_20-07825_HIV09-00618_FL18_S6_L000_read_36_count_1     13.43%    passed     99.43%
 279  200703_20-07825_HIV09-00618_FL18_S6_L000_read_37_count_1     13.43%    passed     97.40%
 280  200703_20-07825_HIV09-00618_FL18_S6_L000_read_38_count_1     13.43%    passed     99.04%
 281  200703_20-07825_HIV09-00618_FL18_S6_L000_read_39_count_1     13.43%    passed     99.04%
 282  200703_20-07825_HIV09-00618_FL18_S6_L000_read_40_count_1     13.43%    passed     99.86%
 283  200703_20-07825_HIV09-00618_FL18_S6_L000_read_41_count_1     13.43%    passed     99.04%
 284  200703_20-07825_HIV09-00618_FL18_S6_L000_read_42_count_1     13.43%    passed     99.43%
 285  200703_20-07825_HIV09-00618_FL18_S6_L000_read_43_count_1     13.43%    passed     99.68%
 286  200703_20-07825_HIV09-00618_FL18_S6_L000_read_44_count_1     13.43%    passed     99.43%
 287  200703_20-07825_HIV09-00618_FL18_S6_L000_read_45_count_1     13.43%    passed     99.43%
 288  200703_20-07825_HIV09-00618_FL18_S6_L000_read_46_count_1     13.43%    passed     99.71%
 289  200703_20-07825_HIV09-00618_FL18_S6_L000_read_47_count_1     13.78%    passed     98.95%
 290  200703_20-07825_HIV09-00618_FL18_S6_L000_read_48_count_1     13.43%    passed     99.43%
 291  200703_20-07825_HIV09-00618_FL18_S6_L000_read_49_count_1     16.61%    passed     97.15%
 292  200703_20-07825_HIV09-00618_FL18_S6_L000_read_50_count_1     13.43%    passed     99.04%
 293  200703_20-07825_HIV09-00618_FL18_S6_L000_read_51_count_1     13.43%    passed     99.16%
 294  200703_20-07825_HIV09-00618_FL18_S6_L000_read_52_count_1     13.43%    passed     99.43%
 295  200703_20-07825_HIV09-00618_FL18_S6_L000_read_53_count_1     13.43%    passed     99.32%
 296  200703_20-07825_HIV09-00618_FL18_S6_L000_read_54_count_1     13.43%    passed     99.32%
 297  200703_20-07825_HIV09-00618_FL18_S6_L000_read_55_count_1     13.43%    passed     99.43%
 298  200703_20-07825_HIV09-00618_FL18_S6_L000_read_56_count_1     13.43%    passed     92.34%
 299  200703_20-07825_HIV09-00618_FL18_S6_L000_read_57_count_1     13.43%    passed     99.04%
 300  200814_20-09728_HIV09-02843_FL30_S2_L000_read_1_count_325    13.43%    passed     88.32%
 301  200814_20-09728_HIV09-02843_FL30_S2_L000_read_2_count_17     13.43%    passed     89.66%
 302  200814_20-09728_HIV09-02843_FL30_S2_L000_read_3_count_12     13.43%    passed     89.66%
 303  200814_20-09728_HIV09-02843_FL30_S2_L000_read_4_count_11     13.43%    passed     94.62%
 304  200814_20-09728_HIV09-02843_FL30_S2_L000_read_5_count_9      13.43%    passed     89.66%
 305  200814_20-09728_HIV09-02843_FL30_S2_L000_read_6_count_9      13.43%    passed     95.76%
 306  200814_20-09728_HIV09-02843_FL30_S2_L000_read_7_count_9      13.43%    passed     85.65%
 307  200814_20-09728_HIV09-02843_FL30_S2_L000_read_8_count_8      13.43%    passed     89.66%
 308  200814_20-09728_HIV09-02843_FL30_S2_L000_read_9_count_3      12.72%    passed     78.70%
 309  200814_20-09728_HIV09-02843_FL30_S2_L000_read_10_count_3     13.43%    passed     94.62%
 310  200814_20-09728_HIV09-02843_FL30_S2_L000_read_11_count_2     13.43%    passed     84.93%
 311  200814_20-09728_HIV09-02843_FL30_S2_L000_read_12_count_2     13.43%    passed     94.62%
 312  200814_20-09728_HIV09-02843_FL30_S2_L000_read_13_count_2     13.43%    passed     89.83%
 313  200814_20-09728_HIV09-02843_FL30_S2_L000_read_14_count_2     13.43%    passed     85.65%
 314  200814_20-09728_HIV09-02843_FL30_S2_L000_read_15_count_2     13.43%    passed     85.65%
 315  200814_20-09728_HIV09-02843_FL30_S2_L000_read_16_count_2     13.43%    passed     94.62%
 316  200814_20-09728_HIV09-02843_FL30_S2_L000_read_17_count_1     13.43%    passed     90.78%
 317  200814_20-09728_HIV09-02843_FL30_S2_L000_read_18_count_1     13.43%    passed     85.65%
 318  200814_20-09728_HIV09-02843_FL30_S2_L000_read_19_count_1     13.43%    passed     81.81%
 319  200814_20-09728_HIV09-02843_FL30_S2_L000_read_20_count_1     13.43%    passed     95.76%
 320  200814_20-09728_HIV09-02843_FL30_S2_L000_read_21_count_1     13.43%    passed     89.66%
 321  200814_20-09728_HIV09-02843_FL30_S2_L000_read_22_count_1     13.43%    passed     91.94%
 322  200814_20-09728_HIV09-02843_FL30_S2_L000_read_23_count_1     13.43%    passed     92.97%
 323  200814_20-09728_HIV09-02843_FL30_S2_L000_read_24_count_1     13.43%    passed     83.07%
 324  200814_20-09728_HIV09-02843_FL30_S2_L000_read_25_count_1     13.43%    passed     94.62%
 325  200814_20-09728_HIV09-02843_FL30_S2_L000_read_26_count_1     13.43%    passed     89.83%
 326  200814_20-09728_HIV09-02843_FL30_S2_L000_read_27_count_1     13.43%    passed     85.65%
 327  200814_20-09728_HIV09-02843_FL30_S2_L000_read_28_count_1     13.43%    passed     84.93%
 328  200814_20-09728_HIV09-02843_FL30_S2_L000_read_29_count_1     13.43%    passed     90.78%
 329  200814_20-09728_HIV09-02843_FL30_S2_L000_read_30_count_1     13.43%    passed     90.80%
 330  200814_20-09728_HIV09-02843_FL30_S2_L000_read_31_count_1     13.43%    passed     94.62%
 331  200814_20-09728_HIV09-02843_FL30_S2_L000_read_32_count_1     13.43%    passed     92.49%
 332  200814_20-09728_HIV09-02843_FL30_S2_L000_read_33_count_1     13.43%    passed     89.66%
 333  200814_20-09728_HIV09-02843_FL30_S2_L000_read_34_count_1     13.43%    passed     81.81%
 334  200814_20-09728_HIV09-02843_FL30_S2_L000_read_35_count_1     13.43%    passed     85.45%
 335  200814_20-09728_HIV09-02843_FL30_S2_L000_read_36_count_1     13.43%    passed     92.49%
 336  200814_20-09728_HIV09-02843_FL30_S2_L000_read_37_count_1     13.43%    passed     91.94%
 337  200814_20-09728_HIV09-02843_FL30_S2_L000_read_38_count_1     13.43%    passed     92.23%
 338  200814_20-09728_HIV09-02843_FL30_S2_L000_read_39_count_1     13.43%    passed     94.62%
 339  200814_20-09728_HIV09-02843_FL30_S2_L000_read_40_count_1     13.43%    passed     89.83%
 340  200814_20-09728_HIV09-02843_FL30_S2_L000_read_41_count_1     13.43%    passed     95.08%
 341  200814_20-09728_HIV09-02843_FL30_S2_L000_read_42_count_1     13.43%    passed     88.32%
 342  200814_20-09728_HIV09-02843_FL30_S2_L000_read_43_count_1     13.43%    passed     90.78%
 343  200814_20-09728_HIV09-02843_FL30_S2_L000_read_44_count_1     13.43%    passed     84.93%
 344  200814_20-09728_HIV09-02843_FL30_S2_L000_read_45_count_1     13.43%    passed     95.76%
 345  200814_20-09728_HIV09-02843_FL30_S2_L000_read_46_count_1     13.43%    passed     95.71%
 346  200814_20-09728_HIV09-02843_FL30_S2_L000_read_47_count_1     13.43%    passed     89.66%
 347  200814_20-09728_HIV09-02843_FL30_S2_L000_read_48_count_1     13.43%    passed     94.62%
 348  200814_20-09728_HIV09-02843_FL30_S2_L000_read_49_count_1     13.43%    passed     89.66%
 349  200814_20-09728_HIV09-02843_FL30_S2_L000_read_50_count_1     13.43%    passed     89.83%
 350  200814_20-09728_HIV09-02843_FL30_S2_L000_read_51_count_1     13.43%    passed     79.21%
 351  200814_20-09728_HIV09-02843_FL30_S2_L000_read_52_count_1     13.43%    passed     89.66%
 352  200814_20-09728_HIV09-02843_FL30_S2_L000_read_53_count_1     13.43%    passed     94.62%
 353  200814_20-09728_HIV09-02843_FL30_S2_L000_read_54_count_1     13.43%    passed     84.08%
 354  200814_20-09728_HIV09-02843_FL30_S2_L000_read_55_count_1     13.43%    passed     89.53%
 355  200814_20-09728_HIV09-02843_FL30_S2_L000_read_56_count_1     13.43%    passed     85.65%
 356  200814_20-09728_HIV09-02843_FL30_S2_L000_read_57_count_1     13.43%    passed     95.76%
 357  200814_20-09728_HIV09-02843_FL30_S2_L000_read_58_count_1     13.43%    passed     84.08%
 358  200814_20-09728_HIV09-02843_FL30_S2_L000_read_59_count_1     13.43%    passed     84.08%
 359  200814_20-09728_HIV09-02843_FL30_S2_L000_read_60_count_1     13.43%    passed     83.07%
 360  200814_20-09728_HIV09-02843_FL30_S2_L000_read_61_count_1     13.78%    passed     91.45%
 361  200814_20-09728_HIV09-02843_FL30_S2_L000_read_62_count_1     13.43%    passed     84.93%
 362  200724_20-08518_HIV10-02405_FL24_S14_L000_read_1_count_164   13.43%    passed     98.15%
 363  200724_20-08518_HIV10-02405_FL24_S14_L000_read_2_count_24    13.43%    passed     95.01%
 364  200724_20-08518_HIV10-02405_FL24_S14_L000_read_3_count_9     13.43%    passed     95.01%
 365  200724_20-08518_HIV10-02405_FL24_S14_L000_read_4_count_7     13.43%    passed     95.01%
 366  200724_20-08518_HIV10-02405_FL24_S14_L000_read_5_count_6     13.43%    passed     96.62%
 367  200724_20-08518_HIV10-02405_FL24_S14_L000_read_6_count_6     13.43%    passed     96.62%
 368  200724_20-08518_HIV10-02405_FL24_S14_L000_read_7_count_5     13.43%    passed     98.67%
 369  200724_20-08518_HIV10-02405_FL24_S14_L000_read_8_count_4     13.43%    passed     99.26%
 370  200724_20-08518_HIV10-02405_FL24_S14_L000_read_9_count_3     13.43%    passed     96.16%
 371  200724_20-08518_HIV10-02405_FL24_S14_L000_read_10_count_2    13.43%    passed     98.67%
 372  200724_20-08518_HIV10-02405_FL24_S14_L000_read_11_count_2    13.43%    passed     97.77%
 373  200724_20-08518_HIV10-02405_FL24_S14_L000_read_12_count_2    13.43%    passed     96.62%
 374  200724_20-08518_HIV10-02405_FL24_S14_L000_read_13_count_2    13.43%    passed     96.62%
 375  200724_20-08518_HIV10-02405_FL24_S14_L000_read_14_count_2    13.43%    passed     96.16%
 376  200724_20-08518_HIV10-02405_FL24_S14_L000_read_15_count_2    13.43%    passed     98.67%
 377  200724_20-08518_HIV10-02405_FL24_S14_L000_read_16_count_2    13.43%    passed     93.14%
 378  200724_20-08518_HIV10-02405_FL24_S14_L000_read_17_count_1    13.43%    passed     98.67%
 379  200724_20-08518_HIV10-02405_FL24_S14_L000_read_18_count_1    13.43%    passed     99.56%
 380  200724_20-08518_HIV10-02405_FL24_S14_L000_read_19_count_1    13.78%    passed     97.59%
 381  200724_20-08518_HIV10-02405_FL24_S14_L000_read_20_count_1    13.78%    passed     98.69%
 382  200724_20-08518_HIV10-02405_FL24_S14_L000_read_21_count_1    13.43%    passed     99.26%
 383  200724_20-08518_HIV10-02405_FL24_S14_L000_read_22_count_1    13.43%    passed     98.15%
 384  200724_20-08518_HIV10-02405_FL24_S14_L000_read_23_count_1    13.43%    passed     97.38%
 385  200724_20-08518_HIV10-02405_FL24_S14_L000_read_24_count_1    13.43%    passed     96.16%
 386  200724_20-08518_HIV10-02405_FL24_S14_L000_read_25_count_1    13.43%    passed     98.00%
 387  200724_20-08518_HIV10-02405_FL24_S14_L000_read_26_count_1    13.43%    passed     96.54%
 388  200724_20-08518_HIV10-02405_FL24_S14_L000_read_27_count_1    13.43%    passed     95.10%
 389  200724_20-08518_HIV10-02405_FL24_S14_L000_read_28_count_1    13.43%    passed     98.67%
 390  200724_20-08518_HIV10-02405_FL24_S14_L000_read_29_count_1    13.43%    passed     95.01%
 391  200724_20-08518_HIV10-02405_FL24_S14_L000_read_30_count_1    13.43%    passed     95.01%
 392  200724_20-08518_HIV10-02405_FL24_S14_L000_read_31_count_1    13.43%    passed     98.70%
 393  200724_20-08518_HIV10-02405_FL24_S14_L000_read_32_count_1    13.43%    passed     95.10%
 394  200724_20-08518_HIV10-02405_FL24_S14_L000_read_33_count_1    13.43%    passed     96.62%
 395  200724_20-08518_HIV10-02405_FL24_S14_L000_read_34_count_1    13.43%    passed     99.56%
 396  200724_20-08518_HIV10-02405_FL24_S14_L000_read_35_count_1    13.43%    passed     95.71%
 397  200724_20-08518_HIV10-02405_FL24_S14_L000_read_36_count_1    13.43%    passed     96.16%
 398  200724_20-08518_HIV10-02405_FL24_S14_L000_read_37_count_1    13.43%    passed     91.67%
 399  200724_20-08518_HIV10-02405_FL24_S14_L000_read_38_count_1    13.43%    passed     98.67%
 400  200724_20-08518_HIV10-02405_FL24_S14_L000_read_39_count_1    13.43%    passed     96.16%
 401  200724_20-08518_HIV10-02405_FL24_S14_L000_read_40_count_1    13.43%    passed     95.71%
 402  200724_20-08518_HIV10-02405_FL24_S14_L000_read_41_count_1    13.43%    passed     99.71%
 403  200724_20-08518_HIV10-02405_FL24_S14_L000_read_42_count_1    13.43%    passed     96.16%
 404  200724_20-08518_HIV10-02405_FL24_S14_L000_read_43_count_1    13.78%    passed     96.17%
 405  200724_20-08518_HIV10-02405_FL24_S14_L000_read_44_count_1    13.43%    passed     96.62%
 406  200724_20-08518_HIV10-02405_FL24_S14_L000_read_45_count_1    13.43%    passed     93.14%
 407  200724_20-08518_HIV10-02405_FL24_S14_L000_read_46_count_1    13.43%    passed     91.67%
 408  200724_20-08518_HIV10-02405_FL24_S14_L000_read_47_count_1    13.43%    passed     99.63%
 409  200724_20-08518_HIV10-02405_FL24_S14_L000_read_48_count_1    13.43%    passed     98.67%
 410  200724_20-08518_HIV10-02405_FL24_S14_L000_read_49_count_1    13.43%    passed     89.15%
 411  200724_20-08518_HIV10-02405_FL24_S14_L000_read_50_count_1    13.43%    passed     98.15%
 412  200724_20-08518_HIV10-02405_FL24_S14_L000_read_51_count_1    13.43%    passed     99.26%
 413  200724_20-08518_HIV10-02405_FL24_S14_L000_read_52_count_1    13.43%    passed     97.38%
 414  200724_20-08518_HIV10-02405_FL24_S14_L000_read_53_count_1    13.43%    passed     97.77%
 415  200724_20-08518_HIV10-02405_FL24_S14_L000_read_54_count_1    13.43%    passed     99.26%
 416  200724_20-08518_HIV10-02405_FL24_S14_L000_read_55_count_1    13.43%    passed     96.16%
 417  200724_20-08518_HIV10-02405_FL24_S14_L000_read_56_count_1    13.43%    passed     91.67%
 418  200724_20-08518_HIV10-02405_FL24_S14_L000_read_57_count_1    13.78%    passed     97.59%
 419  200724_20-08518_HIV10-02405_FL24_S14_L000_read_58_count_1    13.43%    passed     95.01%
 420  200724_20-08518_HIV10-02405_FL24_S14_L000_read_59_count_1    13.43%    passed     95.01%
 421  200724_20-08518_HIV10-02405_FL24_S14_L000_read_60_count_1    13.43%    passed     98.67%
 422  200724_20-08518_HIV10-02405_FL24_S14_L000_read_61_count_1    13.07%    passed     95.16%
 423  200724_20-08518_HIV10-02405_FL24_S14_L000_read_62_count_1    13.43%    passed     95.71%
 424  200724_20-08518_HIV10-02405_FL24_S14_L000_read_63_count_1    13.43%    passed     98.70%
 425  200724_20-08518_HIV10-02405_FL24_S14_L000_read_64_count_1    13.78%    passed     91.25%
 426  200724_20-08518_HIV10-02405_FL24_S14_L000_read_65_count_1    13.43%    passed     89.91%
 427  200724_20-08518_HIV10-02405_FL24_S14_L000_read_66_count_1    13.43%    passed     91.67%
 428  200724_20-08518_HIV10-02405_FL24_S14_L000_read_67_count_1    13.43%    passed     87.03%
 429  200724_20-08518_HIV10-02405_FL24_S14_L000_read_68_count_1    13.43%    passed     98.67%
 430  200724_20-08518_HIV10-02405_FL24_S14_L000_read_69_count_1    13.43%    passed     99.71%
 431  200724_20-08518_HIV10-02405_FL24_S14_L000_read_70_count_1    13.43%    passed     89.15%
 432  200724_20-08518_HIV10-02405_FL24_S14_L000_read_71_count_1    13.43%    passed     98.67%
 433  B.FR.83.HXB2_LAI_IIIB_BRU.K03455                             13.43%    passed     99.94%
 434  C.BW.00.00BW07621.AF443088                                   13.43%    passed     98.08%
****  TOTAL                                                        13.44%  0 sequences failed composition chi2 test (p-value<5%; df=3)
Checking for duplicate sequences: done in 0.000905713 secs using 263.8% CPU

Create initial parsimony tree by phylogenetic likelihood library (PLL)... 0.041 seconds

NOTE: 18 MB RAM (0 GB) is required!
WARNING: Number of threads seems too high for short alignments. Use -T AUTO to determine best number of threads.
Estimate model parameters (epsilon = 0.100)
1. Initial log-likelihood: -4080.724
2. Current log-likelihood: -3966.348
3. Current log-likelihood: -3965.574
Optimal log-likelihood: -3965.545
Rate parameters:  A-C: 0.52751  A-G: 1.07271  A-T: 0.28241  C-G: 0.22560  C-T: 1.75565  G-T: 1.00000
Base frequencies:  A: 0.423  C: 0.157  G: 0.227  T: 0.193
Site proportion and rates:  (0.088,0.248) (0.146,0.581) (0.188,0.709) (0.212,0.837) (0.204,1.115) (0.162,2.188)
Parameters optimization took 3 rounds (1.787 sec)
Wrote distance file to... 
Computing ML distances based on estimated model parameters...
Calculating distance matrix: done in 0.352569 secs using 399.9% CPU
Computing ML distances took 0.356107 sec (of wall-clock time) 1.419155 sec (of CPU time)
Setting up auxiliary I and S matrices: done in 0.0169981 secs using 194.3% CPU
Constructing RapidNJ tree: done in 0.997453 secs using 106.9% CPU
Computing RapidNJ tree took 1.014584 sec (of wall-clock time) 1.099489 sec (of CPU time)
Log-likelihood of RapidNJ tree: -3931.046
--------------------------------------------------------------------
|             INITIALIZING CANDIDATE TREE SET                      |
--------------------------------------------------------------------
Generating 98 parsimony trees... 4.123 second
Computing log-likelihood of 98 initial trees ... 3.626 seconds
Current best score: -3931.046

Do NNI search on 20 best initial trees
Optimizing NNI: done in 0.613341 secs using 368.2% CPU
Estimate model parameters (epsilon = 0.100)
BETTER TREE FOUND at iteration 1: -3920.013
Optimizing NNI: done in 0.626281 secs using 368.5% CPU
Optimizing NNI: done in 0.322446 secs using 396.3% CPU
Optimizing NNI: done in 0.378687 secs using 390.5% CPU
Optimizing NNI: done in 0.306947 secs using 399.7% CPU
Optimizing NNI: done in 0.302567 secs using 393.5% CPU
Optimizing NNI: done in 0.392159 secs using 393.8% CPU
Optimizing NNI: done in 0.371502 secs using 397.2% CPU
Optimizing NNI: done in 0.612672 secs using 395.1% CPU
Optimizing NNI: done in 0.68689 secs using 398.7% CPU
Iteration 10 / LogL: -3939.607 / Time: 0h:0m:16s
Optimizing NNI: done in 0.390087 secs using 394.3% CPU
Optimizing NNI: done in 0.484131 secs using 398.3% CPU
Optimizing NNI: done in 0.492697 secs using 398% CPU
Optimizing NNI: done in 0.621501 secs using 374.6% CPU
Optimizing NNI: done in 0.493323 secs using 387.4% CPU
Optimizing NNI: done in 0.396494 secs using 395.6% CPU
Optimizing NNI: done in 0.469218 secs using 397.5% CPU
Optimizing NNI: done in 0.487252 secs using 392.2% CPU
Optimizing NNI: done in 0.40236 secs using 400.2% CPU
Optimizing NNI: done in 0.404876 secs using 395.4% CPU
Iteration 20 / LogL: -3942.246 / Time: 0h:0m:21s
Finish initializing candidate tree set (20)
Current best tree score: -3920.013 / CPU time: 18.117
Number of iterations: 20
--------------------------------------------------------------------
|               OPTIMIZING CANDIDATE TREE SET                      |
--------------------------------------------------------------------
Optimizing NNI: done in 0.552743 secs using 396.7% CPU
Optimizing NNI: done in 0.730561 secs using 391.3% CPU
Optimizing NNI: done in 0.400109 secs using 395.9% CPU
Optimizing NNI: done in 0.687544 secs using 397.9% CPU
Optimizing NNI: done in 0.73689 secs using 371.2% CPU
Optimizing NNI: done in 0.53142 secs using 394.3% CPU
Optimizing NNI: done in 0.749393 secs using 395.1% CPU
Optimizing NNI: done in 0.4907 secs using 395.1% CPU
Optimizing NNI: done in 0.56912 secs using 396.3% CPU
Optimizing NNI: done in 0.483188 secs using 396.4% CPU
Estimate model parameters (epsilon = 0.100)
BETTER TREE FOUND at iteration 30: -3919.914
Iteration 30 / LogL: -3919.914 / Time: 0h:0m:28s (0h:1m:37s left)
Optimizing NNI: done in 0.405397 secs using 397% CPU
Optimizing NNI: done in 0.500003 secs using 396.8% CPU
Optimizing NNI: done in 0.802636 secs using 376.8% CPU
Optimizing NNI: done in 0.776142 secs using 396.7% CPU
Estimate model parameters (epsilon = 0.100)
BETTER TREE FOUND at iteration 34: -3918.280
Optimizing NNI: done in 0.541006 secs using 395.7% CPU
Optimizing NNI: done in 0.579811 secs using 393.5% CPU
Optimizing NNI: done in 0.549568 secs using 394.8% CPU
Estimate model parameters (epsilon = 0.100)
BETTER TREE FOUND at iteration 37: -3917.675
Optimizing NNI: done in 0.48242 secs using 392.7% CPU
Optimizing NNI: done in 0.458226 secs using 395.1% CPU
Optimizing NNI: done in 0.471606 secs using 395.1% CPU
Iteration 40 / LogL: -3921.355 / Time: 0h:0m:35s (0h:1m:27s left)
Optimizing NNI: done in 0.773441 secs using 374.3% CPU
Estimate model parameters (epsilon = 0.100)
BETTER TREE FOUND at iteration 41: -3916.180
Optimizing NNI: done in 0.552442 secs using 395.4% CPU
Optimizing NNI: done in 0.69102 secs using 395.4% CPU
Optimizing NNI: done in 0.497483 secs using 393.5% CPU
Optimizing NNI: done in 0.563441 secs using 396.7% CPU
Optimizing NNI: done in 0.48933 secs using 395.9% CPU
Optimizing NNI: done in 0.65487 secs using 396.2% CPU
Optimizing NNI: done in 0.465912 secs using 397.1% CPU
Optimizing NNI: done in 0.670983 secs using 372% CPU
Optimizing NNI: done in 0.499181 secs using 394.9% CPU
Iteration 50 / LogL: -3924.278 / Time: 0h:0m:41s (0h:1m:17s left)
Optimizing NNI: done in 0.407663 secs using 394.3% CPU
Optimizing NNI: done in 0.685479 secs using 395.3% CPU
Optimizing NNI: done in 0.53418 secs using 399.5% CPU
Optimizing NNI: done in 0.596251 secs using 398.5% CPU
Optimizing NNI: done in 0.649611 secs using 394.3% CPU
Optimizing NNI: done in 0.57641 secs using 394.9% CPU
Optimizing NNI: done in 0.593919 secs using 393% CPU
Optimizing NNI: done in 0.760878 secs using 374.4% CPU
Optimizing NNI: done in 0.580633 secs using 394.2% CPU
Optimizing NNI: done in 0.568455 secs using 397.7% CPU
Iteration 60 / LogL: -3920.273 / Time: 0h:0m:47s (0h:1m:5s left)
Optimizing NNI: done in 0.55028 secs using 396.6% CPU
Optimizing NNI: done in 0.415101 secs using 391% CPU
Optimizing NNI: done in 0.644619 secs using 392.8% CPU
Optimizing NNI: done in 0.697163 secs using 395.3% CPU
Optimizing NNI: done in 0.574563 secs using 388.9% CPU
Optimizing NNI: done in 0.579219 secs using 395.6% CPU
Optimizing NNI: done in 0.809275 secs using 373.2% CPU
Optimizing NNI: done in 0.568205 secs using 396.9% CPU
Optimizing NNI: done in 0.582279 secs using 396.7% CPU
Optimizing NNI: done in 0.60766 secs using 398.8% CPU
Iteration 70 / LogL: -3923.338 / Time: 0h:0m:54s (0h:0m:55s left)
Optimizing NNI: done in 0.509074 secs using 394.3% CPU
Optimizing NNI: done in 0.791649 secs using 396.1% CPU
Optimizing NNI: done in 0.499142 secs using 398.9% CPU
Optimizing NNI: done in 0.757074 secs using 398% CPU
Optimizing NNI: done in 0.830106 secs using 377.2% CPU
Optimizing NNI: done in 0.610665 secs using 397.4% CPU
Optimizing NNI: done in 0.743695 secs using 395.3% CPU
Optimizing NNI: done in 0.626696 secs using 394.9% CPU
Optimizing NNI: done in 0.545781 secs using 396.6% CPU
Optimizing NNI: done in 0.411792 secs using 393.9% CPU
Iteration 80 / LogL: -3922.619 / Time: 0h:1m:0s (0h:0m:47s left)
Optimizing NNI: done in 0.493545 secs using 397.4% CPU
Optimizing NNI: done in 0.554575 secs using 395.7% CPU
Optimizing NNI: done in 0.488315 secs using 399% CPU
Optimizing NNI: done in 0.630104 secs using 374.8% CPU
Optimizing NNI: done in 0.608237 secs using 394% CPU
Optimizing NNI: done in 0.509788 secs using 395.8% CPU
Optimizing NNI: done in 0.513367 secs using 396.8% CPU
Optimizing NNI: done in 0.571835 secs using 397.3% CPU
Optimizing NNI: done in 0.607458 secs using 395% CPU
Optimizing NNI: done in 0.574335 secs using 397.4% CPU
Iteration 90 / LogL: -3923.451 / Time: 0h:1m:6s (0h:0m:38s left)
Optimizing NNI: done in 0.710759 secs using 395.4% CPU
Optimizing NNI: done in 0.640553 secs using 397.9% CPU
Optimizing NNI: done in 0.850548 secs using 374.8% CPU
Optimizing NNI: done in 0.488099 secs using 397.5% CPU
Optimizing NNI: done in 0.492222 secs using 399% CPU
Optimizing NNI: done in 0.524198 secs using 399.4% CPU
Optimizing NNI: done in 0.647051 secs using 398% CPU
Optimizing NNI: done in 0.574627 secs using 397.9% CPU
Optimizing NNI: done in 0.723477 secs using 394.7% CPU
Optimizing NNI: done in 0.420031 secs using 397.1% CPU
Iteration 100 / LogL: -3935.045 / Time: 0h:1m:13s (0h:0m:30s left)
Optimizing NNI: done in 0.413643 secs using 398.8% CPU
Optimizing NNI: done in 0.878357 secs using 377.6% CPU
Optimizing NNI: done in 0.490233 secs using 397% CPU
Optimizing NNI: done in 0.547016 secs using 396.9% CPU
Optimizing NNI: done in 0.652375 secs using 394.9% CPU
BETTER TREE FOUND at iteration 105: -3916.180
Optimizing NNI: done in 0.468219 secs using 393.8% CPU
Optimizing NNI: done in 0.674465 secs using 393.6% CPU
Optimizing NNI: done in 0.500767 secs using 397.6% CPU
Optimizing NNI: done in 0.668664 secs using 394.3% CPU
Optimizing NNI: done in 0.933448 secs using 381.1% CPU
Iteration 110 / LogL: -3917.334 / Time: 0h:1m:19s (0h:1m:9s left)
Optimizing NNI: done in 0.541933 secs using 396.7% CPU
Optimizing NNI: done in 0.649725 secs using 393% CPU
Optimizing NNI: done in 0.583817 secs using 394.3% CPU
Optimizing NNI: done in 0.730061 secs using 396.4% CPU
Optimizing NNI: done in 0.550501 secs using 394.3% CPU
Optimizing NNI: done in 0.539931 secs using 395.6% CPU
Optimizing NNI: done in 0.663499 secs using 394.8% CPU
Optimizing NNI: done in 0.693866 secs using 382.1% CPU
Optimizing NNI: done in 0.645746 secs using 395% CPU
Optimizing NNI: done in 0.552141 secs using 397% CPU
Iteration 120 / LogL: -3920.894 / Time: 0h:1m:26s (0h:1m:1s left)
Optimizing NNI: done in 0.406245 secs using 396.1% CPU
Optimizing NNI: done in 0.55479 secs using 394.9% CPU
Optimizing NNI: done in 0.749949 secs using 397.1% CPU
Optimizing NNI: done in 0.643657 secs using 395.2% CPU
Optimizing NNI: done in 0.627443 secs using 396.4% CPU
Optimizing NNI: done in 0.81465 secs using 382% CPU
Optimizing NNI: done in 0.585659 secs using 397.4% CPU
Optimizing NNI: done in 0.658979 secs using 398.6% CPU
Optimizing NNI: done in 0.725373 secs using 394.5% CPU
Optimizing NNI: done in 0.701381 secs using 397.7% CPU
Iteration 130 / LogL: -3916.786 / Time: 0h:1m:32s (0h:0m:54s left)
Optimizing NNI: done in 0.633534 secs using 398.6% CPU
Optimizing NNI: done in 0.585291 secs using 395.9% CPU
Optimizing NNI: done in 0.719052 secs using 393.2% CPU
Optimizing NNI: done in 0.540485 secs using 370.3% CPU
Optimizing NNI: done in 0.584113 secs using 395.8% CPU
Optimizing NNI: done in 0.686061 secs using 395.6% CPU
Optimizing NNI: done in 0.657059 secs using 397.7% CPU
Optimizing NNI: done in 0.380541 secs using 394.8% CPU
Optimizing NNI: done in 0.507954 secs using 394.5% CPU
Optimizing NNI: done in 0.678481 secs using 394.6% CPU
Iteration 140 / LogL: -3921.239 / Time: 0h:1m:39s (0h:0m:46s left)
Optimizing NNI: done in 0.560169 secs using 400.4% CPU
Optimizing NNI: done in 0.592678 secs using 394.3% CPU
Optimizing NNI: done in 0.535748 secs using 365.6% CPU
Optimizing NNI: done in 0.592095 secs using 395.9% CPU
Optimizing NNI: done in 0.516051 secs using 394.5% CPU
Optimizing NNI: done in 0.585584 secs using 398.5% CPU
Estimate model parameters (epsilon = 0.100)
BETTER TREE FOUND at iteration 146: -3915.731
Optimizing NNI: done in 0.466602 secs using 396.6% CPU
Optimizing NNI: done in 0.562749 secs using 397% CPU
Optimizing NNI: done in 0.67694 secs using 394.8% CPU
Optimizing NNI: done in 0.675531 secs using 396.1% CPU
Iteration 150 / LogL: -3916.219 / Time: 0h:1m:45s (0h:1m:8s left)
Optimizing NNI: done in 0.799548 secs using 377.7% CPU
Optimizing NNI: done in 0.808317 secs using 396.9% CPU
Optimizing NNI: done in 0.510744 secs using 395.8% CPU
Optimizing NNI: done in 0.490382 secs using 394.4% CPU
Optimizing NNI: done in 0.607036 secs using 397.2% CPU
Optimizing NNI: done in 0.688241 secs using 393.3% CPU
Optimizing NNI: done in 0.484035 secs using 395.4% CPU
Optimizing NNI: done in 0.483979 secs using 393.4% CPU
Optimizing NNI: done in 0.519244 secs using 394.3% CPU
Optimizing NNI: done in 0.713329 secs using 374% CPU
Iteration 160 / LogL: -3919.235 / Time: 0h:1m:52s (0h:1m:0s left)
Optimizing NNI: done in 0.500528 secs using 392.5% CPU
Optimizing NNI: done in 0.49886 secs using 396.7% CPU
Optimizing NNI: done in 0.725887 secs using 391.3% CPU
Optimizing NNI: done in 0.480849 secs using 393.6% CPU
Optimizing NNI: done in 0.585524 secs using 396.8% CPU
Optimizing NNI: done in 0.480832 secs using 395.3% CPU
Optimizing NNI: done in 0.637652 secs using 394.2% CPU
Optimizing NNI: done in 0.554153 secs using 396.7% CPU
Optimizing NNI: done in 0.661572 secs using 371% CPU
Optimizing NNI: done in 0.309929 secs using 400.7% CPU
Iteration 170 / LogL: -3922.207 / Time: 0h:1m:57s (0h:0m:52s left)
Optimizing NNI: done in 0.61382 secs using 394.5% CPU
Optimizing NNI: done in 0.539615 secs using 393.5% CPU
Optimizing NNI: done in 0.473275 secs using 396.6% CPU
Optimizing NNI: done in 0.58849 secs using 395% CPU
Optimizing NNI: done in 0.400314 secs using 395.8% CPU
Optimizing NNI: done in 0.398632 secs using 400% CPU
Optimizing NNI: done in 0.587951 secs using 398% CPU
Optimizing NNI: done in 0.47365 secs using 397.2% CPU
Optimizing NNI: done in 0.831493 secs using 377.3% CPU
Optimizing NNI: done in 0.61243 secs using 397.2% CPU
Iteration 180 / LogL: -3915.809 / Time: 0h:2m:3s (0h:0m:45s left)
Optimizing NNI: done in 0.599457 secs using 396.2% CPU
Optimizing NNI: done in 0.511669 secs using 396.3% CPU
Optimizing NNI: done in 0.534365 secs using 392.7% CPU
Optimizing NNI: done in 0.493941 secs using 395.6% CPU
Optimizing NNI: done in 0.424645 secs using 397.6% CPU
Optimizing NNI: done in 0.662242 secs using 395.6% CPU
Optimizing NNI: done in 0.58359 secs using 396.8% CPU
Optimizing NNI: done in 0.819204 secs using 377.7% CPU
Optimizing NNI: done in 0.501664 secs using 395.8% CPU
Optimizing NNI: done in 0.414557 secs using 397.2% CPU
Iteration 190 / LogL: -3916.351 / Time: 0h:2m:9s (0h:0m:38s left)
Optimizing NNI: done in 0.645081 secs using 395.1% CPU
Optimizing NNI: done in 0.508606 secs using 394.7% CPU
Optimizing NNI: done in 0.480346 secs using 393.1% CPU
Optimizing NNI: done in 0.597495 secs using 397.7% CPU
Optimizing NNI: done in 0.588011 secs using 396.6% CPU
Optimizing NNI: done in 0.646106 secs using 394.6% CPU
Optimizing NNI: done in 0.743707 secs using 379% CPU
Estimate model parameters (epsilon = 0.100)
BETTER TREE FOUND at iteration 197: -3914.768
Optimizing NNI: done in 0.467469 secs using 394.2% CPU
Optimizing NNI: done in 0.387434 secs using 397% CPU
Optimizing NNI: done in 0.573418 secs using 397.4% CPU
Iteration 200 / LogL: -3922.709 / Time: 0h:2m:15s (0h:1m:6s left)
Optimizing NNI: done in 0.384964 secs using 394% CPU
Optimizing NNI: done in 0.723791 secs using 399% CPU
Optimizing NNI: done in 0.38751 secs using 397.3% CPU
Optimizing NNI: done in 0.536602 secs using 395.2% CPU
Optimizing NNI: done in 0.475467 secs using 395% CPU
Optimizing NNI: done in 0.472513 secs using 396.3% CPU
Optimizing NNI: done in 0.760429 secs using 374.9% CPU
Optimizing NNI: done in 0.508208 secs using 394.4% CPU
Optimizing NNI: done in 0.56842 secs using 394.1% CPU
Optimizing NNI: done in 0.587924 secs using 393.9% CPU
Iteration 210 / LogL: -3920.963 / Time: 0h:2m:21s (0h:0m:58s left)
Optimizing NNI: done in 0.672386 secs using 397.4% CPU
Optimizing NNI: done in 0.573702 secs using 392.1% CPU
Optimizing NNI: done in 0.706118 secs using 394.6% CPU
Optimizing NNI: done in 0.595476 secs using 399.6% CPU
Optimizing NNI: done in 0.734571 secs using 380.4% CPU
Optimizing NNI: done in 0.581253 secs using 394.6% CPU
Optimizing NNI: done in 0.46613 secs using 396% CPU
Optimizing NNI: done in 0.478848 secs using 397% CPU
Optimizing NNI: done in 0.607112 secs using 396.5% CPU
Optimizing NNI: done in 0.644121 secs using 397.5% CPU
Iteration 220 / LogL: -3921.674 / Time: 0h:2m:28s (0h:0m:52s left)
Optimizing NNI: done in 0.465207 secs using 397.2% CPU
Optimizing NNI: done in 0.575219 secs using 395.5% CPU
Optimizing NNI: done in 0.57093 secs using 394.3% CPU
Optimizing NNI: done in 0.731044 secs using 379% CPU
Optimizing NNI: done in 0.629541 secs using 396.7% CPU
Optimizing NNI: done in 0.746149 secs using 397% CPU
Optimizing NNI: done in 0.549049 secs using 397.2% CPU
Optimizing NNI: done in 0.587879 secs using 395.3% CPU
Optimizing NNI: done in 0.535324 secs using 397.8% CPU
Optimizing NNI: done in 0.46318 secs using 390.1% CPU
Iteration 230 / LogL: -3918.201 / Time: 0h:2m:34s (0h:0m:45s left)
Optimizing NNI: done in 0.576519 secs using 396.3% CPU
Optimizing NNI: done in 0.568606 secs using 396.2% CPU
Optimizing NNI: done in 0.865262 secs using 376.1% CPU
Optimizing NNI: done in 0.747453 secs using 395.7% CPU
Optimizing NNI: done in 0.392381 secs using 398.7% CPU
Optimizing NNI: done in 0.540203 secs using 397.7% CPU
Optimizing NNI: done in 0.488986 secs using 394.5% CPU
Optimizing NNI: done in 0.499021 secs using 398.2% CPU
Optimizing NNI: done in 0.420093 secs using 397.1% CPU
Optimizing NNI: done in 0.607934 secs using 397.4% CPU
Iteration 240 / LogL: -3918.486 / Time: 0h:2m:40s (0h:0m:38s left)
Optimizing NNI: done in 0.540722 secs using 397.4% CPU
Optimizing NNI: done in 0.681777 secs using 372.5% CPU
Optimizing NNI: done in 0.405711 secs using 399.4% CPU
Optimizing NNI: done in 0.543389 secs using 396.7% CPU
Optimizing NNI: done in 0.493711 secs using 398.2% CPU
Optimizing NNI: done in 0.582354 secs using 398.1% CPU
Optimizing NNI: done in 0.502066 secs using 397.2% CPU
Optimizing NNI: done in 0.766633 secs using 395.8% CPU
Optimizing NNI: done in 0.849787 secs using 396.6% CPU
Optimizing NNI: done in 0.613192 secs using 398.6% CPU
Iteration 250 / LogL: -3915.389 / Time: 0h:2m:46s (0h:0m:31s left)
Optimizing NNI: done in 0.650566 secs using 371.1% CPU
Optimizing NNI: done in 0.411507 secs using 397.4% CPU
Optimizing NNI: done in 0.50795 secs using 397.6% CPU
Optimizing NNI: done in 0.597928 secs using 392.8% CPU
Optimizing NNI: done in 0.709764 secs using 394.2% CPU
Optimizing NNI: done in 0.734526 secs using 400.6% CPU
Optimizing NNI: done in 0.646343 secs using 395.8% CPU
Optimizing NNI: done in 0.465768 secs using 399.7% CPU
Optimizing NNI: done in 0.501767 secs using 398.9% CPU
Optimizing NNI: done in 0.918151 secs using 379.6% CPU
Iteration 260 / LogL: -3914.802 / Time: 0h:2m:52s (0h:0m:24s left)
Optimizing NNI: done in 0.608531 secs using 397.7% CPU
Optimizing NNI: done in 0.507012 secs using 395.8% CPU
Optimizing NNI: done in 0.539199 secs using 396.7% CPU
Optimizing NNI: done in 0.747012 secs using 396.6% CPU
Optimizing NNI: done in 0.62939 secs using 394.2% CPU
Optimizing NNI: done in 0.549113 secs using 392.8% CPU
Optimizing NNI: done in 0.559668 secs using 392.7% CPU
Optimizing NNI: done in 0.542676 secs using 369.9% CPU
Optimizing NNI: done in 0.653021 secs using 397.4% CPU
Optimizing NNI: done in 0.599244 secs using 395% CPU
Iteration 270 / LogL: -3915.645 / Time: 0h:2m:59s (0h:0m:17s left)
Optimizing NNI: done in 0.58181 secs using 396.2% CPU
Optimizing NNI: done in 0.484336 secs using 398.1% CPU
Optimizing NNI: done in 0.542245 secs using 393.6% CPU
Estimate model parameters (epsilon = 0.100)
BETTER TREE FOUND at iteration 273: -3914.489
Optimizing NNI: done in 0.655886 secs using 395.8% CPU
Optimizing NNI: done in 0.534656 secs using 396.2% CPU
Optimizing NNI: done in 0.613054 secs using 375% CPU
Optimizing NNI: done in 0.512686 secs using 394.8% CPU
Optimizing NNI: done in 0.482842 secs using 393.2% CPU
Optimizing NNI: done in 0.610716 secs using 396% CPU
Optimizing NNI: done in 0.495972 secs using 396% CPU
Iteration 280 / LogL: -3927.233 / Time: 0h:3m:5s (0h:1m:1s left)
Optimizing NNI: done in 0.415063 secs using 400.4% CPU
Optimizing NNI: done in 0.492599 secs using 396.4% CPU
Optimizing NNI: done in 0.486192 secs using 392.1% CPU
Optimizing NNI: done in 0.467884 secs using 393.2% CPU
Optimizing NNI: done in 0.594026 secs using 397.6% CPU
Optimizing NNI: done in 0.914148 secs using 376.7% CPU
Optimizing NNI: done in 0.760975 secs using 396.4% CPU
Optimizing NNI: done in 0.59231 secs using 395.1% CPU
Optimizing NNI: done in 0.748162 secs using 396% CPU
Optimizing NNI: done in 0.632197 secs using 396.7% CPU
Iteration 290 / LogL: -3915.221 / Time: 0h:3m:11s (0h:0m:55s left)
Optimizing NNI: done in 0.607814 secs using 396.1% CPU
Optimizing NNI: done in 0.561678 secs using 396.8% CPU
Optimizing NNI: done in 0.598859 secs using 399.2% CPU
Optimizing NNI: done in 0.691321 secs using 374.6% CPU
Optimizing NNI: done in 0.485273 secs using 396.7% CPU
Optimizing NNI: done in 0.597196 secs using 397.7% CPU
Optimizing NNI: done in 0.717454 secs using 396% CPU
Optimizing NNI: done in 0.596587 secs using 395.7% CPU
Optimizing NNI: done in 0.560055 secs using 396.6% CPU
Optimizing NNI: done in 0.536168 secs using 397.7% CPU
Iteration 300 / LogL: -3916.327 / Time: 0h:3m:18s (0h:0m:48s left)
Optimizing NNI: done in 0.586451 secs using 397.4% CPU
Optimizing NNI: done in 0.393398 secs using 393.9% CPU
Optimizing NNI: done in 0.864588 secs using 377.1% CPU
Optimizing NNI: done in 0.558263 secs using 393.8% CPU
Optimizing NNI: done in 0.536371 secs using 393.7% CPU
Optimizing NNI: done in 0.399578 secs using 391.3% CPU
Optimizing NNI: done in 0.541993 secs using 395.2% CPU
Optimizing NNI: done in 0.502329 secs using 398.4% CPU
Optimizing NNI: done in 0.670483 secs using 395.2% CPU
Optimizing NNI: done in 0.675615 secs using 397% CPU
Estimate model parameters (epsilon = 0.100)
BETTER TREE FOUND at iteration 310: -3912.619
Iteration 310 / LogL: -3912.619 / Time: 0h:3m:24s (0h:1m:6s left)
Optimizing NNI: done in 0.779563 secs using 374.6% CPU
Optimizing NNI: done in 0.724102 secs using 396.7% CPU
Optimizing NNI: done in 0.561948 secs using 392.9% CPU
Optimizing NNI: done in 0.486401 secs using 397.5% CPU
Optimizing NNI: done in 0.482823 secs using 394.1% CPU
Optimizing NNI: done in 0.496436 secs using 394.1% CPU
Optimizing NNI: done in 0.746434 secs using 397.4% CPU
Optimizing NNI: done in 0.643892 secs using 395.7% CPU
Optimizing NNI: done in 0.500885 secs using 394.7% CPU
Optimizing NNI: done in 0.717863 secs using 373.3% CPU
Iteration 320 / LogL: -3915.207 / Time: 0h:3m:30s (0h:0m:59s left)
Optimizing NNI: done in 0.512104 secs using 396% CPU
Optimizing NNI: done in 0.395574 secs using 400.3% CPU
Optimizing NNI: done in 0.673931 secs using 394.8% CPU
Optimizing NNI: done in 0.483609 secs using 394.4% CPU
Optimizing NNI: done in 0.612791 secs using 395.7% CPU
Optimizing NNI: done in 0.618224 secs using 397% CPU
Optimizing NNI: done in 0.55776 secs using 394.7% CPU
Optimizing NNI: done in 0.582717 secs using 395.1% CPU
Optimizing NNI: done in 0.84142 secs using 375.6% CPU
Optimizing NNI: done in 0.570188 secs using 396.7% CPU
Iteration 330 / LogL: -3921.928 / Time: 0h:3m:37s (0h:0m:52s left)
Optimizing NNI: done in 0.628512 secs using 395.3% CPU
Optimizing NNI: done in 0.504971 secs using 393.9% CPU
Optimizing NNI: done in 0.662032 secs using 396% CPU
Optimizing NNI: done in 0.495439 secs using 397.1% CPU
Optimizing NNI: done in 0.401663 secs using 394.8% CPU
Optimizing NNI: done in 0.578613 secs using 396.6% CPU
Optimizing NNI: done in 0.740897 secs using 395.3% CPU
Optimizing NNI: done in 0.853582 secs using 374.9% CPU
Optimizing NNI: done in 0.481158 secs using 394.3% CPU
Optimizing NNI: done in 0.4673 secs using 395.9% CPU
Iteration 340 / LogL: -3920.547 / Time: 0h:3m:43s (0h:0m:46s left)
Optimizing NNI: done in 0.562947 secs using 392.7% CPU
Optimizing NNI: done in 0.490575 secs using 394.3% CPU
Optimizing NNI: done in 0.562291 secs using 393.8% CPU
Optimizing NNI: done in 0.591165 secs using 393% CPU
Optimizing NNI: done in 0.503779 secs using 396.2% CPU
Optimizing NNI: done in 0.624563 secs using 397.8% CPU
Optimizing NNI: done in 0.600359 secs using 372.7% CPU
Optimizing NNI: done in 0.483708 secs using 396.9% CPU
Optimizing NNI: done in 0.519898 secs using 397% CPU
Optimizing NNI: done in 0.499551 secs using 396.8% CPU
Iteration 350 / LogL: -3920.125 / Time: 0h:3m:48s (0h:0m:39s left)
Optimizing NNI: done in 0.564702 secs using 394.6% CPU
Optimizing NNI: done in 0.571303 secs using 396.2% CPU
Optimizing NNI: done in 0.495549 secs using 394.5% CPU
Optimizing NNI: done in 0.396923 secs using 395.3% CPU
Optimizing NNI: done in 0.498994 secs using 396.5% CPU
Optimizing NNI: done in 0.508166 secs using 394.4% CPU
Optimizing NNI: done in 0.855455 secs using 379.6% CPU
Optimizing NNI: done in 0.706245 secs using 396.7% CPU
Optimizing NNI: done in 0.38606 secs using 394.2% CPU
Optimizing NNI: done in 0.741513 secs using 395.9% CPU
Iteration 360 / LogL: -3922.394 / Time: 0h:3m:54s (0h:0m:32s left)
Optimizing NNI: done in 0.75706 secs using 394.8% CPU
Optimizing NNI: done in 0.392743 secs using 395.7% CPU
Optimizing NNI: done in 0.4767 secs using 396.2% CPU
Optimizing NNI: done in 0.554717 secs using 395.7% CPU
Optimizing NNI: done in 0.482747 secs using 397.5% CPU
Optimizing NNI: done in 0.91071 secs using 374.5% CPU
Optimizing NNI: done in 0.503337 secs using 395.6% CPU
Optimizing NNI: done in 0.609312 secs using 394.8% CPU
Optimizing NNI: done in 0.598396 secs using 393.7% CPU
Optimizing NNI: done in 0.565947 secs using 393.3% CPU
Iteration 370 / LogL: -3926.951 / Time: 0h:4m:1s (0h:0m:26s left)
Optimizing NNI: done in 0.580878 secs using 394.1% CPU
Optimizing NNI: done in 0.590719 secs using 394.8% CPU
Optimizing NNI: done in 0.478475 secs using 395.1% CPU
Optimizing NNI: done in 0.596367 secs using 397.1% CPU
Optimizing NNI: done in 0.911117 secs using 379.8% CPU
Optimizing NNI: done in 0.483005 secs using 397.3% CPU
Optimizing NNI: done in 0.591769 secs using 396.8% CPU
Optimizing NNI: done in 0.499093 secs using 392.5% CPU
Optimizing NNI: done in 0.487895 secs using 393.5% CPU
Optimizing NNI: done in 0.502045 secs using 397.2% CPU
Iteration 380 / LogL: -3915.757 / Time: 0h:4m:7s (0h:0m:19s left)
Optimizing NNI: done in 0.566687 secs using 395.7% CPU
Optimizing NNI: done in 0.399471 secs using 393.4% CPU
Optimizing NNI: done in 0.569153 secs using 395.9% CPU
Optimizing NNI: done in 0.606877 secs using 380.7% CPU
Optimizing NNI: done in 0.656658 secs using 399.7% CPU
Optimizing NNI: done in 0.489398 secs using 395% CPU
Optimizing NNI: done in 0.560074 secs using 396.4% CPU
Optimizing NNI: done in 0.461839 secs using 394.5% CPU
Optimizing NNI: done in 0.582663 secs using 397% CPU
Optimizing NNI: done in 0.801384 secs using 395.5% CPU
Iteration 390 / LogL: -3913.748 / Time: 0h:4m:13s (0h:0m:13s left)
Optimizing NNI: done in 0.385954 secs using 391.2% CPU
Optimizing NNI: done in 0.502702 secs using 397.4% CPU
Optimizing NNI: done in 0.851566 secs using 379.7% CPU
Optimizing NNI: done in 0.400897 secs using 391.4% CPU
Optimizing NNI: done in 0.657046 secs using 399.4% CPU
Optimizing NNI: done in 0.508448 secs using 395.8% CPU
Optimizing NNI: done in 0.741432 secs using 398.1% CPU
Optimizing NNI: done in 0.535565 secs using 393.5% CPU
Optimizing NNI: done in 0.5571 secs using 396.3% CPU
Optimizing NNI: done in 0.831067 secs using 396.9% CPU
Iteration 400 / LogL: -3926.471 / Time: 0h:4m:19s (0h:0m:6s left)
Optimizing NNI: done in 0.469616 secs using 393.8% CPU
Optimizing NNI: done in 0.693568 secs using 374.4% CPU
Optimizing NNI: done in 0.959193 secs using 396.1% CPU
Estimate model parameters (epsilon = 0.100)
BETTER TREE FOUND at iteration 403: -3912.486
Optimizing NNI: done in 0.526784 secs using 396.9% CPU
Optimizing NNI: done in 0.483629 secs using 394.5% CPU
Optimizing NNI: done in 0.605708 secs using 391% CPU
Optimizing NNI: done in 0.574788 secs using 395.7% CPU
Optimizing NNI: done in 0.666403 secs using 395.3% CPU
Optimizing NNI: done in 0.826168 secs using 375.9% CPU
Optimizing NNI: done in 0.826288 secs using 395.8% CPU
Iteration 410 / LogL: -3914.609 / Time: 0h:4m:26s (0h:1m:0s left)
Optimizing NNI: done in 0.482416 secs using 394% CPU
Optimizing NNI: done in 0.459101 secs using 392.8% CPU
Optimizing NNI: done in 0.592061 secs using 398.6% CPU
Optimizing NNI: done in 0.662562 secs using 397.6% CPU
Optimizing NNI: done in 0.623365 secs using 395.1% CPU
Optimizing NNI: done in 0.576563 secs using 394.8% CPU
Optimizing NNI: done in 0.469499 secs using 395.6% CPU
Optimizing NNI: done in 0.813567 secs using 375.9% CPU
Optimizing NNI: done in 0.490195 secs using 400.2% CPU
Optimizing NNI: done in 0.646673 secs using 393.8% CPU
Iteration 420 / LogL: -3923.383 / Time: 0h:4m:32s (0h:0m:54s left)
Optimizing NNI: done in 0.545364 secs using 400.6% CPU
Optimizing NNI: done in 0.468168 secs using 395.6% CPU
Optimizing NNI: done in 0.571701 secs using 396.7% CPU
Optimizing NNI: done in 0.565918 secs using 399.3% CPU
Optimizing NNI: done in 0.59485 secs using 394.5% CPU
Optimizing NNI: done in 0.592292 secs using 397.1% CPU
Optimizing NNI: done in 0.837853 secs using 382.6% CPU
Optimizing NNI: done in 0.501293 secs using 395.2% CPU
Optimizing NNI: done in 0.527469 secs using 395.7% CPU
Optimizing NNI: done in 0.566992 secs using 393.5% CPU
Iteration 430 / LogL: -3914.128 / Time: 0h:4m:38s (0h:0m:47s left)
Optimizing NNI: done in 0.818283 secs using 397.7% CPU
Optimizing NNI: done in 0.545847 secs using 395.3% CPU
Optimizing NNI: done in 0.410445 secs using 397.8% CPU
Optimizing NNI: done in 0.487932 secs using 394% CPU
Optimizing NNI: done in 0.614464 secs using 397.5% CPU
Optimizing NNI: done in 0.507332 secs using 382% CPU
Optimizing NNI: done in 0.487901 secs using 394.8% CPU
Optimizing NNI: done in 0.752841 secs using 398.1% CPU
Optimizing NNI: done in 0.584433 secs using 398.1% CPU
Optimizing NNI: done in 0.684089 secs using 395.9% CPU
Iteration 440 / LogL: -3922.922 / Time: 0h:4m:45s (0h:0m:40s left)
Optimizing NNI: done in 0.586883 secs using 392.8% CPU
Optimizing NNI: done in 0.408489 secs using 399% CPU
Optimizing NNI: done in 0.760679 secs using 397.6% CPU
Optimizing NNI: done in 0.643404 secs using 372.4% CPU
Optimizing NNI: done in 0.677923 secs using 395% CPU
Optimizing NNI: done in 0.485089 secs using 393.6% CPU
Optimizing NNI: done in 0.710598 secs using 396.1% CPU
Optimizing NNI: done in 0.58736 secs using 396.9% CPU
Optimizing NNI: done in 0.415361 secs using 392.8% CPU
Optimizing NNI: done in 0.747632 secs using 396.4% CPU
Iteration 450 / LogL: -3926.232 / Time: 0h:4m:51s (0h:0m:34s left)
Optimizing NNI: done in 0.49037 secs using 393.6% CPU
Optimizing NNI: done in 0.569423 secs using 397.1% CPU
Optimizing NNI: done in 0.765562 secs using 374.8% CPU
Optimizing NNI: done in 0.46398 secs using 396.4% CPU
Estimate model parameters (epsilon = 0.100)
BETTER TREE FOUND at iteration 454: -3912.328
Optimizing NNI: done in 0.708182 secs using 399.2% CPU
Optimizing NNI: done in 0.403517 secs using 397.4% CPU
Optimizing NNI: done in 0.580714 secs using 395.5% CPU
Optimizing NNI: done in 0.559847 secs using 398.6% CPU
Optimizing NNI: done in 0.556859 secs using 395.9% CPU
Optimizing NNI: done in 0.579677 secs using 392.6% CPU
Iteration 460 / LogL: -3928.261 / Time: 0h:4m:57s (0h:1m:1s left)
Optimizing NNI: done in 0.779759 secs using 380.2% CPU
Optimizing NNI: done in 0.553001 secs using 395.8% CPU
Optimizing NNI: done in 0.518109 secs using 397.7% CPU
Optimizing NNI: done in 0.459875 secs using 395.7% CPU
Optimizing NNI: done in 0.693892 secs using 395.2% CPU
Optimizing NNI: done in 0.454595 secs using 395.4% CPU
Optimizing NNI: done in 0.695415 secs using 395.1% CPU
Optimizing NNI: done in 0.392343 secs using 392.6% CPU
Optimizing NNI: done in 0.592597 secs using 397.7% CPU
Optimizing NNI: done in 0.632411 secs using 375.2% CPU
Iteration 470 / LogL: -3917.432 / Time: 0h:5m:4s (0h:0m:54s left)
Optimizing NNI: done in 0.379853 secs using 399% CPU
Optimizing NNI: done in 0.399808 secs using 396.1% CPU
Optimizing NNI: done in 0.586777 secs using 397.9% CPU
Optimizing NNI: done in 0.494396 secs using 392.1% CPU
Optimizing NNI: done in 0.39405 secs using 392.3% CPU
Optimizing NNI: done in 0.601514 secs using 394.4% CPU
Optimizing NNI: done in 0.486813 secs using 396.6% CPU
Optimizing NNI: done in 0.408012 secs using 397.1% CPU
BETTER TREE FOUND at iteration 478: -3912.327
Optimizing NNI: done in 0.294552 secs using 398.7% CPU
Optimizing NNI: done in 0.903471 secs using 384% CPU
Iteration 480 / LogL: -3920.451 / Time: 0h:5m:9s (0h:1m:3s left)
Optimizing NNI: done in 0.429054 secs using 396.7% CPU
Optimizing NNI: done in 0.396679 secs using 392.4% CPU
Optimizing NNI: done in 0.397504 secs using 390.8% CPU
Optimizing NNI: done in 0.513564 secs using 396.7% CPU
Optimizing NNI: done in 0.577807 secs using 396.9% CPU
Optimizing NNI: done in 0.723904 secs using 393.2% CPU
Optimizing NNI: done in 0.563415 secs using 398.2% CPU
Optimizing NNI: done in 0.393752 secs using 389.5% CPU
Optimizing NNI: done in 0.391408 secs using 397.2% CPU
Optimizing NNI: done in 0.68503 secs using 376.5% CPU
Iteration 490 / LogL: -3924.771 / Time: 0h:5m:14s (0h:0m:56s left)
Optimizing NNI: done in 0.741229 secs using 396.7% CPU
Optimizing NNI: done in 0.581896 secs using 397.6% CPU
Optimizing NNI: done in 0.481238 secs using 397.6% CPU
Optimizing NNI: done in 0.686129 secs using 394.4% CPU
Optimizing NNI: done in 0.772328 secs using 396.2% CPU
Optimizing NNI: done in 0.47993 secs using 395% CPU
Optimizing NNI: done in 0.391211 secs using 398.6% CPU
Optimizing NNI: done in 0.557425 secs using 396.3% CPU
Optimizing NNI: done in 0.73985 secs using 375.5% CPU
Optimizing NNI: done in 0.474621 secs using 393.3% CPU
Iteration 500 / LogL: -3935.540 / Time: 0h:5m:20s (0h:0m:50s left)
Optimizing NNI: done in 0.591931 secs using 395.3% CPU
Optimizing NNI: done in 0.79706 secs using 397.1% CPU
Optimizing NNI: done in 0.61054 secs using 395.5% CPU
Optimizing NNI: done in 0.599433 secs using 394.9% CPU
Optimizing NNI: done in 0.737727 secs using 393.9% CPU
Optimizing NNI: done in 0.52366 secs using 396.4% CPU
Optimizing NNI: done in 0.716993 secs using 374.7% CPU
Optimizing NNI: done in 0.754978 secs using 397.8% CPU
Optimizing NNI: done in 0.561394 secs using 395% CPU
Optimizing NNI: done in 0.808057 secs using 396.5% CPU
Iteration 510 / LogL: -3912.504 / Time: 0h:5m:27s (0h:0m:43s left)
Optimizing NNI: done in 0.630604 secs using 398.8% CPU
Optimizing NNI: done in 0.593107 secs using 397.2% CPU
Optimizing NNI: done in 0.670779 secs using 396.3% CPU
Optimizing NNI: done in 0.393663 secs using 392.7% CPU
Optimizing NNI: done in 0.619451 secs using 374.3% CPU
Optimizing NNI: done in 0.575529 secs using 395% CPU
Optimizing NNI: done in 0.413134 secs using 398.2% CPU
Optimizing NNI: done in 0.747343 secs using 398.6% CPU
Optimizing NNI: done in 0.821497 secs using 395.1% CPU
Optimizing NNI: done in 0.604756 secs using 396.2% CPU
Iteration 520 / LogL: -3913.047 / Time: 0h:5m:34s (0h:0m:37s left)
Optimizing NNI: done in 0.59674 secs using 394.5% CPU
Optimizing NNI: done in 0.592527 secs using 397.7% CPU
Optimizing NNI: done in 0.402705 secs using 391% CPU
Optimizing NNI: done in 0.698062 secs using 381.9% CPU
Optimizing NNI: done in 0.411218 secs using 398.6% CPU
Optimizing NNI: done in 0.49075 secs using 396.3% CPU
Optimizing NNI: done in 0.606891 secs using 395.9% CPU
Optimizing NNI: done in 0.499395 secs using 392.3% CPU
Optimizing NNI: done in 0.566289 secs using 393.8% CPU
Optimizing NNI: done in 0.413265 secs using 395.2% CPU
Iteration 530 / LogL: -3922.263 / Time: 0h:5m:39s (0h:0m:30s left)
Optimizing NNI: done in 0.682774 secs using 394.7% CPU
Optimizing NNI: done in 0.562133 secs using 395.3% CPU
Optimizing NNI: done in 0.639401 secs using 377% CPU
BETTER TREE FOUND at iteration 533: -3912.327
Optimizing NNI: done in 0.631546 secs using 396.4% CPU
Optimizing NNI: done in 0.646637 secs using 397.5% CPU
Optimizing NNI: done in 0.467111 secs using 397.1% CPU
Optimizing NNI: done in 0.608418 secs using 393.2% CPU
Optimizing NNI: done in 0.586028 secs using 397.6% CPU
Optimizing NNI: done in 0.491554 secs using 394.6% CPU
Optimizing NNI: done in 0.40623 secs using 394.4% CPU
Iteration 540 / LogL: -3920.910 / Time: 0h:5m:45s (0h:0m:59s left)
Optimizing NNI: done in 0.391982 secs using 395.9% CPU
Optimizing NNI: done in 0.769828 secs using 378.9% CPU
Optimizing NNI: done in 0.584394 secs using 396% CPU
Optimizing NNI: done in 0.484334 secs using 395.6% CPU
Optimizing NNI: done in 0.56582 secs using 394.7% CPU
Optimizing NNI: done in 0.58715 secs using 397% CPU
Optimizing NNI: done in 0.502473 secs using 395.8% CPU
Optimizing NNI: done in 0.649708 secs using 393.4% CPU
Optimizing NNI: done in 0.62102 secs using 395% CPU
Optimizing NNI: done in 0.528081 secs using 396.1% CPU
Iteration 550 / LogL: -3918.436 / Time: 0h:5m:51s (0h:0m:53s left)
Optimizing NNI: done in 0.697756 secs using 375.7% CPU
Optimizing NNI: done in 0.690209 secs using 398.4% CPU
Optimizing NNI: done in 0.63821 secs using 395.7% CPU
Optimizing NNI: done in 0.728883 secs using 395.8% CPU
Optimizing NNI: done in 0.511833 secs using 397.8% CPU
Optimizing NNI: done in 0.409373 secs using 396% CPU
Optimizing NNI: done in 0.653433 secs using 396.9% CPU
Optimizing NNI: done in 0.607665 secs using 395.5% CPU
Optimizing NNI: done in 0.552431 secs using 393% CPU
Optimizing NNI: done in 0.775865 secs using 387.8% CPU
Iteration 560 / LogL: -3913.537 / Time: 0h:5m:58s (0h:0m:46s left)
Optimizing NNI: done in 0.544138 secs using 394.8% CPU
Optimizing NNI: done in 0.405354 secs using 396% CPU
Optimizing NNI: done in 0.491067 secs using 392.4% CPU
Optimizing NNI: done in 0.480653 secs using 395.1% CPU
Optimizing NNI: done in 0.687833 secs using 394.3% CPU
Optimizing NNI: done in 0.490409 secs using 396.1% CPU
Optimizing NNI: done in 0.705568 secs using 392% CPU
Optimizing NNI: done in 0.718044 secs using 381.7% CPU
Optimizing NNI: done in 0.586504 secs using 394.8% CPU
Optimizing NNI: done in 0.610988 secs using 396.6% CPU
Iteration 570 / LogL: -3913.222 / Time: 0h:6m:4s (0h:0m:40s left)
Optimizing NNI: done in 0.682243 secs using 397.2% CPU
Optimizing NNI: done in 0.687922 secs using 397.1% CPU
Optimizing NNI: done in 0.576817 secs using 399.5% CPU
Optimizing NNI: done in 0.723743 secs using 396.2% CPU
Optimizing NNI: done in 0.591858 secs using 397.3% CPU
Optimizing NNI: done in 0.686457 secs using 378.8% CPU
Optimizing NNI: done in 0.622492 secs using 397.2% CPU
Optimizing NNI: done in 0.705166 secs using 395.5% CPU
Optimizing NNI: done in 0.575084 secs using 396.3% CPU
Optimizing NNI: done in 0.660255 secs using 393.2% CPU
Iteration 580 / LogL: -3918.812 / Time: 0h:6m:11s (0h:0m:33s left)
Optimizing NNI: done in 0.486003 secs using 394.6% CPU
Optimizing NNI: done in 0.571521 secs using 396% CPU
Optimizing NNI: done in 0.540705 secs using 395.2% CPU
Optimizing NNI: done in 0.579343 secs using 394.8% CPU
Optimizing NNI: done in 0.706855 secs using 373.4% CPU
Optimizing NNI: done in 0.484408 secs using 395.6% CPU
Optimizing NNI: done in 0.51477 secs using 396% CPU
Optimizing NNI: done in 0.564085 secs using 395.7% CPU
Optimizing NNI: done in 0.517034 secs using 399.4% CPU
Optimizing NNI: done in 0.535921 secs using 391.8% CPU
Iteration 590 / LogL: -3947.214 / Time: 0h:6m:17s (0h:0m:27s left)
Optimizing NNI: done in 0.705775 secs using 396.8% CPU
Optimizing NNI: done in 0.562181 secs using 398.1% CPU
Optimizing NNI: done in 0.633271 secs using 394.3% CPU
Optimizing NNI: done in 0.740919 secs using 374.7% CPU
Optimizing NNI: done in 0.469505 secs using 395.6% CPU
Optimizing NNI: done in 0.469945 secs using 395.6% CPU
Optimizing NNI: done in 0.543466 secs using 397.4% CPU
Optimizing NNI: done in 0.663522 secs using 396.6% CPU
BETTER TREE FOUND at iteration 598: -3912.327
Optimizing NNI: done in 0.656569 secs using 394.9% CPU
BETTER TREE FOUND at iteration 599: -3912.327
Optimizing NNI: done in 0.660575 secs using 396.3% CPU
Iteration 600 / LogL: -3918.772 / Time: 0h:6m:23s (0h:1m:3s left)
Optimizing NNI: done in 0.65413 secs using 394.7% CPU
Optimizing NNI: done in 0.667134 secs using 380.5% CPU
Optimizing NNI: done in 0.585697 secs using 393.7% CPU
Optimizing NNI: done in 0.578805 secs using 395.1% CPU
Optimizing NNI: done in 0.485858 secs using 393.1% CPU
Optimizing NNI: done in 0.478391 secs using 391.8% CPU
Optimizing NNI: done in 0.588387 secs using 396.4% CPU
Optimizing NNI: done in 0.699875 secs using 397.2% CPU
Optimizing NNI: done in 0.599811 secs using 397.4% CPU
Optimizing NNI: done in 0.480099 secs using 394.9% CPU
Iteration 610 / LogL: -3952.605 / Time: 0h:6m:29s (0h:0m:56s left)
Optimizing NNI: done in 0.624389 secs using 376.7% CPU
Optimizing NNI: done in 0.641649 secs using 397.3% CPU
Optimizing NNI: done in 0.549463 secs using 398.8% CPU
Optimizing NNI: done in 0.588343 secs using 397.4% CPU
Optimizing NNI: done in 0.477652 secs using 397.3% CPU
Optimizing NNI: done in 0.570489 secs using 393.8% CPU
Optimizing NNI: done in 0.701846 secs using 394.1% CPU
BETTER TREE FOUND at iteration 617: -3912.326
Optimizing NNI: done in 0.63026 secs using 391.9% CPU
Optimizing NNI: done in 0.595243 secs using 396.3% CPU
Optimizing NNI: done in 0.925018 secs using 376% CPU
Iteration 620 / LogL: -3917.543 / Time: 0h:6m:36s (0h:1m:2s left)
Optimizing NNI: done in 0.539565 secs using 395.8% CPU
Optimizing NNI: done in 0.486626 secs using 396.7% CPU
Optimizing NNI: done in 0.635148 secs using 396% CPU
Optimizing NNI: done in 0.591127 secs using 397.1% CPU
Optimizing NNI: done in 0.661822 secs using 395.5% CPU
Optimizing NNI: done in 0.590573 secs using 396.7% CPU
Optimizing NNI: done in 0.645003 secs using 395.2% CPU
Optimizing NNI: done in 0.760409 secs using 373.5% CPU
Optimizing NNI: done in 0.682358 secs using 394.3% CPU
Optimizing NNI: done in 0.615646 secs using 396.3% CPU
Iteration 630 / LogL: -3923.187 / Time: 0h:6m:42s (0h:0m:55s left)
Optimizing NNI: done in 0.7921 secs using 398.9% CPU
Optimizing NNI: done in 0.568768 secs using 397.5% CPU
Optimizing NNI: done in 0.600315 secs using 394.5% CPU
Optimizing NNI: done in 0.575029 secs using 391.4% CPU
Optimizing NNI: done in 0.645425 secs using 394.6% CPU
Optimizing NNI: done in 0.615941 secs using 376.1% CPU
Optimizing NNI: done in 0.640996 secs using 395.8% CPU
Optimizing NNI: done in 0.389931 secs using 396.1% CPU
Optimizing NNI: done in 0.645818 secs using 397.3% CPU
Optimizing NNI: done in 0.461484 secs using 395.6% CPU
Iteration 640 / LogL: -3916.887 / Time: 0h:6m:49s (0h:0m:49s left)
Optimizing NNI: done in 0.629812 secs using 392.2% CPU
Optimizing NNI: done in 0.625841 secs using 395.9% CPU
Optimizing NNI: done in 0.553722 secs using 395.8% CPU
Optimizing NNI: done in 0.661752 secs using 396.8% CPU
Optimizing NNI: done in 0.626586 secs using 369.9% CPU
Optimizing NNI: done in 0.491369 secs using 396.8% CPU
Optimizing NNI: done in 0.572242 secs using 397.8% CPU
Optimizing NNI: done in 0.571156 secs using 395.5% CPU
Optimizing NNI: done in 0.581554 secs using 397.1% CPU
Optimizing NNI: done in 0.70256 secs using 396.1% CPU
Iteration 650 / LogL: -3925.557 / Time: 0h:6m:55s (0h:0m:42s left)
Optimizing NNI: done in 0.573012 secs using 395.3% CPU
Optimizing NNI: done in 0.663328 secs using 393.7% CPU
Optimizing NNI: done in 0.543542 secs using 396.6% CPU
Optimizing NNI: done in 0.798402 secs using 374.9% CPU
Optimizing NNI: done in 0.4968 secs using 397.1% CPU
Optimizing NNI: done in 0.478403 secs using 392.6% CPU
Optimizing NNI: done in 0.605206 secs using 394.4% CPU
Optimizing NNI: done in 0.467493 secs using 390.9% CPU
Optimizing NNI: done in 0.617178 secs using 393.6% CPU
Optimizing NNI: done in 0.491316 secs using 394.2% CPU
Iteration 660 / LogL: -3931.509 / Time: 0h:7m:1s (0h:0m:36s left)
Optimizing NNI: done in 0.682457 secs using 397.4% CPU
Optimizing NNI: done in 0.583335 secs using 393.9% CPU
Optimizing NNI: done in 0.927075 secs using 379.4% CPU
Optimizing NNI: done in 0.569045 secs using 388.9% CPU
Optimizing NNI: done in 0.51858 secs using 396.2% CPU
Optimizing NNI: done in 0.842229 secs using 395.9% CPU
Optimizing NNI: done in 0.633645 secs using 396.1% CPU
Optimizing NNI: done in 0.486118 secs using 392.9% CPU
Optimizing NNI: done in 0.634047 secs using 398.4% CPU
Optimizing NNI: done in 0.487712 secs using 392% CPU
Iteration 670 / LogL: -3923.614 / Time: 0h:7m:8s (0h:0m:30s left)
Optimizing NNI: done in 0.621364 secs using 375.1% CPU
Optimizing NNI: done in 0.51731 secs using 396.1% CPU
Optimizing NNI: done in 0.497545 secs using 394.2% CPU
Optimizing NNI: done in 0.495284 secs using 398.8% CPU
Optimizing NNI: done in 0.705971 secs using 397.4% CPU
Optimizing NNI: done in 0.482372 secs using 397.7% CPU
Optimizing NNI: done in 0.549749 secs using 394.7% CPU
Optimizing NNI: done in 0.55822 secs using 396.7% CPU
Optimizing NNI: done in 0.647257 secs using 396.6% CPU
Optimizing NNI: done in 0.922147 secs using 376.3% CPU
Iteration 680 / LogL: -3914.639 / Time: 0h:7m:14s (0h:0m:23s left)
Optimizing NNI: done in 0.579202 secs using 392.1% CPU
Optimizing NNI: done in 0.47562 secs using 396.9% CPU
Optimizing NNI: done in 0.680637 secs using 397.9% CPU
Optimizing NNI: done in 0.605781 secs using 395.8% CPU
Optimizing NNI: done in 0.474543 secs using 391.6% CPU
Optimizing NNI: done in 0.491475 secs using 397.9% CPU
Optimizing NNI: done in 0.38384 secs using 392.2% CPU
Optimizing NNI: done in 0.834596 secs using 394.3% CPU
Optimizing NNI: done in 0.660458 secs using 371.6% CPU
Optimizing NNI: done in 0.673962 secs using 396.1% CPU
Iteration 690 / LogL: -3920.314 / Time: 0h:7m:20s (0h:0m:17s left)
Optimizing NNI: done in 0.60883 secs using 396.3% CPU
Optimizing NNI: done in 0.582001 secs using 394.1% CPU
Optimizing NNI: done in 0.404986 secs using 396.3% CPU
Optimizing NNI: done in 0.506047 secs using 396.4% CPU
Optimizing NNI: done in 0.376519 secs using 397.4% CPU
Optimizing NNI: done in 0.512637 secs using 393.4% CPU
Optimizing NNI: done in 0.410461 secs using 395.3% CPU
Optimizing NNI: done in 0.934423 secs using 381.7% CPU
Optimizing NNI: done in 0.746401 secs using 394.9% CPU
Optimizing NNI: done in 0.49591 secs using 392.2% CPU
Iteration 700 / LogL: -3921.673 / Time: 0h:7m:26s (0h:0m:10s left)
Optimizing NNI: done in 0.521784 secs using 395.1% CPU
Optimizing NNI: done in 0.612153 secs using 395.3% CPU
Optimizing NNI: done in 0.678959 secs using 392.8% CPU
Optimizing NNI: done in 0.597818 secs using 397.1% CPU
Optimizing NNI: done in 0.589308 secs using 395.9% CPU
Optimizing NNI: done in 0.691477 secs using 380.9% CPU
Optimizing NNI: done in 0.571264 secs using 394.3% CPU
Optimizing NNI: done in 0.719589 secs using 398.5% CPU
Optimizing NNI: done in 0.657069 secs using 395.2% CPU
Optimizing NNI: done in 0.64333 secs using 392.8% CPU
Iteration 710 / LogL: -3929.558 / Time: 0h:7m:33s (0h:0m:4s left)
Optimizing NNI: done in 0.580821 secs using 396.1% CPU
Optimizing NNI: done in 0.464305 secs using 393.8% CPU
Optimizing NNI: done in 0.681062 secs using 395.4% CPU
Optimizing NNI: done in 0.553961 secs using 394.6% CPU
Optimizing NNI: done in 0.530876 secs using 372.3% CPU
Optimizing NNI: done in 0.576351 secs using 394.3% CPU
Optimizing NNI: done in 0.553155 secs using 393.6% CPU
Optimizing NNI: done in 0.414596 secs using 397.2% CPU
TREE SEARCH COMPLETED AFTER 718 ITERATIONS / Time: 0h:7m:37s

--------------------------------------------------------------------
|                    FINALIZING TREE SEARCH                        |
--------------------------------------------------------------------
Performs final model parameters optimization
Estimate model parameters (epsilon = 0.010)
1. Initial log-likelihood: -3912.326
Optimal log-likelihood: -3912.321
Rate parameters:  A-C: 0.57945  A-G: 1.10551  A-T: 0.21799  C-G: 0.20174  C-T: 1.83800  G-T: 1.00000
Base frequencies:  A: 0.423  C: 0.157  G: 0.227  T: 0.193
Site proportion and rates:  (0.096,0.248) (0.143,0.764) (0.191,0.804) (0.217,0.829) (0.202,0.877) (0.152,2.353)
Parameters optimization took 1 rounds (0.416 sec)
BEST SCORE FOUND : -3912.321
Total tree length: 2.120

Total number of iterations: 718
CPU time used for tree search: 1731.968 sec (0h:28m:51s)
Wall-clock time used for tree search: 454.184 sec (0h:7m:34s)
Total CPU time used: 1743.875 sec (0h:29m:3s)
Total wall-clock time used: 458.075 sec (0h:7m:38s)

Analysis results written to: 
  IQ-TREE report:                IQTREE_bestTree.InWindow_4710_to_4960.iqtree
  Maximum-likelihood tree:       IQTREE_bestTree.InWindow_4710_to_4960.treefile
  Likelihood distances:          IQTREE_bestTree.InWindow_4710_to_4960.mldist
  Screen log file:               IQTREE_bestTree.InWindow_4710_to_4960.log

Date and Time: Sun Jul 23 04:32:11 2023
